<?xml version="1.0" encoding="UTF-8"?>
<testsuite xmlns:xsi="http://www.w3.org/2001/XMLSchema-instance" xsi:schemaLocation="https://maven.apache.org/surefire/maven-surefire-plugin/xsd/surefire-test-report.xsd" name="TestSuite" time="1,175.683" tests="1033" errors="0" skipped="0" failures="6">
  <properties>
    <property name="java.runtime.name" value="Java(TM) SE Runtime Environment"/>
    <property name="java.vm.version" value="20.0.2+9-78"/>
    <property name="sun.boot.library.path" value="C:\Program Files\Java\jdk-20.0.2\bin"/>
    <property name="maven.multiModuleProjectDirectory" value="C:\Users\Sasha\Api"/>
    <property name="java.vm.vendor" value="Oracle Corporation"/>
    <property name="java.vendor.url" value="https://java.oracle.com/"/>
    <property name="guice.disable.misplaced.annotation.check" value="true"/>
    <property name="path.separator" value=";"/>
    <property name="java.vm.name" value="Java HotSpot(TM) 64-Bit Server VM"/>
    <property name="sun.os.patch.level" value=""/>
    <property name="user.script" value=""/>
    <property name="user.country" value="RU"/>
    <property name="sun.java.launcher" value="SUN_STANDARD"/>
    <property name="java.vm.specification.name" value="Java Virtual Machine Specification"/>
    <property name="user.dir" value="C:\Users\Sasha\Api"/>
    <property name="java.vm.compressedOopsMode" value="Zero based"/>
    <property name="java.runtime.version" value="20.0.2+9-78"/>
    <property name="os.arch" value="amd64"/>
    <property name="java.io.tmpdir" value="C:\Users\Admin\AppData\Local\Temp\"/>
    <property name="line.separator" value="&#10;"/>
    <property name="java.vm.specification.vendor" value="Oracle Corporation"/>
    <property name="user.variant" value=""/>
    <property name="stderr.encoding" value="cp866"/>
    <property name="os.name" value="Windows 10"/>
    <property name="classworlds.conf" value="C:\Program Files\apache-maven-3.9.4\bin\m2.conf"/>
    <property name="sun.jnu.encoding" value="Cp1251"/>
    <property name="stdout.encoding" value="cp866"/>
    <property name="java.library.path" value="C:\Program Files\Java\jdk-20.0.2\bin;C:\Windows\Sun\Java\bin;C:\Windows\system32;C:\Windows;C:\Windows\system32;C:\Windows;C:\Windows\System32\Wbem;C:\Windows\System32\WindowsPowerShell\v1.0\;C:\Windows\System32\OpenSSH\;C:\Install\allure-2.23.1\bin;C:\Program Files\Java\jdk-20.0.2\bin;C:\Program Files\Git\cmd;;C:\Program Files\Docker\Docker\resources\bin;C:\Users\Admin\scoop\shims;C:\Users\Admin\AppData\Local\Microsoft\WindowsApps;C:\Windows\system32;C:\Program Files\JetBrains\IntelliJ IDEA 2022.3.3\bin;;C:\Program Files\apache-maven-3.9.4\bin;;."/>
    <property name="maven.conf" value="C:\Program Files\apache-maven-3.9.4/conf"/>
    <property name="jdk.debug" value="release"/>
    <property name="java.class.version" value="64.0"/>
    <property name="java.specification.name" value="Java Platform API Specification"/>
    <property name="sun.management.compiler" value="HotSpot 64-Bit Tiered Compilers"/>
    <property name="os.version" value="10.0"/>
    <property name="library.jansi.path" value="C:\Program Files\apache-maven-3.9.4\lib\jansi-native"/>
    <property name="user.home" value="C:\Users\Admin"/>
    <property name="user.timezone" value="Europe/Moscow"/>
    <property name="file.encoding" value="UTF-8"/>
    <property name="java.specification.version" value="20"/>
    <property name="user.name" value="Admin"/>
    <property name="java.class.path" value="C:\Program Files\apache-maven-3.9.4\boot\plexus-classworlds-2.7.0.jar"/>
    <property name="java.vm.specification.version" value="20"/>
    <property name="sun.arch.data.model" value="64"/>
    <property name="sun.java.command" value="org.codehaus.plexus.classworlds.launcher.Launcher clean test"/>
    <property name="java.home" value="C:\Program Files\Java\jdk-20.0.2"/>
    <property name="user.language" value="ru"/>
    <property name="java.specification.vendor" value="Oracle Corporation"/>
    <property name="java.vm.info" value="mixed mode, sharing"/>
    <property name="java.version" value="20.0.2"/>
    <property name="native.encoding" value="Cp1251"/>
    <property name="java.vendor" value="Oracle Corporation"/>
    <property name="maven.home" value="C:\Program Files\apache-maven-3.9.4"/>
    <property name="file.separator" value="\"/>
    <property name="java.version.date" value="2023-07-18"/>
    <property name="java.vendor.url.bug" value="https://bugreport.java.com/bugreport/"/>
    <property name="sun.io.unicode.encoding" value="UnicodeLittle"/>
    <property name="sun.cpu.endian" value="little"/>
    <property name="sun.cpu.isalist" value="amd64"/>
  </properties>
  <testcase name="getChangeRequestGuid" classname="AutoTest.ApplicationTest" time="3.304"/>
  <testcase name="getChangeRequestGuidNegative" classname="AutoTest.ApplicationTest" time="1.114"/>
  <testcase name="getChangeRequestGuidNegative" classname="AutoTest.ApplicationTest" time="1.159"/>
  <testcase name="getChangeRequestGuidNegative" classname="AutoTest.ApplicationTest" time="0.84"/>
  <testcase name="getChangeRequestGuidNegative" classname="AutoTest.ApplicationTest" time="0.985"/>
  <testcase name="getChangeRequestGuidNegative" classname="AutoTest.ApplicationTest" time="1.004"/>
  <testcase name="getChangeRequestGuidNegative" classname="AutoTest.ApplicationTest" time="1.152"/>
  <testcase name="getChangeRequestGuidNegative" classname="AutoTest.ApplicationTest" time="0.861"/>
  <testcase name="getChangeRequestGuidNegative" classname="AutoTest.ApplicationTest" time="1.038"/>
  <testcase name="getChangeRequestGuidNegative" classname="AutoTest.ApplicationTest" time="0.974"/>
  <testcase name="getChangeRequestGuidNegative" classname="AutoTest.ApplicationTest" time="1.12"/>
  <testcase name="getChangeRequestGuidNegative" classname="AutoTest.ApplicationTest" time="0.896"/>
  <testcase name="getListOfChangesDate" classname="AutoTest.AuxiliaryTest" time="1.035">
    <failure message="1 expectation failed.&#10;Expected status code &lt;200&gt; but was &lt;400&gt;.&#10;" type="java.lang.AssertionError"><![CDATA[java.lang.AssertionError: 
1 expectation failed.
Expected status code <200> but was <400>.

	at AutoTest.AuxiliaryTest.getListOfChangesDate(AuxiliaryTest.java:138)
]]></failure>
    <system-out><![CDATA[Request URI:	http://dev1c:8080/MDM_Gribov_2541/hs/klass/list-of-changes/nomenclatur?step=5&date=
]]></system-out>
  </testcase>
  <testcase name="getListOfChangesDate" classname="AutoTest.AuxiliaryTest" time="0.963">
    <failure message="1 expectation failed.&#10;Expected status code &lt;200&gt; but was &lt;400&gt;.&#10;" type="java.lang.AssertionError"><![CDATA[java.lang.AssertionError: 
1 expectation failed.
Expected status code <200> but was <400>.

	at AutoTest.AuxiliaryTest.getListOfChangesDate(AuxiliaryTest.java:138)
]]></failure>
    <system-out><![CDATA[Request URI:	http://dev1c:8080/MDM_Gribov_2541/hs/klass/list-of-changes/basic-services?step=1&date=2017-07-21T17%3A32%3A28Z
]]></system-out>
  </testcase>
  <testcase name="getListOfChangesDate" classname="AutoTest.AuxiliaryTest" time="1.675"/>
  <testcase name="getListOfChangesDate" classname="AutoTest.AuxiliaryTest" time="1.303"/>
  <testcase name="getListOfChangesDate" classname="AutoTest.AuxiliaryTest" time="1"/>
  <testcase name="getListOfChangesDate" classname="AutoTest.AuxiliaryTest" time="1.263"/>
  <testcase name="getListOfChangesDate" classname="AutoTest.AuxiliaryTest" time="0.763"/>
  <testcase name="getListOfChangesDate" classname="AutoTest.AuxiliaryTest" time="0.977"/>
  <testcase name="getListOfChangesDate" classname="AutoTest.AuxiliaryTest" time="1.049"/>
  <testcase name="getListOfChangesDate" classname="AutoTest.AuxiliaryTest" time="1.266">
    <failure message="1 expectation failed.&#10;Expected status code &lt;200&gt; but was &lt;400&gt;.&#10;" type="java.lang.AssertionError"><![CDATA[java.lang.AssertionError: 
1 expectation failed.
Expected status code <200> but was <400>.

	at AutoTest.AuxiliaryTest.getListOfChangesDate(AuxiliaryTest.java:138)
]]></failure>
    <system-out><![CDATA[Request URI:	http://dev1c:8080/MDM_Gribov_2541/hs/klass/list-of-changes/basic-services?step=1&date=2020-07-21
]]></system-out>
  </testcase>
  <testcase name="getListOfChangesDate" classname="AutoTest.AuxiliaryTest" time="0.754"/>
  <testcase name="getListOfChangesDate" classname="AutoTest.AuxiliaryTest" time="0.971"/>
  <testcase name="getListOfChangesDate" classname="AutoTest.AuxiliaryTest" time="0.994"/>
  <testcase name="getListOfChangesDate" classname="AutoTest.AuxiliaryTest" time="1.098"/>
  <testcase name="getListOfChangesDate" classname="AutoTest.AuxiliaryTest" time="1.038"/>
  <testcase name="getListOfChangesDate" classname="AutoTest.AuxiliaryTest" time="0.862"/>
  <testcase name="getListOfChangesDateIsEmpty" classname="AutoTest.AuxiliaryTest" time="0.993"/>
  <testcase name="getListOfChangesDateIsEmpty" classname="AutoTest.AuxiliaryTest" time="1.106">
    <failure message="1 expectation failed.&#10;Expected status code &lt;200&gt; but was &lt;400&gt;.&#10;" type="java.lang.AssertionError"><![CDATA[java.lang.AssertionError: 
1 expectation failed.
Expected status code <200> but was <400>.

	at AutoTest.AuxiliaryTest.getListOfChangesDateIsEmpty(AuxiliaryTest.java:158)
]]></failure>
    <system-out><![CDATA[Request URI:	http://dev1c:8080/MDM_Gribov_2541/hs/klass/list-of-changes/basic-services?step=1
]]></system-out>
  </testcase>
  <testcase name="getListOfChangesDateIsEmpty" classname="AutoTest.AuxiliaryTest" time="0.91"/>
  <testcase name="getListOfChangesDateIsEmpty" classname="AutoTest.AuxiliaryTest" time="0.979"/>
  <testcase name="getListOfChangesDateIsEmpty" classname="AutoTest.AuxiliaryTest" time="0.98"/>
  <testcase name="getListOfChangesDateIsEmpty" classname="AutoTest.AuxiliaryTest" time="1.14"/>
  <testcase name="getListOfChangesDateIsEmpty" classname="AutoTest.AuxiliaryTest" time="0.884"/>
  <testcase name="getListOfChangesDateIsEmpty" classname="AutoTest.AuxiliaryTest" time="1.043"/>
  <testcase name="getListOfChangesDateIsEmpty" classname="AutoTest.AuxiliaryTest" time="0.956"/>
  <testcase name="getListOfChangesDateIsEmpty" classname="AutoTest.AuxiliaryTest" time="1.102">
    <failure message="1 expectation failed.&#10;Expected status code &lt;200&gt; but was &lt;400&gt;.&#10;" type="java.lang.AssertionError"><![CDATA[java.lang.AssertionError: 
1 expectation failed.
Expected status code <200> but was <400>.

	at AutoTest.AuxiliaryTest.getListOfChangesDateIsEmpty(AuxiliaryTest.java:158)
]]></failure>
    <system-out><![CDATA[Request URI:	http://dev1c:8080/MDM_Gribov_2541/hs/klass/list-of-changes/basic-services?step=1
]]></system-out>
  </testcase>
  <testcase name="getListOfChangesDateIsEmpty" classname="AutoTest.AuxiliaryTest" time="0.916"/>
  <testcase name="getListOfChangesDateIsEmpty" classname="AutoTest.AuxiliaryTest" time="0.982"/>
  <testcase name="getListOfChangesDateIsEmpty" classname="AutoTest.AuxiliaryTest" time="1.035"/>
  <testcase name="getListOfChangesDateIsEmpty" classname="AutoTest.AuxiliaryTest" time="1.071"/>
  <testcase name="getListOfChangesDateIsEmpty" classname="AutoTest.AuxiliaryTest" time="0.944"/>
  <testcase name="getListOfChangesDateIsEmpty" classname="AutoTest.AuxiliaryTest" time="0.968"/>
  <testcase name="getListOfChangesNegative" classname="AutoTest.AuxiliaryTest" time="1.281"/>
  <testcase name="getListOfChangesNegative" classname="AutoTest.AuxiliaryTest" time="0.866"/>
  <testcase name="getListOfChangesNegative" classname="AutoTest.AuxiliaryTest" time="0.863"/>
  <testcase name="getListOfChangesNegative" classname="AutoTest.AuxiliaryTest" time="1.004"/>
  <testcase name="getListOfChangesNegative" classname="AutoTest.AuxiliaryTest" time="0.988"/>
  <testcase name="getListOfChangesNegative" classname="AutoTest.AuxiliaryTest" time="1.171"/>
  <testcase name="getListOfChangesNegative" classname="AutoTest.AuxiliaryTest" time="0.83"/>
  <testcase name="getListOfChangesNegative" classname="AutoTest.AuxiliaryTest" time="0.993"/>
  <testcase name="getListOfChangesNegative" classname="AutoTest.AuxiliaryTest" time="0.988"/>
  <testcase name="getListOfChangesNegative" classname="AutoTest.AuxiliaryTest" time="1.165"/>
  <testcase name="getListOfChangesNegativeDate" classname="AutoTest.AuxiliaryTest" time="0.84"/>
  <testcase name="getListOfChangesNegativeDate" classname="AutoTest.AuxiliaryTest" time="0.995"/>
  <testcase name="getListOfChangesNegativeDate" classname="AutoTest.AuxiliaryTest" time="1.013"/>
  <testcase name="getListOfChangesNegativeDate" classname="AutoTest.AuxiliaryTest" time="1.17"/>
  <testcase name="getListOfChangesNegativeDate" classname="AutoTest.AuxiliaryTest" time="0.933"/>
  <testcase name="getListOfChangesNegativeDate" classname="AutoTest.AuxiliaryTest" time="0.899"/>
  <testcase name="getListOfChangesNegativeDate" classname="AutoTest.AuxiliaryTest" time="1.008"/>
  <testcase name="getListOfChangesNegativeDate" classname="AutoTest.AuxiliaryTest" time="1.195"/>
  <testcase name="getListOfChangesNegativeDate" classname="AutoTest.AuxiliaryTest" time="0.812"/>
  <testcase name="getListOfChangesNegativeType" classname="AutoTest.AuxiliaryTest" time="0.994"/>
  <testcase name="getListOfChangesNegativeType" classname="AutoTest.AuxiliaryTest" time="1.037"/>
  <testcase name="getListOfChangesNegativeType" classname="AutoTest.AuxiliaryTest" time="1.097"/>
  <testcase name="getListOfChangesNegativeType" classname="AutoTest.AuxiliaryTest" time="0.912"/>
  <testcase name="getListOfChangesNegativeType" classname="AutoTest.AuxiliaryTest" time="0.972"/>
  <testcase name="getListOfChangesNegativeType" classname="AutoTest.AuxiliaryTest" time="0.975"/>
  <testcase name="getListOfChangesNegativeType" classname="AutoTest.AuxiliaryTest" time="1.145"/>
  <testcase name="getListOfChangesNegativeType" classname="AutoTest.AuxiliaryTest" time="0.929"/>
  <testcase name="getPing" classname="AutoTest.AuxiliaryTest" time="0.959"/>
  <testcase name="getEopGuid" classname="AutoTest.ClassifierTest" time="1.01"/>
  <testcase name="getEopGuidNegativeData" classname="AutoTest.ClassifierTest" time="1.123"/>
  <testcase name="getEopGuidNegativeData" classname="AutoTest.ClassifierTest" time="0.873"/>
  <testcase name="getEopGuidNegativeData" classname="AutoTest.ClassifierTest" time="1.004"/>
  <testcase name="getEopGuidNegativeData" classname="AutoTest.ClassifierTest" time="0.969"/>
  <testcase name="getEopGuidNegativeData" classname="AutoTest.ClassifierTest" time="1.131"/>
  <testcase name="getEopGuidNegativeData" classname="AutoTest.ClassifierTest" time="0.887"/>
  <testcase name="getEopGuidNegativeData" classname="AutoTest.ClassifierTest" time="1.019"/>
  <testcase name="getEopGuidNegativeData" classname="AutoTest.ClassifierTest" time="0.989"/>
  <testcase name="getEopGuidNegativeData" classname="AutoTest.ClassifierTest" time="1.141"/>
  <testcase name="getEopGuidNegativeData" classname="AutoTest.ClassifierTest" time="0.859"/>
  <testcase name="getEopGuidNegativeData" classname="AutoTest.ClassifierTest" time="1.01"/>
  <testcase name="getEopList" classname="AutoTest.ClassifierTest" time="1.054"/>
  <testcase name="getEopList" classname="AutoTest.ClassifierTest" time="1.162"/>
  <testcase name="getEopList" classname="AutoTest.ClassifierTest" time="0.854"/>
  <testcase name="getEopList" classname="AutoTest.ClassifierTest" time="1.112"/>
  <testcase name="getEopList" classname="AutoTest.ClassifierTest" time="1.192"/>
  <testcase name="getEopList" classname="AutoTest.ClassifierTest" time="0.948"/>
  <testcase name="getEopListNegativeStep" classname="AutoTest.ClassifierTest" time="0.67"/>
  <testcase name="getEopListNegativeStep" classname="AutoTest.ClassifierTest" time="1.005"/>
  <testcase name="getEopListNegativeStep" classname="AutoTest.ClassifierTest" time="1.01"/>
  <testcase name="getEopListNegativeStep" classname="AutoTest.ClassifierTest" time="1.141"/>
  <testcase name="getEopListNegativeStep" classname="AutoTest.ClassifierTest" time="0.883"/>
  <testcase name="getEopListNegativeStep" classname="AutoTest.ClassifierTest" time="0.997"/>
  <testcase name="getEopListNegativeStep" classname="AutoTest.ClassifierTest" time="0.997"/>
  <testcase name="getEopListNegativeStep" classname="AutoTest.ClassifierTest" time="2.214"/>
  <testcase name="getEopListNegativeStep" classname="AutoTest.ClassifierTest" time="3.806"/>
  <testcase name="getEopListNegativeStep" classname="AutoTest.ClassifierTest" time="0.99"/>
  <testcase name="getEopListNegativeStep" classname="AutoTest.ClassifierTest" time="0.98"/>
  <testcase name="getEopListNegativeStep" classname="AutoTest.ClassifierTest" time="1.112"/>
  <testcase name="getEopListNegativeStep" classname="AutoTest.ClassifierTest" time="0.949"/>
  <testcase name="getEopListNegativeStep" classname="AutoTest.ClassifierTest" time="0.982"/>
  <testcase name="getEopListNegativeStep" classname="AutoTest.ClassifierTest" time="0.973"/>
  <testcase name="getEopListStepIsEmpty" classname="AutoTest.ClassifierTest" time="1.259"/>
  <testcase name="getUnifiedClassifierGuid" classname="AutoTest.ClassifierTest" time="0.795"/>
  <testcase name="getUnifiedClassifierGuidNegativeData" classname="AutoTest.ClassifierTest" time="0.984"/>
  <testcase name="getUnifiedClassifierGuidNegativeData" classname="AutoTest.ClassifierTest" time="1.147"/>
  <testcase name="getUnifiedClassifierGuidNegativeData" classname="AutoTest.ClassifierTest" time="0.902"/>
  <testcase name="getUnifiedClassifierGuidNegativeData" classname="AutoTest.ClassifierTest" time="0.948"/>
  <testcase name="getUnifiedClassifierGuidNegativeData" classname="AutoTest.ClassifierTest" time="0.996"/>
  <testcase name="getUnifiedClassifierGuidNegativeData" classname="AutoTest.ClassifierTest" time="1.157"/>
  <testcase name="getUnifiedClassifierGuidNegativeData" classname="AutoTest.ClassifierTest" time="0.876"/>
  <testcase name="getUnifiedClassifierGuidNegativeData" classname="AutoTest.ClassifierTest" time="0.972"/>
  <testcase name="getUnifiedClassifierGuidNegativeData" classname="AutoTest.ClassifierTest" time="0.986"/>
  <testcase name="getUnifiedClassifierGuidNegativeData" classname="AutoTest.ClassifierTest" time="1.264"/>
  <testcase name="getUnifiedClassifierGuidNegativeData" classname="AutoTest.ClassifierTest" time="0.799"/>
  <testcase name="getUnifiedClassifierList" classname="AutoTest.ClassifierTest" time="1.491"/>
  <testcase name="getUnifiedClassifierListNegativeData" classname="AutoTest.ClassifierTest" time="0.448"/>
  <testcase name="getUnifiedClassifierListNegativeData" classname="AutoTest.ClassifierTest" time="1.155"/>
  <testcase name="getUnifiedClassifierListNegativeData" classname="AutoTest.ClassifierTest" time="0.874"/>
  <testcase name="getUnifiedClassifierListNegativeData" classname="AutoTest.ClassifierTest" time="0.982"/>
  <testcase name="getUnifiedClassifierListNegativeData" classname="AutoTest.ClassifierTest" time="0.995"/>
  <testcase name="getUnifiedClassifierListNegativeData" classname="AutoTest.ClassifierTest" time="1.154"/>
  <testcase name="getUnifiedClassifierListNegativeData" classname="AutoTest.ClassifierTest" time="0.865"/>
  <testcase name="getUnifiedClassifierListNegativeData" classname="AutoTest.ClassifierTest" time="0.982"/>
  <testcase name="getUnifiedClassifierListNegativeData" classname="AutoTest.ClassifierTest" time="1.006"/>
  <testcase name="getUnifiedClassifierListNegativeData" classname="AutoTest.ClassifierTest" time="1.166"/>
  <testcase name="getUnifiedClassifierListNegativeData" classname="AutoTest.ClassifierTest" time="0.869"/>
  <testcase name="getUnifiedClassifierListNegativeData" classname="AutoTest.ClassifierTest" time="0.958"/>
  <testcase name="getUnifiedClassifierListNegativeData" classname="AutoTest.ClassifierTest" time="1.041"/>
  <testcase name="getUnifiedClassifierListNegativeData" classname="AutoTest.ClassifierTest" time="1.179"/>
  <testcase name="getUnifiedClassifierListNegativeData" classname="AutoTest.ClassifierTest" time="0.875"/>
  <testcase name="getUnifiedClassifierListPositiveStep" classname="AutoTest.ClassifierTest" time="0.955"/>
  <testcase name="getUnifiedClassifierListPositiveStep" classname="AutoTest.ClassifierTest" time="0.991"/>
  <testcase name="getUnifiedClassifierListPositiveStep" classname="AutoTest.ClassifierTest" time="1.121"/>
  <testcase name="getUnifiedClassifierListPositiveStep" classname="AutoTest.ClassifierTest" time="1.111"/>
  <testcase name="getUnifiedClassifierListPositiveStep" classname="AutoTest.ClassifierTest" time="1.136"/>
  <testcase name="getUnifiedClassifierListPositiveStep" classname="AutoTest.ClassifierTest" time="1.179"/>
  <testcase name="getUnifiedClassifierListStepIsEmpty" classname="AutoTest.ClassifierTest" time="0.84"/>
  <testcase name="getUnitsGuid" classname="AutoTest.ClassifierTest" time="0.615"/>
  <testcase name="getUnitsGuidNegativeData" classname="AutoTest.ClassifierTest" time="0.982"/>
  <testcase name="getUnitsGuidNegativeData" classname="AutoTest.ClassifierTest" time="1.027"/>
  <testcase name="getUnitsGuidNegativeData" classname="AutoTest.ClassifierTest" time="1.096"/>
  <testcase name="getUnitsGuidNegativeData" classname="AutoTest.ClassifierTest" time="0.954"/>
  <testcase name="getUnitsGuidNegativeData" classname="AutoTest.ClassifierTest" time="0.931"/>
  <testcase name="getUnitsGuidNegativeData" classname="AutoTest.ClassifierTest" time="0.99"/>
  <testcase name="getUnitsGuidNegativeData" classname="AutoTest.ClassifierTest" time="1.121"/>
  <testcase name="getUnitsGuidNegativeData" classname="AutoTest.ClassifierTest" time="0.873"/>
  <testcase name="getUnitsGuidNegativeData" classname="AutoTest.ClassifierTest" time="1.025"/>
  <testcase name="getUnitsGuidNegativeData" classname="AutoTest.ClassifierTest" time="0.992"/>
  <testcase name="getUnitsGuidNegativeData" classname="AutoTest.ClassifierTest" time="1.112"/>
  <testcase name="getUnitsList" classname="AutoTest.ClassifierTest" time="0.897"/>
  <testcase name="getUnitsList" classname="AutoTest.ClassifierTest" time="1.04"/>
  <testcase name="getUnitsList" classname="AutoTest.ClassifierTest" time="0.985"/>
  <testcase name="getUnitsListNegativeStep" classname="AutoTest.ClassifierTest" time="1.078"/>
  <testcase name="getUnitsListNegativeStep" classname="AutoTest.ClassifierTest" time="0.887"/>
  <testcase name="getUnitsListNegativeStep" classname="AutoTest.ClassifierTest" time="1.112"/>
  <testcase name="getUnitsListNegativeStep" classname="AutoTest.ClassifierTest" time="0.911"/>
  <testcase name="getUnitsListNegativeStep" classname="AutoTest.ClassifierTest" time="1.124"/>
  <testcase name="getUnitsListNegativeStep" classname="AutoTest.ClassifierTest" time="0.886"/>
  <testcase name="getUnitsListNegativeStep" classname="AutoTest.ClassifierTest" time="1.015"/>
  <testcase name="getUnitsListNegativeStep" classname="AutoTest.ClassifierTest" time="0.941"/>
  <testcase name="getUnitsListNegativeStep" classname="AutoTest.ClassifierTest" time="1.2"/>
  <testcase name="getUnitsListNegativeStep" classname="AutoTest.ClassifierTest" time="0.819"/>
  <testcase name="getUnitsListNegativeStep" classname="AutoTest.ClassifierTest" time="1.073"/>
  <testcase name="getUnitsListNegativeStep" classname="AutoTest.ClassifierTest" time="0.908"/>
  <testcase name="getUnitsListNegativeStep" classname="AutoTest.ClassifierTest" time="1.231"/>
  <testcase name="getUnitsListNegativeStep" classname="AutoTest.ClassifierTest" time="0.818"/>
  <testcase name="getUnitsListNegativeStep" classname="AutoTest.ClassifierTest" time="0.997"/>
  <testcase name="getUnitsListStepEqual100" classname="AutoTest.ClassifierTest" time="1.303"/>
  <testcase name="getUnitsListStepEqual199" classname="AutoTest.ClassifierTest" time="1.014"/>
  <testcase name="getUnitsListStepIsEmpty" classname="AutoTest.ClassifierTest" time="0.888"/>
  <testcase name="getBankGuid" classname="AutoTest.ClassifireIsAllRussianTest" time="0.876"/>
  <testcase name="getBankGuidNotExist" classname="AutoTest.ClassifireIsAllRussianTest" time="0.906"/>
  <testcase name="getBankGuidNotExist" classname="AutoTest.ClassifireIsAllRussianTest" time="1.177"/>
  <testcase name="getBankGuidNotExist" classname="AutoTest.ClassifireIsAllRussianTest" time="0.831"/>
  <testcase name="getBankGuidNotExist" classname="AutoTest.ClassifireIsAllRussianTest" time="1.01"/>
  <testcase name="getBankGuidNotExist" classname="AutoTest.ClassifireIsAllRussianTest" time="1.006"/>
  <testcase name="getBankGuidNotExist" classname="AutoTest.ClassifireIsAllRussianTest" time="1.216"/>
  <testcase name="getBankGuidNotExist" classname="AutoTest.ClassifireIsAllRussianTest" time="0.767"/>
  <testcase name="getBankGuidNotExist" classname="AutoTest.ClassifireIsAllRussianTest" time="0.998"/>
  <testcase name="getBankGuidNotExist" classname="AutoTest.ClassifireIsAllRussianTest" time="1.012"/>
  <testcase name="getBankGuidNotExist" classname="AutoTest.ClassifireIsAllRussianTest" time="1.197"/>
  <testcase name="getBankGuidNotExist" classname="AutoTest.ClassifireIsAllRussianTest" time="0.808"/>
  <testcase name="getBankList" classname="AutoTest.ClassifireIsAllRussianTest" time="1.049"/>
  <testcase name="getBankList" classname="AutoTest.ClassifireIsAllRussianTest" time="0.993"/>
  <testcase name="getBankList" classname="AutoTest.ClassifireIsAllRussianTest" time="1.159"/>
  <testcase name="getBankList" classname="AutoTest.ClassifireIsAllRussianTest" time="1.015"/>
  <testcase name="getBankList" classname="AutoTest.ClassifireIsAllRussianTest" time="1.414"/>
  <testcase name="getBankList" classname="AutoTest.ClassifireIsAllRussianTest" time="0.969"/>
  <testcase name="getBankListStepIsEmpty" classname="AutoTest.ClassifireIsAllRussianTest" time="0.99"/>
  <testcase name="getBankListStepMaxPlus" classname="AutoTest.ClassifireIsAllRussianTest" time="0.419"/>
  <testcase name="getBankListStepMaxPlus" classname="AutoTest.ClassifireIsAllRussianTest" time="1.035"/>
  <testcase name="getBankListStepMaxPlus" classname="AutoTest.ClassifireIsAllRussianTest" time="0.992"/>
  <testcase name="getBankListStepMaxPlus" classname="AutoTest.ClassifireIsAllRussianTest" time="1.133"/>
  <testcase name="getBankListStepMaxPlus" classname="AutoTest.ClassifireIsAllRussianTest" time="0.86"/>
  <testcase name="getBankListStepMaxPlus" classname="AutoTest.ClassifireIsAllRussianTest" time="0.977"/>
  <testcase name="getBankListStepMaxPlus" classname="AutoTest.ClassifireIsAllRussianTest" time="1.019"/>
  <testcase name="getBankListStepMaxPlus" classname="AutoTest.ClassifireIsAllRussianTest" time="1.128"/>
  <testcase name="getBankListStepMaxPlus" classname="AutoTest.ClassifireIsAllRussianTest" time="0.891"/>
  <testcase name="getBankListStepMaxPlus" classname="AutoTest.ClassifireIsAllRussianTest" time="0.985"/>
  <testcase name="getBankListStepMaxPlus" classname="AutoTest.ClassifireIsAllRussianTest" time="0.999"/>
  <testcase name="getBankListStepMaxPlus" classname="AutoTest.ClassifireIsAllRussianTest" time="1.152"/>
  <testcase name="getBankListStepMaxPlus" classname="AutoTest.ClassifireIsAllRussianTest" time="0.846"/>
  <testcase name="getBankListStepMaxPlus" classname="AutoTest.ClassifireIsAllRussianTest" time="1.002"/>
  <testcase name="getBankListStepMaxPlus" classname="AutoTest.ClassifireIsAllRussianTest" time="0.998"/>
  <testcase name="getCountryGuid" classname="AutoTest.ClassifireIsAllRussianTest" time="1.297"/>
  <testcase name="getCountryGuidNotExist" classname="AutoTest.ClassifireIsAllRussianTest" time="0.697"/>
  <testcase name="getCountryGuidNotExist" classname="AutoTest.ClassifireIsAllRussianTest" time="1.047"/>
  <testcase name="getCountryGuidNotExist" classname="AutoTest.ClassifireIsAllRussianTest" time="0.955"/>
  <testcase name="getCountryGuidNotExist" classname="AutoTest.ClassifireIsAllRussianTest" time="1.131"/>
  <testcase name="getCountryGuidNotExist" classname="AutoTest.ClassifireIsAllRussianTest" time="0.911"/>
  <testcase name="getCountryGuidNotExist" classname="AutoTest.ClassifireIsAllRussianTest" time="0.952"/>
  <testcase name="getCountryGuidNotExist" classname="AutoTest.ClassifireIsAllRussianTest" time="1.008"/>
  <testcase name="getCountryGuidNotExist" classname="AutoTest.ClassifireIsAllRussianTest" time="1.14"/>
  <testcase name="getCountryGuidNotExist" classname="AutoTest.ClassifireIsAllRussianTest" time="0.86"/>
  <testcase name="getCountryGuidNotExist" classname="AutoTest.ClassifireIsAllRussianTest" time="1.022"/>
  <testcase name="getCountryGuidNotExist" classname="AutoTest.ClassifireIsAllRussianTest" time="1.038"/>
  <testcase name="getCountryList" classname="AutoTest.ClassifireIsAllRussianTest" time="1.137"/>
  <testcase name="getCountryList" classname="AutoTest.ClassifireIsAllRussianTest" time="0.871"/>
  <testcase name="getCountryList" classname="AutoTest.ClassifireIsAllRussianTest" time="0.991"/>
  <testcase name="getCountryList" classname="AutoTest.ClassifireIsAllRussianTest" time="1.191"/>
  <testcase name="getCountryList" classname="AutoTest.ClassifireIsAllRussianTest" time="0.89"/>
  <testcase name="getCountryList" classname="AutoTest.ClassifireIsAllRussianTest" time="0.917"/>
  <testcase name="getCountryListStepIsEmpty" classname="AutoTest.ClassifireIsAllRussianTest" time="1.006"/>
  <testcase name="getCountryListStepMaxPlus" classname="AutoTest.ClassifireIsAllRussianTest" time="0.973"/>
  <testcase name="getCountryListStepMaxPlus" classname="AutoTest.ClassifireIsAllRussianTest" time="1.082"/>
  <testcase name="getCountryListStepMaxPlus" classname="AutoTest.ClassifireIsAllRussianTest" time="0.913"/>
  <testcase name="getCountryListStepMaxPlus" classname="AutoTest.ClassifireIsAllRussianTest" time="1.019"/>
  <testcase name="getCountryListStepMaxPlus" classname="AutoTest.ClassifireIsAllRussianTest" time="0.985"/>
  <testcase name="getCountryListStepMaxPlus" classname="AutoTest.ClassifireIsAllRussianTest" time="1.069"/>
  <testcase name="getCountryListStepMaxPlus" classname="AutoTest.ClassifireIsAllRussianTest" time="0.954"/>
  <testcase name="getCountryListStepMaxPlus" classname="AutoTest.ClassifireIsAllRussianTest" time="0.952"/>
  <testcase name="getCountryListStepMaxPlus" classname="AutoTest.ClassifireIsAllRussianTest" time="1.046"/>
  <testcase name="getCountryListStepMaxPlus" classname="AutoTest.ClassifireIsAllRussianTest" time="1.033"/>
  <testcase name="getCountryListStepMaxPlus" classname="AutoTest.ClassifireIsAllRussianTest" time="0.963"/>
  <testcase name="getCountryListStepMaxPlus" classname="AutoTest.ClassifireIsAllRussianTest" time="1.053"/>
  <testcase name="getCountryListStepMaxPlus" classname="AutoTest.ClassifireIsAllRussianTest" time="1.125"/>
  <testcase name="getCountryListStepMaxPlus" classname="AutoTest.ClassifireIsAllRussianTest" time="0.867"/>
  <testcase name="getCountryListStepMaxPlus" classname="AutoTest.ClassifireIsAllRussianTest" time="1.062"/>
  <testcase name="getCurrencyGuid" classname="AutoTest.ClassifireIsAllRussianTest" time="0.982"/>
  <testcase name="getCurrencyGuidNotExist" classname="AutoTest.ClassifireIsAllRussianTest" time="0.904"/>
  <testcase name="getCurrencyGuidNotExist" classname="AutoTest.ClassifireIsAllRussianTest" time="1.085"/>
  <testcase name="getCurrencyGuidNotExist" classname="AutoTest.ClassifireIsAllRussianTest" time="0.964"/>
  <testcase name="getCurrencyGuidNotExist" classname="AutoTest.ClassifireIsAllRussianTest" time="0.958"/>
  <testcase name="getCurrencyGuidNotExist" classname="AutoTest.ClassifireIsAllRussianTest" time="1.181"/>
  <testcase name="getCurrencyGuidNotExist" classname="AutoTest.ClassifireIsAllRussianTest" time="0.861"/>
  <testcase name="getCurrencyGuidNotExist" classname="AutoTest.ClassifireIsAllRussianTest" time="0.987"/>
  <testcase name="getCurrencyGuidNotExist" classname="AutoTest.ClassifireIsAllRussianTest" time="0.965"/>
  <testcase name="getCurrencyGuidNotExist" classname="AutoTest.ClassifireIsAllRussianTest" time="1.181"/>
  <testcase name="getCurrencyGuidNotExist" classname="AutoTest.ClassifireIsAllRussianTest" time="0.866"/>
  <testcase name="getCurrencyGuidNotExist" classname="AutoTest.ClassifireIsAllRussianTest" time="0.967"/>
  <testcase name="getCurrencyList" classname="AutoTest.ClassifireIsAllRussianTest" time="1.024"/>
  <testcase name="getCurrencyList" classname="AutoTest.ClassifireIsAllRussianTest" time="1.154"/>
  <testcase name="getCurrencyList" classname="AutoTest.ClassifireIsAllRussianTest" time="0.895"/>
  <testcase name="getCurrencyList" classname="AutoTest.ClassifireIsAllRussianTest" time="0.979"/>
  <testcase name="getCurrencyList" classname="AutoTest.ClassifireIsAllRussianTest" time="0.977"/>
  <testcase name="getCurrencyList" classname="AutoTest.ClassifireIsAllRussianTest" time="1.157"/>
  <testcase name="getCurrencyListStepIsEmpty" classname="AutoTest.ClassifireIsAllRussianTest" time="0.872"/>
  <testcase name="getCurrencyListStepMaxPlus" classname="AutoTest.ClassifireIsAllRussianTest" time="0.95"/>
  <testcase name="getCurrencyListStepMaxPlus" classname="AutoTest.ClassifireIsAllRussianTest" time="1.008"/>
  <testcase name="getCurrencyListStepMaxPlus" classname="AutoTest.ClassifireIsAllRussianTest" time="1.143"/>
  <testcase name="getCurrencyListStepMaxPlus" classname="AutoTest.ClassifireIsAllRussianTest" time="0.896"/>
  <testcase name="getCurrencyListStepMaxPlus" classname="AutoTest.ClassifireIsAllRussianTest" time="0.974"/>
  <testcase name="getCurrencyListStepMaxPlus" classname="AutoTest.ClassifireIsAllRussianTest" time="0.981"/>
  <testcase name="getCurrencyListStepMaxPlus" classname="AutoTest.ClassifireIsAllRussianTest" time="1.147"/>
  <testcase name="getCurrencyListStepMaxPlus" classname="AutoTest.ClassifireIsAllRussianTest" time="0.864"/>
  <testcase name="getCurrencyListStepMaxPlus" classname="AutoTest.ClassifireIsAllRussianTest" time="1.046"/>
  <testcase name="getCurrencyListStepMaxPlus" classname="AutoTest.ClassifireIsAllRussianTest" time="0.971"/>
  <testcase name="getCurrencyListStepMaxPlus" classname="AutoTest.ClassifireIsAllRussianTest" time="1.127"/>
  <testcase name="getCurrencyListStepMaxPlus" classname="AutoTest.ClassifireIsAllRussianTest" time="0.886"/>
  <testcase name="getCurrencyListStepMaxPlus" classname="AutoTest.ClassifireIsAllRussianTest" time="0.959"/>
  <testcase name="getCurrencyListStepMaxPlus" classname="AutoTest.ClassifireIsAllRussianTest" time="1.064"/>
  <testcase name="getCurrencyListStepMaxPlus" classname="AutoTest.ClassifireIsAllRussianTest" time="1.122"/>
  <testcase name="getOkopfGuid" classname="AutoTest.ClassifireIsAllRussianTest" time="0.911"/>
  <testcase name="getOkopfGuidNotExist" classname="AutoTest.ClassifireIsAllRussianTest" time="0.924"/>
  <testcase name="getOkopfGuidNotExist" classname="AutoTest.ClassifireIsAllRussianTest" time="1.034"/>
  <testcase name="getOkopfGuidNotExist" classname="AutoTest.ClassifireIsAllRussianTest" time="1.096"/>
  <testcase name="getOkopfGuidNotExist" classname="AutoTest.ClassifireIsAllRussianTest" time="0.897"/>
  <testcase name="getOkopfGuidNotExist" classname="AutoTest.ClassifireIsAllRussianTest" time="0.98"/>
  <testcase name="getOkopfGuidNotExist" classname="AutoTest.ClassifireIsAllRussianTest" time="1.013"/>
  <testcase name="getOkopfGuidNotExist" classname="AutoTest.ClassifireIsAllRussianTest" time="1.136"/>
  <testcase name="getOkopfGuidNotExist" classname="AutoTest.ClassifireIsAllRussianTest" time="0.859"/>
  <testcase name="getOkopfGuidNotExist" classname="AutoTest.ClassifireIsAllRussianTest" time="0.983"/>
  <testcase name="getOkopfGuidNotExist" classname="AutoTest.ClassifireIsAllRussianTest" time="1.048"/>
  <testcase name="getOkopfGuidNotExist" classname="AutoTest.ClassifireIsAllRussianTest" time="1.081"/>
  <testcase name="getOkopfList" classname="AutoTest.ClassifireIsAllRussianTest" time="0.989"/>
  <testcase name="getOkopfList" classname="AutoTest.ClassifireIsAllRussianTest" time="0.913"/>
  <testcase name="getOkopfList" classname="AutoTest.ClassifireIsAllRussianTest" time="1.01"/>
  <testcase name="getOkopfList" classname="AutoTest.ClassifireIsAllRussianTest" time="1.167"/>
  <testcase name="getOkopfList" classname="AutoTest.ClassifireIsAllRussianTest" time="0.893"/>
  <testcase name="getOkopfList" classname="AutoTest.ClassifireIsAllRussianTest" time="1.011"/>
  <testcase name="getOkopfListStepIsEmpty" classname="AutoTest.ClassifireIsAllRussianTest" time="0.98"/>
  <testcase name="getOkopfListStepMaxPlus" classname="AutoTest.ClassifireIsAllRussianTest" time="1.039"/>
  <testcase name="getOkopfListStepMaxPlus" classname="AutoTest.ClassifireIsAllRussianTest" time="0.893"/>
  <testcase name="getOkopfListStepMaxPlus" classname="AutoTest.ClassifireIsAllRussianTest" time="1.014"/>
  <testcase name="getOkopfListStepMaxPlus" classname="AutoTest.ClassifireIsAllRussianTest" time="0.997"/>
  <testcase name="getOkopfListStepMaxPlus" classname="AutoTest.ClassifireIsAllRussianTest" time="1.096"/>
  <testcase name="getOkopfListStepMaxPlus" classname="AutoTest.ClassifireIsAllRussianTest" time="0.895"/>
  <testcase name="getOkopfListStepMaxPlus" classname="AutoTest.ClassifireIsAllRussianTest" time="1.008"/>
  <testcase name="getOkopfListStepMaxPlus" classname="AutoTest.ClassifireIsAllRussianTest" time="1.001"/>
  <testcase name="getOkopfListStepMaxPlus" classname="AutoTest.ClassifireIsAllRussianTest" time="1.096"/>
  <testcase name="getOkopfListStepMaxPlus" classname="AutoTest.ClassifireIsAllRussianTest" time="0.924"/>
  <testcase name="getOkopfListStepMaxPlus" classname="AutoTest.ClassifireIsAllRussianTest" time="0.984"/>
  <testcase name="getOkopfListStepMaxPlus" classname="AutoTest.ClassifireIsAllRussianTest" time="1.025"/>
  <testcase name="getOkopfListStepMaxPlus" classname="AutoTest.ClassifireIsAllRussianTest" time="1.152"/>
  <testcase name="getOkopfListStepMaxPlus" classname="AutoTest.ClassifireIsAllRussianTest" time="0.818"/>
  <testcase name="getOkopfListStepMaxPlus" classname="AutoTest.ClassifireIsAllRussianTest" time="1.028"/>
  <testcase name="getOkpdGuid" classname="AutoTest.ClassifireIsAllRussianTest" time="1.051"/>
  <testcase name="getOkpdGuidNotExist" classname="AutoTest.ClassifireIsAllRussianTest" time="1.109"/>
  <testcase name="getOkpdGuidNotExist" classname="AutoTest.ClassifireIsAllRussianTest" time="0.834"/>
  <testcase name="getOkpdGuidNotExist" classname="AutoTest.ClassifireIsAllRussianTest" time="0.999"/>
  <testcase name="getOkpdGuidNotExist" classname="AutoTest.ClassifireIsAllRussianTest" time="1.006"/>
  <testcase name="getOkpdGuidNotExist" classname="AutoTest.ClassifireIsAllRussianTest" time="1.218"/>
  <testcase name="getOkpdGuidNotExist" classname="AutoTest.ClassifireIsAllRussianTest" time="0.802"/>
  <testcase name="getOkpdGuidNotExist" classname="AutoTest.ClassifireIsAllRussianTest" time="0.97"/>
  <testcase name="getOkpdGuidNotExist" classname="AutoTest.ClassifireIsAllRussianTest" time="0.999"/>
  <testcase name="getOkpdGuidNotExist" classname="AutoTest.ClassifireIsAllRussianTest" time="1.156"/>
  <testcase name="getOkpdGuidNotExist" classname="AutoTest.ClassifireIsAllRussianTest" time="0.835"/>
  <testcase name="getOkpdGuidNotExist" classname="AutoTest.ClassifireIsAllRussianTest" time="1.041"/>
  <testcase name="getOkpdList" classname="AutoTest.ClassifireIsAllRussianTest" time="1.25"/>
  <testcase name="getOkpdList" classname="AutoTest.ClassifireIsAllRussianTest" time="0.91"/>
  <testcase name="getOkpdList" classname="AutoTest.ClassifireIsAllRussianTest" time="0.89"/>
  <testcase name="getOkpdList" classname="AutoTest.ClassifireIsAllRussianTest" time="1.125"/>
  <testcase name="getOkpdList" classname="AutoTest.ClassifireIsAllRussianTest" time="1.256"/>
  <testcase name="getOkpdList" classname="AutoTest.ClassifireIsAllRussianTest" time="0.954"/>
  <testcase name="getOkpdListStepIsEmpty" classname="AutoTest.ClassifireIsAllRussianTest" time="0.841"/>
  <testcase name="getOkpdListStepMaxPlus" classname="AutoTest.ClassifireIsAllRussianTest" time="0.767"/>
  <testcase name="getOkpdListStepMaxPlus" classname="AutoTest.ClassifireIsAllRussianTest" time="0.995"/>
  <testcase name="getOkpdListStepMaxPlus" classname="AutoTest.ClassifireIsAllRussianTest" time="1.196"/>
  <testcase name="getOkpdListStepMaxPlus" classname="AutoTest.ClassifireIsAllRussianTest" time="0.82"/>
  <testcase name="getOkpdListStepMaxPlus" classname="AutoTest.ClassifireIsAllRussianTest" time="0.977"/>
  <testcase name="getOkpdListStepMaxPlus" classname="AutoTest.ClassifireIsAllRussianTest" time="1.026"/>
  <testcase name="getOkpdListStepMaxPlus" classname="AutoTest.ClassifireIsAllRussianTest" time="1.107"/>
  <testcase name="getOkpdListStepMaxPlus" classname="AutoTest.ClassifireIsAllRussianTest" time="0.878"/>
  <testcase name="getOkpdListStepMaxPlus" classname="AutoTest.ClassifireIsAllRussianTest" time="1.01"/>
  <testcase name="getOkpdListStepMaxPlus" classname="AutoTest.ClassifireIsAllRussianTest" time="1.002"/>
  <testcase name="getOkpdListStepMaxPlus" classname="AutoTest.ClassifireIsAllRussianTest" time="1.134"/>
  <testcase name="getOkpdListStepMaxPlus" classname="AutoTest.ClassifireIsAllRussianTest" time="0.925"/>
  <testcase name="getOkpdListStepMaxPlus" classname="AutoTest.ClassifireIsAllRussianTest" time="0.942"/>
  <testcase name="getOkpdListStepMaxPlus" classname="AutoTest.ClassifireIsAllRussianTest" time="0.999"/>
  <testcase name="getOkpdListStepMaxPlus" classname="AutoTest.ClassifireIsAllRussianTest" time="1.107"/>
  <testcase name="getOkvedGuid" classname="AutoTest.ClassifireIsAllRussianTest" time="0.977"/>
  <testcase name="getOkvedGuidNotExist" classname="AutoTest.ClassifireIsAllRussianTest" time="0.913"/>
  <testcase name="getOkvedGuidNotExist" classname="AutoTest.ClassifireIsAllRussianTest" time="1.014"/>
  <testcase name="getOkvedGuidNotExist" classname="AutoTest.ClassifireIsAllRussianTest" time="1.099"/>
  <testcase name="getOkvedGuidNotExist" classname="AutoTest.ClassifireIsAllRussianTest" time="0.885"/>
  <testcase name="getOkvedGuidNotExist" classname="AutoTest.ClassifireIsAllRussianTest" time="1.003"/>
  <testcase name="getOkvedGuidNotExist" classname="AutoTest.ClassifireIsAllRussianTest" time="0.998"/>
  <testcase name="getOkvedGuidNotExist" classname="AutoTest.ClassifireIsAllRussianTest" time="1.101"/>
  <testcase name="getOkvedGuidNotExist" classname="AutoTest.ClassifireIsAllRussianTest" time="0.918"/>
  <testcase name="getOkvedGuidNotExist" classname="AutoTest.ClassifireIsAllRussianTest" time="1"/>
  <testcase name="getOkvedGuidNotExist" classname="AutoTest.ClassifireIsAllRussianTest" time="1.013"/>
  <testcase name="getOkvedGuidNotExist" classname="AutoTest.ClassifireIsAllRussianTest" time="1.071"/>
  <testcase name="getOkvedList" classname="AutoTest.ClassifireIsAllRussianTest" time="0.952"/>
  <testcase name="getOkvedList" classname="AutoTest.ClassifireIsAllRussianTest" time="0.997"/>
  <testcase name="getOkvedList" classname="AutoTest.ClassifireIsAllRussianTest" time="1.012"/>
  <testcase name="getOkvedList" classname="AutoTest.ClassifireIsAllRussianTest" time="1.173"/>
  <testcase name="getOkvedList" classname="AutoTest.ClassifireIsAllRussianTest" time="1.012"/>
  <testcase name="getOkvedList" classname="AutoTest.ClassifireIsAllRussianTest" time="1.012"/>
  <testcase name="getOkvedListStepIsEmpty" classname="AutoTest.ClassifireIsAllRussianTest" time="1.204"/>
  <testcase name="getOkvedListStepMaxPlus" classname="AutoTest.ClassifireIsAllRussianTest" time="0.733"/>
  <testcase name="getOkvedListStepMaxPlus" classname="AutoTest.ClassifireIsAllRussianTest" time="0.831"/>
  <testcase name="getOkvedListStepMaxPlus" classname="AutoTest.ClassifireIsAllRussianTest" time="1.017"/>
  <testcase name="getOkvedListStepMaxPlus" classname="AutoTest.ClassifireIsAllRussianTest" time="1.012"/>
  <testcase name="getOkvedListStepMaxPlus" classname="AutoTest.ClassifireIsAllRussianTest" time="1.039"/>
  <testcase name="getOkvedListStepMaxPlus" classname="AutoTest.ClassifireIsAllRussianTest" time="0.954"/>
  <testcase name="getOkvedListStepMaxPlus" classname="AutoTest.ClassifireIsAllRussianTest" time="0.968"/>
  <testcase name="getOkvedListStepMaxPlus" classname="AutoTest.ClassifireIsAllRussianTest" time="1.024"/>
  <testcase name="getOkvedListStepMaxPlus" classname="AutoTest.ClassifireIsAllRussianTest" time="1.083"/>
  <testcase name="getOkvedListStepMaxPlus" classname="AutoTest.ClassifireIsAllRussianTest" time="0.888"/>
  <testcase name="getOkvedListStepMaxPlus" classname="AutoTest.ClassifireIsAllRussianTest" time="1.022"/>
  <testcase name="getOkvedListStepMaxPlus" classname="AutoTest.ClassifireIsAllRussianTest" time="1.192"/>
  <testcase name="getOkvedListStepMaxPlus" classname="AutoTest.ClassifireIsAllRussianTest" time="0.882"/>
  <testcase name="getOkvedListStepMaxPlus" classname="AutoTest.ClassifireIsAllRussianTest" time="0.926"/>
  <testcase name="getOkvedListStepMaxPlus" classname="AutoTest.ClassifireIsAllRussianTest" time="0.994"/>
  <testcase name="getRegionGuid" classname="AutoTest.ClassifireIsAllRussianTest" time="1.192"/>
  <testcase name="getRegionGuidNotExist" classname="AutoTest.ClassifireIsAllRussianTest" time="0.917"/>
  <testcase name="getRegionGuidNotExist" classname="AutoTest.ClassifireIsAllRussianTest" time="0.915"/>
  <testcase name="getRegionGuidNotExist" classname="AutoTest.ClassifireIsAllRussianTest" time="1.016"/>
  <testcase name="getRegionGuidNotExist" classname="AutoTest.ClassifireIsAllRussianTest" time="1.155"/>
  <testcase name="getRegionGuidNotExist" classname="AutoTest.ClassifireIsAllRussianTest" time="0.875"/>
  <testcase name="getRegionGuidNotExist" classname="AutoTest.ClassifireIsAllRussianTest" time="0.93"/>
  <testcase name="getRegionGuidNotExist" classname="AutoTest.ClassifireIsAllRussianTest" time="1.032"/>
  <testcase name="getRegionGuidNotExist" classname="AutoTest.ClassifireIsAllRussianTest" time="0.995"/>
  <testcase name="getRegionGuidNotExist" classname="AutoTest.ClassifireIsAllRussianTest" time="1.027"/>
  <testcase name="getRegionGuidNotExist" classname="AutoTest.ClassifireIsAllRussianTest" time="0.964"/>
  <testcase name="getRegionGuidNotExist" classname="AutoTest.ClassifireIsAllRussianTest" time="1.022"/>
  <testcase name="getRegionList" classname="AutoTest.ClassifireIsAllRussianTest" time="1.184"/>
  <testcase name="getRegionList" classname="AutoTest.ClassifireIsAllRussianTest" time="0.866"/>
  <testcase name="getRegionList" classname="AutoTest.ClassifireIsAllRussianTest" time="0.977"/>
  <testcase name="getRegionList" classname="AutoTest.ClassifireIsAllRussianTest" time="1.018"/>
  <testcase name="getRegionList" classname="AutoTest.ClassifireIsAllRussianTest" time="1.188"/>
  <testcase name="getRegionList" classname="AutoTest.ClassifireIsAllRussianTest" time="0.959"/>
  <testcase name="getRegionListStepIsEmpty" classname="AutoTest.ClassifireIsAllRussianTest" time="0.947"/>
  <testcase name="getRegionListStepMaxPlus" classname="AutoTest.ClassifireIsAllRussianTest" time="0.866"/>
  <testcase name="getRegionListStepMaxPlus" classname="AutoTest.ClassifireIsAllRussianTest" time="1.144"/>
  <testcase name="getRegionListStepMaxPlus" classname="AutoTest.ClassifireIsAllRussianTest" time="0.881"/>
  <testcase name="getRegionListStepMaxPlus" classname="AutoTest.ClassifireIsAllRussianTest" time="0.97"/>
  <testcase name="getRegionListStepMaxPlus" classname="AutoTest.ClassifireIsAllRussianTest" time="0.992"/>
  <testcase name="getRegionListStepMaxPlus" classname="AutoTest.ClassifireIsAllRussianTest" time="1.181"/>
  <testcase name="getRegionListStepMaxPlus" classname="AutoTest.ClassifireIsAllRussianTest" time="0.886"/>
  <testcase name="getRegionListStepMaxPlus" classname="AutoTest.ClassifireIsAllRussianTest" time="0.99"/>
  <testcase name="getRegionListStepMaxPlus" classname="AutoTest.ClassifireIsAllRussianTest" time="1.002"/>
  <testcase name="getRegionListStepMaxPlus" classname="AutoTest.ClassifireIsAllRussianTest" time="1.193"/>
  <testcase name="getRegionListStepMaxPlus" classname="AutoTest.ClassifireIsAllRussianTest" time="0.775"/>
  <testcase name="getRegionListStepMaxPlus" classname="AutoTest.ClassifireIsAllRussianTest" time="1.048"/>
  <testcase name="getRegionListStepMaxPlus" classname="AutoTest.ClassifireIsAllRussianTest" time="0.971"/>
  <testcase name="getRegionListStepMaxPlus" classname="AutoTest.ClassifireIsAllRussianTest" time="1.264"/>
  <testcase name="getRegionListStepMaxPlus" classname="AutoTest.ClassifireIsAllRussianTest" time="0.777"/>
  <testcase name="getTnvedGuid" classname="AutoTest.ClassifireIsAllRussianTest" time="1.004"/>
  <testcase name="getTnvedGuidNotExist" classname="AutoTest.ClassifireIsAllRussianTest" time="0.961"/>
  <testcase name="getTnvedGuidNotExist" classname="AutoTest.ClassifireIsAllRussianTest" time="1.107"/>
  <testcase name="getTnvedGuidNotExist" classname="AutoTest.ClassifireIsAllRussianTest" time="0.899"/>
  <testcase name="getTnvedGuidNotExist" classname="AutoTest.ClassifireIsAllRussianTest" time="0.989"/>
  <testcase name="getTnvedGuidNotExist" classname="AutoTest.ClassifireIsAllRussianTest" time="1.002"/>
  <testcase name="getTnvedGuidNotExist" classname="AutoTest.ClassifireIsAllRussianTest" time="1.212"/>
  <testcase name="getTnvedGuidNotExist" classname="AutoTest.ClassifireIsAllRussianTest" time="0.781"/>
  <testcase name="getTnvedGuidNotExist" classname="AutoTest.ClassifireIsAllRussianTest" time="1.001"/>
  <testcase name="getTnvedGuidNotExist" classname="AutoTest.ClassifireIsAllRussianTest" time="1.006"/>
  <testcase name="getTnvedGuidNotExist" classname="AutoTest.ClassifireIsAllRussianTest" time="1.131"/>
  <testcase name="getTnvedGuidNotExist" classname="AutoTest.ClassifireIsAllRussianTest" time="0.945"/>
  <testcase name="getTnvedList" classname="AutoTest.ClassifireIsAllRussianTest" time="0.991"/>
  <testcase name="getTnvedList" classname="AutoTest.ClassifireIsAllRussianTest" time="0.976"/>
  <testcase name="getTnvedList" classname="AutoTest.ClassifireIsAllRussianTest" time="1.224"/>
  <testcase name="getTnvedList" classname="AutoTest.ClassifireIsAllRussianTest" time="0.977"/>
  <testcase name="getTnvedList" classname="AutoTest.ClassifireIsAllRussianTest" time="1.176"/>
  <testcase name="getTnvedList" classname="AutoTest.ClassifireIsAllRussianTest" time="1.243"/>
  <testcase name="getTnvedListStepIsEmpty" classname="AutoTest.ClassifireIsAllRussianTest" time="0.772"/>
  <testcase name="getTnvedListStepMaxPlus" classname="AutoTest.ClassifireIsAllRussianTest" time="0.57"/>
  <testcase name="getTnvedListStepMaxPlus" classname="AutoTest.ClassifireIsAllRussianTest" time="1.033"/>
  <testcase name="getTnvedListStepMaxPlus" classname="AutoTest.ClassifireIsAllRussianTest" time="0.973"/>
  <testcase name="getTnvedListStepMaxPlus" classname="AutoTest.ClassifireIsAllRussianTest" time="1.096"/>
  <testcase name="getTnvedListStepMaxPlus" classname="AutoTest.ClassifireIsAllRussianTest" time="0.889"/>
  <testcase name="getTnvedListStepMaxPlus" classname="AutoTest.ClassifireIsAllRussianTest" time="1.001"/>
  <testcase name="getTnvedListStepMaxPlus" classname="AutoTest.ClassifireIsAllRussianTest" time="1.024"/>
  <testcase name="getTnvedListStepMaxPlus" classname="AutoTest.ClassifireIsAllRussianTest" time="1.155"/>
  <testcase name="getTnvedListStepMaxPlus" classname="AutoTest.ClassifireIsAllRussianTest" time="0.828"/>
  <testcase name="getTnvedListStepMaxPlus" classname="AutoTest.ClassifireIsAllRussianTest" time="0.99"/>
  <testcase name="getTnvedListStepMaxPlus" classname="AutoTest.ClassifireIsAllRussianTest" time="1.022"/>
  <testcase name="getTnvedListStepMaxPlus" classname="AutoTest.ClassifireIsAllRussianTest" time="1.144"/>
  <testcase name="getTnvedListStepMaxPlus" classname="AutoTest.ClassifireIsAllRussianTest" time="0.883"/>
  <testcase name="getTnvedListStepMaxPlus" classname="AutoTest.ClassifireIsAllRussianTest" time="0.994"/>
  <testcase name="getTnvedListStepMaxPlus" classname="AutoTest.ClassifireIsAllRussianTest" time="0.99"/>
  <testcase name="getDdsArticlesGuid" classname="AutoTest.FinanceTest" time="1.225"/>
  <testcase name="getDdsArticlesGuidNotExist" classname="AutoTest.FinanceTest" time="0.763"/>
  <testcase name="getDdsArticlesGuidNotExist" classname="AutoTest.FinanceTest" time="1.143"/>
  <testcase name="getDdsArticlesGuidNotExist" classname="AutoTest.FinanceTest" time="0.9"/>
  <testcase name="getDdsArticlesGuidNotExist" classname="AutoTest.FinanceTest" time="1.452"/>
  <testcase name="getDdsArticlesGuidNotExist" classname="AutoTest.FinanceTest" time="0.505"/>
  <testcase name="getDdsArticlesGuidNotExist" classname="AutoTest.FinanceTest" time="1.036"/>
  <testcase name="getDdsArticlesGuidNotExist" classname="AutoTest.FinanceTest" time="0.973"/>
  <testcase name="getDdsArticlesGuidNotExist" classname="AutoTest.FinanceTest" time="1.381"/>
  <testcase name="getDdsArticlesGuidNotExist" classname="AutoTest.FinanceTest" time="0.63"/>
  <testcase name="getDdsArticlesGuidNotExist" classname="AutoTest.FinanceTest" time="1.004"/>
  <testcase name="getDdsArticlesGuidNotExist" classname="AutoTest.FinanceTest" time="1.031"/>
  <testcase name="getDdsArticlesList" classname="AutoTest.FinanceTest" time="1.071"/>
  <testcase name="getDdsArticlesList" classname="AutoTest.FinanceTest" time="0.92"/>
  <testcase name="getDdsArticlesList" classname="AutoTest.FinanceTest" time="1.224"/>
  <testcase name="getDdsArticlesList" classname="AutoTest.FinanceTest" time="1.099"/>
  <testcase name="getDdsArticlesList" classname="AutoTest.FinanceTest" time="1.29"/>
  <testcase name="getDdsArticlesList" classname="AutoTest.FinanceTest" time="0.974"/>
  <testcase name="getDdsArticlesListStepIsEmpty" classname="AutoTest.FinanceTest" time="1.054"/>
  <testcase name="getDdsArticlesListStepMaxPlus" classname="AutoTest.FinanceTest" time="0.416"/>
  <testcase name="getDdsArticlesListStepMaxPlus" classname="AutoTest.FinanceTest" time="0.953"/>
  <testcase name="getDdsArticlesListStepMaxPlus" classname="AutoTest.FinanceTest" time="1.004"/>
  <testcase name="getDdsArticlesListStepMaxPlus" classname="AutoTest.FinanceTest" time="1.007"/>
  <testcase name="getDdsArticlesListStepMaxPlus" classname="AutoTest.FinanceTest" time="0.963"/>
  <testcase name="getDdsArticlesListStepMaxPlus" classname="AutoTest.FinanceTest" time="0.985"/>
  <testcase name="getDdsArticlesListStepMaxPlus" classname="AutoTest.FinanceTest" time="1.041"/>
  <testcase name="getDdsArticlesListStepMaxPlus" classname="AutoTest.FinanceTest" time="1.018"/>
  <testcase name="getDdsArticlesListStepMaxPlus" classname="AutoTest.FinanceTest" time="0.997"/>
  <testcase name="getDdsArticlesListStepMaxPlus" classname="AutoTest.FinanceTest" time="0.969"/>
  <testcase name="getDdsArticlesListStepMaxPlus" classname="AutoTest.FinanceTest" time="1.021"/>
  <testcase name="getDdsArticlesListStepMaxPlus" classname="AutoTest.FinanceTest" time="0.982"/>
  <testcase name="getDdsArticlesListStepMaxPlus" classname="AutoTest.FinanceTest" time="0.999"/>
  <testcase name="getDdsArticlesListStepMaxPlus" classname="AutoTest.FinanceTest" time="1.023"/>
  <testcase name="getDdsArticlesListStepMaxPlus" classname="AutoTest.FinanceTest" time="0.993"/>
  <testcase name="getDdsVidGuid" classname="AutoTest.FinanceTest" time="0.993"/>
  <testcase name="getDdsVidGuidNotExist" classname="AutoTest.FinanceTest" time="1.019"/>
  <testcase name="getDdsVidGuidNotExist" classname="AutoTest.FinanceTest" time="0.984"/>
  <testcase name="getDdsVidGuidNotExist" classname="AutoTest.FinanceTest" time="1.029"/>
  <testcase name="getDdsVidGuidNotExist" classname="AutoTest.FinanceTest" time="0.973"/>
  <testcase name="getDdsVidGuidNotExist" classname="AutoTest.FinanceTest" time="1.005"/>
  <testcase name="getDdsVidGuidNotExist" classname="AutoTest.FinanceTest" time="1.024"/>
  <testcase name="getDdsVidGuidNotExist" classname="AutoTest.FinanceTest" time="0.987"/>
  <testcase name="getDdsVidGuidNotExist" classname="AutoTest.FinanceTest" time="0.993"/>
  <testcase name="getDdsVidGuidNotExist" classname="AutoTest.FinanceTest" time="0.984"/>
  <testcase name="getDdsVidGuidNotExist" classname="AutoTest.FinanceTest" time="1.02"/>
  <testcase name="getDdsVidGuidNotExist" classname="AutoTest.FinanceTest" time="1.013"/>
  <testcase name="getDdsVidList" classname="AutoTest.FinanceTest" time="1.005"/>
  <testcase name="getDdsVidList" classname="AutoTest.FinanceTest" time="1.023"/>
  <testcase name="getDdsVidList" classname="AutoTest.FinanceTest" time="0.993"/>
  <testcase name="getDdsVidList" classname="AutoTest.FinanceTest" time="0.989"/>
  <testcase name="getDdsVidList" classname="AutoTest.FinanceTest" time="1.018"/>
  <testcase name="getDdsVidList" classname="AutoTest.FinanceTest" time="1.007"/>
  <testcase name="getDdsVidListStepIsEmpty" classname="AutoTest.FinanceTest" time="1.052"/>
  <testcase name="getDdsVidListStepMaxPlus" classname="AutoTest.FinanceTest" time="0.914"/>
  <testcase name="getDdsVidListStepMaxPlus" classname="AutoTest.FinanceTest" time="0.994"/>
  <testcase name="getDdsVidListStepMaxPlus" classname="AutoTest.FinanceTest" time="1.035"/>
  <testcase name="getDdsVidListStepMaxPlus" classname="AutoTest.FinanceTest" time="0.979"/>
  <testcase name="getDdsVidListStepMaxPlus" classname="AutoTest.FinanceTest" time="0.999"/>
  <testcase name="getDdsVidListStepMaxPlus" classname="AutoTest.FinanceTest" time="0.996"/>
  <testcase name="getDdsVidListStepMaxPlus" classname="AutoTest.FinanceTest" time="1.005"/>
  <testcase name="getDdsVidListStepMaxPlus" classname="AutoTest.FinanceTest" time="1.005"/>
  <testcase name="getDdsVidListStepMaxPlus" classname="AutoTest.FinanceTest" time="1.019"/>
  <testcase name="getDdsVidListStepMaxPlus" classname="AutoTest.FinanceTest" time="0.976"/>
  <testcase name="getDdsVidListStepMaxPlus" classname="AutoTest.FinanceTest" time="1.005"/>
  <testcase name="getDdsVidListStepMaxPlus" classname="AutoTest.FinanceTest" time="1.043"/>
  <testcase name="getDdsVidListStepMaxPlus" classname="AutoTest.FinanceTest" time="0.962"/>
  <testcase name="getDdsVidListStepMaxPlus" classname="AutoTest.FinanceTest" time="0.994"/>
  <testcase name="getDdsVidListStepMaxPlus" classname="AutoTest.FinanceTest" time="1.001"/>
  <testcase name="getExpensesArticlesGuid" classname="AutoTest.FinanceTest" time="1.057"/>
  <testcase name="getExpensesArticlesGuidNotExist" classname="AutoTest.FinanceTest" time="0.953"/>
  <testcase name="getExpensesArticlesGuidNotExist" classname="AutoTest.FinanceTest" time="1.007"/>
  <testcase name="getExpensesArticlesGuidNotExist" classname="AutoTest.FinanceTest" time="1.039"/>
  <testcase name="getExpensesArticlesGuidNotExist" classname="AutoTest.FinanceTest" time="1.002"/>
  <testcase name="getExpensesArticlesGuidNotExist" classname="AutoTest.FinanceTest" time="0.978"/>
  <testcase name="getExpensesArticlesGuidNotExist" classname="AutoTest.FinanceTest" time="0.969"/>
  <testcase name="getExpensesArticlesGuidNotExist" classname="AutoTest.FinanceTest" time="1.08"/>
  <testcase name="getExpensesArticlesGuidNotExist" classname="AutoTest.FinanceTest" time="0.918"/>
  <testcase name="getExpensesArticlesGuidNotExist" classname="AutoTest.FinanceTest" time="1.007"/>
  <testcase name="getExpensesArticlesGuidNotExist" classname="AutoTest.FinanceTest" time="1.025"/>
  <testcase name="getExpensesArticlesGuidNotExist" classname="AutoTest.FinanceTest" time="1.007"/>
  <testcase name="getExpensesArticlesList" classname="AutoTest.FinanceTest" time="1.068"/>
  <testcase name="getExpensesArticlesList" classname="AutoTest.FinanceTest" time="0.949"/>
  <testcase name="getExpensesArticlesList" classname="AutoTest.FinanceTest" time="1.01"/>
  <testcase name="getExpensesArticlesList" classname="AutoTest.FinanceTest" time="1.149"/>
  <testcase name="getExpensesArticlesList" classname="AutoTest.FinanceTest" time="1.209"/>
  <testcase name="getExpensesArticlesList" classname="AutoTest.FinanceTest" time="0.976"/>
  <testcase name="getExpensesArticlesStepIsEmpty" classname="AutoTest.FinanceTest" time="0.983"/>
  <testcase name="getExpensesArticlesStepMaxPlus" classname="AutoTest.FinanceTest" time="0.631"/>
  <testcase name="getExpensesArticlesStepMaxPlus" classname="AutoTest.FinanceTest" time="1.064"/>
  <testcase name="getExpensesArticlesStepMaxPlus" classname="AutoTest.FinanceTest" time="0.973"/>
  <testcase name="getExpensesArticlesStepMaxPlus" classname="AutoTest.FinanceTest" time="0.994"/>
  <testcase name="getExpensesArticlesStepMaxPlus" classname="AutoTest.FinanceTest" time="0.992"/>
  <testcase name="getExpensesArticlesStepMaxPlus" classname="AutoTest.FinanceTest" time="1.047"/>
  <testcase name="getExpensesArticlesStepMaxPlus" classname="AutoTest.FinanceTest" time="0.951"/>
  <testcase name="getExpensesArticlesStepMaxPlus" classname="AutoTest.FinanceTest" time="1.042"/>
  <testcase name="getExpensesArticlesStepMaxPlus" classname="AutoTest.FinanceTest" time="0.969"/>
  <testcase name="getExpensesArticlesStepMaxPlus" classname="AutoTest.FinanceTest" time="1.004"/>
  <testcase name="getExpensesArticlesStepMaxPlus" classname="AutoTest.FinanceTest" time="1.046"/>
  <testcase name="getExpensesArticlesStepMaxPlus" classname="AutoTest.FinanceTest" time="0.955"/>
  <testcase name="getExpensesArticlesStepMaxPlus" classname="AutoTest.FinanceTest" time="0.988"/>
  <testcase name="getExpensesArticlesStepMaxPlus" classname="AutoTest.FinanceTest" time="1"/>
  <testcase name="getExpensesArticlesStepMaxPlus" classname="AutoTest.FinanceTest" time="0.995"/>
  <testcase name="getOtherIncomeExpensesGuid" classname="AutoTest.FinanceTest" time="1.085"/>
  <testcase name="getOtherIncomeExpensesGuidNotExist" classname="AutoTest.FinanceTest" time="0.95"/>
  <testcase name="getOtherIncomeExpensesGuidNotExist" classname="AutoTest.FinanceTest" time="0.998"/>
  <testcase name="getOtherIncomeExpensesGuidNotExist" classname="AutoTest.FinanceTest" time="1.144"/>
  <testcase name="getOtherIncomeExpensesGuidNotExist" classname="AutoTest.FinanceTest" time="0.854"/>
  <testcase name="getOtherIncomeExpensesGuidNotExist" classname="AutoTest.FinanceTest" time="0.985"/>
  <testcase name="getOtherIncomeExpensesGuidNotExist" classname="AutoTest.FinanceTest" time="1.006"/>
  <testcase name="getOtherIncomeExpensesGuidNotExist" classname="AutoTest.FinanceTest" time="0.994"/>
  <testcase name="getOtherIncomeExpensesGuidNotExist" classname="AutoTest.FinanceTest" time="1.013"/>
  <testcase name="getOtherIncomeExpensesGuidNotExist" classname="AutoTest.FinanceTest" time="1.016"/>
  <testcase name="getOtherIncomeExpensesGuidNotExist" classname="AutoTest.FinanceTest" time="0.985"/>
  <testcase name="getOtherIncomeExpensesGuidNotExist" classname="AutoTest.FinanceTest" time="1.004"/>
  <testcase name="getOtherIncomeExpensesList" classname="AutoTest.FinanceTest" time="1.069"/>
  <testcase name="getOtherIncomeExpensesList" classname="AutoTest.FinanceTest" time="0.967"/>
  <testcase name="getOtherIncomeExpensesList" classname="AutoTest.FinanceTest" time="0.995"/>
  <testcase name="getOtherIncomeExpensesList" classname="AutoTest.FinanceTest" time="1.196"/>
  <testcase name="getOtherIncomeExpensesList" classname="AutoTest.FinanceTest" time="1.071"/>
  <testcase name="getOtherIncomeExpensesList" classname="AutoTest.FinanceTest" time="1.205"/>
  <testcase name="getOtherIncomeExpensesListStepIsEmpty" classname="AutoTest.FinanceTest" time="0.806"/>
  <testcase name="getOtherIncomeExpensesListStepMaxPlus" classname="AutoTest.FinanceTest" time="0.743"/>
  <testcase name="getOtherIncomeExpensesListStepMaxPlus" classname="AutoTest.FinanceTest" time="0.946"/>
  <testcase name="getOtherIncomeExpensesListStepMaxPlus" classname="AutoTest.FinanceTest" time="1.057"/>
  <testcase name="getOtherIncomeExpensesListStepMaxPlus" classname="AutoTest.FinanceTest" time="0.991"/>
  <testcase name="getOtherIncomeExpensesListStepMaxPlus" classname="AutoTest.FinanceTest" time="0.972"/>
  <testcase name="getOtherIncomeExpensesListStepMaxPlus" classname="AutoTest.FinanceTest" time="1.035"/>
  <testcase name="getOtherIncomeExpensesListStepMaxPlus" classname="AutoTest.FinanceTest" time="0.973"/>
  <testcase name="getOtherIncomeExpensesListStepMaxPlus" classname="AutoTest.FinanceTest" time="1.023"/>
  <testcase name="getOtherIncomeExpensesListStepMaxPlus" classname="AutoTest.FinanceTest" time="1.006"/>
  <testcase name="getOtherIncomeExpensesListStepMaxPlus" classname="AutoTest.FinanceTest" time="0.98"/>
  <testcase name="getOtherIncomeExpensesListStepMaxPlus" classname="AutoTest.FinanceTest" time="1.006"/>
  <testcase name="getOtherIncomeExpensesListStepMaxPlus" classname="AutoTest.FinanceTest" time="0.988"/>
  <testcase name="getOtherIncomeExpensesListStepMaxPlus" classname="AutoTest.FinanceTest" time="1.001"/>
  <testcase name="getOtherIncomeExpensesListStepMaxPlus" classname="AutoTest.FinanceTest" time="1.007"/>
  <testcase name="getOtherIncomeExpensesListStepMaxPlus" classname="AutoTest.FinanceTest" time="1.074"/>
  <testcase name="getOtherSubcontoList" classname="AutoTest.FinanceTest" time="0.983"/>
  <testcase name="getOtherSubcontoList" classname="AutoTest.FinanceTest" time="0.961"/>
  <testcase name="getOtherSubcontoList" classname="AutoTest.FinanceTest" time="1.005"/>
  <testcase name="getOtherSubcontoList" classname="AutoTest.FinanceTest" time="1.009"/>
  <testcase name="getOtherSubcontoList" classname="AutoTest.FinanceTest" time="1.027"/>
  <testcase name="getOtherSubcontoList" classname="AutoTest.FinanceTest" time="1.049"/>
  <testcase name="getPlanSchetovGuid" classname="AutoTest.FinanceTest" time="0.974"/>
  <testcase name="getPlanSchetovGuidNotExist" classname="AutoTest.FinanceTest" time="1.106"/>
  <testcase name="getPlanSchetovGuidNotExist" classname="AutoTest.FinanceTest" time="0.826"/>
  <testcase name="getPlanSchetovGuidNotExist" classname="AutoTest.FinanceTest" time="1.036"/>
  <testcase name="getPlanSchetovGuidNotExist" classname="AutoTest.FinanceTest" time="0.963"/>
  <testcase name="getPlanSchetovGuidNotExist" classname="AutoTest.FinanceTest" time="1.041"/>
  <testcase name="getPlanSchetovGuidNotExist" classname="AutoTest.FinanceTest" time="0.958"/>
  <testcase name="getPlanSchetovGuidNotExist" classname="AutoTest.FinanceTest" time="0.995"/>
  <testcase name="getPlanSchetovGuidNotExist" classname="AutoTest.FinanceTest" time="1.031"/>
  <testcase name="getPlanSchetovGuidNotExist" classname="AutoTest.FinanceTest" time="0.975"/>
  <testcase name="getPlanSchetovGuidNotExist" classname="AutoTest.FinanceTest" time="1.043"/>
  <testcase name="getPlanSchetovGuidNotExist" classname="AutoTest.FinanceTest" time="0.991"/>
  <testcase name="getPlanSchetovList" classname="AutoTest.FinanceTest" time="0.999"/>
  <testcase name="getPlanSchetovList" classname="AutoTest.FinanceTest" time="1.031"/>
  <testcase name="getPlanSchetovList" classname="AutoTest.FinanceTest" time="1.028"/>
  <testcase name="getPlanSchetovList" classname="AutoTest.FinanceTest" time="1.221"/>
  <testcase name="getPlanSchetovList" classname="AutoTest.FinanceTest" time="1.136"/>
  <testcase name="getPlanSchetovList" classname="AutoTest.FinanceTest" time="1.054"/>
  <testcase name="getPlanSchetovListStepIsEmpty" classname="AutoTest.FinanceTest" time="0.985"/>
  <testcase name="getPlanSchetovListStepMaxPlus" classname="AutoTest.FinanceTest" time="0.549"/>
  <testcase name="getPlanSchetovListStepMaxPlus" classname="AutoTest.FinanceTest" time="0.995"/>
  <testcase name="getPlanSchetovListStepMaxPlus" classname="AutoTest.FinanceTest" time="1.01"/>
  <testcase name="getPlanSchetovListStepMaxPlus" classname="AutoTest.FinanceTest" time="0.982"/>
  <testcase name="getPlanSchetovListStepMaxPlus" classname="AutoTest.FinanceTest" time="1.007"/>
  <testcase name="getPlanSchetovListStepMaxPlus" classname="AutoTest.FinanceTest" time="1.006"/>
  <testcase name="getPlanSchetovListStepMaxPlus" classname="AutoTest.FinanceTest" time="0.994"/>
  <testcase name="getPlanSchetovListStepMaxPlus" classname="AutoTest.FinanceTest" time="1.101"/>
  <testcase name="getPlanSchetovListStepMaxPlus" classname="AutoTest.FinanceTest" time="0.899"/>
  <testcase name="getPlanSchetovListStepMaxPlus" classname="AutoTest.FinanceTest" time="1.042"/>
  <testcase name="getPlanSchetovListStepMaxPlus" classname="AutoTest.FinanceTest" time="0.966"/>
  <testcase name="getPlanSchetovListStepMaxPlus" classname="AutoTest.FinanceTest" time="1.033"/>
  <testcase name="getPlanSchetovListStepMaxPlus" classname="AutoTest.FinanceTest" time="0.959"/>
  <testcase name="getPlanSchetovListStepMaxPlus" classname="AutoTest.FinanceTest" time="1.034"/>
  <testcase name="getPlanSchetovListStepMaxPlus" classname="AutoTest.FinanceTest" time="0.988"/>
  <testcase name="getSubcontoGuid" classname="AutoTest.FinanceTest" time="1.02"/>
  <testcase name="getSubcontoGuidNotExist" classname="AutoTest.FinanceTest" time="0.999"/>
  <testcase name="getSubcontoGuidNotExist" classname="AutoTest.FinanceTest" time="0.99"/>
  <testcase name="getSubcontoGuidNotExist" classname="AutoTest.FinanceTest" time="1.005"/>
  <testcase name="getSubcontoGuidNotExist" classname="AutoTest.FinanceTest" time="0.995"/>
  <testcase name="getSubcontoGuidNotExist" classname="AutoTest.FinanceTest" time="1.066"/>
  <testcase name="getSubcontoGuidNotExist" classname="AutoTest.FinanceTest" time="0.92"/>
  <testcase name="getSubcontoGuidNotExist" classname="AutoTest.FinanceTest" time="0.999"/>
  <testcase name="getSubcontoGuidNotExist" classname="AutoTest.FinanceTest" time="1.024"/>
  <testcase name="getSubcontoGuidNotExist" classname="AutoTest.FinanceTest" time="1.081"/>
  <testcase name="getSubcontoGuidNotExist" classname="AutoTest.FinanceTest" time="0.919"/>
  <testcase name="getSubcontoGuidNotExist" classname="AutoTest.FinanceTest" time="1.018"/>
  <testcase name="getSubcontoListStepIsEmpty" classname="AutoTest.FinanceTest" time="1.031"/>
  <testcase name="getSubcontoListStepMaxPlus" classname="AutoTest.FinanceTest" time="0.936"/>
  <testcase name="getSubcontoListStepMaxPlus" classname="AutoTest.FinanceTest" time="1.001"/>
  <testcase name="getSubcontoListStepMaxPlus" classname="AutoTest.FinanceTest" time="1.012"/>
  <testcase name="getSubcontoListStepMaxPlus" classname="AutoTest.FinanceTest" time="0.995"/>
  <testcase name="getSubcontoListStepMaxPlus" classname="AutoTest.FinanceTest" time="1.059"/>
  <testcase name="getSubcontoListStepMaxPlus" classname="AutoTest.FinanceTest" time="0.954"/>
  <testcase name="getSubcontoListStepMaxPlus" classname="AutoTest.FinanceTest" time="0.988"/>
  <testcase name="getSubcontoListStepMaxPlus" classname="AutoTest.FinanceTest" time="1.033"/>
  <testcase name="getSubcontoListStepMaxPlus" classname="AutoTest.FinanceTest" time="1.042"/>
  <testcase name="getSubcontoListStepMaxPlus" classname="AutoTest.FinanceTest" time="0.934"/>
  <testcase name="getSubcontoListStepMaxPlus" classname="AutoTest.FinanceTest" time="1.033"/>
  <testcase name="getSubcontoListStepMaxPlus" classname="AutoTest.FinanceTest" time="1.104"/>
  <testcase name="getSubcontoListStepMaxPlus" classname="AutoTest.FinanceTest" time="0.918"/>
  <testcase name="getSubcontoListStepMaxPlus" classname="AutoTest.FinanceTest" time="0.975"/>
  <testcase name="getSubcontoListStepMaxPlus" classname="AutoTest.FinanceTest" time="0.969"/>
  <testcase name="getNomenclatureGuid" classname="AutoTest.NomenclatureTest" time="1.095"/>
  <testcase name="getNomenclatureGuidDataProvider" classname="AutoTest.NomenclatureTest" time="0.926"/>
  <testcase name="getNomenclatureGuidDataProvider" classname="AutoTest.NomenclatureTest" time="1.001"/>
  <testcase name="getNomenclatureGuidDataProvider" classname="AutoTest.NomenclatureTest" time="1.01"/>
  <testcase name="getNomenclatureGuidDataProvider" classname="AutoTest.NomenclatureTest" time="0.978"/>
  <testcase name="getNomenclatureGuidDataProvider" classname="AutoTest.NomenclatureTest" time="1.023"/>
  <testcase name="getNomenclatureGuidDataProvider" classname="AutoTest.NomenclatureTest" time="0.979"/>
  <testcase name="getNomenclatureGuidDataProvider" classname="AutoTest.NomenclatureTest" time="1.033"/>
  <testcase name="getNomenclatureGuidDataProvider" classname="AutoTest.NomenclatureTest" time="0.996"/>
  <testcase name="getNomenclatureGuidDataProvider" classname="AutoTest.NomenclatureTest" time="0.99"/>
  <testcase name="getNomenclatureGuidDataProvider" classname="AutoTest.NomenclatureTest" time="0.991"/>
  <testcase name="getNomenclatureGuidDataProvider" classname="AutoTest.NomenclatureTest" time="0.991"/>
  <testcase name="getNomenclatureSearchBodyIsEmpty" classname="AutoTest.NomenclatureTest" time="4.073"/>
  <testcase name="getNomenclatureSearchBodyIsEmpty" classname="AutoTest.NomenclatureTest" time="2.799"/>
  <testcase name="getNomenclatureSearchBodyIsEmpty" classname="AutoTest.NomenclatureTest" time="2.04"/>
  <testcase name="getNomenclatureSearchBodyIsEmpty" classname="AutoTest.NomenclatureTest" time="1.188"/>
  <testcase name="getNomenclatureSearchBodyIsEmpty" classname="AutoTest.NomenclatureTest" time="1.701"/>
  <testcase name="getNomenclatureSearchBodyIsEmpty" classname="AutoTest.NomenclatureTest" time="1.791"/>
  <testcase name="getNomenclatureSearchBodyIsEmpty" classname="AutoTest.NomenclatureTest" time="3.235"/>
  <testcase name="getNomenclatureSearchBodyIsEmpty" classname="AutoTest.NomenclatureTest" time="1.87"/>
  <testcase name="getNomenclatureSearchBodyIsEmpty" classname="AutoTest.NomenclatureTest" time="1.182"/>
  <testcase name="getNomenclatureSearchBodyIsEmpty" classname="AutoTest.NomenclatureTest" time="2.025"/>
  <testcase name="getNomenclatureSearchBodyIsEmpty" classname="AutoTest.NomenclatureTest" time="3.988"/>
  <testcase name="getNomenclatureSearchBodyIsEmpty" classname="AutoTest.NomenclatureTest" time="3.017"/>
  <testcase name="getNomenclatureSearchBodyIsEmpty" classname="AutoTest.NomenclatureTest" time="2.006"/>
  <testcase name="getNomenclatureSearchBodyIsEmpty" classname="AutoTest.NomenclatureTest" time="1.157"/>
  <testcase name="getNomenclatureSearchBodyIsEmpty" classname="AutoTest.NomenclatureTest" time="1.737"/>
  <testcase name="getNomenclatureSearchDataProviderService" classname="AutoTest.NomenclatureTest" time="4.747"/>
  <testcase name="getNomenclatureSearchDataProviderService" classname="AutoTest.NomenclatureTest" time="2.696"/>
  <testcase name="getNomenclatureSearchDataProviderService" classname="AutoTest.NomenclatureTest" time="3.366"/>
  <testcase name="getNomenclatureSearchDataProviderService" classname="AutoTest.NomenclatureTest" time="3.435"/>
  <testcase name="getNomenclatureSearchDataProviderService" classname="AutoTest.NomenclatureTest" time="1.103"/>
  <testcase name="getNomenclatureSearchDataProviderService" classname="AutoTest.NomenclatureTest" time="1.97"/>
  <testcase name="getNomenclatureSearchDataProviderService" classname="AutoTest.NomenclatureTest" time="78.027"/>
  <testcase name="getNomenclatureSearchDataProviderServiceIsAbsent" classname="AutoTest.NomenclatureTest" time="5.465"/>
  <testcase name="getNomenclatureSearchDataProviderServiceIsAbsent" classname="AutoTest.NomenclatureTest" time="2.805"/>
  <testcase name="getNomenclatureSearchDataProviderServiceIsAbsent" classname="AutoTest.NomenclatureTest" time="2.945"/>
  <testcase name="getNomenclatureSearchDataProviderServiceIsAbsent" classname="AutoTest.NomenclatureTest" time="1.784"/>
  <testcase name="getNomenclatureSearchDataProviderServiceIsAbsent" classname="AutoTest.NomenclatureTest" time="1.129"/>
  <testcase name="getNomenclatureSearchDataProviderServiceIsAbsent" classname="AutoTest.NomenclatureTest" time="2.21"/>
  <testcase name="getNomenclatureSearchDataProviderServiceIsAbsent" classname="AutoTest.NomenclatureTest" time="5.226"/>
  <testcase name="getNomenclatureSearchNegative" classname="AutoTest.NomenclatureTest" time="0.511"/>
  <testcase name="getNomenclatureSearchNegative" classname="AutoTest.NomenclatureTest" time="1.077"/>
  <testcase name="getNomenclatureSearchNegative" classname="AutoTest.NomenclatureTest" time="1.053"/>
  <testcase name="getNomenclatureSearchNegative" classname="AutoTest.NomenclatureTest" time="0.899"/>
  <testcase name="getNomenclatureSearchNegative" classname="AutoTest.NomenclatureTest" time="1.013"/>
  <testcase name="getNomenclatureSearchNegative" classname="AutoTest.NomenclatureTest" time="1.062"/>
  <testcase name="getNomenclatureSearchNegative" classname="AutoTest.NomenclatureTest" time="0.997"/>
  <testcase name="getNomenclatureSearchNegative" classname="AutoTest.NomenclatureTest" time="1.031"/>
  <testcase name="getNomenclatureSearchNegative" classname="AutoTest.NomenclatureTest" time="0.94"/>
  <testcase name="getNomenclatureSearchNegative" classname="AutoTest.NomenclatureTest" time="0.996"/>
  <testcase name="getNomenclatureSearchNegative" classname="AutoTest.NomenclatureTest" time="1.002"/>
  <testcase name="getNomenclatureSearchNegative" classname="AutoTest.NomenclatureTest" time="0.99"/>
  <testcase name="getNomenclatureSearchNegative" classname="AutoTest.NomenclatureTest" time="1.025"/>
  <testcase name="getNomenclatureSearchNegative" classname="AutoTest.NomenclatureTest" time="0.993"/>
  <testcase name="getNomenclatureSearchNegative" classname="AutoTest.NomenclatureTest" time="1.018"/>
  <testcase name="getNomenclatureSearchNegative" classname="AutoTest.NomenclatureTest" time="1.003"/>
  <testcase name="getNomenclatureSearchNegative" classname="AutoTest.NomenclatureTest" time="0.984"/>
  <testcase name="getNomenclatureSearchNegative" classname="AutoTest.NomenclatureTest" time="0.985"/>
  <testcase name="getNomenclatureSearchNegative" classname="AutoTest.NomenclatureTest" time="1.006"/>
  <testcase name="getNomenclatureSearchNegative" classname="AutoTest.NomenclatureTest" time="0.999"/>
  <testcase name="getNomenclatureSearchNegative" classname="AutoTest.NomenclatureTest" time="0.996"/>
  <testcase name="getNomenclatureSearchNegativeSte" classname="AutoTest.NomenclatureTest" time="0.999"/>
  <testcase name="getNomenclatureSearchNegativeSte" classname="AutoTest.NomenclatureTest" time="1.045"/>
  <testcase name="getNomenclatureSearchNegativeSte" classname="AutoTest.NomenclatureTest" time="0.955"/>
  <testcase name="getNomenclatureSearchNegativeSte" classname="AutoTest.NomenclatureTest" time="0.999"/>
  <testcase name="getNomenclatureSearchNegativeSte" classname="AutoTest.NomenclatureTest" time="1.113"/>
  <testcase name="getNomenclatureSearchNegativeSte" classname="AutoTest.NomenclatureTest" time="0.889"/>
  <testcase name="getNomenclatureSearchNegativeSte" classname="AutoTest.NomenclatureTest" time="1.306"/>
  <testcase name="getNomenclatureSearchNegativeSte" classname="AutoTest.NomenclatureTest" time="0.811"/>
  <testcase name="getNomenclatureSearchType1" classname="AutoTest.NomenclatureTest" time="5.379"/>
  <testcase name="getBankAccountGuid" classname="AutoTest.PartnerTest" time="0.605"/>
  <testcase name="getBankAccountGuidNotExist" classname="AutoTest.PartnerTest" time="0.956"/>
  <testcase name="getBankAccountGuidNotExist" classname="AutoTest.PartnerTest" time="0.989"/>
  <testcase name="getBankAccountGuidNotExist" classname="AutoTest.PartnerTest" time="0.968"/>
  <testcase name="getBankAccountGuidNotExist" classname="AutoTest.PartnerTest" time="1.041"/>
  <testcase name="getBankAccountGuidNotExist" classname="AutoTest.PartnerTest" time="1.032"/>
  <testcase name="getBankAccountGuidNotExist" classname="AutoTest.PartnerTest" time="0.947"/>
  <testcase name="getBankAccountGuidNotExist" classname="AutoTest.PartnerTest" time="1.007"/>
  <testcase name="getBankAccountGuidNotExist" classname="AutoTest.PartnerTest" time="0.991"/>
  <testcase name="getBankAccountGuidNotExist" classname="AutoTest.PartnerTest" time="1.002"/>
  <testcase name="getBankAccountGuidNotExist" classname="AutoTest.PartnerTest" time="1.033"/>
  <testcase name="getBankAccountGuidNotExist" classname="AutoTest.PartnerTest" time="0.98"/>
  <testcase name="getBankAccountList" classname="AutoTest.PartnerTest" time="1.09"/>
  <testcase name="getBankAccountList" classname="AutoTest.PartnerTest" time="0.944"/>
  <testcase name="getBankAccountList" classname="AutoTest.PartnerTest" time="0.983"/>
  <testcase name="getBankAccountList" classname="AutoTest.PartnerTest" time="1.027"/>
  <testcase name="getBankAccountList" classname="AutoTest.PartnerTest" time="0.979"/>
  <testcase name="getBankAccountList" classname="AutoTest.PartnerTest" time="1.032"/>
  <testcase name="getBankAccountMaxPlus" classname="AutoTest.PartnerTest" time="1.004"/>
  <testcase name="getBankAccountMaxPlus" classname="AutoTest.PartnerTest" time="1.012"/>
  <testcase name="getBankAccountMaxPlus" classname="AutoTest.PartnerTest" time="0.984"/>
  <testcase name="getBankAccountMaxPlus" classname="AutoTest.PartnerTest" time="0.975"/>
  <testcase name="getBankAccountMaxPlus" classname="AutoTest.PartnerTest" time="0.995"/>
  <testcase name="getBankAccountMaxPlus" classname="AutoTest.PartnerTest" time="1.078"/>
  <testcase name="getBankAccountMaxPlus" classname="AutoTest.PartnerTest" time="0.927"/>
  <testcase name="getBankAccountMaxPlus" classname="AutoTest.PartnerTest" time="0.992"/>
  <testcase name="getBankAccountMaxPlus" classname="AutoTest.PartnerTest" time="1.034"/>
  <testcase name="getBankAccountMaxPlus" classname="AutoTest.PartnerTest" time="1.036"/>
  <testcase name="getBankAccountMaxPlus" classname="AutoTest.PartnerTest" time="0.959"/>
  <testcase name="getBankAccountMaxPlus" classname="AutoTest.PartnerTest" time="0.949"/>
  <testcase name="getBankAccountMaxPlus" classname="AutoTest.PartnerTest" time="1.013"/>
  <testcase name="getBankAccountMaxPlus" classname="AutoTest.PartnerTest" time="1.029"/>
  <testcase name="getBankAccountMaxPlus" classname="AutoTest.PartnerTest" time="1.04"/>
  <testcase name="getBankAccountStepIsEmpty" classname="AutoTest.PartnerTest" time="0.986"/>
  <testcase name="getBankAccountTypeGuid" classname="AutoTest.PartnerTest" time="1.02"/>
  <testcase name="getBankAccountTypeGuidNotExist" classname="AutoTest.PartnerTest" time="0.992"/>
  <testcase name="getBankAccountTypeGuidNotExist" classname="AutoTest.PartnerTest" time="0.936"/>
  <testcase name="getBankAccountTypeGuidNotExist" classname="AutoTest.PartnerTest" time="1.055"/>
  <testcase name="getBankAccountTypeGuidNotExist" classname="AutoTest.PartnerTest" time="0.985"/>
  <testcase name="getBankAccountTypeGuidNotExist" classname="AutoTest.PartnerTest" time="1.005"/>
  <testcase name="getBankAccountTypeGuidNotExist" classname="AutoTest.PartnerTest" time="0.997"/>
  <testcase name="getBankAccountTypeGuidNotExist" classname="AutoTest.PartnerTest" time="0.995"/>
  <testcase name="getBankAccountTypeGuidNotExist" classname="AutoTest.PartnerTest" time="1.008"/>
  <testcase name="getBankAccountTypeGuidNotExist" classname="AutoTest.PartnerTest" time="0.986"/>
  <testcase name="getBankAccountTypeGuidNotExist" classname="AutoTest.PartnerTest" time="1.016"/>
  <testcase name="getBankAccountTypeGuidNotExist" classname="AutoTest.PartnerTest" time="1.017"/>
  <testcase name="getBankAccountTypeList" classname="AutoTest.PartnerTest" time="1.012"/>
  <testcase name="getBankAccountTypeList" classname="AutoTest.PartnerTest" time="0.975"/>
  <testcase name="getBankAccountTypeList" classname="AutoTest.PartnerTest" time="1.329"/>
  <testcase name="getBankAccountTypeList" classname="AutoTest.PartnerTest" time="0.636"/>
  <testcase name="getBankAccountTypeList" classname="AutoTest.PartnerTest" time="1.019"/>
  <testcase name="getBankAccountTypeList" classname="AutoTest.PartnerTest" time="1.004"/>
  <testcase name="getBankAccountTypeMaxPlus" classname="AutoTest.PartnerTest" time="1.046"/>
  <testcase name="getBankAccountTypeMaxPlus" classname="AutoTest.PartnerTest" time="0.932"/>
  <testcase name="getBankAccountTypeMaxPlus" classname="AutoTest.PartnerTest" time="1"/>
  <testcase name="getBankAccountTypeMaxPlus" classname="AutoTest.PartnerTest" time="1.032"/>
  <testcase name="getBankAccountTypeMaxPlus" classname="AutoTest.PartnerTest" time="0.998"/>
  <testcase name="getBankAccountTypeMaxPlus" classname="AutoTest.PartnerTest" time="1.059"/>
  <testcase name="getBankAccountTypeMaxPlus" classname="AutoTest.PartnerTest" time="0.948"/>
  <testcase name="getBankAccountTypeMaxPlus" classname="AutoTest.PartnerTest" time="0.991"/>
  <testcase name="getBankAccountTypeMaxPlus" classname="AutoTest.PartnerTest" time="1.058"/>
  <testcase name="getBankAccountTypeMaxPlus" classname="AutoTest.PartnerTest" time="0.934"/>
  <testcase name="getBankAccountTypeMaxPlus" classname="AutoTest.PartnerTest" time="1.05"/>
  <testcase name="getBankAccountTypeMaxPlus" classname="AutoTest.PartnerTest" time="0.974"/>
  <testcase name="getBankAccountTypeMaxPlus" classname="AutoTest.PartnerTest" time="1.013"/>
  <testcase name="getBankAccountTypeMaxPlus" classname="AutoTest.PartnerTest" time="1.089"/>
  <testcase name="getBankAccountTypeMaxPlus" classname="AutoTest.PartnerTest" time="0.88"/>
  <testcase name="getBankAccountTypeStepIsEmpty" classname="AutoTest.PartnerTest" time="1.017"/>
  <testcase name="getContactGuid" classname="AutoTest.PartnerTest" time="1.087"/>
  <testcase name="getContactGuidNotExist" classname="AutoTest.PartnerTest" time="0.97"/>
  <testcase name="getContactGuidNotExist" classname="AutoTest.PartnerTest" time="0.935"/>
  <testcase name="getContactGuidNotExist" classname="AutoTest.PartnerTest" time="1.005"/>
  <testcase name="getContactGuidNotExist" classname="AutoTest.PartnerTest" time="1.044"/>
  <testcase name="getContactGuidNotExist" classname="AutoTest.PartnerTest" time="1.116"/>
  <testcase name="getContactGuidNotExist" classname="AutoTest.PartnerTest" time="0.953"/>
  <testcase name="getContactGuidNotExist" classname="AutoTest.PartnerTest" time="0.895"/>
  <testcase name="getContactGuidNotExist" classname="AutoTest.PartnerTest" time="1.117"/>
  <testcase name="getContactGuidNotExist" classname="AutoTest.PartnerTest" time="1.05"/>
  <testcase name="getContactGuidNotExist" classname="AutoTest.PartnerTest" time="0.864"/>
  <testcase name="getContactGuidNotExist" classname="AutoTest.PartnerTest" time="0.992"/>
  <testcase name="getContactList" classname="AutoTest.PartnerTest" time="1.011"/>
  <testcase name="getContactList" classname="AutoTest.PartnerTest" time="1.029"/>
  <testcase name="getContactList" classname="AutoTest.PartnerTest" time="0.995"/>
  <testcase name="getContactList" classname="AutoTest.PartnerTest" time="1.003"/>
  <testcase name="getContactList" classname="AutoTest.PartnerTest" time="1.029"/>
  <testcase name="getContactList" classname="AutoTest.PartnerTest" time="1.005"/>
  <testcase name="getContactListStepIsEmpty" classname="AutoTest.PartnerTest" time="1.03"/>
  <testcase name="getContactMaxPlus" classname="AutoTest.PartnerTest" time="0.917"/>
  <testcase name="getContactMaxPlus" classname="AutoTest.PartnerTest" time="1.005"/>
  <testcase name="getContactMaxPlus" classname="AutoTest.PartnerTest" time="0.997"/>
  <testcase name="getContactMaxPlus" classname="AutoTest.PartnerTest" time="1"/>
  <testcase name="getContactMaxPlus" classname="AutoTest.PartnerTest" time="1.026"/>
  <testcase name="getContactMaxPlus" classname="AutoTest.PartnerTest" time="1.016"/>
  <testcase name="getContactMaxPlus" classname="AutoTest.PartnerTest" time="0.965"/>
  <testcase name="getContactMaxPlus" classname="AutoTest.PartnerTest" time="1.029"/>
  <testcase name="getContactMaxPlus" classname="AutoTest.PartnerTest" time="1.016"/>
  <testcase name="getContactMaxPlus" classname="AutoTest.PartnerTest" time="0.987"/>
  <testcase name="getContactMaxPlus" classname="AutoTest.PartnerTest" time="1.006"/>
  <testcase name="getContactMaxPlus" classname="AutoTest.PartnerTest" time="1.089"/>
  <testcase name="getContactMaxPlus" classname="AutoTest.PartnerTest" time="1.008"/>
  <testcase name="getContactMaxPlus" classname="AutoTest.PartnerTest" time="0.99"/>
  <testcase name="getContactMaxPlus" classname="AutoTest.PartnerTest" time="0.978"/>
  <testcase name="getContactRolesGuid" classname="AutoTest.PartnerTest" time="1.006"/>
  <testcase name="getContactRolesGuidNotExist" classname="AutoTest.PartnerTest" time="0.996"/>
  <testcase name="getContactRolesGuidNotExist" classname="AutoTest.PartnerTest" time="0.996"/>
  <testcase name="getContactRolesGuidNotExist" classname="AutoTest.PartnerTest" time="1.004"/>
  <testcase name="getContactRolesGuidNotExist" classname="AutoTest.PartnerTest" time="1.041"/>
  <testcase name="getContactRolesGuidNotExist" classname="AutoTest.PartnerTest" time="0.951"/>
  <testcase name="getContactRolesGuidNotExist" classname="AutoTest.PartnerTest" time="1.032"/>
  <testcase name="getContactRolesGuidNotExist" classname="AutoTest.PartnerTest" time="0.981"/>
  <testcase name="getContactRolesGuidNotExist" classname="AutoTest.PartnerTest" time="1.039"/>
  <testcase name="getContactRolesGuidNotExist" classname="AutoTest.PartnerTest" time="1.008"/>
  <testcase name="getContactRolesGuidNotExist" classname="AutoTest.PartnerTest" time="0.964"/>
  <testcase name="getContactRolesGuidNotExist" classname="AutoTest.PartnerTest" time="1.008"/>
  <testcase name="getContactRolesList" classname="AutoTest.PartnerTest" time="1.014"/>
  <testcase name="getContactRolesList" classname="AutoTest.PartnerTest" time="0.989"/>
  <testcase name="getContactRolesList" classname="AutoTest.PartnerTest" time="1.052"/>
  <testcase name="getContactRolesList" classname="AutoTest.PartnerTest" time="1.051"/>
  <testcase name="getContactRolesList" classname="AutoTest.PartnerTest" time="1.021"/>
  <testcase name="getContactRolesList" classname="AutoTest.PartnerTest" time="1.028"/>
  <testcase name="getContactRolesListStepIsEmpty" classname="AutoTest.PartnerTest" time="0.955"/>
  <testcase name="getContactRolesMaxPlus" classname="AutoTest.PartnerTest" time="1.125"/>
  <testcase name="getContactRolesMaxPlus" classname="AutoTest.PartnerTest" time="0.854"/>
  <testcase name="getContactRolesMaxPlus" classname="AutoTest.PartnerTest" time="1.006"/>
  <testcase name="getContactRolesMaxPlus" classname="AutoTest.PartnerTest" time="1.053"/>
  <testcase name="getContactRolesMaxPlus" classname="AutoTest.PartnerTest" time="0.965"/>
  <testcase name="getContactRolesMaxPlus" classname="AutoTest.PartnerTest" time="0.994"/>
  <testcase name="getContactRolesMaxPlus" classname="AutoTest.PartnerTest" time="1.01"/>
  <testcase name="getContactRolesMaxPlus" classname="AutoTest.PartnerTest" time="0.991"/>
  <testcase name="getContactRolesMaxPlus" classname="AutoTest.PartnerTest" time="1.026"/>
  <testcase name="getContactRolesMaxPlus" classname="AutoTest.PartnerTest" time="0.978"/>
  <testcase name="getContactRolesMaxPlus" classname="AutoTest.PartnerTest" time="1.009"/>
  <testcase name="getContactRolesMaxPlus" classname="AutoTest.PartnerTest" time="0.986"/>
  <testcase name="getContactRolesMaxPlus" classname="AutoTest.PartnerTest" time="1.001"/>
  <testcase name="getContactRolesMaxPlus" classname="AutoTest.PartnerTest" time="0.997"/>
  <testcase name="getContactRolesMaxPlus" classname="AutoTest.PartnerTest" time="1.023"/>
  <testcase name="getPartnerConcernTypeGuid" classname="AutoTest.PartnerTest" time="1.044"/>
  <testcase name="getPartnerConcernTypeGuidNotExist" classname="AutoTest.PartnerTest" time="0.956"/>
  <testcase name="getPartnerConcernTypeGuidNotExist" classname="AutoTest.PartnerTest" time="1.076"/>
  <testcase name="getPartnerConcernTypeGuidNotExist" classname="AutoTest.PartnerTest" time="1.001"/>
  <testcase name="getPartnerConcernTypeGuidNotExist" classname="AutoTest.PartnerTest" time="1.013"/>
  <testcase name="getPartnerConcernTypeGuidNotExist" classname="AutoTest.PartnerTest" time="1.023"/>
  <testcase name="getPartnerConcernTypeGuidNotExist" classname="AutoTest.PartnerTest" time="1.073"/>
  <testcase name="getPartnerConcernTypeGuidNotExist" classname="AutoTest.PartnerTest" time="0.92"/>
  <testcase name="getPartnerConcernTypeGuidNotExist" classname="AutoTest.PartnerTest" time="1.087"/>
  <testcase name="getPartnerConcernTypeGuidNotExist" classname="AutoTest.PartnerTest" time="1.02"/>
  <testcase name="getPartnerConcernTypeGuidNotExist" classname="AutoTest.PartnerTest" time="0.954"/>
  <testcase name="getPartnerConcernTypeGuidNotExist" classname="AutoTest.PartnerTest" time="1.003"/>
  <testcase name="getPartnerConcernTypeList" classname="AutoTest.PartnerTest" time="1.184"/>
  <testcase name="getPartnerConcernTypeList" classname="AutoTest.PartnerTest" time="0.897"/>
  <testcase name="getPartnerConcernTypeList" classname="AutoTest.PartnerTest" time="0.966"/>
  <testcase name="getPartnerConcernTypeList" classname="AutoTest.PartnerTest" time="0.993"/>
  <testcase name="getPartnerConcernTypeList" classname="AutoTest.PartnerTest" time="1.073"/>
  <testcase name="getPartnerConcernTypeList" classname="AutoTest.PartnerTest" time="0.911"/>
  <testcase name="getPartnerConcernTypeListStepIsEmpty" classname="AutoTest.PartnerTest" time="1.03"/>
  <testcase name="getPartnerConcernTypeListStepMaxPlus" classname="AutoTest.PartnerTest" time="1.008"/>
  <testcase name="getPartnerConcernTypeListStepMaxPlus" classname="AutoTest.PartnerTest" time="0.947"/>
  <testcase name="getPartnerConcernTypeListStepMaxPlus" classname="AutoTest.PartnerTest" time="0.999"/>
  <testcase name="getPartnerConcernTypeListStepMaxPlus" classname="AutoTest.PartnerTest" time="1.008"/>
  <testcase name="getPartnerConcernTypeListStepMaxPlus" classname="AutoTest.PartnerTest" time="1.083"/>
  <testcase name="getPartnerConcernTypeListStepMaxPlus" classname="AutoTest.PartnerTest" time="1.025"/>
  <testcase name="getPartnerConcernTypeListStepMaxPlus" classname="AutoTest.PartnerTest" time="0.953"/>
  <testcase name="getPartnerConcernTypeListStepMaxPlus" classname="AutoTest.PartnerTest" time="1.05"/>
  <testcase name="getPartnerConcernTypeListStepMaxPlus" classname="AutoTest.PartnerTest" time="0.998"/>
  <testcase name="getPartnerConcernTypeListStepMaxPlus" classname="AutoTest.PartnerTest" time="0.963"/>
  <testcase name="getPartnerConcernTypeListStepMaxPlus" classname="AutoTest.PartnerTest" time="1.01"/>
  <testcase name="getPartnerConcernTypeListStepMaxPlus" classname="AutoTest.PartnerTest" time="0.99"/>
  <testcase name="getPartnerConcernTypeListStepMaxPlus" classname="AutoTest.PartnerTest" time="0.991"/>
  <testcase name="getPartnerConcernTypeListStepMaxPlus" classname="AutoTest.PartnerTest" time="1.055"/>
  <testcase name="getPartnerConcernTypeListStepMaxPlus" classname="AutoTest.PartnerTest" time="0.955"/>
  <testcase name="getPartnerGuid" classname="AutoTest.PartnerTest" time="1.083"/>
  <testcase name="getPartnerGuidNotExist" classname="AutoTest.PartnerTest" time="0.951"/>
  <testcase name="getPartnerGuidNotExist" classname="AutoTest.PartnerTest" time="0.981"/>
  <testcase name="getPartnerGuidNotExist" classname="AutoTest.PartnerTest" time="1.019"/>
  <testcase name="getPartnerGuidNotExist" classname="AutoTest.PartnerTest" time="0.991"/>
  <testcase name="getPartnerGuidNotExist" classname="AutoTest.PartnerTest" time="1.05"/>
  <testcase name="getPartnerGuidNotExist" classname="AutoTest.PartnerTest" time="1"/>
  <testcase name="getPartnerGuidNotExist" classname="AutoTest.PartnerTest" time="1.056"/>
  <testcase name="getPartnerGuidNotExist" classname="AutoTest.PartnerTest" time="0.887"/>
  <testcase name="getPartnerGuidNotExist" classname="AutoTest.PartnerTest" time="1.167"/>
  <testcase name="getPartnerGuidNotExist" classname="AutoTest.PartnerTest" time="0.866"/>
  <testcase name="getPartnerGuidNotExist" classname="AutoTest.PartnerTest" time="0.987"/>
  <testcase name="getPartnerList" classname="AutoTest.PartnerTest" time="1.373"/>
  <testcase name="getPartnerList" classname="AutoTest.PartnerTest" time="0.96"/>
  <testcase name="getPartnerList" classname="AutoTest.PartnerTest" time="1.128"/>
  <testcase name="getPartnerList" classname="AutoTest.PartnerTest" time="2.011"/>
  <testcase name="getPartnerList" classname="AutoTest.PartnerTest" time="2.045"/>
  <testcase name="getPartnerList" classname="AutoTest.PartnerTest" time="2.325"/>
  <testcase name="getPartnerListStepIsEmpty" classname="AutoTest.PartnerTest" time="1.545"/>
  <testcase name="getPartnerListStepMaxPlus" classname="AutoTest.PartnerTest" time="0.799"/>
  <testcase name="getPartnerListStepMaxPlus" classname="AutoTest.PartnerTest" time="1.05"/>
  <testcase name="getPartnerListStepMaxPlus" classname="AutoTest.PartnerTest" time="1.008"/>
  <testcase name="getPartnerListStepMaxPlus" classname="AutoTest.PartnerTest" time="0.994"/>
  <testcase name="getPartnerListStepMaxPlus" classname="AutoTest.PartnerTest" time="1.014"/>
  <testcase name="getPartnerListStepMaxPlus" classname="AutoTest.PartnerTest" time="1.031"/>
  <testcase name="getPartnerListStepMaxPlus" classname="AutoTest.PartnerTest" time="0.945"/>
  <testcase name="getPartnerListStepMaxPlus" classname="AutoTest.PartnerTest" time="1.053"/>
  <testcase name="getPartnerListStepMaxPlus" classname="AutoTest.PartnerTest" time="1.005"/>
  <testcase name="getPartnerListStepMaxPlus" classname="AutoTest.PartnerTest" time="0.965"/>
  <testcase name="getPartnerListStepMaxPlus" classname="AutoTest.PartnerTest" time="1.031"/>
  <testcase name="getPartnerListStepMaxPlus" classname="AutoTest.PartnerTest" time="0.996"/>
  <testcase name="getPartnerListStepMaxPlus" classname="AutoTest.PartnerTest" time="1.11"/>
  <testcase name="getPartnerListStepMaxPlus" classname="AutoTest.PartnerTest" time="0.867"/>
  <testcase name="getPartnerListStepMaxPlus" classname="AutoTest.PartnerTest" time="1.1"/>
  <testcase name="getPartnerSearchCodeList" classname="AutoTest.PartnerTest" time="1.116"/>
  <testcase name="getPartnerSearchEmptyParametr" classname="AutoTest.PartnerTest" time="0.997"/>
  <testcase name="getPartnerSearchInnKppList" classname="AutoTest.PartnerTest" time="1.12"/>
  <testcase name="getPartnerSearchInnList" classname="AutoTest.PartnerTest" time="0.934"/>
  <testcase name="getPartnerSearchName" classname="AutoTest.PartnerTest" time="2.177"/>
  <testcase name="getDivisionsGuid" classname="AutoTest.StructureTest" time="0.85"/>
  <testcase name="getDivisionsGuidNotExist" classname="AutoTest.StructureTest" time="0.972"/>
  <testcase name="getDivisionsGuidNotExist" classname="AutoTest.StructureTest" time="1.033"/>
  <testcase name="getDivisionsGuidNotExist" classname="AutoTest.StructureTest" time="0.955"/>
  <testcase name="getDivisionsGuidNotExist" classname="AutoTest.StructureTest" time="1.062"/>
  <testcase name="getDivisionsGuidNotExist" classname="AutoTest.StructureTest" time="0.98"/>
  <testcase name="getDivisionsGuidNotExist" classname="AutoTest.StructureTest" time="0.976"/>
  <testcase name="getDivisionsGuidNotExist" classname="AutoTest.StructureTest" time="0.999"/>
  <testcase name="getDivisionsGuidNotExist" classname="AutoTest.StructureTest" time="1.006"/>
  <testcase name="getDivisionsGuidNotExist" classname="AutoTest.StructureTest" time="1.003"/>
  <testcase name="getDivisionsGuidNotExist" classname="AutoTest.StructureTest" time="1.013"/>
  <testcase name="getDivisionsGuidNotExist" classname="AutoTest.StructureTest" time="1.036"/>
  <testcase name="getDivisionsList" classname="AutoTest.StructureTest" time="0.984"/>
  <testcase name="getDivisionsList" classname="AutoTest.StructureTest" time="1.014"/>
  <testcase name="getDivisionsList" classname="AutoTest.StructureTest" time="1.024"/>
  <testcase name="getDivisionsList" classname="AutoTest.StructureTest" time="1.107"/>
  <testcase name="getDivisionsList" classname="AutoTest.StructureTest" time="0.915"/>
  <testcase name="getDivisionsList" classname="AutoTest.StructureTest" time="1.017"/>
  <testcase name="getDivisionsListStepIsEmpty" classname="AutoTest.StructureTest" time="0.963"/>
  <testcase name="getDivisionsListStepMaxPlus" classname="AutoTest.StructureTest" time="1.015"/>
  <testcase name="getDivisionsListStepMaxPlus" classname="AutoTest.StructureTest" time="1.002"/>
  <testcase name="getDivisionsListStepMaxPlus" classname="AutoTest.StructureTest" time="1.004"/>
  <testcase name="getDivisionsListStepMaxPlus" classname="AutoTest.StructureTest" time="1.024"/>
  <testcase name="getDivisionsListStepMaxPlus" classname="AutoTest.StructureTest" time="0.979"/>
  <testcase name="getDivisionsListStepMaxPlus" classname="AutoTest.StructureTest" time="0.99"/>
  <testcase name="getDivisionsListStepMaxPlus" classname="AutoTest.StructureTest" time="0.998"/>
  <testcase name="getDivisionsListStepMaxPlus" classname="AutoTest.StructureTest" time="0.999"/>
  <testcase name="getDivisionsListStepMaxPlus" classname="AutoTest.StructureTest" time="1.087"/>
  <testcase name="getDivisionsListStepMaxPlus" classname="AutoTest.StructureTest" time="0.921"/>
  <testcase name="getDivisionsListStepMaxPlus" classname="AutoTest.StructureTest" time="1.003"/>
  <testcase name="getDivisionsListStepMaxPlus" classname="AutoTest.StructureTest" time="1.005"/>
  <testcase name="getDivisionsListStepMaxPlus" classname="AutoTest.StructureTest" time="1.17"/>
  <testcase name="getDivisionsListStepMaxPlus" classname="AutoTest.StructureTest" time="0.818"/>
  <testcase name="getDivisionsListStepMaxPlus" classname="AutoTest.StructureTest" time="1.003"/>
  <testcase name="getOrganizationGuid" classname="AutoTest.StructureTest" time="1.09"/>
  <testcase name="getOrganizationGuidNotExist" classname="AutoTest.StructureTest" time="1.175"/>
  <testcase name="getOrganizationGuidNotExist" classname="AutoTest.StructureTest" time="0.853"/>
  <testcase name="getOrganizationGuidNotExist" classname="AutoTest.StructureTest" time="0.877"/>
  <testcase name="getOrganizationGuidNotExist" classname="AutoTest.StructureTest" time="1.022"/>
  <testcase name="getOrganizationGuidNotExist" classname="AutoTest.StructureTest" time="0.996"/>
  <testcase name="getOrganizationGuidNotExist" classname="AutoTest.StructureTest" time="1.011"/>
  <testcase name="getOrganizationGuidNotExist" classname="AutoTest.StructureTest" time="0.997"/>
  <testcase name="getOrganizationGuidNotExist" classname="AutoTest.StructureTest" time="0.974"/>
  <testcase name="getOrganizationGuidNotExist" classname="AutoTest.StructureTest" time="1.053"/>
  <testcase name="getOrganizationGuidNotExist" classname="AutoTest.StructureTest" time="0.987"/>
  <testcase name="getOrganizationGuidNotExist" classname="AutoTest.StructureTest" time="0.995"/>
  <testcase name="getOrganizationList" classname="AutoTest.StructureTest" time="1.182"/>
  <testcase name="getOrganizationList" classname="AutoTest.StructureTest" time="0.915"/>
  <testcase name="getOrganizationList" classname="AutoTest.StructureTest" time="0.963"/>
  <testcase name="getOrganizationList" classname="AutoTest.StructureTest" time="1.455"/>
  <testcase name="getOrganizationList" classname="AutoTest.StructureTest" time="1.277"/>
  <testcase name="getOrganizationList" classname="AutoTest.StructureTest" time="1.247"/>
  <testcase name="getOrganizationListStepIsEmpty" classname="AutoTest.StructureTest" time="1.708"/>
  <testcase name="getOrganizationListStepMaxPlus" classname="AutoTest.StructureTest" time="0.251"/>
  <testcase name="getOrganizationListStepMaxPlus" classname="AutoTest.StructureTest" time="1.074"/>
  <testcase name="getOrganizationListStepMaxPlus" classname="AutoTest.StructureTest" time="0.958"/>
  <testcase name="getOrganizationListStepMaxPlus" classname="AutoTest.StructureTest" time="0.99"/>
  <testcase name="getOrganizationListStepMaxPlus" classname="AutoTest.StructureTest" time="1.072"/>
  <testcase name="getOrganizationListStepMaxPlus" classname="AutoTest.StructureTest" time="0.921"/>
  <testcase name="getOrganizationListStepMaxPlus" classname="AutoTest.StructureTest" time="1.165"/>
  <testcase name="getOrganizationListStepMaxPlus" classname="AutoTest.StructureTest" time="0.874"/>
  <testcase name="getOrganizationListStepMaxPlus" classname="AutoTest.StructureTest" time="1.007"/>
  <testcase name="getOrganizationListStepMaxPlus" classname="AutoTest.StructureTest" time="1.004"/>
  <testcase name="getOrganizationListStepMaxPlus" classname="AutoTest.StructureTest" time="1.054"/>
  <testcase name="getOrganizationListStepMaxPlus" classname="AutoTest.StructureTest" time="1.057"/>
  <testcase name="getOrganizationListStepMaxPlus" classname="AutoTest.StructureTest" time="1.008"/>
  <testcase name="getOrganizationListStepMaxPlus" classname="AutoTest.StructureTest" time="0.998"/>
  <testcase name="getOrganizationListStepMaxPlus" classname="AutoTest.StructureTest" time="0.962"/>
  <testcase name="getOrganizationMsfo" classname="AutoTest.StructureTest" time="1.839">
    <failure message="1 expectation failed.&#10;JSON path name doesn&apos;t match.&#10;Expected: a collection containing &quot;Vogel&amp;Noot AgroSrb ad (Сербия)&quot;&#10;  Actual: &lt;[Silvatec Skovmaskiner AS, ЧПМ АО (История), ОАО КурганМашЗавод (история), ООО РЕМЭКС (история), ООО Четра-КЗЧ (История), ОАО КЗК ПО (История), ОАО Росмашком (История), ОАО Липецкое торгово-промышленное объединение (История), ПКТИ КОМБАЙНОСТРОЕНИЯ АО (История), ООО ККУ Концерн Тракторные заводы (История), АО ЛТПО, ООО ЧЗСА, ООО Березки, ООО Венчурные технологии, ООО Сосновый бор, ООО Фортуна, ГК АМХ (История), ООО Железнодорожные технологии, ООО Промышленные услуги, ООО Частная охранная организация ДИС, ООО Три богатыря, ООО Волжская вагонная компания, ЗАО Курганмашинвест, ПК ПРОМТРАКТОР ОСП ООО, ООО Мир, ООО Сибагролизинг, ГК ВМТЗ (История), ООО Курганмашобщепит-сервис, AgromashHolding B.V., ООО СПМ, AGROMASHHOLDING-TASHKENT, CHETRA Middle East FZE, Silvatec (IR) Ltd., Silvatec (UK) Ltd., Silvatec France S.A.R.L., Агромашхолдинг-Баку ООО, ООО Агрозапчасть, Промбизнесгрупп, АгромашХолдинг-Бишкек, Агромашхолдинг-РК, Агромашхолдинг-ЮГ, АМХ-Инвест, ООО Бизнес-Инвест, ООО Бизнес Тандем, ООО Четра-Форест, Жемчужина Сибири, ООО Информ-Стандарт, ООО КрасОр, ООО Негоциант XXI, Орловский завод коммунальных машин, ПО БКТЗ ООО, ООО Полином плюс, Brendora Ltd, MIG Europe GmbH, Chetra Machinery Trade India Private Ltd, Premium Parts Produktions GmbH (группа VN), Machinery Industrial Group N.V., ОАО НИИ стали (история), ООО ЗИП КТЗ, Vogel Noot Landmaschinen GmbH Co KG, Vogel Noot Landmaschinen GmbH (Австрия), Vogel Noot Mezogepgyar K.F.T.(Венгрия), Vogel Noot Talajtechnika K.F.T. (Венгрия), ЗАО Мост, Суперсталь ОАО, ООО ЧОО ЖБК, ПУБЛИЧНОЕ АКЦИОНЕРНОЕ ОБЩЕСТВО АВТОДИЗЕЛЬ (ЯРОСЛАВСКИЙ МОТОРНЫЙ ЗАВОД), Агромашхолдинг АО (Казахстан), МУЗЕЙ ИСТОРИИ ТРАКТОРА ЧУК, ООО Канал 5 плюс, РЖДС-Регион ООО, ООО Фабрика чистоты, Сталь банк (ООО), ООО Гостиница Веда, ООО Инвестиционная Компания Актив, ОАО Уник, ООО ФПК Альфа-Инвест-Капитал, ООО ЧОП Альянс, ООО ЧОО Вымпел, Сова ООО, ООО ЧОП Служба-9А, New Technologies Holding B.V, Chetra Machinery Trade ТОО, Concern Tractor Plants Deutschland GmbH, IHB Beteiligungs GmbH (МК-группа VN), Metallic Commodities Inc., MIG Parts and Components GmbH, Агромашхолдинг Туркменистан ХО, VogelNoot AgroSrb ad (Сербия), Vogel Noot Agrorom S.R.L.(Румыния), Vogel Noot Espana S.A.U.(Испания), Vogel Noot France S.A.R.L.(Франция), ООО Информ Стандарт Софт, ООО Восток, ООО Промстар, ООО Энергопредприятие, Департамент экспортных продаж, ООО Молли Мелоун, СБЕ_Внешняя кооперация (ОЕМ), ООО Индустриальный лизинг, ООО РЕМЭКС, САНОЭТ СП, ВМТЗ ООО, Запчасть ООО, ООО ЧЕТРА, Русагромаш ООО, ООО ТОРГОВЫЙ ДОМ ВОЛГОГРАДСКИЙ ТРАКТОР, Dundela Ltd, ООО СалаватГидравлика, ООО ЖМУ, Arshaly New Land ТОО, ООО СК Зауралец, НПК ЕВА ООО, ООО Дворец культуры машиностроителей, ОТЗ ООО, АО АМЗ, МИГ КТЗ АО, ООО КАВАЗ, АО Комплексное обеспечение, ООО КМЗ-Финанс, ООО ЗКЛЗ, ЗРР ВТЗ ООО, ООО ВТК ВГТЗ, ООО ЭСР, ООО Аверс, АО АРХИВНЫЙ ЦЕНТР КТЗ, ООО АСК, ООО РУСТРАКТОР, ООО ТЕХНОЛОГИИ ПРОИЗВОДСТВА, УК ТЕХНОПАРК АГРЕГАТНЫЙ ООО, ООО АМЗ, ООО МИКОНТ, ООО Т-КАПИТАЛ, VogelNoot Spray Solutions GmbH, ООО Технопарк, ООО Гранд-Снаб, СИГМА трейдинг корпорейшн ООО, Vogel Noot Seed Solutions S.R.O.(Словакия), MLT PROFY MACHINERY D.O.O, ООО ЛКЗ, АСО ООО, ООО СУЭЗ, ПБ Урожай ООО, ПАО Курганмашзавод, ОАО СКБМ, ТК ВГТЗ АО, ОАО ТПР ВгТЗ (ГК), ООО Липецкий завод гусеничных тягачей, ООО ВКЛЗ, Четра - Дорожные машины ООО, Гидроальянс ОАО, БАРНАУЛЬСКИЙ ЛИТЕЙНЫЙ ЗАВОД ООО, ОАО ВгТЗ ТПР, ООО МИГ КТЗ, АО Сарэкс, НИИ стали АО, ООО Промтрактор - Финанс, АО РОСМАШКОМ, ООО ВМК ВгТЗ, ГК Промтрактор, ООО АМХ, ЧЕТРА-КУЗБАСС ООО, ООО ПАРАДИС, ООО ПК ЧАЗ, ООО ЧСК, АО ПРОМЫШЛЕННЫЕ МАШИНЫ, ЖДУ ООО, ООО Агромашхолдинг-Украина, Most Technics GmbH, ООО Агродом, ООО ГСКБ ХС (ИСТОРИЯ), ОАО Краслесмаш, ГК ВгТЗ, ООО Сервисная компания, ГК ДИС, ООО ТД ТМ, ООО Промлит, ООО РЕЙЛ ТМ, ООО ОИК, ЧЕТРА-КРАНЭКС ООО, АО РУСТРАКТОР, ПК ПРОМТРАКТОР ОСП ООО, ООО АКТИВ, ООО ХК ТМ, ООО УК ТМ, ООО ПК ЧТЗ, АО СМИ, АО ПТ, ООО СЛЦ ТМ, ООО Отель-ДИС, АО Вагон, ООО Чебоксарский сталеплавильный завод, АО ПО КЗК(История), ООО ЗАВОД АГРОМАШ, ООО ККУ, ООО ПТЛ, ООО ИТС, ЧАЗ, ООО ПРОМТЕХ, ООО КЗЧ]&gt;&#10;" type="java.lang.AssertionError"><![CDATA[java.lang.AssertionError: 
1 expectation failed.
JSON path name doesn't match.
Expected: a collection containing "Vogel&Noot AgroSrb ad (Сербия)"
  Actual: <[Silvatec Skovmaskiner AS, ЧПМ АО (История), ОАО КурганМашЗавод (история), ООО РЕМЭКС (история), ООО Четра-КЗЧ (История), ОАО КЗК ПО (История), ОАО Росмашком (История), ОАО Липецкое торгово-промышленное объединение (История), ПКТИ КОМБАЙНОСТРОЕНИЯ АО (История), ООО ККУ Концерн Тракторные заводы (История), АО ЛТПО, ООО ЧЗСА, ООО Березки, ООО Венчурные технологии, ООО Сосновый бор, ООО Фортуна, ГК АМХ (История), ООО Железнодорожные технологии, ООО Промышленные услуги, ООО Частная охранная организация ДИС, ООО Три богатыря, ООО Волжская вагонная компания, ЗАО Курганмашинвест, ПК ПРОМТРАКТОР ОСП ООО, ООО Мир, ООО Сибагролизинг, ГК ВМТЗ (История), ООО Курганмашобщепит-сервис, AgromashHolding B.V., ООО СПМ, AGROMASHHOLDING-TASHKENT, CHETRA Middle East FZE, Silvatec (IR) Ltd., Silvatec (UK) Ltd., Silvatec France S.A.R.L., Агромашхолдинг-Баку ООО, ООО Агрозапчасть, Промбизнесгрупп, АгромашХолдинг-Бишкек, Агромашхолдинг-РК, Агромашхолдинг-ЮГ, АМХ-Инвест, ООО Бизнес-Инвест, ООО Бизнес Тандем, ООО Четра-Форест, Жемчужина Сибири, ООО Информ-Стандарт, ООО КрасОр, ООО Негоциант XXI, Орловский завод коммунальных машин, ПО БКТЗ ООО, ООО Полином плюс, Brendora Ltd, MIG Europe GmbH, Chetra Machinery Trade India Private Ltd, Premium Parts Produktions GmbH (группа VN), Machinery Industrial Group N.V., ОАО НИИ стали (история), ООО ЗИП КТЗ, Vogel Noot Landmaschinen GmbH Co KG, Vogel Noot Landmaschinen GmbH (Австрия), Vogel Noot Mezogepgyar K.F.T.(Венгрия), Vogel Noot Talajtechnika K.F.T. (Венгрия), ЗАО Мост, Суперсталь ОАО, ООО ЧОО ЖБК, ПУБЛИЧНОЕ АКЦИОНЕРНОЕ ОБЩЕСТВО АВТОДИЗЕЛЬ (ЯРОСЛАВСКИЙ МОТОРНЫЙ ЗАВОД), Агромашхолдинг АО (Казахстан), МУЗЕЙ ИСТОРИИ ТРАКТОРА ЧУК, ООО Канал 5 плюс, РЖДС-Регион ООО, ООО Фабрика чистоты, Сталь банк (ООО), ООО Гостиница Веда, ООО Инвестиционная Компания Актив, ОАО Уник, ООО ФПК Альфа-Инвест-Капитал, ООО ЧОП Альянс, ООО ЧОО Вымпел, Сова ООО, ООО ЧОП Служба-9А, New Technologies Holding B.V, Chetra Machinery Trade ТОО, Concern Tractor Plants Deutschland GmbH, IHB Beteiligungs GmbH (МК-группа VN), Metallic Commodities Inc., MIG Parts and Components GmbH, Агромашхолдинг Туркменистан ХО, VogelNoot AgroSrb ad (Сербия), Vogel Noot Agrorom S.R.L.(Румыния), Vogel Noot Espana S.A.U.(Испания), Vogel Noot France S.A.R.L.(Франция), ООО Информ Стандарт Софт, ООО Восток, ООО Промстар, ООО Энергопредприятие, Департамент экспортных продаж, ООО Молли Мелоун, СБЕ_Внешняя кооперация (ОЕМ), ООО Индустриальный лизинг, ООО РЕМЭКС, САНОЭТ СП, ВМТЗ ООО, Запчасть ООО, ООО ЧЕТРА, Русагромаш ООО, ООО ТОРГОВЫЙ ДОМ ВОЛГОГРАДСКИЙ ТРАКТОР, Dundela Ltd, ООО СалаватГидравлика, ООО ЖМУ, Arshaly New Land ТОО, ООО СК Зауралец, НПК ЕВА ООО, ООО Дворец культуры машиностроителей, ОТЗ ООО, АО АМЗ, МИГ КТЗ АО, ООО КАВАЗ, АО Комплексное обеспечение, ООО КМЗ-Финанс, ООО ЗКЛЗ, ЗРР ВТЗ ООО, ООО ВТК ВГТЗ, ООО ЭСР, ООО Аверс, АО АРХИВНЫЙ ЦЕНТР КТЗ, ООО АСК, ООО РУСТРАКТОР, ООО ТЕХНОЛОГИИ ПРОИЗВОДСТВА, УК ТЕХНОПАРК АГРЕГАТНЫЙ ООО, ООО АМЗ, ООО МИКОНТ, ООО Т-КАПИТАЛ, VogelNoot Spray Solutions GmbH, ООО Технопарк, ООО Гранд-Снаб, СИГМА трейдинг корпорейшн ООО, Vogel Noot Seed Solutions S.R.O.(Словакия), MLT PROFY MACHINERY D.O.O, ООО ЛКЗ, АСО ООО, ООО СУЭЗ, ПБ Урожай ООО, ПАО Курганмашзавод, ОАО СКБМ, ТК ВГТЗ АО, ОАО ТПР ВгТЗ (ГК), ООО Липецкий завод гусеничных тягачей, ООО ВКЛЗ, Четра - Дорожные машины ООО, Гидроальянс ОАО, БАРНАУЛЬСКИЙ ЛИТЕЙНЫЙ ЗАВОД ООО, ОАО ВгТЗ ТПР, ООО МИГ КТЗ, АО Сарэкс, НИИ стали АО, ООО Промтрактор - Финанс, АО РОСМАШКОМ, ООО ВМК ВгТЗ, ГК Промтрактор, ООО АМХ, ЧЕТРА-КУЗБАСС ООО, ООО ПАРАДИС, ООО ПК ЧАЗ, ООО ЧСК, АО ПРОМЫШЛЕННЫЕ МАШИНЫ, ЖДУ ООО, ООО Агромашхолдинг-Украина, Most Technics GmbH, ООО Агродом, ООО ГСКБ ХС (ИСТОРИЯ), ОАО Краслесмаш, ГК ВгТЗ, ООО Сервисная компания, ГК ДИС, ООО ТД ТМ, ООО Промлит, ООО РЕЙЛ ТМ, ООО ОИК, ЧЕТРА-КРАНЭКС ООО, АО РУСТРАКТОР, ПК ПРОМТРАКТОР ОСП ООО, ООО АКТИВ, ООО ХК ТМ, ООО УК ТМ, ООО ПК ЧТЗ, АО СМИ, АО ПТ, ООО СЛЦ ТМ, ООО Отель-ДИС, АО Вагон, ООО Чебоксарский сталеплавильный завод, АО ПО КЗК(История), ООО ЗАВОД АГРОМАШ, ООО ККУ, ООО ПТЛ, ООО ИТС, ЧАЗ, ООО ПРОМТЕХ, ООО КЗЧ]>

	at AutoTest.StructureTest.getOrganizationMsfo(StructureTest.java:59)
]]></failure>
    <system-out><![CDATA[HTTP/1.1 200 OK
Date: Wed, 24 Jan 2024 06:04:55 GMT
Server: Apache/2.4.23 (Win64)
X-NextPage: http://dev1c:8080/MDM_Gribov_2541/hs/klass/organization?step=200&nextPage=2
X-NextPage1C: /organization?step=200&nextPage=2
Content-Length: 247728
Keep-Alive: timeout=5, max=99
Connection: Keep-Alive
Content-Type: application/json; charset=utf-8

[
    {
        "guid": "a6b2fb2d-b119-11ee-b5b6-005056013b0c",
        "archive": false,
        "dateOutputArchive": "0001-01-01T00:00:00Z",
        "code": "1005",
        "codeMSFO": "11262",
        "partner": "00000000-0000-0000-0000-000000000000",
        "virtual": false,
        "name": "Silvatec Skovmaskiner AS",
        "nameAbbreviated": "Silvatec",
        "nameFull": "Silvatec Skovmaskiner AS",
        "nameEnglish": "silvatec",
        "type": 1,
        "noResident": false,
        "inn": "",
        "kpp": "",
        "kppAdditional": "",
        "registrationNumber": "DK 73386810",
        "separateUnit": false,
        "organizationHead": "00000000-0000-0000-0000-000000000000",
        "concernType": "00000000-0000-0000-0000-000000000000",
        "concernTypeCode": "",
        "concernTypeHistory": [
            
        ],
        "basis": "",
        "division": "00000000-0000-0000-0000-000000000000",
        "divisionCode": "",
        "divisionHistory": [
            
        ],
        "comment": "",
        "ogrn": "",
        "dateRegistration": "2006-12-31T21:00:00Z",
        "okpo": "",
        "okved": "00000000-0000-0000-0000-000000000000",
        "okvedCode": "",
        "ifnsCode": "",
        "ifnsName": "",
        "taxCode": "",
        "taxName": "",
        "certificateCode": "",
        "certificateDate": "0001-01-01T00:00:00Z",
        "contactInformation": [
            
        ]
    },
    {
        "guid": "a6b2faec-b119-11ee-b5b6-005056013b0c",
        "archive": false,
        "dateOutputArchive": "0001-01-01T00:00:00Z",
        "code": "1",
        "codeMSFO": "",
        "partner": "00000000-0000-0000-0000-000000000000",
        "virtual": false,
        "name": "ЧПМ АО (История)",
        "nameAbbreviated": "ЧПМ (История)",
        "nameFull": "Акционерное общество ЧЕТРА - Промышленные машины (История)",
        "nameEnglish": "chpm",
        "type": 1,
        "noResident": false,
        "inn": "",
        "kpp": "",
        "kppAdditional": "",
        "registrationNumber": "",
        "separateUnit": false,
        "organizationHead": "00000000-0000-0000-0000-000000000000",
        "concernType": "00000000-0000-0000-0000-000000000000",
        "concernTypeCode": "",
        "concernTypeHistory": [
            
        ],
        "basis": "",
        "division": "00000000-0000-0000-0000-000000000000",
        "divisionCode": "",
        "divisionHistory": [
            
        ],
        "comment": "",
        "ogrn": "",
        "dateRegistration": "2002-09-15T20:00:00Z",
        "okpo": "",
        "okved": "00000000-0000-0000-0000-000000000000",
        "okvedCode": "",
        "ifnsCode": "",
        "ifnsName": "",
        "taxCode": "",
        "taxName": "",
        "certificateCode": "",
        "certificateDate": "0001-01-01T00:00:00Z",
        "contactInformation": [
            
        ]
    },
    {
        "guid": "a6b2faed-b119-11ee-b5b6-005056013b0c",
        "archive": false,
        "dateOutputArchive": "0001-01-01T00:00:00Z",
        "code": "2",
        "codeMSFO": "",
        "partner": "00000000-0000-0000-0000-000000000000",
        "virtual": false,
        "name": "ОАО КурганМашЗавод (история)",
        "nameAbbreviated": "КМЗ (история)",
        "nameFull": "Открытое акционерное общество Курганский машиностроительный завод (история)",
        "nameEnglish": "kmz",
        "type": 1,
        "noResident": false,
        "inn": "",
        "kpp": "",
        "kppAdditional": "",
        "registrationNumber": "",
        "separateUnit": false,
        "organizationHead": "00000000-0000-0000-0000-000000000000",
        "concernType": "00000000-0000-0000-0000-000000000000",
        "concernTypeCode": "",
        "concernTypeHistory": [
            
        ],
        "basis": "",
        "division": "00000000-0000-0000-0000-000000000000",
        "divisionCode": "",
        "divisionHistory": [
            
        ],
        "comment": "",
        "ogrn": "",
        "dateRegistration": "2002-12-04T21:00:00Z",
        "okpo": "",
        "okved": "00000000-0000-0000-0000-000000000000",
        "okvedCode": "",
        "ifnsCode": "",
        "ifnsName": "",
        "taxCode": "",
        "taxName": "",
        "certificateCode": "",
        "certificateDate": "0001-01-01T00:00:00Z",
        "contactInformation": [
            
        ]
    },
    {
        "guid": "a6b2faee-b119-11ee-b5b6-005056013b0c",
        "archive": false,
        "dateOutputArchive": "0001-01-01T00:00:00Z",
        "code": "5",
        "codeMSFO": "",
        "partner": "00000000-0000-0000-0000-000000000000",
        "virtual": false,
        "name": "ООО РЕМЭКС (история)",
        "nameAbbreviated": "Ремэкс (история)",
        "nameFull": "Общество с ограниченной ответственностью РЕМЭКС (история)",
        "nameEnglish": "remex",
        "type": 1,
        "noResident": false,
        "inn": "",
        "kpp": "",
        "kppAdditional": "",
        "registrationNumber": "",
        "separateUnit": false,
        "organizationHead": "00000000-0000-0000-0000-000000000000",
        "concernType": "00000000-0000-0000-0000-000000000000",
        "concernTypeCode": "",
        "concernTypeHistory": [
            
        ],
        "basis": "",
        "division": "00000000-0000-0000-0000-000000000000",
        "divisionCode": "",
        "divisionHistory": [
            
        ],
        "comment": "",
        "ogrn": "",
        "dateRegistration": "2004-03-17T21:00:00Z",
        "okpo": "",
        "okved": "00000000-0000-0000-0000-000000000000",
        "okvedCode": "",
        "ifnsCode": "",
        "ifnsName": "",
        "taxCode": "",
        "taxName": "",
        "certificateCode": "",
        "certificateDate": "0001-01-01T00:00:00Z",
        "contactInformation": [
            
        ]
    },
    {
        "guid": "a6b2fb01-b119-11ee-b5b6-005056013b0c",
        "archive": false,
        "dateOutputArchive": "0001-01-01T00:00:00Z",
        "code": "6",
        "codeMSFO": "",
        "partner": "00000000-0000-0000-0000-000000000000",
        "virtual": false,
        "name": "ООО Четра-КЗЧ (История)",
        "nameAbbreviated": "ЧКЗЧ (История)",
        "nameFull": "Общество с ограниченной ответственностью ЧЕТРА-Комплектующие и запасные части (История)",
        "nameEnglish": "chkzch",
        "type": 1,
        "noResident": false,
        "inn": "",
        "kpp": "",
        "kppAdditional": "",
        "registrationNumber": "",
        "separateUnit": false,
        "organizationHead": "00000000-0000-0000-0000-000000000000",
        "concernType": "00000000-0000-0000-0000-000000000000",
        "concernTypeCode": "",
        "concernTypeHistory": [
            
        ],
        "basis": "",
        "division": "00000000-0000-0000-0000-000000000000",
        "divisionCode": "",
        "divisionHistory": [
            
        ],
        "comment": "",
        "ogrn": "",
        "dateRegistration": "2006-11-06T21:00:00Z",
        "okpo": "",
        "okved": "00000000-0000-0000-0000-000000000000",
        "okvedCode": "",
        "ifnsCode": "",
        "ifnsName": "",
        "taxCode": "",
        "taxName": "",
        "certificateCode": "",
        "certificateDate": "0001-01-01T00:00:00Z",
        "contactInformation": [
            
        ]
    },
    {
        "guid": "a6b2fb02-b119-11ee-b5b6-005056013b0c",
        "archive": false,
        "dateOutputArchive": "0001-01-01T00:00:00Z",
        "code": "10",
        "codeMSFO": "",
        "partner": "00000000-0000-0000-0000-000000000000",
        "virtual": false,
        "name": "ОАО КЗК ПО (История)",
        "nameAbbreviated": "КЗК (История)",
        "nameFull": "Открытое акционерное общество Производственное объединение Красноярский завод комбайнов (История)",
        "nameEnglish": "kzk",
        "type": 1,
        "noResident": false,
        "inn": "",
        "kpp": "",
        "kppAdditional": "",
        "registrationNumber": "",
        "separateUnit": false,
        "organizationHead": "00000000-0000-0000-0000-000000000000",
        "concernType": "00000000-0000-0000-0000-000000000000",
        "concernTypeCode": "",
        "concernTypeHistory": [
            
        ],
        "basis": "",
        "division": "00000000-0000-0000-0000-000000000000",
        "divisionCode": "",
        "divisionHistory": [
            
        ],
        "comment": "",
        "ogrn": "",
        "dateRegistration": "2002-09-18T20:00:00Z",
        "okpo": "",
        "okved": "00000000-0000-0000-0000-000000000000",
        "okvedCode": "",
        "ifnsCode": "",
        "ifnsName": "",
        "taxCode": "",
        "taxName": "",
        "certificateCode": "",
        "certificateDate": "0001-01-01T00:00:00Z",
        "contactInformation": [
            
        ]
    },
    {
        "guid": "a6b2fb16-b119-11ee-b5b6-005056013b0c",
        "archive": false,
        "dateOutputArchive": "0001-01-01T00:00:00Z",
        "code": "31",
        "codeMSFO": "",
        "partner": "00000000-0000-0000-0000-000000000000",
        "virtual": false,
        "name": "ОАО Росмашком (История)",
        "nameAbbreviated": "РМК (История)",
        "nameFull": "Открытое акционерное общество Росмашком (История)",
        "nameEnglish": "rmk",
        "type": 1,
        "noResident": false,
        "inn": "",
        "kpp": "",
        "kppAdditional": "",
        "registrationNumber": "",
        "separateUnit": false,
        "organizationHead": "00000000-0000-0000-0000-000000000000",
        "concernType": "00000000-0000-0000-0000-000000000000",
        "concernTypeCode": "",
        "concernTypeHistory": [
            
        ],
        "basis": "",
        "division": "00000000-0000-0000-0000-000000000000",
        "divisionCode": "",
        "divisionHistory": [
            
        ],
        "comment": "",
        "ogrn": "",
        "dateRegistration": "2003-06-30T20:00:00Z",
        "okpo": "",
        "okved": "00000000-0000-0000-0000-000000000000",
        "okvedCode": "",
        "ifnsCode": "",
        "ifnsName": "",
        "taxCode": "",
        "taxName": "",
        "certificateCode": "",
        "certificateDate": "0001-01-01T00:00:00Z",
        "contactInformation": [
            
        ]
    },
    {
        "guid": "a6b2fb29-b119-11ee-b5b6-005056013b0c",
        "archive": false,
        "dateOutputArchive": "0001-01-01T00:00:00Z",
        "code": "34",
        "codeMSFO": "",
        "partner": "00000000-0000-0000-0000-000000000000",
        "virtual": false,
        "name": "ОАО Липецкое торгово-промышленное объединение (История)",
        "nameAbbreviated": "ЛТПО (История)",
        "nameFull": "Открытое акционерное общество Липецкое торгово-промышленное объединение (История)",
        "nameEnglish": "lt",
        "type": 1,
        "noResident": false,
        "inn": "",
        "kpp": "",
        "kppAdditional": "",
        "registrationNumber": "",
        "separateUnit": false,
        "organizationHead": "00000000-0000-0000-0000-000000000000",
        "concernType": "00000000-0000-0000-0000-000000000000",
        "concernTypeCode": "",
        "concernTypeHistory": [
            
        ],
        "basis": "",
        "division": "00000000-0000-0000-0000-000000000000",
        "divisionCode": "",
        "divisionHistory": [
            
        ],
        "comment": "",
        "ogrn": "",
        "dateRegistration": "2002-10-09T20:00:00Z",
        "okpo": "",
        "okved": "00000000-0000-0000-0000-000000000000",
        "okvedCode": "",
        "ifnsCode": "",
        "ifnsName": "",
        "taxCode": "",
        "taxName": "",
        "certificateCode": "",
        "certificateDate": "0001-01-01T00:00:00Z",
        "contactInformation": [
            
        ]
    },
    {
        "guid": "a6b2fb2a-b119-11ee-b5b6-005056013b0c",
        "archive": false,
        "dateOutputArchive": "0001-01-01T00:00:00Z",
        "code": "35",
        "codeMSFO": "",
        "partner": "00000000-0000-0000-0000-000000000000",
        "virtual": false,
        "name": "ПКТИ КОМБАЙНОСТРОЕНИЯ АО (История)",
        "nameAbbreviated": "ПКТИ (История)",
        "nameFull": "Акционерное общество ПКТИ КОМБАЙНОСТРОЕНИЯ (История)",
        "nameEnglish": "pkti",
        "type": 1,
        "noResident": false,
        "inn": "",
        "kpp": "",
        "kppAdditional": "",
        "registrationNumber": "",
        "separateUnit": false,
        "organizationHead": "00000000-0000-0000-0000-000000000000",
        "concernType": "00000000-0000-0000-0000-000000000000",
        "concernTypeCode": "",
        "concernTypeHistory": [
            
        ],
        "basis": "",
        "division": "00000000-0000-0000-0000-000000000000",
        "divisionCode": "",
        "divisionHistory": [
            
        ],
        "comment": "",
        "ogrn": "",
        "dateRegistration": "2002-07-25T20:00:00Z",
        "okpo": "",
        "okved": "00000000-0000-0000-0000-000000000000",
        "okvedCode": "",
        "ifnsCode": "",
        "ifnsName": "",
        "taxCode": "",
        "taxName": "",
        "certificateCode": "",
        "certificateDate": "0001-01-01T00:00:00Z",
        "contactInformation": [
            
        ]
    },
    {
        "guid": "a6b2fb2b-b119-11ee-b5b6-005056013b0c",
        "archive": false,
        "dateOutputArchive": "0001-01-01T00:00:00Z",
        "code": "1000",
        "codeMSFO": "",
        "partner": "00000000-0000-0000-0000-000000000000",
        "virtual": false,
        "name": "ООО ККУ Концерн Тракторные заводы (История)",
        "nameAbbreviated": "ККУ КТЗ (История)",
        "nameFull": "Общество с ограниченной ответственностью ККУ Концерн Тракторные заводы (История)",
        "nameEnglish": "kku",
        "type": 1,
        "noResident": false,
        "inn": "",
        "kpp": "",
        "kppAdditional": "",
        "registrationNumber": "",
        "separateUnit": false,
        "organizationHead": "00000000-0000-0000-0000-000000000000",
        "concernType": "00000000-0000-0000-0000-000000000000",
        "concernTypeCode": "",
        "concernTypeHistory": [
            
        ],
        "basis": "",
        "division": "00000000-0000-0000-0000-000000000000",
        "divisionCode": "",
        "divisionHistory": [
            
        ],
        "comment": "",
        "ogrn": "",
        "dateRegistration": "2006-05-11T20:00:00Z",
        "okpo": "",
        "okved": "00000000-0000-0000-0000-000000000000",
        "okvedCode": "",
        "ifnsCode": "",
        "ifnsName": "",
        "taxCode": "",
        "taxName": "",
        "certificateCode": "",
        "certificateDate": "0001-01-01T00:00:00Z",
        "contactInformation": [
            
        ]
    },
    {
        "guid": "b5bf5261-8aaa-11ee-b5b1-005056013b0c",
        "archive": false,
        "dateOutputArchive": "0001-01-01T00:00:00Z",
        "code": "2790",
        "codeMSFO": "11225",
        "partner": "da80e39b-9f7d-11ee-b5b3-005056013b0c",
        "virtual": false,
        "name": "АО ЛТПО",
        "nameAbbreviated": "ЛИПЕЦКОЕ ТОРГОВО-ПРОМЫШЛЕННОЕ ОБЪЕДИНЕНИЕ АО",
        "nameFull": "АКЦИОНЕРНОЕ ОБЩЕСТВО ЛИПЕЦКОЕ ТОРГОВО-ПРОМЫШЛЕННОЕ ОБЪЕДИНЕНИЕ",
        "nameEnglish": "",
        "type": 1,
        "noResident": false,
        "inn": "4824022970",
        "kpp": "482401001",
        "kppAdditional": "",
        "registrationNumber": "",
        "separateUnit": false,
        "organizationHead": "00000000-0000-0000-0000-000000000000",
        "concernType": "78f12e4b-8aa4-11ee-b5b1-005056013b0c",
        "concernTypeCode": "2",
        "concernTypeHistory": [
            
        ],
        "basis": "не применимо",
        "division": "45c669b1-894e-11ee-b5b1-005056013b0c",
        "divisionCode": "5",
        "divisionHistory": [
            
        ],
        "comment": "",
        "ogrn": "",
        "dateRegistration": "2012-10-09T20:00:00Z",
        "okpo": "",
        "okved": "00000000-0000-0000-0000-000000000000",
        "okvedCode": "",
        "ifnsCode": "",
        "ifnsName": "",
        "taxCode": "",
        "taxName": "",
        "certificateCode": "",
        "certificateDate": "0001-01-01T00:00:00Z",
        "contactInformation": [
            
        ]
    },
    {
        "guid": "a6b2fb52-b119-11ee-b5b6-005056013b0c",
        "archive": true,
        "dateOutputArchive": "2019-08-21T21:00:00Z",
        "code": "1010",
        "codeMSFO": "11460",
        "partner": "8ce46658-9f7d-11ee-b5b3-005056013b0c",
        "virtual": false,
        "name": "ООО ЧЗСА",
        "nameAbbreviated": "ЧЗСА",
        "nameFull": "Чебоксарский завод силовых агрегатов",
        "nameEnglish": "chzsa",
        "type": 1,
        "noResident": false,
        "inn": "2127318285",
        "kpp": "213001001",
        "kppAdditional": "",
        "registrationNumber": "",
        "separateUnit": false,
        "organizationHead": "00000000-0000-0000-0000-000000000000",
        "concernType": "00000000-0000-0000-0000-000000000000",
        "concernTypeCode": "",
        "concernTypeHistory": [
            
        ],
        "basis": "",
        "division": "00000000-0000-0000-0000-000000000000",
        "divisionCode": "",
        "divisionHistory": [
            
        ],
        "comment": "",
        "ogrn": "",
        "dateRegistration": "2002-08-08T20:00:00Z",
        "okpo": "",
        "okved": "00000000-0000-0000-0000-000000000000",
        "okvedCode": "",
        "ifnsCode": "",
        "ifnsName": "",
        "taxCode": "",
        "taxName": "",
        "certificateCode": "",
        "certificateDate": "0001-01-01T00:00:00Z",
        "contactInformation": [
            
        ]
    },
    {
        "guid": "a6b2fb53-b119-11ee-b5b6-005056013b0c",
        "archive": true,
        "dateOutputArchive": "2019-08-21T21:00:00Z",
        "code": "1142",
        "codeMSFO": "11178",
        "partner": "b0b67af8-9f7d-11ee-b5b3-005056013b0c",
        "virtual": false,
        "name": "ООО Березки",
        "nameAbbreviated": "Березки",
        "nameFull": "Березки",
        "nameEnglish": "berezki",
        "type": 1,
        "noResident": false,
        "inn": "2116496092",
        "kpp": "211601001",
        "kppAdditional": "",
        "registrationNumber": "",
        "separateUnit": false,
        "organizationHead": "00000000-0000-0000-0000-000000000000",
        "concernType": "00000000-0000-0000-0000-000000000000",
        "concernTypeCode": "",
        "concernTypeHistory": [
            
        ],
        "basis": "",
        "division": "00000000-0000-0000-0000-000000000000",
        "divisionCode": "",
        "divisionHistory": [
            
        ],
        "comment": "",
        "ogrn": "",
        "dateRegistration": "2006-03-27T20:00:00Z",
        "okpo": "",
        "okved": "00000000-0000-0000-0000-000000000000",
        "okvedCode": "",
        "ifnsCode": "",
        "ifnsName": "",
        "taxCode": "",
        "taxName": "",
        "certificateCode": "",
        "certificateDate": "0001-01-01T00:00:00Z",
        "contactInformation": [
            
        ]
    },
    {
        "guid": "a6b2fb66-b119-11ee-b5b6-005056013b0c",
        "archive": false,
        "dateOutputArchive": "0001-01-01T00:00:00Z",
        "code": "1143",
        "codeMSFO": "11175",
        "partner": "b0b67af9-9f7d-11ee-b5b3-005056013b0c",
        "virtual": false,
        "name": "ООО Венчурные технологии",
        "nameAbbreviated": "ООО Венчурные технологии",
        "nameFull": "Компания Венчурные технологии",
        "nameEnglish": "venchur",
        "type": 1,
        "noResident": false,
        "inn": "2127310663",
        "kpp": "213001001",
        "kppAdditional": "",
        "registrationNumber": "",
        "separateUnit": false,
        "organizationHead": "00000000-0000-0000-0000-000000000000",
        "concernType": "00000000-0000-0000-0000-000000000000",
        "concernTypeCode": "",
        "concernTypeHistory": [
            
        ],
        "basis": "",
        "division": "00000000-0000-0000-0000-000000000000",
        "divisionCode": "",
        "divisionHistory": [
            
        ],
        "comment": "",
        "ogrn": "",
        "dateRegistration": "2012-06-07T20:00:00Z",
        "okpo": "",
        "okved": "00000000-0000-0000-0000-000000000000",
        "okvedCode": "",
        "ifnsCode": "",
        "ifnsName": "",
        "taxCode": "",
        "taxName": "",
        "certificateCode": "",
        "certificateDate": "0001-01-01T00:00:00Z",
        "contactInformation": [
            
        ]
    },
    {
        "guid": "a6b2fb79-b119-11ee-b5b6-005056013b0c",
        "archive": false,
        "dateOutputArchive": "0001-01-01T00:00:00Z",
        "code": "1163",
        "codeMSFO": "11152",
        "partner": "b0b67a53-9f7d-11ee-b5b3-005056013b0c",
        "virtual": false,
        "name": "ООО Сосновый бор",
        "nameAbbreviated": "ООО Сосновый бор",
        "nameFull": "Сосновый Бор",
        "nameEnglish": "pine",
        "type": 1,
        "noResident": false,
        "inn": "3328450006",
        "kpp": "332801001",
        "kppAdditional": "",
        "registrationNumber": "",
        "separateUnit": false,
        "organizationHead": "00000000-0000-0000-0000-000000000000",
        "concernType": "00000000-0000-0000-0000-000000000000",
        "concernTypeCode": "",
        "concernTypeHistory": [
            
        ],
        "basis": "",
        "division": "00000000-0000-0000-0000-000000000000",
        "divisionCode": "",
        "divisionHistory": [
            
        ],
        "comment": "",
        "ogrn": "",
        "dateRegistration": "2007-03-27T20:00:00Z",
        "okpo": "",
        "okved": "00000000-0000-0000-0000-000000000000",
        "okvedCode": "",
        "ifnsCode": "",
        "ifnsName": "",
        "taxCode": "",
        "taxName": "",
        "certificateCode": "",
        "certificateDate": "0001-01-01T00:00:00Z",
        "contactInformation": [
            
        ]
    },
    {
        "guid": "a6b2fb7a-b119-11ee-b5b6-005056013b0c",
        "archive": false,
        "dateOutputArchive": "0001-01-01T00:00:00Z",
        "code": "1166",
        "codeMSFO": "11160",
        "partner": "b0b67b1d-9f7d-11ee-b5b3-005056013b0c",
        "virtual": false,
        "name": "ООО Фортуна",
        "nameAbbreviated": "ООО Фортуна",
        "nameFull": "Фортуна",
        "nameEnglish": "fortuna",
        "type": 1,
        "noResident": false,
        "inn": "2223052380",
        "kpp": "222301001",
        "kppAdditional": "",
        "registrationNumber": "",
        "separateUnit": false,
        "organizationHead": "00000000-0000-0000-0000-000000000000",
        "concernType": "00000000-0000-0000-0000-000000000000",
        "concernTypeCode": "",
        "concernTypeHistory": [
            
        ],
        "basis": "",
        "division": "00000000-0000-0000-0000-000000000000",
        "divisionCode": "",
        "divisionHistory": [
            
        ],
        "comment": "",
        "ogrn": "",
        "dateRegistration": "2011-03-22T21:00:00Z",
        "okpo": "",
        "okved": "00000000-0000-0000-0000-000000000000",
        "okvedCode": "",
        "ifnsCode": "",
        "ifnsName": "",
        "taxCode": "",
        "taxName": "",
        "certificateCode": "",
        "certificateDate": "0001-01-01T00:00:00Z",
        "contactInformation": [
            
        ]
    },
    {
        "guid": "a6b2fb7b-b119-11ee-b5b6-005056013b0c",
        "archive": false,
        "dateOutputArchive": "0001-01-01T00:00:00Z",
        "code": "1058",
        "codeMSFO": "11001",
        "partner": "00000000-0000-0000-0000-000000000000",
        "virtual": true,
        "name": "ГК АМХ (История)",
        "nameAbbreviated": "ГК АМХ (История)",
        "nameFull": "Группа компаний Агромашхолдинг (История)",
        "nameEnglish": "amhgk",
        "type": 1,
        "noResident": false,
        "inn": "",
        "kpp": "",
        "kppAdditional": "",
        "registrationNumber": "",
        "separateUnit": false,
        "organizationHead": "00000000-0000-0000-0000-000000000000",
        "concernType": "00000000-0000-0000-0000-000000000000",
        "concernTypeCode": "",
        "concernTypeHistory": [
            
        ],
        "basis": "",
        "division": "00000000-0000-0000-0000-000000000000",
        "divisionCode": "",
        "divisionHistory": [
            
        ],
        "comment": "",
        "ogrn": "",
        "dateRegistration": "2006-12-31T21:00:00Z",
        "okpo": "",
        "okved": "00000000-0000-0000-0000-000000000000",
        "okvedCode": "",
        "ifnsCode": "",
        "ifnsName": "",
        "taxCode": "",
        "taxName": "",
        "certificateCode": "",
        "certificateDate": "0001-01-01T00:00:00Z",
        "contactInformation": [
            
        ]
    },
    {
        "guid": "a6b2fb8e-b119-11ee-b5b6-005056013b0c",
        "archive": false,
        "dateOutputArchive": "0001-01-01T00:00:00Z",
        "code": "1147",
        "codeMSFO": "11127",
        "partner": "b0b67b17-9f7d-11ee-b5b3-005056013b0c",
        "virtual": false,
        "name": "ООО Железнодорожные технологии",
        "nameAbbreviated": "Железнодорожные технологии",
        "nameFull": "Железнодорожные технологии",
        "nameEnglish": "gdteh",
        "type": 1,
        "noResident": false,
        "inn": "2130001087",
        "kpp": "213001001",
        "kppAdditional": "",
        "registrationNumber": "",
        "separateUnit": false,
        "organizationHead": "00000000-0000-0000-0000-000000000000",
        "concernType": "00000000-0000-0000-0000-000000000000",
        "concernTypeCode": "",
        "concernTypeHistory": [
            
        ],
        "basis": "",
        "division": "00000000-0000-0000-0000-000000000000",
        "divisionCode": "",
        "divisionHistory": [
            
        ],
        "comment": "",
        "ogrn": "",
        "dateRegistration": "2006-05-03T20:00:00Z",
        "okpo": "",
        "okved": "00000000-0000-0000-0000-000000000000",
        "okvedCode": "",
        "ifnsCode": "",
        "ifnsName": "",
        "taxCode": "",
        "taxName": "",
        "certificateCode": "",
        "certificateDate": "0001-01-01T00:00:00Z",
        "contactInformation": [
            
        ]
    },
    {
        "guid": "a6b2fb8f-b119-11ee-b5b6-005056013b0c",
        "archive": true,
        "dateOutputArchive": "2021-12-12T21:00:00Z",
        "code": "1157",
        "codeMSFO": "11206",
        "partner": "b0b67b03-9f7d-11ee-b5b3-005056013b0c",
        "virtual": false,
        "name": "ООО Промышленные услуги",
        "nameAbbreviated": "ООО Промышленные услуги",
        "nameFull": "Промышленные услуги",
        "nameEnglish": "promuslugi",
        "type": 1,
        "noResident": false,
        "inn": "2130025063",
        "kpp": "213001001",
        "kppAdditional": "",
        "registrationNumber": "",
        "separateUnit": false,
        "organizationHead": "00000000-0000-0000-0000-000000000000",
        "concernType": "00000000-0000-0000-0000-000000000000",
        "concernTypeCode": "",
        "concernTypeHistory": [
            
        ],
        "basis": "",
        "division": "00000000-0000-0000-0000-000000000000",
        "divisionCode": "",
        "divisionHistory": [
            
        ],
        "comment": "",
        "ogrn": "",
        "dateRegistration": "2007-08-01T20:00:00Z",
        "okpo": "",
        "okved": "00000000-0000-0000-0000-000000000000",
        "okvedCode": "",
        "ifnsCode": "",
        "ifnsName": "",
        "taxCode": "",
        "taxName": "",
        "certificateCode": "",
        "certificateDate": "0001-01-01T00:00:00Z",
        "contactInformation": [
            
        ]
    },
    {
        "guid": "a6b2fb90-b119-11ee-b5b6-005056013b0c",
        "archive": false,
        "dateOutputArchive": "0001-01-01T00:00:00Z",
        "code": "1169",
        "codeMSFO": "11181",
        "partner": "b0b67b1e-9f7d-11ee-b5b3-005056013b0c",
        "virtual": false,
        "name": "ООО Частная охранная организация ДИС",
        "nameAbbreviated": "ДИС частная охранная организация",
        "nameFull": "Частная охранная организация ДИС",
        "nameEnglish": "chop",
        "type": 1,
        "noResident": false,
        "inn": "2127324497",
        "kpp": "213001001",
        "kppAdditional": "",
        "registrationNumber": "",
        "separateUnit": false,
        "organizationHead": "00000000-0000-0000-0000-000000000000",
        "concernType": "00000000-0000-0000-0000-000000000000",
        "concernTypeCode": "",
        "concernTypeHistory": [
            
        ],
        "basis": "",
        "division": "00000000-0000-0000-0000-000000000000",
        "divisionCode": "",
        "divisionHistory": [
            
        ],
        "comment": "",
        "ogrn": "",
        "dateRegistration": "2003-02-26T21:00:00Z",
        "okpo": "",
        "okved": "00000000-0000-0000-0000-000000000000",
        "okvedCode": "",
        "ifnsCode": "",
        "ifnsName": "",
        "taxCode": "",
        "taxName": "",
        "certificateCode": "",
        "certificateDate": "0001-01-01T00:00:00Z",
        "contactInformation": [
            
        ]
    },
    {
        "guid": "a6b2fba3-b119-11ee-b5b6-005056013b0c",
        "archive": true,
        "dateOutputArchive": "2019-08-21T21:00:00Z",
        "code": "1629",
        "codeMSFO": "11141",
        "partner": "aabf0c20-9f7d-11ee-b5b3-005056013b0c",
        "virtual": false,
        "name": "ООО Три богатыря",
        "nameAbbreviated": "Три богатыря",
        "nameFull": "Три богатыря",
        "nameEnglish": "",
        "type": 1,
        "noResident": false,
        "inn": "3323009670",
        "kpp": "332301001",
        "kppAdditional": "",
        "registrationNumber": "",
        "separateUnit": false,
        "organizationHead": "00000000-0000-0000-0000-000000000000",
        "concernType": "00000000-0000-0000-0000-000000000000",
        "concernTypeCode": "",
        "concernTypeHistory": [
            
        ],
        "basis": "",
        "division": "00000000-0000-0000-0000-000000000000",
        "divisionCode": "",
        "divisionHistory": [
            
        ],
        "comment": "",
        "ogrn": "",
        "dateRegistration": "2006-04-09T20:00:00Z",
        "okpo": "",
        "okved": "00000000-0000-0000-0000-000000000000",
        "okvedCode": "",
        "ifnsCode": "",
        "ifnsName": "",
        "taxCode": "",
        "taxName": "",
        "certificateCode": "",
        "certificateDate": "0001-01-01T00:00:00Z",
        "contactInformation": [
            
        ]
    },
    {
        "guid": "a6b2fba4-b119-11ee-b5b6-005056013b0c",
        "archive": false,
        "dateOutputArchive": "0001-01-01T00:00:00Z",
        "code": "1145",
        "codeMSFO": "11128",
        "partner": "b0b67afb-9f7d-11ee-b5b3-005056013b0c",
        "virtual": false,
        "name": "ООО Волжская вагонная компания",
        "nameAbbreviated": "Волжская вагонная компания",
        "nameFull": "Волжская вагонная компания",
        "nameEnglish": "volgavagon",
        "type": 1,
        "noResident": false,
        "inn": "2130019246",
        "kpp": "213001001",
        "kppAdditional": "",
        "registrationNumber": "",
        "separateUnit": false,
        "organizationHead": "00000000-0000-0000-0000-000000000000",
        "concernType": "00000000-0000-0000-0000-000000000000",
        "concernTypeCode": "",
        "concernTypeHistory": [
            
        ],
        "basis": "",
        "division": "00000000-0000-0000-0000-000000000000",
        "divisionCode": "",
        "divisionHistory": [
            
        ],
        "comment": "",
        "ogrn": "",
        "dateRegistration": "2007-04-18T20:00:00Z",
        "okpo": "",
        "okved": "00000000-0000-0000-0000-000000000000",
        "okvedCode": "",
        "ifnsCode": "",
        "ifnsName": "",
        "taxCode": "",
        "taxName": "",
        "certificateCode": "",
        "certificateDate": "0001-01-01T00:00:00Z",
        "contactInformation": [
            
        ]
    },
    {
        "guid": "a6b2fba5-b119-11ee-b5b6-005056013b0c",
        "archive": true,
        "dateOutputArchive": "2019-06-20T21:00:00Z",
        "code": "1151",
        "codeMSFO": "11191",
        "partner": "b0b67b00-9f7d-11ee-b5b3-005056013b0c",
        "virtual": false,
        "name": "ЗАО Курганмашинвест",
        "nameAbbreviated": "ЗАО Курганмашинвест",
        "nameFull": "Курганмашинвест",
        "nameEnglish": "kurganinvest",
        "type": 1,
        "noResident": false,
        "inn": "7702030383",
        "kpp": "770201001",
        "kppAdditional": "",
        "registrationNumber": "",
        "separateUnit": false,
        "organizationHead": "00000000-0000-0000-0000-000000000000",
        "concernType": "00000000-0000-0000-0000-000000000000",
        "concernTypeCode": "",
        "concernTypeHistory": [
            
        ],
        "basis": "",
        "division": "00000000-0000-0000-0000-000000000000",
        "divisionCode": "",
        "divisionHistory": [
            
        ],
        "comment": "",
        "ogrn": "",
        "dateRegistration": "2002-07-30T20:00:00Z",
        "okpo": "",
        "okved": "00000000-0000-0000-0000-000000000000",
        "okvedCode": "",
        "ifnsCode": "",
        "ifnsName": "",
        "taxCode": "",
        "taxName": "",
        "certificateCode": "",
        "certificateDate": "0001-01-01T00:00:00Z",
        "contactInformation": [
            
        ]
    },
    {
        "guid": "b5bf525c-8aaa-11ee-b5b1-005056013b0c",
        "archive": false,
        "dateOutputArchive": "0001-01-01T00:00:00Z",
        "code": "1007",
        "codeMSFO": "11124",
        "partner": "53c2a3d6-9f64-11ee-b5b3-005056013b0c",
        "virtual": false,
        "name": "ПК ПРОМТРАКТОР ОСП ООО",
        "nameAbbreviated": "ПК ПРОМТРАКТОР ОСП ООО",
        "nameFull": "ОСП ООО ПК ПРОМТРАКТОР В Г. САРАНСК",
        "nameEnglish": "gskb",
        "type": 1,
        "noResident": false,
        "inn": "2130006695",
        "kpp": "132745001",
        "kppAdditional": "",
        "registrationNumber": "",
        "separateUnit": false,
        "organizationHead": "00000000-0000-0000-0000-000000000000",
        "concernType": "78f12e4b-8aa4-11ee-b5b1-005056013b0c",
        "concernTypeCode": "2",
        "concernTypeHistory": [
            
        ],
        "basis": "не применимо",
        "division": "45c669b2-894e-11ee-b5b1-005056013b0c",
        "divisionCode": "6",
        "divisionHistory": [
            
        ],
        "comment": "",
        "ogrn": "",
        "dateRegistration": "2006-09-03T20:00:00Z",
        "okpo": "",
        "okved": "00000000-0000-0000-0000-000000000000",
        "okvedCode": "",
        "ifnsCode": "",
        "ifnsName": "",
        "taxCode": "",
        "taxName": "",
        "certificateCode": "",
        "certificateDate": "0001-01-01T00:00:00Z",
        "contactInformation": [
            
        ]
    },
    {
        "guid": "a6b2fbb8-b119-11ee-b5b6-005056013b0c",
        "archive": false,
        "dateOutputArchive": "0001-01-01T00:00:00Z",
        "code": "1154",
        "codeMSFO": "11174",
        "partner": "b0b67a4f-9f7d-11ee-b5b3-005056013b0c",
        "virtual": false,
        "name": "ООО Мир",
        "nameAbbreviated": "Мир",
        "nameFull": "МИР",
        "nameEnglish": "mir",
        "type": 1,
        "noResident": false,
        "inn": "2130000870",
        "kpp": "213001001",
        "kppAdditional": "",
        "registrationNumber": "",
        "separateUnit": false,
        "organizationHead": "00000000-0000-0000-0000-000000000000",
        "concernType": "00000000-0000-0000-0000-000000000000",
        "concernTypeCode": "",
        "concernTypeHistory": [
            
        ],
        "basis": "",
        "division": "00000000-0000-0000-0000-000000000000",
        "divisionCode": "",
        "divisionHistory": [
            
        ],
        "comment": "",
        "ogrn": "",
        "dateRegistration": "2006-04-27T20:00:00Z",
        "okpo": "",
        "okved": "00000000-0000-0000-0000-000000000000",
        "okvedCode": "",
        "ifnsCode": "",
        "ifnsName": "",
        "taxCode": "",
        "taxName": "",
        "certificateCode": "",
        "certificateDate": "0001-01-01T00:00:00Z",
        "contactInformation": [
            
        ]
    },
    {
        "guid": "a6b2fbb9-b119-11ee-b5b6-005056013b0c",
        "archive": true,
        "dateOutputArchive": "2019-06-20T21:00:00Z",
        "code": "1159",
        "codeMSFO": "11162",
        "partner": "b0b67a52-9f7d-11ee-b5b3-005056013b0c",
        "virtual": false,
        "name": "ООО Сибагролизинг",
        "nameAbbreviated": "Сибагролизинг",
        "nameFull": "Сибагролизинг",
        "nameEnglish": "sibagr",
        "type": 1,
        "noResident": false,
        "inn": "2460053654",
        "kpp": "246001001",
        "kppAdditional": "",
        "registrationNumber": "",
        "separateUnit": false,
        "organizationHead": "00000000-0000-0000-0000-000000000000",
        "concernType": "00000000-0000-0000-0000-000000000000",
        "concernTypeCode": "",
        "concernTypeHistory": [
            
        ],
        "basis": "",
        "division": "00000000-0000-0000-0000-000000000000",
        "divisionCode": "",
        "divisionHistory": [
            
        ],
        "comment": "",
        "ogrn": "",
        "dateRegistration": "2002-08-26T20:00:00Z",
        "okpo": "",
        "okved": "00000000-0000-0000-0000-000000000000",
        "okvedCode": "",
        "ifnsCode": "",
        "ifnsName": "",
        "taxCode": "",
        "taxName": "",
        "certificateCode": "",
        "certificateDate": "0001-01-01T00:00:00Z",
        "contactInformation": [
            
        ]
    },
    {
        "guid": "a6b2fbba-b119-11ee-b5b6-005056013b0c",
        "archive": false,
        "dateOutputArchive": "0001-01-01T00:00:00Z",
        "code": "1066",
        "codeMSFO": "11003",
        "partner": "00000000-0000-0000-0000-000000000000",
        "virtual": true,
        "name": "ГК ВМТЗ (История)",
        "nameAbbreviated": "ГК ВМТЗ (История)",
        "nameFull": "Группа компаний ВМТЗ (История)",
        "nameEnglish": "gkvmtz",
        "type": 1,
        "noResident": false,
        "inn": "",
        "kpp": "",
        "kppAdditional": "",
        "registrationNumber": "",
        "separateUnit": false,
        "organizationHead": "00000000-0000-0000-0000-000000000000",
        "concernType": "00000000-0000-0000-0000-000000000000",
        "concernTypeCode": "",
        "concernTypeHistory": [
            
        ],
        "basis": "",
        "division": "00000000-0000-0000-0000-000000000000",
        "divisionCode": "",
        "divisionHistory": [
            
        ],
        "comment": "",
        "ogrn": "",
        "dateRegistration": "2006-12-31T21:00:00Z",
        "okpo": "",
        "okved": "00000000-0000-0000-0000-000000000000",
        "okvedCode": "",
        "ifnsCode": "",
        "ifnsName": "",
        "taxCode": "",
        "taxName": "",
        "certificateCode": "",
        "certificateDate": "0001-01-01T00:00:00Z",
        "contactInformation": [
            
        ]
    },
    {
        "guid": "a6b2fbcd-b119-11ee-b5b6-005056013b0c",
        "archive": true,
        "dateOutputArchive": "2019-06-20T21:00:00Z",
        "code": "1152",
        "codeMSFO": "11192",
        "partner": "b0b67a4e-9f7d-11ee-b5b3-005056013b0c",
        "virtual": false,
        "name": "ООО Курганмашобщепит-сервис",
        "nameAbbreviated": "Курганмашобщепит-сервис",
        "nameFull": "Курганмашобщепит-сервис",
        "nameEnglish": "kurganpit",
        "type": 1,
        "noResident": false,
        "inn": "4501130791",
        "kpp": "450101001",
        "kppAdditional": "",
        "registrationNumber": "",
        "separateUnit": false,
        "organizationHead": "00000000-0000-0000-0000-000000000000",
        "concernType": "00000000-0000-0000-0000-000000000000",
        "concernTypeCode": "",
        "concernTypeHistory": [
            
        ],
        "basis": "",
        "division": "00000000-0000-0000-0000-000000000000",
        "divisionCode": "",
        "divisionHistory": [
            
        ],
        "comment": "",
        "ogrn": "",
        "dateRegistration": "2007-05-28T20:00:00Z",
        "okpo": "",
        "okved": "00000000-0000-0000-0000-000000000000",
        "okvedCode": "",
        "ifnsCode": "",
        "ifnsName": "",
        "taxCode": "",
        "taxName": "",
        "certificateCode": "",
        "certificateDate": "0001-01-01T00:00:00Z",
        "contactInformation": [
            
        ]
    },
    {
        "guid": "a6b2fbcf-b119-11ee-b5b6-005056013b0c",
        "archive": true,
        "dateOutputArchive": "2019-08-21T21:00:00Z",
        "code": "1220",
        "codeMSFO": "11293",
        "partner": "00000000-0000-0000-0000-000000000000",
        "virtual": false,
        "name": "AgromashHolding B.V.",
        "nameAbbreviated": "AgromashHolding B.V.",
        "nameFull": "AgromashHolding B.V.",
        "nameEnglish": "",
        "type": 1,
        "noResident": false,
        "inn": "",
        "kpp": "",
        "kppAdditional": "",
        "registrationNumber": "8067.02.618",
        "separateUnit": false,
        "organizationHead": "00000000-0000-0000-0000-000000000000",
        "concernType": "00000000-0000-0000-0000-000000000000",
        "concernTypeCode": "",
        "concernTypeHistory": [
            
        ],
        "basis": "",
        "division": "00000000-0000-0000-0000-000000000000",
        "divisionCode": "",
        "divisionHistory": [
            
        ],
        "comment": "",
        "ogrn": "",
        "dateRegistration": "2006-12-31T21:00:00Z",
        "okpo": "",
        "okved": "00000000-0000-0000-0000-000000000000",
        "okvedCode": "",
        "ifnsCode": "",
        "ifnsName": "",
        "taxCode": "",
        "taxName": "",
        "certificateCode": "",
        "certificateDate": "0001-01-01T00:00:00Z",
        "contactInformation": [
            
        ]
    },
    {
        "guid": "b5bf5269-8aaa-11ee-b5b1-005056013b0c",
        "archive": false,
        "dateOutputArchive": "0001-01-01T00:00:00Z",
        "code": "1171",
        "codeMSFO": "11300",
        "partner": "dcdb4fc0-9f7d-11ee-b5b3-005056013b0c",
        "virtual": false,
        "name": "ООО СПМ",
        "nameAbbreviated": "СПМ ООО",
        "nameFull": "Общество с ограниченной ответственностью Сервис Промышленных Машин",
        "nameEnglish": "spm",
        "type": 1,
        "noResident": false,
        "inn": "2130050888",
        "kpp": "213001001",
        "kppAdditional": "",
        "registrationNumber": "",
        "separateUnit": false,
        "organizationHead": "00000000-0000-0000-0000-000000000000",
        "concernType": "78f12e4b-8aa4-11ee-b5b1-005056013b0c",
        "concernTypeCode": "2",
        "concernTypeHistory": [
            
        ],
        "basis": "не применимо",
        "division": "45c669b2-894e-11ee-b5b1-005056013b0c",
        "divisionCode": "6",
        "divisionHistory": [
            
        ],
        "comment": "",
        "ogrn": "",
        "dateRegistration": "2008-12-09T21:00:00Z",
        "okpo": "",
        "okved": "00000000-0000-0000-0000-000000000000",
        "okvedCode": "",
        "ifnsCode": "",
        "ifnsName": "",
        "taxCode": "",
        "taxName": "",
        "certificateCode": "",
        "certificateDate": "0001-01-01T00:00:00Z",
        "contactInformation": [
            
        ]
    },
    {
        "guid": "b5bf525f-8aaa-11ee-b5b1-005056013b0c",
        "archive": false,
        "dateOutputArchive": "0001-01-01T00:00:00Z",
        "code": "1218",
        "codeMSFO": "11305",
        "partner": "00000000-0000-0000-0000-000000000000",
        "virtual": false,
        "name": "AGROMASHHOLDING-TASHKENT",
        "nameAbbreviated": "Agromashholding",
        "nameFull": "ИП ООО AGROMASHHOLDING-TASHKENT",
        "nameEnglish": "",
        "type": 1,
        "noResident": true,
        "inn": "",
        "kpp": "",
        "kppAdditional": "",
        "registrationNumber": "206858630",
        "separateUnit": false,
        "organizationHead": "00000000-0000-0000-0000-000000000000",
        "concernType": "78f12e4b-8aa4-11ee-b5b1-005056013b0c",
        "concernTypeCode": "2",
        "concernTypeHistory": [
            
        ],
        "basis": "не применимо",
        "division": "45c669b4-894e-11ee-b5b1-005056013b0c",
        "divisionCode": "9",
        "divisionHistory": [
            
        ],
        "comment": "",
        "ogrn": "",
        "dateRegistration": "2006-12-31T21:00:00Z",
        "okpo": "",
        "okved": "00000000-0000-0000-0000-000000000000",
        "okvedCode": "",
        "ifnsCode": "",
        "ifnsName": "",
        "taxCode": "",
        "taxName": "",
        "certificateCode": "",
        "certificateDate": "0001-01-01T00:00:00Z",
        "contactInformation": [
            
        ]
    },
    {
        "guid": "a6b2fbf4-b119-11ee-b5b6-005056013b0c",
        "archive": false,
        "dateOutputArchive": "0001-01-01T00:00:00Z",
        "code": "1221",
        "codeMSFO": "11307",
        "partner": "00000000-0000-0000-0000-000000000000",
        "virtual": false,
        "name": "CHETRA Middle East FZE",
        "nameAbbreviated": "CHETRA Middle East FZE",
        "nameFull": "CHETRA MIDDLE EAST FZE",
        "nameEnglish": "",
        "type": 1,
        "noResident": false,
        "inn": "",
        "kpp": "",
        "kppAdditional": "",
        "registrationNumber": "1422",
        "separateUnit": false,
        "organizationHead": "00000000-0000-0000-0000-000000000000",
        "concernType": "00000000-0000-0000-0000-000000000000",
        "concernTypeCode": "",
        "concernTypeHistory": [
            
        ],
        "basis": "",
        "division": "00000000-0000-0000-0000-000000000000",
        "divisionCode": "",
        "divisionHistory": [
            
        ],
        "comment": "",
        "ogrn": "",
        "dateRegistration": "2006-12-31T21:00:00Z",
        "okpo": "",
        "okved": "00000000-0000-0000-0000-000000000000",
        "okvedCode": "",
        "ifnsCode": "",
        "ifnsName": "",
        "taxCode": "",
        "taxName": "",
        "certificateCode": "",
        "certificateDate": "0001-01-01T00:00:00Z",
        "contactInformation": [
            
        ]
    },
    {
        "guid": "a6b2fbf5-b119-11ee-b5b6-005056013b0c",
        "archive": false,
        "dateOutputArchive": "0001-01-01T00:00:00Z",
        "code": "1223",
        "codeMSFO": "11317",
        "partner": "00000000-0000-0000-0000-000000000000",
        "virtual": false,
        "name": "Silvatec (IR) Ltd.",
        "nameAbbreviated": "Silvatec (IR) Ltd.",
        "nameFull": "Silvatec (IR) Ltd.",
        "nameEnglish": "",
        "type": 1,
        "noResident": false,
        "inn": "",
        "kpp": "",
        "kppAdditional": "",
        "registrationNumber": "IE8240475К",
        "separateUnit": false,
        "organizationHead": "00000000-0000-0000-0000-000000000000",
        "concernType": "00000000-0000-0000-0000-000000000000",
        "concernTypeCode": "",
        "concernTypeHistory": [
            
        ],
        "basis": "",
        "division": "00000000-0000-0000-0000-000000000000",
        "divisionCode": "",
        "divisionHistory": [
            
        ],
        "comment": "",
        "ogrn": "",
        "dateRegistration": "2006-12-31T21:00:00Z",
        "okpo": "",
        "okved": "00000000-0000-0000-0000-000000000000",
        "okvedCode": "",
        "ifnsCode": "",
        "ifnsName": "",
        "taxCode": "",
        "taxName": "",
        "certificateCode": "",
        "certificateDate": "0001-01-01T00:00:00Z",
        "contactInformation": [
            
        ]
    },
    {
        "guid": "a6b2fbf6-b119-11ee-b5b6-005056013b0c",
        "archive": false,
        "dateOutputArchive": "0001-01-01T00:00:00Z",
        "code": "1224",
        "codeMSFO": "11316",
        "partner": "00000000-0000-0000-0000-000000000000",
        "virtual": false,
        "name": "Silvatec (UK) Ltd.",
        "nameAbbreviated": "Silvatec (UK) Ltd.",
        "nameFull": "Silvatec (UK) Ltd.",
        "nameEnglish": "",
        "type": 1,
        "noResident": false,
        "inn": "",
        "kpp": "",
        "kppAdditional": "",
        "registrationNumber": "GB556715715",
        "separateUnit": false,
        "organizationHead": "00000000-0000-0000-0000-000000000000",
        "concernType": "00000000-0000-0000-0000-000000000000",
        "concernTypeCode": "",
        "concernTypeHistory": [
            
        ],
        "basis": "",
        "division": "00000000-0000-0000-0000-000000000000",
        "divisionCode": "",
        "divisionHistory": [
            
        ],
        "comment": "",
        "ogrn": "",
        "dateRegistration": "2006-12-31T21:00:00Z",
        "okpo": "",
        "okved": "00000000-0000-0000-0000-000000000000",
        "okvedCode": "",
        "ifnsCode": "",
        "ifnsName": "",
        "taxCode": "",
        "taxName": "",
        "certificateCode": "",
        "certificateDate": "0001-01-01T00:00:00Z",
        "contactInformation": [
            
        ]
    },
    {
        "guid": "a6b2fc09-b119-11ee-b5b6-005056013b0c",
        "archive": false,
        "dateOutputArchive": "0001-01-01T00:00:00Z",
        "code": "1225",
        "codeMSFO": "11315",
        "partner": "00000000-0000-0000-0000-000000000000",
        "virtual": false,
        "name": "Silvatec France S.A.R.L.",
        "nameAbbreviated": "Silvatec France S.A.R.L.",
        "nameFull": "Silvatec France S.A.R.L.",
        "nameEnglish": "",
        "type": 1,
        "noResident": false,
        "inn": "",
        "kpp": "",
        "kppAdditional": "",
        "registrationNumber": "FR9138481092",
        "separateUnit": false,
        "organizationHead": "00000000-0000-0000-0000-000000000000",
        "concernType": "00000000-0000-0000-0000-000000000000",
        "concernTypeCode": "",
        "concernTypeHistory": [
            
        ],
        "basis": "",
        "division": "00000000-0000-0000-0000-000000000000",
        "divisionCode": "",
        "divisionHistory": [
            
        ],
        "comment": "",
        "ogrn": "",
        "dateRegistration": "2006-12-31T21:00:00Z",
        "okpo": "",
        "okved": "00000000-0000-0000-0000-000000000000",
        "okvedCode": "",
        "ifnsCode": "",
        "ifnsName": "",
        "taxCode": "",
        "taxName": "",
        "certificateCode": "",
        "certificateDate": "0001-01-01T00:00:00Z",
        "contactInformation": [
            
        ]
    },
    {
        "guid": "a6b2fc0a-b119-11ee-b5b6-005056013b0c",
        "archive": true,
        "dateOutputArchive": "2020-01-26T21:00:00Z",
        "code": "1240",
        "codeMSFO": "11313",
        "partner": "00000000-0000-0000-0000-000000000000",
        "virtual": false,
        "name": "Агромашхолдинг-Баку ООО",
        "nameAbbreviated": "Агромашхолдинг-Баку",
        "nameFull": "Агромашхолдинг-Баку ООО",
        "nameEnglish": "",
        "type": 1,
        "noResident": false,
        "inn": "",
        "kpp": "",
        "kppAdditional": "",
        "registrationNumber": "1001444951",
        "separateUnit": false,
        "organizationHead": "00000000-0000-0000-0000-000000000000",
        "concernType": "00000000-0000-0000-0000-000000000000",
        "concernTypeCode": "",
        "concernTypeHistory": [
            
        ],
        "basis": "",
        "division": "00000000-0000-0000-0000-000000000000",
        "divisionCode": "",
        "divisionHistory": [
            
        ],
        "comment": "",
        "ogrn": "",
        "dateRegistration": "2006-12-31T21:00:00Z",
        "okpo": "",
        "okved": "00000000-0000-0000-0000-000000000000",
        "okvedCode": "",
        "ifnsCode": "",
        "ifnsName": "",
        "taxCode": "",
        "taxName": "",
        "certificateCode": "",
        "certificateDate": "0001-01-01T00:00:00Z",
        "contactInformation": [
            
        ]
    },
    {
        "guid": "a6b2fc0b-b119-11ee-b5b6-005056013b0c",
        "archive": false,
        "dateOutputArchive": "0001-01-01T00:00:00Z",
        "code": "1238",
        "codeMSFO": "11168",
        "partner": "dcdb36f7-9f7d-11ee-b5b3-005056013b0c",
        "virtual": false,
        "name": "ООО Агрозапчасть",
        "nameAbbreviated": "Агрозапчасть",
        "nameFull": "Агрозапчасть",
        "nameEnglish": "",
        "type": 1,
        "noResident": false,
        "inn": "2456005351",
        "kpp": "245601001",
        "kppAdditional": "",
        "registrationNumber": "",
        "separateUnit": false,
        "organizationHead": "00000000-0000-0000-0000-000000000000",
        "concernType": "00000000-0000-0000-0000-000000000000",
        "concernTypeCode": "",
        "concernTypeHistory": [
            
        ],
        "basis": "",
        "division": "00000000-0000-0000-0000-000000000000",
        "divisionCode": "",
        "divisionHistory": [
            
        ],
        "comment": "",
        "ogrn": "",
        "dateRegistration": "2002-12-25T21:00:00Z",
        "okpo": "",
        "okved": "00000000-0000-0000-0000-000000000000",
        "okvedCode": "",
        "ifnsCode": "",
        "ifnsName": "",
        "taxCode": "",
        "taxName": "",
        "certificateCode": "",
        "certificateDate": "0001-01-01T00:00:00Z",
        "contactInformation": [
            
        ]
    },
    {
        "guid": "a6b2fc85-b119-11ee-b5b6-005056013b0c",
        "archive": false,
        "dateOutputArchive": "0001-01-01T00:00:00Z",
        "code": "1305",
        "codeMSFO": "11177",
        "partner": "e079d7ac-9f7d-11ee-b5b3-005056013b0c",
        "virtual": false,
        "name": "Промбизнесгрупп",
        "nameAbbreviated": "Промбизнесгрупп",
        "nameFull": "ПРОМБИЗНЕСГРУПП",
        "nameEnglish": "",
        "type": 1,
        "noResident": false,
        "inn": "7724278395",
        "kpp": "772401001",
        "kppAdditional": "",
        "registrationNumber": "",
        "separateUnit": false,
        "organizationHead": "00000000-0000-0000-0000-000000000000",
        "concernType": "00000000-0000-0000-0000-000000000000",
        "concernTypeCode": "",
        "concernTypeHistory": [
            
        ],
        "basis": "",
        "division": "00000000-0000-0000-0000-000000000000",
        "divisionCode": "",
        "divisionHistory": [
            
        ],
        "comment": "",
        "ogrn": "",
        "dateRegistration": "2003-06-30T20:00:00Z",
        "okpo": "",
        "okved": "00000000-0000-0000-0000-000000000000",
        "okvedCode": "",
        "ifnsCode": "",
        "ifnsName": "",
        "taxCode": "",
        "taxName": "",
        "certificateCode": "",
        "certificateDate": "0001-01-01T00:00:00Z",
        "contactInformation": [
            
        ]
    },
    {
        "guid": "a6b2fc0c-b119-11ee-b5b6-005056013b0c",
        "archive": true,
        "dateOutputArchive": "2020-01-26T21:00:00Z",
        "code": "1241",
        "codeMSFO": "11312",
        "partner": "00000000-0000-0000-0000-000000000000",
        "virtual": false,
        "name": "АгромашХолдинг-Бишкек",
        "nameAbbreviated": "АгромашХолдинг-Бишкек",
        "nameFull": "ООО АгромашХолдинг-Бишкек",
        "nameEnglish": "",
        "type": 1,
        "noResident": false,
        "inn": "",
        "kpp": "",
        "kppAdditional": "",
        "registrationNumber": "4082008100",
        "separateUnit": false,
        "organizationHead": "00000000-0000-0000-0000-000000000000",
        "concernType": "00000000-0000-0000-0000-000000000000",
        "concernTypeCode": "",
        "concernTypeHistory": [
            
        ],
        "basis": "",
        "division": "00000000-0000-0000-0000-000000000000",
        "divisionCode": "",
        "divisionHistory": [
            
        ],
        "comment": "",
        "ogrn": "",
        "dateRegistration": "2006-12-31T21:00:00Z",
        "okpo": "",
        "okved": "00000000-0000-0000-0000-000000000000",
        "okvedCode": "",
        "ifnsCode": "",
        "ifnsName": "",
        "taxCode": "",
        "taxName": "",
        "certificateCode": "",
        "certificateDate": "0001-01-01T00:00:00Z",
        "contactInformation": [
            
        ]
    },
    {
        "guid": "a6b2fc1f-b119-11ee-b5b6-005056013b0c",
        "archive": true,
        "dateOutputArchive": "2020-01-26T21:00:00Z",
        "code": "1242",
        "codeMSFO": "11314",
        "partner": "00000000-0000-0000-0000-000000000000",
        "virtual": false,
        "name": "Агромашхолдинг-РК",
        "nameAbbreviated": "Агромашхолдинг-РК",
        "nameFull": "Общество с ограниченной ответственностью Агромашхолдинг-РК",
        "nameEnglish": "",
        "type": 1,
        "noResident": false,
        "inn": "",
        "kpp": "",
        "kppAdditional": "",
        "registrationNumber": "620200335548",
        "separateUnit": false,
        "organizationHead": "00000000-0000-0000-0000-000000000000",
        "concernType": "00000000-0000-0000-0000-000000000000",
        "concernTypeCode": "",
        "concernTypeHistory": [
            
        ],
        "basis": "",
        "division": "00000000-0000-0000-0000-000000000000",
        "divisionCode": "",
        "divisionHistory": [
            
        ],
        "comment": "",
        "ogrn": "",
        "dateRegistration": "2006-12-31T21:00:00Z",
        "okpo": "",
        "okved": "00000000-0000-0000-0000-000000000000",
        "okvedCode": "",
        "ifnsCode": "",
        "ifnsName": "",
        "taxCode": "",
        "taxName": "",
        "certificateCode": "",
        "certificateDate": "0001-01-01T00:00:00Z",
        "contactInformation": [
            
        ]
    },
    {
        "guid": "a6b2fc20-b119-11ee-b5b6-005056013b0c",
        "archive": true,
        "dateOutputArchive": "2020-01-26T21:00:00Z",
        "code": "1243",
        "codeMSFO": "11304",
        "partner": "00000000-0000-0000-0000-000000000000",
        "virtual": false,
        "name": "Агромашхолдинг-ЮГ",
        "nameAbbreviated": "Агромашхолдинг-ЮГ",
        "nameFull": "ООО Агромашхолдинг-ЮГ",
        "nameEnglish": "",
        "type": 1,
        "noResident": false,
        "inn": "",
        "kpp": "",
        "kppAdditional": "",
        "registrationNumber": "33348102",
        "separateUnit": false,
        "organizationHead": "00000000-0000-0000-0000-000000000000",
        "concernType": "00000000-0000-0000-0000-000000000000",
        "concernTypeCode": "",
        "concernTypeHistory": [
            
        ],
        "basis": "",
        "division": "00000000-0000-0000-0000-000000000000",
        "divisionCode": "",
        "divisionHistory": [
            
        ],
        "comment": "",
        "ogrn": "",
        "dateRegistration": "2006-12-31T21:00:00Z",
        "okpo": "",
        "okved": "00000000-0000-0000-0000-000000000000",
        "okvedCode": "",
        "ifnsCode": "",
        "ifnsName": "",
        "taxCode": "",
        "taxName": "",
        "certificateCode": "",
        "certificateDate": "0001-01-01T00:00:00Z",
        "contactInformation": [
            
        ]
    },
    {
        "guid": "a6b2fc21-b119-11ee-b5b6-005056013b0c",
        "archive": true,
        "dateOutputArchive": "2019-11-20T21:00:00Z",
        "code": "1244",
        "codeMSFO": "11292",
        "partner": "de4d3b41-9f7d-11ee-b5b3-005056013b0c",
        "virtual": false,
        "name": "АМХ-Инвест",
        "nameAbbreviated": "АМХ-Инвест",
        "nameFull": "АМХ-Инвест",
        "nameEnglish": "",
        "type": 1,
        "noResident": false,
        "inn": "7717510600",
        "kpp": "771401001",
        "kppAdditional": "",
        "registrationNumber": "",
        "separateUnit": false,
        "organizationHead": "00000000-0000-0000-0000-000000000000",
        "concernType": "00000000-0000-0000-0000-000000000000",
        "concernTypeCode": "",
        "concernTypeHistory": [
            
        ],
        "basis": "",
        "division": "00000000-0000-0000-0000-000000000000",
        "divisionCode": "",
        "divisionHistory": [
            
        ],
        "comment": "",
        "ogrn": "",
        "dateRegistration": "2004-05-27T20:00:00Z",
        "okpo": "",
        "okved": "00000000-0000-0000-0000-000000000000",
        "okvedCode": "",
        "ifnsCode": "",
        "ifnsName": "",
        "taxCode": "",
        "taxName": "",
        "certificateCode": "",
        "certificateDate": "0001-01-01T00:00:00Z",
        "contactInformation": [
            
        ]
    },
    {
        "guid": "a6b2fc34-b119-11ee-b5b6-005056013b0c",
        "archive": true,
        "dateOutputArchive": "2019-07-25T21:00:00Z",
        "code": "1247",
        "codeMSFO": "11213",
        "partner": "de4d3b43-9f7d-11ee-b5b3-005056013b0c",
        "virtual": false,
        "name": "ООО Бизнес-Инвест",
        "nameAbbreviated": "Бизнес-Инвест",
        "nameFull": "Общество с ограниченной ответственностью Бизнес-Инвест",
        "nameEnglish": "",
        "type": 1,
        "noResident": false,
        "inn": "7720523783",
        "kpp": "771301001",
        "kppAdditional": "",
        "registrationNumber": "",
        "separateUnit": false,
        "organizationHead": "00000000-0000-0000-0000-000000000000",
        "concernType": "00000000-0000-0000-0000-000000000000",
        "concernTypeCode": "",
        "concernTypeHistory": [
            
        ],
        "basis": "",
        "division": "00000000-0000-0000-0000-000000000000",
        "divisionCode": "",
        "divisionHistory": [
            
        ],
        "comment": "",
        "ogrn": "",
        "dateRegistration": "2005-03-22T21:00:00Z",
        "okpo": "",
        "okved": "00000000-0000-0000-0000-000000000000",
        "okvedCode": "",
        "ifnsCode": "",
        "ifnsName": "",
        "taxCode": "",
        "taxName": "",
        "certificateCode": "",
        "certificateDate": "0001-01-01T00:00:00Z",
        "contactInformation": [
            
        ]
    },
    {
        "guid": "a6b2fc35-b119-11ee-b5b6-005056013b0c",
        "archive": false,
        "dateOutputArchive": "0001-01-01T00:00:00Z",
        "code": "1245",
        "codeMSFO": "11311",
        "partner": "de4d3b42-9f7d-11ee-b5b3-005056013b0c",
        "virtual": false,
        "name": "ООО Бизнес Тандем",
        "nameAbbreviated": "Бизнес Тандем",
        "nameFull": "Бизнес Тандем",
        "nameEnglish": "",
        "type": 1,
        "noResident": false,
        "inn": "7702529101",
        "kpp": "502901001",
        "kppAdditional": "",
        "registrationNumber": "",
        "separateUnit": false,
        "organizationHead": "00000000-0000-0000-0000-000000000000",
        "concernType": "00000000-0000-0000-0000-000000000000",
        "concernTypeCode": "",
        "concernTypeHistory": [
            
        ],
        "basis": "",
        "division": "00000000-0000-0000-0000-000000000000",
        "divisionCode": "",
        "divisionHistory": [
            
        ],
        "comment": "",
        "ogrn": "",
        "dateRegistration": "2004-06-23T20:00:00Z",
        "okpo": "",
        "okved": "00000000-0000-0000-0000-000000000000",
        "okvedCode": "",
        "ifnsCode": "",
        "ifnsName": "",
        "taxCode": "",
        "taxName": "",
        "certificateCode": "",
        "certificateDate": "0001-01-01T00:00:00Z",
        "contactInformation": [
            
        ]
    },
    {
        "guid": "a6b2fc36-b119-11ee-b5b6-005056013b0c",
        "archive": true,
        "dateOutputArchive": "2019-08-21T21:00:00Z",
        "code": "1249",
        "codeMSFO": "11294",
        "partner": "e725088b-9f7e-11ee-b5b3-005056013b0c",
        "virtual": false,
        "name": "ООО Четра-Форест",
        "nameAbbreviated": "Четра-Форест",
        "nameFull": "ЧЕТРА-ФОРЕСТ",
        "nameEnglish": "",
        "type": 1,
        "noResident": false,
        "inn": "7714858157",
        "kpp": "771301001",
        "kppAdditional": "",
        "registrationNumber": "",
        "separateUnit": false,
        "organizationHead": "00000000-0000-0000-0000-000000000000",
        "concernType": "00000000-0000-0000-0000-000000000000",
        "concernTypeCode": "",
        "concernTypeHistory": [
            
        ],
        "basis": "",
        "division": "00000000-0000-0000-0000-000000000000",
        "divisionCode": "",
        "divisionHistory": [
            
        ],
        "comment": "",
        "ogrn": "",
        "dateRegistration": "2011-11-28T20:00:00Z",
        "okpo": "",
        "okved": "00000000-0000-0000-0000-000000000000",
        "okvedCode": "",
        "ifnsCode": "",
        "ifnsName": "",
        "taxCode": "",
        "taxName": "",
        "certificateCode": "",
        "certificateDate": "0001-01-01T00:00:00Z",
        "contactInformation": [
            
        ]
    },
    {
        "guid": "a6b2fc49-b119-11ee-b5b6-005056013b0c",
        "archive": false,
        "dateOutputArchive": "0001-01-01T00:00:00Z",
        "code": "1259",
        "codeMSFO": "11190",
        "partner": "de4d3b4a-9f7d-11ee-b5b3-005056013b0c",
        "virtual": false,
        "name": "Жемчужина Сибири",
        "nameAbbreviated": "Жемчужина Сибири",
        "nameFull": "Жемчужина Сибири",
        "nameEnglish": "",
        "type": 1,
        "noResident": false,
        "inn": "2460084412",
        "kpp": "246001001",
        "kppAdditional": "",
        "registrationNumber": "",
        "separateUnit": false,
        "organizationHead": "00000000-0000-0000-0000-000000000000",
        "concernType": "00000000-0000-0000-0000-000000000000",
        "concernTypeCode": "",
        "concernTypeHistory": [
            
        ],
        "basis": "",
        "division": "00000000-0000-0000-0000-000000000000",
        "divisionCode": "",
        "divisionHistory": [
            
        ],
        "comment": "",
        "ogrn": "",
        "dateRegistration": "2012-07-09T20:00:00Z",
        "okpo": "",
        "okved": "00000000-0000-0000-0000-000000000000",
        "okvedCode": "",
        "ifnsCode": "",
        "ifnsName": "",
        "taxCode": "",
        "taxName": "",
        "certificateCode": "",
        "certificateDate": "0001-01-01T00:00:00Z",
        "contactInformation": [
            
        ]
    },
    {
        "guid": "a6b2fc4a-b119-11ee-b5b6-005056013b0c",
        "archive": true,
        "dateOutputArchive": "2021-06-09T21:00:00Z",
        "code": "1263",
        "codeMSFO": "11291",
        "partner": "de4d3b4c-9f7d-11ee-b5b3-005056013b0c",
        "virtual": false,
        "name": "ООО Информ-Стандарт",
        "nameAbbreviated": "Информ-Стандарт",
        "nameFull": "Информ-Стандарт",
        "nameEnglish": "",
        "type": 1,
        "noResident": false,
        "inn": "2130011374",
        "kpp": "213001001",
        "kppAdditional": "",
        "registrationNumber": "",
        "separateUnit": false,
        "organizationHead": "00000000-0000-0000-0000-000000000000",
        "concernType": "00000000-0000-0000-0000-000000000000",
        "concernTypeCode": "",
        "concernTypeHistory": [
            
        ],
        "basis": "",
        "division": "00000000-0000-0000-0000-000000000000",
        "divisionCode": "",
        "divisionHistory": [
            
        ],
        "comment": "",
        "ogrn": "",
        "dateRegistration": "2006-12-11T21:00:00Z",
        "okpo": "",
        "okved": "00000000-0000-0000-0000-000000000000",
        "okvedCode": "",
        "ifnsCode": "",
        "ifnsName": "",
        "taxCode": "",
        "taxName": "",
        "certificateCode": "",
        "certificateDate": "0001-01-01T00:00:00Z",
        "contactInformation": [
            
        ]
    },
    {
        "guid": "a6b2fc4b-b119-11ee-b5b6-005056013b0c",
        "archive": true,
        "dateOutputArchive": "2019-07-24T21:00:00Z",
        "code": "1278",
        "codeMSFO": "11282",
        "partner": "e079d777-9f7d-11ee-b5b3-005056013b0c",
        "virtual": false,
        "name": "ООО КрасОр",
        "nameAbbreviated": "КрасОр",
        "nameFull": "КрасОр",
        "nameEnglish": "",
        "type": 1,
        "noResident": false,
        "inn": "5754001693",
        "kpp": "771401001",
        "kppAdditional": "",
        "registrationNumber": "",
        "separateUnit": false,
        "organizationHead": "00000000-0000-0000-0000-000000000000",
        "concernType": "00000000-0000-0000-0000-000000000000",
        "concernTypeCode": "",
        "concernTypeHistory": [
            
        ],
        "basis": "",
        "division": "00000000-0000-0000-0000-000000000000",
        "divisionCode": "",
        "divisionHistory": [
            
        ],
        "comment": "",
        "ogrn": "",
        "dateRegistration": "2002-10-31T21:00:00Z",
        "okpo": "",
        "okved": "00000000-0000-0000-0000-000000000000",
        "okvedCode": "",
        "ifnsCode": "",
        "ifnsName": "",
        "taxCode": "",
        "taxName": "",
        "certificateCode": "",
        "certificateDate": "0001-01-01T00:00:00Z",
        "contactInformation": [
            
        ]
    },
    {
        "guid": "a6b2fc5e-b119-11ee-b5b6-005056013b0c",
        "archive": true,
        "dateOutputArchive": "2019-08-21T21:00:00Z",
        "code": "1300",
        "codeMSFO": "11212",
        "partner": "dcdb4eb7-9f7d-11ee-b5b3-005056013b0c",
        "virtual": false,
        "name": "ООО Негоциант XXI",
        "nameAbbreviated": "ООО Негоциант XXI",
        "nameFull": "Негоциант-XXI",
        "nameEnglish": "",
        "type": 1,
        "noResident": false,
        "inn": "7723177450",
        "kpp": "770401001",
        "kppAdditional": "",
        "registrationNumber": "",
        "separateUnit": false,
        "organizationHead": "00000000-0000-0000-0000-000000000000",
        "concernType": "00000000-0000-0000-0000-000000000000",
        "concernTypeCode": "",
        "concernTypeHistory": [
            
        ],
        "basis": "",
        "division": "00000000-0000-0000-0000-000000000000",
        "divisionCode": "",
        "divisionHistory": [
            
        ],
        "comment": "",
        "ogrn": "",
        "dateRegistration": "2002-11-10T21:00:00Z",
        "okpo": "",
        "okved": "00000000-0000-0000-0000-000000000000",
        "okvedCode": "",
        "ifnsCode": "",
        "ifnsName": "",
        "taxCode": "",
        "taxName": "",
        "certificateCode": "",
        "certificateDate": "0001-01-01T00:00:00Z",
        "contactInformation": [
            
        ]
    },
    {
        "guid": "a6b2fc71-b119-11ee-b5b6-005056013b0c",
        "archive": false,
        "dateOutputArchive": "0001-01-01T00:00:00Z",
        "code": "1301",
        "codeMSFO": "11302",
        "partner": "e079d7a9-9f7d-11ee-b5b3-005056013b0c",
        "virtual": false,
        "name": "Орловский завод коммунальных машин",
        "nameAbbreviated": "Орловский завод коммунальных машин",
        "nameFull": "Орловский завод коммунальных машин",
        "nameEnglish": "",
        "type": 1,
        "noResident": false,
        "inn": "5752044170",
        "kpp": "575201001",
        "kppAdditional": "",
        "registrationNumber": "",
        "separateUnit": false,
        "organizationHead": "00000000-0000-0000-0000-000000000000",
        "concernType": "00000000-0000-0000-0000-000000000000",
        "concernTypeCode": "",
        "concernTypeHistory": [
            
        ],
        "basis": "",
        "division": "00000000-0000-0000-0000-000000000000",
        "divisionCode": "",
        "divisionHistory": [
            
        ],
        "comment": "",
        "ogrn": "",
        "dateRegistration": "2007-06-28T20:00:00Z",
        "okpo": "",
        "okved": "00000000-0000-0000-0000-000000000000",
        "okvedCode": "",
        "ifnsCode": "",
        "ifnsName": "",
        "taxCode": "",
        "taxName": "",
        "certificateCode": "",
        "certificateDate": "0001-01-01T00:00:00Z",
        "contactInformation": [
            
        ]
    },
    {
        "guid": "b5bf5267-8aaa-11ee-b5b1-005056013b0c",
        "archive": false,
        "dateOutputArchive": "0001-01-01T00:00:00Z",
        "code": "1303",
        "codeMSFO": "11308",
        "partner": "00000000-0000-0000-0000-000000000000",
        "virtual": false,
        "name": "ПО БКТЗ ООО",
        "nameAbbreviated": "ПО БКТЗ",
        "nameFull": "Общество с ограниченной ответственностью ПО Белоцерковский комбайно-тракторный завод",
        "nameEnglish": "",
        "type": 1,
        "noResident": true,
        "inn": "",
        "kpp": "",
        "kppAdditional": "",
        "registrationNumber": "323018820272",
        "separateUnit": false,
        "organizationHead": "00000000-0000-0000-0000-000000000000",
        "concernType": "78f12e4b-8aa4-11ee-b5b1-005056013b0c",
        "concernTypeCode": "2",
        "concernTypeHistory": [
            
        ],
        "basis": "не применимо",
        "division": "45c669b4-894e-11ee-b5b1-005056013b0c",
        "divisionCode": "9",
        "divisionHistory": [
            
        ],
        "comment": "",
        "ogrn": "",
        "dateRegistration": "2006-12-31T21:00:00Z",
        "okpo": "",
        "okved": "00000000-0000-0000-0000-000000000000",
        "okvedCode": "",
        "ifnsCode": "",
        "ifnsName": "",
        "taxCode": "",
        "taxName": "",
        "certificateCode": "",
        "certificateDate": "0001-01-01T00:00:00Z",
        "contactInformation": [
            
        ]
    },
    {
        "guid": "a6b2fc84-b119-11ee-b5b6-005056013b0c",
        "archive": false,
        "dateOutputArchive": "0001-01-01T00:00:00Z",
        "code": "1304",
        "codeMSFO": "11289",
        "partner": "e7250852-9f7e-11ee-b5b3-005056013b0c",
        "virtual": false,
        "name": "ООО Полином плюс",
        "nameAbbreviated": "Полином +",
        "nameFull": "Полином +",
        "nameEnglish": "",
        "type": 1,
        "noResident": false,
        "inn": "3444118240",
        "kpp": "344101001",
        "kppAdditional": "",
        "registrationNumber": "",
        "separateUnit": false,
        "organizationHead": "00000000-0000-0000-0000-000000000000",
        "concernType": "00000000-0000-0000-0000-000000000000",
        "concernTypeCode": "",
        "concernTypeHistory": [
            
        ],
        "basis": "",
        "division": "00000000-0000-0000-0000-000000000000",
        "divisionCode": "",
        "divisionHistory": [
            
        ],
        "comment": "",
        "ogrn": "",
        "dateRegistration": "2004-11-14T21:00:00Z",
        "okpo": "",
        "okved": "00000000-0000-0000-0000-000000000000",
        "okvedCode": "",
        "ifnsCode": "",
        "ifnsName": "",
        "taxCode": "",
        "taxName": "",
        "certificateCode": "",
        "certificateDate": "0001-01-01T00:00:00Z",
        "contactInformation": [
            
        ]
    },
    {
        "guid": "a6b2fc86-b119-11ee-b5b6-005056013b0c",
        "archive": true,
        "dateOutputArchive": "2019-08-21T21:00:00Z",
        "code": "1426",
        "codeMSFO": "11357",
        "partner": "00000000-0000-0000-0000-000000000000",
        "virtual": false,
        "name": "Brendora Ltd",
        "nameAbbreviated": "Brendora Ltd",
        "nameFull": "Brendora Ltd",
        "nameEnglish": "",
        "type": 1,
        "noResident": false,
        "inn": "",
        "kpp": "",
        "kppAdditional": "",
        "registrationNumber": "205483",
        "separateUnit": false,
        "organizationHead": "00000000-0000-0000-0000-000000000000",
        "concernType": "00000000-0000-0000-0000-000000000000",
        "concernTypeCode": "",
        "concernTypeHistory": [
            
        ],
        "basis": "",
        "division": "00000000-0000-0000-0000-000000000000",
        "divisionCode": "",
        "divisionHistory": [
            
        ],
        "comment": "",
        "ogrn": "",
        "dateRegistration": "2006-12-31T21:00:00Z",
        "okpo": "",
        "okved": "00000000-0000-0000-0000-000000000000",
        "okvedCode": "",
        "ifnsCode": "",
        "ifnsName": "",
        "taxCode": "",
        "taxName": "",
        "certificateCode": "",
        "certificateDate": "0001-01-01T00:00:00Z",
        "contactInformation": [
            
        ]
    },
    {
        "guid": "a6b2fc87-b119-11ee-b5b6-005056013b0c",
        "archive": true,
        "dateOutputArchive": "2019-08-21T21:00:00Z",
        "code": "1423",
        "codeMSFO": "11369",
        "partner": "00000000-0000-0000-0000-000000000000",
        "virtual": false,
        "name": "MIG Europe GmbH",
        "nameAbbreviated": "MIG Europe GmbH",
        "nameFull": "MIG Europe GmbH",
        "nameEnglish": "",
        "type": 1,
        "noResident": false,
        "inn": "",
        "kpp": "",
        "kppAdditional": "",
        "registrationNumber": "1447631",
        "separateUnit": false,
        "organizationHead": "00000000-0000-0000-0000-000000000000",
        "concernType": "00000000-0000-0000-0000-000000000000",
        "concernTypeCode": "",
        "concernTypeHistory": [
            
        ],
        "basis": "",
        "division": "00000000-0000-0000-0000-000000000000",
        "divisionCode": "",
        "divisionHistory": [
            
        ],
        "comment": "",
        "ogrn": "",
        "dateRegistration": "2006-12-31T21:00:00Z",
        "okpo": "",
        "okved": "00000000-0000-0000-0000-000000000000",
        "okvedCode": "",
        "ifnsCode": "",
        "ifnsName": "",
        "taxCode": "",
        "taxName": "",
        "certificateCode": "",
        "certificateDate": "0001-01-01T00:00:00Z",
        "contactInformation": [
            
        ]
    },
    {
        "guid": "8e7275eb-3049-11ee-b5ae-005056013b0c",
        "archive": false,
        "dateOutputArchive": "0001-01-01T00:00:00Z",
        "code": "1428",
        "codeMSFO": "11362",
        "partner": "00000000-0000-0000-0000-000000000000",
        "virtual": false,
        "name": "Chetra Machinery Trade India Private Ltd",
        "nameAbbreviated": "Chetra Machinery Trade India Private Ltd",
        "nameFull": "Chetra Machinery Trade India Private Ltd",
        "nameEnglish": "",
        "type": 1,
        "noResident": true,
        "inn": "",
        "kpp": "",
        "kppAdditional": "",
        "registrationNumber": "DELC10673F",
        "separateUnit": false,
        "organizationHead": "00000000-0000-0000-0000-000000000000",
        "concernType": "78f12e4b-8aa4-11ee-b5b1-005056013b0c",
        "concernTypeCode": "2",
        "concernTypeHistory": [
            
        ],
        "basis": "не применимо",
        "division": "45c669b4-894e-11ee-b5b1-005056013b0c",
        "divisionCode": "9",
        "divisionHistory": [
            
        ],
        "comment": "",
        "ogrn": "",
        "dateRegistration": "2006-12-31T21:00:00Z",
        "okpo": "",
        "okved": "00000000-0000-0000-0000-000000000000",
        "okvedCode": "",
        "ifnsCode": "",
        "ifnsName": "",
        "taxCode": "",
        "taxName": "",
        "certificateCode": "",
        "certificateDate": "0001-01-01T00:00:00Z",
        "contactInformation": [
            
        ]
    },
    {
        "guid": "b5bf5258-8aaa-11ee-b5b1-005056013b0c",
        "archive": false,
        "dateOutputArchive": "0001-01-01T00:00:00Z",
        "code": "1438",
        "codeMSFO": "11380",
        "partner": "00000000-0000-0000-0000-000000000000",
        "virtual": false,
        "name": "Premium Parts Produktions GmbH (группа VN)",
        "nameAbbreviated": "Premium Parts Produktions GmbH (группа V",
        "nameFull": "Premium Parts Produktions GmbH (группа VN)",
        "nameEnglish": "",
        "type": 1,
        "noResident": true,
        "inn": "",
        "kpp": "",
        "kppAdditional": "",
        "registrationNumber": "0151839",
        "separateUnit": false,
        "organizationHead": "00000000-0000-0000-0000-000000000000",
        "concernType": "1eb22324-8aa6-11ee-b5b1-005056013b0c",
        "concernTypeCode": "6",
        "concernTypeHistory": [
            
        ],
        "basis": "связанная сторона с 15.03.2016г., на основании существенных сделок",
        "division": "45c669b4-894e-11ee-b5b1-005056013b0c",
        "divisionCode": "9",
        "divisionHistory": [
            
        ],
        "comment": "",
        "ogrn": "",
        "dateRegistration": "2006-12-31T21:00:00Z",
        "okpo": "",
        "okved": "00000000-0000-0000-0000-000000000000",
        "okvedCode": "",
        "ifnsCode": "",
        "ifnsName": "",
        "taxCode": "",
        "taxName": "",
        "certificateCode": "",
        "certificateDate": "0001-01-01T00:00:00Z",
        "contactInformation": [
            
        ]
    },
    {
        "guid": "a6b2fcac-b119-11ee-b5b6-005056013b0c",
        "archive": true,
        "dateOutputArchive": "2019-08-21T21:00:00Z",
        "code": "1432",
        "codeMSFO": "11299",
        "partner": "00000000-0000-0000-0000-000000000000",
        "virtual": false,
        "name": "Machinery Industrial Group N.V.",
        "nameAbbreviated": "Machinery Industrial Group N.V.",
        "nameFull": "Machinery Industrial Group N.V.",
        "nameEnglish": "",
        "type": 1,
        "noResident": false,
        "inn": "",
        "kpp": "",
        "kppAdditional": "",
        "registrationNumber": "819632636",
        "separateUnit": false,
        "organizationHead": "00000000-0000-0000-0000-000000000000",
        "concernType": "00000000-0000-0000-0000-000000000000",
        "concernTypeCode": "",
        "concernTypeHistory": [
            
        ],
        "basis": "",
        "division": "00000000-0000-0000-0000-000000000000",
        "divisionCode": "",
        "divisionHistory": [
            
        ],
        "comment": "",
        "ogrn": "",
        "dateRegistration": "2006-12-31T21:00:00Z",
        "okpo": "",
        "okved": "00000000-0000-0000-0000-000000000000",
        "okvedCode": "",
        "ifnsCode": "",
        "ifnsName": "",
        "taxCode": "",
        "taxName": "",
        "certificateCode": "",
        "certificateDate": "0001-01-01T00:00:00Z",
        "contactInformation": [
            
        ]
    },
    {
        "guid": "a6b2fcbf-b119-11ee-b5b6-005056013b0c",
        "archive": false,
        "dateOutputArchive": "0001-01-01T00:00:00Z",
        "code": "1442",
        "codeMSFO": "",
        "partner": "00000000-0000-0000-0000-000000000000",
        "virtual": false,
        "name": "ОАО НИИ стали (история)",
        "nameAbbreviated": "НИИ стали (история)",
        "nameFull": "Открытое акционерное общество НИИ стали (история)",
        "nameEnglish": "",
        "type": 1,
        "noResident": false,
        "inn": "",
        "kpp": "",
        "kppAdditional": "",
        "registrationNumber": "",
        "separateUnit": false,
        "organizationHead": "00000000-0000-0000-0000-000000000000",
        "concernType": "00000000-0000-0000-0000-000000000000",
        "concernTypeCode": "",
        "concernTypeHistory": [
            
        ],
        "basis": "",
        "division": "00000000-0000-0000-0000-000000000000",
        "divisionCode": "",
        "divisionHistory": [
            
        ],
        "comment": "",
        "ogrn": "",
        "dateRegistration": "2002-08-18T20:00:00Z",
        "okpo": "",
        "okved": "00000000-0000-0000-0000-000000000000",
        "okvedCode": "",
        "ifnsCode": "",
        "ifnsName": "",
        "taxCode": "",
        "taxName": "",
        "certificateCode": "",
        "certificateDate": "0001-01-01T00:00:00Z",
        "contactInformation": [
            
        ]
    },
    {
        "guid": "a6b2fcc0-b119-11ee-b5b6-005056013b0c",
        "archive": true,
        "dateOutputArchive": "2019-08-21T21:00:00Z",
        "code": "1446",
        "codeMSFO": "11366",
        "partner": "e4088fde-9f7e-11ee-b5b3-005056013b0c",
        "virtual": false,
        "name": "ООО ЗИП КТЗ",
        "nameAbbreviated": "ЗИП КТЗ ООО",
        "nameFull": "ЗИП КТЗ",
        "nameEnglish": "",
        "type": 1,
        "noResident": false,
        "inn": "3328458051",
        "kpp": "332801001",
        "kppAdditional": "",
        "registrationNumber": "",
        "separateUnit": false,
        "organizationHead": "00000000-0000-0000-0000-000000000000",
        "concernType": "00000000-0000-0000-0000-000000000000",
        "concernTypeCode": "",
        "concernTypeHistory": [
            
        ],
        "basis": "",
        "division": "00000000-0000-0000-0000-000000000000",
        "divisionCode": "",
        "divisionHistory": [
            
        ],
        "comment": "",
        "ogrn": "",
        "dateRegistration": "2008-05-13T20:00:00Z",
        "okpo": "",
        "okved": "00000000-0000-0000-0000-000000000000",
        "okvedCode": "",
        "ifnsCode": "",
        "ifnsName": "",
        "taxCode": "",
        "taxName": "",
        "certificateCode": "",
        "certificateDate": "0001-01-01T00:00:00Z",
        "contactInformation": [
            
        ]
    },
    {
        "guid": "a6b2fcc1-b119-11ee-b5b6-005056013b0c",
        "archive": false,
        "dateOutputArchive": "0001-01-01T00:00:00Z",
        "code": "1453",
        "codeMSFO": "11382",
        "partner": "00000000-0000-0000-0000-000000000000",
        "virtual": false,
        "name": "Vogel Noot Landmaschinen GmbH Co KG",
        "nameAbbreviated": "VogelNoot Landmaschinen GmbH Co KG",
        "nameFull": "Vogel Noot Landmaschinen GmbH Co KG",
        "nameEnglish": "",
        "type": 1,
        "noResident": false,
        "inn": "",
        "kpp": "",
        "kppAdditional": "",
        "registrationNumber": "1031924",
        "separateUnit": false,
        "organizationHead": "00000000-0000-0000-0000-000000000000",
        "concernType": "00000000-0000-0000-0000-000000000000",
        "concernTypeCode": "",
        "concernTypeHistory": [
            
        ],
        "basis": "",
        "division": "00000000-0000-0000-0000-000000000000",
        "divisionCode": "",
        "divisionHistory": [
            
        ],
        "comment": "",
        "ogrn": "",
        "dateRegistration": "2006-12-31T21:00:00Z",
        "okpo": "",
        "okved": "00000000-0000-0000-0000-000000000000",
        "okvedCode": "",
        "ifnsCode": "",
        "ifnsName": "",
        "taxCode": "",
        "taxName": "",
        "certificateCode": "",
        "certificateDate": "0001-01-01T00:00:00Z",
        "contactInformation": [
            
        ]
    },
    {
        "guid": "a6b2fcc2-b119-11ee-b5b6-005056013b0c",
        "archive": false,
        "dateOutputArchive": "0001-01-01T00:00:00Z",
        "code": "1454",
        "codeMSFO": "11381",
        "partner": "00000000-0000-0000-0000-000000000000",
        "virtual": false,
        "name": "Vogel Noot Landmaschinen GmbH (Австрия)",
        "nameAbbreviated": "VogelNoot Landmaschinen GmbH (Австрия)",
        "nameFull": "Vogel Noot Landmaschinen GmbH (Австрия)",
        "nameEnglish": "",
        "type": 1,
        "noResident": false,
        "inn": "",
        "kpp": "",
        "kppAdditional": "",
        "registrationNumber": "1032138",
        "separateUnit": false,
        "organizationHead": "00000000-0000-0000-0000-000000000000",
        "concernType": "00000000-0000-0000-0000-000000000000",
        "concernTypeCode": "",
        "concernTypeHistory": [
            
        ],
        "basis": "",
        "division": "00000000-0000-0000-0000-000000000000",
        "divisionCode": "",
        "divisionHistory": [
            
        ],
        "comment": "",
        "ogrn": "",
        "dateRegistration": "2006-12-31T21:00:00Z",
        "okpo": "",
        "okved": "00000000-0000-0000-0000-000000000000",
        "okvedCode": "",
        "ifnsCode": "",
        "ifnsName": "",
        "taxCode": "",
        "taxName": "",
        "certificateCode": "",
        "certificateDate": "0001-01-01T00:00:00Z",
        "contactInformation": [
            
        ]
    },
    {
        "guid": "a6b2fcc3-b119-11ee-b5b6-005056013b0c",
        "archive": false,
        "dateOutputArchive": "0001-01-01T00:00:00Z",
        "code": "1455",
        "codeMSFO": "11373",
        "partner": "00000000-0000-0000-0000-000000000000",
        "virtual": false,
        "name": "Vogel Noot Mezogepgyar K.F.T.(Венгрия)",
        "nameAbbreviated": "VogelNoot Mezogepyar Kft (Венгрия)",
        "nameFull": "Vogel Noot Mezogepgyar K.F.T.(Венгрия)",
        "nameEnglish": "",
        "type": 1,
        "noResident": false,
        "inn": "",
        "kpp": "",
        "kppAdditional": "",
        "registrationNumber": "10617418-2-0",
        "separateUnit": false,
        "organizationHead": "00000000-0000-0000-0000-000000000000",
        "concernType": "00000000-0000-0000-0000-000000000000",
        "concernTypeCode": "",
        "concernTypeHistory": [
            
        ],
        "basis": "",
        "division": "00000000-0000-0000-0000-000000000000",
        "divisionCode": "",
        "divisionHistory": [
            
        ],
        "comment": "",
        "ogrn": "",
        "dateRegistration": "2006-12-31T21:00:00Z",
        "okpo": "",
        "okved": "00000000-0000-0000-0000-000000000000",
        "okvedCode": "",
        "ifnsCode": "",
        "ifnsName": "",
        "taxCode": "",
        "taxName": "",
        "certificateCode": "",
        "certificateDate": "0001-01-01T00:00:00Z",
        "contactInformation": [
            
        ]
    },
    {
        "guid": "a6b2fcc4-b119-11ee-b5b6-005056013b0c",
        "archive": false,
        "dateOutputArchive": "0001-01-01T00:00:00Z",
        "code": "1457",
        "codeMSFO": "11378",
        "partner": "00000000-0000-0000-0000-000000000000",
        "virtual": false,
        "name": "Vogel Noot Talajtechnika K.F.T. (Венгрия)",
        "nameAbbreviated": "VogelNoot Talajtechnika Kft (Венгрия)",
        "nameFull": "Vogel Noot Talajtechnika K.F.T. (Венгрия)",
        "nameEnglish": "",
        "type": 1,
        "noResident": false,
        "inn": "",
        "kpp": "",
        "kppAdditional": "",
        "registrationNumber": "14333640-2-1",
        "separateUnit": false,
        "organizationHead": "00000000-0000-0000-0000-000000000000",
        "concernType": "00000000-0000-0000-0000-000000000000",
        "concernTypeCode": "",
        "concernTypeHistory": [
            
        ],
        "basis": "",
        "division": "00000000-0000-0000-0000-000000000000",
        "divisionCode": "",
        "divisionHistory": [
            
        ],
        "comment": "",
        "ogrn": "",
        "dateRegistration": "2006-12-31T21:00:00Z",
        "okpo": "",
        "okved": "00000000-0000-0000-0000-000000000000",
        "okvedCode": "",
        "ifnsCode": "",
        "ifnsName": "",
        "taxCode": "",
        "taxName": "",
        "certificateCode": "",
        "certificateDate": "0001-01-01T00:00:00Z",
        "contactInformation": [
            
        ]
    },
    {
        "guid": "a6b2fcc5-b119-11ee-b5b6-005056013b0c",
        "archive": true,
        "dateOutputArchive": "2019-08-21T21:00:00Z",
        "code": "1489",
        "codeMSFO": "11461",
        "partner": "23689723-9f7e-11ee-b5b3-005056013b0c",
        "virtual": false,
        "name": "ЗАО Мост",
        "nameAbbreviated": "Мост",
        "nameFull": "МОСТ",
        "nameEnglish": "",
        "type": 1,
        "noResident": false,
        "inn": "7707046274",
        "kpp": "770401001",
        "kppAdditional": "",
        "registrationNumber": "",
        "separateUnit": false,
        "organizationHead": "00000000-0000-0000-0000-000000000000",
        "concernType": "00000000-0000-0000-0000-000000000000",
        "concernTypeCode": "",
        "concernTypeHistory": [
            
        ],
        "basis": "",
        "division": "00000000-0000-0000-0000-000000000000",
        "divisionCode": "",
        "divisionHistory": [
            
        ],
        "comment": "",
        "ogrn": "",
        "dateRegistration": "2002-10-27T21:00:00Z",
        "okpo": "",
        "okved": "00000000-0000-0000-0000-000000000000",
        "okvedCode": "",
        "ifnsCode": "",
        "ifnsName": "",
        "taxCode": "",
        "taxName": "",
        "certificateCode": "",
        "certificateDate": "0001-01-01T00:00:00Z",
        "contactInformation": [
            
        ]
    },
    {
        "guid": "a6b2fcc6-b119-11ee-b5b6-005056013b0c",
        "archive": false,
        "dateOutputArchive": "0001-01-01T00:00:00Z",
        "code": "1493",
        "codeMSFO": "11182",
        "partner": "23689154-9f7e-11ee-b5b3-005056013b0c",
        "virtual": false,
        "name": "Суперсталь ОАО",
        "nameAbbreviated": "Суперсталь",
        "nameFull": "Суперсталь",
        "nameEnglish": "",
        "type": 1,
        "noResident": false,
        "inn": "2127308777",
        "kpp": "212701001",
        "kppAdditional": "",
        "registrationNumber": "",
        "separateUnit": false,
        "organizationHead": "00000000-0000-0000-0000-000000000000",
        "concernType": "00000000-0000-0000-0000-000000000000",
        "concernTypeCode": "",
        "concernTypeHistory": [
            
        ],
        "basis": "",
        "division": "00000000-0000-0000-0000-000000000000",
        "divisionCode": "",
        "divisionHistory": [
            
        ],
        "comment": "",
        "ogrn": "",
        "dateRegistration": "2002-11-21T21:00:00Z",
        "okpo": "",
        "okved": "00000000-0000-0000-0000-000000000000",
        "okvedCode": "",
        "ifnsCode": "",
        "ifnsName": "",
        "taxCode": "",
        "taxName": "",
        "certificateCode": "",
        "certificateDate": "0001-01-01T00:00:00Z",
        "contactInformation": [
            
        ]
    },
    {
        "guid": "a6b2fcd3-b119-11ee-b5b6-005056013b0c",
        "archive": false,
        "dateOutputArchive": "0001-01-01T00:00:00Z",
        "code": "1329",
        "codeMSFO": "11189",
        "partner": "e079d7c8-9f7d-11ee-b5b3-005056013b0c",
        "virtual": false,
        "name": "ООО ЧОО ЖБК",
        "nameAbbreviated": "ЖБК частная охранная организация",
        "nameFull": "Частная охранная организация ЖБК",
        "nameEnglish": "",
        "type": 1,
        "noResident": false,
        "inn": "3327821385",
        "kpp": "332801001",
        "kppAdditional": "",
        "registrationNumber": "",
        "separateUnit": false,
        "organizationHead": "00000000-0000-0000-0000-000000000000",
        "concernType": "00000000-0000-0000-0000-000000000000",
        "concernTypeCode": "",
        "concernTypeHistory": [
            
        ],
        "basis": "",
        "division": "00000000-0000-0000-0000-000000000000",
        "divisionCode": "",
        "divisionHistory": [
            
        ],
        "comment": "",
        "ogrn": "",
        "dateRegistration": "2005-08-02T20:00:00Z",
        "okpo": "",
        "okved": "00000000-0000-0000-0000-000000000000",
        "okvedCode": "",
        "ifnsCode": "",
        "ifnsName": "",
        "taxCode": "",
        "taxName": "",
        "certificateCode": "",
        "certificateDate": "0001-01-01T00:00:00Z",
        "contactInformation": [
            
        ]
    },
    {
        "guid": "a6b2fcc7-b119-11ee-b5b6-005056013b0c",
        "archive": false,
        "dateOutputArchive": "0001-01-01T00:00:00Z",
        "code": "1499",
        "codeMSFO": "11474",
        "partner": "22237f4a-9f7e-11ee-b5b3-005056013b0c",
        "virtual": false,
        "name": "ПУБЛИЧНОЕ АКЦИОНЕРНОЕ ОБЩЕСТВО АВТОДИЗЕЛЬ (ЯРОСЛАВСКИЙ МОТОРНЫЙ ЗАВОД)",
        "nameAbbreviated": "Автодизель (Ярославский Моторный Завод)",
        "nameFull": "Автодизель (Ярославский Моторный Завод)",
        "nameEnglish": "",
        "type": 1,
        "noResident": false,
        "inn": "7601000640",
        "kpp": "760201001",
        "kppAdditional": "785050001",
        "registrationNumber": "",
        "separateUnit": false,
        "organizationHead": "00000000-0000-0000-0000-000000000000",
        "concernType": "00000000-0000-0000-0000-000000000000",
        "concernTypeCode": "",
        "concernTypeHistory": [
            
        ],
        "basis": "",
        "division": "00000000-0000-0000-0000-000000000000",
        "divisionCode": "",
        "divisionHistory": [
            
        ],
        "comment": "",
        "ogrn": "",
        "dateRegistration": "2002-10-24T20:00:00Z",
        "okpo": "",
        "okved": "00000000-0000-0000-0000-000000000000",
        "okvedCode": "",
        "ifnsCode": "",
        "ifnsName": "",
        "taxCode": "",
        "taxName": "",
        "certificateCode": "",
        "certificateDate": "0001-01-01T00:00:00Z",
        "contactInformation": [
            
        ]
    },
    {
        "guid": "a6b2fcc8-b119-11ee-b5b6-005056013b0c",
        "archive": false,
        "dateOutputArchive": "0001-01-01T00:00:00Z",
        "code": "1504",
        "codeMSFO": "11466",
        "partner": "00000000-0000-0000-0000-000000000000",
        "virtual": false,
        "name": "Агромашхолдинг АО (Казахстан)",
        "nameAbbreviated": "Агромашхолдинг АО (Казахстан)",
        "nameFull": "Агромашхолдинг АО (Казахстан)",
        "nameEnglish": "",
        "type": 1,
        "noResident": false,
        "inn": "",
        "kpp": "",
        "kppAdditional": "",
        "registrationNumber": "600700188100",
        "separateUnit": false,
        "organizationHead": "00000000-0000-0000-0000-000000000000",
        "concernType": "00000000-0000-0000-0000-000000000000",
        "concernTypeCode": "",
        "concernTypeHistory": [
            
        ],
        "basis": "",
        "division": "00000000-0000-0000-0000-000000000000",
        "divisionCode": "",
        "divisionHistory": [
            
        ],
        "comment": "",
        "ogrn": "",
        "dateRegistration": "2006-12-31T21:00:00Z",
        "okpo": "",
        "okved": "00000000-0000-0000-0000-000000000000",
        "okvedCode": "",
        "ifnsCode": "",
        "ifnsName": "",
        "taxCode": "",
        "taxName": "",
        "certificateCode": "",
        "certificateDate": "0001-01-01T00:00:00Z",
        "contactInformation": [
            
        ]
    },
    {
        "guid": "b5bf5265-8aaa-11ee-b5b1-005056013b0c",
        "archive": false,
        "dateOutputArchive": "0001-01-01T00:00:00Z",
        "code": "1482",
        "codeMSFO": "11462",
        "partner": "22237f33-9f7e-11ee-b5b3-005056013b0c",
        "virtual": false,
        "name": "МУЗЕЙ ИСТОРИИ ТРАКТОРА ЧУК",
        "nameAbbreviated": "Музей истории трактора НУК",
        "nameFull": "Негосударственное НУК Научно-техн. музей истopии трактора",
        "nameEnglish": "mht",
        "type": 1,
        "noResident": false,
        "inn": "2130077551",
        "kpp": "213001001",
        "kppAdditional": "",
        "registrationNumber": "",
        "separateUnit": false,
        "organizationHead": "00000000-0000-0000-0000-000000000000",
        "concernType": "78f12e4b-8aa4-11ee-b5b1-005056013b0c",
        "concernTypeCode": "2",
        "concernTypeHistory": [
            
        ],
        "basis": "не применимо",
        "division": "45c669b1-894e-11ee-b5b1-005056013b0c",
        "divisionCode": "5",
        "divisionHistory": [
            
        ],
        "comment": "",
        "ogrn": "",
        "dateRegistration": "2010-08-31T20:00:00Z",
        "okpo": "",
        "okved": "00000000-0000-0000-0000-000000000000",
        "okvedCode": "",
        "ifnsCode": "",
        "ifnsName": "",
        "taxCode": "",
        "taxName": "",
        "certificateCode": "",
        "certificateDate": "0001-01-01T00:00:00Z",
        "contactInformation": [
            
        ]
    },
    {
        "guid": "a6b2fcc9-b119-11ee-b5b6-005056013b0c",
        "archive": false,
        "dateOutputArchive": "0001-01-01T00:00:00Z",
        "code": "1500",
        "codeMSFO": "11202",
        "partner": "236893f0-9f7e-11ee-b5b3-005056013b0c",
        "virtual": false,
        "name": "ООО Канал 5 плюс",
        "nameAbbreviated": "ООО Канал 5 плюс",
        "nameFull": "Канал 5 плюс",
        "nameEnglish": "",
        "type": 1,
        "noResident": false,
        "inn": "2128005944",
        "kpp": "771501001",
        "kppAdditional": "",
        "registrationNumber": "",
        "separateUnit": false,
        "organizationHead": "00000000-0000-0000-0000-000000000000",
        "concernType": "00000000-0000-0000-0000-000000000000",
        "concernTypeCode": "",
        "concernTypeHistory": [
            
        ],
        "basis": "",
        "division": "00000000-0000-0000-0000-000000000000",
        "divisionCode": "",
        "divisionHistory": [
            
        ],
        "comment": "",
        "ogrn": "",
        "dateRegistration": "2002-12-14T21:00:00Z",
        "okpo": "",
        "okved": "00000000-0000-0000-0000-000000000000",
        "okvedCode": "",
        "ifnsCode": "",
        "ifnsName": "",
        "taxCode": "",
        "taxName": "",
        "certificateCode": "",
        "certificateDate": "0001-01-01T00:00:00Z",
        "contactInformation": [
            
        ]
    },
    {
        "guid": "a6b2fcca-b119-11ee-b5b6-005056013b0c",
        "archive": false,
        "dateOutputArchive": "0001-01-01T00:00:00Z",
        "code": "1501",
        "codeMSFO": "11475",
        "partner": "22237f74-9f7e-11ee-b5b3-005056013b0c",
        "virtual": false,
        "name": "РЖДС-Регион ООО",
        "nameAbbreviated": "РЖДС-Регион ООО",
        "nameFull": "ООО РЖДС - регион",
        "nameEnglish": "",
        "type": 1,
        "noResident": false,
        "inn": "7743525900",
        "kpp": "774301001",
        "kppAdditional": "",
        "registrationNumber": "",
        "separateUnit": false,
        "organizationHead": "00000000-0000-0000-0000-000000000000",
        "concernType": "00000000-0000-0000-0000-000000000000",
        "concernTypeCode": "",
        "concernTypeHistory": [
            
        ],
        "basis": "",
        "division": "00000000-0000-0000-0000-000000000000",
        "divisionCode": "",
        "divisionHistory": [
            
        ],
        "comment": "",
        "ogrn": "",
        "dateRegistration": "2004-04-19T20:00:00Z",
        "okpo": "",
        "okved": "00000000-0000-0000-0000-000000000000",
        "okvedCode": "",
        "ifnsCode": "",
        "ifnsName": "",
        "taxCode": "",
        "taxName": "",
        "certificateCode": "",
        "certificateDate": "0001-01-01T00:00:00Z",
        "contactInformation": [
            
        ]
    },
    {
        "guid": "a6b2fccb-b119-11ee-b5b6-005056013b0c",
        "archive": false,
        "dateOutputArchive": "0001-01-01T00:00:00Z",
        "code": "1502",
        "codeMSFO": "11290",
        "partner": "e079d7c3-9f7d-11ee-b5b3-005056013b0c",
        "virtual": false,
        "name": "ООО Фабрика чистоты",
        "nameAbbreviated": "Фабрика чистоты компания",
        "nameFull": "Компания Фабрика чистоты",
        "nameEnglish": "",
        "type": 1,
        "noResident": false,
        "inn": "2130002549",
        "kpp": "213001001",
        "kppAdditional": "",
        "registrationNumber": "",
        "separateUnit": false,
        "organizationHead": "00000000-0000-0000-0000-000000000000",
        "concernType": "00000000-0000-0000-0000-000000000000",
        "concernTypeCode": "",
        "concernTypeHistory": [
            
        ],
        "basis": "",
        "division": "00000000-0000-0000-0000-000000000000",
        "divisionCode": "",
        "divisionHistory": [
            
        ],
        "comment": "",
        "ogrn": "",
        "dateRegistration": "2006-06-01T20:00:00Z",
        "okpo": "",
        "okved": "00000000-0000-0000-0000-000000000000",
        "okvedCode": "",
        "ifnsCode": "",
        "ifnsName": "",
        "taxCode": "",
        "taxName": "",
        "certificateCode": "",
        "certificateDate": "0001-01-01T00:00:00Z",
        "contactInformation": [
            
        ]
    },
    {
        "guid": "a6b2fccc-b119-11ee-b5b6-005056013b0c",
        "archive": true,
        "dateOutputArchive": "2019-08-21T21:00:00Z",
        "code": "1486",
        "codeMSFO": "11417",
        "partner": "e7250822-9f7e-11ee-b5b3-005056013b0c",
        "virtual": false,
        "name": "Сталь банк (ООО)",
        "nameAbbreviated": "Сталь банк (ООО)",
        "nameFull": "Общество с ограниченной ответственностью Сталь банк",
        "nameEnglish": "",
        "type": 1,
        "noResident": false,
        "inn": "5043017030",
        "kpp": "770801001",
        "kppAdditional": "",
        "registrationNumber": "",
        "separateUnit": false,
        "organizationHead": "00000000-0000-0000-0000-000000000000",
        "concernType": "00000000-0000-0000-0000-000000000000",
        "concernTypeCode": "",
        "concernTypeHistory": [
            
        ],
        "basis": "",
        "division": "00000000-0000-0000-0000-000000000000",
        "divisionCode": "",
        "divisionHistory": [
            
        ],
        "comment": "",
        "ogrn": "",
        "dateRegistration": "2003-02-16T21:00:00Z",
        "okpo": "",
        "okved": "00000000-0000-0000-0000-000000000000",
        "okvedCode": "",
        "ifnsCode": "",
        "ifnsName": "",
        "taxCode": "",
        "taxName": "",
        "certificateCode": "",
        "certificateDate": "0001-01-01T00:00:00Z",
        "contactInformation": [
            
        ]
    },
    {
        "guid": "a6b2fccd-b119-11ee-b5b6-005056013b0c",
        "archive": true,
        "dateOutputArchive": "2019-08-21T21:00:00Z",
        "code": "1308",
        "codeMSFO": "11196",
        "partner": "e079d7b0-9f7d-11ee-b5b3-005056013b0c",
        "virtual": false,
        "name": "ООО Гостиница Веда",
        "nameAbbreviated": "ООО Гостиница Веда",
        "nameFull": "Гостиница Веда",
        "nameEnglish": "",
        "type": 1,
        "noResident": false,
        "inn": "2127319578",
        "kpp": "213001001",
        "kppAdditional": "",
        "registrationNumber": "",
        "separateUnit": false,
        "organizationHead": "00000000-0000-0000-0000-000000000000",
        "concernType": "00000000-0000-0000-0000-000000000000",
        "concernTypeCode": "",
        "concernTypeHistory": [
            
        ],
        "basis": "",
        "division": "00000000-0000-0000-0000-000000000000",
        "divisionCode": "",
        "divisionHistory": [
            
        ],
        "comment": "",
        "ogrn": "",
        "dateRegistration": "2002-12-24T21:00:00Z",
        "okpo": "",
        "okved": "00000000-0000-0000-0000-000000000000",
        "okvedCode": "",
        "ifnsCode": "",
        "ifnsName": "",
        "taxCode": "",
        "taxName": "",
        "certificateCode": "",
        "certificateDate": "0001-01-01T00:00:00Z",
        "contactInformation": [
            
        ]
    },
    {
        "guid": "a6b2fcce-b119-11ee-b5b6-005056013b0c",
        "archive": true,
        "dateOutputArchive": "2019-08-21T21:00:00Z",
        "code": "1315",
        "codeMSFO": "11318",
        "partner": "dcdb4ce2-9f7d-11ee-b5b3-005056013b0c",
        "virtual": false,
        "name": "ООО Инвестиционная Компания Актив",
        "nameAbbreviated": "Актив инвестиционная компания",
        "nameFull": "Инвестиционная Компания Актив",
        "nameEnglish": "",
        "type": 1,
        "noResident": false,
        "inn": "7704675059",
        "kpp": "211601001",
        "kppAdditional": "",
        "registrationNumber": "",
        "separateUnit": false,
        "organizationHead": "00000000-0000-0000-0000-000000000000",
        "concernType": "00000000-0000-0000-0000-000000000000",
        "concernTypeCode": "",
        "concernTypeHistory": [
            
        ],
        "basis": "",
        "division": "00000000-0000-0000-0000-000000000000",
        "divisionCode": "",
        "divisionHistory": [
            
        ],
        "comment": "",
        "ogrn": "",
        "dateRegistration": "2008-01-21T21:00:00Z",
        "okpo": "",
        "okved": "00000000-0000-0000-0000-000000000000",
        "okvedCode": "",
        "ifnsCode": "",
        "ifnsName": "",
        "taxCode": "",
        "taxName": "",
        "certificateCode": "",
        "certificateDate": "0001-01-01T00:00:00Z",
        "contactInformation": [
            
        ]
    },
    {
        "guid": "a6b2fccf-b119-11ee-b5b6-005056013b0c",
        "archive": true,
        "dateOutputArchive": "2019-08-21T21:00:00Z",
        "code": "1318",
        "codeMSFO": "11218",
        "partner": "dcdb4ce3-9f7d-11ee-b5b3-005056013b0c",
        "virtual": false,
        "name": "ОАО Уник",
        "nameAbbreviated": "Универсальная инвестиционная компания",
        "nameFull": "УНИВЕРСАЛЬНАЯ ИНВЕСТИЦИОННАЯ КОМПАНИЯ",
        "nameEnglish": "",
        "type": 1,
        "noResident": false,
        "inn": "7704009450",
        "kpp": "770401001",
        "kppAdditional": "",
        "registrationNumber": "",
        "separateUnit": false,
        "organizationHead": "00000000-0000-0000-0000-000000000000",
        "concernType": "00000000-0000-0000-0000-000000000000",
        "concernTypeCode": "",
        "concernTypeHistory": [
            
        ],
        "basis": "",
        "division": "00000000-0000-0000-0000-000000000000",
        "divisionCode": "",
        "divisionHistory": [
            
        ],
        "comment": "",
        "ogrn": "",
        "dateRegistration": "2002-10-17T20:00:00Z",
        "okpo": "",
        "okved": "00000000-0000-0000-0000-000000000000",
        "okvedCode": "",
        "ifnsCode": "",
        "ifnsName": "",
        "taxCode": "",
        "taxName": "",
        "certificateCode": "",
        "certificateDate": "0001-01-01T00:00:00Z",
        "contactInformation": [
            
        ]
    },
    {
        "guid": "a6b2fcd0-b119-11ee-b5b6-005056013b0c",
        "archive": false,
        "dateOutputArchive": "0001-01-01T00:00:00Z",
        "code": "1324",
        "codeMSFO": "11310",
        "partner": "e079d7c4-9f7d-11ee-b5b3-005056013b0c",
        "virtual": false,
        "name": "ООО ФПК Альфа-Инвест-Капитал",
        "nameAbbreviated": "Альфа-инвест-капитал финансово-промышленная компания",
        "nameFull": "Финансово-промышленная компания Альфа-Инвест-Капитал",
        "nameEnglish": "",
        "type": 1,
        "noResident": false,
        "inn": "4826031987",
        "kpp": "482601001",
        "kppAdditional": "",
        "registrationNumber": "",
        "separateUnit": false,
        "organizationHead": "00000000-0000-0000-0000-000000000000",
        "concernType": "00000000-0000-0000-0000-000000000000",
        "concernTypeCode": "",
        "concernTypeHistory": [
            
        ],
        "basis": "",
        "division": "00000000-0000-0000-0000-000000000000",
        "divisionCode": "",
        "divisionHistory": [
            
        ],
        "comment": "",
        "ogrn": "",
        "dateRegistration": "2002-07-21T20:00:00Z",
        "okpo": "",
        "okved": "00000000-0000-0000-0000-000000000000",
        "okvedCode": "",
        "ifnsCode": "",
        "ifnsName": "",
        "taxCode": "",
        "taxName": "",
        "certificateCode": "",
        "certificateDate": "0001-01-01T00:00:00Z",
        "contactInformation": [
            
        ]
    },
    {
        "guid": "a6b2fcd1-b119-11ee-b5b6-005056013b0c",
        "archive": false,
        "dateOutputArchive": "0001-01-01T00:00:00Z",
        "code": "1326",
        "codeMSFO": "11284",
        "partner": "e079d7c6-9f7d-11ee-b5b3-005056013b0c",
        "virtual": false,
        "name": "ООО ЧОП Альянс",
        "nameAbbreviated": "Альянс ЧОО",
        "nameFull": "Частная охранная организация Альянс",
        "nameEnglish": "",
        "type": 1,
        "noResident": false,
        "inn": "3403019144",
        "kpp": "344101001",
        "kppAdditional": "",
        "registrationNumber": "",
        "separateUnit": false,
        "organizationHead": "00000000-0000-0000-0000-000000000000",
        "concernType": "00000000-0000-0000-0000-000000000000",
        "concernTypeCode": "",
        "concernTypeHistory": [
            
        ],
        "basis": "",
        "division": "00000000-0000-0000-0000-000000000000",
        "divisionCode": "",
        "divisionHistory": [
            
        ],
        "comment": "",
        "ogrn": "",
        "dateRegistration": "2004-06-14T20:00:00Z",
        "okpo": "",
        "okved": "00000000-0000-0000-0000-000000000000",
        "okvedCode": "",
        "ifnsCode": "",
        "ifnsName": "",
        "taxCode": "",
        "taxName": "",
        "certificateCode": "",
        "certificateDate": "0001-01-01T00:00:00Z",
        "contactInformation": [
            
        ]
    },
    {
        "guid": "a6b2fcd2-b119-11ee-b5b6-005056013b0c",
        "archive": false,
        "dateOutputArchive": "0001-01-01T00:00:00Z",
        "code": "1328",
        "codeMSFO": "11283",
        "partner": "e079d7c7-9f7d-11ee-b5b3-005056013b0c",
        "virtual": false,
        "name": "ООО ЧОО Вымпел",
        "nameAbbreviated": "Вымпел ЧОО",
        "nameFull": "Частная охранная организация Вымпел",
        "nameEnglish": "",
        "type": 1,
        "noResident": false,
        "inn": "2460080721",
        "kpp": "246001001",
        "kppAdditional": "",
        "registrationNumber": "",
        "separateUnit": false,
        "organizationHead": "00000000-0000-0000-0000-000000000000",
        "concernType": "00000000-0000-0000-0000-000000000000",
        "concernTypeCode": "",
        "concernTypeHistory": [
            
        ],
        "basis": "",
        "division": "00000000-0000-0000-0000-000000000000",
        "divisionCode": "",
        "divisionHistory": [
            
        ],
        "comment": "",
        "ogrn": "",
        "dateRegistration": "2006-12-20T21:00:00Z",
        "okpo": "",
        "okved": "00000000-0000-0000-0000-000000000000",
        "okvedCode": "",
        "ifnsCode": "",
        "ifnsName": "",
        "taxCode": "",
        "taxName": "",
        "certificateCode": "",
        "certificateDate": "0001-01-01T00:00:00Z",
        "contactInformation": [
            
        ]
    },
    {
        "guid": "a6b2fcd4-b119-11ee-b5b6-005056013b0c",
        "archive": false,
        "dateOutputArchive": "0001-01-01T00:00:00Z",
        "code": "1333",
        "codeMSFO": "11285",
        "partner": "e408889b-9f7e-11ee-b5b3-005056013b0c",
        "virtual": false,
        "name": "Сова ООО",
        "nameAbbreviated": "ООО ЧОП Сова",
        "nameFull": "Сова",
        "nameEnglish": "",
        "type": 1,
        "noResident": false,
        "inn": "2221126365",
        "kpp": "222301001",
        "kppAdditional": "",
        "registrationNumber": "",
        "separateUnit": false,
        "organizationHead": "00000000-0000-0000-0000-000000000000",
        "concernType": "00000000-0000-0000-0000-000000000000",
        "concernTypeCode": "",
        "concernTypeHistory": [
            
        ],
        "basis": "",
        "division": "00000000-0000-0000-0000-000000000000",
        "divisionCode": "",
        "divisionHistory": [
            
        ],
        "comment": "",
        "ogrn": "",
        "dateRegistration": "2007-07-24T20:00:00Z",
        "okpo": "",
        "okved": "00000000-0000-0000-0000-000000000000",
        "okvedCode": "",
        "ifnsCode": "",
        "ifnsName": "",
        "taxCode": "",
        "taxName": "",
        "certificateCode": "",
        "certificateDate": "0001-01-01T00:00:00Z",
        "contactInformation": [
            
        ]
    },
    {
        "guid": "a6b2fcd5-b119-11ee-b5b6-005056013b0c",
        "archive": false,
        "dateOutputArchive": "0001-01-01T00:00:00Z",
        "code": "1332",
        "codeMSFO": "11286",
        "partner": "e079d7ca-9f7d-11ee-b5b3-005056013b0c",
        "virtual": false,
        "name": "ООО ЧОП Служба-9А",
        "nameAbbreviated": "СЛУЖБА-9А ЧОП",
        "nameFull": "Частное охранное предприятие СЛУЖБА-9А",
        "nameEnglish": "",
        "type": 1,
        "noResident": false,
        "inn": "7714743999",
        "kpp": "771301001",
        "kppAdditional": "",
        "registrationNumber": "",
        "separateUnit": false,
        "organizationHead": "00000000-0000-0000-0000-000000000000",
        "concernType": "00000000-0000-0000-0000-000000000000",
        "concernTypeCode": "",
        "concernTypeHistory": [
            
        ],
        "basis": "",
        "division": "00000000-0000-0000-0000-000000000000",
        "divisionCode": "",
        "divisionHistory": [
            
        ],
        "comment": "",
        "ogrn": "",
        "dateRegistration": "2008-06-10T20:00:00Z",
        "okpo": "",
        "okved": "00000000-0000-0000-0000-000000000000",
        "okvedCode": "",
        "ifnsCode": "",
        "ifnsName": "",
        "taxCode": "",
        "taxName": "",
        "certificateCode": "",
        "certificateDate": "0001-01-01T00:00:00Z",
        "contactInformation": [
            
        ]
    },
    {
        "guid": "b5bf5257-8aaa-11ee-b5b1-005056013b0c",
        "archive": false,
        "dateOutputArchive": "0001-01-01T00:00:00Z",
        "code": "1398",
        "codeMSFO": "11355",
        "partner": "00000000-0000-0000-0000-000000000000",
        "virtual": false,
        "name": "New Technologies Holding B.V",
        "nameAbbreviated": "AGCO CTP Holding B.V.",
        "nameFull": "New Technologies Holding B.V",
        "nameEnglish": "",
        "type": 1,
        "noResident": true,
        "inn": "",
        "kpp": "",
        "kppAdditional": "",
        "registrationNumber": "8199.44.907",
        "separateUnit": false,
        "organizationHead": "00000000-0000-0000-0000-000000000000",
        "concernType": "0ad69fbe-8aa6-11ee-b5b1-005056013b0c",
        "concernTypeCode": "7",
        "concernTypeHistory": [
            
        ],
        "basis": "не применимо",
        "division": "45c669b4-894e-11ee-b5b1-005056013b0c",
        "divisionCode": "9",
        "divisionHistory": [
            
        ],
        "comment": "",
        "ogrn": "",
        "dateRegistration": "2006-12-31T21:00:00Z",
        "okpo": "",
        "okved": "00000000-0000-0000-0000-000000000000",
        "okvedCode": "",
        "ifnsCode": "",
        "ifnsName": "",
        "taxCode": "",
        "taxName": "",
        "certificateCode": "",
        "certificateDate": "0001-01-01T00:00:00Z",
        "contactInformation": [
            
        ]
    },
    {
        "guid": "b5bf5253-8aaa-11ee-b5b1-005056013b0c",
        "archive": false,
        "dateOutputArchive": "0001-01-01T00:00:00Z",
        "code": "1429",
        "codeMSFO": "11361",
        "partner": "00000000-0000-0000-0000-000000000000",
        "virtual": false,
        "name": "Chetra Machinery Trade ТОО",
        "nameAbbreviated": "Chetra Machinery Trade ТОО",
        "nameFull": "Chetra Machinery Trade ТОО",
        "nameEnglish": "Chetra Machinery Trade ТОО",
        "type": 1,
        "noResident": true,
        "inn": "",
        "kpp": "",
        "kppAdditional": "",
        "registrationNumber": "600900605591",
        "separateUnit": false,
        "organizationHead": "00000000-0000-0000-0000-000000000000",
        "concernType": "78f12e4b-8aa4-11ee-b5b1-005056013b0c",
        "concernTypeCode": "2",
        "concernTypeHistory": [
            
        ],
        "basis": "не применимо",
        "division": "45c669b4-894e-11ee-b5b1-005056013b0c",
        "divisionCode": "9",
        "divisionHistory": [
            
        ],
        "comment": "",
        "ogrn": "",
        "dateRegistration": "2006-12-31T21:00:00Z",
        "okpo": "",
        "okved": "00000000-0000-0000-0000-000000000000",
        "okvedCode": "",
        "ifnsCode": "",
        "ifnsName": "",
        "taxCode": "",
        "taxName": "",
        "certificateCode": "",
        "certificateDate": "0001-01-01T00:00:00Z",
        "contactInformation": [
            
        ]
    },
    {
        "guid": "b5bf5254-8aaa-11ee-b5b1-005056013b0c",
        "archive": false,
        "dateOutputArchive": "0001-01-01T00:00:00Z",
        "code": "1430",
        "codeMSFO": "11367",
        "partner": "00000000-0000-0000-0000-000000000000",
        "virtual": false,
        "name": "Concern Tractor Plants Deutschland GmbH",
        "nameAbbreviated": "Concern Tractor Plants Deutschland GmbH",
        "nameFull": "Concern Tractor Plants Deutschland GmbH",
        "nameEnglish": "",
        "type": 1,
        "noResident": true,
        "inn": "",
        "kpp": "",
        "kppAdditional": "",
        "registrationNumber": "13259161441",
        "separateUnit": false,
        "organizationHead": "00000000-0000-0000-0000-000000000000",
        "concernType": "78f12e4b-8aa4-11ee-b5b1-005056013b0c",
        "concernTypeCode": "2",
        "concernTypeHistory": [
            
        ],
        "basis": "не применимо",
        "division": "45c669b4-894e-11ee-b5b1-005056013b0c",
        "divisionCode": "9",
        "divisionHistory": [
            
        ],
        "comment": "",
        "ogrn": "",
        "dateRegistration": "2006-12-31T21:00:00Z",
        "okpo": "",
        "okved": "00000000-0000-0000-0000-000000000000",
        "okvedCode": "",
        "ifnsCode": "",
        "ifnsName": "",
        "taxCode": "",
        "taxName": "",
        "certificateCode": "",
        "certificateDate": "0001-01-01T00:00:00Z",
        "contactInformation": [
            
        ]
    },
    {
        "guid": "b5bf5255-8aaa-11ee-b5b1-005056013b0c",
        "archive": false,
        "dateOutputArchive": "0001-01-01T00:00:00Z",
        "code": "1431",
        "codeMSFO": "11360",
        "partner": "00000000-0000-0000-0000-000000000000",
        "virtual": false,
        "name": "IHB Beteiligungs GmbH (МК-группа VN)",
        "nameAbbreviated": "IHB Beteiligungs GmbH (МК-группа VN)",
        "nameFull": "IHB Beteiligungs GmbH (МК-группа VN)",
        "nameEnglish": "",
        "type": 1,
        "noResident": true,
        "inn": "",
        "kpp": "",
        "kppAdditional": "",
        "registrationNumber": "1163818",
        "separateUnit": false,
        "organizationHead": "00000000-0000-0000-0000-000000000000",
        "concernType": "1eb22324-8aa6-11ee-b5b1-005056013b0c",
        "concernTypeCode": "6",
        "concernTypeHistory": [
            
        ],
        "basis": "связанная сторона с 15.03.2016г., на основании существенных сделок",
        "division": "45c669b4-894e-11ee-b5b1-005056013b0c",
        "divisionCode": "9",
        "divisionHistory": [
            
        ],
        "comment": "",
        "ogrn": "",
        "dateRegistration": "2006-12-31T21:00:00Z",
        "okpo": "",
        "okved": "00000000-0000-0000-0000-000000000000",
        "okvedCode": "",
        "ifnsCode": "",
        "ifnsName": "",
        "taxCode": "",
        "taxName": "",
        "certificateCode": "",
        "certificateDate": "0001-01-01T00:00:00Z",
        "contactInformation": [
            
        ]
    },
    {
        "guid": "b5bf5256-8aaa-11ee-b5b1-005056013b0c",
        "archive": false,
        "dateOutputArchive": "0001-01-01T00:00:00Z",
        "code": "1434",
        "codeMSFO": "11346",
        "partner": "00000000-0000-0000-0000-000000000000",
        "virtual": false,
        "name": "Metallic Commodities Inc.",
        "nameAbbreviated": "Metallic Commodities Inc.",
        "nameFull": "Metallic Commodities Inc.",
        "nameEnglish": "",
        "type": 1,
        "noResident": true,
        "inn": "",
        "kpp": "",
        "kppAdditional": "",
        "registrationNumber": "1471388",
        "separateUnit": false,
        "organizationHead": "00000000-0000-0000-0000-000000000000",
        "concernType": "1eb22324-8aa6-11ee-b5b1-005056013b0c",
        "concernTypeCode": "6",
        "concernTypeHistory": [
            
        ],
        "basis": "связанная сторона с 2009г., на основании существенных сделок и доли владения (финансы). На текущую дату Группа имеет существенные размеры вклада в уст.капитал компании",
        "division": "45c669b4-894e-11ee-b5b1-005056013b0c",
        "divisionCode": "9",
        "divisionHistory": [
            
        ],
        "comment": "",
        "ogrn": "",
        "dateRegistration": "2006-12-31T21:00:00Z",
        "okpo": "",
        "okved": "00000000-0000-0000-0000-000000000000",
        "okvedCode": "",
        "ifnsCode": "",
        "ifnsName": "",
        "taxCode": "",
        "taxName": "",
        "certificateCode": "",
        "certificateDate": "0001-01-01T00:00:00Z",
        "contactInformation": [
            
        ]
    },
    {
        "guid": "a6b2fcd6-b119-11ee-b5b6-005056013b0c",
        "archive": false,
        "dateOutputArchive": "0001-01-01T00:00:00Z",
        "code": "1435",
        "codeMSFO": "11383",
        "partner": "00000000-0000-0000-0000-000000000000",
        "virtual": false,
        "name": "MIG Parts and Components GmbH",
        "nameAbbreviated": "MIG Parts and Components GmbH",
        "nameFull": "MIG Parts and Components GmbH",
        "nameEnglish": "",
        "type": 1,
        "noResident": false,
        "inn": "",
        "kpp": "",
        "kppAdditional": "",
        "registrationNumber": "0392627",
        "separateUnit": false,
        "organizationHead": "00000000-0000-0000-0000-000000000000",
        "concernType": "00000000-0000-0000-0000-000000000000",
        "concernTypeCode": "",
        "concernTypeHistory": [
            
        ],
        "basis": "",
        "division": "00000000-0000-0000-0000-000000000000",
        "divisionCode": "",
        "divisionHistory": [
            
        ],
        "comment": "",
        "ogrn": "",
        "dateRegistration": "2006-12-31T21:00:00Z",
        "okpo": "",
        "okved": "00000000-0000-0000-0000-000000000000",
        "okvedCode": "",
        "ifnsCode": "",
        "ifnsName": "",
        "taxCode": "",
        "taxName": "",
        "certificateCode": "",
        "certificateDate": "0001-01-01T00:00:00Z",
        "contactInformation": [
            
        ]
    },
    {
        "guid": "a6b2fcd7-b119-11ee-b5b6-005056013b0c",
        "archive": true,
        "dateOutputArchive": "2020-01-26T21:00:00Z",
        "code": "1440",
        "codeMSFO": "11354",
        "partner": "00000000-0000-0000-0000-000000000000",
        "virtual": false,
        "name": "Агромашхолдинг Туркменистан ХО",
        "nameAbbreviated": "Агромашхолдинг Туркменистан ХО",
        "nameFull": "Агромашхолдинг Туркменистан ХО",
        "nameEnglish": "",
        "type": 1,
        "noResident": false,
        "inn": "",
        "kpp": "",
        "kppAdditional": "",
        "registrationNumber": "853400017",
        "separateUnit": false,
        "organizationHead": "00000000-0000-0000-0000-000000000000",
        "concernType": "00000000-0000-0000-0000-000000000000",
        "concernTypeCode": "",
        "concernTypeHistory": [
            
        ],
        "basis": "",
        "division": "00000000-0000-0000-0000-000000000000",
        "divisionCode": "",
        "divisionHistory": [
            
        ],
        "comment": "",
        "ogrn": "",
        "dateRegistration": "2006-12-31T21:00:00Z",
        "okpo": "",
        "okved": "00000000-0000-0000-0000-000000000000",
        "okvedCode": "",
        "ifnsCode": "",
        "ifnsName": "",
        "taxCode": "",
        "taxName": "",
        "certificateCode": "",
        "certificateDate": "0001-01-01T00:00:00Z",
        "contactInformation": [
            
        ]
    },
    {
        "guid": "b5bf5259-8aaa-11ee-b5b1-005056013b0c",
        "archive": false,
        "dateOutputArchive": "0001-01-01T00:00:00Z",
        "code": "1449",
        "codeMSFO": "11368",
        "partner": "00000000-0000-0000-0000-000000000000",
        "virtual": false,
        "name": "VogelNoot AgroSrb ad (Сербия)",
        "nameAbbreviated": "VogelNoot (Сербия)",
        "nameFull": "VogelNoot AgroSrb ad (Сербия)",
        "nameEnglish": "",
        "type": 1,
        "noResident": true,
        "inn": "",
        "kpp": "",
        "kppAdditional": "",
        "registrationNumber": "101430854",
        "separateUnit": false,
        "organizationHead": "00000000-0000-0000-0000-000000000000",
        "concernType": "78f12e4b-8aa4-11ee-b5b1-005056013b0c",
        "concernTypeCode": "2",
        "concernTypeHistory": [
            
        ],
        "basis": "не применимо",
        "division": "45c669b4-894e-11ee-b5b1-005056013b0c",
        "divisionCode": "9",
        "divisionHistory": [
            
        ],
        "comment": "",
        "ogrn": "",
        "dateRegistration": "2006-12-31T21:00:00Z",
        "okpo": "",
        "okved": "00000000-0000-0000-0000-000000000000",
        "okvedCode": "",
        "ifnsCode": "",
        "ifnsName": "",
        "taxCode": "",
        "taxName": "",
        "certificateCode": "",
        "certificateDate": "0001-01-01T00:00:00Z",
        "contactInformation": [
            
        ]
    },
    {
        "guid": "a6b2fcd8-b119-11ee-b5b6-005056013b0c",
        "archive": false,
        "dateOutputArchive": "0001-01-01T00:00:00Z",
        "code": "1450",
        "codeMSFO": "11374",
        "partner": "00000000-0000-0000-0000-000000000000",
        "virtual": false,
        "name": "Vogel Noot Agrorom S.R.L.(Румыния)",
        "nameAbbreviated": "VogelNoot Agrorom SRL(Румыния)",
        "nameFull": "Vogel Noot Agrorom S.R.L.(Румыния)",
        "nameEnglish": "",
        "type": 1,
        "noResident": false,
        "inn": "",
        "kpp": "",
        "kppAdditional": "",
        "registrationNumber": "7095679",
        "separateUnit": false,
        "organizationHead": "00000000-0000-0000-0000-000000000000",
        "concernType": "00000000-0000-0000-0000-000000000000",
        "concernTypeCode": "",
        "concernTypeHistory": [
            
        ],
        "basis": "",
        "division": "00000000-0000-0000-0000-000000000000",
        "divisionCode": "",
        "divisionHistory": [
            
        ],
        "comment": "",
        "ogrn": "",
        "dateRegistration": "2006-12-31T21:00:00Z",
        "okpo": "",
        "okved": "00000000-0000-0000-0000-000000000000",
        "okvedCode": "",
        "ifnsCode": "",
        "ifnsName": "",
        "taxCode": "",
        "taxName": "",
        "certificateCode": "",
        "certificateDate": "0001-01-01T00:00:00Z",
        "contactInformation": [
            
        ]
    },
    {
        "guid": "a6b2fcd9-b119-11ee-b5b6-005056013b0c",
        "archive": false,
        "dateOutputArchive": "0001-01-01T00:00:00Z",
        "code": "1451",
        "codeMSFO": "11375",
        "partner": "00000000-0000-0000-0000-000000000000",
        "virtual": false,
        "name": "Vogel Noot Espana S.A.U.(Испания)",
        "nameAbbreviated": "VogelNoot Espana S.A.U.(Испания)",
        "nameFull": "Vogel Noot Espana S.A.U.(Испания)",
        "nameEnglish": "",
        "type": 1,
        "noResident": false,
        "inn": "",
        "kpp": "",
        "kppAdditional": "",
        "registrationNumber": "A-58-410515",
        "separateUnit": false,
        "organizationHead": "00000000-0000-0000-0000-000000000000",
        "concernType": "00000000-0000-0000-0000-000000000000",
        "concernTypeCode": "",
        "concernTypeHistory": [
            
        ],
        "basis": "",
        "division": "00000000-0000-0000-0000-000000000000",
        "divisionCode": "",
        "divisionHistory": [
            
        ],
        "comment": "",
        "ogrn": "",
        "dateRegistration": "2006-12-31T21:00:00Z",
        "okpo": "",
        "okved": "00000000-0000-0000-0000-000000000000",
        "okvedCode": "",
        "ifnsCode": "",
        "ifnsName": "",
        "taxCode": "",
        "taxName": "",
        "certificateCode": "",
        "certificateDate": "0001-01-01T00:00:00Z",
        "contactInformation": [
            
        ]
    },
    {
        "guid": "a6b2fcda-b119-11ee-b5b6-005056013b0c",
        "archive": false,
        "dateOutputArchive": "0001-01-01T00:00:00Z",
        "code": "1452",
        "codeMSFO": "11377",
        "partner": "00000000-0000-0000-0000-000000000000",
        "virtual": false,
        "name": "Vogel Noot France S.A.R.L.(Франция)",
        "nameAbbreviated": "VogelNoot France S.A.R.L.(Франция)",
        "nameFull": "Vogel Noot France S.A.R.L.(Франция)",
        "nameEnglish": "",
        "type": 1,
        "noResident": false,
        "inn": "",
        "kpp": "",
        "kppAdditional": "",
        "registrationNumber": "498734805000",
        "separateUnit": false,
        "organizationHead": "00000000-0000-0000-0000-000000000000",
        "concernType": "00000000-0000-0000-0000-000000000000",
        "concernTypeCode": "",
        "concernTypeHistory": [
            
        ],
        "basis": "",
        "division": "00000000-0000-0000-0000-000000000000",
        "divisionCode": "",
        "divisionHistory": [
            
        ],
        "comment": "",
        "ogrn": "",
        "dateRegistration": "2006-12-31T21:00:00Z",
        "okpo": "",
        "okved": "00000000-0000-0000-0000-000000000000",
        "okvedCode": "",
        "ifnsCode": "",
        "ifnsName": "",
        "taxCode": "",
        "taxName": "",
        "certificateCode": "",
        "certificateDate": "0001-01-01T00:00:00Z",
        "contactInformation": [
            
        ]
    },
    {
        "guid": "a6b2fcdb-b119-11ee-b5b6-005056013b0c",
        "archive": true,
        "dateOutputArchive": "2019-08-21T21:00:00Z",
        "code": "1521",
        "codeMSFO": "11484",
        "partner": "24a7202d-9f7e-11ee-b5b3-005056013b0c",
        "virtual": false,
        "name": "ООО Информ Стандарт Софт",
        "nameAbbreviated": "Информ Стандарт Софт",
        "nameFull": "Информ Стандарт Софт",
        "nameEnglish": "",
        "type": 1,
        "noResident": false,
        "inn": "2130082086",
        "kpp": "213001001",
        "kppAdditional": "",
        "registrationNumber": "",
        "separateUnit": false,
        "organizationHead": "00000000-0000-0000-0000-000000000000",
        "concernType": "00000000-0000-0000-0000-000000000000",
        "concernTypeCode": "",
        "concernTypeHistory": [
            
        ],
        "basis": "",
        "division": "00000000-0000-0000-0000-000000000000",
        "divisionCode": "",
        "divisionHistory": [
            
        ],
        "comment": "",
        "ogrn": "",
        "dateRegistration": "2010-12-20T21:00:00Z",
        "okpo": "",
        "okved": "00000000-0000-0000-0000-000000000000",
        "okvedCode": "",
        "ifnsCode": "",
        "ifnsName": "",
        "taxCode": "",
        "taxName": "",
        "certificateCode": "",
        "certificateDate": "0001-01-01T00:00:00Z",
        "contactInformation": [
            
        ]
    },
    {
        "guid": "a6b2fcdc-b119-11ee-b5b6-005056013b0c",
        "archive": true,
        "dateOutputArchive": "2019-08-21T21:00:00Z",
        "code": "1541",
        "codeMSFO": "11500",
        "partner": "281bda09-9f7e-11ee-b5b3-005056013b0c",
        "virtual": false,
        "name": "ООО Восток",
        "nameAbbreviated": "Восток",
        "nameFull": "Общество с ограниченной ответственностью Восток",
        "nameEnglish": "",
        "type": 1,
        "noResident": false,
        "inn": "7704696806",
        "kpp": "770401001",
        "kppAdditional": "",
        "registrationNumber": "",
        "separateUnit": false,
        "organizationHead": "00000000-0000-0000-0000-000000000000",
        "concernType": "00000000-0000-0000-0000-000000000000",
        "concernTypeCode": "",
        "concernTypeHistory": [
            
        ],
        "basis": "",
        "division": "00000000-0000-0000-0000-000000000000",
        "divisionCode": "",
        "divisionHistory": [
            
        ],
        "comment": "",
        "ogrn": "",
        "dateRegistration": "2008-08-04T20:00:00Z",
        "okpo": "",
        "okved": "00000000-0000-0000-0000-000000000000",
        "okvedCode": "",
        "ifnsCode": "",
        "ifnsName": "",
        "taxCode": "",
        "taxName": "",
        "certificateCode": "",
        "certificateDate": "0001-01-01T00:00:00Z",
        "contactInformation": [
            
        ]
    },
    {
        "guid": "a6b2fcdd-b119-11ee-b5b6-005056013b0c",
        "archive": false,
        "dateOutputArchive": "0001-01-01T00:00:00Z",
        "code": "1627",
        "codeMSFO": "11148",
        "partner": "a4c5ef9a-9f7d-11ee-b5b3-005056013b0c",
        "virtual": false,
        "name": "ООО Промстар",
        "nameAbbreviated": "Промстар",
        "nameFull": "Промстар",
        "nameEnglish": "",
        "type": 1,
        "noResident": false,
        "inn": "3328445158",
        "kpp": "332801001",
        "kppAdditional": "",
        "registrationNumber": "",
        "separateUnit": false,
        "organizationHead": "00000000-0000-0000-0000-000000000000",
        "concernType": "00000000-0000-0000-0000-000000000000",
        "concernTypeCode": "",
        "concernTypeHistory": [
            
        ],
        "basis": "",
        "division": "00000000-0000-0000-0000-000000000000",
        "divisionCode": "",
        "divisionHistory": [
            
        ],
        "comment": "",
        "ogrn": "",
        "dateRegistration": "2006-07-11T20:00:00Z",
        "okpo": "",
        "okved": "00000000-0000-0000-0000-000000000000",
        "okvedCode": "",
        "ifnsCode": "",
        "ifnsName": "",
        "taxCode": "",
        "taxName": "",
        "certificateCode": "",
        "certificateDate": "0001-01-01T00:00:00Z",
        "contactInformation": [
            
        ]
    },
    {
        "guid": "a6b2fcde-b119-11ee-b5b6-005056013b0c",
        "archive": false,
        "dateOutputArchive": "0001-01-01T00:00:00Z",
        "code": "1632",
        "codeMSFO": "11142",
        "partner": "a4c5ef97-9f7d-11ee-b5b3-005056013b0c",
        "virtual": false,
        "name": "ООО Энергопредприятие",
        "nameAbbreviated": "Энергопредприятие",
        "nameFull": "Энергопредприятие",
        "nameEnglish": "",
        "type": 1,
        "noResident": false,
        "inn": "3328428191",
        "kpp": "332801001",
        "kppAdditional": "",
        "registrationNumber": "",
        "separateUnit": false,
        "organizationHead": "00000000-0000-0000-0000-000000000000",
        "concernType": "00000000-0000-0000-0000-000000000000",
        "concernTypeCode": "",
        "concernTypeHistory": [
            
        ],
        "basis": "",
        "division": "00000000-0000-0000-0000-000000000000",
        "divisionCode": "",
        "divisionHistory": [
            
        ],
        "comment": "",
        "ogrn": "",
        "dateRegistration": "2003-07-15T20:00:00Z",
        "okpo": "",
        "okved": "00000000-0000-0000-0000-000000000000",
        "okvedCode": "",
        "ifnsCode": "",
        "ifnsName": "",
        "taxCode": "",
        "taxName": "",
        "certificateCode": "",
        "certificateDate": "0001-01-01T00:00:00Z",
        "contactInformation": [
            
        ]
    },
    {
        "guid": "a6b2fcdf-b119-11ee-b5b6-005056013b0c",
        "archive": false,
        "dateOutputArchive": "0001-01-01T00:00:00Z",
        "code": "1641",
        "codeMSFO": "11013",
        "partner": "00000000-0000-0000-0000-000000000000",
        "virtual": true,
        "name": "Департамент экспортных продаж",
        "nameAbbreviated": "ДЭП",
        "nameFull": "Департамент экспортных продаж",
        "nameEnglish": "",
        "type": 1,
        "noResident": false,
        "inn": "",
        "kpp": "",
        "kppAdditional": "",
        "registrationNumber": "",
        "separateUnit": false,
        "organizationHead": "00000000-0000-0000-0000-000000000000",
        "concernType": "00000000-0000-0000-0000-000000000000",
        "concernTypeCode": "",
        "concernTypeHistory": [
            
        ],
        "basis": "",
        "division": "00000000-0000-0000-0000-000000000000",
        "divisionCode": "",
        "divisionHistory": [
            
        ],
        "comment": "",
        "ogrn": "",
        "dateRegistration": "0001-01-01T00:00:00Z",
        "okpo": "",
        "okved": "00000000-0000-0000-0000-000000000000",
        "okvedCode": "",
        "ifnsCode": "",
        "ifnsName": "",
        "taxCode": "",
        "taxName": "",
        "certificateCode": "",
        "certificateDate": "0001-01-01T00:00:00Z",
        "contactInformation": [
            
        ]
    },
    {
        "guid": "a6b2fce0-b119-11ee-b5b6-005056013b0c",
        "archive": false,
        "dateOutputArchive": "0001-01-01T00:00:00Z",
        "code": "1149",
        "codeMSFO": "11125",
        "partner": "b0b67afd-9f7d-11ee-b5b3-005056013b0c",
        "virtual": false,
        "name": "ООО Молли Мелоун",
        "nameAbbreviated": "Молли Мелоун",
        "nameFull": "Молли Мелоун",
        "nameEnglish": "irlandstil",
        "type": 1,
        "noResident": false,
        "inn": "2127325148",
        "kpp": "213001001",
        "kppAdditional": "",
        "registrationNumber": "",
        "separateUnit": false,
        "organizationHead": "00000000-0000-0000-0000-000000000000",
        "concernType": "00000000-0000-0000-0000-000000000000",
        "concernTypeCode": "",
        "concernTypeHistory": [
            
        ],
        "basis": "",
        "division": "00000000-0000-0000-0000-000000000000",
        "divisionCode": "",
        "divisionHistory": [
            
        ],
        "comment": "",
        "ogrn": "",
        "dateRegistration": "2003-04-01T20:00:00Z",
        "okpo": "",
        "okved": "00000000-0000-0000-0000-000000000000",
        "okvedCode": "",
        "ifnsCode": "",
        "ifnsName": "",
        "taxCode": "",
        "taxName": "",
        "certificateCode": "",
        "certificateDate": "0001-01-01T00:00:00Z",
        "contactInformation": [
            
        ]
    },
    {
        "guid": "a6b2fce1-b119-11ee-b5b6-005056013b0c",
        "archive": false,
        "dateOutputArchive": "0001-01-01T00:00:00Z",
        "code": "1661",
        "codeMSFO": "11004",
        "partner": "00000000-0000-0000-0000-000000000000",
        "virtual": true,
        "name": "СБЕ_Внешняя кооперация (ОЕМ)",
        "nameAbbreviated": "СБЕ_Внешняя кооперация (ОЕМ)",
        "nameFull": "СБЕ_Внешняя кооперация (ОЕМ)",
        "nameEnglish": "",
        "type": 1,
        "noResident": false,
        "inn": "",
        "kpp": "",
        "kppAdditional": "",
        "registrationNumber": "",
        "separateUnit": false,
        "organizationHead": "00000000-0000-0000-0000-000000000000",
        "concernType": "00000000-0000-0000-0000-000000000000",
        "concernTypeCode": "",
        "concernTypeHistory": [
            
        ],
        "basis": "",
        "division": "00000000-0000-0000-0000-000000000000",
        "divisionCode": "",
        "divisionHistory": [
            
        ],
        "comment": "",
        "ogrn": "",
        "dateRegistration": "0001-01-01T00:00:00Z",
        "okpo": "",
        "okved": "00000000-0000-0000-0000-000000000000",
        "okvedCode": "",
        "ifnsCode": "",
        "ifnsName": "",
        "taxCode": "",
        "taxName": "",
        "certificateCode": "",
        "certificateDate": "0001-01-01T00:00:00Z",
        "contactInformation": [
            
        ]
    },
    {
        "guid": "a6b2fce2-b119-11ee-b5b6-005056013b0c",
        "archive": true,
        "dateOutputArchive": "2019-06-20T21:00:00Z",
        "code": "1261",
        "codeMSFO": "11129",
        "partner": "de4d3b4b-9f7d-11ee-b5b3-005056013b0c",
        "virtual": false,
        "name": "ООО Индустриальный лизинг",
        "nameAbbreviated": "Индустриальный лизинг ООО",
        "nameFull": "Индустриальный лизинг",
        "nameEnglish": "",
        "type": 1,
        "noResident": false,
        "inn": "2127319070",
        "kpp": "213001001",
        "kppAdditional": "",
        "registrationNumber": "",
        "separateUnit": false,
        "organizationHead": "00000000-0000-0000-0000-000000000000",
        "concernType": "00000000-0000-0000-0000-000000000000",
        "concernTypeCode": "",
        "concernTypeHistory": [
            
        ],
        "basis": "",
        "division": "00000000-0000-0000-0000-000000000000",
        "divisionCode": "",
        "divisionHistory": [
            
        ],
        "comment": "",
        "ogrn": "",
        "dateRegistration": "2002-11-10T21:00:00Z",
        "okpo": "",
        "okved": "00000000-0000-0000-0000-000000000000",
        "okvedCode": "",
        "ifnsCode": "",
        "ifnsName": "",
        "taxCode": "",
        "taxName": "",
        "certificateCode": "",
        "certificateDate": "0001-01-01T00:00:00Z",
        "contactInformation": [
            
        ]
    },
    {
        "guid": "a6b2fce3-b119-11ee-b5b6-005056013b0c",
        "archive": false,
        "dateOutputArchive": "0001-01-01T00:00:00Z",
        "code": "2045",
        "codeMSFO": "11120",
        "partner": "b6afbb39-9f7d-11ee-b5b3-005056013b0c",
        "virtual": false,
        "name": "ООО РЕМЭКС",
        "nameAbbreviated": "Ремэкс ООО",
        "nameFull": "ОБЩЕСТВО С ОГРАНИЧЕННОЙ ОТВЕТСТВЕННОСТЬЮ РЕМЭКС",
        "nameEnglish": "",
        "type": 1,
        "noResident": false,
        "inn": "2127329921",
        "kpp": "213001001",
        "kppAdditional": "",
        "registrationNumber": "",
        "separateUnit": false,
        "organizationHead": "00000000-0000-0000-0000-000000000000",
        "concernType": "00000000-0000-0000-0000-000000000000",
        "concernTypeCode": "",
        "concernTypeHistory": [
            
        ],
        "basis": "",
        "division": "00000000-0000-0000-0000-000000000000",
        "divisionCode": "",
        "divisionHistory": [
            
        ],
        "comment": "",
        "ogrn": "",
        "dateRegistration": "2011-12-31T20:00:00Z",
        "okpo": "",
        "okved": "00000000-0000-0000-0000-000000000000",
        "okvedCode": "",
        "ifnsCode": "",
        "ifnsName": "",
        "taxCode": "",
        "taxName": "",
        "certificateCode": "",
        "certificateDate": "0001-01-01T00:00:00Z",
        "contactInformation": [
            
        ]
    },
    {
        "guid": "a6b2fce4-b119-11ee-b5b6-005056013b0c",
        "archive": true,
        "dateOutputArchive": "2019-06-20T21:00:00Z",
        "code": "1966",
        "codeMSFO": "11655",
        "partner": "00000000-0000-0000-0000-000000000000",
        "virtual": false,
        "name": "САНОЭТ СП",
        "nameAbbreviated": "САНОЭТ СП",
        "nameFull": "САНОЭТ СП",
        "nameEnglish": "",
        "type": 1,
        "noResident": false,
        "inn": "",
        "kpp": "",
        "kppAdditional": "",
        "registrationNumber": "101029906",
        "separateUnit": false,
        "organizationHead": "00000000-0000-0000-0000-000000000000",
        "concernType": "00000000-0000-0000-0000-000000000000",
        "concernTypeCode": "",
        "concernTypeHistory": [
            
        ],
        "basis": "",
        "division": "00000000-0000-0000-0000-000000000000",
        "divisionCode": "",
        "divisionHistory": [
            
        ],
        "comment": "",
        "ogrn": "",
        "dateRegistration": "1995-10-18T21:00:00Z",
        "okpo": "",
        "okved": "00000000-0000-0000-0000-000000000000",
        "okvedCode": "",
        "ifnsCode": "",
        "ifnsName": "",
        "taxCode": "",
        "taxName": "",
        "certificateCode": "",
        "certificateDate": "0001-01-01T00:00:00Z",
        "contactInformation": [
            
        ]
    },
    {
        "guid": "a6b2fce5-b119-11ee-b5b6-005056013b0c",
        "archive": true,
        "dateOutputArchive": "2021-10-18T21:00:00Z",
        "code": "2188",
        "codeMSFO": "11144",
        "partner": "8ce464fd-9f7d-11ee-b5b3-005056013b0c",
        "virtual": false,
        "name": "ВМТЗ ООО",
        "nameAbbreviated": "ВМТЗ",
        "nameFull": "Общество с ограниченной ответственностью ВМТЗ",
        "nameEnglish": "",
        "type": 1,
        "noResident": false,
        "inn": "3324120141",
        "kpp": "332801001",
        "kppAdditional": "",
        "registrationNumber": "",
        "separateUnit": false,
        "organizationHead": "00000000-0000-0000-0000-000000000000",
        "concernType": "00000000-0000-0000-0000-000000000000",
        "concernTypeCode": "",
        "concernTypeHistory": [
            
        ],
        "basis": "",
        "division": "00000000-0000-0000-0000-000000000000",
        "divisionCode": "",
        "divisionHistory": [
            
        ],
        "comment": "",
        "ogrn": "",
        "dateRegistration": "2006-04-26T20:00:00Z",
        "okpo": "",
        "okved": "00000000-0000-0000-0000-000000000000",
        "okvedCode": "",
        "ifnsCode": "",
        "ifnsName": "",
        "taxCode": "",
        "taxName": "",
        "certificateCode": "",
        "certificateDate": "0001-01-01T00:00:00Z",
        "contactInformation": [
            
        ]
    },
    {
        "guid": "a6b2fce6-b119-11ee-b5b6-005056013b0c",
        "archive": true,
        "dateOutputArchive": "2021-05-03T21:00:00Z",
        "code": "2187",
        "codeMSFO": "11150",
        "partner": "8b9a40d3-9f7d-11ee-b5b3-005056013b0c",
        "virtual": false,
        "name": "Запчасть ООО",
        "nameAbbreviated": "Запчасть",
        "nameFull": "Общество с ограниченной ответственностью Запчасть",
        "nameEnglish": "",
        "type": 1,
        "noResident": false,
        "inn": "3328445172",
        "kpp": "332801001",
        "kppAdditional": "",
        "registrationNumber": "",
        "separateUnit": false,
        "organizationHead": "00000000-0000-0000-0000-000000000000",
        "concernType": "00000000-0000-0000-0000-000000000000",
        "concernTypeCode": "",
        "concernTypeHistory": [
            
        ],
        "basis": "",
        "division": "00000000-0000-0000-0000-000000000000",
        "divisionCode": "",
        "divisionHistory": [
            
        ],
        "comment": "",
        "ogrn": "",
        "dateRegistration": "2006-07-11T20:00:00Z",
        "okpo": "",
        "okved": "00000000-0000-0000-0000-000000000000",
        "okvedCode": "",
        "ifnsCode": "",
        "ifnsName": "",
        "taxCode": "",
        "taxName": "",
        "certificateCode": "",
        "certificateDate": "0001-01-01T00:00:00Z",
        "contactInformation": [
            
        ]
    },
    {
        "guid": "b5bf525d-8aaa-11ee-b5b1-005056013b0c",
        "archive": false,
        "dateOutputArchive": "0001-01-01T00:00:00Z",
        "code": "2244",
        "codeMSFO": "11134",
        "partner": "1b75806c-9f7d-11ee-b5b3-005056013b0c",
        "virtual": false,
        "name": "ООО ЧЕТРА",
        "nameAbbreviated": "ЧЕТРА ООО",
        "nameFull": "ОБЩЕСТВО С ОГРАНИЧЕННОЙ ОТВЕТСТВЕННОСТЬЮ ЧЕТРА",
        "nameEnglish": "pkch",
        "type": 1,
        "noResident": false,
        "inn": "2130007530",
        "kpp": "213001001",
        "kppAdditional": "",
        "registrationNumber": "",
        "separateUnit": false,
        "organizationHead": "00000000-0000-0000-0000-000000000000",
        "concernType": "78f12e4b-8aa4-11ee-b5b1-005056013b0c",
        "concernTypeCode": "2",
        "concernTypeHistory": [
            
        ],
        "basis": "не применимо",
        "division": "45c669b2-894e-11ee-b5b1-005056013b0c",
        "divisionCode": "6",
        "divisionHistory": [
            
        ],
        "comment": "",
        "ogrn": "",
        "dateRegistration": "2006-09-26T20:00:00Z",
        "okpo": "",
        "okved": "00000000-0000-0000-0000-000000000000",
        "okvedCode": "",
        "ifnsCode": "",
        "ifnsName": "",
        "taxCode": "",
        "taxName": "",
        "certificateCode": "",
        "certificateDate": "0001-01-01T00:00:00Z",
        "contactInformation": [
            
        ]
    },
    {
        "guid": "a6b2fce7-b119-11ee-b5b6-005056013b0c",
        "archive": true,
        "dateOutputArchive": "2019-02-12T21:00:00Z",
        "code": "1443",
        "codeMSFO": "11379",
        "partner": "0c5ec40f-9f7e-11ee-b5b3-005056013b0c",
        "virtual": false,
        "name": "Русагромаш ООО",
        "nameAbbreviated": "Русагромаш",
        "nameFull": "Русагромаш",
        "nameEnglish": "",
        "type": 1,
        "noResident": false,
        "inn": "4824046843",
        "kpp": "132701001",
        "kppAdditional": "",
        "registrationNumber": "",
        "separateUnit": false,
        "organizationHead": "00000000-0000-0000-0000-000000000000",
        "concernType": "00000000-0000-0000-0000-000000000000",
        "concernTypeCode": "",
        "concernTypeHistory": [
            
        ],
        "basis": "",
        "division": "00000000-0000-0000-0000-000000000000",
        "divisionCode": "",
        "divisionHistory": [
            
        ],
        "comment": "",
        "ogrn": "",
        "dateRegistration": "2009-02-16T21:00:00Z",
        "okpo": "",
        "okved": "00000000-0000-0000-0000-000000000000",
        "okvedCode": "",
        "ifnsCode": "",
        "ifnsName": "",
        "taxCode": "",
        "taxName": "",
        "certificateCode": "",
        "certificateDate": "0001-01-01T00:00:00Z",
        "contactInformation": [
            
        ]
    },
    {
        "guid": "a6b2fce8-b119-11ee-b5b6-005056013b0c",
        "archive": true,
        "dateOutputArchive": "2020-01-19T21:00:00Z",
        "code": "2296",
        "codeMSFO": "11167",
        "partner": "8b9a401f-9f7d-11ee-b5b3-005056013b0c",
        "virtual": false,
        "name": "ООО ТОРГОВЫЙ ДОМ ВОЛГОГРАДСКИЙ ТРАКТОР",
        "nameAbbreviated": "ТД",
        "nameFull": "ОБЩЕСТВО С ОГРАНИЧЕННОЙ ОТВЕТСТВЕННОСТЬЮ ТОРГОВЫЙ ДОМ ВОЛГОГРАДСКИЙ ТРАКТОР",
        "nameEnglish": "",
        "type": 1,
        "noResident": false,
        "inn": "3441026216",
        "kpp": "344101001",
        "kppAdditional": "",
        "registrationNumber": "",
        "separateUnit": false,
        "organizationHead": "00000000-0000-0000-0000-000000000000",
        "concernType": "00000000-0000-0000-0000-000000000000",
        "concernTypeCode": "",
        "concernTypeHistory": [
            
        ],
        "basis": "",
        "division": "00000000-0000-0000-0000-000000000000",
        "divisionCode": "",
        "divisionHistory": [
            
        ],
        "comment": "",
        "ogrn": "",
        "dateRegistration": "2004-05-24T20:00:00Z",
        "okpo": "",
        "okved": "00000000-0000-0000-0000-000000000000",
        "okvedCode": "",
        "ifnsCode": "",
        "ifnsName": "",
        "taxCode": "",
        "taxName": "",
        "certificateCode": "",
        "certificateDate": "0001-01-01T00:00:00Z",
        "contactInformation": [
            
        ]
    },
    {
        "guid": "a6b2fced-b119-11ee-b5b6-005056013b0c",
        "archive": true,
        "dateOutputArchive": "2019-08-21T21:00:00Z",
        "code": "1785",
        "codeMSFO": "11525",
        "partner": "00000000-0000-0000-0000-000000000000",
        "virtual": false,
        "name": "Dundela Ltd",
        "nameAbbreviated": "Dundela Ltd",
        "nameFull": "Dundela Ltd",
        "nameEnglish": "Dundela Ltd",
        "type": 1,
        "noResident": false,
        "inn": "",
        "kpp": "",
        "kppAdditional": "",
        "registrationNumber": "90774",
        "separateUnit": false,
        "organizationHead": "00000000-0000-0000-0000-000000000000",
        "concernType": "00000000-0000-0000-0000-000000000000",
        "concernTypeCode": "",
        "concernTypeHistory": [
            
        ],
        "basis": "",
        "division": "00000000-0000-0000-0000-000000000000",
        "divisionCode": "",
        "divisionHistory": [
            
        ],
        "comment": "",
        "ogrn": "",
        "dateRegistration": "2006-12-31T21:00:00Z",
        "okpo": "",
        "okved": "00000000-0000-0000-0000-000000000000",
        "okvedCode": "",
        "ifnsCode": "",
        "ifnsName": "",
        "taxCode": "",
        "taxName": "",
        "certificateCode": "",
        "certificateDate": "0001-01-01T00:00:00Z",
        "contactInformation": [
            
        ]
    },
    {
        "guid": "a6b2fcee-b119-11ee-b5b6-005056013b0c",
        "archive": true,
        "dateOutputArchive": "2019-08-21T21:00:00Z",
        "code": "1707",
        "codeMSFO": "11567",
        "partner": "905d72e1-9f7e-11ee-b5b3-005056013b0c",
        "virtual": false,
        "name": "ООО СалаватГидравлика",
        "nameAbbreviated": "СалаватГидравлика",
        "nameFull": "СалаватГидравлика",
        "nameEnglish": "",
        "type": 1,
        "noResident": false,
        "inn": "0266036630",
        "kpp": "026601001",
        "kppAdditional": "",
        "registrationNumber": "",
        "separateUnit": false,
        "organizationHead": "00000000-0000-0000-0000-000000000000",
        "concernType": "00000000-0000-0000-0000-000000000000",
        "concernTypeCode": "",
        "concernTypeHistory": [
            
        ],
        "basis": "",
        "division": "00000000-0000-0000-0000-000000000000",
        "divisionCode": "",
        "divisionHistory": [
            
        ],
        "comment": "",
        "ogrn": "",
        "dateRegistration": "2012-11-21T20:00:00Z",
        "okpo": "",
        "okved": "00000000-0000-0000-0000-000000000000",
        "okvedCode": "",
        "ifnsCode": "",
        "ifnsName": "",
        "taxCode": "",
        "taxName": "",
        "certificateCode": "",
        "certificateDate": "0001-01-01T00:00:00Z",
        "contactInformation": [
            
        ]
    },
    {
        "guid": "a6b2fd0c-b119-11ee-b5b6-005056013b0c",
        "archive": true,
        "dateOutputArchive": "2019-08-21T21:00:00Z",
        "code": "1663",
        "codeMSFO": "11561",
        "partner": "88b71e0e-9f7e-11ee-b5b3-005056013b0c",
        "virtual": false,
        "name": "ООО ЖМУ",
        "nameAbbreviated": "ЖМУ",
        "nameFull": "ООО ЖЕЛЕЗНАЯ МАНУФАКТУРА УРАЛА",
        "nameEnglish": "",
        "type": 1,
        "noResident": false,
        "inn": "3254508308",
        "kpp": "770401001",
        "kppAdditional": "",
        "registrationNumber": "",
        "separateUnit": false,
        "organizationHead": "00000000-0000-0000-0000-000000000000",
        "concernType": "00000000-0000-0000-0000-000000000000",
        "concernTypeCode": "",
        "concernTypeHistory": [
            
        ],
        "basis": "",
        "division": "00000000-0000-0000-0000-000000000000",
        "divisionCode": "",
        "divisionHistory": [
            
        ],
        "comment": "",
        "ogrn": "",
        "dateRegistration": "2010-04-28T20:00:00Z",
        "okpo": "",
        "okved": "00000000-0000-0000-0000-000000000000",
        "okvedCode": "",
        "ifnsCode": "",
        "ifnsName": "",
        "taxCode": "",
        "taxName": "",
        "certificateCode": "",
        "certificateDate": "0001-01-01T00:00:00Z",
        "contactInformation": [
            
        ]
    },
    {
        "guid": "a6b2fcef-b119-11ee-b5b6-005056013b0c",
        "archive": true,
        "dateOutputArchive": "2019-08-21T21:00:00Z",
        "code": "1764",
        "codeMSFO": "11615",
        "partner": "00000000-0000-0000-0000-000000000000",
        "virtual": false,
        "name": "Arshaly New Land ТОО",
        "nameAbbreviated": "Arshaly New Land ТОО",
        "nameFull": "Arshaly New Land ТОО",
        "nameEnglish": "Arshaly New Land ТОО",
        "type": 1,
        "noResident": false,
        "inn": "",
        "kpp": "",
        "kppAdditional": "",
        "registrationNumber": "130440027041",
        "separateUnit": false,
        "organizationHead": "00000000-0000-0000-0000-000000000000",
        "concernType": "00000000-0000-0000-0000-000000000000",
        "concernTypeCode": "",
        "concernTypeHistory": [
            
        ],
        "basis": "",
        "division": "00000000-0000-0000-0000-000000000000",
        "divisionCode": "",
        "divisionHistory": [
            
        ],
        "comment": "",
        "ogrn": "",
        "dateRegistration": "2006-12-31T21:00:00Z",
        "okpo": "",
        "okved": "00000000-0000-0000-0000-000000000000",
        "okvedCode": "",
        "ifnsCode": "",
        "ifnsName": "",
        "taxCode": "",
        "taxName": "",
        "certificateCode": "",
        "certificateDate": "0001-01-01T00:00:00Z",
        "contactInformation": [
            
        ]
    },
    {
        "guid": "a6b2fcf1-b119-11ee-b5b6-005056013b0c",
        "archive": true,
        "dateOutputArchive": "2019-06-20T21:00:00Z",
        "code": "1970",
        "codeMSFO": "11658",
        "partner": "c1e89f04-9f7c-11ee-b5b3-005056013b0c",
        "virtual": false,
        "name": "ООО СК Зауралец",
        "nameAbbreviated": "Зауралец спортивный клуб ООО",
        "nameFull": "ОБЩЕСТВО С ОГРАНИЧЕННОЙ ОТВЕТСТВЕННОСТЬЮ СПОРТИВНЫЙ КЛУБ ЗАУРАЛЕЦ",
        "nameEnglish": "",
        "type": 1,
        "noResident": false,
        "inn": "4501118265",
        "kpp": "450101001",
        "kppAdditional": "",
        "registrationNumber": "",
        "separateUnit": false,
        "organizationHead": "00000000-0000-0000-0000-000000000000",
        "concernType": "00000000-0000-0000-0000-000000000000",
        "concernTypeCode": "",
        "concernTypeHistory": [
            
        ],
        "basis": "",
        "division": "00000000-0000-0000-0000-000000000000",
        "divisionCode": "",
        "divisionHistory": [
            
        ],
        "comment": "",
        "ogrn": "",
        "dateRegistration": "2006-01-22T21:00:00Z",
        "okpo": "",
        "okved": "00000000-0000-0000-0000-000000000000",
        "okvedCode": "",
        "ifnsCode": "",
        "ifnsName": "",
        "taxCode": "",
        "taxName": "",
        "certificateCode": "",
        "certificateDate": "0001-01-01T00:00:00Z",
        "contactInformation": [
            
        ]
    },
    {
        "guid": "b5bf526a-8aaa-11ee-b5b1-005056013b0c",
        "archive": false,
        "dateOutputArchive": "0001-01-01T00:00:00Z",
        "code": "1884",
        "codeMSFO": "11651    ",
        "partner": "7bafe87b-9f7e-11ee-b5b3-005056013b0c",
        "virtual": false,
        "name": "НПК ЕВА ООО",
        "nameAbbreviated": "НПК ЕВА ООО",
        "nameFull": "Научно-производственная компания ЕВА",
        "nameEnglish": "",
        "type": 1,
        "noResident": false,
        "inn": "3328475498",
        "kpp": "332801001",
        "kppAdditional": "",
        "registrationNumber": "",
        "separateUnit": false,
        "organizationHead": "00000000-0000-0000-0000-000000000000",
        "concernType": "1eb22324-8aa6-11ee-b5b1-005056013b0c",
        "concernTypeCode": "6",
        "concernTypeHistory": [
            
        ],
        "basis": "связанная с 2015г.на основании ожидаемых существенных операций (производство). ",
        "division": "45c669b4-894e-11ee-b5b1-005056013b0c",
        "divisionCode": "9",
        "divisionHistory": [
            
        ],
        "comment": "",
        "ogrn": "",
        "dateRegistration": "2011-04-11T20:00:00Z",
        "okpo": "",
        "okved": "00000000-0000-0000-0000-000000000000",
        "okvedCode": "",
        "ifnsCode": "",
        "ifnsName": "",
        "taxCode": "",
        "taxName": "",
        "certificateCode": "",
        "certificateDate": "0001-01-01T00:00:00Z",
        "contactInformation": [
            
        ]
    },
    {
        "guid": "a6b2fcf2-b119-11ee-b5b6-005056013b0c",
        "archive": true,
        "dateOutputArchive": "2019-08-21T21:00:00Z",
        "code": "1924",
        "codeMSFO": "11653",
        "partner": "2d5d53e9-9f7d-11ee-b5b3-005056013b0c",
        "virtual": false,
        "name": "ООО Дворец культуры машиностроителей",
        "nameAbbreviated": "Дворец культуры машиностроителей ООО",
        "nameFull": "ОБЩЕСТВО С ОГРАНИЧЕННОЙ ОТВЕТСТВЕННОСТЬЮ ДВОРЕЦ КУЛЬТУРЫ МАШИНОСТРОИТЕЛЕЙ",
        "nameEnglish": "",
        "type": 1,
        "noResident": false,
        "inn": "4501118258",
        "kpp": "450101001",
        "kppAdditional": "",
        "registrationNumber": "",
        "separateUnit": false,
        "organizationHead": "00000000-0000-0000-0000-000000000000",
        "concernType": "00000000-0000-0000-0000-000000000000",
        "concernTypeCode": "",
        "concernTypeHistory": [
            
        ],
        "basis": "",
        "division": "00000000-0000-0000-0000-000000000000",
        "divisionCode": "",
        "divisionHistory": [
            
        ],
        "comment": "",
        "ogrn": "",
        "dateRegistration": "2006-01-22T21:00:00Z",
        "okpo": "",
        "okved": "00000000-0000-0000-0000-000000000000",
        "okvedCode": "",
        "ifnsCode": "",
        "ifnsName": "",
        "taxCode": "",
        "taxName": "",
        "certificateCode": "",
        "certificateDate": "0001-01-01T00:00:00Z",
        "contactInformation": [
            
        ]
    },
    {
        "guid": "a6b2fcf3-b119-11ee-b5b6-005056013b0c",
        "archive": true,
        "dateOutputArchive": "2022-06-28T21:00:00Z",
        "code": "2186",
        "codeMSFO": "11151",
        "partner": "c29ee579-9f7d-11ee-b5b3-005056013b0c",
        "virtual": false,
        "name": "ОТЗ ООО",
        "nameAbbreviated": "ОТЗ",
        "nameFull": "Общество с ограниченной ответственностью Онежский тракторный завод",
        "nameEnglish": "",
        "type": 1,
        "noResident": false,
        "inn": "1001189079",
        "kpp": "100101001",
        "kppAdditional": "",
        "registrationNumber": "",
        "separateUnit": false,
        "organizationHead": "00000000-0000-0000-0000-000000000000",
        "concernType": "00000000-0000-0000-0000-000000000000",
        "concernTypeCode": "",
        "concernTypeHistory": [
            
        ],
        "basis": "",
        "division": "00000000-0000-0000-0000-000000000000",
        "divisionCode": "",
        "divisionHistory": [
            
        ],
        "comment": "",
        "ogrn": "",
        "dateRegistration": "2007-03-13T21:00:00Z",
        "okpo": "",
        "okved": "00000000-0000-0000-0000-000000000000",
        "okvedCode": "",
        "ifnsCode": "",
        "ifnsName": "",
        "taxCode": "",
        "taxName": "",
        "certificateCode": "",
        "certificateDate": "0001-01-01T00:00:00Z",
        "contactInformation": [
            
        ]
    },
    {
        "guid": "a6b2fcec-b119-11ee-b5b6-005056013b0c",
        "archive": true,
        "dateOutputArchive": "2022-06-21T21:00:00Z",
        "code": "2425",
        "codeMSFO": "11565",
        "partner": "1b75813a-9f7d-11ee-b5b3-005056013b0c",
        "virtual": false,
        "name": "АО АМЗ",
        "nameAbbreviated": "АМЗ АО",
        "nameFull": "Акционерное общество Алтайский моторный завод",
        "nameEnglish": "amza",
        "type": 1,
        "noResident": false,
        "inn": "2223589545",
        "kpp": "222301001",
        "kppAdditional": "",
        "registrationNumber": "",
        "separateUnit": false,
        "organizationHead": "00000000-0000-0000-0000-000000000000",
        "concernType": "00000000-0000-0000-0000-000000000000",
        "concernTypeCode": "",
        "concernTypeHistory": [
            
        ],
        "basis": "",
        "division": "45c669b4-894e-11ee-b5b1-005056013b0c",
        "divisionCode": "9",
        "divisionHistory": [
            {
                "division": "45c669b1-894e-11ee-b5b1-005056013b0c",
                "code": "5",
                "date": "0001-01-01T00:00:00Z"
            },
            {
                "division": "45c669b4-894e-11ee-b5b1-005056013b0c",
                "code": "9",
                "date": "2018-12-31T21:00:00Z"
            }
        ],
        "comment": "",
        "ogrn": "",
        "dateRegistration": "2012-10-09T20:00:00Z",
        "okpo": "",
        "okved": "00000000-0000-0000-0000-000000000000",
        "okvedCode": "",
        "ifnsCode": "",
        "ifnsName": "",
        "taxCode": "",
        "taxName": "",
        "certificateCode": "",
        "certificateDate": "0001-01-01T00:00:00Z",
        "contactInformation": [
            
        ]
    },
    {
        "guid": "a6b2fcf0-b119-11ee-b5b6-005056013b0c",
        "archive": true,
        "dateOutputArchive": "2022-06-13T21:00:00Z",
        "code": "1864",
        "codeMSFO": "11643",
        "partner": "ee356c2d-9f7e-11ee-b5b3-005056013b0c",
        "virtual": false,
        "name": "МИГ КТЗ АО",
        "nameAbbreviated": "АО МИГ КТЗ",
        "nameFull": "Акционерное общество Машиностроительно-индустриальная группа Концерн Тракторные заводы",
        "nameEnglish": "",
        "type": 1,
        "noResident": false,
        "inn": "2130152640",
        "kpp": "213001001",
        "kppAdditional": "",
        "registrationNumber": "",
        "separateUnit": false,
        "organizationHead": "00000000-0000-0000-0000-000000000000",
        "concernType": "00000000-0000-0000-0000-000000000000",
        "concernTypeCode": "",
        "concernTypeHistory": [
            
        ],
        "basis": "",
        "division": "45c669b1-894e-11ee-b5b1-005056013b0c",
        "divisionCode": "5",
        "divisionHistory": [
            
        ],
        "comment": "",
        "ogrn": "",
        "dateRegistration": "2015-03-25T21:00:00Z",
        "okpo": "",
        "okved": "00000000-0000-0000-0000-000000000000",
        "okvedCode": "",
        "ifnsCode": "",
        "ifnsName": "",
        "taxCode": "",
        "taxName": "",
        "certificateCode": "",
        "certificateDate": "0001-01-01T00:00:00Z",
        "contactInformation": [
            
        ]
    },
    {
        "guid": "b5bf5271-8aaa-11ee-b5b1-005056013b0c",
        "archive": false,
        "dateOutputArchive": "0001-01-01T00:00:00Z",
        "code": "2526",
        "codeMSFO": "11991",
        "partner": "96242cbd-9f7d-11ee-b5b3-005056013b0c",
        "virtual": false,
        "name": "ООО КАВАЗ",
        "nameAbbreviated": "КАВАЗ ООО",
        "nameFull": "ОБЩЕСТВО С ОГРАНИЧЕННОЙ ОТВЕТСТВЕННОСТЬЮ КАНАШСКИЙ ВАГОНОСТРОИТЕЛЬНЫЙ ЗАВОД",
        "nameEnglish": "",
        "type": 1,
        "noResident": false,
        "inn": "2123023410",
        "kpp": "212301001",
        "kppAdditional": "",
        "registrationNumber": "",
        "separateUnit": false,
        "organizationHead": "00000000-0000-0000-0000-000000000000",
        "concernType": "78f12e4b-8aa4-11ee-b5b1-005056013b0c",
        "concernTypeCode": "2",
        "concernTypeHistory": [
            
        ],
        "basis": "не применимо",
        "division": "45c669b3-894e-11ee-b5b1-005056013b0c",
        "divisionCode": "7",
        "divisionHistory": [
            {
                "division": "45c669b1-894e-11ee-b5b1-005056013b0c",
                "code": "5",
                "date": "0001-01-01T00:00:00Z"
            },
            {
                "division": "45c669b3-894e-11ee-b5b1-005056013b0c",
                "code": "7",
                "date": "2021-02-28T21:00:00Z"
            }
        ],
        "comment": "",
        "ogrn": "",
        "dateRegistration": "2020-04-07T21:00:00Z",
        "okpo": "",
        "okved": "00000000-0000-0000-0000-000000000000",
        "okvedCode": "",
        "ifnsCode": "",
        "ifnsName": "",
        "taxCode": "",
        "taxName": "",
        "certificateCode": "",
        "certificateDate": "0001-01-01T00:00:00Z",
        "contactInformation": [
            
        ]
    },
    {
        "guid": "a6b2fceb-b119-11ee-b5b6-005056013b0c",
        "archive": true,
        "dateOutputArchive": "2020-09-07T21:00:00Z",
        "code": "2329",
        "codeMSFO": "11194",
        "partner": "80f4ed6e-9f7d-11ee-b5b3-005056013b0c",
        "virtual": false,
        "name": "АО Комплексное обеспечение",
        "nameAbbreviated": "КО АО",
        "nameFull": "Акционерное общество Комплексное обеспечение",
        "nameEnglish": "",
        "type": 1,
        "noResident": false,
        "inn": "5752033682",
        "kpp": "770401001",
        "kppAdditional": "",
        "registrationNumber": "",
        "separateUnit": false,
        "organizationHead": "00000000-0000-0000-0000-000000000000",
        "concernType": "00000000-0000-0000-0000-000000000000",
        "concernTypeCode": "",
        "concernTypeHistory": [
            
        ],
        "basis": "",
        "division": "45c669b4-894e-11ee-b5b1-005056013b0c",
        "divisionCode": "9",
        "divisionHistory": [
            {
                "division": "45c669b2-894e-11ee-b5b1-005056013b0c",
                "code": "6",
                "date": "0001-01-01T00:00:00Z"
            },
            {
                "division": "45c669b4-894e-11ee-b5b1-005056013b0c",
                "code": "9",
                "date": "2018-12-31T21:00:00Z"
            }
        ],
        "comment": "",
        "ogrn": "",
        "dateRegistration": "2004-02-17T21:00:00Z",
        "okpo": "",
        "okved": "00000000-0000-0000-0000-000000000000",
        "okvedCode": "",
        "ifnsCode": "",
        "ifnsName": "",
        "taxCode": "",
        "taxName": "",
        "certificateCode": "",
        "certificateDate": "0001-01-01T00:00:00Z",
        "contactInformation": [
            
        ]
    },
    {
        "guid": "a6b2fcf4-b119-11ee-b5b6-005056013b0c",
        "archive": true,
        "dateOutputArchive": "2019-06-20T21:00:00Z",
        "code": "2167",
        "codeMSFO": "11123",
        "partner": "962428aa-9f7d-11ee-b5b3-005056013b0c",
        "virtual": false,
        "name": "ООО КМЗ-Финанс",
        "nameAbbreviated": "КМЗФ",
        "nameFull": "ОБЩЕСТВО С ОГРАНИЧЕННОЙ ОТВЕТСТВЕННОСТЬЮ КУРГАНМАШЗАВОД-ФИНАНС",
        "nameEnglish": "",
        "type": 1,
        "noResident": false,
        "inn": "7704621832",
        "kpp": "770401001",
        "kppAdditional": "",
        "registrationNumber": "",
        "separateUnit": false,
        "organizationHead": "00000000-0000-0000-0000-000000000000",
        "concernType": "00000000-0000-0000-0000-000000000000",
        "concernTypeCode": "",
        "concernTypeHistory": [
            
        ],
        "basis": "",
        "division": "00000000-0000-0000-0000-000000000000",
        "divisionCode": "",
        "divisionHistory": [
            
        ],
        "comment": "",
        "ogrn": "",
        "dateRegistration": "2006-10-30T21:00:00Z",
        "okpo": "",
        "okved": "00000000-0000-0000-0000-000000000000",
        "okvedCode": "",
        "ifnsCode": "",
        "ifnsName": "",
        "taxCode": "",
        "taxName": "",
        "certificateCode": "",
        "certificateDate": "0001-01-01T00:00:00Z",
        "contactInformation": [
            
        ]
    },
    {
        "guid": "a6b2fcf5-b119-11ee-b5b6-005056013b0c",
        "archive": true,
        "dateOutputArchive": "2019-06-20T21:00:00Z",
        "code": "2184",
        "codeMSFO": "11156",
        "partner": "8b9a40d1-9f7d-11ee-b5b3-005056013b0c",
        "virtual": false,
        "name": "ООО ЗКЛЗ",
        "nameAbbreviated": "ЗКЛЗ ООО",
        "nameFull": "ОБЩЕСТВО С ОГРАНИЧЕННОЙ ОТВЕТСТВЕННОСТЬЮ ЗАУРАЛЬСКИЙ КУЗНЕЧНО-ЛИТЕЙНЫЙ ЗАВОД",
        "nameEnglish": "",
        "type": 1,
        "noResident": false,
        "inn": "4501136000",
        "kpp": "450101001",
        "kppAdditional": "",
        "registrationNumber": "",
        "separateUnit": false,
        "organizationHead": "00000000-0000-0000-0000-000000000000",
        "concernType": "00000000-0000-0000-0000-000000000000",
        "concernTypeCode": "",
        "concernTypeHistory": [
            
        ],
        "basis": "",
        "division": "00000000-0000-0000-0000-000000000000",
        "divisionCode": "",
        "divisionHistory": [
            
        ],
        "comment": "",
        "ogrn": "",
        "dateRegistration": "2007-12-05T21:00:00Z",
        "okpo": "",
        "okved": "00000000-0000-0000-0000-000000000000",
        "okvedCode": "",
        "ifnsCode": "",
        "ifnsName": "",
        "taxCode": "",
        "taxName": "",
        "certificateCode": "",
        "certificateDate": "0001-01-01T00:00:00Z",
        "contactInformation": [
            
        ]
    },
    {
        "guid": "a6b2fcf6-b119-11ee-b5b6-005056013b0c",
        "archive": true,
        "dateOutputArchive": "2021-06-23T21:00:00Z",
        "code": "2189",
        "codeMSFO": "11153",
        "partner": "8ce466fa-9f7d-11ee-b5b3-005056013b0c",
        "virtual": false,
        "name": "ЗРР ВТЗ ООО",
        "nameAbbreviated": "ЗРР ВТЗ",
        "nameFull": "Общество с ограниченной ответственностью ЗРР ВТЗ",
        "nameEnglish": "",
        "type": 1,
        "noResident": false,
        "inn": "3328444676",
        "kpp": "332801001",
        "kppAdditional": "",
        "registrationNumber": "",
        "separateUnit": false,
        "organizationHead": "00000000-0000-0000-0000-000000000000",
        "concernType": "00000000-0000-0000-0000-000000000000",
        "concernTypeCode": "",
        "concernTypeHistory": [
            
        ],
        "basis": "",
        "division": "00000000-0000-0000-0000-000000000000",
        "divisionCode": "",
        "divisionHistory": [
            
        ],
        "comment": "",
        "ogrn": "",
        "dateRegistration": "2006-06-18T20:00:00Z",
        "okpo": "",
        "okved": "00000000-0000-0000-0000-000000000000",
        "okvedCode": "",
        "ifnsCode": "",
        "ifnsName": "",
        "taxCode": "",
        "taxName": "",
        "certificateCode": "",
        "certificateDate": "0001-01-01T00:00:00Z",
        "contactInformation": [
            
        ]
    },
    {
        "guid": "a6b2fcf7-b119-11ee-b5b6-005056013b0c",
        "archive": false,
        "dateOutputArchive": "0001-01-01T00:00:00Z",
        "code": "2295",
        "codeMSFO": "11261",
        "partner": "8b9a401d-9f7d-11ee-b5b3-005056013b0c",
        "virtual": false,
        "name": "ООО ВТК ВГТЗ",
        "nameAbbreviated": "ВТК ВГТЗ",
        "nameFull": "ОБЩЕСТВО С ОГРАНИЧЕННОЙ ОТВЕТСТВЕННОСТЬЮ ВНЕШНЕТОРГОВАЯ КОМПАНИЯ ВГТЗ",
        "nameEnglish": "",
        "type": 1,
        "noResident": false,
        "inn": "3441021747",
        "kpp": "344101001",
        "kppAdditional": "",
        "registrationNumber": "",
        "separateUnit": false,
        "organizationHead": "00000000-0000-0000-0000-000000000000",
        "concernType": "00000000-0000-0000-0000-000000000000",
        "concernTypeCode": "",
        "concernTypeHistory": [
            
        ],
        "basis": "",
        "division": "00000000-0000-0000-0000-000000000000",
        "divisionCode": "",
        "divisionHistory": [
            
        ],
        "comment": "",
        "ogrn": "",
        "dateRegistration": "2002-09-05T20:00:00Z",
        "okpo": "",
        "okved": "00000000-0000-0000-0000-000000000000",
        "okvedCode": "",
        "ifnsCode": "",
        "ifnsName": "",
        "taxCode": "",
        "taxName": "",
        "certificateCode": "",
        "certificateDate": "0001-01-01T00:00:00Z",
        "contactInformation": [
            
        ]
    },
    {
        "guid": "b5bf5272-8aaa-11ee-b5b1-005056013b0c",
        "archive": false,
        "dateOutputArchive": "0001-01-01T00:00:00Z",
        "code": "2586",
        "codeMSFO": "11992",
        "partner": "8ce46702-9f7d-11ee-b5b3-005056013b0c",
        "virtual": false,
        "name": "ООО ЭСР",
        "nameAbbreviated": "ЭСР ООО",
        "nameFull": "ОБЩЕСТВО С ОГРАНИЧЕННОЙ ОТВЕТСТВЕННОСТЬЮ ЭНЕРГОСЕТЬРЕМОНТ",
        "nameEnglish": "",
        "type": 1,
        "noResident": false,
        "inn": "2130218121",
        "kpp": "213001001",
        "kppAdditional": "",
        "registrationNumber": "",
        "separateUnit": false,
        "organizationHead": "00000000-0000-0000-0000-000000000000",
        "concernType": "78f12e4b-8aa4-11ee-b5b1-005056013b0c",
        "concernTypeCode": "2",
        "concernTypeHistory": [
            
        ],
        "basis": "не применимо",
        "division": "45c669b1-894e-11ee-b5b1-005056013b0c",
        "divisionCode": "5",
        "divisionHistory": [
            
        ],
        "comment": "",
        "ogrn": "",
        "dateRegistration": "2020-04-07T21:00:00Z",
        "okpo": "",
        "okved": "00000000-0000-0000-0000-000000000000",
        "okvedCode": "",
        "ifnsCode": "",
        "ifnsName": "",
        "taxCode": "",
        "taxName": "",
        "certificateCode": "",
        "certificateDate": "0001-01-01T00:00:00Z",
        "contactInformation": [
            
        ]
    },
    {
        "guid": "b5bf525a-8aaa-11ee-b5b1-005056013b0c",
        "archive": false,
        "dateOutputArchive": "0001-01-01T00:00:00Z",
        "code": "2787",
        "codeMSFO": "11118",
        "partner": "c89802ac-9f7d-11ee-b5b3-005056013b0c",
        "virtual": false,
        "name": "ООО Аверс",
        "nameAbbreviated": "АВЕРС ООО",
        "nameFull": "ОБЩЕСТВО С ОГРАНИЧЕННОЙ ОТВЕТСТВЕННОСТЬЮ АВЕРС",
        "nameEnglish": "",
        "type": 1,
        "noResident": false,
        "inn": "2127330349",
        "kpp": "213001001",
        "kppAdditional": "",
        "registrationNumber": "",
        "separateUnit": false,
        "organizationHead": "00000000-0000-0000-0000-000000000000",
        "concernType": "78f12e4b-8aa4-11ee-b5b1-005056013b0c",
        "concernTypeCode": "2",
        "concernTypeHistory": [
            
        ],
        "basis": "не применимо",
        "division": "45c669b1-894e-11ee-b5b1-005056013b0c",
        "divisionCode": "5",
        "divisionHistory": [
            
        ],
        "comment": "",
        "ogrn": "",
        "dateRegistration": "2004-04-06T20:00:00Z",
        "okpo": "",
        "okved": "00000000-0000-0000-0000-000000000000",
        "okvedCode": "",
        "ifnsCode": "",
        "ifnsName": "",
        "taxCode": "",
        "taxName": "",
        "certificateCode": "",
        "certificateDate": "0001-01-01T00:00:00Z",
        "contactInformation": [
            
        ]
    },
    {
        "guid": "b5bf5260-8aaa-11ee-b5b1-005056013b0c",
        "archive": false,
        "dateOutputArchive": "0001-01-01T00:00:00Z",
        "code": "2289",
        "codeMSFO": "11164",
        "partner": "1b758101-9f7d-11ee-b5b3-005056013b0c",
        "virtual": false,
        "name": "АО АРХИВНЫЙ ЦЕНТР КТЗ",
        "nameAbbreviated": "АРХИВНЫЙ ЦЕНТР КТЗ АО",
        "nameFull": "АКЦИОНЕРНОЕ ОБЩЕСТВО АРХИВНЫЙ ЦЕНТР КТЗ",
        "nameEnglish": "",
        "type": 1,
        "noResident": false,
        "inn": "2460002970",
        "kpp": "213001001",
        "kppAdditional": "",
        "registrationNumber": "",
        "separateUnit": false,
        "organizationHead": "00000000-0000-0000-0000-000000000000",
        "concernType": "78f12e4b-8aa4-11ee-b5b1-005056013b0c",
        "concernTypeCode": "2",
        "concernTypeHistory": [
            
        ],
        "basis": "не применимо",
        "division": "45c669b4-894e-11ee-b5b1-005056013b0c",
        "divisionCode": "9",
        "divisionHistory": [
            {
                "division": "45c669b4-894e-11ee-b5b1-005056013b0c",
                "code": "9",
                "date": "2022-12-31T21:00:00Z"
            },
            {
                "division": "45c669b1-894e-11ee-b5b1-005056013b0c",
                "code": "5",
                "date": "0001-01-01T00:00:00Z"
            }
        ],
        "comment": "",
        "ogrn": "",
        "dateRegistration": "2002-07-25T20:00:00Z",
        "okpo": "",
        "okved": "00000000-0000-0000-0000-000000000000",
        "okvedCode": "",
        "ifnsCode": "",
        "ifnsName": "",
        "taxCode": "",
        "taxName": "",
        "certificateCode": "",
        "certificateDate": "0001-01-01T00:00:00Z",
        "contactInformation": [
            
        ]
    },
    {
        "guid": "b5bf526e-8aaa-11ee-b5b1-005056013b0c",
        "archive": false,
        "dateOutputArchive": "0001-01-01T00:00:00Z",
        "code": "2365",
        "codeMSFO": "11960",
        "partner": "c29ee565-9f7d-11ee-b5b3-005056013b0c",
        "virtual": false,
        "name": "ООО АСК",
        "nameAbbreviated": "АСК ООО",
        "nameFull": "ОБЩЕСТВО С ОГРАНИЧЕННОЙ ОТВЕТСТВЕННОСТЬЮ АРЕНДНО-СЕРВИСНАЯ КОМПАНИЯ",
        "nameEnglish": "",
        "type": 1,
        "noResident": false,
        "inn": "2130211528",
        "kpp": "213001001",
        "kppAdditional": "",
        "registrationNumber": "",
        "separateUnit": false,
        "organizationHead": "00000000-0000-0000-0000-000000000000",
        "concernType": "78f12e4b-8aa4-11ee-b5b1-005056013b0c",
        "concernTypeCode": "2",
        "concernTypeHistory": [
            
        ],
        "basis": "не применимо",
        "division": "45c669b2-894e-11ee-b5b1-005056013b0c",
        "divisionCode": "6",
        "divisionHistory": [
            {
                "division": "45c669b2-894e-11ee-b5b1-005056013b0c",
                "code": "6",
                "date": "2022-12-31T21:00:00Z"
            },
            {
                "division": "45c669b1-894e-11ee-b5b1-005056013b0c",
                "code": "5",
                "date": "0001-01-01T00:00:00Z"
            }
        ],
        "comment": "",
        "ogrn": "",
        "dateRegistration": "2019-06-06T21:00:00Z",
        "okpo": "",
        "okved": "00000000-0000-0000-0000-000000000000",
        "okvedCode": "",
        "ifnsCode": "",
        "ifnsName": "",
        "taxCode": "",
        "taxName": "",
        "certificateCode": "",
        "certificateDate": "0001-01-01T00:00:00Z",
        "contactInformation": [
            
        ]
    },
    {
        "guid": "a6b2fcfa-b119-11ee-b5b6-005056013b0c",
        "archive": true,
        "dateOutputArchive": "2023-08-31T21:00:00Z",
        "code": "2887",
        "codeMSFO": "12841",
        "partner": "f261a840-9f7d-11ee-b5b3-005056013b0c",
        "virtual": false,
        "name": "ООО РУСТРАКТОР",
        "nameAbbreviated": "РУСТРАКТОР ООО",
        "nameFull": "ОБЩЕСТВО С ОГРАНИЧЕННОЙ ОТВЕТСТВЕННОСТЬЮ РУССКИЙ ТРАКТОР",
        "nameEnglish": "rt_",
        "type": 1,
        "noResident": false,
        "inn": "2130232013",
        "kpp": "213001001",
        "kppAdditional": "",
        "registrationNumber": "",
        "separateUnit": false,
        "organizationHead": "00000000-0000-0000-0000-000000000000",
        "concernType": "00000000-0000-0000-0000-000000000000",
        "concernTypeCode": "",
        "concernTypeHistory": [
            
        ],
        "basis": "",
        "division": "45c669b4-894e-11ee-b5b1-005056013b0c",
        "divisionCode": "9",
        "divisionHistory": [
            {
                "division": "45c669b1-894e-11ee-b5b1-005056013b0c",
                "code": "5",
                "date": "0001-01-01T00:00:00Z"
            },
            {
                "division": "45c669b4-894e-11ee-b5b1-005056013b0c",
                "code": "9",
                "date": "2022-12-31T21:00:00Z"
            }
        ],
        "comment": "",
        "ogrn": "",
        "dateRegistration": "2022-05-10T21:00:00Z",
        "okpo": "",
        "okved": "00000000-0000-0000-0000-000000000000",
        "okvedCode": "",
        "ifnsCode": "",
        "ifnsName": "",
        "taxCode": "",
        "taxName": "",
        "certificateCode": "",
        "certificateDate": "0001-01-01T00:00:00Z",
        "contactInformation": [
            
        ]
    },
    {
        "guid": "b5bf5276-8aaa-11ee-b5b1-005056013b0c",
        "archive": false,
        "dateOutputArchive": "0001-01-01T00:00:00Z",
        "code": "2767",
        "codeMSFO": "12047",
        "partner": "716689ae-9f7d-11ee-b5b3-005056013b0c",
        "virtual": false,
        "name": "ООО ТЕХНОЛОГИИ ПРОИЗВОДСТВА",
        "nameAbbreviated": "ТЕХНОЛОГИИ ПРОИЗВОДСТВА ООО",
        "nameFull": "ОБЩЕСТВО С ОГРАНИЧЕННОЙ ОТВЕТСТВЕННОСТЬЮ ТЕХНОЛОГИИ ПРОИЗВОДСТВА",
        "nameEnglish": "",
        "type": 1,
        "noResident": false,
        "inn": "2123026186",
        "kpp": "212301001",
        "kppAdditional": "",
        "registrationNumber": "",
        "separateUnit": false,
        "organizationHead": "00000000-0000-0000-0000-000000000000",
        "concernType": "1eb22324-8aa6-11ee-b5b1-005056013b0c",
        "concernTypeCode": "6",
        "concernTypeHistory": [
            
        ],
        "basis": "связанная с 01.10.2021",
        "division": "45c669b3-894e-11ee-b5b1-005056013b0c",
        "divisionCode": "7",
        "divisionHistory": [
            {
                "division": "45c669b1-894e-11ee-b5b1-005056013b0c",
                "code": "5",
                "date": "0001-01-01T00:00:00Z"
            },
            {
                "division": "45c669b3-894e-11ee-b5b1-005056013b0c",
                "code": "7",
                "date": "2022-12-31T21:00:00Z"
            }
        ],
        "comment": "",
        "ogrn": "",
        "dateRegistration": "2021-09-30T21:00:00Z",
        "okpo": "",
        "okved": "00000000-0000-0000-0000-000000000000",
        "okvedCode": "",
        "ifnsCode": "",
        "ifnsName": "",
        "taxCode": "",
        "taxName": "",
        "certificateCode": "",
        "certificateDate": "0001-01-01T00:00:00Z",
        "contactInformation": [
            
        ]
    },
    {
        "guid": "b5bf527e-8aaa-11ee-b5b1-005056013b0c",
        "archive": false,
        "dateOutputArchive": "0001-01-01T00:00:00Z",
        "code": "2865",
        "codeMSFO": "12833",
        "partner": "be6f9dcb-9f7d-11ee-b5b3-005056013b0c",
        "virtual": false,
        "name": "УК ТЕХНОПАРК АГРЕГАТНЫЙ ООО",
        "nameAbbreviated": "УК ТЕХНОПАРК АГРЕГАТНЫЙ",
        "nameFull": "ОБЩЕСТВО С ОГРАНИЧЕННОЙ ОТВЕТСТВЕННОСТЬЮ УПРАВЛЯЮЩАЯ КОМПАНИЯ ТЕХНОПАРК АГРЕГАТНЫЙ",
        "nameEnglish": "uktp",
        "type": 1,
        "noResident": false,
        "inn": "2130231901",
        "kpp": "213001001",
        "kppAdditional": "",
        "registrationNumber": "",
        "separateUnit": false,
        "organizationHead": "00000000-0000-0000-0000-000000000000",
        "concernType": "1eb22324-8aa6-11ee-b5b1-005056013b0c",
        "concernTypeCode": "6",
        "concernTypeHistory": [
            
        ],
        "basis": "связанная с 29.04.2022",
        "division": "45c669b1-894e-11ee-b5b1-005056013b0c",
        "divisionCode": "5",
        "divisionHistory": [
            
        ],
        "comment": "",
        "ogrn": "",
        "dateRegistration": "2022-04-28T21:00:00Z",
        "okpo": "",
        "okved": "00000000-0000-0000-0000-000000000000",
        "okvedCode": "",
        "ifnsCode": "",
        "ifnsName": "",
        "taxCode": "",
        "taxName": "",
        "certificateCode": "",
        "certificateDate": "0001-01-01T00:00:00Z",
        "contactInformation": [
            
        ]
    },
    {
        "guid": "a6b2fcf8-b119-11ee-b5b6-005056013b0c",
        "archive": true,
        "dateOutputArchive": "2023-07-06T21:00:00Z",
        "code": "2387",
        "codeMSFO": "11961",
        "partner": "aabf0d04-9f7d-11ee-b5b3-005056013b0c",
        "virtual": false,
        "name": "ООО АМЗ",
        "nameAbbreviated": "АМЗ ООО",
        "nameFull": "ОБЩЕСТВО С ОГРАНИЧЕННОЙ ОТВЕТСТВЕННОСТЬЮ АЛТАЙСКИЙ МОТОРОСТРОИТЕЛЬНЫЙ ЗАВОД",
        "nameEnglish": "",
        "type": 1,
        "noResident": false,
        "inn": "2223628949",
        "kpp": "222301001",
        "kppAdditional": "",
        "registrationNumber": "",
        "separateUnit": false,
        "organizationHead": "00000000-0000-0000-0000-000000000000",
        "concernType": "00000000-0000-0000-0000-000000000000",
        "concernTypeCode": "",
        "concernTypeHistory": [
            
        ],
        "basis": "",
        "division": "45c669b4-894e-11ee-b5b1-005056013b0c",
        "divisionCode": "9",
        "divisionHistory": [
            {
                "division": "45c669b1-894e-11ee-b5b1-005056013b0c",
                "code": "5",
                "date": "0001-01-01T00:00:00Z"
            },
            {
                "division": "45c669b2-894e-11ee-b5b1-005056013b0c",
                "code": "6",
                "date": "2019-07-31T21:00:00Z"
            },
            {
                "division": "45c669b4-894e-11ee-b5b1-005056013b0c",
                "code": "9",
                "date": "2022-12-31T21:00:00Z"
            }
        ],
        "comment": "",
        "ogrn": "",
        "dateRegistration": "2019-07-02T21:00:00Z",
        "okpo": "",
        "okved": "00000000-0000-0000-0000-000000000000",
        "okvedCode": "",
        "ifnsCode": "",
        "ifnsName": "",
        "taxCode": "",
        "taxName": "",
        "certificateCode": "",
        "certificateDate": "0001-01-01T00:00:00Z",
        "contactInformation": [
            
        ]
    },
    {
        "guid": "b5bf5264-8aaa-11ee-b5b1-005056013b0c",
        "archive": false,
        "dateOutputArchive": "0001-01-01T00:00:00Z",
        "code": "1561",
        "codeMSFO": "11494",
        "partner": "281bd865-9f7e-11ee-b5b3-005056013b0c",
        "virtual": false,
        "name": "ООО МИКОНТ",
        "nameAbbreviated": "МИКОНТ ООО",
        "nameFull": "Общество с ограниченной ответственностью Международная инжиниринговая компания по разработке новой техники",
        "nameEnglish": "",
        "type": 1,
        "noResident": false,
        "inn": "2130083668",
        "kpp": "213001001",
        "kppAdditional": "",
        "registrationNumber": "",
        "separateUnit": false,
        "organizationHead": "00000000-0000-0000-0000-000000000000",
        "concernType": "78f12e4b-8aa4-11ee-b5b1-005056013b0c",
        "concernTypeCode": "2",
        "concernTypeHistory": [
            
        ],
        "basis": "не применимо",
        "division": "45c669b2-894e-11ee-b5b1-005056013b0c",
        "divisionCode": "6",
        "divisionHistory": [
            
        ],
        "comment": "",
        "ogrn": "",
        "dateRegistration": "2011-01-27T21:00:00Z",
        "okpo": "",
        "okved": "00000000-0000-0000-0000-000000000000",
        "okvedCode": "",
        "ifnsCode": "",
        "ifnsName": "",
        "taxCode": "",
        "taxName": "",
        "certificateCode": "",
        "certificateDate": "0001-01-01T00:00:00Z",
        "contactInformation": [
            
        ]
    },
    {
        "guid": "a6b2fcfb-b119-11ee-b5b6-005056013b0c",
        "archive": true,
        "dateOutputArchive": "2020-01-23T21:00:00Z",
        "code": "1543",
        "codeMSFO": "11493",
        "partner": "281bda3a-9f7e-11ee-b5b3-005056013b0c",
        "virtual": false,
        "name": "ООО Т-КАПИТАЛ",
        "nameAbbreviated": "Т-КАПИТАЛ ООО",
        "nameFull": "ОБЩЕСТВО С ОГРАНИЧЕННОЙ ОТВЕТСТВЕННОСТЬЮ Т-КАПИТАЛ",
        "nameEnglish": "",
        "type": 1,
        "noResident": false,
        "inn": "4824052597",
        "kpp": "482401001",
        "kppAdditional": "",
        "registrationNumber": "",
        "separateUnit": false,
        "organizationHead": "00000000-0000-0000-0000-000000000000",
        "concernType": "00000000-0000-0000-0000-000000000000",
        "concernTypeCode": "",
        "concernTypeHistory": [
            
        ],
        "basis": "",
        "division": "00000000-0000-0000-0000-000000000000",
        "divisionCode": "",
        "divisionHistory": [
            
        ],
        "comment": "",
        "ogrn": "",
        "dateRegistration": "2010-10-20T20:00:00Z",
        "okpo": "",
        "okved": "00000000-0000-0000-0000-000000000000",
        "okvedCode": "",
        "ifnsCode": "",
        "ifnsName": "",
        "taxCode": "",
        "taxName": "",
        "certificateCode": "",
        "certificateDate": "0001-01-01T00:00:00Z",
        "contactInformation": [
            
        ]
    },
    {
        "guid": "a6b2fcfc-b119-11ee-b5b6-005056013b0c",
        "archive": false,
        "dateOutputArchive": "0001-01-01T00:00:00Z",
        "code": "1562",
        "codeMSFO": "11516",
        "partner": "00000000-0000-0000-0000-000000000000",
        "virtual": false,
        "name": "VogelNoot Spray Solutions GmbH",
        "nameAbbreviated": "VogelNoot Spray Solutions GmbH",
        "nameFull": "VogelNoot Spray Solutions GmbH",
        "nameEnglish": "",
        "type": 1,
        "noResident": false,
        "inn": "",
        "kpp": "",
        "kppAdditional": "",
        "registrationNumber": "8907843513",
        "separateUnit": false,
        "organizationHead": "00000000-0000-0000-0000-000000000000",
        "concernType": "00000000-0000-0000-0000-000000000000",
        "concernTypeCode": "",
        "concernTypeHistory": [
            
        ],
        "basis": "",
        "division": "00000000-0000-0000-0000-000000000000",
        "divisionCode": "",
        "divisionHistory": [
            
        ],
        "comment": "",
        "ogrn": "",
        "dateRegistration": "2006-12-31T21:00:00Z",
        "okpo": "",
        "okved": "00000000-0000-0000-0000-000000000000",
        "okvedCode": "",
        "ifnsCode": "",
        "ifnsName": "",
        "taxCode": "",
        "taxName": "",
        "certificateCode": "",
        "certificateDate": "0001-01-01T00:00:00Z",
        "contactInformation": [
            
        ]
    },
    {
        "guid": "a6b2fcfd-b119-11ee-b5b6-005056013b0c",
        "archive": false,
        "dateOutputArchive": "0001-01-01T00:00:00Z",
        "code": "1626",
        "codeMSFO": "11149",
        "partner": "a4c5f0ad-9f7d-11ee-b5b3-005056013b0c",
        "virtual": false,
        "name": "ООО Технопарк",
        "nameAbbreviated": "Технопарк",
        "nameFull": "Технопарк",
        "nameEnglish": "",
        "type": 1,
        "noResident": false,
        "inn": "3328445165",
        "kpp": "332801001",
        "kppAdditional": "",
        "registrationNumber": "",
        "separateUnit": false,
        "organizationHead": "00000000-0000-0000-0000-000000000000",
        "concernType": "00000000-0000-0000-0000-000000000000",
        "concernTypeCode": "",
        "concernTypeHistory": [
            
        ],
        "basis": "",
        "division": "00000000-0000-0000-0000-000000000000",
        "divisionCode": "",
        "divisionHistory": [
            
        ],
        "comment": "",
        "ogrn": "",
        "dateRegistration": "2006-07-11T20:00:00Z",
        "okpo": "",
        "okved": "00000000-0000-0000-0000-000000000000",
        "okvedCode": "",
        "ifnsCode": "",
        "ifnsName": "",
        "taxCode": "",
        "taxName": "",
        "certificateCode": "",
        "certificateDate": "0001-01-01T00:00:00Z",
        "contactInformation": [
            
        ]
    },
    {
        "guid": "a6b2fcfe-b119-11ee-b5b6-005056013b0c",
        "archive": true,
        "dateOutputArchive": "2019-08-21T21:00:00Z",
        "code": "1673",
        "codeMSFO": "11556",
        "partner": "81a977ec-9f7e-11ee-b5b3-005056013b0c",
        "virtual": false,
        "name": "ООО Гранд-Снаб",
        "nameAbbreviated": "Гранд-Снаб",
        "nameFull": "Общество с ограниченной ответственностью Гранд-Снаб",
        "nameEnglish": "",
        "type": 1,
        "noResident": false,
        "inn": "7715615421",
        "kpp": "772701001",
        "kppAdditional": "",
        "registrationNumber": "",
        "separateUnit": false,
        "organizationHead": "00000000-0000-0000-0000-000000000000",
        "concernType": "00000000-0000-0000-0000-000000000000",
        "concernTypeCode": "",
        "concernTypeHistory": [
            
        ],
        "basis": "",
        "division": "00000000-0000-0000-0000-000000000000",
        "divisionCode": "",
        "divisionHistory": [
            
        ],
        "comment": "",
        "ogrn": "",
        "dateRegistration": "2006-09-05T20:00:00Z",
        "okpo": "",
        "okved": "00000000-0000-0000-0000-000000000000",
        "okvedCode": "",
        "ifnsCode": "",
        "ifnsName": "",
        "taxCode": "",
        "taxName": "",
        "certificateCode": "",
        "certificateDate": "0001-01-01T00:00:00Z",
        "contactInformation": [
            
        ]
    },
    {
        "guid": "a6b2fcff-b119-11ee-b5b6-005056013b0c",
        "archive": false,
        "dateOutputArchive": "0001-01-01T00:00:00Z",
        "code": "1674",
        "codeMSFO": "11557",
        "partner": "81a977ed-9f7e-11ee-b5b3-005056013b0c",
        "virtual": false,
        "name": "СИГМА трейдинг корпорейшн ООО",
        "nameAbbreviated": "СИГМА трейдинг корпорейшн",
        "nameFull": "СИГМА трейдинг корпорейшн",
        "nameEnglish": "",
        "type": 1,
        "noResident": false,
        "inn": "7714265157",
        "kpp": "771401001",
        "kppAdditional": "",
        "registrationNumber": "",
        "separateUnit": false,
        "organizationHead": "00000000-0000-0000-0000-000000000000",
        "concernType": "00000000-0000-0000-0000-000000000000",
        "concernTypeCode": "",
        "concernTypeHistory": [
            
        ],
        "basis": "",
        "division": "00000000-0000-0000-0000-000000000000",
        "divisionCode": "",
        "divisionHistory": [
            
        ],
        "comment": "",
        "ogrn": "",
        "dateRegistration": "2002-07-24T20:00:00Z",
        "okpo": "",
        "okved": "00000000-0000-0000-0000-000000000000",
        "okvedCode": "",
        "ifnsCode": "",
        "ifnsName": "",
        "taxCode": "",
        "taxName": "",
        "certificateCode": "",
        "certificateDate": "0001-01-01T00:00:00Z",
        "contactInformation": [
            
        ]
    },
    {
        "guid": "a6b2fd00-b119-11ee-b5b6-005056013b0c",
        "archive": false,
        "dateOutputArchive": "0001-01-01T00:00:00Z",
        "code": "1456",
        "codeMSFO": "11376",
        "partner": "00000000-0000-0000-0000-000000000000",
        "virtual": false,
        "name": "Vogel Noot Seed Solutions S.R.O.(Словакия)",
        "nameAbbreviated": "VogelNoot Seed Solutions S.R.O.(Словаки",
        "nameFull": "Vogel Noot Seed Solutions S.R.O.(Словакия)",
        "nameEnglish": "",
        "type": 1,
        "noResident": false,
        "inn": "",
        "kpp": "",
        "kppAdditional": "",
        "registrationNumber": "36812510",
        "separateUnit": false,
        "organizationHead": "00000000-0000-0000-0000-000000000000",
        "concernType": "00000000-0000-0000-0000-000000000000",
        "concernTypeCode": "",
        "concernTypeHistory": [
            
        ],
        "basis": "",
        "division": "00000000-0000-0000-0000-000000000000",
        "divisionCode": "",
        "divisionHistory": [
            
        ],
        "comment": "",
        "ogrn": "",
        "dateRegistration": "2006-12-31T21:00:00Z",
        "okpo": "",
        "okved": "00000000-0000-0000-0000-000000000000",
        "okvedCode": "",
        "ifnsCode": "",
        "ifnsName": "",
        "taxCode": "",
        "taxName": "",
        "certificateCode": "",
        "certificateDate": "0001-01-01T00:00:00Z",
        "contactInformation": [
            
        ]
    },
    {
        "guid": "a6b2fd01-b119-11ee-b5b6-005056013b0c",
        "archive": false,
        "dateOutputArchive": "0001-01-01T00:00:00Z",
        "code": "1787",
        "codeMSFO": "11632",
        "partner": "00000000-0000-0000-0000-000000000000",
        "virtual": false,
        "name": "MLT PROFY MACHINERY D.O.O",
        "nameAbbreviated": "MLT PROFY MACHINERY D.O.O",
        "nameFull": "MLT PROFY MACHINERY D.O.O",
        "nameEnglish": "MLT PROFY MACHINERY D.O.O",
        "type": 1,
        "noResident": false,
        "inn": "",
        "kpp": "",
        "kppAdditional": "",
        "registrationNumber": "107635434",
        "separateUnit": false,
        "organizationHead": "00000000-0000-0000-0000-000000000000",
        "concernType": "00000000-0000-0000-0000-000000000000",
        "concernTypeCode": "",
        "concernTypeHistory": [
            
        ],
        "basis": "",
        "division": "00000000-0000-0000-0000-000000000000",
        "divisionCode": "",
        "divisionHistory": [
            
        ],
        "comment": "",
        "ogrn": "",
        "dateRegistration": "2006-12-31T21:00:00Z",
        "okpo": "",
        "okved": "00000000-0000-0000-0000-000000000000",
        "okvedCode": "",
        "ifnsCode": "",
        "ifnsName": "",
        "taxCode": "",
        "taxName": "",
        "certificateCode": "",
        "certificateDate": "0001-01-01T00:00:00Z",
        "contactInformation": [
            
        ]
    },
    {
        "guid": "a6b2fd02-b119-11ee-b5b6-005056013b0c",
        "archive": false,
        "dateOutputArchive": "0001-01-01T00:00:00Z",
        "code": "1009",
        "codeMSFO": "11309",
        "partner": "8ce46657-9f7d-11ee-b5b3-005056013b0c",
        "virtual": false,
        "name": "ООО ЛКЗ",
        "nameAbbreviated": "Липецкий кузнечный завод",
        "nameFull": "Липецкий кузнечный завод",
        "nameEnglish": "lkz",
        "type": 1,
        "noResident": false,
        "inn": "4824034132",
        "kpp": "482401001",
        "kppAdditional": "",
        "registrationNumber": "",
        "separateUnit": false,
        "organizationHead": "00000000-0000-0000-0000-000000000000",
        "concernType": "00000000-0000-0000-0000-000000000000",
        "concernTypeCode": "",
        "concernTypeHistory": [
            
        ],
        "basis": "",
        "division": "00000000-0000-0000-0000-000000000000",
        "divisionCode": "",
        "divisionHistory": [
            
        ],
        "comment": "",
        "ogrn": "",
        "dateRegistration": "2005-06-29T20:00:00Z",
        "okpo": "",
        "okved": "00000000-0000-0000-0000-000000000000",
        "okvedCode": "",
        "ifnsCode": "",
        "ifnsName": "",
        "taxCode": "",
        "taxName": "",
        "certificateCode": "",
        "certificateDate": "0001-01-01T00:00:00Z",
        "contactInformation": [
            
        ]
    },
    {
        "guid": "b5bf526b-8aaa-11ee-b5b1-005056013b0c",
        "archive": false,
        "dateOutputArchive": "0001-01-01T00:00:00Z",
        "code": "1905",
        "codeMSFO": "11652",
        "partner": "c94bc5b7-9f7e-11ee-b5b3-005056013b0c",
        "virtual": false,
        "name": "АСО ООО",
        "nameAbbreviated": "АВТОСПЕЦОБОРУДОВАНИЕ ООО",
        "nameFull": "ОБЩЕСТВО С ОГРАНИЧЕННОЙ ОТВЕТСТВЕННОСТЬЮ АВТОСПЕЦОБОРУДОВАНИЕ",
        "nameEnglish": "",
        "type": 1,
        "noResident": false,
        "inn": "5321165780",
        "kpp": "532101001",
        "kppAdditional": "",
        "registrationNumber": "",
        "separateUnit": false,
        "organizationHead": "00000000-0000-0000-0000-000000000000",
        "concernType": "1eb22324-8aa6-11ee-b5b1-005056013b0c",
        "concernTypeCode": "6",
        "concernTypeHistory": [
            
        ],
        "basis": "связанная с 2015г.на основании ожидаемых существенных операций (купла-продажа активов). ",
        "division": "45c669b4-894e-11ee-b5b1-005056013b0c",
        "divisionCode": "9",
        "divisionHistory": [
            
        ],
        "comment": "",
        "ogrn": "",
        "dateRegistration": "2013-12-05T20:00:00Z",
        "okpo": "",
        "okved": "00000000-0000-0000-0000-000000000000",
        "okvedCode": "",
        "ifnsCode": "",
        "ifnsName": "",
        "taxCode": "",
        "taxName": "",
        "certificateCode": "",
        "certificateDate": "0001-01-01T00:00:00Z",
        "contactInformation": [
            
        ]
    },
    {
        "guid": "a6b2fd03-b119-11ee-b5b6-005056013b0c",
        "archive": false,
        "dateOutputArchive": "0001-01-01T00:00:00Z",
        "code": "1965",
        "codeMSFO": "11654",
        "partner": "2766cd3f-9f7d-11ee-b5b3-005056013b0c",
        "virtual": false,
        "name": "ООО СУЭЗ",
        "nameAbbreviated": "Строительный УЭЗ ООО",
        "nameFull": "ОБЩЕСТВО С ОГРАНИЧЕННОЙ ОТВЕТСТВЕННОСТЬЮ СТРОИТЕЛЬНЫЙ УЧАСТОК ЭКСКАВАТОРНОГО ЗАВОДА",
        "nameEnglish": "",
        "type": 1,
        "noResident": false,
        "inn": "1325126456",
        "kpp": "132701001",
        "kppAdditional": "",
        "registrationNumber": "",
        "separateUnit": false,
        "organizationHead": "00000000-0000-0000-0000-000000000000",
        "concernType": "00000000-0000-0000-0000-000000000000",
        "concernTypeCode": "",
        "concernTypeHistory": [
            
        ],
        "basis": "",
        "division": "00000000-0000-0000-0000-000000000000",
        "divisionCode": "",
        "divisionHistory": [
            
        ],
        "comment": "",
        "ogrn": "",
        "dateRegistration": "2002-08-12T20:00:00Z",
        "okpo": "",
        "okved": "00000000-0000-0000-0000-000000000000",
        "okvedCode": "",
        "ifnsCode": "",
        "ifnsName": "",
        "taxCode": "",
        "taxName": "",
        "certificateCode": "",
        "certificateDate": "0001-01-01T00:00:00Z",
        "contactInformation": [
            
        ]
    },
    {
        "guid": "b5bf526c-8aaa-11ee-b5b1-005056013b0c",
        "archive": false,
        "dateOutputArchive": "0001-01-01T00:00:00Z",
        "code": "1968",
        "codeMSFO": "11656",
        "partner": "ef83f3b7-9f7c-11ee-b5b3-005056013b0c",
        "virtual": false,
        "name": "ПБ Урожай ООО",
        "nameAbbreviated": "Урожай ПБ ООО",
        "nameFull": "ОБЩЕСТВО С ОГРАНИЧЕННОЙ ОТВЕТСТВЕННОСТЬЮ ПРОДОВОЛЬСТВЕННАЯ БАЗА УРОЖАЙ",
        "nameEnglish": "",
        "type": 1,
        "noResident": false,
        "inn": "2130010170",
        "kpp": "213001001",
        "kppAdditional": "",
        "registrationNumber": "",
        "separateUnit": false,
        "organizationHead": "00000000-0000-0000-0000-000000000000",
        "concernType": "00000000-0000-0000-0000-000000000000",
        "concernTypeCode": "",
        "concernTypeHistory": [
            
        ],
        "basis": "не применимо",
        "division": "45c669b4-894e-11ee-b5b1-005056013b0c",
        "divisionCode": "9",
        "divisionHistory": [
            
        ],
        "comment": "",
        "ogrn": "",
        "dateRegistration": "2006-11-22T21:00:00Z",
        "okpo": "",
        "okved": "00000000-0000-0000-0000-000000000000",
        "okvedCode": "",
        "ifnsCode": "",
        "ifnsName": "",
        "taxCode": "",
        "taxName": "",
        "certificateCode": "",
        "certificateDate": "0001-01-01T00:00:00Z",
        "contactInformation": [
            
        ]
    },
    {
        "guid": "a6b2fd04-b119-11ee-b5b6-005056013b0c",
        "archive": true,
        "dateOutputArchive": "2019-06-20T21:00:00Z",
        "code": "2148",
        "codeMSFO": "11137",
        "partner": "92dd5acd-9f7d-11ee-b5b3-005056013b0c",
        "virtual": false,
        "name": "ПАО Курганмашзавод",
        "nameAbbreviated": "КМЗ ПАО",
        "nameFull": "Публичное акционерное общество Курганский машиностроительный завод",
        "nameEnglish": "",
        "type": 1,
        "noResident": false,
        "inn": "4501008142",
        "kpp": "450101001",
        "kppAdditional": "785050001",
        "registrationNumber": "",
        "separateUnit": false,
        "organizationHead": "00000000-0000-0000-0000-000000000000",
        "concernType": "00000000-0000-0000-0000-000000000000",
        "concernTypeCode": "",
        "concernTypeHistory": [
            
        ],
        "basis": "",
        "division": "00000000-0000-0000-0000-000000000000",
        "divisionCode": "",
        "divisionHistory": [
            
        ],
        "comment": "",
        "ogrn": "",
        "dateRegistration": "2002-12-04T21:00:00Z",
        "okpo": "",
        "okved": "00000000-0000-0000-0000-000000000000",
        "okvedCode": "",
        "ifnsCode": "",
        "ifnsName": "",
        "taxCode": "",
        "taxName": "",
        "certificateCode": "",
        "certificateDate": "0001-01-01T00:00:00Z",
        "contactInformation": [
            
        ]
    },
    {
        "guid": "a6b2fd06-b119-11ee-b5b6-005056013b0c",
        "archive": true,
        "dateOutputArchive": "2019-06-20T21:00:00Z",
        "code": "2164",
        "codeMSFO": "11138",
        "partner": "7504630f-9f7d-11ee-b5b3-005056013b0c",
        "virtual": false,
        "name": "ОАО СКБМ",
        "nameAbbreviated": "СКБМ",
        "nameFull": "ОТКРЫТОЕ АКЦИОНЕРНОЕ ОБЩЕСТВО СКБМ",
        "nameEnglish": "",
        "type": 1,
        "noResident": false,
        "inn": "4501033519",
        "kpp": "450101001",
        "kppAdditional": "",
        "registrationNumber": "",
        "separateUnit": false,
        "organizationHead": "00000000-0000-0000-0000-000000000000",
        "concernType": "00000000-0000-0000-0000-000000000000",
        "concernTypeCode": "",
        "concernTypeHistory": [
            
        ],
        "basis": "",
        "division": "00000000-0000-0000-0000-000000000000",
        "divisionCode": "",
        "divisionHistory": [
            
        ],
        "comment": "",
        "ogrn": "",
        "dateRegistration": "2002-09-08T20:00:00Z",
        "okpo": "",
        "okved": "00000000-0000-0000-0000-000000000000",
        "okvedCode": "",
        "ifnsCode": "",
        "ifnsName": "",
        "taxCode": "",
        "taxName": "",
        "certificateCode": "",
        "certificateDate": "0001-01-01T00:00:00Z",
        "contactInformation": [
            
        ]
    },
    {
        "guid": "a6b2fd07-b119-11ee-b5b6-005056013b0c",
        "archive": true,
        "dateOutputArchive": "2019-06-20T21:00:00Z",
        "code": "2292",
        "codeMSFO": "11165",
        "partner": "7ec0af18-9f7d-11ee-b5b3-005056013b0c",
        "virtual": false,
        "name": "ТК ВГТЗ АО",
        "nameAbbreviated": "ТК ВГТЗ АО",
        "nameFull": "АКЦИОНЕРНОЕ ОБЩЕСТВО ТРАКТОРНАЯ КОМПАНИЯ ВГТЗ",
        "nameEnglish": "",
        "type": 1,
        "noResident": false,
        "inn": "3441024804",
        "kpp": "344101001",
        "kppAdditional": "345250001",
        "registrationNumber": "",
        "separateUnit": false,
        "organizationHead": "00000000-0000-0000-0000-000000000000",
        "concernType": "00000000-0000-0000-0000-000000000000",
        "concernTypeCode": "",
        "concernTypeHistory": [
            
        ],
        "basis": "",
        "division": "00000000-0000-0000-0000-000000000000",
        "divisionCode": "",
        "divisionHistory": [
            
        ],
        "comment": "",
        "ogrn": "",
        "dateRegistration": "2003-06-30T20:00:00Z",
        "okpo": "",
        "okved": "00000000-0000-0000-0000-000000000000",
        "okvedCode": "",
        "ifnsCode": "",
        "ifnsName": "",
        "taxCode": "",
        "taxName": "",
        "certificateCode": "",
        "certificateDate": "0001-01-01T00:00:00Z",
        "contactInformation": [
            
        ]
    },
    {
        "guid": "a6b2fd08-b119-11ee-b5b6-005056013b0c",
        "archive": false,
        "dateOutputArchive": "0001-01-01T00:00:00Z",
        "code": "2297",
        "codeMSFO": "",
        "partner": "00000000-0000-0000-0000-000000000000",
        "virtual": false,
        "name": "ОАО ТПР ВгТЗ (ГК)",
        "nameAbbreviated": "ТПР (ГК)",
        "nameFull": "Открытое акционерное общество Территория промышленного развития ВгТЗ (ГК)",
        "nameEnglish": "",
        "type": 1,
        "noResident": false,
        "inn": "",
        "kpp": "",
        "kppAdditional": "",
        "registrationNumber": "",
        "separateUnit": false,
        "organizationHead": "00000000-0000-0000-0000-000000000000",
        "concernType": "00000000-0000-0000-0000-000000000000",
        "concernTypeCode": "",
        "concernTypeHistory": [
            
        ],
        "basis": "",
        "division": "00000000-0000-0000-0000-000000000000",
        "divisionCode": "",
        "divisionHistory": [
            
        ],
        "comment": "",
        "ogrn": "",
        "dateRegistration": "2003-06-30T20:00:00Z",
        "okpo": "",
        "okved": "00000000-0000-0000-0000-000000000000",
        "okvedCode": "",
        "ifnsCode": "",
        "ifnsName": "",
        "taxCode": "",
        "taxName": "",
        "certificateCode": "",
        "certificateDate": "0001-01-01T00:00:00Z",
        "contactInformation": [
            
        ]
    },
    {
        "guid": "a6b2fd09-b119-11ee-b5b6-005056013b0c",
        "archive": true,
        "dateOutputArchive": "2020-01-23T21:00:00Z",
        "code": "2298",
        "codeMSFO": "11343",
        "partner": "9528977a-9f7d-11ee-b5b3-005056013b0c",
        "virtual": false,
        "name": "ООО Липецкий завод гусеничных тягачей",
        "nameAbbreviated": "ЛЗГТ ООО",
        "nameFull": "Общество с ограниченной ответственностью Липецкий завод гусеничных тягачей",
        "nameEnglish": "",
        "type": 1,
        "noResident": false,
        "inn": "4824046875",
        "kpp": "482401001",
        "kppAdditional": "",
        "registrationNumber": "",
        "separateUnit": false,
        "organizationHead": "00000000-0000-0000-0000-000000000000",
        "concernType": "00000000-0000-0000-0000-000000000000",
        "concernTypeCode": "",
        "concernTypeHistory": [
            
        ],
        "basis": "",
        "division": "00000000-0000-0000-0000-000000000000",
        "divisionCode": "",
        "divisionHistory": [
            
        ],
        "comment": "",
        "ogrn": "",
        "dateRegistration": "2009-02-17T21:00:00Z",
        "okpo": "",
        "okved": "00000000-0000-0000-0000-000000000000",
        "okvedCode": "",
        "ifnsCode": "",
        "ifnsName": "",
        "taxCode": "",
        "taxName": "",
        "certificateCode": "",
        "certificateDate": "0001-01-01T00:00:00Z",
        "contactInformation": [
            
        ]
    },
    {
        "guid": "a6b2fd0b-b119-11ee-b5b6-005056013b0c",
        "archive": false,
        "dateOutputArchive": "0001-01-01T00:00:00Z",
        "code": "1625",
        "codeMSFO": "11140",
        "partner": "e725088c-9f7e-11ee-b5b3-005056013b0c",
        "virtual": false,
        "name": "ООО ВКЛЗ",
        "nameAbbreviated": "ВКЛЗ",
        "nameFull": "Владимирский кузнечно-литейный завод",
        "nameEnglish": "",
        "type": 1,
        "noResident": false,
        "inn": "3328443601",
        "kpp": "332801001",
        "kppAdditional": "",
        "registrationNumber": "",
        "separateUnit": false,
        "organizationHead": "00000000-0000-0000-0000-000000000000",
        "concernType": "00000000-0000-0000-0000-000000000000",
        "concernTypeCode": "",
        "concernTypeHistory": [
            
        ],
        "basis": "",
        "division": "00000000-0000-0000-0000-000000000000",
        "divisionCode": "",
        "divisionHistory": [
            
        ],
        "comment": "",
        "ogrn": "",
        "dateRegistration": "2006-05-14T20:00:00Z",
        "okpo": "",
        "okved": "00000000-0000-0000-0000-000000000000",
        "okvedCode": "",
        "ifnsCode": "",
        "ifnsName": "",
        "taxCode": "",
        "taxName": "",
        "certificateCode": "",
        "certificateDate": "0001-01-01T00:00:00Z",
        "contactInformation": [
            
        ]
    },
    {
        "guid": "a6b2fd0d-b119-11ee-b5b6-005056013b0c",
        "archive": true,
        "dateOutputArchive": "2019-08-21T21:00:00Z",
        "code": "1664",
        "codeMSFO": "11559",
        "partner": "88b71c0e-9f7e-11ee-b5b3-005056013b0c",
        "virtual": false,
        "name": "Четра - Дорожные машины ООО",
        "nameAbbreviated": "Четра - Дорожные машины ООО",
        "nameFull": "ЧЕТРА-Дорожные машины",
        "nameEnglish": "",
        "type": 1,
        "noResident": false,
        "inn": "3441032393",
        "kpp": "213001001",
        "kppAdditional": "",
        "registrationNumber": "",
        "separateUnit": false,
        "organizationHead": "00000000-0000-0000-0000-000000000000",
        "concernType": "00000000-0000-0000-0000-000000000000",
        "concernTypeCode": "",
        "concernTypeHistory": [
            
        ],
        "basis": "",
        "division": "00000000-0000-0000-0000-000000000000",
        "divisionCode": "",
        "divisionHistory": [
            
        ],
        "comment": "",
        "ogrn": "",
        "dateRegistration": "2007-07-31T20:00:00Z",
        "okpo": "",
        "okved": "00000000-0000-0000-0000-000000000000",
        "okvedCode": "",
        "ifnsCode": "",
        "ifnsName": "",
        "taxCode": "",
        "taxName": "",
        "certificateCode": "",
        "certificateDate": "0001-01-01T00:00:00Z",
        "contactInformation": [
            
        ]
    },
    {
        "guid": "a6b2fd0e-b119-11ee-b5b6-005056013b0c",
        "archive": false,
        "dateOutputArchive": "0001-01-01T00:00:00Z",
        "code": "1745",
        "codeMSFO": "11580",
        "partner": "3a053084-9f7e-11ee-b5b3-005056013b0c",
        "virtual": false,
        "name": "Гидроальянс ОАО",
        "nameAbbreviated": "Гидроальянс",
        "nameFull": "Гидроальянс",
        "nameEnglish": "",
        "type": 1,
        "noResident": false,
        "inn": "0266035033",
        "kpp": "026601001",
        "kppAdditional": "",
        "registrationNumber": "",
        "separateUnit": false,
        "organizationHead": "00000000-0000-0000-0000-000000000000",
        "concernType": "00000000-0000-0000-0000-000000000000",
        "concernTypeCode": "",
        "concernTypeHistory": [
            
        ],
        "basis": "",
        "division": "00000000-0000-0000-0000-000000000000",
        "divisionCode": "",
        "divisionHistory": [
            
        ],
        "comment": "",
        "ogrn": "",
        "dateRegistration": "2011-08-04T20:00:00Z",
        "okpo": "",
        "okved": "00000000-0000-0000-0000-000000000000",
        "okvedCode": "",
        "ifnsCode": "",
        "ifnsName": "",
        "taxCode": "",
        "taxName": "",
        "certificateCode": "",
        "certificateDate": "0001-01-01T00:00:00Z",
        "contactInformation": [
            
        ]
    },
    {
        "guid": "a6b2fd0f-b119-11ee-b5b6-005056013b0c",
        "archive": true,
        "dateOutputArchive": "2019-08-21T21:00:00Z",
        "code": "1804",
        "codeMSFO": "11616",
        "partner": "78ccf833-9f7e-11ee-b5b3-005056013b0c",
        "virtual": false,
        "name": "БАРНАУЛЬСКИЙ ЛИТЕЙНЫЙ ЗАВОД ООО",
        "nameAbbreviated": "Барнаульский литейный завод",
        "nameFull": "Барнаульский литейный завод",
        "nameEnglish": "",
        "type": 1,
        "noResident": false,
        "inn": "2223588076",
        "kpp": "222301001",
        "kppAdditional": "",
        "registrationNumber": "",
        "separateUnit": false,
        "organizationHead": "00000000-0000-0000-0000-000000000000",
        "concernType": "00000000-0000-0000-0000-000000000000",
        "concernTypeCode": "",
        "concernTypeHistory": [
            
        ],
        "basis": "",
        "division": "00000000-0000-0000-0000-000000000000",
        "divisionCode": "",
        "divisionHistory": [
            
        ],
        "comment": "",
        "ogrn": "",
        "dateRegistration": "2012-06-28T20:00:00Z",
        "okpo": "",
        "okved": "00000000-0000-0000-0000-000000000000",
        "okvedCode": "",
        "ifnsCode": "",
        "ifnsName": "",
        "taxCode": "",
        "taxName": "",
        "certificateCode": "",
        "certificateDate": "0001-01-01T00:00:00Z",
        "contactInformation": [
            
        ]
    },
    {
        "guid": "a6b2fd10-b119-11ee-b5b6-005056013b0c",
        "archive": true,
        "dateOutputArchive": "2019-06-20T21:00:00Z",
        "code": "2288",
        "codeMSFO": "11166",
        "partner": "7ec0aeeb-9f7d-11ee-b5b3-005056013b0c",
        "virtual": false,
        "name": "ОАО ВгТЗ ТПР",
        "nameAbbreviated": "ТПР",
        "nameFull": "ОТКРЫТОЕ АКЦИОНЕРНОЕ ОБЩЕСТВО ТЕРРИТОРИЯ ПРОМЫШЛЕННОГО РАЗВИТИЯ ВГТЗ",
        "nameEnglish": "",
        "type": 1,
        "noResident": false,
        "inn": "3441024794",
        "kpp": "344101001",
        "kppAdditional": "345250001",
        "registrationNumber": "",
        "separateUnit": false,
        "organizationHead": "00000000-0000-0000-0000-000000000000",
        "concernType": "00000000-0000-0000-0000-000000000000",
        "concernTypeCode": "",
        "concernTypeHistory": [
            
        ],
        "basis": "",
        "division": "00000000-0000-0000-0000-000000000000",
        "divisionCode": "",
        "divisionHistory": [
            
        ],
        "comment": "",
        "ogrn": "",
        "dateRegistration": "2003-06-30T20:00:00Z",
        "okpo": "",
        "okved": "00000000-0000-0000-0000-000000000000",
        "okvedCode": "",
        "ifnsCode": "",
        "ifnsName": "",
        "taxCode": "",
        "taxName": "",
        "certificateCode": "",
        "certificateDate": "0001-01-01T00:00:00Z",
        "contactInformation": [
            
        ]
    },
    {
        "guid": "b5bf5263-8aaa-11ee-b5b1-005056013b0c",
        "archive": false,
        "dateOutputArchive": "0001-01-01T00:00:00Z",
        "code": "1984",
        "codeMSFO": "11721",
        "partner": "1b757f98-9f7d-11ee-b5b3-005056013b0c",
        "virtual": false,
        "name": "ООО МИГ КТЗ",
        "nameAbbreviated": "МИГ КТЗ ООО",
        "nameFull": "Общество с ограниченной ответственностью МИГ КТЗ",
        "nameEnglish": "",
        "type": 1,
        "noResident": false,
        "inn": "2130181337",
        "kpp": "213001001",
        "kppAdditional": "",
        "registrationNumber": "",
        "separateUnit": false,
        "organizationHead": "00000000-0000-0000-0000-000000000000",
        "concernType": "78f12e4b-8aa4-11ee-b5b1-005056013b0c",
        "concernTypeCode": "2",
        "concernTypeHistory": [
            
        ],
        "basis": "не применимо",
        "division": "45c669b4-894e-11ee-b5b1-005056013b0c",
        "divisionCode": "9",
        "divisionHistory": [
            {
                "division": "45c669b4-894e-11ee-b5b1-005056013b0c",
                "code": "9",
                "date": "2022-12-31T21:00:00Z"
            },
            {
                "division": "45c669b1-894e-11ee-b5b1-005056013b0c",
                "code": "5",
                "date": "0001-01-01T00:00:00Z"
            }
        ],
        "comment": "",
        "ogrn": "",
        "dateRegistration": "2016-12-05T21:00:00Z",
        "okpo": "",
        "okved": "00000000-0000-0000-0000-000000000000",
        "okvedCode": "",
        "ifnsCode": "",
        "ifnsName": "",
        "taxCode": "",
        "taxName": "",
        "certificateCode": "",
        "certificateDate": "0001-01-01T00:00:00Z",
        "contactInformation": [
            
        ]
    },
    {
        "guid": "a6b2fd0a-b119-11ee-b5b6-005056013b0c",
        "archive": true,
        "dateOutputArchive": "2021-12-14T21:00:00Z",
        "code": "2367",
        "codeMSFO": "11358",
        "partner": "98d58c7b-9f7d-11ee-b5b3-005056013b0c",
        "virtual": false,
        "name": "АО Сарэкс",
        "nameAbbreviated": "САРЭКС",
        "nameFull": "Акционерное общество САРЭКС",
        "nameEnglish": "",
        "type": 1,
        "noResident": false,
        "inn": "1325009287",
        "kpp": "132701001",
        "kppAdditional": "",
        "registrationNumber": "",
        "separateUnit": false,
        "organizationHead": "00000000-0000-0000-0000-000000000000",
        "concernType": "00000000-0000-0000-0000-000000000000",
        "concernTypeCode": "",
        "concernTypeHistory": [
            
        ],
        "basis": "",
        "division": "45c669b4-894e-11ee-b5b1-005056013b0c",
        "divisionCode": "9",
        "divisionHistory": [
            {
                "division": "45c669b2-894e-11ee-b5b1-005056013b0c",
                "code": "6",
                "date": "0001-01-01T00:00:00Z"
            },
            {
                "division": "45c669b4-894e-11ee-b5b1-005056013b0c",
                "code": "9",
                "date": "2012-12-31T20:00:00Z"
            }
        ],
        "comment": "",
        "ogrn": "",
        "dateRegistration": "2002-06-12T20:00:00Z",
        "okpo": "",
        "okved": "00000000-0000-0000-0000-000000000000",
        "okvedCode": "",
        "ifnsCode": "",
        "ifnsName": "",
        "taxCode": "",
        "taxName": "",
        "certificateCode": "",
        "certificateDate": "0001-01-01T00:00:00Z",
        "contactInformation": [
            
        ]
    },
    {
        "guid": "b5bf5266-8aaa-11ee-b5b1-005056013b0c",
        "archive": false,
        "dateOutputArchive": "0001-01-01T00:00:00Z",
        "code": "1987",
        "codeMSFO": "11364",
        "partner": "1b757f9a-9f7d-11ee-b5b3-005056013b0c",
        "virtual": false,
        "name": "НИИ стали АО",
        "nameAbbreviated": "НИИ стали",
        "nameFull": "Акционерное общество НИИ стали",
        "nameEnglish": "",
        "type": 1,
        "noResident": false,
        "inn": "7713070243",
        "kpp": "771301001",
        "kppAdditional": "",
        "registrationNumber": "",
        "separateUnit": false,
        "organizationHead": "00000000-0000-0000-0000-000000000000",
        "concernType": "1eb22324-8aa6-11ee-b5b1-005056013b0c",
        "concernTypeCode": "6",
        "concernTypeHistory": [
            
        ],
        "basis": "не применимо",
        "division": "45c669b4-894e-11ee-b5b1-005056013b0c",
        "divisionCode": "9",
        "divisionHistory": [
            
        ],
        "comment": "",
        "ogrn": "",
        "dateRegistration": "2002-08-18T20:00:00Z",
        "okpo": "",
        "okved": "00000000-0000-0000-0000-000000000000",
        "okvedCode": "",
        "ifnsCode": "",
        "ifnsName": "",
        "taxCode": "",
        "taxName": "",
        "certificateCode": "",
        "certificateDate": "0001-01-01T00:00:00Z",
        "contactInformation": [
            
        ]
    },
    {
        "guid": "a6b2fd11-b119-11ee-b5b6-005056013b0c",
        "archive": true,
        "dateOutputArchive": "2020-01-23T21:00:00Z",
        "code": "2168",
        "codeMSFO": "11250",
        "partner": "962428ab-9f7d-11ee-b5b3-005056013b0c",
        "virtual": false,
        "name": "ООО Промтрактор - Финанс",
        "nameAbbreviated": "ПТФ",
        "nameFull": "ОБЩЕСТВО С ОГРАНИЧЕННОЙ ОТВЕТСТВЕННОСТЬЮ ПРОМТРАКТОР-ФИНАНС",
        "nameEnglish": "",
        "type": 1,
        "noResident": false,
        "inn": "7704534210",
        "kpp": "770401001",
        "kppAdditional": "",
        "registrationNumber": "",
        "separateUnit": false,
        "organizationHead": "00000000-0000-0000-0000-000000000000",
        "concernType": "00000000-0000-0000-0000-000000000000",
        "concernTypeCode": "",
        "concernTypeHistory": [
            
        ],
        "basis": "",
        "division": "00000000-0000-0000-0000-000000000000",
        "divisionCode": "",
        "divisionHistory": [
            
        ],
        "comment": "",
        "ogrn": "",
        "dateRegistration": "2004-10-12T20:00:00Z",
        "okpo": "",
        "okved": "00000000-0000-0000-0000-000000000000",
        "okvedCode": "",
        "ifnsCode": "",
        "ifnsName": "",
        "taxCode": "",
        "taxName": "",
        "certificateCode": "",
        "certificateDate": "0001-01-01T00:00:00Z",
        "contactInformation": [
            
        ]
    },
    {
        "guid": "a6b2fd13-b119-11ee-b5b6-005056013b0c",
        "archive": true,
        "dateOutputArchive": "2020-06-14T21:00:00Z",
        "code": "2291",
        "codeMSFO": "11260",
        "partner": "750463be-9f7d-11ee-b5b3-005056013b0c",
        "virtual": false,
        "name": "АО РОСМАШКОМ",
        "nameAbbreviated": "РМК",
        "nameFull": "АКЦИОНЕРНОЕ ОБЩЕСТВО РОСМАШКОМ",
        "nameEnglish": "",
        "type": 1,
        "noResident": false,
        "inn": "3441024787",
        "kpp": "774301001",
        "kppAdditional": "",
        "registrationNumber": "",
        "separateUnit": false,
        "organizationHead": "00000000-0000-0000-0000-000000000000",
        "concernType": "00000000-0000-0000-0000-000000000000",
        "concernTypeCode": "",
        "concernTypeHistory": [
            
        ],
        "basis": "",
        "division": "00000000-0000-0000-0000-000000000000",
        "divisionCode": "",
        "divisionHistory": [
            
        ],
        "comment": "",
        "ogrn": "",
        "dateRegistration": "2003-06-30T20:00:00Z",
        "okpo": "",
        "okved": "00000000-0000-0000-0000-000000000000",
        "okvedCode": "",
        "ifnsCode": "",
        "ifnsName": "",
        "taxCode": "",
        "taxName": "",
        "certificateCode": "",
        "certificateDate": "0001-01-01T00:00:00Z",
        "contactInformation": [
            
        ]
    },
    {
        "guid": "a6b2fd14-b119-11ee-b5b6-005056013b0c",
        "archive": true,
        "dateOutputArchive": "2019-06-20T21:00:00Z",
        "code": "2299",
        "codeMSFO": "11154",
        "partner": "952897a0-9f7d-11ee-b5b3-005056013b0c",
        "virtual": false,
        "name": "ООО ВМК ВгТЗ",
        "nameAbbreviated": "ВМК ВгТЗ",
        "nameFull": "Общество с ограниченной ответственностью Волгоградская машиностроительная компания ВгТЗ",
        "nameEnglish": "",
        "type": 1,
        "noResident": false,
        "inn": "3441023695",
        "kpp": "344101001",
        "kppAdditional": "",
        "registrationNumber": "",
        "separateUnit": false,
        "organizationHead": "00000000-0000-0000-0000-000000000000",
        "concernType": "00000000-0000-0000-0000-000000000000",
        "concernTypeCode": "",
        "concernTypeHistory": [
            
        ],
        "basis": "",
        "division": "00000000-0000-0000-0000-000000000000",
        "divisionCode": "",
        "divisionHistory": [
            
        ],
        "comment": "",
        "ogrn": "",
        "dateRegistration": "2002-11-27T21:00:00Z",
        "okpo": "",
        "okved": "00000000-0000-0000-0000-000000000000",
        "okvedCode": "",
        "ifnsCode": "",
        "ifnsName": "",
        "taxCode": "",
        "taxName": "",
        "certificateCode": "",
        "certificateDate": "0001-01-01T00:00:00Z",
        "contactInformation": [
            
        ]
    },
    {
        "guid": "a6b2fd15-b119-11ee-b5b6-005056013b0c",
        "archive": false,
        "dateOutputArchive": "0001-01-01T00:00:00Z",
        "code": "2304",
        "codeMSFO": "11005",
        "partner": "00000000-0000-0000-0000-000000000000",
        "virtual": true,
        "name": "ГК Промтрактор",
        "nameAbbreviated": "ГК ПТ",
        "nameFull": "Группа компаний Промтрактор",
        "nameEnglish": "gkpt",
        "type": 1,
        "noResident": false,
        "inn": "",
        "kpp": "",
        "kppAdditional": "",
        "registrationNumber": "",
        "separateUnit": false,
        "organizationHead": "00000000-0000-0000-0000-000000000000",
        "concernType": "00000000-0000-0000-0000-000000000000",
        "concernTypeCode": "",
        "concernTypeHistory": [
            
        ],
        "basis": "",
        "division": "00000000-0000-0000-0000-000000000000",
        "divisionCode": "",
        "divisionHistory": [
            
        ],
        "comment": "",
        "ogrn": "",
        "dateRegistration": "2018-12-31T21:00:00Z",
        "okpo": "",
        "okved": "00000000-0000-0000-0000-000000000000",
        "okvedCode": "",
        "ifnsCode": "",
        "ifnsName": "",
        "taxCode": "",
        "taxName": "",
        "certificateCode": "",
        "certificateDate": "0001-01-01T00:00:00Z",
        "contactInformation": [
            
        ]
    },
    {
        "guid": "a6b2fd16-b119-11ee-b5b6-005056013b0c",
        "archive": true,
        "dateOutputArchive": "2021-05-30T21:00:00Z",
        "code": "2324",
        "codeMSFO": "11221",
        "partner": "a12404c6-9f7d-11ee-b5b3-005056013b0c",
        "virtual": false,
        "name": "ООО АМХ",
        "nameAbbreviated": "АМХ ООО",
        "nameFull": "Общество с ограниченной ответственностью Агромашхолдинг",
        "nameEnglish": "",
        "type": 1,
        "noResident": false,
        "inn": "7704667516",
        "kpp": "213001001",
        "kppAdditional": "213050001",
        "registrationNumber": "",
        "separateUnit": false,
        "organizationHead": "00000000-0000-0000-0000-000000000000",
        "concernType": "00000000-0000-0000-0000-000000000000",
        "concernTypeCode": "",
        "concernTypeHistory": [
            
        ],
        "basis": "",
        "division": "00000000-0000-0000-0000-000000000000",
        "divisionCode": "",
        "divisionHistory": [
            
        ],
        "comment": "",
        "ogrn": "",
        "dateRegistration": "2007-11-13T21:00:00Z",
        "okpo": "",
        "okved": "00000000-0000-0000-0000-000000000000",
        "okvedCode": "",
        "ifnsCode": "",
        "ifnsName": "",
        "taxCode": "",
        "taxName": "",
        "certificateCode": "",
        "certificateDate": "0001-01-01T00:00:00Z",
        "contactInformation": [
            
        ]
    },
    {
        "guid": "b5bf5270-8aaa-11ee-b5b1-005056013b0c",
        "archive": false,
        "dateOutputArchive": "0001-01-01T00:00:00Z",
        "code": "2525",
        "codeMSFO": "11975",
        "partner": "80f4ecd6-9f7d-11ee-b5b3-005056013b0c",
        "virtual": false,
        "name": "ЧЕТРА-КУЗБАСС ООО",
        "nameAbbreviated": "ЧЕТРА-КУЗБАСС ООО",
        "nameFull": "ОБЩЕСТВО С ОГРАНИЧЕННОЙ ОТВЕТСТВЕННОСТЬЮ ЧЕТРА-КУЗБАСС",
        "nameEnglish": "",
        "type": 1,
        "noResident": false,
        "inn": "4252015309",
        "kpp": "425201001",
        "kppAdditional": "",
        "registrationNumber": "",
        "separateUnit": false,
        "organizationHead": "00000000-0000-0000-0000-000000000000",
        "concernType": "1eb22324-8aa6-11ee-b5b1-005056013b0c",
        "concernTypeCode": "6",
        "concernTypeHistory": [
            
        ],
        "basis": "связанная с 21.03.2019",
        "division": "45c669b4-894e-11ee-b5b1-005056013b0c",
        "divisionCode": "9",
        "divisionHistory": [
            
        ],
        "comment": "",
        "ogrn": "",
        "dateRegistration": "2019-03-20T21:00:00Z",
        "okpo": "",
        "okved": "00000000-0000-0000-0000-000000000000",
        "okvedCode": "",
        "ifnsCode": "",
        "ifnsName": "",
        "taxCode": "",
        "taxName": "",
        "certificateCode": "",
        "certificateDate": "0001-01-01T00:00:00Z",
        "contactInformation": [
            
        ]
    },
    {
        "guid": "b5bf5275-8aaa-11ee-b5b1-005056013b0c",
        "archive": false,
        "dateOutputArchive": "0001-01-01T00:00:00Z",
        "code": "2685",
        "codeMSFO": "12046",
        "partner": "c29eff86-9f7d-11ee-b5b3-005056013b0c",
        "virtual": false,
        "name": "ООО ПАРАДИС",
        "nameAbbreviated": "ПАРАДИС ООО",
        "nameFull": "ОБЩЕСТВО С ОГРАНИЧЕННОЙ ОТВЕТСТВЕННОСТЬЮ ПАРАДИС",
        "nameEnglish": "",
        "type": 1,
        "noResident": false,
        "inn": "2130221639",
        "kpp": "213001001",
        "kppAdditional": "",
        "registrationNumber": "",
        "separateUnit": false,
        "organizationHead": "00000000-0000-0000-0000-000000000000",
        "concernType": "1eb22324-8aa6-11ee-b5b1-005056013b0c",
        "concernTypeCode": "6",
        "concernTypeHistory": [
            
        ],
        "basis": "связанная с 01.10.2021",
        "division": "45c669b4-894e-11ee-b5b1-005056013b0c",
        "divisionCode": "9",
        "divisionHistory": [
            
        ],
        "comment": "",
        "ogrn": "",
        "dateRegistration": "2021-09-30T21:00:00Z",
        "okpo": "",
        "okved": "00000000-0000-0000-0000-000000000000",
        "okvedCode": "",
        "ifnsCode": "",
        "ifnsName": "",
        "taxCode": "",
        "taxName": "",
        "certificateCode": "",
        "certificateDate": "0001-01-01T00:00:00Z",
        "contactInformation": [
            
        ]
    },
    {
        "guid": "b5bf526f-8aaa-11ee-b5b1-005056013b0c",
        "archive": false,
        "dateOutputArchive": "0001-01-01T00:00:00Z",
        "code": "2405",
        "codeMSFO": "11964",
        "partner": "c29ee642-9f7d-11ee-b5b3-005056013b0c",
        "virtual": false,
        "name": "ООО ПК ЧАЗ",
        "nameAbbreviated": "ПК ЧАЗ ООО",
        "nameFull": "ОБЩЕСТВО С ОГРАНИЧЕННОЙ ОТВЕТСТВЕННОСТЬЮ ПРОИЗВОДСТВЕННАЯ КОМПАНИЯ ЧЕБОКСАРСКИЙ АГРЕГАТНЫЙ ЗАВОД",
        "nameEnglish": "pk_chaz",
        "type": 1,
        "noResident": false,
        "inn": "2130212659",
        "kpp": "213001001",
        "kppAdditional": "",
        "registrationNumber": "",
        "separateUnit": false,
        "organizationHead": "00000000-0000-0000-0000-000000000000",
        "concernType": "78f12e4b-8aa4-11ee-b5b1-005056013b0c",
        "concernTypeCode": "2",
        "concernTypeHistory": [
            
        ],
        "basis": "не применимо",
        "division": "45c669b2-894e-11ee-b5b1-005056013b0c",
        "divisionCode": "6",
        "divisionHistory": [
            {
                "division": "45c669b2-894e-11ee-b5b1-005056013b0c",
                "code": "6",
                "date": "2019-09-30T21:00:00Z"
            },
            {
                "division": "45c669b1-894e-11ee-b5b1-005056013b0c",
                "code": "5",
                "date": "0001-01-01T00:00:00Z"
            }
        ],
        "comment": "",
        "ogrn": "",
        "dateRegistration": "2019-07-22T21:00:00Z",
        "okpo": "",
        "okved": "00000000-0000-0000-0000-000000000000",
        "okvedCode": "",
        "ifnsCode": "",
        "ifnsName": "",
        "taxCode": "",
        "taxName": "",
        "certificateCode": "",
        "certificateDate": "0001-01-01T00:00:00Z",
        "contactInformation": [
            
        ]
    },
    {
        "guid": "b5bf5273-8aaa-11ee-b5b1-005056013b0c",
        "archive": false,
        "dateOutputArchive": "0001-01-01T00:00:00Z",
        "code": "2605",
        "codeMSFO": "12008",
        "partner": "80f4edb5-9f7d-11ee-b5b3-005056013b0c",
        "virtual": false,
        "name": "ООО ЧСК",
        "nameAbbreviated": "ЧСК ООО",
        "nameFull": "ОБЩЕСТВО С ОГРАНИЧЕННОЙ ОТВЕТСТВЕННОСТЬЮ ЧУВАШСКАЯ СЕТЕВАЯ КОМПАНИЯ",
        "nameEnglish": "",
        "type": 1,
        "noResident": false,
        "inn": "2130217456",
        "kpp": "213001001",
        "kppAdditional": "",
        "registrationNumber": "",
        "separateUnit": false,
        "organizationHead": "00000000-0000-0000-0000-000000000000",
        "concernType": "1eb22324-8aa6-11ee-b5b1-005056013b0c",
        "concernTypeCode": "6",
        "concernTypeHistory": [
            
        ],
        "basis": "связанная с 05.03.2020",
        "division": "45c669b4-894e-11ee-b5b1-005056013b0c",
        "divisionCode": "9",
        "divisionHistory": [
            {
                "division": "45c669b4-894e-11ee-b5b1-005056013b0c",
                "code": "9",
                "date": "2022-12-31T21:00:00Z"
            },
            {
                "division": "45c669b1-894e-11ee-b5b1-005056013b0c",
                "code": "5",
                "date": "0001-01-01T00:00:00Z"
            }
        ],
        "comment": "",
        "ogrn": "",
        "dateRegistration": "2020-03-04T21:00:00Z",
        "okpo": "",
        "okved": "00000000-0000-0000-0000-000000000000",
        "okvedCode": "",
        "ifnsCode": "",
        "ifnsName": "",
        "taxCode": "",
        "taxName": "",
        "certificateCode": "",
        "certificateDate": "0001-01-01T00:00:00Z",
        "contactInformation": [
            
        ]
    },
    {
        "guid": "a6b2fd17-b119-11ee-b5b6-005056013b0c",
        "archive": true,
        "dateOutputArchive": "2021-09-22T21:00:00Z",
        "code": "2326",
        "codeMSFO": "11115",
        "partner": "b910b6de-9f7d-11ee-b5b3-005056013b0c",
        "virtual": false,
        "name": "АО ПРОМЫШЛЕННЫЕ МАШИНЫ",
        "nameAbbreviated": "ПМ",
        "nameFull": "Акционерное общество Промышленные машины",
        "nameEnglish": "",
        "type": 1,
        "noResident": false,
        "inn": "2127007427",
        "kpp": "213001001",
        "kppAdditional": "213050001",
        "registrationNumber": "",
        "separateUnit": false,
        "organizationHead": "00000000-0000-0000-0000-000000000000",
        "concernType": "00000000-0000-0000-0000-000000000000",
        "concernTypeCode": "",
        "concernTypeHistory": [
            
        ],
        "basis": "",
        "division": "45c669b4-894e-11ee-b5b1-005056013b0c",
        "divisionCode": "9",
        "divisionHistory": [
            {
                "division": "45c669b2-894e-11ee-b5b1-005056013b0c",
                "code": "6",
                "date": "0001-01-01T00:00:00Z"
            },
            {
                "division": "45c669b4-894e-11ee-b5b1-005056013b0c",
                "code": "9",
                "date": "2018-07-31T21:00:00Z"
            }
        ],
        "comment": "",
        "ogrn": "",
        "dateRegistration": "2002-09-15T20:00:00Z",
        "okpo": "",
        "okved": "00000000-0000-0000-0000-000000000000",
        "okvedCode": "",
        "ifnsCode": "",
        "ifnsName": "",
        "taxCode": "",
        "taxName": "",
        "certificateCode": "",
        "certificateDate": "0001-01-01T00:00:00Z",
        "contactInformation": [
            
        ]
    },
    {
        "guid": "b5bf525e-8aaa-11ee-b5b1-005056013b0c",
        "archive": false,
        "dateOutputArchive": "0001-01-01T00:00:00Z",
        "code": "1705",
        "codeMSFO": "11566",
        "partner": "8d998b44-9f7e-11ee-b5b3-005056013b0c",
        "virtual": false,
        "name": "ЖДУ ООО",
        "nameAbbreviated": "Железнодорожные услуги ООО",
        "nameFull": "Железнодорожные услуги",
        "nameEnglish": "",
        "type": 1,
        "noResident": false,
        "inn": "2130109884",
        "kpp": "213001001",
        "kppAdditional": "",
        "registrationNumber": "",
        "separateUnit": false,
        "organizationHead": "00000000-0000-0000-0000-000000000000",
        "concernType": "1eb22324-8aa6-11ee-b5b1-005056013b0c",
        "concernTypeCode": "6",
        "concernTypeHistory": [
            
        ],
        "basis": "связанная с 2012г.на основании существенных операций (обслуживание). На текущую дату имеются отношения с Группой",
        "division": "45c669b4-894e-11ee-b5b1-005056013b0c",
        "divisionCode": "9",
        "divisionHistory": [
            
        ],
        "comment": "",
        "ogrn": "",
        "dateRegistration": "2012-10-17T20:00:00Z",
        "okpo": "",
        "okved": "00000000-0000-0000-0000-000000000000",
        "okvedCode": "",
        "ifnsCode": "",
        "ifnsName": "",
        "taxCode": "",
        "taxName": "",
        "certificateCode": "",
        "certificateDate": "0001-01-01T00:00:00Z",
        "contactInformation": [
            
        ]
    },
    {
        "guid": "a6b2fd18-b119-11ee-b5b6-005056013b0c",
        "archive": true,
        "dateOutputArchive": "2020-01-26T21:00:00Z",
        "code": "1667",
        "codeMSFO": "11550",
        "partner": "00000000-0000-0000-0000-000000000000",
        "virtual": false,
        "name": "ООО Агромашхолдинг-Украина",
        "nameAbbreviated": "ООО Агромашхолдинг-Украина",
        "nameFull": "Общество с ограниченной ответственностью Агромашхолдинг - Украина",
        "nameEnglish": "",
        "type": 1,
        "noResident": false,
        "inn": "",
        "kpp": "",
        "kppAdditional": "",
        "registrationNumber": "329385420116",
        "separateUnit": false,
        "organizationHead": "00000000-0000-0000-0000-000000000000",
        "concernType": "00000000-0000-0000-0000-000000000000",
        "concernTypeCode": "",
        "concernTypeHistory": [
            
        ],
        "basis": "",
        "division": "00000000-0000-0000-0000-000000000000",
        "divisionCode": "",
        "divisionHistory": [
            
        ],
        "comment": "",
        "ogrn": "",
        "dateRegistration": "2006-12-31T21:00:00Z",
        "okpo": "",
        "okved": "00000000-0000-0000-0000-000000000000",
        "okvedCode": "",
        "ifnsCode": "",
        "ifnsName": "",
        "taxCode": "",
        "taxName": "",
        "certificateCode": "",
        "certificateDate": "0001-01-01T00:00:00Z",
        "contactInformation": [
            
        ]
    },
    {
        "guid": "a6b2fd19-b119-11ee-b5b6-005056013b0c",
        "archive": true,
        "dateOutputArchive": "2019-08-21T21:00:00Z",
        "code": "1786",
        "codeMSFO": "11517",
        "partner": "00000000-0000-0000-0000-000000000000",
        "virtual": false,
        "name": "Most Technics GmbH",
        "nameAbbreviated": "Most Technics GmbH",
        "nameFull": "Most Technics GmbH",
        "nameEnglish": "",
        "type": 1,
        "noResident": false,
        "inn": "",
        "kpp": "",
        "kppAdditional": "",
        "registrationNumber": "DE 258064778",
        "separateUnit": false,
        "organizationHead": "00000000-0000-0000-0000-000000000000",
        "concernType": "00000000-0000-0000-0000-000000000000",
        "concernTypeCode": "",
        "concernTypeHistory": [
            
        ],
        "basis": "",
        "division": "00000000-0000-0000-0000-000000000000",
        "divisionCode": "",
        "divisionHistory": [
            
        ],
        "comment": "",
        "ogrn": "",
        "dateRegistration": "2006-12-31T21:00:00Z",
        "okpo": "",
        "okved": "00000000-0000-0000-0000-000000000000",
        "okvedCode": "",
        "ifnsCode": "",
        "ifnsName": "",
        "taxCode": "",
        "taxName": "",
        "certificateCode": "",
        "certificateDate": "0001-01-01T00:00:00Z",
        "contactInformation": [
            
        ]
    },
    {
        "guid": "a6b2fd1a-b119-11ee-b5b6-005056013b0c",
        "archive": true,
        "dateOutputArchive": "2019-08-21T21:00:00Z",
        "code": "1824",
        "codeMSFO": "11641",
        "partner": "0c5edef2-9f7e-11ee-b5b3-005056013b0c",
        "virtual": false,
        "name": "ООО Агродом",
        "nameAbbreviated": "Агродом ООО",
        "nameFull": "АгроДом",
        "nameEnglish": "",
        "type": 1,
        "noResident": false,
        "inn": "7713747214",
        "kpp": "771301001",
        "kppAdditional": "",
        "registrationNumber": "",
        "separateUnit": false,
        "organizationHead": "00000000-0000-0000-0000-000000000000",
        "concernType": "00000000-0000-0000-0000-000000000000",
        "concernTypeCode": "",
        "concernTypeHistory": [
            
        ],
        "basis": "",
        "division": "00000000-0000-0000-0000-000000000000",
        "divisionCode": "",
        "divisionHistory": [
            
        ],
        "comment": "",
        "ogrn": "",
        "dateRegistration": "2012-04-26T20:00:00Z",
        "okpo": "",
        "okved": "00000000-0000-0000-0000-000000000000",
        "okvedCode": "",
        "ifnsCode": "",
        "ifnsName": "",
        "taxCode": "",
        "taxName": "",
        "certificateCode": "",
        "certificateDate": "0001-01-01T00:00:00Z",
        "contactInformation": [
            
        ]
    },
    {
        "guid": "a6b2fd1b-b119-11ee-b5b6-005056013b0c",
        "archive": false,
        "dateOutputArchive": "0001-01-01T00:00:00Z",
        "code": "1012",
        "codeMSFO": "",
        "partner": "00000000-0000-0000-0000-000000000000",
        "virtual": false,
        "name": "ООО ГСКБ ХС (ИСТОРИЯ)",
        "nameAbbreviated": "ГСКБ ХС (ИСТОРИЯ)",
        "nameFull": "ОБЩЕСТВО С ОГРАНИЧЕННОЙ ОТВЕТСТВЕННОСТЬЮ ГОЛОВНОЕ СПЕЦИАЛИЗИРОВАННОЕ БЮРО ПО ХОДОВЫМ СИСТЕМАМ (ИСТОРИЯ)",
        "nameEnglish": "gskbhs",
        "type": 1,
        "noResident": false,
        "inn": "",
        "kpp": "",
        "kppAdditional": "",
        "registrationNumber": "",
        "separateUnit": false,
        "organizationHead": "00000000-0000-0000-0000-000000000000",
        "concernType": "00000000-0000-0000-0000-000000000000",
        "concernTypeCode": "",
        "concernTypeHistory": [
            
        ],
        "basis": "",
        "division": "00000000-0000-0000-0000-000000000000",
        "divisionCode": "",
        "divisionHistory": [
            
        ],
        "comment": "",
        "ogrn": "",
        "dateRegistration": "2006-09-26T20:00:00Z",
        "okpo": "",
        "okved": "00000000-0000-0000-0000-000000000000",
        "okvedCode": "",
        "ifnsCode": "",
        "ifnsName": "",
        "taxCode": "",
        "taxName": "",
        "certificateCode": "",
        "certificateDate": "0001-01-01T00:00:00Z",
        "contactInformation": [
            
        ]
    },
    {
        "guid": "a6b2fd1c-b119-11ee-b5b6-005056013b0c",
        "archive": false,
        "dateOutputArchive": "0001-01-01T00:00:00Z",
        "code": "2124",
        "codeMSFO": "11155",
        "partner": "98d58d57-9f7d-11ee-b5b3-005056013b0c",
        "virtual": false,
        "name": "ОАО Краслесмаш",
        "nameAbbreviated": "КЛМ ОАО",
        "nameFull": "Открытое акционерное общество Красноярский завод лесного машиностроения",
        "nameEnglish": "",
        "type": 1,
        "noResident": false,
        "inn": "2463000900",
        "kpp": "246301001",
        "kppAdditional": "",
        "registrationNumber": "",
        "separateUnit": false,
        "organizationHead": "00000000-0000-0000-0000-000000000000",
        "concernType": "00000000-0000-0000-0000-000000000000",
        "concernTypeCode": "",
        "concernTypeHistory": [
            
        ],
        "basis": "",
        "division": "00000000-0000-0000-0000-000000000000",
        "divisionCode": "",
        "divisionHistory": [
            
        ],
        "comment": "",
        "ogrn": "",
        "dateRegistration": "2002-12-10T21:00:00Z",
        "okpo": "",
        "okved": "00000000-0000-0000-0000-000000000000",
        "okvedCode": "",
        "ifnsCode": "",
        "ifnsName": "",
        "taxCode": "",
        "taxName": "",
        "certificateCode": "",
        "certificateDate": "0001-01-01T00:00:00Z",
        "contactInformation": [
            
        ]
    },
    {
        "guid": "a6b2fd1d-b119-11ee-b5b6-005056013b0c",
        "archive": false,
        "dateOutputArchive": "0001-01-01T00:00:00Z",
        "code": "2293",
        "codeMSFO": "11002",
        "partner": "00000000-0000-0000-0000-000000000000",
        "virtual": true,
        "name": "ГК ВгТЗ",
        "nameAbbreviated": "Группа компаний ВгТЗ",
        "nameFull": "ГК ВгТЗ",
        "nameEnglish": "",
        "type": 1,
        "noResident": false,
        "inn": "",
        "kpp": "",
        "kppAdditional": "",
        "registrationNumber": "",
        "separateUnit": false,
        "organizationHead": "00000000-0000-0000-0000-000000000000",
        "concernType": "00000000-0000-0000-0000-000000000000",
        "concernTypeCode": "",
        "concernTypeHistory": [
            
        ],
        "basis": "",
        "division": "00000000-0000-0000-0000-000000000000",
        "divisionCode": "",
        "divisionHistory": [
            
        ],
        "comment": "",
        "ogrn": "",
        "dateRegistration": "2006-12-31T21:00:00Z",
        "okpo": "",
        "okved": "00000000-0000-0000-0000-000000000000",
        "okvedCode": "",
        "ifnsCode": "",
        "ifnsName": "",
        "taxCode": "",
        "taxName": "",
        "certificateCode": "",
        "certificateDate": "0001-01-01T00:00:00Z",
        "contactInformation": [
            
        ]
    },
    {
        "guid": "a6b2fd1e-b119-11ee-b5b6-005056013b0c",
        "archive": true,
        "dateOutputArchive": "2020-08-24T21:00:00Z",
        "code": "2507",
        "codeMSFO": "11659",
        "partner": "7504648d-9f7d-11ee-b5b3-005056013b0c",
        "virtual": false,
        "name": "ООО Сервисная компания",
        "nameAbbreviated": "СК ООО",
        "nameFull": "ОБЩЕСТВО С ОГРАНИЧЕННОЙ ОТВЕТСТВЕННОСТЬЮ СЕРВИСНАЯ КОМПАНИЯ",
        "nameEnglish": "",
        "type": 1,
        "noResident": false,
        "inn": "2130052469",
        "kpp": "213001001",
        "kppAdditional": "",
        "registrationNumber": "",
        "separateUnit": false,
        "organizationHead": "00000000-0000-0000-0000-000000000000",
        "concernType": "00000000-0000-0000-0000-000000000000",
        "concernTypeCode": "",
        "concernTypeHistory": [
            
        ],
        "basis": "",
        "division": "00000000-0000-0000-0000-000000000000",
        "divisionCode": "",
        "divisionHistory": [
            
        ],
        "comment": "",
        "ogrn": "",
        "dateRegistration": "2013-05-30T20:00:00Z",
        "okpo": "",
        "okved": "00000000-0000-0000-0000-000000000000",
        "okvedCode": "",
        "ifnsCode": "",
        "ifnsName": "",
        "taxCode": "",
        "taxName": "",
        "certificateCode": "",
        "certificateDate": "0001-01-01T00:00:00Z",
        "contactInformation": [
            
        ]
    },
    {
        "guid": "a6b2fd20-b119-11ee-b5b6-005056013b0c",
        "archive": false,
        "dateOutputArchive": "0001-01-01T00:00:00Z",
        "code": "2768",
        "codeMSFO": "11007",
        "partner": "00000000-0000-0000-0000-000000000000",
        "virtual": true,
        "name": "ГК ДИС",
        "nameAbbreviated": "ГК ДИС",
        "nameFull": "Группа компаний ДИС",
        "nameEnglish": "",
        "type": 1,
        "noResident": false,
        "inn": "",
        "kpp": "",
        "kppAdditional": "",
        "registrationNumber": "",
        "separateUnit": false,
        "organizationHead": "00000000-0000-0000-0000-000000000000",
        "concernType": "00000000-0000-0000-0000-000000000000",
        "concernTypeCode": "",
        "concernTypeHistory": [
            
        ],
        "basis": "",
        "division": "00000000-0000-0000-0000-000000000000",
        "divisionCode": "",
        "divisionHistory": [
            
        ],
        "comment": "",
        "ogrn": "",
        "dateRegistration": "2021-09-30T21:00:00Z",
        "okpo": "",
        "okved": "00000000-0000-0000-0000-000000000000",
        "okvedCode": "",
        "ifnsCode": "",
        "ifnsName": "",
        "taxCode": "",
        "taxName": "",
        "certificateCode": "",
        "certificateDate": "0001-01-01T00:00:00Z",
        "contactInformation": [
            
        ]
    },
    {
        "guid": "b5bf527c-8aaa-11ee-b5b1-005056013b0c",
        "archive": false,
        "dateOutputArchive": "0001-01-01T00:00:00Z",
        "code": "2825",
        "codeMSFO": "12826",
        "partner": "ea4e47a1-9f7d-11ee-b5b3-005056013b0c",
        "virtual": false,
        "name": "ООО ТД ТМ",
        "nameAbbreviated": "ТД ТМ ООО",
        "nameFull": "ОБЩЕСТВО С ОГРАНИЧЕННОЙ ОТВЕТСТВЕННОСТЬЮ ТОРГОВЫЙ ДОМ ТРАНСПОРТНОЕ МАШИНОСТРОЕНИЕ",
        "nameEnglish": "tdtm",
        "type": 1,
        "noResident": false,
        "inn": "2130230898",
        "kpp": "213001001",
        "kppAdditional": "",
        "registrationNumber": "",
        "separateUnit": false,
        "organizationHead": "00000000-0000-0000-0000-000000000000",
        "concernType": "1eb22324-8aa6-11ee-b5b1-005056013b0c",
        "concernTypeCode": "6",
        "concernTypeHistory": [
            
        ],
        "basis": "связанная с 15.03.2022",
        "division": "45c669b1-894e-11ee-b5b1-005056013b0c",
        "divisionCode": "5",
        "divisionHistory": [
            
        ],
        "comment": "",
        "ogrn": "",
        "dateRegistration": "2022-03-14T21:00:00Z",
        "okpo": "",
        "okved": "00000000-0000-0000-0000-000000000000",
        "okvedCode": "",
        "ifnsCode": "",
        "ifnsName": "",
        "taxCode": "",
        "taxName": "",
        "certificateCode": "",
        "certificateDate": "0001-01-01T00:00:00Z",
        "contactInformation": [
            
        ]
    },
    {
        "guid": "b5bf526d-8aaa-11ee-b5b1-005056013b0c",
        "archive": false,
        "dateOutputArchive": "0001-01-01T00:00:00Z",
        "code": "2344",
        "codeMSFO": "11958",
        "partner": "9ececf63-9f7d-11ee-b5b3-005056013b0c",
        "virtual": false,
        "name": "ООО Промлит",
        "nameAbbreviated": "Промлит ООО",
        "nameFull": "Общество с ограниченной ответственностью Завод промышленного литья",
        "nameEnglish": "pl",
        "type": 1,
        "noResident": false,
        "inn": "2130211126",
        "kpp": "213001001",
        "kppAdditional": "",
        "registrationNumber": "",
        "separateUnit": false,
        "organizationHead": "00000000-0000-0000-0000-000000000000",
        "concernType": "78f12e4b-8aa4-11ee-b5b1-005056013b0c",
        "concernTypeCode": "2",
        "concernTypeHistory": [
            
        ],
        "basis": "не применимо",
        "division": "45c669b3-894e-11ee-b5b1-005056013b0c",
        "divisionCode": "7",
        "divisionHistory": [
            {
                "division": "45c669b1-894e-11ee-b5b1-005056013b0c",
                "code": "5",
                "date": "0001-01-01T00:00:00Z"
            },
            {
                "division": "45c669b3-894e-11ee-b5b1-005056013b0c",
                "code": "7",
                "date": "2019-06-30T21:00:00Z"
            }
        ],
        "comment": "",
        "ogrn": "",
        "dateRegistration": "2019-05-22T21:00:00Z",
        "okpo": "",
        "okved": "00000000-0000-0000-0000-000000000000",
        "okvedCode": "",
        "ifnsCode": "",
        "ifnsName": "",
        "taxCode": "",
        "taxName": "",
        "certificateCode": "",
        "certificateDate": "0001-01-01T00:00:00Z",
        "contactInformation": [
            
        ]
    },
    {
        "guid": "b5bf5277-8aaa-11ee-b5b1-005056013b0c",
        "archive": false,
        "dateOutputArchive": "0001-01-01T00:00:00Z",
        "code": "2805",
        "codeMSFO": "12810",
        "partner": "d48928c4-9f7d-11ee-b5b3-005056013b0c",
        "virtual": false,
        "name": "ООО РЕЙЛ ТМ",
        "nameAbbreviated": "РЕЙЛ ТМ ООО",
        "nameFull": "ОБЩЕСТВО С ОГРАНИЧЕННОЙ ОТВЕТСТВЕННОСТЬЮ РЕЙЛ ТМ",
        "nameEnglish": "",
        "type": 1,
        "noResident": false,
        "inn": "9704097073",
        "kpp": "770301001",
        "kppAdditional": "",
        "registrationNumber": "",
        "separateUnit": false,
        "organizationHead": "00000000-0000-0000-0000-000000000000",
        "concernType": "1eb22324-8aa6-11ee-b5b1-005056013b0c",
        "concernTypeCode": "6",
        "concernTypeHistory": [
            
        ],
        "basis": "связанная с 01.01.2022",
        "division": "45c669b3-894e-11ee-b5b1-005056013b0c",
        "divisionCode": "7",
        "divisionHistory": [
            {
                "division": "45c669b1-894e-11ee-b5b1-005056013b0c",
                "code": "5",
                "date": "0001-01-01T00:00:00Z"
            },
            {
                "division": "45c669b3-894e-11ee-b5b1-005056013b0c",
                "code": "7",
                "date": "2021-12-31T21:00:00Z"
            }
        ],
        "comment": "",
        "ogrn": "",
        "dateRegistration": "2021-11-09T21:00:00Z",
        "okpo": "",
        "okved": "00000000-0000-0000-0000-000000000000",
        "okvedCode": "",
        "ifnsCode": "",
        "ifnsName": "",
        "taxCode": "",
        "taxName": "",
        "certificateCode": "",
        "certificateDate": "0001-01-01T00:00:00Z",
        "contactInformation": [
            
        ]
    },
    {
        "guid": "b5bf5278-8aaa-11ee-b5b1-005056013b0c",
        "archive": false,
        "dateOutputArchive": "0001-01-01T00:00:00Z",
        "code": "2905",
        "codeMSFO": "12800",
        "partner": "80f4ec6b-9f7d-11ee-b5b3-005056013b0c",
        "virtual": false,
        "name": "ООО ОИК",
        "nameAbbreviated": "ОИК ООО",
        "nameFull": "ОБЩЕСТВО С ОГРАНИЧЕННОЙ ОТВЕТСТВЕННОСТЬЮ ОТРАСЛЕВАЯ ИНФРАСТРУКТУРНАЯ КОМПАНИЯ",
        "nameEnglish": "",
        "type": 1,
        "noResident": false,
        "inn": "2130227856",
        "kpp": "213001001",
        "kppAdditional": "",
        "registrationNumber": "",
        "separateUnit": false,
        "organizationHead": "00000000-0000-0000-0000-000000000000",
        "concernType": "1eb22324-8aa6-11ee-b5b1-005056013b0c",
        "concernTypeCode": "6",
        "concernTypeHistory": [
            
        ],
        "basis": "связанная с 01.01.2022",
        "division": "45c669b1-894e-11ee-b5b1-005056013b0c",
        "divisionCode": "5",
        "divisionHistory": [
            
        ],
        "comment": "",
        "ogrn": "",
        "dateRegistration": "2021-12-31T21:00:00Z",
        "okpo": "",
        "okved": "00000000-0000-0000-0000-000000000000",
        "okvedCode": "",
        "ifnsCode": "",
        "ifnsName": "",
        "taxCode": "",
        "taxName": "",
        "certificateCode": "",
        "certificateDate": "0001-01-01T00:00:00Z",
        "contactInformation": [
            
        ]
    },
    {
        "guid": "9bea143a-9f64-11ee-b5b3-005056013b0c",
        "archive": false,
        "dateOutputArchive": "0001-01-01T00:00:00Z",
        "code": "2986",
        "codeMSFO": "12900",
        "partner": "8db63c6f-9f64-11ee-b5b3-005056013b0c",
        "virtual": false,
        "name": "ЧЕТРА-КРАНЭКС ООО",
        "nameAbbreviated": "ООО \"ЧЕТРА-КРАНЭКС\"",
        "nameFull": "Общество с ограниченной ответственностью \"ЧЕТРА-КРАНЭКС\"",
        "nameEnglish": "",
        "type": 1,
        "noResident": false,
        "inn": "3700011701",
        "kpp": "370001001",
        "kppAdditional": "",
        "registrationNumber": "",
        "separateUnit": false,
        "organizationHead": "00000000-0000-0000-0000-000000000000",
        "concernType": "78f12e4b-8aa4-11ee-b5b1-005056013b0c",
        "concernTypeCode": "2",
        "concernTypeHistory": [
            
        ],
        "basis": "нет",
        "division": "45c669b4-894e-11ee-b5b1-005056013b0c",
        "divisionCode": "9",
        "divisionHistory": [
            
        ],
        "comment": "",
        "ogrn": "1233700009730",
        "dateRegistration": "2023-09-13T21:00:00Z",
        "okpo": "",
        "okved": "00000000-0000-0000-0000-000000000000",
        "okvedCode": "",
        "ifnsCode": "",
        "ifnsName": "",
        "taxCode": "",
        "taxName": "",
        "certificateCode": "",
        "certificateDate": "0001-01-01T00:00:00Z",
        "contactInformation": [
            {
                "type": 1,
                "typeInformation": 1,
                "performance": "153007, Ивановская область, г.о. Иваново, г Иваново, ул Местечко Минеево, Кранэкс, дом 1",
                "country": "Россия",
                "region": "Ивановская обл",
                "city": "",
                "email": "",
                "phone": ""
            }
        ]
    },
    {
        "guid": "b5bf5281-8aaa-11ee-b5b1-005056013b0c",
        "archive": false,
        "dateOutputArchive": "0001-01-01T00:00:00Z",
        "code": "2965",
        "codeMSFO": "12898",
        "partner": "f85b1184-9f7d-11ee-b5b3-005056013b0c",
        "virtual": false,
        "name": "АО РУСТРАКТОР",
        "nameAbbreviated": "РУСТРАКТОР АО",
        "nameFull": "АКЦИОНЕРНОЕ ОБЩЕСТВО РУССКИЙ ТРАКТОР",
        "nameEnglish": "rt",
        "type": 1,
        "noResident": false,
        "inn": "2100009681",
        "kpp": "210001001",
        "kppAdditional": "",
        "registrationNumber": "",
        "separateUnit": false,
        "organizationHead": "00000000-0000-0000-0000-000000000000",
        "concernType": "1eb22324-8aa6-11ee-b5b1-005056013b0c",
        "concernTypeCode": "6",
        "concernTypeHistory": [
            
        ],
        "basis": "связанная с 01.09.2023",
        "division": "45c669b4-894e-11ee-b5b1-005056013b0c",
        "divisionCode": "9",
        "divisionHistory": [
            
        ],
        "comment": "",
        "ogrn": "",
        "dateRegistration": "2023-08-31T21:00:00Z",
        "okpo": "",
        "okved": "00000000-0000-0000-0000-000000000000",
        "okvedCode": "",
        "ifnsCode": "",
        "ifnsName": "",
        "taxCode": "",
        "taxName": "",
        "certificateCode": "",
        "certificateDate": "0001-01-01T00:00:00Z",
        "contactInformation": [
            
        ]
    },
    {
        "guid": "75d01ee3-9f64-11ee-b5b3-005056013b0c",
        "archive": false,
        "dateOutputArchive": "0001-01-01T00:00:00Z",
        "code": "2645",
        "codeMSFO": "11006",
        "partner": "53c2a3d6-9f64-11ee-b5b3-005056013b0c",
        "virtual": true,
        "name": "ПК ПРОМТРАКТОР ОСП ООО",
        "nameAbbreviated": "ООО ПРОМТРАКТОР",
        "nameFull": "ОСП ООО ПК ПРОМТРАКТОР В Г. САРАНСК",
        "nameEnglish": "",
        "type": 1,
        "noResident": false,
        "inn": "2130006695",
        "kpp": "132745001",
        "kppAdditional": "",
        "registrationNumber": "",
        "separateUnit": false,
        "organizationHead": "00000000-0000-0000-0000-000000000000",
        "concernType": "78f12e4b-8aa4-11ee-b5b1-005056013b0c",
        "concernTypeCode": "2",
        "concernTypeHistory": [
            
        ],
        "basis": "нет",
        "division": "45c669b2-894e-11ee-b5b1-005056013b0c",
        "divisionCode": "6",
        "divisionHistory": [
            
        ],
        "comment": "",
        "ogrn": "",
        "dateRegistration": "2020-10-21T21:00:00Z",
        "okpo": "",
        "okved": "00000000-0000-0000-0000-000000000000",
        "okvedCode": "",
        "ifnsCode": "",
        "ifnsName": "",
        "taxCode": "",
        "taxName": "",
        "certificateCode": "",
        "certificateDate": "0001-01-01T00:00:00Z",
        "contactInformation": [
            {
                "type": 1,
                "typeInformation": 1,
                "performance": "428028, Чувашская Республика - Чувашия, г. Чебоксары, пр-кт Тракторостроителей, дом 101, ЛИТЕРА/БЛОК 39Е/В КАБИНЕТ 411",
                "country": "Россия",
                "region": "Чувашская Республика - Чувашия",
                "city": "Чебоксары г.",
                "email": "",
                "phone": ""
            },
            {
                "type": 1,
                "typeInformation": 1,
                "performance": "428028, Чувашская Республика - Чувашия, г Чебоксары, пр-кт Тракторостроителей, дом 105, корпус БЛОК Г",
                "country": "Россия",
                "region": "Чувашская Республика - Чувашия",
                "city": "Чебоксары г",
                "email": "",
                "phone": ""
            },
            {
                "type": 1,
                "typeInformation": 1,
                "performance": "428028, Чувашская Республика - Чувашия, г Чебоксары, пр-кт Тракторостроителей, дом 105, корпус БЛОК Г",
                "country": "Россия",
                "region": "Чувашская Республика - Чувашия",
                "city": "Чебоксары г",
                "email": "",
                "phone": ""
            },
            {
                "type": 1,
                "typeInformation": 1,
                "performance": "428028, Чувашская Республика - Чувашия, г Чебоксары, пр-кт Тракторостроителей, дом 105, корпус БЛОК Г",
                "country": "Россия",
                "region": "Чувашская Республика - Чувашия",
                "city": "Чебоксары г",
                "email": "",
                "phone": ""
            },
            {
                "type": 1,
                "typeInformation": 1,
                "performance": "428000, Чувашская Республика - Чувашия, г Чебоксары, пр-кт Тракторостроителей, дом 105, корпус БЛОК Г",
                "country": "Россия",
                "region": "Чувашская Республика - Чувашия",
                "city": "Чебоксары г",
                "email": "",
                "phone": ""
            }
        ]
    },
    {
        "guid": "b5bf527b-8aaa-11ee-b5b1-005056013b0c",
        "archive": false,
        "dateOutputArchive": "0001-01-01T00:00:00Z",
        "code": "2909",
        "codeMSFO": "12802",
        "partner": "b0b67a96-9f7d-11ee-b5b3-005056013b0c",
        "virtual": false,
        "name": "ООО АКТИВ",
        "nameAbbreviated": "АКТИВ ООО",
        "nameFull": "ОБЩЕСТВО С ОГРАНИЧЕННОЙ ОТВЕТСТВЕННОСТЬЮ АКТИВ",
        "nameEnglish": "",
        "type": 1,
        "noResident": false,
        "inn": "9704000317",
        "kpp": "210001001",
        "kppAdditional": "",
        "registrationNumber": "",
        "separateUnit": false,
        "organizationHead": "00000000-0000-0000-0000-000000000000",
        "concernType": "1eb22324-8aa6-11ee-b5b1-005056013b0c",
        "concernTypeCode": "6",
        "concernTypeHistory": [
            
        ],
        "basis": "связанная с 01.01.2022",
        "division": "45c669b4-894e-11ee-b5b1-005056013b0c",
        "divisionCode": "9",
        "divisionHistory": [
            {
                "division": "45c669b4-894e-11ee-b5b1-005056013b0c",
                "code": "9",
                "date": "2022-12-31T21:00:00Z"
            },
            {
                "division": "45c669b1-894e-11ee-b5b1-005056013b0c",
                "code": "5",
                "date": "0001-01-01T00:00:00Z"
            }
        ],
        "comment": "",
        "ogrn": "",
        "dateRegistration": "2021-12-31T21:00:00Z",
        "okpo": "",
        "okved": "00000000-0000-0000-0000-000000000000",
        "okvedCode": "",
        "ifnsCode": "",
        "ifnsName": "",
        "taxCode": "",
        "taxName": "",
        "certificateCode": "",
        "certificateDate": "0001-01-01T00:00:00Z",
        "contactInformation": [
            
        ]
    },
    {
        "guid": "b5bf527d-8aaa-11ee-b5b1-005056013b0c",
        "archive": false,
        "dateOutputArchive": "0001-01-01T00:00:00Z",
        "code": "2845",
        "codeMSFO": "12805",
        "partner": "1b757f0b-9f7d-11ee-b5b3-005056013b0c",
        "virtual": false,
        "name": "ООО ХК ТМ",
        "nameAbbreviated": "ХК ТМ ООО",
        "nameFull": "ОБЩЕСТВО С ОГРАНИЧЕННОЙ ОТВЕТСТВЕННОСТЬЮ ХК ТРАНСПОРТНОЕ МАШИНОСТРОЕНИЕ",
        "nameEnglish": "hktm",
        "type": 1,
        "noResident": false,
        "inn": "7714436282",
        "kpp": "210001001",
        "kppAdditional": "",
        "registrationNumber": "",
        "separateUnit": false,
        "organizationHead": "00000000-0000-0000-0000-000000000000",
        "concernType": "1eb22324-8aa6-11ee-b5b1-005056013b0c",
        "concernTypeCode": "6",
        "concernTypeHistory": [
            
        ],
        "basis": "связанная с 01.03.2022",
        "division": "45c669b4-894e-11ee-b5b1-005056013b0c",
        "divisionCode": "9",
        "divisionHistory": [
            {
                "division": "45c669b4-894e-11ee-b5b1-005056013b0c",
                "code": "9",
                "date": "2022-12-31T21:00:00Z"
            },
            {
                "division": "45c669b1-894e-11ee-b5b1-005056013b0c",
                "code": "5",
                "date": "0001-01-01T00:00:00Z"
            }
        ],
        "comment": "",
        "ogrn": "",
        "dateRegistration": "2022-02-28T21:00:00Z",
        "okpo": "",
        "okved": "00000000-0000-0000-0000-000000000000",
        "okvedCode": "",
        "ifnsCode": "",
        "ifnsName": "",
        "taxCode": "",
        "taxName": "",
        "certificateCode": "",
        "certificateDate": "0001-01-01T00:00:00Z",
        "contactInformation": [
            
        ]
    },
    {
        "guid": "b5bf527a-8aaa-11ee-b5b1-005056013b0c",
        "archive": false,
        "dateOutputArchive": "0001-01-01T00:00:00Z",
        "code": "2908",
        "codeMSFO": "12809",
        "partner": "1b7580f7-9f7d-11ee-b5b3-005056013b0c",
        "virtual": false,
        "name": "ООО УК ТМ",
        "nameAbbreviated": "УК ТМ ООО",
        "nameFull": "ОБЩЕСТВО С ОГРАНИЧЕННОЙ ОТВЕТСТВЕННОСТЬЮ УК ТРАНСПОРТНОЕ МАШИНОСТРОЕНИЕ",
        "nameEnglish": "",
        "type": 1,
        "noResident": false,
        "inn": "9704082895",
        "kpp": "210001001",
        "kppAdditional": "",
        "registrationNumber": "",
        "separateUnit": false,
        "organizationHead": "00000000-0000-0000-0000-000000000000",
        "concernType": "1eb22324-8aa6-11ee-b5b1-005056013b0c",
        "concernTypeCode": "6",
        "concernTypeHistory": [
            
        ],
        "basis": "связанная с 01.01.2022",
        "division": "45c669b4-894e-11ee-b5b1-005056013b0c",
        "divisionCode": "9",
        "divisionHistory": [
            {
                "division": "45c669b4-894e-11ee-b5b1-005056013b0c",
                "code": "9",
                "date": "2022-12-31T21:00:00Z"
            },
            {
                "division": "45c669b1-894e-11ee-b5b1-005056013b0c",
                "code": "5",
                "date": "0001-01-01T00:00:00Z"
            }
        ],
        "comment": "",
        "ogrn": "",
        "dateRegistration": "2021-12-31T21:00:00Z",
        "okpo": "",
        "okved": "00000000-0000-0000-0000-000000000000",
        "okvedCode": "",
        "ifnsCode": "",
        "ifnsName": "",
        "taxCode": "",
        "taxName": "",
        "certificateCode": "",
        "certificateDate": "0001-01-01T00:00:00Z",
        "contactInformation": [
            
        ]
    },
    {
        "guid": "b5bf527f-8aaa-11ee-b5b1-005056013b0c",
        "archive": false,
        "dateOutputArchive": "0001-01-01T00:00:00Z",
        "code": "2885",
        "codeMSFO": "12838",
        "partner": "da80e350-9f7d-11ee-b5b3-005056013b0c",
        "virtual": false,
        "name": "ООО ПК ЧТЗ",
        "nameAbbreviated": "ПК ЧТЗ ООО",
        "nameFull": "ОБЩЕСТВО С ОГРАНИЧЕННОЙ ОТВЕТСТВЕННОСТЬЮ ПРОИЗВОДСТВЕННАЯ КОМПАНИЯ ЧЕЛЯБИНСКИЙ ТРАКТОРНЫЙ ЗАВОД",
        "nameEnglish": "pk chtz",
        "type": 1,
        "noResident": false,
        "inn": "7452159624",
        "kpp": "745201001",
        "kppAdditional": "",
        "registrationNumber": "",
        "separateUnit": false,
        "organizationHead": "00000000-0000-0000-0000-000000000000",
        "concernType": "1eb22324-8aa6-11ee-b5b1-005056013b0c",
        "concernTypeCode": "6",
        "concernTypeHistory": [
            
        ],
        "basis": "связанная с 30.05.2022",
        "division": "45c669b2-894e-11ee-b5b1-005056013b0c",
        "divisionCode": "6",
        "divisionHistory": [
            {
                "division": "45c669b2-894e-11ee-b5b1-005056013b0c",
                "code": "6",
                "date": "2022-12-31T21:00:00Z"
            },
            {
                "division": "45c669b1-894e-11ee-b5b1-005056013b0c",
                "code": "5",
                "date": "0001-01-01T00:00:00Z"
            }
        ],
        "comment": "",
        "ogrn": "",
        "dateRegistration": "2022-05-29T21:00:00Z",
        "okpo": "",
        "okved": "00000000-0000-0000-0000-000000000000",
        "okvedCode": "",
        "ifnsCode": "",
        "ifnsName": "",
        "taxCode": "",
        "taxName": "",
        "certificateCode": "",
        "certificateDate": "0001-01-01T00:00:00Z",
        "contactInformation": [
            
        ]
    },
    {
        "guid": "b5bf5280-8aaa-11ee-b5b1-005056013b0c",
        "archive": false,
        "dateOutputArchive": "0001-01-01T00:00:00Z",
        "code": "2910",
        "codeMSFO": "12843",
        "partner": "ea4e4053-9f7d-11ee-b5b3-005056013b0c",
        "virtual": false,
        "name": "АО СМИ",
        "nameAbbreviated": "СМИ АО",
        "nameFull": "АКЦИОНЕРНОЕ ОБЩЕСТВО СТРОЙМАШИНВЕСТ",
        "nameEnglish": "smi",
        "type": 1,
        "noResident": false,
        "inn": "9704129511",
        "kpp": "770401001",
        "kppAdditional": "",
        "registrationNumber": "",
        "separateUnit": false,
        "organizationHead": "00000000-0000-0000-0000-000000000000",
        "concernType": "1eb22324-8aa6-11ee-b5b1-005056013b0c",
        "concernTypeCode": "6",
        "concernTypeHistory": [
            
        ],
        "basis": "связанная с 20.04.2022",
        "division": "45c669b4-894e-11ee-b5b1-005056013b0c",
        "divisionCode": "9",
        "divisionHistory": [
            {
                "division": "45c669b4-894e-11ee-b5b1-005056013b0c",
                "code": "9",
                "date": "2022-12-31T21:00:00Z"
            },
            {
                "division": "45c669b1-894e-11ee-b5b1-005056013b0c",
                "code": "5",
                "date": "0001-01-01T00:00:00Z"
            }
        ],
        "comment": "",
        "ogrn": "",
        "dateRegistration": "2022-04-19T21:00:00Z",
        "okpo": "",
        "okved": "00000000-0000-0000-0000-000000000000",
        "okvedCode": "",
        "ifnsCode": "",
        "ifnsName": "",
        "taxCode": "",
        "taxName": "",
        "certificateCode": "",
        "certificateDate": "0001-01-01T00:00:00Z",
        "contactInformation": [
            
        ]
    },
    {
        "guid": "a6b2fe42-b119-11ee-b5b6-005056013b0c",
        "archive": true,
        "dateOutputArchive": "2023-05-30T21:00:00Z",
        "code": "2992",
        "codeMSFO": "11114",
        "partner": "ec697721-9f7d-11ee-b5b3-005056013b0c",
        "virtual": false,
        "name": "АО ПТ",
        "nameAbbreviated": "ПТ",
        "nameFull": "АКЦИОНЕРНОЕ ОБЩЕСТВО ЧЕБОКСАРСКИЙ ЗАВОД ПРОМЫШЛЕННЫХ ТРАКТОРОВ",
        "nameEnglish": "",
        "type": 1,
        "noResident": false,
        "inn": "2126003074",
        "kpp": "213001001",
        "kppAdditional": "",
        "registrationNumber": "",
        "separateUnit": false,
        "organizationHead": "00000000-0000-0000-0000-000000000000",
        "concernType": "00000000-0000-0000-0000-000000000000",
        "concernTypeCode": "",
        "concernTypeHistory": [
            
        ],
        "basis": "",
        "division": "45c669b4-894e-11ee-b5b1-005056013b0c",
        "divisionCode": "9",
        "divisionHistory": [
            {
                "division": "45c669b2-894e-11ee-b5b1-005056013b0c",
                "code": "6",
                "date": "0001-01-01T00:00:00Z"
            },
            {
                "division": "45c669b1-894e-11ee-b5b1-005056013b0c",
                "code": "5",
                "date": "2020-12-31T21:00:00Z"
            },
            {
                "division": "45c669b4-894e-11ee-b5b1-005056013b0c",
                "code": "9",
                "date": "2022-12-31T21:00:00Z"
            }
        ],
        "comment": "",
        "ogrn": "",
        "dateRegistration": "2002-10-01T20:00:00Z",
        "okpo": "",
        "okved": "00000000-0000-0000-0000-000000000000",
        "okvedCode": "",
        "ifnsCode": "",
        "ifnsName": "",
        "taxCode": "",
        "taxName": "",
        "certificateCode": "",
        "certificateDate": "0001-01-01T00:00:00Z",
        "contactInformation": [
            
        ]
    },
    {
        "guid": "b5bf5262-8aaa-11ee-b5b1-005056013b0c",
        "archive": false,
        "dateOutputArchive": "0001-01-01T00:00:00Z",
        "code": "19",
        "codeMSFO": "11119",
        "partner": "98d58be2-9f7d-11ee-b5b3-005056013b0c",
        "virtual": false,
        "name": "ООО СЛЦ ТМ",
        "nameAbbreviated": "СЛЦ ТМ ООО",
        "nameFull": "ОБЩЕСТВО С ОГРАНИЧЕННОЙ ОТВЕТСТВЕННОСТЬЮ СЕРВИСНО-ЛОГИСТИЧЕСКИЙ ЦЕНТР ТМ",
        "nameEnglish": "litiy",
        "type": 1,
        "noResident": false,
        "inn": "2127309097",
        "kpp": "213001001",
        "kppAdditional": "",
        "registrationNumber": "",
        "separateUnit": false,
        "organizationHead": "00000000-0000-0000-0000-000000000000",
        "concernType": "78f12e4b-8aa4-11ee-b5b1-005056013b0c",
        "concernTypeCode": "2",
        "concernTypeHistory": [
            
        ],
        "basis": "не применимо",
        "division": "45c669b1-894e-11ee-b5b1-005056013b0c",
        "divisionCode": "5",
        "divisionHistory": [
            {
                "division": "45c669b1-894e-11ee-b5b1-005056013b0c",
                "code": "5",
                "date": "2022-12-31T21:00:00Z"
            },
            {
                "division": "45c669b3-894e-11ee-b5b1-005056013b0c",
                "code": "7",
                "date": "0001-01-01T00:00:00Z"
            }
        ],
        "comment": "",
        "ogrn": "",
        "dateRegistration": "2002-11-10T21:00:00Z",
        "okpo": "",
        "okved": "00000000-0000-0000-0000-000000000000",
        "okvedCode": "",
        "ifnsCode": "",
        "ifnsName": "",
        "taxCode": "",
        "taxName": "",
        "certificateCode": "",
        "certificateDate": "0001-01-01T00:00:00Z",
        "contactInformation": [
            
        ]
    },
    {
        "guid": "b5bf5274-8aaa-11ee-b5b1-005056013b0c",
        "archive": false,
        "dateOutputArchive": "0001-01-01T00:00:00Z",
        "code": "1155",
        "codeMSFO": "11121",
        "partner": "b0b67b18-9f7d-11ee-b5b3-005056013b0c",
        "virtual": false,
        "name": "ООО Отель-ДИС",
        "nameAbbreviated": "ДИС ООО",
        "nameFull": "Общество с ограниченной ответственностью Отель-ДИС",
        "nameEnglish": "dis",
        "type": 1,
        "noResident": false,
        "inn": "2127318687",
        "kpp": "213001001",
        "kppAdditional": "",
        "registrationNumber": "",
        "separateUnit": false,
        "organizationHead": "00000000-0000-0000-0000-000000000000",
        "concernType": "1eb22324-8aa6-11ee-b5b1-005056013b0c",
        "concernTypeCode": "6",
        "concernTypeHistory": [
            
        ],
        "basis": "связанная с 01.10.2021",
        "division": "45c669b4-894e-11ee-b5b1-005056013b0c",
        "divisionCode": "9",
        "divisionHistory": [
            {
                "division": "45c669b4-894e-11ee-b5b1-005056013b0c",
                "code": "9",
                "date": "2022-12-31T21:00:00Z"
            },
            {
                "division": "45c669b1-894e-11ee-b5b1-005056013b0c",
                "code": "5",
                "date": "2018-12-31T21:00:00Z"
            },
            {
                "division": "45c669b2-894e-11ee-b5b1-005056013b0c",
                "code": "6",
                "date": "0001-01-01T00:00:00Z"
            }
        ],
        "comment": "",
        "ogrn": "",
        "dateRegistration": "2002-10-31T21:00:00Z",
        "okpo": "",
        "okved": "00000000-0000-0000-0000-000000000000",
        "okvedCode": "",
        "ifnsCode": "",
        "ifnsName": "",
        "taxCode": "",
        "taxName": "",
        "certificateCode": "",
        "certificateDate": "0001-01-01T00:00:00Z",
        "contactInformation": [
            
        ]
    },
    {
        "guid": "b5bf5268-8aaa-11ee-b5b1-005056013b0c",
        "archive": true,
        "dateOutputArchive": "2023-09-10T21:00:00Z",
        "code": "2993",
        "codeMSFO": "11133",
        "partner": "00b7dcec-9f7e-11ee-b5b3-005056013b0c",
        "virtual": false,
        "name": "АО Вагон",
        "nameAbbreviated": "ВАГОН АО",
        "nameFull": "АКЦИОНЕРНОЕ ОБЩЕСТВО ВАГОН",
        "nameEnglish": "",
        "type": 1,
        "noResident": false,
        "inn": "2128701370",
        "kpp": "212301001",
        "kppAdditional": "",
        "registrationNumber": "",
        "separateUnit": false,
        "organizationHead": "00000000-0000-0000-0000-000000000000",
        "concernType": "78f12e4b-8aa4-11ee-b5b1-005056013b0c",
        "concernTypeCode": "2",
        "concernTypeHistory": [
            
        ],
        "basis": "не применимо",
        "division": "45c669b4-894e-11ee-b5b1-005056013b0c",
        "divisionCode": "9",
        "divisionHistory": [
            {
                "division": "45c669b4-894e-11ee-b5b1-005056013b0c",
                "code": "9",
                "date": "2021-12-31T21:00:00Z"
            },
            {
                "division": "45c669b1-894e-11ee-b5b1-005056013b0c",
                "code": "5",
                "date": "2020-12-31T21:00:00Z"
            },
            {
                "division": "45c669b3-894e-11ee-b5b1-005056013b0c",
                "code": "7",
                "date": "0001-01-01T00:00:00Z"
            }
        ],
        "comment": "",
        "ogrn": "",
        "dateRegistration": "2005-02-27T21:00:00Z",
        "okpo": "",
        "okved": "00000000-0000-0000-0000-000000000000",
        "okvedCode": "",
        "ifnsCode": "",
        "ifnsName": "",
        "taxCode": "",
        "taxName": "",
        "certificateCode": "",
        "certificateDate": "0001-01-01T00:00:00Z",
        "contactInformation": [
            
        ]
    },
    {
        "guid": "a6b2fbce-b119-11ee-b5b6-005056013b0c",
        "archive": true,
        "dateOutputArchive": "2020-09-16T21:00:00Z",
        "code": "1165",
        "codeMSFO": "11117",
        "partner": "b0b67a54-9f7d-11ee-b5b3-005056013b0c",
        "virtual": false,
        "name": "ООО Чебоксарский сталеплавильный завод",
        "nameAbbreviated": "Сталь ООО",
        "nameFull": "Общество с ограниченной ответственностью Чебоксарский сталеплавильный завод",
        "nameEnglish": "Steel",
        "type": 1,
        "noResident": false,
        "inn": "2127314114",
        "kpp": "213001001",
        "kppAdditional": "",
        "registrationNumber": "",
        "separateUnit": false,
        "organizationHead": "00000000-0000-0000-0000-000000000000",
        "concernType": "00000000-0000-0000-0000-000000000000",
        "concernTypeCode": "",
        "concernTypeHistory": [
            
        ],
        "basis": "",
        "division": "45c669b4-894e-11ee-b5b1-005056013b0c",
        "divisionCode": "9",
        "divisionHistory": [
            {
                "division": "45c669b1-894e-11ee-b5b1-005056013b0c",
                "code": "5",
                "date": "0001-01-01T00:00:00Z"
            },
            {
                "division": "45c669b4-894e-11ee-b5b1-005056013b0c",
                "code": "9",
                "date": "2020-09-07T21:00:00Z"
            }
        ],
        "comment": "",
        "ogrn": "",
        "dateRegistration": "2002-08-04T20:00:00Z",
        "okpo": "",
        "okved": "00000000-0000-0000-0000-000000000000",
        "okvedCode": "",
        "ifnsCode": "",
        "ifnsName": "",
        "taxCode": "",
        "taxName": "",
        "certificateCode": "",
        "certificateDate": "0001-01-01T00:00:00Z",
        "contactInformation": [
            
        ]
    },
    {
        "guid": "a6b2fd12-b119-11ee-b5b6-005056013b0c",
        "archive": true,
        "dateOutputArchive": "2022-04-26T21:00:00Z",
        "code": "2286",
        "codeMSFO": "11161",
        "partner": "1b7580ff-9f7d-11ee-b5b3-005056013b0c",
        "virtual": false,
        "name": "АО ПО КЗК(История)",
        "nameAbbreviated": "КЗК(АО История)",
        "nameFull": "АКЦИОНЕРНОЕ ОБЩЕСТВО ПРОИЗВОДСТВЕННОЕ ОБЪЕДИНЕНИЕ КРАСНОЯРСКИЙ ЗАВОД КОМБАЙНОВ (История)",
        "nameEnglish": "",
        "type": 1,
        "noResident": false,
        "inn": "",
        "kpp": "",
        "kppAdditional": "",
        "registrationNumber": "",
        "separateUnit": false,
        "organizationHead": "00000000-0000-0000-0000-000000000000",
        "concernType": "00000000-0000-0000-0000-000000000000",
        "concernTypeCode": "",
        "concernTypeHistory": [
            
        ],
        "basis": "",
        "division": "45c669b1-894e-11ee-b5b1-005056013b0c",
        "divisionCode": "5",
        "divisionHistory": [
            
        ],
        "comment": "",
        "ogrn": "",
        "dateRegistration": "2002-09-18T20:00:00Z",
        "okpo": "",
        "okved": "00000000-0000-0000-0000-000000000000",
        "okvedCode": "",
        "ifnsCode": "",
        "ifnsName": "",
        "taxCode": "",
        "taxName": "",
        "certificateCode": "",
        "certificateDate": "0001-01-01T00:00:00Z",
        "contactInformation": [
            
        ]
    },
    {
        "guid": "b5bf525b-8aaa-11ee-b5b1-005056013b0c",
        "archive": false,
        "dateOutputArchive": "0001-01-01T00:00:00Z",
        "code": "1298",
        "codeMSFO": "11226",
        "partner": "e079d7a8-9f7d-11ee-b5b3-005056013b0c",
        "virtual": false,
        "name": "ООО ЗАВОД АГРОМАШ",
        "nameAbbreviated": "ЗАВОД АГРОМАШ ООО",
        "nameFull": "ОБЩЕСТВО С ОГРАНИЧЕННОЙ ОТВЕТСТВЕННОСТЬЮ ЗАВОД АГРОМАШ",
        "nameEnglish": "",
        "type": 1,
        "noResident": false,
        "inn": "2456012447",
        "kpp": "213001001",
        "kppAdditional": "",
        "registrationNumber": "",
        "separateUnit": false,
        "organizationHead": "00000000-0000-0000-0000-000000000000",
        "concernType": "78f12e4b-8aa4-11ee-b5b1-005056013b0c",
        "concernTypeCode": "2",
        "concernTypeHistory": [
            
        ],
        "basis": "не применимо",
        "division": "45c669af-894e-11ee-b5b1-005056013b0c",
        "divisionCode": "3",
        "divisionHistory": [
            {
                "division": "45c669af-894e-11ee-b5b1-005056013b0c",
                "code": "3",
                "date": "2018-12-31T21:00:00Z"
            },
            {
                "division": "45c669b2-894e-11ee-b5b1-005056013b0c",
                "code": "6",
                "date": "0001-01-01T00:00:00Z"
            }
        ],
        "comment": "",
        "ogrn": "",
        "dateRegistration": "2008-06-29T20:00:00Z",
        "okpo": "",
        "okved": "00000000-0000-0000-0000-000000000000",
        "okvedCode": "",
        "ifnsCode": "",
        "ifnsName": "",
        "taxCode": "",
        "taxName": "",
        "certificateCode": "",
        "certificateDate": "0001-01-01T00:00:00Z",
        "contactInformation": [
            
        ]
    },
    {
        "guid": "a6b2fce9-b119-11ee-b5b6-005056013b0c",
        "archive": true,
        "dateOutputArchive": "2023-07-17T21:00:00Z",
        "code": "2264",
        "codeMSFO": "11227",
        "partner": "1b7580cd-9f7d-11ee-b5b3-005056013b0c",
        "virtual": false,
        "name": "ООО ККУ",
        "nameAbbreviated": "ККУ ООО",
        "nameFull": "ОБЩЕСТВО С ОГРАНИЧЕННОЙ ОТВЕТСТВЕННОСТЬЮ КОМПАНИЯ КОРПОРАТИВНОГО УПРАВЛЕНИЯ",
        "nameEnglish": "",
        "type": 1,
        "noResident": false,
        "inn": "2130001337",
        "kpp": "213001001",
        "kppAdditional": "213050001",
        "registrationNumber": "",
        "separateUnit": false,
        "organizationHead": "00000000-0000-0000-0000-000000000000",
        "concernType": "00000000-0000-0000-0000-000000000000",
        "concernTypeCode": "",
        "concernTypeHistory": [
            
        ],
        "basis": "",
        "division": "45c669b4-894e-11ee-b5b1-005056013b0c",
        "divisionCode": "9",
        "divisionHistory": [
            {
                "division": "45c669b1-894e-11ee-b5b1-005056013b0c",
                "code": "5",
                "date": "0001-01-01T00:00:00Z"
            },
            {
                "division": "45c669b4-894e-11ee-b5b1-005056013b0c",
                "code": "9",
                "date": "2022-12-31T21:00:00Z"
            }
        ],
        "comment": "",
        "ogrn": "",
        "dateRegistration": "2006-05-11T20:00:00Z",
        "okpo": "",
        "okved": "00000000-0000-0000-0000-000000000000",
        "okvedCode": "",
        "ifnsCode": "",
        "ifnsName": "",
        "taxCode": "",
        "taxName": "",
        "certificateCode": "",
        "certificateDate": "0001-01-01T00:00:00Z",
        "contactInformation": [
            
        ]
    },
    {
        "guid": "a6b2fd1f-b119-11ee-b5b6-005056013b0c",
        "archive": true,
        "dateOutputArchive": "2022-05-22T21:00:00Z",
        "code": "2625",
        "codeMSFO": "11116",
        "partner": "80f4ed35-9f7d-11ee-b5b3-005056013b0c",
        "virtual": false,
        "name": "ООО ПТЛ",
        "nameAbbreviated": "ПТЛ ООО",
        "nameFull": "Общество с ограниченной ответственностью Чебоксарский завод промышленного литья",
        "nameEnglish": "",
        "type": 1,
        "noResident": false,
        "inn": "2127318422",
        "kpp": "213001001",
        "kppAdditional": "213050001",
        "registrationNumber": "",
        "separateUnit": false,
        "organizationHead": "00000000-0000-0000-0000-000000000000",
        "concernType": "00000000-0000-0000-0000-000000000000",
        "concernTypeCode": "",
        "concernTypeHistory": [
            
        ],
        "basis": "",
        "division": "45c669b4-894e-11ee-b5b1-005056013b0c",
        "divisionCode": "9",
        "divisionHistory": [
            {
                "division": "45c669b3-894e-11ee-b5b1-005056013b0c",
                "code": "7",
                "date": "0001-01-01T00:00:00Z"
            },
            {
                "division": "45c669b1-894e-11ee-b5b1-005056013b0c",
                "code": "5",
                "date": "2019-06-30T21:00:00Z"
            },
            {
                "division": "45c669b4-894e-11ee-b5b1-005056013b0c",
                "code": "9",
                "date": "2022-05-23T21:00:00Z"
            }
        ],
        "comment": "",
        "ogrn": "",
        "dateRegistration": "2002-08-04T20:00:00Z",
        "okpo": "",
        "okved": "00000000-0000-0000-0000-000000000000",
        "okvedCode": "",
        "ifnsCode": "",
        "ifnsName": "",
        "taxCode": "",
        "taxName": "",
        "certificateCode": "",
        "certificateDate": "0001-01-01T00:00:00Z",
        "contactInformation": [
            
        ]
    },
    {
        "guid": "a6b2fd21-b119-11ee-b5b6-005056013b0c",
        "archive": false,
        "dateOutputArchive": "0001-01-01T00:00:00Z",
        "code": "2907",
        "codeMSFO": "12801",
        "partner": "b6afc5d0-9f7d-11ee-b5b3-005056013b0c",
        "virtual": false,
        "name": "ООО ИТС",
        "nameAbbreviated": "ИТС ООО",
        "nameFull": "ОБЩЕСТВО С ОГРАНИЧЕННОЙ ОТВЕТСТВЕННОСТЬЮ ИТ-СОФТ",
        "nameEnglish": "",
        "type": 1,
        "noResident": false,
        "inn": "2130227743",
        "kpp": "213001001",
        "kppAdditional": "",
        "registrationNumber": "",
        "separateUnit": false,
        "organizationHead": "00000000-0000-0000-0000-000000000000",
        "concernType": "00000000-0000-0000-0000-000000000000",
        "concernTypeCode": "",
        "concernTypeHistory": [
            
        ],
        "basis": "",
        "division": "45c669b1-894e-11ee-b5b1-005056013b0c",
        "divisionCode": "5",
        "divisionHistory": [
            
        ],
        "comment": "",
        "ogrn": "",
        "dateRegistration": "2021-12-31T21:00:00Z",
        "okpo": "",
        "okved": "00000000-0000-0000-0000-000000000000",
        "okvedCode": "",
        "ifnsCode": "",
        "ifnsName": "",
        "taxCode": "",
        "taxName": "",
        "certificateCode": "",
        "certificateDate": "0001-01-01T00:00:00Z",
        "contactInformation": [
            
        ]
    },
    {
        "guid": "a6b2fcf9-b119-11ee-b5b6-005056013b0c",
        "archive": true,
        "dateOutputArchive": "2022-11-14T21:00:00Z",
        "code": "2465",
        "codeMSFO": "11131",
        "partner": "75046490-9f7d-11ee-b5b3-005056013b0c",
        "virtual": false,
        "name": "ЧАЗ",
        "nameAbbreviated": "ПАО ЧАЗ",
        "nameFull": "Публичное акционерное общество Чебоксарский агрегатный завод",
        "nameEnglish": "",
        "type": 1,
        "noResident": false,
        "inn": "2126001687",
        "kpp": "213001001",
        "kppAdditional": "",
        "registrationNumber": "",
        "separateUnit": false,
        "organizationHead": "00000000-0000-0000-0000-000000000000",
        "concernType": "00000000-0000-0000-0000-000000000000",
        "concernTypeCode": "",
        "concernTypeHistory": [
            
        ],
        "basis": "",
        "division": "45c669b1-894e-11ee-b5b1-005056013b0c",
        "divisionCode": "5",
        "divisionHistory": [
            {
                "division": "45c669b2-894e-11ee-b5b1-005056013b0c",
                "code": "6",
                "date": "0001-01-01T00:00:00Z"
            },
            {
                "division": "45c669b1-894e-11ee-b5b1-005056013b0c",
                "code": "5",
                "date": "2019-12-31T21:00:00Z"
            }
        ],
        "comment": "",
        "ogrn": "",
        "dateRegistration": "2002-08-20T20:00:00Z",
        "okpo": "",
        "okved": "00000000-0000-0000-0000-000000000000",
        "okvedCode": "",
        "ifnsCode": "",
        "ifnsName": "",
        "taxCode": "",
        "taxName": "",
        "certificateCode": "",
        "certificateDate": "0001-01-01T00:00:00Z",
        "contactInformation": [
            
        ]
    },
    {
        "guid": "a6b2fb03-b119-11ee-b5b6-005056013b0c",
        "archive": true,
        "dateOutputArchive": "2023-06-18T21:00:00Z",
        "code": "25",
        "codeMSFO": "11132",
        "partner": "e72505bc-9f7e-11ee-b5b3-005056013b0c",
        "virtual": false,
        "name": "ООО ПРОМТЕХ",
        "nameAbbreviated": "Промтех ООО",
        "nameFull": "Общество с ограниченной ответственностью Промышленные технологии",
        "nameEnglish": "",
        "type": 1,
        "noResident": false,
        "inn": "7720282707",
        "kpp": "771301001",
        "kppAdditional": "",
        "registrationNumber": "",
        "separateUnit": false,
        "organizationHead": "00000000-0000-0000-0000-000000000000",
        "concernType": "00000000-0000-0000-0000-000000000000",
        "concernTypeCode": "",
        "concernTypeHistory": [
            
        ],
        "basis": "",
        "division": "45c669b4-894e-11ee-b5b1-005056013b0c",
        "divisionCode": "9",
        "divisionHistory": [
            {
                "division": "45c669b1-894e-11ee-b5b1-005056013b0c",
                "code": "5",
                "date": "0001-01-01T00:00:00Z"
            },
            {
                "division": "45c669b4-894e-11ee-b5b1-005056013b0c",
                "code": "9",
                "date": "2022-12-31T21:00:00Z"
            }
        ],
        "comment": "",
        "ogrn": "",
        "dateRegistration": "2003-09-07T20:00:00Z",
        "okpo": "",
        "okved": "00000000-0000-0000-0000-000000000000",
        "okvedCode": "",
        "ifnsCode": "",
        "ifnsName": "",
        "taxCode": "",
        "taxName": "",
        "certificateCode": "",
        "certificateDate": "0001-01-01T00:00:00Z",
        "contactInformation": [
            
        ]
    },
    {
        "guid": "a6b2fcea-b119-11ee-b5b6-005056013b0c",
        "archive": true,
        "dateOutputArchive": "2021-02-23T21:00:00Z",
        "code": "2328",
        "codeMSFO": "11135",
        "partner": "157c644b-9f7d-11ee-b5b3-005056013b0c",
        "virtual": false,
        "name": "ООО КЗЧ",
        "nameAbbreviated": "КЗЧ ООО",
        "nameFull": "Общество с ограниченной ответственностью Комплектующие и запасные части",
        "nameEnglish": "",
        "type": 1,
        "noResident": false,
        "inn": "2130009512",
        "kpp": "213001001",
        "kppAdditional": "",
        "registrationNumber": "",
        "separateUnit": false,
        "organizationHead": "00000000-0000-0000-0000-000000000000",
        "concernType": "00000000-0000-0000-0000-000000000000",
        "concernTypeCode": "",
        "concernTypeHistory": [
            
        ],
        "basis": "",
        "division": "45c669b4-894e-11ee-b5b1-005056013b0c",
        "divisionCode": "9",
        "divisionHistory": [
            {
                "division": "45c669b2-894e-11ee-b5b1-005056013b0c",
                "code": "6",
                "date": "0001-01-01T00:00:00Z"
            },
            {
                "division": "45c669b4-894e-11ee-b5b1-005056013b0c",
                "code": "9",
                "date": "2018-07-31T21:00:00Z"
            }
        ],
        "comment": "",
        "ogrn": "",
        "dateRegistration": "2006-11-06T21:00:00Z",
        "okpo": "",
        "okved": "00000000-0000-0000-0000-000000000000",
        "okvedCode": "",
        "ifnsCode": "",
        "ifnsName": "",
        "taxCode": "",
        "taxName": "",
        "certificateCode": "",
        "certificateDate": "0001-01-01T00:00:00Z",
        "contactInformation": [
            
        ]
    }
]
]]></system-out>
  </testcase>
  <testcase name="getSfoGuid" classname="AutoTest.StructureTest" time="0.237"/>
  <testcase name="getSfoGuidNotExist" classname="AutoTest.StructureTest" time="0.946"/>
  <testcase name="getSfoGuidNotExist" classname="AutoTest.StructureTest" time="1.002"/>
  <testcase name="getSfoGuidNotExist" classname="AutoTest.StructureTest" time="1.03"/>
  <testcase name="getSfoGuidNotExist" classname="AutoTest.StructureTest" time="0.985"/>
  <testcase name="getSfoGuidNotExist" classname="AutoTest.StructureTest" time="1.015"/>
  <testcase name="getSfoGuidNotExist" classname="AutoTest.StructureTest" time="1.048"/>
  <testcase name="getSfoGuidNotExist" classname="AutoTest.StructureTest" time="0.917"/>
  <testcase name="getSfoGuidNotExist" classname="AutoTest.StructureTest" time="1.089"/>
  <testcase name="getSfoGuidNotExist" classname="AutoTest.StructureTest" time="0.931"/>
  <testcase name="getSfoGuidNotExist" classname="AutoTest.StructureTest" time="1.002"/>
  <testcase name="getSfoGuidNotExist" classname="AutoTest.StructureTest" time="1.152"/>
  <testcase name="getSfoList" classname="AutoTest.StructureTest" time="0.872"/>
  <testcase name="getSfoList" classname="AutoTest.StructureTest" time="1.015"/>
  <testcase name="getSfoList" classname="AutoTest.StructureTest" time="0.99"/>
  <testcase name="getSfoList" classname="AutoTest.StructureTest" time="1.113"/>
  <testcase name="getSfoList" classname="AutoTest.StructureTest" time="1.033"/>
  <testcase name="getSfoList" classname="AutoTest.StructureTest" time="0.98"/>
  <testcase name="getSfoListStepIsEmpty" classname="AutoTest.StructureTest" time="1.075"/>
  <testcase name="getSfoListStepMaxPlus" classname="AutoTest.StructureTest" time="0.795"/>
  <testcase name="getSfoListStepMaxPlus" classname="AutoTest.StructureTest" time="1.12"/>
  <testcase name="getSfoListStepMaxPlus" classname="AutoTest.StructureTest" time="0.879"/>
  <testcase name="getSfoListStepMaxPlus" classname="AutoTest.StructureTest" time="0.992"/>
  <testcase name="getSfoListStepMaxPlus" classname="AutoTest.StructureTest" time="1.009"/>
  <testcase name="getSfoListStepMaxPlus" classname="AutoTest.StructureTest" time="1"/>
  <testcase name="getSfoListStepMaxPlus" classname="AutoTest.StructureTest" time="0.996"/>
  <testcase name="getSfoListStepMaxPlus" classname="AutoTest.StructureTest" time="1.013"/>
  <testcase name="getSfoListStepMaxPlus" classname="AutoTest.StructureTest" time="1.014"/>
  <testcase name="getSfoListStepMaxPlus" classname="AutoTest.StructureTest" time="1.011"/>
  <testcase name="getSfoListStepMaxPlus" classname="AutoTest.StructureTest" time="1.001"/>
  <testcase name="getSfoListStepMaxPlus" classname="AutoTest.StructureTest" time="0.997"/>
  <testcase name="getSfoListStepMaxPlus" classname="AutoTest.StructureTest" time="1.006"/>
  <testcase name="getSfoListStepMaxPlus" classname="AutoTest.StructureTest" time="1.039"/>
  <testcase name="getSfoListStepMaxPlus" classname="AutoTest.StructureTest" time="1.004"/>
</testsuite>