<?xml version="1.0" encoding="UTF-8"?>
<testsuite xmlns:xsi="http://www.w3.org/2001/XMLSchema-instance" xsi:schemaLocation="https://maven.apache.org/surefire/maven-surefire-plugin/xsd/surefire-test-report.xsd" name="TestSuite" time="865.242" tests="823" errors="0" skipped="0" failures="99">
  <properties>
    <property name="java.runtime.name" value="Java(TM) SE Runtime Environment"/>
    <property name="java.vm.version" value="20.0.2+9-78"/>
    <property name="sun.boot.library.path" value="C:\Program Files\Java\jdk-20.0.2\bin"/>
    <property name="maven.multiModuleProjectDirectory" value="C:\Users\Sasha\Api"/>
    <property name="java.vm.vendor" value="Oracle Corporation"/>
    <property name="java.vendor.url" value="https://java.oracle.com/"/>
    <property name="guice.disable.misplaced.annotation.check" value="true"/>
    <property name="path.separator" value=";"/>
    <property name="java.vm.name" value="Java HotSpot(TM) 64-Bit Server VM"/>
    <property name="sun.os.patch.level" value=""/>
    <property name="user.script" value=""/>
    <property name="user.country" value="RU"/>
    <property name="sun.java.launcher" value="SUN_STANDARD"/>
    <property name="java.vm.specification.name" value="Java Virtual Machine Specification"/>
    <property name="user.dir" value="C:\Users\Sasha\Api"/>
    <property name="java.vm.compressedOopsMode" value="Zero based"/>
    <property name="java.runtime.version" value="20.0.2+9-78"/>
    <property name="os.arch" value="amd64"/>
    <property name="java.io.tmpdir" value="C:\Users\Admin\AppData\Local\Temp\"/>
    <property name="line.separator" value="&#10;"/>
    <property name="java.vm.specification.vendor" value="Oracle Corporation"/>
    <property name="user.variant" value=""/>
    <property name="stderr.encoding" value="cp866"/>
    <property name="os.name" value="Windows 10"/>
    <property name="classworlds.conf" value="C:\Program Files\apache-maven-3.9.4\bin\m2.conf"/>
    <property name="sun.jnu.encoding" value="Cp1251"/>
    <property name="stdout.encoding" value="cp866"/>
    <property name="java.library.path" value="C:\Program Files\Java\jdk-20.0.2\bin;C:\Windows\Sun\Java\bin;C:\Windows\system32;C:\Windows;C:\Windows\system32;C:\Windows;C:\Windows\System32\Wbem;C:\Windows\System32\WindowsPowerShell\v1.0\;C:\Windows\System32\OpenSSH\;C:\Install\allure-2.23.1\bin;C:\Program Files\Java\jdk-20.0.2\bin;C:\Program Files\Git\cmd;C:\Users\Admin\scoop\shims;C:\Users\Admin\AppData\Local\Microsoft\WindowsApps;C:\Windows\system32;C:\Program Files\JetBrains\IntelliJ IDEA 2022.3.3\bin;;C:\Program Files\apache-maven-3.9.4\bin;;."/>
    <property name="maven.conf" value="C:\Program Files\apache-maven-3.9.4/conf"/>
    <property name="jdk.debug" value="release"/>
    <property name="java.class.version" value="64.0"/>
    <property name="java.specification.name" value="Java Platform API Specification"/>
    <property name="sun.management.compiler" value="HotSpot 64-Bit Tiered Compilers"/>
    <property name="os.version" value="10.0"/>
    <property name="library.jansi.path" value="C:\Program Files\apache-maven-3.9.4\lib\jansi-native"/>
    <property name="user.home" value="C:\Users\Admin"/>
    <property name="user.timezone" value="Europe/Moscow"/>
    <property name="file.encoding" value="UTF-8"/>
    <property name="java.specification.version" value="20"/>
    <property name="user.name" value="Admin"/>
    <property name="java.class.path" value="C:\Program Files\apache-maven-3.9.4\boot\plexus-classworlds-2.7.0.jar"/>
    <property name="java.vm.specification.version" value="20"/>
    <property name="sun.arch.data.model" value="64"/>
    <property name="sun.java.command" value="org.codehaus.plexus.classworlds.launcher.Launcher clean test"/>
    <property name="java.home" value="C:\Program Files\Java\jdk-20.0.2"/>
    <property name="user.language" value="ru"/>
    <property name="java.specification.vendor" value="Oracle Corporation"/>
    <property name="java.vm.info" value="mixed mode, sharing"/>
    <property name="java.version" value="20.0.2"/>
    <property name="native.encoding" value="Cp1251"/>
    <property name="java.vendor" value="Oracle Corporation"/>
    <property name="maven.home" value="C:\Program Files\apache-maven-3.9.4"/>
    <property name="file.separator" value="\"/>
    <property name="java.version.date" value="2023-07-18"/>
    <property name="java.vendor.url.bug" value="https://bugreport.java.com/bugreport/"/>
    <property name="sun.io.unicode.encoding" value="UnicodeLittle"/>
    <property name="sun.cpu.endian" value="little"/>
    <property name="sun.cpu.isalist" value="amd64"/>
  </properties>
  <testcase name="getChangeRequestGuid" classname="AutoTest.ApplicationTest" time="5.81">
    <failure message="1 expectation failed.&#10;Response body doesn&apos;t match expectation.&#10;Expected: The content to match the given JSON schema.&#10;error: string &quot;&quot; is too short (length: 0, required minimum: 1)&#10;    level: &quot;error&quot;&#10;    schema: {&quot;loadingURI&quot;:&quot;file:/C:/Users/Sasha/Api/target/test-classes/getChangeRequest.json#&quot;,&quot;pointer&quot;:&quot;/properties/data/properties/code&quot;}&#10;    instance: {&quot;pointer&quot;:&quot;/data/code&quot;}&#10;    domain: &quot;validation&quot;&#10;    keyword: &quot;minLength&quot;&#10;    value: &quot;&quot;&#10;    found: 0&#10;    minLength: 1&#10;error: string &quot;&quot; is too short (length: 0, required minimum: 1)&#10;    level: &quot;error&quot;&#10;    schema: {&quot;loadingURI&quot;:&quot;file:/C:/Users/Sasha/Api/target/test-classes/getChangeRequest.json#&quot;,&quot;pointer&quot;:&quot;/properties/data/properties/codeEOP&quot;}&#10;    instance: {&quot;pointer&quot;:&quot;/data/codeEOP&quot;}&#10;    domain: &quot;validation&quot;&#10;    keyword: &quot;minLength&quot;&#10;    value: &quot;&quot;&#10;    found: 0&#10;    minLength: 1&#10;error: string &quot;&quot; is too short (length: 0, required minimum: 1)&#10;    level: &quot;error&quot;&#10;    schema: {&quot;loadingURI&quot;:&quot;file:/C:/Users/Sasha/Api/target/test-classes/getChangeRequest.json#&quot;,&quot;pointer&quot;:&quot;/properties/data/properties/codeUC&quot;}&#10;    instance: {&quot;pointer&quot;:&quot;/data/codeUC&quot;}&#10;    domain: &quot;validation&quot;&#10;    keyword: &quot;minLength&quot;&#10;    value: &quot;&quot;&#10;    found: 0&#10;    minLength: 1&#10;error: string &quot;&quot; is too short (length: 0, required minimum: 1)&#10;    level: &quot;error&quot;&#10;    schema: {&quot;loadingURI&quot;:&quot;file:/C:/Users/Sasha/Api/target/test-classes/getChangeRequest.json#&quot;,&quot;pointer&quot;:&quot;/properties/data/properties/image&quot;}&#10;    instance: {&quot;pointer&quot;:&quot;/data/image&quot;}&#10;    domain: &quot;validation&quot;&#10;    keyword: &quot;minLength&quot;&#10;    value: &quot;&quot;&#10;    found: 0&#10;    minLength: 1&#10;error: string &quot;&quot; is too short (length: 0, required minimum: 1)&#10;    level: &quot;error&quot;&#10;    schema: {&quot;loadingURI&quot;:&quot;file:/C:/Users/Sasha/Api/target/test-classes/getChangeRequest.json#&quot;,&quot;pointer&quot;:&quot;/properties/data/properties/material&quot;}&#10;    instance: {&quot;pointer&quot;:&quot;/data/material&quot;}&#10;    domain: &quot;validation&quot;&#10;    keyword: &quot;minLength&quot;&#10;    value: &quot;&quot;&#10;    found: 0&#10;    minLength: 1&#10;error: string &quot;&quot; is too short (length: 0, required minimum: 1)&#10;    level: &quot;error&quot;&#10;    schema: {&quot;loadingURI&quot;:&quot;file:/C:/Users/Sasha/Api/target/test-classes/getChangeRequest.json#&quot;,&quot;pointer&quot;:&quot;/properties/data/properties/name&quot;}&#10;    instance: {&quot;pointer&quot;:&quot;/data/name&quot;}&#10;    domain: &quot;validation&quot;&#10;    keyword: &quot;minLength&quot;&#10;    value: &quot;&quot;&#10;    found: 0&#10;    minLength: 1&#10;error: string &quot;&quot; is too short (length: 0, required minimum: 1)&#10;    level: &quot;error&quot;&#10;    schema: {&quot;loadingURI&quot;:&quot;file:/C:/Users/Sasha/Api/target/test-classes/getChangeRequest.json#&quot;,&quot;pointer&quot;:&quot;/properties/data/properties/nameFull&quot;}&#10;    instance: {&quot;pointer&quot;:&quot;/data/nameFull&quot;}&#10;    domain: &quot;validation&quot;&#10;    keyword: &quot;minLength&quot;&#10;    value: &quot;&quot;&#10;    found: 0&#10;    minLength: 1&#10;error: string &quot;&quot; is too short (length: 0, required minimum: 36)&#10;    level: &quot;error&quot;&#10;    schema: {&quot;loadingURI&quot;:&quot;file:/C:/Users/Sasha/Api/target/test-classes/getChangeRequest.json#&quot;,&quot;pointer&quot;:&quot;/properties/data/properties/referencePosition&quot;}&#10;    instance: {&quot;pointer&quot;:&quot;/data/referencePosition&quot;}&#10;    domain: &quot;validation&quot;&#10;    keyword: &quot;minLength&quot;&#10;    value: &quot;&quot;&#10;    found: 0&#10;    minLength: 36&#10;error: instance value (0) not found in enum (possible values: [1,2,3,5])&#10;    level: &quot;error&quot;&#10;    schema: {&quot;loadingURI&quot;:&quot;file:/C:/Users/Sasha/Api/target/test-classes/getChangeRequest.json#&quot;,&quot;pointer&quot;:&quot;/properties/data/properties/seriality&quot;}&#10;    instance: {&quot;pointer&quot;:&quot;/data/seriality&quot;}&#10;    domain: &quot;validation&quot;&#10;    keyword: &quot;enum&quot;&#10;    value: 0&#10;    enum: [1,2,3,5]&#10;error: string &quot;&quot; is too short (length: 0, required minimum: 1)&#10;    level: &quot;error&quot;&#10;    schema: {&quot;loadingURI&quot;:&quot;file:/C:/Users/Sasha/Api/target/test-classes/getChangeRequest.json#&quot;,&quot;pointer&quot;:&quot;/properties/data/properties/sortament&quot;}&#10;    instance: {&quot;pointer&quot;:&quot;/data/sortament&quot;}&#10;    domain: &quot;validation&quot;&#10;    keyword: &quot;minLength&quot;&#10;    value: &quot;&quot;&#10;    found: 0&#10;    minLength: 1&#10;error: string &quot;&quot; is too short (length: 0, required minimum: 1)&#10;    level: &quot;error&quot;&#10;    schema: {&quot;loadingURI&quot;:&quot;file:/C:/Users/Sasha/Api/target/test-classes/getChangeRequest.json#&quot;,&quot;pointer&quot;:&quot;/properties/data/properties/sortamentGOST&quot;}&#10;    instance: {&quot;pointer&quot;:&quot;/data/sortamentGOST&quot;}&#10;    domain: &quot;validation&quot;&#10;    keyword: &quot;minLength&quot;&#10;    value: &quot;&quot;&#10;    found: 0&#10;    minLength: 1&#10;&#10;  Actual: {&#10;&quot;guid&quot;: &quot;31c9ca2a-b120-41f8-aa86-8cffb2627492&quot;,&#10;&quot;be&quot;: &quot;&quot;,&#10;&quot;status&quot;: 5,&#10;&quot;code&quot;: &quot;000000014&quot;,&#10;&quot;autor&quot;: {&#10;&quot;fio&quot;: &quot;&quot;,&#10;&quot;email&quot;: &quot;&quot;&#10;},&#10;&quot;responsible&quot;: {&#10;&quot;fio&quot;: &quot;&quot;,&#10;&quot;email&quot;: &quot;&quot;&#10;},&#10;&quot;date&quot;: &quot;2023-07-25T15:22:04&quot;,&#10;&quot;periodExecution&quot;: &quot;2023-07-25T15:28:04&quot;,&#10;&quot;comment&quot;: &quot;&quot;,&#10;&quot;data&quot;: {&#10;&quot;guid&quot;: &quot;00000000-0000-0000-0000-000000000000&quot;,&#10;&quot;code&quot;: &quot;&quot;,&#10;&quot;name&quot;: &quot;&quot;,&#10;&quot;comment&quot;: &quot;&quot;,&#10;&quot;archive&quot;: false,&#10;&quot;dateOutputArchive&quot;: &quot;0001-01-01T00:00:00&quot;,&#10;&quot;nameFull&quot;: &quot;&quot;,&#10;&quot;namePurchasing&quot;: &quot;&quot;,&#10;&quot;nameSale&quot;: &quot;&quot;,&#10;&quot;baseUnit&quot;: &quot;00000000-0000-0000-0000-000000000000&quot;,&#10;&quot;baseUnitCode&quot;: 0,&#10;&quot;materialGOST&quot;: &quot;&quot;,&#10;&quot;tnved&quot;: &quot;00000000-0000-0000-0000-000000000000&quot;,&#10;&quot;okved&quot;: &quot;00000000-0000-0000-0000-000000000000&quot;,&#10;&quot;okpd2&quot;: &quot;00000000-0000-0000-0000-000000000000&quot;,&#10;&quot;classifierEOP&quot;: &quot;00000000-0000-0000-0000-000000000000&quot;,&#10;&quot;codeEOP&quot;: &quot;&quot;,&#10;&quot;material&quot;: &quot;&quot;,&#10;&quot;sortament&quot;: &quot;&quot;,&#10;&quot;image&quot;: &quot;&quot;,&#10;&quot;electronicCatalog&quot;: false,&#10;&quot;service&quot;: false,&#10;&quot;sortamentGOST&quot;: &quot;&quot;,&#10;&quot;consolidatedRecord&quot;: false,&#10;&quot;drawingDenotation&quot;: &quot;&quot;,&#10;&quot;seriality&quot;: 0,&#10;&quot;obsolete&quot;: false,&#10;&quot;analyticsPurchasable&quot;: &quot;00000000-0000-0000-0000-000000000000&quot;,&#10;&quot;referencePosition&quot;: &quot;&quot;,&#10;&quot;ownershipSign&quot;: 0,&#10;&quot;unifiedClassifier&quot;: &quot;00000000-0000-0000-0000-000000000000&quot;,&#10;&quot;codeUC&quot;: &quot;&quot;,&#10;&quot;height&quot;: 0,&#10;&quot;width&quot;: 0,&#10;&quot;length&quot;: 0,&#10;&quot;dimensionsUnit&quot;: &quot;00000000-0000-0000-0000-000000000000&quot;,&#10;&quot;dimensionsUnitCode&quot;: 0,&#10;&quot;weight&quot;: 0,&#10;&quot;weightUnit&quot;: &quot;00000000-0000-0000-0000-000000000000&quot;,&#10;&quot;weightUnitCode&quot;: 0,&#10;&quot;groupCost&quot;: &quot;00000000-0000-0000-0000-000000000000&quot;,&#10;&quot;oneTimePurchase&quot;: false,&#10;&quot;includedEOP&quot;: false,&#10;&quot;properties&quot;: [],&#10;&quot;alternativeUnit&quot;: [],&#10;&quot;analogue&quot;: [],&#10;&quot;spares&quot;: [],&#10;&quot;suppliers&quot;: [],&#10;&quot;occurrences&quot;: []&#10;}&#10;}&#10;" type="java.lang.AssertionError">java.lang.AssertionError: 
1 expectation failed.
Response body doesn't match expectation.
Expected: The content to match the given JSON schema.
error: string "" is too short (length: 0, required minimum: 1)
    level: "error"
    schema: {"loadingURI":"file:/C:/Users/Sasha/Api/target/test-classes/getChangeRequest.json#","pointer":"/properties/data/properties/code"}
    instance: {"pointer":"/data/code"}
    domain: "validation"
    keyword: "minLength"
    value: ""
    found: 0
    minLength: 1
error: string "" is too short (length: 0, required minimum: 1)
    level: "error"
    schema: {"loadingURI":"file:/C:/Users/Sasha/Api/target/test-classes/getChangeRequest.json#","pointer":"/properties/data/properties/codeEOP"}
    instance: {"pointer":"/data/codeEOP"}
    domain: "validation"
    keyword: "minLength"
    value: ""
    found: 0
    minLength: 1
error: string "" is too short (length: 0, required minimum: 1)
    level: "error"
    schema: {"loadingURI":"file:/C:/Users/Sasha/Api/target/test-classes/getChangeRequest.json#","pointer":"/properties/data/properties/codeUC"}
    instance: {"pointer":"/data/codeUC"}
    domain: "validation"
    keyword: "minLength"
    value: ""
    found: 0
    minLength: 1
error: string "" is too short (length: 0, required minimum: 1)
    level: "error"
    schema: {"loadingURI":"file:/C:/Users/Sasha/Api/target/test-classes/getChangeRequest.json#","pointer":"/properties/data/properties/image"}
    instance: {"pointer":"/data/image"}
    domain: "validation"
    keyword: "minLength"
    value: ""
    found: 0
    minLength: 1
error: string "" is too short (length: 0, required minimum: 1)
    level: "error"
    schema: {"loadingURI":"file:/C:/Users/Sasha/Api/target/test-classes/getChangeRequest.json#","pointer":"/properties/data/properties/material"}
    instance: {"pointer":"/data/material"}
    domain: "validation"
    keyword: "minLength"
    value: ""
    found: 0
    minLength: 1
error: string "" is too short (length: 0, required minimum: 1)
    level: "error"
    schema: {"loadingURI":"file:/C:/Users/Sasha/Api/target/test-classes/getChangeRequest.json#","pointer":"/properties/data/properties/name"}
    instance: {"pointer":"/data/name"}
    domain: "validation"
    keyword: "minLength"
    value: ""
    found: 0
    minLength: 1
error: string "" is too short (length: 0, required minimum: 1)
    level: "error"
    schema: {"loadingURI":"file:/C:/Users/Sasha/Api/target/test-classes/getChangeRequest.json#","pointer":"/properties/data/properties/nameFull"}
    instance: {"pointer":"/data/nameFull"}
    domain: "validation"
    keyword: "minLength"
    value: ""
    found: 0
    minLength: 1
error: string "" is too short (length: 0, required minimum: 36)
    level: "error"
    schema: {"loadingURI":"file:/C:/Users/Sasha/Api/target/test-classes/getChangeRequest.json#","pointer":"/properties/data/properties/referencePosition"}
    instance: {"pointer":"/data/referencePosition"}
    domain: "validation"
    keyword: "minLength"
    value: ""
    found: 0
    minLength: 36
error: instance value (0) not found in enum (possible values: [1,2,3,5])
    level: "error"
    schema: {"loadingURI":"file:/C:/Users/Sasha/Api/target/test-classes/getChangeRequest.json#","pointer":"/properties/data/properties/seriality"}
    instance: {"pointer":"/data/seriality"}
    domain: "validation"
    keyword: "enum"
    value: 0
    enum: [1,2,3,5]
error: string "" is too short (length: 0, required minimum: 1)
    level: "error"
    schema: {"loadingURI":"file:/C:/Users/Sasha/Api/target/test-classes/getChangeRequest.json#","pointer":"/properties/data/properties/sortament"}
    instance: {"pointer":"/data/sortament"}
    domain: "validation"
    keyword: "minLength"
    value: ""
    found: 0
    minLength: 1
error: string "" is too short (length: 0, required minimum: 1)
    level: "error"
    schema: {"loadingURI":"file:/C:/Users/Sasha/Api/target/test-classes/getChangeRequest.json#","pointer":"/properties/data/properties/sortamentGOST"}
    instance: {"pointer":"/data/sortamentGOST"}
    domain: "validation"
    keyword: "minLength"
    value: ""
    found: 0
    minLength: 1

  Actual: {
"guid": "31c9ca2a-b120-41f8-aa86-8cffb2627492",
"be": "",
"status": 5,
"code": "000000014",
"autor": {
"fio": "",
"email": ""
},
"responsible": {
"fio": "",
"email": ""
},
"date": "2023-07-25T15:22:04",
"periodExecution": "2023-07-25T15:28:04",
"comment": "",
"data": {
"guid": "00000000-0000-0000-0000-000000000000",
"code": "",
"name": "",
"comment": "",
"archive": false,
"dateOutputArchive": "0001-01-01T00:00:00",
"nameFull": "",
"namePurchasing": "",
"nameSale": "",
"baseUnit": "00000000-0000-0000-0000-000000000000",
"baseUnitCode": 0,
"materialGOST": "",
"tnved": "00000000-0000-0000-0000-000000000000",
"okved": "00000000-0000-0000-0000-000000000000",
"okpd2": "00000000-0000-0000-0000-000000000000",
"classifierEOP": "00000000-0000-0000-0000-000000000000",
"codeEOP": "",
"material": "",
"sortament": "",
"image": "",
"electronicCatalog": false,
"service": false,
"sortamentGOST": "",
"consolidatedRecord": false,
"drawingDenotation": "",
"seriality": 0,
"obsolete": false,
"analyticsPurchasable": "00000000-0000-0000-0000-000000000000",
"referencePosition": "",
"ownershipSign": 0,
"unifiedClassifier": "00000000-0000-0000-0000-000000000000",
"codeUC": "",
"height": 0,
"width": 0,
"length": 0,
"dimensionsUnit": "00000000-0000-0000-0000-000000000000",
"dimensionsUnitCode": 0,
"weight": 0,
"weightUnit": "00000000-0000-0000-0000-000000000000",
"weightUnitCode": 0,
"groupCost": "00000000-0000-0000-0000-000000000000",
"oneTimePurchase": false,
"includedEOP": false,
"properties": [],
"alternativeUnit": [],
"analogue": [],
"spares": [],
"suppliers": [],
"occurrences": []
}
}

	at AutoTest.ApplicationTest.getChangeRequestGuid(ApplicationTest.java:24)
</failure>
    <system-out><![CDATA[HTTP/1.1 200 OK
Date: Wed, 13 Dec 2023 08:09:34 GMT
Server: Apache/2.4.23 (Win64)
Content-Length: 1657
Keep-Alive: timeout=5, max=99
Connection: Keep-Alive
Content-Type: application/json; charset=utf-8

{
    "guid": "31c9ca2a-b120-41f8-aa86-8cffb2627492",
    "be": "",
    "status": 5,
    "code": "000000014",
    "autor": {
        "fio": "",
        "email": ""
    },
    "responsible": {
        "fio": "",
        "email": ""
    },
    "date": "2023-07-25T15:22:04",
    "periodExecution": "2023-07-25T15:28:04",
    "comment": "",
    "data": {
        "guid": "00000000-0000-0000-0000-000000000000",
        "code": "",
        "name": "",
        "comment": "",
        "archive": false,
        "dateOutputArchive": "0001-01-01T00:00:00",
        "nameFull": "",
        "namePurchasing": "",
        "nameSale": "",
        "baseUnit": "00000000-0000-0000-0000-000000000000",
        "baseUnitCode": 0,
        "materialGOST": "",
        "tnved": "00000000-0000-0000-0000-000000000000",
        "okved": "00000000-0000-0000-0000-000000000000",
        "okpd2": "00000000-0000-0000-0000-000000000000",
        "classifierEOP": "00000000-0000-0000-0000-000000000000",
        "codeEOP": "",
        "material": "",
        "sortament": "",
        "image": "",
        "electronicCatalog": false,
        "service": false,
        "sortamentGOST": "",
        "consolidatedRecord": false,
        "drawingDenotation": "",
        "seriality": 0,
        "obsolete": false,
        "analyticsPurchasable": "00000000-0000-0000-0000-000000000000",
        "referencePosition": "",
        "ownershipSign": 0,
        "unifiedClassifier": "00000000-0000-0000-0000-000000000000",
        "codeUC": "",
        "height": 0,
        "width": 0,
        "length": 0,
        "dimensionsUnit": "00000000-0000-0000-0000-000000000000",
        "dimensionsUnitCode": 0,
        "weight": 0,
        "weightUnit": "00000000-0000-0000-0000-000000000000",
        "weightUnitCode": 0,
        "groupCost": "00000000-0000-0000-0000-000000000000",
        "oneTimePurchase": false,
        "includedEOP": false,
        "properties": [
            
        ],
        "alternativeUnit": [
            
        ],
        "analogue": [
            
        ],
        "spares": [
            
        ],
        "suppliers": [
            
        ],
        "occurrences": [
            
        ]
    }
}
]]></system-out>
    <system-err><![CDATA[SLF4J: Failed to load class "org.slf4j.impl.StaticLoggerBinder".
SLF4J: Defaulting to no-operation (NOP) logger implementation
SLF4J: See http://www.slf4j.org/codes.html#StaticLoggerBinder for further details.
]]></system-err>
  </testcase>
  <testcase name="getChangeRequestGuidNegative" classname="AutoTest.ApplicationTest" time="1.284"/>
  <testcase name="getChangeRequestGuidNegative" classname="AutoTest.ApplicationTest" time="0.895"/>
  <testcase name="getChangeRequestGuidNegative" classname="AutoTest.ApplicationTest" time="1.001"/>
  <testcase name="getChangeRequestGuidNegative" classname="AutoTest.ApplicationTest" time="1.049"/>
  <testcase name="getChangeRequestGuidNegative" classname="AutoTest.ApplicationTest" time="0.929"/>
  <testcase name="getChangeRequestGuidNegative" classname="AutoTest.ApplicationTest" time="1.013"/>
  <testcase name="getChangeRequestGuidNegative" classname="AutoTest.ApplicationTest" time="1.013"/>
  <testcase name="getChangeRequestGuidNegative" classname="AutoTest.ApplicationTest" time="0.991"/>
  <testcase name="getChangeRequestGuidNegative" classname="AutoTest.ApplicationTest" time="0.991"/>
  <testcase name="getChangeRequestGuidNegative" classname="AutoTest.ApplicationTest" time="1.038"/>
  <testcase name="getChangeRequestGuidNegative" classname="AutoTest.ApplicationTest" time="1.019"/>
  <testcase name="getTestChangeRequestGuid5" classname="AutoTest.ApplicationTest" time="0.997">
    <failure message="1 expectation failed.&#10;Expected status code &lt;200&gt; but was &lt;400&gt;.&#10;" type="java.lang.AssertionError"><![CDATA[java.lang.AssertionError: 
1 expectation failed.
Expected status code <200> but was <400>.

	at AutoTest.ApplicationTest.getTestChangeRequestGuid5(ApplicationTest.java:35)
]]></failure>
  </testcase>
  <testcase name="getListOfChangesDateIsEmpty" classname="AutoTest.AuxiliaryTest" time="1.436">
    <failure message="1 expectation failed.&#10;JSON path size() doesn&apos;t match.&#10;Expected: is &lt;5&gt;&#10;  Actual: &lt;0&gt;&#10;" type="java.lang.AssertionError"><![CDATA[java.lang.AssertionError: 
1 expectation failed.
JSON path size() doesn't match.
Expected: is <5>
  Actual: <0>

	at AutoTest.AuxiliaryTest.getListOfChangesDateIsEmpty(AuxiliaryTest.java:117)
]]></failure>
    <system-out><![CDATA[HTTP/1.1 200 OK
Date: Wed, 13 Dec 2023 08:09:48 GMT
Server: Apache/2.4.23 (Win64)
Content-Length: 2
Keep-Alive: timeout=5, max=99
Connection: Keep-Alive
Content-Type: application/json; charset=utf-8

[
    
]
]]></system-out>
  </testcase>
  <testcase name="getListOfChangesDateIsEmpty" classname="AutoTest.AuxiliaryTest" time="0.754">
    <failure message="1 expectation failed.&#10;Expected status code &lt;200&gt; but was &lt;400&gt;.&#10;" type="java.lang.AssertionError"><![CDATA[java.lang.AssertionError: 
1 expectation failed.
Expected status code <200> but was <400>.

	at AutoTest.AuxiliaryTest.getListOfChangesDateIsEmpty(AuxiliaryTest.java:115)
]]></failure>
  </testcase>
  <testcase name="getListOfChangesDateIsEmpty" classname="AutoTest.AuxiliaryTest" time="0.804">
    <failure message="1 expectation failed.&#10;JSON path size() doesn&apos;t match.&#10;Expected: is &lt;1&gt;&#10;  Actual: &lt;0&gt;&#10;" type="java.lang.AssertionError"><![CDATA[java.lang.AssertionError: 
1 expectation failed.
JSON path size() doesn't match.
Expected: is <1>
  Actual: <0>

	at AutoTest.AuxiliaryTest.getListOfChangesDateIsEmpty(AuxiliaryTest.java:117)
]]></failure>
    <system-out><![CDATA[HTTP/1.1 200 OK
Date: Wed, 13 Dec 2023 08:09:50 GMT
Server: Apache/2.4.23 (Win64)
Content-Length: 2
Keep-Alive: timeout=5, max=99
Connection: Keep-Alive
Content-Type: application/json; charset=utf-8

[
    
]
]]></system-out>
  </testcase>
  <testcase name="getListOfChangesDateIsEmpty" classname="AutoTest.AuxiliaryTest" time="1.032">
    <failure message="1 expectation failed.&#10;JSON path size() doesn&apos;t match.&#10;Expected: is &lt;1&gt;&#10;  Actual: &lt;0&gt;&#10;" type="java.lang.AssertionError"><![CDATA[java.lang.AssertionError: 
1 expectation failed.
JSON path size() doesn't match.
Expected: is <1>
  Actual: <0>

	at AutoTest.AuxiliaryTest.getListOfChangesDateIsEmpty(AuxiliaryTest.java:117)
]]></failure>
    <system-out><![CDATA[HTTP/1.1 200 OK
Date: Wed, 13 Dec 2023 08:09:51 GMT
Server: Apache/2.4.23 (Win64)
Content-Length: 2
Keep-Alive: timeout=5, max=99
Connection: Keep-Alive
Content-Type: application/json; charset=utf-8

[
    
]
]]></system-out>
  </testcase>
  <testcase name="getListOfChangesDateIsEmpty" classname="AutoTest.AuxiliaryTest" time="1.126">
    <failure message="1 expectation failed.&#10;JSON path size() doesn&apos;t match.&#10;Expected: is &lt;1&gt;&#10;  Actual: &lt;0&gt;&#10;" type="java.lang.AssertionError"><![CDATA[java.lang.AssertionError: 
1 expectation failed.
JSON path size() doesn't match.
Expected: is <1>
  Actual: <0>

	at AutoTest.AuxiliaryTest.getListOfChangesDateIsEmpty(AuxiliaryTest.java:117)
]]></failure>
    <system-out><![CDATA[HTTP/1.1 200 OK
Date: Wed, 13 Dec 2023 08:09:52 GMT
Server: Apache/2.4.23 (Win64)
Content-Length: 2
Keep-Alive: timeout=5, max=99
Connection: Keep-Alive
Content-Type: application/json; charset=utf-8

[
    
]
]]></system-out>
  </testcase>
  <testcase name="getListOfChangesDateIsEmpty" classname="AutoTest.AuxiliaryTest" time="0.893">
    <failure message="1 expectation failed.&#10;JSON path size() doesn&apos;t match.&#10;Expected: is &lt;1&gt;&#10;  Actual: &lt;0&gt;&#10;" type="java.lang.AssertionError"><![CDATA[java.lang.AssertionError: 
1 expectation failed.
JSON path size() doesn't match.
Expected: is <1>
  Actual: <0>

	at AutoTest.AuxiliaryTest.getListOfChangesDateIsEmpty(AuxiliaryTest.java:117)
]]></failure>
    <system-out><![CDATA[HTTP/1.1 200 OK
Date: Wed, 13 Dec 2023 08:09:53 GMT
Server: Apache/2.4.23 (Win64)
Content-Length: 2
Keep-Alive: timeout=5, max=99
Connection: Keep-Alive
Content-Type: application/json; charset=utf-8

[
    
]
]]></system-out>
  </testcase>
  <testcase name="getListOfChangesDateIsEmpty" classname="AutoTest.AuxiliaryTest" time="0.971">
    <failure message="1 expectation failed.&#10;JSON path size() doesn&apos;t match.&#10;Expected: is &lt;1&gt;&#10;  Actual: &lt;0&gt;&#10;" type="java.lang.AssertionError"><![CDATA[java.lang.AssertionError: 
1 expectation failed.
JSON path size() doesn't match.
Expected: is <1>
  Actual: <0>

	at AutoTest.AuxiliaryTest.getListOfChangesDateIsEmpty(AuxiliaryTest.java:117)
]]></failure>
    <system-out><![CDATA[HTTP/1.1 200 OK
Date: Wed, 13 Dec 2023 08:09:54 GMT
Server: Apache/2.4.23 (Win64)
Content-Length: 2
Keep-Alive: timeout=5, max=99
Connection: Keep-Alive
Content-Type: application/json; charset=utf-8

[
    
]
]]></system-out>
  </testcase>
  <testcase name="getListOfChangesDateIsEmpty" classname="AutoTest.AuxiliaryTest" time="1.127">
    <failure message="1 expectation failed.&#10;JSON path size() doesn&apos;t match.&#10;Expected: is &lt;5&gt;&#10;  Actual: &lt;0&gt;&#10;" type="java.lang.AssertionError"><![CDATA[java.lang.AssertionError: 
1 expectation failed.
JSON path size() doesn't match.
Expected: is <5>
  Actual: <0>

	at AutoTest.AuxiliaryTest.getListOfChangesDateIsEmpty(AuxiliaryTest.java:117)
]]></failure>
    <system-out><![CDATA[HTTP/1.1 200 OK
Date: Wed, 13 Dec 2023 08:09:55 GMT
Server: Apache/2.4.23 (Win64)
Content-Length: 2
Keep-Alive: timeout=5, max=99
Connection: Keep-Alive
Content-Type: application/json; charset=utf-8

[
    
]
]]></system-out>
  </testcase>
  <testcase name="getListOfChangesDateIsEmpty" classname="AutoTest.AuxiliaryTest" time="0.886">
    <failure message="1 expectation failed.&#10;JSON path size() doesn&apos;t match.&#10;Expected: is &lt;5&gt;&#10;  Actual: &lt;0&gt;&#10;" type="java.lang.AssertionError"><![CDATA[java.lang.AssertionError: 
1 expectation failed.
JSON path size() doesn't match.
Expected: is <5>
  Actual: <0>

	at AutoTest.AuxiliaryTest.getListOfChangesDateIsEmpty(AuxiliaryTest.java:117)
]]></failure>
    <system-out><![CDATA[HTTP/1.1 200 OK
Date: Wed, 13 Dec 2023 08:09:56 GMT
Server: Apache/2.4.23 (Win64)
Content-Length: 2
Keep-Alive: timeout=5, max=99
Connection: Keep-Alive
Content-Type: application/json; charset=utf-8

[
    
]
]]></system-out>
  </testcase>
  <testcase name="getListOfChangesDateIsEmpty" classname="AutoTest.AuxiliaryTest" time="1.004">
    <failure message="1 expectation failed.&#10;Expected status code &lt;200&gt; but was &lt;400&gt;.&#10;" type="java.lang.AssertionError"><![CDATA[java.lang.AssertionError: 
1 expectation failed.
Expected status code <200> but was <400>.

	at AutoTest.AuxiliaryTest.getListOfChangesDateIsEmpty(AuxiliaryTest.java:115)
]]></failure>
  </testcase>
  <testcase name="getListOfChangesDateIsEmpty" classname="AutoTest.AuxiliaryTest" time="1.092">
    <failure message="1 expectation failed.&#10;JSON path size() doesn&apos;t match.&#10;Expected: is &lt;1&gt;&#10;  Actual: &lt;0&gt;&#10;" type="java.lang.AssertionError"><![CDATA[java.lang.AssertionError: 
1 expectation failed.
JSON path size() doesn't match.
Expected: is <1>
  Actual: <0>

	at AutoTest.AuxiliaryTest.getListOfChangesDateIsEmpty(AuxiliaryTest.java:117)
]]></failure>
    <system-out><![CDATA[HTTP/1.1 200 OK
Date: Wed, 13 Dec 2023 08:09:58 GMT
Server: Apache/2.4.23 (Win64)
Content-Length: 2
Keep-Alive: timeout=5, max=99
Connection: Keep-Alive
Content-Type: application/json; charset=utf-8

[
    
]
]]></system-out>
  </testcase>
  <testcase name="getListOfChangesDateIsEmpty" classname="AutoTest.AuxiliaryTest" time="0.898">
    <failure message="1 expectation failed.&#10;JSON path size() doesn&apos;t match.&#10;Expected: is &lt;1&gt;&#10;  Actual: &lt;0&gt;&#10;" type="java.lang.AssertionError"><![CDATA[java.lang.AssertionError: 
1 expectation failed.
JSON path size() doesn't match.
Expected: is <1>
  Actual: <0>

	at AutoTest.AuxiliaryTest.getListOfChangesDateIsEmpty(AuxiliaryTest.java:117)
]]></failure>
    <system-out><![CDATA[HTTP/1.1 200 OK
Date: Wed, 13 Dec 2023 08:09:59 GMT
Server: Apache/2.4.23 (Win64)
Content-Length: 2
Keep-Alive: timeout=5, max=99
Connection: Keep-Alive
Content-Type: application/json; charset=utf-8

[
    
]
]]></system-out>
  </testcase>
  <testcase name="getListOfChangesDateIsEmpty" classname="AutoTest.AuxiliaryTest" time="1.038">
    <failure message="1 expectation failed.&#10;JSON path size() doesn&apos;t match.&#10;Expected: is &lt;1&gt;&#10;  Actual: &lt;0&gt;&#10;" type="java.lang.AssertionError"><![CDATA[java.lang.AssertionError: 
1 expectation failed.
JSON path size() doesn't match.
Expected: is <1>
  Actual: <0>

	at AutoTest.AuxiliaryTest.getListOfChangesDateIsEmpty(AuxiliaryTest.java:117)
]]></failure>
    <system-out><![CDATA[HTTP/1.1 200 OK
Date: Wed, 13 Dec 2023 08:10:00 GMT
Server: Apache/2.4.23 (Win64)
Content-Length: 2
Keep-Alive: timeout=5, max=99
Connection: Keep-Alive
Content-Type: application/json; charset=utf-8

[
    
]
]]></system-out>
  </testcase>
  <testcase name="getListOfChangesDateIsEmpty" classname="AutoTest.AuxiliaryTest" time="0.981">
    <failure message="1 expectation failed.&#10;JSON path size() doesn&apos;t match.&#10;Expected: is &lt;1&gt;&#10;  Actual: &lt;0&gt;&#10;" type="java.lang.AssertionError"><![CDATA[java.lang.AssertionError: 
1 expectation failed.
JSON path size() doesn't match.
Expected: is <1>
  Actual: <0>

	at AutoTest.AuxiliaryTest.getListOfChangesDateIsEmpty(AuxiliaryTest.java:117)
]]></failure>
    <system-out><![CDATA[HTTP/1.1 200 OK
Date: Wed, 13 Dec 2023 08:10:01 GMT
Server: Apache/2.4.23 (Win64)
Content-Length: 2
Keep-Alive: timeout=5, max=99
Connection: Keep-Alive
Content-Type: application/json; charset=utf-8

[
    
]
]]></system-out>
  </testcase>
  <testcase name="getListOfChangesDateIsEmpty" classname="AutoTest.AuxiliaryTest" time="1.075">
    <failure message="1 expectation failed.&#10;JSON path size() doesn&apos;t match.&#10;Expected: is &lt;1&gt;&#10;  Actual: &lt;0&gt;&#10;" type="java.lang.AssertionError"><![CDATA[java.lang.AssertionError: 
1 expectation failed.
JSON path size() doesn't match.
Expected: is <1>
  Actual: <0>

	at AutoTest.AuxiliaryTest.getListOfChangesDateIsEmpty(AuxiliaryTest.java:117)
]]></failure>
    <system-out><![CDATA[HTTP/1.1 200 OK
Date: Wed, 13 Dec 2023 08:10:02 GMT
Server: Apache/2.4.23 (Win64)
Content-Length: 2
Keep-Alive: timeout=5, max=99
Connection: Keep-Alive
Content-Type: application/json; charset=utf-8

[
    
]
]]></system-out>
  </testcase>
  <testcase name="getListOfChangesDateIsEmpty" classname="AutoTest.AuxiliaryTest" time="0.922">
    <failure message="1 expectation failed.&#10;JSON path size() doesn&apos;t match.&#10;Expected: is &lt;5&gt;&#10;  Actual: &lt;0&gt;&#10;" type="java.lang.AssertionError"><![CDATA[java.lang.AssertionError: 
1 expectation failed.
JSON path size() doesn't match.
Expected: is <5>
  Actual: <0>

	at AutoTest.AuxiliaryTest.getListOfChangesDateIsEmpty(AuxiliaryTest.java:117)
]]></failure>
    <system-out><![CDATA[HTTP/1.1 200 OK
Date: Wed, 13 Dec 2023 08:10:03 GMT
Server: Apache/2.4.23 (Win64)
Content-Length: 2
Keep-Alive: timeout=5, max=99
Connection: Keep-Alive
Content-Type: application/json; charset=utf-8

[
    
]
]]></system-out>
  </testcase>
  <testcase name="getListOfChangesNegative" classname="AutoTest.AuxiliaryTest" time="1.003"/>
  <testcase name="getListOfChangesNegative" classname="AutoTest.AuxiliaryTest" time="0.995"/>
  <testcase name="getListOfChangesNegative" classname="AutoTest.AuxiliaryTest" time="1.036"/>
  <testcase name="getListOfChangesNegative" classname="AutoTest.AuxiliaryTest" time="1.08"/>
  <testcase name="getListOfChangesNegative" classname="AutoTest.AuxiliaryTest" time="0.914"/>
  <testcase name="getListOfChangesNegative" classname="AutoTest.AuxiliaryTest" time="1.042"/>
  <testcase name="getListOfChangesNegative" classname="AutoTest.AuxiliaryTest" time="0.967"/>
  <testcase name="getListOfChangesNegative" classname="AutoTest.AuxiliaryTest" time="1.155"/>
  <testcase name="getListOfChangesNegative" classname="AutoTest.AuxiliaryTest" time="0.947"/>
  <testcase name="getListOfChangesNegative" classname="AutoTest.AuxiliaryTest" time="0.958"/>
  <testcase name="getListOfChangesNegativeDate" classname="AutoTest.AuxiliaryTest" time="1.005"/>
  <testcase name="getListOfChangesNegativeDate" classname="AutoTest.AuxiliaryTest" time="0.994"/>
  <testcase name="getListOfChangesNegativeDate" classname="AutoTest.AuxiliaryTest" time="0.966"/>
  <testcase name="getListOfChangesNegativeDate" classname="AutoTest.AuxiliaryTest" time="1.091"/>
  <testcase name="getListOfChangesNegativeDate" classname="AutoTest.AuxiliaryTest" time="0.902"/>
  <testcase name="getListOfChangesNegativeDate" classname="AutoTest.AuxiliaryTest" time="1.076"/>
  <testcase name="getListOfChangesNegativeDate" classname="AutoTest.AuxiliaryTest" time="0.937"/>
  <testcase name="getListOfChangesNegativeDate" classname="AutoTest.AuxiliaryTest" time="1.128"/>
  <testcase name="getListOfChangesNegativeDate" classname="AutoTest.AuxiliaryTest" time="0.987"/>
  <testcase name="getListOfChangesNegativeType" classname="AutoTest.AuxiliaryTest" time="1.152"/>
  <testcase name="getListOfChangesNegativeType" classname="AutoTest.AuxiliaryTest" time="0.724">
    <failure message="1 expectation failed.&#10;Expected status code &lt;400&gt; but was &lt;404&gt;.&#10;" type="java.lang.AssertionError"><![CDATA[java.lang.AssertionError: 
1 expectation failed.
Expected status code <400> but was <404>.

	at AutoTest.AuxiliaryTest.getListOfChangesNegativeType(AuxiliaryTest.java:168)
]]></failure>
    <system-out><![CDATA[Request URI:	http://dev1c:8080/MDM_Gribov_2541/hs/klass/list-of-changes/?step=1&date=
]]></system-out>
  </testcase>
  <testcase name="getListOfChangesNegativeType" classname="AutoTest.AuxiliaryTest" time="0.115">
    <failure message="1 expectation failed.&#10;Expected status code &lt;400&gt; but was &lt;403&gt;.&#10;" type="java.lang.AssertionError"><![CDATA[java.lang.AssertionError: 
1 expectation failed.
Expected status code <400> but was <403>.

	at AutoTest.AuxiliaryTest.getListOfChangesNegativeType(AuxiliaryTest.java:168)
]]></failure>
    <system-out><![CDATA[Request URI:	http://dev1c:8080/MDM_Gribov_2541/hs/klass/list-of-changes/%20?step=1&date=
]]></system-out>
  </testcase>
  <testcase name="getListOfChangesNegativeType" classname="AutoTest.AuxiliaryTest" time="0.908"/>
  <testcase name="getListOfChangesNegativeType" classname="AutoTest.AuxiliaryTest" time="1.077"/>
  <testcase name="getListOfChangesNegativeType" classname="AutoTest.AuxiliaryTest" time="0.913"/>
  <testcase name="getListOfChangesNegativeType" classname="AutoTest.AuxiliaryTest" time="1.017"/>
  <testcase name="getListOfChangesNegativeType" classname="AutoTest.AuxiliaryTest" time="0.088">
    <failure message="1 expectation failed.&#10;Expected status code &lt;400&gt; but was &lt;404&gt;.&#10;" type="java.lang.AssertionError"><![CDATA[java.lang.AssertionError: 
1 expectation failed.
Expected status code <400> but was <404>.

	at AutoTest.AuxiliaryTest.getListOfChangesNegativeType(AuxiliaryTest.java:168)
]]></failure>
    <system-out><![CDATA[Request URI:	http://dev1c:8080/MDM_Gribov_2541/hs/klass/list-of-changes/%3Cscript%3Ealert%28%20%27Hello%20world%27%20%29%3B%3C%2Fscript%3E?step=5&date=
]]></system-out>
  </testcase>
  <testcase name="getListOfChangesNegativeType" classname="AutoTest.AuxiliaryTest" time="0.009">
    <failure message="Path parameters were not correctly defined. Undefined path parameters are: ." type="java.lang.IllegalArgumentException">java.lang.IllegalArgumentException: Path parameters were not correctly defined. Undefined path parameters are: .
	at AutoTest.AuxiliaryTest.getListOfChangesNegativeType(AuxiliaryTest.java:168)
</failure>
    <system-out><![CDATA[Request URI:	http://dev1c:8080/MDM_Gribov_2541/hs/klass/list-of-changes/%21%40%23%24%25%5E%26*%28%29%7B%7D%5B%5D%27%3A%3B%2F%3C%3E%7C%E2%84%96?step=5&date=
]]></system-out>
  </testcase>
  <testcase name="getListOfChangesNegativeType" classname="AutoTest.AuxiliaryTest" time="0.916"/>
  <testcase name="getPing" classname="AutoTest.AuxiliaryTest" time="0.962"/>
  <testcase name="getEopGuid" classname="AutoTest.ClassifierTest" time="1.026">
    <failure message="1 expectation failed.&#10;Response body doesn&apos;t match expectation.&#10;Expected: The content to match the given JSON schema.&#10;error: instance type (integer) does not match any allowed primitive type (allowed: [&quot;string&quot;])&#10;    level: &quot;error&quot;&#10;    schema: {&quot;loadingURI&quot;:&quot;file:/C:/Users/Sasha/Api/target/test-classes/getEopGuid.json#&quot;,&quot;pointer&quot;:&quot;/properties/code&quot;}&#10;    instance: {&quot;pointer&quot;:&quot;/code&quot;}&#10;    domain: &quot;validation&quot;&#10;    keyword: &quot;type&quot;&#10;    found: &quot;integer&quot;&#10;    expected: [&quot;string&quot;]&#10;&#10;  Actual: {&#10;&quot;guid&quot;: &quot;698688ac-1c9f-11ee-b5ac-005056013b0c&quot;,&#10;&quot;code&quot;: 999,&#10;&quot;name&quot;: &quot;Не включен в ЕОП&quot;,&#10;&quot;parent&quot;: &quot;00000000-0000-0000-0000-000000000000&quot;,&#10;&quot;archive&quot;: false,&#10;&quot;dateOutputArchive&quot;: &quot;0001-01-01T00:00:00Z&quot;&#10;}&#10;" type="java.lang.AssertionError">java.lang.AssertionError: 
1 expectation failed.
Response body doesn't match expectation.
Expected: The content to match the given JSON schema.
error: instance type (integer) does not match any allowed primitive type (allowed: ["string"])
    level: "error"
    schema: {"loadingURI":"file:/C:/Users/Sasha/Api/target/test-classes/getEopGuid.json#","pointer":"/properties/code"}
    instance: {"pointer":"/code"}
    domain: "validation"
    keyword: "type"
    found: "integer"
    expected: ["string"]

  Actual: {
"guid": "698688ac-1c9f-11ee-b5ac-005056013b0c",
"code": 999,
"name": "Не включен в ЕОП",
"parent": "00000000-0000-0000-0000-000000000000",
"archive": false,
"dateOutputArchive": "0001-01-01T00:00:00Z"
}

	at AutoTest.ClassifierTest.getEopGuid(ClassifierTest.java:256)
</failure>
    <system-out><![CDATA[HTTP/1.1 200 OK
Date: Wed, 13 Dec 2023 08:10:31 GMT
Server: Apache/2.4.23 (Win64)
Content-Length: 224
Keep-Alive: timeout=5, max=99
Connection: Keep-Alive
Content-Type: application/json; charset=utf-8

{
    "guid": "698688ac-1c9f-11ee-b5ac-005056013b0c",
    "code": 999,
    "name": "Не включен в ЕОП",
    "parent": "00000000-0000-0000-0000-000000000000",
    "archive": false,
    "dateOutputArchive": "0001-01-01T00:00:00Z"
}
]]></system-out>
  </testcase>
  <testcase name="getEopGuidNegativeData" classname="AutoTest.ClassifierTest" time="1.003"/>
  <testcase name="getEopGuidNegativeData" classname="AutoTest.ClassifierTest" time="1.186"/>
  <testcase name="getEopGuidNegativeData" classname="AutoTest.ClassifierTest" time="0.791"/>
  <testcase name="getEopGuidNegativeData" classname="AutoTest.ClassifierTest" time="0.998"/>
  <testcase name="getEopGuidNegativeData" classname="AutoTest.ClassifierTest" time="1.165"/>
  <testcase name="getEopGuidNegativeData" classname="AutoTest.ClassifierTest" time="0.862"/>
  <testcase name="getEopGuidNegativeData" classname="AutoTest.ClassifierTest" time="1.023"/>
  <testcase name="getEopGuidNegativeData" classname="AutoTest.ClassifierTest" time="1.023"/>
  <testcase name="getEopGuidNegativeData" classname="AutoTest.ClassifierTest" time="1.186"/>
  <testcase name="getEopGuidNegativeData" classname="AutoTest.ClassifierTest" time="0.751"/>
  <testcase name="getEopGuidNegativeData" classname="AutoTest.ClassifierTest" time="1.017"/>
  <testcase name="getEopList" classname="AutoTest.ClassifierTest" time="1.041">
    <failure message="1 expectation failed.&#10;Response body doesn&apos;t match expectation.&#10;Expected: The content to match the given JSON schema.&#10;error: instance type (integer) does not match any allowed primitive type (allowed: [&quot;string&quot;])&#10;    level: &quot;error&quot;&#10;    schema: {&quot;loadingURI&quot;:&quot;file:/C:/Users/Sasha/Api/target/test-classes/getEopList.json#&quot;,&quot;pointer&quot;:&quot;/items/properties/code&quot;}&#10;    instance: {&quot;pointer&quot;:&quot;/0/code&quot;}&#10;    domain: &quot;validation&quot;&#10;    keyword: &quot;type&quot;&#10;    found: &quot;integer&quot;&#10;    expected: [&quot;string&quot;]&#10;&#10;  Actual: [{guid=806b27a5-36d2-11ee-b5b0-005056013b0c, code=1, name=Прокат толстолистовой горячекатаный из стали повышенной прочности ГОСТ 19903-74, parent=806b26da-36d2-11ee-b5b0-005056013b0c, archive=false, dateOutputArchive=0001-01-01T00:00:00Z}]&#10;" type="java.lang.AssertionError">java.lang.AssertionError: 
1 expectation failed.
Response body doesn't match expectation.
Expected: The content to match the given JSON schema.
error: instance type (integer) does not match any allowed primitive type (allowed: ["string"])
    level: "error"
    schema: {"loadingURI":"file:/C:/Users/Sasha/Api/target/test-classes/getEopList.json#","pointer":"/items/properties/code"}
    instance: {"pointer":"/0/code"}
    domain: "validation"
    keyword: "type"
    found: "integer"
    expected: ["string"]

  Actual: [{guid=806b27a5-36d2-11ee-b5b0-005056013b0c, code=1, name=Прокат толстолистовой горячекатаный из стали повышенной прочности ГОСТ 19903-74, parent=806b26da-36d2-11ee-b5b0-005056013b0c, archive=false, dateOutputArchive=0001-01-01T00:00:00Z}]

	at AutoTest.ClassifierTest.getEopList(ClassifierTest.java:208)
</failure>
    <system-out><![CDATA[HTTP/1.1 200 OK
Date: Wed, 13 Dec 2023 08:10:43 GMT
Server: Apache/2.4.23 (Win64)
X-NextPage: http://dev1c:8080/MDM_Gribov_2541/hs/klass/eop?step=1&nextPage=2
X-NextPage1C: /eop?step=1&nextPage=2
Content-Length: 341
Keep-Alive: timeout=5, max=99
Connection: Keep-Alive
Content-Type: application/json; charset=utf-8

[
    {
        "guid": "806b27a5-36d2-11ee-b5b0-005056013b0c",
        "code": 1,
        "name": "Прокат толстолистовой горячекатаный из стали повышенной прочности ГОСТ 19903-74",
        "parent": "806b26da-36d2-11ee-b5b0-005056013b0c",
        "archive": false,
        "dateOutputArchive": "0001-01-01T00:00:00Z"
    }
]
]]></system-out>
  </testcase>
  <testcase name="getEopList" classname="AutoTest.ClassifierTest" time="1.015">
    <failure message="1 expectation failed.&#10;Response body doesn&apos;t match expectation.&#10;Expected: The content to match the given JSON schema.&#10;error: instance type (integer) does not match any allowed primitive type (allowed: [&quot;string&quot;])&#10;    level: &quot;error&quot;&#10;    schema: {&quot;loadingURI&quot;:&quot;file:/C:/Users/Sasha/Api/target/test-classes/getEopList.json#&quot;,&quot;pointer&quot;:&quot;/items/properties/code&quot;}&#10;    instance: {&quot;pointer&quot;:&quot;/0/code&quot;}&#10;    domain: &quot;validation&quot;&#10;    keyword: &quot;type&quot;&#10;    found: &quot;integer&quot;&#10;    expected: [&quot;string&quot;]&#10;&#10;  Actual: [{guid=806b27a5-36d2-11ee-b5b0-005056013b0c, code=1, name=Прокат толстолистовой горячекатаный из стали повышенной прочности ГОСТ 19903-74, parent=806b26da-36d2-11ee-b5b0-005056013b0c, archive=false, dateOutputArchive=0001-01-01T00:00:00Z}, {guid=806b284d-36d2-11ee-b5b0-005056013b0c, code=2, name=Листы просечно-вытяжные, parent=806b26da-36d2-11ee-b5b0-005056013b0c, archive=false, dateOutputArchive=0001-01-01T00:00:00Z}]&#10;" type="java.lang.AssertionError">java.lang.AssertionError: 
1 expectation failed.
Response body doesn't match expectation.
Expected: The content to match the given JSON schema.
error: instance type (integer) does not match any allowed primitive type (allowed: ["string"])
    level: "error"
    schema: {"loadingURI":"file:/C:/Users/Sasha/Api/target/test-classes/getEopList.json#","pointer":"/items/properties/code"}
    instance: {"pointer":"/0/code"}
    domain: "validation"
    keyword: "type"
    found: "integer"
    expected: ["string"]

  Actual: [{guid=806b27a5-36d2-11ee-b5b0-005056013b0c, code=1, name=Прокат толстолистовой горячекатаный из стали повышенной прочности ГОСТ 19903-74, parent=806b26da-36d2-11ee-b5b0-005056013b0c, archive=false, dateOutputArchive=0001-01-01T00:00:00Z}, {guid=806b284d-36d2-11ee-b5b0-005056013b0c, code=2, name=Листы просечно-вытяжные, parent=806b26da-36d2-11ee-b5b0-005056013b0c, archive=false, dateOutputArchive=0001-01-01T00:00:00Z}]

	at AutoTest.ClassifierTest.getEopList(ClassifierTest.java:208)
</failure>
    <system-out><![CDATA[HTTP/1.1 200 OK
Date: Wed, 13 Dec 2023 08:10:44 GMT
Server: Apache/2.4.23 (Win64)
X-NextPage: http://dev1c:8080/MDM_Gribov_2541/hs/klass/eop?step=2&nextPage=2
X-NextPage1C: /eop?step=2&nextPage=2
Content-Length: 581
Keep-Alive: timeout=5, max=99
Connection: Keep-Alive
Content-Type: application/json; charset=utf-8

[
    {
        "guid": "806b27a5-36d2-11ee-b5b0-005056013b0c",
        "code": 1,
        "name": "Прокат толстолистовой горячекатаный из стали повышенной прочности ГОСТ 19903-74",
        "parent": "806b26da-36d2-11ee-b5b0-005056013b0c",
        "archive": false,
        "dateOutputArchive": "0001-01-01T00:00:00Z"
    },
    {
        "guid": "806b284d-36d2-11ee-b5b0-005056013b0c",
        "code": 2,
        "name": "Листы просечно-вытяжные",
        "parent": "806b26da-36d2-11ee-b5b0-005056013b0c",
        "archive": false,
        "dateOutputArchive": "0001-01-01T00:00:00Z"
    }
]
]]></system-out>
  </testcase>
  <testcase name="getEopList" classname="AutoTest.ClassifierTest" time="1">
    <failure message="1 expectation failed.&#10;Response body doesn&apos;t match expectation.&#10;Expected: The content to match the given JSON schema.&#10;error: instance type (integer) does not match any allowed primitive type (allowed: [&quot;string&quot;])&#10;    level: &quot;error&quot;&#10;    schema: {&quot;loadingURI&quot;:&quot;file:/C:/Users/Sasha/Api/target/test-classes/getEopList.json#&quot;,&quot;pointer&quot;:&quot;/items/properties/code&quot;}&#10;    instance: {&quot;pointer&quot;:&quot;/0/code&quot;}&#10;    domain: &quot;validation&quot;&#10;    keyword: &quot;type&quot;&#10;    found: &quot;integer&quot;&#10;    expected: [&quot;string&quot;]&#10;&#10;  Actual: [{guid=806b27a5-36d2-11ee-b5b0-005056013b0c, code=1, name=Прокат толстолистовой горячекатаный из стали повышенной прочности ГОСТ 19903-74, parent=806b26da-36d2-11ee-b5b0-005056013b0c, archive=false, dateOutputArchive=0001-01-01T00:00:00Z}, {guid=806b284d-36d2-11ee-b5b0-005056013b0c, code=2, name=Листы просечно-вытяжные, parent=806b26da-36d2-11ee-b5b0-005056013b0c, archive=false, dateOutputArchive=0001-01-01T00:00:00Z}, {guid=806b28f5-36d2-11ee-b5b0-005056013b0c, code=3, name=Прокат листовой горячекатаный из высококачественной стали повышенной прочности (Швеция), parent=806b26da-36d2-11ee-b5b0-005056013b0c, archive=false, dateOutputArchive=0001-01-01T00:00:00Z}, {guid=806b2977-36d2-11ee-b5b0-005056013b0c, code=72, name=Листы стальные с ромбическим и чечевичным рифлением, parent=806b267e-36d2-11ee-b5b0-005056013b0c, archive=false, dateOutputArchive=0001-01-01T00:00:00Z}, {guid=806b2a42-36d2-11ee-b5b0-005056013b0c, code=1, name=Листы стальные с ромбическим и чечевичным рифлением ГОСТ 8568-77, parent=806b2977-36d2-11ee-b5b0-005056013b0c, archive=false, dateOutputArchive=0001-01-01T00:00:00Z}, {guid=806b2ae9-36d2-11ee-b5b0-005056013b0c, code=81, name=Прокат листовой горячекатаный, parent=806b267e-36d2-11ee-b5b0-005056013b0c, archive=false, dateOutputArchive=0001-01-01T00:00:00Z}, {guid=806b2bb4-36d2-11ee-b5b0-005056013b0c, code=1, name=Прокат листовой горячекатаный из легированной конструкционной стали общего назначения ГОСТ 19903-74, parent=806b2ae9-36d2-11ee-b5b0-005056013b0c, archive=false, dateOutputArchive=0001-01-01T00:00:00Z}, {guid=806b2c5b-36d2-11ee-b5b0-005056013b0c, code=2, name=Прокат листовой горячекатаный из стали углеродистой обыкновенного качества ГОСТ 19903-74, parent=806b2ae9-36d2-11ee-b5b0-005056013b0c, archive=false, dateOutputArchive=0001-01-01T00:00:00Z}, {guid=806b2d02-36d2-11ee-b5b0-005056013b0c, code=3, name=Прокат листовой горячекатаный из конструкционной качественной стали ГОСТ 19903-74, parent=806b2ae9-36d2-11ee-b5b0-005056013b0c, archive=false, dateOutputArchive=0001-01-01T00:00:00Z}, {guid=806b2da9-36d2-11ee-b5b0-005056013b0c, code=4, name=Прокат толстолистовой горячекатаный из легированной стали ГОСТ 19903-74, parent=806b2ae9-36d2-11ee-b5b0-005056013b0c, archive=false, dateOutputArchive=0001-01-01T00:00:00Z}]&#10;" type="java.lang.AssertionError">java.lang.AssertionError: 
1 expectation failed.
Response body doesn't match expectation.
Expected: The content to match the given JSON schema.
error: instance type (integer) does not match any allowed primitive type (allowed: ["string"])
    level: "error"
    schema: {"loadingURI":"file:/C:/Users/Sasha/Api/target/test-classes/getEopList.json#","pointer":"/items/properties/code"}
    instance: {"pointer":"/0/code"}
    domain: "validation"
    keyword: "type"
    found: "integer"
    expected: ["string"]

  Actual: [{guid=806b27a5-36d2-11ee-b5b0-005056013b0c, code=1, name=Прокат толстолистовой горячекатаный из стали повышенной прочности ГОСТ 19903-74, parent=806b26da-36d2-11ee-b5b0-005056013b0c, archive=false, dateOutputArchive=0001-01-01T00:00:00Z}, {guid=806b284d-36d2-11ee-b5b0-005056013b0c, code=2, name=Листы просечно-вытяжные, parent=806b26da-36d2-11ee-b5b0-005056013b0c, archive=false, dateOutputArchive=0001-01-01T00:00:00Z}, {guid=806b28f5-36d2-11ee-b5b0-005056013b0c, code=3, name=Прокат листовой горячекатаный из высококачественной стали повышенной прочности (Швеция), parent=806b26da-36d2-11ee-b5b0-005056013b0c, archive=false, dateOutputArchive=0001-01-01T00:00:00Z}, {guid=806b2977-36d2-11ee-b5b0-005056013b0c, code=72, name=Листы стальные с ромбическим и чечевичным рифлением, parent=806b267e-36d2-11ee-b5b0-005056013b0c, archive=false, dateOutputArchive=0001-01-01T00:00:00Z}, {guid=806b2a42-36d2-11ee-b5b0-005056013b0c, code=1, name=Листы стальные с ромбическим и чечевичным рифлением ГОСТ 8568-77, parent=806b2977-36d2-11ee-b5b0-005056013b0c, archive=false, dateOutputArchive=0001-01-01T00:00:00Z}, {guid=806b2ae9-36d2-11ee-b5b0-005056013b0c, code=81, name=Прокат листовой горячекатаный, parent=806b267e-36d2-11ee-b5b0-005056013b0c, archive=false, dateOutputArchive=0001-01-01T00:00:00Z}, {guid=806b2bb4-36d2-11ee-b5b0-005056013b0c, code=1, name=Прокат листовой горячекатаный из легированной конструкционной стали общего назначения ГОСТ 19903-74, parent=806b2ae9-36d2-11ee-b5b0-005056013b0c, archive=false, dateOutputArchive=0001-01-01T00:00:00Z}, {guid=806b2c5b-36d2-11ee-b5b0-005056013b0c, code=2, name=Прокат листовой горячекатаный из стали углеродистой обыкновенного качества ГОСТ 19903-74, parent=806b2ae9-36d2-11ee-b5b0-005056013b0c, archive=false, dateOutputArchive=0001-01-01T00:00:00Z}, {guid=806b2d02-36d2-11ee-b5b0-005056013b0c, code=3, name=Прокат листовой горячекатаный из конструкционной качественной стали ГОСТ 19903-74, parent=806b2ae9-36d2-11ee-b5b0-005056013b0c, archive=false, dateOutputArchive=0001-01-01T00:00:00Z}, {guid=806b2da9-36d2-11ee-b5b0-005056013b0c, code=4, name=Прокат толстолистовой горячекатаный из легированной стали ГОСТ 19903-74, parent=806b2ae9-36d2-11ee-b5b0-005056013b0c, archive=false, dateOutputArchive=0001-01-01T00:00:00Z}]

	at AutoTest.ClassifierTest.getEopList(ClassifierTest.java:208)
</failure>
    <system-out><![CDATA[HTTP/1.1 200 OK
Date: Wed, 13 Dec 2023 08:10:45 GMT
Server: Apache/2.4.23 (Win64)
X-NextPage: http://dev1c:8080/MDM_Gribov_2541/hs/klass/eop?step=10&nextPage=2
X-NextPage1C: /eop?step=10&nextPage=2
Content-Length: 3192
Keep-Alive: timeout=5, max=99
Connection: Keep-Alive
Content-Type: application/json; charset=utf-8

[
    {
        "guid": "806b27a5-36d2-11ee-b5b0-005056013b0c",
        "code": 1,
        "name": "Прокат толстолистовой горячекатаный из стали повышенной прочности ГОСТ 19903-74",
        "parent": "806b26da-36d2-11ee-b5b0-005056013b0c",
        "archive": false,
        "dateOutputArchive": "0001-01-01T00:00:00Z"
    },
    {
        "guid": "806b284d-36d2-11ee-b5b0-005056013b0c",
        "code": 2,
        "name": "Листы просечно-вытяжные",
        "parent": "806b26da-36d2-11ee-b5b0-005056013b0c",
        "archive": false,
        "dateOutputArchive": "0001-01-01T00:00:00Z"
    },
    {
        "guid": "806b28f5-36d2-11ee-b5b0-005056013b0c",
        "code": 3,
        "name": "Прокат листовой горячекатаный из высококачественной стали повышенной прочности (Швеция)",
        "parent": "806b26da-36d2-11ee-b5b0-005056013b0c",
        "archive": false,
        "dateOutputArchive": "0001-01-01T00:00:00Z"
    },
    {
        "guid": "806b2977-36d2-11ee-b5b0-005056013b0c",
        "code": 72,
        "name": "Листы стальные с ромбическим и чечевичным рифлением",
        "parent": "806b267e-36d2-11ee-b5b0-005056013b0c",
        "archive": false,
        "dateOutputArchive": "0001-01-01T00:00:00Z"
    },
    {
        "guid": "806b2a42-36d2-11ee-b5b0-005056013b0c",
        "code": 1,
        "name": "Листы стальные с ромбическим и чечевичным рифлением ГОСТ 8568-77",
        "parent": "806b2977-36d2-11ee-b5b0-005056013b0c",
        "archive": false,
        "dateOutputArchive": "0001-01-01T00:00:00Z"
    },
    {
        "guid": "806b2ae9-36d2-11ee-b5b0-005056013b0c",
        "code": 81,
        "name": "Прокат листовой горячекатаный",
        "parent": "806b267e-36d2-11ee-b5b0-005056013b0c",
        "archive": false,
        "dateOutputArchive": "0001-01-01T00:00:00Z"
    },
    {
        "guid": "806b2bb4-36d2-11ee-b5b0-005056013b0c",
        "code": 1,
        "name": "Прокат листовой горячекатаный из легированной конструкционной стали общего назначения ГОСТ 19903-74",
        "parent": "806b2ae9-36d2-11ee-b5b0-005056013b0c",
        "archive": false,
        "dateOutputArchive": "0001-01-01T00:00:00Z"
    },
    {
        "guid": "806b2c5b-36d2-11ee-b5b0-005056013b0c",
        "code": 2,
        "name": "Прокат листовой горячекатаный из стали углеродистой обыкновенного качества ГОСТ 19903-74",
        "parent": "806b2ae9-36d2-11ee-b5b0-005056013b0c",
        "archive": false,
        "dateOutputArchive": "0001-01-01T00:00:00Z"
    },
    {
        "guid": "806b2d02-36d2-11ee-b5b0-005056013b0c",
        "code": 3,
        "name": "Прокат листовой горячекатаный из конструкционной качественной стали ГОСТ 19903-74",
        "parent": "806b2ae9-36d2-11ee-b5b0-005056013b0c",
        "archive": false,
        "dateOutputArchive": "0001-01-01T00:00:00Z"
    },
    {
        "guid": "806b2da9-36d2-11ee-b5b0-005056013b0c",
        "code": 4,
        "name": "Прокат толстолистовой горячекатаный из легированной стали ГОСТ 19903-74",
        "parent": "806b2ae9-36d2-11ee-b5b0-005056013b0c",
        "archive": false,
        "dateOutputArchive": "0001-01-01T00:00:00Z"
    }
]
]]></system-out>
  </testcase>
  <testcase name="getEopList" classname="AutoTest.ClassifierTest" time="1.087">
    <failure message="1 expectation failed.&#10;Response body doesn&apos;t match expectation.&#10;Expected: The content to match the given JSON schema.&#10;error: instance type (integer) does not match any allowed primitive type (allowed: [&quot;string&quot;])&#10;    level: &quot;error&quot;&#10;    schema: {&quot;loadingURI&quot;:&quot;file:/C:/Users/Sasha/Api/target/test-classes/getEopList.json#&quot;,&quot;pointer&quot;:&quot;/items/properties/code&quot;}&#10;    instance: {&quot;pointer&quot;:&quot;/0/code&quot;}&#10;    domain: &quot;validation&quot;&#10;    keyword: &quot;type&quot;&#10;    found: &quot;integer&quot;&#10;    expected: [&quot;string&quot;]&#10;&#10;  Actual: [{guid=806b27a5-36d2-11ee-b5b0-005056013b0c, code=1, name=Прокат толстолистовой горячекатаный из стали повышенной прочности ГОСТ 19903-74, parent=806b26da-36d2-11ee-b5b0-005056013b0c, archive=false, dateOutputArchive=0001-01-01T00:00:00Z}, {guid=806b284d-36d2-11ee-b5b0-005056013b0c, code=2, name=Листы просечно-вытяжные, parent=806b26da-36d2-11ee-b5b0-005056013b0c, archive=false, dateOutputArchive=0001-01-01T00:00:00Z}, {guid=806b28f5-36d2-11ee-b5b0-005056013b0c, code=3, name=Прокат листовой горячекатаный из высококачественной стали повышенной прочности (Швеция), parent=806b26da-36d2-11ee-b5b0-005056013b0c, archive=false, dateOutputArchive=0001-01-01T00:00:00Z}, {guid=806b2977-36d2-11ee-b5b0-005056013b0c, code=72, name=Листы стальные с ромбическим и чечевичным рифлением, parent=806b267e-36d2-11ee-b5b0-005056013b0c, archive=false, dateOutputArchive=0001-01-01T00:00:00Z}, {guid=806b2a42-36d2-11ee-b5b0-005056013b0c, code=1, name=Листы стальные с ромбическим и чечевичным рифлением ГОСТ 8568-77, parent=806b2977-36d2-11ee-b5b0-005056013b0c, archive=false, dateOutputArchive=0001-01-01T00:00:00Z}, {guid=806b2ae9-36d2-11ee-b5b0-005056013b0c, code=81, name=Прокат листовой горячекатаный, parent=806b267e-36d2-11ee-b5b0-005056013b0c, archive=false, dateOutputArchive=0001-01-01T00:00:00Z}, {guid=806b2bb4-36d2-11ee-b5b0-005056013b0c, code=1, name=Прокат листовой горячекатаный из легированной конструкционной стали общего назначения ГОСТ 19903-74, parent=806b2ae9-36d2-11ee-b5b0-005056013b0c, archive=false, dateOutputArchive=0001-01-01T00:00:00Z}, {guid=806b2c5b-36d2-11ee-b5b0-005056013b0c, code=2, name=Прокат листовой горячекатаный из стали углеродистой обыкновенного качества ГОСТ 19903-74, parent=806b2ae9-36d2-11ee-b5b0-005056013b0c, archive=false, dateOutputArchive=0001-01-01T00:00:00Z}, {guid=806b2d02-36d2-11ee-b5b0-005056013b0c, code=3, name=Прокат листовой горячекатаный из конструкционной качественной стали ГОСТ 19903-74, parent=806b2ae9-36d2-11ee-b5b0-005056013b0c, archive=false, dateOutputArchive=0001-01-01T00:00:00Z}, {guid=806b2da9-36d2-11ee-b5b0-005056013b0c, code=4, name=Прокат толстолистовой горячекатаный из легированной стали ГОСТ 19903-74, parent=806b2ae9-36d2-11ee-b5b0-005056013b0c, archive=false, dateOutputArchive=0001-01-01T00:00:00Z}, {guid=806b2e50-36d2-11ee-b5b0-005056013b0c, code=5, name=Прокат толстолистовой горячекатаный из легированной стали, parent=806b2ae9-36d2-11ee-b5b0-005056013b0c, archive=false, dateOutputArchive=0001-01-01T00:00:00Z}, {guid=806b2ef7-36d2-11ee-b5b0-005056013b0c, code=6, name=Прокат горячекатанный ТУ 1-9-1021-84, parent=806b2ae9-36d2-11ee-b5b0-005056013b0c, archive=false, dateOutputArchive=0001-01-01T00:00:00Z}, {guid=806b2f9e-36d2-11ee-b5b0-005056013b0c, code=7, name=Листы спецстали АК, parent=806b2ae9-36d2-11ee-b5b0-005056013b0c, archive=false, dateOutputArchive=0001-01-01T00:00:00Z}, {guid=806b3045-36d2-11ee-b5b0-005056013b0c, code=86, name=Прокат толстолистовой горячекатаный коррозионно-стойкий, жаростойкий и жаропрочный, parent=806b267e-36d2-11ee-b5b0-005056013b0c, archive=false, dateOutputArchive=0001-01-01T00:00:00Z}, {guid=806b3110-36d2-11ee-b5b0-005056013b0c, code=1, name=Прокат листовой горячекатаный коррозионно-стойкий, жаростойкий и жаропрочный ГОСТ 19903-74, parent=806b3045-36d2-11ee-b5b0-005056013b0c, archive=false, dateOutputArchive=0001-01-01T00:00:00Z}, {guid=806b2622-36d2-11ee-b5b0-005056013b0c, code=1, name=Листы, parent=806b25a2-36d2-11ee-b5b0-005056013b0c, archive=false, dateOutputArchive=0001-01-01T00:00:00Z}, {guid=806b267e-36d2-11ee-b5b0-005056013b0c, code=9, name=Прокат черных металлов, parent=806b2622-36d2-11ee-b5b0-005056013b0c, archive=false, dateOutputArchive=0001-01-01T00:00:00Z}, {guid=806b25a2-36d2-11ee-b5b0-005056013b0c, code=1, name=Металлы черные, parent=00000000-0000-0000-0000-000000000000, archive=false, dateOutputArchive=0001-01-01T00:00:00Z}, {guid=806b31b7-36d2-11ee-b5b0-005056013b0c, code=89, name=Листы спецстали, parent=806b267e-36d2-11ee-b5b0-005056013b0c, archive=false, dateOutputArchive=0001-01-01T00:00:00Z}, {guid=806b3282-36d2-11ee-b5b0-005056013b0c, code=1, name=Листы спецстали, parent=806b31b7-36d2-11ee-b5b0-005056013b0c, archive=false, dateOutputArchive=0001-01-01T00:00:00Z}, {guid=806b3329-36d2-11ee-b5b0-005056013b0c, code=91, name=Прокат тонколистовой холоднокатаный, parent=806b267e-36d2-11ee-b5b0-005056013b0c, archive=false, dateOutputArchive=0001-01-01T00:00:00Z}, {guid=806b3385-36d2-11ee-b5b0-005056013b0c, code=1, name=Прокат тонколистовой холоднокатаный из углеродистой стали качественной и обыкновенного качества общего назначения ГОСТ 19904-90, parent=806b3329-36d2-11ee-b5b0-005056013b0c, archive=false, dateOutputArchive=0001-01-01T00:00:00Z}, {guid=806b342c-36d2-11ee-b5b0-005056013b0c, code=2, name=Прокат тонколистовой холоднокатаный из низкоуглеродистой качественной стали для холодной штамповки ГОСТ 19904-90, parent=806b3329-36d2-11ee-b5b0-005056013b0c, archive=false, dateOutputArchive=0001-01-01T00:00:00Z}, {guid=806b34d3-36d2-11ee-b5b0-005056013b0c, code=3, name=Прокат листовой холоднокатаный из легированной конструкционной стали общего назначения ГОСТ 19904-90, parent=806b3329-36d2-11ee-b5b0-005056013b0c, archive=false, dateOutputArchive=0001-01-01T00:00:00Z}, {guid=806b357a-36d2-11ee-b5b0-005056013b0c, code=4, name=Листы перфорированные «ПЕРФОКОМ», parent=806b3329-36d2-11ee-b5b0-005056013b0c, archive=false, dateOutputArchive=0001-01-01T00:00:00Z}, {guid=806b3623-36d2-11ee-b5b0-005056013b0c, code=5, name=Листы перфорированные, parent=806b3329-36d2-11ee-b5b0-005056013b0c, archive=false, dateOutputArchive=0001-01-01T00:00:00Z}, {guid=806b36cb-36d2-11ee-b5b0-005056013b0c, code=93, name=Прокат тонколистовой из коррозионно-стойкой, жаростойкой и жаропрочной стали, parent=806b267e-36d2-11ee-b5b0-005056013b0c, archive=false, dateOutputArchive=0001-01-01T00:00:00Z}, {guid=806b3796-36d2-11ee-b5b0-005056013b0c, code=1, name=Прокат тонколистовой из коррозионно-стойкой, жаростойкой и жаропрочной стали ГОСТ 19904-90, parent=806b36cb-36d2-11ee-b5b0-005056013b0c, archive=false, dateOutputArchive=0001-01-01T00:00:00Z}, {guid=806b383d-36d2-11ee-b5b0-005056013b0c, code=11, name=Изделия дальнейшего передела, parent=806b2622-36d2-11ee-b5b0-005056013b0c, archive=false, dateOutputArchive=0001-01-01T00:00:00Z}, {guid=806b3908-36d2-11ee-b5b0-005056013b0c, code=11, name=Прокат холоднокатаный из тонколистовой оцинкованной стали, parent=806b383d-36d2-11ee-b5b0-005056013b0c, archive=false, dateOutputArchive=0001-01-01T00:00:00Z}, {guid=806b39d3-36d2-11ee-b5b0-005056013b0c, code=1, name=Прокат холоднокатаный из тонколистовой оцинкованной стали ГОСТ 19904-90, parent=806b3908-36d2-11ee-b5b0-005056013b0c, archive=false, dateOutputArchive=0001-01-01T00:00:00Z}, {guid=806b3a7a-36d2-11ee-b5b0-005056013b0c, code=15, name=Жесть, parent=806b383d-36d2-11ee-b5b0-005056013b0c, archive=false, dateOutputArchive=0001-01-01T00:00:00Z}, {guid=806b3b45-36d2-11ee-b5b0-005056013b0c, code=1, name=Жесть белая, parent=806b3a7a-36d2-11ee-b5b0-005056013b0c, archive=false, dateOutputArchive=0001-01-01T00:00:00Z}, {guid=806b3bec-36d2-11ee-b5b0-005056013b0c, code=99, name=Листы, временно используемые в производстве (доработка складских остатков), parent=806b2622-36d2-11ee-b5b0-005056013b0c, archive=false, dateOutputArchive=0001-01-01T00:00:00Z}, {guid=806b3ca6-36d2-11ee-b5b0-005056013b0c, code=9, name=Прокат черных металлов, parent=806b3c24-36d2-11ee-b5b0-005056013b0c, archive=false, dateOutputArchive=0001-01-01T00:00:00Z}, {guid=806b3d27-36d2-11ee-b5b0-005056013b0c, code=50, name=Прокат стальной горячекатаный, parent=806b3ca6-36d2-11ee-b5b0-005056013b0c, archive=false, dateOutputArchive=0001-01-01T00:00:00Z}, {guid=806b3da8-36d2-11ee-b5b0-005056013b0c, code=1, name=Прокат сортовой стальной горячекатаный квадратный ГОСТ 2591-2006, parent=806b3d27-36d2-11ee-b5b0-005056013b0c, archive=false, dateOutputArchive=0001-01-01T00:00:00Z}, {guid=806b3c24-36d2-11ee-b5b0-005056013b0c, code=2, name=Квадраты, parent=806b25a2-36d2-11ee-b5b0-005056013b0c, archive=false, dateOutputArchive=0001-01-01T00:00:00Z}, {guid=806b3e05-36d2-11ee-b5b0-005056013b0c, code=11, name=Изделия дальнейшего передела, parent=806b3c24-36d2-11ee-b5b0-005056013b0c, archive=false, dateOutputArchive=0001-01-01T00:00:00Z}, {guid=806b3e86-36d2-11ee-b5b0-005056013b0c, code=40, name=Прокат калиброванный, parent=806b3e05-36d2-11ee-b5b0-005056013b0c, archive=false, dateOutputArchive=0001-01-01T00:00:00Z}, {guid=806b3f07-36d2-11ee-b5b0-005056013b0c, code=1, name=Прокат калиброванный квадратный ГОСТ 8559-75, parent=806b3e86-36d2-11ee-b5b0-005056013b0c, archive=false, dateOutputArchive=0001-01-01T00:00:00Z}, {guid=806b3f64-36d2-11ee-b5b0-005056013b0c, code=99, name=Квадраты, временно используемые в производстве (доработка складских остатков), parent=806b3c24-36d2-11ee-b5b0-005056013b0c, archive=false, dateOutputArchive=0001-01-01T00:00:00Z}, {guid=806b3fc1-36d2-11ee-b5b0-005056013b0c, code=3, name=Шестигранники, parent=806b25a2-36d2-11ee-b5b0-005056013b0c, archive=false, dateOutputArchive=0001-01-01T00:00:00Z}, {guid=806b4043-36d2-11ee-b5b0-005056013b0c, code=9, name=Прокат черных металлов, parent=806b3fc1-36d2-11ee-b5b0-005056013b0c, archive=false, dateOutputArchive=0001-01-01T00:00:00Z}, {guid=806b40c4-36d2-11ee-b5b0-005056013b0c, code=50, name=Прокат стальной горячекатаный, parent=806b4043-36d2-11ee-b5b0-005056013b0c, archive=false, dateOutputArchive=0001-01-01T00:00:00Z}, {guid=806b4145-36d2-11ee-b5b0-005056013b0c, code=1, name=Прокат сортовой стальной горячекатаный шестигранный ГОСТ 2879-2006, parent=806b40c4-36d2-11ee-b5b0-005056013b0c, archive=false, dateOutputArchive=0001-01-01T00:00:00Z}, {guid=806b41a2-36d2-11ee-b5b0-005056013b0c, code=11, name=Изделия дальнейшего передела, parent=806b3fc1-36d2-11ee-b5b0-005056013b0c, archive=false, dateOutputArchive=0001-01-01T00:00:00Z}, {guid=806b4223-36d2-11ee-b5b0-005056013b0c, code=40, name=Прокат калиброванный, parent=806b41a2-36d2-11ee-b5b0-005056013b0c, archive=false, dateOutputArchive=0001-01-01T00:00:00Z}, {guid=806b42a4-36d2-11ee-b5b0-005056013b0c, code=1, name=Прокат калиброванный шестигранный ГОСТ 8560-78, parent=806b4223-36d2-11ee-b5b0-005056013b0c, archive=false, dateOutputArchive=0001-01-01T00:00:00Z}, {guid=806b4301-36d2-11ee-b5b0-005056013b0c, code=99, name=Шестигранники, временно используемые в производстве (доработка складских остатков), parent=806b3fc1-36d2-11ee-b5b0-005056013b0c, archive=false, dateOutputArchive=0001-01-01T00:00:00Z}, {guid=806b435e-36d2-11ee-b5b0-005056013b0c, code=4, name=Круги, parent=806b25a2-36d2-11ee-b5b0-005056013b0c, archive=false, dateOutputArchive=0001-01-01T00:00:00Z}, {guid=806b43ba-36d2-11ee-b5b0-005056013b0c, code=9, name=Прокат черных металлов, parent=806b435e-36d2-11ee-b5b0-005056013b0c, archive=false, dateOutputArchive=0001-01-01T00:00:00Z}, {guid=806b443c-36d2-11ee-b5b0-005056013b0c, code=30, name=Прокат стальной горячекатаный низколегированный, parent=806b43ba-36d2-11ee-b5b0-005056013b0c, archive=false, dateOutputArchive=0001-01-01T00:00:00Z}, {guid=806b44bd-36d2-11ee-b5b0-005056013b0c, code=1, name=Прокат сортовой стальной горячекатаный конструкционный низколегированный ГОСТ 2590-2006, parent=806b443c-36d2-11ee-b5b0-005056013b0c, archive=false, dateOutputArchive=0001-01-01T00:00:00Z}, {guid=806b451a-36d2-11ee-b5b0-005056013b0c, code=34, name=Прокат горячекатаный круглый обыкновенного качества, parent=806b43ba-36d2-11ee-b5b0-005056013b0c, archive=false, dateOutputArchive=0001-01-01T00:00:00Z}, {guid=806b459b-36d2-11ee-b5b0-005056013b0c, code=1, name=Прокат сортовой стальной горячекатаный круглый обыкновенного качества ГОСТ 2590-2006, parent=806b451a-36d2-11ee-b5b0-005056013b0c, archive=false, dateOutputArchive=0001-01-01T00:00:00Z}, {guid=806b45f8-36d2-11ee-b5b0-005056013b0c, code=50, name=Прокат стальной горячекатаный, parent=806b43ba-36d2-11ee-b5b0-005056013b0c, archive=false, dateOutputArchive=0001-01-01T00:00:00Z}, {guid=806b4679-36d2-11ee-b5b0-005056013b0c, code=1, name=Прокат сортовой стальной горячекатаный конструкционный углеродистый ГОСТ 2590-2006, parent=806b45f8-36d2-11ee-b5b0-005056013b0c, archive=false, dateOutputArchive=0001-01-01T00:00:00Z}, {guid=806b46d6-36d2-11ee-b5b0-005056013b0c, code=2, name=Прокат сортовой стальной горячекатаный конструкционный легированный ГОСТ 2590-2006, parent=806b45f8-36d2-11ee-b5b0-005056013b0c, archive=false, dateOutputArchive=0001-01-01T00:00:00Z}, {guid=806b4733-36d2-11ee-b5b0-005056013b0c, code=3, name=Прокат сортовой стальной горячекатаный конструкционной по ТУ 14-1-4566-89, parent=806b45f8-36d2-11ee-b5b0-005056013b0c, archive=false, dateOutputArchive=0001-01-01T00:00:00Z}, {guid=806b4790-36d2-11ee-b5b0-005056013b0c, code=4, name=Прокат круглый из рессорно-пружинной углеродистой и легированной стали ГОСТ 2590-2006, parent=806b45f8-36d2-11ee-b5b0-005056013b0c, archive=false, dateOutputArchive=0001-01-01T00:00:00Z}, {guid=806b47ed-36d2-11ee-b5b0-005056013b0c, code=51, name=Прокат для холодного выдавливания и высадки, parent=806b43ba-36d2-11ee-b5b0-005056013b0c, archive=false, dateOutputArchive=0001-01-01T00:00:00Z}, {guid=806b486e-36d2-11ee-b5b0-005056013b0c, code=1, name=Прокат качественный конструкционный углеродистый и легированный для холодного выдавливания и высадки ГОСТ 10702-78, parent=806b47ed-36d2-11ee-b5b0-005056013b0c, archive=false, dateOutputArchive=0001-01-01T00:00:00Z}, {guid=806b48cb-36d2-11ee-b5b0-005056013b0c, code=56, name=Прокат горячекатаный сортовой конструкционный подшипниковый, parent=806b43ba-36d2-11ee-b5b0-005056013b0c, archive=false, dateOutputArchive=0001-01-01T00:00:00Z}, {guid=806b494c-36d2-11ee-b5b0-005056013b0c, code=1, name=Прокат сортовой стальной горячекатаный конструкционный подшипниковый ГОСТ 2590-2006, parent=806b48cb-36d2-11ee-b5b0-005056013b0c, archive=false, dateOutputArchive=0001-01-01T00:00:00Z}, {guid=806b49a9-36d2-11ee-b5b0-005056013b0c, code=58, name=Прокат горячекатаный сортовой конструкционный никельсодержащий, parent=806b43ba-36d2-11ee-b5b0-005056013b0c, archive=false, dateOutputArchive=0001-01-01T00:00:00Z}, {guid=806b4a2a-36d2-11ee-b5b0-005056013b0c, code=1, name=Прокат сортовой стальной горячекатаный конструкционный по ТУ 14-1-1725-76, parent=806b49a9-36d2-11ee-b5b0-005056013b0c, archive=false, dateOutputArchive=0001-01-01T00:00:00Z}, {guid=806b4a87-36d2-11ee-b5b0-005056013b0c, code=61, name=Прокат горячекатаный сортовой инструментальный, parent=806b43ba-36d2-11ee-b5b0-005056013b0c, archive=false, dateOutputArchive=0001-01-01T00:00:00Z}, {guid=806b4b08-36d2-11ee-b5b0-005056013b0c, code=1, name=Прокат сортовой стальной горячекатаный инструментальный нелегированный ГОСТ 2590-2006, parent=806b4a87-36d2-11ee-b5b0-005056013b0c, archive=false, dateOutputArchive=0001-01-01T00:00:00Z}, {guid=806b4b65-36d2-11ee-b5b0-005056013b0c, code=63, name=Прокат горячекатаный сортовой конструкционный коррозионно-стойкий, жаропрочный, parent=806b43ba-36d2-11ee-b5b0-005056013b0c, archive=false, dateOutputArchive=0001-01-01T00:00:00Z}, {guid=806b4be6-36d2-11ee-b5b0-005056013b0c, code=1, name=Прокат сортовой стальной горячекатаный конструкционный коррозионностойкий, жаропрочный ГОСТ 2590-2006, parent=806b4b65-36d2-11ee-b5b0-005056013b0c, archive=false, dateOutputArchive=0001-01-01T00:00:00Z}, {guid=84f01c49-36d2-11ee-b5b0-005056013b0c, code=13, name=Трубы стальные, parent=84f01bed-36d2-11ee-b5b0-005056013b0c, archive=false, dateOutputArchive=0001-01-01T00:00:00Z}, {guid=806b4c43-36d2-11ee-b5b0-005056013b0c, code=66, name=Прокат сортовой из прецизионных сплавов с высоким электрическим сопротивлением, parent=806b43ba-36d2-11ee-b5b0-005056013b0c, archive=false, dateOutputArchive=0001-01-01T00:00:00Z}, {guid=84f014af-36d2-11ee-b5b0-005056013b0c, code=1, name=Прокат сортовой из прецизионных сплавов с высоким электрическим сопротивлением ГОСТ 12766.4-90, parent=806b4c43-36d2-11ee-b5b0-005056013b0c, archive=false, dateOutputArchive=0001-01-01T00:00:00Z}, {guid=84f0150c-36d2-11ee-b5b0-005056013b0c, code=70, name=Поковки, parent=806b43ba-36d2-11ee-b5b0-005056013b0c, archive=false, dateOutputArchive=0001-01-01T00:00:00Z}, {guid=84f0158d-36d2-11ee-b5b0-005056013b0c, code=1, name=Поковки, parent=84f0150c-36d2-11ee-b5b0-005056013b0c, archive=false, dateOutputArchive=0001-01-01T00:00:00Z}, {guid=84f015ea-36d2-11ee-b5b0-005056013b0c, code=11, name=Изделия дальнейшего передела, parent=806b435e-36d2-11ee-b5b0-005056013b0c, archive=false, dateOutputArchive=0001-01-01T00:00:00Z}, {guid=84f01646-36d2-11ee-b5b0-005056013b0c, code=40, name=Прокат калиброванный круглый, parent=84f015ea-36d2-11ee-b5b0-005056013b0c, archive=false, dateOutputArchive=0001-01-01T00:00:00Z}, {guid=84f016c7-36d2-11ee-b5b0-005056013b0c, code=1, name=Прокат калиброванный круглый углеродистый ГОСТ 7417-75, parent=84f01646-36d2-11ee-b5b0-005056013b0c, archive=false, dateOutputArchive=0001-01-01T00:00:00Z}, {guid=84f01724-36d2-11ee-b5b0-005056013b0c, code=2, name=Прокат калиброванный круглый легированный ГОСТ 7417-75, parent=84f01646-36d2-11ee-b5b0-005056013b0c, archive=false, dateOutputArchive=0001-01-01T00:00:00Z}, {guid=84f01781-36d2-11ee-b5b0-005056013b0c, code=3, name=Прокат калиброванный круглый коррозионно-стойкий, жаропрочный ГОСТ 7417-75, parent=84f01646-36d2-11ee-b5b0-005056013b0c, archive=false, dateOutputArchive=0001-01-01T00:00:00Z}, {guid=84f017de-36d2-11ee-b5b0-005056013b0c, code=4, name=Прокат калиброванный круглый из рессорно-пружинной углеродистой и легированной стали ГОСТ 7417-75, parent=84f01646-36d2-11ee-b5b0-005056013b0c, archive=false, dateOutputArchive=0001-01-01T00:00:00Z}, {guid=84f0183b-36d2-11ee-b5b0-005056013b0c, code=5, name=Сталь качественная круглая со специальной отделкой поверхности ГОСТ 14955-77, parent=84f01646-36d2-11ee-b5b0-005056013b0c, archive=false, dateOutputArchive=0001-01-01T00:00:00Z}, {guid=84f01898-36d2-11ee-b5b0-005056013b0c, code=6, name=Прокат калиброванный для холодной высадки, parent=84f01646-36d2-11ee-b5b0-005056013b0c, archive=false, dateOutputArchive=0001-01-01T00:00:00Z}, {guid=84f018f5-36d2-11ee-b5b0-005056013b0c, code=7, name=Шток хромированный, parent=84f01646-36d2-11ee-b5b0-005056013b0c, archive=false, dateOutputArchive=0001-01-01T00:00:00Z}, {guid=84f01952-36d2-11ee-b5b0-005056013b0c, code=8, name=Прокат сортовой холоднотянутый подшипниковый ГОСТ 7417-75, parent=84f01646-36d2-11ee-b5b0-005056013b0c, archive=false, dateOutputArchive=0001-01-01T00:00:00Z}, {guid=84f019af-36d2-11ee-b5b0-005056013b0c, code=50, name=Прокат термически обработанный шлифованный, parent=84f015ea-36d2-11ee-b5b0-005056013b0c, archive=false, dateOutputArchive=0001-01-01T00:00:00Z}, {guid=84f01a30-36d2-11ee-b5b0-005056013b0c, code=1, name=Прутки нагартованные, термически обработанные шлифованные из высоколегированной и коррозионностойкой стали ГОСТ 18907-73, parent=84f019af-36d2-11ee-b5b0-005056013b0c, archive=false, dateOutputArchive=0001-01-01T00:00:00Z}, {guid=84f01a8d-36d2-11ee-b5b0-005056013b0c, code=60, name=Прокат высокой точности, parent=84f015ea-36d2-11ee-b5b0-005056013b0c, archive=false, dateOutputArchive=0001-01-01T00:00:00Z}, {guid=84f01b33-36d2-11ee-b5b0-005056013b0c, code=1, name=Сталь чистотянутая для шпонок ГОСТ 8787-68, parent=84f01a8d-36d2-11ee-b5b0-005056013b0c, archive=false, dateOutputArchive=0001-01-01T00:00:00Z}, {guid=84f01bb5-36d2-11ee-b5b0-005056013b0c, code=99, name=Круги, временно используемые в производстве (доработка складских остатков), parent=806b435e-36d2-11ee-b5b0-005056013b0c, archive=false, dateOutputArchive=0001-01-01T00:00:00Z}, {guid=84f01bed-36d2-11ee-b5b0-005056013b0c, code=5, name=Трубы, parent=806b25a2-36d2-11ee-b5b0-005056013b0c, archive=false, dateOutputArchive=0001-01-01T00:00:00Z}, {guid=84f01ca5-36d2-11ee-b5b0-005056013b0c, code=14, name=Трубы подшипниковые, parent=84f01c49-36d2-11ee-b5b0-005056013b0c, archive=false, dateOutputArchive=0001-01-01T00:00:00Z}, {guid=84f01d4d-36d2-11ee-b5b0-005056013b0c, code=1, name=Трубы подшипниковые ГОСТ 800-78, parent=84f01ca5-36d2-11ee-b5b0-005056013b0c, archive=false, dateOutputArchive=0001-01-01T00:00:00Z}, {guid=84f01dcf-36d2-11ee-b5b0-005056013b0c, code=19, name=Трубы катаные, parent=84f01c49-36d2-11ee-b5b0-005056013b0c, archive=false, dateOutputArchive=0001-01-01T00:00:00Z}, {guid=84f01e2b-36d2-11ee-b5b0-005056013b0c, code=1, name=Трубы стальные бесшовные горячедеформированные ГОСТ 8732-78, parent=84f01dcf-36d2-11ee-b5b0-005056013b0c, archive=false, dateOutputArchive=0001-01-01T00:00:00Z}, {guid=84f01ead-36d2-11ee-b5b0-005056013b0c, code=2, name=Трубы горячекатаные ТС 257-07, parent=84f01dcf-36d2-11ee-b5b0-005056013b0c, archive=false, dateOutputArchive=0001-01-01T00:00:00Z}, {guid=84f01f30-36d2-11ee-b5b0-005056013b0c, code=3, name=Трубы горячекатаные ТС 77-02, parent=84f01dcf-36d2-11ee-b5b0-005056013b0c, archive=false, dateOutputArchive=0001-01-01T00:00:00Z}, {guid=8c5aea59-36d2-11ee-b5b0-005056013b0c, code=1, name=Профиль ножа, parent=8c5ae9fd-36d2-11ee-b5b0-005056013b0c, archive=false, dateOutputArchive=0001-01-01T00:00:00Z}, {guid=84f01fb2-36d2-11ee-b5b0-005056013b0c, code=4, name=Трубы стальные бесшовные горячекатаные толстостенные из литого слитка ТУ 14-3Р-50-2001, parent=84f01dcf-36d2-11ee-b5b0-005056013b0c, archive=false, dateOutputArchive=0001-01-01T00:00:00Z}]&#10;" type="java.lang.AssertionError">java.lang.AssertionError: 
1 expectation failed.
Response body doesn't match expectation.
Expected: The content to match the given JSON schema.
error: instance type (integer) does not match any allowed primitive type (allowed: ["string"])
    level: "error"
    schema: {"loadingURI":"file:/C:/Users/Sasha/Api/target/test-classes/getEopList.json#","pointer":"/items/properties/code"}
    instance: {"pointer":"/0/code"}
    domain: "validation"
    keyword: "type"
    found: "integer"
    expected: ["string"]

  Actual: [{guid=806b27a5-36d2-11ee-b5b0-005056013b0c, code=1, name=Прокат толстолистовой горячекатаный из стали повышенной прочности ГОСТ 19903-74, parent=806b26da-36d2-11ee-b5b0-005056013b0c, archive=false, dateOutputArchive=0001-01-01T00:00:00Z}, {guid=806b284d-36d2-11ee-b5b0-005056013b0c, code=2, name=Листы просечно-вытяжные, parent=806b26da-36d2-11ee-b5b0-005056013b0c, archive=false, dateOutputArchive=0001-01-01T00:00:00Z}, {guid=806b28f5-36d2-11ee-b5b0-005056013b0c, code=3, name=Прокат листовой горячекатаный из высококачественной стали повышенной прочности (Швеция), parent=806b26da-36d2-11ee-b5b0-005056013b0c, archive=false, dateOutputArchive=0001-01-01T00:00:00Z}, {guid=806b2977-36d2-11ee-b5b0-005056013b0c, code=72, name=Листы стальные с ромбическим и чечевичным рифлением, parent=806b267e-36d2-11ee-b5b0-005056013b0c, archive=false, dateOutputArchive=0001-01-01T00:00:00Z}, {guid=806b2a42-36d2-11ee-b5b0-005056013b0c, code=1, name=Листы стальные с ромбическим и чечевичным рифлением ГОСТ 8568-77, parent=806b2977-36d2-11ee-b5b0-005056013b0c, archive=false, dateOutputArchive=0001-01-01T00:00:00Z}, {guid=806b2ae9-36d2-11ee-b5b0-005056013b0c, code=81, name=Прокат листовой горячекатаный, parent=806b267e-36d2-11ee-b5b0-005056013b0c, archive=false, dateOutputArchive=0001-01-01T00:00:00Z}, {guid=806b2bb4-36d2-11ee-b5b0-005056013b0c, code=1, name=Прокат листовой горячекатаный из легированной конструкционной стали общего назначения ГОСТ 19903-74, parent=806b2ae9-36d2-11ee-b5b0-005056013b0c, archive=false, dateOutputArchive=0001-01-01T00:00:00Z}, {guid=806b2c5b-36d2-11ee-b5b0-005056013b0c, code=2, name=Прокат листовой горячекатаный из стали углеродистой обыкновенного качества ГОСТ 19903-74, parent=806b2ae9-36d2-11ee-b5b0-005056013b0c, archive=false, dateOutputArchive=0001-01-01T00:00:00Z}, {guid=806b2d02-36d2-11ee-b5b0-005056013b0c, code=3, name=Прокат листовой горячекатаный из конструкционной качественной стали ГОСТ 19903-74, parent=806b2ae9-36d2-11ee-b5b0-005056013b0c, archive=false, dateOutputArchive=0001-01-01T00:00:00Z}, {guid=806b2da9-36d2-11ee-b5b0-005056013b0c, code=4, name=Прокат толстолистовой горячекатаный из легированной стали ГОСТ 19903-74, parent=806b2ae9-36d2-11ee-b5b0-005056013b0c, archive=false, dateOutputArchive=0001-01-01T00:00:00Z}, {guid=806b2e50-36d2-11ee-b5b0-005056013b0c, code=5, name=Прокат толстолистовой горячекатаный из легированной стали, parent=806b2ae9-36d2-11ee-b5b0-005056013b0c, archive=false, dateOutputArchive=0001-01-01T00:00:00Z}, {guid=806b2ef7-36d2-11ee-b5b0-005056013b0c, code=6, name=Прокат горячекатанный ТУ 1-9-1021-84, parent=806b2ae9-36d2-11ee-b5b0-005056013b0c, archive=false, dateOutputArchive=0001-01-01T00:00:00Z}, {guid=806b2f9e-36d2-11ee-b5b0-005056013b0c, code=7, name=Листы спецстали АК, parent=806b2ae9-36d2-11ee-b5b0-005056013b0c, archive=false, dateOutputArchive=0001-01-01T00:00:00Z}, {guid=806b3045-36d2-11ee-b5b0-005056013b0c, code=86, name=Прокат толстолистовой горячекатаный коррозионно-стойкий, жаростойкий и жаропрочный, parent=806b267e-36d2-11ee-b5b0-005056013b0c, archive=false, dateOutputArchive=0001-01-01T00:00:00Z}, {guid=806b3110-36d2-11ee-b5b0-005056013b0c, code=1, name=Прокат листовой горячекатаный коррозионно-стойкий, жаростойкий и жаропрочный ГОСТ 19903-74, parent=806b3045-36d2-11ee-b5b0-005056013b0c, archive=false, dateOutputArchive=0001-01-01T00:00:00Z}, {guid=806b2622-36d2-11ee-b5b0-005056013b0c, code=1, name=Листы, parent=806b25a2-36d2-11ee-b5b0-005056013b0c, archive=false, dateOutputArchive=0001-01-01T00:00:00Z}, {guid=806b267e-36d2-11ee-b5b0-005056013b0c, code=9, name=Прокат черных металлов, parent=806b2622-36d2-11ee-b5b0-005056013b0c, archive=false, dateOutputArchive=0001-01-01T00:00:00Z}, {guid=806b25a2-36d2-11ee-b5b0-005056013b0c, code=1, name=Металлы черные, parent=00000000-0000-0000-0000-000000000000, archive=false, dateOutputArchive=0001-01-01T00:00:00Z}, {guid=806b31b7-36d2-11ee-b5b0-005056013b0c, code=89, name=Листы спецстали, parent=806b267e-36d2-11ee-b5b0-005056013b0c, archive=false, dateOutputArchive=0001-01-01T00:00:00Z}, {guid=806b3282-36d2-11ee-b5b0-005056013b0c, code=1, name=Листы спецстали, parent=806b31b7-36d2-11ee-b5b0-005056013b0c, archive=false, dateOutputArchive=0001-01-01T00:00:00Z}, {guid=806b3329-36d2-11ee-b5b0-005056013b0c, code=91, name=Прокат тонколистовой холоднокатаный, parent=806b267e-36d2-11ee-b5b0-005056013b0c, archive=false, dateOutputArchive=0001-01-01T00:00:00Z}, {guid=806b3385-36d2-11ee-b5b0-005056013b0c, code=1, name=Прокат тонколистовой холоднокатаный из углеродистой стали качественной и обыкновенного качества общего назначения ГОСТ 19904-90, parent=806b3329-36d2-11ee-b5b0-005056013b0c, archive=false, dateOutputArchive=0001-01-01T00:00:00Z}, {guid=806b342c-36d2-11ee-b5b0-005056013b0c, code=2, name=Прокат тонколистовой холоднокатаный из низкоуглеродистой качественной стали для холодной штамповки ГОСТ 19904-90, parent=806b3329-36d2-11ee-b5b0-005056013b0c, archive=false, dateOutputArchive=0001-01-01T00:00:00Z}, {guid=806b34d3-36d2-11ee-b5b0-005056013b0c, code=3, name=Прокат листовой холоднокатаный из легированной конструкционной стали общего назначения ГОСТ 19904-90, parent=806b3329-36d2-11ee-b5b0-005056013b0c, archive=false, dateOutputArchive=0001-01-01T00:00:00Z}, {guid=806b357a-36d2-11ee-b5b0-005056013b0c, code=4, name=Листы перфорированные «ПЕРФОКОМ», parent=806b3329-36d2-11ee-b5b0-005056013b0c, archive=false, dateOutputArchive=0001-01-01T00:00:00Z}, {guid=806b3623-36d2-11ee-b5b0-005056013b0c, code=5, name=Листы перфорированные, parent=806b3329-36d2-11ee-b5b0-005056013b0c, archive=false, dateOutputArchive=0001-01-01T00:00:00Z}, {guid=806b36cb-36d2-11ee-b5b0-005056013b0c, code=93, name=Прокат тонколистовой из коррозионно-стойкой, жаростойкой и жаропрочной стали, parent=806b267e-36d2-11ee-b5b0-005056013b0c, archive=false, dateOutputArchive=0001-01-01T00:00:00Z}, {guid=806b3796-36d2-11ee-b5b0-005056013b0c, code=1, name=Прокат тонколистовой из коррозионно-стойкой, жаростойкой и жаропрочной стали ГОСТ 19904-90, parent=806b36cb-36d2-11ee-b5b0-005056013b0c, archive=false, dateOutputArchive=0001-01-01T00:00:00Z}, {guid=806b383d-36d2-11ee-b5b0-005056013b0c, code=11, name=Изделия дальнейшего передела, parent=806b2622-36d2-11ee-b5b0-005056013b0c, archive=false, dateOutputArchive=0001-01-01T00:00:00Z}, {guid=806b3908-36d2-11ee-b5b0-005056013b0c, code=11, name=Прокат холоднокатаный из тонколистовой оцинкованной стали, parent=806b383d-36d2-11ee-b5b0-005056013b0c, archive=false, dateOutputArchive=0001-01-01T00:00:00Z}, {guid=806b39d3-36d2-11ee-b5b0-005056013b0c, code=1, name=Прокат холоднокатаный из тонколистовой оцинкованной стали ГОСТ 19904-90, parent=806b3908-36d2-11ee-b5b0-005056013b0c, archive=false, dateOutputArchive=0001-01-01T00:00:00Z}, {guid=806b3a7a-36d2-11ee-b5b0-005056013b0c, code=15, name=Жесть, parent=806b383d-36d2-11ee-b5b0-005056013b0c, archive=false, dateOutputArchive=0001-01-01T00:00:00Z}, {guid=806b3b45-36d2-11ee-b5b0-005056013b0c, code=1, name=Жесть белая, parent=806b3a7a-36d2-11ee-b5b0-005056013b0c, archive=false, dateOutputArchive=0001-01-01T00:00:00Z}, {guid=806b3bec-36d2-11ee-b5b0-005056013b0c, code=99, name=Листы, временно используемые в производстве (доработка складских остатков), parent=806b2622-36d2-11ee-b5b0-005056013b0c, archive=false, dateOutputArchive=0001-01-01T00:00:00Z}, {guid=806b3ca6-36d2-11ee-b5b0-005056013b0c, code=9, name=Прокат черных металлов, parent=806b3c24-36d2-11ee-b5b0-005056013b0c, archive=false, dateOutputArchive=0001-01-01T00:00:00Z}, {guid=806b3d27-36d2-11ee-b5b0-005056013b0c, code=50, name=Прокат стальной горячекатаный, parent=806b3ca6-36d2-11ee-b5b0-005056013b0c, archive=false, dateOutputArchive=0001-01-01T00:00:00Z}, {guid=806b3da8-36d2-11ee-b5b0-005056013b0c, code=1, name=Прокат сортовой стальной горячекатаный квадратный ГОСТ 2591-2006, parent=806b3d27-36d2-11ee-b5b0-005056013b0c, archive=false, dateOutputArchive=0001-01-01T00:00:00Z}, {guid=806b3c24-36d2-11ee-b5b0-005056013b0c, code=2, name=Квадраты, parent=806b25a2-36d2-11ee-b5b0-005056013b0c, archive=false, dateOutputArchive=0001-01-01T00:00:00Z}, {guid=806b3e05-36d2-11ee-b5b0-005056013b0c, code=11, name=Изделия дальнейшего передела, parent=806b3c24-36d2-11ee-b5b0-005056013b0c, archive=false, dateOutputArchive=0001-01-01T00:00:00Z}, {guid=806b3e86-36d2-11ee-b5b0-005056013b0c, code=40, name=Прокат калиброванный, parent=806b3e05-36d2-11ee-b5b0-005056013b0c, archive=false, dateOutputArchive=0001-01-01T00:00:00Z}, {guid=806b3f07-36d2-11ee-b5b0-005056013b0c, code=1, name=Прокат калиброванный квадратный ГОСТ 8559-75, parent=806b3e86-36d2-11ee-b5b0-005056013b0c, archive=false, dateOutputArchive=0001-01-01T00:00:00Z}, {guid=806b3f64-36d2-11ee-b5b0-005056013b0c, code=99, name=Квадраты, временно используемые в производстве (доработка складских остатков), parent=806b3c24-36d2-11ee-b5b0-005056013b0c, archive=false, dateOutputArchive=0001-01-01T00:00:00Z}, {guid=806b3fc1-36d2-11ee-b5b0-005056013b0c, code=3, name=Шестигранники, parent=806b25a2-36d2-11ee-b5b0-005056013b0c, archive=false, dateOutputArchive=0001-01-01T00:00:00Z}, {guid=806b4043-36d2-11ee-b5b0-005056013b0c, code=9, name=Прокат черных металлов, parent=806b3fc1-36d2-11ee-b5b0-005056013b0c, archive=false, dateOutputArchive=0001-01-01T00:00:00Z}, {guid=806b40c4-36d2-11ee-b5b0-005056013b0c, code=50, name=Прокат стальной горячекатаный, parent=806b4043-36d2-11ee-b5b0-005056013b0c, archive=false, dateOutputArchive=0001-01-01T00:00:00Z}, {guid=806b4145-36d2-11ee-b5b0-005056013b0c, code=1, name=Прокат сортовой стальной горячекатаный шестигранный ГОСТ 2879-2006, parent=806b40c4-36d2-11ee-b5b0-005056013b0c, archive=false, dateOutputArchive=0001-01-01T00:00:00Z}, {guid=806b41a2-36d2-11ee-b5b0-005056013b0c, code=11, name=Изделия дальнейшего передела, parent=806b3fc1-36d2-11ee-b5b0-005056013b0c, archive=false, dateOutputArchive=0001-01-01T00:00:00Z}, {guid=806b4223-36d2-11ee-b5b0-005056013b0c, code=40, name=Прокат калиброванный, parent=806b41a2-36d2-11ee-b5b0-005056013b0c, archive=false, dateOutputArchive=0001-01-01T00:00:00Z}, {guid=806b42a4-36d2-11ee-b5b0-005056013b0c, code=1, name=Прокат калиброванный шестигранный ГОСТ 8560-78, parent=806b4223-36d2-11ee-b5b0-005056013b0c, archive=false, dateOutputArchive=0001-01-01T00:00:00Z}, {guid=806b4301-36d2-11ee-b5b0-005056013b0c, code=99, name=Шестигранники, временно используемые в производстве (доработка складских остатков), parent=806b3fc1-36d2-11ee-b5b0-005056013b0c, archive=false, dateOutputArchive=0001-01-01T00:00:00Z}, {guid=806b435e-36d2-11ee-b5b0-005056013b0c, code=4, name=Круги, parent=806b25a2-36d2-11ee-b5b0-005056013b0c, archive=false, dateOutputArchive=0001-01-01T00:00:00Z}, {guid=806b43ba-36d2-11ee-b5b0-005056013b0c, code=9, name=Прокат черных металлов, parent=806b435e-36d2-11ee-b5b0-005056013b0c, archive=false, dateOutputArchive=0001-01-01T00:00:00Z}, {guid=806b443c-36d2-11ee-b5b0-005056013b0c, code=30, name=Прокат стальной горячекатаный низколегированный, parent=806b43ba-36d2-11ee-b5b0-005056013b0c, archive=false, dateOutputArchive=0001-01-01T00:00:00Z}, {guid=806b44bd-36d2-11ee-b5b0-005056013b0c, code=1, name=Прокат сортовой стальной горячекатаный конструкционный низколегированный ГОСТ 2590-2006, parent=806b443c-36d2-11ee-b5b0-005056013b0c, archive=false, dateOutputArchive=0001-01-01T00:00:00Z}, {guid=806b451a-36d2-11ee-b5b0-005056013b0c, code=34, name=Прокат горячекатаный круглый обыкновенного качества, parent=806b43ba-36d2-11ee-b5b0-005056013b0c, archive=false, dateOutputArchive=0001-01-01T00:00:00Z}, {guid=806b459b-36d2-11ee-b5b0-005056013b0c, code=1, name=Прокат сортовой стальной горячекатаный круглый обыкновенного качества ГОСТ 2590-2006, parent=806b451a-36d2-11ee-b5b0-005056013b0c, archive=false, dateOutputArchive=0001-01-01T00:00:00Z}, {guid=806b45f8-36d2-11ee-b5b0-005056013b0c, code=50, name=Прокат стальной горячекатаный, parent=806b43ba-36d2-11ee-b5b0-005056013b0c, archive=false, dateOutputArchive=0001-01-01T00:00:00Z}, {guid=806b4679-36d2-11ee-b5b0-005056013b0c, code=1, name=Прокат сортовой стальной горячекатаный конструкционный углеродистый ГОСТ 2590-2006, parent=806b45f8-36d2-11ee-b5b0-005056013b0c, archive=false, dateOutputArchive=0001-01-01T00:00:00Z}, {guid=806b46d6-36d2-11ee-b5b0-005056013b0c, code=2, name=Прокат сортовой стальной горячекатаный конструкционный легированный ГОСТ 2590-2006, parent=806b45f8-36d2-11ee-b5b0-005056013b0c, archive=false, dateOutputArchive=0001-01-01T00:00:00Z}, {guid=806b4733-36d2-11ee-b5b0-005056013b0c, code=3, name=Прокат сортовой стальной горячекатаный конструкционной по ТУ 14-1-4566-89, parent=806b45f8-36d2-11ee-b5b0-005056013b0c, archive=false, dateOutputArchive=0001-01-01T00:00:00Z}, {guid=806b4790-36d2-11ee-b5b0-005056013b0c, code=4, name=Прокат круглый из рессорно-пружинной углеродистой и легированной стали ГОСТ 2590-2006, parent=806b45f8-36d2-11ee-b5b0-005056013b0c, archive=false, dateOutputArchive=0001-01-01T00:00:00Z}, {guid=806b47ed-36d2-11ee-b5b0-005056013b0c, code=51, name=Прокат для холодного выдавливания и высадки, parent=806b43ba-36d2-11ee-b5b0-005056013b0c, archive=false, dateOutputArchive=0001-01-01T00:00:00Z}, {guid=806b486e-36d2-11ee-b5b0-005056013b0c, code=1, name=Прокат качественный конструкционный углеродистый и легированный для холодного выдавливания и высадки ГОСТ 10702-78, parent=806b47ed-36d2-11ee-b5b0-005056013b0c, archive=false, dateOutputArchive=0001-01-01T00:00:00Z}, {guid=806b48cb-36d2-11ee-b5b0-005056013b0c, code=56, name=Прокат горячекатаный сортовой конструкционный подшипниковый, parent=806b43ba-36d2-11ee-b5b0-005056013b0c, archive=false, dateOutputArchive=0001-01-01T00:00:00Z}, {guid=806b494c-36d2-11ee-b5b0-005056013b0c, code=1, name=Прокат сортовой стальной горячекатаный конструкционный подшипниковый ГОСТ 2590-2006, parent=806b48cb-36d2-11ee-b5b0-005056013b0c, archive=false, dateOutputArchive=0001-01-01T00:00:00Z}, {guid=806b49a9-36d2-11ee-b5b0-005056013b0c, code=58, name=Прокат горячекатаный сортовой конструкционный никельсодержащий, parent=806b43ba-36d2-11ee-b5b0-005056013b0c, archive=false, dateOutputArchive=0001-01-01T00:00:00Z}, {guid=806b4a2a-36d2-11ee-b5b0-005056013b0c, code=1, name=Прокат сортовой стальной горячекатаный конструкционный по ТУ 14-1-1725-76, parent=806b49a9-36d2-11ee-b5b0-005056013b0c, archive=false, dateOutputArchive=0001-01-01T00:00:00Z}, {guid=806b4a87-36d2-11ee-b5b0-005056013b0c, code=61, name=Прокат горячекатаный сортовой инструментальный, parent=806b43ba-36d2-11ee-b5b0-005056013b0c, archive=false, dateOutputArchive=0001-01-01T00:00:00Z}, {guid=806b4b08-36d2-11ee-b5b0-005056013b0c, code=1, name=Прокат сортовой стальной горячекатаный инструментальный нелегированный ГОСТ 2590-2006, parent=806b4a87-36d2-11ee-b5b0-005056013b0c, archive=false, dateOutputArchive=0001-01-01T00:00:00Z}, {guid=806b4b65-36d2-11ee-b5b0-005056013b0c, code=63, name=Прокат горячекатаный сортовой конструкционный коррозионно-стойкий, жаропрочный, parent=806b43ba-36d2-11ee-b5b0-005056013b0c, archive=false, dateOutputArchive=0001-01-01T00:00:00Z}, {guid=806b4be6-36d2-11ee-b5b0-005056013b0c, code=1, name=Прокат сортовой стальной горячекатаный конструкционный коррозионностойкий, жаропрочный ГОСТ 2590-2006, parent=806b4b65-36d2-11ee-b5b0-005056013b0c, archive=false, dateOutputArchive=0001-01-01T00:00:00Z}, {guid=84f01c49-36d2-11ee-b5b0-005056013b0c, code=13, name=Трубы стальные, parent=84f01bed-36d2-11ee-b5b0-005056013b0c, archive=false, dateOutputArchive=0001-01-01T00:00:00Z}, {guid=806b4c43-36d2-11ee-b5b0-005056013b0c, code=66, name=Прокат сортовой из прецизионных сплавов с высоким электрическим сопротивлением, parent=806b43ba-36d2-11ee-b5b0-005056013b0c, archive=false, dateOutputArchive=0001-01-01T00:00:00Z}, {guid=84f014af-36d2-11ee-b5b0-005056013b0c, code=1, name=Прокат сортовой из прецизионных сплавов с высоким электрическим сопротивлением ГОСТ 12766.4-90, parent=806b4c43-36d2-11ee-b5b0-005056013b0c, archive=false, dateOutputArchive=0001-01-01T00:00:00Z}, {guid=84f0150c-36d2-11ee-b5b0-005056013b0c, code=70, name=Поковки, parent=806b43ba-36d2-11ee-b5b0-005056013b0c, archive=false, dateOutputArchive=0001-01-01T00:00:00Z}, {guid=84f0158d-36d2-11ee-b5b0-005056013b0c, code=1, name=Поковки, parent=84f0150c-36d2-11ee-b5b0-005056013b0c, archive=false, dateOutputArchive=0001-01-01T00:00:00Z}, {guid=84f015ea-36d2-11ee-b5b0-005056013b0c, code=11, name=Изделия дальнейшего передела, parent=806b435e-36d2-11ee-b5b0-005056013b0c, archive=false, dateOutputArchive=0001-01-01T00:00:00Z}, {guid=84f01646-36d2-11ee-b5b0-005056013b0c, code=40, name=Прокат калиброванный круглый, parent=84f015ea-36d2-11ee-b5b0-005056013b0c, archive=false, dateOutputArchive=0001-01-01T00:00:00Z}, {guid=84f016c7-36d2-11ee-b5b0-005056013b0c, code=1, name=Прокат калиброванный круглый углеродистый ГОСТ 7417-75, parent=84f01646-36d2-11ee-b5b0-005056013b0c, archive=false, dateOutputArchive=0001-01-01T00:00:00Z}, {guid=84f01724-36d2-11ee-b5b0-005056013b0c, code=2, name=Прокат калиброванный круглый легированный ГОСТ 7417-75, parent=84f01646-36d2-11ee-b5b0-005056013b0c, archive=false, dateOutputArchive=0001-01-01T00:00:00Z}, {guid=84f01781-36d2-11ee-b5b0-005056013b0c, code=3, name=Прокат калиброванный круглый коррозионно-стойкий, жаропрочный ГОСТ 7417-75, parent=84f01646-36d2-11ee-b5b0-005056013b0c, archive=false, dateOutputArchive=0001-01-01T00:00:00Z}, {guid=84f017de-36d2-11ee-b5b0-005056013b0c, code=4, name=Прокат калиброванный круглый из рессорно-пружинной углеродистой и легированной стали ГОСТ 7417-75, parent=84f01646-36d2-11ee-b5b0-005056013b0c, archive=false, dateOutputArchive=0001-01-01T00:00:00Z}, {guid=84f0183b-36d2-11ee-b5b0-005056013b0c, code=5, name=Сталь качественная круглая со специальной отделкой поверхности ГОСТ 14955-77, parent=84f01646-36d2-11ee-b5b0-005056013b0c, archive=false, dateOutputArchive=0001-01-01T00:00:00Z}, {guid=84f01898-36d2-11ee-b5b0-005056013b0c, code=6, name=Прокат калиброванный для холодной высадки, parent=84f01646-36d2-11ee-b5b0-005056013b0c, archive=false, dateOutputArchive=0001-01-01T00:00:00Z}, {guid=84f018f5-36d2-11ee-b5b0-005056013b0c, code=7, name=Шток хромированный, parent=84f01646-36d2-11ee-b5b0-005056013b0c, archive=false, dateOutputArchive=0001-01-01T00:00:00Z}, {guid=84f01952-36d2-11ee-b5b0-005056013b0c, code=8, name=Прокат сортовой холоднотянутый подшипниковый ГОСТ 7417-75, parent=84f01646-36d2-11ee-b5b0-005056013b0c, archive=false, dateOutputArchive=0001-01-01T00:00:00Z}, {guid=84f019af-36d2-11ee-b5b0-005056013b0c, code=50, name=Прокат термически обработанный шлифованный, parent=84f015ea-36d2-11ee-b5b0-005056013b0c, archive=false, dateOutputArchive=0001-01-01T00:00:00Z}, {guid=84f01a30-36d2-11ee-b5b0-005056013b0c, code=1, name=Прутки нагартованные, термически обработанные шлифованные из высоколегированной и коррозионностойкой стали ГОСТ 18907-73, parent=84f019af-36d2-11ee-b5b0-005056013b0c, archive=false, dateOutputArchive=0001-01-01T00:00:00Z}, {guid=84f01a8d-36d2-11ee-b5b0-005056013b0c, code=60, name=Прокат высокой точности, parent=84f015ea-36d2-11ee-b5b0-005056013b0c, archive=false, dateOutputArchive=0001-01-01T00:00:00Z}, {guid=84f01b33-36d2-11ee-b5b0-005056013b0c, code=1, name=Сталь чистотянутая для шпонок ГОСТ 8787-68, parent=84f01a8d-36d2-11ee-b5b0-005056013b0c, archive=false, dateOutputArchive=0001-01-01T00:00:00Z}, {guid=84f01bb5-36d2-11ee-b5b0-005056013b0c, code=99, name=Круги, временно используемые в производстве (доработка складских остатков), parent=806b435e-36d2-11ee-b5b0-005056013b0c, archive=false, dateOutputArchive=0001-01-01T00:00:00Z}, {guid=84f01bed-36d2-11ee-b5b0-005056013b0c, code=5, name=Трубы, parent=806b25a2-36d2-11ee-b5b0-005056013b0c, archive=false, dateOutputArchive=0001-01-01T00:00:00Z}, {guid=84f01ca5-36d2-11ee-b5b0-005056013b0c, code=14, name=Трубы подшипниковые, parent=84f01c49-36d2-11ee-b5b0-005056013b0c, archive=false, dateOutputArchive=0001-01-01T00:00:00Z}, {guid=84f01d4d-36d2-11ee-b5b0-005056013b0c, code=1, name=Трубы подшипниковые ГОСТ 800-78, parent=84f01ca5-36d2-11ee-b5b0-005056013b0c, archive=false, dateOutputArchive=0001-01-01T00:00:00Z}, {guid=84f01dcf-36d2-11ee-b5b0-005056013b0c, code=19, name=Трубы катаные, parent=84f01c49-36d2-11ee-b5b0-005056013b0c, archive=false, dateOutputArchive=0001-01-01T00:00:00Z}, {guid=84f01e2b-36d2-11ee-b5b0-005056013b0c, code=1, name=Трубы стальные бесшовные горячедеформированные ГОСТ 8732-78, parent=84f01dcf-36d2-11ee-b5b0-005056013b0c, archive=false, dateOutputArchive=0001-01-01T00:00:00Z}, {guid=84f01ead-36d2-11ee-b5b0-005056013b0c, code=2, name=Трубы горячекатаные ТС 257-07, parent=84f01dcf-36d2-11ee-b5b0-005056013b0c, archive=false, dateOutputArchive=0001-01-01T00:00:00Z}, {guid=84f01f30-36d2-11ee-b5b0-005056013b0c, code=3, name=Трубы горячекатаные ТС 77-02, parent=84f01dcf-36d2-11ee-b5b0-005056013b0c, archive=false, dateOutputArchive=0001-01-01T00:00:00Z}, {guid=8c5aea59-36d2-11ee-b5b0-005056013b0c, code=1, name=Профиль ножа, parent=8c5ae9fd-36d2-11ee-b5b0-005056013b0c, archive=false, dateOutputArchive=0001-01-01T00:00:00Z}, {guid=84f01fb2-36d2-11ee-b5b0-005056013b0c, code=4, name=Трубы стальные бесшовные горячекатаные толстостенные из литого слитка ТУ 14-3Р-50-2001, parent=84f01dcf-36d2-11ee-b5b0-005056013b0c, archive=false, dateOutputArchive=0001-01-01T00:00:00Z}]

	at AutoTest.ClassifierTest.getEopList(ClassifierTest.java:208)
</failure>
    <system-out><![CDATA[HTTP/1.1 200 OK
Date: Wed, 13 Dec 2023 08:10:46 GMT
Server: Apache/2.4.23 (Win64)
X-NextPage: http://dev1c:8080/MDM_Gribov_2541/hs/klass/eop?step=100&nextPage=2
X-NextPage1C: /eop?step=100&nextPage=2
Content-Length: 29130
Keep-Alive: timeout=5, max=99
Connection: Keep-Alive
Content-Type: application/json; charset=utf-8

[
    {
        "guid": "806b27a5-36d2-11ee-b5b0-005056013b0c",
        "code": 1,
        "name": "Прокат толстолистовой горячекатаный из стали повышенной прочности ГОСТ 19903-74",
        "parent": "806b26da-36d2-11ee-b5b0-005056013b0c",
        "archive": false,
        "dateOutputArchive": "0001-01-01T00:00:00Z"
    },
    {
        "guid": "806b284d-36d2-11ee-b5b0-005056013b0c",
        "code": 2,
        "name": "Листы просечно-вытяжные",
        "parent": "806b26da-36d2-11ee-b5b0-005056013b0c",
        "archive": false,
        "dateOutputArchive": "0001-01-01T00:00:00Z"
    },
    {
        "guid": "806b28f5-36d2-11ee-b5b0-005056013b0c",
        "code": 3,
        "name": "Прокат листовой горячекатаный из высококачественной стали повышенной прочности (Швеция)",
        "parent": "806b26da-36d2-11ee-b5b0-005056013b0c",
        "archive": false,
        "dateOutputArchive": "0001-01-01T00:00:00Z"
    },
    {
        "guid": "806b2977-36d2-11ee-b5b0-005056013b0c",
        "code": 72,
        "name": "Листы стальные с ромбическим и чечевичным рифлением",
        "parent": "806b267e-36d2-11ee-b5b0-005056013b0c",
        "archive": false,
        "dateOutputArchive": "0001-01-01T00:00:00Z"
    },
    {
        "guid": "806b2a42-36d2-11ee-b5b0-005056013b0c",
        "code": 1,
        "name": "Листы стальные с ромбическим и чечевичным рифлением ГОСТ 8568-77",
        "parent": "806b2977-36d2-11ee-b5b0-005056013b0c",
        "archive": false,
        "dateOutputArchive": "0001-01-01T00:00:00Z"
    },
    {
        "guid": "806b2ae9-36d2-11ee-b5b0-005056013b0c",
        "code": 81,
        "name": "Прокат листовой горячекатаный",
        "parent": "806b267e-36d2-11ee-b5b0-005056013b0c",
        "archive": false,
        "dateOutputArchive": "0001-01-01T00:00:00Z"
    },
    {
        "guid": "806b2bb4-36d2-11ee-b5b0-005056013b0c",
        "code": 1,
        "name": "Прокат листовой горячекатаный из легированной конструкционной стали общего назначения ГОСТ 19903-74",
        "parent": "806b2ae9-36d2-11ee-b5b0-005056013b0c",
        "archive": false,
        "dateOutputArchive": "0001-01-01T00:00:00Z"
    },
    {
        "guid": "806b2c5b-36d2-11ee-b5b0-005056013b0c",
        "code": 2,
        "name": "Прокат листовой горячекатаный из стали углеродистой обыкновенного качества ГОСТ 19903-74",
        "parent": "806b2ae9-36d2-11ee-b5b0-005056013b0c",
        "archive": false,
        "dateOutputArchive": "0001-01-01T00:00:00Z"
    },
    {
        "guid": "806b2d02-36d2-11ee-b5b0-005056013b0c",
        "code": 3,
        "name": "Прокат листовой горячекатаный из конструкционной качественной стали ГОСТ 19903-74",
        "parent": "806b2ae9-36d2-11ee-b5b0-005056013b0c",
        "archive": false,
        "dateOutputArchive": "0001-01-01T00:00:00Z"
    },
    {
        "guid": "806b2da9-36d2-11ee-b5b0-005056013b0c",
        "code": 4,
        "name": "Прокат толстолистовой горячекатаный из легированной стали ГОСТ 19903-74",
        "parent": "806b2ae9-36d2-11ee-b5b0-005056013b0c",
        "archive": false,
        "dateOutputArchive": "0001-01-01T00:00:00Z"
    },
    {
        "guid": "806b2e50-36d2-11ee-b5b0-005056013b0c",
        "code": 5,
        "name": "Прокат толстолистовой горячекатаный из легированной стали",
        "parent": "806b2ae9-36d2-11ee-b5b0-005056013b0c",
        "archive": false,
        "dateOutputArchive": "0001-01-01T00:00:00Z"
    },
    {
        "guid": "806b2ef7-36d2-11ee-b5b0-005056013b0c",
        "code": 6,
        "name": "Прокат горячекатанный ТУ 1-9-1021-84",
        "parent": "806b2ae9-36d2-11ee-b5b0-005056013b0c",
        "archive": false,
        "dateOutputArchive": "0001-01-01T00:00:00Z"
    },
    {
        "guid": "806b2f9e-36d2-11ee-b5b0-005056013b0c",
        "code": 7,
        "name": "Листы спецстали АК",
        "parent": "806b2ae9-36d2-11ee-b5b0-005056013b0c",
        "archive": false,
        "dateOutputArchive": "0001-01-01T00:00:00Z"
    },
    {
        "guid": "806b3045-36d2-11ee-b5b0-005056013b0c",
        "code": 86,
        "name": "Прокат толстолистовой горячекатаный коррозионно-стойкий, жаростойкий и жаропрочный",
        "parent": "806b267e-36d2-11ee-b5b0-005056013b0c",
        "archive": false,
        "dateOutputArchive": "0001-01-01T00:00:00Z"
    },
    {
        "guid": "806b3110-36d2-11ee-b5b0-005056013b0c",
        "code": 1,
        "name": "Прокат листовой горячекатаный коррозионно-стойкий, жаростойкий и жаропрочный ГОСТ 19903-74",
        "parent": "806b3045-36d2-11ee-b5b0-005056013b0c",
        "archive": false,
        "dateOutputArchive": "0001-01-01T00:00:00Z"
    },
    {
        "guid": "806b2622-36d2-11ee-b5b0-005056013b0c",
        "code": 1,
        "name": "Листы",
        "parent": "806b25a2-36d2-11ee-b5b0-005056013b0c",
        "archive": false,
        "dateOutputArchive": "0001-01-01T00:00:00Z"
    },
    {
        "guid": "806b267e-36d2-11ee-b5b0-005056013b0c",
        "code": 9,
        "name": "Прокат черных металлов",
        "parent": "806b2622-36d2-11ee-b5b0-005056013b0c",
        "archive": false,
        "dateOutputArchive": "0001-01-01T00:00:00Z"
    },
    {
        "guid": "806b25a2-36d2-11ee-b5b0-005056013b0c",
        "code": 1,
        "name": "Металлы черные",
        "parent": "00000000-0000-0000-0000-000000000000",
        "archive": false,
        "dateOutputArchive": "0001-01-01T00:00:00Z"
    },
    {
        "guid": "806b31b7-36d2-11ee-b5b0-005056013b0c",
        "code": 89,
        "name": "Листы спецстали",
        "parent": "806b267e-36d2-11ee-b5b0-005056013b0c",
        "archive": false,
        "dateOutputArchive": "0001-01-01T00:00:00Z"
    },
    {
        "guid": "806b3282-36d2-11ee-b5b0-005056013b0c",
        "code": 1,
        "name": "Листы спецстали",
        "parent": "806b31b7-36d2-11ee-b5b0-005056013b0c",
        "archive": false,
        "dateOutputArchive": "0001-01-01T00:00:00Z"
    },
    {
        "guid": "806b3329-36d2-11ee-b5b0-005056013b0c",
        "code": 91,
        "name": "Прокат тонколистовой холоднокатаный",
        "parent": "806b267e-36d2-11ee-b5b0-005056013b0c",
        "archive": false,
        "dateOutputArchive": "0001-01-01T00:00:00Z"
    },
    {
        "guid": "806b3385-36d2-11ee-b5b0-005056013b0c",
        "code": 1,
        "name": "Прокат тонколистовой холоднокатаный из углеродистой стали качественной и обыкновенного качества общего назначения ГОСТ 19904-90",
        "parent": "806b3329-36d2-11ee-b5b0-005056013b0c",
        "archive": false,
        "dateOutputArchive": "0001-01-01T00:00:00Z"
    },
    {
        "guid": "806b342c-36d2-11ee-b5b0-005056013b0c",
        "code": 2,
        "name": "Прокат тонколистовой холоднокатаный из низкоуглеродистой качественной стали для холодной штамповки ГОСТ 19904-90",
        "parent": "806b3329-36d2-11ee-b5b0-005056013b0c",
        "archive": false,
        "dateOutputArchive": "0001-01-01T00:00:00Z"
    },
    {
        "guid": "806b34d3-36d2-11ee-b5b0-005056013b0c",
        "code": 3,
        "name": "Прокат листовой холоднокатаный из легированной конструкционной стали общего назначения ГОСТ 19904-90",
        "parent": "806b3329-36d2-11ee-b5b0-005056013b0c",
        "archive": false,
        "dateOutputArchive": "0001-01-01T00:00:00Z"
    },
    {
        "guid": "806b357a-36d2-11ee-b5b0-005056013b0c",
        "code": 4,
        "name": "Листы перфорированные «ПЕРФОКОМ»",
        "parent": "806b3329-36d2-11ee-b5b0-005056013b0c",
        "archive": false,
        "dateOutputArchive": "0001-01-01T00:00:00Z"
    },
    {
        "guid": "806b3623-36d2-11ee-b5b0-005056013b0c",
        "code": 5,
        "name": "Листы перфорированные",
        "parent": "806b3329-36d2-11ee-b5b0-005056013b0c",
        "archive": false,
        "dateOutputArchive": "0001-01-01T00:00:00Z"
    },
    {
        "guid": "806b36cb-36d2-11ee-b5b0-005056013b0c",
        "code": 93,
        "name": "Прокат тонколистовой из коррозионно-стойкой, жаростойкой и жаропрочной стали",
        "parent": "806b267e-36d2-11ee-b5b0-005056013b0c",
        "archive": false,
        "dateOutputArchive": "0001-01-01T00:00:00Z"
    },
    {
        "guid": "806b3796-36d2-11ee-b5b0-005056013b0c",
        "code": 1,
        "name": "Прокат тонколистовой из коррозионно-стойкой, жаростойкой и жаропрочной стали ГОСТ 19904-90",
        "parent": "806b36cb-36d2-11ee-b5b0-005056013b0c",
        "archive": false,
        "dateOutputArchive": "0001-01-01T00:00:00Z"
    },
    {
        "guid": "806b383d-36d2-11ee-b5b0-005056013b0c",
        "code": 11,
        "name": "Изделия дальнейшего передела",
        "parent": "806b2622-36d2-11ee-b5b0-005056013b0c",
        "archive": false,
        "dateOutputArchive": "0001-01-01T00:00:00Z"
    },
    {
        "guid": "806b3908-36d2-11ee-b5b0-005056013b0c",
        "code": 11,
        "name": "Прокат холоднокатаный из тонколистовой оцинкованной стали",
        "parent": "806b383d-36d2-11ee-b5b0-005056013b0c",
        "archive": false,
        "dateOutputArchive": "0001-01-01T00:00:00Z"
    },
    {
        "guid": "806b39d3-36d2-11ee-b5b0-005056013b0c",
        "code": 1,
        "name": "Прокат холоднокатаный из тонколистовой оцинкованной стали ГОСТ 19904-90",
        "parent": "806b3908-36d2-11ee-b5b0-005056013b0c",
        "archive": false,
        "dateOutputArchive": "0001-01-01T00:00:00Z"
    },
    {
        "guid": "806b3a7a-36d2-11ee-b5b0-005056013b0c",
        "code": 15,
        "name": "Жесть",
        "parent": "806b383d-36d2-11ee-b5b0-005056013b0c",
        "archive": false,
        "dateOutputArchive": "0001-01-01T00:00:00Z"
    },
    {
        "guid": "806b3b45-36d2-11ee-b5b0-005056013b0c",
        "code": 1,
        "name": "Жесть белая",
        "parent": "806b3a7a-36d2-11ee-b5b0-005056013b0c",
        "archive": false,
        "dateOutputArchive": "0001-01-01T00:00:00Z"
    },
    {
        "guid": "806b3bec-36d2-11ee-b5b0-005056013b0c",
        "code": 99,
        "name": "Листы, временно используемые в производстве (доработка складских остатков)",
        "parent": "806b2622-36d2-11ee-b5b0-005056013b0c",
        "archive": false,
        "dateOutputArchive": "0001-01-01T00:00:00Z"
    },
    {
        "guid": "806b3ca6-36d2-11ee-b5b0-005056013b0c",
        "code": 9,
        "name": "Прокат черных металлов",
        "parent": "806b3c24-36d2-11ee-b5b0-005056013b0c",
        "archive": false,
        "dateOutputArchive": "0001-01-01T00:00:00Z"
    },
    {
        "guid": "806b3d27-36d2-11ee-b5b0-005056013b0c",
        "code": 50,
        "name": "Прокат стальной горячекатаный",
        "parent": "806b3ca6-36d2-11ee-b5b0-005056013b0c",
        "archive": false,
        "dateOutputArchive": "0001-01-01T00:00:00Z"
    },
    {
        "guid": "806b3da8-36d2-11ee-b5b0-005056013b0c",
        "code": 1,
        "name": "Прокат сортовой стальной горячекатаный квадратный ГОСТ 2591-2006",
        "parent": "806b3d27-36d2-11ee-b5b0-005056013b0c",
        "archive": false,
        "dateOutputArchive": "0001-01-01T00:00:00Z"
    },
    {
        "guid": "806b3c24-36d2-11ee-b5b0-005056013b0c",
        "code": 2,
        "name": "Квадраты",
        "parent": "806b25a2-36d2-11ee-b5b0-005056013b0c",
        "archive": false,
        "dateOutputArchive": "0001-01-01T00:00:00Z"
    },
    {
        "guid": "806b3e05-36d2-11ee-b5b0-005056013b0c",
        "code": 11,
        "name": "Изделия дальнейшего передела",
        "parent": "806b3c24-36d2-11ee-b5b0-005056013b0c",
        "archive": false,
        "dateOutputArchive": "0001-01-01T00:00:00Z"
    },
    {
        "guid": "806b3e86-36d2-11ee-b5b0-005056013b0c",
        "code": 40,
        "name": "Прокат калиброванный",
        "parent": "806b3e05-36d2-11ee-b5b0-005056013b0c",
        "archive": false,
        "dateOutputArchive": "0001-01-01T00:00:00Z"
    },
    {
        "guid": "806b3f07-36d2-11ee-b5b0-005056013b0c",
        "code": 1,
        "name": "Прокат калиброванный квадратный ГОСТ 8559-75",
        "parent": "806b3e86-36d2-11ee-b5b0-005056013b0c",
        "archive": false,
        "dateOutputArchive": "0001-01-01T00:00:00Z"
    },
    {
        "guid": "806b3f64-36d2-11ee-b5b0-005056013b0c",
        "code": 99,
        "name": "Квадраты, временно используемые в производстве (доработка складских остатков)",
        "parent": "806b3c24-36d2-11ee-b5b0-005056013b0c",
        "archive": false,
        "dateOutputArchive": "0001-01-01T00:00:00Z"
    },
    {
        "guid": "806b3fc1-36d2-11ee-b5b0-005056013b0c",
        "code": 3,
        "name": "Шестигранники",
        "parent": "806b25a2-36d2-11ee-b5b0-005056013b0c",
        "archive": false,
        "dateOutputArchive": "0001-01-01T00:00:00Z"
    },
    {
        "guid": "806b4043-36d2-11ee-b5b0-005056013b0c",
        "code": 9,
        "name": "Прокат черных металлов",
        "parent": "806b3fc1-36d2-11ee-b5b0-005056013b0c",
        "archive": false,
        "dateOutputArchive": "0001-01-01T00:00:00Z"
    },
    {
        "guid": "806b40c4-36d2-11ee-b5b0-005056013b0c",
        "code": 50,
        "name": "Прокат стальной горячекатаный",
        "parent": "806b4043-36d2-11ee-b5b0-005056013b0c",
        "archive": false,
        "dateOutputArchive": "0001-01-01T00:00:00Z"
    },
    {
        "guid": "806b4145-36d2-11ee-b5b0-005056013b0c",
        "code": 1,
        "name": "Прокат сортовой стальной горячекатаный шестигранный ГОСТ 2879-2006",
        "parent": "806b40c4-36d2-11ee-b5b0-005056013b0c",
        "archive": false,
        "dateOutputArchive": "0001-01-01T00:00:00Z"
    },
    {
        "guid": "806b41a2-36d2-11ee-b5b0-005056013b0c",
        "code": 11,
        "name": "Изделия дальнейшего передела",
        "parent": "806b3fc1-36d2-11ee-b5b0-005056013b0c",
        "archive": false,
        "dateOutputArchive": "0001-01-01T00:00:00Z"
    },
    {
        "guid": "806b4223-36d2-11ee-b5b0-005056013b0c",
        "code": 40,
        "name": "Прокат калиброванный",
        "parent": "806b41a2-36d2-11ee-b5b0-005056013b0c",
        "archive": false,
        "dateOutputArchive": "0001-01-01T00:00:00Z"
    },
    {
        "guid": "806b42a4-36d2-11ee-b5b0-005056013b0c",
        "code": 1,
        "name": "Прокат калиброванный шестигранный ГОСТ 8560-78",
        "parent": "806b4223-36d2-11ee-b5b0-005056013b0c",
        "archive": false,
        "dateOutputArchive": "0001-01-01T00:00:00Z"
    },
    {
        "guid": "806b4301-36d2-11ee-b5b0-005056013b0c",
        "code": 99,
        "name": "Шестигранники, временно используемые в производстве (доработка складских остатков)",
        "parent": "806b3fc1-36d2-11ee-b5b0-005056013b0c",
        "archive": false,
        "dateOutputArchive": "0001-01-01T00:00:00Z"
    },
    {
        "guid": "806b435e-36d2-11ee-b5b0-005056013b0c",
        "code": 4,
        "name": "Круги",
        "parent": "806b25a2-36d2-11ee-b5b0-005056013b0c",
        "archive": false,
        "dateOutputArchive": "0001-01-01T00:00:00Z"
    },
    {
        "guid": "806b43ba-36d2-11ee-b5b0-005056013b0c",
        "code": 9,
        "name": "Прокат черных металлов",
        "parent": "806b435e-36d2-11ee-b5b0-005056013b0c",
        "archive": false,
        "dateOutputArchive": "0001-01-01T00:00:00Z"
    },
    {
        "guid": "806b443c-36d2-11ee-b5b0-005056013b0c",
        "code": 30,
        "name": "Прокат стальной горячекатаный низколегированный",
        "parent": "806b43ba-36d2-11ee-b5b0-005056013b0c",
        "archive": false,
        "dateOutputArchive": "0001-01-01T00:00:00Z"
    },
    {
        "guid": "806b44bd-36d2-11ee-b5b0-005056013b0c",
        "code": 1,
        "name": "Прокат сортовой стальной горячекатаный конструкционный низколегированный ГОСТ 2590-2006",
        "parent": "806b443c-36d2-11ee-b5b0-005056013b0c",
        "archive": false,
        "dateOutputArchive": "0001-01-01T00:00:00Z"
    },
    {
        "guid": "806b451a-36d2-11ee-b5b0-005056013b0c",
        "code": 34,
        "name": "Прокат горячекатаный круглый обыкновенного качества",
        "parent": "806b43ba-36d2-11ee-b5b0-005056013b0c",
        "archive": false,
        "dateOutputArchive": "0001-01-01T00:00:00Z"
    },
    {
        "guid": "806b459b-36d2-11ee-b5b0-005056013b0c",
        "code": 1,
        "name": "Прокат сортовой стальной горячекатаный круглый обыкновенного качества ГОСТ 2590-2006",
        "parent": "806b451a-36d2-11ee-b5b0-005056013b0c",
        "archive": false,
        "dateOutputArchive": "0001-01-01T00:00:00Z"
    },
    {
        "guid": "806b45f8-36d2-11ee-b5b0-005056013b0c",
        "code": 50,
        "name": "Прокат стальной горячекатаный",
        "parent": "806b43ba-36d2-11ee-b5b0-005056013b0c",
        "archive": false,
        "dateOutputArchive": "0001-01-01T00:00:00Z"
    },
    {
        "guid": "806b4679-36d2-11ee-b5b0-005056013b0c",
        "code": 1,
        "name": "Прокат сортовой стальной горячекатаный конструкционный углеродистый ГОСТ 2590-2006",
        "parent": "806b45f8-36d2-11ee-b5b0-005056013b0c",
        "archive": false,
        "dateOutputArchive": "0001-01-01T00:00:00Z"
    },
    {
        "guid": "806b46d6-36d2-11ee-b5b0-005056013b0c",
        "code": 2,
        "name": "Прокат сортовой стальной горячекатаный конструкционный легированный ГОСТ 2590-2006",
        "parent": "806b45f8-36d2-11ee-b5b0-005056013b0c",
        "archive": false,
        "dateOutputArchive": "0001-01-01T00:00:00Z"
    },
    {
        "guid": "806b4733-36d2-11ee-b5b0-005056013b0c",
        "code": 3,
        "name": "Прокат сортовой стальной горячекатаный конструкционной по ТУ 14-1-4566-89",
        "parent": "806b45f8-36d2-11ee-b5b0-005056013b0c",
        "archive": false,
        "dateOutputArchive": "0001-01-01T00:00:00Z"
    },
    {
        "guid": "806b4790-36d2-11ee-b5b0-005056013b0c",
        "code": 4,
        "name": "Прокат круглый из рессорно-пружинной углеродистой и легированной стали ГОСТ 2590-2006",
        "parent": "806b45f8-36d2-11ee-b5b0-005056013b0c",
        "archive": false,
        "dateOutputArchive": "0001-01-01T00:00:00Z"
    },
    {
        "guid": "806b47ed-36d2-11ee-b5b0-005056013b0c",
        "code": 51,
        "name": "Прокат для холодного выдавливания и высадки",
        "parent": "806b43ba-36d2-11ee-b5b0-005056013b0c",
        "archive": false,
        "dateOutputArchive": "0001-01-01T00:00:00Z"
    },
    {
        "guid": "806b486e-36d2-11ee-b5b0-005056013b0c",
        "code": 1,
        "name": "Прокат качественный конструкционный углеродистый и легированный для холодного выдавливания и высадки ГОСТ 10702-78",
        "parent": "806b47ed-36d2-11ee-b5b0-005056013b0c",
        "archive": false,
        "dateOutputArchive": "0001-01-01T00:00:00Z"
    },
    {
        "guid": "806b48cb-36d2-11ee-b5b0-005056013b0c",
        "code": 56,
        "name": "Прокат горячекатаный сортовой конструкционный подшипниковый",
        "parent": "806b43ba-36d2-11ee-b5b0-005056013b0c",
        "archive": false,
        "dateOutputArchive": "0001-01-01T00:00:00Z"
    },
    {
        "guid": "806b494c-36d2-11ee-b5b0-005056013b0c",
        "code": 1,
        "name": "Прокат сортовой стальной горячекатаный конструкционный подшипниковый ГОСТ 2590-2006",
        "parent": "806b48cb-36d2-11ee-b5b0-005056013b0c",
        "archive": false,
        "dateOutputArchive": "0001-01-01T00:00:00Z"
    },
    {
        "guid": "806b49a9-36d2-11ee-b5b0-005056013b0c",
        "code": 58,
        "name": "Прокат горячекатаный сортовой конструкционный никельсодержащий",
        "parent": "806b43ba-36d2-11ee-b5b0-005056013b0c",
        "archive": false,
        "dateOutputArchive": "0001-01-01T00:00:00Z"
    },
    {
        "guid": "806b4a2a-36d2-11ee-b5b0-005056013b0c",
        "code": 1,
        "name": "Прокат сортовой стальной горячекатаный конструкционный по ТУ 14-1-1725-76",
        "parent": "806b49a9-36d2-11ee-b5b0-005056013b0c",
        "archive": false,
        "dateOutputArchive": "0001-01-01T00:00:00Z"
    },
    {
        "guid": "806b4a87-36d2-11ee-b5b0-005056013b0c",
        "code": 61,
        "name": "Прокат горячекатаный сортовой инструментальный",
        "parent": "806b43ba-36d2-11ee-b5b0-005056013b0c",
        "archive": false,
        "dateOutputArchive": "0001-01-01T00:00:00Z"
    },
    {
        "guid": "806b4b08-36d2-11ee-b5b0-005056013b0c",
        "code": 1,
        "name": "Прокат сортовой стальной горячекатаный инструментальный нелегированный ГОСТ 2590-2006",
        "parent": "806b4a87-36d2-11ee-b5b0-005056013b0c",
        "archive": false,
        "dateOutputArchive": "0001-01-01T00:00:00Z"
    },
    {
        "guid": "806b4b65-36d2-11ee-b5b0-005056013b0c",
        "code": 63,
        "name": "Прокат горячекатаный сортовой конструкционный коррозионно-стойкий, жаропрочный",
        "parent": "806b43ba-36d2-11ee-b5b0-005056013b0c",
        "archive": false,
        "dateOutputArchive": "0001-01-01T00:00:00Z"
    },
    {
        "guid": "806b4be6-36d2-11ee-b5b0-005056013b0c",
        "code": 1,
        "name": "Прокат сортовой стальной горячекатаный конструкционный коррозионностойкий, жаропрочный ГОСТ 2590-2006",
        "parent": "806b4b65-36d2-11ee-b5b0-005056013b0c",
        "archive": false,
        "dateOutputArchive": "0001-01-01T00:00:00Z"
    },
    {
        "guid": "84f01c49-36d2-11ee-b5b0-005056013b0c",
        "code": 13,
        "name": "Трубы стальные",
        "parent": "84f01bed-36d2-11ee-b5b0-005056013b0c",
        "archive": false,
        "dateOutputArchive": "0001-01-01T00:00:00Z"
    },
    {
        "guid": "806b4c43-36d2-11ee-b5b0-005056013b0c",
        "code": 66,
        "name": "Прокат сортовой из прецизионных сплавов с высоким электрическим сопротивлением",
        "parent": "806b43ba-36d2-11ee-b5b0-005056013b0c",
        "archive": false,
        "dateOutputArchive": "0001-01-01T00:00:00Z"
    },
    {
        "guid": "84f014af-36d2-11ee-b5b0-005056013b0c",
        "code": 1,
        "name": "Прокат сортовой из прецизионных сплавов с высоким электрическим сопротивлением ГОСТ 12766.4-90",
        "parent": "806b4c43-36d2-11ee-b5b0-005056013b0c",
        "archive": false,
        "dateOutputArchive": "0001-01-01T00:00:00Z"
    },
    {
        "guid": "84f0150c-36d2-11ee-b5b0-005056013b0c",
        "code": 70,
        "name": "Поковки",
        "parent": "806b43ba-36d2-11ee-b5b0-005056013b0c",
        "archive": false,
        "dateOutputArchive": "0001-01-01T00:00:00Z"
    },
    {
        "guid": "84f0158d-36d2-11ee-b5b0-005056013b0c",
        "code": 1,
        "name": "Поковки",
        "parent": "84f0150c-36d2-11ee-b5b0-005056013b0c",
        "archive": false,
        "dateOutputArchive": "0001-01-01T00:00:00Z"
    },
    {
        "guid": "84f015ea-36d2-11ee-b5b0-005056013b0c",
        "code": 11,
        "name": "Изделия дальнейшего передела",
        "parent": "806b435e-36d2-11ee-b5b0-005056013b0c",
        "archive": false,
        "dateOutputArchive": "0001-01-01T00:00:00Z"
    },
    {
        "guid": "84f01646-36d2-11ee-b5b0-005056013b0c",
        "code": 40,
        "name": "Прокат калиброванный круглый",
        "parent": "84f015ea-36d2-11ee-b5b0-005056013b0c",
        "archive": false,
        "dateOutputArchive": "0001-01-01T00:00:00Z"
    },
    {
        "guid": "84f016c7-36d2-11ee-b5b0-005056013b0c",
        "code": 1,
        "name": "Прокат калиброванный круглый углеродистый ГОСТ 7417-75",
        "parent": "84f01646-36d2-11ee-b5b0-005056013b0c",
        "archive": false,
        "dateOutputArchive": "0001-01-01T00:00:00Z"
    },
    {
        "guid": "84f01724-36d2-11ee-b5b0-005056013b0c",
        "code": 2,
        "name": "Прокат калиброванный круглый легированный ГОСТ 7417-75",
        "parent": "84f01646-36d2-11ee-b5b0-005056013b0c",
        "archive": false,
        "dateOutputArchive": "0001-01-01T00:00:00Z"
    },
    {
        "guid": "84f01781-36d2-11ee-b5b0-005056013b0c",
        "code": 3,
        "name": "Прокат калиброванный круглый коррозионно-стойкий, жаропрочный ГОСТ 7417-75",
        "parent": "84f01646-36d2-11ee-b5b0-005056013b0c",
        "archive": false,
        "dateOutputArchive": "0001-01-01T00:00:00Z"
    },
    {
        "guid": "84f017de-36d2-11ee-b5b0-005056013b0c",
        "code": 4,
        "name": "Прокат калиброванный круглый из рессорно-пружинной углеродистой и легированной стали ГОСТ 7417-75",
        "parent": "84f01646-36d2-11ee-b5b0-005056013b0c",
        "archive": false,
        "dateOutputArchive": "0001-01-01T00:00:00Z"
    },
    {
        "guid": "84f0183b-36d2-11ee-b5b0-005056013b0c",
        "code": 5,
        "name": "Сталь качественная круглая со специальной отделкой поверхности ГОСТ 14955-77",
        "parent": "84f01646-36d2-11ee-b5b0-005056013b0c",
        "archive": false,
        "dateOutputArchive": "0001-01-01T00:00:00Z"
    },
    {
        "guid": "84f01898-36d2-11ee-b5b0-005056013b0c",
        "code": 6,
        "name": "Прокат калиброванный для холодной высадки",
        "parent": "84f01646-36d2-11ee-b5b0-005056013b0c",
        "archive": false,
        "dateOutputArchive": "0001-01-01T00:00:00Z"
    },
    {
        "guid": "84f018f5-36d2-11ee-b5b0-005056013b0c",
        "code": 7,
        "name": "Шток хромированный",
        "parent": "84f01646-36d2-11ee-b5b0-005056013b0c",
        "archive": false,
        "dateOutputArchive": "0001-01-01T00:00:00Z"
    },
    {
        "guid": "84f01952-36d2-11ee-b5b0-005056013b0c",
        "code": 8,
        "name": "Прокат сортовой холоднотянутый подшипниковый ГОСТ 7417-75",
        "parent": "84f01646-36d2-11ee-b5b0-005056013b0c",
        "archive": false,
        "dateOutputArchive": "0001-01-01T00:00:00Z"
    },
    {
        "guid": "84f019af-36d2-11ee-b5b0-005056013b0c",
        "code": 50,
        "name": "Прокат термически обработанный шлифованный",
        "parent": "84f015ea-36d2-11ee-b5b0-005056013b0c",
        "archive": false,
        "dateOutputArchive": "0001-01-01T00:00:00Z"
    },
    {
        "guid": "84f01a30-36d2-11ee-b5b0-005056013b0c",
        "code": 1,
        "name": "Прутки нагартованные, термически обработанные шлифованные из высоколегированной и коррозионностойкой стали ГОСТ 18907-73",
        "parent": "84f019af-36d2-11ee-b5b0-005056013b0c",
        "archive": false,
        "dateOutputArchive": "0001-01-01T00:00:00Z"
    },
    {
        "guid": "84f01a8d-36d2-11ee-b5b0-005056013b0c",
        "code": 60,
        "name": "Прокат высокой точности",
        "parent": "84f015ea-36d2-11ee-b5b0-005056013b0c",
        "archive": false,
        "dateOutputArchive": "0001-01-01T00:00:00Z"
    },
    {
        "guid": "84f01b33-36d2-11ee-b5b0-005056013b0c",
        "code": 1,
        "name": "Сталь чистотянутая для шпонок ГОСТ 8787-68",
        "parent": "84f01a8d-36d2-11ee-b5b0-005056013b0c",
        "archive": false,
        "dateOutputArchive": "0001-01-01T00:00:00Z"
    },
    {
        "guid": "84f01bb5-36d2-11ee-b5b0-005056013b0c",
        "code": 99,
        "name": "Круги, временно используемые в производстве (доработка складских остатков)",
        "parent": "806b435e-36d2-11ee-b5b0-005056013b0c",
        "archive": false,
        "dateOutputArchive": "0001-01-01T00:00:00Z"
    },
    {
        "guid": "84f01bed-36d2-11ee-b5b0-005056013b0c",
        "code": 5,
        "name": "Трубы",
        "parent": "806b25a2-36d2-11ee-b5b0-005056013b0c",
        "archive": false,
        "dateOutputArchive": "0001-01-01T00:00:00Z"
    },
    {
        "guid": "84f01ca5-36d2-11ee-b5b0-005056013b0c",
        "code": 14,
        "name": "Трубы подшипниковые",
        "parent": "84f01c49-36d2-11ee-b5b0-005056013b0c",
        "archive": false,
        "dateOutputArchive": "0001-01-01T00:00:00Z"
    },
    {
        "guid": "84f01d4d-36d2-11ee-b5b0-005056013b0c",
        "code": 1,
        "name": "Трубы подшипниковые ГОСТ 800-78",
        "parent": "84f01ca5-36d2-11ee-b5b0-005056013b0c",
        "archive": false,
        "dateOutputArchive": "0001-01-01T00:00:00Z"
    },
    {
        "guid": "84f01dcf-36d2-11ee-b5b0-005056013b0c",
        "code": 19,
        "name": "Трубы катаные",
        "parent": "84f01c49-36d2-11ee-b5b0-005056013b0c",
        "archive": false,
        "dateOutputArchive": "0001-01-01T00:00:00Z"
    },
    {
        "guid": "84f01e2b-36d2-11ee-b5b0-005056013b0c",
        "code": 1,
        "name": "Трубы стальные бесшовные горячедеформированные ГОСТ 8732-78",
        "parent": "84f01dcf-36d2-11ee-b5b0-005056013b0c",
        "archive": false,
        "dateOutputArchive": "0001-01-01T00:00:00Z"
    },
    {
        "guid": "84f01ead-36d2-11ee-b5b0-005056013b0c",
        "code": 2,
        "name": "Трубы горячекатаные ТС 257-07",
        "parent": "84f01dcf-36d2-11ee-b5b0-005056013b0c",
        "archive": false,
        "dateOutputArchive": "0001-01-01T00:00:00Z"
    },
    {
        "guid": "84f01f30-36d2-11ee-b5b0-005056013b0c",
        "code": 3,
        "name": "Трубы горячекатаные ТС 77-02",
        "parent": "84f01dcf-36d2-11ee-b5b0-005056013b0c",
        "archive": false,
        "dateOutputArchive": "0001-01-01T00:00:00Z"
    },
    {
        "guid": "8c5aea59-36d2-11ee-b5b0-005056013b0c",
        "code": 1,
        "name": "Профиль ножа",
        "parent": "8c5ae9fd-36d2-11ee-b5b0-005056013b0c",
        "archive": false,
        "dateOutputArchive": "0001-01-01T00:00:00Z"
    },
    {
        "guid": "84f01fb2-36d2-11ee-b5b0-005056013b0c",
        "code": 4,
        "name": "Трубы стальные бесшовные горячекатаные толстостенные из литого слитка ТУ 14-3Р-50-2001",
        "parent": "84f01dcf-36d2-11ee-b5b0-005056013b0c",
        "archive": false,
        "dateOutputArchive": "0001-01-01T00:00:00Z"
    }
]
]]></system-out>
  </testcase>
  <testcase name="getEopList" classname="AutoTest.ClassifierTest" time="1.098">
    <failure message="1 expectation failed.&#10;Response body doesn&apos;t match expectation.&#10;Expected: The content to match the given JSON schema.&#10;error: instance type (integer) does not match any allowed primitive type (allowed: [&quot;string&quot;])&#10;    level: &quot;error&quot;&#10;    schema: {&quot;loadingURI&quot;:&quot;file:/C:/Users/Sasha/Api/target/test-classes/getEopList.json#&quot;,&quot;pointer&quot;:&quot;/items/properties/code&quot;}&#10;    instance: {&quot;pointer&quot;:&quot;/0/code&quot;}&#10;    domain: &quot;validation&quot;&#10;    keyword: &quot;type&quot;&#10;    found: &quot;integer&quot;&#10;    expected: [&quot;string&quot;]&#10;&#10;  Actual: [{guid=806b27a5-36d2-11ee-b5b0-005056013b0c, code=1, name=Прокат толстолистовой горячекатаный из стали повышенной прочности ГОСТ 19903-74, parent=806b26da-36d2-11ee-b5b0-005056013b0c, archive=false, dateOutputArchive=0001-01-01T00:00:00Z}, {guid=806b284d-36d2-11ee-b5b0-005056013b0c, code=2, name=Листы просечно-вытяжные, parent=806b26da-36d2-11ee-b5b0-005056013b0c, archive=false, dateOutputArchive=0001-01-01T00:00:00Z}, {guid=806b28f5-36d2-11ee-b5b0-005056013b0c, code=3, name=Прокат листовой горячекатаный из высококачественной стали повышенной прочности (Швеция), parent=806b26da-36d2-11ee-b5b0-005056013b0c, archive=false, dateOutputArchive=0001-01-01T00:00:00Z}, {guid=806b2977-36d2-11ee-b5b0-005056013b0c, code=72, name=Листы стальные с ромбическим и чечевичным рифлением, parent=806b267e-36d2-11ee-b5b0-005056013b0c, archive=false, dateOutputArchive=0001-01-01T00:00:00Z}, {guid=806b2a42-36d2-11ee-b5b0-005056013b0c, code=1, name=Листы стальные с ромбическим и чечевичным рифлением ГОСТ 8568-77, parent=806b2977-36d2-11ee-b5b0-005056013b0c, archive=false, dateOutputArchive=0001-01-01T00:00:00Z}, {guid=806b2ae9-36d2-11ee-b5b0-005056013b0c, code=81, name=Прокат листовой горячекатаный, parent=806b267e-36d2-11ee-b5b0-005056013b0c, archive=false, dateOutputArchive=0001-01-01T00:00:00Z}, {guid=806b2bb4-36d2-11ee-b5b0-005056013b0c, code=1, name=Прокат листовой горячекатаный из легированной конструкционной стали общего назначения ГОСТ 19903-74, parent=806b2ae9-36d2-11ee-b5b0-005056013b0c, archive=false, dateOutputArchive=0001-01-01T00:00:00Z}, {guid=806b2c5b-36d2-11ee-b5b0-005056013b0c, code=2, name=Прокат листовой горячекатаный из стали углеродистой обыкновенного качества ГОСТ 19903-74, parent=806b2ae9-36d2-11ee-b5b0-005056013b0c, archive=false, dateOutputArchive=0001-01-01T00:00:00Z}, {guid=806b2d02-36d2-11ee-b5b0-005056013b0c, code=3, name=Прокат листовой горячекатаный из конструкционной качественной стали ГОСТ 19903-74, parent=806b2ae9-36d2-11ee-b5b0-005056013b0c, archive=false, dateOutputArchive=0001-01-01T00:00:00Z}, {guid=806b2da9-36d2-11ee-b5b0-005056013b0c, code=4, name=Прокат толстолистовой горячекатаный из легированной стали ГОСТ 19903-74, parent=806b2ae9-36d2-11ee-b5b0-005056013b0c, archive=false, dateOutputArchive=0001-01-01T00:00:00Z}, {guid=806b2e50-36d2-11ee-b5b0-005056013b0c, code=5, name=Прокат толстолистовой горячекатаный из легированной стали, parent=806b2ae9-36d2-11ee-b5b0-005056013b0c, archive=false, dateOutputArchive=0001-01-01T00:00:00Z}, {guid=806b2ef7-36d2-11ee-b5b0-005056013b0c, code=6, name=Прокат горячекатанный ТУ 1-9-1021-84, parent=806b2ae9-36d2-11ee-b5b0-005056013b0c, archive=false, dateOutputArchive=0001-01-01T00:00:00Z}, {guid=806b2f9e-36d2-11ee-b5b0-005056013b0c, code=7, name=Листы спецстали АК, parent=806b2ae9-36d2-11ee-b5b0-005056013b0c, archive=false, dateOutputArchive=0001-01-01T00:00:00Z}, {guid=806b3045-36d2-11ee-b5b0-005056013b0c, code=86, name=Прокат толстолистовой горячекатаный коррозионно-стойкий, жаростойкий и жаропрочный, parent=806b267e-36d2-11ee-b5b0-005056013b0c, archive=false, dateOutputArchive=0001-01-01T00:00:00Z}, {guid=806b3110-36d2-11ee-b5b0-005056013b0c, code=1, name=Прокат листовой горячекатаный коррозионно-стойкий, жаростойкий и жаропрочный ГОСТ 19903-74, parent=806b3045-36d2-11ee-b5b0-005056013b0c, archive=false, dateOutputArchive=0001-01-01T00:00:00Z}, {guid=806b2622-36d2-11ee-b5b0-005056013b0c, code=1, name=Листы, parent=806b25a2-36d2-11ee-b5b0-005056013b0c, archive=false, dateOutputArchive=0001-01-01T00:00:00Z}, {guid=806b267e-36d2-11ee-b5b0-005056013b0c, code=9, name=Прокат черных металлов, parent=806b2622-36d2-11ee-b5b0-005056013b0c, archive=false, dateOutputArchive=0001-01-01T00:00:00Z}, {guid=806b25a2-36d2-11ee-b5b0-005056013b0c, code=1, name=Металлы черные, parent=00000000-0000-0000-0000-000000000000, archive=false, dateOutputArchive=0001-01-01T00:00:00Z}, {guid=806b31b7-36d2-11ee-b5b0-005056013b0c, code=89, name=Листы спецстали, parent=806b267e-36d2-11ee-b5b0-005056013b0c, archive=false, dateOutputArchive=0001-01-01T00:00:00Z}, {guid=806b3282-36d2-11ee-b5b0-005056013b0c, code=1, name=Листы спецстали, parent=806b31b7-36d2-11ee-b5b0-005056013b0c, archive=false, dateOutputArchive=0001-01-01T00:00:00Z}, {guid=806b3329-36d2-11ee-b5b0-005056013b0c, code=91, name=Прокат тонколистовой холоднокатаный, parent=806b267e-36d2-11ee-b5b0-005056013b0c, archive=false, dateOutputArchive=0001-01-01T00:00:00Z}, {guid=806b3385-36d2-11ee-b5b0-005056013b0c, code=1, name=Прокат тонколистовой холоднокатаный из углеродистой стали качественной и обыкновенного качества общего назначения ГОСТ 19904-90, parent=806b3329-36d2-11ee-b5b0-005056013b0c, archive=false, dateOutputArchive=0001-01-01T00:00:00Z}, {guid=806b342c-36d2-11ee-b5b0-005056013b0c, code=2, name=Прокат тонколистовой холоднокатаный из низкоуглеродистой качественной стали для холодной штамповки ГОСТ 19904-90, parent=806b3329-36d2-11ee-b5b0-005056013b0c, archive=false, dateOutputArchive=0001-01-01T00:00:00Z}, {guid=806b34d3-36d2-11ee-b5b0-005056013b0c, code=3, name=Прокат листовой холоднокатаный из легированной конструкционной стали общего назначения ГОСТ 19904-90, parent=806b3329-36d2-11ee-b5b0-005056013b0c, archive=false, dateOutputArchive=0001-01-01T00:00:00Z}, {guid=806b357a-36d2-11ee-b5b0-005056013b0c, code=4, name=Листы перфорированные «ПЕРФОКОМ», parent=806b3329-36d2-11ee-b5b0-005056013b0c, archive=false, dateOutputArchive=0001-01-01T00:00:00Z}, {guid=806b3623-36d2-11ee-b5b0-005056013b0c, code=5, name=Листы перфорированные, parent=806b3329-36d2-11ee-b5b0-005056013b0c, archive=false, dateOutputArchive=0001-01-01T00:00:00Z}, {guid=806b36cb-36d2-11ee-b5b0-005056013b0c, code=93, name=Прокат тонколистовой из коррозионно-стойкой, жаростойкой и жаропрочной стали, parent=806b267e-36d2-11ee-b5b0-005056013b0c, archive=false, dateOutputArchive=0001-01-01T00:00:00Z}, {guid=806b3796-36d2-11ee-b5b0-005056013b0c, code=1, name=Прокат тонколистовой из коррозионно-стойкой, жаростойкой и жаропрочной стали ГОСТ 19904-90, parent=806b36cb-36d2-11ee-b5b0-005056013b0c, archive=false, dateOutputArchive=0001-01-01T00:00:00Z}, {guid=806b383d-36d2-11ee-b5b0-005056013b0c, code=11, name=Изделия дальнейшего передела, parent=806b2622-36d2-11ee-b5b0-005056013b0c, archive=false, dateOutputArchive=0001-01-01T00:00:00Z}, {guid=806b3908-36d2-11ee-b5b0-005056013b0c, code=11, name=Прокат холоднокатаный из тонколистовой оцинкованной стали, parent=806b383d-36d2-11ee-b5b0-005056013b0c, archive=false, dateOutputArchive=0001-01-01T00:00:00Z}, {guid=806b39d3-36d2-11ee-b5b0-005056013b0c, code=1, name=Прокат холоднокатаный из тонколистовой оцинкованной стали ГОСТ 19904-90, parent=806b3908-36d2-11ee-b5b0-005056013b0c, archive=false, dateOutputArchive=0001-01-01T00:00:00Z}, {guid=806b3a7a-36d2-11ee-b5b0-005056013b0c, code=15, name=Жесть, parent=806b383d-36d2-11ee-b5b0-005056013b0c, archive=false, dateOutputArchive=0001-01-01T00:00:00Z}, {guid=806b3b45-36d2-11ee-b5b0-005056013b0c, code=1, name=Жесть белая, parent=806b3a7a-36d2-11ee-b5b0-005056013b0c, archive=false, dateOutputArchive=0001-01-01T00:00:00Z}, {guid=806b3bec-36d2-11ee-b5b0-005056013b0c, code=99, name=Листы, временно используемые в производстве (доработка складских остатков), parent=806b2622-36d2-11ee-b5b0-005056013b0c, archive=false, dateOutputArchive=0001-01-01T00:00:00Z}, {guid=806b3ca6-36d2-11ee-b5b0-005056013b0c, code=9, name=Прокат черных металлов, parent=806b3c24-36d2-11ee-b5b0-005056013b0c, archive=false, dateOutputArchive=0001-01-01T00:00:00Z}, {guid=806b3d27-36d2-11ee-b5b0-005056013b0c, code=50, name=Прокат стальной горячекатаный, parent=806b3ca6-36d2-11ee-b5b0-005056013b0c, archive=false, dateOutputArchive=0001-01-01T00:00:00Z}, {guid=806b3da8-36d2-11ee-b5b0-005056013b0c, code=1, name=Прокат сортовой стальной горячекатаный квадратный ГОСТ 2591-2006, parent=806b3d27-36d2-11ee-b5b0-005056013b0c, archive=false, dateOutputArchive=0001-01-01T00:00:00Z}, {guid=806b3c24-36d2-11ee-b5b0-005056013b0c, code=2, name=Квадраты, parent=806b25a2-36d2-11ee-b5b0-005056013b0c, archive=false, dateOutputArchive=0001-01-01T00:00:00Z}, {guid=806b3e05-36d2-11ee-b5b0-005056013b0c, code=11, name=Изделия дальнейшего передела, parent=806b3c24-36d2-11ee-b5b0-005056013b0c, archive=false, dateOutputArchive=0001-01-01T00:00:00Z}, {guid=806b3e86-36d2-11ee-b5b0-005056013b0c, code=40, name=Прокат калиброванный, parent=806b3e05-36d2-11ee-b5b0-005056013b0c, archive=false, dateOutputArchive=0001-01-01T00:00:00Z}, {guid=806b3f07-36d2-11ee-b5b0-005056013b0c, code=1, name=Прокат калиброванный квадратный ГОСТ 8559-75, parent=806b3e86-36d2-11ee-b5b0-005056013b0c, archive=false, dateOutputArchive=0001-01-01T00:00:00Z}, {guid=806b3f64-36d2-11ee-b5b0-005056013b0c, code=99, name=Квадраты, временно используемые в производстве (доработка складских остатков), parent=806b3c24-36d2-11ee-b5b0-005056013b0c, archive=false, dateOutputArchive=0001-01-01T00:00:00Z}, {guid=806b3fc1-36d2-11ee-b5b0-005056013b0c, code=3, name=Шестигранники, parent=806b25a2-36d2-11ee-b5b0-005056013b0c, archive=false, dateOutputArchive=0001-01-01T00:00:00Z}, {guid=806b4043-36d2-11ee-b5b0-005056013b0c, code=9, name=Прокат черных металлов, parent=806b3fc1-36d2-11ee-b5b0-005056013b0c, archive=false, dateOutputArchive=0001-01-01T00:00:00Z}, {guid=806b40c4-36d2-11ee-b5b0-005056013b0c, code=50, name=Прокат стальной горячекатаный, parent=806b4043-36d2-11ee-b5b0-005056013b0c, archive=false, dateOutputArchive=0001-01-01T00:00:00Z}, {guid=806b4145-36d2-11ee-b5b0-005056013b0c, code=1, name=Прокат сортовой стальной горячекатаный шестигранный ГОСТ 2879-2006, parent=806b40c4-36d2-11ee-b5b0-005056013b0c, archive=false, dateOutputArchive=0001-01-01T00:00:00Z}, {guid=806b41a2-36d2-11ee-b5b0-005056013b0c, code=11, name=Изделия дальнейшего передела, parent=806b3fc1-36d2-11ee-b5b0-005056013b0c, archive=false, dateOutputArchive=0001-01-01T00:00:00Z}, {guid=806b4223-36d2-11ee-b5b0-005056013b0c, code=40, name=Прокат калиброванный, parent=806b41a2-36d2-11ee-b5b0-005056013b0c, archive=false, dateOutputArchive=0001-01-01T00:00:00Z}, {guid=806b42a4-36d2-11ee-b5b0-005056013b0c, code=1, name=Прокат калиброванный шестигранный ГОСТ 8560-78, parent=806b4223-36d2-11ee-b5b0-005056013b0c, archive=false, dateOutputArchive=0001-01-01T00:00:00Z}, {guid=806b4301-36d2-11ee-b5b0-005056013b0c, code=99, name=Шестигранники, временно используемые в производстве (доработка складских остатков), parent=806b3fc1-36d2-11ee-b5b0-005056013b0c, archive=false, dateOutputArchive=0001-01-01T00:00:00Z}, {guid=806b435e-36d2-11ee-b5b0-005056013b0c, code=4, name=Круги, parent=806b25a2-36d2-11ee-b5b0-005056013b0c, archive=false, dateOutputArchive=0001-01-01T00:00:00Z}, {guid=806b43ba-36d2-11ee-b5b0-005056013b0c, code=9, name=Прокат черных металлов, parent=806b435e-36d2-11ee-b5b0-005056013b0c, archive=false, dateOutputArchive=0001-01-01T00:00:00Z}, {guid=806b443c-36d2-11ee-b5b0-005056013b0c, code=30, name=Прокат стальной горячекатаный низколегированный, parent=806b43ba-36d2-11ee-b5b0-005056013b0c, archive=false, dateOutputArchive=0001-01-01T00:00:00Z}, {guid=806b44bd-36d2-11ee-b5b0-005056013b0c, code=1, name=Прокат сортовой стальной горячекатаный конструкционный низколегированный ГОСТ 2590-2006, parent=806b443c-36d2-11ee-b5b0-005056013b0c, archive=false, dateOutputArchive=0001-01-01T00:00:00Z}, {guid=806b451a-36d2-11ee-b5b0-005056013b0c, code=34, name=Прокат горячекатаный круглый обыкновенного качества, parent=806b43ba-36d2-11ee-b5b0-005056013b0c, archive=false, dateOutputArchive=0001-01-01T00:00:00Z}, {guid=806b459b-36d2-11ee-b5b0-005056013b0c, code=1, name=Прокат сортовой стальной горячекатаный круглый обыкновенного качества ГОСТ 2590-2006, parent=806b451a-36d2-11ee-b5b0-005056013b0c, archive=false, dateOutputArchive=0001-01-01T00:00:00Z}, {guid=806b45f8-36d2-11ee-b5b0-005056013b0c, code=50, name=Прокат стальной горячекатаный, parent=806b43ba-36d2-11ee-b5b0-005056013b0c, archive=false, dateOutputArchive=0001-01-01T00:00:00Z}, {guid=806b4679-36d2-11ee-b5b0-005056013b0c, code=1, name=Прокат сортовой стальной горячекатаный конструкционный углеродистый ГОСТ 2590-2006, parent=806b45f8-36d2-11ee-b5b0-005056013b0c, archive=false, dateOutputArchive=0001-01-01T00:00:00Z}, {guid=806b46d6-36d2-11ee-b5b0-005056013b0c, code=2, name=Прокат сортовой стальной горячекатаный конструкционный легированный ГОСТ 2590-2006, parent=806b45f8-36d2-11ee-b5b0-005056013b0c, archive=false, dateOutputArchive=0001-01-01T00:00:00Z}, {guid=806b4733-36d2-11ee-b5b0-005056013b0c, code=3, name=Прокат сортовой стальной горячекатаный конструкционной по ТУ 14-1-4566-89, parent=806b45f8-36d2-11ee-b5b0-005056013b0c, archive=false, dateOutputArchive=0001-01-01T00:00:00Z}, {guid=806b4790-36d2-11ee-b5b0-005056013b0c, code=4, name=Прокат круглый из рессорно-пружинной углеродистой и легированной стали ГОСТ 2590-2006, parent=806b45f8-36d2-11ee-b5b0-005056013b0c, archive=false, dateOutputArchive=0001-01-01T00:00:00Z}, {guid=806b47ed-36d2-11ee-b5b0-005056013b0c, code=51, name=Прокат для холодного выдавливания и высадки, parent=806b43ba-36d2-11ee-b5b0-005056013b0c, archive=false, dateOutputArchive=0001-01-01T00:00:00Z}, {guid=806b486e-36d2-11ee-b5b0-005056013b0c, code=1, name=Прокат качественный конструкционный углеродистый и легированный для холодного выдавливания и высадки ГОСТ 10702-78, parent=806b47ed-36d2-11ee-b5b0-005056013b0c, archive=false, dateOutputArchive=0001-01-01T00:00:00Z}, {guid=806b48cb-36d2-11ee-b5b0-005056013b0c, code=56, name=Прокат горячекатаный сортовой конструкционный подшипниковый, parent=806b43ba-36d2-11ee-b5b0-005056013b0c, archive=false, dateOutputArchive=0001-01-01T00:00:00Z}, {guid=806b494c-36d2-11ee-b5b0-005056013b0c, code=1, name=Прокат сортовой стальной горячекатаный конструкционный подшипниковый ГОСТ 2590-2006, parent=806b48cb-36d2-11ee-b5b0-005056013b0c, archive=false, dateOutputArchive=0001-01-01T00:00:00Z}, {guid=806b49a9-36d2-11ee-b5b0-005056013b0c, code=58, name=Прокат горячекатаный сортовой конструкционный никельсодержащий, parent=806b43ba-36d2-11ee-b5b0-005056013b0c, archive=false, dateOutputArchive=0001-01-01T00:00:00Z}, {guid=806b4a2a-36d2-11ee-b5b0-005056013b0c, code=1, name=Прокат сортовой стальной горячекатаный конструкционный по ТУ 14-1-1725-76, parent=806b49a9-36d2-11ee-b5b0-005056013b0c, archive=false, dateOutputArchive=0001-01-01T00:00:00Z}, {guid=806b4a87-36d2-11ee-b5b0-005056013b0c, code=61, name=Прокат горячекатаный сортовой инструментальный, parent=806b43ba-36d2-11ee-b5b0-005056013b0c, archive=false, dateOutputArchive=0001-01-01T00:00:00Z}, {guid=806b4b08-36d2-11ee-b5b0-005056013b0c, code=1, name=Прокат сортовой стальной горячекатаный инструментальный нелегированный ГОСТ 2590-2006, parent=806b4a87-36d2-11ee-b5b0-005056013b0c, archive=false, dateOutputArchive=0001-01-01T00:00:00Z}, {guid=806b4b65-36d2-11ee-b5b0-005056013b0c, code=63, name=Прокат горячекатаный сортовой конструкционный коррозионно-стойкий, жаропрочный, parent=806b43ba-36d2-11ee-b5b0-005056013b0c, archive=false, dateOutputArchive=0001-01-01T00:00:00Z}, {guid=806b4be6-36d2-11ee-b5b0-005056013b0c, code=1, name=Прокат сортовой стальной горячекатаный конструкционный коррозионностойкий, жаропрочный ГОСТ 2590-2006, parent=806b4b65-36d2-11ee-b5b0-005056013b0c, archive=false, dateOutputArchive=0001-01-01T00:00:00Z}, {guid=84f01c49-36d2-11ee-b5b0-005056013b0c, code=13, name=Трубы стальные, parent=84f01bed-36d2-11ee-b5b0-005056013b0c, archive=false, dateOutputArchive=0001-01-01T00:00:00Z}, {guid=806b4c43-36d2-11ee-b5b0-005056013b0c, code=66, name=Прокат сортовой из прецизионных сплавов с высоким электрическим сопротивлением, parent=806b43ba-36d2-11ee-b5b0-005056013b0c, archive=false, dateOutputArchive=0001-01-01T00:00:00Z}, {guid=84f014af-36d2-11ee-b5b0-005056013b0c, code=1, name=Прокат сортовой из прецизионных сплавов с высоким электрическим сопротивлением ГОСТ 12766.4-90, parent=806b4c43-36d2-11ee-b5b0-005056013b0c, archive=false, dateOutputArchive=0001-01-01T00:00:00Z}, {guid=84f0150c-36d2-11ee-b5b0-005056013b0c, code=70, name=Поковки, parent=806b43ba-36d2-11ee-b5b0-005056013b0c, archive=false, dateOutputArchive=0001-01-01T00:00:00Z}, {guid=84f0158d-36d2-11ee-b5b0-005056013b0c, code=1, name=Поковки, parent=84f0150c-36d2-11ee-b5b0-005056013b0c, archive=false, dateOutputArchive=0001-01-01T00:00:00Z}, {guid=84f015ea-36d2-11ee-b5b0-005056013b0c, code=11, name=Изделия дальнейшего передела, parent=806b435e-36d2-11ee-b5b0-005056013b0c, archive=false, dateOutputArchive=0001-01-01T00:00:00Z}, {guid=84f01646-36d2-11ee-b5b0-005056013b0c, code=40, name=Прокат калиброванный круглый, parent=84f015ea-36d2-11ee-b5b0-005056013b0c, archive=false, dateOutputArchive=0001-01-01T00:00:00Z}, {guid=84f016c7-36d2-11ee-b5b0-005056013b0c, code=1, name=Прокат калиброванный круглый углеродистый ГОСТ 7417-75, parent=84f01646-36d2-11ee-b5b0-005056013b0c, archive=false, dateOutputArchive=0001-01-01T00:00:00Z}, {guid=84f01724-36d2-11ee-b5b0-005056013b0c, code=2, name=Прокат калиброванный круглый легированный ГОСТ 7417-75, parent=84f01646-36d2-11ee-b5b0-005056013b0c, archive=false, dateOutputArchive=0001-01-01T00:00:00Z}, {guid=84f01781-36d2-11ee-b5b0-005056013b0c, code=3, name=Прокат калиброванный круглый коррозионно-стойкий, жаропрочный ГОСТ 7417-75, parent=84f01646-36d2-11ee-b5b0-005056013b0c, archive=false, dateOutputArchive=0001-01-01T00:00:00Z}, {guid=84f017de-36d2-11ee-b5b0-005056013b0c, code=4, name=Прокат калиброванный круглый из рессорно-пружинной углеродистой и легированной стали ГОСТ 7417-75, parent=84f01646-36d2-11ee-b5b0-005056013b0c, archive=false, dateOutputArchive=0001-01-01T00:00:00Z}, {guid=84f0183b-36d2-11ee-b5b0-005056013b0c, code=5, name=Сталь качественная круглая со специальной отделкой поверхности ГОСТ 14955-77, parent=84f01646-36d2-11ee-b5b0-005056013b0c, archive=false, dateOutputArchive=0001-01-01T00:00:00Z}, {guid=84f01898-36d2-11ee-b5b0-005056013b0c, code=6, name=Прокат калиброванный для холодной высадки, parent=84f01646-36d2-11ee-b5b0-005056013b0c, archive=false, dateOutputArchive=0001-01-01T00:00:00Z}, {guid=84f018f5-36d2-11ee-b5b0-005056013b0c, code=7, name=Шток хромированный, parent=84f01646-36d2-11ee-b5b0-005056013b0c, archive=false, dateOutputArchive=0001-01-01T00:00:00Z}, {guid=84f01952-36d2-11ee-b5b0-005056013b0c, code=8, name=Прокат сортовой холоднотянутый подшипниковый ГОСТ 7417-75, parent=84f01646-36d2-11ee-b5b0-005056013b0c, archive=false, dateOutputArchive=0001-01-01T00:00:00Z}, {guid=84f019af-36d2-11ee-b5b0-005056013b0c, code=50, name=Прокат термически обработанный шлифованный, parent=84f015ea-36d2-11ee-b5b0-005056013b0c, archive=false, dateOutputArchive=0001-01-01T00:00:00Z}, {guid=84f01a30-36d2-11ee-b5b0-005056013b0c, code=1, name=Прутки нагартованные, термически обработанные шлифованные из высоколегированной и коррозионностойкой стали ГОСТ 18907-73, parent=84f019af-36d2-11ee-b5b0-005056013b0c, archive=false, dateOutputArchive=0001-01-01T00:00:00Z}, {guid=84f01a8d-36d2-11ee-b5b0-005056013b0c, code=60, name=Прокат высокой точности, parent=84f015ea-36d2-11ee-b5b0-005056013b0c, archive=false, dateOutputArchive=0001-01-01T00:00:00Z}, {guid=84f01b33-36d2-11ee-b5b0-005056013b0c, code=1, name=Сталь чистотянутая для шпонок ГОСТ 8787-68, parent=84f01a8d-36d2-11ee-b5b0-005056013b0c, archive=false, dateOutputArchive=0001-01-01T00:00:00Z}, {guid=84f01bb5-36d2-11ee-b5b0-005056013b0c, code=99, name=Круги, временно используемые в производстве (доработка складских остатков), parent=806b435e-36d2-11ee-b5b0-005056013b0c, archive=false, dateOutputArchive=0001-01-01T00:00:00Z}, {guid=84f01bed-36d2-11ee-b5b0-005056013b0c, code=5, name=Трубы, parent=806b25a2-36d2-11ee-b5b0-005056013b0c, archive=false, dateOutputArchive=0001-01-01T00:00:00Z}, {guid=84f01ca5-36d2-11ee-b5b0-005056013b0c, code=14, name=Трубы подшипниковые, parent=84f01c49-36d2-11ee-b5b0-005056013b0c, archive=false, dateOutputArchive=0001-01-01T00:00:00Z}, {guid=84f01d4d-36d2-11ee-b5b0-005056013b0c, code=1, name=Трубы подшипниковые ГОСТ 800-78, parent=84f01ca5-36d2-11ee-b5b0-005056013b0c, archive=false, dateOutputArchive=0001-01-01T00:00:00Z}, {guid=84f01dcf-36d2-11ee-b5b0-005056013b0c, code=19, name=Трубы катаные, parent=84f01c49-36d2-11ee-b5b0-005056013b0c, archive=false, dateOutputArchive=0001-01-01T00:00:00Z}, {guid=84f01e2b-36d2-11ee-b5b0-005056013b0c, code=1, name=Трубы стальные бесшовные горячедеформированные ГОСТ 8732-78, parent=84f01dcf-36d2-11ee-b5b0-005056013b0c, archive=false, dateOutputArchive=0001-01-01T00:00:00Z}, {guid=84f01ead-36d2-11ee-b5b0-005056013b0c, code=2, name=Трубы горячекатаные ТС 257-07, parent=84f01dcf-36d2-11ee-b5b0-005056013b0c, archive=false, dateOutputArchive=0001-01-01T00:00:00Z}, {guid=84f01f30-36d2-11ee-b5b0-005056013b0c, code=3, name=Трубы горячекатаные ТС 77-02, parent=84f01dcf-36d2-11ee-b5b0-005056013b0c, archive=false, dateOutputArchive=0001-01-01T00:00:00Z}, {guid=8c5aea59-36d2-11ee-b5b0-005056013b0c, code=1, name=Профиль ножа, parent=8c5ae9fd-36d2-11ee-b5b0-005056013b0c, archive=false, dateOutputArchive=0001-01-01T00:00:00Z}, {guid=84f01fb2-36d2-11ee-b5b0-005056013b0c, code=4, name=Трубы стальные бесшовные горячекатаные толстостенные из литого слитка ТУ 14-3Р-50-2001, parent=84f01dcf-36d2-11ee-b5b0-005056013b0c, archive=false, dateOutputArchive=0001-01-01T00:00:00Z}, {guid=84f02034-36d2-11ee-b5b0-005056013b0c, code=5, name=Трубы стальные бесшовные горячедеформированные для нефтегазопроводов ТУ 14-3Р-44-2001, parent=84f01dcf-36d2-11ee-b5b0-005056013b0c, archive=false, dateOutputArchive=0001-01-01T00:00:00Z}, {guid=84f020b6-36d2-11ee-b5b0-005056013b0c, code=6, name=Трубы бесшовные горячедеформированные из коррозионностойкой стали ГОСТ 9940-81, parent=84f01dcf-36d2-11ee-b5b0-005056013b0c, archive=false, dateOutputArchive=0001-01-01T00:00:00Z}, {guid=84f02138-36d2-11ee-b5b0-005056013b0c, code=40, name=Трубы тянутые, parent=84f01c49-36d2-11ee-b5b0-005056013b0c, archive=false, dateOutputArchive=0001-01-01T00:00:00Z}, {guid=84f02194-36d2-11ee-b5b0-005056013b0c, code=1, name=Трубы стальные бесшовные холоднодеформированные ГОСТ 8734-75, parent=84f02138-36d2-11ee-b5b0-005056013b0c, archive=false, dateOutputArchive=0001-01-01T00:00:00Z}, {guid=86635496-36d2-11ee-b5b0-005056013b0c, code=2, name=Трубы стальные электросварные прямошовные ГОСТ 10704-91, parent=84f02138-36d2-11ee-b5b0-005056013b0c, archive=false, dateOutputArchive=0001-01-01T00:00:00Z}, {guid=86635518-36d2-11ee-b5b0-005056013b0c, code=3, name=Трубы стальные электросварные холоднодеформированные для карданных валов ГОСТ 5005-82, parent=84f02138-36d2-11ee-b5b0-005056013b0c, archive=false, dateOutputArchive=0001-01-01T00:00:00Z}, {guid=8663559a-36d2-11ee-b5b0-005056013b0c, code=4, name=Трубы холоднодеформированные ТУ 14-3-575-90, ПР890-2002, parent=84f02138-36d2-11ee-b5b0-005056013b0c, archive=false, dateOutputArchive=0001-01-01T00:00:00Z}, {guid=8663561c-36d2-11ee-b5b0-005056013b0c, code=5, name=Трубы стальные бесшовные высокого давления ГОСТ 11017-80, parent=84f02138-36d2-11ee-b5b0-005056013b0c, archive=false, dateOutputArchive=0001-01-01T00:00:00Z}, {guid=8663569e-36d2-11ee-b5b0-005056013b0c, code=6, name=Трубы стальные бесшовные холоднодеформируемые производства фирмы ШТАУФФ, parent=84f02138-36d2-11ee-b5b0-005056013b0c, archive=false, dateOutputArchive=0001-01-01T00:00:00Z}, {guid=86635720-36d2-11ee-b5b0-005056013b0c, code=44, name=Трубы тянутые прецизионные, прямоугольные, квадратные, parent=84f01c49-36d2-11ee-b5b0-005056013b0c, archive=false, dateOutputArchive=0001-01-01T00:00:00Z}, {guid=8663577c-36d2-11ee-b5b0-005056013b0c, code=1, name=Трубы стальные прецизионные ГОСТ 9567-75, parent=86635720-36d2-11ee-b5b0-005056013b0c, archive=false, dateOutputArchive=0001-01-01T00:00:00Z}, {guid=866357fe-36d2-11ee-b5b0-005056013b0c, code=2, name=Трубы стальные прямоугольные ГОСТ 8645-68, parent=86635720-36d2-11ee-b5b0-005056013b0c, archive=false, dateOutputArchive=0001-01-01T00:00:00Z}, {guid=866358a7-36d2-11ee-b5b0-005056013b0c, code=3, name=Трубы стальные квадратные ГОСТ 8639-82, parent=86635720-36d2-11ee-b5b0-005056013b0c, archive=false, dateOutputArchive=0001-01-01T00:00:00Z}, {guid=86636371-36d2-11ee-b5b0-005056013b0c, code=99, name=Полосы, временно используемые в производстве (доработка складских остатков), parent=86635f07-36d2-11ee-b5b0-005056013b0c, archive=false, dateOutputArchive=0001-01-01T00:00:00Z}, {guid=86635929-36d2-11ee-b5b0-005056013b0c, code=4, name=Профили стальные гнутые замкнутые сварные квадратные и прямоугольные для строительных конструкций, parent=86635720-36d2-11ee-b5b0-005056013b0c, archive=false, dateOutputArchive=0001-01-01T00:00:00Z}, {guid=866359d0-36d2-11ee-b5b0-005056013b0c, code=5, name=Трубы стальные электросварные прямоугольного и квадратного сечения ТУ 14-3-462-76, parent=86635720-36d2-11ee-b5b0-005056013b0c, archive=false, dateOutputArchive=0001-01-01T00:00:00Z}, {guid=86635a77-36d2-11ee-b5b0-005056013b0c, code=6, name=Профили стальные гнутые замкнутые сварные квадратные и прямоугольные ГОСТ 25577-83, parent=86635720-36d2-11ee-b5b0-005056013b0c, archive=false, dateOutputArchive=0001-01-01T00:00:00Z}, {guid=86635b1e-36d2-11ee-b5b0-005056013b0c, code=51, name=Трубы тонкостенные углерод, parent=84f01c49-36d2-11ee-b5b0-005056013b0c, archive=false, dateOutputArchive=0001-01-01T00:00:00Z}, {guid=86635bc4-36d2-11ee-b5b0-005056013b0c, code=1, name=Трубы стальные бесшовные холоднодеформированные для судостроения ГОСТ 1060-83, parent=86635b1e-36d2-11ee-b5b0-005056013b0c, archive=false, dateOutputArchive=0001-01-01T00:00:00Z}, {guid=86635c46-36d2-11ee-b5b0-005056013b0c, code=60, name=Трубы тонкостенные нерж, parent=84f01c49-36d2-11ee-b5b0-005056013b0c, archive=false, dateOutputArchive=0001-01-01T00:00:00Z}, {guid=86635cec-36d2-11ee-b5b0-005056013b0c, code=1, name=Трубы бесшовные холодно и теплодеформированные из коррозионной стали ГОСТ 9941-81, parent=86635c46-36d2-11ee-b5b0-005056013b0c, archive=false, dateOutputArchive=0001-01-01T00:00:00Z}, {guid=86635d6e-36d2-11ee-b5b0-005056013b0c, code=2, name=Трубы стальные бесшовные для маслопроводов и топливопроводов ГОСТ 19277-73, parent=86635c46-36d2-11ee-b5b0-005056013b0c, archive=false, dateOutputArchive=0001-01-01T00:00:00Z}, {guid=86635df0-36d2-11ee-b5b0-005056013b0c, code=85, name=Трубы стальные водогазопроводные, parent=84f01c49-36d2-11ee-b5b0-005056013b0c, archive=false, dateOutputArchive=0001-01-01T00:00:00Z}, {guid=86635e4c-36d2-11ee-b5b0-005056013b0c, code=1, name=Трубы стальные водогазопроводные ГОСТ 3262-75, parent=86635df0-36d2-11ee-b5b0-005056013b0c, archive=false, dateOutputArchive=0001-01-01T00:00:00Z}, {guid=86635f07-36d2-11ee-b5b0-005056013b0c, code=6, name=Полоса, parent=806b25a2-36d2-11ee-b5b0-005056013b0c, archive=false, dateOutputArchive=0001-01-01T00:00:00Z}, {guid=86635f63-36d2-11ee-b5b0-005056013b0c, code=9, name=Прокат черных металлов, parent=86635f07-36d2-11ee-b5b0-005056013b0c, archive=false, dateOutputArchive=0001-01-01T00:00:00Z}, {guid=86635fbf-36d2-11ee-b5b0-005056013b0c, code=50, name=Полоса стальная, parent=86635f63-36d2-11ee-b5b0-005056013b0c, archive=false, dateOutputArchive=0001-01-01T00:00:00Z}, {guid=86636065-36d2-11ee-b5b0-005056013b0c, code=1, name=Прокат сортовой стальной горячекатаный полосовой ГОСТ 103-2006, parent=86635fbf-36d2-11ee-b5b0-005056013b0c, archive=false, dateOutputArchive=0001-01-01T00:00:00Z}, {guid=866360e7-36d2-11ee-b5b0-005056013b0c, code=2, name=Профили стальные холоднодеформированные высокой точности ТУ 14-11-245-88, parent=86635fbf-36d2-11ee-b5b0-005056013b0c, archive=false, dateOutputArchive=0001-01-01T00:00:00Z}, {guid=86636169-36d2-11ee-b5b0-005056013b0c, code=3, name=Прокат сортовой стальной горячекатаный полосовой рессорно-пружинный ГОСТ 7419-90, parent=86635fbf-36d2-11ee-b5b0-005056013b0c, archive=false, dateOutputArchive=0001-01-01T00:00:00Z}, {guid=866361eb-36d2-11ee-b5b0-005056013b0c, code=4, name=Прокат сортовой стальной горячекатаный полосовой ТУ 14-1-5240-93, parent=86635fbf-36d2-11ee-b5b0-005056013b0c, archive=false, dateOutputArchive=0001-01-01T00:00:00Z}, {guid=8663626d-36d2-11ee-b5b0-005056013b0c, code=5, name=Прокат широкополосный универсальный ГОСТ 82-70, parent=86635fbf-36d2-11ee-b5b0-005056013b0c, archive=false, dateOutputArchive=0001-01-01T00:00:00Z}, {guid=866362ef-36d2-11ee-b5b0-005056013b0c, code=6, name=Прокат листовой и полосовой термообработанный повышенного качества ТУ 14-1-4632-93, parent=86635fbf-36d2-11ee-b5b0-005056013b0c, archive=false, dateOutputArchive=0001-01-01T00:00:00Z}, {guid=866363a9-36d2-11ee-b5b0-005056013b0c, code=7, name=Уголки, parent=806b25a2-36d2-11ee-b5b0-005056013b0c, archive=false, dateOutputArchive=0001-01-01T00:00:00Z}, {guid=86636405-36d2-11ee-b5b0-005056013b0c, code=9, name=Прокат черных металлов, parent=866363a9-36d2-11ee-b5b0-005056013b0c, archive=false, dateOutputArchive=0001-01-01T00:00:00Z}, {guid=86636461-36d2-11ee-b5b0-005056013b0c, code=30, name=Уголки стальные, parent=86636405-36d2-11ee-b5b0-005056013b0c, archive=false, dateOutputArchive=0001-01-01T00:00:00Z}, {guid=86636509-36d2-11ee-b5b0-005056013b0c, code=1, name=Уголки стальные горячекатанные равнополочные ГОСТ 8509-93, parent=86636461-36d2-11ee-b5b0-005056013b0c, archive=false, dateOutputArchive=0001-01-01T00:00:00Z}, {guid=8c5aeadb-36d2-11ee-b5b0-005056013b0c, code=2, name=Полоса башмачная для тракторов, parent=8c5ae9fd-36d2-11ee-b5b0-005056013b0c, archive=false, dateOutputArchive=0001-01-01T00:00:00Z}, {guid=866365b1-36d2-11ee-b5b0-005056013b0c, code=2, name=Уголки стальные горячекатанные неравнополочные ГОСТ 8510-86, parent=86636461-36d2-11ee-b5b0-005056013b0c, archive=false, dateOutputArchive=0001-01-01T00:00:00Z}, {guid=86636659-36d2-11ee-b5b0-005056013b0c, code=8, name=Ленты, parent=806b25a2-36d2-11ee-b5b0-005056013b0c, archive=false, dateOutputArchive=0001-01-01T00:00:00Z}, {guid=866366ff-36d2-11ee-b5b0-005056013b0c, code=9, name=Прокат черных металлов, parent=86636659-36d2-11ee-b5b0-005056013b0c, archive=false, dateOutputArchive=0001-01-01T00:00:00Z}, {guid=866367a5-36d2-11ee-b5b0-005056013b0c, code=35, name=Лента стальная горячекатаная, parent=866366ff-36d2-11ee-b5b0-005056013b0c, archive=false, dateOutputArchive=0001-01-01T00:00:00Z}, {guid=8663684b-36d2-11ee-b5b0-005056013b0c, code=1, name=Лента стальная горячекатаная ГОСТ 6009-74, parent=866367a5-36d2-11ee-b5b0-005056013b0c, archive=false, dateOutputArchive=0001-01-01T00:00:00Z}, {guid=866368cd-36d2-11ee-b5b0-005056013b0c, code=12, name=Метизы, parent=86636659-36d2-11ee-b5b0-005056013b0c, archive=false, dateOutputArchive=0001-01-01T00:00:00Z}, {guid=86636973-36d2-11ee-b5b0-005056013b0c, code=30, name=Лента холоднокатаная, parent=866368cd-36d2-11ee-b5b0-005056013b0c, archive=false, dateOutputArchive=0001-01-01T00:00:00Z}, {guid=8c5aeeb4-36d2-11ee-b5b0-005056013b0c, code=9, name=Прокат черных металлов, parent=8c5aee58-36d2-11ee-b5b0-005056013b0c, archive=false, dateOutputArchive=0001-01-01T00:00:00Z}, {guid=86636a19-36d2-11ee-b5b0-005056013b0c, code=1, name=Лента холоднокатаная из низкоуглеродистой стали ГОСТ 503-81, parent=86636973-36d2-11ee-b5b0-005056013b0c, archive=false, dateOutputArchive=0001-01-01T00:00:00Z}, {guid=86636a9b-36d2-11ee-b5b0-005056013b0c, code=2, name=Лента холоднокатаная из инструментальной и пружинной стали ГОСТ 2283-79, parent=86636973-36d2-11ee-b5b0-005056013b0c, archive=false, dateOutputArchive=0001-01-01T00:00:00Z}, {guid=86636b1d-36d2-11ee-b5b0-005056013b0c, code=3, name=Лента холоднокатаная термообработанная ГОСТ 21996-76, parent=86636973-36d2-11ee-b5b0-005056013b0c, archive=false, dateOutputArchive=0001-01-01T00:00:00Z}, {guid=86636b9f-36d2-11ee-b5b0-005056013b0c, code=4, name=Лента стальная упаковочная ГОСТ 3560-73, parent=86636973-36d2-11ee-b5b0-005056013b0c, archive=false, dateOutputArchive=0001-01-01T00:00:00Z}, {guid=86636c21-36d2-11ee-b5b0-005056013b0c, code=5, name=Лента холоднокатаная повышенной точности ГОСТ 19851-74, parent=86636973-36d2-11ee-b5b0-005056013b0c, archive=false, dateOutputArchive=0001-01-01T00:00:00Z}, {guid=86636ca3-36d2-11ee-b5b0-005056013b0c, code=6, name=Лента холоднокатаная ТУ 14-550-6-94, parent=86636973-36d2-11ee-b5b0-005056013b0c, archive=false, dateOutputArchive=0001-01-01T00:00:00Z}, {guid=86636d25-36d2-11ee-b5b0-005056013b0c, code=7, name=Лента холоднокатаная ТУ 14-1-258-72, parent=86636973-36d2-11ee-b5b0-005056013b0c, archive=false, dateOutputArchive=0001-01-01T00:00:00Z}, {guid=86636da7-36d2-11ee-b5b0-005056013b0c, code=8, name=Лента холоднокатаная из углеродистой конструкционной стали ГОСТ 2284-79, parent=86636973-36d2-11ee-b5b0-005056013b0c, archive=false, dateOutputArchive=0001-01-01T00:00:00Z}, {guid=86636e29-36d2-11ee-b5b0-005056013b0c, code=33, name=Лента холоднокатаная нерж, parent=866368cd-36d2-11ee-b5b0-005056013b0c, archive=false, dateOutputArchive=0001-01-01T00:00:00Z}, {guid=86636ecf-36d2-11ee-b5b0-005056013b0c, code=1, name=Лента холоднокатаная из коррозионно-стойкой и жаростойкой стали ГОСТ 4986-79, parent=86636e29-36d2-11ee-b5b0-005056013b0c, archive=false, dateOutputArchive=0001-01-01T00:00:00Z}, {guid=86636f51-36d2-11ee-b5b0-005056013b0c, code=35, name=Лента из сплавов высокого омического сопротивления, parent=866368cd-36d2-11ee-b5b0-005056013b0c, archive=false, dateOutputArchive=0001-01-01T00:00:00Z}, {guid=86636ff7-36d2-11ee-b5b0-005056013b0c, code=1, name=Лента из прецизионных сплавов с высоким электрическим сопротивлением ГОСТ 12766.2-90, parent=86636f51-36d2-11ee-b5b0-005056013b0c, archive=false, dateOutputArchive=0001-01-01T00:00:00Z}, {guid=86637079-36d2-11ee-b5b0-005056013b0c, code=61, name=Лента холоднокатаная из термобиметаллов, parent=866368cd-36d2-11ee-b5b0-005056013b0c, archive=false, dateOutputArchive=0001-01-01T00:00:00Z}, {guid=8663711f-36d2-11ee-b5b0-005056013b0c, code=1, name=Лента холоднокатаная из термобиметаллов ГОСТ 10533-86, parent=86637079-36d2-11ee-b5b0-005056013b0c, archive=false, dateOutputArchive=0001-01-01T00:00:00Z}, {guid=866371a1-36d2-11ee-b5b0-005056013b0c, code=99, name=Ленты, временно используемые в производстве (доработка складских остатков), parent=86636659-36d2-11ee-b5b0-005056013b0c, archive=false, dateOutputArchive=0001-01-01T00:00:00Z}, {guid=86637223-36d2-11ee-b5b0-005056013b0c, code=9, name=Швеллеры, parent=806b25a2-36d2-11ee-b5b0-005056013b0c, archive=false, dateOutputArchive=0001-01-01T00:00:00Z}, {guid=8663727f-36d2-11ee-b5b0-005056013b0c, code=9, name=Прокат черных металлов, parent=86637223-36d2-11ee-b5b0-005056013b0c, archive=false, dateOutputArchive=0001-01-01T00:00:00Z}, {guid=866372db-36d2-11ee-b5b0-005056013b0c, code=25, name=Швеллеры, parent=8663727f-36d2-11ee-b5b0-005056013b0c, archive=false, dateOutputArchive=0001-01-01T00:00:00Z}, {guid=86637337-36d2-11ee-b5b0-005056013b0c, code=1, name=Швеллеры стальные горячекатаные ГОСТ 8240-97, parent=866372db-36d2-11ee-b5b0-005056013b0c, archive=false, dateOutputArchive=0001-01-01T00:00:00Z}, {guid=866373bb-36d2-11ee-b5b0-005056013b0c, code=2, name=Двутавры стальные горячекатанные ГОСТ 8239-89, parent=866372db-36d2-11ee-b5b0-005056013b0c, archive=false, dateOutputArchive=0001-01-01T00:00:00Z}, {guid=8663743d-36d2-11ee-b5b0-005056013b0c, code=3, name=Швеллеры стальные гнутые равнополочные ГОСТ 8278-83, parent=866372db-36d2-11ee-b5b0-005056013b0c, archive=false, dateOutputArchive=0001-01-01T00:00:00Z}, {guid=866374e5-36d2-11ee-b5b0-005056013b0c, code=4, name=Швеллеры стальные гнутые неравнополочные ГОСТ 8281-80, parent=866372db-36d2-11ee-b5b0-005056013b0c, archive=false, dateOutputArchive=0001-01-01T00:00:00Z}, {guid=8663758c-36d2-11ee-b5b0-005056013b0c, code=5, name=Балки двутавровые и швеллеры стальные специальные ГОСТ 19425-74, parent=866372db-36d2-11ee-b5b0-005056013b0c, archive=false, dateOutputArchive=0001-01-01T00:00:00Z}, {guid=8663766a-36d2-11ee-b5b0-005056013b0c, code=12, name=Метизы, parent=8663760e-36d2-11ee-b5b0-005056013b0c, archive=false, dateOutputArchive=0001-01-01T00:00:00Z}, {guid=866376c6-36d2-11ee-b5b0-005056013b0c, code=50, name=Канаты, parent=8663766a-36d2-11ee-b5b0-005056013b0c, archive=false, dateOutputArchive=0001-01-01T00:00:00Z}, {guid=86637747-36d2-11ee-b5b0-005056013b0c, code=1, name=Канат одинарной свивки ТК конструкции 1х19(1+6+12) ГОСТ 3063-80, parent=866376c6-36d2-11ee-b5b0-005056013b0c, archive=false, dateOutputArchive=0001-01-01T00:00:00Z}, {guid=866377a4-36d2-11ee-b5b0-005056013b0c, code=2, name=Канат двойной свивки типа конструкции 6х37(1+6+12+18)+1 о.с. ГОСТ 3071-88, parent=866376c6-36d2-11ee-b5b0-005056013b0c, archive=false, dateOutputArchive=0001-01-01T00:00:00Z}, {guid=86637801-36d2-11ee-b5b0-005056013b0c, code=3, name=Канат двойной свивки типа ЛК-РО конструкции 6х36(1+7+7/7+14)+7х7(1+6) ГОСТ 7669-80, parent=866376c6-36d2-11ee-b5b0-005056013b0c, archive=false, dateOutputArchive=0001-01-01T00:00:00Z}, {guid=8663785e-36d2-11ee-b5b0-005056013b0c, code=4, name=Канат двойной свивки типа ЛК-РО конструкции 6х36(1+7+7/7+14)+ 1 о.с. ГОСТ 7668-80, parent=866376c6-36d2-11ee-b5b0-005056013b0c, archive=false, dateOutputArchive=0001-01-01T00:00:00Z}, {guid=866378bb-36d2-11ee-b5b0-005056013b0c, code=5, name=Канаты стальные авиационные ГОСТ 3241-80, parent=866376c6-36d2-11ee-b5b0-005056013b0c, archive=false, dateOutputArchive=0001-01-01T00:00:00Z}, {guid=86637918-36d2-11ee-b5b0-005056013b0c, code=6, name=Канат стальной ТУ 14-4-412-73, parent=866376c6-36d2-11ee-b5b0-005056013b0c, archive=false, dateOutputArchive=0001-01-01T00:00:00Z}, {guid=86637975-36d2-11ee-b5b0-005056013b0c, code=7, name=Канат стальной двойной свивки типа ТК конструкции 6х19(1+6+12)+1о.с. ГОСТ 3070-80, parent=866376c6-36d2-11ee-b5b0-005056013b0c, archive=false, dateOutputArchive=0001-01-01T00:00:00Z}, {guid=866379d2-36d2-11ee-b5b0-005056013b0c, code=8, name=Канат стальной двойной свивки типа ТК конструкции 6х19(1+6+12)+1х19(1+6+12) ГОСТ 3067-88, parent=866376c6-36d2-11ee-b5b0-005056013b0c, archive=false, dateOutputArchive=0001-01-01T00:00:00Z}, {guid=86637a2f-36d2-11ee-b5b0-005056013b0c, code=9, name=Канат двойной свивки типа ЛК-О конструкции 6х7(1+6)+1х7(1+6) ГОСТ 3066-80, parent=866376c6-36d2-11ee-b5b0-005056013b0c, archive=false, dateOutputArchive=0001-01-01T00:00:00Z}, {guid=86637ae9-36d2-11ee-b5b0-005056013b0c, code=11, name=Канат двойной свивки типа ЛК-Р конструкции 6х19(1+6+6/6)+1о.с. ГОСТ2688-80, parent=866376c6-36d2-11ee-b5b0-005056013b0c, archive=false, dateOutputArchive=0001-01-01T00:00:00Z}, {guid=86637b46-36d2-11ee-b5b0-005056013b0c, code=12, name=Канат двойной свивки типа ЛК-О конструкции 6х19(1+9+9)+1о.с.ГОСТ3077-80, parent=866376c6-36d2-11ee-b5b0-005056013b0c, archive=false, dateOutputArchive=0001-01-01T00:00:00Z}, {guid=8acaf7ed-36d2-11ee-b5b0-005056013b0c, code=13, name=Канат двойной свивки типа ЛК-3 конструкции 6х25 (1+6; 6+12)+1о.с ГОСТ 7665-80, parent=866376c6-36d2-11ee-b5b0-005056013b0c, archive=false, dateOutputArchive=0001-01-01T00:00:00Z}, {guid=8acaf84a-36d2-11ee-b5b0-005056013b0c, code=14, name=Канат одинарной свивки типа ЛК-О конструкции 1х7(1+6) ГОСТ 3062-80, parent=866376c6-36d2-11ee-b5b0-005056013b0c, archive=false, dateOutputArchive=0001-01-01T00:00:00Z}, {guid=8acaf8a7-36d2-11ee-b5b0-005056013b0c, code=15, name=Канат двойной свивки типа ТЛК-О конструкции 6х37(1+6+15+15)+1 о.с. ГОСТ 3079-80, parent=866376c6-36d2-11ee-b5b0-005056013b0c, archive=false, dateOutputArchive=0001-01-01T00:00:00Z}, {guid=8acaf904-36d2-11ee-b5b0-005056013b0c, code=16, name=Канат двойной свивки типа ЛК-Р конструкции 6х19(1+6+6/6)+7х7(1+6) ГОСТ 14954-80, parent=866376c6-36d2-11ee-b5b0-005056013b0c, archive=false, dateOutputArchive=0001-01-01T00:00:00Z}, {guid=8acaf961-36d2-11ee-b5b0-005056013b0c, code=99, name=Канаты, временно используемые в производстве (доработка складских остатков), parent=8663760e-36d2-11ee-b5b0-005056013b0c, archive=false, dateOutputArchive=0001-01-01T00:00:00Z}, {guid=8acaf999-36d2-11ee-b5b0-005056013b0c, code=11, name=Проволока, parent=806b25a2-36d2-11ee-b5b0-005056013b0c, archive=false, dateOutputArchive=0001-01-01T00:00:00Z}, {guid=8acaf9f5-36d2-11ee-b5b0-005056013b0c, code=12, name=Метизы, parent=8acaf999-36d2-11ee-b5b0-005056013b0c, archive=false, dateOutputArchive=0001-01-01T00:00:00Z}, {guid=8acafa51-36d2-11ee-b5b0-005056013b0c, code=10, name=Проволока обыкновенного качества, parent=8acaf9f5-36d2-11ee-b5b0-005056013b0c, archive=false, dateOutputArchive=0001-01-01T00:00:00Z}, {guid=8acafad2-36d2-11ee-b5b0-005056013b0c, code=1, name=Проволока низкоуглеродистая качественная ГОСТ 792-67, parent=8acafa51-36d2-11ee-b5b0-005056013b0c, archive=false, dateOutputArchive=0001-01-01T00:00:00Z}, {guid=8acafb2f-36d2-11ee-b5b0-005056013b0c, code=2, name=Проволока стальная низкоуглеродистая общего назначения ГОСТ 3282-74, parent=8acafa51-36d2-11ee-b5b0-005056013b0c, archive=false, dateOutputArchive=0001-01-01T00:00:00Z}, {guid=8acafb8c-36d2-11ee-b5b0-005056013b0c, code=20, name=Проволока из углеродистых и легированных марок сталей, parent=8acaf9f5-36d2-11ee-b5b0-005056013b0c, archive=false, dateOutputArchive=0001-01-01T00:00:00Z}, {guid=8acafc45-36d2-11ee-b5b0-005056013b0c, code=2, name=Проволока стальная углеродистая пружинная ГОСТ 9389-75, parent=8acafb8c-36d2-11ee-b5b0-005056013b0c, archive=false, dateOutputArchive=0001-01-01T00:00:00Z}, {guid=8acafca2-36d2-11ee-b5b0-005056013b0c, code=3, name=Проволока стальная легированная пружинная ГОСТ 14963-78, parent=8acafb8c-36d2-11ee-b5b0-005056013b0c, archive=false, dateOutputArchive=0001-01-01T00:00:00Z}, {guid=8acafcff-36d2-11ee-b5b0-005056013b0c, code=4, name=Проволока стальная для пружинных шайб ГОСТ 11850-72, parent=8acafb8c-36d2-11ee-b5b0-005056013b0c, archive=false, dateOutputArchive=0001-01-01T00:00:00Z}, {guid=86637a8c-36d2-11ee-b5b0-005056013b0c, code=10, name=Канат двойной свивки многопрядный типа ЛК-Р конструкции 18х19(1+6+6/6)+1о.с. ГОСТ 3088-80, parent=866376c6-36d2-11ee-b5b0-005056013b0c, archive=false, dateOutputArchive=0001-01-01T00:00:00Z}, {guid=8acafbe8-36d2-11ee-b5b0-005056013b0c, code=1, name=Проволока из углеродистой конструкционной стали ГОСТ 17305-91, parent=8acafb8c-36d2-11ee-b5b0-005056013b0c, archive=false, dateOutputArchive=0001-01-01T00:00:00Z}, {guid=8acafd6f-36d2-11ee-b5b0-005056013b0c, code=5, name=Проволока стальная углеродистая для холодной высадки и выдавливания, parent=8acafb8c-36d2-11ee-b5b0-005056013b0c, archive=false, dateOutputArchive=0001-01-01T00:00:00Z}]&#10;" type="java.lang.AssertionError">java.lang.AssertionError: 
1 expectation failed.
Response body doesn't match expectation.
Expected: The content to match the given JSON schema.
error: instance type (integer) does not match any allowed primitive type (allowed: ["string"])
    level: "error"
    schema: {"loadingURI":"file:/C:/Users/Sasha/Api/target/test-classes/getEopList.json#","pointer":"/items/properties/code"}
    instance: {"pointer":"/0/code"}
    domain: "validation"
    keyword: "type"
    found: "integer"
    expected: ["string"]

  Actual: [{guid=806b27a5-36d2-11ee-b5b0-005056013b0c, code=1, name=Прокат толстолистовой горячекатаный из стали повышенной прочности ГОСТ 19903-74, parent=806b26da-36d2-11ee-b5b0-005056013b0c, archive=false, dateOutputArchive=0001-01-01T00:00:00Z}, {guid=806b284d-36d2-11ee-b5b0-005056013b0c, code=2, name=Листы просечно-вытяжные, parent=806b26da-36d2-11ee-b5b0-005056013b0c, archive=false, dateOutputArchive=0001-01-01T00:00:00Z}, {guid=806b28f5-36d2-11ee-b5b0-005056013b0c, code=3, name=Прокат листовой горячекатаный из высококачественной стали повышенной прочности (Швеция), parent=806b26da-36d2-11ee-b5b0-005056013b0c, archive=false, dateOutputArchive=0001-01-01T00:00:00Z}, {guid=806b2977-36d2-11ee-b5b0-005056013b0c, code=72, name=Листы стальные с ромбическим и чечевичным рифлением, parent=806b267e-36d2-11ee-b5b0-005056013b0c, archive=false, dateOutputArchive=0001-01-01T00:00:00Z}, {guid=806b2a42-36d2-11ee-b5b0-005056013b0c, code=1, name=Листы стальные с ромбическим и чечевичным рифлением ГОСТ 8568-77, parent=806b2977-36d2-11ee-b5b0-005056013b0c, archive=false, dateOutputArchive=0001-01-01T00:00:00Z}, {guid=806b2ae9-36d2-11ee-b5b0-005056013b0c, code=81, name=Прокат листовой горячекатаный, parent=806b267e-36d2-11ee-b5b0-005056013b0c, archive=false, dateOutputArchive=0001-01-01T00:00:00Z}, {guid=806b2bb4-36d2-11ee-b5b0-005056013b0c, code=1, name=Прокат листовой горячекатаный из легированной конструкционной стали общего назначения ГОСТ 19903-74, parent=806b2ae9-36d2-11ee-b5b0-005056013b0c, archive=false, dateOutputArchive=0001-01-01T00:00:00Z}, {guid=806b2c5b-36d2-11ee-b5b0-005056013b0c, code=2, name=Прокат листовой горячекатаный из стали углеродистой обыкновенного качества ГОСТ 19903-74, parent=806b2ae9-36d2-11ee-b5b0-005056013b0c, archive=false, dateOutputArchive=0001-01-01T00:00:00Z}, {guid=806b2d02-36d2-11ee-b5b0-005056013b0c, code=3, name=Прокат листовой горячекатаный из конструкционной качественной стали ГОСТ 19903-74, parent=806b2ae9-36d2-11ee-b5b0-005056013b0c, archive=false, dateOutputArchive=0001-01-01T00:00:00Z}, {guid=806b2da9-36d2-11ee-b5b0-005056013b0c, code=4, name=Прокат толстолистовой горячекатаный из легированной стали ГОСТ 19903-74, parent=806b2ae9-36d2-11ee-b5b0-005056013b0c, archive=false, dateOutputArchive=0001-01-01T00:00:00Z}, {guid=806b2e50-36d2-11ee-b5b0-005056013b0c, code=5, name=Прокат толстолистовой горячекатаный из легированной стали, parent=806b2ae9-36d2-11ee-b5b0-005056013b0c, archive=false, dateOutputArchive=0001-01-01T00:00:00Z}, {guid=806b2ef7-36d2-11ee-b5b0-005056013b0c, code=6, name=Прокат горячекатанный ТУ 1-9-1021-84, parent=806b2ae9-36d2-11ee-b5b0-005056013b0c, archive=false, dateOutputArchive=0001-01-01T00:00:00Z}, {guid=806b2f9e-36d2-11ee-b5b0-005056013b0c, code=7, name=Листы спецстали АК, parent=806b2ae9-36d2-11ee-b5b0-005056013b0c, archive=false, dateOutputArchive=0001-01-01T00:00:00Z}, {guid=806b3045-36d2-11ee-b5b0-005056013b0c, code=86, name=Прокат толстолистовой горячекатаный коррозионно-стойкий, жаростойкий и жаропрочный, parent=806b267e-36d2-11ee-b5b0-005056013b0c, archive=false, dateOutputArchive=0001-01-01T00:00:00Z}, {guid=806b3110-36d2-11ee-b5b0-005056013b0c, code=1, name=Прокат листовой горячекатаный коррозионно-стойкий, жаростойкий и жаропрочный ГОСТ 19903-74, parent=806b3045-36d2-11ee-b5b0-005056013b0c, archive=false, dateOutputArchive=0001-01-01T00:00:00Z}, {guid=806b2622-36d2-11ee-b5b0-005056013b0c, code=1, name=Листы, parent=806b25a2-36d2-11ee-b5b0-005056013b0c, archive=false, dateOutputArchive=0001-01-01T00:00:00Z}, {guid=806b267e-36d2-11ee-b5b0-005056013b0c, code=9, name=Прокат черных металлов, parent=806b2622-36d2-11ee-b5b0-005056013b0c, archive=false, dateOutputArchive=0001-01-01T00:00:00Z}, {guid=806b25a2-36d2-11ee-b5b0-005056013b0c, code=1, name=Металлы черные, parent=00000000-0000-0000-0000-000000000000, archive=false, dateOutputArchive=0001-01-01T00:00:00Z}, {guid=806b31b7-36d2-11ee-b5b0-005056013b0c, code=89, name=Листы спецстали, parent=806b267e-36d2-11ee-b5b0-005056013b0c, archive=false, dateOutputArchive=0001-01-01T00:00:00Z}, {guid=806b3282-36d2-11ee-b5b0-005056013b0c, code=1, name=Листы спецстали, parent=806b31b7-36d2-11ee-b5b0-005056013b0c, archive=false, dateOutputArchive=0001-01-01T00:00:00Z}, {guid=806b3329-36d2-11ee-b5b0-005056013b0c, code=91, name=Прокат тонколистовой холоднокатаный, parent=806b267e-36d2-11ee-b5b0-005056013b0c, archive=false, dateOutputArchive=0001-01-01T00:00:00Z}, {guid=806b3385-36d2-11ee-b5b0-005056013b0c, code=1, name=Прокат тонколистовой холоднокатаный из углеродистой стали качественной и обыкновенного качества общего назначения ГОСТ 19904-90, parent=806b3329-36d2-11ee-b5b0-005056013b0c, archive=false, dateOutputArchive=0001-01-01T00:00:00Z}, {guid=806b342c-36d2-11ee-b5b0-005056013b0c, code=2, name=Прокат тонколистовой холоднокатаный из низкоуглеродистой качественной стали для холодной штамповки ГОСТ 19904-90, parent=806b3329-36d2-11ee-b5b0-005056013b0c, archive=false, dateOutputArchive=0001-01-01T00:00:00Z}, {guid=806b34d3-36d2-11ee-b5b0-005056013b0c, code=3, name=Прокат листовой холоднокатаный из легированной конструкционной стали общего назначения ГОСТ 19904-90, parent=806b3329-36d2-11ee-b5b0-005056013b0c, archive=false, dateOutputArchive=0001-01-01T00:00:00Z}, {guid=806b357a-36d2-11ee-b5b0-005056013b0c, code=4, name=Листы перфорированные «ПЕРФОКОМ», parent=806b3329-36d2-11ee-b5b0-005056013b0c, archive=false, dateOutputArchive=0001-01-01T00:00:00Z}, {guid=806b3623-36d2-11ee-b5b0-005056013b0c, code=5, name=Листы перфорированные, parent=806b3329-36d2-11ee-b5b0-005056013b0c, archive=false, dateOutputArchive=0001-01-01T00:00:00Z}, {guid=806b36cb-36d2-11ee-b5b0-005056013b0c, code=93, name=Прокат тонколистовой из коррозионно-стойкой, жаростойкой и жаропрочной стали, parent=806b267e-36d2-11ee-b5b0-005056013b0c, archive=false, dateOutputArchive=0001-01-01T00:00:00Z}, {guid=806b3796-36d2-11ee-b5b0-005056013b0c, code=1, name=Прокат тонколистовой из коррозионно-стойкой, жаростойкой и жаропрочной стали ГОСТ 19904-90, parent=806b36cb-36d2-11ee-b5b0-005056013b0c, archive=false, dateOutputArchive=0001-01-01T00:00:00Z}, {guid=806b383d-36d2-11ee-b5b0-005056013b0c, code=11, name=Изделия дальнейшего передела, parent=806b2622-36d2-11ee-b5b0-005056013b0c, archive=false, dateOutputArchive=0001-01-01T00:00:00Z}, {guid=806b3908-36d2-11ee-b5b0-005056013b0c, code=11, name=Прокат холоднокатаный из тонколистовой оцинкованной стали, parent=806b383d-36d2-11ee-b5b0-005056013b0c, archive=false, dateOutputArchive=0001-01-01T00:00:00Z}, {guid=806b39d3-36d2-11ee-b5b0-005056013b0c, code=1, name=Прокат холоднокатаный из тонколистовой оцинкованной стали ГОСТ 19904-90, parent=806b3908-36d2-11ee-b5b0-005056013b0c, archive=false, dateOutputArchive=0001-01-01T00:00:00Z}, {guid=806b3a7a-36d2-11ee-b5b0-005056013b0c, code=15, name=Жесть, parent=806b383d-36d2-11ee-b5b0-005056013b0c, archive=false, dateOutputArchive=0001-01-01T00:00:00Z}, {guid=806b3b45-36d2-11ee-b5b0-005056013b0c, code=1, name=Жесть белая, parent=806b3a7a-36d2-11ee-b5b0-005056013b0c, archive=false, dateOutputArchive=0001-01-01T00:00:00Z}, {guid=806b3bec-36d2-11ee-b5b0-005056013b0c, code=99, name=Листы, временно используемые в производстве (доработка складских остатков), parent=806b2622-36d2-11ee-b5b0-005056013b0c, archive=false, dateOutputArchive=0001-01-01T00:00:00Z}, {guid=806b3ca6-36d2-11ee-b5b0-005056013b0c, code=9, name=Прокат черных металлов, parent=806b3c24-36d2-11ee-b5b0-005056013b0c, archive=false, dateOutputArchive=0001-01-01T00:00:00Z}, {guid=806b3d27-36d2-11ee-b5b0-005056013b0c, code=50, name=Прокат стальной горячекатаный, parent=806b3ca6-36d2-11ee-b5b0-005056013b0c, archive=false, dateOutputArchive=0001-01-01T00:00:00Z}, {guid=806b3da8-36d2-11ee-b5b0-005056013b0c, code=1, name=Прокат сортовой стальной горячекатаный квадратный ГОСТ 2591-2006, parent=806b3d27-36d2-11ee-b5b0-005056013b0c, archive=false, dateOutputArchive=0001-01-01T00:00:00Z}, {guid=806b3c24-36d2-11ee-b5b0-005056013b0c, code=2, name=Квадраты, parent=806b25a2-36d2-11ee-b5b0-005056013b0c, archive=false, dateOutputArchive=0001-01-01T00:00:00Z}, {guid=806b3e05-36d2-11ee-b5b0-005056013b0c, code=11, name=Изделия дальнейшего передела, parent=806b3c24-36d2-11ee-b5b0-005056013b0c, archive=false, dateOutputArchive=0001-01-01T00:00:00Z}, {guid=806b3e86-36d2-11ee-b5b0-005056013b0c, code=40, name=Прокат калиброванный, parent=806b3e05-36d2-11ee-b5b0-005056013b0c, archive=false, dateOutputArchive=0001-01-01T00:00:00Z}, {guid=806b3f07-36d2-11ee-b5b0-005056013b0c, code=1, name=Прокат калиброванный квадратный ГОСТ 8559-75, parent=806b3e86-36d2-11ee-b5b0-005056013b0c, archive=false, dateOutputArchive=0001-01-01T00:00:00Z}, {guid=806b3f64-36d2-11ee-b5b0-005056013b0c, code=99, name=Квадраты, временно используемые в производстве (доработка складских остатков), parent=806b3c24-36d2-11ee-b5b0-005056013b0c, archive=false, dateOutputArchive=0001-01-01T00:00:00Z}, {guid=806b3fc1-36d2-11ee-b5b0-005056013b0c, code=3, name=Шестигранники, parent=806b25a2-36d2-11ee-b5b0-005056013b0c, archive=false, dateOutputArchive=0001-01-01T00:00:00Z}, {guid=806b4043-36d2-11ee-b5b0-005056013b0c, code=9, name=Прокат черных металлов, parent=806b3fc1-36d2-11ee-b5b0-005056013b0c, archive=false, dateOutputArchive=0001-01-01T00:00:00Z}, {guid=806b40c4-36d2-11ee-b5b0-005056013b0c, code=50, name=Прокат стальной горячекатаный, parent=806b4043-36d2-11ee-b5b0-005056013b0c, archive=false, dateOutputArchive=0001-01-01T00:00:00Z}, {guid=806b4145-36d2-11ee-b5b0-005056013b0c, code=1, name=Прокат сортовой стальной горячекатаный шестигранный ГОСТ 2879-2006, parent=806b40c4-36d2-11ee-b5b0-005056013b0c, archive=false, dateOutputArchive=0001-01-01T00:00:00Z}, {guid=806b41a2-36d2-11ee-b5b0-005056013b0c, code=11, name=Изделия дальнейшего передела, parent=806b3fc1-36d2-11ee-b5b0-005056013b0c, archive=false, dateOutputArchive=0001-01-01T00:00:00Z}, {guid=806b4223-36d2-11ee-b5b0-005056013b0c, code=40, name=Прокат калиброванный, parent=806b41a2-36d2-11ee-b5b0-005056013b0c, archive=false, dateOutputArchive=0001-01-01T00:00:00Z}, {guid=806b42a4-36d2-11ee-b5b0-005056013b0c, code=1, name=Прокат калиброванный шестигранный ГОСТ 8560-78, parent=806b4223-36d2-11ee-b5b0-005056013b0c, archive=false, dateOutputArchive=0001-01-01T00:00:00Z}, {guid=806b4301-36d2-11ee-b5b0-005056013b0c, code=99, name=Шестигранники, временно используемые в производстве (доработка складских остатков), parent=806b3fc1-36d2-11ee-b5b0-005056013b0c, archive=false, dateOutputArchive=0001-01-01T00:00:00Z}, {guid=806b435e-36d2-11ee-b5b0-005056013b0c, code=4, name=Круги, parent=806b25a2-36d2-11ee-b5b0-005056013b0c, archive=false, dateOutputArchive=0001-01-01T00:00:00Z}, {guid=806b43ba-36d2-11ee-b5b0-005056013b0c, code=9, name=Прокат черных металлов, parent=806b435e-36d2-11ee-b5b0-005056013b0c, archive=false, dateOutputArchive=0001-01-01T00:00:00Z}, {guid=806b443c-36d2-11ee-b5b0-005056013b0c, code=30, name=Прокат стальной горячекатаный низколегированный, parent=806b43ba-36d2-11ee-b5b0-005056013b0c, archive=false, dateOutputArchive=0001-01-01T00:00:00Z}, {guid=806b44bd-36d2-11ee-b5b0-005056013b0c, code=1, name=Прокат сортовой стальной горячекатаный конструкционный низколегированный ГОСТ 2590-2006, parent=806b443c-36d2-11ee-b5b0-005056013b0c, archive=false, dateOutputArchive=0001-01-01T00:00:00Z}, {guid=806b451a-36d2-11ee-b5b0-005056013b0c, code=34, name=Прокат горячекатаный круглый обыкновенного качества, parent=806b43ba-36d2-11ee-b5b0-005056013b0c, archive=false, dateOutputArchive=0001-01-01T00:00:00Z}, {guid=806b459b-36d2-11ee-b5b0-005056013b0c, code=1, name=Прокат сортовой стальной горячекатаный круглый обыкновенного качества ГОСТ 2590-2006, parent=806b451a-36d2-11ee-b5b0-005056013b0c, archive=false, dateOutputArchive=0001-01-01T00:00:00Z}, {guid=806b45f8-36d2-11ee-b5b0-005056013b0c, code=50, name=Прокат стальной горячекатаный, parent=806b43ba-36d2-11ee-b5b0-005056013b0c, archive=false, dateOutputArchive=0001-01-01T00:00:00Z}, {guid=806b4679-36d2-11ee-b5b0-005056013b0c, code=1, name=Прокат сортовой стальной горячекатаный конструкционный углеродистый ГОСТ 2590-2006, parent=806b45f8-36d2-11ee-b5b0-005056013b0c, archive=false, dateOutputArchive=0001-01-01T00:00:00Z}, {guid=806b46d6-36d2-11ee-b5b0-005056013b0c, code=2, name=Прокат сортовой стальной горячекатаный конструкционный легированный ГОСТ 2590-2006, parent=806b45f8-36d2-11ee-b5b0-005056013b0c, archive=false, dateOutputArchive=0001-01-01T00:00:00Z}, {guid=806b4733-36d2-11ee-b5b0-005056013b0c, code=3, name=Прокат сортовой стальной горячекатаный конструкционной по ТУ 14-1-4566-89, parent=806b45f8-36d2-11ee-b5b0-005056013b0c, archive=false, dateOutputArchive=0001-01-01T00:00:00Z}, {guid=806b4790-36d2-11ee-b5b0-005056013b0c, code=4, name=Прокат круглый из рессорно-пружинной углеродистой и легированной стали ГОСТ 2590-2006, parent=806b45f8-36d2-11ee-b5b0-005056013b0c, archive=false, dateOutputArchive=0001-01-01T00:00:00Z}, {guid=806b47ed-36d2-11ee-b5b0-005056013b0c, code=51, name=Прокат для холодного выдавливания и высадки, parent=806b43ba-36d2-11ee-b5b0-005056013b0c, archive=false, dateOutputArchive=0001-01-01T00:00:00Z}, {guid=806b486e-36d2-11ee-b5b0-005056013b0c, code=1, name=Прокат качественный конструкционный углеродистый и легированный для холодного выдавливания и высадки ГОСТ 10702-78, parent=806b47ed-36d2-11ee-b5b0-005056013b0c, archive=false, dateOutputArchive=0001-01-01T00:00:00Z}, {guid=806b48cb-36d2-11ee-b5b0-005056013b0c, code=56, name=Прокат горячекатаный сортовой конструкционный подшипниковый, parent=806b43ba-36d2-11ee-b5b0-005056013b0c, archive=false, dateOutputArchive=0001-01-01T00:00:00Z}, {guid=806b494c-36d2-11ee-b5b0-005056013b0c, code=1, name=Прокат сортовой стальной горячекатаный конструкционный подшипниковый ГОСТ 2590-2006, parent=806b48cb-36d2-11ee-b5b0-005056013b0c, archive=false, dateOutputArchive=0001-01-01T00:00:00Z}, {guid=806b49a9-36d2-11ee-b5b0-005056013b0c, code=58, name=Прокат горячекатаный сортовой конструкционный никельсодержащий, parent=806b43ba-36d2-11ee-b5b0-005056013b0c, archive=false, dateOutputArchive=0001-01-01T00:00:00Z}, {guid=806b4a2a-36d2-11ee-b5b0-005056013b0c, code=1, name=Прокат сортовой стальной горячекатаный конструкционный по ТУ 14-1-1725-76, parent=806b49a9-36d2-11ee-b5b0-005056013b0c, archive=false, dateOutputArchive=0001-01-01T00:00:00Z}, {guid=806b4a87-36d2-11ee-b5b0-005056013b0c, code=61, name=Прокат горячекатаный сортовой инструментальный, parent=806b43ba-36d2-11ee-b5b0-005056013b0c, archive=false, dateOutputArchive=0001-01-01T00:00:00Z}, {guid=806b4b08-36d2-11ee-b5b0-005056013b0c, code=1, name=Прокат сортовой стальной горячекатаный инструментальный нелегированный ГОСТ 2590-2006, parent=806b4a87-36d2-11ee-b5b0-005056013b0c, archive=false, dateOutputArchive=0001-01-01T00:00:00Z}, {guid=806b4b65-36d2-11ee-b5b0-005056013b0c, code=63, name=Прокат горячекатаный сортовой конструкционный коррозионно-стойкий, жаропрочный, parent=806b43ba-36d2-11ee-b5b0-005056013b0c, archive=false, dateOutputArchive=0001-01-01T00:00:00Z}, {guid=806b4be6-36d2-11ee-b5b0-005056013b0c, code=1, name=Прокат сортовой стальной горячекатаный конструкционный коррозионностойкий, жаропрочный ГОСТ 2590-2006, parent=806b4b65-36d2-11ee-b5b0-005056013b0c, archive=false, dateOutputArchive=0001-01-01T00:00:00Z}, {guid=84f01c49-36d2-11ee-b5b0-005056013b0c, code=13, name=Трубы стальные, parent=84f01bed-36d2-11ee-b5b0-005056013b0c, archive=false, dateOutputArchive=0001-01-01T00:00:00Z}, {guid=806b4c43-36d2-11ee-b5b0-005056013b0c, code=66, name=Прокат сортовой из прецизионных сплавов с высоким электрическим сопротивлением, parent=806b43ba-36d2-11ee-b5b0-005056013b0c, archive=false, dateOutputArchive=0001-01-01T00:00:00Z}, {guid=84f014af-36d2-11ee-b5b0-005056013b0c, code=1, name=Прокат сортовой из прецизионных сплавов с высоким электрическим сопротивлением ГОСТ 12766.4-90, parent=806b4c43-36d2-11ee-b5b0-005056013b0c, archive=false, dateOutputArchive=0001-01-01T00:00:00Z}, {guid=84f0150c-36d2-11ee-b5b0-005056013b0c, code=70, name=Поковки, parent=806b43ba-36d2-11ee-b5b0-005056013b0c, archive=false, dateOutputArchive=0001-01-01T00:00:00Z}, {guid=84f0158d-36d2-11ee-b5b0-005056013b0c, code=1, name=Поковки, parent=84f0150c-36d2-11ee-b5b0-005056013b0c, archive=false, dateOutputArchive=0001-01-01T00:00:00Z}, {guid=84f015ea-36d2-11ee-b5b0-005056013b0c, code=11, name=Изделия дальнейшего передела, parent=806b435e-36d2-11ee-b5b0-005056013b0c, archive=false, dateOutputArchive=0001-01-01T00:00:00Z}, {guid=84f01646-36d2-11ee-b5b0-005056013b0c, code=40, name=Прокат калиброванный круглый, parent=84f015ea-36d2-11ee-b5b0-005056013b0c, archive=false, dateOutputArchive=0001-01-01T00:00:00Z}, {guid=84f016c7-36d2-11ee-b5b0-005056013b0c, code=1, name=Прокат калиброванный круглый углеродистый ГОСТ 7417-75, parent=84f01646-36d2-11ee-b5b0-005056013b0c, archive=false, dateOutputArchive=0001-01-01T00:00:00Z}, {guid=84f01724-36d2-11ee-b5b0-005056013b0c, code=2, name=Прокат калиброванный круглый легированный ГОСТ 7417-75, parent=84f01646-36d2-11ee-b5b0-005056013b0c, archive=false, dateOutputArchive=0001-01-01T00:00:00Z}, {guid=84f01781-36d2-11ee-b5b0-005056013b0c, code=3, name=Прокат калиброванный круглый коррозионно-стойкий, жаропрочный ГОСТ 7417-75, parent=84f01646-36d2-11ee-b5b0-005056013b0c, archive=false, dateOutputArchive=0001-01-01T00:00:00Z}, {guid=84f017de-36d2-11ee-b5b0-005056013b0c, code=4, name=Прокат калиброванный круглый из рессорно-пружинной углеродистой и легированной стали ГОСТ 7417-75, parent=84f01646-36d2-11ee-b5b0-005056013b0c, archive=false, dateOutputArchive=0001-01-01T00:00:00Z}, {guid=84f0183b-36d2-11ee-b5b0-005056013b0c, code=5, name=Сталь качественная круглая со специальной отделкой поверхности ГОСТ 14955-77, parent=84f01646-36d2-11ee-b5b0-005056013b0c, archive=false, dateOutputArchive=0001-01-01T00:00:00Z}, {guid=84f01898-36d2-11ee-b5b0-005056013b0c, code=6, name=Прокат калиброванный для холодной высадки, parent=84f01646-36d2-11ee-b5b0-005056013b0c, archive=false, dateOutputArchive=0001-01-01T00:00:00Z}, {guid=84f018f5-36d2-11ee-b5b0-005056013b0c, code=7, name=Шток хромированный, parent=84f01646-36d2-11ee-b5b0-005056013b0c, archive=false, dateOutputArchive=0001-01-01T00:00:00Z}, {guid=84f01952-36d2-11ee-b5b0-005056013b0c, code=8, name=Прокат сортовой холоднотянутый подшипниковый ГОСТ 7417-75, parent=84f01646-36d2-11ee-b5b0-005056013b0c, archive=false, dateOutputArchive=0001-01-01T00:00:00Z}, {guid=84f019af-36d2-11ee-b5b0-005056013b0c, code=50, name=Прокат термически обработанный шлифованный, parent=84f015ea-36d2-11ee-b5b0-005056013b0c, archive=false, dateOutputArchive=0001-01-01T00:00:00Z}, {guid=84f01a30-36d2-11ee-b5b0-005056013b0c, code=1, name=Прутки нагартованные, термически обработанные шлифованные из высоколегированной и коррозионностойкой стали ГОСТ 18907-73, parent=84f019af-36d2-11ee-b5b0-005056013b0c, archive=false, dateOutputArchive=0001-01-01T00:00:00Z}, {guid=84f01a8d-36d2-11ee-b5b0-005056013b0c, code=60, name=Прокат высокой точности, parent=84f015ea-36d2-11ee-b5b0-005056013b0c, archive=false, dateOutputArchive=0001-01-01T00:00:00Z}, {guid=84f01b33-36d2-11ee-b5b0-005056013b0c, code=1, name=Сталь чистотянутая для шпонок ГОСТ 8787-68, parent=84f01a8d-36d2-11ee-b5b0-005056013b0c, archive=false, dateOutputArchive=0001-01-01T00:00:00Z}, {guid=84f01bb5-36d2-11ee-b5b0-005056013b0c, code=99, name=Круги, временно используемые в производстве (доработка складских остатков), parent=806b435e-36d2-11ee-b5b0-005056013b0c, archive=false, dateOutputArchive=0001-01-01T00:00:00Z}, {guid=84f01bed-36d2-11ee-b5b0-005056013b0c, code=5, name=Трубы, parent=806b25a2-36d2-11ee-b5b0-005056013b0c, archive=false, dateOutputArchive=0001-01-01T00:00:00Z}, {guid=84f01ca5-36d2-11ee-b5b0-005056013b0c, code=14, name=Трубы подшипниковые, parent=84f01c49-36d2-11ee-b5b0-005056013b0c, archive=false, dateOutputArchive=0001-01-01T00:00:00Z}, {guid=84f01d4d-36d2-11ee-b5b0-005056013b0c, code=1, name=Трубы подшипниковые ГОСТ 800-78, parent=84f01ca5-36d2-11ee-b5b0-005056013b0c, archive=false, dateOutputArchive=0001-01-01T00:00:00Z}, {guid=84f01dcf-36d2-11ee-b5b0-005056013b0c, code=19, name=Трубы катаные, parent=84f01c49-36d2-11ee-b5b0-005056013b0c, archive=false, dateOutputArchive=0001-01-01T00:00:00Z}, {guid=84f01e2b-36d2-11ee-b5b0-005056013b0c, code=1, name=Трубы стальные бесшовные горячедеформированные ГОСТ 8732-78, parent=84f01dcf-36d2-11ee-b5b0-005056013b0c, archive=false, dateOutputArchive=0001-01-01T00:00:00Z}, {guid=84f01ead-36d2-11ee-b5b0-005056013b0c, code=2, name=Трубы горячекатаные ТС 257-07, parent=84f01dcf-36d2-11ee-b5b0-005056013b0c, archive=false, dateOutputArchive=0001-01-01T00:00:00Z}, {guid=84f01f30-36d2-11ee-b5b0-005056013b0c, code=3, name=Трубы горячекатаные ТС 77-02, parent=84f01dcf-36d2-11ee-b5b0-005056013b0c, archive=false, dateOutputArchive=0001-01-01T00:00:00Z}, {guid=8c5aea59-36d2-11ee-b5b0-005056013b0c, code=1, name=Профиль ножа, parent=8c5ae9fd-36d2-11ee-b5b0-005056013b0c, archive=false, dateOutputArchive=0001-01-01T00:00:00Z}, {guid=84f01fb2-36d2-11ee-b5b0-005056013b0c, code=4, name=Трубы стальные бесшовные горячекатаные толстостенные из литого слитка ТУ 14-3Р-50-2001, parent=84f01dcf-36d2-11ee-b5b0-005056013b0c, archive=false, dateOutputArchive=0001-01-01T00:00:00Z}, {guid=84f02034-36d2-11ee-b5b0-005056013b0c, code=5, name=Трубы стальные бесшовные горячедеформированные для нефтегазопроводов ТУ 14-3Р-44-2001, parent=84f01dcf-36d2-11ee-b5b0-005056013b0c, archive=false, dateOutputArchive=0001-01-01T00:00:00Z}, {guid=84f020b6-36d2-11ee-b5b0-005056013b0c, code=6, name=Трубы бесшовные горячедеформированные из коррозионностойкой стали ГОСТ 9940-81, parent=84f01dcf-36d2-11ee-b5b0-005056013b0c, archive=false, dateOutputArchive=0001-01-01T00:00:00Z}, {guid=84f02138-36d2-11ee-b5b0-005056013b0c, code=40, name=Трубы тянутые, parent=84f01c49-36d2-11ee-b5b0-005056013b0c, archive=false, dateOutputArchive=0001-01-01T00:00:00Z}, {guid=84f02194-36d2-11ee-b5b0-005056013b0c, code=1, name=Трубы стальные бесшовные холоднодеформированные ГОСТ 8734-75, parent=84f02138-36d2-11ee-b5b0-005056013b0c, archive=false, dateOutputArchive=0001-01-01T00:00:00Z}, {guid=86635496-36d2-11ee-b5b0-005056013b0c, code=2, name=Трубы стальные электросварные прямошовные ГОСТ 10704-91, parent=84f02138-36d2-11ee-b5b0-005056013b0c, archive=false, dateOutputArchive=0001-01-01T00:00:00Z}, {guid=86635518-36d2-11ee-b5b0-005056013b0c, code=3, name=Трубы стальные электросварные холоднодеформированные для карданных валов ГОСТ 5005-82, parent=84f02138-36d2-11ee-b5b0-005056013b0c, archive=false, dateOutputArchive=0001-01-01T00:00:00Z}, {guid=8663559a-36d2-11ee-b5b0-005056013b0c, code=4, name=Трубы холоднодеформированные ТУ 14-3-575-90, ПР890-2002, parent=84f02138-36d2-11ee-b5b0-005056013b0c, archive=false, dateOutputArchive=0001-01-01T00:00:00Z}, {guid=8663561c-36d2-11ee-b5b0-005056013b0c, code=5, name=Трубы стальные бесшовные высокого давления ГОСТ 11017-80, parent=84f02138-36d2-11ee-b5b0-005056013b0c, archive=false, dateOutputArchive=0001-01-01T00:00:00Z}, {guid=8663569e-36d2-11ee-b5b0-005056013b0c, code=6, name=Трубы стальные бесшовные холоднодеформируемые производства фирмы ШТАУФФ, parent=84f02138-36d2-11ee-b5b0-005056013b0c, archive=false, dateOutputArchive=0001-01-01T00:00:00Z}, {guid=86635720-36d2-11ee-b5b0-005056013b0c, code=44, name=Трубы тянутые прецизионные, прямоугольные, квадратные, parent=84f01c49-36d2-11ee-b5b0-005056013b0c, archive=false, dateOutputArchive=0001-01-01T00:00:00Z}, {guid=8663577c-36d2-11ee-b5b0-005056013b0c, code=1, name=Трубы стальные прецизионные ГОСТ 9567-75, parent=86635720-36d2-11ee-b5b0-005056013b0c, archive=false, dateOutputArchive=0001-01-01T00:00:00Z}, {guid=866357fe-36d2-11ee-b5b0-005056013b0c, code=2, name=Трубы стальные прямоугольные ГОСТ 8645-68, parent=86635720-36d2-11ee-b5b0-005056013b0c, archive=false, dateOutputArchive=0001-01-01T00:00:00Z}, {guid=866358a7-36d2-11ee-b5b0-005056013b0c, code=3, name=Трубы стальные квадратные ГОСТ 8639-82, parent=86635720-36d2-11ee-b5b0-005056013b0c, archive=false, dateOutputArchive=0001-01-01T00:00:00Z}, {guid=86636371-36d2-11ee-b5b0-005056013b0c, code=99, name=Полосы, временно используемые в производстве (доработка складских остатков), parent=86635f07-36d2-11ee-b5b0-005056013b0c, archive=false, dateOutputArchive=0001-01-01T00:00:00Z}, {guid=86635929-36d2-11ee-b5b0-005056013b0c, code=4, name=Профили стальные гнутые замкнутые сварные квадратные и прямоугольные для строительных конструкций, parent=86635720-36d2-11ee-b5b0-005056013b0c, archive=false, dateOutputArchive=0001-01-01T00:00:00Z}, {guid=866359d0-36d2-11ee-b5b0-005056013b0c, code=5, name=Трубы стальные электросварные прямоугольного и квадратного сечения ТУ 14-3-462-76, parent=86635720-36d2-11ee-b5b0-005056013b0c, archive=false, dateOutputArchive=0001-01-01T00:00:00Z}, {guid=86635a77-36d2-11ee-b5b0-005056013b0c, code=6, name=Профили стальные гнутые замкнутые сварные квадратные и прямоугольные ГОСТ 25577-83, parent=86635720-36d2-11ee-b5b0-005056013b0c, archive=false, dateOutputArchive=0001-01-01T00:00:00Z}, {guid=86635b1e-36d2-11ee-b5b0-005056013b0c, code=51, name=Трубы тонкостенные углерод, parent=84f01c49-36d2-11ee-b5b0-005056013b0c, archive=false, dateOutputArchive=0001-01-01T00:00:00Z}, {guid=86635bc4-36d2-11ee-b5b0-005056013b0c, code=1, name=Трубы стальные бесшовные холоднодеформированные для судостроения ГОСТ 1060-83, parent=86635b1e-36d2-11ee-b5b0-005056013b0c, archive=false, dateOutputArchive=0001-01-01T00:00:00Z}, {guid=86635c46-36d2-11ee-b5b0-005056013b0c, code=60, name=Трубы тонкостенные нерж, parent=84f01c49-36d2-11ee-b5b0-005056013b0c, archive=false, dateOutputArchive=0001-01-01T00:00:00Z}, {guid=86635cec-36d2-11ee-b5b0-005056013b0c, code=1, name=Трубы бесшовные холодно и теплодеформированные из коррозионной стали ГОСТ 9941-81, parent=86635c46-36d2-11ee-b5b0-005056013b0c, archive=false, dateOutputArchive=0001-01-01T00:00:00Z}, {guid=86635d6e-36d2-11ee-b5b0-005056013b0c, code=2, name=Трубы стальные бесшовные для маслопроводов и топливопроводов ГОСТ 19277-73, parent=86635c46-36d2-11ee-b5b0-005056013b0c, archive=false, dateOutputArchive=0001-01-01T00:00:00Z}, {guid=86635df0-36d2-11ee-b5b0-005056013b0c, code=85, name=Трубы стальные водогазопроводные, parent=84f01c49-36d2-11ee-b5b0-005056013b0c, archive=false, dateOutputArchive=0001-01-01T00:00:00Z}, {guid=86635e4c-36d2-11ee-b5b0-005056013b0c, code=1, name=Трубы стальные водогазопроводные ГОСТ 3262-75, parent=86635df0-36d2-11ee-b5b0-005056013b0c, archive=false, dateOutputArchive=0001-01-01T00:00:00Z}, {guid=86635f07-36d2-11ee-b5b0-005056013b0c, code=6, name=Полоса, parent=806b25a2-36d2-11ee-b5b0-005056013b0c, archive=false, dateOutputArchive=0001-01-01T00:00:00Z}, {guid=86635f63-36d2-11ee-b5b0-005056013b0c, code=9, name=Прокат черных металлов, parent=86635f07-36d2-11ee-b5b0-005056013b0c, archive=false, dateOutputArchive=0001-01-01T00:00:00Z}, {guid=86635fbf-36d2-11ee-b5b0-005056013b0c, code=50, name=Полоса стальная, parent=86635f63-36d2-11ee-b5b0-005056013b0c, archive=false, dateOutputArchive=0001-01-01T00:00:00Z}, {guid=86636065-36d2-11ee-b5b0-005056013b0c, code=1, name=Прокат сортовой стальной горячекатаный полосовой ГОСТ 103-2006, parent=86635fbf-36d2-11ee-b5b0-005056013b0c, archive=false, dateOutputArchive=0001-01-01T00:00:00Z}, {guid=866360e7-36d2-11ee-b5b0-005056013b0c, code=2, name=Профили стальные холоднодеформированные высокой точности ТУ 14-11-245-88, parent=86635fbf-36d2-11ee-b5b0-005056013b0c, archive=false, dateOutputArchive=0001-01-01T00:00:00Z}, {guid=86636169-36d2-11ee-b5b0-005056013b0c, code=3, name=Прокат сортовой стальной горячекатаный полосовой рессорно-пружинный ГОСТ 7419-90, parent=86635fbf-36d2-11ee-b5b0-005056013b0c, archive=false, dateOutputArchive=0001-01-01T00:00:00Z}, {guid=866361eb-36d2-11ee-b5b0-005056013b0c, code=4, name=Прокат сортовой стальной горячекатаный полосовой ТУ 14-1-5240-93, parent=86635fbf-36d2-11ee-b5b0-005056013b0c, archive=false, dateOutputArchive=0001-01-01T00:00:00Z}, {guid=8663626d-36d2-11ee-b5b0-005056013b0c, code=5, name=Прокат широкополосный универсальный ГОСТ 82-70, parent=86635fbf-36d2-11ee-b5b0-005056013b0c, archive=false, dateOutputArchive=0001-01-01T00:00:00Z}, {guid=866362ef-36d2-11ee-b5b0-005056013b0c, code=6, name=Прокат листовой и полосовой термообработанный повышенного качества ТУ 14-1-4632-93, parent=86635fbf-36d2-11ee-b5b0-005056013b0c, archive=false, dateOutputArchive=0001-01-01T00:00:00Z}, {guid=866363a9-36d2-11ee-b5b0-005056013b0c, code=7, name=Уголки, parent=806b25a2-36d2-11ee-b5b0-005056013b0c, archive=false, dateOutputArchive=0001-01-01T00:00:00Z}, {guid=86636405-36d2-11ee-b5b0-005056013b0c, code=9, name=Прокат черных металлов, parent=866363a9-36d2-11ee-b5b0-005056013b0c, archive=false, dateOutputArchive=0001-01-01T00:00:00Z}, {guid=86636461-36d2-11ee-b5b0-005056013b0c, code=30, name=Уголки стальные, parent=86636405-36d2-11ee-b5b0-005056013b0c, archive=false, dateOutputArchive=0001-01-01T00:00:00Z}, {guid=86636509-36d2-11ee-b5b0-005056013b0c, code=1, name=Уголки стальные горячекатанные равнополочные ГОСТ 8509-93, parent=86636461-36d2-11ee-b5b0-005056013b0c, archive=false, dateOutputArchive=0001-01-01T00:00:00Z}, {guid=8c5aeadb-36d2-11ee-b5b0-005056013b0c, code=2, name=Полоса башмачная для тракторов, parent=8c5ae9fd-36d2-11ee-b5b0-005056013b0c, archive=false, dateOutputArchive=0001-01-01T00:00:00Z}, {guid=866365b1-36d2-11ee-b5b0-005056013b0c, code=2, name=Уголки стальные горячекатанные неравнополочные ГОСТ 8510-86, parent=86636461-36d2-11ee-b5b0-005056013b0c, archive=false, dateOutputArchive=0001-01-01T00:00:00Z}, {guid=86636659-36d2-11ee-b5b0-005056013b0c, code=8, name=Ленты, parent=806b25a2-36d2-11ee-b5b0-005056013b0c, archive=false, dateOutputArchive=0001-01-01T00:00:00Z}, {guid=866366ff-36d2-11ee-b5b0-005056013b0c, code=9, name=Прокат черных металлов, parent=86636659-36d2-11ee-b5b0-005056013b0c, archive=false, dateOutputArchive=0001-01-01T00:00:00Z}, {guid=866367a5-36d2-11ee-b5b0-005056013b0c, code=35, name=Лента стальная горячекатаная, parent=866366ff-36d2-11ee-b5b0-005056013b0c, archive=false, dateOutputArchive=0001-01-01T00:00:00Z}, {guid=8663684b-36d2-11ee-b5b0-005056013b0c, code=1, name=Лента стальная горячекатаная ГОСТ 6009-74, parent=866367a5-36d2-11ee-b5b0-005056013b0c, archive=false, dateOutputArchive=0001-01-01T00:00:00Z}, {guid=866368cd-36d2-11ee-b5b0-005056013b0c, code=12, name=Метизы, parent=86636659-36d2-11ee-b5b0-005056013b0c, archive=false, dateOutputArchive=0001-01-01T00:00:00Z}, {guid=86636973-36d2-11ee-b5b0-005056013b0c, code=30, name=Лента холоднокатаная, parent=866368cd-36d2-11ee-b5b0-005056013b0c, archive=false, dateOutputArchive=0001-01-01T00:00:00Z}, {guid=8c5aeeb4-36d2-11ee-b5b0-005056013b0c, code=9, name=Прокат черных металлов, parent=8c5aee58-36d2-11ee-b5b0-005056013b0c, archive=false, dateOutputArchive=0001-01-01T00:00:00Z}, {guid=86636a19-36d2-11ee-b5b0-005056013b0c, code=1, name=Лента холоднокатаная из низкоуглеродистой стали ГОСТ 503-81, parent=86636973-36d2-11ee-b5b0-005056013b0c, archive=false, dateOutputArchive=0001-01-01T00:00:00Z}, {guid=86636a9b-36d2-11ee-b5b0-005056013b0c, code=2, name=Лента холоднокатаная из инструментальной и пружинной стали ГОСТ 2283-79, parent=86636973-36d2-11ee-b5b0-005056013b0c, archive=false, dateOutputArchive=0001-01-01T00:00:00Z}, {guid=86636b1d-36d2-11ee-b5b0-005056013b0c, code=3, name=Лента холоднокатаная термообработанная ГОСТ 21996-76, parent=86636973-36d2-11ee-b5b0-005056013b0c, archive=false, dateOutputArchive=0001-01-01T00:00:00Z}, {guid=86636b9f-36d2-11ee-b5b0-005056013b0c, code=4, name=Лента стальная упаковочная ГОСТ 3560-73, parent=86636973-36d2-11ee-b5b0-005056013b0c, archive=false, dateOutputArchive=0001-01-01T00:00:00Z}, {guid=86636c21-36d2-11ee-b5b0-005056013b0c, code=5, name=Лента холоднокатаная повышенной точности ГОСТ 19851-74, parent=86636973-36d2-11ee-b5b0-005056013b0c, archive=false, dateOutputArchive=0001-01-01T00:00:00Z}, {guid=86636ca3-36d2-11ee-b5b0-005056013b0c, code=6, name=Лента холоднокатаная ТУ 14-550-6-94, parent=86636973-36d2-11ee-b5b0-005056013b0c, archive=false, dateOutputArchive=0001-01-01T00:00:00Z}, {guid=86636d25-36d2-11ee-b5b0-005056013b0c, code=7, name=Лента холоднокатаная ТУ 14-1-258-72, parent=86636973-36d2-11ee-b5b0-005056013b0c, archive=false, dateOutputArchive=0001-01-01T00:00:00Z}, {guid=86636da7-36d2-11ee-b5b0-005056013b0c, code=8, name=Лента холоднокатаная из углеродистой конструкционной стали ГОСТ 2284-79, parent=86636973-36d2-11ee-b5b0-005056013b0c, archive=false, dateOutputArchive=0001-01-01T00:00:00Z}, {guid=86636e29-36d2-11ee-b5b0-005056013b0c, code=33, name=Лента холоднокатаная нерж, parent=866368cd-36d2-11ee-b5b0-005056013b0c, archive=false, dateOutputArchive=0001-01-01T00:00:00Z}, {guid=86636ecf-36d2-11ee-b5b0-005056013b0c, code=1, name=Лента холоднокатаная из коррозионно-стойкой и жаростойкой стали ГОСТ 4986-79, parent=86636e29-36d2-11ee-b5b0-005056013b0c, archive=false, dateOutputArchive=0001-01-01T00:00:00Z}, {guid=86636f51-36d2-11ee-b5b0-005056013b0c, code=35, name=Лента из сплавов высокого омического сопротивления, parent=866368cd-36d2-11ee-b5b0-005056013b0c, archive=false, dateOutputArchive=0001-01-01T00:00:00Z}, {guid=86636ff7-36d2-11ee-b5b0-005056013b0c, code=1, name=Лента из прецизионных сплавов с высоким электрическим сопротивлением ГОСТ 12766.2-90, parent=86636f51-36d2-11ee-b5b0-005056013b0c, archive=false, dateOutputArchive=0001-01-01T00:00:00Z}, {guid=86637079-36d2-11ee-b5b0-005056013b0c, code=61, name=Лента холоднокатаная из термобиметаллов, parent=866368cd-36d2-11ee-b5b0-005056013b0c, archive=false, dateOutputArchive=0001-01-01T00:00:00Z}, {guid=8663711f-36d2-11ee-b5b0-005056013b0c, code=1, name=Лента холоднокатаная из термобиметаллов ГОСТ 10533-86, parent=86637079-36d2-11ee-b5b0-005056013b0c, archive=false, dateOutputArchive=0001-01-01T00:00:00Z}, {guid=866371a1-36d2-11ee-b5b0-005056013b0c, code=99, name=Ленты, временно используемые в производстве (доработка складских остатков), parent=86636659-36d2-11ee-b5b0-005056013b0c, archive=false, dateOutputArchive=0001-01-01T00:00:00Z}, {guid=86637223-36d2-11ee-b5b0-005056013b0c, code=9, name=Швеллеры, parent=806b25a2-36d2-11ee-b5b0-005056013b0c, archive=false, dateOutputArchive=0001-01-01T00:00:00Z}, {guid=8663727f-36d2-11ee-b5b0-005056013b0c, code=9, name=Прокат черных металлов, parent=86637223-36d2-11ee-b5b0-005056013b0c, archive=false, dateOutputArchive=0001-01-01T00:00:00Z}, {guid=866372db-36d2-11ee-b5b0-005056013b0c, code=25, name=Швеллеры, parent=8663727f-36d2-11ee-b5b0-005056013b0c, archive=false, dateOutputArchive=0001-01-01T00:00:00Z}, {guid=86637337-36d2-11ee-b5b0-005056013b0c, code=1, name=Швеллеры стальные горячекатаные ГОСТ 8240-97, parent=866372db-36d2-11ee-b5b0-005056013b0c, archive=false, dateOutputArchive=0001-01-01T00:00:00Z}, {guid=866373bb-36d2-11ee-b5b0-005056013b0c, code=2, name=Двутавры стальные горячекатанные ГОСТ 8239-89, parent=866372db-36d2-11ee-b5b0-005056013b0c, archive=false, dateOutputArchive=0001-01-01T00:00:00Z}, {guid=8663743d-36d2-11ee-b5b0-005056013b0c, code=3, name=Швеллеры стальные гнутые равнополочные ГОСТ 8278-83, parent=866372db-36d2-11ee-b5b0-005056013b0c, archive=false, dateOutputArchive=0001-01-01T00:00:00Z}, {guid=866374e5-36d2-11ee-b5b0-005056013b0c, code=4, name=Швеллеры стальные гнутые неравнополочные ГОСТ 8281-80, parent=866372db-36d2-11ee-b5b0-005056013b0c, archive=false, dateOutputArchive=0001-01-01T00:00:00Z}, {guid=8663758c-36d2-11ee-b5b0-005056013b0c, code=5, name=Балки двутавровые и швеллеры стальные специальные ГОСТ 19425-74, parent=866372db-36d2-11ee-b5b0-005056013b0c, archive=false, dateOutputArchive=0001-01-01T00:00:00Z}, {guid=8663766a-36d2-11ee-b5b0-005056013b0c, code=12, name=Метизы, parent=8663760e-36d2-11ee-b5b0-005056013b0c, archive=false, dateOutputArchive=0001-01-01T00:00:00Z}, {guid=866376c6-36d2-11ee-b5b0-005056013b0c, code=50, name=Канаты, parent=8663766a-36d2-11ee-b5b0-005056013b0c, archive=false, dateOutputArchive=0001-01-01T00:00:00Z}, {guid=86637747-36d2-11ee-b5b0-005056013b0c, code=1, name=Канат одинарной свивки ТК конструкции 1х19(1+6+12) ГОСТ 3063-80, parent=866376c6-36d2-11ee-b5b0-005056013b0c, archive=false, dateOutputArchive=0001-01-01T00:00:00Z}, {guid=866377a4-36d2-11ee-b5b0-005056013b0c, code=2, name=Канат двойной свивки типа конструкции 6х37(1+6+12+18)+1 о.с. ГОСТ 3071-88, parent=866376c6-36d2-11ee-b5b0-005056013b0c, archive=false, dateOutputArchive=0001-01-01T00:00:00Z}, {guid=86637801-36d2-11ee-b5b0-005056013b0c, code=3, name=Канат двойной свивки типа ЛК-РО конструкции 6х36(1+7+7/7+14)+7х7(1+6) ГОСТ 7669-80, parent=866376c6-36d2-11ee-b5b0-005056013b0c, archive=false, dateOutputArchive=0001-01-01T00:00:00Z}, {guid=8663785e-36d2-11ee-b5b0-005056013b0c, code=4, name=Канат двойной свивки типа ЛК-РО конструкции 6х36(1+7+7/7+14)+ 1 о.с. ГОСТ 7668-80, parent=866376c6-36d2-11ee-b5b0-005056013b0c, archive=false, dateOutputArchive=0001-01-01T00:00:00Z}, {guid=866378bb-36d2-11ee-b5b0-005056013b0c, code=5, name=Канаты стальные авиационные ГОСТ 3241-80, parent=866376c6-36d2-11ee-b5b0-005056013b0c, archive=false, dateOutputArchive=0001-01-01T00:00:00Z}, {guid=86637918-36d2-11ee-b5b0-005056013b0c, code=6, name=Канат стальной ТУ 14-4-412-73, parent=866376c6-36d2-11ee-b5b0-005056013b0c, archive=false, dateOutputArchive=0001-01-01T00:00:00Z}, {guid=86637975-36d2-11ee-b5b0-005056013b0c, code=7, name=Канат стальной двойной свивки типа ТК конструкции 6х19(1+6+12)+1о.с. ГОСТ 3070-80, parent=866376c6-36d2-11ee-b5b0-005056013b0c, archive=false, dateOutputArchive=0001-01-01T00:00:00Z}, {guid=866379d2-36d2-11ee-b5b0-005056013b0c, code=8, name=Канат стальной двойной свивки типа ТК конструкции 6х19(1+6+12)+1х19(1+6+12) ГОСТ 3067-88, parent=866376c6-36d2-11ee-b5b0-005056013b0c, archive=false, dateOutputArchive=0001-01-01T00:00:00Z}, {guid=86637a2f-36d2-11ee-b5b0-005056013b0c, code=9, name=Канат двойной свивки типа ЛК-О конструкции 6х7(1+6)+1х7(1+6) ГОСТ 3066-80, parent=866376c6-36d2-11ee-b5b0-005056013b0c, archive=false, dateOutputArchive=0001-01-01T00:00:00Z}, {guid=86637ae9-36d2-11ee-b5b0-005056013b0c, code=11, name=Канат двойной свивки типа ЛК-Р конструкции 6х19(1+6+6/6)+1о.с. ГОСТ2688-80, parent=866376c6-36d2-11ee-b5b0-005056013b0c, archive=false, dateOutputArchive=0001-01-01T00:00:00Z}, {guid=86637b46-36d2-11ee-b5b0-005056013b0c, code=12, name=Канат двойной свивки типа ЛК-О конструкции 6х19(1+9+9)+1о.с.ГОСТ3077-80, parent=866376c6-36d2-11ee-b5b0-005056013b0c, archive=false, dateOutputArchive=0001-01-01T00:00:00Z}, {guid=8acaf7ed-36d2-11ee-b5b0-005056013b0c, code=13, name=Канат двойной свивки типа ЛК-3 конструкции 6х25 (1+6; 6+12)+1о.с ГОСТ 7665-80, parent=866376c6-36d2-11ee-b5b0-005056013b0c, archive=false, dateOutputArchive=0001-01-01T00:00:00Z}, {guid=8acaf84a-36d2-11ee-b5b0-005056013b0c, code=14, name=Канат одинарной свивки типа ЛК-О конструкции 1х7(1+6) ГОСТ 3062-80, parent=866376c6-36d2-11ee-b5b0-005056013b0c, archive=false, dateOutputArchive=0001-01-01T00:00:00Z}, {guid=8acaf8a7-36d2-11ee-b5b0-005056013b0c, code=15, name=Канат двойной свивки типа ТЛК-О конструкции 6х37(1+6+15+15)+1 о.с. ГОСТ 3079-80, parent=866376c6-36d2-11ee-b5b0-005056013b0c, archive=false, dateOutputArchive=0001-01-01T00:00:00Z}, {guid=8acaf904-36d2-11ee-b5b0-005056013b0c, code=16, name=Канат двойной свивки типа ЛК-Р конструкции 6х19(1+6+6/6)+7х7(1+6) ГОСТ 14954-80, parent=866376c6-36d2-11ee-b5b0-005056013b0c, archive=false, dateOutputArchive=0001-01-01T00:00:00Z}, {guid=8acaf961-36d2-11ee-b5b0-005056013b0c, code=99, name=Канаты, временно используемые в производстве (доработка складских остатков), parent=8663760e-36d2-11ee-b5b0-005056013b0c, archive=false, dateOutputArchive=0001-01-01T00:00:00Z}, {guid=8acaf999-36d2-11ee-b5b0-005056013b0c, code=11, name=Проволока, parent=806b25a2-36d2-11ee-b5b0-005056013b0c, archive=false, dateOutputArchive=0001-01-01T00:00:00Z}, {guid=8acaf9f5-36d2-11ee-b5b0-005056013b0c, code=12, name=Метизы, parent=8acaf999-36d2-11ee-b5b0-005056013b0c, archive=false, dateOutputArchive=0001-01-01T00:00:00Z}, {guid=8acafa51-36d2-11ee-b5b0-005056013b0c, code=10, name=Проволока обыкновенного качества, parent=8acaf9f5-36d2-11ee-b5b0-005056013b0c, archive=false, dateOutputArchive=0001-01-01T00:00:00Z}, {guid=8acafad2-36d2-11ee-b5b0-005056013b0c, code=1, name=Проволока низкоуглеродистая качественная ГОСТ 792-67, parent=8acafa51-36d2-11ee-b5b0-005056013b0c, archive=false, dateOutputArchive=0001-01-01T00:00:00Z}, {guid=8acafb2f-36d2-11ee-b5b0-005056013b0c, code=2, name=Проволока стальная низкоуглеродистая общего назначения ГОСТ 3282-74, parent=8acafa51-36d2-11ee-b5b0-005056013b0c, archive=false, dateOutputArchive=0001-01-01T00:00:00Z}, {guid=8acafb8c-36d2-11ee-b5b0-005056013b0c, code=20, name=Проволока из углеродистых и легированных марок сталей, parent=8acaf9f5-36d2-11ee-b5b0-005056013b0c, archive=false, dateOutputArchive=0001-01-01T00:00:00Z}, {guid=8acafc45-36d2-11ee-b5b0-005056013b0c, code=2, name=Проволока стальная углеродистая пружинная ГОСТ 9389-75, parent=8acafb8c-36d2-11ee-b5b0-005056013b0c, archive=false, dateOutputArchive=0001-01-01T00:00:00Z}, {guid=8acafca2-36d2-11ee-b5b0-005056013b0c, code=3, name=Проволока стальная легированная пружинная ГОСТ 14963-78, parent=8acafb8c-36d2-11ee-b5b0-005056013b0c, archive=false, dateOutputArchive=0001-01-01T00:00:00Z}, {guid=8acafcff-36d2-11ee-b5b0-005056013b0c, code=4, name=Проволока стальная для пружинных шайб ГОСТ 11850-72, parent=8acafb8c-36d2-11ee-b5b0-005056013b0c, archive=false, dateOutputArchive=0001-01-01T00:00:00Z}, {guid=86637a8c-36d2-11ee-b5b0-005056013b0c, code=10, name=Канат двойной свивки многопрядный типа ЛК-Р конструкции 18х19(1+6+6/6)+1о.с. ГОСТ 3088-80, parent=866376c6-36d2-11ee-b5b0-005056013b0c, archive=false, dateOutputArchive=0001-01-01T00:00:00Z}, {guid=8acafbe8-36d2-11ee-b5b0-005056013b0c, code=1, name=Проволока из углеродистой конструкционной стали ГОСТ 17305-91, parent=8acafb8c-36d2-11ee-b5b0-005056013b0c, archive=false, dateOutputArchive=0001-01-01T00:00:00Z}, {guid=8acafd6f-36d2-11ee-b5b0-005056013b0c, code=5, name=Проволока стальная углеродистая для холодной высадки и выдавливания, parent=8acafb8c-36d2-11ee-b5b0-005056013b0c, archive=false, dateOutputArchive=0001-01-01T00:00:00Z}]

	at AutoTest.ClassifierTest.getEopList(ClassifierTest.java:208)
</failure>
    <system-out><![CDATA[HTTP/1.1 200 OK
Date: Wed, 13 Dec 2023 08:10:47 GMT
Server: Apache/2.4.23 (Win64)
X-NextPage: http://dev1c:8080/MDM_Gribov_2541/hs/klass/eop?step=199&nextPage=2
X-NextPage1C: /eop?step=199&nextPage=2
Content-Length: 57433
Keep-Alive: timeout=5, max=99
Connection: Keep-Alive
Content-Type: application/json; charset=utf-8

[
    {
        "guid": "806b27a5-36d2-11ee-b5b0-005056013b0c",
        "code": 1,
        "name": "Прокат толстолистовой горячекатаный из стали повышенной прочности ГОСТ 19903-74",
        "parent": "806b26da-36d2-11ee-b5b0-005056013b0c",
        "archive": false,
        "dateOutputArchive": "0001-01-01T00:00:00Z"
    },
    {
        "guid": "806b284d-36d2-11ee-b5b0-005056013b0c",
        "code": 2,
        "name": "Листы просечно-вытяжные",
        "parent": "806b26da-36d2-11ee-b5b0-005056013b0c",
        "archive": false,
        "dateOutputArchive": "0001-01-01T00:00:00Z"
    },
    {
        "guid": "806b28f5-36d2-11ee-b5b0-005056013b0c",
        "code": 3,
        "name": "Прокат листовой горячекатаный из высококачественной стали повышенной прочности (Швеция)",
        "parent": "806b26da-36d2-11ee-b5b0-005056013b0c",
        "archive": false,
        "dateOutputArchive": "0001-01-01T00:00:00Z"
    },
    {
        "guid": "806b2977-36d2-11ee-b5b0-005056013b0c",
        "code": 72,
        "name": "Листы стальные с ромбическим и чечевичным рифлением",
        "parent": "806b267e-36d2-11ee-b5b0-005056013b0c",
        "archive": false,
        "dateOutputArchive": "0001-01-01T00:00:00Z"
    },
    {
        "guid": "806b2a42-36d2-11ee-b5b0-005056013b0c",
        "code": 1,
        "name": "Листы стальные с ромбическим и чечевичным рифлением ГОСТ 8568-77",
        "parent": "806b2977-36d2-11ee-b5b0-005056013b0c",
        "archive": false,
        "dateOutputArchive": "0001-01-01T00:00:00Z"
    },
    {
        "guid": "806b2ae9-36d2-11ee-b5b0-005056013b0c",
        "code": 81,
        "name": "Прокат листовой горячекатаный",
        "parent": "806b267e-36d2-11ee-b5b0-005056013b0c",
        "archive": false,
        "dateOutputArchive": "0001-01-01T00:00:00Z"
    },
    {
        "guid": "806b2bb4-36d2-11ee-b5b0-005056013b0c",
        "code": 1,
        "name": "Прокат листовой горячекатаный из легированной конструкционной стали общего назначения ГОСТ 19903-74",
        "parent": "806b2ae9-36d2-11ee-b5b0-005056013b0c",
        "archive": false,
        "dateOutputArchive": "0001-01-01T00:00:00Z"
    },
    {
        "guid": "806b2c5b-36d2-11ee-b5b0-005056013b0c",
        "code": 2,
        "name": "Прокат листовой горячекатаный из стали углеродистой обыкновенного качества ГОСТ 19903-74",
        "parent": "806b2ae9-36d2-11ee-b5b0-005056013b0c",
        "archive": false,
        "dateOutputArchive": "0001-01-01T00:00:00Z"
    },
    {
        "guid": "806b2d02-36d2-11ee-b5b0-005056013b0c",
        "code": 3,
        "name": "Прокат листовой горячекатаный из конструкционной качественной стали ГОСТ 19903-74",
        "parent": "806b2ae9-36d2-11ee-b5b0-005056013b0c",
        "archive": false,
        "dateOutputArchive": "0001-01-01T00:00:00Z"
    },
    {
        "guid": "806b2da9-36d2-11ee-b5b0-005056013b0c",
        "code": 4,
        "name": "Прокат толстолистовой горячекатаный из легированной стали ГОСТ 19903-74",
        "parent": "806b2ae9-36d2-11ee-b5b0-005056013b0c",
        "archive": false,
        "dateOutputArchive": "0001-01-01T00:00:00Z"
    },
    {
        "guid": "806b2e50-36d2-11ee-b5b0-005056013b0c",
        "code": 5,
        "name": "Прокат толстолистовой горячекатаный из легированной стали",
        "parent": "806b2ae9-36d2-11ee-b5b0-005056013b0c",
        "archive": false,
        "dateOutputArchive": "0001-01-01T00:00:00Z"
    },
    {
        "guid": "806b2ef7-36d2-11ee-b5b0-005056013b0c",
        "code": 6,
        "name": "Прокат горячекатанный ТУ 1-9-1021-84",
        "parent": "806b2ae9-36d2-11ee-b5b0-005056013b0c",
        "archive": false,
        "dateOutputArchive": "0001-01-01T00:00:00Z"
    },
    {
        "guid": "806b2f9e-36d2-11ee-b5b0-005056013b0c",
        "code": 7,
        "name": "Листы спецстали АК",
        "parent": "806b2ae9-36d2-11ee-b5b0-005056013b0c",
        "archive": false,
        "dateOutputArchive": "0001-01-01T00:00:00Z"
    },
    {
        "guid": "806b3045-36d2-11ee-b5b0-005056013b0c",
        "code": 86,
        "name": "Прокат толстолистовой горячекатаный коррозионно-стойкий, жаростойкий и жаропрочный",
        "parent": "806b267e-36d2-11ee-b5b0-005056013b0c",
        "archive": false,
        "dateOutputArchive": "0001-01-01T00:00:00Z"
    },
    {
        "guid": "806b3110-36d2-11ee-b5b0-005056013b0c",
        "code": 1,
        "name": "Прокат листовой горячекатаный коррозионно-стойкий, жаростойкий и жаропрочный ГОСТ 19903-74",
        "parent": "806b3045-36d2-11ee-b5b0-005056013b0c",
        "archive": false,
        "dateOutputArchive": "0001-01-01T00:00:00Z"
    },
    {
        "guid": "806b2622-36d2-11ee-b5b0-005056013b0c",
        "code": 1,
        "name": "Листы",
        "parent": "806b25a2-36d2-11ee-b5b0-005056013b0c",
        "archive": false,
        "dateOutputArchive": "0001-01-01T00:00:00Z"
    },
    {
        "guid": "806b267e-36d2-11ee-b5b0-005056013b0c",
        "code": 9,
        "name": "Прокат черных металлов",
        "parent": "806b2622-36d2-11ee-b5b0-005056013b0c",
        "archive": false,
        "dateOutputArchive": "0001-01-01T00:00:00Z"
    },
    {
        "guid": "806b25a2-36d2-11ee-b5b0-005056013b0c",
        "code": 1,
        "name": "Металлы черные",
        "parent": "00000000-0000-0000-0000-000000000000",
        "archive": false,
        "dateOutputArchive": "0001-01-01T00:00:00Z"
    },
    {
        "guid": "806b31b7-36d2-11ee-b5b0-005056013b0c",
        "code": 89,
        "name": "Листы спецстали",
        "parent": "806b267e-36d2-11ee-b5b0-005056013b0c",
        "archive": false,
        "dateOutputArchive": "0001-01-01T00:00:00Z"
    },
    {
        "guid": "806b3282-36d2-11ee-b5b0-005056013b0c",
        "code": 1,
        "name": "Листы спецстали",
        "parent": "806b31b7-36d2-11ee-b5b0-005056013b0c",
        "archive": false,
        "dateOutputArchive": "0001-01-01T00:00:00Z"
    },
    {
        "guid": "806b3329-36d2-11ee-b5b0-005056013b0c",
        "code": 91,
        "name": "Прокат тонколистовой холоднокатаный",
        "parent": "806b267e-36d2-11ee-b5b0-005056013b0c",
        "archive": false,
        "dateOutputArchive": "0001-01-01T00:00:00Z"
    },
    {
        "guid": "806b3385-36d2-11ee-b5b0-005056013b0c",
        "code": 1,
        "name": "Прокат тонколистовой холоднокатаный из углеродистой стали качественной и обыкновенного качества общего назначения ГОСТ 19904-90",
        "parent": "806b3329-36d2-11ee-b5b0-005056013b0c",
        "archive": false,
        "dateOutputArchive": "0001-01-01T00:00:00Z"
    },
    {
        "guid": "806b342c-36d2-11ee-b5b0-005056013b0c",
        "code": 2,
        "name": "Прокат тонколистовой холоднокатаный из низкоуглеродистой качественной стали для холодной штамповки ГОСТ 19904-90",
        "parent": "806b3329-36d2-11ee-b5b0-005056013b0c",
        "archive": false,
        "dateOutputArchive": "0001-01-01T00:00:00Z"
    },
    {
        "guid": "806b34d3-36d2-11ee-b5b0-005056013b0c",
        "code": 3,
        "name": "Прокат листовой холоднокатаный из легированной конструкционной стали общего назначения ГОСТ 19904-90",
        "parent": "806b3329-36d2-11ee-b5b0-005056013b0c",
        "archive": false,
        "dateOutputArchive": "0001-01-01T00:00:00Z"
    },
    {
        "guid": "806b357a-36d2-11ee-b5b0-005056013b0c",
        "code": 4,
        "name": "Листы перфорированные «ПЕРФОКОМ»",
        "parent": "806b3329-36d2-11ee-b5b0-005056013b0c",
        "archive": false,
        "dateOutputArchive": "0001-01-01T00:00:00Z"
    },
    {
        "guid": "806b3623-36d2-11ee-b5b0-005056013b0c",
        "code": 5,
        "name": "Листы перфорированные",
        "parent": "806b3329-36d2-11ee-b5b0-005056013b0c",
        "archive": false,
        "dateOutputArchive": "0001-01-01T00:00:00Z"
    },
    {
        "guid": "806b36cb-36d2-11ee-b5b0-005056013b0c",
        "code": 93,
        "name": "Прокат тонколистовой из коррозионно-стойкой, жаростойкой и жаропрочной стали",
        "parent": "806b267e-36d2-11ee-b5b0-005056013b0c",
        "archive": false,
        "dateOutputArchive": "0001-01-01T00:00:00Z"
    },
    {
        "guid": "806b3796-36d2-11ee-b5b0-005056013b0c",
        "code": 1,
        "name": "Прокат тонколистовой из коррозионно-стойкой, жаростойкой и жаропрочной стали ГОСТ 19904-90",
        "parent": "806b36cb-36d2-11ee-b5b0-005056013b0c",
        "archive": false,
        "dateOutputArchive": "0001-01-01T00:00:00Z"
    },
    {
        "guid": "806b383d-36d2-11ee-b5b0-005056013b0c",
        "code": 11,
        "name": "Изделия дальнейшего передела",
        "parent": "806b2622-36d2-11ee-b5b0-005056013b0c",
        "archive": false,
        "dateOutputArchive": "0001-01-01T00:00:00Z"
    },
    {
        "guid": "806b3908-36d2-11ee-b5b0-005056013b0c",
        "code": 11,
        "name": "Прокат холоднокатаный из тонколистовой оцинкованной стали",
        "parent": "806b383d-36d2-11ee-b5b0-005056013b0c",
        "archive": false,
        "dateOutputArchive": "0001-01-01T00:00:00Z"
    },
    {
        "guid": "806b39d3-36d2-11ee-b5b0-005056013b0c",
        "code": 1,
        "name": "Прокат холоднокатаный из тонколистовой оцинкованной стали ГОСТ 19904-90",
        "parent": "806b3908-36d2-11ee-b5b0-005056013b0c",
        "archive": false,
        "dateOutputArchive": "0001-01-01T00:00:00Z"
    },
    {
        "guid": "806b3a7a-36d2-11ee-b5b0-005056013b0c",
        "code": 15,
        "name": "Жесть",
        "parent": "806b383d-36d2-11ee-b5b0-005056013b0c",
        "archive": false,
        "dateOutputArchive": "0001-01-01T00:00:00Z"
    },
    {
        "guid": "806b3b45-36d2-11ee-b5b0-005056013b0c",
        "code": 1,
        "name": "Жесть белая",
        "parent": "806b3a7a-36d2-11ee-b5b0-005056013b0c",
        "archive": false,
        "dateOutputArchive": "0001-01-01T00:00:00Z"
    },
    {
        "guid": "806b3bec-36d2-11ee-b5b0-005056013b0c",
        "code": 99,
        "name": "Листы, временно используемые в производстве (доработка складских остатков)",
        "parent": "806b2622-36d2-11ee-b5b0-005056013b0c",
        "archive": false,
        "dateOutputArchive": "0001-01-01T00:00:00Z"
    },
    {
        "guid": "806b3ca6-36d2-11ee-b5b0-005056013b0c",
        "code": 9,
        "name": "Прокат черных металлов",
        "parent": "806b3c24-36d2-11ee-b5b0-005056013b0c",
        "archive": false,
        "dateOutputArchive": "0001-01-01T00:00:00Z"
    },
    {
        "guid": "806b3d27-36d2-11ee-b5b0-005056013b0c",
        "code": 50,
        "name": "Прокат стальной горячекатаный",
        "parent": "806b3ca6-36d2-11ee-b5b0-005056013b0c",
        "archive": false,
        "dateOutputArchive": "0001-01-01T00:00:00Z"
    },
    {
        "guid": "806b3da8-36d2-11ee-b5b0-005056013b0c",
        "code": 1,
        "name": "Прокат сортовой стальной горячекатаный квадратный ГОСТ 2591-2006",
        "parent": "806b3d27-36d2-11ee-b5b0-005056013b0c",
        "archive": false,
        "dateOutputArchive": "0001-01-01T00:00:00Z"
    },
    {
        "guid": "806b3c24-36d2-11ee-b5b0-005056013b0c",
        "code": 2,
        "name": "Квадраты",
        "parent": "806b25a2-36d2-11ee-b5b0-005056013b0c",
        "archive": false,
        "dateOutputArchive": "0001-01-01T00:00:00Z"
    },
    {
        "guid": "806b3e05-36d2-11ee-b5b0-005056013b0c",
        "code": 11,
        "name": "Изделия дальнейшего передела",
        "parent": "806b3c24-36d2-11ee-b5b0-005056013b0c",
        "archive": false,
        "dateOutputArchive": "0001-01-01T00:00:00Z"
    },
    {
        "guid": "806b3e86-36d2-11ee-b5b0-005056013b0c",
        "code": 40,
        "name": "Прокат калиброванный",
        "parent": "806b3e05-36d2-11ee-b5b0-005056013b0c",
        "archive": false,
        "dateOutputArchive": "0001-01-01T00:00:00Z"
    },
    {
        "guid": "806b3f07-36d2-11ee-b5b0-005056013b0c",
        "code": 1,
        "name": "Прокат калиброванный квадратный ГОСТ 8559-75",
        "parent": "806b3e86-36d2-11ee-b5b0-005056013b0c",
        "archive": false,
        "dateOutputArchive": "0001-01-01T00:00:00Z"
    },
    {
        "guid": "806b3f64-36d2-11ee-b5b0-005056013b0c",
        "code": 99,
        "name": "Квадраты, временно используемые в производстве (доработка складских остатков)",
        "parent": "806b3c24-36d2-11ee-b5b0-005056013b0c",
        "archive": false,
        "dateOutputArchive": "0001-01-01T00:00:00Z"
    },
    {
        "guid": "806b3fc1-36d2-11ee-b5b0-005056013b0c",
        "code": 3,
        "name": "Шестигранники",
        "parent": "806b25a2-36d2-11ee-b5b0-005056013b0c",
        "archive": false,
        "dateOutputArchive": "0001-01-01T00:00:00Z"
    },
    {
        "guid": "806b4043-36d2-11ee-b5b0-005056013b0c",
        "code": 9,
        "name": "Прокат черных металлов",
        "parent": "806b3fc1-36d2-11ee-b5b0-005056013b0c",
        "archive": false,
        "dateOutputArchive": "0001-01-01T00:00:00Z"
    },
    {
        "guid": "806b40c4-36d2-11ee-b5b0-005056013b0c",
        "code": 50,
        "name": "Прокат стальной горячекатаный",
        "parent": "806b4043-36d2-11ee-b5b0-005056013b0c",
        "archive": false,
        "dateOutputArchive": "0001-01-01T00:00:00Z"
    },
    {
        "guid": "806b4145-36d2-11ee-b5b0-005056013b0c",
        "code": 1,
        "name": "Прокат сортовой стальной горячекатаный шестигранный ГОСТ 2879-2006",
        "parent": "806b40c4-36d2-11ee-b5b0-005056013b0c",
        "archive": false,
        "dateOutputArchive": "0001-01-01T00:00:00Z"
    },
    {
        "guid": "806b41a2-36d2-11ee-b5b0-005056013b0c",
        "code": 11,
        "name": "Изделия дальнейшего передела",
        "parent": "806b3fc1-36d2-11ee-b5b0-005056013b0c",
        "archive": false,
        "dateOutputArchive": "0001-01-01T00:00:00Z"
    },
    {
        "guid": "806b4223-36d2-11ee-b5b0-005056013b0c",
        "code": 40,
        "name": "Прокат калиброванный",
        "parent": "806b41a2-36d2-11ee-b5b0-005056013b0c",
        "archive": false,
        "dateOutputArchive": "0001-01-01T00:00:00Z"
    },
    {
        "guid": "806b42a4-36d2-11ee-b5b0-005056013b0c",
        "code": 1,
        "name": "Прокат калиброванный шестигранный ГОСТ 8560-78",
        "parent": "806b4223-36d2-11ee-b5b0-005056013b0c",
        "archive": false,
        "dateOutputArchive": "0001-01-01T00:00:00Z"
    },
    {
        "guid": "806b4301-36d2-11ee-b5b0-005056013b0c",
        "code": 99,
        "name": "Шестигранники, временно используемые в производстве (доработка складских остатков)",
        "parent": "806b3fc1-36d2-11ee-b5b0-005056013b0c",
        "archive": false,
        "dateOutputArchive": "0001-01-01T00:00:00Z"
    },
    {
        "guid": "806b435e-36d2-11ee-b5b0-005056013b0c",
        "code": 4,
        "name": "Круги",
        "parent": "806b25a2-36d2-11ee-b5b0-005056013b0c",
        "archive": false,
        "dateOutputArchive": "0001-01-01T00:00:00Z"
    },
    {
        "guid": "806b43ba-36d2-11ee-b5b0-005056013b0c",
        "code": 9,
        "name": "Прокат черных металлов",
        "parent": "806b435e-36d2-11ee-b5b0-005056013b0c",
        "archive": false,
        "dateOutputArchive": "0001-01-01T00:00:00Z"
    },
    {
        "guid": "806b443c-36d2-11ee-b5b0-005056013b0c",
        "code": 30,
        "name": "Прокат стальной горячекатаный низколегированный",
        "parent": "806b43ba-36d2-11ee-b5b0-005056013b0c",
        "archive": false,
        "dateOutputArchive": "0001-01-01T00:00:00Z"
    },
    {
        "guid": "806b44bd-36d2-11ee-b5b0-005056013b0c",
        "code": 1,
        "name": "Прокат сортовой стальной горячекатаный конструкционный низколегированный ГОСТ 2590-2006",
        "parent": "806b443c-36d2-11ee-b5b0-005056013b0c",
        "archive": false,
        "dateOutputArchive": "0001-01-01T00:00:00Z"
    },
    {
        "guid": "806b451a-36d2-11ee-b5b0-005056013b0c",
        "code": 34,
        "name": "Прокат горячекатаный круглый обыкновенного качества",
        "parent": "806b43ba-36d2-11ee-b5b0-005056013b0c",
        "archive": false,
        "dateOutputArchive": "0001-01-01T00:00:00Z"
    },
    {
        "guid": "806b459b-36d2-11ee-b5b0-005056013b0c",
        "code": 1,
        "name": "Прокат сортовой стальной горячекатаный круглый обыкновенного качества ГОСТ 2590-2006",
        "parent": "806b451a-36d2-11ee-b5b0-005056013b0c",
        "archive": false,
        "dateOutputArchive": "0001-01-01T00:00:00Z"
    },
    {
        "guid": "806b45f8-36d2-11ee-b5b0-005056013b0c",
        "code": 50,
        "name": "Прокат стальной горячекатаный",
        "parent": "806b43ba-36d2-11ee-b5b0-005056013b0c",
        "archive": false,
        "dateOutputArchive": "0001-01-01T00:00:00Z"
    },
    {
        "guid": "806b4679-36d2-11ee-b5b0-005056013b0c",
        "code": 1,
        "name": "Прокат сортовой стальной горячекатаный конструкционный углеродистый ГОСТ 2590-2006",
        "parent": "806b45f8-36d2-11ee-b5b0-005056013b0c",
        "archive": false,
        "dateOutputArchive": "0001-01-01T00:00:00Z"
    },
    {
        "guid": "806b46d6-36d2-11ee-b5b0-005056013b0c",
        "code": 2,
        "name": "Прокат сортовой стальной горячекатаный конструкционный легированный ГОСТ 2590-2006",
        "parent": "806b45f8-36d2-11ee-b5b0-005056013b0c",
        "archive": false,
        "dateOutputArchive": "0001-01-01T00:00:00Z"
    },
    {
        "guid": "806b4733-36d2-11ee-b5b0-005056013b0c",
        "code": 3,
        "name": "Прокат сортовой стальной горячекатаный конструкционной по ТУ 14-1-4566-89",
        "parent": "806b45f8-36d2-11ee-b5b0-005056013b0c",
        "archive": false,
        "dateOutputArchive": "0001-01-01T00:00:00Z"
    },
    {
        "guid": "806b4790-36d2-11ee-b5b0-005056013b0c",
        "code": 4,
        "name": "Прокат круглый из рессорно-пружинной углеродистой и легированной стали ГОСТ 2590-2006",
        "parent": "806b45f8-36d2-11ee-b5b0-005056013b0c",
        "archive": false,
        "dateOutputArchive": "0001-01-01T00:00:00Z"
    },
    {
        "guid": "806b47ed-36d2-11ee-b5b0-005056013b0c",
        "code": 51,
        "name": "Прокат для холодного выдавливания и высадки",
        "parent": "806b43ba-36d2-11ee-b5b0-005056013b0c",
        "archive": false,
        "dateOutputArchive": "0001-01-01T00:00:00Z"
    },
    {
        "guid": "806b486e-36d2-11ee-b5b0-005056013b0c",
        "code": 1,
        "name": "Прокат качественный конструкционный углеродистый и легированный для холодного выдавливания и высадки ГОСТ 10702-78",
        "parent": "806b47ed-36d2-11ee-b5b0-005056013b0c",
        "archive": false,
        "dateOutputArchive": "0001-01-01T00:00:00Z"
    },
    {
        "guid": "806b48cb-36d2-11ee-b5b0-005056013b0c",
        "code": 56,
        "name": "Прокат горячекатаный сортовой конструкционный подшипниковый",
        "parent": "806b43ba-36d2-11ee-b5b0-005056013b0c",
        "archive": false,
        "dateOutputArchive": "0001-01-01T00:00:00Z"
    },
    {
        "guid": "806b494c-36d2-11ee-b5b0-005056013b0c",
        "code": 1,
        "name": "Прокат сортовой стальной горячекатаный конструкционный подшипниковый ГОСТ 2590-2006",
        "parent": "806b48cb-36d2-11ee-b5b0-005056013b0c",
        "archive": false,
        "dateOutputArchive": "0001-01-01T00:00:00Z"
    },
    {
        "guid": "806b49a9-36d2-11ee-b5b0-005056013b0c",
        "code": 58,
        "name": "Прокат горячекатаный сортовой конструкционный никельсодержащий",
        "parent": "806b43ba-36d2-11ee-b5b0-005056013b0c",
        "archive": false,
        "dateOutputArchive": "0001-01-01T00:00:00Z"
    },
    {
        "guid": "806b4a2a-36d2-11ee-b5b0-005056013b0c",
        "code": 1,
        "name": "Прокат сортовой стальной горячекатаный конструкционный по ТУ 14-1-1725-76",
        "parent": "806b49a9-36d2-11ee-b5b0-005056013b0c",
        "archive": false,
        "dateOutputArchive": "0001-01-01T00:00:00Z"
    },
    {
        "guid": "806b4a87-36d2-11ee-b5b0-005056013b0c",
        "code": 61,
        "name": "Прокат горячекатаный сортовой инструментальный",
        "parent": "806b43ba-36d2-11ee-b5b0-005056013b0c",
        "archive": false,
        "dateOutputArchive": "0001-01-01T00:00:00Z"
    },
    {
        "guid": "806b4b08-36d2-11ee-b5b0-005056013b0c",
        "code": 1,
        "name": "Прокат сортовой стальной горячекатаный инструментальный нелегированный ГОСТ 2590-2006",
        "parent": "806b4a87-36d2-11ee-b5b0-005056013b0c",
        "archive": false,
        "dateOutputArchive": "0001-01-01T00:00:00Z"
    },
    {
        "guid": "806b4b65-36d2-11ee-b5b0-005056013b0c",
        "code": 63,
        "name": "Прокат горячекатаный сортовой конструкционный коррозионно-стойкий, жаропрочный",
        "parent": "806b43ba-36d2-11ee-b5b0-005056013b0c",
        "archive": false,
        "dateOutputArchive": "0001-01-01T00:00:00Z"
    },
    {
        "guid": "806b4be6-36d2-11ee-b5b0-005056013b0c",
        "code": 1,
        "name": "Прокат сортовой стальной горячекатаный конструкционный коррозионностойкий, жаропрочный ГОСТ 2590-2006",
        "parent": "806b4b65-36d2-11ee-b5b0-005056013b0c",
        "archive": false,
        "dateOutputArchive": "0001-01-01T00:00:00Z"
    },
    {
        "guid": "84f01c49-36d2-11ee-b5b0-005056013b0c",
        "code": 13,
        "name": "Трубы стальные",
        "parent": "84f01bed-36d2-11ee-b5b0-005056013b0c",
        "archive": false,
        "dateOutputArchive": "0001-01-01T00:00:00Z"
    },
    {
        "guid": "806b4c43-36d2-11ee-b5b0-005056013b0c",
        "code": 66,
        "name": "Прокат сортовой из прецизионных сплавов с высоким электрическим сопротивлением",
        "parent": "806b43ba-36d2-11ee-b5b0-005056013b0c",
        "archive": false,
        "dateOutputArchive": "0001-01-01T00:00:00Z"
    },
    {
        "guid": "84f014af-36d2-11ee-b5b0-005056013b0c",
        "code": 1,
        "name": "Прокат сортовой из прецизионных сплавов с высоким электрическим сопротивлением ГОСТ 12766.4-90",
        "parent": "806b4c43-36d2-11ee-b5b0-005056013b0c",
        "archive": false,
        "dateOutputArchive": "0001-01-01T00:00:00Z"
    },
    {
        "guid": "84f0150c-36d2-11ee-b5b0-005056013b0c",
        "code": 70,
        "name": "Поковки",
        "parent": "806b43ba-36d2-11ee-b5b0-005056013b0c",
        "archive": false,
        "dateOutputArchive": "0001-01-01T00:00:00Z"
    },
    {
        "guid": "84f0158d-36d2-11ee-b5b0-005056013b0c",
        "code": 1,
        "name": "Поковки",
        "parent": "84f0150c-36d2-11ee-b5b0-005056013b0c",
        "archive": false,
        "dateOutputArchive": "0001-01-01T00:00:00Z"
    },
    {
        "guid": "84f015ea-36d2-11ee-b5b0-005056013b0c",
        "code": 11,
        "name": "Изделия дальнейшего передела",
        "parent": "806b435e-36d2-11ee-b5b0-005056013b0c",
        "archive": false,
        "dateOutputArchive": "0001-01-01T00:00:00Z"
    },
    {
        "guid": "84f01646-36d2-11ee-b5b0-005056013b0c",
        "code": 40,
        "name": "Прокат калиброванный круглый",
        "parent": "84f015ea-36d2-11ee-b5b0-005056013b0c",
        "archive": false,
        "dateOutputArchive": "0001-01-01T00:00:00Z"
    },
    {
        "guid": "84f016c7-36d2-11ee-b5b0-005056013b0c",
        "code": 1,
        "name": "Прокат калиброванный круглый углеродистый ГОСТ 7417-75",
        "parent": "84f01646-36d2-11ee-b5b0-005056013b0c",
        "archive": false,
        "dateOutputArchive": "0001-01-01T00:00:00Z"
    },
    {
        "guid": "84f01724-36d2-11ee-b5b0-005056013b0c",
        "code": 2,
        "name": "Прокат калиброванный круглый легированный ГОСТ 7417-75",
        "parent": "84f01646-36d2-11ee-b5b0-005056013b0c",
        "archive": false,
        "dateOutputArchive": "0001-01-01T00:00:00Z"
    },
    {
        "guid": "84f01781-36d2-11ee-b5b0-005056013b0c",
        "code": 3,
        "name": "Прокат калиброванный круглый коррозионно-стойкий, жаропрочный ГОСТ 7417-75",
        "parent": "84f01646-36d2-11ee-b5b0-005056013b0c",
        "archive": false,
        "dateOutputArchive": "0001-01-01T00:00:00Z"
    },
    {
        "guid": "84f017de-36d2-11ee-b5b0-005056013b0c",
        "code": 4,
        "name": "Прокат калиброванный круглый из рессорно-пружинной углеродистой и легированной стали ГОСТ 7417-75",
        "parent": "84f01646-36d2-11ee-b5b0-005056013b0c",
        "archive": false,
        "dateOutputArchive": "0001-01-01T00:00:00Z"
    },
    {
        "guid": "84f0183b-36d2-11ee-b5b0-005056013b0c",
        "code": 5,
        "name": "Сталь качественная круглая со специальной отделкой поверхности ГОСТ 14955-77",
        "parent": "84f01646-36d2-11ee-b5b0-005056013b0c",
        "archive": false,
        "dateOutputArchive": "0001-01-01T00:00:00Z"
    },
    {
        "guid": "84f01898-36d2-11ee-b5b0-005056013b0c",
        "code": 6,
        "name": "Прокат калиброванный для холодной высадки",
        "parent": "84f01646-36d2-11ee-b5b0-005056013b0c",
        "archive": false,
        "dateOutputArchive": "0001-01-01T00:00:00Z"
    },
    {
        "guid": "84f018f5-36d2-11ee-b5b0-005056013b0c",
        "code": 7,
        "name": "Шток хромированный",
        "parent": "84f01646-36d2-11ee-b5b0-005056013b0c",
        "archive": false,
        "dateOutputArchive": "0001-01-01T00:00:00Z"
    },
    {
        "guid": "84f01952-36d2-11ee-b5b0-005056013b0c",
        "code": 8,
        "name": "Прокат сортовой холоднотянутый подшипниковый ГОСТ 7417-75",
        "parent": "84f01646-36d2-11ee-b5b0-005056013b0c",
        "archive": false,
        "dateOutputArchive": "0001-01-01T00:00:00Z"
    },
    {
        "guid": "84f019af-36d2-11ee-b5b0-005056013b0c",
        "code": 50,
        "name": "Прокат термически обработанный шлифованный",
        "parent": "84f015ea-36d2-11ee-b5b0-005056013b0c",
        "archive": false,
        "dateOutputArchive": "0001-01-01T00:00:00Z"
    },
    {
        "guid": "84f01a30-36d2-11ee-b5b0-005056013b0c",
        "code": 1,
        "name": "Прутки нагартованные, термически обработанные шлифованные из высоколегированной и коррозионностойкой стали ГОСТ 18907-73",
        "parent": "84f019af-36d2-11ee-b5b0-005056013b0c",
        "archive": false,
        "dateOutputArchive": "0001-01-01T00:00:00Z"
    },
    {
        "guid": "84f01a8d-36d2-11ee-b5b0-005056013b0c",
        "code": 60,
        "name": "Прокат высокой точности",
        "parent": "84f015ea-36d2-11ee-b5b0-005056013b0c",
        "archive": false,
        "dateOutputArchive": "0001-01-01T00:00:00Z"
    },
    {
        "guid": "84f01b33-36d2-11ee-b5b0-005056013b0c",
        "code": 1,
        "name": "Сталь чистотянутая для шпонок ГОСТ 8787-68",
        "parent": "84f01a8d-36d2-11ee-b5b0-005056013b0c",
        "archive": false,
        "dateOutputArchive": "0001-01-01T00:00:00Z"
    },
    {
        "guid": "84f01bb5-36d2-11ee-b5b0-005056013b0c",
        "code": 99,
        "name": "Круги, временно используемые в производстве (доработка складских остатков)",
        "parent": "806b435e-36d2-11ee-b5b0-005056013b0c",
        "archive": false,
        "dateOutputArchive": "0001-01-01T00:00:00Z"
    },
    {
        "guid": "84f01bed-36d2-11ee-b5b0-005056013b0c",
        "code": 5,
        "name": "Трубы",
        "parent": "806b25a2-36d2-11ee-b5b0-005056013b0c",
        "archive": false,
        "dateOutputArchive": "0001-01-01T00:00:00Z"
    },
    {
        "guid": "84f01ca5-36d2-11ee-b5b0-005056013b0c",
        "code": 14,
        "name": "Трубы подшипниковые",
        "parent": "84f01c49-36d2-11ee-b5b0-005056013b0c",
        "archive": false,
        "dateOutputArchive": "0001-01-01T00:00:00Z"
    },
    {
        "guid": "84f01d4d-36d2-11ee-b5b0-005056013b0c",
        "code": 1,
        "name": "Трубы подшипниковые ГОСТ 800-78",
        "parent": "84f01ca5-36d2-11ee-b5b0-005056013b0c",
        "archive": false,
        "dateOutputArchive": "0001-01-01T00:00:00Z"
    },
    {
        "guid": "84f01dcf-36d2-11ee-b5b0-005056013b0c",
        "code": 19,
        "name": "Трубы катаные",
        "parent": "84f01c49-36d2-11ee-b5b0-005056013b0c",
        "archive": false,
        "dateOutputArchive": "0001-01-01T00:00:00Z"
    },
    {
        "guid": "84f01e2b-36d2-11ee-b5b0-005056013b0c",
        "code": 1,
        "name": "Трубы стальные бесшовные горячедеформированные ГОСТ 8732-78",
        "parent": "84f01dcf-36d2-11ee-b5b0-005056013b0c",
        "archive": false,
        "dateOutputArchive": "0001-01-01T00:00:00Z"
    },
    {
        "guid": "84f01ead-36d2-11ee-b5b0-005056013b0c",
        "code": 2,
        "name": "Трубы горячекатаные ТС 257-07",
        "parent": "84f01dcf-36d2-11ee-b5b0-005056013b0c",
        "archive": false,
        "dateOutputArchive": "0001-01-01T00:00:00Z"
    },
    {
        "guid": "84f01f30-36d2-11ee-b5b0-005056013b0c",
        "code": 3,
        "name": "Трубы горячекатаные ТС 77-02",
        "parent": "84f01dcf-36d2-11ee-b5b0-005056013b0c",
        "archive": false,
        "dateOutputArchive": "0001-01-01T00:00:00Z"
    },
    {
        "guid": "8c5aea59-36d2-11ee-b5b0-005056013b0c",
        "code": 1,
        "name": "Профиль ножа",
        "parent": "8c5ae9fd-36d2-11ee-b5b0-005056013b0c",
        "archive": false,
        "dateOutputArchive": "0001-01-01T00:00:00Z"
    },
    {
        "guid": "84f01fb2-36d2-11ee-b5b0-005056013b0c",
        "code": 4,
        "name": "Трубы стальные бесшовные горячекатаные толстостенные из литого слитка ТУ 14-3Р-50-2001",
        "parent": "84f01dcf-36d2-11ee-b5b0-005056013b0c",
        "archive": false,
        "dateOutputArchive": "0001-01-01T00:00:00Z"
    },
    {
        "guid": "84f02034-36d2-11ee-b5b0-005056013b0c",
        "code": 5,
        "name": "Трубы стальные бесшовные горячедеформированные для нефтегазопроводов ТУ 14-3Р-44-2001",
        "parent": "84f01dcf-36d2-11ee-b5b0-005056013b0c",
        "archive": false,
        "dateOutputArchive": "0001-01-01T00:00:00Z"
    },
    {
        "guid": "84f020b6-36d2-11ee-b5b0-005056013b0c",
        "code": 6,
        "name": "Трубы бесшовные горячедеформированные из коррозионностойкой стали ГОСТ 9940-81",
        "parent": "84f01dcf-36d2-11ee-b5b0-005056013b0c",
        "archive": false,
        "dateOutputArchive": "0001-01-01T00:00:00Z"
    },
    {
        "guid": "84f02138-36d2-11ee-b5b0-005056013b0c",
        "code": 40,
        "name": "Трубы тянутые",
        "parent": "84f01c49-36d2-11ee-b5b0-005056013b0c",
        "archive": false,
        "dateOutputArchive": "0001-01-01T00:00:00Z"
    },
    {
        "guid": "84f02194-36d2-11ee-b5b0-005056013b0c",
        "code": 1,
        "name": "Трубы стальные бесшовные холоднодеформированные ГОСТ 8734-75",
        "parent": "84f02138-36d2-11ee-b5b0-005056013b0c",
        "archive": false,
        "dateOutputArchive": "0001-01-01T00:00:00Z"
    },
    {
        "guid": "86635496-36d2-11ee-b5b0-005056013b0c",
        "code": 2,
        "name": "Трубы стальные электросварные прямошовные ГОСТ 10704-91",
        "parent": "84f02138-36d2-11ee-b5b0-005056013b0c",
        "archive": false,
        "dateOutputArchive": "0001-01-01T00:00:00Z"
    },
    {
        "guid": "86635518-36d2-11ee-b5b0-005056013b0c",
        "code": 3,
        "name": "Трубы стальные электросварные холоднодеформированные для карданных валов ГОСТ 5005-82",
        "parent": "84f02138-36d2-11ee-b5b0-005056013b0c",
        "archive": false,
        "dateOutputArchive": "0001-01-01T00:00:00Z"
    },
    {
        "guid": "8663559a-36d2-11ee-b5b0-005056013b0c",
        "code": 4,
        "name": "Трубы холоднодеформированные ТУ 14-3-575-90, ПР890-2002",
        "parent": "84f02138-36d2-11ee-b5b0-005056013b0c",
        "archive": false,
        "dateOutputArchive": "0001-01-01T00:00:00Z"
    },
    {
        "guid": "8663561c-36d2-11ee-b5b0-005056013b0c",
        "code": 5,
        "name": "Трубы стальные бесшовные высокого давления ГОСТ 11017-80",
        "parent": "84f02138-36d2-11ee-b5b0-005056013b0c",
        "archive": false,
        "dateOutputArchive": "0001-01-01T00:00:00Z"
    },
    {
        "guid": "8663569e-36d2-11ee-b5b0-005056013b0c",
        "code": 6,
        "name": "Трубы стальные бесшовные холоднодеформируемые производства фирмы ШТАУФФ",
        "parent": "84f02138-36d2-11ee-b5b0-005056013b0c",
        "archive": false,
        "dateOutputArchive": "0001-01-01T00:00:00Z"
    },
    {
        "guid": "86635720-36d2-11ee-b5b0-005056013b0c",
        "code": 44,
        "name": "Трубы тянутые прецизионные, прямоугольные, квадратные",
        "parent": "84f01c49-36d2-11ee-b5b0-005056013b0c",
        "archive": false,
        "dateOutputArchive": "0001-01-01T00:00:00Z"
    },
    {
        "guid": "8663577c-36d2-11ee-b5b0-005056013b0c",
        "code": 1,
        "name": "Трубы стальные прецизионные ГОСТ 9567-75",
        "parent": "86635720-36d2-11ee-b5b0-005056013b0c",
        "archive": false,
        "dateOutputArchive": "0001-01-01T00:00:00Z"
    },
    {
        "guid": "866357fe-36d2-11ee-b5b0-005056013b0c",
        "code": 2,
        "name": "Трубы стальные прямоугольные ГОСТ 8645-68",
        "parent": "86635720-36d2-11ee-b5b0-005056013b0c",
        "archive": false,
        "dateOutputArchive": "0001-01-01T00:00:00Z"
    },
    {
        "guid": "866358a7-36d2-11ee-b5b0-005056013b0c",
        "code": 3,
        "name": "Трубы стальные квадратные ГОСТ 8639-82",
        "parent": "86635720-36d2-11ee-b5b0-005056013b0c",
        "archive": false,
        "dateOutputArchive": "0001-01-01T00:00:00Z"
    },
    {
        "guid": "86636371-36d2-11ee-b5b0-005056013b0c",
        "code": 99,
        "name": "Полосы, временно используемые в производстве (доработка складских остатков)",
        "parent": "86635f07-36d2-11ee-b5b0-005056013b0c",
        "archive": false,
        "dateOutputArchive": "0001-01-01T00:00:00Z"
    },
    {
        "guid": "86635929-36d2-11ee-b5b0-005056013b0c",
        "code": 4,
        "name": "Профили стальные гнутые замкнутые сварные квадратные и прямоугольные для строительных конструкций",
        "parent": "86635720-36d2-11ee-b5b0-005056013b0c",
        "archive": false,
        "dateOutputArchive": "0001-01-01T00:00:00Z"
    },
    {
        "guid": "866359d0-36d2-11ee-b5b0-005056013b0c",
        "code": 5,
        "name": "Трубы стальные электросварные прямоугольного и квадратного сечения ТУ 14-3-462-76",
        "parent": "86635720-36d2-11ee-b5b0-005056013b0c",
        "archive": false,
        "dateOutputArchive": "0001-01-01T00:00:00Z"
    },
    {
        "guid": "86635a77-36d2-11ee-b5b0-005056013b0c",
        "code": 6,
        "name": "Профили стальные гнутые замкнутые сварные квадратные и прямоугольные ГОСТ 25577-83",
        "parent": "86635720-36d2-11ee-b5b0-005056013b0c",
        "archive": false,
        "dateOutputArchive": "0001-01-01T00:00:00Z"
    },
    {
        "guid": "86635b1e-36d2-11ee-b5b0-005056013b0c",
        "code": 51,
        "name": "Трубы тонкостенные углерод",
        "parent": "84f01c49-36d2-11ee-b5b0-005056013b0c",
        "archive": false,
        "dateOutputArchive": "0001-01-01T00:00:00Z"
    },
    {
        "guid": "86635bc4-36d2-11ee-b5b0-005056013b0c",
        "code": 1,
        "name": "Трубы стальные бесшовные холоднодеформированные для судостроения ГОСТ 1060-83",
        "parent": "86635b1e-36d2-11ee-b5b0-005056013b0c",
        "archive": false,
        "dateOutputArchive": "0001-01-01T00:00:00Z"
    },
    {
        "guid": "86635c46-36d2-11ee-b5b0-005056013b0c",
        "code": 60,
        "name": "Трубы тонкостенные нерж",
        "parent": "84f01c49-36d2-11ee-b5b0-005056013b0c",
        "archive": false,
        "dateOutputArchive": "0001-01-01T00:00:00Z"
    },
    {
        "guid": "86635cec-36d2-11ee-b5b0-005056013b0c",
        "code": 1,
        "name": "Трубы бесшовные холодно и теплодеформированные из коррозионной стали ГОСТ 9941-81",
        "parent": "86635c46-36d2-11ee-b5b0-005056013b0c",
        "archive": false,
        "dateOutputArchive": "0001-01-01T00:00:00Z"
    },
    {
        "guid": "86635d6e-36d2-11ee-b5b0-005056013b0c",
        "code": 2,
        "name": "Трубы стальные бесшовные для маслопроводов и топливопроводов ГОСТ 19277-73",
        "parent": "86635c46-36d2-11ee-b5b0-005056013b0c",
        "archive": false,
        "dateOutputArchive": "0001-01-01T00:00:00Z"
    },
    {
        "guid": "86635df0-36d2-11ee-b5b0-005056013b0c",
        "code": 85,
        "name": "Трубы стальные водогазопроводные",
        "parent": "84f01c49-36d2-11ee-b5b0-005056013b0c",
        "archive": false,
        "dateOutputArchive": "0001-01-01T00:00:00Z"
    },
    {
        "guid": "86635e4c-36d2-11ee-b5b0-005056013b0c",
        "code": 1,
        "name": "Трубы стальные водогазопроводные ГОСТ 3262-75",
        "parent": "86635df0-36d2-11ee-b5b0-005056013b0c",
        "archive": false,
        "dateOutputArchive": "0001-01-01T00:00:00Z"
    },
    {
        "guid": "86635f07-36d2-11ee-b5b0-005056013b0c",
        "code": 6,
        "name": "Полоса",
        "parent": "806b25a2-36d2-11ee-b5b0-005056013b0c",
        "archive": false,
        "dateOutputArchive": "0001-01-01T00:00:00Z"
    },
    {
        "guid": "86635f63-36d2-11ee-b5b0-005056013b0c",
        "code": 9,
        "name": "Прокат черных металлов",
        "parent": "86635f07-36d2-11ee-b5b0-005056013b0c",
        "archive": false,
        "dateOutputArchive": "0001-01-01T00:00:00Z"
    },
    {
        "guid": "86635fbf-36d2-11ee-b5b0-005056013b0c",
        "code": 50,
        "name": "Полоса стальная",
        "parent": "86635f63-36d2-11ee-b5b0-005056013b0c",
        "archive": false,
        "dateOutputArchive": "0001-01-01T00:00:00Z"
    },
    {
        "guid": "86636065-36d2-11ee-b5b0-005056013b0c",
        "code": 1,
        "name": "Прокат сортовой стальной горячекатаный полосовой ГОСТ 103-2006",
        "parent": "86635fbf-36d2-11ee-b5b0-005056013b0c",
        "archive": false,
        "dateOutputArchive": "0001-01-01T00:00:00Z"
    },
    {
        "guid": "866360e7-36d2-11ee-b5b0-005056013b0c",
        "code": 2,
        "name": "Профили стальные холоднодеформированные высокой точности ТУ 14-11-245-88",
        "parent": "86635fbf-36d2-11ee-b5b0-005056013b0c",
        "archive": false,
        "dateOutputArchive": "0001-01-01T00:00:00Z"
    },
    {
        "guid": "86636169-36d2-11ee-b5b0-005056013b0c",
        "code": 3,
        "name": "Прокат сортовой стальной горячекатаный полосовой рессорно-пружинный ГОСТ 7419-90",
        "parent": "86635fbf-36d2-11ee-b5b0-005056013b0c",
        "archive": false,
        "dateOutputArchive": "0001-01-01T00:00:00Z"
    },
    {
        "guid": "866361eb-36d2-11ee-b5b0-005056013b0c",
        "code": 4,
        "name": "Прокат сортовой стальной горячекатаный полосовой ТУ 14-1-5240-93",
        "parent": "86635fbf-36d2-11ee-b5b0-005056013b0c",
        "archive": false,
        "dateOutputArchive": "0001-01-01T00:00:00Z"
    },
    {
        "guid": "8663626d-36d2-11ee-b5b0-005056013b0c",
        "code": 5,
        "name": "Прокат широкополосный универсальный ГОСТ 82-70",
        "parent": "86635fbf-36d2-11ee-b5b0-005056013b0c",
        "archive": false,
        "dateOutputArchive": "0001-01-01T00:00:00Z"
    },
    {
        "guid": "866362ef-36d2-11ee-b5b0-005056013b0c",
        "code": 6,
        "name": "Прокат листовой и полосовой термообработанный повышенного качества ТУ 14-1-4632-93",
        "parent": "86635fbf-36d2-11ee-b5b0-005056013b0c",
        "archive": false,
        "dateOutputArchive": "0001-01-01T00:00:00Z"
    },
    {
        "guid": "866363a9-36d2-11ee-b5b0-005056013b0c",
        "code": 7,
        "name": "Уголки",
        "parent": "806b25a2-36d2-11ee-b5b0-005056013b0c",
        "archive": false,
        "dateOutputArchive": "0001-01-01T00:00:00Z"
    },
    {
        "guid": "86636405-36d2-11ee-b5b0-005056013b0c",
        "code": 9,
        "name": "Прокат черных металлов",
        "parent": "866363a9-36d2-11ee-b5b0-005056013b0c",
        "archive": false,
        "dateOutputArchive": "0001-01-01T00:00:00Z"
    },
    {
        "guid": "86636461-36d2-11ee-b5b0-005056013b0c",
        "code": 30,
        "name": "Уголки стальные",
        "parent": "86636405-36d2-11ee-b5b0-005056013b0c",
        "archive": false,
        "dateOutputArchive": "0001-01-01T00:00:00Z"
    },
    {
        "guid": "86636509-36d2-11ee-b5b0-005056013b0c",
        "code": 1,
        "name": "Уголки стальные горячекатанные равнополочные ГОСТ 8509-93",
        "parent": "86636461-36d2-11ee-b5b0-005056013b0c",
        "archive": false,
        "dateOutputArchive": "0001-01-01T00:00:00Z"
    },
    {
        "guid": "8c5aeadb-36d2-11ee-b5b0-005056013b0c",
        "code": 2,
        "name": "Полоса башмачная для тракторов",
        "parent": "8c5ae9fd-36d2-11ee-b5b0-005056013b0c",
        "archive": false,
        "dateOutputArchive": "0001-01-01T00:00:00Z"
    },
    {
        "guid": "866365b1-36d2-11ee-b5b0-005056013b0c",
        "code": 2,
        "name": "Уголки стальные горячекатанные неравнополочные ГОСТ 8510-86",
        "parent": "86636461-36d2-11ee-b5b0-005056013b0c",
        "archive": false,
        "dateOutputArchive": "0001-01-01T00:00:00Z"
    },
    {
        "guid": "86636659-36d2-11ee-b5b0-005056013b0c",
        "code": 8,
        "name": "Ленты",
        "parent": "806b25a2-36d2-11ee-b5b0-005056013b0c",
        "archive": false,
        "dateOutputArchive": "0001-01-01T00:00:00Z"
    },
    {
        "guid": "866366ff-36d2-11ee-b5b0-005056013b0c",
        "code": 9,
        "name": "Прокат черных металлов",
        "parent": "86636659-36d2-11ee-b5b0-005056013b0c",
        "archive": false,
        "dateOutputArchive": "0001-01-01T00:00:00Z"
    },
    {
        "guid": "866367a5-36d2-11ee-b5b0-005056013b0c",
        "code": 35,
        "name": "Лента стальная горячекатаная",
        "parent": "866366ff-36d2-11ee-b5b0-005056013b0c",
        "archive": false,
        "dateOutputArchive": "0001-01-01T00:00:00Z"
    },
    {
        "guid": "8663684b-36d2-11ee-b5b0-005056013b0c",
        "code": 1,
        "name": "Лента стальная горячекатаная ГОСТ 6009-74",
        "parent": "866367a5-36d2-11ee-b5b0-005056013b0c",
        "archive": false,
        "dateOutputArchive": "0001-01-01T00:00:00Z"
    },
    {
        "guid": "866368cd-36d2-11ee-b5b0-005056013b0c",
        "code": 12,
        "name": "Метизы",
        "parent": "86636659-36d2-11ee-b5b0-005056013b0c",
        "archive": false,
        "dateOutputArchive": "0001-01-01T00:00:00Z"
    },
    {
        "guid": "86636973-36d2-11ee-b5b0-005056013b0c",
        "code": 30,
        "name": "Лента холоднокатаная",
        "parent": "866368cd-36d2-11ee-b5b0-005056013b0c",
        "archive": false,
        "dateOutputArchive": "0001-01-01T00:00:00Z"
    },
    {
        "guid": "8c5aeeb4-36d2-11ee-b5b0-005056013b0c",
        "code": 9,
        "name": "Прокат черных металлов",
        "parent": "8c5aee58-36d2-11ee-b5b0-005056013b0c",
        "archive": false,
        "dateOutputArchive": "0001-01-01T00:00:00Z"
    },
    {
        "guid": "86636a19-36d2-11ee-b5b0-005056013b0c",
        "code": 1,
        "name": "Лента холоднокатаная из низкоуглеродистой стали ГОСТ 503-81",
        "parent": "86636973-36d2-11ee-b5b0-005056013b0c",
        "archive": false,
        "dateOutputArchive": "0001-01-01T00:00:00Z"
    },
    {
        "guid": "86636a9b-36d2-11ee-b5b0-005056013b0c",
        "code": 2,
        "name": "Лента холоднокатаная из инструментальной и пружинной стали ГОСТ 2283-79",
        "parent": "86636973-36d2-11ee-b5b0-005056013b0c",
        "archive": false,
        "dateOutputArchive": "0001-01-01T00:00:00Z"
    },
    {
        "guid": "86636b1d-36d2-11ee-b5b0-005056013b0c",
        "code": 3,
        "name": "Лента холоднокатаная термообработанная ГОСТ 21996-76",
        "parent": "86636973-36d2-11ee-b5b0-005056013b0c",
        "archive": false,
        "dateOutputArchive": "0001-01-01T00:00:00Z"
    },
    {
        "guid": "86636b9f-36d2-11ee-b5b0-005056013b0c",
        "code": 4,
        "name": "Лента стальная упаковочная ГОСТ 3560-73",
        "parent": "86636973-36d2-11ee-b5b0-005056013b0c",
        "archive": false,
        "dateOutputArchive": "0001-01-01T00:00:00Z"
    },
    {
        "guid": "86636c21-36d2-11ee-b5b0-005056013b0c",
        "code": 5,
        "name": "Лента холоднокатаная повышенной точности ГОСТ 19851-74",
        "parent": "86636973-36d2-11ee-b5b0-005056013b0c",
        "archive": false,
        "dateOutputArchive": "0001-01-01T00:00:00Z"
    },
    {
        "guid": "86636ca3-36d2-11ee-b5b0-005056013b0c",
        "code": 6,
        "name": "Лента холоднокатаная ТУ 14-550-6-94",
        "parent": "86636973-36d2-11ee-b5b0-005056013b0c",
        "archive": false,
        "dateOutputArchive": "0001-01-01T00:00:00Z"
    },
    {
        "guid": "86636d25-36d2-11ee-b5b0-005056013b0c",
        "code": 7,
        "name": "Лента холоднокатаная ТУ 14-1-258-72",
        "parent": "86636973-36d2-11ee-b5b0-005056013b0c",
        "archive": false,
        "dateOutputArchive": "0001-01-01T00:00:00Z"
    },
    {
        "guid": "86636da7-36d2-11ee-b5b0-005056013b0c",
        "code": 8,
        "name": "Лента холоднокатаная из углеродистой конструкционной стали ГОСТ 2284-79",
        "parent": "86636973-36d2-11ee-b5b0-005056013b0c",
        "archive": false,
        "dateOutputArchive": "0001-01-01T00:00:00Z"
    },
    {
        "guid": "86636e29-36d2-11ee-b5b0-005056013b0c",
        "code": 33,
        "name": "Лента холоднокатаная нерж",
        "parent": "866368cd-36d2-11ee-b5b0-005056013b0c",
        "archive": false,
        "dateOutputArchive": "0001-01-01T00:00:00Z"
    },
    {
        "guid": "86636ecf-36d2-11ee-b5b0-005056013b0c",
        "code": 1,
        "name": "Лента холоднокатаная из коррозионно-стойкой и жаростойкой стали ГОСТ 4986-79",
        "parent": "86636e29-36d2-11ee-b5b0-005056013b0c",
        "archive": false,
        "dateOutputArchive": "0001-01-01T00:00:00Z"
    },
    {
        "guid": "86636f51-36d2-11ee-b5b0-005056013b0c",
        "code": 35,
        "name": "Лента из сплавов высокого омического сопротивления",
        "parent": "866368cd-36d2-11ee-b5b0-005056013b0c",
        "archive": false,
        "dateOutputArchive": "0001-01-01T00:00:00Z"
    },
    {
        "guid": "86636ff7-36d2-11ee-b5b0-005056013b0c",
        "code": 1,
        "name": "Лента из прецизионных сплавов с высоким электрическим сопротивлением ГОСТ 12766.2-90",
        "parent": "86636f51-36d2-11ee-b5b0-005056013b0c",
        "archive": false,
        "dateOutputArchive": "0001-01-01T00:00:00Z"
    },
    {
        "guid": "86637079-36d2-11ee-b5b0-005056013b0c",
        "code": 61,
        "name": "Лента холоднокатаная из термобиметаллов",
        "parent": "866368cd-36d2-11ee-b5b0-005056013b0c",
        "archive": false,
        "dateOutputArchive": "0001-01-01T00:00:00Z"
    },
    {
        "guid": "8663711f-36d2-11ee-b5b0-005056013b0c",
        "code": 1,
        "name": "Лента холоднокатаная из термобиметаллов ГОСТ 10533-86",
        "parent": "86637079-36d2-11ee-b5b0-005056013b0c",
        "archive": false,
        "dateOutputArchive": "0001-01-01T00:00:00Z"
    },
    {
        "guid": "866371a1-36d2-11ee-b5b0-005056013b0c",
        "code": 99,
        "name": "Ленты, временно используемые в производстве (доработка складских остатков)",
        "parent": "86636659-36d2-11ee-b5b0-005056013b0c",
        "archive": false,
        "dateOutputArchive": "0001-01-01T00:00:00Z"
    },
    {
        "guid": "86637223-36d2-11ee-b5b0-005056013b0c",
        "code": 9,
        "name": "Швеллеры",
        "parent": "806b25a2-36d2-11ee-b5b0-005056013b0c",
        "archive": false,
        "dateOutputArchive": "0001-01-01T00:00:00Z"
    },
    {
        "guid": "8663727f-36d2-11ee-b5b0-005056013b0c",
        "code": 9,
        "name": "Прокат черных металлов",
        "parent": "86637223-36d2-11ee-b5b0-005056013b0c",
        "archive": false,
        "dateOutputArchive": "0001-01-01T00:00:00Z"
    },
    {
        "guid": "866372db-36d2-11ee-b5b0-005056013b0c",
        "code": 25,
        "name": "Швеллеры",
        "parent": "8663727f-36d2-11ee-b5b0-005056013b0c",
        "archive": false,
        "dateOutputArchive": "0001-01-01T00:00:00Z"
    },
    {
        "guid": "86637337-36d2-11ee-b5b0-005056013b0c",
        "code": 1,
        "name": "Швеллеры стальные горячекатаные ГОСТ 8240-97",
        "parent": "866372db-36d2-11ee-b5b0-005056013b0c",
        "archive": false,
        "dateOutputArchive": "0001-01-01T00:00:00Z"
    },
    {
        "guid": "866373bb-36d2-11ee-b5b0-005056013b0c",
        "code": 2,
        "name": "Двутавры стальные горячекатанные ГОСТ 8239-89",
        "parent": "866372db-36d2-11ee-b5b0-005056013b0c",
        "archive": false,
        "dateOutputArchive": "0001-01-01T00:00:00Z"
    },
    {
        "guid": "8663743d-36d2-11ee-b5b0-005056013b0c",
        "code": 3,
        "name": "Швеллеры стальные гнутые равнополочные ГОСТ 8278-83",
        "parent": "866372db-36d2-11ee-b5b0-005056013b0c",
        "archive": false,
        "dateOutputArchive": "0001-01-01T00:00:00Z"
    },
    {
        "guid": "866374e5-36d2-11ee-b5b0-005056013b0c",
        "code": 4,
        "name": "Швеллеры стальные гнутые неравнополочные ГОСТ 8281-80",
        "parent": "866372db-36d2-11ee-b5b0-005056013b0c",
        "archive": false,
        "dateOutputArchive": "0001-01-01T00:00:00Z"
    },
    {
        "guid": "8663758c-36d2-11ee-b5b0-005056013b0c",
        "code": 5,
        "name": "Балки двутавровые и швеллеры стальные специальные ГОСТ 19425-74",
        "parent": "866372db-36d2-11ee-b5b0-005056013b0c",
        "archive": false,
        "dateOutputArchive": "0001-01-01T00:00:00Z"
    },
    {
        "guid": "8663766a-36d2-11ee-b5b0-005056013b0c",
        "code": 12,
        "name": "Метизы",
        "parent": "8663760e-36d2-11ee-b5b0-005056013b0c",
        "archive": false,
        "dateOutputArchive": "0001-01-01T00:00:00Z"
    },
    {
        "guid": "866376c6-36d2-11ee-b5b0-005056013b0c",
        "code": 50,
        "name": "Канаты",
        "parent": "8663766a-36d2-11ee-b5b0-005056013b0c",
        "archive": false,
        "dateOutputArchive": "0001-01-01T00:00:00Z"
    },
    {
        "guid": "86637747-36d2-11ee-b5b0-005056013b0c",
        "code": 1,
        "name": "Канат одинарной свивки ТК конструкции 1х19(1+6+12) ГОСТ 3063-80",
        "parent": "866376c6-36d2-11ee-b5b0-005056013b0c",
        "archive": false,
        "dateOutputArchive": "0001-01-01T00:00:00Z"
    },
    {
        "guid": "866377a4-36d2-11ee-b5b0-005056013b0c",
        "code": 2,
        "name": "Канат двойной свивки типа конструкции 6х37(1+6+12+18)+1 о.с. ГОСТ 3071-88",
        "parent": "866376c6-36d2-11ee-b5b0-005056013b0c",
        "archive": false,
        "dateOutputArchive": "0001-01-01T00:00:00Z"
    },
    {
        "guid": "86637801-36d2-11ee-b5b0-005056013b0c",
        "code": 3,
        "name": "Канат двойной свивки типа ЛК-РО конструкции 6х36(1+7+7/7+14)+7х7(1+6) ГОСТ 7669-80",
        "parent": "866376c6-36d2-11ee-b5b0-005056013b0c",
        "archive": false,
        "dateOutputArchive": "0001-01-01T00:00:00Z"
    },
    {
        "guid": "8663785e-36d2-11ee-b5b0-005056013b0c",
        "code": 4,
        "name": "Канат двойной свивки типа ЛК-РО конструкции 6х36(1+7+7/7+14)+ 1 о.с. ГОСТ 7668-80",
        "parent": "866376c6-36d2-11ee-b5b0-005056013b0c",
        "archive": false,
        "dateOutputArchive": "0001-01-01T00:00:00Z"
    },
    {
        "guid": "866378bb-36d2-11ee-b5b0-005056013b0c",
        "code": 5,
        "name": "Канаты стальные авиационные ГОСТ 3241-80",
        "parent": "866376c6-36d2-11ee-b5b0-005056013b0c",
        "archive": false,
        "dateOutputArchive": "0001-01-01T00:00:00Z"
    },
    {
        "guid": "86637918-36d2-11ee-b5b0-005056013b0c",
        "code": 6,
        "name": "Канат стальной ТУ 14-4-412-73",
        "parent": "866376c6-36d2-11ee-b5b0-005056013b0c",
        "archive": false,
        "dateOutputArchive": "0001-01-01T00:00:00Z"
    },
    {
        "guid": "86637975-36d2-11ee-b5b0-005056013b0c",
        "code": 7,
        "name": "Канат стальной двойной свивки типа ТК конструкции 6х19(1+6+12)+1о.с. ГОСТ 3070-80",
        "parent": "866376c6-36d2-11ee-b5b0-005056013b0c",
        "archive": false,
        "dateOutputArchive": "0001-01-01T00:00:00Z"
    },
    {
        "guid": "866379d2-36d2-11ee-b5b0-005056013b0c",
        "code": 8,
        "name": "Канат стальной двойной свивки типа ТК конструкции 6х19(1+6+12)+1х19(1+6+12) ГОСТ 3067-88",
        "parent": "866376c6-36d2-11ee-b5b0-005056013b0c",
        "archive": false,
        "dateOutputArchive": "0001-01-01T00:00:00Z"
    },
    {
        "guid": "86637a2f-36d2-11ee-b5b0-005056013b0c",
        "code": 9,
        "name": "Канат двойной свивки типа ЛК-О конструкции 6х7(1+6)+1х7(1+6) ГОСТ 3066-80",
        "parent": "866376c6-36d2-11ee-b5b0-005056013b0c",
        "archive": false,
        "dateOutputArchive": "0001-01-01T00:00:00Z"
    },
    {
        "guid": "86637ae9-36d2-11ee-b5b0-005056013b0c",
        "code": 11,
        "name": "Канат двойной свивки типа ЛК-Р конструкции 6х19(1+6+6/6)+1о.с. ГОСТ2688-80",
        "parent": "866376c6-36d2-11ee-b5b0-005056013b0c",
        "archive": false,
        "dateOutputArchive": "0001-01-01T00:00:00Z"
    },
    {
        "guid": "86637b46-36d2-11ee-b5b0-005056013b0c",
        "code": 12,
        "name": "Канат двойной свивки типа ЛК-О конструкции 6х19(1+9+9)+1о.с.ГОСТ3077-80",
        "parent": "866376c6-36d2-11ee-b5b0-005056013b0c",
        "archive": false,
        "dateOutputArchive": "0001-01-01T00:00:00Z"
    },
    {
        "guid": "8acaf7ed-36d2-11ee-b5b0-005056013b0c",
        "code": 13,
        "name": "Канат двойной свивки типа ЛК-3 конструкции 6х25 (1+6; 6+12)+1о.с ГОСТ 7665-80",
        "parent": "866376c6-36d2-11ee-b5b0-005056013b0c",
        "archive": false,
        "dateOutputArchive": "0001-01-01T00:00:00Z"
    },
    {
        "guid": "8acaf84a-36d2-11ee-b5b0-005056013b0c",
        "code": 14,
        "name": "Канат одинарной свивки типа ЛК-О конструкции 1х7(1+6) ГОСТ 3062-80",
        "parent": "866376c6-36d2-11ee-b5b0-005056013b0c",
        "archive": false,
        "dateOutputArchive": "0001-01-01T00:00:00Z"
    },
    {
        "guid": "8acaf8a7-36d2-11ee-b5b0-005056013b0c",
        "code": 15,
        "name": "Канат двойной свивки типа ТЛК-О конструкции 6х37(1+6+15+15)+1 о.с. ГОСТ 3079-80",
        "parent": "866376c6-36d2-11ee-b5b0-005056013b0c",
        "archive": false,
        "dateOutputArchive": "0001-01-01T00:00:00Z"
    },
    {
        "guid": "8acaf904-36d2-11ee-b5b0-005056013b0c",
        "code": 16,
        "name": "Канат двойной свивки типа ЛК-Р конструкции 6х19(1+6+6/6)+7х7(1+6) ГОСТ 14954-80",
        "parent": "866376c6-36d2-11ee-b5b0-005056013b0c",
        "archive": false,
        "dateOutputArchive": "0001-01-01T00:00:00Z"
    },
    {
        "guid": "8acaf961-36d2-11ee-b5b0-005056013b0c",
        "code": 99,
        "name": "Канаты, временно используемые в производстве (доработка складских остатков)",
        "parent": "8663760e-36d2-11ee-b5b0-005056013b0c",
        "archive": false,
        "dateOutputArchive": "0001-01-01T00:00:00Z"
    },
    {
        "guid": "8acaf999-36d2-11ee-b5b0-005056013b0c",
        "code": 11,
        "name": "Проволока",
        "parent": "806b25a2-36d2-11ee-b5b0-005056013b0c",
        "archive": false,
        "dateOutputArchive": "0001-01-01T00:00:00Z"
    },
    {
        "guid": "8acaf9f5-36d2-11ee-b5b0-005056013b0c",
        "code": 12,
        "name": "Метизы",
        "parent": "8acaf999-36d2-11ee-b5b0-005056013b0c",
        "archive": false,
        "dateOutputArchive": "0001-01-01T00:00:00Z"
    },
    {
        "guid": "8acafa51-36d2-11ee-b5b0-005056013b0c",
        "code": 10,
        "name": "Проволока обыкновенного качества",
        "parent": "8acaf9f5-36d2-11ee-b5b0-005056013b0c",
        "archive": false,
        "dateOutputArchive": "0001-01-01T00:00:00Z"
    },
    {
        "guid": "8acafad2-36d2-11ee-b5b0-005056013b0c",
        "code": 1,
        "name": "Проволока низкоуглеродистая качественная ГОСТ 792-67",
        "parent": "8acafa51-36d2-11ee-b5b0-005056013b0c",
        "archive": false,
        "dateOutputArchive": "0001-01-01T00:00:00Z"
    },
    {
        "guid": "8acafb2f-36d2-11ee-b5b0-005056013b0c",
        "code": 2,
        "name": "Проволока стальная низкоуглеродистая общего назначения ГОСТ 3282-74",
        "parent": "8acafa51-36d2-11ee-b5b0-005056013b0c",
        "archive": false,
        "dateOutputArchive": "0001-01-01T00:00:00Z"
    },
    {
        "guid": "8acafb8c-36d2-11ee-b5b0-005056013b0c",
        "code": 20,
        "name": "Проволока из углеродистых и легированных марок сталей",
        "parent": "8acaf9f5-36d2-11ee-b5b0-005056013b0c",
        "archive": false,
        "dateOutputArchive": "0001-01-01T00:00:00Z"
    },
    {
        "guid": "8acafc45-36d2-11ee-b5b0-005056013b0c",
        "code": 2,
        "name": "Проволока стальная углеродистая пружинная ГОСТ 9389-75",
        "parent": "8acafb8c-36d2-11ee-b5b0-005056013b0c",
        "archive": false,
        "dateOutputArchive": "0001-01-01T00:00:00Z"
    },
    {
        "guid": "8acafca2-36d2-11ee-b5b0-005056013b0c",
        "code": 3,
        "name": "Проволока стальная легированная пружинная ГОСТ 14963-78",
        "parent": "8acafb8c-36d2-11ee-b5b0-005056013b0c",
        "archive": false,
        "dateOutputArchive": "0001-01-01T00:00:00Z"
    },
    {
        "guid": "8acafcff-36d2-11ee-b5b0-005056013b0c",
        "code": 4,
        "name": "Проволока стальная для пружинных шайб ГОСТ 11850-72",
        "parent": "8acafb8c-36d2-11ee-b5b0-005056013b0c",
        "archive": false,
        "dateOutputArchive": "0001-01-01T00:00:00Z"
    },
    {
        "guid": "86637a8c-36d2-11ee-b5b0-005056013b0c",
        "code": 10,
        "name": "Канат двойной свивки многопрядный типа ЛК-Р конструкции 18х19(1+6+6/6)+1о.с. ГОСТ 3088-80",
        "parent": "866376c6-36d2-11ee-b5b0-005056013b0c",
        "archive": false,
        "dateOutputArchive": "0001-01-01T00:00:00Z"
    },
    {
        "guid": "8acafbe8-36d2-11ee-b5b0-005056013b0c",
        "code": 1,
        "name": "Проволока из углеродистой конструкционной стали ГОСТ 17305-91",
        "parent": "8acafb8c-36d2-11ee-b5b0-005056013b0c",
        "archive": false,
        "dateOutputArchive": "0001-01-01T00:00:00Z"
    },
    {
        "guid": "8acafd6f-36d2-11ee-b5b0-005056013b0c",
        "code": 5,
        "name": "Проволока стальная углеродистая для холодной высадки и выдавливания",
        "parent": "8acafb8c-36d2-11ee-b5b0-005056013b0c",
        "archive": false,
        "dateOutputArchive": "0001-01-01T00:00:00Z"
    }
]
]]></system-out>
  </testcase>
  <testcase name="getEopList" classname="AutoTest.ClassifierTest" time="1.126">
    <failure message="1 expectation failed.&#10;Response body doesn&apos;t match expectation.&#10;Expected: The content to match the given JSON schema.&#10;error: instance type (integer) does not match any allowed primitive type (allowed: [&quot;string&quot;])&#10;    level: &quot;error&quot;&#10;    schema: {&quot;loadingURI&quot;:&quot;file:/C:/Users/Sasha/Api/target/test-classes/getEopList.json#&quot;,&quot;pointer&quot;:&quot;/items/properties/code&quot;}&#10;    instance: {&quot;pointer&quot;:&quot;/0/code&quot;}&#10;    domain: &quot;validation&quot;&#10;    keyword: &quot;type&quot;&#10;    found: &quot;integer&quot;&#10;    expected: [&quot;string&quot;]&#10;&#10;  Actual: [{guid=806b27a5-36d2-11ee-b5b0-005056013b0c, code=1, name=Прокат толстолистовой горячекатаный из стали повышенной прочности ГОСТ 19903-74, parent=806b26da-36d2-11ee-b5b0-005056013b0c, archive=false, dateOutputArchive=0001-01-01T00:00:00Z}, {guid=806b284d-36d2-11ee-b5b0-005056013b0c, code=2, name=Листы просечно-вытяжные, parent=806b26da-36d2-11ee-b5b0-005056013b0c, archive=false, dateOutputArchive=0001-01-01T00:00:00Z}, {guid=806b28f5-36d2-11ee-b5b0-005056013b0c, code=3, name=Прокат листовой горячекатаный из высококачественной стали повышенной прочности (Швеция), parent=806b26da-36d2-11ee-b5b0-005056013b0c, archive=false, dateOutputArchive=0001-01-01T00:00:00Z}, {guid=806b2977-36d2-11ee-b5b0-005056013b0c, code=72, name=Листы стальные с ромбическим и чечевичным рифлением, parent=806b267e-36d2-11ee-b5b0-005056013b0c, archive=false, dateOutputArchive=0001-01-01T00:00:00Z}, {guid=806b2a42-36d2-11ee-b5b0-005056013b0c, code=1, name=Листы стальные с ромбическим и чечевичным рифлением ГОСТ 8568-77, parent=806b2977-36d2-11ee-b5b0-005056013b0c, archive=false, dateOutputArchive=0001-01-01T00:00:00Z}, {guid=806b2ae9-36d2-11ee-b5b0-005056013b0c, code=81, name=Прокат листовой горячекатаный, parent=806b267e-36d2-11ee-b5b0-005056013b0c, archive=false, dateOutputArchive=0001-01-01T00:00:00Z}, {guid=806b2bb4-36d2-11ee-b5b0-005056013b0c, code=1, name=Прокат листовой горячекатаный из легированной конструкционной стали общего назначения ГОСТ 19903-74, parent=806b2ae9-36d2-11ee-b5b0-005056013b0c, archive=false, dateOutputArchive=0001-01-01T00:00:00Z}, {guid=806b2c5b-36d2-11ee-b5b0-005056013b0c, code=2, name=Прокат листовой горячекатаный из стали углеродистой обыкновенного качества ГОСТ 19903-74, parent=806b2ae9-36d2-11ee-b5b0-005056013b0c, archive=false, dateOutputArchive=0001-01-01T00:00:00Z}, {guid=806b2d02-36d2-11ee-b5b0-005056013b0c, code=3, name=Прокат листовой горячекатаный из конструкционной качественной стали ГОСТ 19903-74, parent=806b2ae9-36d2-11ee-b5b0-005056013b0c, archive=false, dateOutputArchive=0001-01-01T00:00:00Z}, {guid=806b2da9-36d2-11ee-b5b0-005056013b0c, code=4, name=Прокат толстолистовой горячекатаный из легированной стали ГОСТ 19903-74, parent=806b2ae9-36d2-11ee-b5b0-005056013b0c, archive=false, dateOutputArchive=0001-01-01T00:00:00Z}, {guid=806b2e50-36d2-11ee-b5b0-005056013b0c, code=5, name=Прокат толстолистовой горячекатаный из легированной стали, parent=806b2ae9-36d2-11ee-b5b0-005056013b0c, archive=false, dateOutputArchive=0001-01-01T00:00:00Z}, {guid=806b2ef7-36d2-11ee-b5b0-005056013b0c, code=6, name=Прокат горячекатанный ТУ 1-9-1021-84, parent=806b2ae9-36d2-11ee-b5b0-005056013b0c, archive=false, dateOutputArchive=0001-01-01T00:00:00Z}, {guid=806b2f9e-36d2-11ee-b5b0-005056013b0c, code=7, name=Листы спецстали АК, parent=806b2ae9-36d2-11ee-b5b0-005056013b0c, archive=false, dateOutputArchive=0001-01-01T00:00:00Z}, {guid=806b3045-36d2-11ee-b5b0-005056013b0c, code=86, name=Прокат толстолистовой горячекатаный коррозионно-стойкий, жаростойкий и жаропрочный, parent=806b267e-36d2-11ee-b5b0-005056013b0c, archive=false, dateOutputArchive=0001-01-01T00:00:00Z}, {guid=806b3110-36d2-11ee-b5b0-005056013b0c, code=1, name=Прокат листовой горячекатаный коррозионно-стойкий, жаростойкий и жаропрочный ГОСТ 19903-74, parent=806b3045-36d2-11ee-b5b0-005056013b0c, archive=false, dateOutputArchive=0001-01-01T00:00:00Z}, {guid=806b2622-36d2-11ee-b5b0-005056013b0c, code=1, name=Листы, parent=806b25a2-36d2-11ee-b5b0-005056013b0c, archive=false, dateOutputArchive=0001-01-01T00:00:00Z}, {guid=806b267e-36d2-11ee-b5b0-005056013b0c, code=9, name=Прокат черных металлов, parent=806b2622-36d2-11ee-b5b0-005056013b0c, archive=false, dateOutputArchive=0001-01-01T00:00:00Z}, {guid=806b25a2-36d2-11ee-b5b0-005056013b0c, code=1, name=Металлы черные, parent=00000000-0000-0000-0000-000000000000, archive=false, dateOutputArchive=0001-01-01T00:00:00Z}, {guid=806b31b7-36d2-11ee-b5b0-005056013b0c, code=89, name=Листы спецстали, parent=806b267e-36d2-11ee-b5b0-005056013b0c, archive=false, dateOutputArchive=0001-01-01T00:00:00Z}, {guid=806b3282-36d2-11ee-b5b0-005056013b0c, code=1, name=Листы спецстали, parent=806b31b7-36d2-11ee-b5b0-005056013b0c, archive=false, dateOutputArchive=0001-01-01T00:00:00Z}, {guid=806b3329-36d2-11ee-b5b0-005056013b0c, code=91, name=Прокат тонколистовой холоднокатаный, parent=806b267e-36d2-11ee-b5b0-005056013b0c, archive=false, dateOutputArchive=0001-01-01T00:00:00Z}, {guid=806b3385-36d2-11ee-b5b0-005056013b0c, code=1, name=Прокат тонколистовой холоднокатаный из углеродистой стали качественной и обыкновенного качества общего назначения ГОСТ 19904-90, parent=806b3329-36d2-11ee-b5b0-005056013b0c, archive=false, dateOutputArchive=0001-01-01T00:00:00Z}, {guid=806b342c-36d2-11ee-b5b0-005056013b0c, code=2, name=Прокат тонколистовой холоднокатаный из низкоуглеродистой качественной стали для холодной штамповки ГОСТ 19904-90, parent=806b3329-36d2-11ee-b5b0-005056013b0c, archive=false, dateOutputArchive=0001-01-01T00:00:00Z}, {guid=806b34d3-36d2-11ee-b5b0-005056013b0c, code=3, name=Прокат листовой холоднокатаный из легированной конструкционной стали общего назначения ГОСТ 19904-90, parent=806b3329-36d2-11ee-b5b0-005056013b0c, archive=false, dateOutputArchive=0001-01-01T00:00:00Z}, {guid=806b357a-36d2-11ee-b5b0-005056013b0c, code=4, name=Листы перфорированные «ПЕРФОКОМ», parent=806b3329-36d2-11ee-b5b0-005056013b0c, archive=false, dateOutputArchive=0001-01-01T00:00:00Z}, {guid=806b3623-36d2-11ee-b5b0-005056013b0c, code=5, name=Листы перфорированные, parent=806b3329-36d2-11ee-b5b0-005056013b0c, archive=false, dateOutputArchive=0001-01-01T00:00:00Z}, {guid=806b36cb-36d2-11ee-b5b0-005056013b0c, code=93, name=Прокат тонколистовой из коррозионно-стойкой, жаростойкой и жаропрочной стали, parent=806b267e-36d2-11ee-b5b0-005056013b0c, archive=false, dateOutputArchive=0001-01-01T00:00:00Z}, {guid=806b3796-36d2-11ee-b5b0-005056013b0c, code=1, name=Прокат тонколистовой из коррозионно-стойкой, жаростойкой и жаропрочной стали ГОСТ 19904-90, parent=806b36cb-36d2-11ee-b5b0-005056013b0c, archive=false, dateOutputArchive=0001-01-01T00:00:00Z}, {guid=806b383d-36d2-11ee-b5b0-005056013b0c, code=11, name=Изделия дальнейшего передела, parent=806b2622-36d2-11ee-b5b0-005056013b0c, archive=false, dateOutputArchive=0001-01-01T00:00:00Z}, {guid=806b3908-36d2-11ee-b5b0-005056013b0c, code=11, name=Прокат холоднокатаный из тонколистовой оцинкованной стали, parent=806b383d-36d2-11ee-b5b0-005056013b0c, archive=false, dateOutputArchive=0001-01-01T00:00:00Z}, {guid=806b39d3-36d2-11ee-b5b0-005056013b0c, code=1, name=Прокат холоднокатаный из тонколистовой оцинкованной стали ГОСТ 19904-90, parent=806b3908-36d2-11ee-b5b0-005056013b0c, archive=false, dateOutputArchive=0001-01-01T00:00:00Z}, {guid=806b3a7a-36d2-11ee-b5b0-005056013b0c, code=15, name=Жесть, parent=806b383d-36d2-11ee-b5b0-005056013b0c, archive=false, dateOutputArchive=0001-01-01T00:00:00Z}, {guid=806b3b45-36d2-11ee-b5b0-005056013b0c, code=1, name=Жесть белая, parent=806b3a7a-36d2-11ee-b5b0-005056013b0c, archive=false, dateOutputArchive=0001-01-01T00:00:00Z}, {guid=806b3bec-36d2-11ee-b5b0-005056013b0c, code=99, name=Листы, временно используемые в производстве (доработка складских остатков), parent=806b2622-36d2-11ee-b5b0-005056013b0c, archive=false, dateOutputArchive=0001-01-01T00:00:00Z}, {guid=806b3ca6-36d2-11ee-b5b0-005056013b0c, code=9, name=Прокат черных металлов, parent=806b3c24-36d2-11ee-b5b0-005056013b0c, archive=false, dateOutputArchive=0001-01-01T00:00:00Z}, {guid=806b3d27-36d2-11ee-b5b0-005056013b0c, code=50, name=Прокат стальной горячекатаный, parent=806b3ca6-36d2-11ee-b5b0-005056013b0c, archive=false, dateOutputArchive=0001-01-01T00:00:00Z}, {guid=806b3da8-36d2-11ee-b5b0-005056013b0c, code=1, name=Прокат сортовой стальной горячекатаный квадратный ГОСТ 2591-2006, parent=806b3d27-36d2-11ee-b5b0-005056013b0c, archive=false, dateOutputArchive=0001-01-01T00:00:00Z}, {guid=806b3c24-36d2-11ee-b5b0-005056013b0c, code=2, name=Квадраты, parent=806b25a2-36d2-11ee-b5b0-005056013b0c, archive=false, dateOutputArchive=0001-01-01T00:00:00Z}, {guid=806b3e05-36d2-11ee-b5b0-005056013b0c, code=11, name=Изделия дальнейшего передела, parent=806b3c24-36d2-11ee-b5b0-005056013b0c, archive=false, dateOutputArchive=0001-01-01T00:00:00Z}, {guid=806b3e86-36d2-11ee-b5b0-005056013b0c, code=40, name=Прокат калиброванный, parent=806b3e05-36d2-11ee-b5b0-005056013b0c, archive=false, dateOutputArchive=0001-01-01T00:00:00Z}, {guid=806b3f07-36d2-11ee-b5b0-005056013b0c, code=1, name=Прокат калиброванный квадратный ГОСТ 8559-75, parent=806b3e86-36d2-11ee-b5b0-005056013b0c, archive=false, dateOutputArchive=0001-01-01T00:00:00Z}, {guid=806b3f64-36d2-11ee-b5b0-005056013b0c, code=99, name=Квадраты, временно используемые в производстве (доработка складских остатков), parent=806b3c24-36d2-11ee-b5b0-005056013b0c, archive=false, dateOutputArchive=0001-01-01T00:00:00Z}, {guid=806b3fc1-36d2-11ee-b5b0-005056013b0c, code=3, name=Шестигранники, parent=806b25a2-36d2-11ee-b5b0-005056013b0c, archive=false, dateOutputArchive=0001-01-01T00:00:00Z}, {guid=806b4043-36d2-11ee-b5b0-005056013b0c, code=9, name=Прокат черных металлов, parent=806b3fc1-36d2-11ee-b5b0-005056013b0c, archive=false, dateOutputArchive=0001-01-01T00:00:00Z}, {guid=806b40c4-36d2-11ee-b5b0-005056013b0c, code=50, name=Прокат стальной горячекатаный, parent=806b4043-36d2-11ee-b5b0-005056013b0c, archive=false, dateOutputArchive=0001-01-01T00:00:00Z}, {guid=806b4145-36d2-11ee-b5b0-005056013b0c, code=1, name=Прокат сортовой стальной горячекатаный шестигранный ГОСТ 2879-2006, parent=806b40c4-36d2-11ee-b5b0-005056013b0c, archive=false, dateOutputArchive=0001-01-01T00:00:00Z}, {guid=806b41a2-36d2-11ee-b5b0-005056013b0c, code=11, name=Изделия дальнейшего передела, parent=806b3fc1-36d2-11ee-b5b0-005056013b0c, archive=false, dateOutputArchive=0001-01-01T00:00:00Z}, {guid=806b4223-36d2-11ee-b5b0-005056013b0c, code=40, name=Прокат калиброванный, parent=806b41a2-36d2-11ee-b5b0-005056013b0c, archive=false, dateOutputArchive=0001-01-01T00:00:00Z}, {guid=806b42a4-36d2-11ee-b5b0-005056013b0c, code=1, name=Прокат калиброванный шестигранный ГОСТ 8560-78, parent=806b4223-36d2-11ee-b5b0-005056013b0c, archive=false, dateOutputArchive=0001-01-01T00:00:00Z}, {guid=806b4301-36d2-11ee-b5b0-005056013b0c, code=99, name=Шестигранники, временно используемые в производстве (доработка складских остатков), parent=806b3fc1-36d2-11ee-b5b0-005056013b0c, archive=false, dateOutputArchive=0001-01-01T00:00:00Z}, {guid=806b435e-36d2-11ee-b5b0-005056013b0c, code=4, name=Круги, parent=806b25a2-36d2-11ee-b5b0-005056013b0c, archive=false, dateOutputArchive=0001-01-01T00:00:00Z}, {guid=806b43ba-36d2-11ee-b5b0-005056013b0c, code=9, name=Прокат черных металлов, parent=806b435e-36d2-11ee-b5b0-005056013b0c, archive=false, dateOutputArchive=0001-01-01T00:00:00Z}, {guid=806b443c-36d2-11ee-b5b0-005056013b0c, code=30, name=Прокат стальной горячекатаный низколегированный, parent=806b43ba-36d2-11ee-b5b0-005056013b0c, archive=false, dateOutputArchive=0001-01-01T00:00:00Z}, {guid=806b44bd-36d2-11ee-b5b0-005056013b0c, code=1, name=Прокат сортовой стальной горячекатаный конструкционный низколегированный ГОСТ 2590-2006, parent=806b443c-36d2-11ee-b5b0-005056013b0c, archive=false, dateOutputArchive=0001-01-01T00:00:00Z}, {guid=806b451a-36d2-11ee-b5b0-005056013b0c, code=34, name=Прокат горячекатаный круглый обыкновенного качества, parent=806b43ba-36d2-11ee-b5b0-005056013b0c, archive=false, dateOutputArchive=0001-01-01T00:00:00Z}, {guid=806b459b-36d2-11ee-b5b0-005056013b0c, code=1, name=Прокат сортовой стальной горячекатаный круглый обыкновенного качества ГОСТ 2590-2006, parent=806b451a-36d2-11ee-b5b0-005056013b0c, archive=false, dateOutputArchive=0001-01-01T00:00:00Z}, {guid=806b45f8-36d2-11ee-b5b0-005056013b0c, code=50, name=Прокат стальной горячекатаный, parent=806b43ba-36d2-11ee-b5b0-005056013b0c, archive=false, dateOutputArchive=0001-01-01T00:00:00Z}, {guid=806b4679-36d2-11ee-b5b0-005056013b0c, code=1, name=Прокат сортовой стальной горячекатаный конструкционный углеродистый ГОСТ 2590-2006, parent=806b45f8-36d2-11ee-b5b0-005056013b0c, archive=false, dateOutputArchive=0001-01-01T00:00:00Z}, {guid=806b46d6-36d2-11ee-b5b0-005056013b0c, code=2, name=Прокат сортовой стальной горячекатаный конструкционный легированный ГОСТ 2590-2006, parent=806b45f8-36d2-11ee-b5b0-005056013b0c, archive=false, dateOutputArchive=0001-01-01T00:00:00Z}, {guid=806b4733-36d2-11ee-b5b0-005056013b0c, code=3, name=Прокат сортовой стальной горячекатаный конструкционной по ТУ 14-1-4566-89, parent=806b45f8-36d2-11ee-b5b0-005056013b0c, archive=false, dateOutputArchive=0001-01-01T00:00:00Z}, {guid=806b4790-36d2-11ee-b5b0-005056013b0c, code=4, name=Прокат круглый из рессорно-пружинной углеродистой и легированной стали ГОСТ 2590-2006, parent=806b45f8-36d2-11ee-b5b0-005056013b0c, archive=false, dateOutputArchive=0001-01-01T00:00:00Z}, {guid=806b47ed-36d2-11ee-b5b0-005056013b0c, code=51, name=Прокат для холодного выдавливания и высадки, parent=806b43ba-36d2-11ee-b5b0-005056013b0c, archive=false, dateOutputArchive=0001-01-01T00:00:00Z}, {guid=806b486e-36d2-11ee-b5b0-005056013b0c, code=1, name=Прокат качественный конструкционный углеродистый и легированный для холодного выдавливания и высадки ГОСТ 10702-78, parent=806b47ed-36d2-11ee-b5b0-005056013b0c, archive=false, dateOutputArchive=0001-01-01T00:00:00Z}, {guid=806b48cb-36d2-11ee-b5b0-005056013b0c, code=56, name=Прокат горячекатаный сортовой конструкционный подшипниковый, parent=806b43ba-36d2-11ee-b5b0-005056013b0c, archive=false, dateOutputArchive=0001-01-01T00:00:00Z}, {guid=806b494c-36d2-11ee-b5b0-005056013b0c, code=1, name=Прокат сортовой стальной горячекатаный конструкционный подшипниковый ГОСТ 2590-2006, parent=806b48cb-36d2-11ee-b5b0-005056013b0c, archive=false, dateOutputArchive=0001-01-01T00:00:00Z}, {guid=806b49a9-36d2-11ee-b5b0-005056013b0c, code=58, name=Прокат горячекатаный сортовой конструкционный никельсодержащий, parent=806b43ba-36d2-11ee-b5b0-005056013b0c, archive=false, dateOutputArchive=0001-01-01T00:00:00Z}, {guid=806b4a2a-36d2-11ee-b5b0-005056013b0c, code=1, name=Прокат сортовой стальной горячекатаный конструкционный по ТУ 14-1-1725-76, parent=806b49a9-36d2-11ee-b5b0-005056013b0c, archive=false, dateOutputArchive=0001-01-01T00:00:00Z}, {guid=806b4a87-36d2-11ee-b5b0-005056013b0c, code=61, name=Прокат горячекатаный сортовой инструментальный, parent=806b43ba-36d2-11ee-b5b0-005056013b0c, archive=false, dateOutputArchive=0001-01-01T00:00:00Z}, {guid=806b4b08-36d2-11ee-b5b0-005056013b0c, code=1, name=Прокат сортовой стальной горячекатаный инструментальный нелегированный ГОСТ 2590-2006, parent=806b4a87-36d2-11ee-b5b0-005056013b0c, archive=false, dateOutputArchive=0001-01-01T00:00:00Z}, {guid=806b4b65-36d2-11ee-b5b0-005056013b0c, code=63, name=Прокат горячекатаный сортовой конструкционный коррозионно-стойкий, жаропрочный, parent=806b43ba-36d2-11ee-b5b0-005056013b0c, archive=false, dateOutputArchive=0001-01-01T00:00:00Z}, {guid=806b4be6-36d2-11ee-b5b0-005056013b0c, code=1, name=Прокат сортовой стальной горячекатаный конструкционный коррозионностойкий, жаропрочный ГОСТ 2590-2006, parent=806b4b65-36d2-11ee-b5b0-005056013b0c, archive=false, dateOutputArchive=0001-01-01T00:00:00Z}, {guid=84f01c49-36d2-11ee-b5b0-005056013b0c, code=13, name=Трубы стальные, parent=84f01bed-36d2-11ee-b5b0-005056013b0c, archive=false, dateOutputArchive=0001-01-01T00:00:00Z}, {guid=806b4c43-36d2-11ee-b5b0-005056013b0c, code=66, name=Прокат сортовой из прецизионных сплавов с высоким электрическим сопротивлением, parent=806b43ba-36d2-11ee-b5b0-005056013b0c, archive=false, dateOutputArchive=0001-01-01T00:00:00Z}, {guid=84f014af-36d2-11ee-b5b0-005056013b0c, code=1, name=Прокат сортовой из прецизионных сплавов с высоким электрическим сопротивлением ГОСТ 12766.4-90, parent=806b4c43-36d2-11ee-b5b0-005056013b0c, archive=false, dateOutputArchive=0001-01-01T00:00:00Z}, {guid=84f0150c-36d2-11ee-b5b0-005056013b0c, code=70, name=Поковки, parent=806b43ba-36d2-11ee-b5b0-005056013b0c, archive=false, dateOutputArchive=0001-01-01T00:00:00Z}, {guid=84f0158d-36d2-11ee-b5b0-005056013b0c, code=1, name=Поковки, parent=84f0150c-36d2-11ee-b5b0-005056013b0c, archive=false, dateOutputArchive=0001-01-01T00:00:00Z}, {guid=84f015ea-36d2-11ee-b5b0-005056013b0c, code=11, name=Изделия дальнейшего передела, parent=806b435e-36d2-11ee-b5b0-005056013b0c, archive=false, dateOutputArchive=0001-01-01T00:00:00Z}, {guid=84f01646-36d2-11ee-b5b0-005056013b0c, code=40, name=Прокат калиброванный круглый, parent=84f015ea-36d2-11ee-b5b0-005056013b0c, archive=false, dateOutputArchive=0001-01-01T00:00:00Z}, {guid=84f016c7-36d2-11ee-b5b0-005056013b0c, code=1, name=Прокат калиброванный круглый углеродистый ГОСТ 7417-75, parent=84f01646-36d2-11ee-b5b0-005056013b0c, archive=false, dateOutputArchive=0001-01-01T00:00:00Z}, {guid=84f01724-36d2-11ee-b5b0-005056013b0c, code=2, name=Прокат калиброванный круглый легированный ГОСТ 7417-75, parent=84f01646-36d2-11ee-b5b0-005056013b0c, archive=false, dateOutputArchive=0001-01-01T00:00:00Z}, {guid=84f01781-36d2-11ee-b5b0-005056013b0c, code=3, name=Прокат калиброванный круглый коррозионно-стойкий, жаропрочный ГОСТ 7417-75, parent=84f01646-36d2-11ee-b5b0-005056013b0c, archive=false, dateOutputArchive=0001-01-01T00:00:00Z}, {guid=84f017de-36d2-11ee-b5b0-005056013b0c, code=4, name=Прокат калиброванный круглый из рессорно-пружинной углеродистой и легированной стали ГОСТ 7417-75, parent=84f01646-36d2-11ee-b5b0-005056013b0c, archive=false, dateOutputArchive=0001-01-01T00:00:00Z}, {guid=84f0183b-36d2-11ee-b5b0-005056013b0c, code=5, name=Сталь качественная круглая со специальной отделкой поверхности ГОСТ 14955-77, parent=84f01646-36d2-11ee-b5b0-005056013b0c, archive=false, dateOutputArchive=0001-01-01T00:00:00Z}, {guid=84f01898-36d2-11ee-b5b0-005056013b0c, code=6, name=Прокат калиброванный для холодной высадки, parent=84f01646-36d2-11ee-b5b0-005056013b0c, archive=false, dateOutputArchive=0001-01-01T00:00:00Z}, {guid=84f018f5-36d2-11ee-b5b0-005056013b0c, code=7, name=Шток хромированный, parent=84f01646-36d2-11ee-b5b0-005056013b0c, archive=false, dateOutputArchive=0001-01-01T00:00:00Z}, {guid=84f01952-36d2-11ee-b5b0-005056013b0c, code=8, name=Прокат сортовой холоднотянутый подшипниковый ГОСТ 7417-75, parent=84f01646-36d2-11ee-b5b0-005056013b0c, archive=false, dateOutputArchive=0001-01-01T00:00:00Z}, {guid=84f019af-36d2-11ee-b5b0-005056013b0c, code=50, name=Прокат термически обработанный шлифованный, parent=84f015ea-36d2-11ee-b5b0-005056013b0c, archive=false, dateOutputArchive=0001-01-01T00:00:00Z}, {guid=84f01a30-36d2-11ee-b5b0-005056013b0c, code=1, name=Прутки нагартованные, термически обработанные шлифованные из высоколегированной и коррозионностойкой стали ГОСТ 18907-73, parent=84f019af-36d2-11ee-b5b0-005056013b0c, archive=false, dateOutputArchive=0001-01-01T00:00:00Z}, {guid=84f01a8d-36d2-11ee-b5b0-005056013b0c, code=60, name=Прокат высокой точности, parent=84f015ea-36d2-11ee-b5b0-005056013b0c, archive=false, dateOutputArchive=0001-01-01T00:00:00Z}, {guid=84f01b33-36d2-11ee-b5b0-005056013b0c, code=1, name=Сталь чистотянутая для шпонок ГОСТ 8787-68, parent=84f01a8d-36d2-11ee-b5b0-005056013b0c, archive=false, dateOutputArchive=0001-01-01T00:00:00Z}, {guid=84f01bb5-36d2-11ee-b5b0-005056013b0c, code=99, name=Круги, временно используемые в производстве (доработка складских остатков), parent=806b435e-36d2-11ee-b5b0-005056013b0c, archive=false, dateOutputArchive=0001-01-01T00:00:00Z}, {guid=84f01bed-36d2-11ee-b5b0-005056013b0c, code=5, name=Трубы, parent=806b25a2-36d2-11ee-b5b0-005056013b0c, archive=false, dateOutputArchive=0001-01-01T00:00:00Z}, {guid=84f01ca5-36d2-11ee-b5b0-005056013b0c, code=14, name=Трубы подшипниковые, parent=84f01c49-36d2-11ee-b5b0-005056013b0c, archive=false, dateOutputArchive=0001-01-01T00:00:00Z}, {guid=84f01d4d-36d2-11ee-b5b0-005056013b0c, code=1, name=Трубы подшипниковые ГОСТ 800-78, parent=84f01ca5-36d2-11ee-b5b0-005056013b0c, archive=false, dateOutputArchive=0001-01-01T00:00:00Z}, {guid=84f01dcf-36d2-11ee-b5b0-005056013b0c, code=19, name=Трубы катаные, parent=84f01c49-36d2-11ee-b5b0-005056013b0c, archive=false, dateOutputArchive=0001-01-01T00:00:00Z}, {guid=84f01e2b-36d2-11ee-b5b0-005056013b0c, code=1, name=Трубы стальные бесшовные горячедеформированные ГОСТ 8732-78, parent=84f01dcf-36d2-11ee-b5b0-005056013b0c, archive=false, dateOutputArchive=0001-01-01T00:00:00Z}, {guid=84f01ead-36d2-11ee-b5b0-005056013b0c, code=2, name=Трубы горячекатаные ТС 257-07, parent=84f01dcf-36d2-11ee-b5b0-005056013b0c, archive=false, dateOutputArchive=0001-01-01T00:00:00Z}, {guid=84f01f30-36d2-11ee-b5b0-005056013b0c, code=3, name=Трубы горячекатаные ТС 77-02, parent=84f01dcf-36d2-11ee-b5b0-005056013b0c, archive=false, dateOutputArchive=0001-01-01T00:00:00Z}, {guid=8c5aea59-36d2-11ee-b5b0-005056013b0c, code=1, name=Профиль ножа, parent=8c5ae9fd-36d2-11ee-b5b0-005056013b0c, archive=false, dateOutputArchive=0001-01-01T00:00:00Z}, {guid=84f01fb2-36d2-11ee-b5b0-005056013b0c, code=4, name=Трубы стальные бесшовные горячекатаные толстостенные из литого слитка ТУ 14-3Р-50-2001, parent=84f01dcf-36d2-11ee-b5b0-005056013b0c, archive=false, dateOutputArchive=0001-01-01T00:00:00Z}, {guid=84f02034-36d2-11ee-b5b0-005056013b0c, code=5, name=Трубы стальные бесшовные горячедеформированные для нефтегазопроводов ТУ 14-3Р-44-2001, parent=84f01dcf-36d2-11ee-b5b0-005056013b0c, archive=false, dateOutputArchive=0001-01-01T00:00:00Z}, {guid=84f020b6-36d2-11ee-b5b0-005056013b0c, code=6, name=Трубы бесшовные горячедеформированные из коррозионностойкой стали ГОСТ 9940-81, parent=84f01dcf-36d2-11ee-b5b0-005056013b0c, archive=false, dateOutputArchive=0001-01-01T00:00:00Z}, {guid=84f02138-36d2-11ee-b5b0-005056013b0c, code=40, name=Трубы тянутые, parent=84f01c49-36d2-11ee-b5b0-005056013b0c, archive=false, dateOutputArchive=0001-01-01T00:00:00Z}, {guid=84f02194-36d2-11ee-b5b0-005056013b0c, code=1, name=Трубы стальные бесшовные холоднодеформированные ГОСТ 8734-75, parent=84f02138-36d2-11ee-b5b0-005056013b0c, archive=false, dateOutputArchive=0001-01-01T00:00:00Z}, {guid=86635496-36d2-11ee-b5b0-005056013b0c, code=2, name=Трубы стальные электросварные прямошовные ГОСТ 10704-91, parent=84f02138-36d2-11ee-b5b0-005056013b0c, archive=false, dateOutputArchive=0001-01-01T00:00:00Z}, {guid=86635518-36d2-11ee-b5b0-005056013b0c, code=3, name=Трубы стальные электросварные холоднодеформированные для карданных валов ГОСТ 5005-82, parent=84f02138-36d2-11ee-b5b0-005056013b0c, archive=false, dateOutputArchive=0001-01-01T00:00:00Z}, {guid=8663559a-36d2-11ee-b5b0-005056013b0c, code=4, name=Трубы холоднодеформированные ТУ 14-3-575-90, ПР890-2002, parent=84f02138-36d2-11ee-b5b0-005056013b0c, archive=false, dateOutputArchive=0001-01-01T00:00:00Z}, {guid=8663561c-36d2-11ee-b5b0-005056013b0c, code=5, name=Трубы стальные бесшовные высокого давления ГОСТ 11017-80, parent=84f02138-36d2-11ee-b5b0-005056013b0c, archive=false, dateOutputArchive=0001-01-01T00:00:00Z}, {guid=8663569e-36d2-11ee-b5b0-005056013b0c, code=6, name=Трубы стальные бесшовные холоднодеформируемые производства фирмы ШТАУФФ, parent=84f02138-36d2-11ee-b5b0-005056013b0c, archive=false, dateOutputArchive=0001-01-01T00:00:00Z}, {guid=86635720-36d2-11ee-b5b0-005056013b0c, code=44, name=Трубы тянутые прецизионные, прямоугольные, квадратные, parent=84f01c49-36d2-11ee-b5b0-005056013b0c, archive=false, dateOutputArchive=0001-01-01T00:00:00Z}, {guid=8663577c-36d2-11ee-b5b0-005056013b0c, code=1, name=Трубы стальные прецизионные ГОСТ 9567-75, parent=86635720-36d2-11ee-b5b0-005056013b0c, archive=false, dateOutputArchive=0001-01-01T00:00:00Z}, {guid=866357fe-36d2-11ee-b5b0-005056013b0c, code=2, name=Трубы стальные прямоугольные ГОСТ 8645-68, parent=86635720-36d2-11ee-b5b0-005056013b0c, archive=false, dateOutputArchive=0001-01-01T00:00:00Z}, {guid=866358a7-36d2-11ee-b5b0-005056013b0c, code=3, name=Трубы стальные квадратные ГОСТ 8639-82, parent=86635720-36d2-11ee-b5b0-005056013b0c, archive=false, dateOutputArchive=0001-01-01T00:00:00Z}, {guid=86636371-36d2-11ee-b5b0-005056013b0c, code=99, name=Полосы, временно используемые в производстве (доработка складских остатков), parent=86635f07-36d2-11ee-b5b0-005056013b0c, archive=false, dateOutputArchive=0001-01-01T00:00:00Z}, {guid=86635929-36d2-11ee-b5b0-005056013b0c, code=4, name=Профили стальные гнутые замкнутые сварные квадратные и прямоугольные для строительных конструкций, parent=86635720-36d2-11ee-b5b0-005056013b0c, archive=false, dateOutputArchive=0001-01-01T00:00:00Z}, {guid=866359d0-36d2-11ee-b5b0-005056013b0c, code=5, name=Трубы стальные электросварные прямоугольного и квадратного сечения ТУ 14-3-462-76, parent=86635720-36d2-11ee-b5b0-005056013b0c, archive=false, dateOutputArchive=0001-01-01T00:00:00Z}, {guid=86635a77-36d2-11ee-b5b0-005056013b0c, code=6, name=Профили стальные гнутые замкнутые сварные квадратные и прямоугольные ГОСТ 25577-83, parent=86635720-36d2-11ee-b5b0-005056013b0c, archive=false, dateOutputArchive=0001-01-01T00:00:00Z}, {guid=86635b1e-36d2-11ee-b5b0-005056013b0c, code=51, name=Трубы тонкостенные углерод, parent=84f01c49-36d2-11ee-b5b0-005056013b0c, archive=false, dateOutputArchive=0001-01-01T00:00:00Z}, {guid=86635bc4-36d2-11ee-b5b0-005056013b0c, code=1, name=Трубы стальные бесшовные холоднодеформированные для судостроения ГОСТ 1060-83, parent=86635b1e-36d2-11ee-b5b0-005056013b0c, archive=false, dateOutputArchive=0001-01-01T00:00:00Z}, {guid=86635c46-36d2-11ee-b5b0-005056013b0c, code=60, name=Трубы тонкостенные нерж, parent=84f01c49-36d2-11ee-b5b0-005056013b0c, archive=false, dateOutputArchive=0001-01-01T00:00:00Z}, {guid=86635cec-36d2-11ee-b5b0-005056013b0c, code=1, name=Трубы бесшовные холодно и теплодеформированные из коррозионной стали ГОСТ 9941-81, parent=86635c46-36d2-11ee-b5b0-005056013b0c, archive=false, dateOutputArchive=0001-01-01T00:00:00Z}, {guid=86635d6e-36d2-11ee-b5b0-005056013b0c, code=2, name=Трубы стальные бесшовные для маслопроводов и топливопроводов ГОСТ 19277-73, parent=86635c46-36d2-11ee-b5b0-005056013b0c, archive=false, dateOutputArchive=0001-01-01T00:00:00Z}, {guid=86635df0-36d2-11ee-b5b0-005056013b0c, code=85, name=Трубы стальные водогазопроводные, parent=84f01c49-36d2-11ee-b5b0-005056013b0c, archive=false, dateOutputArchive=0001-01-01T00:00:00Z}, {guid=86635e4c-36d2-11ee-b5b0-005056013b0c, code=1, name=Трубы стальные водогазопроводные ГОСТ 3262-75, parent=86635df0-36d2-11ee-b5b0-005056013b0c, archive=false, dateOutputArchive=0001-01-01T00:00:00Z}, {guid=86635f07-36d2-11ee-b5b0-005056013b0c, code=6, name=Полоса, parent=806b25a2-36d2-11ee-b5b0-005056013b0c, archive=false, dateOutputArchive=0001-01-01T00:00:00Z}, {guid=86635f63-36d2-11ee-b5b0-005056013b0c, code=9, name=Прокат черных металлов, parent=86635f07-36d2-11ee-b5b0-005056013b0c, archive=false, dateOutputArchive=0001-01-01T00:00:00Z}, {guid=86635fbf-36d2-11ee-b5b0-005056013b0c, code=50, name=Полоса стальная, parent=86635f63-36d2-11ee-b5b0-005056013b0c, archive=false, dateOutputArchive=0001-01-01T00:00:00Z}, {guid=86636065-36d2-11ee-b5b0-005056013b0c, code=1, name=Прокат сортовой стальной горячекатаный полосовой ГОСТ 103-2006, parent=86635fbf-36d2-11ee-b5b0-005056013b0c, archive=false, dateOutputArchive=0001-01-01T00:00:00Z}, {guid=866360e7-36d2-11ee-b5b0-005056013b0c, code=2, name=Профили стальные холоднодеформированные высокой точности ТУ 14-11-245-88, parent=86635fbf-36d2-11ee-b5b0-005056013b0c, archive=false, dateOutputArchive=0001-01-01T00:00:00Z}, {guid=86636169-36d2-11ee-b5b0-005056013b0c, code=3, name=Прокат сортовой стальной горячекатаный полосовой рессорно-пружинный ГОСТ 7419-90, parent=86635fbf-36d2-11ee-b5b0-005056013b0c, archive=false, dateOutputArchive=0001-01-01T00:00:00Z}, {guid=866361eb-36d2-11ee-b5b0-005056013b0c, code=4, name=Прокат сортовой стальной горячекатаный полосовой ТУ 14-1-5240-93, parent=86635fbf-36d2-11ee-b5b0-005056013b0c, archive=false, dateOutputArchive=0001-01-01T00:00:00Z}, {guid=8663626d-36d2-11ee-b5b0-005056013b0c, code=5, name=Прокат широкополосный универсальный ГОСТ 82-70, parent=86635fbf-36d2-11ee-b5b0-005056013b0c, archive=false, dateOutputArchive=0001-01-01T00:00:00Z}, {guid=866362ef-36d2-11ee-b5b0-005056013b0c, code=6, name=Прокат листовой и полосовой термообработанный повышенного качества ТУ 14-1-4632-93, parent=86635fbf-36d2-11ee-b5b0-005056013b0c, archive=false, dateOutputArchive=0001-01-01T00:00:00Z}, {guid=866363a9-36d2-11ee-b5b0-005056013b0c, code=7, name=Уголки, parent=806b25a2-36d2-11ee-b5b0-005056013b0c, archive=false, dateOutputArchive=0001-01-01T00:00:00Z}, {guid=86636405-36d2-11ee-b5b0-005056013b0c, code=9, name=Прокат черных металлов, parent=866363a9-36d2-11ee-b5b0-005056013b0c, archive=false, dateOutputArchive=0001-01-01T00:00:00Z}, {guid=86636461-36d2-11ee-b5b0-005056013b0c, code=30, name=Уголки стальные, parent=86636405-36d2-11ee-b5b0-005056013b0c, archive=false, dateOutputArchive=0001-01-01T00:00:00Z}, {guid=86636509-36d2-11ee-b5b0-005056013b0c, code=1, name=Уголки стальные горячекатанные равнополочные ГОСТ 8509-93, parent=86636461-36d2-11ee-b5b0-005056013b0c, archive=false, dateOutputArchive=0001-01-01T00:00:00Z}, {guid=8c5aeadb-36d2-11ee-b5b0-005056013b0c, code=2, name=Полоса башмачная для тракторов, parent=8c5ae9fd-36d2-11ee-b5b0-005056013b0c, archive=false, dateOutputArchive=0001-01-01T00:00:00Z}, {guid=866365b1-36d2-11ee-b5b0-005056013b0c, code=2, name=Уголки стальные горячекатанные неравнополочные ГОСТ 8510-86, parent=86636461-36d2-11ee-b5b0-005056013b0c, archive=false, dateOutputArchive=0001-01-01T00:00:00Z}, {guid=86636659-36d2-11ee-b5b0-005056013b0c, code=8, name=Ленты, parent=806b25a2-36d2-11ee-b5b0-005056013b0c, archive=false, dateOutputArchive=0001-01-01T00:00:00Z}, {guid=866366ff-36d2-11ee-b5b0-005056013b0c, code=9, name=Прокат черных металлов, parent=86636659-36d2-11ee-b5b0-005056013b0c, archive=false, dateOutputArchive=0001-01-01T00:00:00Z}, {guid=866367a5-36d2-11ee-b5b0-005056013b0c, code=35, name=Лента стальная горячекатаная, parent=866366ff-36d2-11ee-b5b0-005056013b0c, archive=false, dateOutputArchive=0001-01-01T00:00:00Z}, {guid=8663684b-36d2-11ee-b5b0-005056013b0c, code=1, name=Лента стальная горячекатаная ГОСТ 6009-74, parent=866367a5-36d2-11ee-b5b0-005056013b0c, archive=false, dateOutputArchive=0001-01-01T00:00:00Z}, {guid=866368cd-36d2-11ee-b5b0-005056013b0c, code=12, name=Метизы, parent=86636659-36d2-11ee-b5b0-005056013b0c, archive=false, dateOutputArchive=0001-01-01T00:00:00Z}, {guid=86636973-36d2-11ee-b5b0-005056013b0c, code=30, name=Лента холоднокатаная, parent=866368cd-36d2-11ee-b5b0-005056013b0c, archive=false, dateOutputArchive=0001-01-01T00:00:00Z}, {guid=8c5aeeb4-36d2-11ee-b5b0-005056013b0c, code=9, name=Прокат черных металлов, parent=8c5aee58-36d2-11ee-b5b0-005056013b0c, archive=false, dateOutputArchive=0001-01-01T00:00:00Z}, {guid=86636a19-36d2-11ee-b5b0-005056013b0c, code=1, name=Лента холоднокатаная из низкоуглеродистой стали ГОСТ 503-81, parent=86636973-36d2-11ee-b5b0-005056013b0c, archive=false, dateOutputArchive=0001-01-01T00:00:00Z}, {guid=86636a9b-36d2-11ee-b5b0-005056013b0c, code=2, name=Лента холоднокатаная из инструментальной и пружинной стали ГОСТ 2283-79, parent=86636973-36d2-11ee-b5b0-005056013b0c, archive=false, dateOutputArchive=0001-01-01T00:00:00Z}, {guid=86636b1d-36d2-11ee-b5b0-005056013b0c, code=3, name=Лента холоднокатаная термообработанная ГОСТ 21996-76, parent=86636973-36d2-11ee-b5b0-005056013b0c, archive=false, dateOutputArchive=0001-01-01T00:00:00Z}, {guid=86636b9f-36d2-11ee-b5b0-005056013b0c, code=4, name=Лента стальная упаковочная ГОСТ 3560-73, parent=86636973-36d2-11ee-b5b0-005056013b0c, archive=false, dateOutputArchive=0001-01-01T00:00:00Z}, {guid=86636c21-36d2-11ee-b5b0-005056013b0c, code=5, name=Лента холоднокатаная повышенной точности ГОСТ 19851-74, parent=86636973-36d2-11ee-b5b0-005056013b0c, archive=false, dateOutputArchive=0001-01-01T00:00:00Z}, {guid=86636ca3-36d2-11ee-b5b0-005056013b0c, code=6, name=Лента холоднокатаная ТУ 14-550-6-94, parent=86636973-36d2-11ee-b5b0-005056013b0c, archive=false, dateOutputArchive=0001-01-01T00:00:00Z}, {guid=86636d25-36d2-11ee-b5b0-005056013b0c, code=7, name=Лента холоднокатаная ТУ 14-1-258-72, parent=86636973-36d2-11ee-b5b0-005056013b0c, archive=false, dateOutputArchive=0001-01-01T00:00:00Z}, {guid=86636da7-36d2-11ee-b5b0-005056013b0c, code=8, name=Лента холоднокатаная из углеродистой конструкционной стали ГОСТ 2284-79, parent=86636973-36d2-11ee-b5b0-005056013b0c, archive=false, dateOutputArchive=0001-01-01T00:00:00Z}, {guid=86636e29-36d2-11ee-b5b0-005056013b0c, code=33, name=Лента холоднокатаная нерж, parent=866368cd-36d2-11ee-b5b0-005056013b0c, archive=false, dateOutputArchive=0001-01-01T00:00:00Z}, {guid=86636ecf-36d2-11ee-b5b0-005056013b0c, code=1, name=Лента холоднокатаная из коррозионно-стойкой и жаростойкой стали ГОСТ 4986-79, parent=86636e29-36d2-11ee-b5b0-005056013b0c, archive=false, dateOutputArchive=0001-01-01T00:00:00Z}, {guid=86636f51-36d2-11ee-b5b0-005056013b0c, code=35, name=Лента из сплавов высокого омического сопротивления, parent=866368cd-36d2-11ee-b5b0-005056013b0c, archive=false, dateOutputArchive=0001-01-01T00:00:00Z}, {guid=86636ff7-36d2-11ee-b5b0-005056013b0c, code=1, name=Лента из прецизионных сплавов с высоким электрическим сопротивлением ГОСТ 12766.2-90, parent=86636f51-36d2-11ee-b5b0-005056013b0c, archive=false, dateOutputArchive=0001-01-01T00:00:00Z}, {guid=86637079-36d2-11ee-b5b0-005056013b0c, code=61, name=Лента холоднокатаная из термобиметаллов, parent=866368cd-36d2-11ee-b5b0-005056013b0c, archive=false, dateOutputArchive=0001-01-01T00:00:00Z}, {guid=8663711f-36d2-11ee-b5b0-005056013b0c, code=1, name=Лента холоднокатаная из термобиметаллов ГОСТ 10533-86, parent=86637079-36d2-11ee-b5b0-005056013b0c, archive=false, dateOutputArchive=0001-01-01T00:00:00Z}, {guid=866371a1-36d2-11ee-b5b0-005056013b0c, code=99, name=Ленты, временно используемые в производстве (доработка складских остатков), parent=86636659-36d2-11ee-b5b0-005056013b0c, archive=false, dateOutputArchive=0001-01-01T00:00:00Z}, {guid=86637223-36d2-11ee-b5b0-005056013b0c, code=9, name=Швеллеры, parent=806b25a2-36d2-11ee-b5b0-005056013b0c, archive=false, dateOutputArchive=0001-01-01T00:00:00Z}, {guid=8663727f-36d2-11ee-b5b0-005056013b0c, code=9, name=Прокат черных металлов, parent=86637223-36d2-11ee-b5b0-005056013b0c, archive=false, dateOutputArchive=0001-01-01T00:00:00Z}, {guid=866372db-36d2-11ee-b5b0-005056013b0c, code=25, name=Швеллеры, parent=8663727f-36d2-11ee-b5b0-005056013b0c, archive=false, dateOutputArchive=0001-01-01T00:00:00Z}, {guid=86637337-36d2-11ee-b5b0-005056013b0c, code=1, name=Швеллеры стальные горячекатаные ГОСТ 8240-97, parent=866372db-36d2-11ee-b5b0-005056013b0c, archive=false, dateOutputArchive=0001-01-01T00:00:00Z}, {guid=866373bb-36d2-11ee-b5b0-005056013b0c, code=2, name=Двутавры стальные горячекатанные ГОСТ 8239-89, parent=866372db-36d2-11ee-b5b0-005056013b0c, archive=false, dateOutputArchive=0001-01-01T00:00:00Z}, {guid=8663743d-36d2-11ee-b5b0-005056013b0c, code=3, name=Швеллеры стальные гнутые равнополочные ГОСТ 8278-83, parent=866372db-36d2-11ee-b5b0-005056013b0c, archive=false, dateOutputArchive=0001-01-01T00:00:00Z}, {guid=866374e5-36d2-11ee-b5b0-005056013b0c, code=4, name=Швеллеры стальные гнутые неравнополочные ГОСТ 8281-80, parent=866372db-36d2-11ee-b5b0-005056013b0c, archive=false, dateOutputArchive=0001-01-01T00:00:00Z}, {guid=8663758c-36d2-11ee-b5b0-005056013b0c, code=5, name=Балки двутавровые и швеллеры стальные специальные ГОСТ 19425-74, parent=866372db-36d2-11ee-b5b0-005056013b0c, archive=false, dateOutputArchive=0001-01-01T00:00:00Z}, {guid=8663766a-36d2-11ee-b5b0-005056013b0c, code=12, name=Метизы, parent=8663760e-36d2-11ee-b5b0-005056013b0c, archive=false, dateOutputArchive=0001-01-01T00:00:00Z}, {guid=866376c6-36d2-11ee-b5b0-005056013b0c, code=50, name=Канаты, parent=8663766a-36d2-11ee-b5b0-005056013b0c, archive=false, dateOutputArchive=0001-01-01T00:00:00Z}, {guid=86637747-36d2-11ee-b5b0-005056013b0c, code=1, name=Канат одинарной свивки ТК конструкции 1х19(1+6+12) ГОСТ 3063-80, parent=866376c6-36d2-11ee-b5b0-005056013b0c, archive=false, dateOutputArchive=0001-01-01T00:00:00Z}, {guid=866377a4-36d2-11ee-b5b0-005056013b0c, code=2, name=Канат двойной свивки типа конструкции 6х37(1+6+12+18)+1 о.с. ГОСТ 3071-88, parent=866376c6-36d2-11ee-b5b0-005056013b0c, archive=false, dateOutputArchive=0001-01-01T00:00:00Z}, {guid=86637801-36d2-11ee-b5b0-005056013b0c, code=3, name=Канат двойной свивки типа ЛК-РО конструкции 6х36(1+7+7/7+14)+7х7(1+6) ГОСТ 7669-80, parent=866376c6-36d2-11ee-b5b0-005056013b0c, archive=false, dateOutputArchive=0001-01-01T00:00:00Z}, {guid=8663785e-36d2-11ee-b5b0-005056013b0c, code=4, name=Канат двойной свивки типа ЛК-РО конструкции 6х36(1+7+7/7+14)+ 1 о.с. ГОСТ 7668-80, parent=866376c6-36d2-11ee-b5b0-005056013b0c, archive=false, dateOutputArchive=0001-01-01T00:00:00Z}, {guid=866378bb-36d2-11ee-b5b0-005056013b0c, code=5, name=Канаты стальные авиационные ГОСТ 3241-80, parent=866376c6-36d2-11ee-b5b0-005056013b0c, archive=false, dateOutputArchive=0001-01-01T00:00:00Z}, {guid=86637918-36d2-11ee-b5b0-005056013b0c, code=6, name=Канат стальной ТУ 14-4-412-73, parent=866376c6-36d2-11ee-b5b0-005056013b0c, archive=false, dateOutputArchive=0001-01-01T00:00:00Z}, {guid=86637975-36d2-11ee-b5b0-005056013b0c, code=7, name=Канат стальной двойной свивки типа ТК конструкции 6х19(1+6+12)+1о.с. ГОСТ 3070-80, parent=866376c6-36d2-11ee-b5b0-005056013b0c, archive=false, dateOutputArchive=0001-01-01T00:00:00Z}, {guid=866379d2-36d2-11ee-b5b0-005056013b0c, code=8, name=Канат стальной двойной свивки типа ТК конструкции 6х19(1+6+12)+1х19(1+6+12) ГОСТ 3067-88, parent=866376c6-36d2-11ee-b5b0-005056013b0c, archive=false, dateOutputArchive=0001-01-01T00:00:00Z}, {guid=86637a2f-36d2-11ee-b5b0-005056013b0c, code=9, name=Канат двойной свивки типа ЛК-О конструкции 6х7(1+6)+1х7(1+6) ГОСТ 3066-80, parent=866376c6-36d2-11ee-b5b0-005056013b0c, archive=false, dateOutputArchive=0001-01-01T00:00:00Z}, {guid=86637ae9-36d2-11ee-b5b0-005056013b0c, code=11, name=Канат двойной свивки типа ЛК-Р конструкции 6х19(1+6+6/6)+1о.с. ГОСТ2688-80, parent=866376c6-36d2-11ee-b5b0-005056013b0c, archive=false, dateOutputArchive=0001-01-01T00:00:00Z}, {guid=86637b46-36d2-11ee-b5b0-005056013b0c, code=12, name=Канат двойной свивки типа ЛК-О конструкции 6х19(1+9+9)+1о.с.ГОСТ3077-80, parent=866376c6-36d2-11ee-b5b0-005056013b0c, archive=false, dateOutputArchive=0001-01-01T00:00:00Z}, {guid=8acaf7ed-36d2-11ee-b5b0-005056013b0c, code=13, name=Канат двойной свивки типа ЛК-3 конструкции 6х25 (1+6; 6+12)+1о.с ГОСТ 7665-80, parent=866376c6-36d2-11ee-b5b0-005056013b0c, archive=false, dateOutputArchive=0001-01-01T00:00:00Z}, {guid=8acaf84a-36d2-11ee-b5b0-005056013b0c, code=14, name=Канат одинарной свивки типа ЛК-О конструкции 1х7(1+6) ГОСТ 3062-80, parent=866376c6-36d2-11ee-b5b0-005056013b0c, archive=false, dateOutputArchive=0001-01-01T00:00:00Z}, {guid=8acaf8a7-36d2-11ee-b5b0-005056013b0c, code=15, name=Канат двойной свивки типа ТЛК-О конструкции 6х37(1+6+15+15)+1 о.с. ГОСТ 3079-80, parent=866376c6-36d2-11ee-b5b0-005056013b0c, archive=false, dateOutputArchive=0001-01-01T00:00:00Z}, {guid=8acaf904-36d2-11ee-b5b0-005056013b0c, code=16, name=Канат двойной свивки типа ЛК-Р конструкции 6х19(1+6+6/6)+7х7(1+6) ГОСТ 14954-80, parent=866376c6-36d2-11ee-b5b0-005056013b0c, archive=false, dateOutputArchive=0001-01-01T00:00:00Z}, {guid=8acaf961-36d2-11ee-b5b0-005056013b0c, code=99, name=Канаты, временно используемые в производстве (доработка складских остатков), parent=8663760e-36d2-11ee-b5b0-005056013b0c, archive=false, dateOutputArchive=0001-01-01T00:00:00Z}, {guid=8acaf999-36d2-11ee-b5b0-005056013b0c, code=11, name=Проволока, parent=806b25a2-36d2-11ee-b5b0-005056013b0c, archive=false, dateOutputArchive=0001-01-01T00:00:00Z}, {guid=8acaf9f5-36d2-11ee-b5b0-005056013b0c, code=12, name=Метизы, parent=8acaf999-36d2-11ee-b5b0-005056013b0c, archive=false, dateOutputArchive=0001-01-01T00:00:00Z}, {guid=8acafa51-36d2-11ee-b5b0-005056013b0c, code=10, name=Проволока обыкновенного качества, parent=8acaf9f5-36d2-11ee-b5b0-005056013b0c, archive=false, dateOutputArchive=0001-01-01T00:00:00Z}, {guid=8acafad2-36d2-11ee-b5b0-005056013b0c, code=1, name=Проволока низкоуглеродистая качественная ГОСТ 792-67, parent=8acafa51-36d2-11ee-b5b0-005056013b0c, archive=false, dateOutputArchive=0001-01-01T00:00:00Z}, {guid=8acafb2f-36d2-11ee-b5b0-005056013b0c, code=2, name=Проволока стальная низкоуглеродистая общего назначения ГОСТ 3282-74, parent=8acafa51-36d2-11ee-b5b0-005056013b0c, archive=false, dateOutputArchive=0001-01-01T00:00:00Z}, {guid=8acafb8c-36d2-11ee-b5b0-005056013b0c, code=20, name=Проволока из углеродистых и легированных марок сталей, parent=8acaf9f5-36d2-11ee-b5b0-005056013b0c, archive=false, dateOutputArchive=0001-01-01T00:00:00Z}, {guid=8acafc45-36d2-11ee-b5b0-005056013b0c, code=2, name=Проволока стальная углеродистая пружинная ГОСТ 9389-75, parent=8acafb8c-36d2-11ee-b5b0-005056013b0c, archive=false, dateOutputArchive=0001-01-01T00:00:00Z}, {guid=8acafca2-36d2-11ee-b5b0-005056013b0c, code=3, name=Проволока стальная легированная пружинная ГОСТ 14963-78, parent=8acafb8c-36d2-11ee-b5b0-005056013b0c, archive=false, dateOutputArchive=0001-01-01T00:00:00Z}, {guid=8acafcff-36d2-11ee-b5b0-005056013b0c, code=4, name=Проволока стальная для пружинных шайб ГОСТ 11850-72, parent=8acafb8c-36d2-11ee-b5b0-005056013b0c, archive=false, dateOutputArchive=0001-01-01T00:00:00Z}, {guid=86637a8c-36d2-11ee-b5b0-005056013b0c, code=10, name=Канат двойной свивки многопрядный типа ЛК-Р конструкции 18х19(1+6+6/6)+1о.с. ГОСТ 3088-80, parent=866376c6-36d2-11ee-b5b0-005056013b0c, archive=false, dateOutputArchive=0001-01-01T00:00:00Z}, {guid=8acafbe8-36d2-11ee-b5b0-005056013b0c, code=1, name=Проволока из углеродистой конструкционной стали ГОСТ 17305-91, parent=8acafb8c-36d2-11ee-b5b0-005056013b0c, archive=false, dateOutputArchive=0001-01-01T00:00:00Z}, {guid=8acafd6f-36d2-11ee-b5b0-005056013b0c, code=5, name=Проволока стальная углеродистая для холодной высадки и выдавливания, parent=8acafb8c-36d2-11ee-b5b0-005056013b0c, archive=false, dateOutputArchive=0001-01-01T00:00:00Z}, {guid=8acafdcc-36d2-11ee-b5b0-005056013b0c, code=22, name=Проволока из нержавеющей стали, parent=8acaf9f5-36d2-11ee-b5b0-005056013b0c, archive=false, dateOutputArchive=0001-01-01T00:00:00Z}]&#10;" type="java.lang.AssertionError">java.lang.AssertionError: 
1 expectation failed.
Response body doesn't match expectation.
Expected: The content to match the given JSON schema.
error: instance type (integer) does not match any allowed primitive type (allowed: ["string"])
    level: "error"
    schema: {"loadingURI":"file:/C:/Users/Sasha/Api/target/test-classes/getEopList.json#","pointer":"/items/properties/code"}
    instance: {"pointer":"/0/code"}
    domain: "validation"
    keyword: "type"
    found: "integer"
    expected: ["string"]

  Actual: [{guid=806b27a5-36d2-11ee-b5b0-005056013b0c, code=1, name=Прокат толстолистовой горячекатаный из стали повышенной прочности ГОСТ 19903-74, parent=806b26da-36d2-11ee-b5b0-005056013b0c, archive=false, dateOutputArchive=0001-01-01T00:00:00Z}, {guid=806b284d-36d2-11ee-b5b0-005056013b0c, code=2, name=Листы просечно-вытяжные, parent=806b26da-36d2-11ee-b5b0-005056013b0c, archive=false, dateOutputArchive=0001-01-01T00:00:00Z}, {guid=806b28f5-36d2-11ee-b5b0-005056013b0c, code=3, name=Прокат листовой горячекатаный из высококачественной стали повышенной прочности (Швеция), parent=806b26da-36d2-11ee-b5b0-005056013b0c, archive=false, dateOutputArchive=0001-01-01T00:00:00Z}, {guid=806b2977-36d2-11ee-b5b0-005056013b0c, code=72, name=Листы стальные с ромбическим и чечевичным рифлением, parent=806b267e-36d2-11ee-b5b0-005056013b0c, archive=false, dateOutputArchive=0001-01-01T00:00:00Z}, {guid=806b2a42-36d2-11ee-b5b0-005056013b0c, code=1, name=Листы стальные с ромбическим и чечевичным рифлением ГОСТ 8568-77, parent=806b2977-36d2-11ee-b5b0-005056013b0c, archive=false, dateOutputArchive=0001-01-01T00:00:00Z}, {guid=806b2ae9-36d2-11ee-b5b0-005056013b0c, code=81, name=Прокат листовой горячекатаный, parent=806b267e-36d2-11ee-b5b0-005056013b0c, archive=false, dateOutputArchive=0001-01-01T00:00:00Z}, {guid=806b2bb4-36d2-11ee-b5b0-005056013b0c, code=1, name=Прокат листовой горячекатаный из легированной конструкционной стали общего назначения ГОСТ 19903-74, parent=806b2ae9-36d2-11ee-b5b0-005056013b0c, archive=false, dateOutputArchive=0001-01-01T00:00:00Z}, {guid=806b2c5b-36d2-11ee-b5b0-005056013b0c, code=2, name=Прокат листовой горячекатаный из стали углеродистой обыкновенного качества ГОСТ 19903-74, parent=806b2ae9-36d2-11ee-b5b0-005056013b0c, archive=false, dateOutputArchive=0001-01-01T00:00:00Z}, {guid=806b2d02-36d2-11ee-b5b0-005056013b0c, code=3, name=Прокат листовой горячекатаный из конструкционной качественной стали ГОСТ 19903-74, parent=806b2ae9-36d2-11ee-b5b0-005056013b0c, archive=false, dateOutputArchive=0001-01-01T00:00:00Z}, {guid=806b2da9-36d2-11ee-b5b0-005056013b0c, code=4, name=Прокат толстолистовой горячекатаный из легированной стали ГОСТ 19903-74, parent=806b2ae9-36d2-11ee-b5b0-005056013b0c, archive=false, dateOutputArchive=0001-01-01T00:00:00Z}, {guid=806b2e50-36d2-11ee-b5b0-005056013b0c, code=5, name=Прокат толстолистовой горячекатаный из легированной стали, parent=806b2ae9-36d2-11ee-b5b0-005056013b0c, archive=false, dateOutputArchive=0001-01-01T00:00:00Z}, {guid=806b2ef7-36d2-11ee-b5b0-005056013b0c, code=6, name=Прокат горячекатанный ТУ 1-9-1021-84, parent=806b2ae9-36d2-11ee-b5b0-005056013b0c, archive=false, dateOutputArchive=0001-01-01T00:00:00Z}, {guid=806b2f9e-36d2-11ee-b5b0-005056013b0c, code=7, name=Листы спецстали АК, parent=806b2ae9-36d2-11ee-b5b0-005056013b0c, archive=false, dateOutputArchive=0001-01-01T00:00:00Z}, {guid=806b3045-36d2-11ee-b5b0-005056013b0c, code=86, name=Прокат толстолистовой горячекатаный коррозионно-стойкий, жаростойкий и жаропрочный, parent=806b267e-36d2-11ee-b5b0-005056013b0c, archive=false, dateOutputArchive=0001-01-01T00:00:00Z}, {guid=806b3110-36d2-11ee-b5b0-005056013b0c, code=1, name=Прокат листовой горячекатаный коррозионно-стойкий, жаростойкий и жаропрочный ГОСТ 19903-74, parent=806b3045-36d2-11ee-b5b0-005056013b0c, archive=false, dateOutputArchive=0001-01-01T00:00:00Z}, {guid=806b2622-36d2-11ee-b5b0-005056013b0c, code=1, name=Листы, parent=806b25a2-36d2-11ee-b5b0-005056013b0c, archive=false, dateOutputArchive=0001-01-01T00:00:00Z}, {guid=806b267e-36d2-11ee-b5b0-005056013b0c, code=9, name=Прокат черных металлов, parent=806b2622-36d2-11ee-b5b0-005056013b0c, archive=false, dateOutputArchive=0001-01-01T00:00:00Z}, {guid=806b25a2-36d2-11ee-b5b0-005056013b0c, code=1, name=Металлы черные, parent=00000000-0000-0000-0000-000000000000, archive=false, dateOutputArchive=0001-01-01T00:00:00Z}, {guid=806b31b7-36d2-11ee-b5b0-005056013b0c, code=89, name=Листы спецстали, parent=806b267e-36d2-11ee-b5b0-005056013b0c, archive=false, dateOutputArchive=0001-01-01T00:00:00Z}, {guid=806b3282-36d2-11ee-b5b0-005056013b0c, code=1, name=Листы спецстали, parent=806b31b7-36d2-11ee-b5b0-005056013b0c, archive=false, dateOutputArchive=0001-01-01T00:00:00Z}, {guid=806b3329-36d2-11ee-b5b0-005056013b0c, code=91, name=Прокат тонколистовой холоднокатаный, parent=806b267e-36d2-11ee-b5b0-005056013b0c, archive=false, dateOutputArchive=0001-01-01T00:00:00Z}, {guid=806b3385-36d2-11ee-b5b0-005056013b0c, code=1, name=Прокат тонколистовой холоднокатаный из углеродистой стали качественной и обыкновенного качества общего назначения ГОСТ 19904-90, parent=806b3329-36d2-11ee-b5b0-005056013b0c, archive=false, dateOutputArchive=0001-01-01T00:00:00Z}, {guid=806b342c-36d2-11ee-b5b0-005056013b0c, code=2, name=Прокат тонколистовой холоднокатаный из низкоуглеродистой качественной стали для холодной штамповки ГОСТ 19904-90, parent=806b3329-36d2-11ee-b5b0-005056013b0c, archive=false, dateOutputArchive=0001-01-01T00:00:00Z}, {guid=806b34d3-36d2-11ee-b5b0-005056013b0c, code=3, name=Прокат листовой холоднокатаный из легированной конструкционной стали общего назначения ГОСТ 19904-90, parent=806b3329-36d2-11ee-b5b0-005056013b0c, archive=false, dateOutputArchive=0001-01-01T00:00:00Z}, {guid=806b357a-36d2-11ee-b5b0-005056013b0c, code=4, name=Листы перфорированные «ПЕРФОКОМ», parent=806b3329-36d2-11ee-b5b0-005056013b0c, archive=false, dateOutputArchive=0001-01-01T00:00:00Z}, {guid=806b3623-36d2-11ee-b5b0-005056013b0c, code=5, name=Листы перфорированные, parent=806b3329-36d2-11ee-b5b0-005056013b0c, archive=false, dateOutputArchive=0001-01-01T00:00:00Z}, {guid=806b36cb-36d2-11ee-b5b0-005056013b0c, code=93, name=Прокат тонколистовой из коррозионно-стойкой, жаростойкой и жаропрочной стали, parent=806b267e-36d2-11ee-b5b0-005056013b0c, archive=false, dateOutputArchive=0001-01-01T00:00:00Z}, {guid=806b3796-36d2-11ee-b5b0-005056013b0c, code=1, name=Прокат тонколистовой из коррозионно-стойкой, жаростойкой и жаропрочной стали ГОСТ 19904-90, parent=806b36cb-36d2-11ee-b5b0-005056013b0c, archive=false, dateOutputArchive=0001-01-01T00:00:00Z}, {guid=806b383d-36d2-11ee-b5b0-005056013b0c, code=11, name=Изделия дальнейшего передела, parent=806b2622-36d2-11ee-b5b0-005056013b0c, archive=false, dateOutputArchive=0001-01-01T00:00:00Z}, {guid=806b3908-36d2-11ee-b5b0-005056013b0c, code=11, name=Прокат холоднокатаный из тонколистовой оцинкованной стали, parent=806b383d-36d2-11ee-b5b0-005056013b0c, archive=false, dateOutputArchive=0001-01-01T00:00:00Z}, {guid=806b39d3-36d2-11ee-b5b0-005056013b0c, code=1, name=Прокат холоднокатаный из тонколистовой оцинкованной стали ГОСТ 19904-90, parent=806b3908-36d2-11ee-b5b0-005056013b0c, archive=false, dateOutputArchive=0001-01-01T00:00:00Z}, {guid=806b3a7a-36d2-11ee-b5b0-005056013b0c, code=15, name=Жесть, parent=806b383d-36d2-11ee-b5b0-005056013b0c, archive=false, dateOutputArchive=0001-01-01T00:00:00Z}, {guid=806b3b45-36d2-11ee-b5b0-005056013b0c, code=1, name=Жесть белая, parent=806b3a7a-36d2-11ee-b5b0-005056013b0c, archive=false, dateOutputArchive=0001-01-01T00:00:00Z}, {guid=806b3bec-36d2-11ee-b5b0-005056013b0c, code=99, name=Листы, временно используемые в производстве (доработка складских остатков), parent=806b2622-36d2-11ee-b5b0-005056013b0c, archive=false, dateOutputArchive=0001-01-01T00:00:00Z}, {guid=806b3ca6-36d2-11ee-b5b0-005056013b0c, code=9, name=Прокат черных металлов, parent=806b3c24-36d2-11ee-b5b0-005056013b0c, archive=false, dateOutputArchive=0001-01-01T00:00:00Z}, {guid=806b3d27-36d2-11ee-b5b0-005056013b0c, code=50, name=Прокат стальной горячекатаный, parent=806b3ca6-36d2-11ee-b5b0-005056013b0c, archive=false, dateOutputArchive=0001-01-01T00:00:00Z}, {guid=806b3da8-36d2-11ee-b5b0-005056013b0c, code=1, name=Прокат сортовой стальной горячекатаный квадратный ГОСТ 2591-2006, parent=806b3d27-36d2-11ee-b5b0-005056013b0c, archive=false, dateOutputArchive=0001-01-01T00:00:00Z}, {guid=806b3c24-36d2-11ee-b5b0-005056013b0c, code=2, name=Квадраты, parent=806b25a2-36d2-11ee-b5b0-005056013b0c, archive=false, dateOutputArchive=0001-01-01T00:00:00Z}, {guid=806b3e05-36d2-11ee-b5b0-005056013b0c, code=11, name=Изделия дальнейшего передела, parent=806b3c24-36d2-11ee-b5b0-005056013b0c, archive=false, dateOutputArchive=0001-01-01T00:00:00Z}, {guid=806b3e86-36d2-11ee-b5b0-005056013b0c, code=40, name=Прокат калиброванный, parent=806b3e05-36d2-11ee-b5b0-005056013b0c, archive=false, dateOutputArchive=0001-01-01T00:00:00Z}, {guid=806b3f07-36d2-11ee-b5b0-005056013b0c, code=1, name=Прокат калиброванный квадратный ГОСТ 8559-75, parent=806b3e86-36d2-11ee-b5b0-005056013b0c, archive=false, dateOutputArchive=0001-01-01T00:00:00Z}, {guid=806b3f64-36d2-11ee-b5b0-005056013b0c, code=99, name=Квадраты, временно используемые в производстве (доработка складских остатков), parent=806b3c24-36d2-11ee-b5b0-005056013b0c, archive=false, dateOutputArchive=0001-01-01T00:00:00Z}, {guid=806b3fc1-36d2-11ee-b5b0-005056013b0c, code=3, name=Шестигранники, parent=806b25a2-36d2-11ee-b5b0-005056013b0c, archive=false, dateOutputArchive=0001-01-01T00:00:00Z}, {guid=806b4043-36d2-11ee-b5b0-005056013b0c, code=9, name=Прокат черных металлов, parent=806b3fc1-36d2-11ee-b5b0-005056013b0c, archive=false, dateOutputArchive=0001-01-01T00:00:00Z}, {guid=806b40c4-36d2-11ee-b5b0-005056013b0c, code=50, name=Прокат стальной горячекатаный, parent=806b4043-36d2-11ee-b5b0-005056013b0c, archive=false, dateOutputArchive=0001-01-01T00:00:00Z}, {guid=806b4145-36d2-11ee-b5b0-005056013b0c, code=1, name=Прокат сортовой стальной горячекатаный шестигранный ГОСТ 2879-2006, parent=806b40c4-36d2-11ee-b5b0-005056013b0c, archive=false, dateOutputArchive=0001-01-01T00:00:00Z}, {guid=806b41a2-36d2-11ee-b5b0-005056013b0c, code=11, name=Изделия дальнейшего передела, parent=806b3fc1-36d2-11ee-b5b0-005056013b0c, archive=false, dateOutputArchive=0001-01-01T00:00:00Z}, {guid=806b4223-36d2-11ee-b5b0-005056013b0c, code=40, name=Прокат калиброванный, parent=806b41a2-36d2-11ee-b5b0-005056013b0c, archive=false, dateOutputArchive=0001-01-01T00:00:00Z}, {guid=806b42a4-36d2-11ee-b5b0-005056013b0c, code=1, name=Прокат калиброванный шестигранный ГОСТ 8560-78, parent=806b4223-36d2-11ee-b5b0-005056013b0c, archive=false, dateOutputArchive=0001-01-01T00:00:00Z}, {guid=806b4301-36d2-11ee-b5b0-005056013b0c, code=99, name=Шестигранники, временно используемые в производстве (доработка складских остатков), parent=806b3fc1-36d2-11ee-b5b0-005056013b0c, archive=false, dateOutputArchive=0001-01-01T00:00:00Z}, {guid=806b435e-36d2-11ee-b5b0-005056013b0c, code=4, name=Круги, parent=806b25a2-36d2-11ee-b5b0-005056013b0c, archive=false, dateOutputArchive=0001-01-01T00:00:00Z}, {guid=806b43ba-36d2-11ee-b5b0-005056013b0c, code=9, name=Прокат черных металлов, parent=806b435e-36d2-11ee-b5b0-005056013b0c, archive=false, dateOutputArchive=0001-01-01T00:00:00Z}, {guid=806b443c-36d2-11ee-b5b0-005056013b0c, code=30, name=Прокат стальной горячекатаный низколегированный, parent=806b43ba-36d2-11ee-b5b0-005056013b0c, archive=false, dateOutputArchive=0001-01-01T00:00:00Z}, {guid=806b44bd-36d2-11ee-b5b0-005056013b0c, code=1, name=Прокат сортовой стальной горячекатаный конструкционный низколегированный ГОСТ 2590-2006, parent=806b443c-36d2-11ee-b5b0-005056013b0c, archive=false, dateOutputArchive=0001-01-01T00:00:00Z}, {guid=806b451a-36d2-11ee-b5b0-005056013b0c, code=34, name=Прокат горячекатаный круглый обыкновенного качества, parent=806b43ba-36d2-11ee-b5b0-005056013b0c, archive=false, dateOutputArchive=0001-01-01T00:00:00Z}, {guid=806b459b-36d2-11ee-b5b0-005056013b0c, code=1, name=Прокат сортовой стальной горячекатаный круглый обыкновенного качества ГОСТ 2590-2006, parent=806b451a-36d2-11ee-b5b0-005056013b0c, archive=false, dateOutputArchive=0001-01-01T00:00:00Z}, {guid=806b45f8-36d2-11ee-b5b0-005056013b0c, code=50, name=Прокат стальной горячекатаный, parent=806b43ba-36d2-11ee-b5b0-005056013b0c, archive=false, dateOutputArchive=0001-01-01T00:00:00Z}, {guid=806b4679-36d2-11ee-b5b0-005056013b0c, code=1, name=Прокат сортовой стальной горячекатаный конструкционный углеродистый ГОСТ 2590-2006, parent=806b45f8-36d2-11ee-b5b0-005056013b0c, archive=false, dateOutputArchive=0001-01-01T00:00:00Z}, {guid=806b46d6-36d2-11ee-b5b0-005056013b0c, code=2, name=Прокат сортовой стальной горячекатаный конструкционный легированный ГОСТ 2590-2006, parent=806b45f8-36d2-11ee-b5b0-005056013b0c, archive=false, dateOutputArchive=0001-01-01T00:00:00Z}, {guid=806b4733-36d2-11ee-b5b0-005056013b0c, code=3, name=Прокат сортовой стальной горячекатаный конструкционной по ТУ 14-1-4566-89, parent=806b45f8-36d2-11ee-b5b0-005056013b0c, archive=false, dateOutputArchive=0001-01-01T00:00:00Z}, {guid=806b4790-36d2-11ee-b5b0-005056013b0c, code=4, name=Прокат круглый из рессорно-пружинной углеродистой и легированной стали ГОСТ 2590-2006, parent=806b45f8-36d2-11ee-b5b0-005056013b0c, archive=false, dateOutputArchive=0001-01-01T00:00:00Z}, {guid=806b47ed-36d2-11ee-b5b0-005056013b0c, code=51, name=Прокат для холодного выдавливания и высадки, parent=806b43ba-36d2-11ee-b5b0-005056013b0c, archive=false, dateOutputArchive=0001-01-01T00:00:00Z}, {guid=806b486e-36d2-11ee-b5b0-005056013b0c, code=1, name=Прокат качественный конструкционный углеродистый и легированный для холодного выдавливания и высадки ГОСТ 10702-78, parent=806b47ed-36d2-11ee-b5b0-005056013b0c, archive=false, dateOutputArchive=0001-01-01T00:00:00Z}, {guid=806b48cb-36d2-11ee-b5b0-005056013b0c, code=56, name=Прокат горячекатаный сортовой конструкционный подшипниковый, parent=806b43ba-36d2-11ee-b5b0-005056013b0c, archive=false, dateOutputArchive=0001-01-01T00:00:00Z}, {guid=806b494c-36d2-11ee-b5b0-005056013b0c, code=1, name=Прокат сортовой стальной горячекатаный конструкционный подшипниковый ГОСТ 2590-2006, parent=806b48cb-36d2-11ee-b5b0-005056013b0c, archive=false, dateOutputArchive=0001-01-01T00:00:00Z}, {guid=806b49a9-36d2-11ee-b5b0-005056013b0c, code=58, name=Прокат горячекатаный сортовой конструкционный никельсодержащий, parent=806b43ba-36d2-11ee-b5b0-005056013b0c, archive=false, dateOutputArchive=0001-01-01T00:00:00Z}, {guid=806b4a2a-36d2-11ee-b5b0-005056013b0c, code=1, name=Прокат сортовой стальной горячекатаный конструкционный по ТУ 14-1-1725-76, parent=806b49a9-36d2-11ee-b5b0-005056013b0c, archive=false, dateOutputArchive=0001-01-01T00:00:00Z}, {guid=806b4a87-36d2-11ee-b5b0-005056013b0c, code=61, name=Прокат горячекатаный сортовой инструментальный, parent=806b43ba-36d2-11ee-b5b0-005056013b0c, archive=false, dateOutputArchive=0001-01-01T00:00:00Z}, {guid=806b4b08-36d2-11ee-b5b0-005056013b0c, code=1, name=Прокат сортовой стальной горячекатаный инструментальный нелегированный ГОСТ 2590-2006, parent=806b4a87-36d2-11ee-b5b0-005056013b0c, archive=false, dateOutputArchive=0001-01-01T00:00:00Z}, {guid=806b4b65-36d2-11ee-b5b0-005056013b0c, code=63, name=Прокат горячекатаный сортовой конструкционный коррозионно-стойкий, жаропрочный, parent=806b43ba-36d2-11ee-b5b0-005056013b0c, archive=false, dateOutputArchive=0001-01-01T00:00:00Z}, {guid=806b4be6-36d2-11ee-b5b0-005056013b0c, code=1, name=Прокат сортовой стальной горячекатаный конструкционный коррозионностойкий, жаропрочный ГОСТ 2590-2006, parent=806b4b65-36d2-11ee-b5b0-005056013b0c, archive=false, dateOutputArchive=0001-01-01T00:00:00Z}, {guid=84f01c49-36d2-11ee-b5b0-005056013b0c, code=13, name=Трубы стальные, parent=84f01bed-36d2-11ee-b5b0-005056013b0c, archive=false, dateOutputArchive=0001-01-01T00:00:00Z}, {guid=806b4c43-36d2-11ee-b5b0-005056013b0c, code=66, name=Прокат сортовой из прецизионных сплавов с высоким электрическим сопротивлением, parent=806b43ba-36d2-11ee-b5b0-005056013b0c, archive=false, dateOutputArchive=0001-01-01T00:00:00Z}, {guid=84f014af-36d2-11ee-b5b0-005056013b0c, code=1, name=Прокат сортовой из прецизионных сплавов с высоким электрическим сопротивлением ГОСТ 12766.4-90, parent=806b4c43-36d2-11ee-b5b0-005056013b0c, archive=false, dateOutputArchive=0001-01-01T00:00:00Z}, {guid=84f0150c-36d2-11ee-b5b0-005056013b0c, code=70, name=Поковки, parent=806b43ba-36d2-11ee-b5b0-005056013b0c, archive=false, dateOutputArchive=0001-01-01T00:00:00Z}, {guid=84f0158d-36d2-11ee-b5b0-005056013b0c, code=1, name=Поковки, parent=84f0150c-36d2-11ee-b5b0-005056013b0c, archive=false, dateOutputArchive=0001-01-01T00:00:00Z}, {guid=84f015ea-36d2-11ee-b5b0-005056013b0c, code=11, name=Изделия дальнейшего передела, parent=806b435e-36d2-11ee-b5b0-005056013b0c, archive=false, dateOutputArchive=0001-01-01T00:00:00Z}, {guid=84f01646-36d2-11ee-b5b0-005056013b0c, code=40, name=Прокат калиброванный круглый, parent=84f015ea-36d2-11ee-b5b0-005056013b0c, archive=false, dateOutputArchive=0001-01-01T00:00:00Z}, {guid=84f016c7-36d2-11ee-b5b0-005056013b0c, code=1, name=Прокат калиброванный круглый углеродистый ГОСТ 7417-75, parent=84f01646-36d2-11ee-b5b0-005056013b0c, archive=false, dateOutputArchive=0001-01-01T00:00:00Z}, {guid=84f01724-36d2-11ee-b5b0-005056013b0c, code=2, name=Прокат калиброванный круглый легированный ГОСТ 7417-75, parent=84f01646-36d2-11ee-b5b0-005056013b0c, archive=false, dateOutputArchive=0001-01-01T00:00:00Z}, {guid=84f01781-36d2-11ee-b5b0-005056013b0c, code=3, name=Прокат калиброванный круглый коррозионно-стойкий, жаропрочный ГОСТ 7417-75, parent=84f01646-36d2-11ee-b5b0-005056013b0c, archive=false, dateOutputArchive=0001-01-01T00:00:00Z}, {guid=84f017de-36d2-11ee-b5b0-005056013b0c, code=4, name=Прокат калиброванный круглый из рессорно-пружинной углеродистой и легированной стали ГОСТ 7417-75, parent=84f01646-36d2-11ee-b5b0-005056013b0c, archive=false, dateOutputArchive=0001-01-01T00:00:00Z}, {guid=84f0183b-36d2-11ee-b5b0-005056013b0c, code=5, name=Сталь качественная круглая со специальной отделкой поверхности ГОСТ 14955-77, parent=84f01646-36d2-11ee-b5b0-005056013b0c, archive=false, dateOutputArchive=0001-01-01T00:00:00Z}, {guid=84f01898-36d2-11ee-b5b0-005056013b0c, code=6, name=Прокат калиброванный для холодной высадки, parent=84f01646-36d2-11ee-b5b0-005056013b0c, archive=false, dateOutputArchive=0001-01-01T00:00:00Z}, {guid=84f018f5-36d2-11ee-b5b0-005056013b0c, code=7, name=Шток хромированный, parent=84f01646-36d2-11ee-b5b0-005056013b0c, archive=false, dateOutputArchive=0001-01-01T00:00:00Z}, {guid=84f01952-36d2-11ee-b5b0-005056013b0c, code=8, name=Прокат сортовой холоднотянутый подшипниковый ГОСТ 7417-75, parent=84f01646-36d2-11ee-b5b0-005056013b0c, archive=false, dateOutputArchive=0001-01-01T00:00:00Z}, {guid=84f019af-36d2-11ee-b5b0-005056013b0c, code=50, name=Прокат термически обработанный шлифованный, parent=84f015ea-36d2-11ee-b5b0-005056013b0c, archive=false, dateOutputArchive=0001-01-01T00:00:00Z}, {guid=84f01a30-36d2-11ee-b5b0-005056013b0c, code=1, name=Прутки нагартованные, термически обработанные шлифованные из высоколегированной и коррозионностойкой стали ГОСТ 18907-73, parent=84f019af-36d2-11ee-b5b0-005056013b0c, archive=false, dateOutputArchive=0001-01-01T00:00:00Z}, {guid=84f01a8d-36d2-11ee-b5b0-005056013b0c, code=60, name=Прокат высокой точности, parent=84f015ea-36d2-11ee-b5b0-005056013b0c, archive=false, dateOutputArchive=0001-01-01T00:00:00Z}, {guid=84f01b33-36d2-11ee-b5b0-005056013b0c, code=1, name=Сталь чистотянутая для шпонок ГОСТ 8787-68, parent=84f01a8d-36d2-11ee-b5b0-005056013b0c, archive=false, dateOutputArchive=0001-01-01T00:00:00Z}, {guid=84f01bb5-36d2-11ee-b5b0-005056013b0c, code=99, name=Круги, временно используемые в производстве (доработка складских остатков), parent=806b435e-36d2-11ee-b5b0-005056013b0c, archive=false, dateOutputArchive=0001-01-01T00:00:00Z}, {guid=84f01bed-36d2-11ee-b5b0-005056013b0c, code=5, name=Трубы, parent=806b25a2-36d2-11ee-b5b0-005056013b0c, archive=false, dateOutputArchive=0001-01-01T00:00:00Z}, {guid=84f01ca5-36d2-11ee-b5b0-005056013b0c, code=14, name=Трубы подшипниковые, parent=84f01c49-36d2-11ee-b5b0-005056013b0c, archive=false, dateOutputArchive=0001-01-01T00:00:00Z}, {guid=84f01d4d-36d2-11ee-b5b0-005056013b0c, code=1, name=Трубы подшипниковые ГОСТ 800-78, parent=84f01ca5-36d2-11ee-b5b0-005056013b0c, archive=false, dateOutputArchive=0001-01-01T00:00:00Z}, {guid=84f01dcf-36d2-11ee-b5b0-005056013b0c, code=19, name=Трубы катаные, parent=84f01c49-36d2-11ee-b5b0-005056013b0c, archive=false, dateOutputArchive=0001-01-01T00:00:00Z}, {guid=84f01e2b-36d2-11ee-b5b0-005056013b0c, code=1, name=Трубы стальные бесшовные горячедеформированные ГОСТ 8732-78, parent=84f01dcf-36d2-11ee-b5b0-005056013b0c, archive=false, dateOutputArchive=0001-01-01T00:00:00Z}, {guid=84f01ead-36d2-11ee-b5b0-005056013b0c, code=2, name=Трубы горячекатаные ТС 257-07, parent=84f01dcf-36d2-11ee-b5b0-005056013b0c, archive=false, dateOutputArchive=0001-01-01T00:00:00Z}, {guid=84f01f30-36d2-11ee-b5b0-005056013b0c, code=3, name=Трубы горячекатаные ТС 77-02, parent=84f01dcf-36d2-11ee-b5b0-005056013b0c, archive=false, dateOutputArchive=0001-01-01T00:00:00Z}, {guid=8c5aea59-36d2-11ee-b5b0-005056013b0c, code=1, name=Профиль ножа, parent=8c5ae9fd-36d2-11ee-b5b0-005056013b0c, archive=false, dateOutputArchive=0001-01-01T00:00:00Z}, {guid=84f01fb2-36d2-11ee-b5b0-005056013b0c, code=4, name=Трубы стальные бесшовные горячекатаные толстостенные из литого слитка ТУ 14-3Р-50-2001, parent=84f01dcf-36d2-11ee-b5b0-005056013b0c, archive=false, dateOutputArchive=0001-01-01T00:00:00Z}, {guid=84f02034-36d2-11ee-b5b0-005056013b0c, code=5, name=Трубы стальные бесшовные горячедеформированные для нефтегазопроводов ТУ 14-3Р-44-2001, parent=84f01dcf-36d2-11ee-b5b0-005056013b0c, archive=false, dateOutputArchive=0001-01-01T00:00:00Z}, {guid=84f020b6-36d2-11ee-b5b0-005056013b0c, code=6, name=Трубы бесшовные горячедеформированные из коррозионностойкой стали ГОСТ 9940-81, parent=84f01dcf-36d2-11ee-b5b0-005056013b0c, archive=false, dateOutputArchive=0001-01-01T00:00:00Z}, {guid=84f02138-36d2-11ee-b5b0-005056013b0c, code=40, name=Трубы тянутые, parent=84f01c49-36d2-11ee-b5b0-005056013b0c, archive=false, dateOutputArchive=0001-01-01T00:00:00Z}, {guid=84f02194-36d2-11ee-b5b0-005056013b0c, code=1, name=Трубы стальные бесшовные холоднодеформированные ГОСТ 8734-75, parent=84f02138-36d2-11ee-b5b0-005056013b0c, archive=false, dateOutputArchive=0001-01-01T00:00:00Z}, {guid=86635496-36d2-11ee-b5b0-005056013b0c, code=2, name=Трубы стальные электросварные прямошовные ГОСТ 10704-91, parent=84f02138-36d2-11ee-b5b0-005056013b0c, archive=false, dateOutputArchive=0001-01-01T00:00:00Z}, {guid=86635518-36d2-11ee-b5b0-005056013b0c, code=3, name=Трубы стальные электросварные холоднодеформированные для карданных валов ГОСТ 5005-82, parent=84f02138-36d2-11ee-b5b0-005056013b0c, archive=false, dateOutputArchive=0001-01-01T00:00:00Z}, {guid=8663559a-36d2-11ee-b5b0-005056013b0c, code=4, name=Трубы холоднодеформированные ТУ 14-3-575-90, ПР890-2002, parent=84f02138-36d2-11ee-b5b0-005056013b0c, archive=false, dateOutputArchive=0001-01-01T00:00:00Z}, {guid=8663561c-36d2-11ee-b5b0-005056013b0c, code=5, name=Трубы стальные бесшовные высокого давления ГОСТ 11017-80, parent=84f02138-36d2-11ee-b5b0-005056013b0c, archive=false, dateOutputArchive=0001-01-01T00:00:00Z}, {guid=8663569e-36d2-11ee-b5b0-005056013b0c, code=6, name=Трубы стальные бесшовные холоднодеформируемые производства фирмы ШТАУФФ, parent=84f02138-36d2-11ee-b5b0-005056013b0c, archive=false, dateOutputArchive=0001-01-01T00:00:00Z}, {guid=86635720-36d2-11ee-b5b0-005056013b0c, code=44, name=Трубы тянутые прецизионные, прямоугольные, квадратные, parent=84f01c49-36d2-11ee-b5b0-005056013b0c, archive=false, dateOutputArchive=0001-01-01T00:00:00Z}, {guid=8663577c-36d2-11ee-b5b0-005056013b0c, code=1, name=Трубы стальные прецизионные ГОСТ 9567-75, parent=86635720-36d2-11ee-b5b0-005056013b0c, archive=false, dateOutputArchive=0001-01-01T00:00:00Z}, {guid=866357fe-36d2-11ee-b5b0-005056013b0c, code=2, name=Трубы стальные прямоугольные ГОСТ 8645-68, parent=86635720-36d2-11ee-b5b0-005056013b0c, archive=false, dateOutputArchive=0001-01-01T00:00:00Z}, {guid=866358a7-36d2-11ee-b5b0-005056013b0c, code=3, name=Трубы стальные квадратные ГОСТ 8639-82, parent=86635720-36d2-11ee-b5b0-005056013b0c, archive=false, dateOutputArchive=0001-01-01T00:00:00Z}, {guid=86636371-36d2-11ee-b5b0-005056013b0c, code=99, name=Полосы, временно используемые в производстве (доработка складских остатков), parent=86635f07-36d2-11ee-b5b0-005056013b0c, archive=false, dateOutputArchive=0001-01-01T00:00:00Z}, {guid=86635929-36d2-11ee-b5b0-005056013b0c, code=4, name=Профили стальные гнутые замкнутые сварные квадратные и прямоугольные для строительных конструкций, parent=86635720-36d2-11ee-b5b0-005056013b0c, archive=false, dateOutputArchive=0001-01-01T00:00:00Z}, {guid=866359d0-36d2-11ee-b5b0-005056013b0c, code=5, name=Трубы стальные электросварные прямоугольного и квадратного сечения ТУ 14-3-462-76, parent=86635720-36d2-11ee-b5b0-005056013b0c, archive=false, dateOutputArchive=0001-01-01T00:00:00Z}, {guid=86635a77-36d2-11ee-b5b0-005056013b0c, code=6, name=Профили стальные гнутые замкнутые сварные квадратные и прямоугольные ГОСТ 25577-83, parent=86635720-36d2-11ee-b5b0-005056013b0c, archive=false, dateOutputArchive=0001-01-01T00:00:00Z}, {guid=86635b1e-36d2-11ee-b5b0-005056013b0c, code=51, name=Трубы тонкостенные углерод, parent=84f01c49-36d2-11ee-b5b0-005056013b0c, archive=false, dateOutputArchive=0001-01-01T00:00:00Z}, {guid=86635bc4-36d2-11ee-b5b0-005056013b0c, code=1, name=Трубы стальные бесшовные холоднодеформированные для судостроения ГОСТ 1060-83, parent=86635b1e-36d2-11ee-b5b0-005056013b0c, archive=false, dateOutputArchive=0001-01-01T00:00:00Z}, {guid=86635c46-36d2-11ee-b5b0-005056013b0c, code=60, name=Трубы тонкостенные нерж, parent=84f01c49-36d2-11ee-b5b0-005056013b0c, archive=false, dateOutputArchive=0001-01-01T00:00:00Z}, {guid=86635cec-36d2-11ee-b5b0-005056013b0c, code=1, name=Трубы бесшовные холодно и теплодеформированные из коррозионной стали ГОСТ 9941-81, parent=86635c46-36d2-11ee-b5b0-005056013b0c, archive=false, dateOutputArchive=0001-01-01T00:00:00Z}, {guid=86635d6e-36d2-11ee-b5b0-005056013b0c, code=2, name=Трубы стальные бесшовные для маслопроводов и топливопроводов ГОСТ 19277-73, parent=86635c46-36d2-11ee-b5b0-005056013b0c, archive=false, dateOutputArchive=0001-01-01T00:00:00Z}, {guid=86635df0-36d2-11ee-b5b0-005056013b0c, code=85, name=Трубы стальные водогазопроводные, parent=84f01c49-36d2-11ee-b5b0-005056013b0c, archive=false, dateOutputArchive=0001-01-01T00:00:00Z}, {guid=86635e4c-36d2-11ee-b5b0-005056013b0c, code=1, name=Трубы стальные водогазопроводные ГОСТ 3262-75, parent=86635df0-36d2-11ee-b5b0-005056013b0c, archive=false, dateOutputArchive=0001-01-01T00:00:00Z}, {guid=86635f07-36d2-11ee-b5b0-005056013b0c, code=6, name=Полоса, parent=806b25a2-36d2-11ee-b5b0-005056013b0c, archive=false, dateOutputArchive=0001-01-01T00:00:00Z}, {guid=86635f63-36d2-11ee-b5b0-005056013b0c, code=9, name=Прокат черных металлов, parent=86635f07-36d2-11ee-b5b0-005056013b0c, archive=false, dateOutputArchive=0001-01-01T00:00:00Z}, {guid=86635fbf-36d2-11ee-b5b0-005056013b0c, code=50, name=Полоса стальная, parent=86635f63-36d2-11ee-b5b0-005056013b0c, archive=false, dateOutputArchive=0001-01-01T00:00:00Z}, {guid=86636065-36d2-11ee-b5b0-005056013b0c, code=1, name=Прокат сортовой стальной горячекатаный полосовой ГОСТ 103-2006, parent=86635fbf-36d2-11ee-b5b0-005056013b0c, archive=false, dateOutputArchive=0001-01-01T00:00:00Z}, {guid=866360e7-36d2-11ee-b5b0-005056013b0c, code=2, name=Профили стальные холоднодеформированные высокой точности ТУ 14-11-245-88, parent=86635fbf-36d2-11ee-b5b0-005056013b0c, archive=false, dateOutputArchive=0001-01-01T00:00:00Z}, {guid=86636169-36d2-11ee-b5b0-005056013b0c, code=3, name=Прокат сортовой стальной горячекатаный полосовой рессорно-пружинный ГОСТ 7419-90, parent=86635fbf-36d2-11ee-b5b0-005056013b0c, archive=false, dateOutputArchive=0001-01-01T00:00:00Z}, {guid=866361eb-36d2-11ee-b5b0-005056013b0c, code=4, name=Прокат сортовой стальной горячекатаный полосовой ТУ 14-1-5240-93, parent=86635fbf-36d2-11ee-b5b0-005056013b0c, archive=false, dateOutputArchive=0001-01-01T00:00:00Z}, {guid=8663626d-36d2-11ee-b5b0-005056013b0c, code=5, name=Прокат широкополосный универсальный ГОСТ 82-70, parent=86635fbf-36d2-11ee-b5b0-005056013b0c, archive=false, dateOutputArchive=0001-01-01T00:00:00Z}, {guid=866362ef-36d2-11ee-b5b0-005056013b0c, code=6, name=Прокат листовой и полосовой термообработанный повышенного качества ТУ 14-1-4632-93, parent=86635fbf-36d2-11ee-b5b0-005056013b0c, archive=false, dateOutputArchive=0001-01-01T00:00:00Z}, {guid=866363a9-36d2-11ee-b5b0-005056013b0c, code=7, name=Уголки, parent=806b25a2-36d2-11ee-b5b0-005056013b0c, archive=false, dateOutputArchive=0001-01-01T00:00:00Z}, {guid=86636405-36d2-11ee-b5b0-005056013b0c, code=9, name=Прокат черных металлов, parent=866363a9-36d2-11ee-b5b0-005056013b0c, archive=false, dateOutputArchive=0001-01-01T00:00:00Z}, {guid=86636461-36d2-11ee-b5b0-005056013b0c, code=30, name=Уголки стальные, parent=86636405-36d2-11ee-b5b0-005056013b0c, archive=false, dateOutputArchive=0001-01-01T00:00:00Z}, {guid=86636509-36d2-11ee-b5b0-005056013b0c, code=1, name=Уголки стальные горячекатанные равнополочные ГОСТ 8509-93, parent=86636461-36d2-11ee-b5b0-005056013b0c, archive=false, dateOutputArchive=0001-01-01T00:00:00Z}, {guid=8c5aeadb-36d2-11ee-b5b0-005056013b0c, code=2, name=Полоса башмачная для тракторов, parent=8c5ae9fd-36d2-11ee-b5b0-005056013b0c, archive=false, dateOutputArchive=0001-01-01T00:00:00Z}, {guid=866365b1-36d2-11ee-b5b0-005056013b0c, code=2, name=Уголки стальные горячекатанные неравнополочные ГОСТ 8510-86, parent=86636461-36d2-11ee-b5b0-005056013b0c, archive=false, dateOutputArchive=0001-01-01T00:00:00Z}, {guid=86636659-36d2-11ee-b5b0-005056013b0c, code=8, name=Ленты, parent=806b25a2-36d2-11ee-b5b0-005056013b0c, archive=false, dateOutputArchive=0001-01-01T00:00:00Z}, {guid=866366ff-36d2-11ee-b5b0-005056013b0c, code=9, name=Прокат черных металлов, parent=86636659-36d2-11ee-b5b0-005056013b0c, archive=false, dateOutputArchive=0001-01-01T00:00:00Z}, {guid=866367a5-36d2-11ee-b5b0-005056013b0c, code=35, name=Лента стальная горячекатаная, parent=866366ff-36d2-11ee-b5b0-005056013b0c, archive=false, dateOutputArchive=0001-01-01T00:00:00Z}, {guid=8663684b-36d2-11ee-b5b0-005056013b0c, code=1, name=Лента стальная горячекатаная ГОСТ 6009-74, parent=866367a5-36d2-11ee-b5b0-005056013b0c, archive=false, dateOutputArchive=0001-01-01T00:00:00Z}, {guid=866368cd-36d2-11ee-b5b0-005056013b0c, code=12, name=Метизы, parent=86636659-36d2-11ee-b5b0-005056013b0c, archive=false, dateOutputArchive=0001-01-01T00:00:00Z}, {guid=86636973-36d2-11ee-b5b0-005056013b0c, code=30, name=Лента холоднокатаная, parent=866368cd-36d2-11ee-b5b0-005056013b0c, archive=false, dateOutputArchive=0001-01-01T00:00:00Z}, {guid=8c5aeeb4-36d2-11ee-b5b0-005056013b0c, code=9, name=Прокат черных металлов, parent=8c5aee58-36d2-11ee-b5b0-005056013b0c, archive=false, dateOutputArchive=0001-01-01T00:00:00Z}, {guid=86636a19-36d2-11ee-b5b0-005056013b0c, code=1, name=Лента холоднокатаная из низкоуглеродистой стали ГОСТ 503-81, parent=86636973-36d2-11ee-b5b0-005056013b0c, archive=false, dateOutputArchive=0001-01-01T00:00:00Z}, {guid=86636a9b-36d2-11ee-b5b0-005056013b0c, code=2, name=Лента холоднокатаная из инструментальной и пружинной стали ГОСТ 2283-79, parent=86636973-36d2-11ee-b5b0-005056013b0c, archive=false, dateOutputArchive=0001-01-01T00:00:00Z}, {guid=86636b1d-36d2-11ee-b5b0-005056013b0c, code=3, name=Лента холоднокатаная термообработанная ГОСТ 21996-76, parent=86636973-36d2-11ee-b5b0-005056013b0c, archive=false, dateOutputArchive=0001-01-01T00:00:00Z}, {guid=86636b9f-36d2-11ee-b5b0-005056013b0c, code=4, name=Лента стальная упаковочная ГОСТ 3560-73, parent=86636973-36d2-11ee-b5b0-005056013b0c, archive=false, dateOutputArchive=0001-01-01T00:00:00Z}, {guid=86636c21-36d2-11ee-b5b0-005056013b0c, code=5, name=Лента холоднокатаная повышенной точности ГОСТ 19851-74, parent=86636973-36d2-11ee-b5b0-005056013b0c, archive=false, dateOutputArchive=0001-01-01T00:00:00Z}, {guid=86636ca3-36d2-11ee-b5b0-005056013b0c, code=6, name=Лента холоднокатаная ТУ 14-550-6-94, parent=86636973-36d2-11ee-b5b0-005056013b0c, archive=false, dateOutputArchive=0001-01-01T00:00:00Z}, {guid=86636d25-36d2-11ee-b5b0-005056013b0c, code=7, name=Лента холоднокатаная ТУ 14-1-258-72, parent=86636973-36d2-11ee-b5b0-005056013b0c, archive=false, dateOutputArchive=0001-01-01T00:00:00Z}, {guid=86636da7-36d2-11ee-b5b0-005056013b0c, code=8, name=Лента холоднокатаная из углеродистой конструкционной стали ГОСТ 2284-79, parent=86636973-36d2-11ee-b5b0-005056013b0c, archive=false, dateOutputArchive=0001-01-01T00:00:00Z}, {guid=86636e29-36d2-11ee-b5b0-005056013b0c, code=33, name=Лента холоднокатаная нерж, parent=866368cd-36d2-11ee-b5b0-005056013b0c, archive=false, dateOutputArchive=0001-01-01T00:00:00Z}, {guid=86636ecf-36d2-11ee-b5b0-005056013b0c, code=1, name=Лента холоднокатаная из коррозионно-стойкой и жаростойкой стали ГОСТ 4986-79, parent=86636e29-36d2-11ee-b5b0-005056013b0c, archive=false, dateOutputArchive=0001-01-01T00:00:00Z}, {guid=86636f51-36d2-11ee-b5b0-005056013b0c, code=35, name=Лента из сплавов высокого омического сопротивления, parent=866368cd-36d2-11ee-b5b0-005056013b0c, archive=false, dateOutputArchive=0001-01-01T00:00:00Z}, {guid=86636ff7-36d2-11ee-b5b0-005056013b0c, code=1, name=Лента из прецизионных сплавов с высоким электрическим сопротивлением ГОСТ 12766.2-90, parent=86636f51-36d2-11ee-b5b0-005056013b0c, archive=false, dateOutputArchive=0001-01-01T00:00:00Z}, {guid=86637079-36d2-11ee-b5b0-005056013b0c, code=61, name=Лента холоднокатаная из термобиметаллов, parent=866368cd-36d2-11ee-b5b0-005056013b0c, archive=false, dateOutputArchive=0001-01-01T00:00:00Z}, {guid=8663711f-36d2-11ee-b5b0-005056013b0c, code=1, name=Лента холоднокатаная из термобиметаллов ГОСТ 10533-86, parent=86637079-36d2-11ee-b5b0-005056013b0c, archive=false, dateOutputArchive=0001-01-01T00:00:00Z}, {guid=866371a1-36d2-11ee-b5b0-005056013b0c, code=99, name=Ленты, временно используемые в производстве (доработка складских остатков), parent=86636659-36d2-11ee-b5b0-005056013b0c, archive=false, dateOutputArchive=0001-01-01T00:00:00Z}, {guid=86637223-36d2-11ee-b5b0-005056013b0c, code=9, name=Швеллеры, parent=806b25a2-36d2-11ee-b5b0-005056013b0c, archive=false, dateOutputArchive=0001-01-01T00:00:00Z}, {guid=8663727f-36d2-11ee-b5b0-005056013b0c, code=9, name=Прокат черных металлов, parent=86637223-36d2-11ee-b5b0-005056013b0c, archive=false, dateOutputArchive=0001-01-01T00:00:00Z}, {guid=866372db-36d2-11ee-b5b0-005056013b0c, code=25, name=Швеллеры, parent=8663727f-36d2-11ee-b5b0-005056013b0c, archive=false, dateOutputArchive=0001-01-01T00:00:00Z}, {guid=86637337-36d2-11ee-b5b0-005056013b0c, code=1, name=Швеллеры стальные горячекатаные ГОСТ 8240-97, parent=866372db-36d2-11ee-b5b0-005056013b0c, archive=false, dateOutputArchive=0001-01-01T00:00:00Z}, {guid=866373bb-36d2-11ee-b5b0-005056013b0c, code=2, name=Двутавры стальные горячекатанные ГОСТ 8239-89, parent=866372db-36d2-11ee-b5b0-005056013b0c, archive=false, dateOutputArchive=0001-01-01T00:00:00Z}, {guid=8663743d-36d2-11ee-b5b0-005056013b0c, code=3, name=Швеллеры стальные гнутые равнополочные ГОСТ 8278-83, parent=866372db-36d2-11ee-b5b0-005056013b0c, archive=false, dateOutputArchive=0001-01-01T00:00:00Z}, {guid=866374e5-36d2-11ee-b5b0-005056013b0c, code=4, name=Швеллеры стальные гнутые неравнополочные ГОСТ 8281-80, parent=866372db-36d2-11ee-b5b0-005056013b0c, archive=false, dateOutputArchive=0001-01-01T00:00:00Z}, {guid=8663758c-36d2-11ee-b5b0-005056013b0c, code=5, name=Балки двутавровые и швеллеры стальные специальные ГОСТ 19425-74, parent=866372db-36d2-11ee-b5b0-005056013b0c, archive=false, dateOutputArchive=0001-01-01T00:00:00Z}, {guid=8663766a-36d2-11ee-b5b0-005056013b0c, code=12, name=Метизы, parent=8663760e-36d2-11ee-b5b0-005056013b0c, archive=false, dateOutputArchive=0001-01-01T00:00:00Z}, {guid=866376c6-36d2-11ee-b5b0-005056013b0c, code=50, name=Канаты, parent=8663766a-36d2-11ee-b5b0-005056013b0c, archive=false, dateOutputArchive=0001-01-01T00:00:00Z}, {guid=86637747-36d2-11ee-b5b0-005056013b0c, code=1, name=Канат одинарной свивки ТК конструкции 1х19(1+6+12) ГОСТ 3063-80, parent=866376c6-36d2-11ee-b5b0-005056013b0c, archive=false, dateOutputArchive=0001-01-01T00:00:00Z}, {guid=866377a4-36d2-11ee-b5b0-005056013b0c, code=2, name=Канат двойной свивки типа конструкции 6х37(1+6+12+18)+1 о.с. ГОСТ 3071-88, parent=866376c6-36d2-11ee-b5b0-005056013b0c, archive=false, dateOutputArchive=0001-01-01T00:00:00Z}, {guid=86637801-36d2-11ee-b5b0-005056013b0c, code=3, name=Канат двойной свивки типа ЛК-РО конструкции 6х36(1+7+7/7+14)+7х7(1+6) ГОСТ 7669-80, parent=866376c6-36d2-11ee-b5b0-005056013b0c, archive=false, dateOutputArchive=0001-01-01T00:00:00Z}, {guid=8663785e-36d2-11ee-b5b0-005056013b0c, code=4, name=Канат двойной свивки типа ЛК-РО конструкции 6х36(1+7+7/7+14)+ 1 о.с. ГОСТ 7668-80, parent=866376c6-36d2-11ee-b5b0-005056013b0c, archive=false, dateOutputArchive=0001-01-01T00:00:00Z}, {guid=866378bb-36d2-11ee-b5b0-005056013b0c, code=5, name=Канаты стальные авиационные ГОСТ 3241-80, parent=866376c6-36d2-11ee-b5b0-005056013b0c, archive=false, dateOutputArchive=0001-01-01T00:00:00Z}, {guid=86637918-36d2-11ee-b5b0-005056013b0c, code=6, name=Канат стальной ТУ 14-4-412-73, parent=866376c6-36d2-11ee-b5b0-005056013b0c, archive=false, dateOutputArchive=0001-01-01T00:00:00Z}, {guid=86637975-36d2-11ee-b5b0-005056013b0c, code=7, name=Канат стальной двойной свивки типа ТК конструкции 6х19(1+6+12)+1о.с. ГОСТ 3070-80, parent=866376c6-36d2-11ee-b5b0-005056013b0c, archive=false, dateOutputArchive=0001-01-01T00:00:00Z}, {guid=866379d2-36d2-11ee-b5b0-005056013b0c, code=8, name=Канат стальной двойной свивки типа ТК конструкции 6х19(1+6+12)+1х19(1+6+12) ГОСТ 3067-88, parent=866376c6-36d2-11ee-b5b0-005056013b0c, archive=false, dateOutputArchive=0001-01-01T00:00:00Z}, {guid=86637a2f-36d2-11ee-b5b0-005056013b0c, code=9, name=Канат двойной свивки типа ЛК-О конструкции 6х7(1+6)+1х7(1+6) ГОСТ 3066-80, parent=866376c6-36d2-11ee-b5b0-005056013b0c, archive=false, dateOutputArchive=0001-01-01T00:00:00Z}, {guid=86637ae9-36d2-11ee-b5b0-005056013b0c, code=11, name=Канат двойной свивки типа ЛК-Р конструкции 6х19(1+6+6/6)+1о.с. ГОСТ2688-80, parent=866376c6-36d2-11ee-b5b0-005056013b0c, archive=false, dateOutputArchive=0001-01-01T00:00:00Z}, {guid=86637b46-36d2-11ee-b5b0-005056013b0c, code=12, name=Канат двойной свивки типа ЛК-О конструкции 6х19(1+9+9)+1о.с.ГОСТ3077-80, parent=866376c6-36d2-11ee-b5b0-005056013b0c, archive=false, dateOutputArchive=0001-01-01T00:00:00Z}, {guid=8acaf7ed-36d2-11ee-b5b0-005056013b0c, code=13, name=Канат двойной свивки типа ЛК-3 конструкции 6х25 (1+6; 6+12)+1о.с ГОСТ 7665-80, parent=866376c6-36d2-11ee-b5b0-005056013b0c, archive=false, dateOutputArchive=0001-01-01T00:00:00Z}, {guid=8acaf84a-36d2-11ee-b5b0-005056013b0c, code=14, name=Канат одинарной свивки типа ЛК-О конструкции 1х7(1+6) ГОСТ 3062-80, parent=866376c6-36d2-11ee-b5b0-005056013b0c, archive=false, dateOutputArchive=0001-01-01T00:00:00Z}, {guid=8acaf8a7-36d2-11ee-b5b0-005056013b0c, code=15, name=Канат двойной свивки типа ТЛК-О конструкции 6х37(1+6+15+15)+1 о.с. ГОСТ 3079-80, parent=866376c6-36d2-11ee-b5b0-005056013b0c, archive=false, dateOutputArchive=0001-01-01T00:00:00Z}, {guid=8acaf904-36d2-11ee-b5b0-005056013b0c, code=16, name=Канат двойной свивки типа ЛК-Р конструкции 6х19(1+6+6/6)+7х7(1+6) ГОСТ 14954-80, parent=866376c6-36d2-11ee-b5b0-005056013b0c, archive=false, dateOutputArchive=0001-01-01T00:00:00Z}, {guid=8acaf961-36d2-11ee-b5b0-005056013b0c, code=99, name=Канаты, временно используемые в производстве (доработка складских остатков), parent=8663760e-36d2-11ee-b5b0-005056013b0c, archive=false, dateOutputArchive=0001-01-01T00:00:00Z}, {guid=8acaf999-36d2-11ee-b5b0-005056013b0c, code=11, name=Проволока, parent=806b25a2-36d2-11ee-b5b0-005056013b0c, archive=false, dateOutputArchive=0001-01-01T00:00:00Z}, {guid=8acaf9f5-36d2-11ee-b5b0-005056013b0c, code=12, name=Метизы, parent=8acaf999-36d2-11ee-b5b0-005056013b0c, archive=false, dateOutputArchive=0001-01-01T00:00:00Z}, {guid=8acafa51-36d2-11ee-b5b0-005056013b0c, code=10, name=Проволока обыкновенного качества, parent=8acaf9f5-36d2-11ee-b5b0-005056013b0c, archive=false, dateOutputArchive=0001-01-01T00:00:00Z}, {guid=8acafad2-36d2-11ee-b5b0-005056013b0c, code=1, name=Проволока низкоуглеродистая качественная ГОСТ 792-67, parent=8acafa51-36d2-11ee-b5b0-005056013b0c, archive=false, dateOutputArchive=0001-01-01T00:00:00Z}, {guid=8acafb2f-36d2-11ee-b5b0-005056013b0c, code=2, name=Проволока стальная низкоуглеродистая общего назначения ГОСТ 3282-74, parent=8acafa51-36d2-11ee-b5b0-005056013b0c, archive=false, dateOutputArchive=0001-01-01T00:00:00Z}, {guid=8acafb8c-36d2-11ee-b5b0-005056013b0c, code=20, name=Проволока из углеродистых и легированных марок сталей, parent=8acaf9f5-36d2-11ee-b5b0-005056013b0c, archive=false, dateOutputArchive=0001-01-01T00:00:00Z}, {guid=8acafc45-36d2-11ee-b5b0-005056013b0c, code=2, name=Проволока стальная углеродистая пружинная ГОСТ 9389-75, parent=8acafb8c-36d2-11ee-b5b0-005056013b0c, archive=false, dateOutputArchive=0001-01-01T00:00:00Z}, {guid=8acafca2-36d2-11ee-b5b0-005056013b0c, code=3, name=Проволока стальная легированная пружинная ГОСТ 14963-78, parent=8acafb8c-36d2-11ee-b5b0-005056013b0c, archive=false, dateOutputArchive=0001-01-01T00:00:00Z}, {guid=8acafcff-36d2-11ee-b5b0-005056013b0c, code=4, name=Проволока стальная для пружинных шайб ГОСТ 11850-72, parent=8acafb8c-36d2-11ee-b5b0-005056013b0c, archive=false, dateOutputArchive=0001-01-01T00:00:00Z}, {guid=86637a8c-36d2-11ee-b5b0-005056013b0c, code=10, name=Канат двойной свивки многопрядный типа ЛК-Р конструкции 18х19(1+6+6/6)+1о.с. ГОСТ 3088-80, parent=866376c6-36d2-11ee-b5b0-005056013b0c, archive=false, dateOutputArchive=0001-01-01T00:00:00Z}, {guid=8acafbe8-36d2-11ee-b5b0-005056013b0c, code=1, name=Проволока из углеродистой конструкционной стали ГОСТ 17305-91, parent=8acafb8c-36d2-11ee-b5b0-005056013b0c, archive=false, dateOutputArchive=0001-01-01T00:00:00Z}, {guid=8acafd6f-36d2-11ee-b5b0-005056013b0c, code=5, name=Проволока стальная углеродистая для холодной высадки и выдавливания, parent=8acafb8c-36d2-11ee-b5b0-005056013b0c, archive=false, dateOutputArchive=0001-01-01T00:00:00Z}, {guid=8acafdcc-36d2-11ee-b5b0-005056013b0c, code=22, name=Проволока из нержавеющей стали, parent=8acaf9f5-36d2-11ee-b5b0-005056013b0c, archive=false, dateOutputArchive=0001-01-01T00:00:00Z}]

	at AutoTest.ClassifierTest.getEopList(ClassifierTest.java:208)
</failure>
    <system-out><![CDATA[HTTP/1.1 200 OK
Date: Wed, 13 Dec 2023 08:10:48 GMT
Server: Apache/2.4.23 (Win64)
X-NextPage: http://dev1c:8080/MDM_Gribov_2541/hs/klass/eop?step=200&nextPage=2
X-NextPage1C: /eop?step=200&nextPage=2
Content-Length: 57687
Keep-Alive: timeout=5, max=99
Connection: Keep-Alive
Content-Type: application/json; charset=utf-8

[
    {
        "guid": "806b27a5-36d2-11ee-b5b0-005056013b0c",
        "code": 1,
        "name": "Прокат толстолистовой горячекатаный из стали повышенной прочности ГОСТ 19903-74",
        "parent": "806b26da-36d2-11ee-b5b0-005056013b0c",
        "archive": false,
        "dateOutputArchive": "0001-01-01T00:00:00Z"
    },
    {
        "guid": "806b284d-36d2-11ee-b5b0-005056013b0c",
        "code": 2,
        "name": "Листы просечно-вытяжные",
        "parent": "806b26da-36d2-11ee-b5b0-005056013b0c",
        "archive": false,
        "dateOutputArchive": "0001-01-01T00:00:00Z"
    },
    {
        "guid": "806b28f5-36d2-11ee-b5b0-005056013b0c",
        "code": 3,
        "name": "Прокат листовой горячекатаный из высококачественной стали повышенной прочности (Швеция)",
        "parent": "806b26da-36d2-11ee-b5b0-005056013b0c",
        "archive": false,
        "dateOutputArchive": "0001-01-01T00:00:00Z"
    },
    {
        "guid": "806b2977-36d2-11ee-b5b0-005056013b0c",
        "code": 72,
        "name": "Листы стальные с ромбическим и чечевичным рифлением",
        "parent": "806b267e-36d2-11ee-b5b0-005056013b0c",
        "archive": false,
        "dateOutputArchive": "0001-01-01T00:00:00Z"
    },
    {
        "guid": "806b2a42-36d2-11ee-b5b0-005056013b0c",
        "code": 1,
        "name": "Листы стальные с ромбическим и чечевичным рифлением ГОСТ 8568-77",
        "parent": "806b2977-36d2-11ee-b5b0-005056013b0c",
        "archive": false,
        "dateOutputArchive": "0001-01-01T00:00:00Z"
    },
    {
        "guid": "806b2ae9-36d2-11ee-b5b0-005056013b0c",
        "code": 81,
        "name": "Прокат листовой горячекатаный",
        "parent": "806b267e-36d2-11ee-b5b0-005056013b0c",
        "archive": false,
        "dateOutputArchive": "0001-01-01T00:00:00Z"
    },
    {
        "guid": "806b2bb4-36d2-11ee-b5b0-005056013b0c",
        "code": 1,
        "name": "Прокат листовой горячекатаный из легированной конструкционной стали общего назначения ГОСТ 19903-74",
        "parent": "806b2ae9-36d2-11ee-b5b0-005056013b0c",
        "archive": false,
        "dateOutputArchive": "0001-01-01T00:00:00Z"
    },
    {
        "guid": "806b2c5b-36d2-11ee-b5b0-005056013b0c",
        "code": 2,
        "name": "Прокат листовой горячекатаный из стали углеродистой обыкновенного качества ГОСТ 19903-74",
        "parent": "806b2ae9-36d2-11ee-b5b0-005056013b0c",
        "archive": false,
        "dateOutputArchive": "0001-01-01T00:00:00Z"
    },
    {
        "guid": "806b2d02-36d2-11ee-b5b0-005056013b0c",
        "code": 3,
        "name": "Прокат листовой горячекатаный из конструкционной качественной стали ГОСТ 19903-74",
        "parent": "806b2ae9-36d2-11ee-b5b0-005056013b0c",
        "archive": false,
        "dateOutputArchive": "0001-01-01T00:00:00Z"
    },
    {
        "guid": "806b2da9-36d2-11ee-b5b0-005056013b0c",
        "code": 4,
        "name": "Прокат толстолистовой горячекатаный из легированной стали ГОСТ 19903-74",
        "parent": "806b2ae9-36d2-11ee-b5b0-005056013b0c",
        "archive": false,
        "dateOutputArchive": "0001-01-01T00:00:00Z"
    },
    {
        "guid": "806b2e50-36d2-11ee-b5b0-005056013b0c",
        "code": 5,
        "name": "Прокат толстолистовой горячекатаный из легированной стали",
        "parent": "806b2ae9-36d2-11ee-b5b0-005056013b0c",
        "archive": false,
        "dateOutputArchive": "0001-01-01T00:00:00Z"
    },
    {
        "guid": "806b2ef7-36d2-11ee-b5b0-005056013b0c",
        "code": 6,
        "name": "Прокат горячекатанный ТУ 1-9-1021-84",
        "parent": "806b2ae9-36d2-11ee-b5b0-005056013b0c",
        "archive": false,
        "dateOutputArchive": "0001-01-01T00:00:00Z"
    },
    {
        "guid": "806b2f9e-36d2-11ee-b5b0-005056013b0c",
        "code": 7,
        "name": "Листы спецстали АК",
        "parent": "806b2ae9-36d2-11ee-b5b0-005056013b0c",
        "archive": false,
        "dateOutputArchive": "0001-01-01T00:00:00Z"
    },
    {
        "guid": "806b3045-36d2-11ee-b5b0-005056013b0c",
        "code": 86,
        "name": "Прокат толстолистовой горячекатаный коррозионно-стойкий, жаростойкий и жаропрочный",
        "parent": "806b267e-36d2-11ee-b5b0-005056013b0c",
        "archive": false,
        "dateOutputArchive": "0001-01-01T00:00:00Z"
    },
    {
        "guid": "806b3110-36d2-11ee-b5b0-005056013b0c",
        "code": 1,
        "name": "Прокат листовой горячекатаный коррозионно-стойкий, жаростойкий и жаропрочный ГОСТ 19903-74",
        "parent": "806b3045-36d2-11ee-b5b0-005056013b0c",
        "archive": false,
        "dateOutputArchive": "0001-01-01T00:00:00Z"
    },
    {
        "guid": "806b2622-36d2-11ee-b5b0-005056013b0c",
        "code": 1,
        "name": "Листы",
        "parent": "806b25a2-36d2-11ee-b5b0-005056013b0c",
        "archive": false,
        "dateOutputArchive": "0001-01-01T00:00:00Z"
    },
    {
        "guid": "806b267e-36d2-11ee-b5b0-005056013b0c",
        "code": 9,
        "name": "Прокат черных металлов",
        "parent": "806b2622-36d2-11ee-b5b0-005056013b0c",
        "archive": false,
        "dateOutputArchive": "0001-01-01T00:00:00Z"
    },
    {
        "guid": "806b25a2-36d2-11ee-b5b0-005056013b0c",
        "code": 1,
        "name": "Металлы черные",
        "parent": "00000000-0000-0000-0000-000000000000",
        "archive": false,
        "dateOutputArchive": "0001-01-01T00:00:00Z"
    },
    {
        "guid": "806b31b7-36d2-11ee-b5b0-005056013b0c",
        "code": 89,
        "name": "Листы спецстали",
        "parent": "806b267e-36d2-11ee-b5b0-005056013b0c",
        "archive": false,
        "dateOutputArchive": "0001-01-01T00:00:00Z"
    },
    {
        "guid": "806b3282-36d2-11ee-b5b0-005056013b0c",
        "code": 1,
        "name": "Листы спецстали",
        "parent": "806b31b7-36d2-11ee-b5b0-005056013b0c",
        "archive": false,
        "dateOutputArchive": "0001-01-01T00:00:00Z"
    },
    {
        "guid": "806b3329-36d2-11ee-b5b0-005056013b0c",
        "code": 91,
        "name": "Прокат тонколистовой холоднокатаный",
        "parent": "806b267e-36d2-11ee-b5b0-005056013b0c",
        "archive": false,
        "dateOutputArchive": "0001-01-01T00:00:00Z"
    },
    {
        "guid": "806b3385-36d2-11ee-b5b0-005056013b0c",
        "code": 1,
        "name": "Прокат тонколистовой холоднокатаный из углеродистой стали качественной и обыкновенного качества общего назначения ГОСТ 19904-90",
        "parent": "806b3329-36d2-11ee-b5b0-005056013b0c",
        "archive": false,
        "dateOutputArchive": "0001-01-01T00:00:00Z"
    },
    {
        "guid": "806b342c-36d2-11ee-b5b0-005056013b0c",
        "code": 2,
        "name": "Прокат тонколистовой холоднокатаный из низкоуглеродистой качественной стали для холодной штамповки ГОСТ 19904-90",
        "parent": "806b3329-36d2-11ee-b5b0-005056013b0c",
        "archive": false,
        "dateOutputArchive": "0001-01-01T00:00:00Z"
    },
    {
        "guid": "806b34d3-36d2-11ee-b5b0-005056013b0c",
        "code": 3,
        "name": "Прокат листовой холоднокатаный из легированной конструкционной стали общего назначения ГОСТ 19904-90",
        "parent": "806b3329-36d2-11ee-b5b0-005056013b0c",
        "archive": false,
        "dateOutputArchive": "0001-01-01T00:00:00Z"
    },
    {
        "guid": "806b357a-36d2-11ee-b5b0-005056013b0c",
        "code": 4,
        "name": "Листы перфорированные «ПЕРФОКОМ»",
        "parent": "806b3329-36d2-11ee-b5b0-005056013b0c",
        "archive": false,
        "dateOutputArchive": "0001-01-01T00:00:00Z"
    },
    {
        "guid": "806b3623-36d2-11ee-b5b0-005056013b0c",
        "code": 5,
        "name": "Листы перфорированные",
        "parent": "806b3329-36d2-11ee-b5b0-005056013b0c",
        "archive": false,
        "dateOutputArchive": "0001-01-01T00:00:00Z"
    },
    {
        "guid": "806b36cb-36d2-11ee-b5b0-005056013b0c",
        "code": 93,
        "name": "Прокат тонколистовой из коррозионно-стойкой, жаростойкой и жаропрочной стали",
        "parent": "806b267e-36d2-11ee-b5b0-005056013b0c",
        "archive": false,
        "dateOutputArchive": "0001-01-01T00:00:00Z"
    },
    {
        "guid": "806b3796-36d2-11ee-b5b0-005056013b0c",
        "code": 1,
        "name": "Прокат тонколистовой из коррозионно-стойкой, жаростойкой и жаропрочной стали ГОСТ 19904-90",
        "parent": "806b36cb-36d2-11ee-b5b0-005056013b0c",
        "archive": false,
        "dateOutputArchive": "0001-01-01T00:00:00Z"
    },
    {
        "guid": "806b383d-36d2-11ee-b5b0-005056013b0c",
        "code": 11,
        "name": "Изделия дальнейшего передела",
        "parent": "806b2622-36d2-11ee-b5b0-005056013b0c",
        "archive": false,
        "dateOutputArchive": "0001-01-01T00:00:00Z"
    },
    {
        "guid": "806b3908-36d2-11ee-b5b0-005056013b0c",
        "code": 11,
        "name": "Прокат холоднокатаный из тонколистовой оцинкованной стали",
        "parent": "806b383d-36d2-11ee-b5b0-005056013b0c",
        "archive": false,
        "dateOutputArchive": "0001-01-01T00:00:00Z"
    },
    {
        "guid": "806b39d3-36d2-11ee-b5b0-005056013b0c",
        "code": 1,
        "name": "Прокат холоднокатаный из тонколистовой оцинкованной стали ГОСТ 19904-90",
        "parent": "806b3908-36d2-11ee-b5b0-005056013b0c",
        "archive": false,
        "dateOutputArchive": "0001-01-01T00:00:00Z"
    },
    {
        "guid": "806b3a7a-36d2-11ee-b5b0-005056013b0c",
        "code": 15,
        "name": "Жесть",
        "parent": "806b383d-36d2-11ee-b5b0-005056013b0c",
        "archive": false,
        "dateOutputArchive": "0001-01-01T00:00:00Z"
    },
    {
        "guid": "806b3b45-36d2-11ee-b5b0-005056013b0c",
        "code": 1,
        "name": "Жесть белая",
        "parent": "806b3a7a-36d2-11ee-b5b0-005056013b0c",
        "archive": false,
        "dateOutputArchive": "0001-01-01T00:00:00Z"
    },
    {
        "guid": "806b3bec-36d2-11ee-b5b0-005056013b0c",
        "code": 99,
        "name": "Листы, временно используемые в производстве (доработка складских остатков)",
        "parent": "806b2622-36d2-11ee-b5b0-005056013b0c",
        "archive": false,
        "dateOutputArchive": "0001-01-01T00:00:00Z"
    },
    {
        "guid": "806b3ca6-36d2-11ee-b5b0-005056013b0c",
        "code": 9,
        "name": "Прокат черных металлов",
        "parent": "806b3c24-36d2-11ee-b5b0-005056013b0c",
        "archive": false,
        "dateOutputArchive": "0001-01-01T00:00:00Z"
    },
    {
        "guid": "806b3d27-36d2-11ee-b5b0-005056013b0c",
        "code": 50,
        "name": "Прокат стальной горячекатаный",
        "parent": "806b3ca6-36d2-11ee-b5b0-005056013b0c",
        "archive": false,
        "dateOutputArchive": "0001-01-01T00:00:00Z"
    },
    {
        "guid": "806b3da8-36d2-11ee-b5b0-005056013b0c",
        "code": 1,
        "name": "Прокат сортовой стальной горячекатаный квадратный ГОСТ 2591-2006",
        "parent": "806b3d27-36d2-11ee-b5b0-005056013b0c",
        "archive": false,
        "dateOutputArchive": "0001-01-01T00:00:00Z"
    },
    {
        "guid": "806b3c24-36d2-11ee-b5b0-005056013b0c",
        "code": 2,
        "name": "Квадраты",
        "parent": "806b25a2-36d2-11ee-b5b0-005056013b0c",
        "archive": false,
        "dateOutputArchive": "0001-01-01T00:00:00Z"
    },
    {
        "guid": "806b3e05-36d2-11ee-b5b0-005056013b0c",
        "code": 11,
        "name": "Изделия дальнейшего передела",
        "parent": "806b3c24-36d2-11ee-b5b0-005056013b0c",
        "archive": false,
        "dateOutputArchive": "0001-01-01T00:00:00Z"
    },
    {
        "guid": "806b3e86-36d2-11ee-b5b0-005056013b0c",
        "code": 40,
        "name": "Прокат калиброванный",
        "parent": "806b3e05-36d2-11ee-b5b0-005056013b0c",
        "archive": false,
        "dateOutputArchive": "0001-01-01T00:00:00Z"
    },
    {
        "guid": "806b3f07-36d2-11ee-b5b0-005056013b0c",
        "code": 1,
        "name": "Прокат калиброванный квадратный ГОСТ 8559-75",
        "parent": "806b3e86-36d2-11ee-b5b0-005056013b0c",
        "archive": false,
        "dateOutputArchive": "0001-01-01T00:00:00Z"
    },
    {
        "guid": "806b3f64-36d2-11ee-b5b0-005056013b0c",
        "code": 99,
        "name": "Квадраты, временно используемые в производстве (доработка складских остатков)",
        "parent": "806b3c24-36d2-11ee-b5b0-005056013b0c",
        "archive": false,
        "dateOutputArchive": "0001-01-01T00:00:00Z"
    },
    {
        "guid": "806b3fc1-36d2-11ee-b5b0-005056013b0c",
        "code": 3,
        "name": "Шестигранники",
        "parent": "806b25a2-36d2-11ee-b5b0-005056013b0c",
        "archive": false,
        "dateOutputArchive": "0001-01-01T00:00:00Z"
    },
    {
        "guid": "806b4043-36d2-11ee-b5b0-005056013b0c",
        "code": 9,
        "name": "Прокат черных металлов",
        "parent": "806b3fc1-36d2-11ee-b5b0-005056013b0c",
        "archive": false,
        "dateOutputArchive": "0001-01-01T00:00:00Z"
    },
    {
        "guid": "806b40c4-36d2-11ee-b5b0-005056013b0c",
        "code": 50,
        "name": "Прокат стальной горячекатаный",
        "parent": "806b4043-36d2-11ee-b5b0-005056013b0c",
        "archive": false,
        "dateOutputArchive": "0001-01-01T00:00:00Z"
    },
    {
        "guid": "806b4145-36d2-11ee-b5b0-005056013b0c",
        "code": 1,
        "name": "Прокат сортовой стальной горячекатаный шестигранный ГОСТ 2879-2006",
        "parent": "806b40c4-36d2-11ee-b5b0-005056013b0c",
        "archive": false,
        "dateOutputArchive": "0001-01-01T00:00:00Z"
    },
    {
        "guid": "806b41a2-36d2-11ee-b5b0-005056013b0c",
        "code": 11,
        "name": "Изделия дальнейшего передела",
        "parent": "806b3fc1-36d2-11ee-b5b0-005056013b0c",
        "archive": false,
        "dateOutputArchive": "0001-01-01T00:00:00Z"
    },
    {
        "guid": "806b4223-36d2-11ee-b5b0-005056013b0c",
        "code": 40,
        "name": "Прокат калиброванный",
        "parent": "806b41a2-36d2-11ee-b5b0-005056013b0c",
        "archive": false,
        "dateOutputArchive": "0001-01-01T00:00:00Z"
    },
    {
        "guid": "806b42a4-36d2-11ee-b5b0-005056013b0c",
        "code": 1,
        "name": "Прокат калиброванный шестигранный ГОСТ 8560-78",
        "parent": "806b4223-36d2-11ee-b5b0-005056013b0c",
        "archive": false,
        "dateOutputArchive": "0001-01-01T00:00:00Z"
    },
    {
        "guid": "806b4301-36d2-11ee-b5b0-005056013b0c",
        "code": 99,
        "name": "Шестигранники, временно используемые в производстве (доработка складских остатков)",
        "parent": "806b3fc1-36d2-11ee-b5b0-005056013b0c",
        "archive": false,
        "dateOutputArchive": "0001-01-01T00:00:00Z"
    },
    {
        "guid": "806b435e-36d2-11ee-b5b0-005056013b0c",
        "code": 4,
        "name": "Круги",
        "parent": "806b25a2-36d2-11ee-b5b0-005056013b0c",
        "archive": false,
        "dateOutputArchive": "0001-01-01T00:00:00Z"
    },
    {
        "guid": "806b43ba-36d2-11ee-b5b0-005056013b0c",
        "code": 9,
        "name": "Прокат черных металлов",
        "parent": "806b435e-36d2-11ee-b5b0-005056013b0c",
        "archive": false,
        "dateOutputArchive": "0001-01-01T00:00:00Z"
    },
    {
        "guid": "806b443c-36d2-11ee-b5b0-005056013b0c",
        "code": 30,
        "name": "Прокат стальной горячекатаный низколегированный",
        "parent": "806b43ba-36d2-11ee-b5b0-005056013b0c",
        "archive": false,
        "dateOutputArchive": "0001-01-01T00:00:00Z"
    },
    {
        "guid": "806b44bd-36d2-11ee-b5b0-005056013b0c",
        "code": 1,
        "name": "Прокат сортовой стальной горячекатаный конструкционный низколегированный ГОСТ 2590-2006",
        "parent": "806b443c-36d2-11ee-b5b0-005056013b0c",
        "archive": false,
        "dateOutputArchive": "0001-01-01T00:00:00Z"
    },
    {
        "guid": "806b451a-36d2-11ee-b5b0-005056013b0c",
        "code": 34,
        "name": "Прокат горячекатаный круглый обыкновенного качества",
        "parent": "806b43ba-36d2-11ee-b5b0-005056013b0c",
        "archive": false,
        "dateOutputArchive": "0001-01-01T00:00:00Z"
    },
    {
        "guid": "806b459b-36d2-11ee-b5b0-005056013b0c",
        "code": 1,
        "name": "Прокат сортовой стальной горячекатаный круглый обыкновенного качества ГОСТ 2590-2006",
        "parent": "806b451a-36d2-11ee-b5b0-005056013b0c",
        "archive": false,
        "dateOutputArchive": "0001-01-01T00:00:00Z"
    },
    {
        "guid": "806b45f8-36d2-11ee-b5b0-005056013b0c",
        "code": 50,
        "name": "Прокат стальной горячекатаный",
        "parent": "806b43ba-36d2-11ee-b5b0-005056013b0c",
        "archive": false,
        "dateOutputArchive": "0001-01-01T00:00:00Z"
    },
    {
        "guid": "806b4679-36d2-11ee-b5b0-005056013b0c",
        "code": 1,
        "name": "Прокат сортовой стальной горячекатаный конструкционный углеродистый ГОСТ 2590-2006",
        "parent": "806b45f8-36d2-11ee-b5b0-005056013b0c",
        "archive": false,
        "dateOutputArchive": "0001-01-01T00:00:00Z"
    },
    {
        "guid": "806b46d6-36d2-11ee-b5b0-005056013b0c",
        "code": 2,
        "name": "Прокат сортовой стальной горячекатаный конструкционный легированный ГОСТ 2590-2006",
        "parent": "806b45f8-36d2-11ee-b5b0-005056013b0c",
        "archive": false,
        "dateOutputArchive": "0001-01-01T00:00:00Z"
    },
    {
        "guid": "806b4733-36d2-11ee-b5b0-005056013b0c",
        "code": 3,
        "name": "Прокат сортовой стальной горячекатаный конструкционной по ТУ 14-1-4566-89",
        "parent": "806b45f8-36d2-11ee-b5b0-005056013b0c",
        "archive": false,
        "dateOutputArchive": "0001-01-01T00:00:00Z"
    },
    {
        "guid": "806b4790-36d2-11ee-b5b0-005056013b0c",
        "code": 4,
        "name": "Прокат круглый из рессорно-пружинной углеродистой и легированной стали ГОСТ 2590-2006",
        "parent": "806b45f8-36d2-11ee-b5b0-005056013b0c",
        "archive": false,
        "dateOutputArchive": "0001-01-01T00:00:00Z"
    },
    {
        "guid": "806b47ed-36d2-11ee-b5b0-005056013b0c",
        "code": 51,
        "name": "Прокат для холодного выдавливания и высадки",
        "parent": "806b43ba-36d2-11ee-b5b0-005056013b0c",
        "archive": false,
        "dateOutputArchive": "0001-01-01T00:00:00Z"
    },
    {
        "guid": "806b486e-36d2-11ee-b5b0-005056013b0c",
        "code": 1,
        "name": "Прокат качественный конструкционный углеродистый и легированный для холодного выдавливания и высадки ГОСТ 10702-78",
        "parent": "806b47ed-36d2-11ee-b5b0-005056013b0c",
        "archive": false,
        "dateOutputArchive": "0001-01-01T00:00:00Z"
    },
    {
        "guid": "806b48cb-36d2-11ee-b5b0-005056013b0c",
        "code": 56,
        "name": "Прокат горячекатаный сортовой конструкционный подшипниковый",
        "parent": "806b43ba-36d2-11ee-b5b0-005056013b0c",
        "archive": false,
        "dateOutputArchive": "0001-01-01T00:00:00Z"
    },
    {
        "guid": "806b494c-36d2-11ee-b5b0-005056013b0c",
        "code": 1,
        "name": "Прокат сортовой стальной горячекатаный конструкционный подшипниковый ГОСТ 2590-2006",
        "parent": "806b48cb-36d2-11ee-b5b0-005056013b0c",
        "archive": false,
        "dateOutputArchive": "0001-01-01T00:00:00Z"
    },
    {
        "guid": "806b49a9-36d2-11ee-b5b0-005056013b0c",
        "code": 58,
        "name": "Прокат горячекатаный сортовой конструкционный никельсодержащий",
        "parent": "806b43ba-36d2-11ee-b5b0-005056013b0c",
        "archive": false,
        "dateOutputArchive": "0001-01-01T00:00:00Z"
    },
    {
        "guid": "806b4a2a-36d2-11ee-b5b0-005056013b0c",
        "code": 1,
        "name": "Прокат сортовой стальной горячекатаный конструкционный по ТУ 14-1-1725-76",
        "parent": "806b49a9-36d2-11ee-b5b0-005056013b0c",
        "archive": false,
        "dateOutputArchive": "0001-01-01T00:00:00Z"
    },
    {
        "guid": "806b4a87-36d2-11ee-b5b0-005056013b0c",
        "code": 61,
        "name": "Прокат горячекатаный сортовой инструментальный",
        "parent": "806b43ba-36d2-11ee-b5b0-005056013b0c",
        "archive": false,
        "dateOutputArchive": "0001-01-01T00:00:00Z"
    },
    {
        "guid": "806b4b08-36d2-11ee-b5b0-005056013b0c",
        "code": 1,
        "name": "Прокат сортовой стальной горячекатаный инструментальный нелегированный ГОСТ 2590-2006",
        "parent": "806b4a87-36d2-11ee-b5b0-005056013b0c",
        "archive": false,
        "dateOutputArchive": "0001-01-01T00:00:00Z"
    },
    {
        "guid": "806b4b65-36d2-11ee-b5b0-005056013b0c",
        "code": 63,
        "name": "Прокат горячекатаный сортовой конструкционный коррозионно-стойкий, жаропрочный",
        "parent": "806b43ba-36d2-11ee-b5b0-005056013b0c",
        "archive": false,
        "dateOutputArchive": "0001-01-01T00:00:00Z"
    },
    {
        "guid": "806b4be6-36d2-11ee-b5b0-005056013b0c",
        "code": 1,
        "name": "Прокат сортовой стальной горячекатаный конструкционный коррозионностойкий, жаропрочный ГОСТ 2590-2006",
        "parent": "806b4b65-36d2-11ee-b5b0-005056013b0c",
        "archive": false,
        "dateOutputArchive": "0001-01-01T00:00:00Z"
    },
    {
        "guid": "84f01c49-36d2-11ee-b5b0-005056013b0c",
        "code": 13,
        "name": "Трубы стальные",
        "parent": "84f01bed-36d2-11ee-b5b0-005056013b0c",
        "archive": false,
        "dateOutputArchive": "0001-01-01T00:00:00Z"
    },
    {
        "guid": "806b4c43-36d2-11ee-b5b0-005056013b0c",
        "code": 66,
        "name": "Прокат сортовой из прецизионных сплавов с высоким электрическим сопротивлением",
        "parent": "806b43ba-36d2-11ee-b5b0-005056013b0c",
        "archive": false,
        "dateOutputArchive": "0001-01-01T00:00:00Z"
    },
    {
        "guid": "84f014af-36d2-11ee-b5b0-005056013b0c",
        "code": 1,
        "name": "Прокат сортовой из прецизионных сплавов с высоким электрическим сопротивлением ГОСТ 12766.4-90",
        "parent": "806b4c43-36d2-11ee-b5b0-005056013b0c",
        "archive": false,
        "dateOutputArchive": "0001-01-01T00:00:00Z"
    },
    {
        "guid": "84f0150c-36d2-11ee-b5b0-005056013b0c",
        "code": 70,
        "name": "Поковки",
        "parent": "806b43ba-36d2-11ee-b5b0-005056013b0c",
        "archive": false,
        "dateOutputArchive": "0001-01-01T00:00:00Z"
    },
    {
        "guid": "84f0158d-36d2-11ee-b5b0-005056013b0c",
        "code": 1,
        "name": "Поковки",
        "parent": "84f0150c-36d2-11ee-b5b0-005056013b0c",
        "archive": false,
        "dateOutputArchive": "0001-01-01T00:00:00Z"
    },
    {
        "guid": "84f015ea-36d2-11ee-b5b0-005056013b0c",
        "code": 11,
        "name": "Изделия дальнейшего передела",
        "parent": "806b435e-36d2-11ee-b5b0-005056013b0c",
        "archive": false,
        "dateOutputArchive": "0001-01-01T00:00:00Z"
    },
    {
        "guid": "84f01646-36d2-11ee-b5b0-005056013b0c",
        "code": 40,
        "name": "Прокат калиброванный круглый",
        "parent": "84f015ea-36d2-11ee-b5b0-005056013b0c",
        "archive": false,
        "dateOutputArchive": "0001-01-01T00:00:00Z"
    },
    {
        "guid": "84f016c7-36d2-11ee-b5b0-005056013b0c",
        "code": 1,
        "name": "Прокат калиброванный круглый углеродистый ГОСТ 7417-75",
        "parent": "84f01646-36d2-11ee-b5b0-005056013b0c",
        "archive": false,
        "dateOutputArchive": "0001-01-01T00:00:00Z"
    },
    {
        "guid": "84f01724-36d2-11ee-b5b0-005056013b0c",
        "code": 2,
        "name": "Прокат калиброванный круглый легированный ГОСТ 7417-75",
        "parent": "84f01646-36d2-11ee-b5b0-005056013b0c",
        "archive": false,
        "dateOutputArchive": "0001-01-01T00:00:00Z"
    },
    {
        "guid": "84f01781-36d2-11ee-b5b0-005056013b0c",
        "code": 3,
        "name": "Прокат калиброванный круглый коррозионно-стойкий, жаропрочный ГОСТ 7417-75",
        "parent": "84f01646-36d2-11ee-b5b0-005056013b0c",
        "archive": false,
        "dateOutputArchive": "0001-01-01T00:00:00Z"
    },
    {
        "guid": "84f017de-36d2-11ee-b5b0-005056013b0c",
        "code": 4,
        "name": "Прокат калиброванный круглый из рессорно-пружинной углеродистой и легированной стали ГОСТ 7417-75",
        "parent": "84f01646-36d2-11ee-b5b0-005056013b0c",
        "archive": false,
        "dateOutputArchive": "0001-01-01T00:00:00Z"
    },
    {
        "guid": "84f0183b-36d2-11ee-b5b0-005056013b0c",
        "code": 5,
        "name": "Сталь качественная круглая со специальной отделкой поверхности ГОСТ 14955-77",
        "parent": "84f01646-36d2-11ee-b5b0-005056013b0c",
        "archive": false,
        "dateOutputArchive": "0001-01-01T00:00:00Z"
    },
    {
        "guid": "84f01898-36d2-11ee-b5b0-005056013b0c",
        "code": 6,
        "name": "Прокат калиброванный для холодной высадки",
        "parent": "84f01646-36d2-11ee-b5b0-005056013b0c",
        "archive": false,
        "dateOutputArchive": "0001-01-01T00:00:00Z"
    },
    {
        "guid": "84f018f5-36d2-11ee-b5b0-005056013b0c",
        "code": 7,
        "name": "Шток хромированный",
        "parent": "84f01646-36d2-11ee-b5b0-005056013b0c",
        "archive": false,
        "dateOutputArchive": "0001-01-01T00:00:00Z"
    },
    {
        "guid": "84f01952-36d2-11ee-b5b0-005056013b0c",
        "code": 8,
        "name": "Прокат сортовой холоднотянутый подшипниковый ГОСТ 7417-75",
        "parent": "84f01646-36d2-11ee-b5b0-005056013b0c",
        "archive": false,
        "dateOutputArchive": "0001-01-01T00:00:00Z"
    },
    {
        "guid": "84f019af-36d2-11ee-b5b0-005056013b0c",
        "code": 50,
        "name": "Прокат термически обработанный шлифованный",
        "parent": "84f015ea-36d2-11ee-b5b0-005056013b0c",
        "archive": false,
        "dateOutputArchive": "0001-01-01T00:00:00Z"
    },
    {
        "guid": "84f01a30-36d2-11ee-b5b0-005056013b0c",
        "code": 1,
        "name": "Прутки нагартованные, термически обработанные шлифованные из высоколегированной и коррозионностойкой стали ГОСТ 18907-73",
        "parent": "84f019af-36d2-11ee-b5b0-005056013b0c",
        "archive": false,
        "dateOutputArchive": "0001-01-01T00:00:00Z"
    },
    {
        "guid": "84f01a8d-36d2-11ee-b5b0-005056013b0c",
        "code": 60,
        "name": "Прокат высокой точности",
        "parent": "84f015ea-36d2-11ee-b5b0-005056013b0c",
        "archive": false,
        "dateOutputArchive": "0001-01-01T00:00:00Z"
    },
    {
        "guid": "84f01b33-36d2-11ee-b5b0-005056013b0c",
        "code": 1,
        "name": "Сталь чистотянутая для шпонок ГОСТ 8787-68",
        "parent": "84f01a8d-36d2-11ee-b5b0-005056013b0c",
        "archive": false,
        "dateOutputArchive": "0001-01-01T00:00:00Z"
    },
    {
        "guid": "84f01bb5-36d2-11ee-b5b0-005056013b0c",
        "code": 99,
        "name": "Круги, временно используемые в производстве (доработка складских остатков)",
        "parent": "806b435e-36d2-11ee-b5b0-005056013b0c",
        "archive": false,
        "dateOutputArchive": "0001-01-01T00:00:00Z"
    },
    {
        "guid": "84f01bed-36d2-11ee-b5b0-005056013b0c",
        "code": 5,
        "name": "Трубы",
        "parent": "806b25a2-36d2-11ee-b5b0-005056013b0c",
        "archive": false,
        "dateOutputArchive": "0001-01-01T00:00:00Z"
    },
    {
        "guid": "84f01ca5-36d2-11ee-b5b0-005056013b0c",
        "code": 14,
        "name": "Трубы подшипниковые",
        "parent": "84f01c49-36d2-11ee-b5b0-005056013b0c",
        "archive": false,
        "dateOutputArchive": "0001-01-01T00:00:00Z"
    },
    {
        "guid": "84f01d4d-36d2-11ee-b5b0-005056013b0c",
        "code": 1,
        "name": "Трубы подшипниковые ГОСТ 800-78",
        "parent": "84f01ca5-36d2-11ee-b5b0-005056013b0c",
        "archive": false,
        "dateOutputArchive": "0001-01-01T00:00:00Z"
    },
    {
        "guid": "84f01dcf-36d2-11ee-b5b0-005056013b0c",
        "code": 19,
        "name": "Трубы катаные",
        "parent": "84f01c49-36d2-11ee-b5b0-005056013b0c",
        "archive": false,
        "dateOutputArchive": "0001-01-01T00:00:00Z"
    },
    {
        "guid": "84f01e2b-36d2-11ee-b5b0-005056013b0c",
        "code": 1,
        "name": "Трубы стальные бесшовные горячедеформированные ГОСТ 8732-78",
        "parent": "84f01dcf-36d2-11ee-b5b0-005056013b0c",
        "archive": false,
        "dateOutputArchive": "0001-01-01T00:00:00Z"
    },
    {
        "guid": "84f01ead-36d2-11ee-b5b0-005056013b0c",
        "code": 2,
        "name": "Трубы горячекатаные ТС 257-07",
        "parent": "84f01dcf-36d2-11ee-b5b0-005056013b0c",
        "archive": false,
        "dateOutputArchive": "0001-01-01T00:00:00Z"
    },
    {
        "guid": "84f01f30-36d2-11ee-b5b0-005056013b0c",
        "code": 3,
        "name": "Трубы горячекатаные ТС 77-02",
        "parent": "84f01dcf-36d2-11ee-b5b0-005056013b0c",
        "archive": false,
        "dateOutputArchive": "0001-01-01T00:00:00Z"
    },
    {
        "guid": "8c5aea59-36d2-11ee-b5b0-005056013b0c",
        "code": 1,
        "name": "Профиль ножа",
        "parent": "8c5ae9fd-36d2-11ee-b5b0-005056013b0c",
        "archive": false,
        "dateOutputArchive": "0001-01-01T00:00:00Z"
    },
    {
        "guid": "84f01fb2-36d2-11ee-b5b0-005056013b0c",
        "code": 4,
        "name": "Трубы стальные бесшовные горячекатаные толстостенные из литого слитка ТУ 14-3Р-50-2001",
        "parent": "84f01dcf-36d2-11ee-b5b0-005056013b0c",
        "archive": false,
        "dateOutputArchive": "0001-01-01T00:00:00Z"
    },
    {
        "guid": "84f02034-36d2-11ee-b5b0-005056013b0c",
        "code": 5,
        "name": "Трубы стальные бесшовные горячедеформированные для нефтегазопроводов ТУ 14-3Р-44-2001",
        "parent": "84f01dcf-36d2-11ee-b5b0-005056013b0c",
        "archive": false,
        "dateOutputArchive": "0001-01-01T00:00:00Z"
    },
    {
        "guid": "84f020b6-36d2-11ee-b5b0-005056013b0c",
        "code": 6,
        "name": "Трубы бесшовные горячедеформированные из коррозионностойкой стали ГОСТ 9940-81",
        "parent": "84f01dcf-36d2-11ee-b5b0-005056013b0c",
        "archive": false,
        "dateOutputArchive": "0001-01-01T00:00:00Z"
    },
    {
        "guid": "84f02138-36d2-11ee-b5b0-005056013b0c",
        "code": 40,
        "name": "Трубы тянутые",
        "parent": "84f01c49-36d2-11ee-b5b0-005056013b0c",
        "archive": false,
        "dateOutputArchive": "0001-01-01T00:00:00Z"
    },
    {
        "guid": "84f02194-36d2-11ee-b5b0-005056013b0c",
        "code": 1,
        "name": "Трубы стальные бесшовные холоднодеформированные ГОСТ 8734-75",
        "parent": "84f02138-36d2-11ee-b5b0-005056013b0c",
        "archive": false,
        "dateOutputArchive": "0001-01-01T00:00:00Z"
    },
    {
        "guid": "86635496-36d2-11ee-b5b0-005056013b0c",
        "code": 2,
        "name": "Трубы стальные электросварные прямошовные ГОСТ 10704-91",
        "parent": "84f02138-36d2-11ee-b5b0-005056013b0c",
        "archive": false,
        "dateOutputArchive": "0001-01-01T00:00:00Z"
    },
    {
        "guid": "86635518-36d2-11ee-b5b0-005056013b0c",
        "code": 3,
        "name": "Трубы стальные электросварные холоднодеформированные для карданных валов ГОСТ 5005-82",
        "parent": "84f02138-36d2-11ee-b5b0-005056013b0c",
        "archive": false,
        "dateOutputArchive": "0001-01-01T00:00:00Z"
    },
    {
        "guid": "8663559a-36d2-11ee-b5b0-005056013b0c",
        "code": 4,
        "name": "Трубы холоднодеформированные ТУ 14-3-575-90, ПР890-2002",
        "parent": "84f02138-36d2-11ee-b5b0-005056013b0c",
        "archive": false,
        "dateOutputArchive": "0001-01-01T00:00:00Z"
    },
    {
        "guid": "8663561c-36d2-11ee-b5b0-005056013b0c",
        "code": 5,
        "name": "Трубы стальные бесшовные высокого давления ГОСТ 11017-80",
        "parent": "84f02138-36d2-11ee-b5b0-005056013b0c",
        "archive": false,
        "dateOutputArchive": "0001-01-01T00:00:00Z"
    },
    {
        "guid": "8663569e-36d2-11ee-b5b0-005056013b0c",
        "code": 6,
        "name": "Трубы стальные бесшовные холоднодеформируемые производства фирмы ШТАУФФ",
        "parent": "84f02138-36d2-11ee-b5b0-005056013b0c",
        "archive": false,
        "dateOutputArchive": "0001-01-01T00:00:00Z"
    },
    {
        "guid": "86635720-36d2-11ee-b5b0-005056013b0c",
        "code": 44,
        "name": "Трубы тянутые прецизионные, прямоугольные, квадратные",
        "parent": "84f01c49-36d2-11ee-b5b0-005056013b0c",
        "archive": false,
        "dateOutputArchive": "0001-01-01T00:00:00Z"
    },
    {
        "guid": "8663577c-36d2-11ee-b5b0-005056013b0c",
        "code": 1,
        "name": "Трубы стальные прецизионные ГОСТ 9567-75",
        "parent": "86635720-36d2-11ee-b5b0-005056013b0c",
        "archive": false,
        "dateOutputArchive": "0001-01-01T00:00:00Z"
    },
    {
        "guid": "866357fe-36d2-11ee-b5b0-005056013b0c",
        "code": 2,
        "name": "Трубы стальные прямоугольные ГОСТ 8645-68",
        "parent": "86635720-36d2-11ee-b5b0-005056013b0c",
        "archive": false,
        "dateOutputArchive": "0001-01-01T00:00:00Z"
    },
    {
        "guid": "866358a7-36d2-11ee-b5b0-005056013b0c",
        "code": 3,
        "name": "Трубы стальные квадратные ГОСТ 8639-82",
        "parent": "86635720-36d2-11ee-b5b0-005056013b0c",
        "archive": false,
        "dateOutputArchive": "0001-01-01T00:00:00Z"
    },
    {
        "guid": "86636371-36d2-11ee-b5b0-005056013b0c",
        "code": 99,
        "name": "Полосы, временно используемые в производстве (доработка складских остатков)",
        "parent": "86635f07-36d2-11ee-b5b0-005056013b0c",
        "archive": false,
        "dateOutputArchive": "0001-01-01T00:00:00Z"
    },
    {
        "guid": "86635929-36d2-11ee-b5b0-005056013b0c",
        "code": 4,
        "name": "Профили стальные гнутые замкнутые сварные квадратные и прямоугольные для строительных конструкций",
        "parent": "86635720-36d2-11ee-b5b0-005056013b0c",
        "archive": false,
        "dateOutputArchive": "0001-01-01T00:00:00Z"
    },
    {
        "guid": "866359d0-36d2-11ee-b5b0-005056013b0c",
        "code": 5,
        "name": "Трубы стальные электросварные прямоугольного и квадратного сечения ТУ 14-3-462-76",
        "parent": "86635720-36d2-11ee-b5b0-005056013b0c",
        "archive": false,
        "dateOutputArchive": "0001-01-01T00:00:00Z"
    },
    {
        "guid": "86635a77-36d2-11ee-b5b0-005056013b0c",
        "code": 6,
        "name": "Профили стальные гнутые замкнутые сварные квадратные и прямоугольные ГОСТ 25577-83",
        "parent": "86635720-36d2-11ee-b5b0-005056013b0c",
        "archive": false,
        "dateOutputArchive": "0001-01-01T00:00:00Z"
    },
    {
        "guid": "86635b1e-36d2-11ee-b5b0-005056013b0c",
        "code": 51,
        "name": "Трубы тонкостенные углерод",
        "parent": "84f01c49-36d2-11ee-b5b0-005056013b0c",
        "archive": false,
        "dateOutputArchive": "0001-01-01T00:00:00Z"
    },
    {
        "guid": "86635bc4-36d2-11ee-b5b0-005056013b0c",
        "code": 1,
        "name": "Трубы стальные бесшовные холоднодеформированные для судостроения ГОСТ 1060-83",
        "parent": "86635b1e-36d2-11ee-b5b0-005056013b0c",
        "archive": false,
        "dateOutputArchive": "0001-01-01T00:00:00Z"
    },
    {
        "guid": "86635c46-36d2-11ee-b5b0-005056013b0c",
        "code": 60,
        "name": "Трубы тонкостенные нерж",
        "parent": "84f01c49-36d2-11ee-b5b0-005056013b0c",
        "archive": false,
        "dateOutputArchive": "0001-01-01T00:00:00Z"
    },
    {
        "guid": "86635cec-36d2-11ee-b5b0-005056013b0c",
        "code": 1,
        "name": "Трубы бесшовные холодно и теплодеформированные из коррозионной стали ГОСТ 9941-81",
        "parent": "86635c46-36d2-11ee-b5b0-005056013b0c",
        "archive": false,
        "dateOutputArchive": "0001-01-01T00:00:00Z"
    },
    {
        "guid": "86635d6e-36d2-11ee-b5b0-005056013b0c",
        "code": 2,
        "name": "Трубы стальные бесшовные для маслопроводов и топливопроводов ГОСТ 19277-73",
        "parent": "86635c46-36d2-11ee-b5b0-005056013b0c",
        "archive": false,
        "dateOutputArchive": "0001-01-01T00:00:00Z"
    },
    {
        "guid": "86635df0-36d2-11ee-b5b0-005056013b0c",
        "code": 85,
        "name": "Трубы стальные водогазопроводные",
        "parent": "84f01c49-36d2-11ee-b5b0-005056013b0c",
        "archive": false,
        "dateOutputArchive": "0001-01-01T00:00:00Z"
    },
    {
        "guid": "86635e4c-36d2-11ee-b5b0-005056013b0c",
        "code": 1,
        "name": "Трубы стальные водогазопроводные ГОСТ 3262-75",
        "parent": "86635df0-36d2-11ee-b5b0-005056013b0c",
        "archive": false,
        "dateOutputArchive": "0001-01-01T00:00:00Z"
    },
    {
        "guid": "86635f07-36d2-11ee-b5b0-005056013b0c",
        "code": 6,
        "name": "Полоса",
        "parent": "806b25a2-36d2-11ee-b5b0-005056013b0c",
        "archive": false,
        "dateOutputArchive": "0001-01-01T00:00:00Z"
    },
    {
        "guid": "86635f63-36d2-11ee-b5b0-005056013b0c",
        "code": 9,
        "name": "Прокат черных металлов",
        "parent": "86635f07-36d2-11ee-b5b0-005056013b0c",
        "archive": false,
        "dateOutputArchive": "0001-01-01T00:00:00Z"
    },
    {
        "guid": "86635fbf-36d2-11ee-b5b0-005056013b0c",
        "code": 50,
        "name": "Полоса стальная",
        "parent": "86635f63-36d2-11ee-b5b0-005056013b0c",
        "archive": false,
        "dateOutputArchive": "0001-01-01T00:00:00Z"
    },
    {
        "guid": "86636065-36d2-11ee-b5b0-005056013b0c",
        "code": 1,
        "name": "Прокат сортовой стальной горячекатаный полосовой ГОСТ 103-2006",
        "parent": "86635fbf-36d2-11ee-b5b0-005056013b0c",
        "archive": false,
        "dateOutputArchive": "0001-01-01T00:00:00Z"
    },
    {
        "guid": "866360e7-36d2-11ee-b5b0-005056013b0c",
        "code": 2,
        "name": "Профили стальные холоднодеформированные высокой точности ТУ 14-11-245-88",
        "parent": "86635fbf-36d2-11ee-b5b0-005056013b0c",
        "archive": false,
        "dateOutputArchive": "0001-01-01T00:00:00Z"
    },
    {
        "guid": "86636169-36d2-11ee-b5b0-005056013b0c",
        "code": 3,
        "name": "Прокат сортовой стальной горячекатаный полосовой рессорно-пружинный ГОСТ 7419-90",
        "parent": "86635fbf-36d2-11ee-b5b0-005056013b0c",
        "archive": false,
        "dateOutputArchive": "0001-01-01T00:00:00Z"
    },
    {
        "guid": "866361eb-36d2-11ee-b5b0-005056013b0c",
        "code": 4,
        "name": "Прокат сортовой стальной горячекатаный полосовой ТУ 14-1-5240-93",
        "parent": "86635fbf-36d2-11ee-b5b0-005056013b0c",
        "archive": false,
        "dateOutputArchive": "0001-01-01T00:00:00Z"
    },
    {
        "guid": "8663626d-36d2-11ee-b5b0-005056013b0c",
        "code": 5,
        "name": "Прокат широкополосный универсальный ГОСТ 82-70",
        "parent": "86635fbf-36d2-11ee-b5b0-005056013b0c",
        "archive": false,
        "dateOutputArchive": "0001-01-01T00:00:00Z"
    },
    {
        "guid": "866362ef-36d2-11ee-b5b0-005056013b0c",
        "code": 6,
        "name": "Прокат листовой и полосовой термообработанный повышенного качества ТУ 14-1-4632-93",
        "parent": "86635fbf-36d2-11ee-b5b0-005056013b0c",
        "archive": false,
        "dateOutputArchive": "0001-01-01T00:00:00Z"
    },
    {
        "guid": "866363a9-36d2-11ee-b5b0-005056013b0c",
        "code": 7,
        "name": "Уголки",
        "parent": "806b25a2-36d2-11ee-b5b0-005056013b0c",
        "archive": false,
        "dateOutputArchive": "0001-01-01T00:00:00Z"
    },
    {
        "guid": "86636405-36d2-11ee-b5b0-005056013b0c",
        "code": 9,
        "name": "Прокат черных металлов",
        "parent": "866363a9-36d2-11ee-b5b0-005056013b0c",
        "archive": false,
        "dateOutputArchive": "0001-01-01T00:00:00Z"
    },
    {
        "guid": "86636461-36d2-11ee-b5b0-005056013b0c",
        "code": 30,
        "name": "Уголки стальные",
        "parent": "86636405-36d2-11ee-b5b0-005056013b0c",
        "archive": false,
        "dateOutputArchive": "0001-01-01T00:00:00Z"
    },
    {
        "guid": "86636509-36d2-11ee-b5b0-005056013b0c",
        "code": 1,
        "name": "Уголки стальные горячекатанные равнополочные ГОСТ 8509-93",
        "parent": "86636461-36d2-11ee-b5b0-005056013b0c",
        "archive": false,
        "dateOutputArchive": "0001-01-01T00:00:00Z"
    },
    {
        "guid": "8c5aeadb-36d2-11ee-b5b0-005056013b0c",
        "code": 2,
        "name": "Полоса башмачная для тракторов",
        "parent": "8c5ae9fd-36d2-11ee-b5b0-005056013b0c",
        "archive": false,
        "dateOutputArchive": "0001-01-01T00:00:00Z"
    },
    {
        "guid": "866365b1-36d2-11ee-b5b0-005056013b0c",
        "code": 2,
        "name": "Уголки стальные горячекатанные неравнополочные ГОСТ 8510-86",
        "parent": "86636461-36d2-11ee-b5b0-005056013b0c",
        "archive": false,
        "dateOutputArchive": "0001-01-01T00:00:00Z"
    },
    {
        "guid": "86636659-36d2-11ee-b5b0-005056013b0c",
        "code": 8,
        "name": "Ленты",
        "parent": "806b25a2-36d2-11ee-b5b0-005056013b0c",
        "archive": false,
        "dateOutputArchive": "0001-01-01T00:00:00Z"
    },
    {
        "guid": "866366ff-36d2-11ee-b5b0-005056013b0c",
        "code": 9,
        "name": "Прокат черных металлов",
        "parent": "86636659-36d2-11ee-b5b0-005056013b0c",
        "archive": false,
        "dateOutputArchive": "0001-01-01T00:00:00Z"
    },
    {
        "guid": "866367a5-36d2-11ee-b5b0-005056013b0c",
        "code": 35,
        "name": "Лента стальная горячекатаная",
        "parent": "866366ff-36d2-11ee-b5b0-005056013b0c",
        "archive": false,
        "dateOutputArchive": "0001-01-01T00:00:00Z"
    },
    {
        "guid": "8663684b-36d2-11ee-b5b0-005056013b0c",
        "code": 1,
        "name": "Лента стальная горячекатаная ГОСТ 6009-74",
        "parent": "866367a5-36d2-11ee-b5b0-005056013b0c",
        "archive": false,
        "dateOutputArchive": "0001-01-01T00:00:00Z"
    },
    {
        "guid": "866368cd-36d2-11ee-b5b0-005056013b0c",
        "code": 12,
        "name": "Метизы",
        "parent": "86636659-36d2-11ee-b5b0-005056013b0c",
        "archive": false,
        "dateOutputArchive": "0001-01-01T00:00:00Z"
    },
    {
        "guid": "86636973-36d2-11ee-b5b0-005056013b0c",
        "code": 30,
        "name": "Лента холоднокатаная",
        "parent": "866368cd-36d2-11ee-b5b0-005056013b0c",
        "archive": false,
        "dateOutputArchive": "0001-01-01T00:00:00Z"
    },
    {
        "guid": "8c5aeeb4-36d2-11ee-b5b0-005056013b0c",
        "code": 9,
        "name": "Прокат черных металлов",
        "parent": "8c5aee58-36d2-11ee-b5b0-005056013b0c",
        "archive": false,
        "dateOutputArchive": "0001-01-01T00:00:00Z"
    },
    {
        "guid": "86636a19-36d2-11ee-b5b0-005056013b0c",
        "code": 1,
        "name": "Лента холоднокатаная из низкоуглеродистой стали ГОСТ 503-81",
        "parent": "86636973-36d2-11ee-b5b0-005056013b0c",
        "archive": false,
        "dateOutputArchive": "0001-01-01T00:00:00Z"
    },
    {
        "guid": "86636a9b-36d2-11ee-b5b0-005056013b0c",
        "code": 2,
        "name": "Лента холоднокатаная из инструментальной и пружинной стали ГОСТ 2283-79",
        "parent": "86636973-36d2-11ee-b5b0-005056013b0c",
        "archive": false,
        "dateOutputArchive": "0001-01-01T00:00:00Z"
    },
    {
        "guid": "86636b1d-36d2-11ee-b5b0-005056013b0c",
        "code": 3,
        "name": "Лента холоднокатаная термообработанная ГОСТ 21996-76",
        "parent": "86636973-36d2-11ee-b5b0-005056013b0c",
        "archive": false,
        "dateOutputArchive": "0001-01-01T00:00:00Z"
    },
    {
        "guid": "86636b9f-36d2-11ee-b5b0-005056013b0c",
        "code": 4,
        "name": "Лента стальная упаковочная ГОСТ 3560-73",
        "parent": "86636973-36d2-11ee-b5b0-005056013b0c",
        "archive": false,
        "dateOutputArchive": "0001-01-01T00:00:00Z"
    },
    {
        "guid": "86636c21-36d2-11ee-b5b0-005056013b0c",
        "code": 5,
        "name": "Лента холоднокатаная повышенной точности ГОСТ 19851-74",
        "parent": "86636973-36d2-11ee-b5b0-005056013b0c",
        "archive": false,
        "dateOutputArchive": "0001-01-01T00:00:00Z"
    },
    {
        "guid": "86636ca3-36d2-11ee-b5b0-005056013b0c",
        "code": 6,
        "name": "Лента холоднокатаная ТУ 14-550-6-94",
        "parent": "86636973-36d2-11ee-b5b0-005056013b0c",
        "archive": false,
        "dateOutputArchive": "0001-01-01T00:00:00Z"
    },
    {
        "guid": "86636d25-36d2-11ee-b5b0-005056013b0c",
        "code": 7,
        "name": "Лента холоднокатаная ТУ 14-1-258-72",
        "parent": "86636973-36d2-11ee-b5b0-005056013b0c",
        "archive": false,
        "dateOutputArchive": "0001-01-01T00:00:00Z"
    },
    {
        "guid": "86636da7-36d2-11ee-b5b0-005056013b0c",
        "code": 8,
        "name": "Лента холоднокатаная из углеродистой конструкционной стали ГОСТ 2284-79",
        "parent": "86636973-36d2-11ee-b5b0-005056013b0c",
        "archive": false,
        "dateOutputArchive": "0001-01-01T00:00:00Z"
    },
    {
        "guid": "86636e29-36d2-11ee-b5b0-005056013b0c",
        "code": 33,
        "name": "Лента холоднокатаная нерж",
        "parent": "866368cd-36d2-11ee-b5b0-005056013b0c",
        "archive": false,
        "dateOutputArchive": "0001-01-01T00:00:00Z"
    },
    {
        "guid": "86636ecf-36d2-11ee-b5b0-005056013b0c",
        "code": 1,
        "name": "Лента холоднокатаная из коррозионно-стойкой и жаростойкой стали ГОСТ 4986-79",
        "parent": "86636e29-36d2-11ee-b5b0-005056013b0c",
        "archive": false,
        "dateOutputArchive": "0001-01-01T00:00:00Z"
    },
    {
        "guid": "86636f51-36d2-11ee-b5b0-005056013b0c",
        "code": 35,
        "name": "Лента из сплавов высокого омического сопротивления",
        "parent": "866368cd-36d2-11ee-b5b0-005056013b0c",
        "archive": false,
        "dateOutputArchive": "0001-01-01T00:00:00Z"
    },
    {
        "guid": "86636ff7-36d2-11ee-b5b0-005056013b0c",
        "code": 1,
        "name": "Лента из прецизионных сплавов с высоким электрическим сопротивлением ГОСТ 12766.2-90",
        "parent": "86636f51-36d2-11ee-b5b0-005056013b0c",
        "archive": false,
        "dateOutputArchive": "0001-01-01T00:00:00Z"
    },
    {
        "guid": "86637079-36d2-11ee-b5b0-005056013b0c",
        "code": 61,
        "name": "Лента холоднокатаная из термобиметаллов",
        "parent": "866368cd-36d2-11ee-b5b0-005056013b0c",
        "archive": false,
        "dateOutputArchive": "0001-01-01T00:00:00Z"
    },
    {
        "guid": "8663711f-36d2-11ee-b5b0-005056013b0c",
        "code": 1,
        "name": "Лента холоднокатаная из термобиметаллов ГОСТ 10533-86",
        "parent": "86637079-36d2-11ee-b5b0-005056013b0c",
        "archive": false,
        "dateOutputArchive": "0001-01-01T00:00:00Z"
    },
    {
        "guid": "866371a1-36d2-11ee-b5b0-005056013b0c",
        "code": 99,
        "name": "Ленты, временно используемые в производстве (доработка складских остатков)",
        "parent": "86636659-36d2-11ee-b5b0-005056013b0c",
        "archive": false,
        "dateOutputArchive": "0001-01-01T00:00:00Z"
    },
    {
        "guid": "86637223-36d2-11ee-b5b0-005056013b0c",
        "code": 9,
        "name": "Швеллеры",
        "parent": "806b25a2-36d2-11ee-b5b0-005056013b0c",
        "archive": false,
        "dateOutputArchive": "0001-01-01T00:00:00Z"
    },
    {
        "guid": "8663727f-36d2-11ee-b5b0-005056013b0c",
        "code": 9,
        "name": "Прокат черных металлов",
        "parent": "86637223-36d2-11ee-b5b0-005056013b0c",
        "archive": false,
        "dateOutputArchive": "0001-01-01T00:00:00Z"
    },
    {
        "guid": "866372db-36d2-11ee-b5b0-005056013b0c",
        "code": 25,
        "name": "Швеллеры",
        "parent": "8663727f-36d2-11ee-b5b0-005056013b0c",
        "archive": false,
        "dateOutputArchive": "0001-01-01T00:00:00Z"
    },
    {
        "guid": "86637337-36d2-11ee-b5b0-005056013b0c",
        "code": 1,
        "name": "Швеллеры стальные горячекатаные ГОСТ 8240-97",
        "parent": "866372db-36d2-11ee-b5b0-005056013b0c",
        "archive": false,
        "dateOutputArchive": "0001-01-01T00:00:00Z"
    },
    {
        "guid": "866373bb-36d2-11ee-b5b0-005056013b0c",
        "code": 2,
        "name": "Двутавры стальные горячекатанные ГОСТ 8239-89",
        "parent": "866372db-36d2-11ee-b5b0-005056013b0c",
        "archive": false,
        "dateOutputArchive": "0001-01-01T00:00:00Z"
    },
    {
        "guid": "8663743d-36d2-11ee-b5b0-005056013b0c",
        "code": 3,
        "name": "Швеллеры стальные гнутые равнополочные ГОСТ 8278-83",
        "parent": "866372db-36d2-11ee-b5b0-005056013b0c",
        "archive": false,
        "dateOutputArchive": "0001-01-01T00:00:00Z"
    },
    {
        "guid": "866374e5-36d2-11ee-b5b0-005056013b0c",
        "code": 4,
        "name": "Швеллеры стальные гнутые неравнополочные ГОСТ 8281-80",
        "parent": "866372db-36d2-11ee-b5b0-005056013b0c",
        "archive": false,
        "dateOutputArchive": "0001-01-01T00:00:00Z"
    },
    {
        "guid": "8663758c-36d2-11ee-b5b0-005056013b0c",
        "code": 5,
        "name": "Балки двутавровые и швеллеры стальные специальные ГОСТ 19425-74",
        "parent": "866372db-36d2-11ee-b5b0-005056013b0c",
        "archive": false,
        "dateOutputArchive": "0001-01-01T00:00:00Z"
    },
    {
        "guid": "8663766a-36d2-11ee-b5b0-005056013b0c",
        "code": 12,
        "name": "Метизы",
        "parent": "8663760e-36d2-11ee-b5b0-005056013b0c",
        "archive": false,
        "dateOutputArchive": "0001-01-01T00:00:00Z"
    },
    {
        "guid": "866376c6-36d2-11ee-b5b0-005056013b0c",
        "code": 50,
        "name": "Канаты",
        "parent": "8663766a-36d2-11ee-b5b0-005056013b0c",
        "archive": false,
        "dateOutputArchive": "0001-01-01T00:00:00Z"
    },
    {
        "guid": "86637747-36d2-11ee-b5b0-005056013b0c",
        "code": 1,
        "name": "Канат одинарной свивки ТК конструкции 1х19(1+6+12) ГОСТ 3063-80",
        "parent": "866376c6-36d2-11ee-b5b0-005056013b0c",
        "archive": false,
        "dateOutputArchive": "0001-01-01T00:00:00Z"
    },
    {
        "guid": "866377a4-36d2-11ee-b5b0-005056013b0c",
        "code": 2,
        "name": "Канат двойной свивки типа конструкции 6х37(1+6+12+18)+1 о.с. ГОСТ 3071-88",
        "parent": "866376c6-36d2-11ee-b5b0-005056013b0c",
        "archive": false,
        "dateOutputArchive": "0001-01-01T00:00:00Z"
    },
    {
        "guid": "86637801-36d2-11ee-b5b0-005056013b0c",
        "code": 3,
        "name": "Канат двойной свивки типа ЛК-РО конструкции 6х36(1+7+7/7+14)+7х7(1+6) ГОСТ 7669-80",
        "parent": "866376c6-36d2-11ee-b5b0-005056013b0c",
        "archive": false,
        "dateOutputArchive": "0001-01-01T00:00:00Z"
    },
    {
        "guid": "8663785e-36d2-11ee-b5b0-005056013b0c",
        "code": 4,
        "name": "Канат двойной свивки типа ЛК-РО конструкции 6х36(1+7+7/7+14)+ 1 о.с. ГОСТ 7668-80",
        "parent": "866376c6-36d2-11ee-b5b0-005056013b0c",
        "archive": false,
        "dateOutputArchive": "0001-01-01T00:00:00Z"
    },
    {
        "guid": "866378bb-36d2-11ee-b5b0-005056013b0c",
        "code": 5,
        "name": "Канаты стальные авиационные ГОСТ 3241-80",
        "parent": "866376c6-36d2-11ee-b5b0-005056013b0c",
        "archive": false,
        "dateOutputArchive": "0001-01-01T00:00:00Z"
    },
    {
        "guid": "86637918-36d2-11ee-b5b0-005056013b0c",
        "code": 6,
        "name": "Канат стальной ТУ 14-4-412-73",
        "parent": "866376c6-36d2-11ee-b5b0-005056013b0c",
        "archive": false,
        "dateOutputArchive": "0001-01-01T00:00:00Z"
    },
    {
        "guid": "86637975-36d2-11ee-b5b0-005056013b0c",
        "code": 7,
        "name": "Канат стальной двойной свивки типа ТК конструкции 6х19(1+6+12)+1о.с. ГОСТ 3070-80",
        "parent": "866376c6-36d2-11ee-b5b0-005056013b0c",
        "archive": false,
        "dateOutputArchive": "0001-01-01T00:00:00Z"
    },
    {
        "guid": "866379d2-36d2-11ee-b5b0-005056013b0c",
        "code": 8,
        "name": "Канат стальной двойной свивки типа ТК конструкции 6х19(1+6+12)+1х19(1+6+12) ГОСТ 3067-88",
        "parent": "866376c6-36d2-11ee-b5b0-005056013b0c",
        "archive": false,
        "dateOutputArchive": "0001-01-01T00:00:00Z"
    },
    {
        "guid": "86637a2f-36d2-11ee-b5b0-005056013b0c",
        "code": 9,
        "name": "Канат двойной свивки типа ЛК-О конструкции 6х7(1+6)+1х7(1+6) ГОСТ 3066-80",
        "parent": "866376c6-36d2-11ee-b5b0-005056013b0c",
        "archive": false,
        "dateOutputArchive": "0001-01-01T00:00:00Z"
    },
    {
        "guid": "86637ae9-36d2-11ee-b5b0-005056013b0c",
        "code": 11,
        "name": "Канат двойной свивки типа ЛК-Р конструкции 6х19(1+6+6/6)+1о.с. ГОСТ2688-80",
        "parent": "866376c6-36d2-11ee-b5b0-005056013b0c",
        "archive": false,
        "dateOutputArchive": "0001-01-01T00:00:00Z"
    },
    {
        "guid": "86637b46-36d2-11ee-b5b0-005056013b0c",
        "code": 12,
        "name": "Канат двойной свивки типа ЛК-О конструкции 6х19(1+9+9)+1о.с.ГОСТ3077-80",
        "parent": "866376c6-36d2-11ee-b5b0-005056013b0c",
        "archive": false,
        "dateOutputArchive": "0001-01-01T00:00:00Z"
    },
    {
        "guid": "8acaf7ed-36d2-11ee-b5b0-005056013b0c",
        "code": 13,
        "name": "Канат двойной свивки типа ЛК-3 конструкции 6х25 (1+6; 6+12)+1о.с ГОСТ 7665-80",
        "parent": "866376c6-36d2-11ee-b5b0-005056013b0c",
        "archive": false,
        "dateOutputArchive": "0001-01-01T00:00:00Z"
    },
    {
        "guid": "8acaf84a-36d2-11ee-b5b0-005056013b0c",
        "code": 14,
        "name": "Канат одинарной свивки типа ЛК-О конструкции 1х7(1+6) ГОСТ 3062-80",
        "parent": "866376c6-36d2-11ee-b5b0-005056013b0c",
        "archive": false,
        "dateOutputArchive": "0001-01-01T00:00:00Z"
    },
    {
        "guid": "8acaf8a7-36d2-11ee-b5b0-005056013b0c",
        "code": 15,
        "name": "Канат двойной свивки типа ТЛК-О конструкции 6х37(1+6+15+15)+1 о.с. ГОСТ 3079-80",
        "parent": "866376c6-36d2-11ee-b5b0-005056013b0c",
        "archive": false,
        "dateOutputArchive": "0001-01-01T00:00:00Z"
    },
    {
        "guid": "8acaf904-36d2-11ee-b5b0-005056013b0c",
        "code": 16,
        "name": "Канат двойной свивки типа ЛК-Р конструкции 6х19(1+6+6/6)+7х7(1+6) ГОСТ 14954-80",
        "parent": "866376c6-36d2-11ee-b5b0-005056013b0c",
        "archive": false,
        "dateOutputArchive": "0001-01-01T00:00:00Z"
    },
    {
        "guid": "8acaf961-36d2-11ee-b5b0-005056013b0c",
        "code": 99,
        "name": "Канаты, временно используемые в производстве (доработка складских остатков)",
        "parent": "8663760e-36d2-11ee-b5b0-005056013b0c",
        "archive": false,
        "dateOutputArchive": "0001-01-01T00:00:00Z"
    },
    {
        "guid": "8acaf999-36d2-11ee-b5b0-005056013b0c",
        "code": 11,
        "name": "Проволока",
        "parent": "806b25a2-36d2-11ee-b5b0-005056013b0c",
        "archive": false,
        "dateOutputArchive": "0001-01-01T00:00:00Z"
    },
    {
        "guid": "8acaf9f5-36d2-11ee-b5b0-005056013b0c",
        "code": 12,
        "name": "Метизы",
        "parent": "8acaf999-36d2-11ee-b5b0-005056013b0c",
        "archive": false,
        "dateOutputArchive": "0001-01-01T00:00:00Z"
    },
    {
        "guid": "8acafa51-36d2-11ee-b5b0-005056013b0c",
        "code": 10,
        "name": "Проволока обыкновенного качества",
        "parent": "8acaf9f5-36d2-11ee-b5b0-005056013b0c",
        "archive": false,
        "dateOutputArchive": "0001-01-01T00:00:00Z"
    },
    {
        "guid": "8acafad2-36d2-11ee-b5b0-005056013b0c",
        "code": 1,
        "name": "Проволока низкоуглеродистая качественная ГОСТ 792-67",
        "parent": "8acafa51-36d2-11ee-b5b0-005056013b0c",
        "archive": false,
        "dateOutputArchive": "0001-01-01T00:00:00Z"
    },
    {
        "guid": "8acafb2f-36d2-11ee-b5b0-005056013b0c",
        "code": 2,
        "name": "Проволока стальная низкоуглеродистая общего назначения ГОСТ 3282-74",
        "parent": "8acafa51-36d2-11ee-b5b0-005056013b0c",
        "archive": false,
        "dateOutputArchive": "0001-01-01T00:00:00Z"
    },
    {
        "guid": "8acafb8c-36d2-11ee-b5b0-005056013b0c",
        "code": 20,
        "name": "Проволока из углеродистых и легированных марок сталей",
        "parent": "8acaf9f5-36d2-11ee-b5b0-005056013b0c",
        "archive": false,
        "dateOutputArchive": "0001-01-01T00:00:00Z"
    },
    {
        "guid": "8acafc45-36d2-11ee-b5b0-005056013b0c",
        "code": 2,
        "name": "Проволока стальная углеродистая пружинная ГОСТ 9389-75",
        "parent": "8acafb8c-36d2-11ee-b5b0-005056013b0c",
        "archive": false,
        "dateOutputArchive": "0001-01-01T00:00:00Z"
    },
    {
        "guid": "8acafca2-36d2-11ee-b5b0-005056013b0c",
        "code": 3,
        "name": "Проволока стальная легированная пружинная ГОСТ 14963-78",
        "parent": "8acafb8c-36d2-11ee-b5b0-005056013b0c",
        "archive": false,
        "dateOutputArchive": "0001-01-01T00:00:00Z"
    },
    {
        "guid": "8acafcff-36d2-11ee-b5b0-005056013b0c",
        "code": 4,
        "name": "Проволока стальная для пружинных шайб ГОСТ 11850-72",
        "parent": "8acafb8c-36d2-11ee-b5b0-005056013b0c",
        "archive": false,
        "dateOutputArchive": "0001-01-01T00:00:00Z"
    },
    {
        "guid": "86637a8c-36d2-11ee-b5b0-005056013b0c",
        "code": 10,
        "name": "Канат двойной свивки многопрядный типа ЛК-Р конструкции 18х19(1+6+6/6)+1о.с. ГОСТ 3088-80",
        "parent": "866376c6-36d2-11ee-b5b0-005056013b0c",
        "archive": false,
        "dateOutputArchive": "0001-01-01T00:00:00Z"
    },
    {
        "guid": "8acafbe8-36d2-11ee-b5b0-005056013b0c",
        "code": 1,
        "name": "Проволока из углеродистой конструкционной стали ГОСТ 17305-91",
        "parent": "8acafb8c-36d2-11ee-b5b0-005056013b0c",
        "archive": false,
        "dateOutputArchive": "0001-01-01T00:00:00Z"
    },
    {
        "guid": "8acafd6f-36d2-11ee-b5b0-005056013b0c",
        "code": 5,
        "name": "Проволока стальная углеродистая для холодной высадки и выдавливания",
        "parent": "8acafb8c-36d2-11ee-b5b0-005056013b0c",
        "archive": false,
        "dateOutputArchive": "0001-01-01T00:00:00Z"
    },
    {
        "guid": "8acafdcc-36d2-11ee-b5b0-005056013b0c",
        "code": 22,
        "name": "Проволока из нержавеющей стали",
        "parent": "8acaf9f5-36d2-11ee-b5b0-005056013b0c",
        "archive": false,
        "dateOutputArchive": "0001-01-01T00:00:00Z"
    }
]
]]></system-out>
  </testcase>
  <testcase name="getEopListNegativeStep" classname="AutoTest.ClassifierTest" time="0.629"/>
  <testcase name="getEopListNegativeStep" classname="AutoTest.ClassifierTest" time="1.084"/>
  <testcase name="getEopListNegativeStep" classname="AutoTest.ClassifierTest" time="0.991"/>
  <testcase name="getEopListNegativeStep" classname="AutoTest.ClassifierTest" time="0.945"/>
  <testcase name="getEopListNegativeStep" classname="AutoTest.ClassifierTest" time="1.016"/>
  <testcase name="getEopListNegativeStep" classname="AutoTest.ClassifierTest" time="1.042"/>
  <testcase name="getEopListNegativeStep" classname="AutoTest.ClassifierTest" time="1.131"/>
  <testcase name="getEopListNegativeStep" classname="AutoTest.ClassifierTest" time="0.822"/>
  <testcase name="getEopListNegativeStep" classname="AutoTest.ClassifierTest" time="1.053"/>
  <testcase name="getEopListNegativeStep" classname="AutoTest.ClassifierTest" time="1.055"/>
  <testcase name="getEopListNegativeStep" classname="AutoTest.ClassifierTest" time="0.9"/>
  <testcase name="getEopListNegativeStep" classname="AutoTest.ClassifierTest" time="0.997"/>
  <testcase name="getEopListNegativeStep" classname="AutoTest.ClassifierTest" time="1.057"/>
  <testcase name="getEopListNegativeStep" classname="AutoTest.ClassifierTest" time="0.938"/>
  <testcase name="getEopListNegativeStep" classname="AutoTest.ClassifierTest" time="1.002"/>
  <testcase name="getEopListStepIsEmpty" classname="AutoTest.ClassifierTest" time="1.369">
    <failure message="1 expectation failed.&#10;Response body doesn&apos;t match expectation.&#10;Expected: The content to match the given JSON schema.&#10;error: instance type (integer) does not match any allowed primitive type (allowed: [&quot;string&quot;])&#10;    level: &quot;error&quot;&#10;    schema: {&quot;loadingURI&quot;:&quot;file:/C:/Users/Sasha/Api/target/test-classes/getEopList.json#&quot;,&quot;pointer&quot;:&quot;/items/properties/code&quot;}&#10;    instance: {&quot;pointer&quot;:&quot;/0/code&quot;}&#10;    domain: &quot;validation&quot;&#10;    keyword: &quot;type&quot;&#10;    found: &quot;integer&quot;&#10;    expected: [&quot;string&quot;]&#10;&#10;  Actual: [{guid=806b27a5-36d2-11ee-b5b0-005056013b0c, code=1, name=Прокат толстолистовой горячекатаный из стали повышенной прочности ГОСТ 19903-74, parent=806b26da-36d2-11ee-b5b0-005056013b0c, archive=false, dateOutputArchive=0001-01-01T00:00:00Z}, {guid=806b284d-36d2-11ee-b5b0-005056013b0c, code=2, name=Листы просечно-вытяжные, parent=806b26da-36d2-11ee-b5b0-005056013b0c, archive=false, dateOutputArchive=0001-01-01T00:00:00Z}, {guid=806b28f5-36d2-11ee-b5b0-005056013b0c, code=3, name=Прокат листовой горячекатаный из высококачественной стали повышенной прочности (Швеция), parent=806b26da-36d2-11ee-b5b0-005056013b0c, archive=false, dateOutputArchive=0001-01-01T00:00:00Z}, {guid=806b2977-36d2-11ee-b5b0-005056013b0c, code=72, name=Листы стальные с ромбическим и чечевичным рифлением, parent=806b267e-36d2-11ee-b5b0-005056013b0c, archive=false, dateOutputArchive=0001-01-01T00:00:00Z}, {guid=806b2a42-36d2-11ee-b5b0-005056013b0c, code=1, name=Листы стальные с ромбическим и чечевичным рифлением ГОСТ 8568-77, parent=806b2977-36d2-11ee-b5b0-005056013b0c, archive=false, dateOutputArchive=0001-01-01T00:00:00Z}, {guid=806b2ae9-36d2-11ee-b5b0-005056013b0c, code=81, name=Прокат листовой горячекатаный, parent=806b267e-36d2-11ee-b5b0-005056013b0c, archive=false, dateOutputArchive=0001-01-01T00:00:00Z}, {guid=806b2bb4-36d2-11ee-b5b0-005056013b0c, code=1, name=Прокат листовой горячекатаный из легированной конструкционной стали общего назначения ГОСТ 19903-74, parent=806b2ae9-36d2-11ee-b5b0-005056013b0c, archive=false, dateOutputArchive=0001-01-01T00:00:00Z}, {guid=806b2c5b-36d2-11ee-b5b0-005056013b0c, code=2, name=Прокат листовой горячекатаный из стали углеродистой обыкновенного качества ГОСТ 19903-74, parent=806b2ae9-36d2-11ee-b5b0-005056013b0c, archive=false, dateOutputArchive=0001-01-01T00:00:00Z}, {guid=806b2d02-36d2-11ee-b5b0-005056013b0c, code=3, name=Прокат листовой горячекатаный из конструкционной качественной стали ГОСТ 19903-74, parent=806b2ae9-36d2-11ee-b5b0-005056013b0c, archive=false, dateOutputArchive=0001-01-01T00:00:00Z}, {guid=806b2da9-36d2-11ee-b5b0-005056013b0c, code=4, name=Прокат толстолистовой горячекатаный из легированной стали ГОСТ 19903-74, parent=806b2ae9-36d2-11ee-b5b0-005056013b0c, archive=false, dateOutputArchive=0001-01-01T00:00:00Z}, {guid=806b2e50-36d2-11ee-b5b0-005056013b0c, code=5, name=Прокат толстолистовой горячекатаный из легированной стали, parent=806b2ae9-36d2-11ee-b5b0-005056013b0c, archive=false, dateOutputArchive=0001-01-01T00:00:00Z}, {guid=806b2ef7-36d2-11ee-b5b0-005056013b0c, code=6, name=Прокат горячекатанный ТУ 1-9-1021-84, parent=806b2ae9-36d2-11ee-b5b0-005056013b0c, archive=false, dateOutputArchive=0001-01-01T00:00:00Z}, {guid=806b2f9e-36d2-11ee-b5b0-005056013b0c, code=7, name=Листы спецстали АК, parent=806b2ae9-36d2-11ee-b5b0-005056013b0c, archive=false, dateOutputArchive=0001-01-01T00:00:00Z}, {guid=806b3045-36d2-11ee-b5b0-005056013b0c, code=86, name=Прокат толстолистовой горячекатаный коррозионно-стойкий, жаростойкий и жаропрочный, parent=806b267e-36d2-11ee-b5b0-005056013b0c, archive=false, dateOutputArchive=0001-01-01T00:00:00Z}, {guid=806b3110-36d2-11ee-b5b0-005056013b0c, code=1, name=Прокат листовой горячекатаный коррозионно-стойкий, жаростойкий и жаропрочный ГОСТ 19903-74, parent=806b3045-36d2-11ee-b5b0-005056013b0c, archive=false, dateOutputArchive=0001-01-01T00:00:00Z}, {guid=806b2622-36d2-11ee-b5b0-005056013b0c, code=1, name=Листы, parent=806b25a2-36d2-11ee-b5b0-005056013b0c, archive=false, dateOutputArchive=0001-01-01T00:00:00Z}, {guid=806b267e-36d2-11ee-b5b0-005056013b0c, code=9, name=Прокат черных металлов, parent=806b2622-36d2-11ee-b5b0-005056013b0c, archive=false, dateOutputArchive=0001-01-01T00:00:00Z}, {guid=806b25a2-36d2-11ee-b5b0-005056013b0c, code=1, name=Металлы черные, parent=00000000-0000-0000-0000-000000000000, archive=false, dateOutputArchive=0001-01-01T00:00:00Z}, {guid=806b31b7-36d2-11ee-b5b0-005056013b0c, code=89, name=Листы спецстали, parent=806b267e-36d2-11ee-b5b0-005056013b0c, archive=false, dateOutputArchive=0001-01-01T00:00:00Z}, {guid=806b3282-36d2-11ee-b5b0-005056013b0c, code=1, name=Листы спецстали, parent=806b31b7-36d2-11ee-b5b0-005056013b0c, archive=false, dateOutputArchive=0001-01-01T00:00:00Z}, {guid=806b3329-36d2-11ee-b5b0-005056013b0c, code=91, name=Прокат тонколистовой холоднокатаный, parent=806b267e-36d2-11ee-b5b0-005056013b0c, archive=false, dateOutputArchive=0001-01-01T00:00:00Z}, {guid=806b3385-36d2-11ee-b5b0-005056013b0c, code=1, name=Прокат тонколистовой холоднокатаный из углеродистой стали качественной и обыкновенного качества общего назначения ГОСТ 19904-90, parent=806b3329-36d2-11ee-b5b0-005056013b0c, archive=false, dateOutputArchive=0001-01-01T00:00:00Z}, {guid=806b342c-36d2-11ee-b5b0-005056013b0c, code=2, name=Прокат тонколистовой холоднокатаный из низкоуглеродистой качественной стали для холодной штамповки ГОСТ 19904-90, parent=806b3329-36d2-11ee-b5b0-005056013b0c, archive=false, dateOutputArchive=0001-01-01T00:00:00Z}, {guid=806b34d3-36d2-11ee-b5b0-005056013b0c, code=3, name=Прокат листовой холоднокатаный из легированной конструкционной стали общего назначения ГОСТ 19904-90, parent=806b3329-36d2-11ee-b5b0-005056013b0c, archive=false, dateOutputArchive=0001-01-01T00:00:00Z}, {guid=806b357a-36d2-11ee-b5b0-005056013b0c, code=4, name=Листы перфорированные «ПЕРФОКОМ», parent=806b3329-36d2-11ee-b5b0-005056013b0c, archive=false, dateOutputArchive=0001-01-01T00:00:00Z}, {guid=806b3623-36d2-11ee-b5b0-005056013b0c, code=5, name=Листы перфорированные, parent=806b3329-36d2-11ee-b5b0-005056013b0c, archive=false, dateOutputArchive=0001-01-01T00:00:00Z}, {guid=806b36cb-36d2-11ee-b5b0-005056013b0c, code=93, name=Прокат тонколистовой из коррозионно-стойкой, жаростойкой и жаропрочной стали, parent=806b267e-36d2-11ee-b5b0-005056013b0c, archive=false, dateOutputArchive=0001-01-01T00:00:00Z}, {guid=806b3796-36d2-11ee-b5b0-005056013b0c, code=1, name=Прокат тонколистовой из коррозионно-стойкой, жаростойкой и жаропрочной стали ГОСТ 19904-90, parent=806b36cb-36d2-11ee-b5b0-005056013b0c, archive=false, dateOutputArchive=0001-01-01T00:00:00Z}, {guid=806b383d-36d2-11ee-b5b0-005056013b0c, code=11, name=Изделия дальнейшего передела, parent=806b2622-36d2-11ee-b5b0-005056013b0c, archive=false, dateOutputArchive=0001-01-01T00:00:00Z}, {guid=806b3908-36d2-11ee-b5b0-005056013b0c, code=11, name=Прокат холоднокатаный из тонколистовой оцинкованной стали, parent=806b383d-36d2-11ee-b5b0-005056013b0c, archive=false, dateOutputArchive=0001-01-01T00:00:00Z}, {guid=806b39d3-36d2-11ee-b5b0-005056013b0c, code=1, name=Прокат холоднокатаный из тонколистовой оцинкованной стали ГОСТ 19904-90, parent=806b3908-36d2-11ee-b5b0-005056013b0c, archive=false, dateOutputArchive=0001-01-01T00:00:00Z}, {guid=806b3a7a-36d2-11ee-b5b0-005056013b0c, code=15, name=Жесть, parent=806b383d-36d2-11ee-b5b0-005056013b0c, archive=false, dateOutputArchive=0001-01-01T00:00:00Z}, {guid=806b3b45-36d2-11ee-b5b0-005056013b0c, code=1, name=Жесть белая, parent=806b3a7a-36d2-11ee-b5b0-005056013b0c, archive=false, dateOutputArchive=0001-01-01T00:00:00Z}, {guid=806b3bec-36d2-11ee-b5b0-005056013b0c, code=99, name=Листы, временно используемые в производстве (доработка складских остатков), parent=806b2622-36d2-11ee-b5b0-005056013b0c, archive=false, dateOutputArchive=0001-01-01T00:00:00Z}, {guid=806b3ca6-36d2-11ee-b5b0-005056013b0c, code=9, name=Прокат черных металлов, parent=806b3c24-36d2-11ee-b5b0-005056013b0c, archive=false, dateOutputArchive=0001-01-01T00:00:00Z}, {guid=806b3d27-36d2-11ee-b5b0-005056013b0c, code=50, name=Прокат стальной горячекатаный, parent=806b3ca6-36d2-11ee-b5b0-005056013b0c, archive=false, dateOutputArchive=0001-01-01T00:00:00Z}, {guid=806b3da8-36d2-11ee-b5b0-005056013b0c, code=1, name=Прокат сортовой стальной горячекатаный квадратный ГОСТ 2591-2006, parent=806b3d27-36d2-11ee-b5b0-005056013b0c, archive=false, dateOutputArchive=0001-01-01T00:00:00Z}, {guid=806b3c24-36d2-11ee-b5b0-005056013b0c, code=2, name=Квадраты, parent=806b25a2-36d2-11ee-b5b0-005056013b0c, archive=false, dateOutputArchive=0001-01-01T00:00:00Z}, {guid=806b3e05-36d2-11ee-b5b0-005056013b0c, code=11, name=Изделия дальнейшего передела, parent=806b3c24-36d2-11ee-b5b0-005056013b0c, archive=false, dateOutputArchive=0001-01-01T00:00:00Z}, {guid=806b3e86-36d2-11ee-b5b0-005056013b0c, code=40, name=Прокат калиброванный, parent=806b3e05-36d2-11ee-b5b0-005056013b0c, archive=false, dateOutputArchive=0001-01-01T00:00:00Z}, {guid=806b3f07-36d2-11ee-b5b0-005056013b0c, code=1, name=Прокат калиброванный квадратный ГОСТ 8559-75, parent=806b3e86-36d2-11ee-b5b0-005056013b0c, archive=false, dateOutputArchive=0001-01-01T00:00:00Z}, {guid=806b3f64-36d2-11ee-b5b0-005056013b0c, code=99, name=Квадраты, временно используемые в производстве (доработка складских остатков), parent=806b3c24-36d2-11ee-b5b0-005056013b0c, archive=false, dateOutputArchive=0001-01-01T00:00:00Z}, {guid=806b3fc1-36d2-11ee-b5b0-005056013b0c, code=3, name=Шестигранники, parent=806b25a2-36d2-11ee-b5b0-005056013b0c, archive=false, dateOutputArchive=0001-01-01T00:00:00Z}, {guid=806b4043-36d2-11ee-b5b0-005056013b0c, code=9, name=Прокат черных металлов, parent=806b3fc1-36d2-11ee-b5b0-005056013b0c, archive=false, dateOutputArchive=0001-01-01T00:00:00Z}, {guid=806b40c4-36d2-11ee-b5b0-005056013b0c, code=50, name=Прокат стальной горячекатаный, parent=806b4043-36d2-11ee-b5b0-005056013b0c, archive=false, dateOutputArchive=0001-01-01T00:00:00Z}, {guid=806b4145-36d2-11ee-b5b0-005056013b0c, code=1, name=Прокат сортовой стальной горячекатаный шестигранный ГОСТ 2879-2006, parent=806b40c4-36d2-11ee-b5b0-005056013b0c, archive=false, dateOutputArchive=0001-01-01T00:00:00Z}, {guid=806b41a2-36d2-11ee-b5b0-005056013b0c, code=11, name=Изделия дальнейшего передела, parent=806b3fc1-36d2-11ee-b5b0-005056013b0c, archive=false, dateOutputArchive=0001-01-01T00:00:00Z}, {guid=806b4223-36d2-11ee-b5b0-005056013b0c, code=40, name=Прокат калиброванный, parent=806b41a2-36d2-11ee-b5b0-005056013b0c, archive=false, dateOutputArchive=0001-01-01T00:00:00Z}, {guid=806b42a4-36d2-11ee-b5b0-005056013b0c, code=1, name=Прокат калиброванный шестигранный ГОСТ 8560-78, parent=806b4223-36d2-11ee-b5b0-005056013b0c, archive=false, dateOutputArchive=0001-01-01T00:00:00Z}, {guid=806b4301-36d2-11ee-b5b0-005056013b0c, code=99, name=Шестигранники, временно используемые в производстве (доработка складских остатков), parent=806b3fc1-36d2-11ee-b5b0-005056013b0c, archive=false, dateOutputArchive=0001-01-01T00:00:00Z}, {guid=806b435e-36d2-11ee-b5b0-005056013b0c, code=4, name=Круги, parent=806b25a2-36d2-11ee-b5b0-005056013b0c, archive=false, dateOutputArchive=0001-01-01T00:00:00Z}, {guid=806b43ba-36d2-11ee-b5b0-005056013b0c, code=9, name=Прокат черных металлов, parent=806b435e-36d2-11ee-b5b0-005056013b0c, archive=false, dateOutputArchive=0001-01-01T00:00:00Z}, {guid=806b443c-36d2-11ee-b5b0-005056013b0c, code=30, name=Прокат стальной горячекатаный низколегированный, parent=806b43ba-36d2-11ee-b5b0-005056013b0c, archive=false, dateOutputArchive=0001-01-01T00:00:00Z}, {guid=806b44bd-36d2-11ee-b5b0-005056013b0c, code=1, name=Прокат сортовой стальной горячекатаный конструкционный низколегированный ГОСТ 2590-2006, parent=806b443c-36d2-11ee-b5b0-005056013b0c, archive=false, dateOutputArchive=0001-01-01T00:00:00Z}, {guid=806b451a-36d2-11ee-b5b0-005056013b0c, code=34, name=Прокат горячекатаный круглый обыкновенного качества, parent=806b43ba-36d2-11ee-b5b0-005056013b0c, archive=false, dateOutputArchive=0001-01-01T00:00:00Z}, {guid=806b459b-36d2-11ee-b5b0-005056013b0c, code=1, name=Прокат сортовой стальной горячекатаный круглый обыкновенного качества ГОСТ 2590-2006, parent=806b451a-36d2-11ee-b5b0-005056013b0c, archive=false, dateOutputArchive=0001-01-01T00:00:00Z}, {guid=806b45f8-36d2-11ee-b5b0-005056013b0c, code=50, name=Прокат стальной горячекатаный, parent=806b43ba-36d2-11ee-b5b0-005056013b0c, archive=false, dateOutputArchive=0001-01-01T00:00:00Z}, {guid=806b4679-36d2-11ee-b5b0-005056013b0c, code=1, name=Прокат сортовой стальной горячекатаный конструкционный углеродистый ГОСТ 2590-2006, parent=806b45f8-36d2-11ee-b5b0-005056013b0c, archive=false, dateOutputArchive=0001-01-01T00:00:00Z}, {guid=806b46d6-36d2-11ee-b5b0-005056013b0c, code=2, name=Прокат сортовой стальной горячекатаный конструкционный легированный ГОСТ 2590-2006, parent=806b45f8-36d2-11ee-b5b0-005056013b0c, archive=false, dateOutputArchive=0001-01-01T00:00:00Z}, {guid=806b4733-36d2-11ee-b5b0-005056013b0c, code=3, name=Прокат сортовой стальной горячекатаный конструкционной по ТУ 14-1-4566-89, parent=806b45f8-36d2-11ee-b5b0-005056013b0c, archive=false, dateOutputArchive=0001-01-01T00:00:00Z}, {guid=806b4790-36d2-11ee-b5b0-005056013b0c, code=4, name=Прокат круглый из рессорно-пружинной углеродистой и легированной стали ГОСТ 2590-2006, parent=806b45f8-36d2-11ee-b5b0-005056013b0c, archive=false, dateOutputArchive=0001-01-01T00:00:00Z}, {guid=806b47ed-36d2-11ee-b5b0-005056013b0c, code=51, name=Прокат для холодного выдавливания и высадки, parent=806b43ba-36d2-11ee-b5b0-005056013b0c, archive=false, dateOutputArchive=0001-01-01T00:00:00Z}, {guid=806b486e-36d2-11ee-b5b0-005056013b0c, code=1, name=Прокат качественный конструкционный углеродистый и легированный для холодного выдавливания и высадки ГОСТ 10702-78, parent=806b47ed-36d2-11ee-b5b0-005056013b0c, archive=false, dateOutputArchive=0001-01-01T00:00:00Z}, {guid=806b48cb-36d2-11ee-b5b0-005056013b0c, code=56, name=Прокат горячекатаный сортовой конструкционный подшипниковый, parent=806b43ba-36d2-11ee-b5b0-005056013b0c, archive=false, dateOutputArchive=0001-01-01T00:00:00Z}, {guid=806b494c-36d2-11ee-b5b0-005056013b0c, code=1, name=Прокат сортовой стальной горячекатаный конструкционный подшипниковый ГОСТ 2590-2006, parent=806b48cb-36d2-11ee-b5b0-005056013b0c, archive=false, dateOutputArchive=0001-01-01T00:00:00Z}, {guid=806b49a9-36d2-11ee-b5b0-005056013b0c, code=58, name=Прокат горячекатаный сортовой конструкционный никельсодержащий, parent=806b43ba-36d2-11ee-b5b0-005056013b0c, archive=false, dateOutputArchive=0001-01-01T00:00:00Z}, {guid=806b4a2a-36d2-11ee-b5b0-005056013b0c, code=1, name=Прокат сортовой стальной горячекатаный конструкционный по ТУ 14-1-1725-76, parent=806b49a9-36d2-11ee-b5b0-005056013b0c, archive=false, dateOutputArchive=0001-01-01T00:00:00Z}, {guid=806b4a87-36d2-11ee-b5b0-005056013b0c, code=61, name=Прокат горячекатаный сортовой инструментальный, parent=806b43ba-36d2-11ee-b5b0-005056013b0c, archive=false, dateOutputArchive=0001-01-01T00:00:00Z}, {guid=806b4b08-36d2-11ee-b5b0-005056013b0c, code=1, name=Прокат сортовой стальной горячекатаный инструментальный нелегированный ГОСТ 2590-2006, parent=806b4a87-36d2-11ee-b5b0-005056013b0c, archive=false, dateOutputArchive=0001-01-01T00:00:00Z}, {guid=806b4b65-36d2-11ee-b5b0-005056013b0c, code=63, name=Прокат горячекатаный сортовой конструкционный коррозионно-стойкий, жаропрочный, parent=806b43ba-36d2-11ee-b5b0-005056013b0c, archive=false, dateOutputArchive=0001-01-01T00:00:00Z}, {guid=806b4be6-36d2-11ee-b5b0-005056013b0c, code=1, name=Прокат сортовой стальной горячекатаный конструкционный коррозионностойкий, жаропрочный ГОСТ 2590-2006, parent=806b4b65-36d2-11ee-b5b0-005056013b0c, archive=false, dateOutputArchive=0001-01-01T00:00:00Z}, {guid=84f01c49-36d2-11ee-b5b0-005056013b0c, code=13, name=Трубы стальные, parent=84f01bed-36d2-11ee-b5b0-005056013b0c, archive=false, dateOutputArchive=0001-01-01T00:00:00Z}, {guid=806b4c43-36d2-11ee-b5b0-005056013b0c, code=66, name=Прокат сортовой из прецизионных сплавов с высоким электрическим сопротивлением, parent=806b43ba-36d2-11ee-b5b0-005056013b0c, archive=false, dateOutputArchive=0001-01-01T00:00:00Z}, {guid=84f014af-36d2-11ee-b5b0-005056013b0c, code=1, name=Прокат сортовой из прецизионных сплавов с высоким электрическим сопротивлением ГОСТ 12766.4-90, parent=806b4c43-36d2-11ee-b5b0-005056013b0c, archive=false, dateOutputArchive=0001-01-01T00:00:00Z}, {guid=84f0150c-36d2-11ee-b5b0-005056013b0c, code=70, name=Поковки, parent=806b43ba-36d2-11ee-b5b0-005056013b0c, archive=false, dateOutputArchive=0001-01-01T00:00:00Z}, {guid=84f0158d-36d2-11ee-b5b0-005056013b0c, code=1, name=Поковки, parent=84f0150c-36d2-11ee-b5b0-005056013b0c, archive=false, dateOutputArchive=0001-01-01T00:00:00Z}, {guid=84f015ea-36d2-11ee-b5b0-005056013b0c, code=11, name=Изделия дальнейшего передела, parent=806b435e-36d2-11ee-b5b0-005056013b0c, archive=false, dateOutputArchive=0001-01-01T00:00:00Z}, {guid=84f01646-36d2-11ee-b5b0-005056013b0c, code=40, name=Прокат калиброванный круглый, parent=84f015ea-36d2-11ee-b5b0-005056013b0c, archive=false, dateOutputArchive=0001-01-01T00:00:00Z}, {guid=84f016c7-36d2-11ee-b5b0-005056013b0c, code=1, name=Прокат калиброванный круглый углеродистый ГОСТ 7417-75, parent=84f01646-36d2-11ee-b5b0-005056013b0c, archive=false, dateOutputArchive=0001-01-01T00:00:00Z}, {guid=84f01724-36d2-11ee-b5b0-005056013b0c, code=2, name=Прокат калиброванный круглый легированный ГОСТ 7417-75, parent=84f01646-36d2-11ee-b5b0-005056013b0c, archive=false, dateOutputArchive=0001-01-01T00:00:00Z}, {guid=84f01781-36d2-11ee-b5b0-005056013b0c, code=3, name=Прокат калиброванный круглый коррозионно-стойкий, жаропрочный ГОСТ 7417-75, parent=84f01646-36d2-11ee-b5b0-005056013b0c, archive=false, dateOutputArchive=0001-01-01T00:00:00Z}, {guid=84f017de-36d2-11ee-b5b0-005056013b0c, code=4, name=Прокат калиброванный круглый из рессорно-пружинной углеродистой и легированной стали ГОСТ 7417-75, parent=84f01646-36d2-11ee-b5b0-005056013b0c, archive=false, dateOutputArchive=0001-01-01T00:00:00Z}, {guid=84f0183b-36d2-11ee-b5b0-005056013b0c, code=5, name=Сталь качественная круглая со специальной отделкой поверхности ГОСТ 14955-77, parent=84f01646-36d2-11ee-b5b0-005056013b0c, archive=false, dateOutputArchive=0001-01-01T00:00:00Z}, {guid=84f01898-36d2-11ee-b5b0-005056013b0c, code=6, name=Прокат калиброванный для холодной высадки, parent=84f01646-36d2-11ee-b5b0-005056013b0c, archive=false, dateOutputArchive=0001-01-01T00:00:00Z}, {guid=84f018f5-36d2-11ee-b5b0-005056013b0c, code=7, name=Шток хромированный, parent=84f01646-36d2-11ee-b5b0-005056013b0c, archive=false, dateOutputArchive=0001-01-01T00:00:00Z}, {guid=84f01952-36d2-11ee-b5b0-005056013b0c, code=8, name=Прокат сортовой холоднотянутый подшипниковый ГОСТ 7417-75, parent=84f01646-36d2-11ee-b5b0-005056013b0c, archive=false, dateOutputArchive=0001-01-01T00:00:00Z}, {guid=84f019af-36d2-11ee-b5b0-005056013b0c, code=50, name=Прокат термически обработанный шлифованный, parent=84f015ea-36d2-11ee-b5b0-005056013b0c, archive=false, dateOutputArchive=0001-01-01T00:00:00Z}, {guid=84f01a30-36d2-11ee-b5b0-005056013b0c, code=1, name=Прутки нагартованные, термически обработанные шлифованные из высоколегированной и коррозионностойкой стали ГОСТ 18907-73, parent=84f019af-36d2-11ee-b5b0-005056013b0c, archive=false, dateOutputArchive=0001-01-01T00:00:00Z}, {guid=84f01a8d-36d2-11ee-b5b0-005056013b0c, code=60, name=Прокат высокой точности, parent=84f015ea-36d2-11ee-b5b0-005056013b0c, archive=false, dateOutputArchive=0001-01-01T00:00:00Z}, {guid=84f01b33-36d2-11ee-b5b0-005056013b0c, code=1, name=Сталь чистотянутая для шпонок ГОСТ 8787-68, parent=84f01a8d-36d2-11ee-b5b0-005056013b0c, archive=false, dateOutputArchive=0001-01-01T00:00:00Z}, {guid=84f01bb5-36d2-11ee-b5b0-005056013b0c, code=99, name=Круги, временно используемые в производстве (доработка складских остатков), parent=806b435e-36d2-11ee-b5b0-005056013b0c, archive=false, dateOutputArchive=0001-01-01T00:00:00Z}, {guid=84f01bed-36d2-11ee-b5b0-005056013b0c, code=5, name=Трубы, parent=806b25a2-36d2-11ee-b5b0-005056013b0c, archive=false, dateOutputArchive=0001-01-01T00:00:00Z}, {guid=84f01ca5-36d2-11ee-b5b0-005056013b0c, code=14, name=Трубы подшипниковые, parent=84f01c49-36d2-11ee-b5b0-005056013b0c, archive=false, dateOutputArchive=0001-01-01T00:00:00Z}, {guid=84f01d4d-36d2-11ee-b5b0-005056013b0c, code=1, name=Трубы подшипниковые ГОСТ 800-78, parent=84f01ca5-36d2-11ee-b5b0-005056013b0c, archive=false, dateOutputArchive=0001-01-01T00:00:00Z}, {guid=84f01dcf-36d2-11ee-b5b0-005056013b0c, code=19, name=Трубы катаные, parent=84f01c49-36d2-11ee-b5b0-005056013b0c, archive=false, dateOutputArchive=0001-01-01T00:00:00Z}, {guid=84f01e2b-36d2-11ee-b5b0-005056013b0c, code=1, name=Трубы стальные бесшовные горячедеформированные ГОСТ 8732-78, parent=84f01dcf-36d2-11ee-b5b0-005056013b0c, archive=false, dateOutputArchive=0001-01-01T00:00:00Z}, {guid=84f01ead-36d2-11ee-b5b0-005056013b0c, code=2, name=Трубы горячекатаные ТС 257-07, parent=84f01dcf-36d2-11ee-b5b0-005056013b0c, archive=false, dateOutputArchive=0001-01-01T00:00:00Z}, {guid=84f01f30-36d2-11ee-b5b0-005056013b0c, code=3, name=Трубы горячекатаные ТС 77-02, parent=84f01dcf-36d2-11ee-b5b0-005056013b0c, archive=false, dateOutputArchive=0001-01-01T00:00:00Z}, {guid=8c5aea59-36d2-11ee-b5b0-005056013b0c, code=1, name=Профиль ножа, parent=8c5ae9fd-36d2-11ee-b5b0-005056013b0c, archive=false, dateOutputArchive=0001-01-01T00:00:00Z}, {guid=84f01fb2-36d2-11ee-b5b0-005056013b0c, code=4, name=Трубы стальные бесшовные горячекатаные толстостенные из литого слитка ТУ 14-3Р-50-2001, parent=84f01dcf-36d2-11ee-b5b0-005056013b0c, archive=false, dateOutputArchive=0001-01-01T00:00:00Z}, {guid=84f02034-36d2-11ee-b5b0-005056013b0c, code=5, name=Трубы стальные бесшовные горячедеформированные для нефтегазопроводов ТУ 14-3Р-44-2001, parent=84f01dcf-36d2-11ee-b5b0-005056013b0c, archive=false, dateOutputArchive=0001-01-01T00:00:00Z}, {guid=84f020b6-36d2-11ee-b5b0-005056013b0c, code=6, name=Трубы бесшовные горячедеформированные из коррозионностойкой стали ГОСТ 9940-81, parent=84f01dcf-36d2-11ee-b5b0-005056013b0c, archive=false, dateOutputArchive=0001-01-01T00:00:00Z}, {guid=84f02138-36d2-11ee-b5b0-005056013b0c, code=40, name=Трубы тянутые, parent=84f01c49-36d2-11ee-b5b0-005056013b0c, archive=false, dateOutputArchive=0001-01-01T00:00:00Z}, {guid=84f02194-36d2-11ee-b5b0-005056013b0c, code=1, name=Трубы стальные бесшовные холоднодеформированные ГОСТ 8734-75, parent=84f02138-36d2-11ee-b5b0-005056013b0c, archive=false, dateOutputArchive=0001-01-01T00:00:00Z}, {guid=86635496-36d2-11ee-b5b0-005056013b0c, code=2, name=Трубы стальные электросварные прямошовные ГОСТ 10704-91, parent=84f02138-36d2-11ee-b5b0-005056013b0c, archive=false, dateOutputArchive=0001-01-01T00:00:00Z}, {guid=86635518-36d2-11ee-b5b0-005056013b0c, code=3, name=Трубы стальные электросварные холоднодеформированные для карданных валов ГОСТ 5005-82, parent=84f02138-36d2-11ee-b5b0-005056013b0c, archive=false, dateOutputArchive=0001-01-01T00:00:00Z}, {guid=8663559a-36d2-11ee-b5b0-005056013b0c, code=4, name=Трубы холоднодеформированные ТУ 14-3-575-90, ПР890-2002, parent=84f02138-36d2-11ee-b5b0-005056013b0c, archive=false, dateOutputArchive=0001-01-01T00:00:00Z}, {guid=8663561c-36d2-11ee-b5b0-005056013b0c, code=5, name=Трубы стальные бесшовные высокого давления ГОСТ 11017-80, parent=84f02138-36d2-11ee-b5b0-005056013b0c, archive=false, dateOutputArchive=0001-01-01T00:00:00Z}, {guid=8663569e-36d2-11ee-b5b0-005056013b0c, code=6, name=Трубы стальные бесшовные холоднодеформируемые производства фирмы ШТАУФФ, parent=84f02138-36d2-11ee-b5b0-005056013b0c, archive=false, dateOutputArchive=0001-01-01T00:00:00Z}, {guid=86635720-36d2-11ee-b5b0-005056013b0c, code=44, name=Трубы тянутые прецизионные, прямоугольные, квадратные, parent=84f01c49-36d2-11ee-b5b0-005056013b0c, archive=false, dateOutputArchive=0001-01-01T00:00:00Z}, {guid=8663577c-36d2-11ee-b5b0-005056013b0c, code=1, name=Трубы стальные прецизионные ГОСТ 9567-75, parent=86635720-36d2-11ee-b5b0-005056013b0c, archive=false, dateOutputArchive=0001-01-01T00:00:00Z}, {guid=866357fe-36d2-11ee-b5b0-005056013b0c, code=2, name=Трубы стальные прямоугольные ГОСТ 8645-68, parent=86635720-36d2-11ee-b5b0-005056013b0c, archive=false, dateOutputArchive=0001-01-01T00:00:00Z}, {guid=866358a7-36d2-11ee-b5b0-005056013b0c, code=3, name=Трубы стальные квадратные ГОСТ 8639-82, parent=86635720-36d2-11ee-b5b0-005056013b0c, archive=false, dateOutputArchive=0001-01-01T00:00:00Z}, {guid=86636371-36d2-11ee-b5b0-005056013b0c, code=99, name=Полосы, временно используемые в производстве (доработка складских остатков), parent=86635f07-36d2-11ee-b5b0-005056013b0c, archive=false, dateOutputArchive=0001-01-01T00:00:00Z}, {guid=86635929-36d2-11ee-b5b0-005056013b0c, code=4, name=Профили стальные гнутые замкнутые сварные квадратные и прямоугольные для строительных конструкций, parent=86635720-36d2-11ee-b5b0-005056013b0c, archive=false, dateOutputArchive=0001-01-01T00:00:00Z}, {guid=866359d0-36d2-11ee-b5b0-005056013b0c, code=5, name=Трубы стальные электросварные прямоугольного и квадратного сечения ТУ 14-3-462-76, parent=86635720-36d2-11ee-b5b0-005056013b0c, archive=false, dateOutputArchive=0001-01-01T00:00:00Z}, {guid=86635a77-36d2-11ee-b5b0-005056013b0c, code=6, name=Профили стальные гнутые замкнутые сварные квадратные и прямоугольные ГОСТ 25577-83, parent=86635720-36d2-11ee-b5b0-005056013b0c, archive=false, dateOutputArchive=0001-01-01T00:00:00Z}, {guid=86635b1e-36d2-11ee-b5b0-005056013b0c, code=51, name=Трубы тонкостенные углерод, parent=84f01c49-36d2-11ee-b5b0-005056013b0c, archive=false, dateOutputArchive=0001-01-01T00:00:00Z}, {guid=86635bc4-36d2-11ee-b5b0-005056013b0c, code=1, name=Трубы стальные бесшовные холоднодеформированные для судостроения ГОСТ 1060-83, parent=86635b1e-36d2-11ee-b5b0-005056013b0c, archive=false, dateOutputArchive=0001-01-01T00:00:00Z}, {guid=86635c46-36d2-11ee-b5b0-005056013b0c, code=60, name=Трубы тонкостенные нерж, parent=84f01c49-36d2-11ee-b5b0-005056013b0c, archive=false, dateOutputArchive=0001-01-01T00:00:00Z}, {guid=86635cec-36d2-11ee-b5b0-005056013b0c, code=1, name=Трубы бесшовные холодно и теплодеформированные из коррозионной стали ГОСТ 9941-81, parent=86635c46-36d2-11ee-b5b0-005056013b0c, archive=false, dateOutputArchive=0001-01-01T00:00:00Z}, {guid=86635d6e-36d2-11ee-b5b0-005056013b0c, code=2, name=Трубы стальные бесшовные для маслопроводов и топливопроводов ГОСТ 19277-73, parent=86635c46-36d2-11ee-b5b0-005056013b0c, archive=false, dateOutputArchive=0001-01-01T00:00:00Z}, {guid=86635df0-36d2-11ee-b5b0-005056013b0c, code=85, name=Трубы стальные водогазопроводные, parent=84f01c49-36d2-11ee-b5b0-005056013b0c, archive=false, dateOutputArchive=0001-01-01T00:00:00Z}, {guid=86635e4c-36d2-11ee-b5b0-005056013b0c, code=1, name=Трубы стальные водогазопроводные ГОСТ 3262-75, parent=86635df0-36d2-11ee-b5b0-005056013b0c, archive=false, dateOutputArchive=0001-01-01T00:00:00Z}, {guid=86635f07-36d2-11ee-b5b0-005056013b0c, code=6, name=Полоса, parent=806b25a2-36d2-11ee-b5b0-005056013b0c, archive=false, dateOutputArchive=0001-01-01T00:00:00Z}, {guid=86635f63-36d2-11ee-b5b0-005056013b0c, code=9, name=Прокат черных металлов, parent=86635f07-36d2-11ee-b5b0-005056013b0c, archive=false, dateOutputArchive=0001-01-01T00:00:00Z}, {guid=86635fbf-36d2-11ee-b5b0-005056013b0c, code=50, name=Полоса стальная, parent=86635f63-36d2-11ee-b5b0-005056013b0c, archive=false, dateOutputArchive=0001-01-01T00:00:00Z}, {guid=86636065-36d2-11ee-b5b0-005056013b0c, code=1, name=Прокат сортовой стальной горячекатаный полосовой ГОСТ 103-2006, parent=86635fbf-36d2-11ee-b5b0-005056013b0c, archive=false, dateOutputArchive=0001-01-01T00:00:00Z}, {guid=866360e7-36d2-11ee-b5b0-005056013b0c, code=2, name=Профили стальные холоднодеформированные высокой точности ТУ 14-11-245-88, parent=86635fbf-36d2-11ee-b5b0-005056013b0c, archive=false, dateOutputArchive=0001-01-01T00:00:00Z}, {guid=86636169-36d2-11ee-b5b0-005056013b0c, code=3, name=Прокат сортовой стальной горячекатаный полосовой рессорно-пружинный ГОСТ 7419-90, parent=86635fbf-36d2-11ee-b5b0-005056013b0c, archive=false, dateOutputArchive=0001-01-01T00:00:00Z}, {guid=866361eb-36d2-11ee-b5b0-005056013b0c, code=4, name=Прокат сортовой стальной горячекатаный полосовой ТУ 14-1-5240-93, parent=86635fbf-36d2-11ee-b5b0-005056013b0c, archive=false, dateOutputArchive=0001-01-01T00:00:00Z}, {guid=8663626d-36d2-11ee-b5b0-005056013b0c, code=5, name=Прокат широкополосный универсальный ГОСТ 82-70, parent=86635fbf-36d2-11ee-b5b0-005056013b0c, archive=false, dateOutputArchive=0001-01-01T00:00:00Z}, {guid=866362ef-36d2-11ee-b5b0-005056013b0c, code=6, name=Прокат листовой и полосовой термообработанный повышенного качества ТУ 14-1-4632-93, parent=86635fbf-36d2-11ee-b5b0-005056013b0c, archive=false, dateOutputArchive=0001-01-01T00:00:00Z}, {guid=866363a9-36d2-11ee-b5b0-005056013b0c, code=7, name=Уголки, parent=806b25a2-36d2-11ee-b5b0-005056013b0c, archive=false, dateOutputArchive=0001-01-01T00:00:00Z}, {guid=86636405-36d2-11ee-b5b0-005056013b0c, code=9, name=Прокат черных металлов, parent=866363a9-36d2-11ee-b5b0-005056013b0c, archive=false, dateOutputArchive=0001-01-01T00:00:00Z}, {guid=86636461-36d2-11ee-b5b0-005056013b0c, code=30, name=Уголки стальные, parent=86636405-36d2-11ee-b5b0-005056013b0c, archive=false, dateOutputArchive=0001-01-01T00:00:00Z}, {guid=86636509-36d2-11ee-b5b0-005056013b0c, code=1, name=Уголки стальные горячекатанные равнополочные ГОСТ 8509-93, parent=86636461-36d2-11ee-b5b0-005056013b0c, archive=false, dateOutputArchive=0001-01-01T00:00:00Z}, {guid=8c5aeadb-36d2-11ee-b5b0-005056013b0c, code=2, name=Полоса башмачная для тракторов, parent=8c5ae9fd-36d2-11ee-b5b0-005056013b0c, archive=false, dateOutputArchive=0001-01-01T00:00:00Z}, {guid=866365b1-36d2-11ee-b5b0-005056013b0c, code=2, name=Уголки стальные горячекатанные неравнополочные ГОСТ 8510-86, parent=86636461-36d2-11ee-b5b0-005056013b0c, archive=false, dateOutputArchive=0001-01-01T00:00:00Z}, {guid=86636659-36d2-11ee-b5b0-005056013b0c, code=8, name=Ленты, parent=806b25a2-36d2-11ee-b5b0-005056013b0c, archive=false, dateOutputArchive=0001-01-01T00:00:00Z}, {guid=866366ff-36d2-11ee-b5b0-005056013b0c, code=9, name=Прокат черных металлов, parent=86636659-36d2-11ee-b5b0-005056013b0c, archive=false, dateOutputArchive=0001-01-01T00:00:00Z}, {guid=866367a5-36d2-11ee-b5b0-005056013b0c, code=35, name=Лента стальная горячекатаная, parent=866366ff-36d2-11ee-b5b0-005056013b0c, archive=false, dateOutputArchive=0001-01-01T00:00:00Z}, {guid=8663684b-36d2-11ee-b5b0-005056013b0c, code=1, name=Лента стальная горячекатаная ГОСТ 6009-74, parent=866367a5-36d2-11ee-b5b0-005056013b0c, archive=false, dateOutputArchive=0001-01-01T00:00:00Z}, {guid=866368cd-36d2-11ee-b5b0-005056013b0c, code=12, name=Метизы, parent=86636659-36d2-11ee-b5b0-005056013b0c, archive=false, dateOutputArchive=0001-01-01T00:00:00Z}, {guid=86636973-36d2-11ee-b5b0-005056013b0c, code=30, name=Лента холоднокатаная, parent=866368cd-36d2-11ee-b5b0-005056013b0c, archive=false, dateOutputArchive=0001-01-01T00:00:00Z}, {guid=8c5aeeb4-36d2-11ee-b5b0-005056013b0c, code=9, name=Прокат черных металлов, parent=8c5aee58-36d2-11ee-b5b0-005056013b0c, archive=false, dateOutputArchive=0001-01-01T00:00:00Z}, {guid=86636a19-36d2-11ee-b5b0-005056013b0c, code=1, name=Лента холоднокатаная из низкоуглеродистой стали ГОСТ 503-81, parent=86636973-36d2-11ee-b5b0-005056013b0c, archive=false, dateOutputArchive=0001-01-01T00:00:00Z}, {guid=86636a9b-36d2-11ee-b5b0-005056013b0c, code=2, name=Лента холоднокатаная из инструментальной и пружинной стали ГОСТ 2283-79, parent=86636973-36d2-11ee-b5b0-005056013b0c, archive=false, dateOutputArchive=0001-01-01T00:00:00Z}, {guid=86636b1d-36d2-11ee-b5b0-005056013b0c, code=3, name=Лента холоднокатаная термообработанная ГОСТ 21996-76, parent=86636973-36d2-11ee-b5b0-005056013b0c, archive=false, dateOutputArchive=0001-01-01T00:00:00Z}, {guid=86636b9f-36d2-11ee-b5b0-005056013b0c, code=4, name=Лента стальная упаковочная ГОСТ 3560-73, parent=86636973-36d2-11ee-b5b0-005056013b0c, archive=false, dateOutputArchive=0001-01-01T00:00:00Z}, {guid=86636c21-36d2-11ee-b5b0-005056013b0c, code=5, name=Лента холоднокатаная повышенной точности ГОСТ 19851-74, parent=86636973-36d2-11ee-b5b0-005056013b0c, archive=false, dateOutputArchive=0001-01-01T00:00:00Z}, {guid=86636ca3-36d2-11ee-b5b0-005056013b0c, code=6, name=Лента холоднокатаная ТУ 14-550-6-94, parent=86636973-36d2-11ee-b5b0-005056013b0c, archive=false, dateOutputArchive=0001-01-01T00:00:00Z}, {guid=86636d25-36d2-11ee-b5b0-005056013b0c, code=7, name=Лента холоднокатаная ТУ 14-1-258-72, parent=86636973-36d2-11ee-b5b0-005056013b0c, archive=false, dateOutputArchive=0001-01-01T00:00:00Z}, {guid=86636da7-36d2-11ee-b5b0-005056013b0c, code=8, name=Лента холоднокатаная из углеродистой конструкционной стали ГОСТ 2284-79, parent=86636973-36d2-11ee-b5b0-005056013b0c, archive=false, dateOutputArchive=0001-01-01T00:00:00Z}, {guid=86636e29-36d2-11ee-b5b0-005056013b0c, code=33, name=Лента холоднокатаная нерж, parent=866368cd-36d2-11ee-b5b0-005056013b0c, archive=false, dateOutputArchive=0001-01-01T00:00:00Z}, {guid=86636ecf-36d2-11ee-b5b0-005056013b0c, code=1, name=Лента холоднокатаная из коррозионно-стойкой и жаростойкой стали ГОСТ 4986-79, parent=86636e29-36d2-11ee-b5b0-005056013b0c, archive=false, dateOutputArchive=0001-01-01T00:00:00Z}, {guid=86636f51-36d2-11ee-b5b0-005056013b0c, code=35, name=Лента из сплавов высокого омического сопротивления, parent=866368cd-36d2-11ee-b5b0-005056013b0c, archive=false, dateOutputArchive=0001-01-01T00:00:00Z}, {guid=86636ff7-36d2-11ee-b5b0-005056013b0c, code=1, name=Лента из прецизионных сплавов с высоким электрическим сопротивлением ГОСТ 12766.2-90, parent=86636f51-36d2-11ee-b5b0-005056013b0c, archive=false, dateOutputArchive=0001-01-01T00:00:00Z}, {guid=86637079-36d2-11ee-b5b0-005056013b0c, code=61, name=Лента холоднокатаная из термобиметаллов, parent=866368cd-36d2-11ee-b5b0-005056013b0c, archive=false, dateOutputArchive=0001-01-01T00:00:00Z}, {guid=8663711f-36d2-11ee-b5b0-005056013b0c, code=1, name=Лента холоднокатаная из термобиметаллов ГОСТ 10533-86, parent=86637079-36d2-11ee-b5b0-005056013b0c, archive=false, dateOutputArchive=0001-01-01T00:00:00Z}, {guid=866371a1-36d2-11ee-b5b0-005056013b0c, code=99, name=Ленты, временно используемые в производстве (доработка складских остатков), parent=86636659-36d2-11ee-b5b0-005056013b0c, archive=false, dateOutputArchive=0001-01-01T00:00:00Z}, {guid=86637223-36d2-11ee-b5b0-005056013b0c, code=9, name=Швеллеры, parent=806b25a2-36d2-11ee-b5b0-005056013b0c, archive=false, dateOutputArchive=0001-01-01T00:00:00Z}, {guid=8663727f-36d2-11ee-b5b0-005056013b0c, code=9, name=Прокат черных металлов, parent=86637223-36d2-11ee-b5b0-005056013b0c, archive=false, dateOutputArchive=0001-01-01T00:00:00Z}, {guid=866372db-36d2-11ee-b5b0-005056013b0c, code=25, name=Швеллеры, parent=8663727f-36d2-11ee-b5b0-005056013b0c, archive=false, dateOutputArchive=0001-01-01T00:00:00Z}, {guid=86637337-36d2-11ee-b5b0-005056013b0c, code=1, name=Швеллеры стальные горячекатаные ГОСТ 8240-97, parent=866372db-36d2-11ee-b5b0-005056013b0c, archive=false, dateOutputArchive=0001-01-01T00:00:00Z}, {guid=866373bb-36d2-11ee-b5b0-005056013b0c, code=2, name=Двутавры стальные горячекатанные ГОСТ 8239-89, parent=866372db-36d2-11ee-b5b0-005056013b0c, archive=false, dateOutputArchive=0001-01-01T00:00:00Z}, {guid=8663743d-36d2-11ee-b5b0-005056013b0c, code=3, name=Швеллеры стальные гнутые равнополочные ГОСТ 8278-83, parent=866372db-36d2-11ee-b5b0-005056013b0c, archive=false, dateOutputArchive=0001-01-01T00:00:00Z}, {guid=866374e5-36d2-11ee-b5b0-005056013b0c, code=4, name=Швеллеры стальные гнутые неравнополочные ГОСТ 8281-80, parent=866372db-36d2-11ee-b5b0-005056013b0c, archive=false, dateOutputArchive=0001-01-01T00:00:00Z}, {guid=8663758c-36d2-11ee-b5b0-005056013b0c, code=5, name=Балки двутавровые и швеллеры стальные специальные ГОСТ 19425-74, parent=866372db-36d2-11ee-b5b0-005056013b0c, archive=false, dateOutputArchive=0001-01-01T00:00:00Z}, {guid=8663766a-36d2-11ee-b5b0-005056013b0c, code=12, name=Метизы, parent=8663760e-36d2-11ee-b5b0-005056013b0c, archive=false, dateOutputArchive=0001-01-01T00:00:00Z}, {guid=866376c6-36d2-11ee-b5b0-005056013b0c, code=50, name=Канаты, parent=8663766a-36d2-11ee-b5b0-005056013b0c, archive=false, dateOutputArchive=0001-01-01T00:00:00Z}, {guid=86637747-36d2-11ee-b5b0-005056013b0c, code=1, name=Канат одинарной свивки ТК конструкции 1х19(1+6+12) ГОСТ 3063-80, parent=866376c6-36d2-11ee-b5b0-005056013b0c, archive=false, dateOutputArchive=0001-01-01T00:00:00Z}, {guid=866377a4-36d2-11ee-b5b0-005056013b0c, code=2, name=Канат двойной свивки типа конструкции 6х37(1+6+12+18)+1 о.с. ГОСТ 3071-88, parent=866376c6-36d2-11ee-b5b0-005056013b0c, archive=false, dateOutputArchive=0001-01-01T00:00:00Z}, {guid=86637801-36d2-11ee-b5b0-005056013b0c, code=3, name=Канат двойной свивки типа ЛК-РО конструкции 6х36(1+7+7/7+14)+7х7(1+6) ГОСТ 7669-80, parent=866376c6-36d2-11ee-b5b0-005056013b0c, archive=false, dateOutputArchive=0001-01-01T00:00:00Z}, {guid=8663785e-36d2-11ee-b5b0-005056013b0c, code=4, name=Канат двойной свивки типа ЛК-РО конструкции 6х36(1+7+7/7+14)+ 1 о.с. ГОСТ 7668-80, parent=866376c6-36d2-11ee-b5b0-005056013b0c, archive=false, dateOutputArchive=0001-01-01T00:00:00Z}, {guid=866378bb-36d2-11ee-b5b0-005056013b0c, code=5, name=Канаты стальные авиационные ГОСТ 3241-80, parent=866376c6-36d2-11ee-b5b0-005056013b0c, archive=false, dateOutputArchive=0001-01-01T00:00:00Z}, {guid=86637918-36d2-11ee-b5b0-005056013b0c, code=6, name=Канат стальной ТУ 14-4-412-73, parent=866376c6-36d2-11ee-b5b0-005056013b0c, archive=false, dateOutputArchive=0001-01-01T00:00:00Z}, {guid=86637975-36d2-11ee-b5b0-005056013b0c, code=7, name=Канат стальной двойной свивки типа ТК конструкции 6х19(1+6+12)+1о.с. ГОСТ 3070-80, parent=866376c6-36d2-11ee-b5b0-005056013b0c, archive=false, dateOutputArchive=0001-01-01T00:00:00Z}, {guid=866379d2-36d2-11ee-b5b0-005056013b0c, code=8, name=Канат стальной двойной свивки типа ТК конструкции 6х19(1+6+12)+1х19(1+6+12) ГОСТ 3067-88, parent=866376c6-36d2-11ee-b5b0-005056013b0c, archive=false, dateOutputArchive=0001-01-01T00:00:00Z}, {guid=86637a2f-36d2-11ee-b5b0-005056013b0c, code=9, name=Канат двойной свивки типа ЛК-О конструкции 6х7(1+6)+1х7(1+6) ГОСТ 3066-80, parent=866376c6-36d2-11ee-b5b0-005056013b0c, archive=false, dateOutputArchive=0001-01-01T00:00:00Z}, {guid=86637ae9-36d2-11ee-b5b0-005056013b0c, code=11, name=Канат двойной свивки типа ЛК-Р конструкции 6х19(1+6+6/6)+1о.с. ГОСТ2688-80, parent=866376c6-36d2-11ee-b5b0-005056013b0c, archive=false, dateOutputArchive=0001-01-01T00:00:00Z}, {guid=86637b46-36d2-11ee-b5b0-005056013b0c, code=12, name=Канат двойной свивки типа ЛК-О конструкции 6х19(1+9+9)+1о.с.ГОСТ3077-80, parent=866376c6-36d2-11ee-b5b0-005056013b0c, archive=false, dateOutputArchive=0001-01-01T00:00:00Z}, {guid=8acaf7ed-36d2-11ee-b5b0-005056013b0c, code=13, name=Канат двойной свивки типа ЛК-3 конструкции 6х25 (1+6; 6+12)+1о.с ГОСТ 7665-80, parent=866376c6-36d2-11ee-b5b0-005056013b0c, archive=false, dateOutputArchive=0001-01-01T00:00:00Z}, {guid=8acaf84a-36d2-11ee-b5b0-005056013b0c, code=14, name=Канат одинарной свивки типа ЛК-О конструкции 1х7(1+6) ГОСТ 3062-80, parent=866376c6-36d2-11ee-b5b0-005056013b0c, archive=false, dateOutputArchive=0001-01-01T00:00:00Z}, {guid=8acaf8a7-36d2-11ee-b5b0-005056013b0c, code=15, name=Канат двойной свивки типа ТЛК-О конструкции 6х37(1+6+15+15)+1 о.с. ГОСТ 3079-80, parent=866376c6-36d2-11ee-b5b0-005056013b0c, archive=false, dateOutputArchive=0001-01-01T00:00:00Z}, {guid=8acaf904-36d2-11ee-b5b0-005056013b0c, code=16, name=Канат двойной свивки типа ЛК-Р конструкции 6х19(1+6+6/6)+7х7(1+6) ГОСТ 14954-80, parent=866376c6-36d2-11ee-b5b0-005056013b0c, archive=false, dateOutputArchive=0001-01-01T00:00:00Z}, {guid=8acaf961-36d2-11ee-b5b0-005056013b0c, code=99, name=Канаты, временно используемые в производстве (доработка складских остатков), parent=8663760e-36d2-11ee-b5b0-005056013b0c, archive=false, dateOutputArchive=0001-01-01T00:00:00Z}, {guid=8acaf999-36d2-11ee-b5b0-005056013b0c, code=11, name=Проволока, parent=806b25a2-36d2-11ee-b5b0-005056013b0c, archive=false, dateOutputArchive=0001-01-01T00:00:00Z}, {guid=8acaf9f5-36d2-11ee-b5b0-005056013b0c, code=12, name=Метизы, parent=8acaf999-36d2-11ee-b5b0-005056013b0c, archive=false, dateOutputArchive=0001-01-01T00:00:00Z}, {guid=8acafa51-36d2-11ee-b5b0-005056013b0c, code=10, name=Проволока обыкновенного качества, parent=8acaf9f5-36d2-11ee-b5b0-005056013b0c, archive=false, dateOutputArchive=0001-01-01T00:00:00Z}, {guid=8acafad2-36d2-11ee-b5b0-005056013b0c, code=1, name=Проволока низкоуглеродистая качественная ГОСТ 792-67, parent=8acafa51-36d2-11ee-b5b0-005056013b0c, archive=false, dateOutputArchive=0001-01-01T00:00:00Z}, {guid=8acafb2f-36d2-11ee-b5b0-005056013b0c, code=2, name=Проволока стальная низкоуглеродистая общего назначения ГОСТ 3282-74, parent=8acafa51-36d2-11ee-b5b0-005056013b0c, archive=false, dateOutputArchive=0001-01-01T00:00:00Z}, {guid=8acafb8c-36d2-11ee-b5b0-005056013b0c, code=20, name=Проволока из углеродистых и легированных марок сталей, parent=8acaf9f5-36d2-11ee-b5b0-005056013b0c, archive=false, dateOutputArchive=0001-01-01T00:00:00Z}, {guid=8acafc45-36d2-11ee-b5b0-005056013b0c, code=2, name=Проволока стальная углеродистая пружинная ГОСТ 9389-75, parent=8acafb8c-36d2-11ee-b5b0-005056013b0c, archive=false, dateOutputArchive=0001-01-01T00:00:00Z}, {guid=8acafca2-36d2-11ee-b5b0-005056013b0c, code=3, name=Проволока стальная легированная пружинная ГОСТ 14963-78, parent=8acafb8c-36d2-11ee-b5b0-005056013b0c, archive=false, dateOutputArchive=0001-01-01T00:00:00Z}, {guid=8acafcff-36d2-11ee-b5b0-005056013b0c, code=4, name=Проволока стальная для пружинных шайб ГОСТ 11850-72, parent=8acafb8c-36d2-11ee-b5b0-005056013b0c, archive=false, dateOutputArchive=0001-01-01T00:00:00Z}, {guid=86637a8c-36d2-11ee-b5b0-005056013b0c, code=10, name=Канат двойной свивки многопрядный типа ЛК-Р конструкции 18х19(1+6+6/6)+1о.с. ГОСТ 3088-80, parent=866376c6-36d2-11ee-b5b0-005056013b0c, archive=false, dateOutputArchive=0001-01-01T00:00:00Z}, {guid=8acafbe8-36d2-11ee-b5b0-005056013b0c, code=1, name=Проволока из углеродистой конструкционной стали ГОСТ 17305-91, parent=8acafb8c-36d2-11ee-b5b0-005056013b0c, archive=false, dateOutputArchive=0001-01-01T00:00:00Z}, {guid=8acafd6f-36d2-11ee-b5b0-005056013b0c, code=5, name=Проволока стальная углеродистая для холодной высадки и выдавливания, parent=8acafb8c-36d2-11ee-b5b0-005056013b0c, archive=false, dateOutputArchive=0001-01-01T00:00:00Z}, {guid=8acafdcc-36d2-11ee-b5b0-005056013b0c, code=22, name=Проволока из нержавеющей стали, parent=8acaf9f5-36d2-11ee-b5b0-005056013b0c, archive=false, dateOutputArchive=0001-01-01T00:00:00Z}]&#10;" type="java.lang.AssertionError">java.lang.AssertionError: 
1 expectation failed.
Response body doesn't match expectation.
Expected: The content to match the given JSON schema.
error: instance type (integer) does not match any allowed primitive type (allowed: ["string"])
    level: "error"
    schema: {"loadingURI":"file:/C:/Users/Sasha/Api/target/test-classes/getEopList.json#","pointer":"/items/properties/code"}
    instance: {"pointer":"/0/code"}
    domain: "validation"
    keyword: "type"
    found: "integer"
    expected: ["string"]

  Actual: [{guid=806b27a5-36d2-11ee-b5b0-005056013b0c, code=1, name=Прокат толстолистовой горячекатаный из стали повышенной прочности ГОСТ 19903-74, parent=806b26da-36d2-11ee-b5b0-005056013b0c, archive=false, dateOutputArchive=0001-01-01T00:00:00Z}, {guid=806b284d-36d2-11ee-b5b0-005056013b0c, code=2, name=Листы просечно-вытяжные, parent=806b26da-36d2-11ee-b5b0-005056013b0c, archive=false, dateOutputArchive=0001-01-01T00:00:00Z}, {guid=806b28f5-36d2-11ee-b5b0-005056013b0c, code=3, name=Прокат листовой горячекатаный из высококачественной стали повышенной прочности (Швеция), parent=806b26da-36d2-11ee-b5b0-005056013b0c, archive=false, dateOutputArchive=0001-01-01T00:00:00Z}, {guid=806b2977-36d2-11ee-b5b0-005056013b0c, code=72, name=Листы стальные с ромбическим и чечевичным рифлением, parent=806b267e-36d2-11ee-b5b0-005056013b0c, archive=false, dateOutputArchive=0001-01-01T00:00:00Z}, {guid=806b2a42-36d2-11ee-b5b0-005056013b0c, code=1, name=Листы стальные с ромбическим и чечевичным рифлением ГОСТ 8568-77, parent=806b2977-36d2-11ee-b5b0-005056013b0c, archive=false, dateOutputArchive=0001-01-01T00:00:00Z}, {guid=806b2ae9-36d2-11ee-b5b0-005056013b0c, code=81, name=Прокат листовой горячекатаный, parent=806b267e-36d2-11ee-b5b0-005056013b0c, archive=false, dateOutputArchive=0001-01-01T00:00:00Z}, {guid=806b2bb4-36d2-11ee-b5b0-005056013b0c, code=1, name=Прокат листовой горячекатаный из легированной конструкционной стали общего назначения ГОСТ 19903-74, parent=806b2ae9-36d2-11ee-b5b0-005056013b0c, archive=false, dateOutputArchive=0001-01-01T00:00:00Z}, {guid=806b2c5b-36d2-11ee-b5b0-005056013b0c, code=2, name=Прокат листовой горячекатаный из стали углеродистой обыкновенного качества ГОСТ 19903-74, parent=806b2ae9-36d2-11ee-b5b0-005056013b0c, archive=false, dateOutputArchive=0001-01-01T00:00:00Z}, {guid=806b2d02-36d2-11ee-b5b0-005056013b0c, code=3, name=Прокат листовой горячекатаный из конструкционной качественной стали ГОСТ 19903-74, parent=806b2ae9-36d2-11ee-b5b0-005056013b0c, archive=false, dateOutputArchive=0001-01-01T00:00:00Z}, {guid=806b2da9-36d2-11ee-b5b0-005056013b0c, code=4, name=Прокат толстолистовой горячекатаный из легированной стали ГОСТ 19903-74, parent=806b2ae9-36d2-11ee-b5b0-005056013b0c, archive=false, dateOutputArchive=0001-01-01T00:00:00Z}, {guid=806b2e50-36d2-11ee-b5b0-005056013b0c, code=5, name=Прокат толстолистовой горячекатаный из легированной стали, parent=806b2ae9-36d2-11ee-b5b0-005056013b0c, archive=false, dateOutputArchive=0001-01-01T00:00:00Z}, {guid=806b2ef7-36d2-11ee-b5b0-005056013b0c, code=6, name=Прокат горячекатанный ТУ 1-9-1021-84, parent=806b2ae9-36d2-11ee-b5b0-005056013b0c, archive=false, dateOutputArchive=0001-01-01T00:00:00Z}, {guid=806b2f9e-36d2-11ee-b5b0-005056013b0c, code=7, name=Листы спецстали АК, parent=806b2ae9-36d2-11ee-b5b0-005056013b0c, archive=false, dateOutputArchive=0001-01-01T00:00:00Z}, {guid=806b3045-36d2-11ee-b5b0-005056013b0c, code=86, name=Прокат толстолистовой горячекатаный коррозионно-стойкий, жаростойкий и жаропрочный, parent=806b267e-36d2-11ee-b5b0-005056013b0c, archive=false, dateOutputArchive=0001-01-01T00:00:00Z}, {guid=806b3110-36d2-11ee-b5b0-005056013b0c, code=1, name=Прокат листовой горячекатаный коррозионно-стойкий, жаростойкий и жаропрочный ГОСТ 19903-74, parent=806b3045-36d2-11ee-b5b0-005056013b0c, archive=false, dateOutputArchive=0001-01-01T00:00:00Z}, {guid=806b2622-36d2-11ee-b5b0-005056013b0c, code=1, name=Листы, parent=806b25a2-36d2-11ee-b5b0-005056013b0c, archive=false, dateOutputArchive=0001-01-01T00:00:00Z}, {guid=806b267e-36d2-11ee-b5b0-005056013b0c, code=9, name=Прокат черных металлов, parent=806b2622-36d2-11ee-b5b0-005056013b0c, archive=false, dateOutputArchive=0001-01-01T00:00:00Z}, {guid=806b25a2-36d2-11ee-b5b0-005056013b0c, code=1, name=Металлы черные, parent=00000000-0000-0000-0000-000000000000, archive=false, dateOutputArchive=0001-01-01T00:00:00Z}, {guid=806b31b7-36d2-11ee-b5b0-005056013b0c, code=89, name=Листы спецстали, parent=806b267e-36d2-11ee-b5b0-005056013b0c, archive=false, dateOutputArchive=0001-01-01T00:00:00Z}, {guid=806b3282-36d2-11ee-b5b0-005056013b0c, code=1, name=Листы спецстали, parent=806b31b7-36d2-11ee-b5b0-005056013b0c, archive=false, dateOutputArchive=0001-01-01T00:00:00Z}, {guid=806b3329-36d2-11ee-b5b0-005056013b0c, code=91, name=Прокат тонколистовой холоднокатаный, parent=806b267e-36d2-11ee-b5b0-005056013b0c, archive=false, dateOutputArchive=0001-01-01T00:00:00Z}, {guid=806b3385-36d2-11ee-b5b0-005056013b0c, code=1, name=Прокат тонколистовой холоднокатаный из углеродистой стали качественной и обыкновенного качества общего назначения ГОСТ 19904-90, parent=806b3329-36d2-11ee-b5b0-005056013b0c, archive=false, dateOutputArchive=0001-01-01T00:00:00Z}, {guid=806b342c-36d2-11ee-b5b0-005056013b0c, code=2, name=Прокат тонколистовой холоднокатаный из низкоуглеродистой качественной стали для холодной штамповки ГОСТ 19904-90, parent=806b3329-36d2-11ee-b5b0-005056013b0c, archive=false, dateOutputArchive=0001-01-01T00:00:00Z}, {guid=806b34d3-36d2-11ee-b5b0-005056013b0c, code=3, name=Прокат листовой холоднокатаный из легированной конструкционной стали общего назначения ГОСТ 19904-90, parent=806b3329-36d2-11ee-b5b0-005056013b0c, archive=false, dateOutputArchive=0001-01-01T00:00:00Z}, {guid=806b357a-36d2-11ee-b5b0-005056013b0c, code=4, name=Листы перфорированные «ПЕРФОКОМ», parent=806b3329-36d2-11ee-b5b0-005056013b0c, archive=false, dateOutputArchive=0001-01-01T00:00:00Z}, {guid=806b3623-36d2-11ee-b5b0-005056013b0c, code=5, name=Листы перфорированные, parent=806b3329-36d2-11ee-b5b0-005056013b0c, archive=false, dateOutputArchive=0001-01-01T00:00:00Z}, {guid=806b36cb-36d2-11ee-b5b0-005056013b0c, code=93, name=Прокат тонколистовой из коррозионно-стойкой, жаростойкой и жаропрочной стали, parent=806b267e-36d2-11ee-b5b0-005056013b0c, archive=false, dateOutputArchive=0001-01-01T00:00:00Z}, {guid=806b3796-36d2-11ee-b5b0-005056013b0c, code=1, name=Прокат тонколистовой из коррозионно-стойкой, жаростойкой и жаропрочной стали ГОСТ 19904-90, parent=806b36cb-36d2-11ee-b5b0-005056013b0c, archive=false, dateOutputArchive=0001-01-01T00:00:00Z}, {guid=806b383d-36d2-11ee-b5b0-005056013b0c, code=11, name=Изделия дальнейшего передела, parent=806b2622-36d2-11ee-b5b0-005056013b0c, archive=false, dateOutputArchive=0001-01-01T00:00:00Z}, {guid=806b3908-36d2-11ee-b5b0-005056013b0c, code=11, name=Прокат холоднокатаный из тонколистовой оцинкованной стали, parent=806b383d-36d2-11ee-b5b0-005056013b0c, archive=false, dateOutputArchive=0001-01-01T00:00:00Z}, {guid=806b39d3-36d2-11ee-b5b0-005056013b0c, code=1, name=Прокат холоднокатаный из тонколистовой оцинкованной стали ГОСТ 19904-90, parent=806b3908-36d2-11ee-b5b0-005056013b0c, archive=false, dateOutputArchive=0001-01-01T00:00:00Z}, {guid=806b3a7a-36d2-11ee-b5b0-005056013b0c, code=15, name=Жесть, parent=806b383d-36d2-11ee-b5b0-005056013b0c, archive=false, dateOutputArchive=0001-01-01T00:00:00Z}, {guid=806b3b45-36d2-11ee-b5b0-005056013b0c, code=1, name=Жесть белая, parent=806b3a7a-36d2-11ee-b5b0-005056013b0c, archive=false, dateOutputArchive=0001-01-01T00:00:00Z}, {guid=806b3bec-36d2-11ee-b5b0-005056013b0c, code=99, name=Листы, временно используемые в производстве (доработка складских остатков), parent=806b2622-36d2-11ee-b5b0-005056013b0c, archive=false, dateOutputArchive=0001-01-01T00:00:00Z}, {guid=806b3ca6-36d2-11ee-b5b0-005056013b0c, code=9, name=Прокат черных металлов, parent=806b3c24-36d2-11ee-b5b0-005056013b0c, archive=false, dateOutputArchive=0001-01-01T00:00:00Z}, {guid=806b3d27-36d2-11ee-b5b0-005056013b0c, code=50, name=Прокат стальной горячекатаный, parent=806b3ca6-36d2-11ee-b5b0-005056013b0c, archive=false, dateOutputArchive=0001-01-01T00:00:00Z}, {guid=806b3da8-36d2-11ee-b5b0-005056013b0c, code=1, name=Прокат сортовой стальной горячекатаный квадратный ГОСТ 2591-2006, parent=806b3d27-36d2-11ee-b5b0-005056013b0c, archive=false, dateOutputArchive=0001-01-01T00:00:00Z}, {guid=806b3c24-36d2-11ee-b5b0-005056013b0c, code=2, name=Квадраты, parent=806b25a2-36d2-11ee-b5b0-005056013b0c, archive=false, dateOutputArchive=0001-01-01T00:00:00Z}, {guid=806b3e05-36d2-11ee-b5b0-005056013b0c, code=11, name=Изделия дальнейшего передела, parent=806b3c24-36d2-11ee-b5b0-005056013b0c, archive=false, dateOutputArchive=0001-01-01T00:00:00Z}, {guid=806b3e86-36d2-11ee-b5b0-005056013b0c, code=40, name=Прокат калиброванный, parent=806b3e05-36d2-11ee-b5b0-005056013b0c, archive=false, dateOutputArchive=0001-01-01T00:00:00Z}, {guid=806b3f07-36d2-11ee-b5b0-005056013b0c, code=1, name=Прокат калиброванный квадратный ГОСТ 8559-75, parent=806b3e86-36d2-11ee-b5b0-005056013b0c, archive=false, dateOutputArchive=0001-01-01T00:00:00Z}, {guid=806b3f64-36d2-11ee-b5b0-005056013b0c, code=99, name=Квадраты, временно используемые в производстве (доработка складских остатков), parent=806b3c24-36d2-11ee-b5b0-005056013b0c, archive=false, dateOutputArchive=0001-01-01T00:00:00Z}, {guid=806b3fc1-36d2-11ee-b5b0-005056013b0c, code=3, name=Шестигранники, parent=806b25a2-36d2-11ee-b5b0-005056013b0c, archive=false, dateOutputArchive=0001-01-01T00:00:00Z}, {guid=806b4043-36d2-11ee-b5b0-005056013b0c, code=9, name=Прокат черных металлов, parent=806b3fc1-36d2-11ee-b5b0-005056013b0c, archive=false, dateOutputArchive=0001-01-01T00:00:00Z}, {guid=806b40c4-36d2-11ee-b5b0-005056013b0c, code=50, name=Прокат стальной горячекатаный, parent=806b4043-36d2-11ee-b5b0-005056013b0c, archive=false, dateOutputArchive=0001-01-01T00:00:00Z}, {guid=806b4145-36d2-11ee-b5b0-005056013b0c, code=1, name=Прокат сортовой стальной горячекатаный шестигранный ГОСТ 2879-2006, parent=806b40c4-36d2-11ee-b5b0-005056013b0c, archive=false, dateOutputArchive=0001-01-01T00:00:00Z}, {guid=806b41a2-36d2-11ee-b5b0-005056013b0c, code=11, name=Изделия дальнейшего передела, parent=806b3fc1-36d2-11ee-b5b0-005056013b0c, archive=false, dateOutputArchive=0001-01-01T00:00:00Z}, {guid=806b4223-36d2-11ee-b5b0-005056013b0c, code=40, name=Прокат калиброванный, parent=806b41a2-36d2-11ee-b5b0-005056013b0c, archive=false, dateOutputArchive=0001-01-01T00:00:00Z}, {guid=806b42a4-36d2-11ee-b5b0-005056013b0c, code=1, name=Прокат калиброванный шестигранный ГОСТ 8560-78, parent=806b4223-36d2-11ee-b5b0-005056013b0c, archive=false, dateOutputArchive=0001-01-01T00:00:00Z}, {guid=806b4301-36d2-11ee-b5b0-005056013b0c, code=99, name=Шестигранники, временно используемые в производстве (доработка складских остатков), parent=806b3fc1-36d2-11ee-b5b0-005056013b0c, archive=false, dateOutputArchive=0001-01-01T00:00:00Z}, {guid=806b435e-36d2-11ee-b5b0-005056013b0c, code=4, name=Круги, parent=806b25a2-36d2-11ee-b5b0-005056013b0c, archive=false, dateOutputArchive=0001-01-01T00:00:00Z}, {guid=806b43ba-36d2-11ee-b5b0-005056013b0c, code=9, name=Прокат черных металлов, parent=806b435e-36d2-11ee-b5b0-005056013b0c, archive=false, dateOutputArchive=0001-01-01T00:00:00Z}, {guid=806b443c-36d2-11ee-b5b0-005056013b0c, code=30, name=Прокат стальной горячекатаный низколегированный, parent=806b43ba-36d2-11ee-b5b0-005056013b0c, archive=false, dateOutputArchive=0001-01-01T00:00:00Z}, {guid=806b44bd-36d2-11ee-b5b0-005056013b0c, code=1, name=Прокат сортовой стальной горячекатаный конструкционный низколегированный ГОСТ 2590-2006, parent=806b443c-36d2-11ee-b5b0-005056013b0c, archive=false, dateOutputArchive=0001-01-01T00:00:00Z}, {guid=806b451a-36d2-11ee-b5b0-005056013b0c, code=34, name=Прокат горячекатаный круглый обыкновенного качества, parent=806b43ba-36d2-11ee-b5b0-005056013b0c, archive=false, dateOutputArchive=0001-01-01T00:00:00Z}, {guid=806b459b-36d2-11ee-b5b0-005056013b0c, code=1, name=Прокат сортовой стальной горячекатаный круглый обыкновенного качества ГОСТ 2590-2006, parent=806b451a-36d2-11ee-b5b0-005056013b0c, archive=false, dateOutputArchive=0001-01-01T00:00:00Z}, {guid=806b45f8-36d2-11ee-b5b0-005056013b0c, code=50, name=Прокат стальной горячекатаный, parent=806b43ba-36d2-11ee-b5b0-005056013b0c, archive=false, dateOutputArchive=0001-01-01T00:00:00Z}, {guid=806b4679-36d2-11ee-b5b0-005056013b0c, code=1, name=Прокат сортовой стальной горячекатаный конструкционный углеродистый ГОСТ 2590-2006, parent=806b45f8-36d2-11ee-b5b0-005056013b0c, archive=false, dateOutputArchive=0001-01-01T00:00:00Z}, {guid=806b46d6-36d2-11ee-b5b0-005056013b0c, code=2, name=Прокат сортовой стальной горячекатаный конструкционный легированный ГОСТ 2590-2006, parent=806b45f8-36d2-11ee-b5b0-005056013b0c, archive=false, dateOutputArchive=0001-01-01T00:00:00Z}, {guid=806b4733-36d2-11ee-b5b0-005056013b0c, code=3, name=Прокат сортовой стальной горячекатаный конструкционной по ТУ 14-1-4566-89, parent=806b45f8-36d2-11ee-b5b0-005056013b0c, archive=false, dateOutputArchive=0001-01-01T00:00:00Z}, {guid=806b4790-36d2-11ee-b5b0-005056013b0c, code=4, name=Прокат круглый из рессорно-пружинной углеродистой и легированной стали ГОСТ 2590-2006, parent=806b45f8-36d2-11ee-b5b0-005056013b0c, archive=false, dateOutputArchive=0001-01-01T00:00:00Z}, {guid=806b47ed-36d2-11ee-b5b0-005056013b0c, code=51, name=Прокат для холодного выдавливания и высадки, parent=806b43ba-36d2-11ee-b5b0-005056013b0c, archive=false, dateOutputArchive=0001-01-01T00:00:00Z}, {guid=806b486e-36d2-11ee-b5b0-005056013b0c, code=1, name=Прокат качественный конструкционный углеродистый и легированный для холодного выдавливания и высадки ГОСТ 10702-78, parent=806b47ed-36d2-11ee-b5b0-005056013b0c, archive=false, dateOutputArchive=0001-01-01T00:00:00Z}, {guid=806b48cb-36d2-11ee-b5b0-005056013b0c, code=56, name=Прокат горячекатаный сортовой конструкционный подшипниковый, parent=806b43ba-36d2-11ee-b5b0-005056013b0c, archive=false, dateOutputArchive=0001-01-01T00:00:00Z}, {guid=806b494c-36d2-11ee-b5b0-005056013b0c, code=1, name=Прокат сортовой стальной горячекатаный конструкционный подшипниковый ГОСТ 2590-2006, parent=806b48cb-36d2-11ee-b5b0-005056013b0c, archive=false, dateOutputArchive=0001-01-01T00:00:00Z}, {guid=806b49a9-36d2-11ee-b5b0-005056013b0c, code=58, name=Прокат горячекатаный сортовой конструкционный никельсодержащий, parent=806b43ba-36d2-11ee-b5b0-005056013b0c, archive=false, dateOutputArchive=0001-01-01T00:00:00Z}, {guid=806b4a2a-36d2-11ee-b5b0-005056013b0c, code=1, name=Прокат сортовой стальной горячекатаный конструкционный по ТУ 14-1-1725-76, parent=806b49a9-36d2-11ee-b5b0-005056013b0c, archive=false, dateOutputArchive=0001-01-01T00:00:00Z}, {guid=806b4a87-36d2-11ee-b5b0-005056013b0c, code=61, name=Прокат горячекатаный сортовой инструментальный, parent=806b43ba-36d2-11ee-b5b0-005056013b0c, archive=false, dateOutputArchive=0001-01-01T00:00:00Z}, {guid=806b4b08-36d2-11ee-b5b0-005056013b0c, code=1, name=Прокат сортовой стальной горячекатаный инструментальный нелегированный ГОСТ 2590-2006, parent=806b4a87-36d2-11ee-b5b0-005056013b0c, archive=false, dateOutputArchive=0001-01-01T00:00:00Z}, {guid=806b4b65-36d2-11ee-b5b0-005056013b0c, code=63, name=Прокат горячекатаный сортовой конструкционный коррозионно-стойкий, жаропрочный, parent=806b43ba-36d2-11ee-b5b0-005056013b0c, archive=false, dateOutputArchive=0001-01-01T00:00:00Z}, {guid=806b4be6-36d2-11ee-b5b0-005056013b0c, code=1, name=Прокат сортовой стальной горячекатаный конструкционный коррозионностойкий, жаропрочный ГОСТ 2590-2006, parent=806b4b65-36d2-11ee-b5b0-005056013b0c, archive=false, dateOutputArchive=0001-01-01T00:00:00Z}, {guid=84f01c49-36d2-11ee-b5b0-005056013b0c, code=13, name=Трубы стальные, parent=84f01bed-36d2-11ee-b5b0-005056013b0c, archive=false, dateOutputArchive=0001-01-01T00:00:00Z}, {guid=806b4c43-36d2-11ee-b5b0-005056013b0c, code=66, name=Прокат сортовой из прецизионных сплавов с высоким электрическим сопротивлением, parent=806b43ba-36d2-11ee-b5b0-005056013b0c, archive=false, dateOutputArchive=0001-01-01T00:00:00Z}, {guid=84f014af-36d2-11ee-b5b0-005056013b0c, code=1, name=Прокат сортовой из прецизионных сплавов с высоким электрическим сопротивлением ГОСТ 12766.4-90, parent=806b4c43-36d2-11ee-b5b0-005056013b0c, archive=false, dateOutputArchive=0001-01-01T00:00:00Z}, {guid=84f0150c-36d2-11ee-b5b0-005056013b0c, code=70, name=Поковки, parent=806b43ba-36d2-11ee-b5b0-005056013b0c, archive=false, dateOutputArchive=0001-01-01T00:00:00Z}, {guid=84f0158d-36d2-11ee-b5b0-005056013b0c, code=1, name=Поковки, parent=84f0150c-36d2-11ee-b5b0-005056013b0c, archive=false, dateOutputArchive=0001-01-01T00:00:00Z}, {guid=84f015ea-36d2-11ee-b5b0-005056013b0c, code=11, name=Изделия дальнейшего передела, parent=806b435e-36d2-11ee-b5b0-005056013b0c, archive=false, dateOutputArchive=0001-01-01T00:00:00Z}, {guid=84f01646-36d2-11ee-b5b0-005056013b0c, code=40, name=Прокат калиброванный круглый, parent=84f015ea-36d2-11ee-b5b0-005056013b0c, archive=false, dateOutputArchive=0001-01-01T00:00:00Z}, {guid=84f016c7-36d2-11ee-b5b0-005056013b0c, code=1, name=Прокат калиброванный круглый углеродистый ГОСТ 7417-75, parent=84f01646-36d2-11ee-b5b0-005056013b0c, archive=false, dateOutputArchive=0001-01-01T00:00:00Z}, {guid=84f01724-36d2-11ee-b5b0-005056013b0c, code=2, name=Прокат калиброванный круглый легированный ГОСТ 7417-75, parent=84f01646-36d2-11ee-b5b0-005056013b0c, archive=false, dateOutputArchive=0001-01-01T00:00:00Z}, {guid=84f01781-36d2-11ee-b5b0-005056013b0c, code=3, name=Прокат калиброванный круглый коррозионно-стойкий, жаропрочный ГОСТ 7417-75, parent=84f01646-36d2-11ee-b5b0-005056013b0c, archive=false, dateOutputArchive=0001-01-01T00:00:00Z}, {guid=84f017de-36d2-11ee-b5b0-005056013b0c, code=4, name=Прокат калиброванный круглый из рессорно-пружинной углеродистой и легированной стали ГОСТ 7417-75, parent=84f01646-36d2-11ee-b5b0-005056013b0c, archive=false, dateOutputArchive=0001-01-01T00:00:00Z}, {guid=84f0183b-36d2-11ee-b5b0-005056013b0c, code=5, name=Сталь качественная круглая со специальной отделкой поверхности ГОСТ 14955-77, parent=84f01646-36d2-11ee-b5b0-005056013b0c, archive=false, dateOutputArchive=0001-01-01T00:00:00Z}, {guid=84f01898-36d2-11ee-b5b0-005056013b0c, code=6, name=Прокат калиброванный для холодной высадки, parent=84f01646-36d2-11ee-b5b0-005056013b0c, archive=false, dateOutputArchive=0001-01-01T00:00:00Z}, {guid=84f018f5-36d2-11ee-b5b0-005056013b0c, code=7, name=Шток хромированный, parent=84f01646-36d2-11ee-b5b0-005056013b0c, archive=false, dateOutputArchive=0001-01-01T00:00:00Z}, {guid=84f01952-36d2-11ee-b5b0-005056013b0c, code=8, name=Прокат сортовой холоднотянутый подшипниковый ГОСТ 7417-75, parent=84f01646-36d2-11ee-b5b0-005056013b0c, archive=false, dateOutputArchive=0001-01-01T00:00:00Z}, {guid=84f019af-36d2-11ee-b5b0-005056013b0c, code=50, name=Прокат термически обработанный шлифованный, parent=84f015ea-36d2-11ee-b5b0-005056013b0c, archive=false, dateOutputArchive=0001-01-01T00:00:00Z}, {guid=84f01a30-36d2-11ee-b5b0-005056013b0c, code=1, name=Прутки нагартованные, термически обработанные шлифованные из высоколегированной и коррозионностойкой стали ГОСТ 18907-73, parent=84f019af-36d2-11ee-b5b0-005056013b0c, archive=false, dateOutputArchive=0001-01-01T00:00:00Z}, {guid=84f01a8d-36d2-11ee-b5b0-005056013b0c, code=60, name=Прокат высокой точности, parent=84f015ea-36d2-11ee-b5b0-005056013b0c, archive=false, dateOutputArchive=0001-01-01T00:00:00Z}, {guid=84f01b33-36d2-11ee-b5b0-005056013b0c, code=1, name=Сталь чистотянутая для шпонок ГОСТ 8787-68, parent=84f01a8d-36d2-11ee-b5b0-005056013b0c, archive=false, dateOutputArchive=0001-01-01T00:00:00Z}, {guid=84f01bb5-36d2-11ee-b5b0-005056013b0c, code=99, name=Круги, временно используемые в производстве (доработка складских остатков), parent=806b435e-36d2-11ee-b5b0-005056013b0c, archive=false, dateOutputArchive=0001-01-01T00:00:00Z}, {guid=84f01bed-36d2-11ee-b5b0-005056013b0c, code=5, name=Трубы, parent=806b25a2-36d2-11ee-b5b0-005056013b0c, archive=false, dateOutputArchive=0001-01-01T00:00:00Z}, {guid=84f01ca5-36d2-11ee-b5b0-005056013b0c, code=14, name=Трубы подшипниковые, parent=84f01c49-36d2-11ee-b5b0-005056013b0c, archive=false, dateOutputArchive=0001-01-01T00:00:00Z}, {guid=84f01d4d-36d2-11ee-b5b0-005056013b0c, code=1, name=Трубы подшипниковые ГОСТ 800-78, parent=84f01ca5-36d2-11ee-b5b0-005056013b0c, archive=false, dateOutputArchive=0001-01-01T00:00:00Z}, {guid=84f01dcf-36d2-11ee-b5b0-005056013b0c, code=19, name=Трубы катаные, parent=84f01c49-36d2-11ee-b5b0-005056013b0c, archive=false, dateOutputArchive=0001-01-01T00:00:00Z}, {guid=84f01e2b-36d2-11ee-b5b0-005056013b0c, code=1, name=Трубы стальные бесшовные горячедеформированные ГОСТ 8732-78, parent=84f01dcf-36d2-11ee-b5b0-005056013b0c, archive=false, dateOutputArchive=0001-01-01T00:00:00Z}, {guid=84f01ead-36d2-11ee-b5b0-005056013b0c, code=2, name=Трубы горячекатаные ТС 257-07, parent=84f01dcf-36d2-11ee-b5b0-005056013b0c, archive=false, dateOutputArchive=0001-01-01T00:00:00Z}, {guid=84f01f30-36d2-11ee-b5b0-005056013b0c, code=3, name=Трубы горячекатаные ТС 77-02, parent=84f01dcf-36d2-11ee-b5b0-005056013b0c, archive=false, dateOutputArchive=0001-01-01T00:00:00Z}, {guid=8c5aea59-36d2-11ee-b5b0-005056013b0c, code=1, name=Профиль ножа, parent=8c5ae9fd-36d2-11ee-b5b0-005056013b0c, archive=false, dateOutputArchive=0001-01-01T00:00:00Z}, {guid=84f01fb2-36d2-11ee-b5b0-005056013b0c, code=4, name=Трубы стальные бесшовные горячекатаные толстостенные из литого слитка ТУ 14-3Р-50-2001, parent=84f01dcf-36d2-11ee-b5b0-005056013b0c, archive=false, dateOutputArchive=0001-01-01T00:00:00Z}, {guid=84f02034-36d2-11ee-b5b0-005056013b0c, code=5, name=Трубы стальные бесшовные горячедеформированные для нефтегазопроводов ТУ 14-3Р-44-2001, parent=84f01dcf-36d2-11ee-b5b0-005056013b0c, archive=false, dateOutputArchive=0001-01-01T00:00:00Z}, {guid=84f020b6-36d2-11ee-b5b0-005056013b0c, code=6, name=Трубы бесшовные горячедеформированные из коррозионностойкой стали ГОСТ 9940-81, parent=84f01dcf-36d2-11ee-b5b0-005056013b0c, archive=false, dateOutputArchive=0001-01-01T00:00:00Z}, {guid=84f02138-36d2-11ee-b5b0-005056013b0c, code=40, name=Трубы тянутые, parent=84f01c49-36d2-11ee-b5b0-005056013b0c, archive=false, dateOutputArchive=0001-01-01T00:00:00Z}, {guid=84f02194-36d2-11ee-b5b0-005056013b0c, code=1, name=Трубы стальные бесшовные холоднодеформированные ГОСТ 8734-75, parent=84f02138-36d2-11ee-b5b0-005056013b0c, archive=false, dateOutputArchive=0001-01-01T00:00:00Z}, {guid=86635496-36d2-11ee-b5b0-005056013b0c, code=2, name=Трубы стальные электросварные прямошовные ГОСТ 10704-91, parent=84f02138-36d2-11ee-b5b0-005056013b0c, archive=false, dateOutputArchive=0001-01-01T00:00:00Z}, {guid=86635518-36d2-11ee-b5b0-005056013b0c, code=3, name=Трубы стальные электросварные холоднодеформированные для карданных валов ГОСТ 5005-82, parent=84f02138-36d2-11ee-b5b0-005056013b0c, archive=false, dateOutputArchive=0001-01-01T00:00:00Z}, {guid=8663559a-36d2-11ee-b5b0-005056013b0c, code=4, name=Трубы холоднодеформированные ТУ 14-3-575-90, ПР890-2002, parent=84f02138-36d2-11ee-b5b0-005056013b0c, archive=false, dateOutputArchive=0001-01-01T00:00:00Z}, {guid=8663561c-36d2-11ee-b5b0-005056013b0c, code=5, name=Трубы стальные бесшовные высокого давления ГОСТ 11017-80, parent=84f02138-36d2-11ee-b5b0-005056013b0c, archive=false, dateOutputArchive=0001-01-01T00:00:00Z}, {guid=8663569e-36d2-11ee-b5b0-005056013b0c, code=6, name=Трубы стальные бесшовные холоднодеформируемые производства фирмы ШТАУФФ, parent=84f02138-36d2-11ee-b5b0-005056013b0c, archive=false, dateOutputArchive=0001-01-01T00:00:00Z}, {guid=86635720-36d2-11ee-b5b0-005056013b0c, code=44, name=Трубы тянутые прецизионные, прямоугольные, квадратные, parent=84f01c49-36d2-11ee-b5b0-005056013b0c, archive=false, dateOutputArchive=0001-01-01T00:00:00Z}, {guid=8663577c-36d2-11ee-b5b0-005056013b0c, code=1, name=Трубы стальные прецизионные ГОСТ 9567-75, parent=86635720-36d2-11ee-b5b0-005056013b0c, archive=false, dateOutputArchive=0001-01-01T00:00:00Z}, {guid=866357fe-36d2-11ee-b5b0-005056013b0c, code=2, name=Трубы стальные прямоугольные ГОСТ 8645-68, parent=86635720-36d2-11ee-b5b0-005056013b0c, archive=false, dateOutputArchive=0001-01-01T00:00:00Z}, {guid=866358a7-36d2-11ee-b5b0-005056013b0c, code=3, name=Трубы стальные квадратные ГОСТ 8639-82, parent=86635720-36d2-11ee-b5b0-005056013b0c, archive=false, dateOutputArchive=0001-01-01T00:00:00Z}, {guid=86636371-36d2-11ee-b5b0-005056013b0c, code=99, name=Полосы, временно используемые в производстве (доработка складских остатков), parent=86635f07-36d2-11ee-b5b0-005056013b0c, archive=false, dateOutputArchive=0001-01-01T00:00:00Z}, {guid=86635929-36d2-11ee-b5b0-005056013b0c, code=4, name=Профили стальные гнутые замкнутые сварные квадратные и прямоугольные для строительных конструкций, parent=86635720-36d2-11ee-b5b0-005056013b0c, archive=false, dateOutputArchive=0001-01-01T00:00:00Z}, {guid=866359d0-36d2-11ee-b5b0-005056013b0c, code=5, name=Трубы стальные электросварные прямоугольного и квадратного сечения ТУ 14-3-462-76, parent=86635720-36d2-11ee-b5b0-005056013b0c, archive=false, dateOutputArchive=0001-01-01T00:00:00Z}, {guid=86635a77-36d2-11ee-b5b0-005056013b0c, code=6, name=Профили стальные гнутые замкнутые сварные квадратные и прямоугольные ГОСТ 25577-83, parent=86635720-36d2-11ee-b5b0-005056013b0c, archive=false, dateOutputArchive=0001-01-01T00:00:00Z}, {guid=86635b1e-36d2-11ee-b5b0-005056013b0c, code=51, name=Трубы тонкостенные углерод, parent=84f01c49-36d2-11ee-b5b0-005056013b0c, archive=false, dateOutputArchive=0001-01-01T00:00:00Z}, {guid=86635bc4-36d2-11ee-b5b0-005056013b0c, code=1, name=Трубы стальные бесшовные холоднодеформированные для судостроения ГОСТ 1060-83, parent=86635b1e-36d2-11ee-b5b0-005056013b0c, archive=false, dateOutputArchive=0001-01-01T00:00:00Z}, {guid=86635c46-36d2-11ee-b5b0-005056013b0c, code=60, name=Трубы тонкостенные нерж, parent=84f01c49-36d2-11ee-b5b0-005056013b0c, archive=false, dateOutputArchive=0001-01-01T00:00:00Z}, {guid=86635cec-36d2-11ee-b5b0-005056013b0c, code=1, name=Трубы бесшовные холодно и теплодеформированные из коррозионной стали ГОСТ 9941-81, parent=86635c46-36d2-11ee-b5b0-005056013b0c, archive=false, dateOutputArchive=0001-01-01T00:00:00Z}, {guid=86635d6e-36d2-11ee-b5b0-005056013b0c, code=2, name=Трубы стальные бесшовные для маслопроводов и топливопроводов ГОСТ 19277-73, parent=86635c46-36d2-11ee-b5b0-005056013b0c, archive=false, dateOutputArchive=0001-01-01T00:00:00Z}, {guid=86635df0-36d2-11ee-b5b0-005056013b0c, code=85, name=Трубы стальные водогазопроводные, parent=84f01c49-36d2-11ee-b5b0-005056013b0c, archive=false, dateOutputArchive=0001-01-01T00:00:00Z}, {guid=86635e4c-36d2-11ee-b5b0-005056013b0c, code=1, name=Трубы стальные водогазопроводные ГОСТ 3262-75, parent=86635df0-36d2-11ee-b5b0-005056013b0c, archive=false, dateOutputArchive=0001-01-01T00:00:00Z}, {guid=86635f07-36d2-11ee-b5b0-005056013b0c, code=6, name=Полоса, parent=806b25a2-36d2-11ee-b5b0-005056013b0c, archive=false, dateOutputArchive=0001-01-01T00:00:00Z}, {guid=86635f63-36d2-11ee-b5b0-005056013b0c, code=9, name=Прокат черных металлов, parent=86635f07-36d2-11ee-b5b0-005056013b0c, archive=false, dateOutputArchive=0001-01-01T00:00:00Z}, {guid=86635fbf-36d2-11ee-b5b0-005056013b0c, code=50, name=Полоса стальная, parent=86635f63-36d2-11ee-b5b0-005056013b0c, archive=false, dateOutputArchive=0001-01-01T00:00:00Z}, {guid=86636065-36d2-11ee-b5b0-005056013b0c, code=1, name=Прокат сортовой стальной горячекатаный полосовой ГОСТ 103-2006, parent=86635fbf-36d2-11ee-b5b0-005056013b0c, archive=false, dateOutputArchive=0001-01-01T00:00:00Z}, {guid=866360e7-36d2-11ee-b5b0-005056013b0c, code=2, name=Профили стальные холоднодеформированные высокой точности ТУ 14-11-245-88, parent=86635fbf-36d2-11ee-b5b0-005056013b0c, archive=false, dateOutputArchive=0001-01-01T00:00:00Z}, {guid=86636169-36d2-11ee-b5b0-005056013b0c, code=3, name=Прокат сортовой стальной горячекатаный полосовой рессорно-пружинный ГОСТ 7419-90, parent=86635fbf-36d2-11ee-b5b0-005056013b0c, archive=false, dateOutputArchive=0001-01-01T00:00:00Z}, {guid=866361eb-36d2-11ee-b5b0-005056013b0c, code=4, name=Прокат сортовой стальной горячекатаный полосовой ТУ 14-1-5240-93, parent=86635fbf-36d2-11ee-b5b0-005056013b0c, archive=false, dateOutputArchive=0001-01-01T00:00:00Z}, {guid=8663626d-36d2-11ee-b5b0-005056013b0c, code=5, name=Прокат широкополосный универсальный ГОСТ 82-70, parent=86635fbf-36d2-11ee-b5b0-005056013b0c, archive=false, dateOutputArchive=0001-01-01T00:00:00Z}, {guid=866362ef-36d2-11ee-b5b0-005056013b0c, code=6, name=Прокат листовой и полосовой термообработанный повышенного качества ТУ 14-1-4632-93, parent=86635fbf-36d2-11ee-b5b0-005056013b0c, archive=false, dateOutputArchive=0001-01-01T00:00:00Z}, {guid=866363a9-36d2-11ee-b5b0-005056013b0c, code=7, name=Уголки, parent=806b25a2-36d2-11ee-b5b0-005056013b0c, archive=false, dateOutputArchive=0001-01-01T00:00:00Z}, {guid=86636405-36d2-11ee-b5b0-005056013b0c, code=9, name=Прокат черных металлов, parent=866363a9-36d2-11ee-b5b0-005056013b0c, archive=false, dateOutputArchive=0001-01-01T00:00:00Z}, {guid=86636461-36d2-11ee-b5b0-005056013b0c, code=30, name=Уголки стальные, parent=86636405-36d2-11ee-b5b0-005056013b0c, archive=false, dateOutputArchive=0001-01-01T00:00:00Z}, {guid=86636509-36d2-11ee-b5b0-005056013b0c, code=1, name=Уголки стальные горячекатанные равнополочные ГОСТ 8509-93, parent=86636461-36d2-11ee-b5b0-005056013b0c, archive=false, dateOutputArchive=0001-01-01T00:00:00Z}, {guid=8c5aeadb-36d2-11ee-b5b0-005056013b0c, code=2, name=Полоса башмачная для тракторов, parent=8c5ae9fd-36d2-11ee-b5b0-005056013b0c, archive=false, dateOutputArchive=0001-01-01T00:00:00Z}, {guid=866365b1-36d2-11ee-b5b0-005056013b0c, code=2, name=Уголки стальные горячекатанные неравнополочные ГОСТ 8510-86, parent=86636461-36d2-11ee-b5b0-005056013b0c, archive=false, dateOutputArchive=0001-01-01T00:00:00Z}, {guid=86636659-36d2-11ee-b5b0-005056013b0c, code=8, name=Ленты, parent=806b25a2-36d2-11ee-b5b0-005056013b0c, archive=false, dateOutputArchive=0001-01-01T00:00:00Z}, {guid=866366ff-36d2-11ee-b5b0-005056013b0c, code=9, name=Прокат черных металлов, parent=86636659-36d2-11ee-b5b0-005056013b0c, archive=false, dateOutputArchive=0001-01-01T00:00:00Z}, {guid=866367a5-36d2-11ee-b5b0-005056013b0c, code=35, name=Лента стальная горячекатаная, parent=866366ff-36d2-11ee-b5b0-005056013b0c, archive=false, dateOutputArchive=0001-01-01T00:00:00Z}, {guid=8663684b-36d2-11ee-b5b0-005056013b0c, code=1, name=Лента стальная горячекатаная ГОСТ 6009-74, parent=866367a5-36d2-11ee-b5b0-005056013b0c, archive=false, dateOutputArchive=0001-01-01T00:00:00Z}, {guid=866368cd-36d2-11ee-b5b0-005056013b0c, code=12, name=Метизы, parent=86636659-36d2-11ee-b5b0-005056013b0c, archive=false, dateOutputArchive=0001-01-01T00:00:00Z}, {guid=86636973-36d2-11ee-b5b0-005056013b0c, code=30, name=Лента холоднокатаная, parent=866368cd-36d2-11ee-b5b0-005056013b0c, archive=false, dateOutputArchive=0001-01-01T00:00:00Z}, {guid=8c5aeeb4-36d2-11ee-b5b0-005056013b0c, code=9, name=Прокат черных металлов, parent=8c5aee58-36d2-11ee-b5b0-005056013b0c, archive=false, dateOutputArchive=0001-01-01T00:00:00Z}, {guid=86636a19-36d2-11ee-b5b0-005056013b0c, code=1, name=Лента холоднокатаная из низкоуглеродистой стали ГОСТ 503-81, parent=86636973-36d2-11ee-b5b0-005056013b0c, archive=false, dateOutputArchive=0001-01-01T00:00:00Z}, {guid=86636a9b-36d2-11ee-b5b0-005056013b0c, code=2, name=Лента холоднокатаная из инструментальной и пружинной стали ГОСТ 2283-79, parent=86636973-36d2-11ee-b5b0-005056013b0c, archive=false, dateOutputArchive=0001-01-01T00:00:00Z}, {guid=86636b1d-36d2-11ee-b5b0-005056013b0c, code=3, name=Лента холоднокатаная термообработанная ГОСТ 21996-76, parent=86636973-36d2-11ee-b5b0-005056013b0c, archive=false, dateOutputArchive=0001-01-01T00:00:00Z}, {guid=86636b9f-36d2-11ee-b5b0-005056013b0c, code=4, name=Лента стальная упаковочная ГОСТ 3560-73, parent=86636973-36d2-11ee-b5b0-005056013b0c, archive=false, dateOutputArchive=0001-01-01T00:00:00Z}, {guid=86636c21-36d2-11ee-b5b0-005056013b0c, code=5, name=Лента холоднокатаная повышенной точности ГОСТ 19851-74, parent=86636973-36d2-11ee-b5b0-005056013b0c, archive=false, dateOutputArchive=0001-01-01T00:00:00Z}, {guid=86636ca3-36d2-11ee-b5b0-005056013b0c, code=6, name=Лента холоднокатаная ТУ 14-550-6-94, parent=86636973-36d2-11ee-b5b0-005056013b0c, archive=false, dateOutputArchive=0001-01-01T00:00:00Z}, {guid=86636d25-36d2-11ee-b5b0-005056013b0c, code=7, name=Лента холоднокатаная ТУ 14-1-258-72, parent=86636973-36d2-11ee-b5b0-005056013b0c, archive=false, dateOutputArchive=0001-01-01T00:00:00Z}, {guid=86636da7-36d2-11ee-b5b0-005056013b0c, code=8, name=Лента холоднокатаная из углеродистой конструкционной стали ГОСТ 2284-79, parent=86636973-36d2-11ee-b5b0-005056013b0c, archive=false, dateOutputArchive=0001-01-01T00:00:00Z}, {guid=86636e29-36d2-11ee-b5b0-005056013b0c, code=33, name=Лента холоднокатаная нерж, parent=866368cd-36d2-11ee-b5b0-005056013b0c, archive=false, dateOutputArchive=0001-01-01T00:00:00Z}, {guid=86636ecf-36d2-11ee-b5b0-005056013b0c, code=1, name=Лента холоднокатаная из коррозионно-стойкой и жаростойкой стали ГОСТ 4986-79, parent=86636e29-36d2-11ee-b5b0-005056013b0c, archive=false, dateOutputArchive=0001-01-01T00:00:00Z}, {guid=86636f51-36d2-11ee-b5b0-005056013b0c, code=35, name=Лента из сплавов высокого омического сопротивления, parent=866368cd-36d2-11ee-b5b0-005056013b0c, archive=false, dateOutputArchive=0001-01-01T00:00:00Z}, {guid=86636ff7-36d2-11ee-b5b0-005056013b0c, code=1, name=Лента из прецизионных сплавов с высоким электрическим сопротивлением ГОСТ 12766.2-90, parent=86636f51-36d2-11ee-b5b0-005056013b0c, archive=false, dateOutputArchive=0001-01-01T00:00:00Z}, {guid=86637079-36d2-11ee-b5b0-005056013b0c, code=61, name=Лента холоднокатаная из термобиметаллов, parent=866368cd-36d2-11ee-b5b0-005056013b0c, archive=false, dateOutputArchive=0001-01-01T00:00:00Z}, {guid=8663711f-36d2-11ee-b5b0-005056013b0c, code=1, name=Лента холоднокатаная из термобиметаллов ГОСТ 10533-86, parent=86637079-36d2-11ee-b5b0-005056013b0c, archive=false, dateOutputArchive=0001-01-01T00:00:00Z}, {guid=866371a1-36d2-11ee-b5b0-005056013b0c, code=99, name=Ленты, временно используемые в производстве (доработка складских остатков), parent=86636659-36d2-11ee-b5b0-005056013b0c, archive=false, dateOutputArchive=0001-01-01T00:00:00Z}, {guid=86637223-36d2-11ee-b5b0-005056013b0c, code=9, name=Швеллеры, parent=806b25a2-36d2-11ee-b5b0-005056013b0c, archive=false, dateOutputArchive=0001-01-01T00:00:00Z}, {guid=8663727f-36d2-11ee-b5b0-005056013b0c, code=9, name=Прокат черных металлов, parent=86637223-36d2-11ee-b5b0-005056013b0c, archive=false, dateOutputArchive=0001-01-01T00:00:00Z}, {guid=866372db-36d2-11ee-b5b0-005056013b0c, code=25, name=Швеллеры, parent=8663727f-36d2-11ee-b5b0-005056013b0c, archive=false, dateOutputArchive=0001-01-01T00:00:00Z}, {guid=86637337-36d2-11ee-b5b0-005056013b0c, code=1, name=Швеллеры стальные горячекатаные ГОСТ 8240-97, parent=866372db-36d2-11ee-b5b0-005056013b0c, archive=false, dateOutputArchive=0001-01-01T00:00:00Z}, {guid=866373bb-36d2-11ee-b5b0-005056013b0c, code=2, name=Двутавры стальные горячекатанные ГОСТ 8239-89, parent=866372db-36d2-11ee-b5b0-005056013b0c, archive=false, dateOutputArchive=0001-01-01T00:00:00Z}, {guid=8663743d-36d2-11ee-b5b0-005056013b0c, code=3, name=Швеллеры стальные гнутые равнополочные ГОСТ 8278-83, parent=866372db-36d2-11ee-b5b0-005056013b0c, archive=false, dateOutputArchive=0001-01-01T00:00:00Z}, {guid=866374e5-36d2-11ee-b5b0-005056013b0c, code=4, name=Швеллеры стальные гнутые неравнополочные ГОСТ 8281-80, parent=866372db-36d2-11ee-b5b0-005056013b0c, archive=false, dateOutputArchive=0001-01-01T00:00:00Z}, {guid=8663758c-36d2-11ee-b5b0-005056013b0c, code=5, name=Балки двутавровые и швеллеры стальные специальные ГОСТ 19425-74, parent=866372db-36d2-11ee-b5b0-005056013b0c, archive=false, dateOutputArchive=0001-01-01T00:00:00Z}, {guid=8663766a-36d2-11ee-b5b0-005056013b0c, code=12, name=Метизы, parent=8663760e-36d2-11ee-b5b0-005056013b0c, archive=false, dateOutputArchive=0001-01-01T00:00:00Z}, {guid=866376c6-36d2-11ee-b5b0-005056013b0c, code=50, name=Канаты, parent=8663766a-36d2-11ee-b5b0-005056013b0c, archive=false, dateOutputArchive=0001-01-01T00:00:00Z}, {guid=86637747-36d2-11ee-b5b0-005056013b0c, code=1, name=Канат одинарной свивки ТК конструкции 1х19(1+6+12) ГОСТ 3063-80, parent=866376c6-36d2-11ee-b5b0-005056013b0c, archive=false, dateOutputArchive=0001-01-01T00:00:00Z}, {guid=866377a4-36d2-11ee-b5b0-005056013b0c, code=2, name=Канат двойной свивки типа конструкции 6х37(1+6+12+18)+1 о.с. ГОСТ 3071-88, parent=866376c6-36d2-11ee-b5b0-005056013b0c, archive=false, dateOutputArchive=0001-01-01T00:00:00Z}, {guid=86637801-36d2-11ee-b5b0-005056013b0c, code=3, name=Канат двойной свивки типа ЛК-РО конструкции 6х36(1+7+7/7+14)+7х7(1+6) ГОСТ 7669-80, parent=866376c6-36d2-11ee-b5b0-005056013b0c, archive=false, dateOutputArchive=0001-01-01T00:00:00Z}, {guid=8663785e-36d2-11ee-b5b0-005056013b0c, code=4, name=Канат двойной свивки типа ЛК-РО конструкции 6х36(1+7+7/7+14)+ 1 о.с. ГОСТ 7668-80, parent=866376c6-36d2-11ee-b5b0-005056013b0c, archive=false, dateOutputArchive=0001-01-01T00:00:00Z}, {guid=866378bb-36d2-11ee-b5b0-005056013b0c, code=5, name=Канаты стальные авиационные ГОСТ 3241-80, parent=866376c6-36d2-11ee-b5b0-005056013b0c, archive=false, dateOutputArchive=0001-01-01T00:00:00Z}, {guid=86637918-36d2-11ee-b5b0-005056013b0c, code=6, name=Канат стальной ТУ 14-4-412-73, parent=866376c6-36d2-11ee-b5b0-005056013b0c, archive=false, dateOutputArchive=0001-01-01T00:00:00Z}, {guid=86637975-36d2-11ee-b5b0-005056013b0c, code=7, name=Канат стальной двойной свивки типа ТК конструкции 6х19(1+6+12)+1о.с. ГОСТ 3070-80, parent=866376c6-36d2-11ee-b5b0-005056013b0c, archive=false, dateOutputArchive=0001-01-01T00:00:00Z}, {guid=866379d2-36d2-11ee-b5b0-005056013b0c, code=8, name=Канат стальной двойной свивки типа ТК конструкции 6х19(1+6+12)+1х19(1+6+12) ГОСТ 3067-88, parent=866376c6-36d2-11ee-b5b0-005056013b0c, archive=false, dateOutputArchive=0001-01-01T00:00:00Z}, {guid=86637a2f-36d2-11ee-b5b0-005056013b0c, code=9, name=Канат двойной свивки типа ЛК-О конструкции 6х7(1+6)+1х7(1+6) ГОСТ 3066-80, parent=866376c6-36d2-11ee-b5b0-005056013b0c, archive=false, dateOutputArchive=0001-01-01T00:00:00Z}, {guid=86637ae9-36d2-11ee-b5b0-005056013b0c, code=11, name=Канат двойной свивки типа ЛК-Р конструкции 6х19(1+6+6/6)+1о.с. ГОСТ2688-80, parent=866376c6-36d2-11ee-b5b0-005056013b0c, archive=false, dateOutputArchive=0001-01-01T00:00:00Z}, {guid=86637b46-36d2-11ee-b5b0-005056013b0c, code=12, name=Канат двойной свивки типа ЛК-О конструкции 6х19(1+9+9)+1о.с.ГОСТ3077-80, parent=866376c6-36d2-11ee-b5b0-005056013b0c, archive=false, dateOutputArchive=0001-01-01T00:00:00Z}, {guid=8acaf7ed-36d2-11ee-b5b0-005056013b0c, code=13, name=Канат двойной свивки типа ЛК-3 конструкции 6х25 (1+6; 6+12)+1о.с ГОСТ 7665-80, parent=866376c6-36d2-11ee-b5b0-005056013b0c, archive=false, dateOutputArchive=0001-01-01T00:00:00Z}, {guid=8acaf84a-36d2-11ee-b5b0-005056013b0c, code=14, name=Канат одинарной свивки типа ЛК-О конструкции 1х7(1+6) ГОСТ 3062-80, parent=866376c6-36d2-11ee-b5b0-005056013b0c, archive=false, dateOutputArchive=0001-01-01T00:00:00Z}, {guid=8acaf8a7-36d2-11ee-b5b0-005056013b0c, code=15, name=Канат двойной свивки типа ТЛК-О конструкции 6х37(1+6+15+15)+1 о.с. ГОСТ 3079-80, parent=866376c6-36d2-11ee-b5b0-005056013b0c, archive=false, dateOutputArchive=0001-01-01T00:00:00Z}, {guid=8acaf904-36d2-11ee-b5b0-005056013b0c, code=16, name=Канат двойной свивки типа ЛК-Р конструкции 6х19(1+6+6/6)+7х7(1+6) ГОСТ 14954-80, parent=866376c6-36d2-11ee-b5b0-005056013b0c, archive=false, dateOutputArchive=0001-01-01T00:00:00Z}, {guid=8acaf961-36d2-11ee-b5b0-005056013b0c, code=99, name=Канаты, временно используемые в производстве (доработка складских остатков), parent=8663760e-36d2-11ee-b5b0-005056013b0c, archive=false, dateOutputArchive=0001-01-01T00:00:00Z}, {guid=8acaf999-36d2-11ee-b5b0-005056013b0c, code=11, name=Проволока, parent=806b25a2-36d2-11ee-b5b0-005056013b0c, archive=false, dateOutputArchive=0001-01-01T00:00:00Z}, {guid=8acaf9f5-36d2-11ee-b5b0-005056013b0c, code=12, name=Метизы, parent=8acaf999-36d2-11ee-b5b0-005056013b0c, archive=false, dateOutputArchive=0001-01-01T00:00:00Z}, {guid=8acafa51-36d2-11ee-b5b0-005056013b0c, code=10, name=Проволока обыкновенного качества, parent=8acaf9f5-36d2-11ee-b5b0-005056013b0c, archive=false, dateOutputArchive=0001-01-01T00:00:00Z}, {guid=8acafad2-36d2-11ee-b5b0-005056013b0c, code=1, name=Проволока низкоуглеродистая качественная ГОСТ 792-67, parent=8acafa51-36d2-11ee-b5b0-005056013b0c, archive=false, dateOutputArchive=0001-01-01T00:00:00Z}, {guid=8acafb2f-36d2-11ee-b5b0-005056013b0c, code=2, name=Проволока стальная низкоуглеродистая общего назначения ГОСТ 3282-74, parent=8acafa51-36d2-11ee-b5b0-005056013b0c, archive=false, dateOutputArchive=0001-01-01T00:00:00Z}, {guid=8acafb8c-36d2-11ee-b5b0-005056013b0c, code=20, name=Проволока из углеродистых и легированных марок сталей, parent=8acaf9f5-36d2-11ee-b5b0-005056013b0c, archive=false, dateOutputArchive=0001-01-01T00:00:00Z}, {guid=8acafc45-36d2-11ee-b5b0-005056013b0c, code=2, name=Проволока стальная углеродистая пружинная ГОСТ 9389-75, parent=8acafb8c-36d2-11ee-b5b0-005056013b0c, archive=false, dateOutputArchive=0001-01-01T00:00:00Z}, {guid=8acafca2-36d2-11ee-b5b0-005056013b0c, code=3, name=Проволока стальная легированная пружинная ГОСТ 14963-78, parent=8acafb8c-36d2-11ee-b5b0-005056013b0c, archive=false, dateOutputArchive=0001-01-01T00:00:00Z}, {guid=8acafcff-36d2-11ee-b5b0-005056013b0c, code=4, name=Проволока стальная для пружинных шайб ГОСТ 11850-72, parent=8acafb8c-36d2-11ee-b5b0-005056013b0c, archive=false, dateOutputArchive=0001-01-01T00:00:00Z}, {guid=86637a8c-36d2-11ee-b5b0-005056013b0c, code=10, name=Канат двойной свивки многопрядный типа ЛК-Р конструкции 18х19(1+6+6/6)+1о.с. ГОСТ 3088-80, parent=866376c6-36d2-11ee-b5b0-005056013b0c, archive=false, dateOutputArchive=0001-01-01T00:00:00Z}, {guid=8acafbe8-36d2-11ee-b5b0-005056013b0c, code=1, name=Проволока из углеродистой конструкционной стали ГОСТ 17305-91, parent=8acafb8c-36d2-11ee-b5b0-005056013b0c, archive=false, dateOutputArchive=0001-01-01T00:00:00Z}, {guid=8acafd6f-36d2-11ee-b5b0-005056013b0c, code=5, name=Проволока стальная углеродистая для холодной высадки и выдавливания, parent=8acafb8c-36d2-11ee-b5b0-005056013b0c, archive=false, dateOutputArchive=0001-01-01T00:00:00Z}, {guid=8acafdcc-36d2-11ee-b5b0-005056013b0c, code=22, name=Проволока из нержавеющей стали, parent=8acaf9f5-36d2-11ee-b5b0-005056013b0c, archive=false, dateOutputArchive=0001-01-01T00:00:00Z}]

	at AutoTest.ClassifierTest.getEopListStepIsEmpty(ClassifierTest.java:222)
</failure>
    <system-out><![CDATA[HTTP/1.1 200 OK
Date: Wed, 13 Dec 2023 08:11:04 GMT
Server: Apache/2.4.23 (Win64)
X-NextPage: http://dev1c:8080/MDM_Gribov_2541/hs/klass/eop?step=200&nextPage=2
X-NextPage1C: /eop?step=200&nextPage=2
Content-Length: 57687
Keep-Alive: timeout=5, max=99
Connection: Keep-Alive
Content-Type: application/json; charset=utf-8

[
    {
        "guid": "806b27a5-36d2-11ee-b5b0-005056013b0c",
        "code": 1,
        "name": "Прокат толстолистовой горячекатаный из стали повышенной прочности ГОСТ 19903-74",
        "parent": "806b26da-36d2-11ee-b5b0-005056013b0c",
        "archive": false,
        "dateOutputArchive": "0001-01-01T00:00:00Z"
    },
    {
        "guid": "806b284d-36d2-11ee-b5b0-005056013b0c",
        "code": 2,
        "name": "Листы просечно-вытяжные",
        "parent": "806b26da-36d2-11ee-b5b0-005056013b0c",
        "archive": false,
        "dateOutputArchive": "0001-01-01T00:00:00Z"
    },
    {
        "guid": "806b28f5-36d2-11ee-b5b0-005056013b0c",
        "code": 3,
        "name": "Прокат листовой горячекатаный из высококачественной стали повышенной прочности (Швеция)",
        "parent": "806b26da-36d2-11ee-b5b0-005056013b0c",
        "archive": false,
        "dateOutputArchive": "0001-01-01T00:00:00Z"
    },
    {
        "guid": "806b2977-36d2-11ee-b5b0-005056013b0c",
        "code": 72,
        "name": "Листы стальные с ромбическим и чечевичным рифлением",
        "parent": "806b267e-36d2-11ee-b5b0-005056013b0c",
        "archive": false,
        "dateOutputArchive": "0001-01-01T00:00:00Z"
    },
    {
        "guid": "806b2a42-36d2-11ee-b5b0-005056013b0c",
        "code": 1,
        "name": "Листы стальные с ромбическим и чечевичным рифлением ГОСТ 8568-77",
        "parent": "806b2977-36d2-11ee-b5b0-005056013b0c",
        "archive": false,
        "dateOutputArchive": "0001-01-01T00:00:00Z"
    },
    {
        "guid": "806b2ae9-36d2-11ee-b5b0-005056013b0c",
        "code": 81,
        "name": "Прокат листовой горячекатаный",
        "parent": "806b267e-36d2-11ee-b5b0-005056013b0c",
        "archive": false,
        "dateOutputArchive": "0001-01-01T00:00:00Z"
    },
    {
        "guid": "806b2bb4-36d2-11ee-b5b0-005056013b0c",
        "code": 1,
        "name": "Прокат листовой горячекатаный из легированной конструкционной стали общего назначения ГОСТ 19903-74",
        "parent": "806b2ae9-36d2-11ee-b5b0-005056013b0c",
        "archive": false,
        "dateOutputArchive": "0001-01-01T00:00:00Z"
    },
    {
        "guid": "806b2c5b-36d2-11ee-b5b0-005056013b0c",
        "code": 2,
        "name": "Прокат листовой горячекатаный из стали углеродистой обыкновенного качества ГОСТ 19903-74",
        "parent": "806b2ae9-36d2-11ee-b5b0-005056013b0c",
        "archive": false,
        "dateOutputArchive": "0001-01-01T00:00:00Z"
    },
    {
        "guid": "806b2d02-36d2-11ee-b5b0-005056013b0c",
        "code": 3,
        "name": "Прокат листовой горячекатаный из конструкционной качественной стали ГОСТ 19903-74",
        "parent": "806b2ae9-36d2-11ee-b5b0-005056013b0c",
        "archive": false,
        "dateOutputArchive": "0001-01-01T00:00:00Z"
    },
    {
        "guid": "806b2da9-36d2-11ee-b5b0-005056013b0c",
        "code": 4,
        "name": "Прокат толстолистовой горячекатаный из легированной стали ГОСТ 19903-74",
        "parent": "806b2ae9-36d2-11ee-b5b0-005056013b0c",
        "archive": false,
        "dateOutputArchive": "0001-01-01T00:00:00Z"
    },
    {
        "guid": "806b2e50-36d2-11ee-b5b0-005056013b0c",
        "code": 5,
        "name": "Прокат толстолистовой горячекатаный из легированной стали",
        "parent": "806b2ae9-36d2-11ee-b5b0-005056013b0c",
        "archive": false,
        "dateOutputArchive": "0001-01-01T00:00:00Z"
    },
    {
        "guid": "806b2ef7-36d2-11ee-b5b0-005056013b0c",
        "code": 6,
        "name": "Прокат горячекатанный ТУ 1-9-1021-84",
        "parent": "806b2ae9-36d2-11ee-b5b0-005056013b0c",
        "archive": false,
        "dateOutputArchive": "0001-01-01T00:00:00Z"
    },
    {
        "guid": "806b2f9e-36d2-11ee-b5b0-005056013b0c",
        "code": 7,
        "name": "Листы спецстали АК",
        "parent": "806b2ae9-36d2-11ee-b5b0-005056013b0c",
        "archive": false,
        "dateOutputArchive": "0001-01-01T00:00:00Z"
    },
    {
        "guid": "806b3045-36d2-11ee-b5b0-005056013b0c",
        "code": 86,
        "name": "Прокат толстолистовой горячекатаный коррозионно-стойкий, жаростойкий и жаропрочный",
        "parent": "806b267e-36d2-11ee-b5b0-005056013b0c",
        "archive": false,
        "dateOutputArchive": "0001-01-01T00:00:00Z"
    },
    {
        "guid": "806b3110-36d2-11ee-b5b0-005056013b0c",
        "code": 1,
        "name": "Прокат листовой горячекатаный коррозионно-стойкий, жаростойкий и жаропрочный ГОСТ 19903-74",
        "parent": "806b3045-36d2-11ee-b5b0-005056013b0c",
        "archive": false,
        "dateOutputArchive": "0001-01-01T00:00:00Z"
    },
    {
        "guid": "806b2622-36d2-11ee-b5b0-005056013b0c",
        "code": 1,
        "name": "Листы",
        "parent": "806b25a2-36d2-11ee-b5b0-005056013b0c",
        "archive": false,
        "dateOutputArchive": "0001-01-01T00:00:00Z"
    },
    {
        "guid": "806b267e-36d2-11ee-b5b0-005056013b0c",
        "code": 9,
        "name": "Прокат черных металлов",
        "parent": "806b2622-36d2-11ee-b5b0-005056013b0c",
        "archive": false,
        "dateOutputArchive": "0001-01-01T00:00:00Z"
    },
    {
        "guid": "806b25a2-36d2-11ee-b5b0-005056013b0c",
        "code": 1,
        "name": "Металлы черные",
        "parent": "00000000-0000-0000-0000-000000000000",
        "archive": false,
        "dateOutputArchive": "0001-01-01T00:00:00Z"
    },
    {
        "guid": "806b31b7-36d2-11ee-b5b0-005056013b0c",
        "code": 89,
        "name": "Листы спецстали",
        "parent": "806b267e-36d2-11ee-b5b0-005056013b0c",
        "archive": false,
        "dateOutputArchive": "0001-01-01T00:00:00Z"
    },
    {
        "guid": "806b3282-36d2-11ee-b5b0-005056013b0c",
        "code": 1,
        "name": "Листы спецстали",
        "parent": "806b31b7-36d2-11ee-b5b0-005056013b0c",
        "archive": false,
        "dateOutputArchive": "0001-01-01T00:00:00Z"
    },
    {
        "guid": "806b3329-36d2-11ee-b5b0-005056013b0c",
        "code": 91,
        "name": "Прокат тонколистовой холоднокатаный",
        "parent": "806b267e-36d2-11ee-b5b0-005056013b0c",
        "archive": false,
        "dateOutputArchive": "0001-01-01T00:00:00Z"
    },
    {
        "guid": "806b3385-36d2-11ee-b5b0-005056013b0c",
        "code": 1,
        "name": "Прокат тонколистовой холоднокатаный из углеродистой стали качественной и обыкновенного качества общего назначения ГОСТ 19904-90",
        "parent": "806b3329-36d2-11ee-b5b0-005056013b0c",
        "archive": false,
        "dateOutputArchive": "0001-01-01T00:00:00Z"
    },
    {
        "guid": "806b342c-36d2-11ee-b5b0-005056013b0c",
        "code": 2,
        "name": "Прокат тонколистовой холоднокатаный из низкоуглеродистой качественной стали для холодной штамповки ГОСТ 19904-90",
        "parent": "806b3329-36d2-11ee-b5b0-005056013b0c",
        "archive": false,
        "dateOutputArchive": "0001-01-01T00:00:00Z"
    },
    {
        "guid": "806b34d3-36d2-11ee-b5b0-005056013b0c",
        "code": 3,
        "name": "Прокат листовой холоднокатаный из легированной конструкционной стали общего назначения ГОСТ 19904-90",
        "parent": "806b3329-36d2-11ee-b5b0-005056013b0c",
        "archive": false,
        "dateOutputArchive": "0001-01-01T00:00:00Z"
    },
    {
        "guid": "806b357a-36d2-11ee-b5b0-005056013b0c",
        "code": 4,
        "name": "Листы перфорированные «ПЕРФОКОМ»",
        "parent": "806b3329-36d2-11ee-b5b0-005056013b0c",
        "archive": false,
        "dateOutputArchive": "0001-01-01T00:00:00Z"
    },
    {
        "guid": "806b3623-36d2-11ee-b5b0-005056013b0c",
        "code": 5,
        "name": "Листы перфорированные",
        "parent": "806b3329-36d2-11ee-b5b0-005056013b0c",
        "archive": false,
        "dateOutputArchive": "0001-01-01T00:00:00Z"
    },
    {
        "guid": "806b36cb-36d2-11ee-b5b0-005056013b0c",
        "code": 93,
        "name": "Прокат тонколистовой из коррозионно-стойкой, жаростойкой и жаропрочной стали",
        "parent": "806b267e-36d2-11ee-b5b0-005056013b0c",
        "archive": false,
        "dateOutputArchive": "0001-01-01T00:00:00Z"
    },
    {
        "guid": "806b3796-36d2-11ee-b5b0-005056013b0c",
        "code": 1,
        "name": "Прокат тонколистовой из коррозионно-стойкой, жаростойкой и жаропрочной стали ГОСТ 19904-90",
        "parent": "806b36cb-36d2-11ee-b5b0-005056013b0c",
        "archive": false,
        "dateOutputArchive": "0001-01-01T00:00:00Z"
    },
    {
        "guid": "806b383d-36d2-11ee-b5b0-005056013b0c",
        "code": 11,
        "name": "Изделия дальнейшего передела",
        "parent": "806b2622-36d2-11ee-b5b0-005056013b0c",
        "archive": false,
        "dateOutputArchive": "0001-01-01T00:00:00Z"
    },
    {
        "guid": "806b3908-36d2-11ee-b5b0-005056013b0c",
        "code": 11,
        "name": "Прокат холоднокатаный из тонколистовой оцинкованной стали",
        "parent": "806b383d-36d2-11ee-b5b0-005056013b0c",
        "archive": false,
        "dateOutputArchive": "0001-01-01T00:00:00Z"
    },
    {
        "guid": "806b39d3-36d2-11ee-b5b0-005056013b0c",
        "code": 1,
        "name": "Прокат холоднокатаный из тонколистовой оцинкованной стали ГОСТ 19904-90",
        "parent": "806b3908-36d2-11ee-b5b0-005056013b0c",
        "archive": false,
        "dateOutputArchive": "0001-01-01T00:00:00Z"
    },
    {
        "guid": "806b3a7a-36d2-11ee-b5b0-005056013b0c",
        "code": 15,
        "name": "Жесть",
        "parent": "806b383d-36d2-11ee-b5b0-005056013b0c",
        "archive": false,
        "dateOutputArchive": "0001-01-01T00:00:00Z"
    },
    {
        "guid": "806b3b45-36d2-11ee-b5b0-005056013b0c",
        "code": 1,
        "name": "Жесть белая",
        "parent": "806b3a7a-36d2-11ee-b5b0-005056013b0c",
        "archive": false,
        "dateOutputArchive": "0001-01-01T00:00:00Z"
    },
    {
        "guid": "806b3bec-36d2-11ee-b5b0-005056013b0c",
        "code": 99,
        "name": "Листы, временно используемые в производстве (доработка складских остатков)",
        "parent": "806b2622-36d2-11ee-b5b0-005056013b0c",
        "archive": false,
        "dateOutputArchive": "0001-01-01T00:00:00Z"
    },
    {
        "guid": "806b3ca6-36d2-11ee-b5b0-005056013b0c",
        "code": 9,
        "name": "Прокат черных металлов",
        "parent": "806b3c24-36d2-11ee-b5b0-005056013b0c",
        "archive": false,
        "dateOutputArchive": "0001-01-01T00:00:00Z"
    },
    {
        "guid": "806b3d27-36d2-11ee-b5b0-005056013b0c",
        "code": 50,
        "name": "Прокат стальной горячекатаный",
        "parent": "806b3ca6-36d2-11ee-b5b0-005056013b0c",
        "archive": false,
        "dateOutputArchive": "0001-01-01T00:00:00Z"
    },
    {
        "guid": "806b3da8-36d2-11ee-b5b0-005056013b0c",
        "code": 1,
        "name": "Прокат сортовой стальной горячекатаный квадратный ГОСТ 2591-2006",
        "parent": "806b3d27-36d2-11ee-b5b0-005056013b0c",
        "archive": false,
        "dateOutputArchive": "0001-01-01T00:00:00Z"
    },
    {
        "guid": "806b3c24-36d2-11ee-b5b0-005056013b0c",
        "code": 2,
        "name": "Квадраты",
        "parent": "806b25a2-36d2-11ee-b5b0-005056013b0c",
        "archive": false,
        "dateOutputArchive": "0001-01-01T00:00:00Z"
    },
    {
        "guid": "806b3e05-36d2-11ee-b5b0-005056013b0c",
        "code": 11,
        "name": "Изделия дальнейшего передела",
        "parent": "806b3c24-36d2-11ee-b5b0-005056013b0c",
        "archive": false,
        "dateOutputArchive": "0001-01-01T00:00:00Z"
    },
    {
        "guid": "806b3e86-36d2-11ee-b5b0-005056013b0c",
        "code": 40,
        "name": "Прокат калиброванный",
        "parent": "806b3e05-36d2-11ee-b5b0-005056013b0c",
        "archive": false,
        "dateOutputArchive": "0001-01-01T00:00:00Z"
    },
    {
        "guid": "806b3f07-36d2-11ee-b5b0-005056013b0c",
        "code": 1,
        "name": "Прокат калиброванный квадратный ГОСТ 8559-75",
        "parent": "806b3e86-36d2-11ee-b5b0-005056013b0c",
        "archive": false,
        "dateOutputArchive": "0001-01-01T00:00:00Z"
    },
    {
        "guid": "806b3f64-36d2-11ee-b5b0-005056013b0c",
        "code": 99,
        "name": "Квадраты, временно используемые в производстве (доработка складских остатков)",
        "parent": "806b3c24-36d2-11ee-b5b0-005056013b0c",
        "archive": false,
        "dateOutputArchive": "0001-01-01T00:00:00Z"
    },
    {
        "guid": "806b3fc1-36d2-11ee-b5b0-005056013b0c",
        "code": 3,
        "name": "Шестигранники",
        "parent": "806b25a2-36d2-11ee-b5b0-005056013b0c",
        "archive": false,
        "dateOutputArchive": "0001-01-01T00:00:00Z"
    },
    {
        "guid": "806b4043-36d2-11ee-b5b0-005056013b0c",
        "code": 9,
        "name": "Прокат черных металлов",
        "parent": "806b3fc1-36d2-11ee-b5b0-005056013b0c",
        "archive": false,
        "dateOutputArchive": "0001-01-01T00:00:00Z"
    },
    {
        "guid": "806b40c4-36d2-11ee-b5b0-005056013b0c",
        "code": 50,
        "name": "Прокат стальной горячекатаный",
        "parent": "806b4043-36d2-11ee-b5b0-005056013b0c",
        "archive": false,
        "dateOutputArchive": "0001-01-01T00:00:00Z"
    },
    {
        "guid": "806b4145-36d2-11ee-b5b0-005056013b0c",
        "code": 1,
        "name": "Прокат сортовой стальной горячекатаный шестигранный ГОСТ 2879-2006",
        "parent": "806b40c4-36d2-11ee-b5b0-005056013b0c",
        "archive": false,
        "dateOutputArchive": "0001-01-01T00:00:00Z"
    },
    {
        "guid": "806b41a2-36d2-11ee-b5b0-005056013b0c",
        "code": 11,
        "name": "Изделия дальнейшего передела",
        "parent": "806b3fc1-36d2-11ee-b5b0-005056013b0c",
        "archive": false,
        "dateOutputArchive": "0001-01-01T00:00:00Z"
    },
    {
        "guid": "806b4223-36d2-11ee-b5b0-005056013b0c",
        "code": 40,
        "name": "Прокат калиброванный",
        "parent": "806b41a2-36d2-11ee-b5b0-005056013b0c",
        "archive": false,
        "dateOutputArchive": "0001-01-01T00:00:00Z"
    },
    {
        "guid": "806b42a4-36d2-11ee-b5b0-005056013b0c",
        "code": 1,
        "name": "Прокат калиброванный шестигранный ГОСТ 8560-78",
        "parent": "806b4223-36d2-11ee-b5b0-005056013b0c",
        "archive": false,
        "dateOutputArchive": "0001-01-01T00:00:00Z"
    },
    {
        "guid": "806b4301-36d2-11ee-b5b0-005056013b0c",
        "code": 99,
        "name": "Шестигранники, временно используемые в производстве (доработка складских остатков)",
        "parent": "806b3fc1-36d2-11ee-b5b0-005056013b0c",
        "archive": false,
        "dateOutputArchive": "0001-01-01T00:00:00Z"
    },
    {
        "guid": "806b435e-36d2-11ee-b5b0-005056013b0c",
        "code": 4,
        "name": "Круги",
        "parent": "806b25a2-36d2-11ee-b5b0-005056013b0c",
        "archive": false,
        "dateOutputArchive": "0001-01-01T00:00:00Z"
    },
    {
        "guid": "806b43ba-36d2-11ee-b5b0-005056013b0c",
        "code": 9,
        "name": "Прокат черных металлов",
        "parent": "806b435e-36d2-11ee-b5b0-005056013b0c",
        "archive": false,
        "dateOutputArchive": "0001-01-01T00:00:00Z"
    },
    {
        "guid": "806b443c-36d2-11ee-b5b0-005056013b0c",
        "code": 30,
        "name": "Прокат стальной горячекатаный низколегированный",
        "parent": "806b43ba-36d2-11ee-b5b0-005056013b0c",
        "archive": false,
        "dateOutputArchive": "0001-01-01T00:00:00Z"
    },
    {
        "guid": "806b44bd-36d2-11ee-b5b0-005056013b0c",
        "code": 1,
        "name": "Прокат сортовой стальной горячекатаный конструкционный низколегированный ГОСТ 2590-2006",
        "parent": "806b443c-36d2-11ee-b5b0-005056013b0c",
        "archive": false,
        "dateOutputArchive": "0001-01-01T00:00:00Z"
    },
    {
        "guid": "806b451a-36d2-11ee-b5b0-005056013b0c",
        "code": 34,
        "name": "Прокат горячекатаный круглый обыкновенного качества",
        "parent": "806b43ba-36d2-11ee-b5b0-005056013b0c",
        "archive": false,
        "dateOutputArchive": "0001-01-01T00:00:00Z"
    },
    {
        "guid": "806b459b-36d2-11ee-b5b0-005056013b0c",
        "code": 1,
        "name": "Прокат сортовой стальной горячекатаный круглый обыкновенного качества ГОСТ 2590-2006",
        "parent": "806b451a-36d2-11ee-b5b0-005056013b0c",
        "archive": false,
        "dateOutputArchive": "0001-01-01T00:00:00Z"
    },
    {
        "guid": "806b45f8-36d2-11ee-b5b0-005056013b0c",
        "code": 50,
        "name": "Прокат стальной горячекатаный",
        "parent": "806b43ba-36d2-11ee-b5b0-005056013b0c",
        "archive": false,
        "dateOutputArchive": "0001-01-01T00:00:00Z"
    },
    {
        "guid": "806b4679-36d2-11ee-b5b0-005056013b0c",
        "code": 1,
        "name": "Прокат сортовой стальной горячекатаный конструкционный углеродистый ГОСТ 2590-2006",
        "parent": "806b45f8-36d2-11ee-b5b0-005056013b0c",
        "archive": false,
        "dateOutputArchive": "0001-01-01T00:00:00Z"
    },
    {
        "guid": "806b46d6-36d2-11ee-b5b0-005056013b0c",
        "code": 2,
        "name": "Прокат сортовой стальной горячекатаный конструкционный легированный ГОСТ 2590-2006",
        "parent": "806b45f8-36d2-11ee-b5b0-005056013b0c",
        "archive": false,
        "dateOutputArchive": "0001-01-01T00:00:00Z"
    },
    {
        "guid": "806b4733-36d2-11ee-b5b0-005056013b0c",
        "code": 3,
        "name": "Прокат сортовой стальной горячекатаный конструкционной по ТУ 14-1-4566-89",
        "parent": "806b45f8-36d2-11ee-b5b0-005056013b0c",
        "archive": false,
        "dateOutputArchive": "0001-01-01T00:00:00Z"
    },
    {
        "guid": "806b4790-36d2-11ee-b5b0-005056013b0c",
        "code": 4,
        "name": "Прокат круглый из рессорно-пружинной углеродистой и легированной стали ГОСТ 2590-2006",
        "parent": "806b45f8-36d2-11ee-b5b0-005056013b0c",
        "archive": false,
        "dateOutputArchive": "0001-01-01T00:00:00Z"
    },
    {
        "guid": "806b47ed-36d2-11ee-b5b0-005056013b0c",
        "code": 51,
        "name": "Прокат для холодного выдавливания и высадки",
        "parent": "806b43ba-36d2-11ee-b5b0-005056013b0c",
        "archive": false,
        "dateOutputArchive": "0001-01-01T00:00:00Z"
    },
    {
        "guid": "806b486e-36d2-11ee-b5b0-005056013b0c",
        "code": 1,
        "name": "Прокат качественный конструкционный углеродистый и легированный для холодного выдавливания и высадки ГОСТ 10702-78",
        "parent": "806b47ed-36d2-11ee-b5b0-005056013b0c",
        "archive": false,
        "dateOutputArchive": "0001-01-01T00:00:00Z"
    },
    {
        "guid": "806b48cb-36d2-11ee-b5b0-005056013b0c",
        "code": 56,
        "name": "Прокат горячекатаный сортовой конструкционный подшипниковый",
        "parent": "806b43ba-36d2-11ee-b5b0-005056013b0c",
        "archive": false,
        "dateOutputArchive": "0001-01-01T00:00:00Z"
    },
    {
        "guid": "806b494c-36d2-11ee-b5b0-005056013b0c",
        "code": 1,
        "name": "Прокат сортовой стальной горячекатаный конструкционный подшипниковый ГОСТ 2590-2006",
        "parent": "806b48cb-36d2-11ee-b5b0-005056013b0c",
        "archive": false,
        "dateOutputArchive": "0001-01-01T00:00:00Z"
    },
    {
        "guid": "806b49a9-36d2-11ee-b5b0-005056013b0c",
        "code": 58,
        "name": "Прокат горячекатаный сортовой конструкционный никельсодержащий",
        "parent": "806b43ba-36d2-11ee-b5b0-005056013b0c",
        "archive": false,
        "dateOutputArchive": "0001-01-01T00:00:00Z"
    },
    {
        "guid": "806b4a2a-36d2-11ee-b5b0-005056013b0c",
        "code": 1,
        "name": "Прокат сортовой стальной горячекатаный конструкционный по ТУ 14-1-1725-76",
        "parent": "806b49a9-36d2-11ee-b5b0-005056013b0c",
        "archive": false,
        "dateOutputArchive": "0001-01-01T00:00:00Z"
    },
    {
        "guid": "806b4a87-36d2-11ee-b5b0-005056013b0c",
        "code": 61,
        "name": "Прокат горячекатаный сортовой инструментальный",
        "parent": "806b43ba-36d2-11ee-b5b0-005056013b0c",
        "archive": false,
        "dateOutputArchive": "0001-01-01T00:00:00Z"
    },
    {
        "guid": "806b4b08-36d2-11ee-b5b0-005056013b0c",
        "code": 1,
        "name": "Прокат сортовой стальной горячекатаный инструментальный нелегированный ГОСТ 2590-2006",
        "parent": "806b4a87-36d2-11ee-b5b0-005056013b0c",
        "archive": false,
        "dateOutputArchive": "0001-01-01T00:00:00Z"
    },
    {
        "guid": "806b4b65-36d2-11ee-b5b0-005056013b0c",
        "code": 63,
        "name": "Прокат горячекатаный сортовой конструкционный коррозионно-стойкий, жаропрочный",
        "parent": "806b43ba-36d2-11ee-b5b0-005056013b0c",
        "archive": false,
        "dateOutputArchive": "0001-01-01T00:00:00Z"
    },
    {
        "guid": "806b4be6-36d2-11ee-b5b0-005056013b0c",
        "code": 1,
        "name": "Прокат сортовой стальной горячекатаный конструкционный коррозионностойкий, жаропрочный ГОСТ 2590-2006",
        "parent": "806b4b65-36d2-11ee-b5b0-005056013b0c",
        "archive": false,
        "dateOutputArchive": "0001-01-01T00:00:00Z"
    },
    {
        "guid": "84f01c49-36d2-11ee-b5b0-005056013b0c",
        "code": 13,
        "name": "Трубы стальные",
        "parent": "84f01bed-36d2-11ee-b5b0-005056013b0c",
        "archive": false,
        "dateOutputArchive": "0001-01-01T00:00:00Z"
    },
    {
        "guid": "806b4c43-36d2-11ee-b5b0-005056013b0c",
        "code": 66,
        "name": "Прокат сортовой из прецизионных сплавов с высоким электрическим сопротивлением",
        "parent": "806b43ba-36d2-11ee-b5b0-005056013b0c",
        "archive": false,
        "dateOutputArchive": "0001-01-01T00:00:00Z"
    },
    {
        "guid": "84f014af-36d2-11ee-b5b0-005056013b0c",
        "code": 1,
        "name": "Прокат сортовой из прецизионных сплавов с высоким электрическим сопротивлением ГОСТ 12766.4-90",
        "parent": "806b4c43-36d2-11ee-b5b0-005056013b0c",
        "archive": false,
        "dateOutputArchive": "0001-01-01T00:00:00Z"
    },
    {
        "guid": "84f0150c-36d2-11ee-b5b0-005056013b0c",
        "code": 70,
        "name": "Поковки",
        "parent": "806b43ba-36d2-11ee-b5b0-005056013b0c",
        "archive": false,
        "dateOutputArchive": "0001-01-01T00:00:00Z"
    },
    {
        "guid": "84f0158d-36d2-11ee-b5b0-005056013b0c",
        "code": 1,
        "name": "Поковки",
        "parent": "84f0150c-36d2-11ee-b5b0-005056013b0c",
        "archive": false,
        "dateOutputArchive": "0001-01-01T00:00:00Z"
    },
    {
        "guid": "84f015ea-36d2-11ee-b5b0-005056013b0c",
        "code": 11,
        "name": "Изделия дальнейшего передела",
        "parent": "806b435e-36d2-11ee-b5b0-005056013b0c",
        "archive": false,
        "dateOutputArchive": "0001-01-01T00:00:00Z"
    },
    {
        "guid": "84f01646-36d2-11ee-b5b0-005056013b0c",
        "code": 40,
        "name": "Прокат калиброванный круглый",
        "parent": "84f015ea-36d2-11ee-b5b0-005056013b0c",
        "archive": false,
        "dateOutputArchive": "0001-01-01T00:00:00Z"
    },
    {
        "guid": "84f016c7-36d2-11ee-b5b0-005056013b0c",
        "code": 1,
        "name": "Прокат калиброванный круглый углеродистый ГОСТ 7417-75",
        "parent": "84f01646-36d2-11ee-b5b0-005056013b0c",
        "archive": false,
        "dateOutputArchive": "0001-01-01T00:00:00Z"
    },
    {
        "guid": "84f01724-36d2-11ee-b5b0-005056013b0c",
        "code": 2,
        "name": "Прокат калиброванный круглый легированный ГОСТ 7417-75",
        "parent": "84f01646-36d2-11ee-b5b0-005056013b0c",
        "archive": false,
        "dateOutputArchive": "0001-01-01T00:00:00Z"
    },
    {
        "guid": "84f01781-36d2-11ee-b5b0-005056013b0c",
        "code": 3,
        "name": "Прокат калиброванный круглый коррозионно-стойкий, жаропрочный ГОСТ 7417-75",
        "parent": "84f01646-36d2-11ee-b5b0-005056013b0c",
        "archive": false,
        "dateOutputArchive": "0001-01-01T00:00:00Z"
    },
    {
        "guid": "84f017de-36d2-11ee-b5b0-005056013b0c",
        "code": 4,
        "name": "Прокат калиброванный круглый из рессорно-пружинной углеродистой и легированной стали ГОСТ 7417-75",
        "parent": "84f01646-36d2-11ee-b5b0-005056013b0c",
        "archive": false,
        "dateOutputArchive": "0001-01-01T00:00:00Z"
    },
    {
        "guid": "84f0183b-36d2-11ee-b5b0-005056013b0c",
        "code": 5,
        "name": "Сталь качественная круглая со специальной отделкой поверхности ГОСТ 14955-77",
        "parent": "84f01646-36d2-11ee-b5b0-005056013b0c",
        "archive": false,
        "dateOutputArchive": "0001-01-01T00:00:00Z"
    },
    {
        "guid": "84f01898-36d2-11ee-b5b0-005056013b0c",
        "code": 6,
        "name": "Прокат калиброванный для холодной высадки",
        "parent": "84f01646-36d2-11ee-b5b0-005056013b0c",
        "archive": false,
        "dateOutputArchive": "0001-01-01T00:00:00Z"
    },
    {
        "guid": "84f018f5-36d2-11ee-b5b0-005056013b0c",
        "code": 7,
        "name": "Шток хромированный",
        "parent": "84f01646-36d2-11ee-b5b0-005056013b0c",
        "archive": false,
        "dateOutputArchive": "0001-01-01T00:00:00Z"
    },
    {
        "guid": "84f01952-36d2-11ee-b5b0-005056013b0c",
        "code": 8,
        "name": "Прокат сортовой холоднотянутый подшипниковый ГОСТ 7417-75",
        "parent": "84f01646-36d2-11ee-b5b0-005056013b0c",
        "archive": false,
        "dateOutputArchive": "0001-01-01T00:00:00Z"
    },
    {
        "guid": "84f019af-36d2-11ee-b5b0-005056013b0c",
        "code": 50,
        "name": "Прокат термически обработанный шлифованный",
        "parent": "84f015ea-36d2-11ee-b5b0-005056013b0c",
        "archive": false,
        "dateOutputArchive": "0001-01-01T00:00:00Z"
    },
    {
        "guid": "84f01a30-36d2-11ee-b5b0-005056013b0c",
        "code": 1,
        "name": "Прутки нагартованные, термически обработанные шлифованные из высоколегированной и коррозионностойкой стали ГОСТ 18907-73",
        "parent": "84f019af-36d2-11ee-b5b0-005056013b0c",
        "archive": false,
        "dateOutputArchive": "0001-01-01T00:00:00Z"
    },
    {
        "guid": "84f01a8d-36d2-11ee-b5b0-005056013b0c",
        "code": 60,
        "name": "Прокат высокой точности",
        "parent": "84f015ea-36d2-11ee-b5b0-005056013b0c",
        "archive": false,
        "dateOutputArchive": "0001-01-01T00:00:00Z"
    },
    {
        "guid": "84f01b33-36d2-11ee-b5b0-005056013b0c",
        "code": 1,
        "name": "Сталь чистотянутая для шпонок ГОСТ 8787-68",
        "parent": "84f01a8d-36d2-11ee-b5b0-005056013b0c",
        "archive": false,
        "dateOutputArchive": "0001-01-01T00:00:00Z"
    },
    {
        "guid": "84f01bb5-36d2-11ee-b5b0-005056013b0c",
        "code": 99,
        "name": "Круги, временно используемые в производстве (доработка складских остатков)",
        "parent": "806b435e-36d2-11ee-b5b0-005056013b0c",
        "archive": false,
        "dateOutputArchive": "0001-01-01T00:00:00Z"
    },
    {
        "guid": "84f01bed-36d2-11ee-b5b0-005056013b0c",
        "code": 5,
        "name": "Трубы",
        "parent": "806b25a2-36d2-11ee-b5b0-005056013b0c",
        "archive": false,
        "dateOutputArchive": "0001-01-01T00:00:00Z"
    },
    {
        "guid": "84f01ca5-36d2-11ee-b5b0-005056013b0c",
        "code": 14,
        "name": "Трубы подшипниковые",
        "parent": "84f01c49-36d2-11ee-b5b0-005056013b0c",
        "archive": false,
        "dateOutputArchive": "0001-01-01T00:00:00Z"
    },
    {
        "guid": "84f01d4d-36d2-11ee-b5b0-005056013b0c",
        "code": 1,
        "name": "Трубы подшипниковые ГОСТ 800-78",
        "parent": "84f01ca5-36d2-11ee-b5b0-005056013b0c",
        "archive": false,
        "dateOutputArchive": "0001-01-01T00:00:00Z"
    },
    {
        "guid": "84f01dcf-36d2-11ee-b5b0-005056013b0c",
        "code": 19,
        "name": "Трубы катаные",
        "parent": "84f01c49-36d2-11ee-b5b0-005056013b0c",
        "archive": false,
        "dateOutputArchive": "0001-01-01T00:00:00Z"
    },
    {
        "guid": "84f01e2b-36d2-11ee-b5b0-005056013b0c",
        "code": 1,
        "name": "Трубы стальные бесшовные горячедеформированные ГОСТ 8732-78",
        "parent": "84f01dcf-36d2-11ee-b5b0-005056013b0c",
        "archive": false,
        "dateOutputArchive": "0001-01-01T00:00:00Z"
    },
    {
        "guid": "84f01ead-36d2-11ee-b5b0-005056013b0c",
        "code": 2,
        "name": "Трубы горячекатаные ТС 257-07",
        "parent": "84f01dcf-36d2-11ee-b5b0-005056013b0c",
        "archive": false,
        "dateOutputArchive": "0001-01-01T00:00:00Z"
    },
    {
        "guid": "84f01f30-36d2-11ee-b5b0-005056013b0c",
        "code": 3,
        "name": "Трубы горячекатаные ТС 77-02",
        "parent": "84f01dcf-36d2-11ee-b5b0-005056013b0c",
        "archive": false,
        "dateOutputArchive": "0001-01-01T00:00:00Z"
    },
    {
        "guid": "8c5aea59-36d2-11ee-b5b0-005056013b0c",
        "code": 1,
        "name": "Профиль ножа",
        "parent": "8c5ae9fd-36d2-11ee-b5b0-005056013b0c",
        "archive": false,
        "dateOutputArchive": "0001-01-01T00:00:00Z"
    },
    {
        "guid": "84f01fb2-36d2-11ee-b5b0-005056013b0c",
        "code": 4,
        "name": "Трубы стальные бесшовные горячекатаные толстостенные из литого слитка ТУ 14-3Р-50-2001",
        "parent": "84f01dcf-36d2-11ee-b5b0-005056013b0c",
        "archive": false,
        "dateOutputArchive": "0001-01-01T00:00:00Z"
    },
    {
        "guid": "84f02034-36d2-11ee-b5b0-005056013b0c",
        "code": 5,
        "name": "Трубы стальные бесшовные горячедеформированные для нефтегазопроводов ТУ 14-3Р-44-2001",
        "parent": "84f01dcf-36d2-11ee-b5b0-005056013b0c",
        "archive": false,
        "dateOutputArchive": "0001-01-01T00:00:00Z"
    },
    {
        "guid": "84f020b6-36d2-11ee-b5b0-005056013b0c",
        "code": 6,
        "name": "Трубы бесшовные горячедеформированные из коррозионностойкой стали ГОСТ 9940-81",
        "parent": "84f01dcf-36d2-11ee-b5b0-005056013b0c",
        "archive": false,
        "dateOutputArchive": "0001-01-01T00:00:00Z"
    },
    {
        "guid": "84f02138-36d2-11ee-b5b0-005056013b0c",
        "code": 40,
        "name": "Трубы тянутые",
        "parent": "84f01c49-36d2-11ee-b5b0-005056013b0c",
        "archive": false,
        "dateOutputArchive": "0001-01-01T00:00:00Z"
    },
    {
        "guid": "84f02194-36d2-11ee-b5b0-005056013b0c",
        "code": 1,
        "name": "Трубы стальные бесшовные холоднодеформированные ГОСТ 8734-75",
        "parent": "84f02138-36d2-11ee-b5b0-005056013b0c",
        "archive": false,
        "dateOutputArchive": "0001-01-01T00:00:00Z"
    },
    {
        "guid": "86635496-36d2-11ee-b5b0-005056013b0c",
        "code": 2,
        "name": "Трубы стальные электросварные прямошовные ГОСТ 10704-91",
        "parent": "84f02138-36d2-11ee-b5b0-005056013b0c",
        "archive": false,
        "dateOutputArchive": "0001-01-01T00:00:00Z"
    },
    {
        "guid": "86635518-36d2-11ee-b5b0-005056013b0c",
        "code": 3,
        "name": "Трубы стальные электросварные холоднодеформированные для карданных валов ГОСТ 5005-82",
        "parent": "84f02138-36d2-11ee-b5b0-005056013b0c",
        "archive": false,
        "dateOutputArchive": "0001-01-01T00:00:00Z"
    },
    {
        "guid": "8663559a-36d2-11ee-b5b0-005056013b0c",
        "code": 4,
        "name": "Трубы холоднодеформированные ТУ 14-3-575-90, ПР890-2002",
        "parent": "84f02138-36d2-11ee-b5b0-005056013b0c",
        "archive": false,
        "dateOutputArchive": "0001-01-01T00:00:00Z"
    },
    {
        "guid": "8663561c-36d2-11ee-b5b0-005056013b0c",
        "code": 5,
        "name": "Трубы стальные бесшовные высокого давления ГОСТ 11017-80",
        "parent": "84f02138-36d2-11ee-b5b0-005056013b0c",
        "archive": false,
        "dateOutputArchive": "0001-01-01T00:00:00Z"
    },
    {
        "guid": "8663569e-36d2-11ee-b5b0-005056013b0c",
        "code": 6,
        "name": "Трубы стальные бесшовные холоднодеформируемые производства фирмы ШТАУФФ",
        "parent": "84f02138-36d2-11ee-b5b0-005056013b0c",
        "archive": false,
        "dateOutputArchive": "0001-01-01T00:00:00Z"
    },
    {
        "guid": "86635720-36d2-11ee-b5b0-005056013b0c",
        "code": 44,
        "name": "Трубы тянутые прецизионные, прямоугольные, квадратные",
        "parent": "84f01c49-36d2-11ee-b5b0-005056013b0c",
        "archive": false,
        "dateOutputArchive": "0001-01-01T00:00:00Z"
    },
    {
        "guid": "8663577c-36d2-11ee-b5b0-005056013b0c",
        "code": 1,
        "name": "Трубы стальные прецизионные ГОСТ 9567-75",
        "parent": "86635720-36d2-11ee-b5b0-005056013b0c",
        "archive": false,
        "dateOutputArchive": "0001-01-01T00:00:00Z"
    },
    {
        "guid": "866357fe-36d2-11ee-b5b0-005056013b0c",
        "code": 2,
        "name": "Трубы стальные прямоугольные ГОСТ 8645-68",
        "parent": "86635720-36d2-11ee-b5b0-005056013b0c",
        "archive": false,
        "dateOutputArchive": "0001-01-01T00:00:00Z"
    },
    {
        "guid": "866358a7-36d2-11ee-b5b0-005056013b0c",
        "code": 3,
        "name": "Трубы стальные квадратные ГОСТ 8639-82",
        "parent": "86635720-36d2-11ee-b5b0-005056013b0c",
        "archive": false,
        "dateOutputArchive": "0001-01-01T00:00:00Z"
    },
    {
        "guid": "86636371-36d2-11ee-b5b0-005056013b0c",
        "code": 99,
        "name": "Полосы, временно используемые в производстве (доработка складских остатков)",
        "parent": "86635f07-36d2-11ee-b5b0-005056013b0c",
        "archive": false,
        "dateOutputArchive": "0001-01-01T00:00:00Z"
    },
    {
        "guid": "86635929-36d2-11ee-b5b0-005056013b0c",
        "code": 4,
        "name": "Профили стальные гнутые замкнутые сварные квадратные и прямоугольные для строительных конструкций",
        "parent": "86635720-36d2-11ee-b5b0-005056013b0c",
        "archive": false,
        "dateOutputArchive": "0001-01-01T00:00:00Z"
    },
    {
        "guid": "866359d0-36d2-11ee-b5b0-005056013b0c",
        "code": 5,
        "name": "Трубы стальные электросварные прямоугольного и квадратного сечения ТУ 14-3-462-76",
        "parent": "86635720-36d2-11ee-b5b0-005056013b0c",
        "archive": false,
        "dateOutputArchive": "0001-01-01T00:00:00Z"
    },
    {
        "guid": "86635a77-36d2-11ee-b5b0-005056013b0c",
        "code": 6,
        "name": "Профили стальные гнутые замкнутые сварные квадратные и прямоугольные ГОСТ 25577-83",
        "parent": "86635720-36d2-11ee-b5b0-005056013b0c",
        "archive": false,
        "dateOutputArchive": "0001-01-01T00:00:00Z"
    },
    {
        "guid": "86635b1e-36d2-11ee-b5b0-005056013b0c",
        "code": 51,
        "name": "Трубы тонкостенные углерод",
        "parent": "84f01c49-36d2-11ee-b5b0-005056013b0c",
        "archive": false,
        "dateOutputArchive": "0001-01-01T00:00:00Z"
    },
    {
        "guid": "86635bc4-36d2-11ee-b5b0-005056013b0c",
        "code": 1,
        "name": "Трубы стальные бесшовные холоднодеформированные для судостроения ГОСТ 1060-83",
        "parent": "86635b1e-36d2-11ee-b5b0-005056013b0c",
        "archive": false,
        "dateOutputArchive": "0001-01-01T00:00:00Z"
    },
    {
        "guid": "86635c46-36d2-11ee-b5b0-005056013b0c",
        "code": 60,
        "name": "Трубы тонкостенные нерж",
        "parent": "84f01c49-36d2-11ee-b5b0-005056013b0c",
        "archive": false,
        "dateOutputArchive": "0001-01-01T00:00:00Z"
    },
    {
        "guid": "86635cec-36d2-11ee-b5b0-005056013b0c",
        "code": 1,
        "name": "Трубы бесшовные холодно и теплодеформированные из коррозионной стали ГОСТ 9941-81",
        "parent": "86635c46-36d2-11ee-b5b0-005056013b0c",
        "archive": false,
        "dateOutputArchive": "0001-01-01T00:00:00Z"
    },
    {
        "guid": "86635d6e-36d2-11ee-b5b0-005056013b0c",
        "code": 2,
        "name": "Трубы стальные бесшовные для маслопроводов и топливопроводов ГОСТ 19277-73",
        "parent": "86635c46-36d2-11ee-b5b0-005056013b0c",
        "archive": false,
        "dateOutputArchive": "0001-01-01T00:00:00Z"
    },
    {
        "guid": "86635df0-36d2-11ee-b5b0-005056013b0c",
        "code": 85,
        "name": "Трубы стальные водогазопроводные",
        "parent": "84f01c49-36d2-11ee-b5b0-005056013b0c",
        "archive": false,
        "dateOutputArchive": "0001-01-01T00:00:00Z"
    },
    {
        "guid": "86635e4c-36d2-11ee-b5b0-005056013b0c",
        "code": 1,
        "name": "Трубы стальные водогазопроводные ГОСТ 3262-75",
        "parent": "86635df0-36d2-11ee-b5b0-005056013b0c",
        "archive": false,
        "dateOutputArchive": "0001-01-01T00:00:00Z"
    },
    {
        "guid": "86635f07-36d2-11ee-b5b0-005056013b0c",
        "code": 6,
        "name": "Полоса",
        "parent": "806b25a2-36d2-11ee-b5b0-005056013b0c",
        "archive": false,
        "dateOutputArchive": "0001-01-01T00:00:00Z"
    },
    {
        "guid": "86635f63-36d2-11ee-b5b0-005056013b0c",
        "code": 9,
        "name": "Прокат черных металлов",
        "parent": "86635f07-36d2-11ee-b5b0-005056013b0c",
        "archive": false,
        "dateOutputArchive": "0001-01-01T00:00:00Z"
    },
    {
        "guid": "86635fbf-36d2-11ee-b5b0-005056013b0c",
        "code": 50,
        "name": "Полоса стальная",
        "parent": "86635f63-36d2-11ee-b5b0-005056013b0c",
        "archive": false,
        "dateOutputArchive": "0001-01-01T00:00:00Z"
    },
    {
        "guid": "86636065-36d2-11ee-b5b0-005056013b0c",
        "code": 1,
        "name": "Прокат сортовой стальной горячекатаный полосовой ГОСТ 103-2006",
        "parent": "86635fbf-36d2-11ee-b5b0-005056013b0c",
        "archive": false,
        "dateOutputArchive": "0001-01-01T00:00:00Z"
    },
    {
        "guid": "866360e7-36d2-11ee-b5b0-005056013b0c",
        "code": 2,
        "name": "Профили стальные холоднодеформированные высокой точности ТУ 14-11-245-88",
        "parent": "86635fbf-36d2-11ee-b5b0-005056013b0c",
        "archive": false,
        "dateOutputArchive": "0001-01-01T00:00:00Z"
    },
    {
        "guid": "86636169-36d2-11ee-b5b0-005056013b0c",
        "code": 3,
        "name": "Прокат сортовой стальной горячекатаный полосовой рессорно-пружинный ГОСТ 7419-90",
        "parent": "86635fbf-36d2-11ee-b5b0-005056013b0c",
        "archive": false,
        "dateOutputArchive": "0001-01-01T00:00:00Z"
    },
    {
        "guid": "866361eb-36d2-11ee-b5b0-005056013b0c",
        "code": 4,
        "name": "Прокат сортовой стальной горячекатаный полосовой ТУ 14-1-5240-93",
        "parent": "86635fbf-36d2-11ee-b5b0-005056013b0c",
        "archive": false,
        "dateOutputArchive": "0001-01-01T00:00:00Z"
    },
    {
        "guid": "8663626d-36d2-11ee-b5b0-005056013b0c",
        "code": 5,
        "name": "Прокат широкополосный универсальный ГОСТ 82-70",
        "parent": "86635fbf-36d2-11ee-b5b0-005056013b0c",
        "archive": false,
        "dateOutputArchive": "0001-01-01T00:00:00Z"
    },
    {
        "guid": "866362ef-36d2-11ee-b5b0-005056013b0c",
        "code": 6,
        "name": "Прокат листовой и полосовой термообработанный повышенного качества ТУ 14-1-4632-93",
        "parent": "86635fbf-36d2-11ee-b5b0-005056013b0c",
        "archive": false,
        "dateOutputArchive": "0001-01-01T00:00:00Z"
    },
    {
        "guid": "866363a9-36d2-11ee-b5b0-005056013b0c",
        "code": 7,
        "name": "Уголки",
        "parent": "806b25a2-36d2-11ee-b5b0-005056013b0c",
        "archive": false,
        "dateOutputArchive": "0001-01-01T00:00:00Z"
    },
    {
        "guid": "86636405-36d2-11ee-b5b0-005056013b0c",
        "code": 9,
        "name": "Прокат черных металлов",
        "parent": "866363a9-36d2-11ee-b5b0-005056013b0c",
        "archive": false,
        "dateOutputArchive": "0001-01-01T00:00:00Z"
    },
    {
        "guid": "86636461-36d2-11ee-b5b0-005056013b0c",
        "code": 30,
        "name": "Уголки стальные",
        "parent": "86636405-36d2-11ee-b5b0-005056013b0c",
        "archive": false,
        "dateOutputArchive": "0001-01-01T00:00:00Z"
    },
    {
        "guid": "86636509-36d2-11ee-b5b0-005056013b0c",
        "code": 1,
        "name": "Уголки стальные горячекатанные равнополочные ГОСТ 8509-93",
        "parent": "86636461-36d2-11ee-b5b0-005056013b0c",
        "archive": false,
        "dateOutputArchive": "0001-01-01T00:00:00Z"
    },
    {
        "guid": "8c5aeadb-36d2-11ee-b5b0-005056013b0c",
        "code": 2,
        "name": "Полоса башмачная для тракторов",
        "parent": "8c5ae9fd-36d2-11ee-b5b0-005056013b0c",
        "archive": false,
        "dateOutputArchive": "0001-01-01T00:00:00Z"
    },
    {
        "guid": "866365b1-36d2-11ee-b5b0-005056013b0c",
        "code": 2,
        "name": "Уголки стальные горячекатанные неравнополочные ГОСТ 8510-86",
        "parent": "86636461-36d2-11ee-b5b0-005056013b0c",
        "archive": false,
        "dateOutputArchive": "0001-01-01T00:00:00Z"
    },
    {
        "guid": "86636659-36d2-11ee-b5b0-005056013b0c",
        "code": 8,
        "name": "Ленты",
        "parent": "806b25a2-36d2-11ee-b5b0-005056013b0c",
        "archive": false,
        "dateOutputArchive": "0001-01-01T00:00:00Z"
    },
    {
        "guid": "866366ff-36d2-11ee-b5b0-005056013b0c",
        "code": 9,
        "name": "Прокат черных металлов",
        "parent": "86636659-36d2-11ee-b5b0-005056013b0c",
        "archive": false,
        "dateOutputArchive": "0001-01-01T00:00:00Z"
    },
    {
        "guid": "866367a5-36d2-11ee-b5b0-005056013b0c",
        "code": 35,
        "name": "Лента стальная горячекатаная",
        "parent": "866366ff-36d2-11ee-b5b0-005056013b0c",
        "archive": false,
        "dateOutputArchive": "0001-01-01T00:00:00Z"
    },
    {
        "guid": "8663684b-36d2-11ee-b5b0-005056013b0c",
        "code": 1,
        "name": "Лента стальная горячекатаная ГОСТ 6009-74",
        "parent": "866367a5-36d2-11ee-b5b0-005056013b0c",
        "archive": false,
        "dateOutputArchive": "0001-01-01T00:00:00Z"
    },
    {
        "guid": "866368cd-36d2-11ee-b5b0-005056013b0c",
        "code": 12,
        "name": "Метизы",
        "parent": "86636659-36d2-11ee-b5b0-005056013b0c",
        "archive": false,
        "dateOutputArchive": "0001-01-01T00:00:00Z"
    },
    {
        "guid": "86636973-36d2-11ee-b5b0-005056013b0c",
        "code": 30,
        "name": "Лента холоднокатаная",
        "parent": "866368cd-36d2-11ee-b5b0-005056013b0c",
        "archive": false,
        "dateOutputArchive": "0001-01-01T00:00:00Z"
    },
    {
        "guid": "8c5aeeb4-36d2-11ee-b5b0-005056013b0c",
        "code": 9,
        "name": "Прокат черных металлов",
        "parent": "8c5aee58-36d2-11ee-b5b0-005056013b0c",
        "archive": false,
        "dateOutputArchive": "0001-01-01T00:00:00Z"
    },
    {
        "guid": "86636a19-36d2-11ee-b5b0-005056013b0c",
        "code": 1,
        "name": "Лента холоднокатаная из низкоуглеродистой стали ГОСТ 503-81",
        "parent": "86636973-36d2-11ee-b5b0-005056013b0c",
        "archive": false,
        "dateOutputArchive": "0001-01-01T00:00:00Z"
    },
    {
        "guid": "86636a9b-36d2-11ee-b5b0-005056013b0c",
        "code": 2,
        "name": "Лента холоднокатаная из инструментальной и пружинной стали ГОСТ 2283-79",
        "parent": "86636973-36d2-11ee-b5b0-005056013b0c",
        "archive": false,
        "dateOutputArchive": "0001-01-01T00:00:00Z"
    },
    {
        "guid": "86636b1d-36d2-11ee-b5b0-005056013b0c",
        "code": 3,
        "name": "Лента холоднокатаная термообработанная ГОСТ 21996-76",
        "parent": "86636973-36d2-11ee-b5b0-005056013b0c",
        "archive": false,
        "dateOutputArchive": "0001-01-01T00:00:00Z"
    },
    {
        "guid": "86636b9f-36d2-11ee-b5b0-005056013b0c",
        "code": 4,
        "name": "Лента стальная упаковочная ГОСТ 3560-73",
        "parent": "86636973-36d2-11ee-b5b0-005056013b0c",
        "archive": false,
        "dateOutputArchive": "0001-01-01T00:00:00Z"
    },
    {
        "guid": "86636c21-36d2-11ee-b5b0-005056013b0c",
        "code": 5,
        "name": "Лента холоднокатаная повышенной точности ГОСТ 19851-74",
        "parent": "86636973-36d2-11ee-b5b0-005056013b0c",
        "archive": false,
        "dateOutputArchive": "0001-01-01T00:00:00Z"
    },
    {
        "guid": "86636ca3-36d2-11ee-b5b0-005056013b0c",
        "code": 6,
        "name": "Лента холоднокатаная ТУ 14-550-6-94",
        "parent": "86636973-36d2-11ee-b5b0-005056013b0c",
        "archive": false,
        "dateOutputArchive": "0001-01-01T00:00:00Z"
    },
    {
        "guid": "86636d25-36d2-11ee-b5b0-005056013b0c",
        "code": 7,
        "name": "Лента холоднокатаная ТУ 14-1-258-72",
        "parent": "86636973-36d2-11ee-b5b0-005056013b0c",
        "archive": false,
        "dateOutputArchive": "0001-01-01T00:00:00Z"
    },
    {
        "guid": "86636da7-36d2-11ee-b5b0-005056013b0c",
        "code": 8,
        "name": "Лента холоднокатаная из углеродистой конструкционной стали ГОСТ 2284-79",
        "parent": "86636973-36d2-11ee-b5b0-005056013b0c",
        "archive": false,
        "dateOutputArchive": "0001-01-01T00:00:00Z"
    },
    {
        "guid": "86636e29-36d2-11ee-b5b0-005056013b0c",
        "code": 33,
        "name": "Лента холоднокатаная нерж",
        "parent": "866368cd-36d2-11ee-b5b0-005056013b0c",
        "archive": false,
        "dateOutputArchive": "0001-01-01T00:00:00Z"
    },
    {
        "guid": "86636ecf-36d2-11ee-b5b0-005056013b0c",
        "code": 1,
        "name": "Лента холоднокатаная из коррозионно-стойкой и жаростойкой стали ГОСТ 4986-79",
        "parent": "86636e29-36d2-11ee-b5b0-005056013b0c",
        "archive": false,
        "dateOutputArchive": "0001-01-01T00:00:00Z"
    },
    {
        "guid": "86636f51-36d2-11ee-b5b0-005056013b0c",
        "code": 35,
        "name": "Лента из сплавов высокого омического сопротивления",
        "parent": "866368cd-36d2-11ee-b5b0-005056013b0c",
        "archive": false,
        "dateOutputArchive": "0001-01-01T00:00:00Z"
    },
    {
        "guid": "86636ff7-36d2-11ee-b5b0-005056013b0c",
        "code": 1,
        "name": "Лента из прецизионных сплавов с высоким электрическим сопротивлением ГОСТ 12766.2-90",
        "parent": "86636f51-36d2-11ee-b5b0-005056013b0c",
        "archive": false,
        "dateOutputArchive": "0001-01-01T00:00:00Z"
    },
    {
        "guid": "86637079-36d2-11ee-b5b0-005056013b0c",
        "code": 61,
        "name": "Лента холоднокатаная из термобиметаллов",
        "parent": "866368cd-36d2-11ee-b5b0-005056013b0c",
        "archive": false,
        "dateOutputArchive": "0001-01-01T00:00:00Z"
    },
    {
        "guid": "8663711f-36d2-11ee-b5b0-005056013b0c",
        "code": 1,
        "name": "Лента холоднокатаная из термобиметаллов ГОСТ 10533-86",
        "parent": "86637079-36d2-11ee-b5b0-005056013b0c",
        "archive": false,
        "dateOutputArchive": "0001-01-01T00:00:00Z"
    },
    {
        "guid": "866371a1-36d2-11ee-b5b0-005056013b0c",
        "code": 99,
        "name": "Ленты, временно используемые в производстве (доработка складских остатков)",
        "parent": "86636659-36d2-11ee-b5b0-005056013b0c",
        "archive": false,
        "dateOutputArchive": "0001-01-01T00:00:00Z"
    },
    {
        "guid": "86637223-36d2-11ee-b5b0-005056013b0c",
        "code": 9,
        "name": "Швеллеры",
        "parent": "806b25a2-36d2-11ee-b5b0-005056013b0c",
        "archive": false,
        "dateOutputArchive": "0001-01-01T00:00:00Z"
    },
    {
        "guid": "8663727f-36d2-11ee-b5b0-005056013b0c",
        "code": 9,
        "name": "Прокат черных металлов",
        "parent": "86637223-36d2-11ee-b5b0-005056013b0c",
        "archive": false,
        "dateOutputArchive": "0001-01-01T00:00:00Z"
    },
    {
        "guid": "866372db-36d2-11ee-b5b0-005056013b0c",
        "code": 25,
        "name": "Швеллеры",
        "parent": "8663727f-36d2-11ee-b5b0-005056013b0c",
        "archive": false,
        "dateOutputArchive": "0001-01-01T00:00:00Z"
    },
    {
        "guid": "86637337-36d2-11ee-b5b0-005056013b0c",
        "code": 1,
        "name": "Швеллеры стальные горячекатаные ГОСТ 8240-97",
        "parent": "866372db-36d2-11ee-b5b0-005056013b0c",
        "archive": false,
        "dateOutputArchive": "0001-01-01T00:00:00Z"
    },
    {
        "guid": "866373bb-36d2-11ee-b5b0-005056013b0c",
        "code": 2,
        "name": "Двутавры стальные горячекатанные ГОСТ 8239-89",
        "parent": "866372db-36d2-11ee-b5b0-005056013b0c",
        "archive": false,
        "dateOutputArchive": "0001-01-01T00:00:00Z"
    },
    {
        "guid": "8663743d-36d2-11ee-b5b0-005056013b0c",
        "code": 3,
        "name": "Швеллеры стальные гнутые равнополочные ГОСТ 8278-83",
        "parent": "866372db-36d2-11ee-b5b0-005056013b0c",
        "archive": false,
        "dateOutputArchive": "0001-01-01T00:00:00Z"
    },
    {
        "guid": "866374e5-36d2-11ee-b5b0-005056013b0c",
        "code": 4,
        "name": "Швеллеры стальные гнутые неравнополочные ГОСТ 8281-80",
        "parent": "866372db-36d2-11ee-b5b0-005056013b0c",
        "archive": false,
        "dateOutputArchive": "0001-01-01T00:00:00Z"
    },
    {
        "guid": "8663758c-36d2-11ee-b5b0-005056013b0c",
        "code": 5,
        "name": "Балки двутавровые и швеллеры стальные специальные ГОСТ 19425-74",
        "parent": "866372db-36d2-11ee-b5b0-005056013b0c",
        "archive": false,
        "dateOutputArchive": "0001-01-01T00:00:00Z"
    },
    {
        "guid": "8663766a-36d2-11ee-b5b0-005056013b0c",
        "code": 12,
        "name": "Метизы",
        "parent": "8663760e-36d2-11ee-b5b0-005056013b0c",
        "archive": false,
        "dateOutputArchive": "0001-01-01T00:00:00Z"
    },
    {
        "guid": "866376c6-36d2-11ee-b5b0-005056013b0c",
        "code": 50,
        "name": "Канаты",
        "parent": "8663766a-36d2-11ee-b5b0-005056013b0c",
        "archive": false,
        "dateOutputArchive": "0001-01-01T00:00:00Z"
    },
    {
        "guid": "86637747-36d2-11ee-b5b0-005056013b0c",
        "code": 1,
        "name": "Канат одинарной свивки ТК конструкции 1х19(1+6+12) ГОСТ 3063-80",
        "parent": "866376c6-36d2-11ee-b5b0-005056013b0c",
        "archive": false,
        "dateOutputArchive": "0001-01-01T00:00:00Z"
    },
    {
        "guid": "866377a4-36d2-11ee-b5b0-005056013b0c",
        "code": 2,
        "name": "Канат двойной свивки типа конструкции 6х37(1+6+12+18)+1 о.с. ГОСТ 3071-88",
        "parent": "866376c6-36d2-11ee-b5b0-005056013b0c",
        "archive": false,
        "dateOutputArchive": "0001-01-01T00:00:00Z"
    },
    {
        "guid": "86637801-36d2-11ee-b5b0-005056013b0c",
        "code": 3,
        "name": "Канат двойной свивки типа ЛК-РО конструкции 6х36(1+7+7/7+14)+7х7(1+6) ГОСТ 7669-80",
        "parent": "866376c6-36d2-11ee-b5b0-005056013b0c",
        "archive": false,
        "dateOutputArchive": "0001-01-01T00:00:00Z"
    },
    {
        "guid": "8663785e-36d2-11ee-b5b0-005056013b0c",
        "code": 4,
        "name": "Канат двойной свивки типа ЛК-РО конструкции 6х36(1+7+7/7+14)+ 1 о.с. ГОСТ 7668-80",
        "parent": "866376c6-36d2-11ee-b5b0-005056013b0c",
        "archive": false,
        "dateOutputArchive": "0001-01-01T00:00:00Z"
    },
    {
        "guid": "866378bb-36d2-11ee-b5b0-005056013b0c",
        "code": 5,
        "name": "Канаты стальные авиационные ГОСТ 3241-80",
        "parent": "866376c6-36d2-11ee-b5b0-005056013b0c",
        "archive": false,
        "dateOutputArchive": "0001-01-01T00:00:00Z"
    },
    {
        "guid": "86637918-36d2-11ee-b5b0-005056013b0c",
        "code": 6,
        "name": "Канат стальной ТУ 14-4-412-73",
        "parent": "866376c6-36d2-11ee-b5b0-005056013b0c",
        "archive": false,
        "dateOutputArchive": "0001-01-01T00:00:00Z"
    },
    {
        "guid": "86637975-36d2-11ee-b5b0-005056013b0c",
        "code": 7,
        "name": "Канат стальной двойной свивки типа ТК конструкции 6х19(1+6+12)+1о.с. ГОСТ 3070-80",
        "parent": "866376c6-36d2-11ee-b5b0-005056013b0c",
        "archive": false,
        "dateOutputArchive": "0001-01-01T00:00:00Z"
    },
    {
        "guid": "866379d2-36d2-11ee-b5b0-005056013b0c",
        "code": 8,
        "name": "Канат стальной двойной свивки типа ТК конструкции 6х19(1+6+12)+1х19(1+6+12) ГОСТ 3067-88",
        "parent": "866376c6-36d2-11ee-b5b0-005056013b0c",
        "archive": false,
        "dateOutputArchive": "0001-01-01T00:00:00Z"
    },
    {
        "guid": "86637a2f-36d2-11ee-b5b0-005056013b0c",
        "code": 9,
        "name": "Канат двойной свивки типа ЛК-О конструкции 6х7(1+6)+1х7(1+6) ГОСТ 3066-80",
        "parent": "866376c6-36d2-11ee-b5b0-005056013b0c",
        "archive": false,
        "dateOutputArchive": "0001-01-01T00:00:00Z"
    },
    {
        "guid": "86637ae9-36d2-11ee-b5b0-005056013b0c",
        "code": 11,
        "name": "Канат двойной свивки типа ЛК-Р конструкции 6х19(1+6+6/6)+1о.с. ГОСТ2688-80",
        "parent": "866376c6-36d2-11ee-b5b0-005056013b0c",
        "archive": false,
        "dateOutputArchive": "0001-01-01T00:00:00Z"
    },
    {
        "guid": "86637b46-36d2-11ee-b5b0-005056013b0c",
        "code": 12,
        "name": "Канат двойной свивки типа ЛК-О конструкции 6х19(1+9+9)+1о.с.ГОСТ3077-80",
        "parent": "866376c6-36d2-11ee-b5b0-005056013b0c",
        "archive": false,
        "dateOutputArchive": "0001-01-01T00:00:00Z"
    },
    {
        "guid": "8acaf7ed-36d2-11ee-b5b0-005056013b0c",
        "code": 13,
        "name": "Канат двойной свивки типа ЛК-3 конструкции 6х25 (1+6; 6+12)+1о.с ГОСТ 7665-80",
        "parent": "866376c6-36d2-11ee-b5b0-005056013b0c",
        "archive": false,
        "dateOutputArchive": "0001-01-01T00:00:00Z"
    },
    {
        "guid": "8acaf84a-36d2-11ee-b5b0-005056013b0c",
        "code": 14,
        "name": "Канат одинарной свивки типа ЛК-О конструкции 1х7(1+6) ГОСТ 3062-80",
        "parent": "866376c6-36d2-11ee-b5b0-005056013b0c",
        "archive": false,
        "dateOutputArchive": "0001-01-01T00:00:00Z"
    },
    {
        "guid": "8acaf8a7-36d2-11ee-b5b0-005056013b0c",
        "code": 15,
        "name": "Канат двойной свивки типа ТЛК-О конструкции 6х37(1+6+15+15)+1 о.с. ГОСТ 3079-80",
        "parent": "866376c6-36d2-11ee-b5b0-005056013b0c",
        "archive": false,
        "dateOutputArchive": "0001-01-01T00:00:00Z"
    },
    {
        "guid": "8acaf904-36d2-11ee-b5b0-005056013b0c",
        "code": 16,
        "name": "Канат двойной свивки типа ЛК-Р конструкции 6х19(1+6+6/6)+7х7(1+6) ГОСТ 14954-80",
        "parent": "866376c6-36d2-11ee-b5b0-005056013b0c",
        "archive": false,
        "dateOutputArchive": "0001-01-01T00:00:00Z"
    },
    {
        "guid": "8acaf961-36d2-11ee-b5b0-005056013b0c",
        "code": 99,
        "name": "Канаты, временно используемые в производстве (доработка складских остатков)",
        "parent": "8663760e-36d2-11ee-b5b0-005056013b0c",
        "archive": false,
        "dateOutputArchive": "0001-01-01T00:00:00Z"
    },
    {
        "guid": "8acaf999-36d2-11ee-b5b0-005056013b0c",
        "code": 11,
        "name": "Проволока",
        "parent": "806b25a2-36d2-11ee-b5b0-005056013b0c",
        "archive": false,
        "dateOutputArchive": "0001-01-01T00:00:00Z"
    },
    {
        "guid": "8acaf9f5-36d2-11ee-b5b0-005056013b0c",
        "code": 12,
        "name": "Метизы",
        "parent": "8acaf999-36d2-11ee-b5b0-005056013b0c",
        "archive": false,
        "dateOutputArchive": "0001-01-01T00:00:00Z"
    },
    {
        "guid": "8acafa51-36d2-11ee-b5b0-005056013b0c",
        "code": 10,
        "name": "Проволока обыкновенного качества",
        "parent": "8acaf9f5-36d2-11ee-b5b0-005056013b0c",
        "archive": false,
        "dateOutputArchive": "0001-01-01T00:00:00Z"
    },
    {
        "guid": "8acafad2-36d2-11ee-b5b0-005056013b0c",
        "code": 1,
        "name": "Проволока низкоуглеродистая качественная ГОСТ 792-67",
        "parent": "8acafa51-36d2-11ee-b5b0-005056013b0c",
        "archive": false,
        "dateOutputArchive": "0001-01-01T00:00:00Z"
    },
    {
        "guid": "8acafb2f-36d2-11ee-b5b0-005056013b0c",
        "code": 2,
        "name": "Проволока стальная низкоуглеродистая общего назначения ГОСТ 3282-74",
        "parent": "8acafa51-36d2-11ee-b5b0-005056013b0c",
        "archive": false,
        "dateOutputArchive": "0001-01-01T00:00:00Z"
    },
    {
        "guid": "8acafb8c-36d2-11ee-b5b0-005056013b0c",
        "code": 20,
        "name": "Проволока из углеродистых и легированных марок сталей",
        "parent": "8acaf9f5-36d2-11ee-b5b0-005056013b0c",
        "archive": false,
        "dateOutputArchive": "0001-01-01T00:00:00Z"
    },
    {
        "guid": "8acafc45-36d2-11ee-b5b0-005056013b0c",
        "code": 2,
        "name": "Проволока стальная углеродистая пружинная ГОСТ 9389-75",
        "parent": "8acafb8c-36d2-11ee-b5b0-005056013b0c",
        "archive": false,
        "dateOutputArchive": "0001-01-01T00:00:00Z"
    },
    {
        "guid": "8acafca2-36d2-11ee-b5b0-005056013b0c",
        "code": 3,
        "name": "Проволока стальная легированная пружинная ГОСТ 14963-78",
        "parent": "8acafb8c-36d2-11ee-b5b0-005056013b0c",
        "archive": false,
        "dateOutputArchive": "0001-01-01T00:00:00Z"
    },
    {
        "guid": "8acafcff-36d2-11ee-b5b0-005056013b0c",
        "code": 4,
        "name": "Проволока стальная для пружинных шайб ГОСТ 11850-72",
        "parent": "8acafb8c-36d2-11ee-b5b0-005056013b0c",
        "archive": false,
        "dateOutputArchive": "0001-01-01T00:00:00Z"
    },
    {
        "guid": "86637a8c-36d2-11ee-b5b0-005056013b0c",
        "code": 10,
        "name": "Канат двойной свивки многопрядный типа ЛК-Р конструкции 18х19(1+6+6/6)+1о.с. ГОСТ 3088-80",
        "parent": "866376c6-36d2-11ee-b5b0-005056013b0c",
        "archive": false,
        "dateOutputArchive": "0001-01-01T00:00:00Z"
    },
    {
        "guid": "8acafbe8-36d2-11ee-b5b0-005056013b0c",
        "code": 1,
        "name": "Проволока из углеродистой конструкционной стали ГОСТ 17305-91",
        "parent": "8acafb8c-36d2-11ee-b5b0-005056013b0c",
        "archive": false,
        "dateOutputArchive": "0001-01-01T00:00:00Z"
    },
    {
        "guid": "8acafd6f-36d2-11ee-b5b0-005056013b0c",
        "code": 5,
        "name": "Проволока стальная углеродистая для холодной высадки и выдавливания",
        "parent": "8acafb8c-36d2-11ee-b5b0-005056013b0c",
        "archive": false,
        "dateOutputArchive": "0001-01-01T00:00:00Z"
    },
    {
        "guid": "8acafdcc-36d2-11ee-b5b0-005056013b0c",
        "code": 22,
        "name": "Проволока из нержавеющей стали",
        "parent": "8acaf9f5-36d2-11ee-b5b0-005056013b0c",
        "archive": false,
        "dateOutputArchive": "0001-01-01T00:00:00Z"
    }
]
]]></system-out>
  </testcase>
  <testcase name="getUnifiedClassifierGuid" classname="AutoTest.ClassifierTest" time="0.656">
    <failure message="1 expectation failed.&#10;Response body doesn&apos;t match expectation.&#10;Expected: The content to match the given JSON schema.&#10;error: object has missing required properties ([&quot;okp&quot;,&quot;okpd2&quot;,&quot;okved&quot;,&quot;tnved&quot;])&#10;    level: &quot;error&quot;&#10;    schema: {&quot;loadingURI&quot;:&quot;file:/C:/Users/Sasha/Api/target/test-classes/getUnifiedClassifierGuid.json#&quot;,&quot;pointer&quot;:&quot;&quot;}&#10;    instance: {&quot;pointer&quot;:&quot;&quot;}&#10;    domain: &quot;validation&quot;&#10;    keyword: &quot;required&quot;&#10;    required: [&quot;archive&quot;,&quot;code&quot;,&quot;consolidatedGroup&quot;,&quot;dateOutputArchive&quot;,&quot;guid&quot;,&quot;name&quot;,&quot;okp&quot;,&quot;okpd2&quot;,&quot;okved&quot;,&quot;owner&quot;,&quot;parent&quot;,&quot;tnved&quot;]&#10;    missing: [&quot;okp&quot;,&quot;okpd2&quot;,&quot;okved&quot;,&quot;tnved&quot;]&#10;&#10;  Actual: {&#10;&quot;guid&quot;: &quot;513916c8-1677-11ee-b5ab-a0dc07f9a67b&quot;,&#10;&quot;code&quot;: &quot;03&quot;,&#10;&quot;parent&quot;: &quot;00000000-0000-0000-0000-000000000000&quot;,&#10;&quot;name&quot;: &quot;Кран - Трубоукладчики&quot;,&#10;&quot;owner&quot;: &quot;00000000-0000-0000-0000-000000000000&quot;,&#10;&quot;consolidatedGroup&quot;: &quot;&quot;,&#10;&quot;OKP&quot;: &quot;&quot;,&#10;&quot;TNVED&quot;: &quot;00000000-0000-0000-0000-000000000000&quot;,&#10;&quot;OKVED&quot;: &quot;00000000-0000-0000-0000-000000000000&quot;,&#10;&quot;OKPD2&quot;: &quot;15841c5e-1973-11ee-b5ac-005056013b0c&quot;,&#10;&quot;archive&quot;: false,&#10;&quot;dateOutputArchive&quot;: &quot;0001-01-01T00:00:00Z&quot;&#10;}&#10;" type="java.lang.AssertionError">java.lang.AssertionError: 
1 expectation failed.
Response body doesn't match expectation.
Expected: The content to match the given JSON schema.
error: object has missing required properties (["okp","okpd2","okved","tnved"])
    level: "error"
    schema: {"loadingURI":"file:/C:/Users/Sasha/Api/target/test-classes/getUnifiedClassifierGuid.json#","pointer":""}
    instance: {"pointer":""}
    domain: "validation"
    keyword: "required"
    required: ["archive","code","consolidatedGroup","dateOutputArchive","guid","name","okp","okpd2","okved","owner","parent","tnved"]
    missing: ["okp","okpd2","okved","tnved"]

  Actual: {
"guid": "513916c8-1677-11ee-b5ab-a0dc07f9a67b",
"code": "03",
"parent": "00000000-0000-0000-0000-000000000000",
"name": "Кран - Трубоукладчики",
"owner": "00000000-0000-0000-0000-000000000000",
"consolidatedGroup": "",
"OKP": "",
"TNVED": "00000000-0000-0000-0000-000000000000",
"OKVED": "00000000-0000-0000-0000-000000000000",
"OKPD2": "15841c5e-1973-11ee-b5ac-005056013b0c",
"archive": false,
"dateOutputArchive": "0001-01-01T00:00:00Z"
}

	at AutoTest.ClassifierTest.getUnifiedClassifierGuid(ClassifierTest.java:177)
</failure>
    <system-out><![CDATA[HTTP/1.1 200 OK
Date: Wed, 13 Dec 2023 08:11:05 GMT
Server: Apache/2.4.23 (Win64)
Content-Length: 473
Keep-Alive: timeout=5, max=99
Connection: Keep-Alive
Content-Type: application/json; charset=utf-8

{
    "guid": "513916c8-1677-11ee-b5ab-a0dc07f9a67b",
    "code": "03",
    "parent": "00000000-0000-0000-0000-000000000000",
    "name": "Кран - Трубоукладчики",
    "owner": "00000000-0000-0000-0000-000000000000",
    "consolidatedGroup": "",
    "OKP": "",
    "TNVED": "00000000-0000-0000-0000-000000000000",
    "OKVED": "00000000-0000-0000-0000-000000000000",
    "OKPD2": "15841c5e-1973-11ee-b5ac-005056013b0c",
    "archive": false,
    "dateOutputArchive": "0001-01-01T00:00:00Z"
}
]]></system-out>
  </testcase>
  <testcase name="getUnifiedClassifierGuidNegativeData" classname="AutoTest.ClassifierTest" time="1.02"/>
  <testcase name="getUnifiedClassifierGuidNegativeData" classname="AutoTest.ClassifierTest" time="0.953"/>
  <testcase name="getUnifiedClassifierGuidNegativeData" classname="AutoTest.ClassifierTest" time="1.01"/>
  <testcase name="getUnifiedClassifierGuidNegativeData" classname="AutoTest.ClassifierTest" time="1.005"/>
  <testcase name="getUnifiedClassifierGuidNegativeData" classname="AutoTest.ClassifierTest" time="1.032"/>
  <testcase name="getUnifiedClassifierGuidNegativeData" classname="AutoTest.ClassifierTest" time="0.994"/>
  <testcase name="getUnifiedClassifierGuidNegativeData" classname="AutoTest.ClassifierTest" time="0.979"/>
  <testcase name="getUnifiedClassifierGuidNegativeData" classname="AutoTest.ClassifierTest" time="1.036"/>
  <testcase name="getUnifiedClassifierGuidNegativeData" classname="AutoTest.ClassifierTest" time="1.218"/>
  <testcase name="getUnifiedClassifierGuidNegativeData" classname="AutoTest.ClassifierTest" time="0.775"/>
  <testcase name="getUnifiedClassifierGuidNegativeData" classname="AutoTest.ClassifierTest" time="1.006"/>
  <testcase name="getUnifiedClassifierList" classname="AutoTest.ClassifierTest" time="1.743">
    <failure message="com.fasterxml.jackson.databind.exc.MismatchedInputException: Missing required creator property &apos;okp&apos; (index 6)&#10; at [Source: (String)&quot;{&quot;guid&quot;:&quot;360eaafc-1677-11ee-b5ab-a0dc07f9a67b&quot;,&quot;code&quot;:&quot;01&quot;,&quot;parent&quot;:&quot;00000000-0000-0000-0000-000000000000&quot;,&quot;name&quot;:&quot;\u0411\u0443\u043b\u044c\u0434\u043e\u0437\u0435\u0440\u044b&quot;,&quot;owner&quot;:&quot;00000000-0000-0000-0000-000000000000&quot;,&quot;consolidatedGroup&quot;:&quot;&quot;,&quot;OKP&quot;:&quot;&quot;,&quot;TNVED&quot;:&quot;00000000-0000-0000-0000-000000000000&quot;,&quot;OKVED&quot;:&quot;377593d9-168f-11ee-b5ab-a0dc07f9a67b&quot;,&quot;OKPD2&quot;:&quot;15841c5e-1973-11ee-b5ac-005056013b0c&quot;,&quot;archive&quot;:false,&quot;dateOutputArchive&quot;:&quot;0001-01-01T00:00:00Z&quot;}&quot;; line: 1, column: 456]" type="java.lang.RuntimeException">java.lang.RuntimeException: 
com.fasterxml.jackson.databind.exc.MismatchedInputException: Missing required creator property 'okp' (index 6)
 at [Source: (String)"{"guid":"360eaafc-1677-11ee-b5ab-a0dc07f9a67b","code":"01","parent":"00000000-0000-0000-0000-000000000000","name":"\u0411\u0443\u043b\u044c\u0434\u043e\u0437\u0435\u0440\u044b","owner":"00000000-0000-0000-0000-000000000000","consolidatedGroup":"","OKP":"","TNVED":"00000000-0000-0000-0000-000000000000","OKVED":"377593d9-168f-11ee-b5ab-a0dc07f9a67b","OKPD2":"15841c5e-1973-11ee-b5ac-005056013b0c","archive":false,"dateOutputArchive":"0001-01-01T00:00:00Z"}"; line: 1, column: 456]
	at AutoTest.ClassifierTest.getUnifiedClassifierList(ClassifierTest.java:99)
Caused by: com.fasterxml.jackson.databind.exc.MismatchedInputException: 
Missing required creator property 'okp' (index 6)
 at [Source: (String)"{"guid":"360eaafc-1677-11ee-b5ab-a0dc07f9a67b","code":"01","parent":"00000000-0000-0000-0000-000000000000","name":"\u0411\u0443\u043b\u044c\u0434\u043e\u0437\u0435\u0440\u044b","owner":"00000000-0000-0000-0000-000000000000","consolidatedGroup":"","OKP":"","TNVED":"00000000-0000-0000-0000-000000000000","OKVED":"377593d9-168f-11ee-b5ab-a0dc07f9a67b","OKPD2":"15841c5e-1973-11ee-b5ac-005056013b0c","archive":false,"dateOutputArchive":"0001-01-01T00:00:00Z"}"; line: 1, column: 456]
	at AutoTest.ClassifierTest.getUnifiedClassifierList(ClassifierTest.java:99)
</failure>
    <system-out><![CDATA[HTTP/1.1 200 OK
Date: Wed, 13 Dec 2023 08:11:17 GMT
Server: Apache/2.4.23 (Win64)
X-NextPage: http://dev1c:8080/MDM_Gribov_2541/hs/klass/unified-classifier?step=200&nextPage=2
X-NextPage1C: /unified-classifier?step=200&nextPage=2
Content-Length: 104282
Keep-Alive: timeout=5, max=99
Connection: Keep-Alive
Content-Type: application/json; charset=utf-8

[
    {
        "guid": "360eaafc-1677-11ee-b5ab-a0dc07f9a67b",
        "code": "01",
        "parent": "00000000-0000-0000-0000-000000000000",
        "name": "Бульдозеры",
        "owner": "00000000-0000-0000-0000-000000000000",
        "consolidatedGroup": "",
        "OKP": "",
        "TNVED": "00000000-0000-0000-0000-000000000000",
        "OKVED": "377593d9-168f-11ee-b5ab-a0dc07f9a67b",
        "OKPD2": "15841c5e-1973-11ee-b5ac-005056013b0c",
        "archive": false,
        "dateOutputArchive": "0001-01-01T00:00:00Z"
    },
    {
        "guid": "48164cb1-1677-11ee-b5ab-a0dc07f9a67b",
        "code": "02",
        "parent": "00000000-0000-0000-0000-000000000000",
        "name": "Тракторы",
        "owner": "00000000-0000-0000-0000-000000000000",
        "consolidatedGroup": "",
        "OKP": "",
        "TNVED": "00000000-0000-0000-0000-000000000000",
        "OKVED": "00000000-0000-0000-0000-000000000000",
        "OKPD2": "15841c5e-1973-11ee-b5ac-005056013b0c",
        "archive": false,
        "dateOutputArchive": "0001-01-01T00:00:00Z"
    },
    {
        "guid": "513916c8-1677-11ee-b5ab-a0dc07f9a67b",
        "code": "03",
        "parent": "00000000-0000-0000-0000-000000000000",
        "name": "Кран - Трубоукладчики",
        "owner": "00000000-0000-0000-0000-000000000000",
        "consolidatedGroup": "",
        "OKP": "",
        "TNVED": "00000000-0000-0000-0000-000000000000",
        "OKVED": "00000000-0000-0000-0000-000000000000",
        "OKPD2": "15841c5e-1973-11ee-b5ac-005056013b0c",
        "archive": false,
        "dateOutputArchive": "0001-01-01T00:00:00Z"
    },
    {
        "guid": "b1b45abe-1677-11ee-b5ab-a0dc07f9a67b",
        "code": "01.01",
        "parent": "360eaafc-1677-11ee-b5ab-a0dc07f9a67b",
        "name": "Бульдозеры гусеничные",
        "owner": "00000000-0000-0000-0000-000000000000",
        "consolidatedGroup": "",
        "OKP": "",
        "TNVED": "00000000-0000-0000-0000-000000000000",
        "OKVED": "00000000-0000-0000-0000-000000000000",
        "OKPD2": "15841c5e-1973-11ee-b5ac-005056013b0c",
        "archive": false,
        "dateOutputArchive": "0001-01-01T00:00:00Z"
    },
    {
        "guid": "b8f6ff12-1677-11ee-b5ab-a0dc07f9a67b",
        "code": "01.01",
        "parent": "360eaafc-1677-11ee-b5ab-a0dc07f9a67b",
        "name": "Бульдозеры колесные ",
        "owner": "00000000-0000-0000-0000-000000000000",
        "consolidatedGroup": "",
        "OKP": "",
        "TNVED": "00000000-0000-0000-0000-000000000000",
        "OKVED": "00000000-0000-0000-0000-000000000000",
        "OKPD2": "15841c5e-1973-11ee-b5ac-005056013b0c",
        "archive": false,
        "dateOutputArchive": "0001-01-01T00:00:00Z"
    },
    {
        "guid": "c7c36f8b-1677-11ee-b5ab-a0dc07f9a67b",
        "code": "01.01.02",
        "parent": "b1b45abe-1677-11ee-b5ab-a0dc07f9a67b",
        "name": "класс 09 т.с",
        "owner": "00000000-0000-0000-0000-000000000000",
        "consolidatedGroup": "",
        "OKP": "",
        "TNVED": "00000000-0000-0000-0000-000000000000",
        "OKVED": "00000000-0000-0000-0000-000000000000",
        "OKPD2": "15841c5e-1973-11ee-b5ac-005056013b0c",
        "archive": false,
        "dateOutputArchive": "0001-01-01T00:00:00Z"
    },
    {
        "guid": "d1c28974-1677-11ee-b5ab-a0dc07f9a67b",
        "code": "01.01.02.01",
        "parent": "c7c36f8b-1677-11ee-b5ab-a0dc07f9a67b",
        "name": "Т-9.01ВМ",
        "owner": "00000000-0000-0000-0000-000000000000",
        "consolidatedGroup": "",
        "OKP": "",
        "TNVED": "00000000-0000-0000-0000-000000000000",
        "OKVED": "00000000-0000-0000-0000-000000000000",
        "OKPD2": "00000000-0000-0000-0000-000000000000",
        "archive": false,
        "dateOutputArchive": "0001-01-01T00:00:00Z"
    },
    {
        "guid": "e3cb6086-1677-11ee-b5ab-a0dc07f9a67b",
        "code": "01.01.02.01.00",
        "parent": "d1c28974-1677-11ee-b5ab-a0dc07f9a67b",
        "name": "Трактор Т-9.01ВМ",
        "owner": "00000000-0000-0000-0000-000000000000",
        "consolidatedGroup": "",
        "OKP": "",
        "TNVED": "00000000-0000-0000-0000-000000000000",
        "OKVED": "00000000-0000-0000-0000-000000000000",
        "OKPD2": "00000000-0000-0000-0000-000000000000",
        "archive": false,
        "dateOutputArchive": "0001-01-01T00:00:00Z"
    },
    {
        "guid": "e3cb6096-1677-11ee-b5ab-a0dc07f9a67b",
        "code": "01.01.02.01.01",
        "parent": "d1c28974-1677-11ee-b5ab-a0dc07f9a67b",
        "name": "Трактор Т-9.01ВМБ-3",
        "owner": "00000000-0000-0000-0000-000000000000",
        "consolidatedGroup": "",
        "OKP": "",
        "TNVED": "00000000-0000-0000-0000-000000000000",
        "OKVED": "00000000-0000-0000-0000-000000000000",
        "OKPD2": "00000000-0000-0000-0000-000000000000",
        "archive": false,
        "dateOutputArchive": "0001-01-01T00:00:00Z"
    },
    {
        "guid": "ea6a6599-1677-11ee-b5ab-a0dc07f9a67b",
        "code": "01.01.02.01.02",
        "parent": "d1c28974-1677-11ee-b5ab-a0dc07f9a67b",
        "name": "Трактор Т-9.01ВМБ-3 с кон",
        "owner": "00000000-0000-0000-0000-000000000000",
        "consolidatedGroup": "",
        "OKP": "",
        "TNVED": "00000000-0000-0000-0000-000000000000",
        "OKVED": "00000000-0000-0000-0000-000000000000",
        "OKPD2": "00000000-0000-0000-0000-000000000000",
        "archive": false,
        "dateOutputArchive": "0001-01-01T00:00:00Z"
    },
    {
        "guid": "2bc378b7-1973-11ee-b5ac-005056013b0c",
        "code": "01.01.01",
        "parent": "b1b45abe-1677-11ee-b5ab-a0dc07f9a67b",
        "name": "Бульдозер 1",
        "owner": "0fd1ba32-161e-11e7-810e-005056a77adb",
        "consolidatedGroup": "",
        "OKP": "",
        "TNVED": "00000000-0000-0000-0000-000000000000",
        "OKVED": "377593d9-168f-11ee-b5ab-a0dc07f9a67b",
        "OKPD2": "15841c5e-1973-11ee-b5ac-005056013b0c",
        "archive": false,
        "dateOutputArchive": "0001-01-01T00:00:00Z"
    },
    {
        "guid": "3abe73e8-20a3-11ee-b5ac-005056013b0c",
        "code": "04",
        "parent": "00000000-0000-0000-0000-000000000000",
        "name": "Экскаваторы",
        "owner": "00000000-0000-0000-0000-000000000000",
        "consolidatedGroup": "",
        "OKP": "",
        "TNVED": "00000000-0000-0000-0000-000000000000",
        "OKVED": "00000000-0000-0000-0000-000000000000",
        "OKPD2": "15841c5e-1973-11ee-b5ac-005056013b0c",
        "archive": false,
        "dateOutputArchive": "0001-01-01T00:00:00Z"
    },
    {
        "guid": "50dab4b7-20a3-11ee-b5ac-005056013b0c",
        "code": "04.05",
        "parent": "3abe73e8-20a3-11ee-b5ac-005056013b0c",
        "name": "Самоходные",
        "owner": "00000000-0000-0000-0000-000000000000",
        "consolidatedGroup": "",
        "OKP": "",
        "TNVED": "00000000-0000-0000-0000-000000000000",
        "OKVED": "00000000-0000-0000-0000-000000000000",
        "OKPD2": "15841c5e-1973-11ee-b5ac-005056013b0c",
        "archive": false,
        "dateOutputArchive": "0001-01-01T00:00:00Z"
    },
    {
        "guid": "bc092de2-20ab-11ee-b5ac-005056013b0c",
        "code": "04.06",
        "parent": "3abe73e8-20a3-11ee-b5ac-005056013b0c",
        "name": "Буксируемые",
        "owner": "00000000-0000-0000-0000-000000000000",
        "consolidatedGroup": "",
        "OKP": "",
        "TNVED": "00000000-0000-0000-0000-000000000000",
        "OKVED": "00000000-0000-0000-0000-000000000000",
        "OKPD2": "15841c5e-1973-11ee-b5ac-005056013b0c",
        "archive": false,
        "dateOutputArchive": "0001-01-01T00:00:00Z"
    },
    {
        "guid": "1ae42084-20ac-11ee-b5ac-005056013b0c",
        "code": "05",
        "parent": "00000000-0000-0000-0000-000000000000",
        "name": "Самолеты",
        "owner": "00000000-0000-0000-0000-000000000000",
        "consolidatedGroup": "",
        "OKP": "",
        "TNVED": "00000000-0000-0000-0000-000000000000",
        "OKVED": "00000000-0000-0000-0000-000000000000",
        "OKPD2": "15841c5e-1973-11ee-b5ac-005056013b0c",
        "archive": false,
        "dateOutputArchive": "0001-01-01T00:00:00Z"
    },
    {
        "guid": "49dc601a-20ac-11ee-b5ac-005056013b0c",
        "code": "05.05",
        "parent": "1ae42084-20ac-11ee-b5ac-005056013b0c",
        "name": "Гражданские",
        "owner": "00000000-0000-0000-0000-000000000000",
        "consolidatedGroup": "",
        "OKP": "",
        "TNVED": "00000000-0000-0000-0000-000000000000",
        "OKVED": "00000000-0000-0000-0000-000000000000",
        "OKPD2": "15841c5e-1973-11ee-b5ac-005056013b0c",
        "archive": false,
        "dateOutputArchive": "0001-01-01T00:00:00Z"
    },
    {
        "guid": "723b67f8-20ac-11ee-b5ac-005056013b0c",
        "code": "05.05",
        "parent": "1ae42084-20ac-11ee-b5ac-005056013b0c",
        "name": "Военные",
        "owner": "00000000-0000-0000-0000-000000000000",
        "consolidatedGroup": "",
        "OKP": "",
        "TNVED": "00000000-0000-0000-0000-000000000000",
        "OKVED": "00000000-0000-0000-0000-000000000000",
        "OKPD2": "15841c5e-1973-11ee-b5ac-005056013b0c",
        "archive": false,
        "dateOutputArchive": "0001-01-01T00:00:00Z"
    },
    {
        "guid": "91741a6f-20ac-11ee-b5ac-005056013b0c",
        "code": "90",
        "parent": "00000000-0000-0000-0000-000000000000",
        "name": "Велосипеды",
        "owner": "00000000-0000-0000-0000-000000000000",
        "consolidatedGroup": "",
        "OKP": "",
        "TNVED": "00000000-0000-0000-0000-000000000000",
        "OKVED": "00000000-0000-0000-0000-000000000000",
        "OKPD2": "15841c5e-1973-11ee-b5ac-005056013b0c",
        "archive": false,
        "dateOutputArchive": "0001-01-01T00:00:00Z"
    },
    {
        "guid": "1f5ea9aa-20ad-11ee-b5ac-005056013b0c",
        "code": "91",
        "parent": "00000000-0000-0000-0000-000000000000",
        "name": "Мониторы",
        "owner": "00000000-0000-0000-0000-000000000000",
        "consolidatedGroup": "",
        "OKP": "",
        "TNVED": "00000000-0000-0000-0000-000000000000",
        "OKVED": "00000000-0000-0000-0000-000000000000",
        "OKPD2": "15841c5e-1973-11ee-b5ac-005056013b0c",
        "archive": false,
        "dateOutputArchive": "0001-01-01T00:00:00Z"
    },
    {
        "guid": "8f775149-20b2-11ee-b5ac-005056013b0c",
        "code": "91.91",
        "parent": "1f5ea9aa-20ad-11ee-b5ac-005056013b0c",
        "name": "Аналоговые",
        "owner": "00000000-0000-0000-0000-000000000000",
        "consolidatedGroup": "",
        "OKP": "",
        "TNVED": "00000000-0000-0000-0000-000000000000",
        "OKVED": "00000000-0000-0000-0000-000000000000",
        "OKPD2": "15841c5e-1973-11ee-b5ac-005056013b0c",
        "archive": false,
        "dateOutputArchive": "0001-01-01T00:00:00Z"
    },
    {
        "guid": "f9413d0c-20b2-11ee-b5ac-005056013b0c",
        "code": "91.91",
        "parent": "1f5ea9aa-20ad-11ee-b5ac-005056013b0c",
        "name": "Цифровые",
        "owner": "00000000-0000-0000-0000-000000000000",
        "consolidatedGroup": "",
        "OKP": "",
        "TNVED": "00000000-0000-0000-0000-000000000000",
        "OKVED": "00000000-0000-0000-0000-000000000000",
        "OKPD2": "15841c5e-1973-11ee-b5ac-005056013b0c",
        "archive": false,
        "dateOutputArchive": "0001-01-01T00:00:00Z"
    },
    {
        "guid": "9dab5036-20b3-11ee-b5ac-005056013b0c",
        "code": "91.91.01",
        "parent": "f9413d0c-20b2-11ee-b5ac-005056013b0c",
        "name": "Квадратные",
        "owner": "00000000-0000-0000-0000-000000000000",
        "consolidatedGroup": "",
        "OKP": "",
        "TNVED": "00000000-0000-0000-0000-000000000000",
        "OKVED": "00000000-0000-0000-0000-000000000000",
        "OKPD2": "15841c5e-1973-11ee-b5ac-005056013b0c",
        "archive": false,
        "dateOutputArchive": "0001-01-01T00:00:00Z"
    },
    {
        "guid": "d83a778a-20b3-11ee-b5ac-005056013b0c",
        "code": "91.91.02",
        "parent": "f9413d0c-20b2-11ee-b5ac-005056013b0c",
        "name": "Широкие",
        "owner": "00000000-0000-0000-0000-000000000000",
        "consolidatedGroup": "",
        "OKP": "",
        "TNVED": "00000000-0000-0000-0000-000000000000",
        "OKVED": "00000000-0000-0000-0000-000000000000",
        "OKPD2": "15841c5e-1973-11ee-b5ac-005056013b0c",
        "archive": false,
        "dateOutputArchive": "0001-01-01T00:00:00Z"
    },
    {
        "guid": "a375c086-20b4-11ee-b5ac-005056013b0c",
        "code": "91.91.03",
        "parent": "f9413d0c-20b2-11ee-b5ac-005056013b0c",
        "name": "Широкие-Широкие",
        "owner": "00000000-0000-0000-0000-000000000000",
        "consolidatedGroup": "",
        "OKP": "",
        "TNVED": "00000000-0000-0000-0000-000000000000",
        "OKVED": "00000000-0000-0000-0000-000000000000",
        "OKPD2": "15841c5e-1973-11ee-b5ac-005056013b0c",
        "archive": false,
        "dateOutputArchive": "0001-01-01T00:00:00Z"
    },
    {
        "guid": "c59f43a2-20b5-11ee-b5ac-005056013b0c",
        "code": "91.91.04",
        "parent": "f9413d0c-20b2-11ee-b5ac-005056013b0c",
        "name": "Цветные",
        "owner": "00000000-0000-0000-0000-000000000000",
        "consolidatedGroup": "",
        "OKP": "",
        "TNVED": "00000000-0000-0000-0000-000000000000",
        "OKVED": "00000000-0000-0000-0000-000000000000",
        "OKPD2": "15841c5e-1973-11ee-b5ac-005056013b0c",
        "archive": false,
        "dateOutputArchive": "0001-01-01T00:00:00Z"
    },
    {
        "guid": "dc8735c0-20b5-11ee-b5ac-005056013b0c",
        "code": "91.91.05",
        "parent": "f9413d0c-20b2-11ee-b5ac-005056013b0c",
        "name": "14 дюймов",
        "owner": "00000000-0000-0000-0000-000000000000",
        "consolidatedGroup": "",
        "OKP": "",
        "TNVED": "00000000-0000-0000-0000-000000000000",
        "OKVED": "00000000-0000-0000-0000-000000000000",
        "OKPD2": "15841c5e-1973-11ee-b5ac-005056013b0c",
        "archive": false,
        "dateOutputArchive": "0001-01-01T00:00:00Z"
    },
    {
        "guid": "b1b222f4-20b6-11ee-b5ac-005056013b0c",
        "code": "91.91.06",
        "parent": "f9413d0c-20b2-11ee-b5ac-005056013b0c",
        "name": "15 дюймов",
        "owner": "00000000-0000-0000-0000-000000000000",
        "consolidatedGroup": "",
        "OKP": "",
        "TNVED": "00000000-0000-0000-0000-000000000000",
        "OKVED": "00000000-0000-0000-0000-000000000000",
        "OKPD2": "15841c5e-1973-11ee-b5ac-005056013b0c",
        "archive": false,
        "dateOutputArchive": "0001-01-01T00:00:00Z"
    },
    {
        "guid": "878e73b7-36d1-11ee-b5b0-005056013b0c",
        "code": "01.01.01",
        "parent": "b8f6ff12-1677-11ee-b5ab-a0dc07f9a67b",
        "name": "класс 06 т.с",
        "owner": "00000000-0000-0000-0000-000000000000",
        "consolidatedGroup": "",
        "OKP": "",
        "TNVED": "00000000-0000-0000-0000-000000000000",
        "OKVED": "00000000-0000-0000-0000-000000000000",
        "OKPD2": "15841c5e-1973-11ee-b5ac-005056013b0c",
        "archive": false,
        "dateOutputArchive": "0001-01-01T00:00:00Z"
    },
    {
        "guid": "878e73b8-36d1-11ee-b5b0-005056013b0c",
        "code": "01.01.01.01",
        "parent": "878e73b7-36d1-11ee-b5b0-005056013b0c",
        "name": "Т-6.01АСП",
        "owner": "00000000-0000-0000-0000-000000000000",
        "consolidatedGroup": "",
        "OKP": "",
        "TNVED": "00000000-0000-0000-0000-000000000000",
        "OKVED": "00000000-0000-0000-0000-000000000000",
        "OKPD2": "15841c5e-1973-11ee-b5ac-005056013b0c",
        "archive": false,
        "dateOutputArchive": "0001-01-01T00:00:00Z"
    },
    {
        "guid": "878e73b9-36d1-11ee-b5b0-005056013b0c",
        "code": "01.01.01.01.00",
        "parent": "878e73b8-36d1-11ee-b5b0-005056013b0c",
        "name": "Трактор Т-6.01АСП",
        "owner": "00000000-0000-0000-0000-000000000000",
        "consolidatedGroup": "",
        "OKP": "",
        "TNVED": "00000000-0000-0000-0000-000000000000",
        "OKVED": "00000000-0000-0000-0000-000000000000",
        "OKPD2": "15841c5e-1973-11ee-b5ac-005056013b0c",
        "archive": false,
        "dateOutputArchive": "0001-01-01T00:00:00Z"
    },
    {
        "guid": "878e73ba-36d1-11ee-b5b0-005056013b0c",
        "code": "01.01.01.01.01",
        "parent": "878e73b8-36d1-11ee-b5b0-005056013b0c",
        "name": "Трактор Т-6.01АСПБР-3-01",
        "owner": "00000000-0000-0000-0000-000000000000",
        "consolidatedGroup": "",
        "OKP": "",
        "TNVED": "00000000-0000-0000-0000-000000000000",
        "OKVED": "00000000-0000-0000-0000-000000000000",
        "OKPD2": "15841c5e-1973-11ee-b5ac-005056013b0c",
        "archive": false,
        "dateOutputArchive": "0001-01-01T00:00:00Z"
    },
    {
        "guid": "878e73bb-36d1-11ee-b5b0-005056013b0c",
        "code": "01.01.01.01.02",
        "parent": "878e73b8-36d1-11ee-b5b0-005056013b0c",
        "name": "Трактор Т-6.01АСПБ-3",
        "owner": "00000000-0000-0000-0000-000000000000",
        "consolidatedGroup": "",
        "OKP": "",
        "TNVED": "00000000-0000-0000-0000-000000000000",
        "OKVED": "00000000-0000-0000-0000-000000000000",
        "OKPD2": "15841c5e-1973-11ee-b5ac-005056013b0c",
        "archive": false,
        "dateOutputArchive": "0001-01-01T00:00:00Z"
    },
    {
        "guid": "878e73bc-36d1-11ee-b5b0-005056013b0c",
        "code": "01.01.01.02",
        "parent": "878e73b7-36d1-11ee-b5b0-005056013b0c",
        "name": "Т-6.02АСП",
        "owner": "00000000-0000-0000-0000-000000000000",
        "consolidatedGroup": "",
        "OKP": "",
        "TNVED": "00000000-0000-0000-0000-000000000000",
        "OKVED": "00000000-0000-0000-0000-000000000000",
        "OKPD2": "15841c5e-1973-11ee-b5ac-005056013b0c",
        "archive": false,
        "dateOutputArchive": "0001-01-01T00:00:00Z"
    },
    {
        "guid": "878e73bd-36d1-11ee-b5b0-005056013b0c",
        "code": "01.01.01.02.00",
        "parent": "878e73bc-36d1-11ee-b5b0-005056013b0c",
        "name": "Трактор Т-6.02АСП",
        "owner": "00000000-0000-0000-0000-000000000000",
        "consolidatedGroup": "",
        "OKP": "",
        "TNVED": "00000000-0000-0000-0000-000000000000",
        "OKVED": "00000000-0000-0000-0000-000000000000",
        "OKPD2": "15841c5e-1973-11ee-b5ac-005056013b0c",
        "archive": false,
        "dateOutputArchive": "0001-01-01T00:00:00Z"
    },
    {
        "guid": "878e73be-36d1-11ee-b5b0-005056013b0c",
        "code": "01.01.01.02.01",
        "parent": "878e73bc-36d1-11ee-b5b0-005056013b0c",
        "name": "Т-6.02АСПБНУ-3 (с глонасс)",
        "owner": "00000000-0000-0000-0000-000000000000",
        "consolidatedGroup": "",
        "OKP": "",
        "TNVED": "00000000-0000-0000-0000-000000000000",
        "OKVED": "00000000-0000-0000-0000-000000000000",
        "OKPD2": "15841c5e-1973-11ee-b5ac-005056013b0c",
        "archive": false,
        "dateOutputArchive": "0001-01-01T00:00:00Z"
    },
    {
        "guid": "878e73bf-36d1-11ee-b5b0-005056013b0c",
        "code": "01.01.01.02.02",
        "parent": "878e73bc-36d1-11ee-b5b0-005056013b0c",
        "name": "Трактор Т-6.02АСПБНУ-3 (с ГСТ \"ПСМ\", с металлической облицовкой)",
        "owner": "00000000-0000-0000-0000-000000000000",
        "consolidatedGroup": "",
        "OKP": "",
        "TNVED": "00000000-0000-0000-0000-000000000000",
        "OKVED": "00000000-0000-0000-0000-000000000000",
        "OKPD2": "15841c5e-1973-11ee-b5ac-005056013b0c",
        "archive": false,
        "dateOutputArchive": "0001-01-01T00:00:00Z"
    },
    {
        "guid": "878e73c0-36d1-11ee-b5b0-005056013b0c",
        "code": "01.01.01.02.03",
        "parent": "878e73bc-36d1-11ee-b5b0-005056013b0c",
        "name": "Трактор Т-6.02АСПБНУ-3 (с ГСТ \"ПСМ\", с пластиковой облицовкой)",
        "owner": "00000000-0000-0000-0000-000000000000",
        "consolidatedGroup": "",
        "OKP": "",
        "TNVED": "00000000-0000-0000-0000-000000000000",
        "OKVED": "00000000-0000-0000-0000-000000000000",
        "OKPD2": "15841c5e-1973-11ee-b5ac-005056013b0c",
        "archive": false,
        "dateOutputArchive": "0001-01-01T00:00:00Z"
    },
    {
        "guid": "878e73c1-36d1-11ee-b5b0-005056013b0c",
        "code": "01.01.01.02.04",
        "parent": "878e73bc-36d1-11ee-b5b0-005056013b0c",
        "name": "Трактор Т-6.02АСПБ-3 (с ГСТ ф.\"Linde\", с металлической облицовкой)",
        "owner": "00000000-0000-0000-0000-000000000000",
        "consolidatedGroup": "",
        "OKP": "",
        "TNVED": "00000000-0000-0000-0000-000000000000",
        "OKVED": "00000000-0000-0000-0000-000000000000",
        "OKPD2": "15841c5e-1973-11ee-b5ac-005056013b0c",
        "archive": false,
        "dateOutputArchive": "0001-01-01T00:00:00Z"
    },
    {
        "guid": "878e73c2-36d1-11ee-b5b0-005056013b0c",
        "code": "01.01.01.02.05",
        "parent": "878e73bc-36d1-11ee-b5b0-005056013b0c",
        "name": "Трактор Т-6.02АСПБ-3 (с ГСТ ф.\"Linde\", с пластиковой облицовкой)",
        "owner": "00000000-0000-0000-0000-000000000000",
        "consolidatedGroup": "",
        "OKP": "",
        "TNVED": "00000000-0000-0000-0000-000000000000",
        "OKVED": "00000000-0000-0000-0000-000000000000",
        "OKPD2": "15841c5e-1973-11ee-b5ac-005056013b0c",
        "archive": false,
        "dateOutputArchive": "0001-01-01T00:00:00Z"
    },
    {
        "guid": "878e73c3-36d1-11ee-b5b0-005056013b0c",
        "code": "01.01.02",
        "parent": "b8f6ff12-1677-11ee-b5ab-a0dc07f9a67b",
        "name": "класс 08 т.с",
        "owner": "00000000-0000-0000-0000-000000000000",
        "consolidatedGroup": "",
        "OKP": "",
        "TNVED": "00000000-0000-0000-0000-000000000000",
        "OKVED": "00000000-0000-0000-0000-000000000000",
        "OKPD2": "15841c5e-1973-11ee-b5ac-005056013b0c",
        "archive": false,
        "dateOutputArchive": "0001-01-01T00:00:00Z"
    },
    {
        "guid": "878e73c4-36d1-11ee-b5b0-005056013b0c",
        "code": "01.01.02.01",
        "parent": "878e73c3-36d1-11ee-b5b0-005056013b0c",
        "name": "Т-8.01АСП",
        "owner": "00000000-0000-0000-0000-000000000000",
        "consolidatedGroup": "",
        "OKP": "",
        "TNVED": "00000000-0000-0000-0000-000000000000",
        "OKVED": "00000000-0000-0000-0000-000000000000",
        "OKPD2": "15841c5e-1973-11ee-b5ac-005056013b0c",
        "archive": false,
        "dateOutputArchive": "0001-01-01T00:00:00Z"
    },
    {
        "guid": "878e73c5-36d1-11ee-b5b0-005056013b0c",
        "code": "01.01.03",
        "parent": "b8f6ff12-1677-11ee-b5ab-a0dc07f9a67b",
        "name": "класс 09 т.с",
        "owner": "00000000-0000-0000-0000-000000000000",
        "consolidatedGroup": "",
        "OKP": "",
        "TNVED": "00000000-0000-0000-0000-000000000000",
        "OKVED": "00000000-0000-0000-0000-000000000000",
        "OKPD2": "15841c5e-1973-11ee-b5ac-005056013b0c",
        "archive": false,
        "dateOutputArchive": "0001-01-01T00:00:00Z"
    },
    {
        "guid": "878e73c6-36d1-11ee-b5b0-005056013b0c",
        "code": "01.01.03.01",
        "parent": "878e73c5-36d1-11ee-b5b0-005056013b0c",
        "name": "Т-9.01ВМ",
        "owner": "00000000-0000-0000-0000-000000000000",
        "consolidatedGroup": "",
        "OKP": "",
        "TNVED": "00000000-0000-0000-0000-000000000000",
        "OKVED": "00000000-0000-0000-0000-000000000000",
        "OKPD2": "15841c5e-1973-11ee-b5ac-005056013b0c",
        "archive": false,
        "dateOutputArchive": "0001-01-01T00:00:00Z"
    },
    {
        "guid": "878e73c7-36d1-11ee-b5b0-005056013b0c",
        "code": "01.01.03.01.00",
        "parent": "878e73c6-36d1-11ee-b5b0-005056013b0c",
        "name": "Трактор Т-9.01ВМ",
        "owner": "00000000-0000-0000-0000-000000000000",
        "consolidatedGroup": "",
        "OKP": "",
        "TNVED": "00000000-0000-0000-0000-000000000000",
        "OKVED": "00000000-0000-0000-0000-000000000000",
        "OKPD2": "15841c5e-1973-11ee-b5ac-005056013b0c",
        "archive": false,
        "dateOutputArchive": "0001-01-01T00:00:00Z"
    },
    {
        "guid": "878e73c8-36d1-11ee-b5b0-005056013b0c",
        "code": "01.01.03.01.01",
        "parent": "878e73c6-36d1-11ee-b5b0-005056013b0c",
        "name": "Трактор Т-9.01ВМБ-3",
        "owner": "00000000-0000-0000-0000-000000000000",
        "consolidatedGroup": "",
        "OKP": "",
        "TNVED": "00000000-0000-0000-0000-000000000000",
        "OKVED": "00000000-0000-0000-0000-000000000000",
        "OKPD2": "15841c5e-1973-11ee-b5ac-005056013b0c",
        "archive": false,
        "dateOutputArchive": "0001-01-01T00:00:00Z"
    },
    {
        "guid": "878e73c9-36d1-11ee-b5b0-005056013b0c",
        "code": "01.01.03.01.02",
        "parent": "878e73c6-36d1-11ee-b5b0-005056013b0c",
        "name": "Трактор Т-9.01ВМБ-3 с кондиционером",
        "owner": "00000000-0000-0000-0000-000000000000",
        "consolidatedGroup": "",
        "OKP": "",
        "TNVED": "00000000-0000-0000-0000-000000000000",
        "OKVED": "00000000-0000-0000-0000-000000000000",
        "OKPD2": "15841c5e-1973-11ee-b5ac-005056013b0c",
        "archive": false,
        "dateOutputArchive": "0001-01-01T00:00:00Z"
    },
    {
        "guid": "878e73ca-36d1-11ee-b5b0-005056013b0c",
        "code": "01.01.03.01.03",
        "parent": "878e73c6-36d1-11ee-b5b0-005056013b0c",
        "name": "Трактор Т-9.01ВМБЛ-3",
        "owner": "00000000-0000-0000-0000-000000000000",
        "consolidatedGroup": "",
        "OKP": "",
        "TNVED": "00000000-0000-0000-0000-000000000000",
        "OKVED": "00000000-0000-0000-0000-000000000000",
        "OKPD2": "15841c5e-1973-11ee-b5ac-005056013b0c",
        "archive": false,
        "dateOutputArchive": "0001-01-01T00:00:00Z"
    },
    {
        "guid": "878e73cb-36d1-11ee-b5b0-005056013b0c",
        "code": "01.01.03.01.04",
        "parent": "878e73c6-36d1-11ee-b5b0-005056013b0c",
        "name": "Трактор Т-9.01ВМБЛ-3 с кондиционером",
        "owner": "00000000-0000-0000-0000-000000000000",
        "consolidatedGroup": "",
        "OKP": "",
        "TNVED": "00000000-0000-0000-0000-000000000000",
        "OKVED": "00000000-0000-0000-0000-000000000000",
        "OKPD2": "15841c5e-1973-11ee-b5ac-005056013b0c",
        "archive": false,
        "dateOutputArchive": "0001-01-01T00:00:00Z"
    },
    {
        "guid": "878e73cc-36d1-11ee-b5b0-005056013b0c",
        "code": "01.01.03.01.05",
        "parent": "878e73c6-36d1-11ee-b5b0-005056013b0c",
        "name": "Трактор Т-9.01ВМБР-3-01",
        "owner": "00000000-0000-0000-0000-000000000000",
        "consolidatedGroup": "",
        "OKP": "",
        "TNVED": "00000000-0000-0000-0000-000000000000",
        "OKVED": "00000000-0000-0000-0000-000000000000",
        "OKPD2": "15841c5e-1973-11ee-b5ac-005056013b0c",
        "archive": false,
        "dateOutputArchive": "0001-01-01T00:00:00Z"
    },
    {
        "guid": "878e73cd-36d1-11ee-b5b0-005056013b0c",
        "code": "01.01.03.01.06",
        "parent": "878e73c6-36d1-11ee-b5b0-005056013b0c",
        "name": "Трактор Т-9.01ВМБР-3-01 с кондиционером",
        "owner": "00000000-0000-0000-0000-000000000000",
        "consolidatedGroup": "",
        "OKP": "",
        "TNVED": "00000000-0000-0000-0000-000000000000",
        "OKVED": "00000000-0000-0000-0000-000000000000",
        "OKPD2": "15841c5e-1973-11ee-b5ac-005056013b0c",
        "archive": false,
        "dateOutputArchive": "0001-01-01T00:00:00Z"
    },
    {
        "guid": "878e73ce-36d1-11ee-b5b0-005056013b0c",
        "code": "01.01.03.01.07",
        "parent": "878e73c6-36d1-11ee-b5b0-005056013b0c",
        "name": "Трактор Т-9.01ВМБР-3",
        "owner": "00000000-0000-0000-0000-000000000000",
        "consolidatedGroup": "",
        "OKP": "",
        "TNVED": "00000000-0000-0000-0000-000000000000",
        "OKVED": "00000000-0000-0000-0000-000000000000",
        "OKPD2": "15841c5e-1973-11ee-b5ac-005056013b0c",
        "archive": false,
        "dateOutputArchive": "0001-01-01T00:00:00Z"
    },
    {
        "guid": "878e73cf-36d1-11ee-b5b0-005056013b0c",
        "code": "01.01.03.01.08",
        "parent": "878e73c6-36d1-11ee-b5b0-005056013b0c",
        "name": "Трактор Т-9.01ВМБР-3 с кондиционером",
        "owner": "00000000-0000-0000-0000-000000000000",
        "consolidatedGroup": "",
        "OKP": "",
        "TNVED": "00000000-0000-0000-0000-000000000000",
        "OKVED": "00000000-0000-0000-0000-000000000000",
        "OKPD2": "15841c5e-1973-11ee-b5ac-005056013b0c",
        "archive": false,
        "dateOutputArchive": "0001-01-01T00:00:00Z"
    },
    {
        "guid": "878e73d0-36d1-11ee-b5b0-005056013b0c",
        "code": "01.01.03.02",
        "parent": "878e73c5-36d1-11ee-b5b0-005056013b0c",
        "name": "Т-9.01К",
        "owner": "00000000-0000-0000-0000-000000000000",
        "consolidatedGroup": "",
        "OKP": "",
        "TNVED": "00000000-0000-0000-0000-000000000000",
        "OKVED": "00000000-0000-0000-0000-000000000000",
        "OKPD2": "15841c5e-1973-11ee-b5ac-005056013b0c",
        "archive": false,
        "dateOutputArchive": "0001-01-01T00:00:00Z"
    },
    {
        "guid": "878e73d1-36d1-11ee-b5b0-005056013b0c",
        "code": "01.01.03.02.00",
        "parent": "878e73d0-36d1-11ee-b5b0-005056013b0c",
        "name": "Трактор Т-9.01К",
        "owner": "00000000-0000-0000-0000-000000000000",
        "consolidatedGroup": "",
        "OKP": "",
        "TNVED": "00000000-0000-0000-0000-000000000000",
        "OKVED": "00000000-0000-0000-0000-000000000000",
        "OKPD2": "15841c5e-1973-11ee-b5ac-005056013b0c",
        "archive": false,
        "dateOutputArchive": "0001-01-01T00:00:00Z"
    },
    {
        "guid": "878e73d2-36d1-11ee-b5b0-005056013b0c",
        "code": "01.01.03.02.01",
        "parent": "878e73d0-36d1-11ee-b5b0-005056013b0c",
        "name": "Т-9.01КБ-1",
        "owner": "00000000-0000-0000-0000-000000000000",
        "consolidatedGroup": "",
        "OKP": "",
        "TNVED": "00000000-0000-0000-0000-000000000000",
        "OKVED": "00000000-0000-0000-0000-000000000000",
        "OKPD2": "15841c5e-1973-11ee-b5ac-005056013b0c",
        "archive": false,
        "dateOutputArchive": "0001-01-01T00:00:00Z"
    },
    {
        "guid": "878e73d3-36d1-11ee-b5b0-005056013b0c",
        "code": "01.01.03.02.02",
        "parent": "878e73d0-36d1-11ee-b5b0-005056013b0c",
        "name": "Трактор Т-9.01КБЛ-1",
        "owner": "00000000-0000-0000-0000-000000000000",
        "consolidatedGroup": "",
        "OKP": "",
        "TNVED": "00000000-0000-0000-0000-000000000000",
        "OKVED": "00000000-0000-0000-0000-000000000000",
        "OKPD2": "15841c5e-1973-11ee-b5ac-005056013b0c",
        "archive": false,
        "dateOutputArchive": "0001-01-01T00:00:00Z"
    },
    {
        "guid": "878e73d4-36d1-11ee-b5b0-005056013b0c",
        "code": "01.01.03.02.03",
        "parent": "878e73d0-36d1-11ee-b5b0-005056013b0c",
        "name": "Трактор Т-9.01КБР-1-01",
        "owner": "00000000-0000-0000-0000-000000000000",
        "consolidatedGroup": "",
        "OKP": "",
        "TNVED": "00000000-0000-0000-0000-000000000000",
        "OKVED": "00000000-0000-0000-0000-000000000000",
        "OKPD2": "15841c5e-1973-11ee-b5ac-005056013b0c",
        "archive": false,
        "dateOutputArchive": "0001-01-01T00:00:00Z"
    },
    {
        "guid": "878e73d5-36d1-11ee-b5b0-005056013b0c",
        "code": "01.01.03.02.04",
        "parent": "878e73d0-36d1-11ee-b5b0-005056013b0c",
        "name": "Трактор Т-9.01КБ-3",
        "owner": "00000000-0000-0000-0000-000000000000",
        "consolidatedGroup": "",
        "OKP": "",
        "TNVED": "00000000-0000-0000-0000-000000000000",
        "OKVED": "00000000-0000-0000-0000-000000000000",
        "OKPD2": "15841c5e-1973-11ee-b5ac-005056013b0c",
        "archive": false,
        "dateOutputArchive": "0001-01-01T00:00:00Z"
    },
    {
        "guid": "878e73d6-36d1-11ee-b5b0-005056013b0c",
        "code": "01.01.03.02.05",
        "parent": "878e73d0-36d1-11ee-b5b0-005056013b0c",
        "name": "Трактор Т-9.01КБЛ-3",
        "owner": "00000000-0000-0000-0000-000000000000",
        "consolidatedGroup": "",
        "OKP": "",
        "TNVED": "00000000-0000-0000-0000-000000000000",
        "OKVED": "00000000-0000-0000-0000-000000000000",
        "OKPD2": "15841c5e-1973-11ee-b5ac-005056013b0c",
        "archive": false,
        "dateOutputArchive": "0001-01-01T00:00:00Z"
    },
    {
        "guid": "878e73d7-36d1-11ee-b5b0-005056013b0c",
        "code": "01.01.03.02.06",
        "parent": "878e73d0-36d1-11ee-b5b0-005056013b0c",
        "name": "Трактор Т-9.01КБР-1",
        "owner": "00000000-0000-0000-0000-000000000000",
        "consolidatedGroup": "",
        "OKP": "",
        "TNVED": "00000000-0000-0000-0000-000000000000",
        "OKVED": "00000000-0000-0000-0000-000000000000",
        "OKPD2": "15841c5e-1973-11ee-b5ac-005056013b0c",
        "archive": false,
        "dateOutputArchive": "0001-01-01T00:00:00Z"
    },
    {
        "guid": "878e73d8-36d1-11ee-b5b0-005056013b0c",
        "code": "01.01.03.02.07",
        "parent": "878e73d0-36d1-11ee-b5b0-005056013b0c",
        "name": "Трактор Т-9.01КБР-3",
        "owner": "00000000-0000-0000-0000-000000000000",
        "consolidatedGroup": "",
        "OKP": "",
        "TNVED": "00000000-0000-0000-0000-000000000000",
        "OKVED": "00000000-0000-0000-0000-000000000000",
        "OKPD2": "15841c5e-1973-11ee-b5ac-005056013b0c",
        "archive": false,
        "dateOutputArchive": "0001-01-01T00:00:00Z"
    },
    {
        "guid": "878e73d9-36d1-11ee-b5b0-005056013b0c",
        "code": "01.01.03.02.08",
        "parent": "878e73d0-36d1-11ee-b5b0-005056013b0c",
        "name": "Трактор Т-9.01КБР-3-01",
        "owner": "00000000-0000-0000-0000-000000000000",
        "consolidatedGroup": "",
        "OKP": "",
        "TNVED": "00000000-0000-0000-0000-000000000000",
        "OKVED": "00000000-0000-0000-0000-000000000000",
        "OKPD2": "15841c5e-1973-11ee-b5ac-005056013b0c",
        "archive": false,
        "dateOutputArchive": "0001-01-01T00:00:00Z"
    },
    {
        "guid": "878e73da-36d1-11ee-b5b0-005056013b0c",
        "code": "01.01.03.02.09",
        "parent": "878e73d0-36d1-11ee-b5b0-005056013b0c",
        "name": "Трактор Т-9.01КБР-1-01 с кондиционером",
        "owner": "00000000-0000-0000-0000-000000000000",
        "consolidatedGroup": "",
        "OKP": "",
        "TNVED": "00000000-0000-0000-0000-000000000000",
        "OKVED": "00000000-0000-0000-0000-000000000000",
        "OKPD2": "15841c5e-1973-11ee-b5ac-005056013b0c",
        "archive": false,
        "dateOutputArchive": "0001-01-01T00:00:00Z"
    },
    {
        "guid": "878e73db-36d1-11ee-b5b0-005056013b0c",
        "code": "01.01.03.02.10",
        "parent": "878e73d0-36d1-11ee-b5b0-005056013b0c",
        "name": "Трактор Т-9.01КБ-1 с кондиционером",
        "owner": "00000000-0000-0000-0000-000000000000",
        "consolidatedGroup": "",
        "OKP": "",
        "TNVED": "00000000-0000-0000-0000-000000000000",
        "OKVED": "00000000-0000-0000-0000-000000000000",
        "OKPD2": "15841c5e-1973-11ee-b5ac-005056013b0c",
        "archive": false,
        "dateOutputArchive": "0001-01-01T00:00:00Z"
    },
    {
        "guid": "878e73dc-36d1-11ee-b5b0-005056013b0c",
        "code": "01.01.03.02.11",
        "parent": "878e73d0-36d1-11ee-b5b0-005056013b0c",
        "name": "Трактор Т-9.01КБЛ-1 с кондиционером",
        "owner": "00000000-0000-0000-0000-000000000000",
        "consolidatedGroup": "",
        "OKP": "",
        "TNVED": "00000000-0000-0000-0000-000000000000",
        "OKVED": "00000000-0000-0000-0000-000000000000",
        "OKPD2": "15841c5e-1973-11ee-b5ac-005056013b0c",
        "archive": false,
        "dateOutputArchive": "0001-01-01T00:00:00Z"
    },
    {
        "guid": "878e73dd-36d1-11ee-b5b0-005056013b0c",
        "code": "01.01.03.02.12",
        "parent": "878e73d0-36d1-11ee-b5b0-005056013b0c",
        "name": "Трактор Т-9.01КБР-1 с кондиционером",
        "owner": "00000000-0000-0000-0000-000000000000",
        "consolidatedGroup": "",
        "OKP": "",
        "TNVED": "00000000-0000-0000-0000-000000000000",
        "OKVED": "00000000-0000-0000-0000-000000000000",
        "OKPD2": "15841c5e-1973-11ee-b5ac-005056013b0c",
        "archive": false,
        "dateOutputArchive": "0001-01-01T00:00:00Z"
    },
    {
        "guid": "878e73de-36d1-11ee-b5b0-005056013b0c",
        "code": "01.01.03.02.13",
        "parent": "878e73d0-36d1-11ee-b5b0-005056013b0c",
        "name": "Трактор Т-9.01КБР-3-01 с кондиционером",
        "owner": "00000000-0000-0000-0000-000000000000",
        "consolidatedGroup": "",
        "OKP": "",
        "TNVED": "00000000-0000-0000-0000-000000000000",
        "OKVED": "00000000-0000-0000-0000-000000000000",
        "OKPD2": "15841c5e-1973-11ee-b5ac-005056013b0c",
        "archive": false,
        "dateOutputArchive": "0001-01-01T00:00:00Z"
    },
    {
        "guid": "878e73df-36d1-11ee-b5b0-005056013b0c",
        "code": "01.01.03.02.14",
        "parent": "878e73d0-36d1-11ee-b5b0-005056013b0c",
        "name": "Трактор Т-9.01КБ-3 с кондиционером",
        "owner": "00000000-0000-0000-0000-000000000000",
        "consolidatedGroup": "",
        "OKP": "",
        "TNVED": "00000000-0000-0000-0000-000000000000",
        "OKVED": "00000000-0000-0000-0000-000000000000",
        "OKPD2": "15841c5e-1973-11ee-b5ac-005056013b0c",
        "archive": false,
        "dateOutputArchive": "0001-01-01T00:00:00Z"
    },
    {
        "guid": "878e73e0-36d1-11ee-b5b0-005056013b0c",
        "code": "01.01.03.02.15",
        "parent": "878e73d0-36d1-11ee-b5b0-005056013b0c",
        "name": "Трактор Т-9.01КБЛ-3 с кондиционером",
        "owner": "00000000-0000-0000-0000-000000000000",
        "consolidatedGroup": "",
        "OKP": "",
        "TNVED": "00000000-0000-0000-0000-000000000000",
        "OKVED": "00000000-0000-0000-0000-000000000000",
        "OKPD2": "15841c5e-1973-11ee-b5ac-005056013b0c",
        "archive": false,
        "dateOutputArchive": "0001-01-01T00:00:00Z"
    },
    {
        "guid": "878e73e1-36d1-11ee-b5b0-005056013b0c",
        "code": "01.01.03.02.16",
        "parent": "878e73d0-36d1-11ee-b5b0-005056013b0c",
        "name": "Трактор Т-9.01КБР-3 с кондиционером",
        "owner": "00000000-0000-0000-0000-000000000000",
        "consolidatedGroup": "",
        "OKP": "",
        "TNVED": "00000000-0000-0000-0000-000000000000",
        "OKVED": "00000000-0000-0000-0000-000000000000",
        "OKPD2": "15841c5e-1973-11ee-b5ac-005056013b0c",
        "archive": false,
        "dateOutputArchive": "0001-01-01T00:00:00Z"
    },
    {
        "guid": "878e73e2-36d1-11ee-b5b0-005056013b0c",
        "code": "01.01.03.02.17",
        "parent": "878e73d0-36d1-11ee-b5b0-005056013b0c",
        "name": "Трактор Т-9.01КБР-1-01 (ДВС \"Камминз-Кама\")",
        "owner": "00000000-0000-0000-0000-000000000000",
        "consolidatedGroup": "",
        "OKP": "",
        "TNVED": "00000000-0000-0000-0000-000000000000",
        "OKVED": "00000000-0000-0000-0000-000000000000",
        "OKPD2": "15841c5e-1973-11ee-b5ac-005056013b0c",
        "archive": false,
        "dateOutputArchive": "0001-01-01T00:00:00Z"
    },
    {
        "guid": "878e73e3-36d1-11ee-b5b0-005056013b0c",
        "code": "01.01.03.02.18",
        "parent": "878e73d0-36d1-11ee-b5b0-005056013b0c",
        "name": "Трактор Т-9.01КБ-1 (ДВС \"Камминз-Кама\")",
        "owner": "00000000-0000-0000-0000-000000000000",
        "consolidatedGroup": "",
        "OKP": "",
        "TNVED": "00000000-0000-0000-0000-000000000000",
        "OKVED": "00000000-0000-0000-0000-000000000000",
        "OKPD2": "15841c5e-1973-11ee-b5ac-005056013b0c",
        "archive": false,
        "dateOutputArchive": "0001-01-01T00:00:00Z"
    },
    {
        "guid": "878e73e4-36d1-11ee-b5b0-005056013b0c",
        "code": "01.01.03.02.19",
        "parent": "878e73d0-36d1-11ee-b5b0-005056013b0c",
        "name": "Трактор Т-9.01КБЛ-1 (ДВС \"Камминз-Кама\")",
        "owner": "00000000-0000-0000-0000-000000000000",
        "consolidatedGroup": "",
        "OKP": "",
        "TNVED": "00000000-0000-0000-0000-000000000000",
        "OKVED": "00000000-0000-0000-0000-000000000000",
        "OKPD2": "15841c5e-1973-11ee-b5ac-005056013b0c",
        "archive": false,
        "dateOutputArchive": "0001-01-01T00:00:00Z"
    },
    {
        "guid": "878e73e5-36d1-11ee-b5b0-005056013b0c",
        "code": "01.01.03.02.20",
        "parent": "878e73d0-36d1-11ee-b5b0-005056013b0c",
        "name": "Трактор Т-9.01КБР-1 (ДВС \"Камминз-Кама\")",
        "owner": "00000000-0000-0000-0000-000000000000",
        "consolidatedGroup": "",
        "OKP": "",
        "TNVED": "00000000-0000-0000-0000-000000000000",
        "OKVED": "00000000-0000-0000-0000-000000000000",
        "OKPD2": "15841c5e-1973-11ee-b5ac-005056013b0c",
        "archive": false,
        "dateOutputArchive": "0001-01-01T00:00:00Z"
    },
    {
        "guid": "878e73e6-36d1-11ee-b5b0-005056013b0c",
        "code": "01.01.03.02.21",
        "parent": "878e73d0-36d1-11ee-b5b0-005056013b0c",
        "name": "Трактор Т-9.01КБР-3-01 (ДВС \"Камминз-Кама\")",
        "owner": "00000000-0000-0000-0000-000000000000",
        "consolidatedGroup": "",
        "OKP": "",
        "TNVED": "00000000-0000-0000-0000-000000000000",
        "OKVED": "00000000-0000-0000-0000-000000000000",
        "OKPD2": "15841c5e-1973-11ee-b5ac-005056013b0c",
        "archive": false,
        "dateOutputArchive": "0001-01-01T00:00:00Z"
    },
    {
        "guid": "878e73e7-36d1-11ee-b5b0-005056013b0c",
        "code": "01.01.03.02.22",
        "parent": "878e73d0-36d1-11ee-b5b0-005056013b0c",
        "name": "Трактор Т-9.01КБ-3 (ДВС \"Камминз-Кама\")",
        "owner": "00000000-0000-0000-0000-000000000000",
        "consolidatedGroup": "",
        "OKP": "",
        "TNVED": "00000000-0000-0000-0000-000000000000",
        "OKVED": "00000000-0000-0000-0000-000000000000",
        "OKPD2": "15841c5e-1973-11ee-b5ac-005056013b0c",
        "archive": false,
        "dateOutputArchive": "0001-01-01T00:00:00Z"
    },
    {
        "guid": "878e73e8-36d1-11ee-b5b0-005056013b0c",
        "code": "01.01.03.02.23",
        "parent": "878e73d0-36d1-11ee-b5b0-005056013b0c",
        "name": "Трактор Т-9.01КБЛ-3 (ДВС \"Камминз-Кама\")",
        "owner": "00000000-0000-0000-0000-000000000000",
        "consolidatedGroup": "",
        "OKP": "",
        "TNVED": "00000000-0000-0000-0000-000000000000",
        "OKVED": "00000000-0000-0000-0000-000000000000",
        "OKPD2": "15841c5e-1973-11ee-b5ac-005056013b0c",
        "archive": false,
        "dateOutputArchive": "0001-01-01T00:00:00Z"
    },
    {
        "guid": "878e73e9-36d1-11ee-b5b0-005056013b0c",
        "code": "01.01.03.02.24",
        "parent": "878e73d0-36d1-11ee-b5b0-005056013b0c",
        "name": "Трактор Т-9.01КБР-3 (ДВС \"Камминз-Кама\")",
        "owner": "00000000-0000-0000-0000-000000000000",
        "consolidatedGroup": "",
        "OKP": "",
        "TNVED": "00000000-0000-0000-0000-000000000000",
        "OKVED": "00000000-0000-0000-0000-000000000000",
        "OKPD2": "15841c5e-1973-11ee-b5ac-005056013b0c",
        "archive": false,
        "dateOutputArchive": "0001-01-01T00:00:00Z"
    },
    {
        "guid": "878e73ea-36d1-11ee-b5b0-005056013b0c",
        "code": "01.01.03.02.25",
        "parent": "878e73d0-36d1-11ee-b5b0-005056013b0c",
        "name": "Трактор Т-9.01КБР-1-01 с кондиционером (ДВС \"Камминз-Кама\")",
        "owner": "00000000-0000-0000-0000-000000000000",
        "consolidatedGroup": "",
        "OKP": "",
        "TNVED": "00000000-0000-0000-0000-000000000000",
        "OKVED": "00000000-0000-0000-0000-000000000000",
        "OKPD2": "15841c5e-1973-11ee-b5ac-005056013b0c",
        "archive": false,
        "dateOutputArchive": "0001-01-01T00:00:00Z"
    },
    {
        "guid": "878e73eb-36d1-11ee-b5b0-005056013b0c",
        "code": "01.01.03.02.26",
        "parent": "878e73d0-36d1-11ee-b5b0-005056013b0c",
        "name": "Трактор Т-9.01КБ-1 с кондиционером (ДВС \"Камминз-Кама\")",
        "owner": "00000000-0000-0000-0000-000000000000",
        "consolidatedGroup": "",
        "OKP": "",
        "TNVED": "00000000-0000-0000-0000-000000000000",
        "OKVED": "00000000-0000-0000-0000-000000000000",
        "OKPD2": "15841c5e-1973-11ee-b5ac-005056013b0c",
        "archive": false,
        "dateOutputArchive": "0001-01-01T00:00:00Z"
    },
    {
        "guid": "878e73ec-36d1-11ee-b5b0-005056013b0c",
        "code": "01.01.03.02.27",
        "parent": "878e73d0-36d1-11ee-b5b0-005056013b0c",
        "name": "Трактор Т-9.01КБЛ-1 с кондиционером (ДВС \"Камминз-Кама\")",
        "owner": "00000000-0000-0000-0000-000000000000",
        "consolidatedGroup": "",
        "OKP": "",
        "TNVED": "00000000-0000-0000-0000-000000000000",
        "OKVED": "00000000-0000-0000-0000-000000000000",
        "OKPD2": "15841c5e-1973-11ee-b5ac-005056013b0c",
        "archive": false,
        "dateOutputArchive": "0001-01-01T00:00:00Z"
    },
    {
        "guid": "878e73ed-36d1-11ee-b5b0-005056013b0c",
        "code": "01.01.03.02.28",
        "parent": "878e73d0-36d1-11ee-b5b0-005056013b0c",
        "name": "Трактор Т-9.01КБР-1 с кондиционером (ДВС \"Камминз-Кама\")",
        "owner": "00000000-0000-0000-0000-000000000000",
        "consolidatedGroup": "",
        "OKP": "",
        "TNVED": "00000000-0000-0000-0000-000000000000",
        "OKVED": "00000000-0000-0000-0000-000000000000",
        "OKPD2": "15841c5e-1973-11ee-b5ac-005056013b0c",
        "archive": false,
        "dateOutputArchive": "0001-01-01T00:00:00Z"
    },
    {
        "guid": "878e73ee-36d1-11ee-b5b0-005056013b0c",
        "code": "01.01.03.02.29",
        "parent": "878e73d0-36d1-11ee-b5b0-005056013b0c",
        "name": "Трактор Т-9.01КБР-3-01 с кондиционером (ДВС \"Камминз-Кама\")",
        "owner": "00000000-0000-0000-0000-000000000000",
        "consolidatedGroup": "",
        "OKP": "",
        "TNVED": "00000000-0000-0000-0000-000000000000",
        "OKVED": "00000000-0000-0000-0000-000000000000",
        "OKPD2": "15841c5e-1973-11ee-b5ac-005056013b0c",
        "archive": false,
        "dateOutputArchive": "0001-01-01T00:00:00Z"
    },
    {
        "guid": "878e73ef-36d1-11ee-b5b0-005056013b0c",
        "code": "01.01.03.02.30",
        "parent": "878e73d0-36d1-11ee-b5b0-005056013b0c",
        "name": "Трактор Т-9.01КБ-3 с кондиционером (ДВС \"Камминз-Кама\")",
        "owner": "00000000-0000-0000-0000-000000000000",
        "consolidatedGroup": "",
        "OKP": "",
        "TNVED": "00000000-0000-0000-0000-000000000000",
        "OKVED": "00000000-0000-0000-0000-000000000000",
        "OKPD2": "15841c5e-1973-11ee-b5ac-005056013b0c",
        "archive": false,
        "dateOutputArchive": "0001-01-01T00:00:00Z"
    },
    {
        "guid": "878e73f0-36d1-11ee-b5b0-005056013b0c",
        "code": "01.01.03.02.31",
        "parent": "878e73d0-36d1-11ee-b5b0-005056013b0c",
        "name": "Трактор Т-9.01КБЛ-3 с кондиционером (ДВС \"Камминз-Кама\")",
        "owner": "00000000-0000-0000-0000-000000000000",
        "consolidatedGroup": "",
        "OKP": "",
        "TNVED": "00000000-0000-0000-0000-000000000000",
        "OKVED": "00000000-0000-0000-0000-000000000000",
        "OKPD2": "15841c5e-1973-11ee-b5ac-005056013b0c",
        "archive": false,
        "dateOutputArchive": "0001-01-01T00:00:00Z"
    },
    {
        "guid": "878e73f1-36d1-11ee-b5b0-005056013b0c",
        "code": "01.01.03.02.32",
        "parent": "878e73d0-36d1-11ee-b5b0-005056013b0c",
        "name": "Трактор Т-9.01КБР-3 с кондиционером (ДВС \"Камминз-Кама\")",
        "owner": "00000000-0000-0000-0000-000000000000",
        "consolidatedGroup": "",
        "OKP": "",
        "TNVED": "00000000-0000-0000-0000-000000000000",
        "OKVED": "00000000-0000-0000-0000-000000000000",
        "OKPD2": "15841c5e-1973-11ee-b5ac-005056013b0c",
        "archive": false,
        "dateOutputArchive": "0001-01-01T00:00:00Z"
    },
    {
        "guid": "878e73f2-36d1-11ee-b5b0-005056013b0c",
        "code": "01.01.03.02.33",
        "parent": "878e73d0-36d1-11ee-b5b0-005056013b0c",
        "name": "Бульдозер Т-9.01КБР-1-01",
        "owner": "00000000-0000-0000-0000-000000000000",
        "consolidatedGroup": "",
        "OKP": "",
        "TNVED": "00000000-0000-0000-0000-000000000000",
        "OKVED": "00000000-0000-0000-0000-000000000000",
        "OKPD2": "15841c5e-1973-11ee-b5ac-005056013b0c",
        "archive": false,
        "dateOutputArchive": "0001-01-01T00:00:00Z"
    },
    {
        "guid": "878e73f3-36d1-11ee-b5b0-005056013b0c",
        "code": "01.01.03.02.34",
        "parent": "878e73d0-36d1-11ee-b5b0-005056013b0c",
        "name": "Бульдозер Т-9.01КБ-1",
        "owner": "00000000-0000-0000-0000-000000000000",
        "consolidatedGroup": "",
        "OKP": "",
        "TNVED": "00000000-0000-0000-0000-000000000000",
        "OKVED": "00000000-0000-0000-0000-000000000000",
        "OKPD2": "15841c5e-1973-11ee-b5ac-005056013b0c",
        "archive": false,
        "dateOutputArchive": "0001-01-01T00:00:00Z"
    },
    {
        "guid": "878e73f4-36d1-11ee-b5b0-005056013b0c",
        "code": "01.01.03.02.35",
        "parent": "878e73d0-36d1-11ee-b5b0-005056013b0c",
        "name": "Бульдозер Т-9.01КБЛ-1",
        "owner": "00000000-0000-0000-0000-000000000000",
        "consolidatedGroup": "",
        "OKP": "",
        "TNVED": "00000000-0000-0000-0000-000000000000",
        "OKVED": "00000000-0000-0000-0000-000000000000",
        "OKPD2": "15841c5e-1973-11ee-b5ac-005056013b0c",
        "archive": false,
        "dateOutputArchive": "0001-01-01T00:00:00Z"
    },
    {
        "guid": "878e73f5-36d1-11ee-b5b0-005056013b0c",
        "code": "01.01.03.02.36",
        "parent": "878e73d0-36d1-11ee-b5b0-005056013b0c",
        "name": "Бульдозер Т-9.01КБР-1",
        "owner": "00000000-0000-0000-0000-000000000000",
        "consolidatedGroup": "",
        "OKP": "",
        "TNVED": "00000000-0000-0000-0000-000000000000",
        "OKVED": "00000000-0000-0000-0000-000000000000",
        "OKPD2": "15841c5e-1973-11ee-b5ac-005056013b0c",
        "archive": false,
        "dateOutputArchive": "0001-01-01T00:00:00Z"
    },
    {
        "guid": "878e73f6-36d1-11ee-b5b0-005056013b0c",
        "code": "01.01.03.02.37",
        "parent": "878e73d0-36d1-11ee-b5b0-005056013b0c",
        "name": "Бульдозер Т-9.01КБР-3-01",
        "owner": "00000000-0000-0000-0000-000000000000",
        "consolidatedGroup": "",
        "OKP": "",
        "TNVED": "00000000-0000-0000-0000-000000000000",
        "OKVED": "00000000-0000-0000-0000-000000000000",
        "OKPD2": "15841c5e-1973-11ee-b5ac-005056013b0c",
        "archive": false,
        "dateOutputArchive": "0001-01-01T00:00:00Z"
    },
    {
        "guid": "878e73f7-36d1-11ee-b5b0-005056013b0c",
        "code": "01.01.03.02.38",
        "parent": "878e73d0-36d1-11ee-b5b0-005056013b0c",
        "name": "Бульдозер Т-9.01КБ-3",
        "owner": "00000000-0000-0000-0000-000000000000",
        "consolidatedGroup": "",
        "OKP": "",
        "TNVED": "00000000-0000-0000-0000-000000000000",
        "OKVED": "00000000-0000-0000-0000-000000000000",
        "OKPD2": "15841c5e-1973-11ee-b5ac-005056013b0c",
        "archive": false,
        "dateOutputArchive": "0001-01-01T00:00:00Z"
    },
    {
        "guid": "878e73f8-36d1-11ee-b5b0-005056013b0c",
        "code": "01.01.03.02.39",
        "parent": "878e73d0-36d1-11ee-b5b0-005056013b0c",
        "name": "Бульдозер Т-9.01КБЛ-3",
        "owner": "00000000-0000-0000-0000-000000000000",
        "consolidatedGroup": "",
        "OKP": "",
        "TNVED": "00000000-0000-0000-0000-000000000000",
        "OKVED": "00000000-0000-0000-0000-000000000000",
        "OKPD2": "15841c5e-1973-11ee-b5ac-005056013b0c",
        "archive": false,
        "dateOutputArchive": "0001-01-01T00:00:00Z"
    },
    {
        "guid": "878e73f9-36d1-11ee-b5b0-005056013b0c",
        "code": "01.01.03.02.40",
        "parent": "878e73d0-36d1-11ee-b5b0-005056013b0c",
        "name": "Бульдозер Т-9.01КБР-3",
        "owner": "00000000-0000-0000-0000-000000000000",
        "consolidatedGroup": "",
        "OKP": "",
        "TNVED": "00000000-0000-0000-0000-000000000000",
        "OKVED": "00000000-0000-0000-0000-000000000000",
        "OKPD2": "15841c5e-1973-11ee-b5ac-005056013b0c",
        "archive": false,
        "dateOutputArchive": "0001-01-01T00:00:00Z"
    },
    {
        "guid": "878e73fa-36d1-11ee-b5b0-005056013b0c",
        "code": "01.01.03.02.41",
        "parent": "878e73d0-36d1-11ee-b5b0-005056013b0c",
        "name": "Бульдозер Т-9.01КБР-1-01 с кондиционером",
        "owner": "00000000-0000-0000-0000-000000000000",
        "consolidatedGroup": "",
        "OKP": "",
        "TNVED": "00000000-0000-0000-0000-000000000000",
        "OKVED": "00000000-0000-0000-0000-000000000000",
        "OKPD2": "15841c5e-1973-11ee-b5ac-005056013b0c",
        "archive": false,
        "dateOutputArchive": "0001-01-01T00:00:00Z"
    },
    {
        "guid": "878e73fb-36d1-11ee-b5b0-005056013b0c",
        "code": "01.01.03.02.42",
        "parent": "878e73d0-36d1-11ee-b5b0-005056013b0c",
        "name": "Бульдозер Т-9.01КБ-1 с кондиционером",
        "owner": "00000000-0000-0000-0000-000000000000",
        "consolidatedGroup": "",
        "OKP": "",
        "TNVED": "00000000-0000-0000-0000-000000000000",
        "OKVED": "00000000-0000-0000-0000-000000000000",
        "OKPD2": "15841c5e-1973-11ee-b5ac-005056013b0c",
        "archive": false,
        "dateOutputArchive": "0001-01-01T00:00:00Z"
    },
    {
        "guid": "878e73fc-36d1-11ee-b5b0-005056013b0c",
        "code": "01.01.03.02.43",
        "parent": "878e73d0-36d1-11ee-b5b0-005056013b0c",
        "name": "Бульдозер Т-9.01КБЛ-1 с кондиционером",
        "owner": "00000000-0000-0000-0000-000000000000",
        "consolidatedGroup": "",
        "OKP": "",
        "TNVED": "00000000-0000-0000-0000-000000000000",
        "OKVED": "00000000-0000-0000-0000-000000000000",
        "OKPD2": "15841c5e-1973-11ee-b5ac-005056013b0c",
        "archive": false,
        "dateOutputArchive": "0001-01-01T00:00:00Z"
    },
    {
        "guid": "878e73fd-36d1-11ee-b5b0-005056013b0c",
        "code": "01.01.03.02.44",
        "parent": "878e73d0-36d1-11ee-b5b0-005056013b0c",
        "name": "Бульдозер Т-9.01КБР-1 с кондиционером",
        "owner": "00000000-0000-0000-0000-000000000000",
        "consolidatedGroup": "",
        "OKP": "",
        "TNVED": "00000000-0000-0000-0000-000000000000",
        "OKVED": "00000000-0000-0000-0000-000000000000",
        "OKPD2": "15841c5e-1973-11ee-b5ac-005056013b0c",
        "archive": false,
        "dateOutputArchive": "0001-01-01T00:00:00Z"
    },
    {
        "guid": "878e73fe-36d1-11ee-b5b0-005056013b0c",
        "code": "01.01.03.02.45",
        "parent": "878e73d0-36d1-11ee-b5b0-005056013b0c",
        "name": "Бульдозер Т-9.01КБР-3-01 с кондиционером",
        "owner": "00000000-0000-0000-0000-000000000000",
        "consolidatedGroup": "",
        "OKP": "",
        "TNVED": "00000000-0000-0000-0000-000000000000",
        "OKVED": "00000000-0000-0000-0000-000000000000",
        "OKPD2": "15841c5e-1973-11ee-b5ac-005056013b0c",
        "archive": false,
        "dateOutputArchive": "0001-01-01T00:00:00Z"
    },
    {
        "guid": "878e73ff-36d1-11ee-b5b0-005056013b0c",
        "code": "01.01.03.02.46",
        "parent": "878e73d0-36d1-11ee-b5b0-005056013b0c",
        "name": "Бульдозер Т-9.01КБ-3 с кондиционером",
        "owner": "00000000-0000-0000-0000-000000000000",
        "consolidatedGroup": "",
        "OKP": "",
        "TNVED": "00000000-0000-0000-0000-000000000000",
        "OKVED": "00000000-0000-0000-0000-000000000000",
        "OKPD2": "15841c5e-1973-11ee-b5ac-005056013b0c",
        "archive": false,
        "dateOutputArchive": "0001-01-01T00:00:00Z"
    },
    {
        "guid": "878e7400-36d1-11ee-b5b0-005056013b0c",
        "code": "01.01.03.02.47",
        "parent": "878e73d0-36d1-11ee-b5b0-005056013b0c",
        "name": "Бульдозер Т-9.01КБЛ-3 с кондиционером",
        "owner": "00000000-0000-0000-0000-000000000000",
        "consolidatedGroup": "",
        "OKP": "",
        "TNVED": "00000000-0000-0000-0000-000000000000",
        "OKVED": "00000000-0000-0000-0000-000000000000",
        "OKPD2": "15841c5e-1973-11ee-b5ac-005056013b0c",
        "archive": false,
        "dateOutputArchive": "0001-01-01T00:00:00Z"
    },
    {
        "guid": "878e7401-36d1-11ee-b5b0-005056013b0c",
        "code": "01.01.03.02.48",
        "parent": "878e73d0-36d1-11ee-b5b0-005056013b0c",
        "name": "Бульдозер Т-9.01КБР-3 с кондиционером",
        "owner": "00000000-0000-0000-0000-000000000000",
        "consolidatedGroup": "",
        "OKP": "",
        "TNVED": "00000000-0000-0000-0000-000000000000",
        "OKVED": "00000000-0000-0000-0000-000000000000",
        "OKPD2": "15841c5e-1973-11ee-b5ac-005056013b0c",
        "archive": false,
        "dateOutputArchive": "0001-01-01T00:00:00Z"
    },
    {
        "guid": "878e7402-36d1-11ee-b5b0-005056013b0c",
        "code": "01.01.03.02.49",
        "parent": "878e73d0-36d1-11ee-b5b0-005056013b0c",
        "name": "Бульдозер Т-9.01КБР-1-01 (ДВС \"Камминз-Кама\")",
        "owner": "00000000-0000-0000-0000-000000000000",
        "consolidatedGroup": "",
        "OKP": "",
        "TNVED": "00000000-0000-0000-0000-000000000000",
        "OKVED": "00000000-0000-0000-0000-000000000000",
        "OKPD2": "15841c5e-1973-11ee-b5ac-005056013b0c",
        "archive": false,
        "dateOutputArchive": "0001-01-01T00:00:00Z"
    },
    {
        "guid": "878e7403-36d1-11ee-b5b0-005056013b0c",
        "code": "01.01.03.02.50",
        "parent": "878e73d0-36d1-11ee-b5b0-005056013b0c",
        "name": "Бульдозер Т-9.01КБ-1 (ДВС \"Камминз-Кама\")",
        "owner": "00000000-0000-0000-0000-000000000000",
        "consolidatedGroup": "",
        "OKP": "",
        "TNVED": "00000000-0000-0000-0000-000000000000",
        "OKVED": "00000000-0000-0000-0000-000000000000",
        "OKPD2": "15841c5e-1973-11ee-b5ac-005056013b0c",
        "archive": false,
        "dateOutputArchive": "0001-01-01T00:00:00Z"
    },
    {
        "guid": "878e7404-36d1-11ee-b5b0-005056013b0c",
        "code": "01.01.03.02.51",
        "parent": "878e73d0-36d1-11ee-b5b0-005056013b0c",
        "name": "Бульдозер Т-9.01КБЛ-1 (ДВС \"Камминз-Кама\")",
        "owner": "00000000-0000-0000-0000-000000000000",
        "consolidatedGroup": "",
        "OKP": "",
        "TNVED": "00000000-0000-0000-0000-000000000000",
        "OKVED": "00000000-0000-0000-0000-000000000000",
        "OKPD2": "15841c5e-1973-11ee-b5ac-005056013b0c",
        "archive": false,
        "dateOutputArchive": "0001-01-01T00:00:00Z"
    },
    {
        "guid": "878e7405-36d1-11ee-b5b0-005056013b0c",
        "code": "01.01.03.02.52",
        "parent": "878e73d0-36d1-11ee-b5b0-005056013b0c",
        "name": "Бульдозер Т-9.01КБР-1 (ДВС \"Камминз-Кама\")",
        "owner": "00000000-0000-0000-0000-000000000000",
        "consolidatedGroup": "",
        "OKP": "",
        "TNVED": "00000000-0000-0000-0000-000000000000",
        "OKVED": "00000000-0000-0000-0000-000000000000",
        "OKPD2": "15841c5e-1973-11ee-b5ac-005056013b0c",
        "archive": false,
        "dateOutputArchive": "0001-01-01T00:00:00Z"
    },
    {
        "guid": "878e7406-36d1-11ee-b5b0-005056013b0c",
        "code": "01.01.03.02.53",
        "parent": "878e73d0-36d1-11ee-b5b0-005056013b0c",
        "name": "Бульдозер Т-9.01КБР-3-01 (ДВС \"Камминз-Кама\")",
        "owner": "00000000-0000-0000-0000-000000000000",
        "consolidatedGroup": "",
        "OKP": "",
        "TNVED": "00000000-0000-0000-0000-000000000000",
        "OKVED": "00000000-0000-0000-0000-000000000000",
        "OKPD2": "15841c5e-1973-11ee-b5ac-005056013b0c",
        "archive": false,
        "dateOutputArchive": "0001-01-01T00:00:00Z"
    },
    {
        "guid": "878e7407-36d1-11ee-b5b0-005056013b0c",
        "code": "01.01.03.02.54",
        "parent": "878e73d0-36d1-11ee-b5b0-005056013b0c",
        "name": "Бульдозер Т-9.01КБ-3 (ДВС \"Камминз-Кама\")",
        "owner": "00000000-0000-0000-0000-000000000000",
        "consolidatedGroup": "",
        "OKP": "",
        "TNVED": "00000000-0000-0000-0000-000000000000",
        "OKVED": "00000000-0000-0000-0000-000000000000",
        "OKPD2": "15841c5e-1973-11ee-b5ac-005056013b0c",
        "archive": false,
        "dateOutputArchive": "0001-01-01T00:00:00Z"
    },
    {
        "guid": "878e7408-36d1-11ee-b5b0-005056013b0c",
        "code": "01.01.03.02.55",
        "parent": "878e73d0-36d1-11ee-b5b0-005056013b0c",
        "name": "Бульдозер Т-9.01КБЛ-3 (ДВС \"Камминз-Кама\")",
        "owner": "00000000-0000-0000-0000-000000000000",
        "consolidatedGroup": "",
        "OKP": "",
        "TNVED": "00000000-0000-0000-0000-000000000000",
        "OKVED": "00000000-0000-0000-0000-000000000000",
        "OKPD2": "15841c5e-1973-11ee-b5ac-005056013b0c",
        "archive": false,
        "dateOutputArchive": "0001-01-01T00:00:00Z"
    },
    {
        "guid": "878e7409-36d1-11ee-b5b0-005056013b0c",
        "code": "01.01.03.02.56",
        "parent": "878e73d0-36d1-11ee-b5b0-005056013b0c",
        "name": "Бульдозер Т-9.01КБР-3 (ДВС \"Камминз-Кама\")",
        "owner": "00000000-0000-0000-0000-000000000000",
        "consolidatedGroup": "",
        "OKP": "",
        "TNVED": "00000000-0000-0000-0000-000000000000",
        "OKVED": "00000000-0000-0000-0000-000000000000",
        "OKPD2": "15841c5e-1973-11ee-b5ac-005056013b0c",
        "archive": false,
        "dateOutputArchive": "0001-01-01T00:00:00Z"
    },
    {
        "guid": "878e740a-36d1-11ee-b5b0-005056013b0c",
        "code": "01.01.03.02.57",
        "parent": "878e73d0-36d1-11ee-b5b0-005056013b0c",
        "name": "Бульдозер Т-9.01КБР-1-01 с кондиционером (ДВС \"Камминз-Кама\")",
        "owner": "00000000-0000-0000-0000-000000000000",
        "consolidatedGroup": "",
        "OKP": "",
        "TNVED": "00000000-0000-0000-0000-000000000000",
        "OKVED": "00000000-0000-0000-0000-000000000000",
        "OKPD2": "15841c5e-1973-11ee-b5ac-005056013b0c",
        "archive": false,
        "dateOutputArchive": "0001-01-01T00:00:00Z"
    },
    {
        "guid": "878e740b-36d1-11ee-b5b0-005056013b0c",
        "code": "01.01.03.02.58",
        "parent": "878e73d0-36d1-11ee-b5b0-005056013b0c",
        "name": "Бульдозер Т-9.01КБ-1 с кондиционером (ДВС \"Камминз-Кама\")",
        "owner": "00000000-0000-0000-0000-000000000000",
        "consolidatedGroup": "",
        "OKP": "",
        "TNVED": "00000000-0000-0000-0000-000000000000",
        "OKVED": "00000000-0000-0000-0000-000000000000",
        "OKPD2": "15841c5e-1973-11ee-b5ac-005056013b0c",
        "archive": false,
        "dateOutputArchive": "0001-01-01T00:00:00Z"
    },
    {
        "guid": "878e740c-36d1-11ee-b5b0-005056013b0c",
        "code": "01.01.03.02.59",
        "parent": "878e73d0-36d1-11ee-b5b0-005056013b0c",
        "name": "Бульдозер Т-9.01КБЛ-1 с кондиционером (ДВС \"Камминз-Кама\")",
        "owner": "00000000-0000-0000-0000-000000000000",
        "consolidatedGroup": "",
        "OKP": "",
        "TNVED": "00000000-0000-0000-0000-000000000000",
        "OKVED": "00000000-0000-0000-0000-000000000000",
        "OKPD2": "15841c5e-1973-11ee-b5ac-005056013b0c",
        "archive": false,
        "dateOutputArchive": "0001-01-01T00:00:00Z"
    },
    {
        "guid": "878e740d-36d1-11ee-b5b0-005056013b0c",
        "code": "01.01.03.02.60",
        "parent": "878e73d0-36d1-11ee-b5b0-005056013b0c",
        "name": "Бульдозер Т-9.01КБР-1 с кондиционером (ДВС \"Камминз-Кама\")",
        "owner": "00000000-0000-0000-0000-000000000000",
        "consolidatedGroup": "",
        "OKP": "",
        "TNVED": "00000000-0000-0000-0000-000000000000",
        "OKVED": "00000000-0000-0000-0000-000000000000",
        "OKPD2": "15841c5e-1973-11ee-b5ac-005056013b0c",
        "archive": false,
        "dateOutputArchive": "0001-01-01T00:00:00Z"
    },
    {
        "guid": "878e740e-36d1-11ee-b5b0-005056013b0c",
        "code": "01.01.03.02.61",
        "parent": "878e73d0-36d1-11ee-b5b0-005056013b0c",
        "name": "Бульдозер Т-9.01КБР-3-01 с кондиционером (ДВС \"Камминз-Кама\")",
        "owner": "00000000-0000-0000-0000-000000000000",
        "consolidatedGroup": "",
        "OKP": "",
        "TNVED": "00000000-0000-0000-0000-000000000000",
        "OKVED": "00000000-0000-0000-0000-000000000000",
        "OKPD2": "15841c5e-1973-11ee-b5ac-005056013b0c",
        "archive": false,
        "dateOutputArchive": "0001-01-01T00:00:00Z"
    },
    {
        "guid": "878e740f-36d1-11ee-b5b0-005056013b0c",
        "code": "01.01.03.02.62",
        "parent": "878e73d0-36d1-11ee-b5b0-005056013b0c",
        "name": "Бульдозер Т-9.01КБ-3 с кондиционером (ДВС \"Камминз-Кама\")",
        "owner": "00000000-0000-0000-0000-000000000000",
        "consolidatedGroup": "",
        "OKP": "",
        "TNVED": "00000000-0000-0000-0000-000000000000",
        "OKVED": "00000000-0000-0000-0000-000000000000",
        "OKPD2": "15841c5e-1973-11ee-b5ac-005056013b0c",
        "archive": false,
        "dateOutputArchive": "0001-01-01T00:00:00Z"
    },
    {
        "guid": "878e7410-36d1-11ee-b5b0-005056013b0c",
        "code": "01.01.03.02.63",
        "parent": "878e73d0-36d1-11ee-b5b0-005056013b0c",
        "name": "Бульдозер Т-9.01КБЛ-3 с кондиционером (ДВС \"Камминз-Кама\")",
        "owner": "00000000-0000-0000-0000-000000000000",
        "consolidatedGroup": "",
        "OKP": "",
        "TNVED": "00000000-0000-0000-0000-000000000000",
        "OKVED": "00000000-0000-0000-0000-000000000000",
        "OKPD2": "15841c5e-1973-11ee-b5ac-005056013b0c",
        "archive": false,
        "dateOutputArchive": "0001-01-01T00:00:00Z"
    },
    {
        "guid": "878e7411-36d1-11ee-b5b0-005056013b0c",
        "code": "01.01.03.02.64",
        "parent": "878e73d0-36d1-11ee-b5b0-005056013b0c",
        "name": "Бульдозер Т-9.01КБР-3 с кондиционером (ДВС \"Камминз-Кама\")",
        "owner": "00000000-0000-0000-0000-000000000000",
        "consolidatedGroup": "",
        "OKP": "",
        "TNVED": "00000000-0000-0000-0000-000000000000",
        "OKVED": "00000000-0000-0000-0000-000000000000",
        "OKPD2": "15841c5e-1973-11ee-b5ac-005056013b0c",
        "archive": false,
        "dateOutputArchive": "0001-01-01T00:00:00Z"
    },
    {
        "guid": "878e7412-36d1-11ee-b5b0-005056013b0c",
        "code": "01.01.03.02.65",
        "parent": "878e73d0-36d1-11ee-b5b0-005056013b0c",
        "name": "Трактор Т-9.01КБР-1-01 с автоматической ГМТ, (ДВС \"Камминз-Кама\")",
        "owner": "00000000-0000-0000-0000-000000000000",
        "consolidatedGroup": "",
        "OKP": "",
        "TNVED": "00000000-0000-0000-0000-000000000000",
        "OKVED": "00000000-0000-0000-0000-000000000000",
        "OKPD2": "15841c5e-1973-11ee-b5ac-005056013b0c",
        "archive": false,
        "dateOutputArchive": "0001-01-01T00:00:00Z"
    },
    {
        "guid": "878e7413-36d1-11ee-b5b0-005056013b0c",
        "code": "01.01.03.02.66",
        "parent": "878e73d0-36d1-11ee-b5b0-005056013b0c",
        "name": "Трактор Т-9.01КБ-1 с автоматической ГМТ, (ДВС \"Камминз-Кама\")",
        "owner": "00000000-0000-0000-0000-000000000000",
        "consolidatedGroup": "",
        "OKP": "",
        "TNVED": "00000000-0000-0000-0000-000000000000",
        "OKVED": "00000000-0000-0000-0000-000000000000",
        "OKPD2": "15841c5e-1973-11ee-b5ac-005056013b0c",
        "archive": false,
        "dateOutputArchive": "0001-01-01T00:00:00Z"
    },
    {
        "guid": "878e7414-36d1-11ee-b5b0-005056013b0c",
        "code": "01.01.03.02.67",
        "parent": "878e73d0-36d1-11ee-b5b0-005056013b0c",
        "name": "Трактор Т-9.01КБЛ-1 с автоматической ГМТ, (ДВС \"Камминз-Кама\")",
        "owner": "00000000-0000-0000-0000-000000000000",
        "consolidatedGroup": "",
        "OKP": "",
        "TNVED": "00000000-0000-0000-0000-000000000000",
        "OKVED": "00000000-0000-0000-0000-000000000000",
        "OKPD2": "15841c5e-1973-11ee-b5ac-005056013b0c",
        "archive": false,
        "dateOutputArchive": "0001-01-01T00:00:00Z"
    },
    {
        "guid": "878e7415-36d1-11ee-b5b0-005056013b0c",
        "code": "01.01.03.02.68",
        "parent": "878e73d0-36d1-11ee-b5b0-005056013b0c",
        "name": "Трактор Т-9.01КБР-1 с автоматической ГМТ, (ДВС \"Камминз-Кама\")",
        "owner": "00000000-0000-0000-0000-000000000000",
        "consolidatedGroup": "",
        "OKP": "",
        "TNVED": "00000000-0000-0000-0000-000000000000",
        "OKVED": "00000000-0000-0000-0000-000000000000",
        "OKPD2": "15841c5e-1973-11ee-b5ac-005056013b0c",
        "archive": false,
        "dateOutputArchive": "0001-01-01T00:00:00Z"
    },
    {
        "guid": "878e7416-36d1-11ee-b5b0-005056013b0c",
        "code": "01.01.03.02.69",
        "parent": "878e73d0-36d1-11ee-b5b0-005056013b0c",
        "name": "Трактор Т-9.01КБР-3-01 с автоматической ГМТ, (ДВС \"Камминз-Кама\")",
        "owner": "00000000-0000-0000-0000-000000000000",
        "consolidatedGroup": "",
        "OKP": "",
        "TNVED": "00000000-0000-0000-0000-000000000000",
        "OKVED": "00000000-0000-0000-0000-000000000000",
        "OKPD2": "15841c5e-1973-11ee-b5ac-005056013b0c",
        "archive": false,
        "dateOutputArchive": "0001-01-01T00:00:00Z"
    },
    {
        "guid": "878e7417-36d1-11ee-b5b0-005056013b0c",
        "code": "01.01.03.02.70",
        "parent": "878e73d0-36d1-11ee-b5b0-005056013b0c",
        "name": "Трактор Т-9.01КБ-3 с автоматической ГМТ, (ДВС \"Камминз-Кама\")",
        "owner": "00000000-0000-0000-0000-000000000000",
        "consolidatedGroup": "",
        "OKP": "",
        "TNVED": "00000000-0000-0000-0000-000000000000",
        "OKVED": "00000000-0000-0000-0000-000000000000",
        "OKPD2": "15841c5e-1973-11ee-b5ac-005056013b0c",
        "archive": false,
        "dateOutputArchive": "0001-01-01T00:00:00Z"
    },
    {
        "guid": "878e7418-36d1-11ee-b5b0-005056013b0c",
        "code": "01.01.03.02.71",
        "parent": "878e73d0-36d1-11ee-b5b0-005056013b0c",
        "name": "Трактор Т-9.01КБЛ-3 с автоматической ГМТ, (ДВС \"Камминз-Кама\")",
        "owner": "00000000-0000-0000-0000-000000000000",
        "consolidatedGroup": "",
        "OKP": "",
        "TNVED": "00000000-0000-0000-0000-000000000000",
        "OKVED": "00000000-0000-0000-0000-000000000000",
        "OKPD2": "15841c5e-1973-11ee-b5ac-005056013b0c",
        "archive": false,
        "dateOutputArchive": "0001-01-01T00:00:00Z"
    },
    {
        "guid": "878e7419-36d1-11ee-b5b0-005056013b0c",
        "code": "01.01.03.02.72",
        "parent": "878e73d0-36d1-11ee-b5b0-005056013b0c",
        "name": "Трактор Т-9.01КБР-3 с автоматической ГМТ, (ДВС \"Камминз-Кама\")",
        "owner": "00000000-0000-0000-0000-000000000000",
        "consolidatedGroup": "",
        "OKP": "",
        "TNVED": "00000000-0000-0000-0000-000000000000",
        "OKVED": "00000000-0000-0000-0000-000000000000",
        "OKPD2": "15841c5e-1973-11ee-b5ac-005056013b0c",
        "archive": false,
        "dateOutputArchive": "0001-01-01T00:00:00Z"
    },
    {
        "guid": "878e741a-36d1-11ee-b5b0-005056013b0c",
        "code": "01.01.03.02.73",
        "parent": "878e73d0-36d1-11ee-b5b0-005056013b0c",
        "name": "Трактор Т-9.01КБР-1-01 с автоматической ГМТ, с кондиционером, (ДВС \"Камминз-Кама\")",
        "owner": "00000000-0000-0000-0000-000000000000",
        "consolidatedGroup": "",
        "OKP": "",
        "TNVED": "00000000-0000-0000-0000-000000000000",
        "OKVED": "00000000-0000-0000-0000-000000000000",
        "OKPD2": "15841c5e-1973-11ee-b5ac-005056013b0c",
        "archive": false,
        "dateOutputArchive": "0001-01-01T00:00:00Z"
    },
    {
        "guid": "878e741b-36d1-11ee-b5b0-005056013b0c",
        "code": "01.01.03.02.74",
        "parent": "878e73d0-36d1-11ee-b5b0-005056013b0c",
        "name": "Трактор Т-9.01КБ-1 с автоматической ГМТ, с кондиционером, (ДВС \"Камминз-Кама\")",
        "owner": "00000000-0000-0000-0000-000000000000",
        "consolidatedGroup": "",
        "OKP": "",
        "TNVED": "00000000-0000-0000-0000-000000000000",
        "OKVED": "00000000-0000-0000-0000-000000000000",
        "OKPD2": "15841c5e-1973-11ee-b5ac-005056013b0c",
        "archive": false,
        "dateOutputArchive": "0001-01-01T00:00:00Z"
    },
    {
        "guid": "878e741c-36d1-11ee-b5b0-005056013b0c",
        "code": "01.01.03.02.75",
        "parent": "878e73d0-36d1-11ee-b5b0-005056013b0c",
        "name": "Трактор Т-9.01КБЛ-1 с автоматической ГМТ, с кондиционером, (ДВС \"Камминз-Кама\")",
        "owner": "00000000-0000-0000-0000-000000000000",
        "consolidatedGroup": "",
        "OKP": "",
        "TNVED": "00000000-0000-0000-0000-000000000000",
        "OKVED": "00000000-0000-0000-0000-000000000000",
        "OKPD2": "15841c5e-1973-11ee-b5ac-005056013b0c",
        "archive": false,
        "dateOutputArchive": "0001-01-01T00:00:00Z"
    },
    {
        "guid": "878e741d-36d1-11ee-b5b0-005056013b0c",
        "code": "01.01.03.02.76",
        "parent": "878e73d0-36d1-11ee-b5b0-005056013b0c",
        "name": "Трактор Т-9.01КБР-1 с автоматической ГМТ, с кондиционером, (ДВС \"Камминз-Кама\")",
        "owner": "00000000-0000-0000-0000-000000000000",
        "consolidatedGroup": "",
        "OKP": "",
        "TNVED": "00000000-0000-0000-0000-000000000000",
        "OKVED": "00000000-0000-0000-0000-000000000000",
        "OKPD2": "15841c5e-1973-11ee-b5ac-005056013b0c",
        "archive": false,
        "dateOutputArchive": "0001-01-01T00:00:00Z"
    },
    {
        "guid": "878e741e-36d1-11ee-b5b0-005056013b0c",
        "code": "01.01.03.02.77",
        "parent": "878e73d0-36d1-11ee-b5b0-005056013b0c",
        "name": "Трактор Т-9.01КБР-3-01 с автоматической ГМТ, с кондиционером, (ДВС \"Камминз-Кама\")",
        "owner": "00000000-0000-0000-0000-000000000000",
        "consolidatedGroup": "",
        "OKP": "",
        "TNVED": "00000000-0000-0000-0000-000000000000",
        "OKVED": "00000000-0000-0000-0000-000000000000",
        "OKPD2": "15841c5e-1973-11ee-b5ac-005056013b0c",
        "archive": false,
        "dateOutputArchive": "0001-01-01T00:00:00Z"
    },
    {
        "guid": "878e741f-36d1-11ee-b5b0-005056013b0c",
        "code": "01.01.03.02.78",
        "parent": "878e73d0-36d1-11ee-b5b0-005056013b0c",
        "name": "Трактор Т-9.01КБ-3 с автоматической ГМТ, с кондиционером, (ДВС \"Камминз-Кама\")",
        "owner": "00000000-0000-0000-0000-000000000000",
        "consolidatedGroup": "",
        "OKP": "",
        "TNVED": "00000000-0000-0000-0000-000000000000",
        "OKVED": "00000000-0000-0000-0000-000000000000",
        "OKPD2": "15841c5e-1973-11ee-b5ac-005056013b0c",
        "archive": false,
        "dateOutputArchive": "0001-01-01T00:00:00Z"
    },
    {
        "guid": "878e7420-36d1-11ee-b5b0-005056013b0c",
        "code": "01.01.03.02.79",
        "parent": "878e73d0-36d1-11ee-b5b0-005056013b0c",
        "name": "Трактор Т-9.01КБЛ-3 с автоматической ГМТ, с кондиционером, (ДВС \"Камминз-Кама\")",
        "owner": "00000000-0000-0000-0000-000000000000",
        "consolidatedGroup": "",
        "OKP": "",
        "TNVED": "00000000-0000-0000-0000-000000000000",
        "OKVED": "00000000-0000-0000-0000-000000000000",
        "OKPD2": "15841c5e-1973-11ee-b5ac-005056013b0c",
        "archive": false,
        "dateOutputArchive": "0001-01-01T00:00:00Z"
    },
    {
        "guid": "878e7421-36d1-11ee-b5b0-005056013b0c",
        "code": "01.01.03.02.80",
        "parent": "878e73d0-36d1-11ee-b5b0-005056013b0c",
        "name": "Трактор Т-9.01КБР-3 с автоматической ГМТ, с кондиционером, (ДВС \"Камминз-Кама\")",
        "owner": "00000000-0000-0000-0000-000000000000",
        "consolidatedGroup": "",
        "OKP": "",
        "TNVED": "00000000-0000-0000-0000-000000000000",
        "OKVED": "00000000-0000-0000-0000-000000000000",
        "OKPD2": "15841c5e-1973-11ee-b5ac-005056013b0c",
        "archive": false,
        "dateOutputArchive": "0001-01-01T00:00:00Z"
    },
    {
        "guid": "878e7422-36d1-11ee-b5b0-005056013b0c",
        "code": "01.01.03.02.81",
        "parent": "878e73d0-36d1-11ee-b5b0-005056013b0c",
        "name": "Бульдозер Т-9.01КБР-1-01 с автоматической ГМТ, (ДВС \"Камминз-Кама\")",
        "owner": "00000000-0000-0000-0000-000000000000",
        "consolidatedGroup": "",
        "OKP": "",
        "TNVED": "00000000-0000-0000-0000-000000000000",
        "OKVED": "00000000-0000-0000-0000-000000000000",
        "OKPD2": "15841c5e-1973-11ee-b5ac-005056013b0c",
        "archive": false,
        "dateOutputArchive": "0001-01-01T00:00:00Z"
    },
    {
        "guid": "878e7423-36d1-11ee-b5b0-005056013b0c",
        "code": "01.01.03.02.82",
        "parent": "878e73d0-36d1-11ee-b5b0-005056013b0c",
        "name": "Бульдозер Т-9.01КБ-1 с автоматической ГМТ, (ДВС \"Камминз-Кама\")",
        "owner": "00000000-0000-0000-0000-000000000000",
        "consolidatedGroup": "",
        "OKP": "",
        "TNVED": "00000000-0000-0000-0000-000000000000",
        "OKVED": "00000000-0000-0000-0000-000000000000",
        "OKPD2": "15841c5e-1973-11ee-b5ac-005056013b0c",
        "archive": false,
        "dateOutputArchive": "0001-01-01T00:00:00Z"
    },
    {
        "guid": "878e7424-36d1-11ee-b5b0-005056013b0c",
        "code": "01.01.03.02.83",
        "parent": "878e73d0-36d1-11ee-b5b0-005056013b0c",
        "name": "Бульдозер Т-9.01КБЛ-1 с автоматической ГМТ, (ДВС \"Камминз-Кама\")",
        "owner": "00000000-0000-0000-0000-000000000000",
        "consolidatedGroup": "",
        "OKP": "",
        "TNVED": "00000000-0000-0000-0000-000000000000",
        "OKVED": "00000000-0000-0000-0000-000000000000",
        "OKPD2": "15841c5e-1973-11ee-b5ac-005056013b0c",
        "archive": false,
        "dateOutputArchive": "0001-01-01T00:00:00Z"
    },
    {
        "guid": "878e7425-36d1-11ee-b5b0-005056013b0c",
        "code": "01.01.03.02.84",
        "parent": "878e73d0-36d1-11ee-b5b0-005056013b0c",
        "name": "Бульдозер Т-9.01КБР-1 с автоматической ГМТ, (ДВС \"Камминз-Кама\")",
        "owner": "00000000-0000-0000-0000-000000000000",
        "consolidatedGroup": "",
        "OKP": "",
        "TNVED": "00000000-0000-0000-0000-000000000000",
        "OKVED": "00000000-0000-0000-0000-000000000000",
        "OKPD2": "15841c5e-1973-11ee-b5ac-005056013b0c",
        "archive": false,
        "dateOutputArchive": "0001-01-01T00:00:00Z"
    },
    {
        "guid": "878e7426-36d1-11ee-b5b0-005056013b0c",
        "code": "01.01.03.02.85",
        "parent": "878e73d0-36d1-11ee-b5b0-005056013b0c",
        "name": "Бульдозер Т-9.01КБР-3-01 с автоматической ГМТ, (ДВС \"Камминз-Кама\")",
        "owner": "00000000-0000-0000-0000-000000000000",
        "consolidatedGroup": "",
        "OKP": "",
        "TNVED": "00000000-0000-0000-0000-000000000000",
        "OKVED": "00000000-0000-0000-0000-000000000000",
        "OKPD2": "15841c5e-1973-11ee-b5ac-005056013b0c",
        "archive": false,
        "dateOutputArchive": "0001-01-01T00:00:00Z"
    },
    {
        "guid": "878e7427-36d1-11ee-b5b0-005056013b0c",
        "code": "01.01.03.02.86",
        "parent": "878e73d0-36d1-11ee-b5b0-005056013b0c",
        "name": "Бульдозер Т-9.01КБ-3 с автоматической ГМТ, (ДВС \"Камминз-Кама\")",
        "owner": "00000000-0000-0000-0000-000000000000",
        "consolidatedGroup": "",
        "OKP": "",
        "TNVED": "00000000-0000-0000-0000-000000000000",
        "OKVED": "00000000-0000-0000-0000-000000000000",
        "OKPD2": "15841c5e-1973-11ee-b5ac-005056013b0c",
        "archive": false,
        "dateOutputArchive": "0001-01-01T00:00:00Z"
    },
    {
        "guid": "878e7428-36d1-11ee-b5b0-005056013b0c",
        "code": "01.01.03.02.87",
        "parent": "878e73d0-36d1-11ee-b5b0-005056013b0c",
        "name": "Бульдозер Т-9.01КБЛ-3 с автоматической ГМТ, (ДВС \"Камминз-Кама\")",
        "owner": "00000000-0000-0000-0000-000000000000",
        "consolidatedGroup": "",
        "OKP": "",
        "TNVED": "00000000-0000-0000-0000-000000000000",
        "OKVED": "00000000-0000-0000-0000-000000000000",
        "OKPD2": "15841c5e-1973-11ee-b5ac-005056013b0c",
        "archive": false,
        "dateOutputArchive": "0001-01-01T00:00:00Z"
    },
    {
        "guid": "878e7429-36d1-11ee-b5b0-005056013b0c",
        "code": "01.01.03.02.88",
        "parent": "878e73d0-36d1-11ee-b5b0-005056013b0c",
        "name": "Бульдозер Т-9.01КБР-3 с автоматической ГМТ, (ДВС \"Камминз-Кама\")",
        "owner": "00000000-0000-0000-0000-000000000000",
        "consolidatedGroup": "",
        "OKP": "",
        "TNVED": "00000000-0000-0000-0000-000000000000",
        "OKVED": "00000000-0000-0000-0000-000000000000",
        "OKPD2": "15841c5e-1973-11ee-b5ac-005056013b0c",
        "archive": false,
        "dateOutputArchive": "0001-01-01T00:00:00Z"
    },
    {
        "guid": "878e742a-36d1-11ee-b5b0-005056013b0c",
        "code": "01.01.03.02.89",
        "parent": "878e73d0-36d1-11ee-b5b0-005056013b0c",
        "name": "Бульдозер Т-9.01КБР-1-01 с автоматической ГМТ, с кондиционером, (ДВС \"Камминз-Кама\")",
        "owner": "00000000-0000-0000-0000-000000000000",
        "consolidatedGroup": "",
        "OKP": "",
        "TNVED": "00000000-0000-0000-0000-000000000000",
        "OKVED": "00000000-0000-0000-0000-000000000000",
        "OKPD2": "15841c5e-1973-11ee-b5ac-005056013b0c",
        "archive": false,
        "dateOutputArchive": "0001-01-01T00:00:00Z"
    },
    {
        "guid": "878e742b-36d1-11ee-b5b0-005056013b0c",
        "code": "01.01.03.02.90",
        "parent": "878e73d0-36d1-11ee-b5b0-005056013b0c",
        "name": "Бульдозер Т-9.01КБ-1 с автоматической ГМТ, с кондиционером, (ДВС \"Камминз-Кама\")",
        "owner": "00000000-0000-0000-0000-000000000000",
        "consolidatedGroup": "",
        "OKP": "",
        "TNVED": "00000000-0000-0000-0000-000000000000",
        "OKVED": "00000000-0000-0000-0000-000000000000",
        "OKPD2": "15841c5e-1973-11ee-b5ac-005056013b0c",
        "archive": false,
        "dateOutputArchive": "0001-01-01T00:00:00Z"
    },
    {
        "guid": "878e742c-36d1-11ee-b5b0-005056013b0c",
        "code": "01.01.03.02.91",
        "parent": "878e73d0-36d1-11ee-b5b0-005056013b0c",
        "name": "Бульдозер Т-9.01КБЛ-1 с автоматической ГМТ, с кондиционером, (ДВС \"Камминз-Кама\")",
        "owner": "00000000-0000-0000-0000-000000000000",
        "consolidatedGroup": "",
        "OKP": "",
        "TNVED": "00000000-0000-0000-0000-000000000000",
        "OKVED": "00000000-0000-0000-0000-000000000000",
        "OKPD2": "15841c5e-1973-11ee-b5ac-005056013b0c",
        "archive": false,
        "dateOutputArchive": "0001-01-01T00:00:00Z"
    },
    {
        "guid": "878e742d-36d1-11ee-b5b0-005056013b0c",
        "code": "01.01.03.02.92",
        "parent": "878e73d0-36d1-11ee-b5b0-005056013b0c",
        "name": "Бульдозер Т-9.01КБР-1 с автоматической ГМТ, с кондиционером, (ДВС \"Камминз-Кама\")",
        "owner": "00000000-0000-0000-0000-000000000000",
        "consolidatedGroup": "",
        "OKP": "",
        "TNVED": "00000000-0000-0000-0000-000000000000",
        "OKVED": "00000000-0000-0000-0000-000000000000",
        "OKPD2": "15841c5e-1973-11ee-b5ac-005056013b0c",
        "archive": false,
        "dateOutputArchive": "0001-01-01T00:00:00Z"
    },
    {
        "guid": "878e742e-36d1-11ee-b5b0-005056013b0c",
        "code": "01.01.03.02.93",
        "parent": "878e73d0-36d1-11ee-b5b0-005056013b0c",
        "name": "Бульдозер Т-9.01КБР-3-01 с автоматической ГМТ, с кондиционером, (ДВС \"Камминз-Кама\")",
        "owner": "00000000-0000-0000-0000-000000000000",
        "consolidatedGroup": "",
        "OKP": "",
        "TNVED": "00000000-0000-0000-0000-000000000000",
        "OKVED": "00000000-0000-0000-0000-000000000000",
        "OKPD2": "15841c5e-1973-11ee-b5ac-005056013b0c",
        "archive": false,
        "dateOutputArchive": "0001-01-01T00:00:00Z"
    },
    {
        "guid": "878e742f-36d1-11ee-b5b0-005056013b0c",
        "code": "01.01.03.02.94",
        "parent": "878e73d0-36d1-11ee-b5b0-005056013b0c",
        "name": "Бульдозер Т-9.01КБ-3 с автоматической ГМТ, с кондиционером, (ДВС \"Камминз-Кама\")",
        "owner": "00000000-0000-0000-0000-000000000000",
        "consolidatedGroup": "",
        "OKP": "",
        "TNVED": "00000000-0000-0000-0000-000000000000",
        "OKVED": "00000000-0000-0000-0000-000000000000",
        "OKPD2": "15841c5e-1973-11ee-b5ac-005056013b0c",
        "archive": false,
        "dateOutputArchive": "0001-01-01T00:00:00Z"
    },
    {
        "guid": "878e7430-36d1-11ee-b5b0-005056013b0c",
        "code": "01.01.03.02.95",
        "parent": "878e73d0-36d1-11ee-b5b0-005056013b0c",
        "name": "Бульдозер Т-9.01КБЛ-3 с автоматической ГМТ, с кондиционером, (ДВС \"Камминз-Кама\")",
        "owner": "00000000-0000-0000-0000-000000000000",
        "consolidatedGroup": "",
        "OKP": "",
        "TNVED": "00000000-0000-0000-0000-000000000000",
        "OKVED": "00000000-0000-0000-0000-000000000000",
        "OKPD2": "15841c5e-1973-11ee-b5ac-005056013b0c",
        "archive": false,
        "dateOutputArchive": "0001-01-01T00:00:00Z"
    },
    {
        "guid": "878e7431-36d1-11ee-b5b0-005056013b0c",
        "code": "01.01.03.02.96",
        "parent": "878e73d0-36d1-11ee-b5b0-005056013b0c",
        "name": "Бульдозер Т-9.01КБР-3 с автоматической ГМТ, с кондиционером, (ДВС \"Камминз-Кама\")",
        "owner": "00000000-0000-0000-0000-000000000000",
        "consolidatedGroup": "",
        "OKP": "",
        "TNVED": "00000000-0000-0000-0000-000000000000",
        "OKVED": "00000000-0000-0000-0000-000000000000",
        "OKPD2": "15841c5e-1973-11ee-b5ac-005056013b0c",
        "archive": false,
        "dateOutputArchive": "0001-01-01T00:00:00Z"
    },
    {
        "guid": "878e7432-36d1-11ee-b5b0-005056013b0c",
        "code": "01.01.03.02.97",
        "parent": "878e73d0-36d1-11ee-b5b0-005056013b0c",
        "name": "Трактор Т-9.01КБЛ-1 с лебедкой ЛТГ 16.000",
        "owner": "00000000-0000-0000-0000-000000000000",
        "consolidatedGroup": "",
        "OKP": "",
        "TNVED": "00000000-0000-0000-0000-000000000000",
        "OKVED": "00000000-0000-0000-0000-000000000000",
        "OKPD2": "15841c5e-1973-11ee-b5ac-005056013b0c",
        "archive": false,
        "dateOutputArchive": "0001-01-01T00:00:00Z"
    },
    {
        "guid": "878e7433-36d1-11ee-b5b0-005056013b0c",
        "code": "01.01.03.02.98",
        "parent": "878e73d0-36d1-11ee-b5b0-005056013b0c",
        "name": "Трактор Т-9.01КБЛ-1 с кондиционером с лебедкой ЛТГ 16.000",
        "owner": "00000000-0000-0000-0000-000000000000",
        "consolidatedGroup": "",
        "OKP": "",
        "TNVED": "00000000-0000-0000-0000-000000000000",
        "OKVED": "00000000-0000-0000-0000-000000000000",
        "OKPD2": "15841c5e-1973-11ee-b5ac-005056013b0c",
        "archive": false,
        "dateOutputArchive": "0001-01-01T00:00:00Z"
    },
    {
        "guid": "878e7434-36d1-11ee-b5b0-005056013b0c",
        "code": "01.01.03.02.99",
        "parent": "878e73d0-36d1-11ee-b5b0-005056013b0c",
        "name": "Трактор Т-9.01КБЛ-3 с лебедкой ЛТГ 16.000",
        "owner": "00000000-0000-0000-0000-000000000000",
        "consolidatedGroup": "",
        "OKP": "",
        "TNVED": "00000000-0000-0000-0000-000000000000",
        "OKVED": "00000000-0000-0000-0000-000000000000",
        "OKPD2": "15841c5e-1973-11ee-b5ac-005056013b0c",
        "archive": false,
        "dateOutputArchive": "0001-01-01T00:00:00Z"
    },
    {
        "guid": "878e7435-36d1-11ee-b5b0-005056013b0c",
        "code": "01.01.03.02.100",
        "parent": "878e73d0-36d1-11ee-b5b0-005056013b0c",
        "name": "Трактор Т-9.01КБЛ-3 с кондиционером с лебедкой ЛТГ 16.000",
        "owner": "00000000-0000-0000-0000-000000000000",
        "consolidatedGroup": "",
        "OKP": "",
        "TNVED": "00000000-0000-0000-0000-000000000000",
        "OKVED": "00000000-0000-0000-0000-000000000000",
        "OKPD2": "15841c5e-1973-11ee-b5ac-005056013b0c",
        "archive": false,
        "dateOutputArchive": "0001-01-01T00:00:00Z"
    },
    {
        "guid": "878e7436-36d1-11ee-b5b0-005056013b0c",
        "code": "01.01.03.02.101",
        "parent": "878e73d0-36d1-11ee-b5b0-005056013b0c",
        "name": "Трактор Т-9.01КБЛ-1 (ДВС \"Камминз-Кама\") с лебедкой ЛТГ 16.000",
        "owner": "00000000-0000-0000-0000-000000000000",
        "consolidatedGroup": "",
        "OKP": "",
        "TNVED": "00000000-0000-0000-0000-000000000000",
        "OKVED": "00000000-0000-0000-0000-000000000000",
        "OKPD2": "15841c5e-1973-11ee-b5ac-005056013b0c",
        "archive": false,
        "dateOutputArchive": "0001-01-01T00:00:00Z"
    },
    {
        "guid": "878e7437-36d1-11ee-b5b0-005056013b0c",
        "code": "01.01.03.02.102",
        "parent": "878e73d0-36d1-11ee-b5b0-005056013b0c",
        "name": "Трактор Т-9.01КБЛ-1 с кондиционером (ДВС \"Камминз-Кама\") с лебедкой ЛТГ 16.000",
        "owner": "00000000-0000-0000-0000-000000000000",
        "consolidatedGroup": "",
        "OKP": "",
        "TNVED": "00000000-0000-0000-0000-000000000000",
        "OKVED": "00000000-0000-0000-0000-000000000000",
        "OKPD2": "15841c5e-1973-11ee-b5ac-005056013b0c",
        "archive": false,
        "dateOutputArchive": "0001-01-01T00:00:00Z"
    },
    {
        "guid": "878e7438-36d1-11ee-b5b0-005056013b0c",
        "code": "01.01.03.02.103",
        "parent": "878e73d0-36d1-11ee-b5b0-005056013b0c",
        "name": "Трактор Т-9.01КБЛ-3 (ДВС \"Камминз-Кама\") с лебедкой ЛТГ 16.000",
        "owner": "00000000-0000-0000-0000-000000000000",
        "consolidatedGroup": "",
        "OKP": "",
        "TNVED": "00000000-0000-0000-0000-000000000000",
        "OKVED": "00000000-0000-0000-0000-000000000000",
        "OKPD2": "15841c5e-1973-11ee-b5ac-005056013b0c",
        "archive": false,
        "dateOutputArchive": "0001-01-01T00:00:00Z"
    },
    {
        "guid": "878e7439-36d1-11ee-b5b0-005056013b0c",
        "code": "01.01.03.02.104",
        "parent": "878e73d0-36d1-11ee-b5b0-005056013b0c",
        "name": "Трактор Т-9.01КБЛ-3 с кондиционером (ДВС \"Камминз-Кама\") с лебедкой ЛТГ 16.000",
        "owner": "00000000-0000-0000-0000-000000000000",
        "consolidatedGroup": "",
        "OKP": "",
        "TNVED": "00000000-0000-0000-0000-000000000000",
        "OKVED": "00000000-0000-0000-0000-000000000000",
        "OKPD2": "15841c5e-1973-11ee-b5ac-005056013b0c",
        "archive": false,
        "dateOutputArchive": "0001-01-01T00:00:00Z"
    },
    {
        "guid": "878e743a-36d1-11ee-b5b0-005056013b0c",
        "code": "01.01.03.02.105",
        "parent": "878e73d0-36d1-11ee-b5b0-005056013b0c",
        "name": "Трактор Т-9.01КБЛ-1 с автоматической ГМТ (ДВС \"Камминз-Кама\") с лебедкой ЛТГ 16.000",
        "owner": "00000000-0000-0000-0000-000000000000",
        "consolidatedGroup": "",
        "OKP": "",
        "TNVED": "00000000-0000-0000-0000-000000000000",
        "OKVED": "00000000-0000-0000-0000-000000000000",
        "OKPD2": "15841c5e-1973-11ee-b5ac-005056013b0c",
        "archive": false,
        "dateOutputArchive": "0001-01-01T00:00:00Z"
    },
    {
        "guid": "878e743b-36d1-11ee-b5b0-005056013b0c",
        "code": "01.01.03.02.106",
        "parent": "878e73d0-36d1-11ee-b5b0-005056013b0c",
        "name": "Трактор Т-9.01КБЛ-1 с автоматической ГМТ, с кондиционером, (ДВС \"Камминз-Кама\") с лебедкой ЛТГ 16.000",
        "owner": "00000000-0000-0000-0000-000000000000",
        "consolidatedGroup": "",
        "OKP": "",
        "TNVED": "00000000-0000-0000-0000-000000000000",
        "OKVED": "00000000-0000-0000-0000-000000000000",
        "OKPD2": "15841c5e-1973-11ee-b5ac-005056013b0c",
        "archive": false,
        "dateOutputArchive": "0001-01-01T00:00:00Z"
    },
    {
        "guid": "878e743c-36d1-11ee-b5b0-005056013b0c",
        "code": "01.01.03.02.107",
        "parent": "878e73d0-36d1-11ee-b5b0-005056013b0c",
        "name": "Трактор Т-9.01КБЛ-3 с автоматической ГМТ, (ДВС \"Камминз-Кама\") с лебедкой ЛТГ 16.000",
        "owner": "00000000-0000-0000-0000-000000000000",
        "consolidatedGroup": "",
        "OKP": "",
        "TNVED": "00000000-0000-0000-0000-000000000000",
        "OKVED": "00000000-0000-0000-0000-000000000000",
        "OKPD2": "15841c5e-1973-11ee-b5ac-005056013b0c",
        "archive": false,
        "dateOutputArchive": "0001-01-01T00:00:00Z"
    },
    {
        "guid": "878e743d-36d1-11ee-b5b0-005056013b0c",
        "code": "01.01.03.02.108",
        "parent": "878e73d0-36d1-11ee-b5b0-005056013b0c",
        "name": "Трактор Т-9.01КБЛ-3 с автоматической ГМТ, с кондиционером, (ДВС \"Камминз-Кама\") с лебедкой ЛТГ 16.000",
        "owner": "00000000-0000-0000-0000-000000000000",
        "consolidatedGroup": "",
        "OKP": "",
        "TNVED": "00000000-0000-0000-0000-000000000000",
        "OKVED": "00000000-0000-0000-0000-000000000000",
        "OKPD2": "15841c5e-1973-11ee-b5ac-005056013b0c",
        "archive": false,
        "dateOutputArchive": "0001-01-01T00:00:00Z"
    },
    {
        "guid": "878e743e-36d1-11ee-b5b0-005056013b0c",
        "code": "01.01.03.02.109",
        "parent": "878e73d0-36d1-11ee-b5b0-005056013b0c",
        "name": "Бульдозер Т-9.01КБЛ-1 с лебедкой ЛТГ 16.000",
        "owner": "00000000-0000-0000-0000-000000000000",
        "consolidatedGroup": "",
        "OKP": "",
        "TNVED": "00000000-0000-0000-0000-000000000000",
        "OKVED": "00000000-0000-0000-0000-000000000000",
        "OKPD2": "15841c5e-1973-11ee-b5ac-005056013b0c",
        "archive": false,
        "dateOutputArchive": "0001-01-01T00:00:00Z"
    },
    {
        "guid": "878e743f-36d1-11ee-b5b0-005056013b0c",
        "code": "01.01.03.02.110",
        "parent": "878e73d0-36d1-11ee-b5b0-005056013b0c",
        "name": "Бульдозер Т-9.01КБЛ-1 с кондиционером с лебедкой ЛТГ 16.000",
        "owner": "00000000-0000-0000-0000-000000000000",
        "consolidatedGroup": "",
        "OKP": "",
        "TNVED": "00000000-0000-0000-0000-000000000000",
        "OKVED": "00000000-0000-0000-0000-000000000000",
        "OKPD2": "15841c5e-1973-11ee-b5ac-005056013b0c",
        "archive": false,
        "dateOutputArchive": "0001-01-01T00:00:00Z"
    },
    {
        "guid": "878e7440-36d1-11ee-b5b0-005056013b0c",
        "code": "01.01.03.02.111",
        "parent": "878e73d0-36d1-11ee-b5b0-005056013b0c",
        "name": "Бульдозер Т-9.01КБЛ-3 с лебедкой ЛТГ 16.000",
        "owner": "00000000-0000-0000-0000-000000000000",
        "consolidatedGroup": "",
        "OKP": "",
        "TNVED": "00000000-0000-0000-0000-000000000000",
        "OKVED": "00000000-0000-0000-0000-000000000000",
        "OKPD2": "15841c5e-1973-11ee-b5ac-005056013b0c",
        "archive": false,
        "dateOutputArchive": "0001-01-01T00:00:00Z"
    },
    {
        "guid": "878e7441-36d1-11ee-b5b0-005056013b0c",
        "code": "01.01.03.02.112",
        "parent": "878e73d0-36d1-11ee-b5b0-005056013b0c",
        "name": "Бульдозер Т-9.01КБЛ-3 с кондиционером с лебедкой ЛТГ 16.000",
        "owner": "00000000-0000-0000-0000-000000000000",
        "consolidatedGroup": "",
        "OKP": "",
        "TNVED": "00000000-0000-0000-0000-000000000000",
        "OKVED": "00000000-0000-0000-0000-000000000000",
        "OKPD2": "15841c5e-1973-11ee-b5ac-005056013b0c",
        "archive": false,
        "dateOutputArchive": "0001-01-01T00:00:00Z"
    },
    {
        "guid": "878e7442-36d1-11ee-b5b0-005056013b0c",
        "code": "01.01.03.02.113",
        "parent": "878e73d0-36d1-11ee-b5b0-005056013b0c",
        "name": "Бульдозер Т-9.01КБЛ-1 (ДВС \"Камминз-Кама\") с лебедкой ЛТГ 16.000",
        "owner": "00000000-0000-0000-0000-000000000000",
        "consolidatedGroup": "",
        "OKP": "",
        "TNVED": "00000000-0000-0000-0000-000000000000",
        "OKVED": "00000000-0000-0000-0000-000000000000",
        "OKPD2": "15841c5e-1973-11ee-b5ac-005056013b0c",
        "archive": false,
        "dateOutputArchive": "0001-01-01T00:00:00Z"
    },
    {
        "guid": "878e7443-36d1-11ee-b5b0-005056013b0c",
        "code": "01.01.03.02.114",
        "parent": "878e73d0-36d1-11ee-b5b0-005056013b0c",
        "name": "Бульдозер Т-9.01КБЛ-1 с кондиционером (ДВС \"Камминз-Кама\") с лебедкой ЛТГ 16.000",
        "owner": "00000000-0000-0000-0000-000000000000",
        "consolidatedGroup": "",
        "OKP": "",
        "TNVED": "00000000-0000-0000-0000-000000000000",
        "OKVED": "00000000-0000-0000-0000-000000000000",
        "OKPD2": "15841c5e-1973-11ee-b5ac-005056013b0c",
        "archive": false,
        "dateOutputArchive": "0001-01-01T00:00:00Z"
    },
    {
        "guid": "878e7444-36d1-11ee-b5b0-005056013b0c",
        "code": "01.01.03.02.115",
        "parent": "878e73d0-36d1-11ee-b5b0-005056013b0c",
        "name": "Бульдозер Т-9.01КБЛ-3 (ДВС \"Камминз-Кама\") с лебедкой ЛТГ 16.000",
        "owner": "00000000-0000-0000-0000-000000000000",
        "consolidatedGroup": "",
        "OKP": "",
        "TNVED": "00000000-0000-0000-0000-000000000000",
        "OKVED": "00000000-0000-0000-0000-000000000000",
        "OKPD2": "15841c5e-1973-11ee-b5ac-005056013b0c",
        "archive": false,
        "dateOutputArchive": "0001-01-01T00:00:00Z"
    },
    {
        "guid": "878e7445-36d1-11ee-b5b0-005056013b0c",
        "code": "01.01.03.02.116",
        "parent": "878e73d0-36d1-11ee-b5b0-005056013b0c",
        "name": "Бульдозер Т-9.01КБЛ-3 с кондиционером (ДВС \"Камминз-Кама\") с лебедкой ЛТГ 16.000",
        "owner": "00000000-0000-0000-0000-000000000000",
        "consolidatedGroup": "",
        "OKP": "",
        "TNVED": "00000000-0000-0000-0000-000000000000",
        "OKVED": "00000000-0000-0000-0000-000000000000",
        "OKPD2": "15841c5e-1973-11ee-b5ac-005056013b0c",
        "archive": false,
        "dateOutputArchive": "0001-01-01T00:00:00Z"
    },
    {
        "guid": "878e7446-36d1-11ee-b5b0-005056013b0c",
        "code": "01.01.03.02.117",
        "parent": "878e73d0-36d1-11ee-b5b0-005056013b0c",
        "name": "Бульдозер Т-9.01КБЛ-1 с автоматической ГМТ, (ДВС \"Камминз-Кама\") с лебедкой ЛТГ 16.000",
        "owner": "00000000-0000-0000-0000-000000000000",
        "consolidatedGroup": "",
        "OKP": "",
        "TNVED": "00000000-0000-0000-0000-000000000000",
        "OKVED": "00000000-0000-0000-0000-000000000000",
        "OKPD2": "15841c5e-1973-11ee-b5ac-005056013b0c",
        "archive": false,
        "dateOutputArchive": "0001-01-01T00:00:00Z"
    },
    {
        "guid": "878e7447-36d1-11ee-b5b0-005056013b0c",
        "code": "01.01.03.02.118",
        "parent": "878e73d0-36d1-11ee-b5b0-005056013b0c",
        "name": "Бульдозер Т-9.01КБЛ-1 с автоматической ГМТ, с кондиционером, (ДВС \"Камминз-Кама\") с лебедкой ЛТГ 16.000",
        "owner": "00000000-0000-0000-0000-000000000000",
        "consolidatedGroup": "",
        "OKP": "",
        "TNVED": "00000000-0000-0000-0000-000000000000",
        "OKVED": "00000000-0000-0000-0000-000000000000",
        "OKPD2": "15841c5e-1973-11ee-b5ac-005056013b0c",
        "archive": false,
        "dateOutputArchive": "0001-01-01T00:00:00Z"
    },
    {
        "guid": "878e7448-36d1-11ee-b5b0-005056013b0c",
        "code": "01.01.03.02.119",
        "parent": "878e73d0-36d1-11ee-b5b0-005056013b0c",
        "name": "Бульдозер Т-9.01КБЛ-3 с автоматической ГМТ, (ДВС \"Камминз-Кама\") с лебедкой ЛТГ 16.000",
        "owner": "00000000-0000-0000-0000-000000000000",
        "consolidatedGroup": "",
        "OKP": "",
        "TNVED": "00000000-0000-0000-0000-000000000000",
        "OKVED": "00000000-0000-0000-0000-000000000000",
        "OKPD2": "15841c5e-1973-11ee-b5ac-005056013b0c",
        "archive": false,
        "dateOutputArchive": "0001-01-01T00:00:00Z"
    },
    {
        "guid": "878e7449-36d1-11ee-b5b0-005056013b0c",
        "code": "01.01.03.02.120",
        "parent": "878e73d0-36d1-11ee-b5b0-005056013b0c",
        "name": "Бульдозер Т-9.01КБЛ-3 с автоматической ГМТ, с кондиционером, (ДВС \"Камминз-Кама\") с лебедкой ЛТГ 16.000",
        "owner": "00000000-0000-0000-0000-000000000000",
        "consolidatedGroup": "",
        "OKP": "",
        "TNVED": "00000000-0000-0000-0000-000000000000",
        "OKVED": "00000000-0000-0000-0000-000000000000",
        "OKPD2": "15841c5e-1973-11ee-b5ac-005056013b0c",
        "archive": false,
        "dateOutputArchive": "0001-01-01T00:00:00Z"
    },
    {
        "guid": "878e744a-36d1-11ee-b5b0-005056013b0c",
        "code": "01.01.03.03",
        "parent": "878e73c5-36d1-11ee-b5b0-005056013b0c",
        "name": "Т-9.01КМ",
        "owner": "00000000-0000-0000-0000-000000000000",
        "consolidatedGroup": "",
        "OKP": "",
        "TNVED": "00000000-0000-0000-0000-000000000000",
        "OKVED": "00000000-0000-0000-0000-000000000000",
        "OKPD2": "15841c5e-1973-11ee-b5ac-005056013b0c",
        "archive": false,
        "dateOutputArchive": "0001-01-01T00:00:00Z"
    },
    {
        "guid": "878e744b-36d1-11ee-b5b0-005056013b0c",
        "code": "01.01.03.03.00",
        "parent": "878e744a-36d1-11ee-b5b0-005056013b0c",
        "name": "Трактор Т-9.01КМ",
        "owner": "00000000-0000-0000-0000-000000000000",
        "consolidatedGroup": "",
        "OKP": "",
        "TNVED": "00000000-0000-0000-0000-000000000000",
        "OKVED": "00000000-0000-0000-0000-000000000000",
        "OKPD2": "15841c5e-1973-11ee-b5ac-005056013b0c",
        "archive": false,
        "dateOutputArchive": "0001-01-01T00:00:00Z"
    },
    {
        "guid": "878e744c-36d1-11ee-b5b0-005056013b0c",
        "code": "01.01.03.03.01",
        "parent": "878e744a-36d1-11ee-b5b0-005056013b0c",
        "name": "Трактор Т-9.01КМБ-3",
        "owner": "00000000-0000-0000-0000-000000000000",
        "consolidatedGroup": "",
        "OKP": "",
        "TNVED": "00000000-0000-0000-0000-000000000000",
        "OKVED": "00000000-0000-0000-0000-000000000000",
        "OKPD2": "15841c5e-1973-11ee-b5ac-005056013b0c",
        "archive": false,
        "dateOutputArchive": "0001-01-01T00:00:00Z"
    },
    {
        "guid": "878e744d-36d1-11ee-b5b0-005056013b0c",
        "code": "01.01.03.03.02",
        "parent": "878e744a-36d1-11ee-b5b0-005056013b0c",
        "name": "Трактор Т-9.01КМБЛ-3",
        "owner": "00000000-0000-0000-0000-000000000000",
        "consolidatedGroup": "",
        "OKP": "",
        "TNVED": "00000000-0000-0000-0000-000000000000",
        "OKVED": "00000000-0000-0000-0000-000000000000",
        "OKPD2": "15841c5e-1973-11ee-b5ac-005056013b0c",
        "archive": false,
        "dateOutputArchive": "0001-01-01T00:00:00Z"
    },
    {
        "guid": "878e744e-36d1-11ee-b5b0-005056013b0c",
        "code": "01.01.03.03.03",
        "parent": "878e744a-36d1-11ee-b5b0-005056013b0c",
        "name": "Трактор Т-9.01КМБР-3-01",
        "owner": "00000000-0000-0000-0000-000000000000",
        "consolidatedGroup": "",
        "OKP": "",
        "TNVED": "00000000-0000-0000-0000-000000000000",
        "OKVED": "00000000-0000-0000-0000-000000000000",
        "OKPD2": "15841c5e-1973-11ee-b5ac-005056013b0c",
        "archive": false,
        "dateOutputArchive": "0001-01-01T00:00:00Z"
    },
    {
        "guid": "878e744f-36d1-11ee-b5b0-005056013b0c",
        "code": "01.01.03.03.04",
        "parent": "878e744a-36d1-11ee-b5b0-005056013b0c",
        "name": "Трактор Т-9.01КМБР-3",
        "owner": "00000000-0000-0000-0000-000000000000",
        "consolidatedGroup": "",
        "OKP": "",
        "TNVED": "00000000-0000-0000-0000-000000000000",
        "OKVED": "00000000-0000-0000-0000-000000000000",
        "OKPD2": "15841c5e-1973-11ee-b5ac-005056013b0c",
        "archive": false,
        "dateOutputArchive": "0001-01-01T00:00:00Z"
    },
    {
        "guid": "878e7450-36d1-11ee-b5b0-005056013b0c",
        "code": "01.01.03.03.05",
        "parent": "878e744a-36d1-11ee-b5b0-005056013b0c",
        "name": "Трактор Т-9.01КМБР-3-01 с кондиционером",
        "owner": "00000000-0000-0000-0000-000000000000",
        "consolidatedGroup": "",
        "OKP": "",
        "TNVED": "00000000-0000-0000-0000-000000000000",
        "OKVED": "00000000-0000-0000-0000-000000000000",
        "OKPD2": "15841c5e-1973-11ee-b5ac-005056013b0c",
        "archive": false,
        "dateOutputArchive": "0001-01-01T00:00:00Z"
    },
    {
        "guid": "878e7451-36d1-11ee-b5b0-005056013b0c",
        "code": "01.01.03.03.06",
        "parent": "878e744a-36d1-11ee-b5b0-005056013b0c",
        "name": "Трактор Т-9.01КМБ-3 с кондиционером",
        "owner": "00000000-0000-0000-0000-000000000000",
        "consolidatedGroup": "",
        "OKP": "",
        "TNVED": "00000000-0000-0000-0000-000000000000",
        "OKVED": "00000000-0000-0000-0000-000000000000",
        "OKPD2": "15841c5e-1973-11ee-b5ac-005056013b0c",
        "archive": false,
        "dateOutputArchive": "0001-01-01T00:00:00Z"
    },
    {
        "guid": "878e7452-36d1-11ee-b5b0-005056013b0c",
        "code": "01.01.03.03.07",
        "parent": "878e744a-36d1-11ee-b5b0-005056013b0c",
        "name": "Трактор Т-9.01КМБЛ-3 с кондиционером",
        "owner": "00000000-0000-0000-0000-000000000000",
        "consolidatedGroup": "",
        "OKP": "",
        "TNVED": "00000000-0000-0000-0000-000000000000",
        "OKVED": "00000000-0000-0000-0000-000000000000",
        "OKPD2": "15841c5e-1973-11ee-b5ac-005056013b0c",
        "archive": false,
        "dateOutputArchive": "0001-01-01T00:00:00Z"
    },
    {
        "guid": "878e7453-36d1-11ee-b5b0-005056013b0c",
        "code": "01.01.03.03.08",
        "parent": "878e744a-36d1-11ee-b5b0-005056013b0c",
        "name": "Трактор Т-9.01КМБР-3 с кондиционером",
        "owner": "00000000-0000-0000-0000-000000000000",
        "consolidatedGroup": "",
        "OKP": "",
        "TNVED": "00000000-0000-0000-0000-000000000000",
        "OKVED": "00000000-0000-0000-0000-000000000000",
        "OKPD2": "15841c5e-1973-11ee-b5ac-005056013b0c",
        "archive": false,
        "dateOutputArchive": "0001-01-01T00:00:00Z"
    },
    {
        "guid": "878e7454-36d1-11ee-b5b0-005056013b0c",
        "code": "01.01.03.03.09",
        "parent": "878e744a-36d1-11ee-b5b0-005056013b0c",
        "name": "Трактор Т-9.01КМБЛ-3 (ДВС \"Камминз-Кама\")",
        "owner": "00000000-0000-0000-0000-000000000000",
        "consolidatedGroup": "",
        "OKP": "",
        "TNVED": "00000000-0000-0000-0000-000000000000",
        "OKVED": "00000000-0000-0000-0000-000000000000",
        "OKPD2": "15841c5e-1973-11ee-b5ac-005056013b0c",
        "archive": false,
        "dateOutputArchive": "0001-01-01T00:00:00Z"
    },
    {
        "guid": "878e7455-36d1-11ee-b5b0-005056013b0c",
        "code": "01.01.03.03.10",
        "parent": "878e744a-36d1-11ee-b5b0-005056013b0c",
        "name": "Трактор Т-9.01КМБЛ-3 (ДВС \"Камминз-Кама\") c кондиционером",
        "owner": "00000000-0000-0000-0000-000000000000",
        "consolidatedGroup": "",
        "OKP": "",
        "TNVED": "00000000-0000-0000-0000-000000000000",
        "OKVED": "00000000-0000-0000-0000-000000000000",
        "OKPD2": "15841c5e-1973-11ee-b5ac-005056013b0c",
        "archive": false,
        "dateOutputArchive": "0001-01-01T00:00:00Z"
    },
    {
        "guid": "878e7456-36d1-11ee-b5b0-005056013b0c",
        "code": "01.01.03.03.11",
        "parent": "878e744a-36d1-11ee-b5b0-005056013b0c",
        "name": "Трактор Т-9.01КМБР-3-01 (ДВС \"Камминз-Кама\")",
        "owner": "00000000-0000-0000-0000-000000000000",
        "consolidatedGroup": "",
        "OKP": "",
        "TNVED": "00000000-0000-0000-0000-000000000000",
        "OKVED": "00000000-0000-0000-0000-000000000000",
        "OKPD2": "15841c5e-1973-11ee-b5ac-005056013b0c",
        "archive": false,
        "dateOutputArchive": "0001-01-01T00:00:00Z"
    },
    {
        "guid": "878e7457-36d1-11ee-b5b0-005056013b0c",
        "code": "01.01.03.03.12",
        "parent": "878e744a-36d1-11ee-b5b0-005056013b0c",
        "name": "Трактор Т-9.01КМБ-3 (ДВС \"Камминз-Кама\")",
        "owner": "00000000-0000-0000-0000-000000000000",
        "consolidatedGroup": "",
        "OKP": "",
        "TNVED": "00000000-0000-0000-0000-000000000000",
        "OKVED": "00000000-0000-0000-0000-000000000000",
        "OKPD2": "15841c5e-1973-11ee-b5ac-005056013b0c",
        "archive": false,
        "dateOutputArchive": "0001-01-01T00:00:00Z"
    },
    {
        "guid": "878e7458-36d1-11ee-b5b0-005056013b0c",
        "code": "01.01.03.03.13",
        "parent": "878e744a-36d1-11ee-b5b0-005056013b0c",
        "name": "Трактор Т-9.01КМБР-3 (ДВС \"Камминз-Кама\")",
        "owner": "00000000-0000-0000-0000-000000000000",
        "consolidatedGroup": "",
        "OKP": "",
        "TNVED": "00000000-0000-0000-0000-000000000000",
        "OKVED": "00000000-0000-0000-0000-000000000000",
        "OKPD2": "15841c5e-1973-11ee-b5ac-005056013b0c",
        "archive": false,
        "dateOutputArchive": "0001-01-01T00:00:00Z"
    },
    {
        "guid": "878e7459-36d1-11ee-b5b0-005056013b0c",
        "code": "01.01.03.03.14",
        "parent": "878e744a-36d1-11ee-b5b0-005056013b0c",
        "name": "Трактор Т-9.01КМБР-3-01 с кондиционером (ДВС \"Камминз-Кама\")",
        "owner": "00000000-0000-0000-0000-000000000000",
        "consolidatedGroup": "",
        "OKP": "",
        "TNVED": "00000000-0000-0000-0000-000000000000",
        "OKVED": "00000000-0000-0000-0000-000000000000",
        "OKPD2": "15841c5e-1973-11ee-b5ac-005056013b0c",
        "archive": false,
        "dateOutputArchive": "0001-01-01T00:00:00Z"
    },
    {
        "guid": "878e745a-36d1-11ee-b5b0-005056013b0c",
        "code": "01.01.03.03.15",
        "parent": "878e744a-36d1-11ee-b5b0-005056013b0c",
        "name": "Трактор Т-9.01КМБ-3 с кондиционером (ДВС \"Камминз-Кама\")",
        "owner": "00000000-0000-0000-0000-000000000000",
        "consolidatedGroup": "",
        "OKP": "",
        "TNVED": "00000000-0000-0000-0000-000000000000",
        "OKVED": "00000000-0000-0000-0000-000000000000",
        "OKPD2": "15841c5e-1973-11ee-b5ac-005056013b0c",
        "archive": false,
        "dateOutputArchive": "0001-01-01T00:00:00Z"
    },
    {
        "guid": "878e745b-36d1-11ee-b5b0-005056013b0c",
        "code": "01.01.03.03.16",
        "parent": "878e744a-36d1-11ee-b5b0-005056013b0c",
        "name": "Трактор Т-9.01КМБР-3 с кондиционером (ДВС \"Камминз-Кама\")",
        "owner": "00000000-0000-0000-0000-000000000000",
        "consolidatedGroup": "",
        "OKP": "",
        "TNVED": "00000000-0000-0000-0000-000000000000",
        "OKVED": "00000000-0000-0000-0000-000000000000",
        "OKPD2": "15841c5e-1973-11ee-b5ac-005056013b0c",
        "archive": false,
        "dateOutputArchive": "0001-01-01T00:00:00Z"
    },
    {
        "guid": "878e745c-36d1-11ee-b5b0-005056013b0c",
        "code": "01.01.03.03.17",
        "parent": "878e744a-36d1-11ee-b5b0-005056013b0c",
        "name": "Трактор Т-9.01КМБЛ-3 с лебедкой ЛТГ 16.000",
        "owner": "00000000-0000-0000-0000-000000000000",
        "consolidatedGroup": "",
        "OKP": "",
        "TNVED": "00000000-0000-0000-0000-000000000000",
        "OKVED": "00000000-0000-0000-0000-000000000000",
        "OKPD2": "15841c5e-1973-11ee-b5ac-005056013b0c",
        "archive": false,
        "dateOutputArchive": "0001-01-01T00:00:00Z"
    },
    {
        "guid": "878e745d-36d1-11ee-b5b0-005056013b0c",
        "code": "01.01.03.03.18",
        "parent": "878e744a-36d1-11ee-b5b0-005056013b0c",
        "name": "Трактор Т-9.01КМБЛ-3 с кондиционером с лебедкой ЛТГ 16.000",
        "owner": "00000000-0000-0000-0000-000000000000",
        "consolidatedGroup": "",
        "OKP": "",
        "TNVED": "00000000-0000-0000-0000-000000000000",
        "OKVED": "00000000-0000-0000-0000-000000000000",
        "OKPD2": "15841c5e-1973-11ee-b5ac-005056013b0c",
        "archive": false,
        "dateOutputArchive": "0001-01-01T00:00:00Z"
    },
    {
        "guid": "878e745e-36d1-11ee-b5b0-005056013b0c",
        "code": "01.01.03.03.19",
        "parent": "878e744a-36d1-11ee-b5b0-005056013b0c",
        "name": "Трактор Т-9.01КМБЛ-3 (ДВС \"Камминз-Кама\") с лебедкой ЛТГ 16.000",
        "owner": "00000000-0000-0000-0000-000000000000",
        "consolidatedGroup": "",
        "OKP": "",
        "TNVED": "00000000-0000-0000-0000-000000000000",
        "OKVED": "00000000-0000-0000-0000-000000000000",
        "OKPD2": "15841c5e-1973-11ee-b5ac-005056013b0c",
        "archive": false,
        "dateOutputArchive": "0001-01-01T00:00:00Z"
    },
    {
        "guid": "878e745f-36d1-11ee-b5b0-005056013b0c",
        "code": "01.01.03.03.20",
        "parent": "878e744a-36d1-11ee-b5b0-005056013b0c",
        "name": "Трактор Т-9.01КМБЛ-3 с кондиционером, (ДВС \"Камминз-Кама\") с лебедкой ЛТГ 16.000",
        "owner": "00000000-0000-0000-0000-000000000000",
        "consolidatedGroup": "",
        "OKP": "",
        "TNVED": "00000000-0000-0000-0000-000000000000",
        "OKVED": "00000000-0000-0000-0000-000000000000",
        "OKPD2": "15841c5e-1973-11ee-b5ac-005056013b0c",
        "archive": false,
        "dateOutputArchive": "0001-01-01T00:00:00Z"
    },
    {
        "guid": "878e7460-36d1-11ee-b5b0-005056013b0c",
        "code": "01.01.03.03.21",
        "parent": "878e744a-36d1-11ee-b5b0-005056013b0c",
        "name": "Трактор Т-9.01КМБР-3-01 с автоматической ГМТ (ДВС \"Камминз-Кама\")",
        "owner": "00000000-0000-0000-0000-000000000000",
        "consolidatedGroup": "",
        "OKP": "",
        "TNVED": "00000000-0000-0000-0000-000000000000",
        "OKVED": "00000000-0000-0000-0000-000000000000",
        "OKPD2": "15841c5e-1973-11ee-b5ac-005056013b0c",
        "archive": false,
        "dateOutputArchive": "0001-01-01T00:00:00Z"
    },
    {
        "guid": "878e7461-36d1-11ee-b5b0-005056013b0c",
        "code": "01.01.03.03.22",
        "parent": "878e744a-36d1-11ee-b5b0-005056013b0c",
        "name": "Трактор Т-9.01КМБ-3 с автоматической ГМТ (ДВС \"Камминз-Кама\")",
        "owner": "00000000-0000-0000-0000-000000000000",
        "consolidatedGroup": "",
        "OKP": "",
        "TNVED": "00000000-0000-0000-0000-000000000000",
        "OKVED": "00000000-0000-0000-0000-000000000000",
        "OKPD2": "15841c5e-1973-11ee-b5ac-005056013b0c",
        "archive": false,
        "dateOutputArchive": "0001-01-01T00:00:00Z"
    },
    {
        "guid": "878e7462-36d1-11ee-b5b0-005056013b0c",
        "code": "01.01.03.03.23",
        "parent": "878e744a-36d1-11ee-b5b0-005056013b0c",
        "name": "Трактор Т-9.01КМБЛ-3 с автоматической ГМТ (ДВС \"Камминз-Кама\")",
        "owner": "00000000-0000-0000-0000-000000000000",
        "consolidatedGroup": "",
        "OKP": "",
        "TNVED": "00000000-0000-0000-0000-000000000000",
        "OKVED": "00000000-0000-0000-0000-000000000000",
        "OKPD2": "15841c5e-1973-11ee-b5ac-005056013b0c",
        "archive": false,
        "dateOutputArchive": "0001-01-01T00:00:00Z"
    },
    {
        "guid": "878e7463-36d1-11ee-b5b0-005056013b0c",
        "code": "01.01.03.03.24",
        "parent": "878e744a-36d1-11ee-b5b0-005056013b0c",
        "name": "Трактор Т-9.01КМБР-3 с автоматической ГМТ (ДВС \"Камминз-Кама\")",
        "owner": "00000000-0000-0000-0000-000000000000",
        "consolidatedGroup": "",
        "OKP": "",
        "TNVED": "00000000-0000-0000-0000-000000000000",
        "OKVED": "00000000-0000-0000-0000-000000000000",
        "OKPD2": "15841c5e-1973-11ee-b5ac-005056013b0c",
        "archive": false,
        "dateOutputArchive": "0001-01-01T00:00:00Z"
    }
]
]]></system-out>
  </testcase>
  <testcase name="getUnifiedClassifierListNegativeData" classname="AutoTest.ClassifierTest" time="0.26"/>
  <testcase name="getUnifiedClassifierListNegativeData" classname="AutoTest.ClassifierTest" time="0.977"/>
  <testcase name="getUnifiedClassifierListNegativeData" classname="AutoTest.ClassifierTest" time="1.101"/>
  <testcase name="getUnifiedClassifierListNegativeData" classname="AutoTest.ClassifierTest" time="0.91"/>
  <testcase name="getUnifiedClassifierListNegativeData" classname="AutoTest.ClassifierTest" time="0.971"/>
  <testcase name="getUnifiedClassifierListNegativeData" classname="AutoTest.ClassifierTest" time="1.12"/>
  <testcase name="getUnifiedClassifierListNegativeData" classname="AutoTest.ClassifierTest" time="0.944"/>
  <testcase name="getUnifiedClassifierListNegativeData" classname="AutoTest.ClassifierTest" time="1.039"/>
  <testcase name="getUnifiedClassifierListNegativeData" classname="AutoTest.ClassifierTest" time="0.965"/>
  <testcase name="getUnifiedClassifierListNegativeData" classname="AutoTest.ClassifierTest" time="0.978"/>
  <testcase name="getUnifiedClassifierListNegativeData" classname="AutoTest.ClassifierTest" time="1.004"/>
  <testcase name="getUnifiedClassifierListNegativeData" classname="AutoTest.ClassifierTest" time="0.99"/>
  <testcase name="getUnifiedClassifierListNegativeData" classname="AutoTest.ClassifierTest" time="1.009"/>
  <testcase name="getUnifiedClassifierListNegativeData" classname="AutoTest.ClassifierTest" time="1.023"/>
  <testcase name="getUnifiedClassifierListNegativeData" classname="AutoTest.ClassifierTest" time="0.965"/>
  <testcase name="getUnifiedClassifierListPositiveStep" classname="AutoTest.ClassifierTest" time="1.238"/>
  <testcase name="getUnifiedClassifierListPositiveStep" classname="AutoTest.ClassifierTest" time="1.052"/>
  <testcase name="getUnifiedClassifierListPositiveStep" classname="AutoTest.ClassifierTest" time="0.846"/>
  <testcase name="getUnifiedClassifierListPositiveStep" classname="AutoTest.ClassifierTest" time="1.086"/>
  <testcase name="getUnifiedClassifierListPositiveStep" classname="AutoTest.ClassifierTest" time="1.203"/>
  <testcase name="getUnifiedClassifierListPositiveStep" classname="AutoTest.ClassifierTest" time="4.24"/>
  <testcase name="getUnifiedClassifierListStepIsEmpty" classname="AutoTest.ClassifierTest" time="0.715"/>
  <testcase name="getUnitsGuid" classname="AutoTest.ClassifierTest" time="0.715"/>
  <testcase name="getUnitsGuidNegativeData" classname="AutoTest.ClassifierTest" time="0.975"/>
  <testcase name="getUnitsGuidNegativeData" classname="AutoTest.ClassifierTest" time="1.001"/>
  <testcase name="getUnitsGuidNegativeData" classname="AutoTest.ClassifierTest" time="1.13"/>
  <testcase name="getUnitsGuidNegativeData" classname="AutoTest.ClassifierTest" time="0.84"/>
  <testcase name="getUnitsGuidNegativeData" classname="AutoTest.ClassifierTest" time="1.021"/>
  <testcase name="getUnitsGuidNegativeData" classname="AutoTest.ClassifierTest" time="0.999"/>
  <testcase name="getUnitsGuidNegativeData" classname="AutoTest.ClassifierTest" time="0.99"/>
  <testcase name="getUnitsGuidNegativeData" classname="AutoTest.ClassifierTest" time="0.991"/>
  <testcase name="getUnitsGuidNegativeData" classname="AutoTest.ClassifierTest" time="1.021"/>
  <testcase name="getUnitsGuidNegativeData" classname="AutoTest.ClassifierTest" time="1.026"/>
  <testcase name="getUnitsGuidNegativeData" classname="AutoTest.ClassifierTest" time="0.973"/>
  <testcase name="getUnitsList" classname="AutoTest.ClassifierTest" time="1.021"/>
  <testcase name="getUnitsList" classname="AutoTest.ClassifierTest" time="1.008"/>
  <testcase name="getUnitsList" classname="AutoTest.ClassifierTest" time="1.017"/>
  <testcase name="getUnitsListNegativeStep" classname="AutoTest.ClassifierTest" time="0.966"/>
  <testcase name="getUnitsListNegativeStep" classname="AutoTest.ClassifierTest" time="1.021"/>
  <testcase name="getUnitsListNegativeStep" classname="AutoTest.ClassifierTest" time="1.001"/>
  <testcase name="getUnitsListNegativeStep" classname="AutoTest.ClassifierTest" time="1.281"/>
  <testcase name="getUnitsListNegativeStep" classname="AutoTest.ClassifierTest" time="0.68"/>
  <testcase name="getUnitsListNegativeStep" classname="AutoTest.ClassifierTest" time="4.053"/>
  <testcase name="getUnitsListNegativeStep" classname="AutoTest.ClassifierTest" time="0.987"/>
  <testcase name="getUnitsListNegativeStep" classname="AutoTest.ClassifierTest" time="1.001"/>
  <testcase name="getUnitsListNegativeStep" classname="AutoTest.ClassifierTest" time="1.017"/>
  <testcase name="getUnitsListNegativeStep" classname="AutoTest.ClassifierTest" time="0.989"/>
  <testcase name="getUnitsListNegativeStep" classname="AutoTest.ClassifierTest" time="1.073"/>
  <testcase name="getUnitsListNegativeStep" classname="AutoTest.ClassifierTest" time="0.926"/>
  <testcase name="getUnitsListNegativeStep" classname="AutoTest.ClassifierTest" time="0.984"/>
  <testcase name="getUnitsListNegativeStep" classname="AutoTest.ClassifierTest" time="1.257"/>
  <testcase name="getUnitsListNegativeStep" classname="AutoTest.ClassifierTest" time="0.775"/>
  <testcase name="getUnitsListStepEqual100" classname="AutoTest.ClassifierTest" time="1.13"/>
  <testcase name="getUnitsListStepEqual199" classname="AutoTest.ClassifierTest" time="1.232"/>
  <testcase name="getUnitsListStepIsEmpty" classname="AutoTest.ClassifierTest" time="1.243"/>
  <testcase name="getBankGuid" classname="AutoTest.ClassifireIsAllRussianTest" time="0.439"/>
  <testcase name="getBankGuidNotExist" classname="AutoTest.ClassifireIsAllRussianTest" time="0.966"/>
  <testcase name="getBankGuidNotExist" classname="AutoTest.ClassifireIsAllRussianTest" time="1.005"/>
  <testcase name="getBankGuidNotExist" classname="AutoTest.ClassifireIsAllRussianTest" time="1.017"/>
  <testcase name="getBankGuidNotExist" classname="AutoTest.ClassifireIsAllRussianTest" time="1.024"/>
  <testcase name="getBankGuidNotExist" classname="AutoTest.ClassifireIsAllRussianTest" time="0.936"/>
  <testcase name="getBankGuidNotExist" classname="AutoTest.ClassifireIsAllRussianTest" time="1.022"/>
  <testcase name="getBankGuidNotExist" classname="AutoTest.ClassifireIsAllRussianTest" time="1"/>
  <testcase name="getBankGuidNotExist" classname="AutoTest.ClassifireIsAllRussianTest" time="4.047"/>
  <testcase name="getBankGuidNotExist" classname="AutoTest.ClassifireIsAllRussianTest" time="0.961"/>
  <testcase name="getBankGuidNotExist" classname="AutoTest.ClassifireIsAllRussianTest" time="0.998"/>
  <testcase name="getBankGuidNotExist" classname="AutoTest.ClassifireIsAllRussianTest" time="1.06"/>
  <testcase name="getBankList" classname="AutoTest.ClassifireIsAllRussianTest" time="0.974"/>
  <testcase name="getBankList" classname="AutoTest.ClassifireIsAllRussianTest" time="0.99"/>
  <testcase name="getBankList" classname="AutoTest.ClassifireIsAllRussianTest" time="1.034"/>
  <testcase name="getBankList" classname="AutoTest.ClassifireIsAllRussianTest" time="2.288">
    <failure message="1 expectation failed.&#10;Response body doesn&apos;t match expectation.&#10;Expected: The content to match the given JSON schema.&#10;error: instance type (string) does not match any allowed primitive type (allowed: [&quot;boolean&quot;])&#10;    level: &quot;error&quot;&#10;    schema: {&quot;loadingURI&quot;:&quot;file:/C:/Users/Sasha/Api/target/test-classes/getBankList.json#&quot;,&quot;pointer&quot;:&quot;/items/properties/activityDiscontinued&quot;}&#10;    instance: {&quot;pointer&quot;:&quot;/13/activityDiscontinued&quot;}&#10;    domain: &quot;validation&quot;&#10;    keyword: &quot;type&quot;&#10;    found: &quot;string&quot;&#10;    expected: [&quot;boolean&quot;]&#10;error: string &quot;&quot; is too short (length: 0, required minimum: 1)&#10;    level: &quot;error&quot;&#10;    schema: {&quot;loadingURI&quot;:&quot;file:/C:/Users/Sasha/Api/target/test-classes/getBankList.json#&quot;,&quot;pointer&quot;:&quot;/items/properties/address&quot;}&#10;    instance: {&quot;pointer&quot;:&quot;/13/address&quot;}&#10;    domain: &quot;validation&quot;&#10;    keyword: &quot;minLength&quot;&#10;    value: &quot;&quot;&#10;    found: 0&#10;    minLength: 1&#10;error: instance type (string) does not match any allowed primitive type (allowed: [&quot;boolean&quot;])&#10;    level: &quot;error&quot;&#10;    schema: {&quot;loadingURI&quot;:&quot;file:/C:/Users/Sasha/Api/target/test-classes/getBankList.json#&quot;,&quot;pointer&quot;:&quot;/items/properties/archive&quot;}&#10;    instance: {&quot;pointer&quot;:&quot;/13/archive&quot;}&#10;    domain: &quot;validation&quot;&#10;    keyword: &quot;type&quot;&#10;    found: &quot;string&quot;&#10;    expected: [&quot;boolean&quot;]&#10;error: string &quot;&quot; is too short (length: 0, required minimum: 1)&#10;    level: &quot;error&quot;&#10;    schema: {&quot;loadingURI&quot;:&quot;file:/C:/Users/Sasha/Api/target/test-classes/getBankList.json#&quot;,&quot;pointer&quot;:&quot;/items/properties/city&quot;}&#10;    instance: {&quot;pointer&quot;:&quot;/13/city&quot;}&#10;    domain: &quot;validation&quot;&#10;    keyword: &quot;minLength&quot;&#10;    value: &quot;&quot;&#10;    found: 0&#10;    minLength: 1&#10;error: string &quot;&quot; is too short (length: 0, required minimum: 20)&#10;    level: &quot;error&quot;&#10;    schema: {&quot;loadingURI&quot;:&quot;file:/C:/Users/Sasha/Api/target/test-classes/getBankList.json#&quot;,&quot;pointer&quot;:&quot;/items/properties/corrAccount&quot;}&#10;    instance: {&quot;pointer&quot;:&quot;/13/corrAccount&quot;}&#10;    domain: &quot;validation&quot;&#10;    keyword: &quot;minLength&quot;&#10;    value: &quot;&quot;&#10;    found: 0&#10;    minLength: 20&#10;error: string &quot;&quot; is too short (length: 0, required minimum: 36)&#10;    level: &quot;error&quot;&#10;    schema: {&quot;loadingURI&quot;:&quot;file:/C:/Users/Sasha/Api/target/test-classes/getBankList.json#&quot;,&quot;pointer&quot;:&quot;/items/properties/country&quot;}&#10;    instance: {&quot;pointer&quot;:&quot;/13/country&quot;}&#10;    domain: &quot;validation&quot;&#10;    keyword: &quot;minLength&quot;&#10;    value: &quot;&quot;&#10;    found: 0&#10;    minLength: 36&#10;error: string &quot;&quot; is too short (length: 0, required minimum: 3)&#10;    level: &quot;error&quot;&#10;    schema: {&quot;loadingURI&quot;:&quot;file:/C:/Users/Sasha/Api/target/test-classes/getBankList.json#&quot;,&quot;pointer&quot;:&quot;/items/properties/countryCode&quot;}&#10;    instance: {&quot;pointer&quot;:&quot;/13/countryCode&quot;}&#10;    domain: &quot;validation&quot;&#10;    keyword: &quot;minLength&quot;&#10;    value: &quot;&quot;&#10;    found: 0&#10;    minLength: 3&#10;error: string &quot;&quot; is too short (length: 0, required minimum: 10)&#10;    level: &quot;error&quot;&#10;    schema: {&quot;loadingURI&quot;:&quot;file:/C:/Users/Sasha/Api/target/test-classes/getBankList.json#&quot;,&quot;pointer&quot;:&quot;/items/properties/dateOutputArchive&quot;}&#10;    instance: {&quot;pointer&quot;:&quot;/13/dateOutputArchive&quot;}&#10;    domain: &quot;validation&quot;&#10;    keyword: &quot;minLength&quot;&#10;    value: &quot;&quot;&#10;    found: 0&#10;    minLength: 10&#10;&#10;  Actual: [{guid=979300ab-d82b-11e8-80bb-08002789bf51, archive=false, dateOutputArchive=0001-01-01T00:00:00Z, thisGroup=false, parent=78ddabf2-ca67-11e5-826c-605718cb5baa, bic=043601707, swift=, name=ФИЛИАЛ &quot;САМАРСКИЙ&quot; АО &quot;ОТП БАНК&quot;, corrAccount=30101810722023601707, address=УЛ АВРОРЫ, 150, city=Г. САМАРА, phones=(846)3425312,3425313, country=4e127564-d74f-4dd9-bced-0327f0f4e061, countryCode=643, activityDiscontinued=false}, {guid=979300ac-d82b-11e8-80bb-08002789bf51, archive=false, dateOutputArchive=0001-01-01T00:00:00Z, thisGroup=false, parent=78ddabe1-ca67-11e5-826c-605718cb5baa, bic=044030792, swift=, name=ФИЛИАЛ &quot;СЕВЕРО-ЗАПАДНЫЙ&quot; &quot;УМ-БАНК&quot; ООО, corrAccount=30101810640300000792, address=КАМЕННООСТРОВСКИЙ ПР-Т, 61 ПОМ, city=Г. САНКТ-ПЕТЕРБУРГ, phones=(812)4560720, country=4e127564-d74f-4dd9-bced-0327f0f4e061, countryCode=643, activityDiscontinued=false}, {guid=979300ad-d82b-11e8-80bb-08002789bf51, archive=false, dateOutputArchive=0001-01-01T00:00:00Z, thisGroup=false, parent=78ddac07-ca67-11e5-826c-605718cb5baa, bic=045004711, swift=, name=Куйбышевский филиал АКБ &quot;Ланта-Банк&quot; (АО), corrAccount=30101810750045004711, address=КВАРТАЛ 1, ДОМ 29 &quot;ВСТАВКА&quot;, city=Г. КУЙБЫШЕВ, phones=, country=4e127564-d74f-4dd9-bced-0327f0f4e061, countryCode=643, activityDiscontinued=false}, {guid=979300ae-d82b-11e8-80bb-08002789bf51, archive=false, dateOutputArchive=0001-01-01T00:00:00Z, thisGroup=false, parent=78ddac07-ca67-11e5-826c-605718cb5baa, bic=045004719, swift=, name=ФИЛИАЛ № 5440 БАНКА ВТБ (ПАО), corrAccount=30101810450040000719, address=УЛ ФРУНЗЕ, 232, 234, 234/1, city=Г. НОВОСИБИРСК, phones=(383)2492424,2492425, country=4e127564-d74f-4dd9-bced-0327f0f4e061, countryCode=643, activityDiscontinued=false}, {guid=979300af-d82b-11e8-80bb-08002789bf51, archive=false, dateOutputArchive=0001-01-01T00:00:00Z, thisGroup=false, parent=78ddac07-ca67-11e5-826c-605718cb5baa, bic=045004701, swift=, name=НОВОСИБИРСКИЙ ФИЛИАЛ АБ &quot;РОССИЯ&quot;, corrAccount=30101810950040000701, address=УЛ СЕМЬИ ШАМШИНЫХ, 26, 26/1, city=Г. НОВОСИБИРСК, phones=(383)3670691,3670692, country=4e127564-d74f-4dd9-bced-0327f0f4e061, countryCode=643, activityDiscontinued=false}, {guid=979300b0-d82b-11e8-80bb-08002789bf51, archive=false, dateOutputArchive=0001-01-01T00:00:00Z, thisGroup=false, parent=78ddac09-ca67-11e5-826c-605718cb5baa, bic=046577459, swift=, name=ФИЛИАЛ &quot;УРАЛЬСКИЙ&quot; &quot;УМ-БАНК&quot; ООО, corrAccount=30101810165770000459, address=УЛ БЕЛИНСКОГО, 86, city=Г. ЕКАТЕРИНБУРГ, phones=(343)2871010,3452644, country=4e127564-d74f-4dd9-bced-0327f0f4e061, countryCode=643, activityDiscontinued=false}, {guid=979300b1-d82b-11e8-80bb-08002789bf51, archive=false, dateOutputArchive=0001-01-01T00:00:00Z, thisGroup=false, parent=78ddabe5-ca67-11e5-826c-605718cb5baa, bic=044525745, swift=VTBRRUM2MS3, name=ФИЛИАЛ № 7701 БАНКА ВТБ (ПАО), corrAccount=30101810345250000745, address=УЛ КУЗНЕЦКИЙ МОСТ, 17, СТР 1, city=Г. МОСКВА, phones=(495)9258000, country=4e127564-d74f-4dd9-bced-0327f0f4e061, countryCode=643, activityDiscontinued=false}, {guid=979300b2-d82b-11e8-80bb-08002789bf51, archive=false, dateOutputArchive=0001-01-01T00:00:00Z, thisGroup=false, parent=78ddabe9-ca67-11e5-826c-605718cb5baa, bic=042520842, swift=, name=&quot;Братский АНКБ&quot; ПАО, corrAccount=30101810850042520842, address=УЛ. КОМСОМОЛЬСКАЯ, Д. 43, city=Г. БРАТСК, phones=, country=4e127564-d74f-4dd9-bced-0327f0f4e061, countryCode=643, activityDiscontinued=false}, {guid=979300b3-d82b-11e8-80bb-08002789bf51, archive=false, dateOutputArchive=0001-01-01T00:00:00Z, thisGroup=false, parent=78ddabe9-ca67-11e5-826c-605718cb5baa, bic=042520811, swift=, name=АО &quot;ГРИНКОМБАНК&quot;, corrAccount=30101810950040000811, address=УЛ ФРАНК-КАМЕНЕЦКОГО, 8, city=Г. ИРКУТСК, phones=(3952)255196,240197, country=4e127564-d74f-4dd9-bced-0327f0f4e061, countryCode=643, activityDiscontinued=false}, {guid=979300b4-d82b-11e8-80bb-08002789bf51, archive=false, dateOutputArchive=0001-01-01T00:00:00Z, thisGroup=false, parent=78ddac9c-ca67-11e5-826c-605718cb5baa, bic=040407523, swift=, name=АО АИКБ &quot;ЕНИСЕЙСКИЙ ОБЪЕДИНЕННЫЙ БАНК&quot;, corrAccount=30101810650040000523, address=УЛ КАРЛА МАРКСА, 62, city=Г. КРАСНОЯРСК, phones=(391)2770000, country=4e127564-d74f-4dd9-bced-0327f0f4e061, countryCode=643, activityDiscontinued=false}, {guid=979300b5-d82b-11e8-80bb-08002789bf51, archive=false, dateOutputArchive=0001-01-01T00:00:00Z, thisGroup=false, parent=e8b01830-ca8b-11e5-826c-605718cb5baa, bic=041403725, swift=, name=ООО &quot;Осколбанк&quot;, corrAccount=30101810745250000725, address=Г. СТАРЫЙ ОСКОЛ, М-Н ОЛИМПИЙСК, city=Г. СТАРЫЙ ОСКОЛ, phones=, country=4e127564-d74f-4dd9-bced-0327f0f4e061, countryCode=643, activityDiscontinued=false}, {guid=979300b6-d82b-11e8-80bb-08002789bf51, archive=false, dateOutputArchive=0001-01-01T00:00:00Z, thisGroup=false, parent=78ddabe1-ca67-11e5-826c-605718cb5baa, bic=044030707, swift=VTBRRUM2SP3, name=ФИЛИАЛ № 7806 БАНКА ВТБ (ПАО), corrAccount=30101810240300000707, address=УЛ Б. МОРСКАЯ, 29 ЛИТ А, city=Г. САНКТ-ПЕТЕРБУРГ, phones=(812)3241214, country=4e127564-d74f-4dd9-bced-0327f0f4e061, countryCode=643, activityDiscontinued=false}, {guid=979300b7-d82b-11e8-80bb-08002789bf51, archive=false, dateOutputArchive=0001-01-01T00:00:00Z, thisGroup=false, parent=78ddac09-ca67-11e5-826c-605718cb5baa, bic=046577916, swift=, name=ФИЛИАЛ &quot;НОВОУРАЛЬСКИЙ&quot; ПАО КБ &quot;УБРИР&quot;, corrAccount=30101810365770000916, address=УЛ ДЗЕРЖИНСКОГО, 16, city=Г. НОВОУРАЛЬСК, phones=(34370)25591, country=4e127564-d74f-4dd9-bced-0327f0f4e061, countryCode=643, activityDiscontinued=false}, {guid=78ddabd9-ca67-11e5-826c-605718cb5baa, archive=, dateOutputArchive=, thisGroup=true, parent=00000000-0000-0000-0000-000000000000, bic=90       , swift=, name=РЕСПУБЛИКА СЕВЕРНАЯ ОСЕТИЯ-АЛАНИЯ, corrAccount=, address=, city=, phones=, country=, countryCode=, activityDiscontinued=}, {guid=979300b8-d82b-11e8-80bb-08002789bf51, archive=false, dateOutputArchive=0001-01-01T00:00:00Z, thisGroup=false, parent=78ddabdf-ca67-11e5-826c-605718cb5baa, bic=049246691, swift=, name=АБ &quot;ДЕВОН-КРЕДИТ&quot; (ПАО), corrAccount=30101810722029246691, address=УЛ ЛЕНИНА, 77, city=Г. АЛЬМЕТЬЕВСК, phones=(8553)456777, country=4e127564-d74f-4dd9-bced-0327f0f4e061, countryCode=643, activityDiscontinued=false}, {guid=979300b9-d82b-11e8-80bb-08002789bf51, archive=false, dateOutputArchive=0001-01-01T00:00:00Z, thisGroup=false, parent=78ddabe5-ca67-11e5-826c-605718cb5baa, bic=044525806, swift=, name=ФИЛИАЛ &quot;МОСКОВСКИЙ&quot; КБ &quot;СПУТНИК&quot; (ПАО), corrAccount=30101810145250000806, address=ЛЯЛИН ПЕР, 19-1, city=Г. МОСКВА, phones=(495)5891084, country=4e127564-d74f-4dd9-bced-0327f0f4e061, countryCode=643, activityDiscontinued=false}, {guid=979300ba-d82b-11e8-80bb-08002789bf51, archive=false, dateOutputArchive=0001-01-01T00:00:00Z, thisGroup=false, parent=78ddaccd-ca67-11e5-826c-605718cb5baa, bic=045209702, swift=, name=АО &quot;ИТ Банк&quot;, corrAccount=30101810750045209702, address=УЛ. ДУМСКАЯ, 7, city=Г. ОМСК, phones=, country=4e127564-d74f-4dd9-bced-0327f0f4e061, countryCode=643, activityDiscontinued=false}, {guid=979300bb-d82b-11e8-80bb-08002789bf51, archive=false, dateOutputArchive=0001-01-01T00:00:00Z, thisGroup=false, parent=78ddaccd-ca67-11e5-826c-605718cb5baa, bic=045209701, swift=, name=АО &quot;Эксперт Банк&quot;, corrAccount=30101810450045209701, address=УЛ. МАРШАЛА ЖУКОВА, ДОМ 107, city=Г. ОМСК, phones=, country=4e127564-d74f-4dd9-bced-0327f0f4e061, countryCode=643, activityDiscontinued=false}, {guid=979300bc-d82b-11e8-80bb-08002789bf51, archive=false, dateOutputArchive=0001-01-01T00:00:00Z, thisGroup=false, parent=78ddac09-ca67-11e5-826c-605718cb5baa, bic=046577743, swift=, name=ФИЛИАЛ &quot;ДЕЛО&quot; ПАО &quot;СКБ-БАНК&quot;, corrAccount=30101810965770000743, address=УЛ КУЙБЫШЕВА, 58, city=Г. ЕКАТЕРИНБУРГ, phones=(343)3557000, country=4e127564-d74f-4dd9-bced-0327f0f4e061, countryCode=643, activityDiscontinued=false}, {guid=979300bd-d82b-11e8-80bb-08002789bf51, archive=false, dateOutputArchive=0001-01-01T00:00:00Z, thisGroup=false, parent=78ddaccd-ca67-11e5-826c-605718cb5baa, bic=045209703, swift=, name=КУ АО &quot;Мираф-Банк&quot; - ГК &quot;АСВ&quot;, corrAccount=30101810050045209703, address=УЛ. ФРУНЗЕ, Д.54, city=Г. ОМСК, phones=, country=4e127564-d74f-4dd9-bced-0327f0f4e061, countryCode=643, activityDiscontinued=false}, {guid=9d8e68cb-d82b-11e8-80bb-08002789bf51, archive=false, dateOutputArchive=0001-01-01T00:00:00Z, thisGroup=false, parent=78ddac21-ca67-11e5-826c-605718cb5baa, bic=042202761, swift=, name=Ф. АКБ &quot;ФОРА-БАНК&quot; (АО) В Г. НИЖНИЙ НОВГОРОД, corrAccount=30101810822020000761, address=УЛ КОВАЛИХИНСКАЯ, 8, city=Г. НИЖНИЙ НОВГОРОД, phones=(831)2161801,2161802, country=4e127564-d74f-4dd9-bced-0327f0f4e061, countryCode=643, activityDiscontinued=false}, {guid=9d8e68cc-d82b-11e8-80bb-08002789bf51, archive=false, dateOutputArchive=0001-01-01T00:00:00Z, thisGroup=false, parent=78ddac67-ca67-11e5-826c-605718cb5baa, bic=045773804, swift=, name=ФИЛИАЛ &quot;ЛЫСЬВА&quot; АО АКБ &quot;АЛЕФ-БАНК&quot;, corrAccount=30101810965775700804, address=ПОЖАРСКОГО, Д.8, city=Г. ЛЫСЬВА, phones=, country=4e127564-d74f-4dd9-bced-0327f0f4e061, countryCode=643, activityDiscontinued=false}, {guid=9d8e68cd-d82b-11e8-80bb-08002789bf51, archive=false, dateOutputArchive=0001-01-01T00:00:00Z, thisGroup=false, parent=78ddac21-ca67-11e5-826c-605718cb5baa, bic=042202717, swift=, name=ФИЛИАЛ №10 ПАО КБ &quot;ЦЕНТР-ИНВЕСТ&quot;, corrAccount=30101810122020000717, address=УЛ КОМИНТЕРНА, 139, city=Г. НИЖНИЙ НОВГОРОД, phones=(831)4391708, country=4e127564-d74f-4dd9-bced-0327f0f4e061, countryCode=643, activityDiscontinued=false}, {guid=9d8e68ce-d82b-11e8-80bb-08002789bf51, archive=false, dateOutputArchive=0001-01-01T00:00:00Z, thisGroup=false, parent=78ddac21-ca67-11e5-826c-605718cb5baa, bic=042202716, swift=, name=НИЖЕГОРОДСКИЙ Ф БАНКА&quot;ВОЗРОЖДЕНИЕ&quot;(ПАО), corrAccount=30101810822020000716, address=УЛ БЕЛИНСКОГО, 106 А, city=Г. НИЖНИЙ НОВГОРОД, phones=(831)2787662,2783935, country=4e127564-d74f-4dd9-bced-0327f0f4e061, countryCode=643, activityDiscontinued=false}, {guid=9d8e68cf-d82b-11e8-80bb-08002789bf51, archive=false, dateOutputArchive=0001-01-01T00:00:00Z, thisGroup=false, parent=78ddac21-ca67-11e5-826c-605718cb5baa, bic=042202712, swift=, name=НИЖЕГОРОДСКИЙ ФИЛИАЛ АКБ &quot;ЛАНТА-БАНК&quot; (АО), corrAccount=30101810622020000712, address=МЕЩЕРСКИЙ Б-Р, 3, К 1, city=Г. НИЖНИЙ НОВГОРОД, phones=(831)2208322,2208320, country=4e127564-d74f-4dd9-bced-0327f0f4e061, countryCode=643, activityDiscontinued=false}, {guid=9d8e68d0-d82b-11e8-80bb-08002789bf51, archive=false, dateOutputArchive=0001-01-01T00:00:00Z, thisGroup=false, parent=78ddac17-ca67-11e5-826c-605718cb5baa, bic=046015707, swift=, name=ВОЛГОДОНСКИЙ ф Банка &quot;Возрождение&quot; (ПАО), corrAccount=30101810060150000707, address=БУЛ. ВЕЛИКОЙ ПОБЕДЫ, ДОМ №38А, city=Г. ВОЛГОДОНСК, phones=, country=4e127564-d74f-4dd9-bced-0327f0f4e061, countryCode=643, activityDiscontinued=false}, {guid=9d8e68d1-d82b-11e8-80bb-08002789bf51, archive=false, dateOutputArchive=0001-01-01T00:00:00Z, thisGroup=false, parent=78ddac21-ca67-11e5-826c-605718cb5baa, bic=042202718, swift=, name=ПАО &quot;САРОВБИЗНЕСБАНК&quot;, corrAccount=30101810422020000718, address=УЛ СИЛКИНА, 13, city=Г. САРОВ, phones=(831)4307478,(83130)33640, country=4e127564-d74f-4dd9-bced-0327f0f4e061, countryCode=643, activityDiscontinued=false}, {guid=9d8e68d2-d82b-11e8-80bb-08002789bf51, archive=false, dateOutputArchive=0001-01-01T00:00:00Z, thisGroup=false, parent=78ddac21-ca67-11e5-826c-605718cb5baa, bic=042202727, swift=, name=ПАО КОМБАНК &quot;ХИМИК&quot;, corrAccount=30101810222020000727, address=УЛ УРИЦКОГО, 10 Б, city=Г. ДЗЕРЖИНСК, phones=(8313)261608,251126, country=4e127564-d74f-4dd9-bced-0327f0f4e061, countryCode=643, activityDiscontinued=false}, {guid=9d8e68d3-d82b-11e8-80bb-08002789bf51, archive=false, dateOutputArchive=0001-01-01T00:00:00Z, thisGroup=false, parent=78ddabe5-ca67-11e5-826c-605718cb5baa, bic=044525420, swift=, name=Ф РОКЕТБАНК КИВИ БАНК (АО), corrAccount=30101810945250000420, address=УЛ ПАЛИХА, 10, СТР 5, city=Г. МОСКВА, phones=(495)2313645, country=4e127564-d74f-4dd9-bced-0327f0f4e061, countryCode=643, activityDiscontinued=false}, {guid=78ddabda-ca67-11e5-826c-605718cb5baa, archive=false, dateOutputArchive=0001-01-01T00:00:00Z, thisGroup=false, parent=78ddabd9-ca67-11e5-826c-605718cb5baa, bic=049033736, swift=, name=СКФ ПАО АКБ &quot;ИРОНБАНК&quot;, corrAccount=30101810800000000736, address=, city=Г. ВЛАДИКАВКАЗ, phones=, country=00000000-0000-0000-0000-000000000000, countryCode=, activityDiscontinued=true}, {guid=9d8e68d4-d82b-11e8-80bb-08002789bf51, archive=false, dateOutputArchive=0001-01-01T00:00:00Z, thisGroup=false, parent=78ddac21-ca67-11e5-826c-605718cb5baa, bic=042202731, swift=, name=АО КОМБАНК &quot;АРЗАМАС&quot;, corrAccount=30101810522020000731, address=УЛ КИРОВА, 33, city=Г. АРЗАМАС, phones=(83147)70224,70177, country=4e127564-d74f-4dd9-bced-0327f0f4e061, countryCode=643, activityDiscontinued=false}, {guid=9d8e68d5-d82b-11e8-80bb-08002789bf51, archive=false, dateOutputArchive=0001-01-01T00:00:00Z, thisGroup=false, parent=78ddabe5-ca67-11e5-826c-605718cb5baa, bic=044525864, swift=, name=МОСКОВСКИЙ ФИЛИАЛ АО АКБ &quot;ГАЗБАНК&quot;, corrAccount=30101810145250000864, address=УЛ БРЯНСКАЯ, 5, city=Г. МОСКВА, phones=(495)3639438, country=4e127564-d74f-4dd9-bced-0327f0f4e061, countryCode=643, activityDiscontinued=true}, {guid=9d8e68d6-d82b-11e8-80bb-08002789bf51, archive=false, dateOutputArchive=0001-01-01T00:00:00Z, thisGroup=false, parent=78ddabe5-ca67-11e5-826c-605718cb5baa, bic=044525797, swift=, name=Ф ТОЧКА БАНК КИВИ БАНК (АО), corrAccount=30101810445250000797, address=УЛ СПИРИДОНОВКА, 4, СТР 2, city=Г. МОСКВА, phones=(495)2313645, country=4e127564-d74f-4dd9-bced-0327f0f4e061, countryCode=643, activityDiscontinued=false}, {guid=9d8e68d7-d82b-11e8-80bb-08002789bf51, archive=false, dateOutputArchive=0001-01-01T00:00:00Z, thisGroup=false, parent=78ddac9c-ca67-11e5-826c-605718cb5baa, bic=040407404, swift=, name=ФПАО &quot;ДАЛЬНЕВОСТОЧНЫЙ БАНК&quot; &quot;КРАСНОЯРСКИЙ&quot;, corrAccount=30101810850040000404, address=УЛ МОЛОКОВА, 1, К 4, city=Г. КРАСНОЯРСК, phones=(391)2773071, country=4e127564-d74f-4dd9-bced-0327f0f4e061, countryCode=643, activityDiscontinued=false}, {guid=9d8e68d8-d82b-11e8-80bb-08002789bf51, archive=false, dateOutputArchive=0001-01-01T00:00:00Z, thisGroup=false, parent=78ddad0a-ca67-11e5-826c-605718cb5baa, bic=047144778, swift=, name=СФ АО БАНК &quot;СНГБ&quot;, corrAccount=30101810165777100778, address=УЛ ГУБКИНА, 15 А, city=Г. СУРГУТ, phones=(3462)398700, country=4e127564-d74f-4dd9-bced-0327f0f4e061, countryCode=643, activityDiscontinued=false}, {guid=9d8e68d9-d82b-11e8-80bb-08002789bf51, archive=false, dateOutputArchive=0001-01-01T00:00:00Z, thisGroup=false, parent=78ddabf2-ca67-11e5-826c-605718cb5baa, bic=043601968, swift=VTBRRUM2SA3, name=ФИЛИАЛ № 6318 БАНКА ВТБ (ПАО), corrAccount=30101810422023601968, address=УЛ МОЛОДОГВАРДЕЙСКАЯ, 204, city=Г. САМАРА, phones=(846)2696824,2696834, country=4e127564-d74f-4dd9-bced-0327f0f4e061, countryCode=643, activityDiscontinued=false}, {guid=9d8e68da-d82b-11e8-80bb-08002789bf51, archive=false, dateOutputArchive=0001-01-01T00:00:00Z, thisGroup=false, parent=78ddabf2-ca67-11e5-826c-605718cb5baa, bic=043601975, swift=, name=ООО &quot;РУСФИНАНС БАНК&quot;, corrAccount=30101810622023601975, address=УЛ ЧЕРНОРЕЧЕНСКАЯ, 42 А, city=Г. САМАРА, phones=(846)2696911,2694411, country=4e127564-d74f-4dd9-bced-0327f0f4e061, countryCode=643, activityDiscontinued=false}, {guid=9d8e68db-d82b-11e8-80bb-08002789bf51, archive=false, dateOutputArchive=0001-01-01T00:00:00Z, thisGroup=false, parent=78ddabf7-ca67-11e5-826c-605718cb5baa, bic=045354880, swift=, name=ГК &quot;АСВ&quot; - КУ АО &quot;НСТ-БАНК&quot;, corrAccount=30101810265775300880, address=ВИЛОНОВСКАЯ УЛ, 138, city=Г. САМАРА, phones=, country=4e127564-d74f-4dd9-bced-0327f0f4e061, countryCode=643, activityDiscontinued=false}, {guid=9d8e68dc-d82b-11e8-80bb-08002789bf51, archive=false, dateOutputArchive=0001-01-01T00:00:00Z, thisGroup=false, parent=78ddabe7-ca67-11e5-826c-605718cb5baa, bic=040507595, swift=, name=АО &quot;СОЛИД БАНК&quot;, corrAccount=30101810205070000595, address=УЛ АДМИРАЛА ФОКИНА, 25, city=Г. ВЛАДИВОСТОК, phones=(423)2265722,(423)2469293, country=4e127564-d74f-4dd9-bced-0327f0f4e061, countryCode=643, activityDiscontinued=false}, {guid=9d8e68dd-d82b-11e8-80bb-08002789bf51, archive=false, dateOutputArchive=0001-01-01T00:00:00Z, thisGroup=false, parent=78ddabe1-ca67-11e5-826c-605718cb5baa, bic=044030830, swift=, name=СПБ. Ф. АО БАНК &quot;НАЦИОНАЛЬНЫЙ СТАНДАРТ&quot;, corrAccount=30101810340300000830, address=УЛ. ЧАЙКОВСКОГО, Д. 39, ЛИТ А, city=Г. САНКТ-ПЕТЕРБУРГ, phones=(812)4493155, country=4e127564-d74f-4dd9-bced-0327f0f4e061, countryCode=643, activityDiscontinued=false}, {guid=9d8e68de-d82b-11e8-80bb-08002789bf51, archive=false, dateOutputArchive=0001-01-01T00:00:00Z, thisGroup=false, parent=78ddabeb-ca67-11e5-826c-605718cb5baa, bic=040708735, swift=, name=ФИЛИАЛ В Г. ЕССЕНТУКИ АКБ &quot;ЛАНТА-БАНК&quot; (АО), corrAccount=30101810007080000735, address=УЛ СОВЕТСКАЯ, 20 Б, city=Г. ЕССЕНТУКИ, phones=(87934)54547,54371, country=4e127564-d74f-4dd9-bced-0327f0f4e061, countryCode=643, activityDiscontinued=false}, {guid=9d8e68df-d82b-11e8-80bb-08002789bf51, archive=false, dateOutputArchive=0001-01-01T00:00:00Z, thisGroup=false, parent=78ddac72-ca67-11e5-826c-605718cb5baa, bic=041806745, swift=, name=Урюпинский филиал ПАО КБ &quot;Сельмашбанк&quot;, corrAccount=30101810518060000745, address=УЛ. ШТЕМЕНКО, 47/3, city=Г. УРЮПИНСК, phones=, country=4e127564-d74f-4dd9-bced-0327f0f4e061, countryCode=643, activityDiscontinued=false}, {guid=9d8e68e0-d82b-11e8-80bb-08002789bf51, archive=false, dateOutputArchive=0001-01-01T00:00:00Z, thisGroup=false, parent=78ddac72-ca67-11e5-826c-605718cb5baa, bic=041806730, swift=, name=Ликвидатор АО КБ &quot;Михайловский ПЖСБ&quot;, corrAccount=30101810918060000730, address=УЛИЦА ОБОРОНЫ, 44 &quot;А&quot;, city=Г. МИХАЙЛОВКА, phones=, country=4e127564-d74f-4dd9-bced-0327f0f4e061, countryCode=643, activityDiscontinued=false}, {guid=9d8e68e1-d82b-11e8-80bb-08002789bf51, archive=false, dateOutputArchive=0001-01-01T00:00:00Z, thisGroup=false, parent=78ddabe5-ca67-11e5-826c-605718cb5baa, bic=044525941, swift=, name=&quot;УМ-БАНК&quot; ООО, corrAccount=30101810945250000941, address=УЛ Б. ОРДЫНКА, 59, СТР 2, city=Г. МОСКВА, phones=(495)2123020, country=4e127564-d74f-4dd9-bced-0327f0f4e061, countryCode=643, activityDiscontinued=false}, {guid=9d8e68e2-d82b-11e8-80bb-08002789bf51, archive=false, dateOutputArchive=0001-01-01T00:00:00Z, thisGroup=false, parent=78ddac72-ca67-11e5-826c-605718cb5baa, bic=041806717, swift=, name=ЮЖНЫЙ ФИЛИАЛ АО БАНК &quot;НАЦИОНАЛЬНЫЙ СТАНДАРТ&quot;, corrAccount=30101810818060000717, address=УЛ ИМ. ГАГАРИНА, 7, city=Г. ВОЛГОГРАД, phones=(8442)995000, country=4e127564-d74f-4dd9-bced-0327f0f4e061, countryCode=643, activityDiscontinued=true}, {guid=78ddabdb-ca67-11e5-826c-605718cb5baa, archive=, dateOutputArchive=, thisGroup=true, parent=00000000-0000-0000-0000-000000000000, bic=32       , swift=, name=КЕМЕРОВСКАЯ ОБЛАСТЬ, corrAccount=, address=, city=, phones=, country=, countryCode=, activityDiscontinued=}, {guid=a38a1a95-d82b-11e8-80bb-08002789bf51, archive=false, dateOutputArchive=0001-01-01T00:00:00Z, thisGroup=false, parent=78ddac17-ca67-11e5-826c-605718cb5baa, bic=046015846, swift=, name=КУ ОАО КБ &quot;МАКСИМУМ&quot; - ГК &quot;АСВ&quot;, corrAccount=30101810060150000846, address=УЛ. ВЫСОЦКОГО, Д.4, city=Г. МОСКВА, phones=, country=4e127564-d74f-4dd9-bced-0327f0f4e061, countryCode=643, activityDiscontinued=false}, {guid=a38a1a96-d82b-11e8-80bb-08002789bf51, archive=false, dateOutputArchive=0001-01-01T00:00:00Z, thisGroup=false, parent=78ddac14-ca67-11e5-826c-605718cb5baa, bic=047601205, swift=, name=ООО КБ &quot;ЦЕНТРАЛЬНО-ЕВРОПЕЙСКИЙ БАНК&quot;, corrAccount=30101810950040000205, address=УЛ БАБУШКИНА, 108, city=Г. ЧИТА, phones=(3022)211502, country=4e127564-d74f-4dd9-bced-0327f0f4e061, countryCode=643, activityDiscontinued=false}, {guid=78ddabf7-ca67-11e5-826c-605718cb5baa, archive=, dateOutputArchive=, thisGroup=true, parent=00000000-0000-0000-0000-000000000000, bic=53       , swift=, name=ОРЕНБУРГСКАЯ ОБЛАСТЬ, corrAccount=, address=, city=, phones=, country=, countryCode=, activityDiscontinued=}, {guid=a38a1a97-d82b-11e8-80bb-08002789bf51, archive=false, dateOutputArchive=0001-01-01T00:00:00Z, thisGroup=false, parent=78ddac17-ca67-11e5-826c-605718cb5baa, bic=046015835, swift=, name=КУ ООО &quot;РУССКИЙ НАЦИОНАЛЬНЫЙ БАНК&quot; - ГК &quot;АСВ&quot;, corrAccount=30101810660150000835, address=УЛ ВЫСОЦКОГО, 4 ТЕЛ.(495)96125, city=Г. МОСКВА, phones=(863)2999413,2999418, country=4e127564-d74f-4dd9-bced-0327f0f4e061, countryCode=643, activityDiscontinued=false}, {guid=a38a1a98-d82b-11e8-80bb-08002789bf51, archive=false, dateOutputArchive=0001-01-01T00:00:00Z, thisGroup=false, parent=78ddabe5-ca67-11e5-826c-605718cb5baa, bic=044525535, swift=, name=КУ АБ &quot;АЛДАНЗОЛОТОБАНК&quot; АО - ГК &quot;АСВ&quot;, corrAccount=30101810445250000535, address=УЛ. ВЫСОЦКОГО, Д. 4, city=Г. МОСКВА, phones=, country=4e127564-d74f-4dd9-bced-0327f0f4e061, countryCode=643, activityDiscontinued=false}, {guid=a38a1a99-d82b-11e8-80bb-08002789bf51, archive=false, dateOutputArchive=0001-01-01T00:00:00Z, thisGroup=false, parent=78ddac21-ca67-11e5-826c-605718cb5baa, bic=042202812, swift=, name=ВЫКСУНСКИЙ Ф-Л ПАО АКБ &quot;МЕТАЛЛИНВЕСТБАНК&quot;, corrAccount=30101810522020000812, address=ПЛ ОКТЯБРЬСКОЙ РЕВОЛЮЦИИ, 48, city=Г. ВЫКСА, phones=(83177)35825,31157, country=4e127564-d74f-4dd9-bced-0327f0f4e061, countryCode=643, activityDiscontinued=false}, {guid=a38a1a9a-d82b-11e8-80bb-08002789bf51, archive=false, dateOutputArchive=0001-01-01T00:00:00Z, thisGroup=false, parent=78ddac07-ca67-11e5-826c-605718cb5baa, bic=045004893, swift=, name=НОВОСИБИРСКИЙ Ф-Л НКО &quot;ИНКАХРАН&quot;(АО), corrAccount=30103810950040000893, address=УЛ 2-Я СОЮЗА МОЛОДЕЖИ, 31, city=Г. НОВОСИБИРСК, phones=(383)2260797,2269768, country=4e127564-d74f-4dd9-bced-0327f0f4e061, countryCode=643, activityDiscontinued=false}, {guid=a38a1a9b-d82b-11e8-80bb-08002789bf51, archive=false, dateOutputArchive=0001-01-01T00:00:00Z, thisGroup=false, parent=78ddac07-ca67-11e5-826c-605718cb5baa, bic=045004883, swift=, name=СИБИРСКИЙ ФИЛИАЛ АО &quot;БАНК ИНТЕЗА&quot;, corrAccount=30101810250040000883, address=УЛ ОКТЯБРЬСКАЯ, 49, city=Г. НОВОСИБИРСК, phones=(383)2278193, country=4e127564-d74f-4dd9-bced-0327f0f4e061, countryCode=643, activityDiscontinued=false}, {guid=a38a1a9c-d82b-11e8-80bb-08002789bf51, archive=false, dateOutputArchive=0001-01-01T00:00:00Z, thisGroup=false, parent=78ddac07-ca67-11e5-826c-605718cb5baa, bic=045004876, swift=, name=НОВОСИБИРСКИЙ ФИЛИАЛ ПАО &quot;МТС-БАНК&quot;, corrAccount=30101810050040000876, address=УЛ. НИЖЕГОРОДСКАЯ, 4, city=Г. НОВОСИБИРСК, phones=(383)3251781, country=4e127564-d74f-4dd9-bced-0327f0f4e061, countryCode=643, activityDiscontinued=false}, {guid=a38a1a9d-d82b-11e8-80bb-08002789bf51, archive=false, dateOutputArchive=0001-01-01T00:00:00Z, thisGroup=false, parent=78ddac07-ca67-11e5-826c-605718cb5baa, bic=045004861, swift=, name=ФИЛИАЛ ООО &quot;ЭКСПОБАНК&quot; В Г.НОВОСИБИРСКЕ, corrAccount=30101810450040000861, address=КРАСНЫЙ ПР-Т, 25, city=Г. НОВОСИБИРСК, phones=(383)2105207, country=4e127564-d74f-4dd9-bced-0327f0f4e061, countryCode=643, activityDiscontinued=false}, {guid=a38a1a9e-d82b-11e8-80bb-08002789bf51, archive=false, dateOutputArchive=0001-01-01T00:00:00Z, thisGroup=false, parent=78ddac07-ca67-11e5-826c-605718cb5baa, bic=045004864, swift=, name=СИБИРСКИЙ ФИЛИАЛ АО КБ &quot;МОДУЛЬБАНК&quot;, corrAccount=30101810350040000864, address=УЛ ПЛАНЕТНАЯ, 30, city=Г. НОВОСИБИРСК, phones=(383)3250606,3251575, country=4e127564-d74f-4dd9-bced-0327f0f4e061, countryCode=643, activityDiscontinued=false}, {guid=a38a1a9f-d82b-11e8-80bb-08002789bf51, archive=false, dateOutputArchive=0001-01-01T00:00:00Z, thisGroup=false, parent=78ddabf2-ca67-11e5-826c-605718cb5baa, bic=043601875, swift=, name=САМАРСКИЙ ФИЛИАЛ ТКБ БАНК ПАО, corrAccount=30101810722023601875, address=УЛ СТАРА ЗАГОРА, 52, city=Г. САМАРА, phones=(846)9338233,2280135, country=4e127564-d74f-4dd9-bced-0327f0f4e061, countryCode=643, activityDiscontinued=false}, {guid=a38a1aa0-d82b-11e8-80bb-08002789bf51, archive=false, dateOutputArchive=0001-01-01T00:00:00Z, thisGroup=false, parent=78ddabf2-ca67-11e5-826c-605718cb5baa, bic=043601845, swift=, name=САМАРСКИЙ ФИЛИАЛ БАНКА СОЮЗ (АО), corrAccount=30101810422023601845, address=УЛ КРАСНОАРМЕЙСКАЯ, 75, city=Г. САМАРА, phones=(846)2311251,2311259, country=4e127564-d74f-4dd9-bced-0327f0f4e061, countryCode=643, activityDiscontinued=false}, {guid=a38a1aa1-d82b-11e8-80bb-08002789bf51, archive=false, dateOutputArchive=0001-01-01T00:00:00Z, thisGroup=false, parent=78ddabf2-ca67-11e5-826c-605718cb5baa, bic=043601842, swift=, name=АО КБ &quot;НИБ&quot;, corrAccount=30101810522023601842, address=УЛ ФРУНЗЕ, 102, city=Г. САМАРА, phones=(846)3425750,3425751, country=4e127564-d74f-4dd9-bced-0327f0f4e061, countryCode=643, activityDiscontinued=false}, {guid=a38a1aa2-d82b-11e8-80bb-08002789bf51, archive=false, dateOutputArchive=0001-01-01T00:00:00Z, thisGroup=false, parent=78ddac2f-ca67-11e5-826c-605718cb5baa, bic=040813708, swift=, name=ХАБАРОВСКИЙ ФИЛИАЛ ТКБ БАНК ПАО, corrAccount=30101810108130000708, address=УЛ КОМСОМОЛЬСКАЯ, 102, city=Г. ХАБАРОВСК, phones=(4212)910702, country=4e127564-d74f-4dd9-bced-0327f0f4e061, countryCode=643, activityDiscontinued=false}, {guid=78ddac1c-ca67-11e5-826c-605718cb5baa, archive=false, dateOutputArchive=0001-01-01T00:00:00Z, thisGroup=false, parent=78ddabe5-ca67-11e5-826c-605718cb5baa, bic=044525150, swift=, name=ФИЛИАЛ &quot;МОСКОВСКИЙ&quot; АО &quot;ФИА-БАНК&quot;, corrAccount=30101810545250000150, address=, city=Г. МОСКВА, phones=, country=00000000-0000-0000-0000-000000000000, countryCode=, activityDiscontinued=true}, {guid=a38a1aa3-d82b-11e8-80bb-08002789bf51, archive=false, dateOutputArchive=0001-01-01T00:00:00Z, thisGroup=false, parent=78ddac2f-ca67-11e5-826c-605718cb5baa, bic=040813713, swift=VTBRRUM2KH3, name=ФИЛИАЛ № 2754 БАНКА ВТБ (ПАО), corrAccount=30101810708130000713, address=УЛ МУРАВЬЁВА-АМУРСКОГО, 18, city=Г. ХАБАРОВСК, phones=(4212)455455, country=4e127564-d74f-4dd9-bced-0327f0f4e061, countryCode=643, activityDiscontinued=false}, {guid=a38a1aa4-d82b-11e8-80bb-08002789bf51, archive=false, dateOutputArchive=0001-01-01T00:00:00Z, thisGroup=false, parent=78ddac09-ca67-11e5-826c-605718cb5baa, bic=046577501, swift=VTBRRUM2EK3, name=ФИЛИАЛ № 6602 БАНКА ВТБ (ПАО), corrAccount=30101810165770000501, address=ПР-Т ЛЕНИНА, 27, city=Г. ЕКАТЕРИНБУРГ, phones=(343)3862400, country=4e127564-d74f-4dd9-bced-0327f0f4e061, countryCode=643, activityDiscontinued=false}, {guid=a38a1aa5-d82b-11e8-80bb-08002789bf51, archive=false, dateOutputArchive=0001-01-01T00:00:00Z, thisGroup=false, parent=78ddac09-ca67-11e5-826c-605718cb5baa, bic=046577507, swift=, name=ЕКАТЕРИНБУРГСКИЙ ФИЛИАЛ АБ &quot;РОССИЯ&quot;, corrAccount=30101810965770000507, address=УЛ МАМИНА-СИБИРЯКА, 145, city=Г. ЕКАТЕРИНБУРГ, phones=(343)2863760, country=4e127564-d74f-4dd9-bced-0327f0f4e061, countryCode=643, activityDiscontinued=false}, {guid=a38a1aa6-d82b-11e8-80bb-08002789bf51, archive=false, dateOutputArchive=0001-01-01T00:00:00Z, thisGroup=false, parent=78ddabf2-ca67-11e5-826c-605718cb5baa, bic=043601811, swift=, name=ООО &quot;ЗЕМСКИЙ БАНК&quot;, corrAccount=30101810922023601811, address=УЛ УЛЬЯНОВСКАЯ, 79, city=Г. СЫЗРАНЬ, phones=(8464)985454, country=4e127564-d74f-4dd9-bced-0327f0f4e061, countryCode=643, activityDiscontinued=false}, {guid=a38a1aa7-d82b-11e8-80bb-08002789bf51, archive=false, dateOutputArchive=0001-01-01T00:00:00Z, thisGroup=false, parent=78ddabfd-ca67-11e5-826c-605718cb5baa, bic=046311890, swift=, name=АО &quot;БАЛАКОВО-БАНК&quot;, corrAccount=30101810022026311890, address=УЛ ФАКЕЛ СОЦИАЛИЗМА, 21, city=Г. БАЛАКОВО, phones=(8453)444166,447007, country=4e127564-d74f-4dd9-bced-0327f0f4e061, countryCode=643, activityDiscontinued=false}, {guid=a38a1aa8-d82b-11e8-80bb-08002789bf51, archive=false, dateOutputArchive=0001-01-01T00:00:00Z, thisGroup=false, parent=78ddabe5-ca67-11e5-826c-605718cb5baa, bic=044525641, swift=, name=ФИЛИАЛ 1 ООО КБ &quot;ЦЕНТРАЛЬНО-ЕВРОПЕЙСКИЙ БАНК&quot;, corrAccount=30101810245250000641, address=ПРОЕКТ-Й 4062Й ПР-Д, 6, СТР 16, city=Г. МОСКВА, phones=(495)6625665, country=4e127564-d74f-4dd9-bced-0327f0f4e061, countryCode=643, activityDiscontinued=false}, {guid=a38a1aa9-d82b-11e8-80bb-08002789bf51, archive=false, dateOutputArchive=0001-01-01T00:00:00Z, thisGroup=false, parent=78ddac17-ca67-11e5-826c-605718cb5baa, bic=046015946, swift=, name=ПАО &quot;ТАГАНРОГБАНК&quot;, corrAccount=30101810960150000946, address=УЛ. ГРЕЧЕСКАЯ, 71 ТЕЛ.(8634)31, city=Г. ТАГАНРОГ, phones=, country=4e127564-d74f-4dd9-bced-0327f0f4e061, countryCode=643, activityDiscontinued=false}, {guid=a38a1aaa-d82b-11e8-80bb-08002789bf51, archive=false, dateOutputArchive=0001-01-01T00:00:00Z, thisGroup=false, parent=78ddabe5-ca67-11e5-826c-605718cb5baa, bic=044525646, swift=, name=НКО НКЦ (АО), corrAccount=30103810345250000646, address=Б. КИСЛОВСКИЙ ПЕР, 13, city=Г. МОСКВА, phones=(495)7829794, country=4e127564-d74f-4dd9-bced-0327f0f4e061, countryCode=643, activityDiscontinued=false}, {guid=a38a1aab-d82b-11e8-80bb-08002789bf51, archive=false, dateOutputArchive=0001-01-01T00:00:00Z, thisGroup=false, parent=78ddac07-ca67-11e5-826c-605718cb5baa, bic=045004841, swift=, name=НОВОСИБИРСКИЙ ФИЛИАЛ ТКБ БАНК ПАО, corrAccount=30101810250040000841, address=УЛ КОММУНИСТИЧЕСКАЯ, 35, city=Г. НОВОСИБИРСК, phones=(383)3252500,3252660, country=4e127564-d74f-4dd9-bced-0327f0f4e061, countryCode=643, activityDiscontinued=false}, {guid=a38a1aac-d82b-11e8-80bb-08002789bf51, archive=false, dateOutputArchive=0001-01-01T00:00:00Z, thisGroup=false, parent=78ddac07-ca67-11e5-826c-605718cb5baa, bic=045004846, swift=, name=Ф-Л &quot;НОВОСИБИРСК&quot; АКБ &quot;РОСЕВРОБАНК&quot; (АО), corrAccount=30101810750040000846, address=УЛ ФРУНЗЕ, 5, city=Г. НОВОСИБИРСК, phones=(383)2020750, country=4e127564-d74f-4dd9-bced-0327f0f4e061, countryCode=643, activityDiscontinued=false}, {guid=a38a1aad-d82b-11e8-80bb-08002789bf51, archive=false, dateOutputArchive=0001-01-01T00:00:00Z, thisGroup=false, parent=78ddac07-ca67-11e5-826c-605718cb5baa, bic=045004845, swift=, name=ФИЛИАЛ &quot;НОВОСИБИРСКИЙ&quot; ПАО КБ &quot;УБРИР&quot;, corrAccount=30101810450040000845, address=УЛ ВОКЗАЛЬНАЯ МАГИСТРАЛЬ, 1, city=Г. НОВОСИБИРСК, phones=(383)2201141,2201181, country=4e127564-d74f-4dd9-bced-0327f0f4e061, countryCode=643, activityDiscontinued=false}, {guid=a38a1aae-d82b-11e8-80bb-08002789bf51, archive=false, dateOutputArchive=0001-01-01T00:00:00Z, thisGroup=false, parent=78ddac07-ca67-11e5-826c-605718cb5baa, bic=045004833, swift=, name=НОВОСИБИРСКИЙ ФИЛИАЛ ООО &quot;БАНК БКФ&quot;, corrAccount=30101810750040000833, address=ПР-Т ДИМИТРОВА, 4/1, city=Г. НОВОСИБИРСК, phones=(383)3191118,3191116, country=4e127564-d74f-4dd9-bced-0327f0f4e061, countryCode=643, activityDiscontinued=false}, {guid=aaaf21b4-d82b-11e8-80bb-08002789bf51, archive=false, dateOutputArchive=0001-01-01T00:00:00Z, thisGroup=false, parent=78ddac07-ca67-11e5-826c-605718cb5baa, bic=045004818, swift=, name=НОВОСИБИРСКИЙ ФИЛИАЛ АО ЮНИКРЕДИТ БАНКА, corrAccount=30101810050040000818, address=УЛ МАКСИМА ГОРЬКОГО, 53, city=Г. НОВОСИБИРСК, phones=(383)2300163, country=4e127564-d74f-4dd9-bced-0327f0f4e061, countryCode=643, activityDiscontinued=false}, {guid=aaaf21b5-d82b-11e8-80bb-08002789bf51, archive=false, dateOutputArchive=0001-01-01T00:00:00Z, thisGroup=false, parent=78ddabeb-ca67-11e5-826c-605718cb5baa, bic=040715725, swift=, name=ООО &quot;РУСБС&quot;, corrAccount=30101810107150000725, address=УЛ ГАГАРИНА, 148, city=СТ-ЦА ЕССЕНТУКСКАЯ, phones=(87961)51171,24177,50987, country=4e127564-d74f-4dd9-bced-0327f0f4e061, countryCode=643, activityDiscontinued=false}, {guid=aaaf21b6-d82b-11e8-80bb-08002789bf51, archive=false, dateOutputArchive=0001-01-01T00:00:00Z, thisGroup=false, parent=78ddac0f-ca67-11e5-826c-605718cb5baa, bic=040349789, swift=, name=ООО КБ &quot;ГТ БАНК&quot;, corrAccount=30101810303490000789, address=УЛ СЕВЕРНАЯ, 321, city=Г. КРАСНОДАР, phones=(861)2790305,2791744, country=4e127564-d74f-4dd9-bced-0327f0f4e061, countryCode=643, activityDiscontinued=false}, {guid=aaaf21b7-d82b-11e8-80bb-08002789bf51, archive=false, dateOutputArchive=0001-01-01T00:00:00Z, thisGroup=false, parent=78ddac00-ca67-11e5-826c-605718cb5baa, bic=048209848, swift=, name=КУ ООО КБ &quot;ПРЕСТИЖКРЕДИТБАНК&quot; ГК &quot;АСВ&quot;, corrAccount=30101810282090000848, address=УЛ КАММАЕВА, 19, К &quot;Ж&quot;, city=Г. МАХАЧКАЛА, phones=(8722)561920,561921, country=4e127564-d74f-4dd9-bced-0327f0f4e061, countryCode=643, activityDiscontinued=false}, {guid=aaaf21b8-d82b-11e8-80bb-08002789bf51, archive=false, dateOutputArchive=0001-01-01T00:00:00Z, thisGroup=false, parent=78ddac98-ca67-11e5-826c-605718cb5baa, bic=041117785, swift=, name=Ф-л &quot;Космодром-Плесецк&quot; АО &quot;ФОНДСЕРВИСБАНК&quot;, corrAccount=30101810540300011785, address=УЛ. ПУШКИНА, Д. 3, city=Г. МИРНЫЙ, phones=, country=4e127564-d74f-4dd9-bced-0327f0f4e061, countryCode=643, activityDiscontinued=false}, {guid=aaaf21b9-d82b-11e8-80bb-08002789bf51, archive=false, dateOutputArchive=0001-01-01T00:00:00Z, thisGroup=false, parent=78ddac34-ca67-11e5-826c-605718cb5baa, bic=046489002, swift=, name=ПУ БАНКА РОССИИ ОХОТСКОЕ, corrAccount=, address=УЛ ГНЕЧКО, 1, city=ПГТ ЮЖНО-КУРИЛЬСК, phones=, country=4e127564-d74f-4dd9-bced-0327f0f4e061, countryCode=643, activityDiscontinued=false}, {guid=78ddac57-ca67-11e5-826c-605718cb5baa, archive=, dateOutputArchive=, thisGroup=true, parent=00000000-0000-0000-0000-000000000000, bic=27       , swift=, name=КАЛИНИНГРАДСКАЯ ОБЛАСТЬ, corrAccount=, address=, city=, phones=, country=, countryCode=, activityDiscontinued=}, {guid=aaaf21ba-d82b-11e8-80bb-08002789bf51, archive=false, dateOutputArchive=0001-01-01T00:00:00Z, thisGroup=false, parent=78ddabfd-ca67-11e5-826c-605718cb5baa, bic=046311926, swift=, name=АО РНКО &quot;СИНЕРГИЯ&quot;, corrAccount=30103810622026311926, address=Г. САРАТОВ, УЛ. РАБОЧАЯ, 27, city=Г. САРАТОВ, phones=, country=4e127564-d74f-4dd9-bced-0327f0f4e061, countryCode=643, activityDiscontinued=false}, {guid=aaaf21bb-d82b-11e8-80bb-08002789bf51, archive=false, dateOutputArchive=0001-01-01T00:00:00Z, thisGroup=false, parent=78ddac0f-ca67-11e5-826c-605718cb5baa, bic=040349744, swift=, name=КРАСНОДАРСКИЙ ФИЛИАЛ ПАО РОСБАНК, corrAccount=30101810403490000744, address=УЛ ОЛИМПИЙСКАЯ, 8, city=Г. КРАСНОДАР, phones=(861)2739730,2739731, country=4e127564-d74f-4dd9-bced-0327f0f4e061, countryCode=643, activityDiscontinued=false}, {guid=aaaf21bc-d82b-11e8-80bb-08002789bf51, archive=false, dateOutputArchive=0001-01-01T00:00:00Z, thisGroup=false, parent=78ddac07-ca67-11e5-826c-605718cb5baa, bic=045004796, swift=, name=ФИЛИАЛ &quot;НОВОСИБИРСК&quot; КБ &quot;ЛОКО-БАНК&quot; (АО), corrAccount=30101810350040000796, address=УЛ ЛЕНИНА, 52, city=Г. НОВОСИБИРСК, phones=(383)2380740,2380750, country=4e127564-d74f-4dd9-bced-0327f0f4e061, countryCode=643, activityDiscontinued=false}, {guid=aaaf21bd-d82b-11e8-80bb-08002789bf51, archive=false, dateOutputArchive=0001-01-01T00:00:00Z, thisGroup=false, parent=78ddac17-ca67-11e5-826c-605718cb5baa, bic=046015080, swift=, name=РОСТОВСКИЙ ФИЛИАЛ ПАО &quot;РГС БАНК&quot;, corrAccount=30101810460150000080, address=УЛ ГОРОДА ВОЛОС, 11/81-83/34, city=Г. РОСТОВ-НА-ДОНУ, phones=(863)2370660, country=4e127564-d74f-4dd9-bced-0327f0f4e061, countryCode=643, activityDiscontinued=false}, {guid=aaaf21be-d82b-11e8-80bb-08002789bf51, archive=false, dateOutputArchive=0001-01-01T00:00:00Z, thisGroup=false, parent=78ddac07-ca67-11e5-826c-605718cb5baa, bic=045004785, swift=, name=НОВОСИБИРСКИЙ Ф-Л ПАО АКБ &quot;МЕТАЛЛИНВЕСТБАНК&quot;, corrAccount=30101810950040000785, address=УЛ СОВЕТСКАЯ, 8, city=Г. НОВОСИБИРСК, phones=(383)2091447,2091446, country=4e127564-d74f-4dd9-bced-0327f0f4e061, countryCode=643, activityDiscontinued=false}, {guid=aaaf21bf-d82b-11e8-80bb-08002789bf51, archive=false, dateOutputArchive=0001-01-01T00:00:00Z, thisGroup=false, parent=78ddac17-ca67-11e5-826c-605718cb5baa, bic=046015081, swift=, name=РОСТОВСКИЙ ФИЛИАЛ АО ЮНИКРЕДИТ БАНКА, corrAccount=30101810760150000081, address=УЛ СОЦИАЛИСТИЧЕСКАЯ, 58/51, city=Г. РОСТОВ-НА-ДОНУ, phones=(863)2630900,2630906, country=4e127564-d74f-4dd9-bced-0327f0f4e061, countryCode=643, activityDiscontinued=false}, {guid=aaaf21c0-d82b-11e8-80bb-08002789bf51, archive=false, dateOutputArchive=0001-01-01T00:00:00Z, thisGroup=false, parent=78ddac07-ca67-11e5-826c-605718cb5baa, bic=045004789, swift=, name=ФИЛИАЛ БАНКА МБСП (АО) В НОВОСИБИРСКЕ, corrAccount=30101810150040000789, address=ПР-Т ДИМИТРОВА, 12, city=Г. НОВОСИБИРСК, phones=(383)3734340,3734341, country=4e127564-d74f-4dd9-bced-0327f0f4e061, countryCode=643, activityDiscontinued=false}, {guid=aaaf21c1-d82b-11e8-80bb-08002789bf51, archive=false, dateOutputArchive=0001-01-01T00:00:00Z, thisGroup=false, parent=78ddac17-ca67-11e5-826c-605718cb5baa, bic=046015088, swift=SJSCRUMMRND, name=ФИЛИАЛ &quot;СДМ-БАНК&quot; (ПАО) В Г. РОСТОВ-НА-ДОНУ, corrAccount=30101810860150000088, address=УЛ КАТАЕВА, 293, city=Г. РОСТОВ-НА-ДОНУ, phones=(863)2197712,2197714, country=4e127564-d74f-4dd9-bced-0327f0f4e061, countryCode=643, activityDiscontinued=false}, {guid=aaaf21c2-d82b-11e8-80bb-08002789bf51, archive=false, dateOutputArchive=0001-01-01T00:00:00Z, thisGroup=false, parent=78ddac07-ca67-11e5-826c-605718cb5baa, bic=045004778, swift=, name=ФИЛИАЛ БАНКА &quot;ВБРР&quot; (АО) В Г.НОВОСИБИРСКЕ, corrAccount=30101810750040000778, address=УЛ СИБРЕВКОМА, 2, city=Г. НОВОСИБИРСК, phones=(383)2302201, country=4e127564-d74f-4dd9-bced-0327f0f4e061, countryCode=643, activityDiscontinued=false}, {guid=aaaf21c3-d82b-11e8-80bb-08002789bf51, archive=false, dateOutputArchive=0001-01-01T00:00:00Z, thisGroup=false, parent=78ddac0f-ca67-11e5-826c-605718cb5baa, bic=040349758, swift=VTBRRUM2KD3, name=ФИЛИАЛ № 2351 БАНКА ВТБ (ПАО), corrAccount=30101810703490000758, address=УЛ ИМ. ГОГОЛЯ, 68, city=Г. КРАСНОДАР, phones=(861)2126424,2125627, country=4e127564-d74f-4dd9-bced-0327f0f4e061, countryCode=643, activityDiscontinued=false}, {guid=aaaf21c4-d82b-11e8-80bb-08002789bf51, archive=false, dateOutputArchive=0001-01-01T00:00:00Z, thisGroup=false, parent=78ddac17-ca67-11e5-826c-605718cb5baa, bic=046015094, swift=, name=НОВОЧЕРКАССКИЙ ФИЛИАЛ АО &quot;ФОНДСЕРВИСБАНК&quot;, corrAccount=30101810760150000094, address=ПЛАТОВСКИЙ ПР-Т, 59 Б, city=Г. НОВОЧЕРКАССК, phones=(8635)240550, country=4e127564-d74f-4dd9-bced-0327f0f4e061, countryCode=643, activityDiscontinued=false}, {guid=aaaf21c5-d82b-11e8-80bb-08002789bf51, archive=false, dateOutputArchive=0001-01-01T00:00:00Z, thisGroup=false, parent=78ddac17-ca67-11e5-826c-605718cb5baa, bic=046015068, swift=, name=ДОНСКОЙ ФИЛИАЛ АО КБ &quot;СИТИБАНК&quot;, corrAccount=30101810660150000068, address=УЛ Б. САДОВАЯ, 124, city=Г. РОСТОВ-НА-ДОНУ, phones=(863)2040043,2040002, country=4e127564-d74f-4dd9-bced-0327f0f4e061, countryCode=643, activityDiscontinued=false}, {guid=aaaf21c6-d82b-11e8-80bb-08002789bf51, archive=false, dateOutputArchive=0001-01-01T00:00:00Z, thisGroup=false, parent=78ddac07-ca67-11e5-826c-605718cb5baa, bic=045004763, swift=, name=ФИЛИАЛ &quot;ЦЕНТРАЛЬНЫЙ&quot; ПАО &quot;СОВКОМБАНК&quot;, corrAccount=30101810150040000763, address=УЛ ПОПОВА, 11, city=Г. БЕРДСК, phones=(383)3340606, country=4e127564-d74f-4dd9-bced-0327f0f4e061, countryCode=643, activityDiscontinued=false}, {guid=aaaf21c7-d82b-11e8-80bb-08002789bf51, archive=false, dateOutputArchive=0001-01-01T00:00:00Z, thisGroup=false, parent=78ddac17-ca67-11e5-826c-605718cb5baa, bic=046015066, swift=, name=Ф-Л АО АКБ &quot;НОВИКОМБАНК&quot; В Г.РОСТОВЕ-НА-ДОНУ, corrAccount=30101810060150000066, address=УЛ КРАСНОАРМЕЙСКАЯ, 170/84, city=Г. РОСТОВ-НА-ДОНУ, phones=(863)2017777, country=4e127564-d74f-4dd9-bced-0327f0f4e061, countryCode=643, activityDiscontinued=false}, {guid=78ddabe0-ca67-11e5-826c-605718cb5baa, archive=false, dateOutputArchive=0001-01-01T00:00:00Z, thisGroup=false, parent=78ddabdf-ca67-11e5-826c-605718cb5baa, bic=049246920, swift=, name=НИЖНЕКАМСКИЙ ФАБ &quot;ДЕВОН-КРЕДИТ&quot; (ПАО), corrAccount=30101810700000000920, address=, city=Г. НИЖНЕКАМСК, phones=, country=00000000-0000-0000-0000-000000000000, countryCode=, activityDiscontinued=true}, {guid=aaaf21c8-d82b-11e8-80bb-08002789bf51, archive=false, dateOutputArchive=0001-01-01T00:00:00Z, thisGroup=false, parent=78ddac17-ca67-11e5-826c-605718cb5baa, bic=046015064, swift=, name=ЮЖНЫЙ ФИЛИАЛ АО &quot;БАНК ИНТЕЗА&quot;, corrAccount=30101810460150000064, address=ВОРОШИЛОВСКИЙ ПР-Т, 48, city=Г. РОСТОВ-НА-ДОНУ, phones=(863)2318377,2318388, country=4e127564-d74f-4dd9-bced-0327f0f4e061, countryCode=643, activityDiscontinued=false}, {guid=aaaf21c9-d82b-11e8-80bb-08002789bf51, archive=false, dateOutputArchive=0001-01-01T00:00:00Z, thisGroup=false, parent=78ddac17-ca67-11e5-826c-605718cb5baa, bic=046015065, swift=JSNMRUMMRND, name=РОСТОВСКИЙ ФИЛИАЛ ПАО БАНКА &quot;ФК ОТКРЫТИЕ&quot;, corrAccount=30101810760150000065, address=УЛ ТЕКУЧЕВА, 234, city=Г. РОСТОВ-НА-ДОНУ, phones=(863)2009099, country=4e127564-d74f-4dd9-bced-0327f0f4e061, countryCode=643, activityDiscontinued=true}, {guid=aaaf21ca-d82b-11e8-80bb-08002789bf51, archive=false, dateOutputArchive=0001-01-01T00:00:00Z, thisGroup=false, parent=78ddac17-ca67-11e5-826c-605718cb5baa, bic=046015060, swift=, name=ФИЛИАЛ АО &quot;ГЕНБАНК&quot; В Г.РОСТОВ-НА-ДОНУ, corrAccount=30101810260150000060, address=УЛ ПУШКИНСКАЯ, 94, city=Г. РОСТОВ-НА-ДОНУ, phones=(863)2999333, country=4e127564-d74f-4dd9-bced-0327f0f4e061, countryCode=643, activityDiscontinued=false}, {guid=aaaf21cb-d82b-11e8-80bb-08002789bf51, archive=false, dateOutputArchive=0001-01-01T00:00:00Z, thisGroup=false, parent=78ddac17-ca67-11e5-826c-605718cb5baa, bic=046015061, swift=, name=ФИЛИАЛ ЮЖНЫЙ ПАО БАНКА &quot;ФК ОТКРЫТИЕ&quot;, corrAccount=30101810560150000061, address=УЛ ГОРОДА ВОЛОС, 112/130, city=Г. РОСТОВ-НА-ДОНУ, phones=(863)2688901, country=4e127564-d74f-4dd9-bced-0327f0f4e061, countryCode=643, activityDiscontinued=false}]&#10;" type="java.lang.AssertionError">java.lang.AssertionError: 
1 expectation failed.
Response body doesn't match expectation.
Expected: The content to match the given JSON schema.
error: instance type (string) does not match any allowed primitive type (allowed: ["boolean"])
    level: "error"
    schema: {"loadingURI":"file:/C:/Users/Sasha/Api/target/test-classes/getBankList.json#","pointer":"/items/properties/activityDiscontinued"}
    instance: {"pointer":"/13/activityDiscontinued"}
    domain: "validation"
    keyword: "type"
    found: "string"
    expected: ["boolean"]
error: string "" is too short (length: 0, required minimum: 1)
    level: "error"
    schema: {"loadingURI":"file:/C:/Users/Sasha/Api/target/test-classes/getBankList.json#","pointer":"/items/properties/address"}
    instance: {"pointer":"/13/address"}
    domain: "validation"
    keyword: "minLength"
    value: ""
    found: 0
    minLength: 1
error: instance type (string) does not match any allowed primitive type (allowed: ["boolean"])
    level: "error"
    schema: {"loadingURI":"file:/C:/Users/Sasha/Api/target/test-classes/getBankList.json#","pointer":"/items/properties/archive"}
    instance: {"pointer":"/13/archive"}
    domain: "validation"
    keyword: "type"
    found: "string"
    expected: ["boolean"]
error: string "" is too short (length: 0, required minimum: 1)
    level: "error"
    schema: {"loadingURI":"file:/C:/Users/Sasha/Api/target/test-classes/getBankList.json#","pointer":"/items/properties/city"}
    instance: {"pointer":"/13/city"}
    domain: "validation"
    keyword: "minLength"
    value: ""
    found: 0
    minLength: 1
error: string "" is too short (length: 0, required minimum: 20)
    level: "error"
    schema: {"loadingURI":"file:/C:/Users/Sasha/Api/target/test-classes/getBankList.json#","pointer":"/items/properties/corrAccount"}
    instance: {"pointer":"/13/corrAccount"}
    domain: "validation"
    keyword: "minLength"
    value: ""
    found: 0
    minLength: 20
error: string "" is too short (length: 0, required minimum: 36)
    level: "error"
    schema: {"loadingURI":"file:/C:/Users/Sasha/Api/target/test-classes/getBankList.json#","pointer":"/items/properties/country"}
    instance: {"pointer":"/13/country"}
    domain: "validation"
    keyword: "minLength"
    value: ""
    found: 0
    minLength: 36
error: string "" is too short (length: 0, required minimum: 3)
    level: "error"
    schema: {"loadingURI":"file:/C:/Users/Sasha/Api/target/test-classes/getBankList.json#","pointer":"/items/properties/countryCode"}
    instance: {"pointer":"/13/countryCode"}
    domain: "validation"
    keyword: "minLength"
    value: ""
    found: 0
    minLength: 3
error: string "" is too short (length: 0, required minimum: 10)
    level: "error"
    schema: {"loadingURI":"file:/C:/Users/Sasha/Api/target/test-classes/getBankList.json#","pointer":"/items/properties/dateOutputArchive"}
    instance: {"pointer":"/13/dateOutputArchive"}
    domain: "validation"
    keyword: "minLength"
    value: ""
    found: 0
    minLength: 10

  Actual: [{guid=979300ab-d82b-11e8-80bb-08002789bf51, archive=false, dateOutputArchive=0001-01-01T00:00:00Z, thisGroup=false, parent=78ddabf2-ca67-11e5-826c-605718cb5baa, bic=043601707, swift=, name=ФИЛИАЛ "САМАРСКИЙ" АО "ОТП БАНК", corrAccount=30101810722023601707, address=УЛ АВРОРЫ, 150, city=Г. САМАРА, phones=(846)3425312,3425313, country=4e127564-d74f-4dd9-bced-0327f0f4e061, countryCode=643, activityDiscontinued=false}, {guid=979300ac-d82b-11e8-80bb-08002789bf51, archive=false, dateOutputArchive=0001-01-01T00:00:00Z, thisGroup=false, parent=78ddabe1-ca67-11e5-826c-605718cb5baa, bic=044030792, swift=, name=ФИЛИАЛ "СЕВЕРО-ЗАПАДНЫЙ" "УМ-БАНК" ООО, corrAccount=30101810640300000792, address=КАМЕННООСТРОВСКИЙ ПР-Т, 61 ПОМ, city=Г. САНКТ-ПЕТЕРБУРГ, phones=(812)4560720, country=4e127564-d74f-4dd9-bced-0327f0f4e061, countryCode=643, activityDiscontinued=false}, {guid=979300ad-d82b-11e8-80bb-08002789bf51, archive=false, dateOutputArchive=0001-01-01T00:00:00Z, thisGroup=false, parent=78ddac07-ca67-11e5-826c-605718cb5baa, bic=045004711, swift=, name=Куйбышевский филиал АКБ "Ланта-Банк" (АО), corrAccount=30101810750045004711, address=КВАРТАЛ 1, ДОМ 29 "ВСТАВКА", city=Г. КУЙБЫШЕВ, phones=, country=4e127564-d74f-4dd9-bced-0327f0f4e061, countryCode=643, activityDiscontinued=false}, {guid=979300ae-d82b-11e8-80bb-08002789bf51, archive=false, dateOutputArchive=0001-01-01T00:00:00Z, thisGroup=false, parent=78ddac07-ca67-11e5-826c-605718cb5baa, bic=045004719, swift=, name=ФИЛИАЛ № 5440 БАНКА ВТБ (ПАО), corrAccount=30101810450040000719, address=УЛ ФРУНЗЕ, 232, 234, 234/1, city=Г. НОВОСИБИРСК, phones=(383)2492424,2492425, country=4e127564-d74f-4dd9-bced-0327f0f4e061, countryCode=643, activityDiscontinued=false}, {guid=979300af-d82b-11e8-80bb-08002789bf51, archive=false, dateOutputArchive=0001-01-01T00:00:00Z, thisGroup=false, parent=78ddac07-ca67-11e5-826c-605718cb5baa, bic=045004701, swift=, name=НОВОСИБИРСКИЙ ФИЛИАЛ АБ "РОССИЯ", corrAccount=30101810950040000701, address=УЛ СЕМЬИ ШАМШИНЫХ, 26, 26/1, city=Г. НОВОСИБИРСК, phones=(383)3670691,3670692, country=4e127564-d74f-4dd9-bced-0327f0f4e061, countryCode=643, activityDiscontinued=false}, {guid=979300b0-d82b-11e8-80bb-08002789bf51, archive=false, dateOutputArchive=0001-01-01T00:00:00Z, thisGroup=false, parent=78ddac09-ca67-11e5-826c-605718cb5baa, bic=046577459, swift=, name=ФИЛИАЛ "УРАЛЬСКИЙ" "УМ-БАНК" ООО, corrAccount=30101810165770000459, address=УЛ БЕЛИНСКОГО, 86, city=Г. ЕКАТЕРИНБУРГ, phones=(343)2871010,3452644, country=4e127564-d74f-4dd9-bced-0327f0f4e061, countryCode=643, activityDiscontinued=false}, {guid=979300b1-d82b-11e8-80bb-08002789bf51, archive=false, dateOutputArchive=0001-01-01T00:00:00Z, thisGroup=false, parent=78ddabe5-ca67-11e5-826c-605718cb5baa, bic=044525745, swift=VTBRRUM2MS3, name=ФИЛИАЛ № 7701 БАНКА ВТБ (ПАО), corrAccount=30101810345250000745, address=УЛ КУЗНЕЦКИЙ МОСТ, 17, СТР 1, city=Г. МОСКВА, phones=(495)9258000, country=4e127564-d74f-4dd9-bced-0327f0f4e061, countryCode=643, activityDiscontinued=false}, {guid=979300b2-d82b-11e8-80bb-08002789bf51, archive=false, dateOutputArchive=0001-01-01T00:00:00Z, thisGroup=false, parent=78ddabe9-ca67-11e5-826c-605718cb5baa, bic=042520842, swift=, name="Братский АНКБ" ПАО, corrAccount=30101810850042520842, address=УЛ. КОМСОМОЛЬСКАЯ, Д. 43, city=Г. БРАТСК, phones=, country=4e127564-d74f-4dd9-bced-0327f0f4e061, countryCode=643, activityDiscontinued=false}, {guid=979300b3-d82b-11e8-80bb-08002789bf51, archive=false, dateOutputArchive=0001-01-01T00:00:00Z, thisGroup=false, parent=78ddabe9-ca67-11e5-826c-605718cb5baa, bic=042520811, swift=, name=АО "ГРИНКОМБАНК", corrAccount=30101810950040000811, address=УЛ ФРАНК-КАМЕНЕЦКОГО, 8, city=Г. ИРКУТСК, phones=(3952)255196,240197, country=4e127564-d74f-4dd9-bced-0327f0f4e061, countryCode=643, activityDiscontinued=false}, {guid=979300b4-d82b-11e8-80bb-08002789bf51, archive=false, dateOutputArchive=0001-01-01T00:00:00Z, thisGroup=false, parent=78ddac9c-ca67-11e5-826c-605718cb5baa, bic=040407523, swift=, name=АО АИКБ "ЕНИСЕЙСКИЙ ОБЪЕДИНЕННЫЙ БАНК", corrAccount=30101810650040000523, address=УЛ КАРЛА МАРКСА, 62, city=Г. КРАСНОЯРСК, phones=(391)2770000, country=4e127564-d74f-4dd9-bced-0327f0f4e061, countryCode=643, activityDiscontinued=false}, {guid=979300b5-d82b-11e8-80bb-08002789bf51, archive=false, dateOutputArchive=0001-01-01T00:00:00Z, thisGroup=false, parent=e8b01830-ca8b-11e5-826c-605718cb5baa, bic=041403725, swift=, name=ООО "Осколбанк", corrAccount=30101810745250000725, address=Г. СТАРЫЙ ОСКОЛ, М-Н ОЛИМПИЙСК, city=Г. СТАРЫЙ ОСКОЛ, phones=, country=4e127564-d74f-4dd9-bced-0327f0f4e061, countryCode=643, activityDiscontinued=false}, {guid=979300b6-d82b-11e8-80bb-08002789bf51, archive=false, dateOutputArchive=0001-01-01T00:00:00Z, thisGroup=false, parent=78ddabe1-ca67-11e5-826c-605718cb5baa, bic=044030707, swift=VTBRRUM2SP3, name=ФИЛИАЛ № 7806 БАНКА ВТБ (ПАО), corrAccount=30101810240300000707, address=УЛ Б. МОРСКАЯ, 29 ЛИТ А, city=Г. САНКТ-ПЕТЕРБУРГ, phones=(812)3241214, country=4e127564-d74f-4dd9-bced-0327f0f4e061, countryCode=643, activityDiscontinued=false}, {guid=979300b7-d82b-11e8-80bb-08002789bf51, archive=false, dateOutputArchive=0001-01-01T00:00:00Z, thisGroup=false, parent=78ddac09-ca67-11e5-826c-605718cb5baa, bic=046577916, swift=, name=ФИЛИАЛ "НОВОУРАЛЬСКИЙ" ПАО КБ "УБРИР", corrAccount=30101810365770000916, address=УЛ ДЗЕРЖИНСКОГО, 16, city=Г. НОВОУРАЛЬСК, phones=(34370)25591, country=4e127564-d74f-4dd9-bced-0327f0f4e061, countryCode=643, activityDiscontinued=false}, {guid=78ddabd9-ca67-11e5-826c-605718cb5baa, archive=, dateOutputArchive=, thisGroup=true, parent=00000000-0000-0000-0000-000000000000, bic=90       , swift=, name=РЕСПУБЛИКА СЕВЕРНАЯ ОСЕТИЯ-АЛАНИЯ, corrAccount=, address=, city=, phones=, country=, countryCode=, activityDiscontinued=}, {guid=979300b8-d82b-11e8-80bb-08002789bf51, archive=false, dateOutputArchive=0001-01-01T00:00:00Z, thisGroup=false, parent=78ddabdf-ca67-11e5-826c-605718cb5baa, bic=049246691, swift=, name=АБ "ДЕВОН-КРЕДИТ" (ПАО), corrAccount=30101810722029246691, address=УЛ ЛЕНИНА, 77, city=Г. АЛЬМЕТЬЕВСК, phones=(8553)456777, country=4e127564-d74f-4dd9-bced-0327f0f4e061, countryCode=643, activityDiscontinued=false}, {guid=979300b9-d82b-11e8-80bb-08002789bf51, archive=false, dateOutputArchive=0001-01-01T00:00:00Z, thisGroup=false, parent=78ddabe5-ca67-11e5-826c-605718cb5baa, bic=044525806, swift=, name=ФИЛИАЛ "МОСКОВСКИЙ" КБ "СПУТНИК" (ПАО), corrAccount=30101810145250000806, address=ЛЯЛИН ПЕР, 19-1, city=Г. МОСКВА, phones=(495)5891084, country=4e127564-d74f-4dd9-bced-0327f0f4e061, countryCode=643, activityDiscontinued=false}, {guid=979300ba-d82b-11e8-80bb-08002789bf51, archive=false, dateOutputArchive=0001-01-01T00:00:00Z, thisGroup=false, parent=78ddaccd-ca67-11e5-826c-605718cb5baa, bic=045209702, swift=, name=АО "ИТ Банк", corrAccount=30101810750045209702, address=УЛ. ДУМСКАЯ, 7, city=Г. ОМСК, phones=, country=4e127564-d74f-4dd9-bced-0327f0f4e061, countryCode=643, activityDiscontinued=false}, {guid=979300bb-d82b-11e8-80bb-08002789bf51, archive=false, dateOutputArchive=0001-01-01T00:00:00Z, thisGroup=false, parent=78ddaccd-ca67-11e5-826c-605718cb5baa, bic=045209701, swift=, name=АО "Эксперт Банк", corrAccount=30101810450045209701, address=УЛ. МАРШАЛА ЖУКОВА, ДОМ 107, city=Г. ОМСК, phones=, country=4e127564-d74f-4dd9-bced-0327f0f4e061, countryCode=643, activityDiscontinued=false}, {guid=979300bc-d82b-11e8-80bb-08002789bf51, archive=false, dateOutputArchive=0001-01-01T00:00:00Z, thisGroup=false, parent=78ddac09-ca67-11e5-826c-605718cb5baa, bic=046577743, swift=, name=ФИЛИАЛ "ДЕЛО" ПАО "СКБ-БАНК", corrAccount=30101810965770000743, address=УЛ КУЙБЫШЕВА, 58, city=Г. ЕКАТЕРИНБУРГ, phones=(343)3557000, country=4e127564-d74f-4dd9-bced-0327f0f4e061, countryCode=643, activityDiscontinued=false}, {guid=979300bd-d82b-11e8-80bb-08002789bf51, archive=false, dateOutputArchive=0001-01-01T00:00:00Z, thisGroup=false, parent=78ddaccd-ca67-11e5-826c-605718cb5baa, bic=045209703, swift=, name=КУ АО "Мираф-Банк" - ГК "АСВ", corrAccount=30101810050045209703, address=УЛ. ФРУНЗЕ, Д.54, city=Г. ОМСК, phones=, country=4e127564-d74f-4dd9-bced-0327f0f4e061, countryCode=643, activityDiscontinued=false}, {guid=9d8e68cb-d82b-11e8-80bb-08002789bf51, archive=false, dateOutputArchive=0001-01-01T00:00:00Z, thisGroup=false, parent=78ddac21-ca67-11e5-826c-605718cb5baa, bic=042202761, swift=, name=Ф. АКБ "ФОРА-БАНК" (АО) В Г. НИЖНИЙ НОВГОРОД, corrAccount=30101810822020000761, address=УЛ КОВАЛИХИНСКАЯ, 8, city=Г. НИЖНИЙ НОВГОРОД, phones=(831)2161801,2161802, country=4e127564-d74f-4dd9-bced-0327f0f4e061, countryCode=643, activityDiscontinued=false}, {guid=9d8e68cc-d82b-11e8-80bb-08002789bf51, archive=false, dateOutputArchive=0001-01-01T00:00:00Z, thisGroup=false, parent=78ddac67-ca67-11e5-826c-605718cb5baa, bic=045773804, swift=, name=ФИЛИАЛ "ЛЫСЬВА" АО АКБ "АЛЕФ-БАНК", corrAccount=30101810965775700804, address=ПОЖАРСКОГО, Д.8, city=Г. ЛЫСЬВА, phones=, country=4e127564-d74f-4dd9-bced-0327f0f4e061, countryCode=643, activityDiscontinued=false}, {guid=9d8e68cd-d82b-11e8-80bb-08002789bf51, archive=false, dateOutputArchive=0001-01-01T00:00:00Z, thisGroup=false, parent=78ddac21-ca67-11e5-826c-605718cb5baa, bic=042202717, swift=, name=ФИЛИАЛ №10 ПАО КБ "ЦЕНТР-ИНВЕСТ", corrAccount=30101810122020000717, address=УЛ КОМИНТЕРНА, 139, city=Г. НИЖНИЙ НОВГОРОД, phones=(831)4391708, country=4e127564-d74f-4dd9-bced-0327f0f4e061, countryCode=643, activityDiscontinued=false}, {guid=9d8e68ce-d82b-11e8-80bb-08002789bf51, archive=false, dateOutputArchive=0001-01-01T00:00:00Z, thisGroup=false, parent=78ddac21-ca67-11e5-826c-605718cb5baa, bic=042202716, swift=, name=НИЖЕГОРОДСКИЙ Ф БАНКА"ВОЗРОЖДЕНИЕ"(ПАО), corrAccount=30101810822020000716, address=УЛ БЕЛИНСКОГО, 106 А, city=Г. НИЖНИЙ НОВГОРОД, phones=(831)2787662,2783935, country=4e127564-d74f-4dd9-bced-0327f0f4e061, countryCode=643, activityDiscontinued=false}, {guid=9d8e68cf-d82b-11e8-80bb-08002789bf51, archive=false, dateOutputArchive=0001-01-01T00:00:00Z, thisGroup=false, parent=78ddac21-ca67-11e5-826c-605718cb5baa, bic=042202712, swift=, name=НИЖЕГОРОДСКИЙ ФИЛИАЛ АКБ "ЛАНТА-БАНК" (АО), corrAccount=30101810622020000712, address=МЕЩЕРСКИЙ Б-Р, 3, К 1, city=Г. НИЖНИЙ НОВГОРОД, phones=(831)2208322,2208320, country=4e127564-d74f-4dd9-bced-0327f0f4e061, countryCode=643, activityDiscontinued=false}, {guid=9d8e68d0-d82b-11e8-80bb-08002789bf51, archive=false, dateOutputArchive=0001-01-01T00:00:00Z, thisGroup=false, parent=78ddac17-ca67-11e5-826c-605718cb5baa, bic=046015707, swift=, name=ВОЛГОДОНСКИЙ ф Банка "Возрождение" (ПАО), corrAccount=30101810060150000707, address=БУЛ. ВЕЛИКОЙ ПОБЕДЫ, ДОМ №38А, city=Г. ВОЛГОДОНСК, phones=, country=4e127564-d74f-4dd9-bced-0327f0f4e061, countryCode=643, activityDiscontinued=false}, {guid=9d8e68d1-d82b-11e8-80bb-08002789bf51, archive=false, dateOutputArchive=0001-01-01T00:00:00Z, thisGroup=false, parent=78ddac21-ca67-11e5-826c-605718cb5baa, bic=042202718, swift=, name=ПАО "САРОВБИЗНЕСБАНК", corrAccount=30101810422020000718, address=УЛ СИЛКИНА, 13, city=Г. САРОВ, phones=(831)4307478,(83130)33640, country=4e127564-d74f-4dd9-bced-0327f0f4e061, countryCode=643, activityDiscontinued=false}, {guid=9d8e68d2-d82b-11e8-80bb-08002789bf51, archive=false, dateOutputArchive=0001-01-01T00:00:00Z, thisGroup=false, parent=78ddac21-ca67-11e5-826c-605718cb5baa, bic=042202727, swift=, name=ПАО КОМБАНК "ХИМИК", corrAccount=30101810222020000727, address=УЛ УРИЦКОГО, 10 Б, city=Г. ДЗЕРЖИНСК, phones=(8313)261608,251126, country=4e127564-d74f-4dd9-bced-0327f0f4e061, countryCode=643, activityDiscontinued=false}, {guid=9d8e68d3-d82b-11e8-80bb-08002789bf51, archive=false, dateOutputArchive=0001-01-01T00:00:00Z, thisGroup=false, parent=78ddabe5-ca67-11e5-826c-605718cb5baa, bic=044525420, swift=, name=Ф РОКЕТБАНК КИВИ БАНК (АО), corrAccount=30101810945250000420, address=УЛ ПАЛИХА, 10, СТР 5, city=Г. МОСКВА, phones=(495)2313645, country=4e127564-d74f-4dd9-bced-0327f0f4e061, countryCode=643, activityDiscontinued=false}, {guid=78ddabda-ca67-11e5-826c-605718cb5baa, archive=false, dateOutputArchive=0001-01-01T00:00:00Z, thisGroup=false, parent=78ddabd9-ca67-11e5-826c-605718cb5baa, bic=049033736, swift=, name=СКФ ПАО АКБ "ИРОНБАНК", corrAccount=30101810800000000736, address=, city=Г. ВЛАДИКАВКАЗ, phones=, country=00000000-0000-0000-0000-000000000000, countryCode=, activityDiscontinued=true}, {guid=9d8e68d4-d82b-11e8-80bb-08002789bf51, archive=false, dateOutputArchive=0001-01-01T00:00:00Z, thisGroup=false, parent=78ddac21-ca67-11e5-826c-605718cb5baa, bic=042202731, swift=, name=АО КОМБАНК "АРЗАМАС", corrAccount=30101810522020000731, address=УЛ КИРОВА, 33, city=Г. АРЗАМАС, phones=(83147)70224,70177, country=4e127564-d74f-4dd9-bced-0327f0f4e061, countryCode=643, activityDiscontinued=false}, {guid=9d8e68d5-d82b-11e8-80bb-08002789bf51, archive=false, dateOutputArchive=0001-01-01T00:00:00Z, thisGroup=false, parent=78ddabe5-ca67-11e5-826c-605718cb5baa, bic=044525864, swift=, name=МОСКОВСКИЙ ФИЛИАЛ АО АКБ "ГАЗБАНК", corrAccount=30101810145250000864, address=УЛ БРЯНСКАЯ, 5, city=Г. МОСКВА, phones=(495)3639438, country=4e127564-d74f-4dd9-bced-0327f0f4e061, countryCode=643, activityDiscontinued=true}, {guid=9d8e68d6-d82b-11e8-80bb-08002789bf51, archive=false, dateOutputArchive=0001-01-01T00:00:00Z, thisGroup=false, parent=78ddabe5-ca67-11e5-826c-605718cb5baa, bic=044525797, swift=, name=Ф ТОЧКА БАНК КИВИ БАНК (АО), corrAccount=30101810445250000797, address=УЛ СПИРИДОНОВКА, 4, СТР 2, city=Г. МОСКВА, phones=(495)2313645, country=4e127564-d74f-4dd9-bced-0327f0f4e061, countryCode=643, activityDiscontinued=false}, {guid=9d8e68d7-d82b-11e8-80bb-08002789bf51, archive=false, dateOutputArchive=0001-01-01T00:00:00Z, thisGroup=false, parent=78ddac9c-ca67-11e5-826c-605718cb5baa, bic=040407404, swift=, name=ФПАО "ДАЛЬНЕВОСТОЧНЫЙ БАНК" "КРАСНОЯРСКИЙ", corrAccount=30101810850040000404, address=УЛ МОЛОКОВА, 1, К 4, city=Г. КРАСНОЯРСК, phones=(391)2773071, country=4e127564-d74f-4dd9-bced-0327f0f4e061, countryCode=643, activityDiscontinued=false}, {guid=9d8e68d8-d82b-11e8-80bb-08002789bf51, archive=false, dateOutputArchive=0001-01-01T00:00:00Z, thisGroup=false, parent=78ddad0a-ca67-11e5-826c-605718cb5baa, bic=047144778, swift=, name=СФ АО БАНК "СНГБ", corrAccount=30101810165777100778, address=УЛ ГУБКИНА, 15 А, city=Г. СУРГУТ, phones=(3462)398700, country=4e127564-d74f-4dd9-bced-0327f0f4e061, countryCode=643, activityDiscontinued=false}, {guid=9d8e68d9-d82b-11e8-80bb-08002789bf51, archive=false, dateOutputArchive=0001-01-01T00:00:00Z, thisGroup=false, parent=78ddabf2-ca67-11e5-826c-605718cb5baa, bic=043601968, swift=VTBRRUM2SA3, name=ФИЛИАЛ № 6318 БАНКА ВТБ (ПАО), corrAccount=30101810422023601968, address=УЛ МОЛОДОГВАРДЕЙСКАЯ, 204, city=Г. САМАРА, phones=(846)2696824,2696834, country=4e127564-d74f-4dd9-bced-0327f0f4e061, countryCode=643, activityDiscontinued=false}, {guid=9d8e68da-d82b-11e8-80bb-08002789bf51, archive=false, dateOutputArchive=0001-01-01T00:00:00Z, thisGroup=false, parent=78ddabf2-ca67-11e5-826c-605718cb5baa, bic=043601975, swift=, name=ООО "РУСФИНАНС БАНК", corrAccount=30101810622023601975, address=УЛ ЧЕРНОРЕЧЕНСКАЯ, 42 А, city=Г. САМАРА, phones=(846)2696911,2694411, country=4e127564-d74f-4dd9-bced-0327f0f4e061, countryCode=643, activityDiscontinued=false}, {guid=9d8e68db-d82b-11e8-80bb-08002789bf51, archive=false, dateOutputArchive=0001-01-01T00:00:00Z, thisGroup=false, parent=78ddabf7-ca67-11e5-826c-605718cb5baa, bic=045354880, swift=, name=ГК "АСВ" - КУ АО "НСТ-БАНК", corrAccount=30101810265775300880, address=ВИЛОНОВСКАЯ УЛ, 138, city=Г. САМАРА, phones=, country=4e127564-d74f-4dd9-bced-0327f0f4e061, countryCode=643, activityDiscontinued=false}, {guid=9d8e68dc-d82b-11e8-80bb-08002789bf51, archive=false, dateOutputArchive=0001-01-01T00:00:00Z, thisGroup=false, parent=78ddabe7-ca67-11e5-826c-605718cb5baa, bic=040507595, swift=, name=АО "СОЛИД БАНК", corrAccount=30101810205070000595, address=УЛ АДМИРАЛА ФОКИНА, 25, city=Г. ВЛАДИВОСТОК, phones=(423)2265722,(423)2469293, country=4e127564-d74f-4dd9-bced-0327f0f4e061, countryCode=643, activityDiscontinued=false}, {guid=9d8e68dd-d82b-11e8-80bb-08002789bf51, archive=false, dateOutputArchive=0001-01-01T00:00:00Z, thisGroup=false, parent=78ddabe1-ca67-11e5-826c-605718cb5baa, bic=044030830, swift=, name=СПБ. Ф. АО БАНК "НАЦИОНАЛЬНЫЙ СТАНДАРТ", corrAccount=30101810340300000830, address=УЛ. ЧАЙКОВСКОГО, Д. 39, ЛИТ А, city=Г. САНКТ-ПЕТЕРБУРГ, phones=(812)4493155, country=4e127564-d74f-4dd9-bced-0327f0f4e061, countryCode=643, activityDiscontinued=false}, {guid=9d8e68de-d82b-11e8-80bb-08002789bf51, archive=false, dateOutputArchive=0001-01-01T00:00:00Z, thisGroup=false, parent=78ddabeb-ca67-11e5-826c-605718cb5baa, bic=040708735, swift=, name=ФИЛИАЛ В Г. ЕССЕНТУКИ АКБ "ЛАНТА-БАНК" (АО), corrAccount=30101810007080000735, address=УЛ СОВЕТСКАЯ, 20 Б, city=Г. ЕССЕНТУКИ, phones=(87934)54547,54371, country=4e127564-d74f-4dd9-bced-0327f0f4e061, countryCode=643, activityDiscontinued=false}, {guid=9d8e68df-d82b-11e8-80bb-08002789bf51, archive=false, dateOutputArchive=0001-01-01T00:00:00Z, thisGroup=false, parent=78ddac72-ca67-11e5-826c-605718cb5baa, bic=041806745, swift=, name=Урюпинский филиал ПАО КБ "Сельмашбанк", corrAccount=30101810518060000745, address=УЛ. ШТЕМЕНКО, 47/3, city=Г. УРЮПИНСК, phones=, country=4e127564-d74f-4dd9-bced-0327f0f4e061, countryCode=643, activityDiscontinued=false}, {guid=9d8e68e0-d82b-11e8-80bb-08002789bf51, archive=false, dateOutputArchive=0001-01-01T00:00:00Z, thisGroup=false, parent=78ddac72-ca67-11e5-826c-605718cb5baa, bic=041806730, swift=, name=Ликвидатор АО КБ "Михайловский ПЖСБ", corrAccount=30101810918060000730, address=УЛИЦА ОБОРОНЫ, 44 "А", city=Г. МИХАЙЛОВКА, phones=, country=4e127564-d74f-4dd9-bced-0327f0f4e061, countryCode=643, activityDiscontinued=false}, {guid=9d8e68e1-d82b-11e8-80bb-08002789bf51, archive=false, dateOutputArchive=0001-01-01T00:00:00Z, thisGroup=false, parent=78ddabe5-ca67-11e5-826c-605718cb5baa, bic=044525941, swift=, name="УМ-БАНК" ООО, corrAccount=30101810945250000941, address=УЛ Б. ОРДЫНКА, 59, СТР 2, city=Г. МОСКВА, phones=(495)2123020, country=4e127564-d74f-4dd9-bced-0327f0f4e061, countryCode=643, activityDiscontinued=false}, {guid=9d8e68e2-d82b-11e8-80bb-08002789bf51, archive=false, dateOutputArchive=0001-01-01T00:00:00Z, thisGroup=false, parent=78ddac72-ca67-11e5-826c-605718cb5baa, bic=041806717, swift=, name=ЮЖНЫЙ ФИЛИАЛ АО БАНК "НАЦИОНАЛЬНЫЙ СТАНДАРТ", corrAccount=30101810818060000717, address=УЛ ИМ. ГАГАРИНА, 7, city=Г. ВОЛГОГРАД, phones=(8442)995000, country=4e127564-d74f-4dd9-bced-0327f0f4e061, countryCode=643, activityDiscontinued=true}, {guid=78ddabdb-ca67-11e5-826c-605718cb5baa, archive=, dateOutputArchive=, thisGroup=true, parent=00000000-0000-0000-0000-000000000000, bic=32       , swift=, name=КЕМЕРОВСКАЯ ОБЛАСТЬ, corrAccount=, address=, city=, phones=, country=, countryCode=, activityDiscontinued=}, {guid=a38a1a95-d82b-11e8-80bb-08002789bf51, archive=false, dateOutputArchive=0001-01-01T00:00:00Z, thisGroup=false, parent=78ddac17-ca67-11e5-826c-605718cb5baa, bic=046015846, swift=, name=КУ ОАО КБ "МАКСИМУМ" - ГК "АСВ", corrAccount=30101810060150000846, address=УЛ. ВЫСОЦКОГО, Д.4, city=Г. МОСКВА, phones=, country=4e127564-d74f-4dd9-bced-0327f0f4e061, countryCode=643, activityDiscontinued=false}, {guid=a38a1a96-d82b-11e8-80bb-08002789bf51, archive=false, dateOutputArchive=0001-01-01T00:00:00Z, thisGroup=false, parent=78ddac14-ca67-11e5-826c-605718cb5baa, bic=047601205, swift=, name=ООО КБ "ЦЕНТРАЛЬНО-ЕВРОПЕЙСКИЙ БАНК", corrAccount=30101810950040000205, address=УЛ БАБУШКИНА, 108, city=Г. ЧИТА, phones=(3022)211502, country=4e127564-d74f-4dd9-bced-0327f0f4e061, countryCode=643, activityDiscontinued=false}, {guid=78ddabf7-ca67-11e5-826c-605718cb5baa, archive=, dateOutputArchive=, thisGroup=true, parent=00000000-0000-0000-0000-000000000000, bic=53       , swift=, name=ОРЕНБУРГСКАЯ ОБЛАСТЬ, corrAccount=, address=, city=, phones=, country=, countryCode=, activityDiscontinued=}, {guid=a38a1a97-d82b-11e8-80bb-08002789bf51, archive=false, dateOutputArchive=0001-01-01T00:00:00Z, thisGroup=false, parent=78ddac17-ca67-11e5-826c-605718cb5baa, bic=046015835, swift=, name=КУ ООО "РУССКИЙ НАЦИОНАЛЬНЫЙ БАНК" - ГК "АСВ", corrAccount=30101810660150000835, address=УЛ ВЫСОЦКОГО, 4 ТЕЛ.(495)96125, city=Г. МОСКВА, phones=(863)2999413,2999418, country=4e127564-d74f-4dd9-bced-0327f0f4e061, countryCode=643, activityDiscontinued=false}, {guid=a38a1a98-d82b-11e8-80bb-08002789bf51, archive=false, dateOutputArchive=0001-01-01T00:00:00Z, thisGroup=false, parent=78ddabe5-ca67-11e5-826c-605718cb5baa, bic=044525535, swift=, name=КУ АБ "АЛДАНЗОЛОТОБАНК" АО - ГК "АСВ", corrAccount=30101810445250000535, address=УЛ. ВЫСОЦКОГО, Д. 4, city=Г. МОСКВА, phones=, country=4e127564-d74f-4dd9-bced-0327f0f4e061, countryCode=643, activityDiscontinued=false}, {guid=a38a1a99-d82b-11e8-80bb-08002789bf51, archive=false, dateOutputArchive=0001-01-01T00:00:00Z, thisGroup=false, parent=78ddac21-ca67-11e5-826c-605718cb5baa, bic=042202812, swift=, name=ВЫКСУНСКИЙ Ф-Л ПАО АКБ "МЕТАЛЛИНВЕСТБАНК", corrAccount=30101810522020000812, address=ПЛ ОКТЯБРЬСКОЙ РЕВОЛЮЦИИ, 48, city=Г. ВЫКСА, phones=(83177)35825,31157, country=4e127564-d74f-4dd9-bced-0327f0f4e061, countryCode=643, activityDiscontinued=false}, {guid=a38a1a9a-d82b-11e8-80bb-08002789bf51, archive=false, dateOutputArchive=0001-01-01T00:00:00Z, thisGroup=false, parent=78ddac07-ca67-11e5-826c-605718cb5baa, bic=045004893, swift=, name=НОВОСИБИРСКИЙ Ф-Л НКО "ИНКАХРАН"(АО), corrAccount=30103810950040000893, address=УЛ 2-Я СОЮЗА МОЛОДЕЖИ, 31, city=Г. НОВОСИБИРСК, phones=(383)2260797,2269768, country=4e127564-d74f-4dd9-bced-0327f0f4e061, countryCode=643, activityDiscontinued=false}, {guid=a38a1a9b-d82b-11e8-80bb-08002789bf51, archive=false, dateOutputArchive=0001-01-01T00:00:00Z, thisGroup=false, parent=78ddac07-ca67-11e5-826c-605718cb5baa, bic=045004883, swift=, name=СИБИРСКИЙ ФИЛИАЛ АО "БАНК ИНТЕЗА", corrAccount=30101810250040000883, address=УЛ ОКТЯБРЬСКАЯ, 49, city=Г. НОВОСИБИРСК, phones=(383)2278193, country=4e127564-d74f-4dd9-bced-0327f0f4e061, countryCode=643, activityDiscontinued=false}, {guid=a38a1a9c-d82b-11e8-80bb-08002789bf51, archive=false, dateOutputArchive=0001-01-01T00:00:00Z, thisGroup=false, parent=78ddac07-ca67-11e5-826c-605718cb5baa, bic=045004876, swift=, name=НОВОСИБИРСКИЙ ФИЛИАЛ ПАО "МТС-БАНК", corrAccount=30101810050040000876, address=УЛ. НИЖЕГОРОДСКАЯ, 4, city=Г. НОВОСИБИРСК, phones=(383)3251781, country=4e127564-d74f-4dd9-bced-0327f0f4e061, countryCode=643, activityDiscontinued=false}, {guid=a38a1a9d-d82b-11e8-80bb-08002789bf51, archive=false, dateOutputArchive=0001-01-01T00:00:00Z, thisGroup=false, parent=78ddac07-ca67-11e5-826c-605718cb5baa, bic=045004861, swift=, name=ФИЛИАЛ ООО "ЭКСПОБАНК" В Г.НОВОСИБИРСКЕ, corrAccount=30101810450040000861, address=КРАСНЫЙ ПР-Т, 25, city=Г. НОВОСИБИРСК, phones=(383)2105207, country=4e127564-d74f-4dd9-bced-0327f0f4e061, countryCode=643, activityDiscontinued=false}, {guid=a38a1a9e-d82b-11e8-80bb-08002789bf51, archive=false, dateOutputArchive=0001-01-01T00:00:00Z, thisGroup=false, parent=78ddac07-ca67-11e5-826c-605718cb5baa, bic=045004864, swift=, name=СИБИРСКИЙ ФИЛИАЛ АО КБ "МОДУЛЬБАНК", corrAccount=30101810350040000864, address=УЛ ПЛАНЕТНАЯ, 30, city=Г. НОВОСИБИРСК, phones=(383)3250606,3251575, country=4e127564-d74f-4dd9-bced-0327f0f4e061, countryCode=643, activityDiscontinued=false}, {guid=a38a1a9f-d82b-11e8-80bb-08002789bf51, archive=false, dateOutputArchive=0001-01-01T00:00:00Z, thisGroup=false, parent=78ddabf2-ca67-11e5-826c-605718cb5baa, bic=043601875, swift=, name=САМАРСКИЙ ФИЛИАЛ ТКБ БАНК ПАО, corrAccount=30101810722023601875, address=УЛ СТАРА ЗАГОРА, 52, city=Г. САМАРА, phones=(846)9338233,2280135, country=4e127564-d74f-4dd9-bced-0327f0f4e061, countryCode=643, activityDiscontinued=false}, {guid=a38a1aa0-d82b-11e8-80bb-08002789bf51, archive=false, dateOutputArchive=0001-01-01T00:00:00Z, thisGroup=false, parent=78ddabf2-ca67-11e5-826c-605718cb5baa, bic=043601845, swift=, name=САМАРСКИЙ ФИЛИАЛ БАНКА СОЮЗ (АО), corrAccount=30101810422023601845, address=УЛ КРАСНОАРМЕЙСКАЯ, 75, city=Г. САМАРА, phones=(846)2311251,2311259, country=4e127564-d74f-4dd9-bced-0327f0f4e061, countryCode=643, activityDiscontinued=false}, {guid=a38a1aa1-d82b-11e8-80bb-08002789bf51, archive=false, dateOutputArchive=0001-01-01T00:00:00Z, thisGroup=false, parent=78ddabf2-ca67-11e5-826c-605718cb5baa, bic=043601842, swift=, name=АО КБ "НИБ", corrAccount=30101810522023601842, address=УЛ ФРУНЗЕ, 102, city=Г. САМАРА, phones=(846)3425750,3425751, country=4e127564-d74f-4dd9-bced-0327f0f4e061, countryCode=643, activityDiscontinued=false}, {guid=a38a1aa2-d82b-11e8-80bb-08002789bf51, archive=false, dateOutputArchive=0001-01-01T00:00:00Z, thisGroup=false, parent=78ddac2f-ca67-11e5-826c-605718cb5baa, bic=040813708, swift=, name=ХАБАРОВСКИЙ ФИЛИАЛ ТКБ БАНК ПАО, corrAccount=30101810108130000708, address=УЛ КОМСОМОЛЬСКАЯ, 102, city=Г. ХАБАРОВСК, phones=(4212)910702, country=4e127564-d74f-4dd9-bced-0327f0f4e061, countryCode=643, activityDiscontinued=false}, {guid=78ddac1c-ca67-11e5-826c-605718cb5baa, archive=false, dateOutputArchive=0001-01-01T00:00:00Z, thisGroup=false, parent=78ddabe5-ca67-11e5-826c-605718cb5baa, bic=044525150, swift=, name=ФИЛИАЛ "МОСКОВСКИЙ" АО "ФИА-БАНК", corrAccount=30101810545250000150, address=, city=Г. МОСКВА, phones=, country=00000000-0000-0000-0000-000000000000, countryCode=, activityDiscontinued=true}, {guid=a38a1aa3-d82b-11e8-80bb-08002789bf51, archive=false, dateOutputArchive=0001-01-01T00:00:00Z, thisGroup=false, parent=78ddac2f-ca67-11e5-826c-605718cb5baa, bic=040813713, swift=VTBRRUM2KH3, name=ФИЛИАЛ № 2754 БАНКА ВТБ (ПАО), corrAccount=30101810708130000713, address=УЛ МУРАВЬЁВА-АМУРСКОГО, 18, city=Г. ХАБАРОВСК, phones=(4212)455455, country=4e127564-d74f-4dd9-bced-0327f0f4e061, countryCode=643, activityDiscontinued=false}, {guid=a38a1aa4-d82b-11e8-80bb-08002789bf51, archive=false, dateOutputArchive=0001-01-01T00:00:00Z, thisGroup=false, parent=78ddac09-ca67-11e5-826c-605718cb5baa, bic=046577501, swift=VTBRRUM2EK3, name=ФИЛИАЛ № 6602 БАНКА ВТБ (ПАО), corrAccount=30101810165770000501, address=ПР-Т ЛЕНИНА, 27, city=Г. ЕКАТЕРИНБУРГ, phones=(343)3862400, country=4e127564-d74f-4dd9-bced-0327f0f4e061, countryCode=643, activityDiscontinued=false}, {guid=a38a1aa5-d82b-11e8-80bb-08002789bf51, archive=false, dateOutputArchive=0001-01-01T00:00:00Z, thisGroup=false, parent=78ddac09-ca67-11e5-826c-605718cb5baa, bic=046577507, swift=, name=ЕКАТЕРИНБУРГСКИЙ ФИЛИАЛ АБ "РОССИЯ", corrAccount=30101810965770000507, address=УЛ МАМИНА-СИБИРЯКА, 145, city=Г. ЕКАТЕРИНБУРГ, phones=(343)2863760, country=4e127564-d74f-4dd9-bced-0327f0f4e061, countryCode=643, activityDiscontinued=false}, {guid=a38a1aa6-d82b-11e8-80bb-08002789bf51, archive=false, dateOutputArchive=0001-01-01T00:00:00Z, thisGroup=false, parent=78ddabf2-ca67-11e5-826c-605718cb5baa, bic=043601811, swift=, name=ООО "ЗЕМСКИЙ БАНК", corrAccount=30101810922023601811, address=УЛ УЛЬЯНОВСКАЯ, 79, city=Г. СЫЗРАНЬ, phones=(8464)985454, country=4e127564-d74f-4dd9-bced-0327f0f4e061, countryCode=643, activityDiscontinued=false}, {guid=a38a1aa7-d82b-11e8-80bb-08002789bf51, archive=false, dateOutputArchive=0001-01-01T00:00:00Z, thisGroup=false, parent=78ddabfd-ca67-11e5-826c-605718cb5baa, bic=046311890, swift=, name=АО "БАЛАКОВО-БАНК", corrAccount=30101810022026311890, address=УЛ ФАКЕЛ СОЦИАЛИЗМА, 21, city=Г. БАЛАКОВО, phones=(8453)444166,447007, country=4e127564-d74f-4dd9-bced-0327f0f4e061, countryCode=643, activityDiscontinued=false}, {guid=a38a1aa8-d82b-11e8-80bb-08002789bf51, archive=false, dateOutputArchive=0001-01-01T00:00:00Z, thisGroup=false, parent=78ddabe5-ca67-11e5-826c-605718cb5baa, bic=044525641, swift=, name=ФИЛИАЛ 1 ООО КБ "ЦЕНТРАЛЬНО-ЕВРОПЕЙСКИЙ БАНК", corrAccount=30101810245250000641, address=ПРОЕКТ-Й 4062Й ПР-Д, 6, СТР 16, city=Г. МОСКВА, phones=(495)6625665, country=4e127564-d74f-4dd9-bced-0327f0f4e061, countryCode=643, activityDiscontinued=false}, {guid=a38a1aa9-d82b-11e8-80bb-08002789bf51, archive=false, dateOutputArchive=0001-01-01T00:00:00Z, thisGroup=false, parent=78ddac17-ca67-11e5-826c-605718cb5baa, bic=046015946, swift=, name=ПАО "ТАГАНРОГБАНК", corrAccount=30101810960150000946, address=УЛ. ГРЕЧЕСКАЯ, 71 ТЕЛ.(8634)31, city=Г. ТАГАНРОГ, phones=, country=4e127564-d74f-4dd9-bced-0327f0f4e061, countryCode=643, activityDiscontinued=false}, {guid=a38a1aaa-d82b-11e8-80bb-08002789bf51, archive=false, dateOutputArchive=0001-01-01T00:00:00Z, thisGroup=false, parent=78ddabe5-ca67-11e5-826c-605718cb5baa, bic=044525646, swift=, name=НКО НКЦ (АО), corrAccount=30103810345250000646, address=Б. КИСЛОВСКИЙ ПЕР, 13, city=Г. МОСКВА, phones=(495)7829794, country=4e127564-d74f-4dd9-bced-0327f0f4e061, countryCode=643, activityDiscontinued=false}, {guid=a38a1aab-d82b-11e8-80bb-08002789bf51, archive=false, dateOutputArchive=0001-01-01T00:00:00Z, thisGroup=false, parent=78ddac07-ca67-11e5-826c-605718cb5baa, bic=045004841, swift=, name=НОВОСИБИРСКИЙ ФИЛИАЛ ТКБ БАНК ПАО, corrAccount=30101810250040000841, address=УЛ КОММУНИСТИЧЕСКАЯ, 35, city=Г. НОВОСИБИРСК, phones=(383)3252500,3252660, country=4e127564-d74f-4dd9-bced-0327f0f4e061, countryCode=643, activityDiscontinued=false}, {guid=a38a1aac-d82b-11e8-80bb-08002789bf51, archive=false, dateOutputArchive=0001-01-01T00:00:00Z, thisGroup=false, parent=78ddac07-ca67-11e5-826c-605718cb5baa, bic=045004846, swift=, name=Ф-Л "НОВОСИБИРСК" АКБ "РОСЕВРОБАНК" (АО), corrAccount=30101810750040000846, address=УЛ ФРУНЗЕ, 5, city=Г. НОВОСИБИРСК, phones=(383)2020750, country=4e127564-d74f-4dd9-bced-0327f0f4e061, countryCode=643, activityDiscontinued=false}, {guid=a38a1aad-d82b-11e8-80bb-08002789bf51, archive=false, dateOutputArchive=0001-01-01T00:00:00Z, thisGroup=false, parent=78ddac07-ca67-11e5-826c-605718cb5baa, bic=045004845, swift=, name=ФИЛИАЛ "НОВОСИБИРСКИЙ" ПАО КБ "УБРИР", corrAccount=30101810450040000845, address=УЛ ВОКЗАЛЬНАЯ МАГИСТРАЛЬ, 1, city=Г. НОВОСИБИРСК, phones=(383)2201141,2201181, country=4e127564-d74f-4dd9-bced-0327f0f4e061, countryCode=643, activityDiscontinued=false}, {guid=a38a1aae-d82b-11e8-80bb-08002789bf51, archive=false, dateOutputArchive=0001-01-01T00:00:00Z, thisGroup=false, parent=78ddac07-ca67-11e5-826c-605718cb5baa, bic=045004833, swift=, name=НОВОСИБИРСКИЙ ФИЛИАЛ ООО "БАНК БКФ", corrAccount=30101810750040000833, address=ПР-Т ДИМИТРОВА, 4/1, city=Г. НОВОСИБИРСК, phones=(383)3191118,3191116, country=4e127564-d74f-4dd9-bced-0327f0f4e061, countryCode=643, activityDiscontinued=false}, {guid=aaaf21b4-d82b-11e8-80bb-08002789bf51, archive=false, dateOutputArchive=0001-01-01T00:00:00Z, thisGroup=false, parent=78ddac07-ca67-11e5-826c-605718cb5baa, bic=045004818, swift=, name=НОВОСИБИРСКИЙ ФИЛИАЛ АО ЮНИКРЕДИТ БАНКА, corrAccount=30101810050040000818, address=УЛ МАКСИМА ГОРЬКОГО, 53, city=Г. НОВОСИБИРСК, phones=(383)2300163, country=4e127564-d74f-4dd9-bced-0327f0f4e061, countryCode=643, activityDiscontinued=false}, {guid=aaaf21b5-d82b-11e8-80bb-08002789bf51, archive=false, dateOutputArchive=0001-01-01T00:00:00Z, thisGroup=false, parent=78ddabeb-ca67-11e5-826c-605718cb5baa, bic=040715725, swift=, name=ООО "РУСБС", corrAccount=30101810107150000725, address=УЛ ГАГАРИНА, 148, city=СТ-ЦА ЕССЕНТУКСКАЯ, phones=(87961)51171,24177,50987, country=4e127564-d74f-4dd9-bced-0327f0f4e061, countryCode=643, activityDiscontinued=false}, {guid=aaaf21b6-d82b-11e8-80bb-08002789bf51, archive=false, dateOutputArchive=0001-01-01T00:00:00Z, thisGroup=false, parent=78ddac0f-ca67-11e5-826c-605718cb5baa, bic=040349789, swift=, name=ООО КБ "ГТ БАНК", corrAccount=30101810303490000789, address=УЛ СЕВЕРНАЯ, 321, city=Г. КРАСНОДАР, phones=(861)2790305,2791744, country=4e127564-d74f-4dd9-bced-0327f0f4e061, countryCode=643, activityDiscontinued=false}, {guid=aaaf21b7-d82b-11e8-80bb-08002789bf51, archive=false, dateOutputArchive=0001-01-01T00:00:00Z, thisGroup=false, parent=78ddac00-ca67-11e5-826c-605718cb5baa, bic=048209848, swift=, name=КУ ООО КБ "ПРЕСТИЖКРЕДИТБАНК" ГК "АСВ", corrAccount=30101810282090000848, address=УЛ КАММАЕВА, 19, К "Ж", city=Г. МАХАЧКАЛА, phones=(8722)561920,561921, country=4e127564-d74f-4dd9-bced-0327f0f4e061, countryCode=643, activityDiscontinued=false}, {guid=aaaf21b8-d82b-11e8-80bb-08002789bf51, archive=false, dateOutputArchive=0001-01-01T00:00:00Z, thisGroup=false, parent=78ddac98-ca67-11e5-826c-605718cb5baa, bic=041117785, swift=, name=Ф-л "Космодром-Плесецк" АО "ФОНДСЕРВИСБАНК", corrAccount=30101810540300011785, address=УЛ. ПУШКИНА, Д. 3, city=Г. МИРНЫЙ, phones=, country=4e127564-d74f-4dd9-bced-0327f0f4e061, countryCode=643, activityDiscontinued=false}, {guid=aaaf21b9-d82b-11e8-80bb-08002789bf51, archive=false, dateOutputArchive=0001-01-01T00:00:00Z, thisGroup=false, parent=78ddac34-ca67-11e5-826c-605718cb5baa, bic=046489002, swift=, name=ПУ БАНКА РОССИИ ОХОТСКОЕ, corrAccount=, address=УЛ ГНЕЧКО, 1, city=ПГТ ЮЖНО-КУРИЛЬСК, phones=, country=4e127564-d74f-4dd9-bced-0327f0f4e061, countryCode=643, activityDiscontinued=false}, {guid=78ddac57-ca67-11e5-826c-605718cb5baa, archive=, dateOutputArchive=, thisGroup=true, parent=00000000-0000-0000-0000-000000000000, bic=27       , swift=, name=КАЛИНИНГРАДСКАЯ ОБЛАСТЬ, corrAccount=, address=, city=, phones=, country=, countryCode=, activityDiscontinued=}, {guid=aaaf21ba-d82b-11e8-80bb-08002789bf51, archive=false, dateOutputArchive=0001-01-01T00:00:00Z, thisGroup=false, parent=78ddabfd-ca67-11e5-826c-605718cb5baa, bic=046311926, swift=, name=АО РНКО "СИНЕРГИЯ", corrAccount=30103810622026311926, address=Г. САРАТОВ, УЛ. РАБОЧАЯ, 27, city=Г. САРАТОВ, phones=, country=4e127564-d74f-4dd9-bced-0327f0f4e061, countryCode=643, activityDiscontinued=false}, {guid=aaaf21bb-d82b-11e8-80bb-08002789bf51, archive=false, dateOutputArchive=0001-01-01T00:00:00Z, thisGroup=false, parent=78ddac0f-ca67-11e5-826c-605718cb5baa, bic=040349744, swift=, name=КРАСНОДАРСКИЙ ФИЛИАЛ ПАО РОСБАНК, corrAccount=30101810403490000744, address=УЛ ОЛИМПИЙСКАЯ, 8, city=Г. КРАСНОДАР, phones=(861)2739730,2739731, country=4e127564-d74f-4dd9-bced-0327f0f4e061, countryCode=643, activityDiscontinued=false}, {guid=aaaf21bc-d82b-11e8-80bb-08002789bf51, archive=false, dateOutputArchive=0001-01-01T00:00:00Z, thisGroup=false, parent=78ddac07-ca67-11e5-826c-605718cb5baa, bic=045004796, swift=, name=ФИЛИАЛ "НОВОСИБИРСК" КБ "ЛОКО-БАНК" (АО), corrAccount=30101810350040000796, address=УЛ ЛЕНИНА, 52, city=Г. НОВОСИБИРСК, phones=(383)2380740,2380750, country=4e127564-d74f-4dd9-bced-0327f0f4e061, countryCode=643, activityDiscontinued=false}, {guid=aaaf21bd-d82b-11e8-80bb-08002789bf51, archive=false, dateOutputArchive=0001-01-01T00:00:00Z, thisGroup=false, parent=78ddac17-ca67-11e5-826c-605718cb5baa, bic=046015080, swift=, name=РОСТОВСКИЙ ФИЛИАЛ ПАО "РГС БАНК", corrAccount=30101810460150000080, address=УЛ ГОРОДА ВОЛОС, 11/81-83/34, city=Г. РОСТОВ-НА-ДОНУ, phones=(863)2370660, country=4e127564-d74f-4dd9-bced-0327f0f4e061, countryCode=643, activityDiscontinued=false}, {guid=aaaf21be-d82b-11e8-80bb-08002789bf51, archive=false, dateOutputArchive=0001-01-01T00:00:00Z, thisGroup=false, parent=78ddac07-ca67-11e5-826c-605718cb5baa, bic=045004785, swift=, name=НОВОСИБИРСКИЙ Ф-Л ПАО АКБ "МЕТАЛЛИНВЕСТБАНК", corrAccount=30101810950040000785, address=УЛ СОВЕТСКАЯ, 8, city=Г. НОВОСИБИРСК, phones=(383)2091447,2091446, country=4e127564-d74f-4dd9-bced-0327f0f4e061, countryCode=643, activityDiscontinued=false}, {guid=aaaf21bf-d82b-11e8-80bb-08002789bf51, archive=false, dateOutputArchive=0001-01-01T00:00:00Z, thisGroup=false, parent=78ddac17-ca67-11e5-826c-605718cb5baa, bic=046015081, swift=, name=РОСТОВСКИЙ ФИЛИАЛ АО ЮНИКРЕДИТ БАНКА, corrAccount=30101810760150000081, address=УЛ СОЦИАЛИСТИЧЕСКАЯ, 58/51, city=Г. РОСТОВ-НА-ДОНУ, phones=(863)2630900,2630906, country=4e127564-d74f-4dd9-bced-0327f0f4e061, countryCode=643, activityDiscontinued=false}, {guid=aaaf21c0-d82b-11e8-80bb-08002789bf51, archive=false, dateOutputArchive=0001-01-01T00:00:00Z, thisGroup=false, parent=78ddac07-ca67-11e5-826c-605718cb5baa, bic=045004789, swift=, name=ФИЛИАЛ БАНКА МБСП (АО) В НОВОСИБИРСКЕ, corrAccount=30101810150040000789, address=ПР-Т ДИМИТРОВА, 12, city=Г. НОВОСИБИРСК, phones=(383)3734340,3734341, country=4e127564-d74f-4dd9-bced-0327f0f4e061, countryCode=643, activityDiscontinued=false}, {guid=aaaf21c1-d82b-11e8-80bb-08002789bf51, archive=false, dateOutputArchive=0001-01-01T00:00:00Z, thisGroup=false, parent=78ddac17-ca67-11e5-826c-605718cb5baa, bic=046015088, swift=SJSCRUMMRND, name=ФИЛИАЛ "СДМ-БАНК" (ПАО) В Г. РОСТОВ-НА-ДОНУ, corrAccount=30101810860150000088, address=УЛ КАТАЕВА, 293, city=Г. РОСТОВ-НА-ДОНУ, phones=(863)2197712,2197714, country=4e127564-d74f-4dd9-bced-0327f0f4e061, countryCode=643, activityDiscontinued=false}, {guid=aaaf21c2-d82b-11e8-80bb-08002789bf51, archive=false, dateOutputArchive=0001-01-01T00:00:00Z, thisGroup=false, parent=78ddac07-ca67-11e5-826c-605718cb5baa, bic=045004778, swift=, name=ФИЛИАЛ БАНКА "ВБРР" (АО) В Г.НОВОСИБИРСКЕ, corrAccount=30101810750040000778, address=УЛ СИБРЕВКОМА, 2, city=Г. НОВОСИБИРСК, phones=(383)2302201, country=4e127564-d74f-4dd9-bced-0327f0f4e061, countryCode=643, activityDiscontinued=false}, {guid=aaaf21c3-d82b-11e8-80bb-08002789bf51, archive=false, dateOutputArchive=0001-01-01T00:00:00Z, thisGroup=false, parent=78ddac0f-ca67-11e5-826c-605718cb5baa, bic=040349758, swift=VTBRRUM2KD3, name=ФИЛИАЛ № 2351 БАНКА ВТБ (ПАО), corrAccount=30101810703490000758, address=УЛ ИМ. ГОГОЛЯ, 68, city=Г. КРАСНОДАР, phones=(861)2126424,2125627, country=4e127564-d74f-4dd9-bced-0327f0f4e061, countryCode=643, activityDiscontinued=false}, {guid=aaaf21c4-d82b-11e8-80bb-08002789bf51, archive=false, dateOutputArchive=0001-01-01T00:00:00Z, thisGroup=false, parent=78ddac17-ca67-11e5-826c-605718cb5baa, bic=046015094, swift=, name=НОВОЧЕРКАССКИЙ ФИЛИАЛ АО "ФОНДСЕРВИСБАНК", corrAccount=30101810760150000094, address=ПЛАТОВСКИЙ ПР-Т, 59 Б, city=Г. НОВОЧЕРКАССК, phones=(8635)240550, country=4e127564-d74f-4dd9-bced-0327f0f4e061, countryCode=643, activityDiscontinued=false}, {guid=aaaf21c5-d82b-11e8-80bb-08002789bf51, archive=false, dateOutputArchive=0001-01-01T00:00:00Z, thisGroup=false, parent=78ddac17-ca67-11e5-826c-605718cb5baa, bic=046015068, swift=, name=ДОНСКОЙ ФИЛИАЛ АО КБ "СИТИБАНК", corrAccount=30101810660150000068, address=УЛ Б. САДОВАЯ, 124, city=Г. РОСТОВ-НА-ДОНУ, phones=(863)2040043,2040002, country=4e127564-d74f-4dd9-bced-0327f0f4e061, countryCode=643, activityDiscontinued=false}, {guid=aaaf21c6-d82b-11e8-80bb-08002789bf51, archive=false, dateOutputArchive=0001-01-01T00:00:00Z, thisGroup=false, parent=78ddac07-ca67-11e5-826c-605718cb5baa, bic=045004763, swift=, name=ФИЛИАЛ "ЦЕНТРАЛЬНЫЙ" ПАО "СОВКОМБАНК", corrAccount=30101810150040000763, address=УЛ ПОПОВА, 11, city=Г. БЕРДСК, phones=(383)3340606, country=4e127564-d74f-4dd9-bced-0327f0f4e061, countryCode=643, activityDiscontinued=false}, {guid=aaaf21c7-d82b-11e8-80bb-08002789bf51, archive=false, dateOutputArchive=0001-01-01T00:00:00Z, thisGroup=false, parent=78ddac17-ca67-11e5-826c-605718cb5baa, bic=046015066, swift=, name=Ф-Л АО АКБ "НОВИКОМБАНК" В Г.РОСТОВЕ-НА-ДОНУ, corrAccount=30101810060150000066, address=УЛ КРАСНОАРМЕЙСКАЯ, 170/84, city=Г. РОСТОВ-НА-ДОНУ, phones=(863)2017777, country=4e127564-d74f-4dd9-bced-0327f0f4e061, countryCode=643, activityDiscontinued=false}, {guid=78ddabe0-ca67-11e5-826c-605718cb5baa, archive=false, dateOutputArchive=0001-01-01T00:00:00Z, thisGroup=false, parent=78ddabdf-ca67-11e5-826c-605718cb5baa, bic=049246920, swift=, name=НИЖНЕКАМСКИЙ ФАБ "ДЕВОН-КРЕДИТ" (ПАО), corrAccount=30101810700000000920, address=, city=Г. НИЖНЕКАМСК, phones=, country=00000000-0000-0000-0000-000000000000, countryCode=, activityDiscontinued=true}, {guid=aaaf21c8-d82b-11e8-80bb-08002789bf51, archive=false, dateOutputArchive=0001-01-01T00:00:00Z, thisGroup=false, parent=78ddac17-ca67-11e5-826c-605718cb5baa, bic=046015064, swift=, name=ЮЖНЫЙ ФИЛИАЛ АО "БАНК ИНТЕЗА", corrAccount=30101810460150000064, address=ВОРОШИЛОВСКИЙ ПР-Т, 48, city=Г. РОСТОВ-НА-ДОНУ, phones=(863)2318377,2318388, country=4e127564-d74f-4dd9-bced-0327f0f4e061, countryCode=643, activityDiscontinued=false}, {guid=aaaf21c9-d82b-11e8-80bb-08002789bf51, archive=false, dateOutputArchive=0001-01-01T00:00:00Z, thisGroup=false, parent=78ddac17-ca67-11e5-826c-605718cb5baa, bic=046015065, swift=JSNMRUMMRND, name=РОСТОВСКИЙ ФИЛИАЛ ПАО БАНКА "ФК ОТКРЫТИЕ", corrAccount=30101810760150000065, address=УЛ ТЕКУЧЕВА, 234, city=Г. РОСТОВ-НА-ДОНУ, phones=(863)2009099, country=4e127564-d74f-4dd9-bced-0327f0f4e061, countryCode=643, activityDiscontinued=true}, {guid=aaaf21ca-d82b-11e8-80bb-08002789bf51, archive=false, dateOutputArchive=0001-01-01T00:00:00Z, thisGroup=false, parent=78ddac17-ca67-11e5-826c-605718cb5baa, bic=046015060, swift=, name=ФИЛИАЛ АО "ГЕНБАНК" В Г.РОСТОВ-НА-ДОНУ, corrAccount=30101810260150000060, address=УЛ ПУШКИНСКАЯ, 94, city=Г. РОСТОВ-НА-ДОНУ, phones=(863)2999333, country=4e127564-d74f-4dd9-bced-0327f0f4e061, countryCode=643, activityDiscontinued=false}, {guid=aaaf21cb-d82b-11e8-80bb-08002789bf51, archive=false, dateOutputArchive=0001-01-01T00:00:00Z, thisGroup=false, parent=78ddac17-ca67-11e5-826c-605718cb5baa, bic=046015061, swift=, name=ФИЛИАЛ ЮЖНЫЙ ПАО БАНКА "ФК ОТКРЫТИЕ", corrAccount=30101810560150000061, address=УЛ ГОРОДА ВОЛОС, 112/130, city=Г. РОСТОВ-НА-ДОНУ, phones=(863)2688901, country=4e127564-d74f-4dd9-bced-0327f0f4e061, countryCode=643, activityDiscontinued=false}]

	at AutoTest.ClassifireIsAllRussianTest.getBankList(ClassifireIsAllRussianTest.java:536)
</failure>
    <system-out><![CDATA[Request URI:	http://dev1c:8080/MDM_Gribov_2541/hs/klass/bank?step=100
HTTP/1.1 200 OK
Date: Wed, 13 Dec 2023 08:12:39 GMT
Server: Apache/2.4.23 (Win64)
X-NextPage: http://dev1c:8080/MDM_Gribov_2541/hs/klass/bank?step=100&nextPage=2
X-NextPage1C: /bank?step=100&nextPage=2
Content-Length: 55068
Keep-Alive: timeout=5, max=99
Connection: Keep-Alive
Content-Type: application/json; charset=utf-8

[
    {
        "guid": "979300ab-d82b-11e8-80bb-08002789bf51",
        "archive": false,
        "dateOutputArchive": "0001-01-01T00:00:00Z",
        "thisGroup": false,
        "parent": "78ddabf2-ca67-11e5-826c-605718cb5baa",
        "bic": "043601707",
        "swift": "",
        "name": "ФИЛИАЛ \"САМАРСКИЙ\" АО \"ОТП БАНК\"",
        "corrAccount": "30101810722023601707",
        "address": "УЛ АВРОРЫ, 150",
        "city": "Г. САМАРА",
        "phones": "(846)3425312,3425313",
        "country": "4e127564-d74f-4dd9-bced-0327f0f4e061",
        "countryCode": "643",
        "activityDiscontinued": false
    },
    {
        "guid": "979300ac-d82b-11e8-80bb-08002789bf51",
        "archive": false,
        "dateOutputArchive": "0001-01-01T00:00:00Z",
        "thisGroup": false,
        "parent": "78ddabe1-ca67-11e5-826c-605718cb5baa",
        "bic": "044030792",
        "swift": "",
        "name": "ФИЛИАЛ \"СЕВЕРО-ЗАПАДНЫЙ\" \"УМ-БАНК\" ООО",
        "corrAccount": "30101810640300000792",
        "address": "КАМЕННООСТРОВСКИЙ ПР-Т, 61 ПОМ",
        "city": "Г. САНКТ-ПЕТЕРБУРГ",
        "phones": "(812)4560720",
        "country": "4e127564-d74f-4dd9-bced-0327f0f4e061",
        "countryCode": "643",
        "activityDiscontinued": false
    },
    {
        "guid": "979300ad-d82b-11e8-80bb-08002789bf51",
        "archive": false,
        "dateOutputArchive": "0001-01-01T00:00:00Z",
        "thisGroup": false,
        "parent": "78ddac07-ca67-11e5-826c-605718cb5baa",
        "bic": "045004711",
        "swift": "",
        "name": "Куйбышевский филиал АКБ \"Ланта-Банк\" (АО)",
        "corrAccount": "30101810750045004711",
        "address": "КВАРТАЛ 1, ДОМ 29 \"ВСТАВКА\"",
        "city": "Г. КУЙБЫШЕВ",
        "phones": "",
        "country": "4e127564-d74f-4dd9-bced-0327f0f4e061",
        "countryCode": "643",
        "activityDiscontinued": false
    },
    {
        "guid": "979300ae-d82b-11e8-80bb-08002789bf51",
        "archive": false,
        "dateOutputArchive": "0001-01-01T00:00:00Z",
        "thisGroup": false,
        "parent": "78ddac07-ca67-11e5-826c-605718cb5baa",
        "bic": "045004719",
        "swift": "",
        "name": "ФИЛИАЛ № 5440 БАНКА ВТБ (ПАО)",
        "corrAccount": "30101810450040000719",
        "address": "УЛ ФРУНЗЕ, 232, 234, 234/1",
        "city": "Г. НОВОСИБИРСК",
        "phones": "(383)2492424,2492425",
        "country": "4e127564-d74f-4dd9-bced-0327f0f4e061",
        "countryCode": "643",
        "activityDiscontinued": false
    },
    {
        "guid": "979300af-d82b-11e8-80bb-08002789bf51",
        "archive": false,
        "dateOutputArchive": "0001-01-01T00:00:00Z",
        "thisGroup": false,
        "parent": "78ddac07-ca67-11e5-826c-605718cb5baa",
        "bic": "045004701",
        "swift": "",
        "name": "НОВОСИБИРСКИЙ ФИЛИАЛ АБ \"РОССИЯ\"",
        "corrAccount": "30101810950040000701",
        "address": "УЛ СЕМЬИ ШАМШИНЫХ, 26, 26/1",
        "city": "Г. НОВОСИБИРСК",
        "phones": "(383)3670691,3670692",
        "country": "4e127564-d74f-4dd9-bced-0327f0f4e061",
        "countryCode": "643",
        "activityDiscontinued": false
    },
    {
        "guid": "979300b0-d82b-11e8-80bb-08002789bf51",
        "archive": false,
        "dateOutputArchive": "0001-01-01T00:00:00Z",
        "thisGroup": false,
        "parent": "78ddac09-ca67-11e5-826c-605718cb5baa",
        "bic": "046577459",
        "swift": "",
        "name": "ФИЛИАЛ \"УРАЛЬСКИЙ\" \"УМ-БАНК\" ООО",
        "corrAccount": "30101810165770000459",
        "address": "УЛ БЕЛИНСКОГО, 86",
        "city": "Г. ЕКАТЕРИНБУРГ",
        "phones": "(343)2871010,3452644",
        "country": "4e127564-d74f-4dd9-bced-0327f0f4e061",
        "countryCode": "643",
        "activityDiscontinued": false
    },
    {
        "guid": "979300b1-d82b-11e8-80bb-08002789bf51",
        "archive": false,
        "dateOutputArchive": "0001-01-01T00:00:00Z",
        "thisGroup": false,
        "parent": "78ddabe5-ca67-11e5-826c-605718cb5baa",
        "bic": "044525745",
        "swift": "VTBRRUM2MS3",
        "name": "ФИЛИАЛ № 7701 БАНКА ВТБ (ПАО)",
        "corrAccount": "30101810345250000745",
        "address": "УЛ КУЗНЕЦКИЙ МОСТ, 17, СТР 1",
        "city": "Г. МОСКВА",
        "phones": "(495)9258000",
        "country": "4e127564-d74f-4dd9-bced-0327f0f4e061",
        "countryCode": "643",
        "activityDiscontinued": false
    },
    {
        "guid": "979300b2-d82b-11e8-80bb-08002789bf51",
        "archive": false,
        "dateOutputArchive": "0001-01-01T00:00:00Z",
        "thisGroup": false,
        "parent": "78ddabe9-ca67-11e5-826c-605718cb5baa",
        "bic": "042520842",
        "swift": "",
        "name": "\"Братский АНКБ\" ПАО",
        "corrAccount": "30101810850042520842",
        "address": "УЛ. КОМСОМОЛЬСКАЯ, Д. 43",
        "city": "Г. БРАТСК",
        "phones": "",
        "country": "4e127564-d74f-4dd9-bced-0327f0f4e061",
        "countryCode": "643",
        "activityDiscontinued": false
    },
    {
        "guid": "979300b3-d82b-11e8-80bb-08002789bf51",
        "archive": false,
        "dateOutputArchive": "0001-01-01T00:00:00Z",
        "thisGroup": false,
        "parent": "78ddabe9-ca67-11e5-826c-605718cb5baa",
        "bic": "042520811",
        "swift": "",
        "name": "АО \"ГРИНКОМБАНК\"",
        "corrAccount": "30101810950040000811",
        "address": "УЛ ФРАНК-КАМЕНЕЦКОГО, 8",
        "city": "Г. ИРКУТСК",
        "phones": "(3952)255196,240197",
        "country": "4e127564-d74f-4dd9-bced-0327f0f4e061",
        "countryCode": "643",
        "activityDiscontinued": false
    },
    {
        "guid": "979300b4-d82b-11e8-80bb-08002789bf51",
        "archive": false,
        "dateOutputArchive": "0001-01-01T00:00:00Z",
        "thisGroup": false,
        "parent": "78ddac9c-ca67-11e5-826c-605718cb5baa",
        "bic": "040407523",
        "swift": "",
        "name": "АО АИКБ \"ЕНИСЕЙСКИЙ ОБЪЕДИНЕННЫЙ БАНК\"",
        "corrAccount": "30101810650040000523",
        "address": "УЛ КАРЛА МАРКСА, 62",
        "city": "Г. КРАСНОЯРСК",
        "phones": "(391)2770000",
        "country": "4e127564-d74f-4dd9-bced-0327f0f4e061",
        "countryCode": "643",
        "activityDiscontinued": false
    },
    {
        "guid": "979300b5-d82b-11e8-80bb-08002789bf51",
        "archive": false,
        "dateOutputArchive": "0001-01-01T00:00:00Z",
        "thisGroup": false,
        "parent": "e8b01830-ca8b-11e5-826c-605718cb5baa",
        "bic": "041403725",
        "swift": "",
        "name": "ООО \"Осколбанк\"",
        "corrAccount": "30101810745250000725",
        "address": "Г. СТАРЫЙ ОСКОЛ, М-Н ОЛИМПИЙСК",
        "city": "Г. СТАРЫЙ ОСКОЛ",
        "phones": "",
        "country": "4e127564-d74f-4dd9-bced-0327f0f4e061",
        "countryCode": "643",
        "activityDiscontinued": false
    },
    {
        "guid": "979300b6-d82b-11e8-80bb-08002789bf51",
        "archive": false,
        "dateOutputArchive": "0001-01-01T00:00:00Z",
        "thisGroup": false,
        "parent": "78ddabe1-ca67-11e5-826c-605718cb5baa",
        "bic": "044030707",
        "swift": "VTBRRUM2SP3",
        "name": "ФИЛИАЛ № 7806 БАНКА ВТБ (ПАО)",
        "corrAccount": "30101810240300000707",
        "address": "УЛ Б. МОРСКАЯ, 29 ЛИТ А",
        "city": "Г. САНКТ-ПЕТЕРБУРГ",
        "phones": "(812)3241214",
        "country": "4e127564-d74f-4dd9-bced-0327f0f4e061",
        "countryCode": "643",
        "activityDiscontinued": false
    },
    {
        "guid": "979300b7-d82b-11e8-80bb-08002789bf51",
        "archive": false,
        "dateOutputArchive": "0001-01-01T00:00:00Z",
        "thisGroup": false,
        "parent": "78ddac09-ca67-11e5-826c-605718cb5baa",
        "bic": "046577916",
        "swift": "",
        "name": "ФИЛИАЛ \"НОВОУРАЛЬСКИЙ\" ПАО КБ \"УБРИР\"",
        "corrAccount": "30101810365770000916",
        "address": "УЛ ДЗЕРЖИНСКОГО, 16",
        "city": "Г. НОВОУРАЛЬСК",
        "phones": "(34370)25591",
        "country": "4e127564-d74f-4dd9-bced-0327f0f4e061",
        "countryCode": "643",
        "activityDiscontinued": false
    },
    {
        "guid": "78ddabd9-ca67-11e5-826c-605718cb5baa",
        "archive": "",
        "dateOutputArchive": "",
        "thisGroup": true,
        "parent": "00000000-0000-0000-0000-000000000000",
        "bic": "90       ",
        "swift": "",
        "name": "РЕСПУБЛИКА СЕВЕРНАЯ ОСЕТИЯ-АЛАНИЯ",
        "corrAccount": "",
        "address": "",
        "city": "",
        "phones": "",
        "country": "",
        "countryCode": "",
        "activityDiscontinued": ""
    },
    {
        "guid": "979300b8-d82b-11e8-80bb-08002789bf51",
        "archive": false,
        "dateOutputArchive": "0001-01-01T00:00:00Z",
        "thisGroup": false,
        "parent": "78ddabdf-ca67-11e5-826c-605718cb5baa",
        "bic": "049246691",
        "swift": "",
        "name": "АБ \"ДЕВОН-КРЕДИТ\" (ПАО)",
        "corrAccount": "30101810722029246691",
        "address": "УЛ ЛЕНИНА, 77",
        "city": "Г. АЛЬМЕТЬЕВСК",
        "phones": "(8553)456777",
        "country": "4e127564-d74f-4dd9-bced-0327f0f4e061",
        "countryCode": "643",
        "activityDiscontinued": false
    },
    {
        "guid": "979300b9-d82b-11e8-80bb-08002789bf51",
        "archive": false,
        "dateOutputArchive": "0001-01-01T00:00:00Z",
        "thisGroup": false,
        "parent": "78ddabe5-ca67-11e5-826c-605718cb5baa",
        "bic": "044525806",
        "swift": "",
        "name": "ФИЛИАЛ \"МОСКОВСКИЙ\" КБ \"СПУТНИК\" (ПАО)",
        "corrAccount": "30101810145250000806",
        "address": "ЛЯЛИН ПЕР, 19-1",
        "city": "Г. МОСКВА",
        "phones": "(495)5891084",
        "country": "4e127564-d74f-4dd9-bced-0327f0f4e061",
        "countryCode": "643",
        "activityDiscontinued": false
    },
    {
        "guid": "979300ba-d82b-11e8-80bb-08002789bf51",
        "archive": false,
        "dateOutputArchive": "0001-01-01T00:00:00Z",
        "thisGroup": false,
        "parent": "78ddaccd-ca67-11e5-826c-605718cb5baa",
        "bic": "045209702",
        "swift": "",
        "name": "АО \"ИТ Банк\"",
        "corrAccount": "30101810750045209702",
        "address": "УЛ. ДУМСКАЯ, 7",
        "city": "Г. ОМСК",
        "phones": "",
        "country": "4e127564-d74f-4dd9-bced-0327f0f4e061",
        "countryCode": "643",
        "activityDiscontinued": false
    },
    {
        "guid": "979300bb-d82b-11e8-80bb-08002789bf51",
        "archive": false,
        "dateOutputArchive": "0001-01-01T00:00:00Z",
        "thisGroup": false,
        "parent": "78ddaccd-ca67-11e5-826c-605718cb5baa",
        "bic": "045209701",
        "swift": "",
        "name": "АО \"Эксперт Банк\"",
        "corrAccount": "30101810450045209701",
        "address": "УЛ. МАРШАЛА ЖУКОВА, ДОМ 107",
        "city": "Г. ОМСК",
        "phones": "",
        "country": "4e127564-d74f-4dd9-bced-0327f0f4e061",
        "countryCode": "643",
        "activityDiscontinued": false
    },
    {
        "guid": "979300bc-d82b-11e8-80bb-08002789bf51",
        "archive": false,
        "dateOutputArchive": "0001-01-01T00:00:00Z",
        "thisGroup": false,
        "parent": "78ddac09-ca67-11e5-826c-605718cb5baa",
        "bic": "046577743",
        "swift": "",
        "name": "ФИЛИАЛ \"ДЕЛО\" ПАО \"СКБ-БАНК\"",
        "corrAccount": "30101810965770000743",
        "address": "УЛ КУЙБЫШЕВА, 58",
        "city": "Г. ЕКАТЕРИНБУРГ",
        "phones": "(343)3557000",
        "country": "4e127564-d74f-4dd9-bced-0327f0f4e061",
        "countryCode": "643",
        "activityDiscontinued": false
    },
    {
        "guid": "979300bd-d82b-11e8-80bb-08002789bf51",
        "archive": false,
        "dateOutputArchive": "0001-01-01T00:00:00Z",
        "thisGroup": false,
        "parent": "78ddaccd-ca67-11e5-826c-605718cb5baa",
        "bic": "045209703",
        "swift": "",
        "name": "КУ АО \"Мираф-Банк\" - ГК \"АСВ\"",
        "corrAccount": "30101810050045209703",
        "address": "УЛ. ФРУНЗЕ, Д.54",
        "city": "Г. ОМСК",
        "phones": "",
        "country": "4e127564-d74f-4dd9-bced-0327f0f4e061",
        "countryCode": "643",
        "activityDiscontinued": false
    },
    {
        "guid": "9d8e68cb-d82b-11e8-80bb-08002789bf51",
        "archive": false,
        "dateOutputArchive": "0001-01-01T00:00:00Z",
        "thisGroup": false,
        "parent": "78ddac21-ca67-11e5-826c-605718cb5baa",
        "bic": "042202761",
        "swift": "",
        "name": "Ф. АКБ \"ФОРА-БАНК\" (АО) В Г. НИЖНИЙ НОВГОРОД",
        "corrAccount": "30101810822020000761",
        "address": "УЛ КОВАЛИХИНСКАЯ, 8",
        "city": "Г. НИЖНИЙ НОВГОРОД",
        "phones": "(831)2161801,2161802",
        "country": "4e127564-d74f-4dd9-bced-0327f0f4e061",
        "countryCode": "643",
        "activityDiscontinued": false
    },
    {
        "guid": "9d8e68cc-d82b-11e8-80bb-08002789bf51",
        "archive": false,
        "dateOutputArchive": "0001-01-01T00:00:00Z",
        "thisGroup": false,
        "parent": "78ddac67-ca67-11e5-826c-605718cb5baa",
        "bic": "045773804",
        "swift": "",
        "name": "ФИЛИАЛ \"ЛЫСЬВА\" АО АКБ \"АЛЕФ-БАНК\"",
        "corrAccount": "30101810965775700804",
        "address": "ПОЖАРСКОГО, Д.8",
        "city": "Г. ЛЫСЬВА",
        "phones": "",
        "country": "4e127564-d74f-4dd9-bced-0327f0f4e061",
        "countryCode": "643",
        "activityDiscontinued": false
    },
    {
        "guid": "9d8e68cd-d82b-11e8-80bb-08002789bf51",
        "archive": false,
        "dateOutputArchive": "0001-01-01T00:00:00Z",
        "thisGroup": false,
        "parent": "78ddac21-ca67-11e5-826c-605718cb5baa",
        "bic": "042202717",
        "swift": "",
        "name": "ФИЛИАЛ №10 ПАО КБ \"ЦЕНТР-ИНВЕСТ\"",
        "corrAccount": "30101810122020000717",
        "address": "УЛ КОМИНТЕРНА, 139",
        "city": "Г. НИЖНИЙ НОВГОРОД",
        "phones": "(831)4391708",
        "country": "4e127564-d74f-4dd9-bced-0327f0f4e061",
        "countryCode": "643",
        "activityDiscontinued": false
    },
    {
        "guid": "9d8e68ce-d82b-11e8-80bb-08002789bf51",
        "archive": false,
        "dateOutputArchive": "0001-01-01T00:00:00Z",
        "thisGroup": false,
        "parent": "78ddac21-ca67-11e5-826c-605718cb5baa",
        "bic": "042202716",
        "swift": "",
        "name": "НИЖЕГОРОДСКИЙ Ф БАНКА\"ВОЗРОЖДЕНИЕ\"(ПАО)",
        "corrAccount": "30101810822020000716",
        "address": "УЛ БЕЛИНСКОГО, 106 А",
        "city": "Г. НИЖНИЙ НОВГОРОД",
        "phones": "(831)2787662,2783935",
        "country": "4e127564-d74f-4dd9-bced-0327f0f4e061",
        "countryCode": "643",
        "activityDiscontinued": false
    },
    {
        "guid": "9d8e68cf-d82b-11e8-80bb-08002789bf51",
        "archive": false,
        "dateOutputArchive": "0001-01-01T00:00:00Z",
        "thisGroup": false,
        "parent": "78ddac21-ca67-11e5-826c-605718cb5baa",
        "bic": "042202712",
        "swift": "",
        "name": "НИЖЕГОРОДСКИЙ ФИЛИАЛ АКБ \"ЛАНТА-БАНК\" (АО)",
        "corrAccount": "30101810622020000712",
        "address": "МЕЩЕРСКИЙ Б-Р, 3, К 1",
        "city": "Г. НИЖНИЙ НОВГОРОД",
        "phones": "(831)2208322,2208320",
        "country": "4e127564-d74f-4dd9-bced-0327f0f4e061",
        "countryCode": "643",
        "activityDiscontinued": false
    },
    {
        "guid": "9d8e68d0-d82b-11e8-80bb-08002789bf51",
        "archive": false,
        "dateOutputArchive": "0001-01-01T00:00:00Z",
        "thisGroup": false,
        "parent": "78ddac17-ca67-11e5-826c-605718cb5baa",
        "bic": "046015707",
        "swift": "",
        "name": "ВОЛГОДОНСКИЙ ф Банка \"Возрождение\" (ПАО)",
        "corrAccount": "30101810060150000707",
        "address": "БУЛ. ВЕЛИКОЙ ПОБЕДЫ, ДОМ №38А",
        "city": "Г. ВОЛГОДОНСК",
        "phones": "",
        "country": "4e127564-d74f-4dd9-bced-0327f0f4e061",
        "countryCode": "643",
        "activityDiscontinued": false
    },
    {
        "guid": "9d8e68d1-d82b-11e8-80bb-08002789bf51",
        "archive": false,
        "dateOutputArchive": "0001-01-01T00:00:00Z",
        "thisGroup": false,
        "parent": "78ddac21-ca67-11e5-826c-605718cb5baa",
        "bic": "042202718",
        "swift": "",
        "name": "ПАО \"САРОВБИЗНЕСБАНК\"",
        "corrAccount": "30101810422020000718",
        "address": "УЛ СИЛКИНА, 13",
        "city": "Г. САРОВ",
        "phones": "(831)4307478,(83130)33640",
        "country": "4e127564-d74f-4dd9-bced-0327f0f4e061",
        "countryCode": "643",
        "activityDiscontinued": false
    },
    {
        "guid": "9d8e68d2-d82b-11e8-80bb-08002789bf51",
        "archive": false,
        "dateOutputArchive": "0001-01-01T00:00:00Z",
        "thisGroup": false,
        "parent": "78ddac21-ca67-11e5-826c-605718cb5baa",
        "bic": "042202727",
        "swift": "",
        "name": "ПАО КОМБАНК \"ХИМИК\"",
        "corrAccount": "30101810222020000727",
        "address": "УЛ УРИЦКОГО, 10 Б",
        "city": "Г. ДЗЕРЖИНСК",
        "phones": "(8313)261608,251126",
        "country": "4e127564-d74f-4dd9-bced-0327f0f4e061",
        "countryCode": "643",
        "activityDiscontinued": false
    },
    {
        "guid": "9d8e68d3-d82b-11e8-80bb-08002789bf51",
        "archive": false,
        "dateOutputArchive": "0001-01-01T00:00:00Z",
        "thisGroup": false,
        "parent": "78ddabe5-ca67-11e5-826c-605718cb5baa",
        "bic": "044525420",
        "swift": "",
        "name": "Ф РОКЕТБАНК КИВИ БАНК (АО)",
        "corrAccount": "30101810945250000420",
        "address": "УЛ ПАЛИХА, 10, СТР 5",
        "city": "Г. МОСКВА",
        "phones": "(495)2313645",
        "country": "4e127564-d74f-4dd9-bced-0327f0f4e061",
        "countryCode": "643",
        "activityDiscontinued": false
    },
    {
        "guid": "78ddabda-ca67-11e5-826c-605718cb5baa",
        "archive": false,
        "dateOutputArchive": "0001-01-01T00:00:00Z",
        "thisGroup": false,
        "parent": "78ddabd9-ca67-11e5-826c-605718cb5baa",
        "bic": "049033736",
        "swift": "",
        "name": "СКФ ПАО АКБ \"ИРОНБАНК\"",
        "corrAccount": "30101810800000000736",
        "address": "",
        "city": "Г. ВЛАДИКАВКАЗ",
        "phones": "",
        "country": "00000000-0000-0000-0000-000000000000",
        "countryCode": "",
        "activityDiscontinued": true
    },
    {
        "guid": "9d8e68d4-d82b-11e8-80bb-08002789bf51",
        "archive": false,
        "dateOutputArchive": "0001-01-01T00:00:00Z",
        "thisGroup": false,
        "parent": "78ddac21-ca67-11e5-826c-605718cb5baa",
        "bic": "042202731",
        "swift": "",
        "name": "АО КОМБАНК \"АРЗАМАС\"",
        "corrAccount": "30101810522020000731",
        "address": "УЛ КИРОВА, 33",
        "city": "Г. АРЗАМАС",
        "phones": "(83147)70224,70177",
        "country": "4e127564-d74f-4dd9-bced-0327f0f4e061",
        "countryCode": "643",
        "activityDiscontinued": false
    },
    {
        "guid": "9d8e68d5-d82b-11e8-80bb-08002789bf51",
        "archive": false,
        "dateOutputArchive": "0001-01-01T00:00:00Z",
        "thisGroup": false,
        "parent": "78ddabe5-ca67-11e5-826c-605718cb5baa",
        "bic": "044525864",
        "swift": "",
        "name": "МОСКОВСКИЙ ФИЛИАЛ АО АКБ \"ГАЗБАНК\"",
        "corrAccount": "30101810145250000864",
        "address": "УЛ БРЯНСКАЯ, 5",
        "city": "Г. МОСКВА",
        "phones": "(495)3639438",
        "country": "4e127564-d74f-4dd9-bced-0327f0f4e061",
        "countryCode": "643",
        "activityDiscontinued": true
    },
    {
        "guid": "9d8e68d6-d82b-11e8-80bb-08002789bf51",
        "archive": false,
        "dateOutputArchive": "0001-01-01T00:00:00Z",
        "thisGroup": false,
        "parent": "78ddabe5-ca67-11e5-826c-605718cb5baa",
        "bic": "044525797",
        "swift": "",
        "name": "Ф ТОЧКА БАНК КИВИ БАНК (АО)",
        "corrAccount": "30101810445250000797",
        "address": "УЛ СПИРИДОНОВКА, 4, СТР 2",
        "city": "Г. МОСКВА",
        "phones": "(495)2313645",
        "country": "4e127564-d74f-4dd9-bced-0327f0f4e061",
        "countryCode": "643",
        "activityDiscontinued": false
    },
    {
        "guid": "9d8e68d7-d82b-11e8-80bb-08002789bf51",
        "archive": false,
        "dateOutputArchive": "0001-01-01T00:00:00Z",
        "thisGroup": false,
        "parent": "78ddac9c-ca67-11e5-826c-605718cb5baa",
        "bic": "040407404",
        "swift": "",
        "name": "ФПАО \"ДАЛЬНЕВОСТОЧНЫЙ БАНК\" \"КРАСНОЯРСКИЙ\"",
        "corrAccount": "30101810850040000404",
        "address": "УЛ МОЛОКОВА, 1, К 4",
        "city": "Г. КРАСНОЯРСК",
        "phones": "(391)2773071",
        "country": "4e127564-d74f-4dd9-bced-0327f0f4e061",
        "countryCode": "643",
        "activityDiscontinued": false
    },
    {
        "guid": "9d8e68d8-d82b-11e8-80bb-08002789bf51",
        "archive": false,
        "dateOutputArchive": "0001-01-01T00:00:00Z",
        "thisGroup": false,
        "parent": "78ddad0a-ca67-11e5-826c-605718cb5baa",
        "bic": "047144778",
        "swift": "",
        "name": "СФ АО БАНК \"СНГБ\"",
        "corrAccount": "30101810165777100778",
        "address": "УЛ ГУБКИНА, 15 А",
        "city": "Г. СУРГУТ",
        "phones": "(3462)398700",
        "country": "4e127564-d74f-4dd9-bced-0327f0f4e061",
        "countryCode": "643",
        "activityDiscontinued": false
    },
    {
        "guid": "9d8e68d9-d82b-11e8-80bb-08002789bf51",
        "archive": false,
        "dateOutputArchive": "0001-01-01T00:00:00Z",
        "thisGroup": false,
        "parent": "78ddabf2-ca67-11e5-826c-605718cb5baa",
        "bic": "043601968",
        "swift": "VTBRRUM2SA3",
        "name": "ФИЛИАЛ № 6318 БАНКА ВТБ (ПАО)",
        "corrAccount": "30101810422023601968",
        "address": "УЛ МОЛОДОГВАРДЕЙСКАЯ, 204",
        "city": "Г. САМАРА",
        "phones": "(846)2696824,2696834",
        "country": "4e127564-d74f-4dd9-bced-0327f0f4e061",
        "countryCode": "643",
        "activityDiscontinued": false
    },
    {
        "guid": "9d8e68da-d82b-11e8-80bb-08002789bf51",
        "archive": false,
        "dateOutputArchive": "0001-01-01T00:00:00Z",
        "thisGroup": false,
        "parent": "78ddabf2-ca67-11e5-826c-605718cb5baa",
        "bic": "043601975",
        "swift": "",
        "name": "ООО \"РУСФИНАНС БАНК\"",
        "corrAccount": "30101810622023601975",
        "address": "УЛ ЧЕРНОРЕЧЕНСКАЯ, 42 А",
        "city": "Г. САМАРА",
        "phones": "(846)2696911,2694411",
        "country": "4e127564-d74f-4dd9-bced-0327f0f4e061",
        "countryCode": "643",
        "activityDiscontinued": false
    },
    {
        "guid": "9d8e68db-d82b-11e8-80bb-08002789bf51",
        "archive": false,
        "dateOutputArchive": "0001-01-01T00:00:00Z",
        "thisGroup": false,
        "parent": "78ddabf7-ca67-11e5-826c-605718cb5baa",
        "bic": "045354880",
        "swift": "",
        "name": "ГК \"АСВ\" - КУ АО \"НСТ-БАНК\"",
        "corrAccount": "30101810265775300880",
        "address": "ВИЛОНОВСКАЯ УЛ, 138",
        "city": "Г. САМАРА",
        "phones": "",
        "country": "4e127564-d74f-4dd9-bced-0327f0f4e061",
        "countryCode": "643",
        "activityDiscontinued": false
    },
    {
        "guid": "9d8e68dc-d82b-11e8-80bb-08002789bf51",
        "archive": false,
        "dateOutputArchive": "0001-01-01T00:00:00Z",
        "thisGroup": false,
        "parent": "78ddabe7-ca67-11e5-826c-605718cb5baa",
        "bic": "040507595",
        "swift": "",
        "name": "АО \"СОЛИД БАНК\"",
        "corrAccount": "30101810205070000595",
        "address": "УЛ АДМИРАЛА ФОКИНА, 25",
        "city": "Г. ВЛАДИВОСТОК",
        "phones": "(423)2265722,(423)2469293",
        "country": "4e127564-d74f-4dd9-bced-0327f0f4e061",
        "countryCode": "643",
        "activityDiscontinued": false
    },
    {
        "guid": "9d8e68dd-d82b-11e8-80bb-08002789bf51",
        "archive": false,
        "dateOutputArchive": "0001-01-01T00:00:00Z",
        "thisGroup": false,
        "parent": "78ddabe1-ca67-11e5-826c-605718cb5baa",
        "bic": "044030830",
        "swift": "",
        "name": "СПБ. Ф. АО БАНК \"НАЦИОНАЛЬНЫЙ СТАНДАРТ\"",
        "corrAccount": "30101810340300000830",
        "address": "УЛ. ЧАЙКОВСКОГО, Д. 39, ЛИТ А",
        "city": "Г. САНКТ-ПЕТЕРБУРГ",
        "phones": "(812)4493155",
        "country": "4e127564-d74f-4dd9-bced-0327f0f4e061",
        "countryCode": "643",
        "activityDiscontinued": false
    },
    {
        "guid": "9d8e68de-d82b-11e8-80bb-08002789bf51",
        "archive": false,
        "dateOutputArchive": "0001-01-01T00:00:00Z",
        "thisGroup": false,
        "parent": "78ddabeb-ca67-11e5-826c-605718cb5baa",
        "bic": "040708735",
        "swift": "",
        "name": "ФИЛИАЛ В Г. ЕССЕНТУКИ АКБ \"ЛАНТА-БАНК\" (АО)",
        "corrAccount": "30101810007080000735",
        "address": "УЛ СОВЕТСКАЯ, 20 Б",
        "city": "Г. ЕССЕНТУКИ",
        "phones": "(87934)54547,54371",
        "country": "4e127564-d74f-4dd9-bced-0327f0f4e061",
        "countryCode": "643",
        "activityDiscontinued": false
    },
    {
        "guid": "9d8e68df-d82b-11e8-80bb-08002789bf51",
        "archive": false,
        "dateOutputArchive": "0001-01-01T00:00:00Z",
        "thisGroup": false,
        "parent": "78ddac72-ca67-11e5-826c-605718cb5baa",
        "bic": "041806745",
        "swift": "",
        "name": "Урюпинский филиал ПАО КБ \"Сельмашбанк\"",
        "corrAccount": "30101810518060000745",
        "address": "УЛ. ШТЕМЕНКО, 47/3",
        "city": "Г. УРЮПИНСК",
        "phones": "",
        "country": "4e127564-d74f-4dd9-bced-0327f0f4e061",
        "countryCode": "643",
        "activityDiscontinued": false
    },
    {
        "guid": "9d8e68e0-d82b-11e8-80bb-08002789bf51",
        "archive": false,
        "dateOutputArchive": "0001-01-01T00:00:00Z",
        "thisGroup": false,
        "parent": "78ddac72-ca67-11e5-826c-605718cb5baa",
        "bic": "041806730",
        "swift": "",
        "name": "Ликвидатор АО КБ \"Михайловский ПЖСБ\"",
        "corrAccount": "30101810918060000730",
        "address": "УЛИЦА ОБОРОНЫ, 44 \"А\"",
        "city": "Г. МИХАЙЛОВКА",
        "phones": "",
        "country": "4e127564-d74f-4dd9-bced-0327f0f4e061",
        "countryCode": "643",
        "activityDiscontinued": false
    },
    {
        "guid": "9d8e68e1-d82b-11e8-80bb-08002789bf51",
        "archive": false,
        "dateOutputArchive": "0001-01-01T00:00:00Z",
        "thisGroup": false,
        "parent": "78ddabe5-ca67-11e5-826c-605718cb5baa",
        "bic": "044525941",
        "swift": "",
        "name": "\"УМ-БАНК\" ООО",
        "corrAccount": "30101810945250000941",
        "address": "УЛ Б. ОРДЫНКА, 59, СТР 2",
        "city": "Г. МОСКВА",
        "phones": "(495)2123020",
        "country": "4e127564-d74f-4dd9-bced-0327f0f4e061",
        "countryCode": "643",
        "activityDiscontinued": false
    },
    {
        "guid": "9d8e68e2-d82b-11e8-80bb-08002789bf51",
        "archive": false,
        "dateOutputArchive": "0001-01-01T00:00:00Z",
        "thisGroup": false,
        "parent": "78ddac72-ca67-11e5-826c-605718cb5baa",
        "bic": "041806717",
        "swift": "",
        "name": "ЮЖНЫЙ ФИЛИАЛ АО БАНК \"НАЦИОНАЛЬНЫЙ СТАНДАРТ\"",
        "corrAccount": "30101810818060000717",
        "address": "УЛ ИМ. ГАГАРИНА, 7",
        "city": "Г. ВОЛГОГРАД",
        "phones": "(8442)995000",
        "country": "4e127564-d74f-4dd9-bced-0327f0f4e061",
        "countryCode": "643",
        "activityDiscontinued": true
    },
    {
        "guid": "78ddabdb-ca67-11e5-826c-605718cb5baa",
        "archive": "",
        "dateOutputArchive": "",
        "thisGroup": true,
        "parent": "00000000-0000-0000-0000-000000000000",
        "bic": "32       ",
        "swift": "",
        "name": "КЕМЕРОВСКАЯ ОБЛАСТЬ",
        "corrAccount": "",
        "address": "",
        "city": "",
        "phones": "",
        "country": "",
        "countryCode": "",
        "activityDiscontinued": ""
    },
    {
        "guid": "a38a1a95-d82b-11e8-80bb-08002789bf51",
        "archive": false,
        "dateOutputArchive": "0001-01-01T00:00:00Z",
        "thisGroup": false,
        "parent": "78ddac17-ca67-11e5-826c-605718cb5baa",
        "bic": "046015846",
        "swift": "",
        "name": "КУ ОАО КБ \"МАКСИМУМ\" - ГК \"АСВ\"",
        "corrAccount": "30101810060150000846",
        "address": "УЛ. ВЫСОЦКОГО, Д.4",
        "city": "Г. МОСКВА",
        "phones": "",
        "country": "4e127564-d74f-4dd9-bced-0327f0f4e061",
        "countryCode": "643",
        "activityDiscontinued": false
    },
    {
        "guid": "a38a1a96-d82b-11e8-80bb-08002789bf51",
        "archive": false,
        "dateOutputArchive": "0001-01-01T00:00:00Z",
        "thisGroup": false,
        "parent": "78ddac14-ca67-11e5-826c-605718cb5baa",
        "bic": "047601205",
        "swift": "",
        "name": "ООО КБ \"ЦЕНТРАЛЬНО-ЕВРОПЕЙСКИЙ БАНК\"",
        "corrAccount": "30101810950040000205",
        "address": "УЛ БАБУШКИНА, 108",
        "city": "Г. ЧИТА",
        "phones": "(3022)211502",
        "country": "4e127564-d74f-4dd9-bced-0327f0f4e061",
        "countryCode": "643",
        "activityDiscontinued": false
    },
    {
        "guid": "78ddabf7-ca67-11e5-826c-605718cb5baa",
        "archive": "",
        "dateOutputArchive": "",
        "thisGroup": true,
        "parent": "00000000-0000-0000-0000-000000000000",
        "bic": "53       ",
        "swift": "",
        "name": "ОРЕНБУРГСКАЯ ОБЛАСТЬ",
        "corrAccount": "",
        "address": "",
        "city": "",
        "phones": "",
        "country": "",
        "countryCode": "",
        "activityDiscontinued": ""
    },
    {
        "guid": "a38a1a97-d82b-11e8-80bb-08002789bf51",
        "archive": false,
        "dateOutputArchive": "0001-01-01T00:00:00Z",
        "thisGroup": false,
        "parent": "78ddac17-ca67-11e5-826c-605718cb5baa",
        "bic": "046015835",
        "swift": "",
        "name": "КУ ООО \"РУССКИЙ НАЦИОНАЛЬНЫЙ БАНК\" - ГК \"АСВ\"",
        "corrAccount": "30101810660150000835",
        "address": "УЛ ВЫСОЦКОГО, 4 ТЕЛ.(495)96125",
        "city": "Г. МОСКВА",
        "phones": "(863)2999413,2999418",
        "country": "4e127564-d74f-4dd9-bced-0327f0f4e061",
        "countryCode": "643",
        "activityDiscontinued": false
    },
    {
        "guid": "a38a1a98-d82b-11e8-80bb-08002789bf51",
        "archive": false,
        "dateOutputArchive": "0001-01-01T00:00:00Z",
        "thisGroup": false,
        "parent": "78ddabe5-ca67-11e5-826c-605718cb5baa",
        "bic": "044525535",
        "swift": "",
        "name": "КУ АБ \"АЛДАНЗОЛОТОБАНК\" АО - ГК \"АСВ\"",
        "corrAccount": "30101810445250000535",
        "address": "УЛ. ВЫСОЦКОГО, Д. 4",
        "city": "Г. МОСКВА",
        "phones": "",
        "country": "4e127564-d74f-4dd9-bced-0327f0f4e061",
        "countryCode": "643",
        "activityDiscontinued": false
    },
    {
        "guid": "a38a1a99-d82b-11e8-80bb-08002789bf51",
        "archive": false,
        "dateOutputArchive": "0001-01-01T00:00:00Z",
        "thisGroup": false,
        "parent": "78ddac21-ca67-11e5-826c-605718cb5baa",
        "bic": "042202812",
        "swift": "",
        "name": "ВЫКСУНСКИЙ Ф-Л ПАО АКБ \"МЕТАЛЛИНВЕСТБАНК\"",
        "corrAccount": "30101810522020000812",
        "address": "ПЛ ОКТЯБРЬСКОЙ РЕВОЛЮЦИИ, 48",
        "city": "Г. ВЫКСА",
        "phones": "(83177)35825,31157",
        "country": "4e127564-d74f-4dd9-bced-0327f0f4e061",
        "countryCode": "643",
        "activityDiscontinued": false
    },
    {
        "guid": "a38a1a9a-d82b-11e8-80bb-08002789bf51",
        "archive": false,
        "dateOutputArchive": "0001-01-01T00:00:00Z",
        "thisGroup": false,
        "parent": "78ddac07-ca67-11e5-826c-605718cb5baa",
        "bic": "045004893",
        "swift": "",
        "name": "НОВОСИБИРСКИЙ Ф-Л НКО \"ИНКАХРАН\"(АО)",
        "corrAccount": "30103810950040000893",
        "address": "УЛ 2-Я СОЮЗА МОЛОДЕЖИ, 31",
        "city": "Г. НОВОСИБИРСК",
        "phones": "(383)2260797,2269768",
        "country": "4e127564-d74f-4dd9-bced-0327f0f4e061",
        "countryCode": "643",
        "activityDiscontinued": false
    },
    {
        "guid": "a38a1a9b-d82b-11e8-80bb-08002789bf51",
        "archive": false,
        "dateOutputArchive": "0001-01-01T00:00:00Z",
        "thisGroup": false,
        "parent": "78ddac07-ca67-11e5-826c-605718cb5baa",
        "bic": "045004883",
        "swift": "",
        "name": "СИБИРСКИЙ ФИЛИАЛ АО \"БАНК ИНТЕЗА\"",
        "corrAccount": "30101810250040000883",
        "address": "УЛ ОКТЯБРЬСКАЯ, 49",
        "city": "Г. НОВОСИБИРСК",
        "phones": "(383)2278193",
        "country": "4e127564-d74f-4dd9-bced-0327f0f4e061",
        "countryCode": "643",
        "activityDiscontinued": false
    },
    {
        "guid": "a38a1a9c-d82b-11e8-80bb-08002789bf51",
        "archive": false,
        "dateOutputArchive": "0001-01-01T00:00:00Z",
        "thisGroup": false,
        "parent": "78ddac07-ca67-11e5-826c-605718cb5baa",
        "bic": "045004876",
        "swift": "",
        "name": "НОВОСИБИРСКИЙ ФИЛИАЛ ПАО \"МТС-БАНК\"",
        "corrAccount": "30101810050040000876",
        "address": "УЛ. НИЖЕГОРОДСКАЯ, 4",
        "city": "Г. НОВОСИБИРСК",
        "phones": "(383)3251781",
        "country": "4e127564-d74f-4dd9-bced-0327f0f4e061",
        "countryCode": "643",
        "activityDiscontinued": false
    },
    {
        "guid": "a38a1a9d-d82b-11e8-80bb-08002789bf51",
        "archive": false,
        "dateOutputArchive": "0001-01-01T00:00:00Z",
        "thisGroup": false,
        "parent": "78ddac07-ca67-11e5-826c-605718cb5baa",
        "bic": "045004861",
        "swift": "",
        "name": "ФИЛИАЛ ООО \"ЭКСПОБАНК\" В Г.НОВОСИБИРСКЕ",
        "corrAccount": "30101810450040000861",
        "address": "КРАСНЫЙ ПР-Т, 25",
        "city": "Г. НОВОСИБИРСК",
        "phones": "(383)2105207",
        "country": "4e127564-d74f-4dd9-bced-0327f0f4e061",
        "countryCode": "643",
        "activityDiscontinued": false
    },
    {
        "guid": "a38a1a9e-d82b-11e8-80bb-08002789bf51",
        "archive": false,
        "dateOutputArchive": "0001-01-01T00:00:00Z",
        "thisGroup": false,
        "parent": "78ddac07-ca67-11e5-826c-605718cb5baa",
        "bic": "045004864",
        "swift": "",
        "name": "СИБИРСКИЙ ФИЛИАЛ АО КБ \"МОДУЛЬБАНК\"",
        "corrAccount": "30101810350040000864",
        "address": "УЛ ПЛАНЕТНАЯ, 30",
        "city": "Г. НОВОСИБИРСК",
        "phones": "(383)3250606,3251575",
        "country": "4e127564-d74f-4dd9-bced-0327f0f4e061",
        "countryCode": "643",
        "activityDiscontinued": false
    },
    {
        "guid": "a38a1a9f-d82b-11e8-80bb-08002789bf51",
        "archive": false,
        "dateOutputArchive": "0001-01-01T00:00:00Z",
        "thisGroup": false,
        "parent": "78ddabf2-ca67-11e5-826c-605718cb5baa",
        "bic": "043601875",
        "swift": "",
        "name": "САМАРСКИЙ ФИЛИАЛ ТКБ БАНК ПАО",
        "corrAccount": "30101810722023601875",
        "address": "УЛ СТАРА ЗАГОРА, 52",
        "city": "Г. САМАРА",
        "phones": "(846)9338233,2280135",
        "country": "4e127564-d74f-4dd9-bced-0327f0f4e061",
        "countryCode": "643",
        "activityDiscontinued": false
    },
    {
        "guid": "a38a1aa0-d82b-11e8-80bb-08002789bf51",
        "archive": false,
        "dateOutputArchive": "0001-01-01T00:00:00Z",
        "thisGroup": false,
        "parent": "78ddabf2-ca67-11e5-826c-605718cb5baa",
        "bic": "043601845",
        "swift": "",
        "name": "САМАРСКИЙ ФИЛИАЛ БАНКА СОЮЗ (АО)",
        "corrAccount": "30101810422023601845",
        "address": "УЛ КРАСНОАРМЕЙСКАЯ, 75",
        "city": "Г. САМАРА",
        "phones": "(846)2311251,2311259",
        "country": "4e127564-d74f-4dd9-bced-0327f0f4e061",
        "countryCode": "643",
        "activityDiscontinued": false
    },
    {
        "guid": "a38a1aa1-d82b-11e8-80bb-08002789bf51",
        "archive": false,
        "dateOutputArchive": "0001-01-01T00:00:00Z",
        "thisGroup": false,
        "parent": "78ddabf2-ca67-11e5-826c-605718cb5baa",
        "bic": "043601842",
        "swift": "",
        "name": "АО КБ \"НИБ\"",
        "corrAccount": "30101810522023601842",
        "address": "УЛ ФРУНЗЕ, 102",
        "city": "Г. САМАРА",
        "phones": "(846)3425750,3425751",
        "country": "4e127564-d74f-4dd9-bced-0327f0f4e061",
        "countryCode": "643",
        "activityDiscontinued": false
    },
    {
        "guid": "a38a1aa2-d82b-11e8-80bb-08002789bf51",
        "archive": false,
        "dateOutputArchive": "0001-01-01T00:00:00Z",
        "thisGroup": false,
        "parent": "78ddac2f-ca67-11e5-826c-605718cb5baa",
        "bic": "040813708",
        "swift": "",
        "name": "ХАБАРОВСКИЙ ФИЛИАЛ ТКБ БАНК ПАО",
        "corrAccount": "30101810108130000708",
        "address": "УЛ КОМСОМОЛЬСКАЯ, 102",
        "city": "Г. ХАБАРОВСК",
        "phones": "(4212)910702",
        "country": "4e127564-d74f-4dd9-bced-0327f0f4e061",
        "countryCode": "643",
        "activityDiscontinued": false
    },
    {
        "guid": "78ddac1c-ca67-11e5-826c-605718cb5baa",
        "archive": false,
        "dateOutputArchive": "0001-01-01T00:00:00Z",
        "thisGroup": false,
        "parent": "78ddabe5-ca67-11e5-826c-605718cb5baa",
        "bic": "044525150",
        "swift": "",
        "name": "ФИЛИАЛ \"МОСКОВСКИЙ\" АО \"ФИА-БАНК\"",
        "corrAccount": "30101810545250000150",
        "address": "",
        "city": "Г. МОСКВА",
        "phones": "",
        "country": "00000000-0000-0000-0000-000000000000",
        "countryCode": "",
        "activityDiscontinued": true
    },
    {
        "guid": "a38a1aa3-d82b-11e8-80bb-08002789bf51",
        "archive": false,
        "dateOutputArchive": "0001-01-01T00:00:00Z",
        "thisGroup": false,
        "parent": "78ddac2f-ca67-11e5-826c-605718cb5baa",
        "bic": "040813713",
        "swift": "VTBRRUM2KH3",
        "name": "ФИЛИАЛ № 2754 БАНКА ВТБ (ПАО)",
        "corrAccount": "30101810708130000713",
        "address": "УЛ МУРАВЬЁВА-АМУРСКОГО, 18",
        "city": "Г. ХАБАРОВСК",
        "phones": "(4212)455455",
        "country": "4e127564-d74f-4dd9-bced-0327f0f4e061",
        "countryCode": "643",
        "activityDiscontinued": false
    },
    {
        "guid": "a38a1aa4-d82b-11e8-80bb-08002789bf51",
        "archive": false,
        "dateOutputArchive": "0001-01-01T00:00:00Z",
        "thisGroup": false,
        "parent": "78ddac09-ca67-11e5-826c-605718cb5baa",
        "bic": "046577501",
        "swift": "VTBRRUM2EK3",
        "name": "ФИЛИАЛ № 6602 БАНКА ВТБ (ПАО)",
        "corrAccount": "30101810165770000501",
        "address": "ПР-Т ЛЕНИНА, 27",
        "city": "Г. ЕКАТЕРИНБУРГ",
        "phones": "(343)3862400",
        "country": "4e127564-d74f-4dd9-bced-0327f0f4e061",
        "countryCode": "643",
        "activityDiscontinued": false
    },
    {
        "guid": "a38a1aa5-d82b-11e8-80bb-08002789bf51",
        "archive": false,
        "dateOutputArchive": "0001-01-01T00:00:00Z",
        "thisGroup": false,
        "parent": "78ddac09-ca67-11e5-826c-605718cb5baa",
        "bic": "046577507",
        "swift": "",
        "name": "ЕКАТЕРИНБУРГСКИЙ ФИЛИАЛ АБ \"РОССИЯ\"",
        "corrAccount": "30101810965770000507",
        "address": "УЛ МАМИНА-СИБИРЯКА, 145",
        "city": "Г. ЕКАТЕРИНБУРГ",
        "phones": "(343)2863760",
        "country": "4e127564-d74f-4dd9-bced-0327f0f4e061",
        "countryCode": "643",
        "activityDiscontinued": false
    },
    {
        "guid": "a38a1aa6-d82b-11e8-80bb-08002789bf51",
        "archive": false,
        "dateOutputArchive": "0001-01-01T00:00:00Z",
        "thisGroup": false,
        "parent": "78ddabf2-ca67-11e5-826c-605718cb5baa",
        "bic": "043601811",
        "swift": "",
        "name": "ООО \"ЗЕМСКИЙ БАНК\"",
        "corrAccount": "30101810922023601811",
        "address": "УЛ УЛЬЯНОВСКАЯ, 79",
        "city": "Г. СЫЗРАНЬ",
        "phones": "(8464)985454",
        "country": "4e127564-d74f-4dd9-bced-0327f0f4e061",
        "countryCode": "643",
        "activityDiscontinued": false
    },
    {
        "guid": "a38a1aa7-d82b-11e8-80bb-08002789bf51",
        "archive": false,
        "dateOutputArchive": "0001-01-01T00:00:00Z",
        "thisGroup": false,
        "parent": "78ddabfd-ca67-11e5-826c-605718cb5baa",
        "bic": "046311890",
        "swift": "",
        "name": "АО \"БАЛАКОВО-БАНК\"",
        "corrAccount": "30101810022026311890",
        "address": "УЛ ФАКЕЛ СОЦИАЛИЗМА, 21",
        "city": "Г. БАЛАКОВО",
        "phones": "(8453)444166,447007",
        "country": "4e127564-d74f-4dd9-bced-0327f0f4e061",
        "countryCode": "643",
        "activityDiscontinued": false
    },
    {
        "guid": "a38a1aa8-d82b-11e8-80bb-08002789bf51",
        "archive": false,
        "dateOutputArchive": "0001-01-01T00:00:00Z",
        "thisGroup": false,
        "parent": "78ddabe5-ca67-11e5-826c-605718cb5baa",
        "bic": "044525641",
        "swift": "",
        "name": "ФИЛИАЛ 1 ООО КБ \"ЦЕНТРАЛЬНО-ЕВРОПЕЙСКИЙ БАНК\"",
        "corrAccount": "30101810245250000641",
        "address": "ПРОЕКТ-Й 4062Й ПР-Д, 6, СТР 16",
        "city": "Г. МОСКВА",
        "phones": "(495)6625665",
        "country": "4e127564-d74f-4dd9-bced-0327f0f4e061",
        "countryCode": "643",
        "activityDiscontinued": false
    },
    {
        "guid": "a38a1aa9-d82b-11e8-80bb-08002789bf51",
        "archive": false,
        "dateOutputArchive": "0001-01-01T00:00:00Z",
        "thisGroup": false,
        "parent": "78ddac17-ca67-11e5-826c-605718cb5baa",
        "bic": "046015946",
        "swift": "",
        "name": "ПАО \"ТАГАНРОГБАНК\"",
        "corrAccount": "30101810960150000946",
        "address": "УЛ. ГРЕЧЕСКАЯ, 71 ТЕЛ.(8634)31",
        "city": "Г. ТАГАНРОГ",
        "phones": "",
        "country": "4e127564-d74f-4dd9-bced-0327f0f4e061",
        "countryCode": "643",
        "activityDiscontinued": false
    },
    {
        "guid": "a38a1aaa-d82b-11e8-80bb-08002789bf51",
        "archive": false,
        "dateOutputArchive": "0001-01-01T00:00:00Z",
        "thisGroup": false,
        "parent": "78ddabe5-ca67-11e5-826c-605718cb5baa",
        "bic": "044525646",
        "swift": "",
        "name": "НКО НКЦ (АО)",
        "corrAccount": "30103810345250000646",
        "address": "Б. КИСЛОВСКИЙ ПЕР, 13",
        "city": "Г. МОСКВА",
        "phones": "(495)7829794",
        "country": "4e127564-d74f-4dd9-bced-0327f0f4e061",
        "countryCode": "643",
        "activityDiscontinued": false
    },
    {
        "guid": "a38a1aab-d82b-11e8-80bb-08002789bf51",
        "archive": false,
        "dateOutputArchive": "0001-01-01T00:00:00Z",
        "thisGroup": false,
        "parent": "78ddac07-ca67-11e5-826c-605718cb5baa",
        "bic": "045004841",
        "swift": "",
        "name": "НОВОСИБИРСКИЙ ФИЛИАЛ ТКБ БАНК ПАО",
        "corrAccount": "30101810250040000841",
        "address": "УЛ КОММУНИСТИЧЕСКАЯ, 35",
        "city": "Г. НОВОСИБИРСК",
        "phones": "(383)3252500,3252660",
        "country": "4e127564-d74f-4dd9-bced-0327f0f4e061",
        "countryCode": "643",
        "activityDiscontinued": false
    },
    {
        "guid": "a38a1aac-d82b-11e8-80bb-08002789bf51",
        "archive": false,
        "dateOutputArchive": "0001-01-01T00:00:00Z",
        "thisGroup": false,
        "parent": "78ddac07-ca67-11e5-826c-605718cb5baa",
        "bic": "045004846",
        "swift": "",
        "name": "Ф-Л \"НОВОСИБИРСК\" АКБ \"РОСЕВРОБАНК\" (АО)",
        "corrAccount": "30101810750040000846",
        "address": "УЛ ФРУНЗЕ, 5",
        "city": "Г. НОВОСИБИРСК",
        "phones": "(383)2020750",
        "country": "4e127564-d74f-4dd9-bced-0327f0f4e061",
        "countryCode": "643",
        "activityDiscontinued": false
    },
    {
        "guid": "a38a1aad-d82b-11e8-80bb-08002789bf51",
        "archive": false,
        "dateOutputArchive": "0001-01-01T00:00:00Z",
        "thisGroup": false,
        "parent": "78ddac07-ca67-11e5-826c-605718cb5baa",
        "bic": "045004845",
        "swift": "",
        "name": "ФИЛИАЛ \"НОВОСИБИРСКИЙ\" ПАО КБ \"УБРИР\"",
        "corrAccount": "30101810450040000845",
        "address": "УЛ ВОКЗАЛЬНАЯ МАГИСТРАЛЬ, 1",
        "city": "Г. НОВОСИБИРСК",
        "phones": "(383)2201141,2201181",
        "country": "4e127564-d74f-4dd9-bced-0327f0f4e061",
        "countryCode": "643",
        "activityDiscontinued": false
    },
    {
        "guid": "a38a1aae-d82b-11e8-80bb-08002789bf51",
        "archive": false,
        "dateOutputArchive": "0001-01-01T00:00:00Z",
        "thisGroup": false,
        "parent": "78ddac07-ca67-11e5-826c-605718cb5baa",
        "bic": "045004833",
        "swift": "",
        "name": "НОВОСИБИРСКИЙ ФИЛИАЛ ООО \"БАНК БКФ\"",
        "corrAccount": "30101810750040000833",
        "address": "ПР-Т ДИМИТРОВА, 4/1",
        "city": "Г. НОВОСИБИРСК",
        "phones": "(383)3191118,3191116",
        "country": "4e127564-d74f-4dd9-bced-0327f0f4e061",
        "countryCode": "643",
        "activityDiscontinued": false
    },
    {
        "guid": "aaaf21b4-d82b-11e8-80bb-08002789bf51",
        "archive": false,
        "dateOutputArchive": "0001-01-01T00:00:00Z",
        "thisGroup": false,
        "parent": "78ddac07-ca67-11e5-826c-605718cb5baa",
        "bic": "045004818",
        "swift": "",
        "name": "НОВОСИБИРСКИЙ ФИЛИАЛ АО ЮНИКРЕДИТ БАНКА",
        "corrAccount": "30101810050040000818",
        "address": "УЛ МАКСИМА ГОРЬКОГО, 53",
        "city": "Г. НОВОСИБИРСК",
        "phones": "(383)2300163",
        "country": "4e127564-d74f-4dd9-bced-0327f0f4e061",
        "countryCode": "643",
        "activityDiscontinued": false
    },
    {
        "guid": "aaaf21b5-d82b-11e8-80bb-08002789bf51",
        "archive": false,
        "dateOutputArchive": "0001-01-01T00:00:00Z",
        "thisGroup": false,
        "parent": "78ddabeb-ca67-11e5-826c-605718cb5baa",
        "bic": "040715725",
        "swift": "",
        "name": "ООО \"РУСБС\"",
        "corrAccount": "30101810107150000725",
        "address": "УЛ ГАГАРИНА, 148",
        "city": "СТ-ЦА ЕССЕНТУКСКАЯ",
        "phones": "(87961)51171,24177,50987",
        "country": "4e127564-d74f-4dd9-bced-0327f0f4e061",
        "countryCode": "643",
        "activityDiscontinued": false
    },
    {
        "guid": "aaaf21b6-d82b-11e8-80bb-08002789bf51",
        "archive": false,
        "dateOutputArchive": "0001-01-01T00:00:00Z",
        "thisGroup": false,
        "parent": "78ddac0f-ca67-11e5-826c-605718cb5baa",
        "bic": "040349789",
        "swift": "",
        "name": "ООО КБ \"ГТ БАНК\"",
        "corrAccount": "30101810303490000789",
        "address": "УЛ СЕВЕРНАЯ, 321",
        "city": "Г. КРАСНОДАР",
        "phones": "(861)2790305,2791744",
        "country": "4e127564-d74f-4dd9-bced-0327f0f4e061",
        "countryCode": "643",
        "activityDiscontinued": false
    },
    {
        "guid": "aaaf21b7-d82b-11e8-80bb-08002789bf51",
        "archive": false,
        "dateOutputArchive": "0001-01-01T00:00:00Z",
        "thisGroup": false,
        "parent": "78ddac00-ca67-11e5-826c-605718cb5baa",
        "bic": "048209848",
        "swift": "",
        "name": "КУ ООО КБ \"ПРЕСТИЖКРЕДИТБАНК\" ГК \"АСВ\"",
        "corrAccount": "30101810282090000848",
        "address": "УЛ КАММАЕВА, 19, К \"Ж\"",
        "city": "Г. МАХАЧКАЛА",
        "phones": "(8722)561920,561921",
        "country": "4e127564-d74f-4dd9-bced-0327f0f4e061",
        "countryCode": "643",
        "activityDiscontinued": false
    },
    {
        "guid": "aaaf21b8-d82b-11e8-80bb-08002789bf51",
        "archive": false,
        "dateOutputArchive": "0001-01-01T00:00:00Z",
        "thisGroup": false,
        "parent": "78ddac98-ca67-11e5-826c-605718cb5baa",
        "bic": "041117785",
        "swift": "",
        "name": "Ф-л \"Космодром-Плесецк\" АО \"ФОНДСЕРВИСБАНК\"",
        "corrAccount": "30101810540300011785",
        "address": "УЛ. ПУШКИНА, Д. 3",
        "city": "Г. МИРНЫЙ",
        "phones": "",
        "country": "4e127564-d74f-4dd9-bced-0327f0f4e061",
        "countryCode": "643",
        "activityDiscontinued": false
    },
    {
        "guid": "aaaf21b9-d82b-11e8-80bb-08002789bf51",
        "archive": false,
        "dateOutputArchive": "0001-01-01T00:00:00Z",
        "thisGroup": false,
        "parent": "78ddac34-ca67-11e5-826c-605718cb5baa",
        "bic": "046489002",
        "swift": "",
        "name": "ПУ БАНКА РОССИИ ОХОТСКОЕ",
        "corrAccount": "",
        "address": "УЛ ГНЕЧКО, 1",
        "city": "ПГТ ЮЖНО-КУРИЛЬСК",
        "phones": "",
        "country": "4e127564-d74f-4dd9-bced-0327f0f4e061",
        "countryCode": "643",
        "activityDiscontinued": false
    },
    {
        "guid": "78ddac57-ca67-11e5-826c-605718cb5baa",
        "archive": "",
        "dateOutputArchive": "",
        "thisGroup": true,
        "parent": "00000000-0000-0000-0000-000000000000",
        "bic": "27       ",
        "swift": "",
        "name": "КАЛИНИНГРАДСКАЯ ОБЛАСТЬ",
        "corrAccount": "",
        "address": "",
        "city": "",
        "phones": "",
        "country": "",
        "countryCode": "",
        "activityDiscontinued": ""
    },
    {
        "guid": "aaaf21ba-d82b-11e8-80bb-08002789bf51",
        "archive": false,
        "dateOutputArchive": "0001-01-01T00:00:00Z",
        "thisGroup": false,
        "parent": "78ddabfd-ca67-11e5-826c-605718cb5baa",
        "bic": "046311926",
        "swift": "",
        "name": "АО РНКО \"СИНЕРГИЯ\"",
        "corrAccount": "30103810622026311926",
        "address": "Г. САРАТОВ, УЛ. РАБОЧАЯ, 27",
        "city": "Г. САРАТОВ",
        "phones": "",
        "country": "4e127564-d74f-4dd9-bced-0327f0f4e061",
        "countryCode": "643",
        "activityDiscontinued": false
    },
    {
        "guid": "aaaf21bb-d82b-11e8-80bb-08002789bf51",
        "archive": false,
        "dateOutputArchive": "0001-01-01T00:00:00Z",
        "thisGroup": false,
        "parent": "78ddac0f-ca67-11e5-826c-605718cb5baa",
        "bic": "040349744",
        "swift": "",
        "name": "КРАСНОДАРСКИЙ ФИЛИАЛ ПАО РОСБАНК",
        "corrAccount": "30101810403490000744",
        "address": "УЛ ОЛИМПИЙСКАЯ, 8",
        "city": "Г. КРАСНОДАР",
        "phones": "(861)2739730,2739731",
        "country": "4e127564-d74f-4dd9-bced-0327f0f4e061",
        "countryCode": "643",
        "activityDiscontinued": false
    },
    {
        "guid": "aaaf21bc-d82b-11e8-80bb-08002789bf51",
        "archive": false,
        "dateOutputArchive": "0001-01-01T00:00:00Z",
        "thisGroup": false,
        "parent": "78ddac07-ca67-11e5-826c-605718cb5baa",
        "bic": "045004796",
        "swift": "",
        "name": "ФИЛИАЛ \"НОВОСИБИРСК\" КБ \"ЛОКО-БАНК\" (АО)",
        "corrAccount": "30101810350040000796",
        "address": "УЛ ЛЕНИНА, 52",
        "city": "Г. НОВОСИБИРСК",
        "phones": "(383)2380740,2380750",
        "country": "4e127564-d74f-4dd9-bced-0327f0f4e061",
        "countryCode": "643",
        "activityDiscontinued": false
    },
    {
        "guid": "aaaf21bd-d82b-11e8-80bb-08002789bf51",
        "archive": false,
        "dateOutputArchive": "0001-01-01T00:00:00Z",
        "thisGroup": false,
        "parent": "78ddac17-ca67-11e5-826c-605718cb5baa",
        "bic": "046015080",
        "swift": "",
        "name": "РОСТОВСКИЙ ФИЛИАЛ ПАО \"РГС БАНК\"",
        "corrAccount": "30101810460150000080",
        "address": "УЛ ГОРОДА ВОЛОС, 11/81-83/34",
        "city": "Г. РОСТОВ-НА-ДОНУ",
        "phones": "(863)2370660",
        "country": "4e127564-d74f-4dd9-bced-0327f0f4e061",
        "countryCode": "643",
        "activityDiscontinued": false
    },
    {
        "guid": "aaaf21be-d82b-11e8-80bb-08002789bf51",
        "archive": false,
        "dateOutputArchive": "0001-01-01T00:00:00Z",
        "thisGroup": false,
        "parent": "78ddac07-ca67-11e5-826c-605718cb5baa",
        "bic": "045004785",
        "swift": "",
        "name": "НОВОСИБИРСКИЙ Ф-Л ПАО АКБ \"МЕТАЛЛИНВЕСТБАНК\"",
        "corrAccount": "30101810950040000785",
        "address": "УЛ СОВЕТСКАЯ, 8",
        "city": "Г. НОВОСИБИРСК",
        "phones": "(383)2091447,2091446",
        "country": "4e127564-d74f-4dd9-bced-0327f0f4e061",
        "countryCode": "643",
        "activityDiscontinued": false
    },
    {
        "guid": "aaaf21bf-d82b-11e8-80bb-08002789bf51",
        "archive": false,
        "dateOutputArchive": "0001-01-01T00:00:00Z",
        "thisGroup": false,
        "parent": "78ddac17-ca67-11e5-826c-605718cb5baa",
        "bic": "046015081",
        "swift": "",
        "name": "РОСТОВСКИЙ ФИЛИАЛ АО ЮНИКРЕДИТ БАНКА",
        "corrAccount": "30101810760150000081",
        "address": "УЛ СОЦИАЛИСТИЧЕСКАЯ, 58/51",
        "city": "Г. РОСТОВ-НА-ДОНУ",
        "phones": "(863)2630900,2630906",
        "country": "4e127564-d74f-4dd9-bced-0327f0f4e061",
        "countryCode": "643",
        "activityDiscontinued": false
    },
    {
        "guid": "aaaf21c0-d82b-11e8-80bb-08002789bf51",
        "archive": false,
        "dateOutputArchive": "0001-01-01T00:00:00Z",
        "thisGroup": false,
        "parent": "78ddac07-ca67-11e5-826c-605718cb5baa",
        "bic": "045004789",
        "swift": "",
        "name": "ФИЛИАЛ БАНКА МБСП (АО) В НОВОСИБИРСКЕ",
        "corrAccount": "30101810150040000789",
        "address": "ПР-Т ДИМИТРОВА, 12",
        "city": "Г. НОВОСИБИРСК",
        "phones": "(383)3734340,3734341",
        "country": "4e127564-d74f-4dd9-bced-0327f0f4e061",
        "countryCode": "643",
        "activityDiscontinued": false
    },
    {
        "guid": "aaaf21c1-d82b-11e8-80bb-08002789bf51",
        "archive": false,
        "dateOutputArchive": "0001-01-01T00:00:00Z",
        "thisGroup": false,
        "parent": "78ddac17-ca67-11e5-826c-605718cb5baa",
        "bic": "046015088",
        "swift": "SJSCRUMMRND",
        "name": "ФИЛИАЛ \"СДМ-БАНК\" (ПАО) В Г. РОСТОВ-НА-ДОНУ",
        "corrAccount": "30101810860150000088",
        "address": "УЛ КАТАЕВА, 293",
        "city": "Г. РОСТОВ-НА-ДОНУ",
        "phones": "(863)2197712,2197714",
        "country": "4e127564-d74f-4dd9-bced-0327f0f4e061",
        "countryCode": "643",
        "activityDiscontinued": false
    },
    {
        "guid": "aaaf21c2-d82b-11e8-80bb-08002789bf51",
        "archive": false,
        "dateOutputArchive": "0001-01-01T00:00:00Z",
        "thisGroup": false,
        "parent": "78ddac07-ca67-11e5-826c-605718cb5baa",
        "bic": "045004778",
        "swift": "",
        "name": "ФИЛИАЛ БАНКА \"ВБРР\" (АО) В Г.НОВОСИБИРСКЕ",
        "corrAccount": "30101810750040000778",
        "address": "УЛ СИБРЕВКОМА, 2",
        "city": "Г. НОВОСИБИРСК",
        "phones": "(383)2302201",
        "country": "4e127564-d74f-4dd9-bced-0327f0f4e061",
        "countryCode": "643",
        "activityDiscontinued": false
    },
    {
        "guid": "aaaf21c3-d82b-11e8-80bb-08002789bf51",
        "archive": false,
        "dateOutputArchive": "0001-01-01T00:00:00Z",
        "thisGroup": false,
        "parent": "78ddac0f-ca67-11e5-826c-605718cb5baa",
        "bic": "040349758",
        "swift": "VTBRRUM2KD3",
        "name": "ФИЛИАЛ № 2351 БАНКА ВТБ (ПАО)",
        "corrAccount": "30101810703490000758",
        "address": "УЛ ИМ. ГОГОЛЯ, 68",
        "city": "Г. КРАСНОДАР",
        "phones": "(861)2126424,2125627",
        "country": "4e127564-d74f-4dd9-bced-0327f0f4e061",
        "countryCode": "643",
        "activityDiscontinued": false
    },
    {
        "guid": "aaaf21c4-d82b-11e8-80bb-08002789bf51",
        "archive": false,
        "dateOutputArchive": "0001-01-01T00:00:00Z",
        "thisGroup": false,
        "parent": "78ddac17-ca67-11e5-826c-605718cb5baa",
        "bic": "046015094",
        "swift": "",
        "name": "НОВОЧЕРКАССКИЙ ФИЛИАЛ АО \"ФОНДСЕРВИСБАНК\"",
        "corrAccount": "30101810760150000094",
        "address": "ПЛАТОВСКИЙ ПР-Т, 59 Б",
        "city": "Г. НОВОЧЕРКАССК",
        "phones": "(8635)240550",
        "country": "4e127564-d74f-4dd9-bced-0327f0f4e061",
        "countryCode": "643",
        "activityDiscontinued": false
    },
    {
        "guid": "aaaf21c5-d82b-11e8-80bb-08002789bf51",
        "archive": false,
        "dateOutputArchive": "0001-01-01T00:00:00Z",
        "thisGroup": false,
        "parent": "78ddac17-ca67-11e5-826c-605718cb5baa",
        "bic": "046015068",
        "swift": "",
        "name": "ДОНСКОЙ ФИЛИАЛ АО КБ \"СИТИБАНК\"",
        "corrAccount": "30101810660150000068",
        "address": "УЛ Б. САДОВАЯ, 124",
        "city": "Г. РОСТОВ-НА-ДОНУ",
        "phones": "(863)2040043,2040002",
        "country": "4e127564-d74f-4dd9-bced-0327f0f4e061",
        "countryCode": "643",
        "activityDiscontinued": false
    },
    {
        "guid": "aaaf21c6-d82b-11e8-80bb-08002789bf51",
        "archive": false,
        "dateOutputArchive": "0001-01-01T00:00:00Z",
        "thisGroup": false,
        "parent": "78ddac07-ca67-11e5-826c-605718cb5baa",
        "bic": "045004763",
        "swift": "",
        "name": "ФИЛИАЛ \"ЦЕНТРАЛЬНЫЙ\" ПАО \"СОВКОМБАНК\"",
        "corrAccount": "30101810150040000763",
        "address": "УЛ ПОПОВА, 11",
        "city": "Г. БЕРДСК",
        "phones": "(383)3340606",
        "country": "4e127564-d74f-4dd9-bced-0327f0f4e061",
        "countryCode": "643",
        "activityDiscontinued": false
    },
    {
        "guid": "aaaf21c7-d82b-11e8-80bb-08002789bf51",
        "archive": false,
        "dateOutputArchive": "0001-01-01T00:00:00Z",
        "thisGroup": false,
        "parent": "78ddac17-ca67-11e5-826c-605718cb5baa",
        "bic": "046015066",
        "swift": "",
        "name": "Ф-Л АО АКБ \"НОВИКОМБАНК\" В Г.РОСТОВЕ-НА-ДОНУ",
        "corrAccount": "30101810060150000066",
        "address": "УЛ КРАСНОАРМЕЙСКАЯ, 170/84",
        "city": "Г. РОСТОВ-НА-ДОНУ",
        "phones": "(863)2017777",
        "country": "4e127564-d74f-4dd9-bced-0327f0f4e061",
        "countryCode": "643",
        "activityDiscontinued": false
    },
    {
        "guid": "78ddabe0-ca67-11e5-826c-605718cb5baa",
        "archive": false,
        "dateOutputArchive": "0001-01-01T00:00:00Z",
        "thisGroup": false,
        "parent": "78ddabdf-ca67-11e5-826c-605718cb5baa",
        "bic": "049246920",
        "swift": "",
        "name": "НИЖНЕКАМСКИЙ ФАБ \"ДЕВОН-КРЕДИТ\" (ПАО)",
        "corrAccount": "30101810700000000920",
        "address": "",
        "city": "Г. НИЖНЕКАМСК",
        "phones": "",
        "country": "00000000-0000-0000-0000-000000000000",
        "countryCode": "",
        "activityDiscontinued": true
    },
    {
        "guid": "aaaf21c8-d82b-11e8-80bb-08002789bf51",
        "archive": false,
        "dateOutputArchive": "0001-01-01T00:00:00Z",
        "thisGroup": false,
        "parent": "78ddac17-ca67-11e5-826c-605718cb5baa",
        "bic": "046015064",
        "swift": "",
        "name": "ЮЖНЫЙ ФИЛИАЛ АО \"БАНК ИНТЕЗА\"",
        "corrAccount": "30101810460150000064",
        "address": "ВОРОШИЛОВСКИЙ ПР-Т, 48",
        "city": "Г. РОСТОВ-НА-ДОНУ",
        "phones": "(863)2318377,2318388",
        "country": "4e127564-d74f-4dd9-bced-0327f0f4e061",
        "countryCode": "643",
        "activityDiscontinued": false
    },
    {
        "guid": "aaaf21c9-d82b-11e8-80bb-08002789bf51",
        "archive": false,
        "dateOutputArchive": "0001-01-01T00:00:00Z",
        "thisGroup": false,
        "parent": "78ddac17-ca67-11e5-826c-605718cb5baa",
        "bic": "046015065",
        "swift": "JSNMRUMMRND",
        "name": "РОСТОВСКИЙ ФИЛИАЛ ПАО БАНКА \"ФК ОТКРЫТИЕ\"",
        "corrAccount": "30101810760150000065",
        "address": "УЛ ТЕКУЧЕВА, 234",
        "city": "Г. РОСТОВ-НА-ДОНУ",
        "phones": "(863)2009099",
        "country": "4e127564-d74f-4dd9-bced-0327f0f4e061",
        "countryCode": "643",
        "activityDiscontinued": true
    },
    {
        "guid": "aaaf21ca-d82b-11e8-80bb-08002789bf51",
        "archive": false,
        "dateOutputArchive": "0001-01-01T00:00:00Z",
        "thisGroup": false,
        "parent": "78ddac17-ca67-11e5-826c-605718cb5baa",
        "bic": "046015060",
        "swift": "",
        "name": "ФИЛИАЛ АО \"ГЕНБАНК\" В Г.РОСТОВ-НА-ДОНУ",
        "corrAccount": "30101810260150000060",
        "address": "УЛ ПУШКИНСКАЯ, 94",
        "city": "Г. РОСТОВ-НА-ДОНУ",
        "phones": "(863)2999333",
        "country": "4e127564-d74f-4dd9-bced-0327f0f4e061",
        "countryCode": "643",
        "activityDiscontinued": false
    },
    {
        "guid": "aaaf21cb-d82b-11e8-80bb-08002789bf51",
        "archive": false,
        "dateOutputArchive": "0001-01-01T00:00:00Z",
        "thisGroup": false,
        "parent": "78ddac17-ca67-11e5-826c-605718cb5baa",
        "bic": "046015061",
        "swift": "",
        "name": "ФИЛИАЛ ЮЖНЫЙ ПАО БАНКА \"ФК ОТКРЫТИЕ\"",
        "corrAccount": "30101810560150000061",
        "address": "УЛ ГОРОДА ВОЛОС, 112/130",
        "city": "Г. РОСТОВ-НА-ДОНУ",
        "phones": "(863)2688901",
        "country": "4e127564-d74f-4dd9-bced-0327f0f4e061",
        "countryCode": "643",
        "activityDiscontinued": false
    }
]
]]></system-out>
  </testcase>
  <testcase name="getBankList" classname="AutoTest.ClassifireIsAllRussianTest" time="1.059">
    <failure message="1 expectation failed.&#10;Response body doesn&apos;t match expectation.&#10;Expected: The content to match the given JSON schema.&#10;error: instance type (string) does not match any allowed primitive type (allowed: [&quot;boolean&quot;])&#10;    level: &quot;error&quot;&#10;    schema: {&quot;loadingURI&quot;:&quot;file:/C:/Users/Sasha/Api/target/test-classes/getBankList.json#&quot;,&quot;pointer&quot;:&quot;/items/properties/activityDiscontinued&quot;}&#10;    instance: {&quot;pointer&quot;:&quot;/13/activityDiscontinued&quot;}&#10;    domain: &quot;validation&quot;&#10;    keyword: &quot;type&quot;&#10;    found: &quot;string&quot;&#10;    expected: [&quot;boolean&quot;]&#10;error: string &quot;&quot; is too short (length: 0, required minimum: 1)&#10;    level: &quot;error&quot;&#10;    schema: {&quot;loadingURI&quot;:&quot;file:/C:/Users/Sasha/Api/target/test-classes/getBankList.json#&quot;,&quot;pointer&quot;:&quot;/items/properties/address&quot;}&#10;    instance: {&quot;pointer&quot;:&quot;/13/address&quot;}&#10;    domain: &quot;validation&quot;&#10;    keyword: &quot;minLength&quot;&#10;    value: &quot;&quot;&#10;    found: 0&#10;    minLength: 1&#10;error: instance type (string) does not match any allowed primitive type (allowed: [&quot;boolean&quot;])&#10;    level: &quot;error&quot;&#10;    schema: {&quot;loadingURI&quot;:&quot;file:/C:/Users/Sasha/Api/target/test-classes/getBankList.json#&quot;,&quot;pointer&quot;:&quot;/items/properties/archive&quot;}&#10;    instance: {&quot;pointer&quot;:&quot;/13/archive&quot;}&#10;    domain: &quot;validation&quot;&#10;    keyword: &quot;type&quot;&#10;    found: &quot;string&quot;&#10;    expected: [&quot;boolean&quot;]&#10;error: string &quot;&quot; is too short (length: 0, required minimum: 1)&#10;    level: &quot;error&quot;&#10;    schema: {&quot;loadingURI&quot;:&quot;file:/C:/Users/Sasha/Api/target/test-classes/getBankList.json#&quot;,&quot;pointer&quot;:&quot;/items/properties/city&quot;}&#10;    instance: {&quot;pointer&quot;:&quot;/13/city&quot;}&#10;    domain: &quot;validation&quot;&#10;    keyword: &quot;minLength&quot;&#10;    value: &quot;&quot;&#10;    found: 0&#10;    minLength: 1&#10;error: string &quot;&quot; is too short (length: 0, required minimum: 20)&#10;    level: &quot;error&quot;&#10;    schema: {&quot;loadingURI&quot;:&quot;file:/C:/Users/Sasha/Api/target/test-classes/getBankList.json#&quot;,&quot;pointer&quot;:&quot;/items/properties/corrAccount&quot;}&#10;    instance: {&quot;pointer&quot;:&quot;/13/corrAccount&quot;}&#10;    domain: &quot;validation&quot;&#10;    keyword: &quot;minLength&quot;&#10;    value: &quot;&quot;&#10;    found: 0&#10;    minLength: 20&#10;error: string &quot;&quot; is too short (length: 0, required minimum: 36)&#10;    level: &quot;error&quot;&#10;    schema: {&quot;loadingURI&quot;:&quot;file:/C:/Users/Sasha/Api/target/test-classes/getBankList.json#&quot;,&quot;pointer&quot;:&quot;/items/properties/country&quot;}&#10;    instance: {&quot;pointer&quot;:&quot;/13/country&quot;}&#10;    domain: &quot;validation&quot;&#10;    keyword: &quot;minLength&quot;&#10;    value: &quot;&quot;&#10;    found: 0&#10;    minLength: 36&#10;error: string &quot;&quot; is too short (length: 0, required minimum: 3)&#10;    level: &quot;error&quot;&#10;    schema: {&quot;loadingURI&quot;:&quot;file:/C:/Users/Sasha/Api/target/test-classes/getBankList.json#&quot;,&quot;pointer&quot;:&quot;/items/properties/countryCode&quot;}&#10;    instance: {&quot;pointer&quot;:&quot;/13/countryCode&quot;}&#10;    domain: &quot;validation&quot;&#10;    keyword: &quot;minLength&quot;&#10;    value: &quot;&quot;&#10;    found: 0&#10;    minLength: 3&#10;error: string &quot;&quot; is too short (length: 0, required minimum: 10)&#10;    level: &quot;error&quot;&#10;    schema: {&quot;loadingURI&quot;:&quot;file:/C:/Users/Sasha/Api/target/test-classes/getBankList.json#&quot;,&quot;pointer&quot;:&quot;/items/properties/dateOutputArchive&quot;}&#10;    instance: {&quot;pointer&quot;:&quot;/13/dateOutputArchive&quot;}&#10;    domain: &quot;validation&quot;&#10;    keyword: &quot;minLength&quot;&#10;    value: &quot;&quot;&#10;    found: 0&#10;    minLength: 10&#10;&#10;  Actual: [{guid=979300ab-d82b-11e8-80bb-08002789bf51, archive=false, dateOutputArchive=0001-01-01T00:00:00Z, thisGroup=false, parent=78ddabf2-ca67-11e5-826c-605718cb5baa, bic=043601707, swift=, name=ФИЛИАЛ &quot;САМАРСКИЙ&quot; АО &quot;ОТП БАНК&quot;, corrAccount=30101810722023601707, address=УЛ АВРОРЫ, 150, city=Г. САМАРА, phones=(846)3425312,3425313, country=4e127564-d74f-4dd9-bced-0327f0f4e061, countryCode=643, activityDiscontinued=false}, {guid=979300ac-d82b-11e8-80bb-08002789bf51, archive=false, dateOutputArchive=0001-01-01T00:00:00Z, thisGroup=false, parent=78ddabe1-ca67-11e5-826c-605718cb5baa, bic=044030792, swift=, name=ФИЛИАЛ &quot;СЕВЕРО-ЗАПАДНЫЙ&quot; &quot;УМ-БАНК&quot; ООО, corrAccount=30101810640300000792, address=КАМЕННООСТРОВСКИЙ ПР-Т, 61 ПОМ, city=Г. САНКТ-ПЕТЕРБУРГ, phones=(812)4560720, country=4e127564-d74f-4dd9-bced-0327f0f4e061, countryCode=643, activityDiscontinued=false}, {guid=979300ad-d82b-11e8-80bb-08002789bf51, archive=false, dateOutputArchive=0001-01-01T00:00:00Z, thisGroup=false, parent=78ddac07-ca67-11e5-826c-605718cb5baa, bic=045004711, swift=, name=Куйбышевский филиал АКБ &quot;Ланта-Банк&quot; (АО), corrAccount=30101810750045004711, address=КВАРТАЛ 1, ДОМ 29 &quot;ВСТАВКА&quot;, city=Г. КУЙБЫШЕВ, phones=, country=4e127564-d74f-4dd9-bced-0327f0f4e061, countryCode=643, activityDiscontinued=false}, {guid=979300ae-d82b-11e8-80bb-08002789bf51, archive=false, dateOutputArchive=0001-01-01T00:00:00Z, thisGroup=false, parent=78ddac07-ca67-11e5-826c-605718cb5baa, bic=045004719, swift=, name=ФИЛИАЛ № 5440 БАНКА ВТБ (ПАО), corrAccount=30101810450040000719, address=УЛ ФРУНЗЕ, 232, 234, 234/1, city=Г. НОВОСИБИРСК, phones=(383)2492424,2492425, country=4e127564-d74f-4dd9-bced-0327f0f4e061, countryCode=643, activityDiscontinued=false}, {guid=979300af-d82b-11e8-80bb-08002789bf51, archive=false, dateOutputArchive=0001-01-01T00:00:00Z, thisGroup=false, parent=78ddac07-ca67-11e5-826c-605718cb5baa, bic=045004701, swift=, name=НОВОСИБИРСКИЙ ФИЛИАЛ АБ &quot;РОССИЯ&quot;, corrAccount=30101810950040000701, address=УЛ СЕМЬИ ШАМШИНЫХ, 26, 26/1, city=Г. НОВОСИБИРСК, phones=(383)3670691,3670692, country=4e127564-d74f-4dd9-bced-0327f0f4e061, countryCode=643, activityDiscontinued=false}, {guid=979300b0-d82b-11e8-80bb-08002789bf51, archive=false, dateOutputArchive=0001-01-01T00:00:00Z, thisGroup=false, parent=78ddac09-ca67-11e5-826c-605718cb5baa, bic=046577459, swift=, name=ФИЛИАЛ &quot;УРАЛЬСКИЙ&quot; &quot;УМ-БАНК&quot; ООО, corrAccount=30101810165770000459, address=УЛ БЕЛИНСКОГО, 86, city=Г. ЕКАТЕРИНБУРГ, phones=(343)2871010,3452644, country=4e127564-d74f-4dd9-bced-0327f0f4e061, countryCode=643, activityDiscontinued=false}, {guid=979300b1-d82b-11e8-80bb-08002789bf51, archive=false, dateOutputArchive=0001-01-01T00:00:00Z, thisGroup=false, parent=78ddabe5-ca67-11e5-826c-605718cb5baa, bic=044525745, swift=VTBRRUM2MS3, name=ФИЛИАЛ № 7701 БАНКА ВТБ (ПАО), corrAccount=30101810345250000745, address=УЛ КУЗНЕЦКИЙ МОСТ, 17, СТР 1, city=Г. МОСКВА, phones=(495)9258000, country=4e127564-d74f-4dd9-bced-0327f0f4e061, countryCode=643, activityDiscontinued=false}, {guid=979300b2-d82b-11e8-80bb-08002789bf51, archive=false, dateOutputArchive=0001-01-01T00:00:00Z, thisGroup=false, parent=78ddabe9-ca67-11e5-826c-605718cb5baa, bic=042520842, swift=, name=&quot;Братский АНКБ&quot; ПАО, corrAccount=30101810850042520842, address=УЛ. КОМСОМОЛЬСКАЯ, Д. 43, city=Г. БРАТСК, phones=, country=4e127564-d74f-4dd9-bced-0327f0f4e061, countryCode=643, activityDiscontinued=false}, {guid=979300b3-d82b-11e8-80bb-08002789bf51, archive=false, dateOutputArchive=0001-01-01T00:00:00Z, thisGroup=false, parent=78ddabe9-ca67-11e5-826c-605718cb5baa, bic=042520811, swift=, name=АО &quot;ГРИНКОМБАНК&quot;, corrAccount=30101810950040000811, address=УЛ ФРАНК-КАМЕНЕЦКОГО, 8, city=Г. ИРКУТСК, phones=(3952)255196,240197, country=4e127564-d74f-4dd9-bced-0327f0f4e061, countryCode=643, activityDiscontinued=false}, {guid=979300b4-d82b-11e8-80bb-08002789bf51, archive=false, dateOutputArchive=0001-01-01T00:00:00Z, thisGroup=false, parent=78ddac9c-ca67-11e5-826c-605718cb5baa, bic=040407523, swift=, name=АО АИКБ &quot;ЕНИСЕЙСКИЙ ОБЪЕДИНЕННЫЙ БАНК&quot;, corrAccount=30101810650040000523, address=УЛ КАРЛА МАРКСА, 62, city=Г. КРАСНОЯРСК, phones=(391)2770000, country=4e127564-d74f-4dd9-bced-0327f0f4e061, countryCode=643, activityDiscontinued=false}, {guid=979300b5-d82b-11e8-80bb-08002789bf51, archive=false, dateOutputArchive=0001-01-01T00:00:00Z, thisGroup=false, parent=e8b01830-ca8b-11e5-826c-605718cb5baa, bic=041403725, swift=, name=ООО &quot;Осколбанк&quot;, corrAccount=30101810745250000725, address=Г. СТАРЫЙ ОСКОЛ, М-Н ОЛИМПИЙСК, city=Г. СТАРЫЙ ОСКОЛ, phones=, country=4e127564-d74f-4dd9-bced-0327f0f4e061, countryCode=643, activityDiscontinued=false}, {guid=979300b6-d82b-11e8-80bb-08002789bf51, archive=false, dateOutputArchive=0001-01-01T00:00:00Z, thisGroup=false, parent=78ddabe1-ca67-11e5-826c-605718cb5baa, bic=044030707, swift=VTBRRUM2SP3, name=ФИЛИАЛ № 7806 БАНКА ВТБ (ПАО), corrAccount=30101810240300000707, address=УЛ Б. МОРСКАЯ, 29 ЛИТ А, city=Г. САНКТ-ПЕТЕРБУРГ, phones=(812)3241214, country=4e127564-d74f-4dd9-bced-0327f0f4e061, countryCode=643, activityDiscontinued=false}, {guid=979300b7-d82b-11e8-80bb-08002789bf51, archive=false, dateOutputArchive=0001-01-01T00:00:00Z, thisGroup=false, parent=78ddac09-ca67-11e5-826c-605718cb5baa, bic=046577916, swift=, name=ФИЛИАЛ &quot;НОВОУРАЛЬСКИЙ&quot; ПАО КБ &quot;УБРИР&quot;, corrAccount=30101810365770000916, address=УЛ ДЗЕРЖИНСКОГО, 16, city=Г. НОВОУРАЛЬСК, phones=(34370)25591, country=4e127564-d74f-4dd9-bced-0327f0f4e061, countryCode=643, activityDiscontinued=false}, {guid=78ddabd9-ca67-11e5-826c-605718cb5baa, archive=, dateOutputArchive=, thisGroup=true, parent=00000000-0000-0000-0000-000000000000, bic=90       , swift=, name=РЕСПУБЛИКА СЕВЕРНАЯ ОСЕТИЯ-АЛАНИЯ, corrAccount=, address=, city=, phones=, country=, countryCode=, activityDiscontinued=}, {guid=979300b8-d82b-11e8-80bb-08002789bf51, archive=false, dateOutputArchive=0001-01-01T00:00:00Z, thisGroup=false, parent=78ddabdf-ca67-11e5-826c-605718cb5baa, bic=049246691, swift=, name=АБ &quot;ДЕВОН-КРЕДИТ&quot; (ПАО), corrAccount=30101810722029246691, address=УЛ ЛЕНИНА, 77, city=Г. АЛЬМЕТЬЕВСК, phones=(8553)456777, country=4e127564-d74f-4dd9-bced-0327f0f4e061, countryCode=643, activityDiscontinued=false}, {guid=979300b9-d82b-11e8-80bb-08002789bf51, archive=false, dateOutputArchive=0001-01-01T00:00:00Z, thisGroup=false, parent=78ddabe5-ca67-11e5-826c-605718cb5baa, bic=044525806, swift=, name=ФИЛИАЛ &quot;МОСКОВСКИЙ&quot; КБ &quot;СПУТНИК&quot; (ПАО), corrAccount=30101810145250000806, address=ЛЯЛИН ПЕР, 19-1, city=Г. МОСКВА, phones=(495)5891084, country=4e127564-d74f-4dd9-bced-0327f0f4e061, countryCode=643, activityDiscontinued=false}, {guid=979300ba-d82b-11e8-80bb-08002789bf51, archive=false, dateOutputArchive=0001-01-01T00:00:00Z, thisGroup=false, parent=78ddaccd-ca67-11e5-826c-605718cb5baa, bic=045209702, swift=, name=АО &quot;ИТ Банк&quot;, corrAccount=30101810750045209702, address=УЛ. ДУМСКАЯ, 7, city=Г. ОМСК, phones=, country=4e127564-d74f-4dd9-bced-0327f0f4e061, countryCode=643, activityDiscontinued=false}, {guid=979300bb-d82b-11e8-80bb-08002789bf51, archive=false, dateOutputArchive=0001-01-01T00:00:00Z, thisGroup=false, parent=78ddaccd-ca67-11e5-826c-605718cb5baa, bic=045209701, swift=, name=АО &quot;Эксперт Банк&quot;, corrAccount=30101810450045209701, address=УЛ. МАРШАЛА ЖУКОВА, ДОМ 107, city=Г. ОМСК, phones=, country=4e127564-d74f-4dd9-bced-0327f0f4e061, countryCode=643, activityDiscontinued=false}, {guid=979300bc-d82b-11e8-80bb-08002789bf51, archive=false, dateOutputArchive=0001-01-01T00:00:00Z, thisGroup=false, parent=78ddac09-ca67-11e5-826c-605718cb5baa, bic=046577743, swift=, name=ФИЛИАЛ &quot;ДЕЛО&quot; ПАО &quot;СКБ-БАНК&quot;, corrAccount=30101810965770000743, address=УЛ КУЙБЫШЕВА, 58, city=Г. ЕКАТЕРИНБУРГ, phones=(343)3557000, country=4e127564-d74f-4dd9-bced-0327f0f4e061, countryCode=643, activityDiscontinued=false}, {guid=979300bd-d82b-11e8-80bb-08002789bf51, archive=false, dateOutputArchive=0001-01-01T00:00:00Z, thisGroup=false, parent=78ddaccd-ca67-11e5-826c-605718cb5baa, bic=045209703, swift=, name=КУ АО &quot;Мираф-Банк&quot; - ГК &quot;АСВ&quot;, corrAccount=30101810050045209703, address=УЛ. ФРУНЗЕ, Д.54, city=Г. ОМСК, phones=, country=4e127564-d74f-4dd9-bced-0327f0f4e061, countryCode=643, activityDiscontinued=false}, {guid=9d8e68cb-d82b-11e8-80bb-08002789bf51, archive=false, dateOutputArchive=0001-01-01T00:00:00Z, thisGroup=false, parent=78ddac21-ca67-11e5-826c-605718cb5baa, bic=042202761, swift=, name=Ф. АКБ &quot;ФОРА-БАНК&quot; (АО) В Г. НИЖНИЙ НОВГОРОД, corrAccount=30101810822020000761, address=УЛ КОВАЛИХИНСКАЯ, 8, city=Г. НИЖНИЙ НОВГОРОД, phones=(831)2161801,2161802, country=4e127564-d74f-4dd9-bced-0327f0f4e061, countryCode=643, activityDiscontinued=false}, {guid=9d8e68cc-d82b-11e8-80bb-08002789bf51, archive=false, dateOutputArchive=0001-01-01T00:00:00Z, thisGroup=false, parent=78ddac67-ca67-11e5-826c-605718cb5baa, bic=045773804, swift=, name=ФИЛИАЛ &quot;ЛЫСЬВА&quot; АО АКБ &quot;АЛЕФ-БАНК&quot;, corrAccount=30101810965775700804, address=ПОЖАРСКОГО, Д.8, city=Г. ЛЫСЬВА, phones=, country=4e127564-d74f-4dd9-bced-0327f0f4e061, countryCode=643, activityDiscontinued=false}, {guid=9d8e68cd-d82b-11e8-80bb-08002789bf51, archive=false, dateOutputArchive=0001-01-01T00:00:00Z, thisGroup=false, parent=78ddac21-ca67-11e5-826c-605718cb5baa, bic=042202717, swift=, name=ФИЛИАЛ №10 ПАО КБ &quot;ЦЕНТР-ИНВЕСТ&quot;, corrAccount=30101810122020000717, address=УЛ КОМИНТЕРНА, 139, city=Г. НИЖНИЙ НОВГОРОД, phones=(831)4391708, country=4e127564-d74f-4dd9-bced-0327f0f4e061, countryCode=643, activityDiscontinued=false}, {guid=9d8e68ce-d82b-11e8-80bb-08002789bf51, archive=false, dateOutputArchive=0001-01-01T00:00:00Z, thisGroup=false, parent=78ddac21-ca67-11e5-826c-605718cb5baa, bic=042202716, swift=, name=НИЖЕГОРОДСКИЙ Ф БАНКА&quot;ВОЗРОЖДЕНИЕ&quot;(ПАО), corrAccount=30101810822020000716, address=УЛ БЕЛИНСКОГО, 106 А, city=Г. НИЖНИЙ НОВГОРОД, phones=(831)2787662,2783935, country=4e127564-d74f-4dd9-bced-0327f0f4e061, countryCode=643, activityDiscontinued=false}, {guid=9d8e68cf-d82b-11e8-80bb-08002789bf51, archive=false, dateOutputArchive=0001-01-01T00:00:00Z, thisGroup=false, parent=78ddac21-ca67-11e5-826c-605718cb5baa, bic=042202712, swift=, name=НИЖЕГОРОДСКИЙ ФИЛИАЛ АКБ &quot;ЛАНТА-БАНК&quot; (АО), corrAccount=30101810622020000712, address=МЕЩЕРСКИЙ Б-Р, 3, К 1, city=Г. НИЖНИЙ НОВГОРОД, phones=(831)2208322,2208320, country=4e127564-d74f-4dd9-bced-0327f0f4e061, countryCode=643, activityDiscontinued=false}, {guid=9d8e68d0-d82b-11e8-80bb-08002789bf51, archive=false, dateOutputArchive=0001-01-01T00:00:00Z, thisGroup=false, parent=78ddac17-ca67-11e5-826c-605718cb5baa, bic=046015707, swift=, name=ВОЛГОДОНСКИЙ ф Банка &quot;Возрождение&quot; (ПАО), corrAccount=30101810060150000707, address=БУЛ. ВЕЛИКОЙ ПОБЕДЫ, ДОМ №38А, city=Г. ВОЛГОДОНСК, phones=, country=4e127564-d74f-4dd9-bced-0327f0f4e061, countryCode=643, activityDiscontinued=false}, {guid=9d8e68d1-d82b-11e8-80bb-08002789bf51, archive=false, dateOutputArchive=0001-01-01T00:00:00Z, thisGroup=false, parent=78ddac21-ca67-11e5-826c-605718cb5baa, bic=042202718, swift=, name=ПАО &quot;САРОВБИЗНЕСБАНК&quot;, corrAccount=30101810422020000718, address=УЛ СИЛКИНА, 13, city=Г. САРОВ, phones=(831)4307478,(83130)33640, country=4e127564-d74f-4dd9-bced-0327f0f4e061, countryCode=643, activityDiscontinued=false}, {guid=9d8e68d2-d82b-11e8-80bb-08002789bf51, archive=false, dateOutputArchive=0001-01-01T00:00:00Z, thisGroup=false, parent=78ddac21-ca67-11e5-826c-605718cb5baa, bic=042202727, swift=, name=ПАО КОМБАНК &quot;ХИМИК&quot;, corrAccount=30101810222020000727, address=УЛ УРИЦКОГО, 10 Б, city=Г. ДЗЕРЖИНСК, phones=(8313)261608,251126, country=4e127564-d74f-4dd9-bced-0327f0f4e061, countryCode=643, activityDiscontinued=false}, {guid=9d8e68d3-d82b-11e8-80bb-08002789bf51, archive=false, dateOutputArchive=0001-01-01T00:00:00Z, thisGroup=false, parent=78ddabe5-ca67-11e5-826c-605718cb5baa, bic=044525420, swift=, name=Ф РОКЕТБАНК КИВИ БАНК (АО), corrAccount=30101810945250000420, address=УЛ ПАЛИХА, 10, СТР 5, city=Г. МОСКВА, phones=(495)2313645, country=4e127564-d74f-4dd9-bced-0327f0f4e061, countryCode=643, activityDiscontinued=false}, {guid=78ddabda-ca67-11e5-826c-605718cb5baa, archive=false, dateOutputArchive=0001-01-01T00:00:00Z, thisGroup=false, parent=78ddabd9-ca67-11e5-826c-605718cb5baa, bic=049033736, swift=, name=СКФ ПАО АКБ &quot;ИРОНБАНК&quot;, corrAccount=30101810800000000736, address=, city=Г. ВЛАДИКАВКАЗ, phones=, country=00000000-0000-0000-0000-000000000000, countryCode=, activityDiscontinued=true}, {guid=9d8e68d4-d82b-11e8-80bb-08002789bf51, archive=false, dateOutputArchive=0001-01-01T00:00:00Z, thisGroup=false, parent=78ddac21-ca67-11e5-826c-605718cb5baa, bic=042202731, swift=, name=АО КОМБАНК &quot;АРЗАМАС&quot;, corrAccount=30101810522020000731, address=УЛ КИРОВА, 33, city=Г. АРЗАМАС, phones=(83147)70224,70177, country=4e127564-d74f-4dd9-bced-0327f0f4e061, countryCode=643, activityDiscontinued=false}, {guid=9d8e68d5-d82b-11e8-80bb-08002789bf51, archive=false, dateOutputArchive=0001-01-01T00:00:00Z, thisGroup=false, parent=78ddabe5-ca67-11e5-826c-605718cb5baa, bic=044525864, swift=, name=МОСКОВСКИЙ ФИЛИАЛ АО АКБ &quot;ГАЗБАНК&quot;, corrAccount=30101810145250000864, address=УЛ БРЯНСКАЯ, 5, city=Г. МОСКВА, phones=(495)3639438, country=4e127564-d74f-4dd9-bced-0327f0f4e061, countryCode=643, activityDiscontinued=true}, {guid=9d8e68d6-d82b-11e8-80bb-08002789bf51, archive=false, dateOutputArchive=0001-01-01T00:00:00Z, thisGroup=false, parent=78ddabe5-ca67-11e5-826c-605718cb5baa, bic=044525797, swift=, name=Ф ТОЧКА БАНК КИВИ БАНК (АО), corrAccount=30101810445250000797, address=УЛ СПИРИДОНОВКА, 4, СТР 2, city=Г. МОСКВА, phones=(495)2313645, country=4e127564-d74f-4dd9-bced-0327f0f4e061, countryCode=643, activityDiscontinued=false}, {guid=9d8e68d7-d82b-11e8-80bb-08002789bf51, archive=false, dateOutputArchive=0001-01-01T00:00:00Z, thisGroup=false, parent=78ddac9c-ca67-11e5-826c-605718cb5baa, bic=040407404, swift=, name=ФПАО &quot;ДАЛЬНЕВОСТОЧНЫЙ БАНК&quot; &quot;КРАСНОЯРСКИЙ&quot;, corrAccount=30101810850040000404, address=УЛ МОЛОКОВА, 1, К 4, city=Г. КРАСНОЯРСК, phones=(391)2773071, country=4e127564-d74f-4dd9-bced-0327f0f4e061, countryCode=643, activityDiscontinued=false}, {guid=9d8e68d8-d82b-11e8-80bb-08002789bf51, archive=false, dateOutputArchive=0001-01-01T00:00:00Z, thisGroup=false, parent=78ddad0a-ca67-11e5-826c-605718cb5baa, bic=047144778, swift=, name=СФ АО БАНК &quot;СНГБ&quot;, corrAccount=30101810165777100778, address=УЛ ГУБКИНА, 15 А, city=Г. СУРГУТ, phones=(3462)398700, country=4e127564-d74f-4dd9-bced-0327f0f4e061, countryCode=643, activityDiscontinued=false}, {guid=9d8e68d9-d82b-11e8-80bb-08002789bf51, archive=false, dateOutputArchive=0001-01-01T00:00:00Z, thisGroup=false, parent=78ddabf2-ca67-11e5-826c-605718cb5baa, bic=043601968, swift=VTBRRUM2SA3, name=ФИЛИАЛ № 6318 БАНКА ВТБ (ПАО), corrAccount=30101810422023601968, address=УЛ МОЛОДОГВАРДЕЙСКАЯ, 204, city=Г. САМАРА, phones=(846)2696824,2696834, country=4e127564-d74f-4dd9-bced-0327f0f4e061, countryCode=643, activityDiscontinued=false}, {guid=9d8e68da-d82b-11e8-80bb-08002789bf51, archive=false, dateOutputArchive=0001-01-01T00:00:00Z, thisGroup=false, parent=78ddabf2-ca67-11e5-826c-605718cb5baa, bic=043601975, swift=, name=ООО &quot;РУСФИНАНС БАНК&quot;, corrAccount=30101810622023601975, address=УЛ ЧЕРНОРЕЧЕНСКАЯ, 42 А, city=Г. САМАРА, phones=(846)2696911,2694411, country=4e127564-d74f-4dd9-bced-0327f0f4e061, countryCode=643, activityDiscontinued=false}, {guid=9d8e68db-d82b-11e8-80bb-08002789bf51, archive=false, dateOutputArchive=0001-01-01T00:00:00Z, thisGroup=false, parent=78ddabf7-ca67-11e5-826c-605718cb5baa, bic=045354880, swift=, name=ГК &quot;АСВ&quot; - КУ АО &quot;НСТ-БАНК&quot;, corrAccount=30101810265775300880, address=ВИЛОНОВСКАЯ УЛ, 138, city=Г. САМАРА, phones=, country=4e127564-d74f-4dd9-bced-0327f0f4e061, countryCode=643, activityDiscontinued=false}, {guid=9d8e68dc-d82b-11e8-80bb-08002789bf51, archive=false, dateOutputArchive=0001-01-01T00:00:00Z, thisGroup=false, parent=78ddabe7-ca67-11e5-826c-605718cb5baa, bic=040507595, swift=, name=АО &quot;СОЛИД БАНК&quot;, corrAccount=30101810205070000595, address=УЛ АДМИРАЛА ФОКИНА, 25, city=Г. ВЛАДИВОСТОК, phones=(423)2265722,(423)2469293, country=4e127564-d74f-4dd9-bced-0327f0f4e061, countryCode=643, activityDiscontinued=false}, {guid=9d8e68dd-d82b-11e8-80bb-08002789bf51, archive=false, dateOutputArchive=0001-01-01T00:00:00Z, thisGroup=false, parent=78ddabe1-ca67-11e5-826c-605718cb5baa, bic=044030830, swift=, name=СПБ. Ф. АО БАНК &quot;НАЦИОНАЛЬНЫЙ СТАНДАРТ&quot;, corrAccount=30101810340300000830, address=УЛ. ЧАЙКОВСКОГО, Д. 39, ЛИТ А, city=Г. САНКТ-ПЕТЕРБУРГ, phones=(812)4493155, country=4e127564-d74f-4dd9-bced-0327f0f4e061, countryCode=643, activityDiscontinued=false}, {guid=9d8e68de-d82b-11e8-80bb-08002789bf51, archive=false, dateOutputArchive=0001-01-01T00:00:00Z, thisGroup=false, parent=78ddabeb-ca67-11e5-826c-605718cb5baa, bic=040708735, swift=, name=ФИЛИАЛ В Г. ЕССЕНТУКИ АКБ &quot;ЛАНТА-БАНК&quot; (АО), corrAccount=30101810007080000735, address=УЛ СОВЕТСКАЯ, 20 Б, city=Г. ЕССЕНТУКИ, phones=(87934)54547,54371, country=4e127564-d74f-4dd9-bced-0327f0f4e061, countryCode=643, activityDiscontinued=false}, {guid=9d8e68df-d82b-11e8-80bb-08002789bf51, archive=false, dateOutputArchive=0001-01-01T00:00:00Z, thisGroup=false, parent=78ddac72-ca67-11e5-826c-605718cb5baa, bic=041806745, swift=, name=Урюпинский филиал ПАО КБ &quot;Сельмашбанк&quot;, corrAccount=30101810518060000745, address=УЛ. ШТЕМЕНКО, 47/3, city=Г. УРЮПИНСК, phones=, country=4e127564-d74f-4dd9-bced-0327f0f4e061, countryCode=643, activityDiscontinued=false}, {guid=9d8e68e0-d82b-11e8-80bb-08002789bf51, archive=false, dateOutputArchive=0001-01-01T00:00:00Z, thisGroup=false, parent=78ddac72-ca67-11e5-826c-605718cb5baa, bic=041806730, swift=, name=Ликвидатор АО КБ &quot;Михайловский ПЖСБ&quot;, corrAccount=30101810918060000730, address=УЛИЦА ОБОРОНЫ, 44 &quot;А&quot;, city=Г. МИХАЙЛОВКА, phones=, country=4e127564-d74f-4dd9-bced-0327f0f4e061, countryCode=643, activityDiscontinued=false}, {guid=9d8e68e1-d82b-11e8-80bb-08002789bf51, archive=false, dateOutputArchive=0001-01-01T00:00:00Z, thisGroup=false, parent=78ddabe5-ca67-11e5-826c-605718cb5baa, bic=044525941, swift=, name=&quot;УМ-БАНК&quot; ООО, corrAccount=30101810945250000941, address=УЛ Б. ОРДЫНКА, 59, СТР 2, city=Г. МОСКВА, phones=(495)2123020, country=4e127564-d74f-4dd9-bced-0327f0f4e061, countryCode=643, activityDiscontinued=false}, {guid=9d8e68e2-d82b-11e8-80bb-08002789bf51, archive=false, dateOutputArchive=0001-01-01T00:00:00Z, thisGroup=false, parent=78ddac72-ca67-11e5-826c-605718cb5baa, bic=041806717, swift=, name=ЮЖНЫЙ ФИЛИАЛ АО БАНК &quot;НАЦИОНАЛЬНЫЙ СТАНДАРТ&quot;, corrAccount=30101810818060000717, address=УЛ ИМ. ГАГАРИНА, 7, city=Г. ВОЛГОГРАД, phones=(8442)995000, country=4e127564-d74f-4dd9-bced-0327f0f4e061, countryCode=643, activityDiscontinued=true}, {guid=78ddabdb-ca67-11e5-826c-605718cb5baa, archive=, dateOutputArchive=, thisGroup=true, parent=00000000-0000-0000-0000-000000000000, bic=32       , swift=, name=КЕМЕРОВСКАЯ ОБЛАСТЬ, corrAccount=, address=, city=, phones=, country=, countryCode=, activityDiscontinued=}, {guid=a38a1a95-d82b-11e8-80bb-08002789bf51, archive=false, dateOutputArchive=0001-01-01T00:00:00Z, thisGroup=false, parent=78ddac17-ca67-11e5-826c-605718cb5baa, bic=046015846, swift=, name=КУ ОАО КБ &quot;МАКСИМУМ&quot; - ГК &quot;АСВ&quot;, corrAccount=30101810060150000846, address=УЛ. ВЫСОЦКОГО, Д.4, city=Г. МОСКВА, phones=, country=4e127564-d74f-4dd9-bced-0327f0f4e061, countryCode=643, activityDiscontinued=false}, {guid=a38a1a96-d82b-11e8-80bb-08002789bf51, archive=false, dateOutputArchive=0001-01-01T00:00:00Z, thisGroup=false, parent=78ddac14-ca67-11e5-826c-605718cb5baa, bic=047601205, swift=, name=ООО КБ &quot;ЦЕНТРАЛЬНО-ЕВРОПЕЙСКИЙ БАНК&quot;, corrAccount=30101810950040000205, address=УЛ БАБУШКИНА, 108, city=Г. ЧИТА, phones=(3022)211502, country=4e127564-d74f-4dd9-bced-0327f0f4e061, countryCode=643, activityDiscontinued=false}, {guid=78ddabf7-ca67-11e5-826c-605718cb5baa, archive=, dateOutputArchive=, thisGroup=true, parent=00000000-0000-0000-0000-000000000000, bic=53       , swift=, name=ОРЕНБУРГСКАЯ ОБЛАСТЬ, corrAccount=, address=, city=, phones=, country=, countryCode=, activityDiscontinued=}, {guid=a38a1a97-d82b-11e8-80bb-08002789bf51, archive=false, dateOutputArchive=0001-01-01T00:00:00Z, thisGroup=false, parent=78ddac17-ca67-11e5-826c-605718cb5baa, bic=046015835, swift=, name=КУ ООО &quot;РУССКИЙ НАЦИОНАЛЬНЫЙ БАНК&quot; - ГК &quot;АСВ&quot;, corrAccount=30101810660150000835, address=УЛ ВЫСОЦКОГО, 4 ТЕЛ.(495)96125, city=Г. МОСКВА, phones=(863)2999413,2999418, country=4e127564-d74f-4dd9-bced-0327f0f4e061, countryCode=643, activityDiscontinued=false}, {guid=a38a1a98-d82b-11e8-80bb-08002789bf51, archive=false, dateOutputArchive=0001-01-01T00:00:00Z, thisGroup=false, parent=78ddabe5-ca67-11e5-826c-605718cb5baa, bic=044525535, swift=, name=КУ АБ &quot;АЛДАНЗОЛОТОБАНК&quot; АО - ГК &quot;АСВ&quot;, corrAccount=30101810445250000535, address=УЛ. ВЫСОЦКОГО, Д. 4, city=Г. МОСКВА, phones=, country=4e127564-d74f-4dd9-bced-0327f0f4e061, countryCode=643, activityDiscontinued=false}, {guid=a38a1a99-d82b-11e8-80bb-08002789bf51, archive=false, dateOutputArchive=0001-01-01T00:00:00Z, thisGroup=false, parent=78ddac21-ca67-11e5-826c-605718cb5baa, bic=042202812, swift=, name=ВЫКСУНСКИЙ Ф-Л ПАО АКБ &quot;МЕТАЛЛИНВЕСТБАНК&quot;, corrAccount=30101810522020000812, address=ПЛ ОКТЯБРЬСКОЙ РЕВОЛЮЦИИ, 48, city=Г. ВЫКСА, phones=(83177)35825,31157, country=4e127564-d74f-4dd9-bced-0327f0f4e061, countryCode=643, activityDiscontinued=false}, {guid=a38a1a9a-d82b-11e8-80bb-08002789bf51, archive=false, dateOutputArchive=0001-01-01T00:00:00Z, thisGroup=false, parent=78ddac07-ca67-11e5-826c-605718cb5baa, bic=045004893, swift=, name=НОВОСИБИРСКИЙ Ф-Л НКО &quot;ИНКАХРАН&quot;(АО), corrAccount=30103810950040000893, address=УЛ 2-Я СОЮЗА МОЛОДЕЖИ, 31, city=Г. НОВОСИБИРСК, phones=(383)2260797,2269768, country=4e127564-d74f-4dd9-bced-0327f0f4e061, countryCode=643, activityDiscontinued=false}, {guid=a38a1a9b-d82b-11e8-80bb-08002789bf51, archive=false, dateOutputArchive=0001-01-01T00:00:00Z, thisGroup=false, parent=78ddac07-ca67-11e5-826c-605718cb5baa, bic=045004883, swift=, name=СИБИРСКИЙ ФИЛИАЛ АО &quot;БАНК ИНТЕЗА&quot;, corrAccount=30101810250040000883, address=УЛ ОКТЯБРЬСКАЯ, 49, city=Г. НОВОСИБИРСК, phones=(383)2278193, country=4e127564-d74f-4dd9-bced-0327f0f4e061, countryCode=643, activityDiscontinued=false}, {guid=a38a1a9c-d82b-11e8-80bb-08002789bf51, archive=false, dateOutputArchive=0001-01-01T00:00:00Z, thisGroup=false, parent=78ddac07-ca67-11e5-826c-605718cb5baa, bic=045004876, swift=, name=НОВОСИБИРСКИЙ ФИЛИАЛ ПАО &quot;МТС-БАНК&quot;, corrAccount=30101810050040000876, address=УЛ. НИЖЕГОРОДСКАЯ, 4, city=Г. НОВОСИБИРСК, phones=(383)3251781, country=4e127564-d74f-4dd9-bced-0327f0f4e061, countryCode=643, activityDiscontinued=false}, {guid=a38a1a9d-d82b-11e8-80bb-08002789bf51, archive=false, dateOutputArchive=0001-01-01T00:00:00Z, thisGroup=false, parent=78ddac07-ca67-11e5-826c-605718cb5baa, bic=045004861, swift=, name=ФИЛИАЛ ООО &quot;ЭКСПОБАНК&quot; В Г.НОВОСИБИРСКЕ, corrAccount=30101810450040000861, address=КРАСНЫЙ ПР-Т, 25, city=Г. НОВОСИБИРСК, phones=(383)2105207, country=4e127564-d74f-4dd9-bced-0327f0f4e061, countryCode=643, activityDiscontinued=false}, {guid=a38a1a9e-d82b-11e8-80bb-08002789bf51, archive=false, dateOutputArchive=0001-01-01T00:00:00Z, thisGroup=false, parent=78ddac07-ca67-11e5-826c-605718cb5baa, bic=045004864, swift=, name=СИБИРСКИЙ ФИЛИАЛ АО КБ &quot;МОДУЛЬБАНК&quot;, corrAccount=30101810350040000864, address=УЛ ПЛАНЕТНАЯ, 30, city=Г. НОВОСИБИРСК, phones=(383)3250606,3251575, country=4e127564-d74f-4dd9-bced-0327f0f4e061, countryCode=643, activityDiscontinued=false}, {guid=a38a1a9f-d82b-11e8-80bb-08002789bf51, archive=false, dateOutputArchive=0001-01-01T00:00:00Z, thisGroup=false, parent=78ddabf2-ca67-11e5-826c-605718cb5baa, bic=043601875, swift=, name=САМАРСКИЙ ФИЛИАЛ ТКБ БАНК ПАО, corrAccount=30101810722023601875, address=УЛ СТАРА ЗАГОРА, 52, city=Г. САМАРА, phones=(846)9338233,2280135, country=4e127564-d74f-4dd9-bced-0327f0f4e061, countryCode=643, activityDiscontinued=false}, {guid=a38a1aa0-d82b-11e8-80bb-08002789bf51, archive=false, dateOutputArchive=0001-01-01T00:00:00Z, thisGroup=false, parent=78ddabf2-ca67-11e5-826c-605718cb5baa, bic=043601845, swift=, name=САМАРСКИЙ ФИЛИАЛ БАНКА СОЮЗ (АО), corrAccount=30101810422023601845, address=УЛ КРАСНОАРМЕЙСКАЯ, 75, city=Г. САМАРА, phones=(846)2311251,2311259, country=4e127564-d74f-4dd9-bced-0327f0f4e061, countryCode=643, activityDiscontinued=false}, {guid=a38a1aa1-d82b-11e8-80bb-08002789bf51, archive=false, dateOutputArchive=0001-01-01T00:00:00Z, thisGroup=false, parent=78ddabf2-ca67-11e5-826c-605718cb5baa, bic=043601842, swift=, name=АО КБ &quot;НИБ&quot;, corrAccount=30101810522023601842, address=УЛ ФРУНЗЕ, 102, city=Г. САМАРА, phones=(846)3425750,3425751, country=4e127564-d74f-4dd9-bced-0327f0f4e061, countryCode=643, activityDiscontinued=false}, {guid=a38a1aa2-d82b-11e8-80bb-08002789bf51, archive=false, dateOutputArchive=0001-01-01T00:00:00Z, thisGroup=false, parent=78ddac2f-ca67-11e5-826c-605718cb5baa, bic=040813708, swift=, name=ХАБАРОВСКИЙ ФИЛИАЛ ТКБ БАНК ПАО, corrAccount=30101810108130000708, address=УЛ КОМСОМОЛЬСКАЯ, 102, city=Г. ХАБАРОВСК, phones=(4212)910702, country=4e127564-d74f-4dd9-bced-0327f0f4e061, countryCode=643, activityDiscontinued=false}, {guid=78ddac1c-ca67-11e5-826c-605718cb5baa, archive=false, dateOutputArchive=0001-01-01T00:00:00Z, thisGroup=false, parent=78ddabe5-ca67-11e5-826c-605718cb5baa, bic=044525150, swift=, name=ФИЛИАЛ &quot;МОСКОВСКИЙ&quot; АО &quot;ФИА-БАНК&quot;, corrAccount=30101810545250000150, address=, city=Г. МОСКВА, phones=, country=00000000-0000-0000-0000-000000000000, countryCode=, activityDiscontinued=true}, {guid=a38a1aa3-d82b-11e8-80bb-08002789bf51, archive=false, dateOutputArchive=0001-01-01T00:00:00Z, thisGroup=false, parent=78ddac2f-ca67-11e5-826c-605718cb5baa, bic=040813713, swift=VTBRRUM2KH3, name=ФИЛИАЛ № 2754 БАНКА ВТБ (ПАО), corrAccount=30101810708130000713, address=УЛ МУРАВЬЁВА-АМУРСКОГО, 18, city=Г. ХАБАРОВСК, phones=(4212)455455, country=4e127564-d74f-4dd9-bced-0327f0f4e061, countryCode=643, activityDiscontinued=false}, {guid=a38a1aa4-d82b-11e8-80bb-08002789bf51, archive=false, dateOutputArchive=0001-01-01T00:00:00Z, thisGroup=false, parent=78ddac09-ca67-11e5-826c-605718cb5baa, bic=046577501, swift=VTBRRUM2EK3, name=ФИЛИАЛ № 6602 БАНКА ВТБ (ПАО), corrAccount=30101810165770000501, address=ПР-Т ЛЕНИНА, 27, city=Г. ЕКАТЕРИНБУРГ, phones=(343)3862400, country=4e127564-d74f-4dd9-bced-0327f0f4e061, countryCode=643, activityDiscontinued=false}, {guid=a38a1aa5-d82b-11e8-80bb-08002789bf51, archive=false, dateOutputArchive=0001-01-01T00:00:00Z, thisGroup=false, parent=78ddac09-ca67-11e5-826c-605718cb5baa, bic=046577507, swift=, name=ЕКАТЕРИНБУРГСКИЙ ФИЛИАЛ АБ &quot;РОССИЯ&quot;, corrAccount=30101810965770000507, address=УЛ МАМИНА-СИБИРЯКА, 145, city=Г. ЕКАТЕРИНБУРГ, phones=(343)2863760, country=4e127564-d74f-4dd9-bced-0327f0f4e061, countryCode=643, activityDiscontinued=false}, {guid=a38a1aa6-d82b-11e8-80bb-08002789bf51, archive=false, dateOutputArchive=0001-01-01T00:00:00Z, thisGroup=false, parent=78ddabf2-ca67-11e5-826c-605718cb5baa, bic=043601811, swift=, name=ООО &quot;ЗЕМСКИЙ БАНК&quot;, corrAccount=30101810922023601811, address=УЛ УЛЬЯНОВСКАЯ, 79, city=Г. СЫЗРАНЬ, phones=(8464)985454, country=4e127564-d74f-4dd9-bced-0327f0f4e061, countryCode=643, activityDiscontinued=false}, {guid=a38a1aa7-d82b-11e8-80bb-08002789bf51, archive=false, dateOutputArchive=0001-01-01T00:00:00Z, thisGroup=false, parent=78ddabfd-ca67-11e5-826c-605718cb5baa, bic=046311890, swift=, name=АО &quot;БАЛАКОВО-БАНК&quot;, corrAccount=30101810022026311890, address=УЛ ФАКЕЛ СОЦИАЛИЗМА, 21, city=Г. БАЛАКОВО, phones=(8453)444166,447007, country=4e127564-d74f-4dd9-bced-0327f0f4e061, countryCode=643, activityDiscontinued=false}, {guid=a38a1aa8-d82b-11e8-80bb-08002789bf51, archive=false, dateOutputArchive=0001-01-01T00:00:00Z, thisGroup=false, parent=78ddabe5-ca67-11e5-826c-605718cb5baa, bic=044525641, swift=, name=ФИЛИАЛ 1 ООО КБ &quot;ЦЕНТРАЛЬНО-ЕВРОПЕЙСКИЙ БАНК&quot;, corrAccount=30101810245250000641, address=ПРОЕКТ-Й 4062Й ПР-Д, 6, СТР 16, city=Г. МОСКВА, phones=(495)6625665, country=4e127564-d74f-4dd9-bced-0327f0f4e061, countryCode=643, activityDiscontinued=false}, {guid=a38a1aa9-d82b-11e8-80bb-08002789bf51, archive=false, dateOutputArchive=0001-01-01T00:00:00Z, thisGroup=false, parent=78ddac17-ca67-11e5-826c-605718cb5baa, bic=046015946, swift=, name=ПАО &quot;ТАГАНРОГБАНК&quot;, corrAccount=30101810960150000946, address=УЛ. ГРЕЧЕСКАЯ, 71 ТЕЛ.(8634)31, city=Г. ТАГАНРОГ, phones=, country=4e127564-d74f-4dd9-bced-0327f0f4e061, countryCode=643, activityDiscontinued=false}, {guid=a38a1aaa-d82b-11e8-80bb-08002789bf51, archive=false, dateOutputArchive=0001-01-01T00:00:00Z, thisGroup=false, parent=78ddabe5-ca67-11e5-826c-605718cb5baa, bic=044525646, swift=, name=НКО НКЦ (АО), corrAccount=30103810345250000646, address=Б. КИСЛОВСКИЙ ПЕР, 13, city=Г. МОСКВА, phones=(495)7829794, country=4e127564-d74f-4dd9-bced-0327f0f4e061, countryCode=643, activityDiscontinued=false}, {guid=a38a1aab-d82b-11e8-80bb-08002789bf51, archive=false, dateOutputArchive=0001-01-01T00:00:00Z, thisGroup=false, parent=78ddac07-ca67-11e5-826c-605718cb5baa, bic=045004841, swift=, name=НОВОСИБИРСКИЙ ФИЛИАЛ ТКБ БАНК ПАО, corrAccount=30101810250040000841, address=УЛ КОММУНИСТИЧЕСКАЯ, 35, city=Г. НОВОСИБИРСК, phones=(383)3252500,3252660, country=4e127564-d74f-4dd9-bced-0327f0f4e061, countryCode=643, activityDiscontinued=false}, {guid=a38a1aac-d82b-11e8-80bb-08002789bf51, archive=false, dateOutputArchive=0001-01-01T00:00:00Z, thisGroup=false, parent=78ddac07-ca67-11e5-826c-605718cb5baa, bic=045004846, swift=, name=Ф-Л &quot;НОВОСИБИРСК&quot; АКБ &quot;РОСЕВРОБАНК&quot; (АО), corrAccount=30101810750040000846, address=УЛ ФРУНЗЕ, 5, city=Г. НОВОСИБИРСК, phones=(383)2020750, country=4e127564-d74f-4dd9-bced-0327f0f4e061, countryCode=643, activityDiscontinued=false}, {guid=a38a1aad-d82b-11e8-80bb-08002789bf51, archive=false, dateOutputArchive=0001-01-01T00:00:00Z, thisGroup=false, parent=78ddac07-ca67-11e5-826c-605718cb5baa, bic=045004845, swift=, name=ФИЛИАЛ &quot;НОВОСИБИРСКИЙ&quot; ПАО КБ &quot;УБРИР&quot;, corrAccount=30101810450040000845, address=УЛ ВОКЗАЛЬНАЯ МАГИСТРАЛЬ, 1, city=Г. НОВОСИБИРСК, phones=(383)2201141,2201181, country=4e127564-d74f-4dd9-bced-0327f0f4e061, countryCode=643, activityDiscontinued=false}, {guid=a38a1aae-d82b-11e8-80bb-08002789bf51, archive=false, dateOutputArchive=0001-01-01T00:00:00Z, thisGroup=false, parent=78ddac07-ca67-11e5-826c-605718cb5baa, bic=045004833, swift=, name=НОВОСИБИРСКИЙ ФИЛИАЛ ООО &quot;БАНК БКФ&quot;, corrAccount=30101810750040000833, address=ПР-Т ДИМИТРОВА, 4/1, city=Г. НОВОСИБИРСК, phones=(383)3191118,3191116, country=4e127564-d74f-4dd9-bced-0327f0f4e061, countryCode=643, activityDiscontinued=false}, {guid=aaaf21b4-d82b-11e8-80bb-08002789bf51, archive=false, dateOutputArchive=0001-01-01T00:00:00Z, thisGroup=false, parent=78ddac07-ca67-11e5-826c-605718cb5baa, bic=045004818, swift=, name=НОВОСИБИРСКИЙ ФИЛИАЛ АО ЮНИКРЕДИТ БАНКА, corrAccount=30101810050040000818, address=УЛ МАКСИМА ГОРЬКОГО, 53, city=Г. НОВОСИБИРСК, phones=(383)2300163, country=4e127564-d74f-4dd9-bced-0327f0f4e061, countryCode=643, activityDiscontinued=false}, {guid=aaaf21b5-d82b-11e8-80bb-08002789bf51, archive=false, dateOutputArchive=0001-01-01T00:00:00Z, thisGroup=false, parent=78ddabeb-ca67-11e5-826c-605718cb5baa, bic=040715725, swift=, name=ООО &quot;РУСБС&quot;, corrAccount=30101810107150000725, address=УЛ ГАГАРИНА, 148, city=СТ-ЦА ЕССЕНТУКСКАЯ, phones=(87961)51171,24177,50987, country=4e127564-d74f-4dd9-bced-0327f0f4e061, countryCode=643, activityDiscontinued=false}, {guid=aaaf21b6-d82b-11e8-80bb-08002789bf51, archive=false, dateOutputArchive=0001-01-01T00:00:00Z, thisGroup=false, parent=78ddac0f-ca67-11e5-826c-605718cb5baa, bic=040349789, swift=, name=ООО КБ &quot;ГТ БАНК&quot;, corrAccount=30101810303490000789, address=УЛ СЕВЕРНАЯ, 321, city=Г. КРАСНОДАР, phones=(861)2790305,2791744, country=4e127564-d74f-4dd9-bced-0327f0f4e061, countryCode=643, activityDiscontinued=false}, {guid=aaaf21b7-d82b-11e8-80bb-08002789bf51, archive=false, dateOutputArchive=0001-01-01T00:00:00Z, thisGroup=false, parent=78ddac00-ca67-11e5-826c-605718cb5baa, bic=048209848, swift=, name=КУ ООО КБ &quot;ПРЕСТИЖКРЕДИТБАНК&quot; ГК &quot;АСВ&quot;, corrAccount=30101810282090000848, address=УЛ КАММАЕВА, 19, К &quot;Ж&quot;, city=Г. МАХАЧКАЛА, phones=(8722)561920,561921, country=4e127564-d74f-4dd9-bced-0327f0f4e061, countryCode=643, activityDiscontinued=false}, {guid=aaaf21b8-d82b-11e8-80bb-08002789bf51, archive=false, dateOutputArchive=0001-01-01T00:00:00Z, thisGroup=false, parent=78ddac98-ca67-11e5-826c-605718cb5baa, bic=041117785, swift=, name=Ф-л &quot;Космодром-Плесецк&quot; АО &quot;ФОНДСЕРВИСБАНК&quot;, corrAccount=30101810540300011785, address=УЛ. ПУШКИНА, Д. 3, city=Г. МИРНЫЙ, phones=, country=4e127564-d74f-4dd9-bced-0327f0f4e061, countryCode=643, activityDiscontinued=false}, {guid=aaaf21b9-d82b-11e8-80bb-08002789bf51, archive=false, dateOutputArchive=0001-01-01T00:00:00Z, thisGroup=false, parent=78ddac34-ca67-11e5-826c-605718cb5baa, bic=046489002, swift=, name=ПУ БАНКА РОССИИ ОХОТСКОЕ, corrAccount=, address=УЛ ГНЕЧКО, 1, city=ПГТ ЮЖНО-КУРИЛЬСК, phones=, country=4e127564-d74f-4dd9-bced-0327f0f4e061, countryCode=643, activityDiscontinued=false}, {guid=78ddac57-ca67-11e5-826c-605718cb5baa, archive=, dateOutputArchive=, thisGroup=true, parent=00000000-0000-0000-0000-000000000000, bic=27       , swift=, name=КАЛИНИНГРАДСКАЯ ОБЛАСТЬ, corrAccount=, address=, city=, phones=, country=, countryCode=, activityDiscontinued=}, {guid=aaaf21ba-d82b-11e8-80bb-08002789bf51, archive=false, dateOutputArchive=0001-01-01T00:00:00Z, thisGroup=false, parent=78ddabfd-ca67-11e5-826c-605718cb5baa, bic=046311926, swift=, name=АО РНКО &quot;СИНЕРГИЯ&quot;, corrAccount=30103810622026311926, address=Г. САРАТОВ, УЛ. РАБОЧАЯ, 27, city=Г. САРАТОВ, phones=, country=4e127564-d74f-4dd9-bced-0327f0f4e061, countryCode=643, activityDiscontinued=false}, {guid=aaaf21bb-d82b-11e8-80bb-08002789bf51, archive=false, dateOutputArchive=0001-01-01T00:00:00Z, thisGroup=false, parent=78ddac0f-ca67-11e5-826c-605718cb5baa, bic=040349744, swift=, name=КРАСНОДАРСКИЙ ФИЛИАЛ ПАО РОСБАНК, corrAccount=30101810403490000744, address=УЛ ОЛИМПИЙСКАЯ, 8, city=Г. КРАСНОДАР, phones=(861)2739730,2739731, country=4e127564-d74f-4dd9-bced-0327f0f4e061, countryCode=643, activityDiscontinued=false}, {guid=aaaf21bc-d82b-11e8-80bb-08002789bf51, archive=false, dateOutputArchive=0001-01-01T00:00:00Z, thisGroup=false, parent=78ddac07-ca67-11e5-826c-605718cb5baa, bic=045004796, swift=, name=ФИЛИАЛ &quot;НОВОСИБИРСК&quot; КБ &quot;ЛОКО-БАНК&quot; (АО), corrAccount=30101810350040000796, address=УЛ ЛЕНИНА, 52, city=Г. НОВОСИБИРСК, phones=(383)2380740,2380750, country=4e127564-d74f-4dd9-bced-0327f0f4e061, countryCode=643, activityDiscontinued=false}, {guid=aaaf21bd-d82b-11e8-80bb-08002789bf51, archive=false, dateOutputArchive=0001-01-01T00:00:00Z, thisGroup=false, parent=78ddac17-ca67-11e5-826c-605718cb5baa, bic=046015080, swift=, name=РОСТОВСКИЙ ФИЛИАЛ ПАО &quot;РГС БАНК&quot;, corrAccount=30101810460150000080, address=УЛ ГОРОДА ВОЛОС, 11/81-83/34, city=Г. РОСТОВ-НА-ДОНУ, phones=(863)2370660, country=4e127564-d74f-4dd9-bced-0327f0f4e061, countryCode=643, activityDiscontinued=false}, {guid=aaaf21be-d82b-11e8-80bb-08002789bf51, archive=false, dateOutputArchive=0001-01-01T00:00:00Z, thisGroup=false, parent=78ddac07-ca67-11e5-826c-605718cb5baa, bic=045004785, swift=, name=НОВОСИБИРСКИЙ Ф-Л ПАО АКБ &quot;МЕТАЛЛИНВЕСТБАНК&quot;, corrAccount=30101810950040000785, address=УЛ СОВЕТСКАЯ, 8, city=Г. НОВОСИБИРСК, phones=(383)2091447,2091446, country=4e127564-d74f-4dd9-bced-0327f0f4e061, countryCode=643, activityDiscontinued=false}, {guid=aaaf21bf-d82b-11e8-80bb-08002789bf51, archive=false, dateOutputArchive=0001-01-01T00:00:00Z, thisGroup=false, parent=78ddac17-ca67-11e5-826c-605718cb5baa, bic=046015081, swift=, name=РОСТОВСКИЙ ФИЛИАЛ АО ЮНИКРЕДИТ БАНКА, corrAccount=30101810760150000081, address=УЛ СОЦИАЛИСТИЧЕСКАЯ, 58/51, city=Г. РОСТОВ-НА-ДОНУ, phones=(863)2630900,2630906, country=4e127564-d74f-4dd9-bced-0327f0f4e061, countryCode=643, activityDiscontinued=false}, {guid=aaaf21c0-d82b-11e8-80bb-08002789bf51, archive=false, dateOutputArchive=0001-01-01T00:00:00Z, thisGroup=false, parent=78ddac07-ca67-11e5-826c-605718cb5baa, bic=045004789, swift=, name=ФИЛИАЛ БАНКА МБСП (АО) В НОВОСИБИРСКЕ, corrAccount=30101810150040000789, address=ПР-Т ДИМИТРОВА, 12, city=Г. НОВОСИБИРСК, phones=(383)3734340,3734341, country=4e127564-d74f-4dd9-bced-0327f0f4e061, countryCode=643, activityDiscontinued=false}, {guid=aaaf21c1-d82b-11e8-80bb-08002789bf51, archive=false, dateOutputArchive=0001-01-01T00:00:00Z, thisGroup=false, parent=78ddac17-ca67-11e5-826c-605718cb5baa, bic=046015088, swift=SJSCRUMMRND, name=ФИЛИАЛ &quot;СДМ-БАНК&quot; (ПАО) В Г. РОСТОВ-НА-ДОНУ, corrAccount=30101810860150000088, address=УЛ КАТАЕВА, 293, city=Г. РОСТОВ-НА-ДОНУ, phones=(863)2197712,2197714, country=4e127564-d74f-4dd9-bced-0327f0f4e061, countryCode=643, activityDiscontinued=false}, {guid=aaaf21c2-d82b-11e8-80bb-08002789bf51, archive=false, dateOutputArchive=0001-01-01T00:00:00Z, thisGroup=false, parent=78ddac07-ca67-11e5-826c-605718cb5baa, bic=045004778, swift=, name=ФИЛИАЛ БАНКА &quot;ВБРР&quot; (АО) В Г.НОВОСИБИРСКЕ, corrAccount=30101810750040000778, address=УЛ СИБРЕВКОМА, 2, city=Г. НОВОСИБИРСК, phones=(383)2302201, country=4e127564-d74f-4dd9-bced-0327f0f4e061, countryCode=643, activityDiscontinued=false}, {guid=aaaf21c3-d82b-11e8-80bb-08002789bf51, archive=false, dateOutputArchive=0001-01-01T00:00:00Z, thisGroup=false, parent=78ddac0f-ca67-11e5-826c-605718cb5baa, bic=040349758, swift=VTBRRUM2KD3, name=ФИЛИАЛ № 2351 БАНКА ВТБ (ПАО), corrAccount=30101810703490000758, address=УЛ ИМ. ГОГОЛЯ, 68, city=Г. КРАСНОДАР, phones=(861)2126424,2125627, country=4e127564-d74f-4dd9-bced-0327f0f4e061, countryCode=643, activityDiscontinued=false}, {guid=aaaf21c4-d82b-11e8-80bb-08002789bf51, archive=false, dateOutputArchive=0001-01-01T00:00:00Z, thisGroup=false, parent=78ddac17-ca67-11e5-826c-605718cb5baa, bic=046015094, swift=, name=НОВОЧЕРКАССКИЙ ФИЛИАЛ АО &quot;ФОНДСЕРВИСБАНК&quot;, corrAccount=30101810760150000094, address=ПЛАТОВСКИЙ ПР-Т, 59 Б, city=Г. НОВОЧЕРКАССК, phones=(8635)240550, country=4e127564-d74f-4dd9-bced-0327f0f4e061, countryCode=643, activityDiscontinued=false}, {guid=aaaf21c5-d82b-11e8-80bb-08002789bf51, archive=false, dateOutputArchive=0001-01-01T00:00:00Z, thisGroup=false, parent=78ddac17-ca67-11e5-826c-605718cb5baa, bic=046015068, swift=, name=ДОНСКОЙ ФИЛИАЛ АО КБ &quot;СИТИБАНК&quot;, corrAccount=30101810660150000068, address=УЛ Б. САДОВАЯ, 124, city=Г. РОСТОВ-НА-ДОНУ, phones=(863)2040043,2040002, country=4e127564-d74f-4dd9-bced-0327f0f4e061, countryCode=643, activityDiscontinued=false}, {guid=aaaf21c6-d82b-11e8-80bb-08002789bf51, archive=false, dateOutputArchive=0001-01-01T00:00:00Z, thisGroup=false, parent=78ddac07-ca67-11e5-826c-605718cb5baa, bic=045004763, swift=, name=ФИЛИАЛ &quot;ЦЕНТРАЛЬНЫЙ&quot; ПАО &quot;СОВКОМБАНК&quot;, corrAccount=30101810150040000763, address=УЛ ПОПОВА, 11, city=Г. БЕРДСК, phones=(383)3340606, country=4e127564-d74f-4dd9-bced-0327f0f4e061, countryCode=643, activityDiscontinued=false}, {guid=aaaf21c7-d82b-11e8-80bb-08002789bf51, archive=false, dateOutputArchive=0001-01-01T00:00:00Z, thisGroup=false, parent=78ddac17-ca67-11e5-826c-605718cb5baa, bic=046015066, swift=, name=Ф-Л АО АКБ &quot;НОВИКОМБАНК&quot; В Г.РОСТОВЕ-НА-ДОНУ, corrAccount=30101810060150000066, address=УЛ КРАСНОАРМЕЙСКАЯ, 170/84, city=Г. РОСТОВ-НА-ДОНУ, phones=(863)2017777, country=4e127564-d74f-4dd9-bced-0327f0f4e061, countryCode=643, activityDiscontinued=false}, {guid=78ddabe0-ca67-11e5-826c-605718cb5baa, archive=false, dateOutputArchive=0001-01-01T00:00:00Z, thisGroup=false, parent=78ddabdf-ca67-11e5-826c-605718cb5baa, bic=049246920, swift=, name=НИЖНЕКАМСКИЙ ФАБ &quot;ДЕВОН-КРЕДИТ&quot; (ПАО), corrAccount=30101810700000000920, address=, city=Г. НИЖНЕКАМСК, phones=, country=00000000-0000-0000-0000-000000000000, countryCode=, activityDiscontinued=true}, {guid=aaaf21c8-d82b-11e8-80bb-08002789bf51, archive=false, dateOutputArchive=0001-01-01T00:00:00Z, thisGroup=false, parent=78ddac17-ca67-11e5-826c-605718cb5baa, bic=046015064, swift=, name=ЮЖНЫЙ ФИЛИАЛ АО &quot;БАНК ИНТЕЗА&quot;, corrAccount=30101810460150000064, address=ВОРОШИЛОВСКИЙ ПР-Т, 48, city=Г. РОСТОВ-НА-ДОНУ, phones=(863)2318377,2318388, country=4e127564-d74f-4dd9-bced-0327f0f4e061, countryCode=643, activityDiscontinued=false}, {guid=aaaf21c9-d82b-11e8-80bb-08002789bf51, archive=false, dateOutputArchive=0001-01-01T00:00:00Z, thisGroup=false, parent=78ddac17-ca67-11e5-826c-605718cb5baa, bic=046015065, swift=JSNMRUMMRND, name=РОСТОВСКИЙ ФИЛИАЛ ПАО БАНКА &quot;ФК ОТКРЫТИЕ&quot;, corrAccount=30101810760150000065, address=УЛ ТЕКУЧЕВА, 234, city=Г. РОСТОВ-НА-ДОНУ, phones=(863)2009099, country=4e127564-d74f-4dd9-bced-0327f0f4e061, countryCode=643, activityDiscontinued=true}, {guid=aaaf21ca-d82b-11e8-80bb-08002789bf51, archive=false, dateOutputArchive=0001-01-01T00:00:00Z, thisGroup=false, parent=78ddac17-ca67-11e5-826c-605718cb5baa, bic=046015060, swift=, name=ФИЛИАЛ АО &quot;ГЕНБАНК&quot; В Г.РОСТОВ-НА-ДОНУ, corrAccount=30101810260150000060, address=УЛ ПУШКИНСКАЯ, 94, city=Г. РОСТОВ-НА-ДОНУ, phones=(863)2999333, country=4e127564-d74f-4dd9-bced-0327f0f4e061, countryCode=643, activityDiscontinued=false}, {guid=aaaf21cb-d82b-11e8-80bb-08002789bf51, archive=false, dateOutputArchive=0001-01-01T00:00:00Z, thisGroup=false, parent=78ddac17-ca67-11e5-826c-605718cb5baa, bic=046015061, swift=, name=ФИЛИАЛ ЮЖНЫЙ ПАО БАНКА &quot;ФК ОТКРЫТИЕ&quot;, corrAccount=30101810560150000061, address=УЛ ГОРОДА ВОЛОС, 112/130, city=Г. РОСТОВ-НА-ДОНУ, phones=(863)2688901, country=4e127564-d74f-4dd9-bced-0327f0f4e061, countryCode=643, activityDiscontinued=false}, {guid=aaaf21cc-d82b-11e8-80bb-08002789bf51, archive=false, dateOutputArchive=0001-01-01T00:00:00Z, thisGroup=false, parent=78ddabe7-ca67-11e5-826c-605718cb5baa, bic=040507750, swift=, name=АО &quot;РОЯЛ КРЕДИТ БАНК&quot;, corrAccount=30101810105070000750, address=ПР-Т 100ЛЕТ ВЛАДИ-КА, 155 - 1Б, city=Г. ВЛАДИВОСТОК, phones=(423)2308871,2308870, country=4e127564-d74f-4dd9-bced-0327f0f4e061, countryCode=643, activityDiscontinued=false}, {guid=aaaf21cd-d82b-11e8-80bb-08002789bf51, archive=false, dateOutputArchive=0001-01-01T00:00:00Z, thisGroup=false, parent=78ddac17-ca67-11e5-826c-605718cb5baa, bic=046015078, swift=ZEMCRU22XXX, name=ООО &quot;ЗЕМКОМБАНК&quot;, corrAccount=30101810760150000078, address=УЛ МАЛЮГИНОЙ, 233, city=Г. РОСТОВ-НА-ДОНУ, phones=(863)2800064, country=4e127564-d74f-4dd9-bced-0327f0f4e061, countryCode=643, activityDiscontinued=false}, {guid=aaaf21ce-d82b-11e8-80bb-08002789bf51, archive=false, dateOutputArchive=0001-01-01T00:00:00Z, thisGroup=false, parent=78ddac17-ca67-11e5-826c-605718cb5baa, bic=046015075, swift=, name=РОСТОВСКИЙ ФИЛИАЛ ЦМРБАНК (ООО), corrAccount=30101810860150000075, address=УЛ ПУШКИНСКАЯ, 105/79, city=Г. РОСТОВ-НА-ДОНУ, phones=(863)2695710, country=4e127564-d74f-4dd9-bced-0327f0f4e061, countryCode=643, activityDiscontinued=false}, {guid=aaaf21cf-d82b-11e8-80bb-08002789bf51, archive=false, dateOutputArchive=0001-01-01T00:00:00Z, thisGroup=false, parent=78ddac17-ca67-11e5-826c-605718cb5baa, bic=046015074, swift=, name=ФИЛИАЛ &quot;РОСТОВ-НА-ДОНУ&quot; КБ &quot;ЛОКО-БАНК&quot; (АО), corrAccount=30101810560150000074, address=УЛ МАКСИМА ГОРЬКОГО, 123/67, city=Г. РОСТОВ-НА-ДОНУ, phones=(863)2192772, country=4e127564-d74f-4dd9-bced-0327f0f4e061, countryCode=643, activityDiscontinued=false}, {guid=aaaf21d0-d82b-11e8-80bb-08002789bf51, archive=false, dateOutputArchive=0001-01-01T00:00:00Z, thisGroup=false, parent=78ddac17-ca67-11e5-826c-605718cb5baa, bic=046015051, swift=, name=Ф-Л АКБ &quot;ФОРА-БАНК&quot; (АО) В Г.РОСТОВ-НА-ДОНУ, corrAccount=30101810460150000051, address=УЛ ПУШКИНСКАЯ, 117, city=Г. РОСТОВ-НА-ДОНУ, phones=(863)2403640, country=4e127564-d74f-4dd9-bced-0327f0f4e061, countryCode=643, activityDiscontinued=false}, {guid=aaaf21d1-d82b-11e8-80bb-08002789bf51, archive=false, dateOutputArchive=0001-01-01T00:00:00Z, thisGroup=false, parent=78ddac17-ca67-11e5-826c-605718cb5baa, bic=046015052, swift=, name=ООО КБ &quot;РОСТФИНАНС&quot;, corrAccount=30101810760150000052, address=УЛ КРАСНОАРМЕЙСКАЯ, 166 А, city=Г. РОСТОВ-НА-ДОНУ, phones=(863)2870058, country=4e127564-d74f-4dd9-bced-0327f0f4e061, countryCode=643, activityDiscontinued=false}, {guid=78ddac7b-ca67-11e5-826c-605718cb5baa, archive=false, dateOutputArchive=0001-01-01T00:00:00Z, thisGroup=false, parent=78ddac02-ca67-11e5-826c-605718cb5baa, bic=042809974, swift=, name=ТВЕФ ПАО &quot;БИНБАНК&quot;, corrAccount=30101810900000000974, address=, city=Г. ТВЕРЬ, phones=, country=00000000-0000-0000-0000-000000000000, countryCode=, activityDiscontinued=true}, {guid=aaaf21d2-d82b-11e8-80bb-08002789bf51, archive=false, dateOutputArchive=0001-01-01T00:00:00Z, thisGroup=false, parent=78ddac17-ca67-11e5-826c-605718cb5baa, bic=046015050, swift=, name=ФИЛИАЛ № 1 ПАО МОСОБЛБАНК, corrAccount=30101810160150000050, address=КОММУНИСТИЧЕСКИЙ ПР-Т, 51, city=Г. РОСТОВ-НА-ДОНУ, phones=(863)3009637, country=4e127564-d74f-4dd9-bced-0327f0f4e061, countryCode=643, activityDiscontinued=false}, {guid=aaaf21d3-d82b-11e8-80bb-08002789bf51, archive=false, dateOutputArchive=0001-01-01T00:00:00Z, thisGroup=false, parent=78ddabf2-ca67-11e5-826c-605718cb5baa, bic=043601728, swift=, name=САМАРСКИЙ ФИЛИАЛ ПАО &quot;НЕВСКИЙ БАНК&quot;, corrAccount=30101810222023601728, address=6 ПРОСЕКА, 125, city=Г. САМАРА, phones=(846)2011100, country=4e127564-d74f-4dd9-bced-0327f0f4e061, countryCode=643, activityDiscontinued=false}, {guid=aaaf21d4-d82b-11e8-80bb-08002789bf51, archive=false, dateOutputArchive=0001-01-01T00:00:00Z, thisGroup=false, parent=78ddabe9-ca67-11e5-826c-605718cb5baa, bic=042520764, swift=, name=КОНКУРСНЫЙ УПРАВЛЯЮЩИЙ &quot;ВЛБАНК&quot; (АО)-ГК &quot;АСВ&quot;, corrAccount=30101810450040000764, address=УЛ КИРОВА, 85 А, city=Г. УСТЬ-КУТ, phones=(3952)289500, country=4e127564-d74f-4dd9-bced-0327f0f4e061, countryCode=643, activityDiscontinued=false}, {guid=aaaf21d5-d82b-11e8-80bb-08002789bf51, archive=false, dateOutputArchive=0001-01-01T00:00:00Z, thisGroup=false, parent=78ddabe9-ca67-11e5-826c-605718cb5baa, bic=042520767, swift=, name=АНГАРСКИЙ ФИЛИАЛ АО &quot;ИТ БАНК&quot;, corrAccount=30101810350040000767, address=29-ЫЙ МКР, 15 А, city=Г. АНГАРСК, phones=(3955)671921,564004, country=4e127564-d74f-4dd9-bced-0327f0f4e061, countryCode=643, activityDiscontinued=false}, {guid=78ddabe1-ca67-11e5-826c-605718cb5baa, archive=, dateOutputArchive=, thisGroup=true, parent=00000000-0000-0000-0000-000000000000, bic=40       , swift=, name=Г САНКТ-ПЕТЕРБУРГ, corrAccount=, address=, city=, phones=, country=, countryCode=, activityDiscontinued=}, {guid=aaaf21d6-d82b-11e8-80bb-08002789bf51, archive=false, dateOutputArchive=0001-01-01T00:00:00Z, thisGroup=false, parent=78ddac34-ca67-11e5-826c-605718cb5baa, bic=046401888, swift=KHZARU99XXX, name=АО &quot;БАНК ХОЛМСК&quot;, corrAccount=30101810064010000888, address=УЛ ЛЕНИНА, 304 Г, city=Г. ЮЖНО-САХАЛИНСК, phones=(4242)245858, country=4e127564-d74f-4dd9-bced-0327f0f4e061, countryCode=643, activityDiscontinued=false}, {guid=bbea4eb4-fc53-11e8-80c5-08002789bf51, archive=false, dateOutputArchive=0001-01-01T00:00:00Z, thisGroup=false, parent=78ddabe5-ca67-11e5-826c-605718cb5baa, bic=044525360, swift=, name=Филиал &quot;Корпоративный&quot; ПАО &quot;Совкомбанк&quot;, corrAccount=30101810445250000360, address=УЛ. ВАВИЛОВА, Д. 24, city=Г. МОСКВА, phones=, country=4e127564-d74f-4dd9-bced-0327f0f4e061, countryCode=643, activityDiscontinued=false}, {guid=bbea4eb5-fc53-11e8-80c5-08002789bf51, archive=false, dateOutputArchive=0001-01-01T00:00:00Z, thisGroup=false, parent=78ddabe1-ca67-11e5-826c-605718cb5baa, bic=044030800, swift=, name=Ф-Л СПБ № 2 ПАО БАНК &quot;ФК ОТКРЫТИЕ&quot;, corrAccount=30101810040300000800, address=НАБ. ОБВОДНОГО КАНАЛА, Д. 90,, city=Г. САНКТ-ПЕТЕРБУРГ, phones=, country=4e127564-d74f-4dd9-bced-0327f0f4e061, countryCode=643, activityDiscontinued=false}, {guid=bbea4eb6-fc53-11e8-80c5-08002789bf51, archive=false, dateOutputArchive=0001-01-01T00:00:00Z, thisGroup=false, parent=78ddac49-ca67-11e5-826c-605718cb5baa, bic=047308988, swift=, name=Ф-л Ульяновский № 2 ПАО Банк &quot;ФК Открытие&quot;, corrAccount=30101810122027300988, address=УЛ. АЛЕКСАНДРА МАТРОСОВА, Д 33, city=Г. УЛЬЯНОВСК, phones=, country=4e127564-d74f-4dd9-bced-0327f0f4e061, countryCode=643, activityDiscontinued=false}, {guid=bbea4eb7-fc53-11e8-80c5-08002789bf51, archive=false, dateOutputArchive=0001-01-01T00:00:00Z, thisGroup=false, parent=78ddac07-ca67-11e5-826c-605718cb5baa, bic=045004051, swift=, name=Новосибирский филиал РНКО &quot;Р-ИНКАС&quot; (ООО), corrAccount=30103810450045004051, address=УЛ. ДМИТРИЯ ДОНСКОГО, 11, city=Г. НОВОСИБИРСК, phones=, country=4e127564-d74f-4dd9-bced-0327f0f4e061, countryCode=643, activityDiscontinued=false}, {guid=bbea4eb8-fc53-11e8-80c5-08002789bf51, archive=false, dateOutputArchive=0001-01-01T00:00:00Z, thisGroup=false, parent=78ddabe5-ca67-11e5-826c-605718cb5baa, bic=044525980, swift=, name=Ф-л Мск (Диджитал) ПАО Банк &quot;ФК Открытие&quot;, corrAccount=30101810045250000980, address=УЛ. ПЕТРОВКА, Д. 24, СТР. 1, city=Г. МОСКВА, phones=, country=4e127564-d74f-4dd9-bced-0327f0f4e061, countryCode=643, activityDiscontinued=false}, {guid=bbea4eb9-fc53-11e8-80c5-08002789bf51, archive=false, dateOutputArchive=0001-01-01T00:00:00Z, thisGroup=false, parent=78ddabeb-ca67-11e5-826c-605718cb5baa, bic=040702751, swift=, name=Ф-Л СТАВРОПОЛЬСКИЙ №2 ПАО БАНК &quot;ФК ОТКРЫТИЕ&quot;, corrAccount=30101810007020000751, address=УЛ. ЛЕНИНА, 221, city=Г. СТАВРОПОЛЬ, phones=, country=4e127564-d74f-4dd9-bced-0327f0f4e061, countryCode=643, activityDiscontinued=false}, {guid=bbea4eba-fc53-11e8-80c5-08002789bf51, archive=false, dateOutputArchive=0001-01-01T00:00:00Z, thisGroup=false, parent=78ddac09-ca67-11e5-826c-605718cb5baa, bic=046577520, swift=, name=Ф-л Екб №2 ПАО Банк &quot;ФК Открытие&quot;, corrAccount=30101810065770000520, address=УЛ.ГОРЬКОГО, Д.45, city=Г. ЕКАТЕРИНБУРГ, phones=, country=4e127564-d74f-4dd9-bced-0327f0f4e061, countryCode=643, activityDiscontinued=false}, {guid=bbea4ebb-fc53-11e8-80c5-08002789bf51, archive=false, dateOutputArchive=0001-01-01T00:00:00Z, thisGroup=false, parent=78ddabe7-ca67-11e5-826c-605718cb5baa, bic=040507830, swift=, name=Ф-л Владивостокский №2 ПАО Банк &quot;ФК Открытие&quot;, corrAccount=30101810805070000830, address=ПР-КТ ОКЕАНСКИЙ, Д.123 Б, city=Г. ВЛАДИВОСТОК, phones=, country=4e127564-d74f-4dd9-bced-0327f0f4e061, countryCode=643, activityDiscontinued=false}, {guid=bbea4ebc-fc53-11e8-80c5-08002789bf51, archive=false, dateOutputArchive=0001-01-01T00:00:00Z, thisGroup=false, parent=78ddac17-ca67-11e5-826c-605718cb5baa, bic=046015084, swift=, name=Ф-л Ростовский №2 ПАО Банк &quot;ФК Открытие&quot;, corrAccount=30101810660150000084, address=ПР. ШОЛОХОВА, 32/65, city=Г. РОСТОВ-НА-ДОНУ, phones=, country=4e127564-d74f-4dd9-bced-0327f0f4e061, countryCode=643, activityDiscontinued=false}, {guid=bbea4ebd-fc53-11e8-80c5-08002789bf51, archive=false, dateOutputArchive=0001-01-01T00:00:00Z, thisGroup=false, parent=78ddac07-ca67-11e5-826c-605718cb5baa, bic=045004741, swift=, name=Ф-л Новосибирский №2 ПАО Банк &quot;ФК Открытие&quot;, corrAccount=30101810350040000741, address=УЛ. ЛЕНИНА, Д. 18, city=Г. НОВОСИБИРСК, phones=, country=4e127564-d74f-4dd9-bced-0327f0f4e061, countryCode=643, activityDiscontinued=false}, {guid=78ddabdc-ca67-11e5-826c-605718cb5baa, archive=false, dateOutputArchive=0001-01-01T00:00:00Z, thisGroup=false, parent=78ddabdb-ca67-11e5-826c-605718cb5baa, bic=043207757, swift=, name=ФИЛИАЛ N 11 ПАО МОСОБЛБАНК, corrAccount=30101810000000000757, address=УЛ ВЕСЕННЯЯ, 24, city=Г. КЕМЕРОВО, phones=(3842)363892, country=4e127564-d74f-4dd9-bced-0327f0f4e061, countryCode=643, activityDiscontinued=false}, {guid=78ddabdd-ca67-11e5-826c-605718cb5baa, archive=, dateOutputArchive=, thisGroup=true, parent=00000000-0000-0000-0000-000000000000, bic=66       , swift=, name=СМОЛЕНСКАЯ ОБЛАСТЬ, corrAccount=, address=, city=, phones=, country=, countryCode=, activityDiscontinued=}, {guid=78ddabde-ca67-11e5-826c-605718cb5baa, archive=false, dateOutputArchive=0001-01-01T00:00:00Z, thisGroup=false, parent=78ddabdd-ca67-11e5-826c-605718cb5baa, bic=046610000, swift=, name=РКЦ ВЯЗЬМА, corrAccount=, address=, city=Г. ВЯЗЬМА, phones=, country=00000000-0000-0000-0000-000000000000, countryCode=, activityDiscontinued=true}, {guid=78ddabdf-ca67-11e5-826c-605718cb5baa, archive=, dateOutputArchive=, thisGroup=true, parent=00000000-0000-0000-0000-000000000000, bic=92       , swift=, name=РЕСПУБЛИКА ТАТАРСТАН, corrAccount=, address=, city=, phones=, country=, countryCode=, activityDiscontinued=}, {guid=78ddabe2-ca67-11e5-826c-605718cb5baa, archive=false, dateOutputArchive=0001-01-01T00:00:00Z, thisGroup=false, parent=78ddabe1-ca67-11e5-826c-605718cb5baa, bic=044030743, swift=, name=САНКТ-ПЕТЕРБУРГСКИЙ ФИЛИАЛ ПАО &quot;АК БАНК&quot;, corrAccount=30101810300000000743, address=, city=Г. САНКТ-ПЕТЕРБУРГ, phones=, country=00000000-0000-0000-0000-000000000000, countryCode=, activityDiscontinued=true}, {guid=78ddabe3-ca67-11e5-826c-605718cb5baa, archive=false, dateOutputArchive=0001-01-01T00:00:00Z, thisGroup=false, parent=78ddabe1-ca67-11e5-826c-605718cb5baa, bic=044030708, swift=, name=САНКТ-ПЕТЕРБУРГСКИЙ ФИЛИАЛ АКБ &quot;НЗБАНК&quot;,ОАО, corrAccount=30101810400000000708, address=, city=Г. САНКТ-ПЕТЕРБУРГ, phones=, country=00000000-0000-0000-0000-000000000000, countryCode=, activityDiscontinued=true}, {guid=78ddabe4-ca67-11e5-826c-605718cb5baa, archive=false, dateOutputArchive=0001-01-01T00:00:00Z, thisGroup=false, parent=78ddabe1-ca67-11e5-826c-605718cb5baa, bic=044030821, swift=, name=ФСКБ ПРИМОРЬЯ &quot;ПРИМСОЦБАНК&quot; В Г С-ПЕТЕРБУРГЕ, corrAccount=30101810400000000821, address=УЛ САДОВАЯ, 40 ЛИТ Б, city=Г. САНКТ-ПЕТЕРБУРГ, phones=(812)4934900, country=4e127564-d74f-4dd9-bced-0327f0f4e061, countryCode=643, activityDiscontinued=false}, {guid=78ddabe5-ca67-11e5-826c-605718cb5baa, archive=, dateOutputArchive=, thisGroup=true, parent=00000000-0000-0000-0000-000000000000, bic=45       , swift=, name=Г МОСКВА, corrAccount=, address=, city=, phones=, country=, countryCode=, activityDiscontinued=}, {guid=78ddabe6-ca67-11e5-826c-605718cb5baa, archive=false, dateOutputArchive=0001-01-01T00:00:00Z, thisGroup=false, parent=78ddabe5-ca67-11e5-826c-605718cb5baa, bic=044525461, swift=, name=КУ АКБ &quot;БЕНИФИТ-БАНК&quot; (ЗАО) - ГК &quot;АСВ&quot;, corrAccount=30101810645250000461, address=УЛ ВЫСОЦКОГО, 4, city=Г. МОСКВА, phones=(495)9612526, country=4e127564-d74f-4dd9-bced-0327f0f4e061, countryCode=643, activityDiscontinued=false}, {guid=78ddabe7-ca67-11e5-826c-605718cb5baa, archive=, dateOutputArchive=, thisGroup=true, parent=00000000-0000-0000-0000-000000000000, bic=05       , swift=, name=ПРИМОРСКИЙ КРАЙ, corrAccount=, address=, city=, phones=, country=, countryCode=, activityDiscontinued=}, {guid=78ddabe8-ca67-11e5-826c-605718cb5baa, archive=false, dateOutputArchive=0001-01-01T00:00:00Z, thisGroup=false, parent=78ddabe7-ca67-11e5-826c-605718cb5baa, bic=040507001, swift=, name=ДАЛЬНЕВОСТОЧНОЕ ГУ БАНКА РОССИИ, corrAccount=, address=УЛ СВЕТЛАНСКАЯ, 71, city=Г. ВЛАДИВОСТОК, phones=(423)2406514,2406507, country=4e127564-d74f-4dd9-bced-0327f0f4e061, countryCode=643, activityDiscontinued=false}, {guid=78ddabe9-ca67-11e5-826c-605718cb5baa, archive=, dateOutputArchive=, thisGroup=true, parent=00000000-0000-0000-0000-000000000000, bic=25       , swift=, name=ИРКУТСКАЯ ОБЛАСТЬ, corrAccount=, address=, city=, phones=, country=, countryCode=, activityDiscontinued=}, {guid=78ddabea-ca67-11e5-826c-605718cb5baa, archive=false, dateOutputArchive=0001-01-01T00:00:00Z, thisGroup=false, parent=78ddabe9-ca67-11e5-826c-605718cb5baa, bic=042510000, swift=, name=РКЦ ЧУНСКИЙ, corrAccount=, address=, city=РП ЧУНСКИЙ, phones=, country=00000000-0000-0000-0000-000000000000, countryCode=, activityDiscontinued=true}, {guid=78ddabeb-ca67-11e5-826c-605718cb5baa, archive=, dateOutputArchive=, thisGroup=true, parent=00000000-0000-0000-0000-000000000000, bic=07       , swift=, name=СТАВРОПОЛЬСКИЙ КРАЙ, corrAccount=, address=, city=, phones=, country=, countryCode=, activityDiscontinued=}, {guid=78ddabec-ca67-11e5-826c-605718cb5baa, archive=false, dateOutputArchive=0001-01-01T00:00:00Z, thisGroup=false, parent=78ddabeb-ca67-11e5-826c-605718cb5baa, bic=040702001, swift=, name=ОТДЕЛЕНИЕ СТАВРОПОЛЬ, corrAccount=, address=УЛ ЛЕНИНА, 286, city=Г. СТАВРОПОЛЬ, phones=(8652)224803,224804, country=4e127564-d74f-4dd9-bced-0327f0f4e061, countryCode=643, activityDiscontinued=false}, {guid=78ddabed-ca67-11e5-826c-605718cb5baa, archive=false, dateOutputArchive=0001-01-01T00:00:00Z, thisGroup=false, parent=78ddabe5-ca67-11e5-826c-605718cb5baa, bic=044525212, swift=, name=КУ КБ &quot;ТРАНСИНВЕСТБАНК&quot; (ООО) - ГК &quot;АСВ&quot;, corrAccount=30101810645250000212, address=УЛ ВЫСОЦКОГО, 4, city=Г. МОСКВА, phones=(495)9612526, country=4e127564-d74f-4dd9-bced-0327f0f4e061, countryCode=643, activityDiscontinued=false}, {guid=78ddabee-ca67-11e5-826c-605718cb5baa, archive=, dateOutputArchive=, thisGroup=true, parent=00000000-0000-0000-0000-000000000000, bic=54       , swift=, name=ОРЛОВСКАЯ ОБЛАСТЬ, corrAccount=, address=, city=, phones=, country=, countryCode=, activityDiscontinued=}, {guid=78ddabef-ca67-11e5-826c-605718cb5baa, archive=false, dateOutputArchive=0001-01-01T00:00:00Z, thisGroup=false, parent=78ddabee-ca67-11e5-826c-605718cb5baa, bic=045402751, swift=, name=ОРЛОВСКИЙ РФ АО &quot;РОССЕЛЬХОЗБАНК&quot;, corrAccount=30101810700000000751, address=УЛ МОСКОВСКАЯ, 31 ЛИТ А, city=Г. ОРЁЛ, phones=(4862)541054,735788, country=4e127564-d74f-4dd9-bced-0327f0f4e061, countryCode=643, activityDiscontinued=false}, {guid=78ddabf0-ca67-11e5-826c-605718cb5baa, archive=, dateOutputArchive=, thisGroup=true, parent=00000000-0000-0000-0000-000000000000, bic=17       , swift=, name=ВЛАДИМИРСКАЯ ОБЛАСТЬ, corrAccount=, address=, city=, phones=, country=, countryCode=, activityDiscontinued=}, {guid=78ddabf1-ca67-11e5-826c-605718cb5baa, archive=false, dateOutputArchive=0001-01-01T00:00:00Z, thisGroup=false, parent=78ddabf0-ca67-11e5-826c-605718cb5baa, bic=041708717, swift=, name=ФИЛИАЛ АО &quot;РОСТ БАНК&quot; В Г.ВЛАДИМИРЕ, corrAccount=30101810517080000717, address=, city=Г. ВЛАДИМИР, phones=, country=00000000-0000-0000-0000-000000000000, countryCode=, activityDiscontinued=true}, {guid=78ddabf2-ca67-11e5-826c-605718cb5baa, archive=, dateOutputArchive=, thisGroup=true, parent=00000000-0000-0000-0000-000000000000, bic=36       , swift=, name=САМАРСКАЯ ОБЛАСТЬ, corrAccount=, address=, city=, phones=, country=, countryCode=, activityDiscontinued=}, {guid=78ddac7c-ca67-11e5-826c-605718cb5baa, archive=false, dateOutputArchive=0001-01-01T00:00:00Z, thisGroup=false, parent=78ddac17-ca67-11e5-826c-605718cb5baa, bic=046027835, swift=, name=ООО &quot;РУССКИЙ НАЦИОНАЛЬНЫЙ БАНК&quot;, corrAccount=30101810700000000835, address=, city=Г. РОСТОВ-НА-ДОНУ, phones=, country=00000000-0000-0000-0000-000000000000, countryCode=, activityDiscontinued=true}, {guid=78ddabf3-ca67-11e5-826c-605718cb5baa, archive=false, dateOutputArchive=0001-01-01T00:00:00Z, thisGroup=false, parent=78ddabf2-ca67-11e5-826c-605718cb5baa, bic=043601917, swift=GAZPRUMM037, name=Ф-Л БАНКА ГПБ (АО) &quot;ПОВОЛЖСКИЙ&quot;, corrAccount=30101810000000000917, address=УЛ НОВО-САДОВАЯ, 106 А, СТР 1, city=Г. САМАРА, phones=(846)3396945,3396946, country=4e127564-d74f-4dd9-bced-0327f0f4e061, countryCode=643, activityDiscontinued=false}, {guid=78ddabf4-ca67-11e5-826c-605718cb5baa, archive=false, dateOutputArchive=0001-01-01T00:00:00Z, thisGroup=false, parent=78ddabe5-ca67-11e5-826c-605718cb5baa, bic=044525225, swift=SABRRUMMXXX, name=ПАО СБЕРБАНК, corrAccount=30101810400000000225, address=УЛ ВАВИЛОВА, 19, city=Г. МОСКВА, phones=(495)5005550,88005555550, country=4e127564-d74f-4dd9-bced-0327f0f4e061, countryCode=643, activityDiscontinued=false}, {guid=78ddabf5-ca67-11e5-826c-605718cb5baa, archive=, dateOutputArchive=, thisGroup=true, parent=00000000-0000-0000-0000-000000000000, bic=87       , swift=, name=РЕСПУБЛИКА КОМИ, corrAccount=, address=, city=, phones=, country=, countryCode=, activityDiscontinued=}, {guid=78ddabf6-ca67-11e5-826c-605718cb5baa, archive=false, dateOutputArchive=0001-01-01T00:00:00Z, thisGroup=false, parent=78ddabf5-ca67-11e5-826c-605718cb5baa, bic=048723000, swift=, name=РКЦ УСИНСК, corrAccount=, address=УЛ НЕФТЯНИКОВ, 30, city=Г. УСИНСК, phones=(82144)41735,41445, country=4e127564-d74f-4dd9-bced-0327f0f4e061, countryCode=643, activityDiscontinued=false}, {guid=78ddabf8-ca67-11e5-826c-605718cb5baa, archive=false, dateOutputArchive=0001-01-01T00:00:00Z, thisGroup=false, parent=78ddabf7-ca67-11e5-826c-605718cb5baa, bic=045354860, swift=FORHRU33XXX, name=АКБ &quot;ФОРШТАДТ&quot; (АО), corrAccount=30101810700000000860, address=УЛ ЧКАЛОВА, 35/1, city=Г. ОРЕНБУРГ, phones=(3532)980486,980412, country=4e127564-d74f-4dd9-bced-0327f0f4e061, countryCode=643, activityDiscontinued=false}, {guid=78ddabf9-ca67-11e5-826c-605718cb5baa, archive=, dateOutputArchive=, thisGroup=true, parent=00000000-0000-0000-0000-000000000000, bic=69       , swift=, name=ТОМСКАЯ ОБЛАСТЬ, corrAccount=, address=, city=, phones=, country=, countryCode=, activityDiscontinued=}, {guid=78ddabfa-ca67-11e5-826c-605718cb5baa, archive=false, dateOutputArchive=0001-01-01T00:00:00Z, thisGroup=false, parent=78ddabf9-ca67-11e5-826c-605718cb5baa, bic=046900000, swift=, name=РКЦ КОЛПАШЕВО, corrAccount=, address=, city=Г. КОЛПАШЕВО, phones=, country=00000000-0000-0000-0000-000000000000, countryCode=, activityDiscontinued=true}, {guid=78ddabfb-ca67-11e5-826c-605718cb5baa, archive=false, dateOutputArchive=0001-01-01T00:00:00Z, thisGroup=false, parent=78ddabe1-ca67-11e5-826c-605718cb5baa, bic=044030752, swift=, name=САНКТ-ПЕТЕРБУРГСКИЙ ФИЛИАЛ &quot;БАНК СГБ&quot;, corrAccount=30101810100000000752, address=УЛ. МАРШАЛА ГОВОРОВА, 35 ЛИТ А, city=Г. САНКТ-ПЕТЕРБУРГ, phones=(812)3365900, country=4e127564-d74f-4dd9-bced-0327f0f4e061, countryCode=643, activityDiscontinued=false}, {guid=78ddabfc-ca67-11e5-826c-605718cb5baa, archive=false, dateOutputArchive=0001-01-01T00:00:00Z, thisGroup=false, parent=78ddabe5-ca67-11e5-826c-605718cb5baa, bic=044525102, swift=IKBARUMMXXX, name=АО &quot;ДЕНИЗБАНК МОСКВА&quot;, corrAccount=30101810400000000102, address=2-Я ЗВЕНИГОРОД УЛ, 13, СТР 42, city=Г. МОСКВА, phones=(495)7251020, country=4e127564-d74f-4dd9-bced-0327f0f4e061, countryCode=643, activityDiscontinued=false}, {guid=78ddabfd-ca67-11e5-826c-605718cb5baa, archive=, dateOutputArchive=, thisGroup=true, parent=00000000-0000-0000-0000-000000000000, bic=63       , swift=, name=САРАТОВСКАЯ ОБЛАСТЬ, corrAccount=, address=, city=, phones=, country=, countryCode=, activityDiscontinued=}, {guid=78ddabfe-ca67-11e5-826c-605718cb5baa, archive=false, dateOutputArchive=0001-01-01T00:00:00Z, thisGroup=false, parent=78ddabfd-ca67-11e5-826c-605718cb5baa, bic=046380002, swift=, name=ПУ БАНКА РОССИИ ВОЛЖСКОЕ, corrAccount=, address=, city=П. СВЕТЛЫЙ, phones=(84558)33215, country=4e127564-d74f-4dd9-bced-0327f0f4e061, countryCode=643, activityDiscontinued=false}, {guid=78ddabff-ca67-11e5-826c-605718cb5baa, archive=false, dateOutputArchive=0001-01-01T00:00:00Z, thisGroup=false, parent=78ddabe5-ca67-11e5-826c-605718cb5baa, bic=044583695, swift=, name=КУ ОАО БАНК &quot;СОДРУЖЕСТВО&quot;-ГК &quot;АСВ&quot;, corrAccount=30101810700000000695, address=, city=Г. МОСКВА, phones=, country=00000000-0000-0000-0000-000000000000, countryCode=, activityDiscontinued=true}, {guid=78ddac00-ca67-11e5-826c-605718cb5baa, archive=, dateOutputArchive=, thisGroup=true, parent=00000000-0000-0000-0000-000000000000, bic=82       , swift=, name=РЕСПУБЛИКА ДАГЕСТАН, corrAccount=, address=, city=, phones=, country=, countryCode=, activityDiscontinued=}, {guid=78ddac01-ca67-11e5-826c-605718cb5baa, archive=false, dateOutputArchive=0001-01-01T00:00:00Z, thisGroup=false, parent=78ddac00-ca67-11e5-826c-605718cb5baa, bic=048209870, swift=, name=ЛИКВ ООО РНКО &quot;УМУТ&quot;, corrAccount=30103810400000000870, address=УЛ КАЛИНИНА, 4, city=Г. ХАСАВЮРТ, phones=(87231)51268,51667, country=4e127564-d74f-4dd9-bced-0327f0f4e061, countryCode=643, activityDiscontinued=false}, {guid=78ddac02-ca67-11e5-826c-605718cb5baa, archive=, dateOutputArchive=, thisGroup=true, parent=00000000-0000-0000-0000-000000000000, bic=28       , swift=, name=ТВЕРСКАЯ ОБЛАСТЬ, corrAccount=, address=, city=, phones=, country=, countryCode=, activityDiscontinued=}, {guid=78ddac03-ca67-11e5-826c-605718cb5baa, archive=false, dateOutputArchive=0001-01-01T00:00:00Z, thisGroup=false, parent=78ddac02-ca67-11e5-826c-605718cb5baa, bic=042809909, swift=, name=ТВЕРСКОЙ ФИЛИАЛ АБ &quot;РОССИЯ&quot;, corrAccount=30101810700000000909, address=УЛ КРЫЛОВА, 40/29, city=Г. ТВЕРЬ, phones=(4822)347569, country=4e127564-d74f-4dd9-bced-0327f0f4e061, countryCode=643, activityDiscontinued=false}, {guid=78ddac04-ca67-11e5-826c-605718cb5baa, archive=false, dateOutputArchive=0001-01-01T00:00:00Z, thisGroup=false, parent=78ddac00-ca67-11e5-826c-605718cb5baa, bic=048209989, swift=, name=ФИЛИАЛ ИКБ &quot;ЭНТУЗИАСТБАНК&quot; ООО-КИЗЛЯР, corrAccount=30101810882090000989, address=, city=Г. КИЗЛЯР, phones=, country=00000000-0000-0000-0000-000000000000, countryCode=, activityDiscontinued=true}, {guid=78ddac05-ca67-11e5-826c-605718cb5baa, archive=false, dateOutputArchive=0001-01-01T00:00:00Z, thisGroup=false, parent=78ddabe5-ca67-11e5-826c-605718cb5baa, bic=044583844, swift=, name=КУ КОММЕРЧЕСКИЙ БАНК &quot;СДБ&quot; (ООО) ГК &quot;АСВ&quot;, corrAccount=30101810700000000844, address=, city=Г. МОСКВА, phones=, country=00000000-0000-0000-0000-000000000000, countryCode=, activityDiscontinued=true}, {guid=78ddac06-ca67-11e5-826c-605718cb5baa, archive=false, dateOutputArchive=0001-01-01T00:00:00Z, thisGroup=false, parent=78ddabe5-ca67-11e5-826c-605718cb5baa, bic=044525938, swift=, name=МОСКОВСКИЙ ФИЛИАЛ АО АКБ &quot;ТЕКСБАНК&quot;, corrAccount=30101810945250000938, address=ОЛИМПИЙСКИЙ ПР-Т, 26, СТР 1, city=Г. МОСКВА, phones=(495)6480048, country=4e127564-d74f-4dd9-bced-0327f0f4e061, countryCode=643, activityDiscontinued=false}, {guid=78ddac07-ca67-11e5-826c-605718cb5baa, archive=, dateOutputArchive=, thisGroup=true, parent=00000000-0000-0000-0000-000000000000, bic=50       , swift=, name=НОВОСИБИРСКАЯ ОБЛАСТЬ, corrAccount=, address=, city=, phones=, country=, countryCode=, activityDiscontinued=}, {guid=78ddac08-ca67-11e5-826c-605718cb5baa, archive=false, dateOutputArchive=0001-01-01T00:00:00Z, thisGroup=false, parent=78ddac07-ca67-11e5-826c-605718cb5baa, bic=045004747, swift=, name=ФИЛИАЛ &quot;НОВОСИБИРСКИЙ&quot; АО &quot;ГЛОБЭКСБАНК&quot;, corrAccount=30101810150040000747, address=УЛ ВОКЗАЛЬНАЯ МАГИСТРАЛЬ, 8 А, city=Г. НОВОСИБИРСК, phones=(383)2181508, country=4e127564-d74f-4dd9-bced-0327f0f4e061, countryCode=643, activityDiscontinued=false}, {guid=78ddac09-ca67-11e5-826c-605718cb5baa, archive=, dateOutputArchive=, thisGroup=true, parent=00000000-0000-0000-0000-000000000000, bic=65       , swift=, name=СВЕРДЛОВСКАЯ ОБЛАСТЬ, corrAccount=, address=, city=, phones=, country=, countryCode=, activityDiscontinued=}, {guid=78ddac0a-ca67-11e5-826c-605718cb5baa, archive=false, dateOutputArchive=0001-01-01T00:00:00Z, thisGroup=false, parent=78ddac09-ca67-11e5-826c-605718cb5baa, bic=046577907, swift=, name=ЕКАТЕРИНБУРГСКИЙ ФИЛИАЛ ПАО &quot;АК БАРС&quot; БАНК, corrAccount=30101810400000000907, address=ПР-Т ЛЕНИНА, 20, city=Г. ЕКАТЕРИНБУРГ, phones=(343)3556015, country=4e127564-d74f-4dd9-bced-0327f0f4e061, countryCode=643, activityDiscontinued=false}, {guid=78ddac0b-ca67-11e5-826c-605718cb5baa, archive=, dateOutputArchive=, thisGroup=true, parent=00000000-0000-0000-0000-000000000000, bic=47       , swift=, name=МУРМАНСКАЯ ОБЛАСТЬ, corrAccount=, address=, city=, phones=, country=, countryCode=, activityDiscontinued=}, {guid=78ddac0c-ca67-11e5-826c-605718cb5baa, archive=false, dateOutputArchive=0001-01-01T00:00:00Z, thisGroup=false, parent=78ddac0b-ca67-11e5-826c-605718cb5baa, bic=044705824, swift=, name=ФИЛИАЛ ПАО &quot;ОФК БАНК&quot; В МУРМАНСКЕ, corrAccount=30101810900000000824, address=, city=Г. МУРМАНСК, phones=, country=00000000-0000-0000-0000-000000000000, countryCode=, activityDiscontinued=true}, {guid=78ddac0d-ca67-11e5-826c-605718cb5baa, archive=, dateOutputArchive=, thisGroup=true, parent=00000000-0000-0000-0000-000000000000, bic=19       , swift=, name=ВОЛОГОДСКАЯ ОБЛАСТЬ, corrAccount=, address=, city=, phones=, country=, countryCode=, activityDiscontinued=}, {guid=78ddac0e-ca67-11e5-826c-605718cb5baa, archive=false, dateOutputArchive=0001-01-01T00:00:00Z, thisGroup=false, parent=78ddac0d-ca67-11e5-826c-605718cb5baa, bic=041909708, swift=, name=КУ НКО &quot;КРЕДИТАЛЬЯНС&quot; (ООО), corrAccount=30103810200000000708, address=, city=Г. ВОЛОГДА, phones=, country=00000000-0000-0000-0000-000000000000, countryCode=, activityDiscontinued=true}, {guid=78ddac0f-ca67-11e5-826c-605718cb5baa, archive=, dateOutputArchive=, thisGroup=true, parent=00000000-0000-0000-0000-000000000000, bic=03       , swift=, name=КРАСНОДАРСКИЙ КРАЙ, corrAccount=, address=, city=, phones=, country=, countryCode=, activityDiscontinued=}, {guid=78ddac10-ca67-11e5-826c-605718cb5baa, archive=false, dateOutputArchive=0001-01-01T00:00:00Z, thisGroup=false, parent=78ddac0f-ca67-11e5-826c-605718cb5baa, bic=040349749, swift=, name=КРАСНОДАРСКИЙ ФИЛИАЛ ТКБ БАНК ПАО, corrAccount=30101810500000000749, address=УЛ ФРУНЗЕ, 169, city=Г. КРАСНОДАР, phones=(861)2104542,2104546, country=4e127564-d74f-4dd9-bced-0327f0f4e061, countryCode=643, activityDiscontinued=false}, {guid=78ddac11-ca67-11e5-826c-605718cb5baa, archive=false, dateOutputArchive=0001-01-01T00:00:00Z, thisGroup=false, parent=78ddabf5-ca67-11e5-826c-605718cb5baa, bic=048702731, swift=, name=ФИЛИАЛ КБ &quot;РОСПРОМБАНК&quot; (ООО) В Г. СЫКТЫВКАРЕ, corrAccount=30101810500000000731, address=, city=Г. СЫКТЫВКАР, phones=, country=00000000-0000-0000-0000-000000000000, countryCode=, activityDiscontinued=true}, {guid=78ddac12-ca67-11e5-826c-605718cb5baa, archive=, dateOutputArchive=, thisGroup=true, parent=00000000-0000-0000-0000-000000000000, bic=20       , swift=, name=ВОРОНЕЖСКАЯ ОБЛАСТЬ, corrAccount=, address=, city=, phones=, country=, countryCode=, activityDiscontinued=}, {guid=78ddac13-ca67-11e5-826c-605718cb5baa, archive=false, dateOutputArchive=0001-01-01T00:00:00Z, thisGroup=false, parent=78ddac12-ca67-11e5-826c-605718cb5baa, bic=042007001, swift=, name=ОТДЕЛЕНИЕ ВОРОНЕЖ, corrAccount=, address=УЛ ТЕАТРАЛЬНАЯ, 36, city=Г. ВОРОНЕЖ, phones=(473)2555820,2699990, country=4e127564-d74f-4dd9-bced-0327f0f4e061, countryCode=643, activityDiscontinued=false}, {guid=78ddac14-ca67-11e5-826c-605718cb5baa, archive=, dateOutputArchive=, thisGroup=true, parent=00000000-0000-0000-0000-000000000000, bic=76       , swift=, name=ЗАБАЙКАЛЬСКИЙ КРАЙ, corrAccount=, address=, city=, phones=, country=, countryCode=, activityDiscontinued=}, {guid=78ddac15-ca67-11e5-826c-605718cb5baa, archive=false, dateOutputArchive=0001-01-01T00:00:00Z, thisGroup=false, parent=78ddac14-ca67-11e5-826c-605718cb5baa, bic=047601637, swift=SABRRU66CHT, name=ЧИТИНСКОЕ ОТДЕЛЕНИЕ  N8600 ПАО СБЕРБАНК, corrAccount=30101810500000000637, address=УЛ ПОЛИНЫ ОСИПЕНКО, 40, city=Г. ЧИТА, phones=(3022)336111, country=4e127564-d74f-4dd9-bced-0327f0f4e061, countryCode=643, activityDiscontinued=false}, {guid=78ddac16-ca67-11e5-826c-605718cb5baa, archive=false, dateOutputArchive=0001-01-01T00:00:00Z, thisGroup=false, parent=78ddabdb-ca67-11e5-826c-605718cb5baa, bic=043209770, swift=NOOBRU55XXX, name=ООО &quot;НОВОКИБ&quot;, corrAccount=30101810900000000770, address=УЛ КИРОВА, 69, city=Г. НОВОКУЗНЕЦК, phones=(3843)539698,459267, country=4e127564-d74f-4dd9-bced-0327f0f4e061, countryCode=643, activityDiscontinued=false}, {guid=78ddac17-ca67-11e5-826c-605718cb5baa, archive=, dateOutputArchive=, thisGroup=true, parent=00000000-0000-0000-0000-000000000000, bic=60       , swift=, name=РОСТОВСКАЯ ОБЛАСТЬ, corrAccount=, address=, city=, phones=, country=, countryCode=, activityDiscontinued=}, {guid=78ddac18-ca67-11e5-826c-605718cb5baa, archive=false, dateOutputArchive=0001-01-01T00:00:00Z, thisGroup=false, parent=78ddac17-ca67-11e5-826c-605718cb5baa, bic=046015293, swift=, name=РОСТОВСКИЙ ФИЛИАЛ НКО &quot;ИНКАХРАН&quot; (АО), corrAccount=30103810860150000293, address=, city=Г. РОСТОВ-НА-ДОНУ, phones=, country=00000000-0000-0000-0000-000000000000, countryCode=, activityDiscontinued=true}, {guid=78ddac19-ca67-11e5-826c-605718cb5baa, archive=false, dateOutputArchive=0001-01-01T00:00:00Z, thisGroup=false, parent=78ddac07-ca67-11e5-826c-605718cb5baa, bic=045004775, swift=, name=НОВОСИБИРСКИЙ ФИЛИАЛ ПАО &quot;БИНБАНК&quot;, corrAccount=30101810850040000775, address=, city=Г. НОВОСИБИРСК, phones=, country=00000000-0000-0000-0000-000000000000, countryCode=, activityDiscontinued=true}, {guid=78ddac1a-ca67-11e5-826c-605718cb5baa, archive=false, dateOutputArchive=0001-01-01T00:00:00Z, thisGroup=false, parent=78ddabe5-ca67-11e5-826c-605718cb5baa, bic=044583138, swift=, name=ООО КБ &quot;РАСЧЕТНЫЙ ДОМ&quot;, corrAccount=30101810500000000138, address=, city=Г. МОСКВА, phones=, country=00000000-0000-0000-0000-000000000000, countryCode=, activityDiscontinued=true}, {guid=78ddac1b-ca67-11e5-826c-605718cb5baa, archive=false, dateOutputArchive=0001-01-01T00:00:00Z, thisGroup=false, parent=78ddabe5-ca67-11e5-826c-605718cb5baa, bic=044525762, swift=, name=КУ КБ &quot;ЕВРОТРАСТ&quot; (ЗАО) ГК &quot;АСВ&quot;, corrAccount=30101810400000000762, address=УЛ ВЫСОЦКОГО, 4, city=Г. МОСКВА, phones=(495)9612526, country=4e127564-d74f-4dd9-bced-0327f0f4e061, countryCode=643, activityDiscontinued=false}, {guid=78ddaca1-ca67-11e5-826c-605718cb5baa, archive=, dateOutputArchive=, thisGroup=true, parent=00000000-0000-0000-0000-000000000000, bic=37       , swift=, name=КУРГАНСКАЯ ОБЛАСТЬ, corrAccount=, address=, city=, phones=, country=, countryCode=, activityDiscontinued=}, {guid=78ddac1d-ca67-11e5-826c-605718cb5baa, archive=false, dateOutputArchive=0001-01-01T00:00:00Z, thisGroup=false, parent=78ddabe5-ca67-11e5-826c-605718cb5baa, bic=044525235, swift=, name=КУ ООО &quot;М ПЛЮС&quot; ГК &quot;АСВ&quot;, corrAccount=30101810745250000235, address=УЛ ВЫСОЦКОГО, 4, city=Г. МОСКВА, phones=(495)9612526, country=4e127564-d74f-4dd9-bced-0327f0f4e061, countryCode=643, activityDiscontinued=false}, {guid=78ddac1e-ca67-11e5-826c-605718cb5baa, archive=false, dateOutputArchive=0001-01-01T00:00:00Z, thisGroup=false, parent=78ddabe5-ca67-11e5-826c-605718cb5baa, bic=044583701, swift=, name=ООО НКО &quot;ДЕНЬГИ.МЭЙЛ.РУ&quot;, corrAccount=30103810100000000701, address=, city=Г. МОСКВА, phones=, country=00000000-0000-0000-0000-000000000000, countryCode=, activityDiscontinued=true}, {guid=78ddac1f-ca67-11e5-826c-605718cb5baa, archive=false, dateOutputArchive=0001-01-01T00:00:00Z, thisGroup=false, parent=78ddabe1-ca67-11e5-826c-605718cb5baa, bic=044030769, swift=, name=КУ ОАО КБ &quot;ПЕТРО-АЭРО-БАНК&quot;-ГК &quot;АСВ&quot;, corrAccount=30101810300000000769, address=, city=Г. САНКТ-ПЕТЕРБУРГ, phones=, country=00000000-0000-0000-0000-000000000000, countryCode=, activityDiscontinued=true}, {guid=e8b018e6-ca8b-11e5-826c-605718cb5baa, archive=false, dateOutputArchive=0001-01-01T00:00:00Z, thisGroup=false, parent=78ddac9c-ca67-11e5-826c-605718cb5baa, bic=040481000, swift=, name=РКЦ АЧИНСК, corrAccount=, address=, city=Г. АЧИНСК, phones=, country=00000000-0000-0000-0000-000000000000, countryCode=, activityDiscontinued=true}, {guid=78ddac20-ca67-11e5-826c-605718cb5baa, archive=false, dateOutputArchive=0001-01-01T00:00:00Z, thisGroup=false, parent=78ddac0f-ca67-11e5-826c-605718cb5baa, bic=040396844, swift=, name=КОНКУРСНЫЙ УПРАВЛЯЮЩИЙ ООО КИИБ&quot;СОЧИ&quot;-ГК&quot;АСВ&quot;, corrAccount=30101810700000000844, address=УЛ ВЫСОЦКОГО, 4, city=Г. МОСКВА, phones=(495)7253117, country=4e127564-d74f-4dd9-bced-0327f0f4e061, countryCode=643, activityDiscontinued=false}, {guid=78ddac21-ca67-11e5-826c-605718cb5baa, archive=, dateOutputArchive=, thisGroup=true, parent=00000000-0000-0000-0000-000000000000, bic=22       , swift=, name=НИЖЕГОРОДСКАЯ ОБЛАСТЬ, corrAccount=, address=, city=, phones=, country=, countryCode=, activityDiscontinued=}, {guid=78ddac22-ca67-11e5-826c-605718cb5baa, archive=false, dateOutputArchive=0001-01-01T00:00:00Z, thisGroup=false, parent=78ddac21-ca67-11e5-826c-605718cb5baa, bic=042202821, swift=, name=ФАКБ &quot;РОССИЙСКИЙ КАПИТАЛ&quot; (АО) НИЖЕГОРОДСКИЙ, corrAccount=30101810300000000821, address=УЛ ОШАРСКАЯ, 52, city=Г. НИЖНИЙ НОВГОРОД, phones=(831)2816345, country=4e127564-d74f-4dd9-bced-0327f0f4e061, countryCode=643, activityDiscontinued=false}, {guid=78ddac23-ca67-11e5-826c-605718cb5baa, archive=false, dateOutputArchive=0001-01-01T00:00:00Z, thisGroup=false, parent=78ddabe5-ca67-11e5-826c-605718cb5baa, bic=044525551, swift=ICBKRUMMXXX, name=АЙСИБИСИ БАНК (АО), corrAccount=30101810200000000551, address=СЕРЕБРЯНИЧЕСКАЯ НАБ, 29, city=Г. МОСКВА, phones=(495)2873099, country=4e127564-d74f-4dd9-bced-0327f0f4e061, countryCode=643, activityDiscontinued=false}, {guid=78ddac24-ca67-11e5-826c-605718cb5baa, archive=false, dateOutputArchive=0001-01-01T00:00:00Z, thisGroup=false, parent=78ddabe5-ca67-11e5-826c-605718cb5baa, bic=044525476, swift=CBMWRUMMXXX, name=АО &quot;МОСКОМБАНК&quot;, corrAccount=30101810245250000476, address=УЛ 1-Я ФРУНЗЕНСКАЯ, 5, city=Г. МОСКВА, phones=(495)6091919, country=4e127564-d74f-4dd9-bced-0327f0f4e061, countryCode=643, activityDiscontinued=false}, {guid=78ddac25-ca67-11e5-826c-605718cb5baa, archive=, dateOutputArchive=, thisGroup=true, parent=00000000-0000-0000-0000-000000000000, bic=00       , swift=, name=ТЕРРИТОРИЯ НЕ ОПРЕДЕЛЕНА, corrAccount=, address=, city=, phones=, country=, countryCode=, activityDiscontinued=}, {guid=78ddac26-ca67-11e5-826c-605718cb5baa, archive=false, dateOutputArchive=0001-01-01T00:00:00Z, thisGroup=false, parent=78ddac25-ca67-11e5-826c-605718cb5baa, bic=040004002, swift=, name=ПУ БАНКА РОССИИ N 67903, corrAccount=, address=П/П 67903, city=, phones=, country=4e127564-d74f-4dd9-bced-0327f0f4e061, countryCode=643, activityDiscontinued=false}, {guid=78ddac27-ca67-11e5-826c-605718cb5baa, archive=false, dateOutputArchive=0001-01-01T00:00:00Z, thisGroup=false, parent=78ddac00-ca67-11e5-826c-605718cb5baa, bic=048209788, swift=, name=ФАКБ &quot;ИНВЕСТТОРГБАНК&quot; (ПАО) &quot;МАХАЧКАЛИНСКИЙ&quot;, corrAccount=30101810400000000788, address=, city=Г. МАХАЧКАЛА, phones=, country=00000000-0000-0000-0000-000000000000, countryCode=, activityDiscontinued=true}, {guid=78ddac28-ca67-11e5-826c-605718cb5baa, archive=, dateOutputArchive=, thisGroup=true, parent=00000000-0000-0000-0000-000000000000, bic=94       , swift=, name=УДМУРТСКАЯ РЕСПУБЛИКА, corrAccount=, address=, city=, phones=, country=, countryCode=, activityDiscontinued=}]&#10;" type="java.lang.AssertionError">java.lang.AssertionError: 
1 expectation failed.
Response body doesn't match expectation.
Expected: The content to match the given JSON schema.
error: instance type (string) does not match any allowed primitive type (allowed: ["boolean"])
    level: "error"
    schema: {"loadingURI":"file:/C:/Users/Sasha/Api/target/test-classes/getBankList.json#","pointer":"/items/properties/activityDiscontinued"}
    instance: {"pointer":"/13/activityDiscontinued"}
    domain: "validation"
    keyword: "type"
    found: "string"
    expected: ["boolean"]
error: string "" is too short (length: 0, required minimum: 1)
    level: "error"
    schema: {"loadingURI":"file:/C:/Users/Sasha/Api/target/test-classes/getBankList.json#","pointer":"/items/properties/address"}
    instance: {"pointer":"/13/address"}
    domain: "validation"
    keyword: "minLength"
    value: ""
    found: 0
    minLength: 1
error: instance type (string) does not match any allowed primitive type (allowed: ["boolean"])
    level: "error"
    schema: {"loadingURI":"file:/C:/Users/Sasha/Api/target/test-classes/getBankList.json#","pointer":"/items/properties/archive"}
    instance: {"pointer":"/13/archive"}
    domain: "validation"
    keyword: "type"
    found: "string"
    expected: ["boolean"]
error: string "" is too short (length: 0, required minimum: 1)
    level: "error"
    schema: {"loadingURI":"file:/C:/Users/Sasha/Api/target/test-classes/getBankList.json#","pointer":"/items/properties/city"}
    instance: {"pointer":"/13/city"}
    domain: "validation"
    keyword: "minLength"
    value: ""
    found: 0
    minLength: 1
error: string "" is too short (length: 0, required minimum: 20)
    level: "error"
    schema: {"loadingURI":"file:/C:/Users/Sasha/Api/target/test-classes/getBankList.json#","pointer":"/items/properties/corrAccount"}
    instance: {"pointer":"/13/corrAccount"}
    domain: "validation"
    keyword: "minLength"
    value: ""
    found: 0
    minLength: 20
error: string "" is too short (length: 0, required minimum: 36)
    level: "error"
    schema: {"loadingURI":"file:/C:/Users/Sasha/Api/target/test-classes/getBankList.json#","pointer":"/items/properties/country"}
    instance: {"pointer":"/13/country"}
    domain: "validation"
    keyword: "minLength"
    value: ""
    found: 0
    minLength: 36
error: string "" is too short (length: 0, required minimum: 3)
    level: "error"
    schema: {"loadingURI":"file:/C:/Users/Sasha/Api/target/test-classes/getBankList.json#","pointer":"/items/properties/countryCode"}
    instance: {"pointer":"/13/countryCode"}
    domain: "validation"
    keyword: "minLength"
    value: ""
    found: 0
    minLength: 3
error: string "" is too short (length: 0, required minimum: 10)
    level: "error"
    schema: {"loadingURI":"file:/C:/Users/Sasha/Api/target/test-classes/getBankList.json#","pointer":"/items/properties/dateOutputArchive"}
    instance: {"pointer":"/13/dateOutputArchive"}
    domain: "validation"
    keyword: "minLength"
    value: ""
    found: 0
    minLength: 10

  Actual: [{guid=979300ab-d82b-11e8-80bb-08002789bf51, archive=false, dateOutputArchive=0001-01-01T00:00:00Z, thisGroup=false, parent=78ddabf2-ca67-11e5-826c-605718cb5baa, bic=043601707, swift=, name=ФИЛИАЛ "САМАРСКИЙ" АО "ОТП БАНК", corrAccount=30101810722023601707, address=УЛ АВРОРЫ, 150, city=Г. САМАРА, phones=(846)3425312,3425313, country=4e127564-d74f-4dd9-bced-0327f0f4e061, countryCode=643, activityDiscontinued=false}, {guid=979300ac-d82b-11e8-80bb-08002789bf51, archive=false, dateOutputArchive=0001-01-01T00:00:00Z, thisGroup=false, parent=78ddabe1-ca67-11e5-826c-605718cb5baa, bic=044030792, swift=, name=ФИЛИАЛ "СЕВЕРО-ЗАПАДНЫЙ" "УМ-БАНК" ООО, corrAccount=30101810640300000792, address=КАМЕННООСТРОВСКИЙ ПР-Т, 61 ПОМ, city=Г. САНКТ-ПЕТЕРБУРГ, phones=(812)4560720, country=4e127564-d74f-4dd9-bced-0327f0f4e061, countryCode=643, activityDiscontinued=false}, {guid=979300ad-d82b-11e8-80bb-08002789bf51, archive=false, dateOutputArchive=0001-01-01T00:00:00Z, thisGroup=false, parent=78ddac07-ca67-11e5-826c-605718cb5baa, bic=045004711, swift=, name=Куйбышевский филиал АКБ "Ланта-Банк" (АО), corrAccount=30101810750045004711, address=КВАРТАЛ 1, ДОМ 29 "ВСТАВКА", city=Г. КУЙБЫШЕВ, phones=, country=4e127564-d74f-4dd9-bced-0327f0f4e061, countryCode=643, activityDiscontinued=false}, {guid=979300ae-d82b-11e8-80bb-08002789bf51, archive=false, dateOutputArchive=0001-01-01T00:00:00Z, thisGroup=false, parent=78ddac07-ca67-11e5-826c-605718cb5baa, bic=045004719, swift=, name=ФИЛИАЛ № 5440 БАНКА ВТБ (ПАО), corrAccount=30101810450040000719, address=УЛ ФРУНЗЕ, 232, 234, 234/1, city=Г. НОВОСИБИРСК, phones=(383)2492424,2492425, country=4e127564-d74f-4dd9-bced-0327f0f4e061, countryCode=643, activityDiscontinued=false}, {guid=979300af-d82b-11e8-80bb-08002789bf51, archive=false, dateOutputArchive=0001-01-01T00:00:00Z, thisGroup=false, parent=78ddac07-ca67-11e5-826c-605718cb5baa, bic=045004701, swift=, name=НОВОСИБИРСКИЙ ФИЛИАЛ АБ "РОССИЯ", corrAccount=30101810950040000701, address=УЛ СЕМЬИ ШАМШИНЫХ, 26, 26/1, city=Г. НОВОСИБИРСК, phones=(383)3670691,3670692, country=4e127564-d74f-4dd9-bced-0327f0f4e061, countryCode=643, activityDiscontinued=false}, {guid=979300b0-d82b-11e8-80bb-08002789bf51, archive=false, dateOutputArchive=0001-01-01T00:00:00Z, thisGroup=false, parent=78ddac09-ca67-11e5-826c-605718cb5baa, bic=046577459, swift=, name=ФИЛИАЛ "УРАЛЬСКИЙ" "УМ-БАНК" ООО, corrAccount=30101810165770000459, address=УЛ БЕЛИНСКОГО, 86, city=Г. ЕКАТЕРИНБУРГ, phones=(343)2871010,3452644, country=4e127564-d74f-4dd9-bced-0327f0f4e061, countryCode=643, activityDiscontinued=false}, {guid=979300b1-d82b-11e8-80bb-08002789bf51, archive=false, dateOutputArchive=0001-01-01T00:00:00Z, thisGroup=false, parent=78ddabe5-ca67-11e5-826c-605718cb5baa, bic=044525745, swift=VTBRRUM2MS3, name=ФИЛИАЛ № 7701 БАНКА ВТБ (ПАО), corrAccount=30101810345250000745, address=УЛ КУЗНЕЦКИЙ МОСТ, 17, СТР 1, city=Г. МОСКВА, phones=(495)9258000, country=4e127564-d74f-4dd9-bced-0327f0f4e061, countryCode=643, activityDiscontinued=false}, {guid=979300b2-d82b-11e8-80bb-08002789bf51, archive=false, dateOutputArchive=0001-01-01T00:00:00Z, thisGroup=false, parent=78ddabe9-ca67-11e5-826c-605718cb5baa, bic=042520842, swift=, name="Братский АНКБ" ПАО, corrAccount=30101810850042520842, address=УЛ. КОМСОМОЛЬСКАЯ, Д. 43, city=Г. БРАТСК, phones=, country=4e127564-d74f-4dd9-bced-0327f0f4e061, countryCode=643, activityDiscontinued=false}, {guid=979300b3-d82b-11e8-80bb-08002789bf51, archive=false, dateOutputArchive=0001-01-01T00:00:00Z, thisGroup=false, parent=78ddabe9-ca67-11e5-826c-605718cb5baa, bic=042520811, swift=, name=АО "ГРИНКОМБАНК", corrAccount=30101810950040000811, address=УЛ ФРАНК-КАМЕНЕЦКОГО, 8, city=Г. ИРКУТСК, phones=(3952)255196,240197, country=4e127564-d74f-4dd9-bced-0327f0f4e061, countryCode=643, activityDiscontinued=false}, {guid=979300b4-d82b-11e8-80bb-08002789bf51, archive=false, dateOutputArchive=0001-01-01T00:00:00Z, thisGroup=false, parent=78ddac9c-ca67-11e5-826c-605718cb5baa, bic=040407523, swift=, name=АО АИКБ "ЕНИСЕЙСКИЙ ОБЪЕДИНЕННЫЙ БАНК", corrAccount=30101810650040000523, address=УЛ КАРЛА МАРКСА, 62, city=Г. КРАСНОЯРСК, phones=(391)2770000, country=4e127564-d74f-4dd9-bced-0327f0f4e061, countryCode=643, activityDiscontinued=false}, {guid=979300b5-d82b-11e8-80bb-08002789bf51, archive=false, dateOutputArchive=0001-01-01T00:00:00Z, thisGroup=false, parent=e8b01830-ca8b-11e5-826c-605718cb5baa, bic=041403725, swift=, name=ООО "Осколбанк", corrAccount=30101810745250000725, address=Г. СТАРЫЙ ОСКОЛ, М-Н ОЛИМПИЙСК, city=Г. СТАРЫЙ ОСКОЛ, phones=, country=4e127564-d74f-4dd9-bced-0327f0f4e061, countryCode=643, activityDiscontinued=false}, {guid=979300b6-d82b-11e8-80bb-08002789bf51, archive=false, dateOutputArchive=0001-01-01T00:00:00Z, thisGroup=false, parent=78ddabe1-ca67-11e5-826c-605718cb5baa, bic=044030707, swift=VTBRRUM2SP3, name=ФИЛИАЛ № 7806 БАНКА ВТБ (ПАО), corrAccount=30101810240300000707, address=УЛ Б. МОРСКАЯ, 29 ЛИТ А, city=Г. САНКТ-ПЕТЕРБУРГ, phones=(812)3241214, country=4e127564-d74f-4dd9-bced-0327f0f4e061, countryCode=643, activityDiscontinued=false}, {guid=979300b7-d82b-11e8-80bb-08002789bf51, archive=false, dateOutputArchive=0001-01-01T00:00:00Z, thisGroup=false, parent=78ddac09-ca67-11e5-826c-605718cb5baa, bic=046577916, swift=, name=ФИЛИАЛ "НОВОУРАЛЬСКИЙ" ПАО КБ "УБРИР", corrAccount=30101810365770000916, address=УЛ ДЗЕРЖИНСКОГО, 16, city=Г. НОВОУРАЛЬСК, phones=(34370)25591, country=4e127564-d74f-4dd9-bced-0327f0f4e061, countryCode=643, activityDiscontinued=false}, {guid=78ddabd9-ca67-11e5-826c-605718cb5baa, archive=, dateOutputArchive=, thisGroup=true, parent=00000000-0000-0000-0000-000000000000, bic=90       , swift=, name=РЕСПУБЛИКА СЕВЕРНАЯ ОСЕТИЯ-АЛАНИЯ, corrAccount=, address=, city=, phones=, country=, countryCode=, activityDiscontinued=}, {guid=979300b8-d82b-11e8-80bb-08002789bf51, archive=false, dateOutputArchive=0001-01-01T00:00:00Z, thisGroup=false, parent=78ddabdf-ca67-11e5-826c-605718cb5baa, bic=049246691, swift=, name=АБ "ДЕВОН-КРЕДИТ" (ПАО), corrAccount=30101810722029246691, address=УЛ ЛЕНИНА, 77, city=Г. АЛЬМЕТЬЕВСК, phones=(8553)456777, country=4e127564-d74f-4dd9-bced-0327f0f4e061, countryCode=643, activityDiscontinued=false}, {guid=979300b9-d82b-11e8-80bb-08002789bf51, archive=false, dateOutputArchive=0001-01-01T00:00:00Z, thisGroup=false, parent=78ddabe5-ca67-11e5-826c-605718cb5baa, bic=044525806, swift=, name=ФИЛИАЛ "МОСКОВСКИЙ" КБ "СПУТНИК" (ПАО), corrAccount=30101810145250000806, address=ЛЯЛИН ПЕР, 19-1, city=Г. МОСКВА, phones=(495)5891084, country=4e127564-d74f-4dd9-bced-0327f0f4e061, countryCode=643, activityDiscontinued=false}, {guid=979300ba-d82b-11e8-80bb-08002789bf51, archive=false, dateOutputArchive=0001-01-01T00:00:00Z, thisGroup=false, parent=78ddaccd-ca67-11e5-826c-605718cb5baa, bic=045209702, swift=, name=АО "ИТ Банк", corrAccount=30101810750045209702, address=УЛ. ДУМСКАЯ, 7, city=Г. ОМСК, phones=, country=4e127564-d74f-4dd9-bced-0327f0f4e061, countryCode=643, activityDiscontinued=false}, {guid=979300bb-d82b-11e8-80bb-08002789bf51, archive=false, dateOutputArchive=0001-01-01T00:00:00Z, thisGroup=false, parent=78ddaccd-ca67-11e5-826c-605718cb5baa, bic=045209701, swift=, name=АО "Эксперт Банк", corrAccount=30101810450045209701, address=УЛ. МАРШАЛА ЖУКОВА, ДОМ 107, city=Г. ОМСК, phones=, country=4e127564-d74f-4dd9-bced-0327f0f4e061, countryCode=643, activityDiscontinued=false}, {guid=979300bc-d82b-11e8-80bb-08002789bf51, archive=false, dateOutputArchive=0001-01-01T00:00:00Z, thisGroup=false, parent=78ddac09-ca67-11e5-826c-605718cb5baa, bic=046577743, swift=, name=ФИЛИАЛ "ДЕЛО" ПАО "СКБ-БАНК", corrAccount=30101810965770000743, address=УЛ КУЙБЫШЕВА, 58, city=Г. ЕКАТЕРИНБУРГ, phones=(343)3557000, country=4e127564-d74f-4dd9-bced-0327f0f4e061, countryCode=643, activityDiscontinued=false}, {guid=979300bd-d82b-11e8-80bb-08002789bf51, archive=false, dateOutputArchive=0001-01-01T00:00:00Z, thisGroup=false, parent=78ddaccd-ca67-11e5-826c-605718cb5baa, bic=045209703, swift=, name=КУ АО "Мираф-Банк" - ГК "АСВ", corrAccount=30101810050045209703, address=УЛ. ФРУНЗЕ, Д.54, city=Г. ОМСК, phones=, country=4e127564-d74f-4dd9-bced-0327f0f4e061, countryCode=643, activityDiscontinued=false}, {guid=9d8e68cb-d82b-11e8-80bb-08002789bf51, archive=false, dateOutputArchive=0001-01-01T00:00:00Z, thisGroup=false, parent=78ddac21-ca67-11e5-826c-605718cb5baa, bic=042202761, swift=, name=Ф. АКБ "ФОРА-БАНК" (АО) В Г. НИЖНИЙ НОВГОРОД, corrAccount=30101810822020000761, address=УЛ КОВАЛИХИНСКАЯ, 8, city=Г. НИЖНИЙ НОВГОРОД, phones=(831)2161801,2161802, country=4e127564-d74f-4dd9-bced-0327f0f4e061, countryCode=643, activityDiscontinued=false}, {guid=9d8e68cc-d82b-11e8-80bb-08002789bf51, archive=false, dateOutputArchive=0001-01-01T00:00:00Z, thisGroup=false, parent=78ddac67-ca67-11e5-826c-605718cb5baa, bic=045773804, swift=, name=ФИЛИАЛ "ЛЫСЬВА" АО АКБ "АЛЕФ-БАНК", corrAccount=30101810965775700804, address=ПОЖАРСКОГО, Д.8, city=Г. ЛЫСЬВА, phones=, country=4e127564-d74f-4dd9-bced-0327f0f4e061, countryCode=643, activityDiscontinued=false}, {guid=9d8e68cd-d82b-11e8-80bb-08002789bf51, archive=false, dateOutputArchive=0001-01-01T00:00:00Z, thisGroup=false, parent=78ddac21-ca67-11e5-826c-605718cb5baa, bic=042202717, swift=, name=ФИЛИАЛ №10 ПАО КБ "ЦЕНТР-ИНВЕСТ", corrAccount=30101810122020000717, address=УЛ КОМИНТЕРНА, 139, city=Г. НИЖНИЙ НОВГОРОД, phones=(831)4391708, country=4e127564-d74f-4dd9-bced-0327f0f4e061, countryCode=643, activityDiscontinued=false}, {guid=9d8e68ce-d82b-11e8-80bb-08002789bf51, archive=false, dateOutputArchive=0001-01-01T00:00:00Z, thisGroup=false, parent=78ddac21-ca67-11e5-826c-605718cb5baa, bic=042202716, swift=, name=НИЖЕГОРОДСКИЙ Ф БАНКА"ВОЗРОЖДЕНИЕ"(ПАО), corrAccount=30101810822020000716, address=УЛ БЕЛИНСКОГО, 106 А, city=Г. НИЖНИЙ НОВГОРОД, phones=(831)2787662,2783935, country=4e127564-d74f-4dd9-bced-0327f0f4e061, countryCode=643, activityDiscontinued=false}, {guid=9d8e68cf-d82b-11e8-80bb-08002789bf51, archive=false, dateOutputArchive=0001-01-01T00:00:00Z, thisGroup=false, parent=78ddac21-ca67-11e5-826c-605718cb5baa, bic=042202712, swift=, name=НИЖЕГОРОДСКИЙ ФИЛИАЛ АКБ "ЛАНТА-БАНК" (АО), corrAccount=30101810622020000712, address=МЕЩЕРСКИЙ Б-Р, 3, К 1, city=Г. НИЖНИЙ НОВГОРОД, phones=(831)2208322,2208320, country=4e127564-d74f-4dd9-bced-0327f0f4e061, countryCode=643, activityDiscontinued=false}, {guid=9d8e68d0-d82b-11e8-80bb-08002789bf51, archive=false, dateOutputArchive=0001-01-01T00:00:00Z, thisGroup=false, parent=78ddac17-ca67-11e5-826c-605718cb5baa, bic=046015707, swift=, name=ВОЛГОДОНСКИЙ ф Банка "Возрождение" (ПАО), corrAccount=30101810060150000707, address=БУЛ. ВЕЛИКОЙ ПОБЕДЫ, ДОМ №38А, city=Г. ВОЛГОДОНСК, phones=, country=4e127564-d74f-4dd9-bced-0327f0f4e061, countryCode=643, activityDiscontinued=false}, {guid=9d8e68d1-d82b-11e8-80bb-08002789bf51, archive=false, dateOutputArchive=0001-01-01T00:00:00Z, thisGroup=false, parent=78ddac21-ca67-11e5-826c-605718cb5baa, bic=042202718, swift=, name=ПАО "САРОВБИЗНЕСБАНК", corrAccount=30101810422020000718, address=УЛ СИЛКИНА, 13, city=Г. САРОВ, phones=(831)4307478,(83130)33640, country=4e127564-d74f-4dd9-bced-0327f0f4e061, countryCode=643, activityDiscontinued=false}, {guid=9d8e68d2-d82b-11e8-80bb-08002789bf51, archive=false, dateOutputArchive=0001-01-01T00:00:00Z, thisGroup=false, parent=78ddac21-ca67-11e5-826c-605718cb5baa, bic=042202727, swift=, name=ПАО КОМБАНК "ХИМИК", corrAccount=30101810222020000727, address=УЛ УРИЦКОГО, 10 Б, city=Г. ДЗЕРЖИНСК, phones=(8313)261608,251126, country=4e127564-d74f-4dd9-bced-0327f0f4e061, countryCode=643, activityDiscontinued=false}, {guid=9d8e68d3-d82b-11e8-80bb-08002789bf51, archive=false, dateOutputArchive=0001-01-01T00:00:00Z, thisGroup=false, parent=78ddabe5-ca67-11e5-826c-605718cb5baa, bic=044525420, swift=, name=Ф РОКЕТБАНК КИВИ БАНК (АО), corrAccount=30101810945250000420, address=УЛ ПАЛИХА, 10, СТР 5, city=Г. МОСКВА, phones=(495)2313645, country=4e127564-d74f-4dd9-bced-0327f0f4e061, countryCode=643, activityDiscontinued=false}, {guid=78ddabda-ca67-11e5-826c-605718cb5baa, archive=false, dateOutputArchive=0001-01-01T00:00:00Z, thisGroup=false, parent=78ddabd9-ca67-11e5-826c-605718cb5baa, bic=049033736, swift=, name=СКФ ПАО АКБ "ИРОНБАНК", corrAccount=30101810800000000736, address=, city=Г. ВЛАДИКАВКАЗ, phones=, country=00000000-0000-0000-0000-000000000000, countryCode=, activityDiscontinued=true}, {guid=9d8e68d4-d82b-11e8-80bb-08002789bf51, archive=false, dateOutputArchive=0001-01-01T00:00:00Z, thisGroup=false, parent=78ddac21-ca67-11e5-826c-605718cb5baa, bic=042202731, swift=, name=АО КОМБАНК "АРЗАМАС", corrAccount=30101810522020000731, address=УЛ КИРОВА, 33, city=Г. АРЗАМАС, phones=(83147)70224,70177, country=4e127564-d74f-4dd9-bced-0327f0f4e061, countryCode=643, activityDiscontinued=false}, {guid=9d8e68d5-d82b-11e8-80bb-08002789bf51, archive=false, dateOutputArchive=0001-01-01T00:00:00Z, thisGroup=false, parent=78ddabe5-ca67-11e5-826c-605718cb5baa, bic=044525864, swift=, name=МОСКОВСКИЙ ФИЛИАЛ АО АКБ "ГАЗБАНК", corrAccount=30101810145250000864, address=УЛ БРЯНСКАЯ, 5, city=Г. МОСКВА, phones=(495)3639438, country=4e127564-d74f-4dd9-bced-0327f0f4e061, countryCode=643, activityDiscontinued=true}, {guid=9d8e68d6-d82b-11e8-80bb-08002789bf51, archive=false, dateOutputArchive=0001-01-01T00:00:00Z, thisGroup=false, parent=78ddabe5-ca67-11e5-826c-605718cb5baa, bic=044525797, swift=, name=Ф ТОЧКА БАНК КИВИ БАНК (АО), corrAccount=30101810445250000797, address=УЛ СПИРИДОНОВКА, 4, СТР 2, city=Г. МОСКВА, phones=(495)2313645, country=4e127564-d74f-4dd9-bced-0327f0f4e061, countryCode=643, activityDiscontinued=false}, {guid=9d8e68d7-d82b-11e8-80bb-08002789bf51, archive=false, dateOutputArchive=0001-01-01T00:00:00Z, thisGroup=false, parent=78ddac9c-ca67-11e5-826c-605718cb5baa, bic=040407404, swift=, name=ФПАО "ДАЛЬНЕВОСТОЧНЫЙ БАНК" "КРАСНОЯРСКИЙ", corrAccount=30101810850040000404, address=УЛ МОЛОКОВА, 1, К 4, city=Г. КРАСНОЯРСК, phones=(391)2773071, country=4e127564-d74f-4dd9-bced-0327f0f4e061, countryCode=643, activityDiscontinued=false}, {guid=9d8e68d8-d82b-11e8-80bb-08002789bf51, archive=false, dateOutputArchive=0001-01-01T00:00:00Z, thisGroup=false, parent=78ddad0a-ca67-11e5-826c-605718cb5baa, bic=047144778, swift=, name=СФ АО БАНК "СНГБ", corrAccount=30101810165777100778, address=УЛ ГУБКИНА, 15 А, city=Г. СУРГУТ, phones=(3462)398700, country=4e127564-d74f-4dd9-bced-0327f0f4e061, countryCode=643, activityDiscontinued=false}, {guid=9d8e68d9-d82b-11e8-80bb-08002789bf51, archive=false, dateOutputArchive=0001-01-01T00:00:00Z, thisGroup=false, parent=78ddabf2-ca67-11e5-826c-605718cb5baa, bic=043601968, swift=VTBRRUM2SA3, name=ФИЛИАЛ № 6318 БАНКА ВТБ (ПАО), corrAccount=30101810422023601968, address=УЛ МОЛОДОГВАРДЕЙСКАЯ, 204, city=Г. САМАРА, phones=(846)2696824,2696834, country=4e127564-d74f-4dd9-bced-0327f0f4e061, countryCode=643, activityDiscontinued=false}, {guid=9d8e68da-d82b-11e8-80bb-08002789bf51, archive=false, dateOutputArchive=0001-01-01T00:00:00Z, thisGroup=false, parent=78ddabf2-ca67-11e5-826c-605718cb5baa, bic=043601975, swift=, name=ООО "РУСФИНАНС БАНК", corrAccount=30101810622023601975, address=УЛ ЧЕРНОРЕЧЕНСКАЯ, 42 А, city=Г. САМАРА, phones=(846)2696911,2694411, country=4e127564-d74f-4dd9-bced-0327f0f4e061, countryCode=643, activityDiscontinued=false}, {guid=9d8e68db-d82b-11e8-80bb-08002789bf51, archive=false, dateOutputArchive=0001-01-01T00:00:00Z, thisGroup=false, parent=78ddabf7-ca67-11e5-826c-605718cb5baa, bic=045354880, swift=, name=ГК "АСВ" - КУ АО "НСТ-БАНК", corrAccount=30101810265775300880, address=ВИЛОНОВСКАЯ УЛ, 138, city=Г. САМАРА, phones=, country=4e127564-d74f-4dd9-bced-0327f0f4e061, countryCode=643, activityDiscontinued=false}, {guid=9d8e68dc-d82b-11e8-80bb-08002789bf51, archive=false, dateOutputArchive=0001-01-01T00:00:00Z, thisGroup=false, parent=78ddabe7-ca67-11e5-826c-605718cb5baa, bic=040507595, swift=, name=АО "СОЛИД БАНК", corrAccount=30101810205070000595, address=УЛ АДМИРАЛА ФОКИНА, 25, city=Г. ВЛАДИВОСТОК, phones=(423)2265722,(423)2469293, country=4e127564-d74f-4dd9-bced-0327f0f4e061, countryCode=643, activityDiscontinued=false}, {guid=9d8e68dd-d82b-11e8-80bb-08002789bf51, archive=false, dateOutputArchive=0001-01-01T00:00:00Z, thisGroup=false, parent=78ddabe1-ca67-11e5-826c-605718cb5baa, bic=044030830, swift=, name=СПБ. Ф. АО БАНК "НАЦИОНАЛЬНЫЙ СТАНДАРТ", corrAccount=30101810340300000830, address=УЛ. ЧАЙКОВСКОГО, Д. 39, ЛИТ А, city=Г. САНКТ-ПЕТЕРБУРГ, phones=(812)4493155, country=4e127564-d74f-4dd9-bced-0327f0f4e061, countryCode=643, activityDiscontinued=false}, {guid=9d8e68de-d82b-11e8-80bb-08002789bf51, archive=false, dateOutputArchive=0001-01-01T00:00:00Z, thisGroup=false, parent=78ddabeb-ca67-11e5-826c-605718cb5baa, bic=040708735, swift=, name=ФИЛИАЛ В Г. ЕССЕНТУКИ АКБ "ЛАНТА-БАНК" (АО), corrAccount=30101810007080000735, address=УЛ СОВЕТСКАЯ, 20 Б, city=Г. ЕССЕНТУКИ, phones=(87934)54547,54371, country=4e127564-d74f-4dd9-bced-0327f0f4e061, countryCode=643, activityDiscontinued=false}, {guid=9d8e68df-d82b-11e8-80bb-08002789bf51, archive=false, dateOutputArchive=0001-01-01T00:00:00Z, thisGroup=false, parent=78ddac72-ca67-11e5-826c-605718cb5baa, bic=041806745, swift=, name=Урюпинский филиал ПАО КБ "Сельмашбанк", corrAccount=30101810518060000745, address=УЛ. ШТЕМЕНКО, 47/3, city=Г. УРЮПИНСК, phones=, country=4e127564-d74f-4dd9-bced-0327f0f4e061, countryCode=643, activityDiscontinued=false}, {guid=9d8e68e0-d82b-11e8-80bb-08002789bf51, archive=false, dateOutputArchive=0001-01-01T00:00:00Z, thisGroup=false, parent=78ddac72-ca67-11e5-826c-605718cb5baa, bic=041806730, swift=, name=Ликвидатор АО КБ "Михайловский ПЖСБ", corrAccount=30101810918060000730, address=УЛИЦА ОБОРОНЫ, 44 "А", city=Г. МИХАЙЛОВКА, phones=, country=4e127564-d74f-4dd9-bced-0327f0f4e061, countryCode=643, activityDiscontinued=false}, {guid=9d8e68e1-d82b-11e8-80bb-08002789bf51, archive=false, dateOutputArchive=0001-01-01T00:00:00Z, thisGroup=false, parent=78ddabe5-ca67-11e5-826c-605718cb5baa, bic=044525941, swift=, name="УМ-БАНК" ООО, corrAccount=30101810945250000941, address=УЛ Б. ОРДЫНКА, 59, СТР 2, city=Г. МОСКВА, phones=(495)2123020, country=4e127564-d74f-4dd9-bced-0327f0f4e061, countryCode=643, activityDiscontinued=false}, {guid=9d8e68e2-d82b-11e8-80bb-08002789bf51, archive=false, dateOutputArchive=0001-01-01T00:00:00Z, thisGroup=false, parent=78ddac72-ca67-11e5-826c-605718cb5baa, bic=041806717, swift=, name=ЮЖНЫЙ ФИЛИАЛ АО БАНК "НАЦИОНАЛЬНЫЙ СТАНДАРТ", corrAccount=30101810818060000717, address=УЛ ИМ. ГАГАРИНА, 7, city=Г. ВОЛГОГРАД, phones=(8442)995000, country=4e127564-d74f-4dd9-bced-0327f0f4e061, countryCode=643, activityDiscontinued=true}, {guid=78ddabdb-ca67-11e5-826c-605718cb5baa, archive=, dateOutputArchive=, thisGroup=true, parent=00000000-0000-0000-0000-000000000000, bic=32       , swift=, name=КЕМЕРОВСКАЯ ОБЛАСТЬ, corrAccount=, address=, city=, phones=, country=, countryCode=, activityDiscontinued=}, {guid=a38a1a95-d82b-11e8-80bb-08002789bf51, archive=false, dateOutputArchive=0001-01-01T00:00:00Z, thisGroup=false, parent=78ddac17-ca67-11e5-826c-605718cb5baa, bic=046015846, swift=, name=КУ ОАО КБ "МАКСИМУМ" - ГК "АСВ", corrAccount=30101810060150000846, address=УЛ. ВЫСОЦКОГО, Д.4, city=Г. МОСКВА, phones=, country=4e127564-d74f-4dd9-bced-0327f0f4e061, countryCode=643, activityDiscontinued=false}, {guid=a38a1a96-d82b-11e8-80bb-08002789bf51, archive=false, dateOutputArchive=0001-01-01T00:00:00Z, thisGroup=false, parent=78ddac14-ca67-11e5-826c-605718cb5baa, bic=047601205, swift=, name=ООО КБ "ЦЕНТРАЛЬНО-ЕВРОПЕЙСКИЙ БАНК", corrAccount=30101810950040000205, address=УЛ БАБУШКИНА, 108, city=Г. ЧИТА, phones=(3022)211502, country=4e127564-d74f-4dd9-bced-0327f0f4e061, countryCode=643, activityDiscontinued=false}, {guid=78ddabf7-ca67-11e5-826c-605718cb5baa, archive=, dateOutputArchive=, thisGroup=true, parent=00000000-0000-0000-0000-000000000000, bic=53       , swift=, name=ОРЕНБУРГСКАЯ ОБЛАСТЬ, corrAccount=, address=, city=, phones=, country=, countryCode=, activityDiscontinued=}, {guid=a38a1a97-d82b-11e8-80bb-08002789bf51, archive=false, dateOutputArchive=0001-01-01T00:00:00Z, thisGroup=false, parent=78ddac17-ca67-11e5-826c-605718cb5baa, bic=046015835, swift=, name=КУ ООО "РУССКИЙ НАЦИОНАЛЬНЫЙ БАНК" - ГК "АСВ", corrAccount=30101810660150000835, address=УЛ ВЫСОЦКОГО, 4 ТЕЛ.(495)96125, city=Г. МОСКВА, phones=(863)2999413,2999418, country=4e127564-d74f-4dd9-bced-0327f0f4e061, countryCode=643, activityDiscontinued=false}, {guid=a38a1a98-d82b-11e8-80bb-08002789bf51, archive=false, dateOutputArchive=0001-01-01T00:00:00Z, thisGroup=false, parent=78ddabe5-ca67-11e5-826c-605718cb5baa, bic=044525535, swift=, name=КУ АБ "АЛДАНЗОЛОТОБАНК" АО - ГК "АСВ", corrAccount=30101810445250000535, address=УЛ. ВЫСОЦКОГО, Д. 4, city=Г. МОСКВА, phones=, country=4e127564-d74f-4dd9-bced-0327f0f4e061, countryCode=643, activityDiscontinued=false}, {guid=a38a1a99-d82b-11e8-80bb-08002789bf51, archive=false, dateOutputArchive=0001-01-01T00:00:00Z, thisGroup=false, parent=78ddac21-ca67-11e5-826c-605718cb5baa, bic=042202812, swift=, name=ВЫКСУНСКИЙ Ф-Л ПАО АКБ "МЕТАЛЛИНВЕСТБАНК", corrAccount=30101810522020000812, address=ПЛ ОКТЯБРЬСКОЙ РЕВОЛЮЦИИ, 48, city=Г. ВЫКСА, phones=(83177)35825,31157, country=4e127564-d74f-4dd9-bced-0327f0f4e061, countryCode=643, activityDiscontinued=false}, {guid=a38a1a9a-d82b-11e8-80bb-08002789bf51, archive=false, dateOutputArchive=0001-01-01T00:00:00Z, thisGroup=false, parent=78ddac07-ca67-11e5-826c-605718cb5baa, bic=045004893, swift=, name=НОВОСИБИРСКИЙ Ф-Л НКО "ИНКАХРАН"(АО), corrAccount=30103810950040000893, address=УЛ 2-Я СОЮЗА МОЛОДЕЖИ, 31, city=Г. НОВОСИБИРСК, phones=(383)2260797,2269768, country=4e127564-d74f-4dd9-bced-0327f0f4e061, countryCode=643, activityDiscontinued=false}, {guid=a38a1a9b-d82b-11e8-80bb-08002789bf51, archive=false, dateOutputArchive=0001-01-01T00:00:00Z, thisGroup=false, parent=78ddac07-ca67-11e5-826c-605718cb5baa, bic=045004883, swift=, name=СИБИРСКИЙ ФИЛИАЛ АО "БАНК ИНТЕЗА", corrAccount=30101810250040000883, address=УЛ ОКТЯБРЬСКАЯ, 49, city=Г. НОВОСИБИРСК, phones=(383)2278193, country=4e127564-d74f-4dd9-bced-0327f0f4e061, countryCode=643, activityDiscontinued=false}, {guid=a38a1a9c-d82b-11e8-80bb-08002789bf51, archive=false, dateOutputArchive=0001-01-01T00:00:00Z, thisGroup=false, parent=78ddac07-ca67-11e5-826c-605718cb5baa, bic=045004876, swift=, name=НОВОСИБИРСКИЙ ФИЛИАЛ ПАО "МТС-БАНК", corrAccount=30101810050040000876, address=УЛ. НИЖЕГОРОДСКАЯ, 4, city=Г. НОВОСИБИРСК, phones=(383)3251781, country=4e127564-d74f-4dd9-bced-0327f0f4e061, countryCode=643, activityDiscontinued=false}, {guid=a38a1a9d-d82b-11e8-80bb-08002789bf51, archive=false, dateOutputArchive=0001-01-01T00:00:00Z, thisGroup=false, parent=78ddac07-ca67-11e5-826c-605718cb5baa, bic=045004861, swift=, name=ФИЛИАЛ ООО "ЭКСПОБАНК" В Г.НОВОСИБИРСКЕ, corrAccount=30101810450040000861, address=КРАСНЫЙ ПР-Т, 25, city=Г. НОВОСИБИРСК, phones=(383)2105207, country=4e127564-d74f-4dd9-bced-0327f0f4e061, countryCode=643, activityDiscontinued=false}, {guid=a38a1a9e-d82b-11e8-80bb-08002789bf51, archive=false, dateOutputArchive=0001-01-01T00:00:00Z, thisGroup=false, parent=78ddac07-ca67-11e5-826c-605718cb5baa, bic=045004864, swift=, name=СИБИРСКИЙ ФИЛИАЛ АО КБ "МОДУЛЬБАНК", corrAccount=30101810350040000864, address=УЛ ПЛАНЕТНАЯ, 30, city=Г. НОВОСИБИРСК, phones=(383)3250606,3251575, country=4e127564-d74f-4dd9-bced-0327f0f4e061, countryCode=643, activityDiscontinued=false}, {guid=a38a1a9f-d82b-11e8-80bb-08002789bf51, archive=false, dateOutputArchive=0001-01-01T00:00:00Z, thisGroup=false, parent=78ddabf2-ca67-11e5-826c-605718cb5baa, bic=043601875, swift=, name=САМАРСКИЙ ФИЛИАЛ ТКБ БАНК ПАО, corrAccount=30101810722023601875, address=УЛ СТАРА ЗАГОРА, 52, city=Г. САМАРА, phones=(846)9338233,2280135, country=4e127564-d74f-4dd9-bced-0327f0f4e061, countryCode=643, activityDiscontinued=false}, {guid=a38a1aa0-d82b-11e8-80bb-08002789bf51, archive=false, dateOutputArchive=0001-01-01T00:00:00Z, thisGroup=false, parent=78ddabf2-ca67-11e5-826c-605718cb5baa, bic=043601845, swift=, name=САМАРСКИЙ ФИЛИАЛ БАНКА СОЮЗ (АО), corrAccount=30101810422023601845, address=УЛ КРАСНОАРМЕЙСКАЯ, 75, city=Г. САМАРА, phones=(846)2311251,2311259, country=4e127564-d74f-4dd9-bced-0327f0f4e061, countryCode=643, activityDiscontinued=false}, {guid=a38a1aa1-d82b-11e8-80bb-08002789bf51, archive=false, dateOutputArchive=0001-01-01T00:00:00Z, thisGroup=false, parent=78ddabf2-ca67-11e5-826c-605718cb5baa, bic=043601842, swift=, name=АО КБ "НИБ", corrAccount=30101810522023601842, address=УЛ ФРУНЗЕ, 102, city=Г. САМАРА, phones=(846)3425750,3425751, country=4e127564-d74f-4dd9-bced-0327f0f4e061, countryCode=643, activityDiscontinued=false}, {guid=a38a1aa2-d82b-11e8-80bb-08002789bf51, archive=false, dateOutputArchive=0001-01-01T00:00:00Z, thisGroup=false, parent=78ddac2f-ca67-11e5-826c-605718cb5baa, bic=040813708, swift=, name=ХАБАРОВСКИЙ ФИЛИАЛ ТКБ БАНК ПАО, corrAccount=30101810108130000708, address=УЛ КОМСОМОЛЬСКАЯ, 102, city=Г. ХАБАРОВСК, phones=(4212)910702, country=4e127564-d74f-4dd9-bced-0327f0f4e061, countryCode=643, activityDiscontinued=false}, {guid=78ddac1c-ca67-11e5-826c-605718cb5baa, archive=false, dateOutputArchive=0001-01-01T00:00:00Z, thisGroup=false, parent=78ddabe5-ca67-11e5-826c-605718cb5baa, bic=044525150, swift=, name=ФИЛИАЛ "МОСКОВСКИЙ" АО "ФИА-БАНК", corrAccount=30101810545250000150, address=, city=Г. МОСКВА, phones=, country=00000000-0000-0000-0000-000000000000, countryCode=, activityDiscontinued=true}, {guid=a38a1aa3-d82b-11e8-80bb-08002789bf51, archive=false, dateOutputArchive=0001-01-01T00:00:00Z, thisGroup=false, parent=78ddac2f-ca67-11e5-826c-605718cb5baa, bic=040813713, swift=VTBRRUM2KH3, name=ФИЛИАЛ № 2754 БАНКА ВТБ (ПАО), corrAccount=30101810708130000713, address=УЛ МУРАВЬЁВА-АМУРСКОГО, 18, city=Г. ХАБАРОВСК, phones=(4212)455455, country=4e127564-d74f-4dd9-bced-0327f0f4e061, countryCode=643, activityDiscontinued=false}, {guid=a38a1aa4-d82b-11e8-80bb-08002789bf51, archive=false, dateOutputArchive=0001-01-01T00:00:00Z, thisGroup=false, parent=78ddac09-ca67-11e5-826c-605718cb5baa, bic=046577501, swift=VTBRRUM2EK3, name=ФИЛИАЛ № 6602 БАНКА ВТБ (ПАО), corrAccount=30101810165770000501, address=ПР-Т ЛЕНИНА, 27, city=Г. ЕКАТЕРИНБУРГ, phones=(343)3862400, country=4e127564-d74f-4dd9-bced-0327f0f4e061, countryCode=643, activityDiscontinued=false}, {guid=a38a1aa5-d82b-11e8-80bb-08002789bf51, archive=false, dateOutputArchive=0001-01-01T00:00:00Z, thisGroup=false, parent=78ddac09-ca67-11e5-826c-605718cb5baa, bic=046577507, swift=, name=ЕКАТЕРИНБУРГСКИЙ ФИЛИАЛ АБ "РОССИЯ", corrAccount=30101810965770000507, address=УЛ МАМИНА-СИБИРЯКА, 145, city=Г. ЕКАТЕРИНБУРГ, phones=(343)2863760, country=4e127564-d74f-4dd9-bced-0327f0f4e061, countryCode=643, activityDiscontinued=false}, {guid=a38a1aa6-d82b-11e8-80bb-08002789bf51, archive=false, dateOutputArchive=0001-01-01T00:00:00Z, thisGroup=false, parent=78ddabf2-ca67-11e5-826c-605718cb5baa, bic=043601811, swift=, name=ООО "ЗЕМСКИЙ БАНК", corrAccount=30101810922023601811, address=УЛ УЛЬЯНОВСКАЯ, 79, city=Г. СЫЗРАНЬ, phones=(8464)985454, country=4e127564-d74f-4dd9-bced-0327f0f4e061, countryCode=643, activityDiscontinued=false}, {guid=a38a1aa7-d82b-11e8-80bb-08002789bf51, archive=false, dateOutputArchive=0001-01-01T00:00:00Z, thisGroup=false, parent=78ddabfd-ca67-11e5-826c-605718cb5baa, bic=046311890, swift=, name=АО "БАЛАКОВО-БАНК", corrAccount=30101810022026311890, address=УЛ ФАКЕЛ СОЦИАЛИЗМА, 21, city=Г. БАЛАКОВО, phones=(8453)444166,447007, country=4e127564-d74f-4dd9-bced-0327f0f4e061, countryCode=643, activityDiscontinued=false}, {guid=a38a1aa8-d82b-11e8-80bb-08002789bf51, archive=false, dateOutputArchive=0001-01-01T00:00:00Z, thisGroup=false, parent=78ddabe5-ca67-11e5-826c-605718cb5baa, bic=044525641, swift=, name=ФИЛИАЛ 1 ООО КБ "ЦЕНТРАЛЬНО-ЕВРОПЕЙСКИЙ БАНК", corrAccount=30101810245250000641, address=ПРОЕКТ-Й 4062Й ПР-Д, 6, СТР 16, city=Г. МОСКВА, phones=(495)6625665, country=4e127564-d74f-4dd9-bced-0327f0f4e061, countryCode=643, activityDiscontinued=false}, {guid=a38a1aa9-d82b-11e8-80bb-08002789bf51, archive=false, dateOutputArchive=0001-01-01T00:00:00Z, thisGroup=false, parent=78ddac17-ca67-11e5-826c-605718cb5baa, bic=046015946, swift=, name=ПАО "ТАГАНРОГБАНК", corrAccount=30101810960150000946, address=УЛ. ГРЕЧЕСКАЯ, 71 ТЕЛ.(8634)31, city=Г. ТАГАНРОГ, phones=, country=4e127564-d74f-4dd9-bced-0327f0f4e061, countryCode=643, activityDiscontinued=false}, {guid=a38a1aaa-d82b-11e8-80bb-08002789bf51, archive=false, dateOutputArchive=0001-01-01T00:00:00Z, thisGroup=false, parent=78ddabe5-ca67-11e5-826c-605718cb5baa, bic=044525646, swift=, name=НКО НКЦ (АО), corrAccount=30103810345250000646, address=Б. КИСЛОВСКИЙ ПЕР, 13, city=Г. МОСКВА, phones=(495)7829794, country=4e127564-d74f-4dd9-bced-0327f0f4e061, countryCode=643, activityDiscontinued=false}, {guid=a38a1aab-d82b-11e8-80bb-08002789bf51, archive=false, dateOutputArchive=0001-01-01T00:00:00Z, thisGroup=false, parent=78ddac07-ca67-11e5-826c-605718cb5baa, bic=045004841, swift=, name=НОВОСИБИРСКИЙ ФИЛИАЛ ТКБ БАНК ПАО, corrAccount=30101810250040000841, address=УЛ КОММУНИСТИЧЕСКАЯ, 35, city=Г. НОВОСИБИРСК, phones=(383)3252500,3252660, country=4e127564-d74f-4dd9-bced-0327f0f4e061, countryCode=643, activityDiscontinued=false}, {guid=a38a1aac-d82b-11e8-80bb-08002789bf51, archive=false, dateOutputArchive=0001-01-01T00:00:00Z, thisGroup=false, parent=78ddac07-ca67-11e5-826c-605718cb5baa, bic=045004846, swift=, name=Ф-Л "НОВОСИБИРСК" АКБ "РОСЕВРОБАНК" (АО), corrAccount=30101810750040000846, address=УЛ ФРУНЗЕ, 5, city=Г. НОВОСИБИРСК, phones=(383)2020750, country=4e127564-d74f-4dd9-bced-0327f0f4e061, countryCode=643, activityDiscontinued=false}, {guid=a38a1aad-d82b-11e8-80bb-08002789bf51, archive=false, dateOutputArchive=0001-01-01T00:00:00Z, thisGroup=false, parent=78ddac07-ca67-11e5-826c-605718cb5baa, bic=045004845, swift=, name=ФИЛИАЛ "НОВОСИБИРСКИЙ" ПАО КБ "УБРИР", corrAccount=30101810450040000845, address=УЛ ВОКЗАЛЬНАЯ МАГИСТРАЛЬ, 1, city=Г. НОВОСИБИРСК, phones=(383)2201141,2201181, country=4e127564-d74f-4dd9-bced-0327f0f4e061, countryCode=643, activityDiscontinued=false}, {guid=a38a1aae-d82b-11e8-80bb-08002789bf51, archive=false, dateOutputArchive=0001-01-01T00:00:00Z, thisGroup=false, parent=78ddac07-ca67-11e5-826c-605718cb5baa, bic=045004833, swift=, name=НОВОСИБИРСКИЙ ФИЛИАЛ ООО "БАНК БКФ", corrAccount=30101810750040000833, address=ПР-Т ДИМИТРОВА, 4/1, city=Г. НОВОСИБИРСК, phones=(383)3191118,3191116, country=4e127564-d74f-4dd9-bced-0327f0f4e061, countryCode=643, activityDiscontinued=false}, {guid=aaaf21b4-d82b-11e8-80bb-08002789bf51, archive=false, dateOutputArchive=0001-01-01T00:00:00Z, thisGroup=false, parent=78ddac07-ca67-11e5-826c-605718cb5baa, bic=045004818, swift=, name=НОВОСИБИРСКИЙ ФИЛИАЛ АО ЮНИКРЕДИТ БАНКА, corrAccount=30101810050040000818, address=УЛ МАКСИМА ГОРЬКОГО, 53, city=Г. НОВОСИБИРСК, phones=(383)2300163, country=4e127564-d74f-4dd9-bced-0327f0f4e061, countryCode=643, activityDiscontinued=false}, {guid=aaaf21b5-d82b-11e8-80bb-08002789bf51, archive=false, dateOutputArchive=0001-01-01T00:00:00Z, thisGroup=false, parent=78ddabeb-ca67-11e5-826c-605718cb5baa, bic=040715725, swift=, name=ООО "РУСБС", corrAccount=30101810107150000725, address=УЛ ГАГАРИНА, 148, city=СТ-ЦА ЕССЕНТУКСКАЯ, phones=(87961)51171,24177,50987, country=4e127564-d74f-4dd9-bced-0327f0f4e061, countryCode=643, activityDiscontinued=false}, {guid=aaaf21b6-d82b-11e8-80bb-08002789bf51, archive=false, dateOutputArchive=0001-01-01T00:00:00Z, thisGroup=false, parent=78ddac0f-ca67-11e5-826c-605718cb5baa, bic=040349789, swift=, name=ООО КБ "ГТ БАНК", corrAccount=30101810303490000789, address=УЛ СЕВЕРНАЯ, 321, city=Г. КРАСНОДАР, phones=(861)2790305,2791744, country=4e127564-d74f-4dd9-bced-0327f0f4e061, countryCode=643, activityDiscontinued=false}, {guid=aaaf21b7-d82b-11e8-80bb-08002789bf51, archive=false, dateOutputArchive=0001-01-01T00:00:00Z, thisGroup=false, parent=78ddac00-ca67-11e5-826c-605718cb5baa, bic=048209848, swift=, name=КУ ООО КБ "ПРЕСТИЖКРЕДИТБАНК" ГК "АСВ", corrAccount=30101810282090000848, address=УЛ КАММАЕВА, 19, К "Ж", city=Г. МАХАЧКАЛА, phones=(8722)561920,561921, country=4e127564-d74f-4dd9-bced-0327f0f4e061, countryCode=643, activityDiscontinued=false}, {guid=aaaf21b8-d82b-11e8-80bb-08002789bf51, archive=false, dateOutputArchive=0001-01-01T00:00:00Z, thisGroup=false, parent=78ddac98-ca67-11e5-826c-605718cb5baa, bic=041117785, swift=, name=Ф-л "Космодром-Плесецк" АО "ФОНДСЕРВИСБАНК", corrAccount=30101810540300011785, address=УЛ. ПУШКИНА, Д. 3, city=Г. МИРНЫЙ, phones=, country=4e127564-d74f-4dd9-bced-0327f0f4e061, countryCode=643, activityDiscontinued=false}, {guid=aaaf21b9-d82b-11e8-80bb-08002789bf51, archive=false, dateOutputArchive=0001-01-01T00:00:00Z, thisGroup=false, parent=78ddac34-ca67-11e5-826c-605718cb5baa, bic=046489002, swift=, name=ПУ БАНКА РОССИИ ОХОТСКОЕ, corrAccount=, address=УЛ ГНЕЧКО, 1, city=ПГТ ЮЖНО-КУРИЛЬСК, phones=, country=4e127564-d74f-4dd9-bced-0327f0f4e061, countryCode=643, activityDiscontinued=false}, {guid=78ddac57-ca67-11e5-826c-605718cb5baa, archive=, dateOutputArchive=, thisGroup=true, parent=00000000-0000-0000-0000-000000000000, bic=27       , swift=, name=КАЛИНИНГРАДСКАЯ ОБЛАСТЬ, corrAccount=, address=, city=, phones=, country=, countryCode=, activityDiscontinued=}, {guid=aaaf21ba-d82b-11e8-80bb-08002789bf51, archive=false, dateOutputArchive=0001-01-01T00:00:00Z, thisGroup=false, parent=78ddabfd-ca67-11e5-826c-605718cb5baa, bic=046311926, swift=, name=АО РНКО "СИНЕРГИЯ", corrAccount=30103810622026311926, address=Г. САРАТОВ, УЛ. РАБОЧАЯ, 27, city=Г. САРАТОВ, phones=, country=4e127564-d74f-4dd9-bced-0327f0f4e061, countryCode=643, activityDiscontinued=false}, {guid=aaaf21bb-d82b-11e8-80bb-08002789bf51, archive=false, dateOutputArchive=0001-01-01T00:00:00Z, thisGroup=false, parent=78ddac0f-ca67-11e5-826c-605718cb5baa, bic=040349744, swift=, name=КРАСНОДАРСКИЙ ФИЛИАЛ ПАО РОСБАНК, corrAccount=30101810403490000744, address=УЛ ОЛИМПИЙСКАЯ, 8, city=Г. КРАСНОДАР, phones=(861)2739730,2739731, country=4e127564-d74f-4dd9-bced-0327f0f4e061, countryCode=643, activityDiscontinued=false}, {guid=aaaf21bc-d82b-11e8-80bb-08002789bf51, archive=false, dateOutputArchive=0001-01-01T00:00:00Z, thisGroup=false, parent=78ddac07-ca67-11e5-826c-605718cb5baa, bic=045004796, swift=, name=ФИЛИАЛ "НОВОСИБИРСК" КБ "ЛОКО-БАНК" (АО), corrAccount=30101810350040000796, address=УЛ ЛЕНИНА, 52, city=Г. НОВОСИБИРСК, phones=(383)2380740,2380750, country=4e127564-d74f-4dd9-bced-0327f0f4e061, countryCode=643, activityDiscontinued=false}, {guid=aaaf21bd-d82b-11e8-80bb-08002789bf51, archive=false, dateOutputArchive=0001-01-01T00:00:00Z, thisGroup=false, parent=78ddac17-ca67-11e5-826c-605718cb5baa, bic=046015080, swift=, name=РОСТОВСКИЙ ФИЛИАЛ ПАО "РГС БАНК", corrAccount=30101810460150000080, address=УЛ ГОРОДА ВОЛОС, 11/81-83/34, city=Г. РОСТОВ-НА-ДОНУ, phones=(863)2370660, country=4e127564-d74f-4dd9-bced-0327f0f4e061, countryCode=643, activityDiscontinued=false}, {guid=aaaf21be-d82b-11e8-80bb-08002789bf51, archive=false, dateOutputArchive=0001-01-01T00:00:00Z, thisGroup=false, parent=78ddac07-ca67-11e5-826c-605718cb5baa, bic=045004785, swift=, name=НОВОСИБИРСКИЙ Ф-Л ПАО АКБ "МЕТАЛЛИНВЕСТБАНК", corrAccount=30101810950040000785, address=УЛ СОВЕТСКАЯ, 8, city=Г. НОВОСИБИРСК, phones=(383)2091447,2091446, country=4e127564-d74f-4dd9-bced-0327f0f4e061, countryCode=643, activityDiscontinued=false}, {guid=aaaf21bf-d82b-11e8-80bb-08002789bf51, archive=false, dateOutputArchive=0001-01-01T00:00:00Z, thisGroup=false, parent=78ddac17-ca67-11e5-826c-605718cb5baa, bic=046015081, swift=, name=РОСТОВСКИЙ ФИЛИАЛ АО ЮНИКРЕДИТ БАНКА, corrAccount=30101810760150000081, address=УЛ СОЦИАЛИСТИЧЕСКАЯ, 58/51, city=Г. РОСТОВ-НА-ДОНУ, phones=(863)2630900,2630906, country=4e127564-d74f-4dd9-bced-0327f0f4e061, countryCode=643, activityDiscontinued=false}, {guid=aaaf21c0-d82b-11e8-80bb-08002789bf51, archive=false, dateOutputArchive=0001-01-01T00:00:00Z, thisGroup=false, parent=78ddac07-ca67-11e5-826c-605718cb5baa, bic=045004789, swift=, name=ФИЛИАЛ БАНКА МБСП (АО) В НОВОСИБИРСКЕ, corrAccount=30101810150040000789, address=ПР-Т ДИМИТРОВА, 12, city=Г. НОВОСИБИРСК, phones=(383)3734340,3734341, country=4e127564-d74f-4dd9-bced-0327f0f4e061, countryCode=643, activityDiscontinued=false}, {guid=aaaf21c1-d82b-11e8-80bb-08002789bf51, archive=false, dateOutputArchive=0001-01-01T00:00:00Z, thisGroup=false, parent=78ddac17-ca67-11e5-826c-605718cb5baa, bic=046015088, swift=SJSCRUMMRND, name=ФИЛИАЛ "СДМ-БАНК" (ПАО) В Г. РОСТОВ-НА-ДОНУ, corrAccount=30101810860150000088, address=УЛ КАТАЕВА, 293, city=Г. РОСТОВ-НА-ДОНУ, phones=(863)2197712,2197714, country=4e127564-d74f-4dd9-bced-0327f0f4e061, countryCode=643, activityDiscontinued=false}, {guid=aaaf21c2-d82b-11e8-80bb-08002789bf51, archive=false, dateOutputArchive=0001-01-01T00:00:00Z, thisGroup=false, parent=78ddac07-ca67-11e5-826c-605718cb5baa, bic=045004778, swift=, name=ФИЛИАЛ БАНКА "ВБРР" (АО) В Г.НОВОСИБИРСКЕ, corrAccount=30101810750040000778, address=УЛ СИБРЕВКОМА, 2, city=Г. НОВОСИБИРСК, phones=(383)2302201, country=4e127564-d74f-4dd9-bced-0327f0f4e061, countryCode=643, activityDiscontinued=false}, {guid=aaaf21c3-d82b-11e8-80bb-08002789bf51, archive=false, dateOutputArchive=0001-01-01T00:00:00Z, thisGroup=false, parent=78ddac0f-ca67-11e5-826c-605718cb5baa, bic=040349758, swift=VTBRRUM2KD3, name=ФИЛИАЛ № 2351 БАНКА ВТБ (ПАО), corrAccount=30101810703490000758, address=УЛ ИМ. ГОГОЛЯ, 68, city=Г. КРАСНОДАР, phones=(861)2126424,2125627, country=4e127564-d74f-4dd9-bced-0327f0f4e061, countryCode=643, activityDiscontinued=false}, {guid=aaaf21c4-d82b-11e8-80bb-08002789bf51, archive=false, dateOutputArchive=0001-01-01T00:00:00Z, thisGroup=false, parent=78ddac17-ca67-11e5-826c-605718cb5baa, bic=046015094, swift=, name=НОВОЧЕРКАССКИЙ ФИЛИАЛ АО "ФОНДСЕРВИСБАНК", corrAccount=30101810760150000094, address=ПЛАТОВСКИЙ ПР-Т, 59 Б, city=Г. НОВОЧЕРКАССК, phones=(8635)240550, country=4e127564-d74f-4dd9-bced-0327f0f4e061, countryCode=643, activityDiscontinued=false}, {guid=aaaf21c5-d82b-11e8-80bb-08002789bf51, archive=false, dateOutputArchive=0001-01-01T00:00:00Z, thisGroup=false, parent=78ddac17-ca67-11e5-826c-605718cb5baa, bic=046015068, swift=, name=ДОНСКОЙ ФИЛИАЛ АО КБ "СИТИБАНК", corrAccount=30101810660150000068, address=УЛ Б. САДОВАЯ, 124, city=Г. РОСТОВ-НА-ДОНУ, phones=(863)2040043,2040002, country=4e127564-d74f-4dd9-bced-0327f0f4e061, countryCode=643, activityDiscontinued=false}, {guid=aaaf21c6-d82b-11e8-80bb-08002789bf51, archive=false, dateOutputArchive=0001-01-01T00:00:00Z, thisGroup=false, parent=78ddac07-ca67-11e5-826c-605718cb5baa, bic=045004763, swift=, name=ФИЛИАЛ "ЦЕНТРАЛЬНЫЙ" ПАО "СОВКОМБАНК", corrAccount=30101810150040000763, address=УЛ ПОПОВА, 11, city=Г. БЕРДСК, phones=(383)3340606, country=4e127564-d74f-4dd9-bced-0327f0f4e061, countryCode=643, activityDiscontinued=false}, {guid=aaaf21c7-d82b-11e8-80bb-08002789bf51, archive=false, dateOutputArchive=0001-01-01T00:00:00Z, thisGroup=false, parent=78ddac17-ca67-11e5-826c-605718cb5baa, bic=046015066, swift=, name=Ф-Л АО АКБ "НОВИКОМБАНК" В Г.РОСТОВЕ-НА-ДОНУ, corrAccount=30101810060150000066, address=УЛ КРАСНОАРМЕЙСКАЯ, 170/84, city=Г. РОСТОВ-НА-ДОНУ, phones=(863)2017777, country=4e127564-d74f-4dd9-bced-0327f0f4e061, countryCode=643, activityDiscontinued=false}, {guid=78ddabe0-ca67-11e5-826c-605718cb5baa, archive=false, dateOutputArchive=0001-01-01T00:00:00Z, thisGroup=false, parent=78ddabdf-ca67-11e5-826c-605718cb5baa, bic=049246920, swift=, name=НИЖНЕКАМСКИЙ ФАБ "ДЕВОН-КРЕДИТ" (ПАО), corrAccount=30101810700000000920, address=, city=Г. НИЖНЕКАМСК, phones=, country=00000000-0000-0000-0000-000000000000, countryCode=, activityDiscontinued=true}, {guid=aaaf21c8-d82b-11e8-80bb-08002789bf51, archive=false, dateOutputArchive=0001-01-01T00:00:00Z, thisGroup=false, parent=78ddac17-ca67-11e5-826c-605718cb5baa, bic=046015064, swift=, name=ЮЖНЫЙ ФИЛИАЛ АО "БАНК ИНТЕЗА", corrAccount=30101810460150000064, address=ВОРОШИЛОВСКИЙ ПР-Т, 48, city=Г. РОСТОВ-НА-ДОНУ, phones=(863)2318377,2318388, country=4e127564-d74f-4dd9-bced-0327f0f4e061, countryCode=643, activityDiscontinued=false}, {guid=aaaf21c9-d82b-11e8-80bb-08002789bf51, archive=false, dateOutputArchive=0001-01-01T00:00:00Z, thisGroup=false, parent=78ddac17-ca67-11e5-826c-605718cb5baa, bic=046015065, swift=JSNMRUMMRND, name=РОСТОВСКИЙ ФИЛИАЛ ПАО БАНКА "ФК ОТКРЫТИЕ", corrAccount=30101810760150000065, address=УЛ ТЕКУЧЕВА, 234, city=Г. РОСТОВ-НА-ДОНУ, phones=(863)2009099, country=4e127564-d74f-4dd9-bced-0327f0f4e061, countryCode=643, activityDiscontinued=true}, {guid=aaaf21ca-d82b-11e8-80bb-08002789bf51, archive=false, dateOutputArchive=0001-01-01T00:00:00Z, thisGroup=false, parent=78ddac17-ca67-11e5-826c-605718cb5baa, bic=046015060, swift=, name=ФИЛИАЛ АО "ГЕНБАНК" В Г.РОСТОВ-НА-ДОНУ, corrAccount=30101810260150000060, address=УЛ ПУШКИНСКАЯ, 94, city=Г. РОСТОВ-НА-ДОНУ, phones=(863)2999333, country=4e127564-d74f-4dd9-bced-0327f0f4e061, countryCode=643, activityDiscontinued=false}, {guid=aaaf21cb-d82b-11e8-80bb-08002789bf51, archive=false, dateOutputArchive=0001-01-01T00:00:00Z, thisGroup=false, parent=78ddac17-ca67-11e5-826c-605718cb5baa, bic=046015061, swift=, name=ФИЛИАЛ ЮЖНЫЙ ПАО БАНКА "ФК ОТКРЫТИЕ", corrAccount=30101810560150000061, address=УЛ ГОРОДА ВОЛОС, 112/130, city=Г. РОСТОВ-НА-ДОНУ, phones=(863)2688901, country=4e127564-d74f-4dd9-bced-0327f0f4e061, countryCode=643, activityDiscontinued=false}, {guid=aaaf21cc-d82b-11e8-80bb-08002789bf51, archive=false, dateOutputArchive=0001-01-01T00:00:00Z, thisGroup=false, parent=78ddabe7-ca67-11e5-826c-605718cb5baa, bic=040507750, swift=, name=АО "РОЯЛ КРЕДИТ БАНК", corrAccount=30101810105070000750, address=ПР-Т 100ЛЕТ ВЛАДИ-КА, 155 - 1Б, city=Г. ВЛАДИВОСТОК, phones=(423)2308871,2308870, country=4e127564-d74f-4dd9-bced-0327f0f4e061, countryCode=643, activityDiscontinued=false}, {guid=aaaf21cd-d82b-11e8-80bb-08002789bf51, archive=false, dateOutputArchive=0001-01-01T00:00:00Z, thisGroup=false, parent=78ddac17-ca67-11e5-826c-605718cb5baa, bic=046015078, swift=ZEMCRU22XXX, name=ООО "ЗЕМКОМБАНК", corrAccount=30101810760150000078, address=УЛ МАЛЮГИНОЙ, 233, city=Г. РОСТОВ-НА-ДОНУ, phones=(863)2800064, country=4e127564-d74f-4dd9-bced-0327f0f4e061, countryCode=643, activityDiscontinued=false}, {guid=aaaf21ce-d82b-11e8-80bb-08002789bf51, archive=false, dateOutputArchive=0001-01-01T00:00:00Z, thisGroup=false, parent=78ddac17-ca67-11e5-826c-605718cb5baa, bic=046015075, swift=, name=РОСТОВСКИЙ ФИЛИАЛ ЦМРБАНК (ООО), corrAccount=30101810860150000075, address=УЛ ПУШКИНСКАЯ, 105/79, city=Г. РОСТОВ-НА-ДОНУ, phones=(863)2695710, country=4e127564-d74f-4dd9-bced-0327f0f4e061, countryCode=643, activityDiscontinued=false}, {guid=aaaf21cf-d82b-11e8-80bb-08002789bf51, archive=false, dateOutputArchive=0001-01-01T00:00:00Z, thisGroup=false, parent=78ddac17-ca67-11e5-826c-605718cb5baa, bic=046015074, swift=, name=ФИЛИАЛ "РОСТОВ-НА-ДОНУ" КБ "ЛОКО-БАНК" (АО), corrAccount=30101810560150000074, address=УЛ МАКСИМА ГОРЬКОГО, 123/67, city=Г. РОСТОВ-НА-ДОНУ, phones=(863)2192772, country=4e127564-d74f-4dd9-bced-0327f0f4e061, countryCode=643, activityDiscontinued=false}, {guid=aaaf21d0-d82b-11e8-80bb-08002789bf51, archive=false, dateOutputArchive=0001-01-01T00:00:00Z, thisGroup=false, parent=78ddac17-ca67-11e5-826c-605718cb5baa, bic=046015051, swift=, name=Ф-Л АКБ "ФОРА-БАНК" (АО) В Г.РОСТОВ-НА-ДОНУ, corrAccount=30101810460150000051, address=УЛ ПУШКИНСКАЯ, 117, city=Г. РОСТОВ-НА-ДОНУ, phones=(863)2403640, country=4e127564-d74f-4dd9-bced-0327f0f4e061, countryCode=643, activityDiscontinued=false}, {guid=aaaf21d1-d82b-11e8-80bb-08002789bf51, archive=false, dateOutputArchive=0001-01-01T00:00:00Z, thisGroup=false, parent=78ddac17-ca67-11e5-826c-605718cb5baa, bic=046015052, swift=, name=ООО КБ "РОСТФИНАНС", corrAccount=30101810760150000052, address=УЛ КРАСНОАРМЕЙСКАЯ, 166 А, city=Г. РОСТОВ-НА-ДОНУ, phones=(863)2870058, country=4e127564-d74f-4dd9-bced-0327f0f4e061, countryCode=643, activityDiscontinued=false}, {guid=78ddac7b-ca67-11e5-826c-605718cb5baa, archive=false, dateOutputArchive=0001-01-01T00:00:00Z, thisGroup=false, parent=78ddac02-ca67-11e5-826c-605718cb5baa, bic=042809974, swift=, name=ТВЕФ ПАО "БИНБАНК", corrAccount=30101810900000000974, address=, city=Г. ТВЕРЬ, phones=, country=00000000-0000-0000-0000-000000000000, countryCode=, activityDiscontinued=true}, {guid=aaaf21d2-d82b-11e8-80bb-08002789bf51, archive=false, dateOutputArchive=0001-01-01T00:00:00Z, thisGroup=false, parent=78ddac17-ca67-11e5-826c-605718cb5baa, bic=046015050, swift=, name=ФИЛИАЛ № 1 ПАО МОСОБЛБАНК, corrAccount=30101810160150000050, address=КОММУНИСТИЧЕСКИЙ ПР-Т, 51, city=Г. РОСТОВ-НА-ДОНУ, phones=(863)3009637, country=4e127564-d74f-4dd9-bced-0327f0f4e061, countryCode=643, activityDiscontinued=false}, {guid=aaaf21d3-d82b-11e8-80bb-08002789bf51, archive=false, dateOutputArchive=0001-01-01T00:00:00Z, thisGroup=false, parent=78ddabf2-ca67-11e5-826c-605718cb5baa, bic=043601728, swift=, name=САМАРСКИЙ ФИЛИАЛ ПАО "НЕВСКИЙ БАНК", corrAccount=30101810222023601728, address=6 ПРОСЕКА, 125, city=Г. САМАРА, phones=(846)2011100, country=4e127564-d74f-4dd9-bced-0327f0f4e061, countryCode=643, activityDiscontinued=false}, {guid=aaaf21d4-d82b-11e8-80bb-08002789bf51, archive=false, dateOutputArchive=0001-01-01T00:00:00Z, thisGroup=false, parent=78ddabe9-ca67-11e5-826c-605718cb5baa, bic=042520764, swift=, name=КОНКУРСНЫЙ УПРАВЛЯЮЩИЙ "ВЛБАНК" (АО)-ГК "АСВ", corrAccount=30101810450040000764, address=УЛ КИРОВА, 85 А, city=Г. УСТЬ-КУТ, phones=(3952)289500, country=4e127564-d74f-4dd9-bced-0327f0f4e061, countryCode=643, activityDiscontinued=false}, {guid=aaaf21d5-d82b-11e8-80bb-08002789bf51, archive=false, dateOutputArchive=0001-01-01T00:00:00Z, thisGroup=false, parent=78ddabe9-ca67-11e5-826c-605718cb5baa, bic=042520767, swift=, name=АНГАРСКИЙ ФИЛИАЛ АО "ИТ БАНК", corrAccount=30101810350040000767, address=29-ЫЙ МКР, 15 А, city=Г. АНГАРСК, phones=(3955)671921,564004, country=4e127564-d74f-4dd9-bced-0327f0f4e061, countryCode=643, activityDiscontinued=false}, {guid=78ddabe1-ca67-11e5-826c-605718cb5baa, archive=, dateOutputArchive=, thisGroup=true, parent=00000000-0000-0000-0000-000000000000, bic=40       , swift=, name=Г САНКТ-ПЕТЕРБУРГ, corrAccount=, address=, city=, phones=, country=, countryCode=, activityDiscontinued=}, {guid=aaaf21d6-d82b-11e8-80bb-08002789bf51, archive=false, dateOutputArchive=0001-01-01T00:00:00Z, thisGroup=false, parent=78ddac34-ca67-11e5-826c-605718cb5baa, bic=046401888, swift=KHZARU99XXX, name=АО "БАНК ХОЛМСК", corrAccount=30101810064010000888, address=УЛ ЛЕНИНА, 304 Г, city=Г. ЮЖНО-САХАЛИНСК, phones=(4242)245858, country=4e127564-d74f-4dd9-bced-0327f0f4e061, countryCode=643, activityDiscontinued=false}, {guid=bbea4eb4-fc53-11e8-80c5-08002789bf51, archive=false, dateOutputArchive=0001-01-01T00:00:00Z, thisGroup=false, parent=78ddabe5-ca67-11e5-826c-605718cb5baa, bic=044525360, swift=, name=Филиал "Корпоративный" ПАО "Совкомбанк", corrAccount=30101810445250000360, address=УЛ. ВАВИЛОВА, Д. 24, city=Г. МОСКВА, phones=, country=4e127564-d74f-4dd9-bced-0327f0f4e061, countryCode=643, activityDiscontinued=false}, {guid=bbea4eb5-fc53-11e8-80c5-08002789bf51, archive=false, dateOutputArchive=0001-01-01T00:00:00Z, thisGroup=false, parent=78ddabe1-ca67-11e5-826c-605718cb5baa, bic=044030800, swift=, name=Ф-Л СПБ № 2 ПАО БАНК "ФК ОТКРЫТИЕ", corrAccount=30101810040300000800, address=НАБ. ОБВОДНОГО КАНАЛА, Д. 90,, city=Г. САНКТ-ПЕТЕРБУРГ, phones=, country=4e127564-d74f-4dd9-bced-0327f0f4e061, countryCode=643, activityDiscontinued=false}, {guid=bbea4eb6-fc53-11e8-80c5-08002789bf51, archive=false, dateOutputArchive=0001-01-01T00:00:00Z, thisGroup=false, parent=78ddac49-ca67-11e5-826c-605718cb5baa, bic=047308988, swift=, name=Ф-л Ульяновский № 2 ПАО Банк "ФК Открытие", corrAccount=30101810122027300988, address=УЛ. АЛЕКСАНДРА МАТРОСОВА, Д 33, city=Г. УЛЬЯНОВСК, phones=, country=4e127564-d74f-4dd9-bced-0327f0f4e061, countryCode=643, activityDiscontinued=false}, {guid=bbea4eb7-fc53-11e8-80c5-08002789bf51, archive=false, dateOutputArchive=0001-01-01T00:00:00Z, thisGroup=false, parent=78ddac07-ca67-11e5-826c-605718cb5baa, bic=045004051, swift=, name=Новосибирский филиал РНКО "Р-ИНКАС" (ООО), corrAccount=30103810450045004051, address=УЛ. ДМИТРИЯ ДОНСКОГО, 11, city=Г. НОВОСИБИРСК, phones=, country=4e127564-d74f-4dd9-bced-0327f0f4e061, countryCode=643, activityDiscontinued=false}, {guid=bbea4eb8-fc53-11e8-80c5-08002789bf51, archive=false, dateOutputArchive=0001-01-01T00:00:00Z, thisGroup=false, parent=78ddabe5-ca67-11e5-826c-605718cb5baa, bic=044525980, swift=, name=Ф-л Мск (Диджитал) ПАО Банк "ФК Открытие", corrAccount=30101810045250000980, address=УЛ. ПЕТРОВКА, Д. 24, СТР. 1, city=Г. МОСКВА, phones=, country=4e127564-d74f-4dd9-bced-0327f0f4e061, countryCode=643, activityDiscontinued=false}, {guid=bbea4eb9-fc53-11e8-80c5-08002789bf51, archive=false, dateOutputArchive=0001-01-01T00:00:00Z, thisGroup=false, parent=78ddabeb-ca67-11e5-826c-605718cb5baa, bic=040702751, swift=, name=Ф-Л СТАВРОПОЛЬСКИЙ №2 ПАО БАНК "ФК ОТКРЫТИЕ", corrAccount=30101810007020000751, address=УЛ. ЛЕНИНА, 221, city=Г. СТАВРОПОЛЬ, phones=, country=4e127564-d74f-4dd9-bced-0327f0f4e061, countryCode=643, activityDiscontinued=false}, {guid=bbea4eba-fc53-11e8-80c5-08002789bf51, archive=false, dateOutputArchive=0001-01-01T00:00:00Z, thisGroup=false, parent=78ddac09-ca67-11e5-826c-605718cb5baa, bic=046577520, swift=, name=Ф-л Екб №2 ПАО Банк "ФК Открытие", corrAccount=30101810065770000520, address=УЛ.ГОРЬКОГО, Д.45, city=Г. ЕКАТЕРИНБУРГ, phones=, country=4e127564-d74f-4dd9-bced-0327f0f4e061, countryCode=643, activityDiscontinued=false}, {guid=bbea4ebb-fc53-11e8-80c5-08002789bf51, archive=false, dateOutputArchive=0001-01-01T00:00:00Z, thisGroup=false, parent=78ddabe7-ca67-11e5-826c-605718cb5baa, bic=040507830, swift=, name=Ф-л Владивостокский №2 ПАО Банк "ФК Открытие", corrAccount=30101810805070000830, address=ПР-КТ ОКЕАНСКИЙ, Д.123 Б, city=Г. ВЛАДИВОСТОК, phones=, country=4e127564-d74f-4dd9-bced-0327f0f4e061, countryCode=643, activityDiscontinued=false}, {guid=bbea4ebc-fc53-11e8-80c5-08002789bf51, archive=false, dateOutputArchive=0001-01-01T00:00:00Z, thisGroup=false, parent=78ddac17-ca67-11e5-826c-605718cb5baa, bic=046015084, swift=, name=Ф-л Ростовский №2 ПАО Банк "ФК Открытие", corrAccount=30101810660150000084, address=ПР. ШОЛОХОВА, 32/65, city=Г. РОСТОВ-НА-ДОНУ, phones=, country=4e127564-d74f-4dd9-bced-0327f0f4e061, countryCode=643, activityDiscontinued=false}, {guid=bbea4ebd-fc53-11e8-80c5-08002789bf51, archive=false, dateOutputArchive=0001-01-01T00:00:00Z, thisGroup=false, parent=78ddac07-ca67-11e5-826c-605718cb5baa, bic=045004741, swift=, name=Ф-л Новосибирский №2 ПАО Банк "ФК Открытие", corrAccount=30101810350040000741, address=УЛ. ЛЕНИНА, Д. 18, city=Г. НОВОСИБИРСК, phones=, country=4e127564-d74f-4dd9-bced-0327f0f4e061, countryCode=643, activityDiscontinued=false}, {guid=78ddabdc-ca67-11e5-826c-605718cb5baa, archive=false, dateOutputArchive=0001-01-01T00:00:00Z, thisGroup=false, parent=78ddabdb-ca67-11e5-826c-605718cb5baa, bic=043207757, swift=, name=ФИЛИАЛ N 11 ПАО МОСОБЛБАНК, corrAccount=30101810000000000757, address=УЛ ВЕСЕННЯЯ, 24, city=Г. КЕМЕРОВО, phones=(3842)363892, country=4e127564-d74f-4dd9-bced-0327f0f4e061, countryCode=643, activityDiscontinued=false}, {guid=78ddabdd-ca67-11e5-826c-605718cb5baa, archive=, dateOutputArchive=, thisGroup=true, parent=00000000-0000-0000-0000-000000000000, bic=66       , swift=, name=СМОЛЕНСКАЯ ОБЛАСТЬ, corrAccount=, address=, city=, phones=, country=, countryCode=, activityDiscontinued=}, {guid=78ddabde-ca67-11e5-826c-605718cb5baa, archive=false, dateOutputArchive=0001-01-01T00:00:00Z, thisGroup=false, parent=78ddabdd-ca67-11e5-826c-605718cb5baa, bic=046610000, swift=, name=РКЦ ВЯЗЬМА, corrAccount=, address=, city=Г. ВЯЗЬМА, phones=, country=00000000-0000-0000-0000-000000000000, countryCode=, activityDiscontinued=true}, {guid=78ddabdf-ca67-11e5-826c-605718cb5baa, archive=, dateOutputArchive=, thisGroup=true, parent=00000000-0000-0000-0000-000000000000, bic=92       , swift=, name=РЕСПУБЛИКА ТАТАРСТАН, corrAccount=, address=, city=, phones=, country=, countryCode=, activityDiscontinued=}, {guid=78ddabe2-ca67-11e5-826c-605718cb5baa, archive=false, dateOutputArchive=0001-01-01T00:00:00Z, thisGroup=false, parent=78ddabe1-ca67-11e5-826c-605718cb5baa, bic=044030743, swift=, name=САНКТ-ПЕТЕРБУРГСКИЙ ФИЛИАЛ ПАО "АК БАНК", corrAccount=30101810300000000743, address=, city=Г. САНКТ-ПЕТЕРБУРГ, phones=, country=00000000-0000-0000-0000-000000000000, countryCode=, activityDiscontinued=true}, {guid=78ddabe3-ca67-11e5-826c-605718cb5baa, archive=false, dateOutputArchive=0001-01-01T00:00:00Z, thisGroup=false, parent=78ddabe1-ca67-11e5-826c-605718cb5baa, bic=044030708, swift=, name=САНКТ-ПЕТЕРБУРГСКИЙ ФИЛИАЛ АКБ "НЗБАНК",ОАО, corrAccount=30101810400000000708, address=, city=Г. САНКТ-ПЕТЕРБУРГ, phones=, country=00000000-0000-0000-0000-000000000000, countryCode=, activityDiscontinued=true}, {guid=78ddabe4-ca67-11e5-826c-605718cb5baa, archive=false, dateOutputArchive=0001-01-01T00:00:00Z, thisGroup=false, parent=78ddabe1-ca67-11e5-826c-605718cb5baa, bic=044030821, swift=, name=ФСКБ ПРИМОРЬЯ "ПРИМСОЦБАНК" В Г С-ПЕТЕРБУРГЕ, corrAccount=30101810400000000821, address=УЛ САДОВАЯ, 40 ЛИТ Б, city=Г. САНКТ-ПЕТЕРБУРГ, phones=(812)4934900, country=4e127564-d74f-4dd9-bced-0327f0f4e061, countryCode=643, activityDiscontinued=false}, {guid=78ddabe5-ca67-11e5-826c-605718cb5baa, archive=, dateOutputArchive=, thisGroup=true, parent=00000000-0000-0000-0000-000000000000, bic=45       , swift=, name=Г МОСКВА, corrAccount=, address=, city=, phones=, country=, countryCode=, activityDiscontinued=}, {guid=78ddabe6-ca67-11e5-826c-605718cb5baa, archive=false, dateOutputArchive=0001-01-01T00:00:00Z, thisGroup=false, parent=78ddabe5-ca67-11e5-826c-605718cb5baa, bic=044525461, swift=, name=КУ АКБ "БЕНИФИТ-БАНК" (ЗАО) - ГК "АСВ", corrAccount=30101810645250000461, address=УЛ ВЫСОЦКОГО, 4, city=Г. МОСКВА, phones=(495)9612526, country=4e127564-d74f-4dd9-bced-0327f0f4e061, countryCode=643, activityDiscontinued=false}, {guid=78ddabe7-ca67-11e5-826c-605718cb5baa, archive=, dateOutputArchive=, thisGroup=true, parent=00000000-0000-0000-0000-000000000000, bic=05       , swift=, name=ПРИМОРСКИЙ КРАЙ, corrAccount=, address=, city=, phones=, country=, countryCode=, activityDiscontinued=}, {guid=78ddabe8-ca67-11e5-826c-605718cb5baa, archive=false, dateOutputArchive=0001-01-01T00:00:00Z, thisGroup=false, parent=78ddabe7-ca67-11e5-826c-605718cb5baa, bic=040507001, swift=, name=ДАЛЬНЕВОСТОЧНОЕ ГУ БАНКА РОССИИ, corrAccount=, address=УЛ СВЕТЛАНСКАЯ, 71, city=Г. ВЛАДИВОСТОК, phones=(423)2406514,2406507, country=4e127564-d74f-4dd9-bced-0327f0f4e061, countryCode=643, activityDiscontinued=false}, {guid=78ddabe9-ca67-11e5-826c-605718cb5baa, archive=, dateOutputArchive=, thisGroup=true, parent=00000000-0000-0000-0000-000000000000, bic=25       , swift=, name=ИРКУТСКАЯ ОБЛАСТЬ, corrAccount=, address=, city=, phones=, country=, countryCode=, activityDiscontinued=}, {guid=78ddabea-ca67-11e5-826c-605718cb5baa, archive=false, dateOutputArchive=0001-01-01T00:00:00Z, thisGroup=false, parent=78ddabe9-ca67-11e5-826c-605718cb5baa, bic=042510000, swift=, name=РКЦ ЧУНСКИЙ, corrAccount=, address=, city=РП ЧУНСКИЙ, phones=, country=00000000-0000-0000-0000-000000000000, countryCode=, activityDiscontinued=true}, {guid=78ddabeb-ca67-11e5-826c-605718cb5baa, archive=, dateOutputArchive=, thisGroup=true, parent=00000000-0000-0000-0000-000000000000, bic=07       , swift=, name=СТАВРОПОЛЬСКИЙ КРАЙ, corrAccount=, address=, city=, phones=, country=, countryCode=, activityDiscontinued=}, {guid=78ddabec-ca67-11e5-826c-605718cb5baa, archive=false, dateOutputArchive=0001-01-01T00:00:00Z, thisGroup=false, parent=78ddabeb-ca67-11e5-826c-605718cb5baa, bic=040702001, swift=, name=ОТДЕЛЕНИЕ СТАВРОПОЛЬ, corrAccount=, address=УЛ ЛЕНИНА, 286, city=Г. СТАВРОПОЛЬ, phones=(8652)224803,224804, country=4e127564-d74f-4dd9-bced-0327f0f4e061, countryCode=643, activityDiscontinued=false}, {guid=78ddabed-ca67-11e5-826c-605718cb5baa, archive=false, dateOutputArchive=0001-01-01T00:00:00Z, thisGroup=false, parent=78ddabe5-ca67-11e5-826c-605718cb5baa, bic=044525212, swift=, name=КУ КБ "ТРАНСИНВЕСТБАНК" (ООО) - ГК "АСВ", corrAccount=30101810645250000212, address=УЛ ВЫСОЦКОГО, 4, city=Г. МОСКВА, phones=(495)9612526, country=4e127564-d74f-4dd9-bced-0327f0f4e061, countryCode=643, activityDiscontinued=false}, {guid=78ddabee-ca67-11e5-826c-605718cb5baa, archive=, dateOutputArchive=, thisGroup=true, parent=00000000-0000-0000-0000-000000000000, bic=54       , swift=, name=ОРЛОВСКАЯ ОБЛАСТЬ, corrAccount=, address=, city=, phones=, country=, countryCode=, activityDiscontinued=}, {guid=78ddabef-ca67-11e5-826c-605718cb5baa, archive=false, dateOutputArchive=0001-01-01T00:00:00Z, thisGroup=false, parent=78ddabee-ca67-11e5-826c-605718cb5baa, bic=045402751, swift=, name=ОРЛОВСКИЙ РФ АО "РОССЕЛЬХОЗБАНК", corrAccount=30101810700000000751, address=УЛ МОСКОВСКАЯ, 31 ЛИТ А, city=Г. ОРЁЛ, phones=(4862)541054,735788, country=4e127564-d74f-4dd9-bced-0327f0f4e061, countryCode=643, activityDiscontinued=false}, {guid=78ddabf0-ca67-11e5-826c-605718cb5baa, archive=, dateOutputArchive=, thisGroup=true, parent=00000000-0000-0000-0000-000000000000, bic=17       , swift=, name=ВЛАДИМИРСКАЯ ОБЛАСТЬ, corrAccount=, address=, city=, phones=, country=, countryCode=, activityDiscontinued=}, {guid=78ddabf1-ca67-11e5-826c-605718cb5baa, archive=false, dateOutputArchive=0001-01-01T00:00:00Z, thisGroup=false, parent=78ddabf0-ca67-11e5-826c-605718cb5baa, bic=041708717, swift=, name=ФИЛИАЛ АО "РОСТ БАНК" В Г.ВЛАДИМИРЕ, corrAccount=30101810517080000717, address=, city=Г. ВЛАДИМИР, phones=, country=00000000-0000-0000-0000-000000000000, countryCode=, activityDiscontinued=true}, {guid=78ddabf2-ca67-11e5-826c-605718cb5baa, archive=, dateOutputArchive=, thisGroup=true, parent=00000000-0000-0000-0000-000000000000, bic=36       , swift=, name=САМАРСКАЯ ОБЛАСТЬ, corrAccount=, address=, city=, phones=, country=, countryCode=, activityDiscontinued=}, {guid=78ddac7c-ca67-11e5-826c-605718cb5baa, archive=false, dateOutputArchive=0001-01-01T00:00:00Z, thisGroup=false, parent=78ddac17-ca67-11e5-826c-605718cb5baa, bic=046027835, swift=, name=ООО "РУССКИЙ НАЦИОНАЛЬНЫЙ БАНК", corrAccount=30101810700000000835, address=, city=Г. РОСТОВ-НА-ДОНУ, phones=, country=00000000-0000-0000-0000-000000000000, countryCode=, activityDiscontinued=true}, {guid=78ddabf3-ca67-11e5-826c-605718cb5baa, archive=false, dateOutputArchive=0001-01-01T00:00:00Z, thisGroup=false, parent=78ddabf2-ca67-11e5-826c-605718cb5baa, bic=043601917, swift=GAZPRUMM037, name=Ф-Л БАНКА ГПБ (АО) "ПОВОЛЖСКИЙ", corrAccount=30101810000000000917, address=УЛ НОВО-САДОВАЯ, 106 А, СТР 1, city=Г. САМАРА, phones=(846)3396945,3396946, country=4e127564-d74f-4dd9-bced-0327f0f4e061, countryCode=643, activityDiscontinued=false}, {guid=78ddabf4-ca67-11e5-826c-605718cb5baa, archive=false, dateOutputArchive=0001-01-01T00:00:00Z, thisGroup=false, parent=78ddabe5-ca67-11e5-826c-605718cb5baa, bic=044525225, swift=SABRRUMMXXX, name=ПАО СБЕРБАНК, corrAccount=30101810400000000225, address=УЛ ВАВИЛОВА, 19, city=Г. МОСКВА, phones=(495)5005550,88005555550, country=4e127564-d74f-4dd9-bced-0327f0f4e061, countryCode=643, activityDiscontinued=false}, {guid=78ddabf5-ca67-11e5-826c-605718cb5baa, archive=, dateOutputArchive=, thisGroup=true, parent=00000000-0000-0000-0000-000000000000, bic=87       , swift=, name=РЕСПУБЛИКА КОМИ, corrAccount=, address=, city=, phones=, country=, countryCode=, activityDiscontinued=}, {guid=78ddabf6-ca67-11e5-826c-605718cb5baa, archive=false, dateOutputArchive=0001-01-01T00:00:00Z, thisGroup=false, parent=78ddabf5-ca67-11e5-826c-605718cb5baa, bic=048723000, swift=, name=РКЦ УСИНСК, corrAccount=, address=УЛ НЕФТЯНИКОВ, 30, city=Г. УСИНСК, phones=(82144)41735,41445, country=4e127564-d74f-4dd9-bced-0327f0f4e061, countryCode=643, activityDiscontinued=false}, {guid=78ddabf8-ca67-11e5-826c-605718cb5baa, archive=false, dateOutputArchive=0001-01-01T00:00:00Z, thisGroup=false, parent=78ddabf7-ca67-11e5-826c-605718cb5baa, bic=045354860, swift=FORHRU33XXX, name=АКБ "ФОРШТАДТ" (АО), corrAccount=30101810700000000860, address=УЛ ЧКАЛОВА, 35/1, city=Г. ОРЕНБУРГ, phones=(3532)980486,980412, country=4e127564-d74f-4dd9-bced-0327f0f4e061, countryCode=643, activityDiscontinued=false}, {guid=78ddabf9-ca67-11e5-826c-605718cb5baa, archive=, dateOutputArchive=, thisGroup=true, parent=00000000-0000-0000-0000-000000000000, bic=69       , swift=, name=ТОМСКАЯ ОБЛАСТЬ, corrAccount=, address=, city=, phones=, country=, countryCode=, activityDiscontinued=}, {guid=78ddabfa-ca67-11e5-826c-605718cb5baa, archive=false, dateOutputArchive=0001-01-01T00:00:00Z, thisGroup=false, parent=78ddabf9-ca67-11e5-826c-605718cb5baa, bic=046900000, swift=, name=РКЦ КОЛПАШЕВО, corrAccount=, address=, city=Г. КОЛПАШЕВО, phones=, country=00000000-0000-0000-0000-000000000000, countryCode=, activityDiscontinued=true}, {guid=78ddabfb-ca67-11e5-826c-605718cb5baa, archive=false, dateOutputArchive=0001-01-01T00:00:00Z, thisGroup=false, parent=78ddabe1-ca67-11e5-826c-605718cb5baa, bic=044030752, swift=, name=САНКТ-ПЕТЕРБУРГСКИЙ ФИЛИАЛ "БАНК СГБ", corrAccount=30101810100000000752, address=УЛ. МАРШАЛА ГОВОРОВА, 35 ЛИТ А, city=Г. САНКТ-ПЕТЕРБУРГ, phones=(812)3365900, country=4e127564-d74f-4dd9-bced-0327f0f4e061, countryCode=643, activityDiscontinued=false}, {guid=78ddabfc-ca67-11e5-826c-605718cb5baa, archive=false, dateOutputArchive=0001-01-01T00:00:00Z, thisGroup=false, parent=78ddabe5-ca67-11e5-826c-605718cb5baa, bic=044525102, swift=IKBARUMMXXX, name=АО "ДЕНИЗБАНК МОСКВА", corrAccount=30101810400000000102, address=2-Я ЗВЕНИГОРОД УЛ, 13, СТР 42, city=Г. МОСКВА, phones=(495)7251020, country=4e127564-d74f-4dd9-bced-0327f0f4e061, countryCode=643, activityDiscontinued=false}, {guid=78ddabfd-ca67-11e5-826c-605718cb5baa, archive=, dateOutputArchive=, thisGroup=true, parent=00000000-0000-0000-0000-000000000000, bic=63       , swift=, name=САРАТОВСКАЯ ОБЛАСТЬ, corrAccount=, address=, city=, phones=, country=, countryCode=, activityDiscontinued=}, {guid=78ddabfe-ca67-11e5-826c-605718cb5baa, archive=false, dateOutputArchive=0001-01-01T00:00:00Z, thisGroup=false, parent=78ddabfd-ca67-11e5-826c-605718cb5baa, bic=046380002, swift=, name=ПУ БАНКА РОССИИ ВОЛЖСКОЕ, corrAccount=, address=, city=П. СВЕТЛЫЙ, phones=(84558)33215, country=4e127564-d74f-4dd9-bced-0327f0f4e061, countryCode=643, activityDiscontinued=false}, {guid=78ddabff-ca67-11e5-826c-605718cb5baa, archive=false, dateOutputArchive=0001-01-01T00:00:00Z, thisGroup=false, parent=78ddabe5-ca67-11e5-826c-605718cb5baa, bic=044583695, swift=, name=КУ ОАО БАНК "СОДРУЖЕСТВО"-ГК "АСВ", corrAccount=30101810700000000695, address=, city=Г. МОСКВА, phones=, country=00000000-0000-0000-0000-000000000000, countryCode=, activityDiscontinued=true}, {guid=78ddac00-ca67-11e5-826c-605718cb5baa, archive=, dateOutputArchive=, thisGroup=true, parent=00000000-0000-0000-0000-000000000000, bic=82       , swift=, name=РЕСПУБЛИКА ДАГЕСТАН, corrAccount=, address=, city=, phones=, country=, countryCode=, activityDiscontinued=}, {guid=78ddac01-ca67-11e5-826c-605718cb5baa, archive=false, dateOutputArchive=0001-01-01T00:00:00Z, thisGroup=false, parent=78ddac00-ca67-11e5-826c-605718cb5baa, bic=048209870, swift=, name=ЛИКВ ООО РНКО "УМУТ", corrAccount=30103810400000000870, address=УЛ КАЛИНИНА, 4, city=Г. ХАСАВЮРТ, phones=(87231)51268,51667, country=4e127564-d74f-4dd9-bced-0327f0f4e061, countryCode=643, activityDiscontinued=false}, {guid=78ddac02-ca67-11e5-826c-605718cb5baa, archive=, dateOutputArchive=, thisGroup=true, parent=00000000-0000-0000-0000-000000000000, bic=28       , swift=, name=ТВЕРСКАЯ ОБЛАСТЬ, corrAccount=, address=, city=, phones=, country=, countryCode=, activityDiscontinued=}, {guid=78ddac03-ca67-11e5-826c-605718cb5baa, archive=false, dateOutputArchive=0001-01-01T00:00:00Z, thisGroup=false, parent=78ddac02-ca67-11e5-826c-605718cb5baa, bic=042809909, swift=, name=ТВЕРСКОЙ ФИЛИАЛ АБ "РОССИЯ", corrAccount=30101810700000000909, address=УЛ КРЫЛОВА, 40/29, city=Г. ТВЕРЬ, phones=(4822)347569, country=4e127564-d74f-4dd9-bced-0327f0f4e061, countryCode=643, activityDiscontinued=false}, {guid=78ddac04-ca67-11e5-826c-605718cb5baa, archive=false, dateOutputArchive=0001-01-01T00:00:00Z, thisGroup=false, parent=78ddac00-ca67-11e5-826c-605718cb5baa, bic=048209989, swift=, name=ФИЛИАЛ ИКБ "ЭНТУЗИАСТБАНК" ООО-КИЗЛЯР, corrAccount=30101810882090000989, address=, city=Г. КИЗЛЯР, phones=, country=00000000-0000-0000-0000-000000000000, countryCode=, activityDiscontinued=true}, {guid=78ddac05-ca67-11e5-826c-605718cb5baa, archive=false, dateOutputArchive=0001-01-01T00:00:00Z, thisGroup=false, parent=78ddabe5-ca67-11e5-826c-605718cb5baa, bic=044583844, swift=, name=КУ КОММЕРЧЕСКИЙ БАНК "СДБ" (ООО) ГК "АСВ", corrAccount=30101810700000000844, address=, city=Г. МОСКВА, phones=, country=00000000-0000-0000-0000-000000000000, countryCode=, activityDiscontinued=true}, {guid=78ddac06-ca67-11e5-826c-605718cb5baa, archive=false, dateOutputArchive=0001-01-01T00:00:00Z, thisGroup=false, parent=78ddabe5-ca67-11e5-826c-605718cb5baa, bic=044525938, swift=, name=МОСКОВСКИЙ ФИЛИАЛ АО АКБ "ТЕКСБАНК", corrAccount=30101810945250000938, address=ОЛИМПИЙСКИЙ ПР-Т, 26, СТР 1, city=Г. МОСКВА, phones=(495)6480048, country=4e127564-d74f-4dd9-bced-0327f0f4e061, countryCode=643, activityDiscontinued=false}, {guid=78ddac07-ca67-11e5-826c-605718cb5baa, archive=, dateOutputArchive=, thisGroup=true, parent=00000000-0000-0000-0000-000000000000, bic=50       , swift=, name=НОВОСИБИРСКАЯ ОБЛАСТЬ, corrAccount=, address=, city=, phones=, country=, countryCode=, activityDiscontinued=}, {guid=78ddac08-ca67-11e5-826c-605718cb5baa, archive=false, dateOutputArchive=0001-01-01T00:00:00Z, thisGroup=false, parent=78ddac07-ca67-11e5-826c-605718cb5baa, bic=045004747, swift=, name=ФИЛИАЛ "НОВОСИБИРСКИЙ" АО "ГЛОБЭКСБАНК", corrAccount=30101810150040000747, address=УЛ ВОКЗАЛЬНАЯ МАГИСТРАЛЬ, 8 А, city=Г. НОВОСИБИРСК, phones=(383)2181508, country=4e127564-d74f-4dd9-bced-0327f0f4e061, countryCode=643, activityDiscontinued=false}, {guid=78ddac09-ca67-11e5-826c-605718cb5baa, archive=, dateOutputArchive=, thisGroup=true, parent=00000000-0000-0000-0000-000000000000, bic=65       , swift=, name=СВЕРДЛОВСКАЯ ОБЛАСТЬ, corrAccount=, address=, city=, phones=, country=, countryCode=, activityDiscontinued=}, {guid=78ddac0a-ca67-11e5-826c-605718cb5baa, archive=false, dateOutputArchive=0001-01-01T00:00:00Z, thisGroup=false, parent=78ddac09-ca67-11e5-826c-605718cb5baa, bic=046577907, swift=, name=ЕКАТЕРИНБУРГСКИЙ ФИЛИАЛ ПАО "АК БАРС" БАНК, corrAccount=30101810400000000907, address=ПР-Т ЛЕНИНА, 20, city=Г. ЕКАТЕРИНБУРГ, phones=(343)3556015, country=4e127564-d74f-4dd9-bced-0327f0f4e061, countryCode=643, activityDiscontinued=false}, {guid=78ddac0b-ca67-11e5-826c-605718cb5baa, archive=, dateOutputArchive=, thisGroup=true, parent=00000000-0000-0000-0000-000000000000, bic=47       , swift=, name=МУРМАНСКАЯ ОБЛАСТЬ, corrAccount=, address=, city=, phones=, country=, countryCode=, activityDiscontinued=}, {guid=78ddac0c-ca67-11e5-826c-605718cb5baa, archive=false, dateOutputArchive=0001-01-01T00:00:00Z, thisGroup=false, parent=78ddac0b-ca67-11e5-826c-605718cb5baa, bic=044705824, swift=, name=ФИЛИАЛ ПАО "ОФК БАНК" В МУРМАНСКЕ, corrAccount=30101810900000000824, address=, city=Г. МУРМАНСК, phones=, country=00000000-0000-0000-0000-000000000000, countryCode=, activityDiscontinued=true}, {guid=78ddac0d-ca67-11e5-826c-605718cb5baa, archive=, dateOutputArchive=, thisGroup=true, parent=00000000-0000-0000-0000-000000000000, bic=19       , swift=, name=ВОЛОГОДСКАЯ ОБЛАСТЬ, corrAccount=, address=, city=, phones=, country=, countryCode=, activityDiscontinued=}, {guid=78ddac0e-ca67-11e5-826c-605718cb5baa, archive=false, dateOutputArchive=0001-01-01T00:00:00Z, thisGroup=false, parent=78ddac0d-ca67-11e5-826c-605718cb5baa, bic=041909708, swift=, name=КУ НКО "КРЕДИТАЛЬЯНС" (ООО), corrAccount=30103810200000000708, address=, city=Г. ВОЛОГДА, phones=, country=00000000-0000-0000-0000-000000000000, countryCode=, activityDiscontinued=true}, {guid=78ddac0f-ca67-11e5-826c-605718cb5baa, archive=, dateOutputArchive=, thisGroup=true, parent=00000000-0000-0000-0000-000000000000, bic=03       , swift=, name=КРАСНОДАРСКИЙ КРАЙ, corrAccount=, address=, city=, phones=, country=, countryCode=, activityDiscontinued=}, {guid=78ddac10-ca67-11e5-826c-605718cb5baa, archive=false, dateOutputArchive=0001-01-01T00:00:00Z, thisGroup=false, parent=78ddac0f-ca67-11e5-826c-605718cb5baa, bic=040349749, swift=, name=КРАСНОДАРСКИЙ ФИЛИАЛ ТКБ БАНК ПАО, corrAccount=30101810500000000749, address=УЛ ФРУНЗЕ, 169, city=Г. КРАСНОДАР, phones=(861)2104542,2104546, country=4e127564-d74f-4dd9-bced-0327f0f4e061, countryCode=643, activityDiscontinued=false}, {guid=78ddac11-ca67-11e5-826c-605718cb5baa, archive=false, dateOutputArchive=0001-01-01T00:00:00Z, thisGroup=false, parent=78ddabf5-ca67-11e5-826c-605718cb5baa, bic=048702731, swift=, name=ФИЛИАЛ КБ "РОСПРОМБАНК" (ООО) В Г. СЫКТЫВКАРЕ, corrAccount=30101810500000000731, address=, city=Г. СЫКТЫВКАР, phones=, country=00000000-0000-0000-0000-000000000000, countryCode=, activityDiscontinued=true}, {guid=78ddac12-ca67-11e5-826c-605718cb5baa, archive=, dateOutputArchive=, thisGroup=true, parent=00000000-0000-0000-0000-000000000000, bic=20       , swift=, name=ВОРОНЕЖСКАЯ ОБЛАСТЬ, corrAccount=, address=, city=, phones=, country=, countryCode=, activityDiscontinued=}, {guid=78ddac13-ca67-11e5-826c-605718cb5baa, archive=false, dateOutputArchive=0001-01-01T00:00:00Z, thisGroup=false, parent=78ddac12-ca67-11e5-826c-605718cb5baa, bic=042007001, swift=, name=ОТДЕЛЕНИЕ ВОРОНЕЖ, corrAccount=, address=УЛ ТЕАТРАЛЬНАЯ, 36, city=Г. ВОРОНЕЖ, phones=(473)2555820,2699990, country=4e127564-d74f-4dd9-bced-0327f0f4e061, countryCode=643, activityDiscontinued=false}, {guid=78ddac14-ca67-11e5-826c-605718cb5baa, archive=, dateOutputArchive=, thisGroup=true, parent=00000000-0000-0000-0000-000000000000, bic=76       , swift=, name=ЗАБАЙКАЛЬСКИЙ КРАЙ, corrAccount=, address=, city=, phones=, country=, countryCode=, activityDiscontinued=}, {guid=78ddac15-ca67-11e5-826c-605718cb5baa, archive=false, dateOutputArchive=0001-01-01T00:00:00Z, thisGroup=false, parent=78ddac14-ca67-11e5-826c-605718cb5baa, bic=047601637, swift=SABRRU66CHT, name=ЧИТИНСКОЕ ОТДЕЛЕНИЕ  N8600 ПАО СБЕРБАНК, corrAccount=30101810500000000637, address=УЛ ПОЛИНЫ ОСИПЕНКО, 40, city=Г. ЧИТА, phones=(3022)336111, country=4e127564-d74f-4dd9-bced-0327f0f4e061, countryCode=643, activityDiscontinued=false}, {guid=78ddac16-ca67-11e5-826c-605718cb5baa, archive=false, dateOutputArchive=0001-01-01T00:00:00Z, thisGroup=false, parent=78ddabdb-ca67-11e5-826c-605718cb5baa, bic=043209770, swift=NOOBRU55XXX, name=ООО "НОВОКИБ", corrAccount=30101810900000000770, address=УЛ КИРОВА, 69, city=Г. НОВОКУЗНЕЦК, phones=(3843)539698,459267, country=4e127564-d74f-4dd9-bced-0327f0f4e061, countryCode=643, activityDiscontinued=false}, {guid=78ddac17-ca67-11e5-826c-605718cb5baa, archive=, dateOutputArchive=, thisGroup=true, parent=00000000-0000-0000-0000-000000000000, bic=60       , swift=, name=РОСТОВСКАЯ ОБЛАСТЬ, corrAccount=, address=, city=, phones=, country=, countryCode=, activityDiscontinued=}, {guid=78ddac18-ca67-11e5-826c-605718cb5baa, archive=false, dateOutputArchive=0001-01-01T00:00:00Z, thisGroup=false, parent=78ddac17-ca67-11e5-826c-605718cb5baa, bic=046015293, swift=, name=РОСТОВСКИЙ ФИЛИАЛ НКО "ИНКАХРАН" (АО), corrAccount=30103810860150000293, address=, city=Г. РОСТОВ-НА-ДОНУ, phones=, country=00000000-0000-0000-0000-000000000000, countryCode=, activityDiscontinued=true}, {guid=78ddac19-ca67-11e5-826c-605718cb5baa, archive=false, dateOutputArchive=0001-01-01T00:00:00Z, thisGroup=false, parent=78ddac07-ca67-11e5-826c-605718cb5baa, bic=045004775, swift=, name=НОВОСИБИРСКИЙ ФИЛИАЛ ПАО "БИНБАНК", corrAccount=30101810850040000775, address=, city=Г. НОВОСИБИРСК, phones=, country=00000000-0000-0000-0000-000000000000, countryCode=, activityDiscontinued=true}, {guid=78ddac1a-ca67-11e5-826c-605718cb5baa, archive=false, dateOutputArchive=0001-01-01T00:00:00Z, thisGroup=false, parent=78ddabe5-ca67-11e5-826c-605718cb5baa, bic=044583138, swift=, name=ООО КБ "РАСЧЕТНЫЙ ДОМ", corrAccount=30101810500000000138, address=, city=Г. МОСКВА, phones=, country=00000000-0000-0000-0000-000000000000, countryCode=, activityDiscontinued=true}, {guid=78ddac1b-ca67-11e5-826c-605718cb5baa, archive=false, dateOutputArchive=0001-01-01T00:00:00Z, thisGroup=false, parent=78ddabe5-ca67-11e5-826c-605718cb5baa, bic=044525762, swift=, name=КУ КБ "ЕВРОТРАСТ" (ЗАО) ГК "АСВ", corrAccount=30101810400000000762, address=УЛ ВЫСОЦКОГО, 4, city=Г. МОСКВА, phones=(495)9612526, country=4e127564-d74f-4dd9-bced-0327f0f4e061, countryCode=643, activityDiscontinued=false}, {guid=78ddaca1-ca67-11e5-826c-605718cb5baa, archive=, dateOutputArchive=, thisGroup=true, parent=00000000-0000-0000-0000-000000000000, bic=37       , swift=, name=КУРГАНСКАЯ ОБЛАСТЬ, corrAccount=, address=, city=, phones=, country=, countryCode=, activityDiscontinued=}, {guid=78ddac1d-ca67-11e5-826c-605718cb5baa, archive=false, dateOutputArchive=0001-01-01T00:00:00Z, thisGroup=false, parent=78ddabe5-ca67-11e5-826c-605718cb5baa, bic=044525235, swift=, name=КУ ООО "М ПЛЮС" ГК "АСВ", corrAccount=30101810745250000235, address=УЛ ВЫСОЦКОГО, 4, city=Г. МОСКВА, phones=(495)9612526, country=4e127564-d74f-4dd9-bced-0327f0f4e061, countryCode=643, activityDiscontinued=false}, {guid=78ddac1e-ca67-11e5-826c-605718cb5baa, archive=false, dateOutputArchive=0001-01-01T00:00:00Z, thisGroup=false, parent=78ddabe5-ca67-11e5-826c-605718cb5baa, bic=044583701, swift=, name=ООО НКО "ДЕНЬГИ.МЭЙЛ.РУ", corrAccount=30103810100000000701, address=, city=Г. МОСКВА, phones=, country=00000000-0000-0000-0000-000000000000, countryCode=, activityDiscontinued=true}, {guid=78ddac1f-ca67-11e5-826c-605718cb5baa, archive=false, dateOutputArchive=0001-01-01T00:00:00Z, thisGroup=false, parent=78ddabe1-ca67-11e5-826c-605718cb5baa, bic=044030769, swift=, name=КУ ОАО КБ "ПЕТРО-АЭРО-БАНК"-ГК "АСВ", corrAccount=30101810300000000769, address=, city=Г. САНКТ-ПЕТЕРБУРГ, phones=, country=00000000-0000-0000-0000-000000000000, countryCode=, activityDiscontinued=true}, {guid=e8b018e6-ca8b-11e5-826c-605718cb5baa, archive=false, dateOutputArchive=0001-01-01T00:00:00Z, thisGroup=false, parent=78ddac9c-ca67-11e5-826c-605718cb5baa, bic=040481000, swift=, name=РКЦ АЧИНСК, corrAccount=, address=, city=Г. АЧИНСК, phones=, country=00000000-0000-0000-0000-000000000000, countryCode=, activityDiscontinued=true}, {guid=78ddac20-ca67-11e5-826c-605718cb5baa, archive=false, dateOutputArchive=0001-01-01T00:00:00Z, thisGroup=false, parent=78ddac0f-ca67-11e5-826c-605718cb5baa, bic=040396844, swift=, name=КОНКУРСНЫЙ УПРАВЛЯЮЩИЙ ООО КИИБ"СОЧИ"-ГК"АСВ", corrAccount=30101810700000000844, address=УЛ ВЫСОЦКОГО, 4, city=Г. МОСКВА, phones=(495)7253117, country=4e127564-d74f-4dd9-bced-0327f0f4e061, countryCode=643, activityDiscontinued=false}, {guid=78ddac21-ca67-11e5-826c-605718cb5baa, archive=, dateOutputArchive=, thisGroup=true, parent=00000000-0000-0000-0000-000000000000, bic=22       , swift=, name=НИЖЕГОРОДСКАЯ ОБЛАСТЬ, corrAccount=, address=, city=, phones=, country=, countryCode=, activityDiscontinued=}, {guid=78ddac22-ca67-11e5-826c-605718cb5baa, archive=false, dateOutputArchive=0001-01-01T00:00:00Z, thisGroup=false, parent=78ddac21-ca67-11e5-826c-605718cb5baa, bic=042202821, swift=, name=ФАКБ "РОССИЙСКИЙ КАПИТАЛ" (АО) НИЖЕГОРОДСКИЙ, corrAccount=30101810300000000821, address=УЛ ОШАРСКАЯ, 52, city=Г. НИЖНИЙ НОВГОРОД, phones=(831)2816345, country=4e127564-d74f-4dd9-bced-0327f0f4e061, countryCode=643, activityDiscontinued=false}, {guid=78ddac23-ca67-11e5-826c-605718cb5baa, archive=false, dateOutputArchive=0001-01-01T00:00:00Z, thisGroup=false, parent=78ddabe5-ca67-11e5-826c-605718cb5baa, bic=044525551, swift=ICBKRUMMXXX, name=АЙСИБИСИ БАНК (АО), corrAccount=30101810200000000551, address=СЕРЕБРЯНИЧЕСКАЯ НАБ, 29, city=Г. МОСКВА, phones=(495)2873099, country=4e127564-d74f-4dd9-bced-0327f0f4e061, countryCode=643, activityDiscontinued=false}, {guid=78ddac24-ca67-11e5-826c-605718cb5baa, archive=false, dateOutputArchive=0001-01-01T00:00:00Z, thisGroup=false, parent=78ddabe5-ca67-11e5-826c-605718cb5baa, bic=044525476, swift=CBMWRUMMXXX, name=АО "МОСКОМБАНК", corrAccount=30101810245250000476, address=УЛ 1-Я ФРУНЗЕНСКАЯ, 5, city=Г. МОСКВА, phones=(495)6091919, country=4e127564-d74f-4dd9-bced-0327f0f4e061, countryCode=643, activityDiscontinued=false}, {guid=78ddac25-ca67-11e5-826c-605718cb5baa, archive=, dateOutputArchive=, thisGroup=true, parent=00000000-0000-0000-0000-000000000000, bic=00       , swift=, name=ТЕРРИТОРИЯ НЕ ОПРЕДЕЛЕНА, corrAccount=, address=, city=, phones=, country=, countryCode=, activityDiscontinued=}, {guid=78ddac26-ca67-11e5-826c-605718cb5baa, archive=false, dateOutputArchive=0001-01-01T00:00:00Z, thisGroup=false, parent=78ddac25-ca67-11e5-826c-605718cb5baa, bic=040004002, swift=, name=ПУ БАНКА РОССИИ N 67903, corrAccount=, address=П/П 67903, city=, phones=, country=4e127564-d74f-4dd9-bced-0327f0f4e061, countryCode=643, activityDiscontinued=false}, {guid=78ddac27-ca67-11e5-826c-605718cb5baa, archive=false, dateOutputArchive=0001-01-01T00:00:00Z, thisGroup=false, parent=78ddac00-ca67-11e5-826c-605718cb5baa, bic=048209788, swift=, name=ФАКБ "ИНВЕСТТОРГБАНК" (ПАО) "МАХАЧКАЛИНСКИЙ", corrAccount=30101810400000000788, address=, city=Г. МАХАЧКАЛА, phones=, country=00000000-0000-0000-0000-000000000000, countryCode=, activityDiscontinued=true}, {guid=78ddac28-ca67-11e5-826c-605718cb5baa, archive=, dateOutputArchive=, thisGroup=true, parent=00000000-0000-0000-0000-000000000000, bic=94       , swift=, name=УДМУРТСКАЯ РЕСПУБЛИКА, corrAccount=, address=, city=, phones=, country=, countryCode=, activityDiscontinued=}]

	at AutoTest.ClassifireIsAllRussianTest.getBankList(ClassifireIsAllRussianTest.java:536)
</failure>
    <system-out><![CDATA[Request URI:	http://dev1c:8080/MDM_Gribov_2541/hs/klass/bank?step=199
HTTP/1.1 200 OK
Date: Wed, 13 Dec 2023 08:12:40 GMT
Server: Apache/2.4.23 (Win64)
X-NextPage: http://dev1c:8080/MDM_Gribov_2541/hs/klass/bank?step=199&nextPage=2
X-NextPage1C: /bank?step=199&nextPage=2
Content-Length: 104000
Keep-Alive: timeout=5, max=99
Connection: Keep-Alive
Content-Type: application/json; charset=utf-8

[
    {
        "guid": "979300ab-d82b-11e8-80bb-08002789bf51",
        "archive": false,
        "dateOutputArchive": "0001-01-01T00:00:00Z",
        "thisGroup": false,
        "parent": "78ddabf2-ca67-11e5-826c-605718cb5baa",
        "bic": "043601707",
        "swift": "",
        "name": "ФИЛИАЛ \"САМАРСКИЙ\" АО \"ОТП БАНК\"",
        "corrAccount": "30101810722023601707",
        "address": "УЛ АВРОРЫ, 150",
        "city": "Г. САМАРА",
        "phones": "(846)3425312,3425313",
        "country": "4e127564-d74f-4dd9-bced-0327f0f4e061",
        "countryCode": "643",
        "activityDiscontinued": false
    },
    {
        "guid": "979300ac-d82b-11e8-80bb-08002789bf51",
        "archive": false,
        "dateOutputArchive": "0001-01-01T00:00:00Z",
        "thisGroup": false,
        "parent": "78ddabe1-ca67-11e5-826c-605718cb5baa",
        "bic": "044030792",
        "swift": "",
        "name": "ФИЛИАЛ \"СЕВЕРО-ЗАПАДНЫЙ\" \"УМ-БАНК\" ООО",
        "corrAccount": "30101810640300000792",
        "address": "КАМЕННООСТРОВСКИЙ ПР-Т, 61 ПОМ",
        "city": "Г. САНКТ-ПЕТЕРБУРГ",
        "phones": "(812)4560720",
        "country": "4e127564-d74f-4dd9-bced-0327f0f4e061",
        "countryCode": "643",
        "activityDiscontinued": false
    },
    {
        "guid": "979300ad-d82b-11e8-80bb-08002789bf51",
        "archive": false,
        "dateOutputArchive": "0001-01-01T00:00:00Z",
        "thisGroup": false,
        "parent": "78ddac07-ca67-11e5-826c-605718cb5baa",
        "bic": "045004711",
        "swift": "",
        "name": "Куйбышевский филиал АКБ \"Ланта-Банк\" (АО)",
        "corrAccount": "30101810750045004711",
        "address": "КВАРТАЛ 1, ДОМ 29 \"ВСТАВКА\"",
        "city": "Г. КУЙБЫШЕВ",
        "phones": "",
        "country": "4e127564-d74f-4dd9-bced-0327f0f4e061",
        "countryCode": "643",
        "activityDiscontinued": false
    },
    {
        "guid": "979300ae-d82b-11e8-80bb-08002789bf51",
        "archive": false,
        "dateOutputArchive": "0001-01-01T00:00:00Z",
        "thisGroup": false,
        "parent": "78ddac07-ca67-11e5-826c-605718cb5baa",
        "bic": "045004719",
        "swift": "",
        "name": "ФИЛИАЛ № 5440 БАНКА ВТБ (ПАО)",
        "corrAccount": "30101810450040000719",
        "address": "УЛ ФРУНЗЕ, 232, 234, 234/1",
        "city": "Г. НОВОСИБИРСК",
        "phones": "(383)2492424,2492425",
        "country": "4e127564-d74f-4dd9-bced-0327f0f4e061",
        "countryCode": "643",
        "activityDiscontinued": false
    },
    {
        "guid": "979300af-d82b-11e8-80bb-08002789bf51",
        "archive": false,
        "dateOutputArchive": "0001-01-01T00:00:00Z",
        "thisGroup": false,
        "parent": "78ddac07-ca67-11e5-826c-605718cb5baa",
        "bic": "045004701",
        "swift": "",
        "name": "НОВОСИБИРСКИЙ ФИЛИАЛ АБ \"РОССИЯ\"",
        "corrAccount": "30101810950040000701",
        "address": "УЛ СЕМЬИ ШАМШИНЫХ, 26, 26/1",
        "city": "Г. НОВОСИБИРСК",
        "phones": "(383)3670691,3670692",
        "country": "4e127564-d74f-4dd9-bced-0327f0f4e061",
        "countryCode": "643",
        "activityDiscontinued": false
    },
    {
        "guid": "979300b0-d82b-11e8-80bb-08002789bf51",
        "archive": false,
        "dateOutputArchive": "0001-01-01T00:00:00Z",
        "thisGroup": false,
        "parent": "78ddac09-ca67-11e5-826c-605718cb5baa",
        "bic": "046577459",
        "swift": "",
        "name": "ФИЛИАЛ \"УРАЛЬСКИЙ\" \"УМ-БАНК\" ООО",
        "corrAccount": "30101810165770000459",
        "address": "УЛ БЕЛИНСКОГО, 86",
        "city": "Г. ЕКАТЕРИНБУРГ",
        "phones": "(343)2871010,3452644",
        "country": "4e127564-d74f-4dd9-bced-0327f0f4e061",
        "countryCode": "643",
        "activityDiscontinued": false
    },
    {
        "guid": "979300b1-d82b-11e8-80bb-08002789bf51",
        "archive": false,
        "dateOutputArchive": "0001-01-01T00:00:00Z",
        "thisGroup": false,
        "parent": "78ddabe5-ca67-11e5-826c-605718cb5baa",
        "bic": "044525745",
        "swift": "VTBRRUM2MS3",
        "name": "ФИЛИАЛ № 7701 БАНКА ВТБ (ПАО)",
        "corrAccount": "30101810345250000745",
        "address": "УЛ КУЗНЕЦКИЙ МОСТ, 17, СТР 1",
        "city": "Г. МОСКВА",
        "phones": "(495)9258000",
        "country": "4e127564-d74f-4dd9-bced-0327f0f4e061",
        "countryCode": "643",
        "activityDiscontinued": false
    },
    {
        "guid": "979300b2-d82b-11e8-80bb-08002789bf51",
        "archive": false,
        "dateOutputArchive": "0001-01-01T00:00:00Z",
        "thisGroup": false,
        "parent": "78ddabe9-ca67-11e5-826c-605718cb5baa",
        "bic": "042520842",
        "swift": "",
        "name": "\"Братский АНКБ\" ПАО",
        "corrAccount": "30101810850042520842",
        "address": "УЛ. КОМСОМОЛЬСКАЯ, Д. 43",
        "city": "Г. БРАТСК",
        "phones": "",
        "country": "4e127564-d74f-4dd9-bced-0327f0f4e061",
        "countryCode": "643",
        "activityDiscontinued": false
    },
    {
        "guid": "979300b3-d82b-11e8-80bb-08002789bf51",
        "archive": false,
        "dateOutputArchive": "0001-01-01T00:00:00Z",
        "thisGroup": false,
        "parent": "78ddabe9-ca67-11e5-826c-605718cb5baa",
        "bic": "042520811",
        "swift": "",
        "name": "АО \"ГРИНКОМБАНК\"",
        "corrAccount": "30101810950040000811",
        "address": "УЛ ФРАНК-КАМЕНЕЦКОГО, 8",
        "city": "Г. ИРКУТСК",
        "phones": "(3952)255196,240197",
        "country": "4e127564-d74f-4dd9-bced-0327f0f4e061",
        "countryCode": "643",
        "activityDiscontinued": false
    },
    {
        "guid": "979300b4-d82b-11e8-80bb-08002789bf51",
        "archive": false,
        "dateOutputArchive": "0001-01-01T00:00:00Z",
        "thisGroup": false,
        "parent": "78ddac9c-ca67-11e5-826c-605718cb5baa",
        "bic": "040407523",
        "swift": "",
        "name": "АО АИКБ \"ЕНИСЕЙСКИЙ ОБЪЕДИНЕННЫЙ БАНК\"",
        "corrAccount": "30101810650040000523",
        "address": "УЛ КАРЛА МАРКСА, 62",
        "city": "Г. КРАСНОЯРСК",
        "phones": "(391)2770000",
        "country": "4e127564-d74f-4dd9-bced-0327f0f4e061",
        "countryCode": "643",
        "activityDiscontinued": false
    },
    {
        "guid": "979300b5-d82b-11e8-80bb-08002789bf51",
        "archive": false,
        "dateOutputArchive": "0001-01-01T00:00:00Z",
        "thisGroup": false,
        "parent": "e8b01830-ca8b-11e5-826c-605718cb5baa",
        "bic": "041403725",
        "swift": "",
        "name": "ООО \"Осколбанк\"",
        "corrAccount": "30101810745250000725",
        "address": "Г. СТАРЫЙ ОСКОЛ, М-Н ОЛИМПИЙСК",
        "city": "Г. СТАРЫЙ ОСКОЛ",
        "phones": "",
        "country": "4e127564-d74f-4dd9-bced-0327f0f4e061",
        "countryCode": "643",
        "activityDiscontinued": false
    },
    {
        "guid": "979300b6-d82b-11e8-80bb-08002789bf51",
        "archive": false,
        "dateOutputArchive": "0001-01-01T00:00:00Z",
        "thisGroup": false,
        "parent": "78ddabe1-ca67-11e5-826c-605718cb5baa",
        "bic": "044030707",
        "swift": "VTBRRUM2SP3",
        "name": "ФИЛИАЛ № 7806 БАНКА ВТБ (ПАО)",
        "corrAccount": "30101810240300000707",
        "address": "УЛ Б. МОРСКАЯ, 29 ЛИТ А",
        "city": "Г. САНКТ-ПЕТЕРБУРГ",
        "phones": "(812)3241214",
        "country": "4e127564-d74f-4dd9-bced-0327f0f4e061",
        "countryCode": "643",
        "activityDiscontinued": false
    },
    {
        "guid": "979300b7-d82b-11e8-80bb-08002789bf51",
        "archive": false,
        "dateOutputArchive": "0001-01-01T00:00:00Z",
        "thisGroup": false,
        "parent": "78ddac09-ca67-11e5-826c-605718cb5baa",
        "bic": "046577916",
        "swift": "",
        "name": "ФИЛИАЛ \"НОВОУРАЛЬСКИЙ\" ПАО КБ \"УБРИР\"",
        "corrAccount": "30101810365770000916",
        "address": "УЛ ДЗЕРЖИНСКОГО, 16",
        "city": "Г. НОВОУРАЛЬСК",
        "phones": "(34370)25591",
        "country": "4e127564-d74f-4dd9-bced-0327f0f4e061",
        "countryCode": "643",
        "activityDiscontinued": false
    },
    {
        "guid": "78ddabd9-ca67-11e5-826c-605718cb5baa",
        "archive": "",
        "dateOutputArchive": "",
        "thisGroup": true,
        "parent": "00000000-0000-0000-0000-000000000000",
        "bic": "90       ",
        "swift": "",
        "name": "РЕСПУБЛИКА СЕВЕРНАЯ ОСЕТИЯ-АЛАНИЯ",
        "corrAccount": "",
        "address": "",
        "city": "",
        "phones": "",
        "country": "",
        "countryCode": "",
        "activityDiscontinued": ""
    },
    {
        "guid": "979300b8-d82b-11e8-80bb-08002789bf51",
        "archive": false,
        "dateOutputArchive": "0001-01-01T00:00:00Z",
        "thisGroup": false,
        "parent": "78ddabdf-ca67-11e5-826c-605718cb5baa",
        "bic": "049246691",
        "swift": "",
        "name": "АБ \"ДЕВОН-КРЕДИТ\" (ПАО)",
        "corrAccount": "30101810722029246691",
        "address": "УЛ ЛЕНИНА, 77",
        "city": "Г. АЛЬМЕТЬЕВСК",
        "phones": "(8553)456777",
        "country": "4e127564-d74f-4dd9-bced-0327f0f4e061",
        "countryCode": "643",
        "activityDiscontinued": false
    },
    {
        "guid": "979300b9-d82b-11e8-80bb-08002789bf51",
        "archive": false,
        "dateOutputArchive": "0001-01-01T00:00:00Z",
        "thisGroup": false,
        "parent": "78ddabe5-ca67-11e5-826c-605718cb5baa",
        "bic": "044525806",
        "swift": "",
        "name": "ФИЛИАЛ \"МОСКОВСКИЙ\" КБ \"СПУТНИК\" (ПАО)",
        "corrAccount": "30101810145250000806",
        "address": "ЛЯЛИН ПЕР, 19-1",
        "city": "Г. МОСКВА",
        "phones": "(495)5891084",
        "country": "4e127564-d74f-4dd9-bced-0327f0f4e061",
        "countryCode": "643",
        "activityDiscontinued": false
    },
    {
        "guid": "979300ba-d82b-11e8-80bb-08002789bf51",
        "archive": false,
        "dateOutputArchive": "0001-01-01T00:00:00Z",
        "thisGroup": false,
        "parent": "78ddaccd-ca67-11e5-826c-605718cb5baa",
        "bic": "045209702",
        "swift": "",
        "name": "АО \"ИТ Банк\"",
        "corrAccount": "30101810750045209702",
        "address": "УЛ. ДУМСКАЯ, 7",
        "city": "Г. ОМСК",
        "phones": "",
        "country": "4e127564-d74f-4dd9-bced-0327f0f4e061",
        "countryCode": "643",
        "activityDiscontinued": false
    },
    {
        "guid": "979300bb-d82b-11e8-80bb-08002789bf51",
        "archive": false,
        "dateOutputArchive": "0001-01-01T00:00:00Z",
        "thisGroup": false,
        "parent": "78ddaccd-ca67-11e5-826c-605718cb5baa",
        "bic": "045209701",
        "swift": "",
        "name": "АО \"Эксперт Банк\"",
        "corrAccount": "30101810450045209701",
        "address": "УЛ. МАРШАЛА ЖУКОВА, ДОМ 107",
        "city": "Г. ОМСК",
        "phones": "",
        "country": "4e127564-d74f-4dd9-bced-0327f0f4e061",
        "countryCode": "643",
        "activityDiscontinued": false
    },
    {
        "guid": "979300bc-d82b-11e8-80bb-08002789bf51",
        "archive": false,
        "dateOutputArchive": "0001-01-01T00:00:00Z",
        "thisGroup": false,
        "parent": "78ddac09-ca67-11e5-826c-605718cb5baa",
        "bic": "046577743",
        "swift": "",
        "name": "ФИЛИАЛ \"ДЕЛО\" ПАО \"СКБ-БАНК\"",
        "corrAccount": "30101810965770000743",
        "address": "УЛ КУЙБЫШЕВА, 58",
        "city": "Г. ЕКАТЕРИНБУРГ",
        "phones": "(343)3557000",
        "country": "4e127564-d74f-4dd9-bced-0327f0f4e061",
        "countryCode": "643",
        "activityDiscontinued": false
    },
    {
        "guid": "979300bd-d82b-11e8-80bb-08002789bf51",
        "archive": false,
        "dateOutputArchive": "0001-01-01T00:00:00Z",
        "thisGroup": false,
        "parent": "78ddaccd-ca67-11e5-826c-605718cb5baa",
        "bic": "045209703",
        "swift": "",
        "name": "КУ АО \"Мираф-Банк\" - ГК \"АСВ\"",
        "corrAccount": "30101810050045209703",
        "address": "УЛ. ФРУНЗЕ, Д.54",
        "city": "Г. ОМСК",
        "phones": "",
        "country": "4e127564-d74f-4dd9-bced-0327f0f4e061",
        "countryCode": "643",
        "activityDiscontinued": false
    },
    {
        "guid": "9d8e68cb-d82b-11e8-80bb-08002789bf51",
        "archive": false,
        "dateOutputArchive": "0001-01-01T00:00:00Z",
        "thisGroup": false,
        "parent": "78ddac21-ca67-11e5-826c-605718cb5baa",
        "bic": "042202761",
        "swift": "",
        "name": "Ф. АКБ \"ФОРА-БАНК\" (АО) В Г. НИЖНИЙ НОВГОРОД",
        "corrAccount": "30101810822020000761",
        "address": "УЛ КОВАЛИХИНСКАЯ, 8",
        "city": "Г. НИЖНИЙ НОВГОРОД",
        "phones": "(831)2161801,2161802",
        "country": "4e127564-d74f-4dd9-bced-0327f0f4e061",
        "countryCode": "643",
        "activityDiscontinued": false
    },
    {
        "guid": "9d8e68cc-d82b-11e8-80bb-08002789bf51",
        "archive": false,
        "dateOutputArchive": "0001-01-01T00:00:00Z",
        "thisGroup": false,
        "parent": "78ddac67-ca67-11e5-826c-605718cb5baa",
        "bic": "045773804",
        "swift": "",
        "name": "ФИЛИАЛ \"ЛЫСЬВА\" АО АКБ \"АЛЕФ-БАНК\"",
        "corrAccount": "30101810965775700804",
        "address": "ПОЖАРСКОГО, Д.8",
        "city": "Г. ЛЫСЬВА",
        "phones": "",
        "country": "4e127564-d74f-4dd9-bced-0327f0f4e061",
        "countryCode": "643",
        "activityDiscontinued": false
    },
    {
        "guid": "9d8e68cd-d82b-11e8-80bb-08002789bf51",
        "archive": false,
        "dateOutputArchive": "0001-01-01T00:00:00Z",
        "thisGroup": false,
        "parent": "78ddac21-ca67-11e5-826c-605718cb5baa",
        "bic": "042202717",
        "swift": "",
        "name": "ФИЛИАЛ №10 ПАО КБ \"ЦЕНТР-ИНВЕСТ\"",
        "corrAccount": "30101810122020000717",
        "address": "УЛ КОМИНТЕРНА, 139",
        "city": "Г. НИЖНИЙ НОВГОРОД",
        "phones": "(831)4391708",
        "country": "4e127564-d74f-4dd9-bced-0327f0f4e061",
        "countryCode": "643",
        "activityDiscontinued": false
    },
    {
        "guid": "9d8e68ce-d82b-11e8-80bb-08002789bf51",
        "archive": false,
        "dateOutputArchive": "0001-01-01T00:00:00Z",
        "thisGroup": false,
        "parent": "78ddac21-ca67-11e5-826c-605718cb5baa",
        "bic": "042202716",
        "swift": "",
        "name": "НИЖЕГОРОДСКИЙ Ф БАНКА\"ВОЗРОЖДЕНИЕ\"(ПАО)",
        "corrAccount": "30101810822020000716",
        "address": "УЛ БЕЛИНСКОГО, 106 А",
        "city": "Г. НИЖНИЙ НОВГОРОД",
        "phones": "(831)2787662,2783935",
        "country": "4e127564-d74f-4dd9-bced-0327f0f4e061",
        "countryCode": "643",
        "activityDiscontinued": false
    },
    {
        "guid": "9d8e68cf-d82b-11e8-80bb-08002789bf51",
        "archive": false,
        "dateOutputArchive": "0001-01-01T00:00:00Z",
        "thisGroup": false,
        "parent": "78ddac21-ca67-11e5-826c-605718cb5baa",
        "bic": "042202712",
        "swift": "",
        "name": "НИЖЕГОРОДСКИЙ ФИЛИАЛ АКБ \"ЛАНТА-БАНК\" (АО)",
        "corrAccount": "30101810622020000712",
        "address": "МЕЩЕРСКИЙ Б-Р, 3, К 1",
        "city": "Г. НИЖНИЙ НОВГОРОД",
        "phones": "(831)2208322,2208320",
        "country": "4e127564-d74f-4dd9-bced-0327f0f4e061",
        "countryCode": "643",
        "activityDiscontinued": false
    },
    {
        "guid": "9d8e68d0-d82b-11e8-80bb-08002789bf51",
        "archive": false,
        "dateOutputArchive": "0001-01-01T00:00:00Z",
        "thisGroup": false,
        "parent": "78ddac17-ca67-11e5-826c-605718cb5baa",
        "bic": "046015707",
        "swift": "",
        "name": "ВОЛГОДОНСКИЙ ф Банка \"Возрождение\" (ПАО)",
        "corrAccount": "30101810060150000707",
        "address": "БУЛ. ВЕЛИКОЙ ПОБЕДЫ, ДОМ №38А",
        "city": "Г. ВОЛГОДОНСК",
        "phones": "",
        "country": "4e127564-d74f-4dd9-bced-0327f0f4e061",
        "countryCode": "643",
        "activityDiscontinued": false
    },
    {
        "guid": "9d8e68d1-d82b-11e8-80bb-08002789bf51",
        "archive": false,
        "dateOutputArchive": "0001-01-01T00:00:00Z",
        "thisGroup": false,
        "parent": "78ddac21-ca67-11e5-826c-605718cb5baa",
        "bic": "042202718",
        "swift": "",
        "name": "ПАО \"САРОВБИЗНЕСБАНК\"",
        "corrAccount": "30101810422020000718",
        "address": "УЛ СИЛКИНА, 13",
        "city": "Г. САРОВ",
        "phones": "(831)4307478,(83130)33640",
        "country": "4e127564-d74f-4dd9-bced-0327f0f4e061",
        "countryCode": "643",
        "activityDiscontinued": false
    },
    {
        "guid": "9d8e68d2-d82b-11e8-80bb-08002789bf51",
        "archive": false,
        "dateOutputArchive": "0001-01-01T00:00:00Z",
        "thisGroup": false,
        "parent": "78ddac21-ca67-11e5-826c-605718cb5baa",
        "bic": "042202727",
        "swift": "",
        "name": "ПАО КОМБАНК \"ХИМИК\"",
        "corrAccount": "30101810222020000727",
        "address": "УЛ УРИЦКОГО, 10 Б",
        "city": "Г. ДЗЕРЖИНСК",
        "phones": "(8313)261608,251126",
        "country": "4e127564-d74f-4dd9-bced-0327f0f4e061",
        "countryCode": "643",
        "activityDiscontinued": false
    },
    {
        "guid": "9d8e68d3-d82b-11e8-80bb-08002789bf51",
        "archive": false,
        "dateOutputArchive": "0001-01-01T00:00:00Z",
        "thisGroup": false,
        "parent": "78ddabe5-ca67-11e5-826c-605718cb5baa",
        "bic": "044525420",
        "swift": "",
        "name": "Ф РОКЕТБАНК КИВИ БАНК (АО)",
        "corrAccount": "30101810945250000420",
        "address": "УЛ ПАЛИХА, 10, СТР 5",
        "city": "Г. МОСКВА",
        "phones": "(495)2313645",
        "country": "4e127564-d74f-4dd9-bced-0327f0f4e061",
        "countryCode": "643",
        "activityDiscontinued": false
    },
    {
        "guid": "78ddabda-ca67-11e5-826c-605718cb5baa",
        "archive": false,
        "dateOutputArchive": "0001-01-01T00:00:00Z",
        "thisGroup": false,
        "parent": "78ddabd9-ca67-11e5-826c-605718cb5baa",
        "bic": "049033736",
        "swift": "",
        "name": "СКФ ПАО АКБ \"ИРОНБАНК\"",
        "corrAccount": "30101810800000000736",
        "address": "",
        "city": "Г. ВЛАДИКАВКАЗ",
        "phones": "",
        "country": "00000000-0000-0000-0000-000000000000",
        "countryCode": "",
        "activityDiscontinued": true
    },
    {
        "guid": "9d8e68d4-d82b-11e8-80bb-08002789bf51",
        "archive": false,
        "dateOutputArchive": "0001-01-01T00:00:00Z",
        "thisGroup": false,
        "parent": "78ddac21-ca67-11e5-826c-605718cb5baa",
        "bic": "042202731",
        "swift": "",
        "name": "АО КОМБАНК \"АРЗАМАС\"",
        "corrAccount": "30101810522020000731",
        "address": "УЛ КИРОВА, 33",
        "city": "Г. АРЗАМАС",
        "phones": "(83147)70224,70177",
        "country": "4e127564-d74f-4dd9-bced-0327f0f4e061",
        "countryCode": "643",
        "activityDiscontinued": false
    },
    {
        "guid": "9d8e68d5-d82b-11e8-80bb-08002789bf51",
        "archive": false,
        "dateOutputArchive": "0001-01-01T00:00:00Z",
        "thisGroup": false,
        "parent": "78ddabe5-ca67-11e5-826c-605718cb5baa",
        "bic": "044525864",
        "swift": "",
        "name": "МОСКОВСКИЙ ФИЛИАЛ АО АКБ \"ГАЗБАНК\"",
        "corrAccount": "30101810145250000864",
        "address": "УЛ БРЯНСКАЯ, 5",
        "city": "Г. МОСКВА",
        "phones": "(495)3639438",
        "country": "4e127564-d74f-4dd9-bced-0327f0f4e061",
        "countryCode": "643",
        "activityDiscontinued": true
    },
    {
        "guid": "9d8e68d6-d82b-11e8-80bb-08002789bf51",
        "archive": false,
        "dateOutputArchive": "0001-01-01T00:00:00Z",
        "thisGroup": false,
        "parent": "78ddabe5-ca67-11e5-826c-605718cb5baa",
        "bic": "044525797",
        "swift": "",
        "name": "Ф ТОЧКА БАНК КИВИ БАНК (АО)",
        "corrAccount": "30101810445250000797",
        "address": "УЛ СПИРИДОНОВКА, 4, СТР 2",
        "city": "Г. МОСКВА",
        "phones": "(495)2313645",
        "country": "4e127564-d74f-4dd9-bced-0327f0f4e061",
        "countryCode": "643",
        "activityDiscontinued": false
    },
    {
        "guid": "9d8e68d7-d82b-11e8-80bb-08002789bf51",
        "archive": false,
        "dateOutputArchive": "0001-01-01T00:00:00Z",
        "thisGroup": false,
        "parent": "78ddac9c-ca67-11e5-826c-605718cb5baa",
        "bic": "040407404",
        "swift": "",
        "name": "ФПАО \"ДАЛЬНЕВОСТОЧНЫЙ БАНК\" \"КРАСНОЯРСКИЙ\"",
        "corrAccount": "30101810850040000404",
        "address": "УЛ МОЛОКОВА, 1, К 4",
        "city": "Г. КРАСНОЯРСК",
        "phones": "(391)2773071",
        "country": "4e127564-d74f-4dd9-bced-0327f0f4e061",
        "countryCode": "643",
        "activityDiscontinued": false
    },
    {
        "guid": "9d8e68d8-d82b-11e8-80bb-08002789bf51",
        "archive": false,
        "dateOutputArchive": "0001-01-01T00:00:00Z",
        "thisGroup": false,
        "parent": "78ddad0a-ca67-11e5-826c-605718cb5baa",
        "bic": "047144778",
        "swift": "",
        "name": "СФ АО БАНК \"СНГБ\"",
        "corrAccount": "30101810165777100778",
        "address": "УЛ ГУБКИНА, 15 А",
        "city": "Г. СУРГУТ",
        "phones": "(3462)398700",
        "country": "4e127564-d74f-4dd9-bced-0327f0f4e061",
        "countryCode": "643",
        "activityDiscontinued": false
    },
    {
        "guid": "9d8e68d9-d82b-11e8-80bb-08002789bf51",
        "archive": false,
        "dateOutputArchive": "0001-01-01T00:00:00Z",
        "thisGroup": false,
        "parent": "78ddabf2-ca67-11e5-826c-605718cb5baa",
        "bic": "043601968",
        "swift": "VTBRRUM2SA3",
        "name": "ФИЛИАЛ № 6318 БАНКА ВТБ (ПАО)",
        "corrAccount": "30101810422023601968",
        "address": "УЛ МОЛОДОГВАРДЕЙСКАЯ, 204",
        "city": "Г. САМАРА",
        "phones": "(846)2696824,2696834",
        "country": "4e127564-d74f-4dd9-bced-0327f0f4e061",
        "countryCode": "643",
        "activityDiscontinued": false
    },
    {
        "guid": "9d8e68da-d82b-11e8-80bb-08002789bf51",
        "archive": false,
        "dateOutputArchive": "0001-01-01T00:00:00Z",
        "thisGroup": false,
        "parent": "78ddabf2-ca67-11e5-826c-605718cb5baa",
        "bic": "043601975",
        "swift": "",
        "name": "ООО \"РУСФИНАНС БАНК\"",
        "corrAccount": "30101810622023601975",
        "address": "УЛ ЧЕРНОРЕЧЕНСКАЯ, 42 А",
        "city": "Г. САМАРА",
        "phones": "(846)2696911,2694411",
        "country": "4e127564-d74f-4dd9-bced-0327f0f4e061",
        "countryCode": "643",
        "activityDiscontinued": false
    },
    {
        "guid": "9d8e68db-d82b-11e8-80bb-08002789bf51",
        "archive": false,
        "dateOutputArchive": "0001-01-01T00:00:00Z",
        "thisGroup": false,
        "parent": "78ddabf7-ca67-11e5-826c-605718cb5baa",
        "bic": "045354880",
        "swift": "",
        "name": "ГК \"АСВ\" - КУ АО \"НСТ-БАНК\"",
        "corrAccount": "30101810265775300880",
        "address": "ВИЛОНОВСКАЯ УЛ, 138",
        "city": "Г. САМАРА",
        "phones": "",
        "country": "4e127564-d74f-4dd9-bced-0327f0f4e061",
        "countryCode": "643",
        "activityDiscontinued": false
    },
    {
        "guid": "9d8e68dc-d82b-11e8-80bb-08002789bf51",
        "archive": false,
        "dateOutputArchive": "0001-01-01T00:00:00Z",
        "thisGroup": false,
        "parent": "78ddabe7-ca67-11e5-826c-605718cb5baa",
        "bic": "040507595",
        "swift": "",
        "name": "АО \"СОЛИД БАНК\"",
        "corrAccount": "30101810205070000595",
        "address": "УЛ АДМИРАЛА ФОКИНА, 25",
        "city": "Г. ВЛАДИВОСТОК",
        "phones": "(423)2265722,(423)2469293",
        "country": "4e127564-d74f-4dd9-bced-0327f0f4e061",
        "countryCode": "643",
        "activityDiscontinued": false
    },
    {
        "guid": "9d8e68dd-d82b-11e8-80bb-08002789bf51",
        "archive": false,
        "dateOutputArchive": "0001-01-01T00:00:00Z",
        "thisGroup": false,
        "parent": "78ddabe1-ca67-11e5-826c-605718cb5baa",
        "bic": "044030830",
        "swift": "",
        "name": "СПБ. Ф. АО БАНК \"НАЦИОНАЛЬНЫЙ СТАНДАРТ\"",
        "corrAccount": "30101810340300000830",
        "address": "УЛ. ЧАЙКОВСКОГО, Д. 39, ЛИТ А",
        "city": "Г. САНКТ-ПЕТЕРБУРГ",
        "phones": "(812)4493155",
        "country": "4e127564-d74f-4dd9-bced-0327f0f4e061",
        "countryCode": "643",
        "activityDiscontinued": false
    },
    {
        "guid": "9d8e68de-d82b-11e8-80bb-08002789bf51",
        "archive": false,
        "dateOutputArchive": "0001-01-01T00:00:00Z",
        "thisGroup": false,
        "parent": "78ddabeb-ca67-11e5-826c-605718cb5baa",
        "bic": "040708735",
        "swift": "",
        "name": "ФИЛИАЛ В Г. ЕССЕНТУКИ АКБ \"ЛАНТА-БАНК\" (АО)",
        "corrAccount": "30101810007080000735",
        "address": "УЛ СОВЕТСКАЯ, 20 Б",
        "city": "Г. ЕССЕНТУКИ",
        "phones": "(87934)54547,54371",
        "country": "4e127564-d74f-4dd9-bced-0327f0f4e061",
        "countryCode": "643",
        "activityDiscontinued": false
    },
    {
        "guid": "9d8e68df-d82b-11e8-80bb-08002789bf51",
        "archive": false,
        "dateOutputArchive": "0001-01-01T00:00:00Z",
        "thisGroup": false,
        "parent": "78ddac72-ca67-11e5-826c-605718cb5baa",
        "bic": "041806745",
        "swift": "",
        "name": "Урюпинский филиал ПАО КБ \"Сельмашбанк\"",
        "corrAccount": "30101810518060000745",
        "address": "УЛ. ШТЕМЕНКО, 47/3",
        "city": "Г. УРЮПИНСК",
        "phones": "",
        "country": "4e127564-d74f-4dd9-bced-0327f0f4e061",
        "countryCode": "643",
        "activityDiscontinued": false
    },
    {
        "guid": "9d8e68e0-d82b-11e8-80bb-08002789bf51",
        "archive": false,
        "dateOutputArchive": "0001-01-01T00:00:00Z",
        "thisGroup": false,
        "parent": "78ddac72-ca67-11e5-826c-605718cb5baa",
        "bic": "041806730",
        "swift": "",
        "name": "Ликвидатор АО КБ \"Михайловский ПЖСБ\"",
        "corrAccount": "30101810918060000730",
        "address": "УЛИЦА ОБОРОНЫ, 44 \"А\"",
        "city": "Г. МИХАЙЛОВКА",
        "phones": "",
        "country": "4e127564-d74f-4dd9-bced-0327f0f4e061",
        "countryCode": "643",
        "activityDiscontinued": false
    },
    {
        "guid": "9d8e68e1-d82b-11e8-80bb-08002789bf51",
        "archive": false,
        "dateOutputArchive": "0001-01-01T00:00:00Z",
        "thisGroup": false,
        "parent": "78ddabe5-ca67-11e5-826c-605718cb5baa",
        "bic": "044525941",
        "swift": "",
        "name": "\"УМ-БАНК\" ООО",
        "corrAccount": "30101810945250000941",
        "address": "УЛ Б. ОРДЫНКА, 59, СТР 2",
        "city": "Г. МОСКВА",
        "phones": "(495)2123020",
        "country": "4e127564-d74f-4dd9-bced-0327f0f4e061",
        "countryCode": "643",
        "activityDiscontinued": false
    },
    {
        "guid": "9d8e68e2-d82b-11e8-80bb-08002789bf51",
        "archive": false,
        "dateOutputArchive": "0001-01-01T00:00:00Z",
        "thisGroup": false,
        "parent": "78ddac72-ca67-11e5-826c-605718cb5baa",
        "bic": "041806717",
        "swift": "",
        "name": "ЮЖНЫЙ ФИЛИАЛ АО БАНК \"НАЦИОНАЛЬНЫЙ СТАНДАРТ\"",
        "corrAccount": "30101810818060000717",
        "address": "УЛ ИМ. ГАГАРИНА, 7",
        "city": "Г. ВОЛГОГРАД",
        "phones": "(8442)995000",
        "country": "4e127564-d74f-4dd9-bced-0327f0f4e061",
        "countryCode": "643",
        "activityDiscontinued": true
    },
    {
        "guid": "78ddabdb-ca67-11e5-826c-605718cb5baa",
        "archive": "",
        "dateOutputArchive": "",
        "thisGroup": true,
        "parent": "00000000-0000-0000-0000-000000000000",
        "bic": "32       ",
        "swift": "",
        "name": "КЕМЕРОВСКАЯ ОБЛАСТЬ",
        "corrAccount": "",
        "address": "",
        "city": "",
        "phones": "",
        "country": "",
        "countryCode": "",
        "activityDiscontinued": ""
    },
    {
        "guid": "a38a1a95-d82b-11e8-80bb-08002789bf51",
        "archive": false,
        "dateOutputArchive": "0001-01-01T00:00:00Z",
        "thisGroup": false,
        "parent": "78ddac17-ca67-11e5-826c-605718cb5baa",
        "bic": "046015846",
        "swift": "",
        "name": "КУ ОАО КБ \"МАКСИМУМ\" - ГК \"АСВ\"",
        "corrAccount": "30101810060150000846",
        "address": "УЛ. ВЫСОЦКОГО, Д.4",
        "city": "Г. МОСКВА",
        "phones": "",
        "country": "4e127564-d74f-4dd9-bced-0327f0f4e061",
        "countryCode": "643",
        "activityDiscontinued": false
    },
    {
        "guid": "a38a1a96-d82b-11e8-80bb-08002789bf51",
        "archive": false,
        "dateOutputArchive": "0001-01-01T00:00:00Z",
        "thisGroup": false,
        "parent": "78ddac14-ca67-11e5-826c-605718cb5baa",
        "bic": "047601205",
        "swift": "",
        "name": "ООО КБ \"ЦЕНТРАЛЬНО-ЕВРОПЕЙСКИЙ БАНК\"",
        "corrAccount": "30101810950040000205",
        "address": "УЛ БАБУШКИНА, 108",
        "city": "Г. ЧИТА",
        "phones": "(3022)211502",
        "country": "4e127564-d74f-4dd9-bced-0327f0f4e061",
        "countryCode": "643",
        "activityDiscontinued": false
    },
    {
        "guid": "78ddabf7-ca67-11e5-826c-605718cb5baa",
        "archive": "",
        "dateOutputArchive": "",
        "thisGroup": true,
        "parent": "00000000-0000-0000-0000-000000000000",
        "bic": "53       ",
        "swift": "",
        "name": "ОРЕНБУРГСКАЯ ОБЛАСТЬ",
        "corrAccount": "",
        "address": "",
        "city": "",
        "phones": "",
        "country": "",
        "countryCode": "",
        "activityDiscontinued": ""
    },
    {
        "guid": "a38a1a97-d82b-11e8-80bb-08002789bf51",
        "archive": false,
        "dateOutputArchive": "0001-01-01T00:00:00Z",
        "thisGroup": false,
        "parent": "78ddac17-ca67-11e5-826c-605718cb5baa",
        "bic": "046015835",
        "swift": "",
        "name": "КУ ООО \"РУССКИЙ НАЦИОНАЛЬНЫЙ БАНК\" - ГК \"АСВ\"",
        "corrAccount": "30101810660150000835",
        "address": "УЛ ВЫСОЦКОГО, 4 ТЕЛ.(495)96125",
        "city": "Г. МОСКВА",
        "phones": "(863)2999413,2999418",
        "country": "4e127564-d74f-4dd9-bced-0327f0f4e061",
        "countryCode": "643",
        "activityDiscontinued": false
    },
    {
        "guid": "a38a1a98-d82b-11e8-80bb-08002789bf51",
        "archive": false,
        "dateOutputArchive": "0001-01-01T00:00:00Z",
        "thisGroup": false,
        "parent": "78ddabe5-ca67-11e5-826c-605718cb5baa",
        "bic": "044525535",
        "swift": "",
        "name": "КУ АБ \"АЛДАНЗОЛОТОБАНК\" АО - ГК \"АСВ\"",
        "corrAccount": "30101810445250000535",
        "address": "УЛ. ВЫСОЦКОГО, Д. 4",
        "city": "Г. МОСКВА",
        "phones": "",
        "country": "4e127564-d74f-4dd9-bced-0327f0f4e061",
        "countryCode": "643",
        "activityDiscontinued": false
    },
    {
        "guid": "a38a1a99-d82b-11e8-80bb-08002789bf51",
        "archive": false,
        "dateOutputArchive": "0001-01-01T00:00:00Z",
        "thisGroup": false,
        "parent": "78ddac21-ca67-11e5-826c-605718cb5baa",
        "bic": "042202812",
        "swift": "",
        "name": "ВЫКСУНСКИЙ Ф-Л ПАО АКБ \"МЕТАЛЛИНВЕСТБАНК\"",
        "corrAccount": "30101810522020000812",
        "address": "ПЛ ОКТЯБРЬСКОЙ РЕВОЛЮЦИИ, 48",
        "city": "Г. ВЫКСА",
        "phones": "(83177)35825,31157",
        "country": "4e127564-d74f-4dd9-bced-0327f0f4e061",
        "countryCode": "643",
        "activityDiscontinued": false
    },
    {
        "guid": "a38a1a9a-d82b-11e8-80bb-08002789bf51",
        "archive": false,
        "dateOutputArchive": "0001-01-01T00:00:00Z",
        "thisGroup": false,
        "parent": "78ddac07-ca67-11e5-826c-605718cb5baa",
        "bic": "045004893",
        "swift": "",
        "name": "НОВОСИБИРСКИЙ Ф-Л НКО \"ИНКАХРАН\"(АО)",
        "corrAccount": "30103810950040000893",
        "address": "УЛ 2-Я СОЮЗА МОЛОДЕЖИ, 31",
        "city": "Г. НОВОСИБИРСК",
        "phones": "(383)2260797,2269768",
        "country": "4e127564-d74f-4dd9-bced-0327f0f4e061",
        "countryCode": "643",
        "activityDiscontinued": false
    },
    {
        "guid": "a38a1a9b-d82b-11e8-80bb-08002789bf51",
        "archive": false,
        "dateOutputArchive": "0001-01-01T00:00:00Z",
        "thisGroup": false,
        "parent": "78ddac07-ca67-11e5-826c-605718cb5baa",
        "bic": "045004883",
        "swift": "",
        "name": "СИБИРСКИЙ ФИЛИАЛ АО \"БАНК ИНТЕЗА\"",
        "corrAccount": "30101810250040000883",
        "address": "УЛ ОКТЯБРЬСКАЯ, 49",
        "city": "Г. НОВОСИБИРСК",
        "phones": "(383)2278193",
        "country": "4e127564-d74f-4dd9-bced-0327f0f4e061",
        "countryCode": "643",
        "activityDiscontinued": false
    },
    {
        "guid": "a38a1a9c-d82b-11e8-80bb-08002789bf51",
        "archive": false,
        "dateOutputArchive": "0001-01-01T00:00:00Z",
        "thisGroup": false,
        "parent": "78ddac07-ca67-11e5-826c-605718cb5baa",
        "bic": "045004876",
        "swift": "",
        "name": "НОВОСИБИРСКИЙ ФИЛИАЛ ПАО \"МТС-БАНК\"",
        "corrAccount": "30101810050040000876",
        "address": "УЛ. НИЖЕГОРОДСКАЯ, 4",
        "city": "Г. НОВОСИБИРСК",
        "phones": "(383)3251781",
        "country": "4e127564-d74f-4dd9-bced-0327f0f4e061",
        "countryCode": "643",
        "activityDiscontinued": false
    },
    {
        "guid": "a38a1a9d-d82b-11e8-80bb-08002789bf51",
        "archive": false,
        "dateOutputArchive": "0001-01-01T00:00:00Z",
        "thisGroup": false,
        "parent": "78ddac07-ca67-11e5-826c-605718cb5baa",
        "bic": "045004861",
        "swift": "",
        "name": "ФИЛИАЛ ООО \"ЭКСПОБАНК\" В Г.НОВОСИБИРСКЕ",
        "corrAccount": "30101810450040000861",
        "address": "КРАСНЫЙ ПР-Т, 25",
        "city": "Г. НОВОСИБИРСК",
        "phones": "(383)2105207",
        "country": "4e127564-d74f-4dd9-bced-0327f0f4e061",
        "countryCode": "643",
        "activityDiscontinued": false
    },
    {
        "guid": "a38a1a9e-d82b-11e8-80bb-08002789bf51",
        "archive": false,
        "dateOutputArchive": "0001-01-01T00:00:00Z",
        "thisGroup": false,
        "parent": "78ddac07-ca67-11e5-826c-605718cb5baa",
        "bic": "045004864",
        "swift": "",
        "name": "СИБИРСКИЙ ФИЛИАЛ АО КБ \"МОДУЛЬБАНК\"",
        "corrAccount": "30101810350040000864",
        "address": "УЛ ПЛАНЕТНАЯ, 30",
        "city": "Г. НОВОСИБИРСК",
        "phones": "(383)3250606,3251575",
        "country": "4e127564-d74f-4dd9-bced-0327f0f4e061",
        "countryCode": "643",
        "activityDiscontinued": false
    },
    {
        "guid": "a38a1a9f-d82b-11e8-80bb-08002789bf51",
        "archive": false,
        "dateOutputArchive": "0001-01-01T00:00:00Z",
        "thisGroup": false,
        "parent": "78ddabf2-ca67-11e5-826c-605718cb5baa",
        "bic": "043601875",
        "swift": "",
        "name": "САМАРСКИЙ ФИЛИАЛ ТКБ БАНК ПАО",
        "corrAccount": "30101810722023601875",
        "address": "УЛ СТАРА ЗАГОРА, 52",
        "city": "Г. САМАРА",
        "phones": "(846)9338233,2280135",
        "country": "4e127564-d74f-4dd9-bced-0327f0f4e061",
        "countryCode": "643",
        "activityDiscontinued": false
    },
    {
        "guid": "a38a1aa0-d82b-11e8-80bb-08002789bf51",
        "archive": false,
        "dateOutputArchive": "0001-01-01T00:00:00Z",
        "thisGroup": false,
        "parent": "78ddabf2-ca67-11e5-826c-605718cb5baa",
        "bic": "043601845",
        "swift": "",
        "name": "САМАРСКИЙ ФИЛИАЛ БАНКА СОЮЗ (АО)",
        "corrAccount": "30101810422023601845",
        "address": "УЛ КРАСНОАРМЕЙСКАЯ, 75",
        "city": "Г. САМАРА",
        "phones": "(846)2311251,2311259",
        "country": "4e127564-d74f-4dd9-bced-0327f0f4e061",
        "countryCode": "643",
        "activityDiscontinued": false
    },
    {
        "guid": "a38a1aa1-d82b-11e8-80bb-08002789bf51",
        "archive": false,
        "dateOutputArchive": "0001-01-01T00:00:00Z",
        "thisGroup": false,
        "parent": "78ddabf2-ca67-11e5-826c-605718cb5baa",
        "bic": "043601842",
        "swift": "",
        "name": "АО КБ \"НИБ\"",
        "corrAccount": "30101810522023601842",
        "address": "УЛ ФРУНЗЕ, 102",
        "city": "Г. САМАРА",
        "phones": "(846)3425750,3425751",
        "country": "4e127564-d74f-4dd9-bced-0327f0f4e061",
        "countryCode": "643",
        "activityDiscontinued": false
    },
    {
        "guid": "a38a1aa2-d82b-11e8-80bb-08002789bf51",
        "archive": false,
        "dateOutputArchive": "0001-01-01T00:00:00Z",
        "thisGroup": false,
        "parent": "78ddac2f-ca67-11e5-826c-605718cb5baa",
        "bic": "040813708",
        "swift": "",
        "name": "ХАБАРОВСКИЙ ФИЛИАЛ ТКБ БАНК ПАО",
        "corrAccount": "30101810108130000708",
        "address": "УЛ КОМСОМОЛЬСКАЯ, 102",
        "city": "Г. ХАБАРОВСК",
        "phones": "(4212)910702",
        "country": "4e127564-d74f-4dd9-bced-0327f0f4e061",
        "countryCode": "643",
        "activityDiscontinued": false
    },
    {
        "guid": "78ddac1c-ca67-11e5-826c-605718cb5baa",
        "archive": false,
        "dateOutputArchive": "0001-01-01T00:00:00Z",
        "thisGroup": false,
        "parent": "78ddabe5-ca67-11e5-826c-605718cb5baa",
        "bic": "044525150",
        "swift": "",
        "name": "ФИЛИАЛ \"МОСКОВСКИЙ\" АО \"ФИА-БАНК\"",
        "corrAccount": "30101810545250000150",
        "address": "",
        "city": "Г. МОСКВА",
        "phones": "",
        "country": "00000000-0000-0000-0000-000000000000",
        "countryCode": "",
        "activityDiscontinued": true
    },
    {
        "guid": "a38a1aa3-d82b-11e8-80bb-08002789bf51",
        "archive": false,
        "dateOutputArchive": "0001-01-01T00:00:00Z",
        "thisGroup": false,
        "parent": "78ddac2f-ca67-11e5-826c-605718cb5baa",
        "bic": "040813713",
        "swift": "VTBRRUM2KH3",
        "name": "ФИЛИАЛ № 2754 БАНКА ВТБ (ПАО)",
        "corrAccount": "30101810708130000713",
        "address": "УЛ МУРАВЬЁВА-АМУРСКОГО, 18",
        "city": "Г. ХАБАРОВСК",
        "phones": "(4212)455455",
        "country": "4e127564-d74f-4dd9-bced-0327f0f4e061",
        "countryCode": "643",
        "activityDiscontinued": false
    },
    {
        "guid": "a38a1aa4-d82b-11e8-80bb-08002789bf51",
        "archive": false,
        "dateOutputArchive": "0001-01-01T00:00:00Z",
        "thisGroup": false,
        "parent": "78ddac09-ca67-11e5-826c-605718cb5baa",
        "bic": "046577501",
        "swift": "VTBRRUM2EK3",
        "name": "ФИЛИАЛ № 6602 БАНКА ВТБ (ПАО)",
        "corrAccount": "30101810165770000501",
        "address": "ПР-Т ЛЕНИНА, 27",
        "city": "Г. ЕКАТЕРИНБУРГ",
        "phones": "(343)3862400",
        "country": "4e127564-d74f-4dd9-bced-0327f0f4e061",
        "countryCode": "643",
        "activityDiscontinued": false
    },
    {
        "guid": "a38a1aa5-d82b-11e8-80bb-08002789bf51",
        "archive": false,
        "dateOutputArchive": "0001-01-01T00:00:00Z",
        "thisGroup": false,
        "parent": "78ddac09-ca67-11e5-826c-605718cb5baa",
        "bic": "046577507",
        "swift": "",
        "name": "ЕКАТЕРИНБУРГСКИЙ ФИЛИАЛ АБ \"РОССИЯ\"",
        "corrAccount": "30101810965770000507",
        "address": "УЛ МАМИНА-СИБИРЯКА, 145",
        "city": "Г. ЕКАТЕРИНБУРГ",
        "phones": "(343)2863760",
        "country": "4e127564-d74f-4dd9-bced-0327f0f4e061",
        "countryCode": "643",
        "activityDiscontinued": false
    },
    {
        "guid": "a38a1aa6-d82b-11e8-80bb-08002789bf51",
        "archive": false,
        "dateOutputArchive": "0001-01-01T00:00:00Z",
        "thisGroup": false,
        "parent": "78ddabf2-ca67-11e5-826c-605718cb5baa",
        "bic": "043601811",
        "swift": "",
        "name": "ООО \"ЗЕМСКИЙ БАНК\"",
        "corrAccount": "30101810922023601811",
        "address": "УЛ УЛЬЯНОВСКАЯ, 79",
        "city": "Г. СЫЗРАНЬ",
        "phones": "(8464)985454",
        "country": "4e127564-d74f-4dd9-bced-0327f0f4e061",
        "countryCode": "643",
        "activityDiscontinued": false
    },
    {
        "guid": "a38a1aa7-d82b-11e8-80bb-08002789bf51",
        "archive": false,
        "dateOutputArchive": "0001-01-01T00:00:00Z",
        "thisGroup": false,
        "parent": "78ddabfd-ca67-11e5-826c-605718cb5baa",
        "bic": "046311890",
        "swift": "",
        "name": "АО \"БАЛАКОВО-БАНК\"",
        "corrAccount": "30101810022026311890",
        "address": "УЛ ФАКЕЛ СОЦИАЛИЗМА, 21",
        "city": "Г. БАЛАКОВО",
        "phones": "(8453)444166,447007",
        "country": "4e127564-d74f-4dd9-bced-0327f0f4e061",
        "countryCode": "643",
        "activityDiscontinued": false
    },
    {
        "guid": "a38a1aa8-d82b-11e8-80bb-08002789bf51",
        "archive": false,
        "dateOutputArchive": "0001-01-01T00:00:00Z",
        "thisGroup": false,
        "parent": "78ddabe5-ca67-11e5-826c-605718cb5baa",
        "bic": "044525641",
        "swift": "",
        "name": "ФИЛИАЛ 1 ООО КБ \"ЦЕНТРАЛЬНО-ЕВРОПЕЙСКИЙ БАНК\"",
        "corrAccount": "30101810245250000641",
        "address": "ПРОЕКТ-Й 4062Й ПР-Д, 6, СТР 16",
        "city": "Г. МОСКВА",
        "phones": "(495)6625665",
        "country": "4e127564-d74f-4dd9-bced-0327f0f4e061",
        "countryCode": "643",
        "activityDiscontinued": false
    },
    {
        "guid": "a38a1aa9-d82b-11e8-80bb-08002789bf51",
        "archive": false,
        "dateOutputArchive": "0001-01-01T00:00:00Z",
        "thisGroup": false,
        "parent": "78ddac17-ca67-11e5-826c-605718cb5baa",
        "bic": "046015946",
        "swift": "",
        "name": "ПАО \"ТАГАНРОГБАНК\"",
        "corrAccount": "30101810960150000946",
        "address": "УЛ. ГРЕЧЕСКАЯ, 71 ТЕЛ.(8634)31",
        "city": "Г. ТАГАНРОГ",
        "phones": "",
        "country": "4e127564-d74f-4dd9-bced-0327f0f4e061",
        "countryCode": "643",
        "activityDiscontinued": false
    },
    {
        "guid": "a38a1aaa-d82b-11e8-80bb-08002789bf51",
        "archive": false,
        "dateOutputArchive": "0001-01-01T00:00:00Z",
        "thisGroup": false,
        "parent": "78ddabe5-ca67-11e5-826c-605718cb5baa",
        "bic": "044525646",
        "swift": "",
        "name": "НКО НКЦ (АО)",
        "corrAccount": "30103810345250000646",
        "address": "Б. КИСЛОВСКИЙ ПЕР, 13",
        "city": "Г. МОСКВА",
        "phones": "(495)7829794",
        "country": "4e127564-d74f-4dd9-bced-0327f0f4e061",
        "countryCode": "643",
        "activityDiscontinued": false
    },
    {
        "guid": "a38a1aab-d82b-11e8-80bb-08002789bf51",
        "archive": false,
        "dateOutputArchive": "0001-01-01T00:00:00Z",
        "thisGroup": false,
        "parent": "78ddac07-ca67-11e5-826c-605718cb5baa",
        "bic": "045004841",
        "swift": "",
        "name": "НОВОСИБИРСКИЙ ФИЛИАЛ ТКБ БАНК ПАО",
        "corrAccount": "30101810250040000841",
        "address": "УЛ КОММУНИСТИЧЕСКАЯ, 35",
        "city": "Г. НОВОСИБИРСК",
        "phones": "(383)3252500,3252660",
        "country": "4e127564-d74f-4dd9-bced-0327f0f4e061",
        "countryCode": "643",
        "activityDiscontinued": false
    },
    {
        "guid": "a38a1aac-d82b-11e8-80bb-08002789bf51",
        "archive": false,
        "dateOutputArchive": "0001-01-01T00:00:00Z",
        "thisGroup": false,
        "parent": "78ddac07-ca67-11e5-826c-605718cb5baa",
        "bic": "045004846",
        "swift": "",
        "name": "Ф-Л \"НОВОСИБИРСК\" АКБ \"РОСЕВРОБАНК\" (АО)",
        "corrAccount": "30101810750040000846",
        "address": "УЛ ФРУНЗЕ, 5",
        "city": "Г. НОВОСИБИРСК",
        "phones": "(383)2020750",
        "country": "4e127564-d74f-4dd9-bced-0327f0f4e061",
        "countryCode": "643",
        "activityDiscontinued": false
    },
    {
        "guid": "a38a1aad-d82b-11e8-80bb-08002789bf51",
        "archive": false,
        "dateOutputArchive": "0001-01-01T00:00:00Z",
        "thisGroup": false,
        "parent": "78ddac07-ca67-11e5-826c-605718cb5baa",
        "bic": "045004845",
        "swift": "",
        "name": "ФИЛИАЛ \"НОВОСИБИРСКИЙ\" ПАО КБ \"УБРИР\"",
        "corrAccount": "30101810450040000845",
        "address": "УЛ ВОКЗАЛЬНАЯ МАГИСТРАЛЬ, 1",
        "city": "Г. НОВОСИБИРСК",
        "phones": "(383)2201141,2201181",
        "country": "4e127564-d74f-4dd9-bced-0327f0f4e061",
        "countryCode": "643",
        "activityDiscontinued": false
    },
    {
        "guid": "a38a1aae-d82b-11e8-80bb-08002789bf51",
        "archive": false,
        "dateOutputArchive": "0001-01-01T00:00:00Z",
        "thisGroup": false,
        "parent": "78ddac07-ca67-11e5-826c-605718cb5baa",
        "bic": "045004833",
        "swift": "",
        "name": "НОВОСИБИРСКИЙ ФИЛИАЛ ООО \"БАНК БКФ\"",
        "corrAccount": "30101810750040000833",
        "address": "ПР-Т ДИМИТРОВА, 4/1",
        "city": "Г. НОВОСИБИРСК",
        "phones": "(383)3191118,3191116",
        "country": "4e127564-d74f-4dd9-bced-0327f0f4e061",
        "countryCode": "643",
        "activityDiscontinued": false
    },
    {
        "guid": "aaaf21b4-d82b-11e8-80bb-08002789bf51",
        "archive": false,
        "dateOutputArchive": "0001-01-01T00:00:00Z",
        "thisGroup": false,
        "parent": "78ddac07-ca67-11e5-826c-605718cb5baa",
        "bic": "045004818",
        "swift": "",
        "name": "НОВОСИБИРСКИЙ ФИЛИАЛ АО ЮНИКРЕДИТ БАНКА",
        "corrAccount": "30101810050040000818",
        "address": "УЛ МАКСИМА ГОРЬКОГО, 53",
        "city": "Г. НОВОСИБИРСК",
        "phones": "(383)2300163",
        "country": "4e127564-d74f-4dd9-bced-0327f0f4e061",
        "countryCode": "643",
        "activityDiscontinued": false
    },
    {
        "guid": "aaaf21b5-d82b-11e8-80bb-08002789bf51",
        "archive": false,
        "dateOutputArchive": "0001-01-01T00:00:00Z",
        "thisGroup": false,
        "parent": "78ddabeb-ca67-11e5-826c-605718cb5baa",
        "bic": "040715725",
        "swift": "",
        "name": "ООО \"РУСБС\"",
        "corrAccount": "30101810107150000725",
        "address": "УЛ ГАГАРИНА, 148",
        "city": "СТ-ЦА ЕССЕНТУКСКАЯ",
        "phones": "(87961)51171,24177,50987",
        "country": "4e127564-d74f-4dd9-bced-0327f0f4e061",
        "countryCode": "643",
        "activityDiscontinued": false
    },
    {
        "guid": "aaaf21b6-d82b-11e8-80bb-08002789bf51",
        "archive": false,
        "dateOutputArchive": "0001-01-01T00:00:00Z",
        "thisGroup": false,
        "parent": "78ddac0f-ca67-11e5-826c-605718cb5baa",
        "bic": "040349789",
        "swift": "",
        "name": "ООО КБ \"ГТ БАНК\"",
        "corrAccount": "30101810303490000789",
        "address": "УЛ СЕВЕРНАЯ, 321",
        "city": "Г. КРАСНОДАР",
        "phones": "(861)2790305,2791744",
        "country": "4e127564-d74f-4dd9-bced-0327f0f4e061",
        "countryCode": "643",
        "activityDiscontinued": false
    },
    {
        "guid": "aaaf21b7-d82b-11e8-80bb-08002789bf51",
        "archive": false,
        "dateOutputArchive": "0001-01-01T00:00:00Z",
        "thisGroup": false,
        "parent": "78ddac00-ca67-11e5-826c-605718cb5baa",
        "bic": "048209848",
        "swift": "",
        "name": "КУ ООО КБ \"ПРЕСТИЖКРЕДИТБАНК\" ГК \"АСВ\"",
        "corrAccount": "30101810282090000848",
        "address": "УЛ КАММАЕВА, 19, К \"Ж\"",
        "city": "Г. МАХАЧКАЛА",
        "phones": "(8722)561920,561921",
        "country": "4e127564-d74f-4dd9-bced-0327f0f4e061",
        "countryCode": "643",
        "activityDiscontinued": false
    },
    {
        "guid": "aaaf21b8-d82b-11e8-80bb-08002789bf51",
        "archive": false,
        "dateOutputArchive": "0001-01-01T00:00:00Z",
        "thisGroup": false,
        "parent": "78ddac98-ca67-11e5-826c-605718cb5baa",
        "bic": "041117785",
        "swift": "",
        "name": "Ф-л \"Космодром-Плесецк\" АО \"ФОНДСЕРВИСБАНК\"",
        "corrAccount": "30101810540300011785",
        "address": "УЛ. ПУШКИНА, Д. 3",
        "city": "Г. МИРНЫЙ",
        "phones": "",
        "country": "4e127564-d74f-4dd9-bced-0327f0f4e061",
        "countryCode": "643",
        "activityDiscontinued": false
    },
    {
        "guid": "aaaf21b9-d82b-11e8-80bb-08002789bf51",
        "archive": false,
        "dateOutputArchive": "0001-01-01T00:00:00Z",
        "thisGroup": false,
        "parent": "78ddac34-ca67-11e5-826c-605718cb5baa",
        "bic": "046489002",
        "swift": "",
        "name": "ПУ БАНКА РОССИИ ОХОТСКОЕ",
        "corrAccount": "",
        "address": "УЛ ГНЕЧКО, 1",
        "city": "ПГТ ЮЖНО-КУРИЛЬСК",
        "phones": "",
        "country": "4e127564-d74f-4dd9-bced-0327f0f4e061",
        "countryCode": "643",
        "activityDiscontinued": false
    },
    {
        "guid": "78ddac57-ca67-11e5-826c-605718cb5baa",
        "archive": "",
        "dateOutputArchive": "",
        "thisGroup": true,
        "parent": "00000000-0000-0000-0000-000000000000",
        "bic": "27       ",
        "swift": "",
        "name": "КАЛИНИНГРАДСКАЯ ОБЛАСТЬ",
        "corrAccount": "",
        "address": "",
        "city": "",
        "phones": "",
        "country": "",
        "countryCode": "",
        "activityDiscontinued": ""
    },
    {
        "guid": "aaaf21ba-d82b-11e8-80bb-08002789bf51",
        "archive": false,
        "dateOutputArchive": "0001-01-01T00:00:00Z",
        "thisGroup": false,
        "parent": "78ddabfd-ca67-11e5-826c-605718cb5baa",
        "bic": "046311926",
        "swift": "",
        "name": "АО РНКО \"СИНЕРГИЯ\"",
        "corrAccount": "30103810622026311926",
        "address": "Г. САРАТОВ, УЛ. РАБОЧАЯ, 27",
        "city": "Г. САРАТОВ",
        "phones": "",
        "country": "4e127564-d74f-4dd9-bced-0327f0f4e061",
        "countryCode": "643",
        "activityDiscontinued": false
    },
    {
        "guid": "aaaf21bb-d82b-11e8-80bb-08002789bf51",
        "archive": false,
        "dateOutputArchive": "0001-01-01T00:00:00Z",
        "thisGroup": false,
        "parent": "78ddac0f-ca67-11e5-826c-605718cb5baa",
        "bic": "040349744",
        "swift": "",
        "name": "КРАСНОДАРСКИЙ ФИЛИАЛ ПАО РОСБАНК",
        "corrAccount": "30101810403490000744",
        "address": "УЛ ОЛИМПИЙСКАЯ, 8",
        "city": "Г. КРАСНОДАР",
        "phones": "(861)2739730,2739731",
        "country": "4e127564-d74f-4dd9-bced-0327f0f4e061",
        "countryCode": "643",
        "activityDiscontinued": false
    },
    {
        "guid": "aaaf21bc-d82b-11e8-80bb-08002789bf51",
        "archive": false,
        "dateOutputArchive": "0001-01-01T00:00:00Z",
        "thisGroup": false,
        "parent": "78ddac07-ca67-11e5-826c-605718cb5baa",
        "bic": "045004796",
        "swift": "",
        "name": "ФИЛИАЛ \"НОВОСИБИРСК\" КБ \"ЛОКО-БАНК\" (АО)",
        "corrAccount": "30101810350040000796",
        "address": "УЛ ЛЕНИНА, 52",
        "city": "Г. НОВОСИБИРСК",
        "phones": "(383)2380740,2380750",
        "country": "4e127564-d74f-4dd9-bced-0327f0f4e061",
        "countryCode": "643",
        "activityDiscontinued": false
    },
    {
        "guid": "aaaf21bd-d82b-11e8-80bb-08002789bf51",
        "archive": false,
        "dateOutputArchive": "0001-01-01T00:00:00Z",
        "thisGroup": false,
        "parent": "78ddac17-ca67-11e5-826c-605718cb5baa",
        "bic": "046015080",
        "swift": "",
        "name": "РОСТОВСКИЙ ФИЛИАЛ ПАО \"РГС БАНК\"",
        "corrAccount": "30101810460150000080",
        "address": "УЛ ГОРОДА ВОЛОС, 11/81-83/34",
        "city": "Г. РОСТОВ-НА-ДОНУ",
        "phones": "(863)2370660",
        "country": "4e127564-d74f-4dd9-bced-0327f0f4e061",
        "countryCode": "643",
        "activityDiscontinued": false
    },
    {
        "guid": "aaaf21be-d82b-11e8-80bb-08002789bf51",
        "archive": false,
        "dateOutputArchive": "0001-01-01T00:00:00Z",
        "thisGroup": false,
        "parent": "78ddac07-ca67-11e5-826c-605718cb5baa",
        "bic": "045004785",
        "swift": "",
        "name": "НОВОСИБИРСКИЙ Ф-Л ПАО АКБ \"МЕТАЛЛИНВЕСТБАНК\"",
        "corrAccount": "30101810950040000785",
        "address": "УЛ СОВЕТСКАЯ, 8",
        "city": "Г. НОВОСИБИРСК",
        "phones": "(383)2091447,2091446",
        "country": "4e127564-d74f-4dd9-bced-0327f0f4e061",
        "countryCode": "643",
        "activityDiscontinued": false
    },
    {
        "guid": "aaaf21bf-d82b-11e8-80bb-08002789bf51",
        "archive": false,
        "dateOutputArchive": "0001-01-01T00:00:00Z",
        "thisGroup": false,
        "parent": "78ddac17-ca67-11e5-826c-605718cb5baa",
        "bic": "046015081",
        "swift": "",
        "name": "РОСТОВСКИЙ ФИЛИАЛ АО ЮНИКРЕДИТ БАНКА",
        "corrAccount": "30101810760150000081",
        "address": "УЛ СОЦИАЛИСТИЧЕСКАЯ, 58/51",
        "city": "Г. РОСТОВ-НА-ДОНУ",
        "phones": "(863)2630900,2630906",
        "country": "4e127564-d74f-4dd9-bced-0327f0f4e061",
        "countryCode": "643",
        "activityDiscontinued": false
    },
    {
        "guid": "aaaf21c0-d82b-11e8-80bb-08002789bf51",
        "archive": false,
        "dateOutputArchive": "0001-01-01T00:00:00Z",
        "thisGroup": false,
        "parent": "78ddac07-ca67-11e5-826c-605718cb5baa",
        "bic": "045004789",
        "swift": "",
        "name": "ФИЛИАЛ БАНКА МБСП (АО) В НОВОСИБИРСКЕ",
        "corrAccount": "30101810150040000789",
        "address": "ПР-Т ДИМИТРОВА, 12",
        "city": "Г. НОВОСИБИРСК",
        "phones": "(383)3734340,3734341",
        "country": "4e127564-d74f-4dd9-bced-0327f0f4e061",
        "countryCode": "643",
        "activityDiscontinued": false
    },
    {
        "guid": "aaaf21c1-d82b-11e8-80bb-08002789bf51",
        "archive": false,
        "dateOutputArchive": "0001-01-01T00:00:00Z",
        "thisGroup": false,
        "parent": "78ddac17-ca67-11e5-826c-605718cb5baa",
        "bic": "046015088",
        "swift": "SJSCRUMMRND",
        "name": "ФИЛИАЛ \"СДМ-БАНК\" (ПАО) В Г. РОСТОВ-НА-ДОНУ",
        "corrAccount": "30101810860150000088",
        "address": "УЛ КАТАЕВА, 293",
        "city": "Г. РОСТОВ-НА-ДОНУ",
        "phones": "(863)2197712,2197714",
        "country": "4e127564-d74f-4dd9-bced-0327f0f4e061",
        "countryCode": "643",
        "activityDiscontinued": false
    },
    {
        "guid": "aaaf21c2-d82b-11e8-80bb-08002789bf51",
        "archive": false,
        "dateOutputArchive": "0001-01-01T00:00:00Z",
        "thisGroup": false,
        "parent": "78ddac07-ca67-11e5-826c-605718cb5baa",
        "bic": "045004778",
        "swift": "",
        "name": "ФИЛИАЛ БАНКА \"ВБРР\" (АО) В Г.НОВОСИБИРСКЕ",
        "corrAccount": "30101810750040000778",
        "address": "УЛ СИБРЕВКОМА, 2",
        "city": "Г. НОВОСИБИРСК",
        "phones": "(383)2302201",
        "country": "4e127564-d74f-4dd9-bced-0327f0f4e061",
        "countryCode": "643",
        "activityDiscontinued": false
    },
    {
        "guid": "aaaf21c3-d82b-11e8-80bb-08002789bf51",
        "archive": false,
        "dateOutputArchive": "0001-01-01T00:00:00Z",
        "thisGroup": false,
        "parent": "78ddac0f-ca67-11e5-826c-605718cb5baa",
        "bic": "040349758",
        "swift": "VTBRRUM2KD3",
        "name": "ФИЛИАЛ № 2351 БАНКА ВТБ (ПАО)",
        "corrAccount": "30101810703490000758",
        "address": "УЛ ИМ. ГОГОЛЯ, 68",
        "city": "Г. КРАСНОДАР",
        "phones": "(861)2126424,2125627",
        "country": "4e127564-d74f-4dd9-bced-0327f0f4e061",
        "countryCode": "643",
        "activityDiscontinued": false
    },
    {
        "guid": "aaaf21c4-d82b-11e8-80bb-08002789bf51",
        "archive": false,
        "dateOutputArchive": "0001-01-01T00:00:00Z",
        "thisGroup": false,
        "parent": "78ddac17-ca67-11e5-826c-605718cb5baa",
        "bic": "046015094",
        "swift": "",
        "name": "НОВОЧЕРКАССКИЙ ФИЛИАЛ АО \"ФОНДСЕРВИСБАНК\"",
        "corrAccount": "30101810760150000094",
        "address": "ПЛАТОВСКИЙ ПР-Т, 59 Б",
        "city": "Г. НОВОЧЕРКАССК",
        "phones": "(8635)240550",
        "country": "4e127564-d74f-4dd9-bced-0327f0f4e061",
        "countryCode": "643",
        "activityDiscontinued": false
    },
    {
        "guid": "aaaf21c5-d82b-11e8-80bb-08002789bf51",
        "archive": false,
        "dateOutputArchive": "0001-01-01T00:00:00Z",
        "thisGroup": false,
        "parent": "78ddac17-ca67-11e5-826c-605718cb5baa",
        "bic": "046015068",
        "swift": "",
        "name": "ДОНСКОЙ ФИЛИАЛ АО КБ \"СИТИБАНК\"",
        "corrAccount": "30101810660150000068",
        "address": "УЛ Б. САДОВАЯ, 124",
        "city": "Г. РОСТОВ-НА-ДОНУ",
        "phones": "(863)2040043,2040002",
        "country": "4e127564-d74f-4dd9-bced-0327f0f4e061",
        "countryCode": "643",
        "activityDiscontinued": false
    },
    {
        "guid": "aaaf21c6-d82b-11e8-80bb-08002789bf51",
        "archive": false,
        "dateOutputArchive": "0001-01-01T00:00:00Z",
        "thisGroup": false,
        "parent": "78ddac07-ca67-11e5-826c-605718cb5baa",
        "bic": "045004763",
        "swift": "",
        "name": "ФИЛИАЛ \"ЦЕНТРАЛЬНЫЙ\" ПАО \"СОВКОМБАНК\"",
        "corrAccount": "30101810150040000763",
        "address": "УЛ ПОПОВА, 11",
        "city": "Г. БЕРДСК",
        "phones": "(383)3340606",
        "country": "4e127564-d74f-4dd9-bced-0327f0f4e061",
        "countryCode": "643",
        "activityDiscontinued": false
    },
    {
        "guid": "aaaf21c7-d82b-11e8-80bb-08002789bf51",
        "archive": false,
        "dateOutputArchive": "0001-01-01T00:00:00Z",
        "thisGroup": false,
        "parent": "78ddac17-ca67-11e5-826c-605718cb5baa",
        "bic": "046015066",
        "swift": "",
        "name": "Ф-Л АО АКБ \"НОВИКОМБАНК\" В Г.РОСТОВЕ-НА-ДОНУ",
        "corrAccount": "30101810060150000066",
        "address": "УЛ КРАСНОАРМЕЙСКАЯ, 170/84",
        "city": "Г. РОСТОВ-НА-ДОНУ",
        "phones": "(863)2017777",
        "country": "4e127564-d74f-4dd9-bced-0327f0f4e061",
        "countryCode": "643",
        "activityDiscontinued": false
    },
    {
        "guid": "78ddabe0-ca67-11e5-826c-605718cb5baa",
        "archive": false,
        "dateOutputArchive": "0001-01-01T00:00:00Z",
        "thisGroup": false,
        "parent": "78ddabdf-ca67-11e5-826c-605718cb5baa",
        "bic": "049246920",
        "swift": "",
        "name": "НИЖНЕКАМСКИЙ ФАБ \"ДЕВОН-КРЕДИТ\" (ПАО)",
        "corrAccount": "30101810700000000920",
        "address": "",
        "city": "Г. НИЖНЕКАМСК",
        "phones": "",
        "country": "00000000-0000-0000-0000-000000000000",
        "countryCode": "",
        "activityDiscontinued": true
    },
    {
        "guid": "aaaf21c8-d82b-11e8-80bb-08002789bf51",
        "archive": false,
        "dateOutputArchive": "0001-01-01T00:00:00Z",
        "thisGroup": false,
        "parent": "78ddac17-ca67-11e5-826c-605718cb5baa",
        "bic": "046015064",
        "swift": "",
        "name": "ЮЖНЫЙ ФИЛИАЛ АО \"БАНК ИНТЕЗА\"",
        "corrAccount": "30101810460150000064",
        "address": "ВОРОШИЛОВСКИЙ ПР-Т, 48",
        "city": "Г. РОСТОВ-НА-ДОНУ",
        "phones": "(863)2318377,2318388",
        "country": "4e127564-d74f-4dd9-bced-0327f0f4e061",
        "countryCode": "643",
        "activityDiscontinued": false
    },
    {
        "guid": "aaaf21c9-d82b-11e8-80bb-08002789bf51",
        "archive": false,
        "dateOutputArchive": "0001-01-01T00:00:00Z",
        "thisGroup": false,
        "parent": "78ddac17-ca67-11e5-826c-605718cb5baa",
        "bic": "046015065",
        "swift": "JSNMRUMMRND",
        "name": "РОСТОВСКИЙ ФИЛИАЛ ПАО БАНКА \"ФК ОТКРЫТИЕ\"",
        "corrAccount": "30101810760150000065",
        "address": "УЛ ТЕКУЧЕВА, 234",
        "city": "Г. РОСТОВ-НА-ДОНУ",
        "phones": "(863)2009099",
        "country": "4e127564-d74f-4dd9-bced-0327f0f4e061",
        "countryCode": "643",
        "activityDiscontinued": true
    },
    {
        "guid": "aaaf21ca-d82b-11e8-80bb-08002789bf51",
        "archive": false,
        "dateOutputArchive": "0001-01-01T00:00:00Z",
        "thisGroup": false,
        "parent": "78ddac17-ca67-11e5-826c-605718cb5baa",
        "bic": "046015060",
        "swift": "",
        "name": "ФИЛИАЛ АО \"ГЕНБАНК\" В Г.РОСТОВ-НА-ДОНУ",
        "corrAccount": "30101810260150000060",
        "address": "УЛ ПУШКИНСКАЯ, 94",
        "city": "Г. РОСТОВ-НА-ДОНУ",
        "phones": "(863)2999333",
        "country": "4e127564-d74f-4dd9-bced-0327f0f4e061",
        "countryCode": "643",
        "activityDiscontinued": false
    },
    {
        "guid": "aaaf21cb-d82b-11e8-80bb-08002789bf51",
        "archive": false,
        "dateOutputArchive": "0001-01-01T00:00:00Z",
        "thisGroup": false,
        "parent": "78ddac17-ca67-11e5-826c-605718cb5baa",
        "bic": "046015061",
        "swift": "",
        "name": "ФИЛИАЛ ЮЖНЫЙ ПАО БАНКА \"ФК ОТКРЫТИЕ\"",
        "corrAccount": "30101810560150000061",
        "address": "УЛ ГОРОДА ВОЛОС, 112/130",
        "city": "Г. РОСТОВ-НА-ДОНУ",
        "phones": "(863)2688901",
        "country": "4e127564-d74f-4dd9-bced-0327f0f4e061",
        "countryCode": "643",
        "activityDiscontinued": false
    },
    {
        "guid": "aaaf21cc-d82b-11e8-80bb-08002789bf51",
        "archive": false,
        "dateOutputArchive": "0001-01-01T00:00:00Z",
        "thisGroup": false,
        "parent": "78ddabe7-ca67-11e5-826c-605718cb5baa",
        "bic": "040507750",
        "swift": "",
        "name": "АО \"РОЯЛ КРЕДИТ БАНК\"",
        "corrAccount": "30101810105070000750",
        "address": "ПР-Т 100ЛЕТ ВЛАДИ-КА, 155 - 1Б",
        "city": "Г. ВЛАДИВОСТОК",
        "phones": "(423)2308871,2308870",
        "country": "4e127564-d74f-4dd9-bced-0327f0f4e061",
        "countryCode": "643",
        "activityDiscontinued": false
    },
    {
        "guid": "aaaf21cd-d82b-11e8-80bb-08002789bf51",
        "archive": false,
        "dateOutputArchive": "0001-01-01T00:00:00Z",
        "thisGroup": false,
        "parent": "78ddac17-ca67-11e5-826c-605718cb5baa",
        "bic": "046015078",
        "swift": "ZEMCRU22XXX",
        "name": "ООО \"ЗЕМКОМБАНК\"",
        "corrAccount": "30101810760150000078",
        "address": "УЛ МАЛЮГИНОЙ, 233",
        "city": "Г. РОСТОВ-НА-ДОНУ",
        "phones": "(863)2800064",
        "country": "4e127564-d74f-4dd9-bced-0327f0f4e061",
        "countryCode": "643",
        "activityDiscontinued": false
    },
    {
        "guid": "aaaf21ce-d82b-11e8-80bb-08002789bf51",
        "archive": false,
        "dateOutputArchive": "0001-01-01T00:00:00Z",
        "thisGroup": false,
        "parent": "78ddac17-ca67-11e5-826c-605718cb5baa",
        "bic": "046015075",
        "swift": "",
        "name": "РОСТОВСКИЙ ФИЛИАЛ ЦМРБАНК (ООО)",
        "corrAccount": "30101810860150000075",
        "address": "УЛ ПУШКИНСКАЯ, 105/79",
        "city": "Г. РОСТОВ-НА-ДОНУ",
        "phones": "(863)2695710",
        "country": "4e127564-d74f-4dd9-bced-0327f0f4e061",
        "countryCode": "643",
        "activityDiscontinued": false
    },
    {
        "guid": "aaaf21cf-d82b-11e8-80bb-08002789bf51",
        "archive": false,
        "dateOutputArchive": "0001-01-01T00:00:00Z",
        "thisGroup": false,
        "parent": "78ddac17-ca67-11e5-826c-605718cb5baa",
        "bic": "046015074",
        "swift": "",
        "name": "ФИЛИАЛ \"РОСТОВ-НА-ДОНУ\" КБ \"ЛОКО-БАНК\" (АО)",
        "corrAccount": "30101810560150000074",
        "address": "УЛ МАКСИМА ГОРЬКОГО, 123/67",
        "city": "Г. РОСТОВ-НА-ДОНУ",
        "phones": "(863)2192772",
        "country": "4e127564-d74f-4dd9-bced-0327f0f4e061",
        "countryCode": "643",
        "activityDiscontinued": false
    },
    {
        "guid": "aaaf21d0-d82b-11e8-80bb-08002789bf51",
        "archive": false,
        "dateOutputArchive": "0001-01-01T00:00:00Z",
        "thisGroup": false,
        "parent": "78ddac17-ca67-11e5-826c-605718cb5baa",
        "bic": "046015051",
        "swift": "",
        "name": "Ф-Л АКБ \"ФОРА-БАНК\" (АО) В Г.РОСТОВ-НА-ДОНУ",
        "corrAccount": "30101810460150000051",
        "address": "УЛ ПУШКИНСКАЯ, 117",
        "city": "Г. РОСТОВ-НА-ДОНУ",
        "phones": "(863)2403640",
        "country": "4e127564-d74f-4dd9-bced-0327f0f4e061",
        "countryCode": "643",
        "activityDiscontinued": false
    },
    {
        "guid": "aaaf21d1-d82b-11e8-80bb-08002789bf51",
        "archive": false,
        "dateOutputArchive": "0001-01-01T00:00:00Z",
        "thisGroup": false,
        "parent": "78ddac17-ca67-11e5-826c-605718cb5baa",
        "bic": "046015052",
        "swift": "",
        "name": "ООО КБ \"РОСТФИНАНС\"",
        "corrAccount": "30101810760150000052",
        "address": "УЛ КРАСНОАРМЕЙСКАЯ, 166 А",
        "city": "Г. РОСТОВ-НА-ДОНУ",
        "phones": "(863)2870058",
        "country": "4e127564-d74f-4dd9-bced-0327f0f4e061",
        "countryCode": "643",
        "activityDiscontinued": false
    },
    {
        "guid": "78ddac7b-ca67-11e5-826c-605718cb5baa",
        "archive": false,
        "dateOutputArchive": "0001-01-01T00:00:00Z",
        "thisGroup": false,
        "parent": "78ddac02-ca67-11e5-826c-605718cb5baa",
        "bic": "042809974",
        "swift": "",
        "name": "ТВЕФ ПАО \"БИНБАНК\"",
        "corrAccount": "30101810900000000974",
        "address": "",
        "city": "Г. ТВЕРЬ",
        "phones": "",
        "country": "00000000-0000-0000-0000-000000000000",
        "countryCode": "",
        "activityDiscontinued": true
    },
    {
        "guid": "aaaf21d2-d82b-11e8-80bb-08002789bf51",
        "archive": false,
        "dateOutputArchive": "0001-01-01T00:00:00Z",
        "thisGroup": false,
        "parent": "78ddac17-ca67-11e5-826c-605718cb5baa",
        "bic": "046015050",
        "swift": "",
        "name": "ФИЛИАЛ № 1 ПАО МОСОБЛБАНК",
        "corrAccount": "30101810160150000050",
        "address": "КОММУНИСТИЧЕСКИЙ ПР-Т, 51",
        "city": "Г. РОСТОВ-НА-ДОНУ",
        "phones": "(863)3009637",
        "country": "4e127564-d74f-4dd9-bced-0327f0f4e061",
        "countryCode": "643",
        "activityDiscontinued": false
    },
    {
        "guid": "aaaf21d3-d82b-11e8-80bb-08002789bf51",
        "archive": false,
        "dateOutputArchive": "0001-01-01T00:00:00Z",
        "thisGroup": false,
        "parent": "78ddabf2-ca67-11e5-826c-605718cb5baa",
        "bic": "043601728",
        "swift": "",
        "name": "САМАРСКИЙ ФИЛИАЛ ПАО \"НЕВСКИЙ БАНК\"",
        "corrAccount": "30101810222023601728",
        "address": "6 ПРОСЕКА, 125",
        "city": "Г. САМАРА",
        "phones": "(846)2011100",
        "country": "4e127564-d74f-4dd9-bced-0327f0f4e061",
        "countryCode": "643",
        "activityDiscontinued": false
    },
    {
        "guid": "aaaf21d4-d82b-11e8-80bb-08002789bf51",
        "archive": false,
        "dateOutputArchive": "0001-01-01T00:00:00Z",
        "thisGroup": false,
        "parent": "78ddabe9-ca67-11e5-826c-605718cb5baa",
        "bic": "042520764",
        "swift": "",
        "name": "КОНКУРСНЫЙ УПРАВЛЯЮЩИЙ \"ВЛБАНК\" (АО)-ГК \"АСВ\"",
        "corrAccount": "30101810450040000764",
        "address": "УЛ КИРОВА, 85 А",
        "city": "Г. УСТЬ-КУТ",
        "phones": "(3952)289500",
        "country": "4e127564-d74f-4dd9-bced-0327f0f4e061",
        "countryCode": "643",
        "activityDiscontinued": false
    },
    {
        "guid": "aaaf21d5-d82b-11e8-80bb-08002789bf51",
        "archive": false,
        "dateOutputArchive": "0001-01-01T00:00:00Z",
        "thisGroup": false,
        "parent": "78ddabe9-ca67-11e5-826c-605718cb5baa",
        "bic": "042520767",
        "swift": "",
        "name": "АНГАРСКИЙ ФИЛИАЛ АО \"ИТ БАНК\"",
        "corrAccount": "30101810350040000767",
        "address": "29-ЫЙ МКР, 15 А",
        "city": "Г. АНГАРСК",
        "phones": "(3955)671921,564004",
        "country": "4e127564-d74f-4dd9-bced-0327f0f4e061",
        "countryCode": "643",
        "activityDiscontinued": false
    },
    {
        "guid": "78ddabe1-ca67-11e5-826c-605718cb5baa",
        "archive": "",
        "dateOutputArchive": "",
        "thisGroup": true,
        "parent": "00000000-0000-0000-0000-000000000000",
        "bic": "40       ",
        "swift": "",
        "name": "Г САНКТ-ПЕТЕРБУРГ",
        "corrAccount": "",
        "address": "",
        "city": "",
        "phones": "",
        "country": "",
        "countryCode": "",
        "activityDiscontinued": ""
    },
    {
        "guid": "aaaf21d6-d82b-11e8-80bb-08002789bf51",
        "archive": false,
        "dateOutputArchive": "0001-01-01T00:00:00Z",
        "thisGroup": false,
        "parent": "78ddac34-ca67-11e5-826c-605718cb5baa",
        "bic": "046401888",
        "swift": "KHZARU99XXX",
        "name": "АО \"БАНК ХОЛМСК\"",
        "corrAccount": "30101810064010000888",
        "address": "УЛ ЛЕНИНА, 304 Г",
        "city": "Г. ЮЖНО-САХАЛИНСК",
        "phones": "(4242)245858",
        "country": "4e127564-d74f-4dd9-bced-0327f0f4e061",
        "countryCode": "643",
        "activityDiscontinued": false
    },
    {
        "guid": "bbea4eb4-fc53-11e8-80c5-08002789bf51",
        "archive": false,
        "dateOutputArchive": "0001-01-01T00:00:00Z",
        "thisGroup": false,
        "parent": "78ddabe5-ca67-11e5-826c-605718cb5baa",
        "bic": "044525360",
        "swift": "",
        "name": "Филиал \"Корпоративный\" ПАО \"Совкомбанк\"",
        "corrAccount": "30101810445250000360",
        "address": "УЛ. ВАВИЛОВА, Д. 24",
        "city": "Г. МОСКВА",
        "phones": "",
        "country": "4e127564-d74f-4dd9-bced-0327f0f4e061",
        "countryCode": "643",
        "activityDiscontinued": false
    },
    {
        "guid": "bbea4eb5-fc53-11e8-80c5-08002789bf51",
        "archive": false,
        "dateOutputArchive": "0001-01-01T00:00:00Z",
        "thisGroup": false,
        "parent": "78ddabe1-ca67-11e5-826c-605718cb5baa",
        "bic": "044030800",
        "swift": "",
        "name": "Ф-Л СПБ № 2 ПАО БАНК \"ФК ОТКРЫТИЕ\"",
        "corrAccount": "30101810040300000800",
        "address": "НАБ. ОБВОДНОГО КАНАЛА, Д. 90,",
        "city": "Г. САНКТ-ПЕТЕРБУРГ",
        "phones": "",
        "country": "4e127564-d74f-4dd9-bced-0327f0f4e061",
        "countryCode": "643",
        "activityDiscontinued": false
    },
    {
        "guid": "bbea4eb6-fc53-11e8-80c5-08002789bf51",
        "archive": false,
        "dateOutputArchive": "0001-01-01T00:00:00Z",
        "thisGroup": false,
        "parent": "78ddac49-ca67-11e5-826c-605718cb5baa",
        "bic": "047308988",
        "swift": "",
        "name": "Ф-л Ульяновский № 2 ПАО Банк \"ФК Открытие\"",
        "corrAccount": "30101810122027300988",
        "address": "УЛ. АЛЕКСАНДРА МАТРОСОВА, Д 33",
        "city": "Г. УЛЬЯНОВСК",
        "phones": "",
        "country": "4e127564-d74f-4dd9-bced-0327f0f4e061",
        "countryCode": "643",
        "activityDiscontinued": false
    },
    {
        "guid": "bbea4eb7-fc53-11e8-80c5-08002789bf51",
        "archive": false,
        "dateOutputArchive": "0001-01-01T00:00:00Z",
        "thisGroup": false,
        "parent": "78ddac07-ca67-11e5-826c-605718cb5baa",
        "bic": "045004051",
        "swift": "",
        "name": "Новосибирский филиал РНКО \"Р-ИНКАС\" (ООО)",
        "corrAccount": "30103810450045004051",
        "address": "УЛ. ДМИТРИЯ ДОНСКОГО, 11",
        "city": "Г. НОВОСИБИРСК",
        "phones": "",
        "country": "4e127564-d74f-4dd9-bced-0327f0f4e061",
        "countryCode": "643",
        "activityDiscontinued": false
    },
    {
        "guid": "bbea4eb8-fc53-11e8-80c5-08002789bf51",
        "archive": false,
        "dateOutputArchive": "0001-01-01T00:00:00Z",
        "thisGroup": false,
        "parent": "78ddabe5-ca67-11e5-826c-605718cb5baa",
        "bic": "044525980",
        "swift": "",
        "name": "Ф-л Мск (Диджитал) ПАО Банк \"ФК Открытие\"",
        "corrAccount": "30101810045250000980",
        "address": "УЛ. ПЕТРОВКА, Д. 24, СТР. 1",
        "city": "Г. МОСКВА",
        "phones": "",
        "country": "4e127564-d74f-4dd9-bced-0327f0f4e061",
        "countryCode": "643",
        "activityDiscontinued": false
    },
    {
        "guid": "bbea4eb9-fc53-11e8-80c5-08002789bf51",
        "archive": false,
        "dateOutputArchive": "0001-01-01T00:00:00Z",
        "thisGroup": false,
        "parent": "78ddabeb-ca67-11e5-826c-605718cb5baa",
        "bic": "040702751",
        "swift": "",
        "name": "Ф-Л СТАВРОПОЛЬСКИЙ №2 ПАО БАНК \"ФК ОТКРЫТИЕ\"",
        "corrAccount": "30101810007020000751",
        "address": "УЛ. ЛЕНИНА, 221",
        "city": "Г. СТАВРОПОЛЬ",
        "phones": "",
        "country": "4e127564-d74f-4dd9-bced-0327f0f4e061",
        "countryCode": "643",
        "activityDiscontinued": false
    },
    {
        "guid": "bbea4eba-fc53-11e8-80c5-08002789bf51",
        "archive": false,
        "dateOutputArchive": "0001-01-01T00:00:00Z",
        "thisGroup": false,
        "parent": "78ddac09-ca67-11e5-826c-605718cb5baa",
        "bic": "046577520",
        "swift": "",
        "name": "Ф-л Екб №2 ПАО Банк \"ФК Открытие\"",
        "corrAccount": "30101810065770000520",
        "address": "УЛ.ГОРЬКОГО, Д.45",
        "city": "Г. ЕКАТЕРИНБУРГ",
        "phones": "",
        "country": "4e127564-d74f-4dd9-bced-0327f0f4e061",
        "countryCode": "643",
        "activityDiscontinued": false
    },
    {
        "guid": "bbea4ebb-fc53-11e8-80c5-08002789bf51",
        "archive": false,
        "dateOutputArchive": "0001-01-01T00:00:00Z",
        "thisGroup": false,
        "parent": "78ddabe7-ca67-11e5-826c-605718cb5baa",
        "bic": "040507830",
        "swift": "",
        "name": "Ф-л Владивостокский №2 ПАО Банк \"ФК Открытие\"",
        "corrAccount": "30101810805070000830",
        "address": "ПР-КТ ОКЕАНСКИЙ, Д.123 Б",
        "city": "Г. ВЛАДИВОСТОК",
        "phones": "",
        "country": "4e127564-d74f-4dd9-bced-0327f0f4e061",
        "countryCode": "643",
        "activityDiscontinued": false
    },
    {
        "guid": "bbea4ebc-fc53-11e8-80c5-08002789bf51",
        "archive": false,
        "dateOutputArchive": "0001-01-01T00:00:00Z",
        "thisGroup": false,
        "parent": "78ddac17-ca67-11e5-826c-605718cb5baa",
        "bic": "046015084",
        "swift": "",
        "name": "Ф-л Ростовский №2 ПАО Банк \"ФК Открытие\"",
        "corrAccount": "30101810660150000084",
        "address": "ПР. ШОЛОХОВА, 32/65",
        "city": "Г. РОСТОВ-НА-ДОНУ",
        "phones": "",
        "country": "4e127564-d74f-4dd9-bced-0327f0f4e061",
        "countryCode": "643",
        "activityDiscontinued": false
    },
    {
        "guid": "bbea4ebd-fc53-11e8-80c5-08002789bf51",
        "archive": false,
        "dateOutputArchive": "0001-01-01T00:00:00Z",
        "thisGroup": false,
        "parent": "78ddac07-ca67-11e5-826c-605718cb5baa",
        "bic": "045004741",
        "swift": "",
        "name": "Ф-л Новосибирский №2 ПАО Банк \"ФК Открытие\"",
        "corrAccount": "30101810350040000741",
        "address": "УЛ. ЛЕНИНА, Д. 18",
        "city": "Г. НОВОСИБИРСК",
        "phones": "",
        "country": "4e127564-d74f-4dd9-bced-0327f0f4e061",
        "countryCode": "643",
        "activityDiscontinued": false
    },
    {
        "guid": "78ddabdc-ca67-11e5-826c-605718cb5baa",
        "archive": false,
        "dateOutputArchive": "0001-01-01T00:00:00Z",
        "thisGroup": false,
        "parent": "78ddabdb-ca67-11e5-826c-605718cb5baa",
        "bic": "043207757",
        "swift": "",
        "name": "ФИЛИАЛ N 11 ПАО МОСОБЛБАНК",
        "corrAccount": "30101810000000000757",
        "address": "УЛ ВЕСЕННЯЯ, 24",
        "city": "Г. КЕМЕРОВО",
        "phones": "(3842)363892",
        "country": "4e127564-d74f-4dd9-bced-0327f0f4e061",
        "countryCode": "643",
        "activityDiscontinued": false
    },
    {
        "guid": "78ddabdd-ca67-11e5-826c-605718cb5baa",
        "archive": "",
        "dateOutputArchive": "",
        "thisGroup": true,
        "parent": "00000000-0000-0000-0000-000000000000",
        "bic": "66       ",
        "swift": "",
        "name": "СМОЛЕНСКАЯ ОБЛАСТЬ",
        "corrAccount": "",
        "address": "",
        "city": "",
        "phones": "",
        "country": "",
        "countryCode": "",
        "activityDiscontinued": ""
    },
    {
        "guid": "78ddabde-ca67-11e5-826c-605718cb5baa",
        "archive": false,
        "dateOutputArchive": "0001-01-01T00:00:00Z",
        "thisGroup": false,
        "parent": "78ddabdd-ca67-11e5-826c-605718cb5baa",
        "bic": "046610000",
        "swift": "",
        "name": "РКЦ ВЯЗЬМА",
        "corrAccount": "",
        "address": "",
        "city": "Г. ВЯЗЬМА",
        "phones": "",
        "country": "00000000-0000-0000-0000-000000000000",
        "countryCode": "",
        "activityDiscontinued": true
    },
    {
        "guid": "78ddabdf-ca67-11e5-826c-605718cb5baa",
        "archive": "",
        "dateOutputArchive": "",
        "thisGroup": true,
        "parent": "00000000-0000-0000-0000-000000000000",
        "bic": "92       ",
        "swift": "",
        "name": "РЕСПУБЛИКА ТАТАРСТАН",
        "corrAccount": "",
        "address": "",
        "city": "",
        "phones": "",
        "country": "",
        "countryCode": "",
        "activityDiscontinued": ""
    },
    {
        "guid": "78ddabe2-ca67-11e5-826c-605718cb5baa",
        "archive": false,
        "dateOutputArchive": "0001-01-01T00:00:00Z",
        "thisGroup": false,
        "parent": "78ddabe1-ca67-11e5-826c-605718cb5baa",
        "bic": "044030743",
        "swift": "",
        "name": "САНКТ-ПЕТЕРБУРГСКИЙ ФИЛИАЛ ПАО \"АК БАНК\"",
        "corrAccount": "30101810300000000743",
        "address": "",
        "city": "Г. САНКТ-ПЕТЕРБУРГ",
        "phones": "",
        "country": "00000000-0000-0000-0000-000000000000",
        "countryCode": "",
        "activityDiscontinued": true
    },
    {
        "guid": "78ddabe3-ca67-11e5-826c-605718cb5baa",
        "archive": false,
        "dateOutputArchive": "0001-01-01T00:00:00Z",
        "thisGroup": false,
        "parent": "78ddabe1-ca67-11e5-826c-605718cb5baa",
        "bic": "044030708",
        "swift": "",
        "name": "САНКТ-ПЕТЕРБУРГСКИЙ ФИЛИАЛ АКБ \"НЗБАНК\",ОАО",
        "corrAccount": "30101810400000000708",
        "address": "",
        "city": "Г. САНКТ-ПЕТЕРБУРГ",
        "phones": "",
        "country": "00000000-0000-0000-0000-000000000000",
        "countryCode": "",
        "activityDiscontinued": true
    },
    {
        "guid": "78ddabe4-ca67-11e5-826c-605718cb5baa",
        "archive": false,
        "dateOutputArchive": "0001-01-01T00:00:00Z",
        "thisGroup": false,
        "parent": "78ddabe1-ca67-11e5-826c-605718cb5baa",
        "bic": "044030821",
        "swift": "",
        "name": "ФСКБ ПРИМОРЬЯ \"ПРИМСОЦБАНК\" В Г С-ПЕТЕРБУРГЕ",
        "corrAccount": "30101810400000000821",
        "address": "УЛ САДОВАЯ, 40 ЛИТ Б",
        "city": "Г. САНКТ-ПЕТЕРБУРГ",
        "phones": "(812)4934900",
        "country": "4e127564-d74f-4dd9-bced-0327f0f4e061",
        "countryCode": "643",
        "activityDiscontinued": false
    },
    {
        "guid": "78ddabe5-ca67-11e5-826c-605718cb5baa",
        "archive": "",
        "dateOutputArchive": "",
        "thisGroup": true,
        "parent": "00000000-0000-0000-0000-000000000000",
        "bic": "45       ",
        "swift": "",
        "name": "Г МОСКВА",
        "corrAccount": "",
        "address": "",
        "city": "",
        "phones": "",
        "country": "",
        "countryCode": "",
        "activityDiscontinued": ""
    },
    {
        "guid": "78ddabe6-ca67-11e5-826c-605718cb5baa",
        "archive": false,
        "dateOutputArchive": "0001-01-01T00:00:00Z",
        "thisGroup": false,
        "parent": "78ddabe5-ca67-11e5-826c-605718cb5baa",
        "bic": "044525461",
        "swift": "",
        "name": "КУ АКБ \"БЕНИФИТ-БАНК\" (ЗАО) - ГК \"АСВ\"",
        "corrAccount": "30101810645250000461",
        "address": "УЛ ВЫСОЦКОГО, 4",
        "city": "Г. МОСКВА",
        "phones": "(495)9612526",
        "country": "4e127564-d74f-4dd9-bced-0327f0f4e061",
        "countryCode": "643",
        "activityDiscontinued": false
    },
    {
        "guid": "78ddabe7-ca67-11e5-826c-605718cb5baa",
        "archive": "",
        "dateOutputArchive": "",
        "thisGroup": true,
        "parent": "00000000-0000-0000-0000-000000000000",
        "bic": "05       ",
        "swift": "",
        "name": "ПРИМОРСКИЙ КРАЙ",
        "corrAccount": "",
        "address": "",
        "city": "",
        "phones": "",
        "country": "",
        "countryCode": "",
        "activityDiscontinued": ""
    },
    {
        "guid": "78ddabe8-ca67-11e5-826c-605718cb5baa",
        "archive": false,
        "dateOutputArchive": "0001-01-01T00:00:00Z",
        "thisGroup": false,
        "parent": "78ddabe7-ca67-11e5-826c-605718cb5baa",
        "bic": "040507001",
        "swift": "",
        "name": "ДАЛЬНЕВОСТОЧНОЕ ГУ БАНКА РОССИИ",
        "corrAccount": "",
        "address": "УЛ СВЕТЛАНСКАЯ, 71",
        "city": "Г. ВЛАДИВОСТОК",
        "phones": "(423)2406514,2406507",
        "country": "4e127564-d74f-4dd9-bced-0327f0f4e061",
        "countryCode": "643",
        "activityDiscontinued": false
    },
    {
        "guid": "78ddabe9-ca67-11e5-826c-605718cb5baa",
        "archive": "",
        "dateOutputArchive": "",
        "thisGroup": true,
        "parent": "00000000-0000-0000-0000-000000000000",
        "bic": "25       ",
        "swift": "",
        "name": "ИРКУТСКАЯ ОБЛАСТЬ",
        "corrAccount": "",
        "address": "",
        "city": "",
        "phones": "",
        "country": "",
        "countryCode": "",
        "activityDiscontinued": ""
    },
    {
        "guid": "78ddabea-ca67-11e5-826c-605718cb5baa",
        "archive": false,
        "dateOutputArchive": "0001-01-01T00:00:00Z",
        "thisGroup": false,
        "parent": "78ddabe9-ca67-11e5-826c-605718cb5baa",
        "bic": "042510000",
        "swift": "",
        "name": "РКЦ ЧУНСКИЙ",
        "corrAccount": "",
        "address": "",
        "city": "РП ЧУНСКИЙ",
        "phones": "",
        "country": "00000000-0000-0000-0000-000000000000",
        "countryCode": "",
        "activityDiscontinued": true
    },
    {
        "guid": "78ddabeb-ca67-11e5-826c-605718cb5baa",
        "archive": "",
        "dateOutputArchive": "",
        "thisGroup": true,
        "parent": "00000000-0000-0000-0000-000000000000",
        "bic": "07       ",
        "swift": "",
        "name": "СТАВРОПОЛЬСКИЙ КРАЙ",
        "corrAccount": "",
        "address": "",
        "city": "",
        "phones": "",
        "country": "",
        "countryCode": "",
        "activityDiscontinued": ""
    },
    {
        "guid": "78ddabec-ca67-11e5-826c-605718cb5baa",
        "archive": false,
        "dateOutputArchive": "0001-01-01T00:00:00Z",
        "thisGroup": false,
        "parent": "78ddabeb-ca67-11e5-826c-605718cb5baa",
        "bic": "040702001",
        "swift": "",
        "name": "ОТДЕЛЕНИЕ СТАВРОПОЛЬ",
        "corrAccount": "",
        "address": "УЛ ЛЕНИНА, 286",
        "city": "Г. СТАВРОПОЛЬ",
        "phones": "(8652)224803,224804",
        "country": "4e127564-d74f-4dd9-bced-0327f0f4e061",
        "countryCode": "643",
        "activityDiscontinued": false
    },
    {
        "guid": "78ddabed-ca67-11e5-826c-605718cb5baa",
        "archive": false,
        "dateOutputArchive": "0001-01-01T00:00:00Z",
        "thisGroup": false,
        "parent": "78ddabe5-ca67-11e5-826c-605718cb5baa",
        "bic": "044525212",
        "swift": "",
        "name": "КУ КБ \"ТРАНСИНВЕСТБАНК\" (ООО) - ГК \"АСВ\"",
        "corrAccount": "30101810645250000212",
        "address": "УЛ ВЫСОЦКОГО, 4",
        "city": "Г. МОСКВА",
        "phones": "(495)9612526",
        "country": "4e127564-d74f-4dd9-bced-0327f0f4e061",
        "countryCode": "643",
        "activityDiscontinued": false
    },
    {
        "guid": "78ddabee-ca67-11e5-826c-605718cb5baa",
        "archive": "",
        "dateOutputArchive": "",
        "thisGroup": true,
        "parent": "00000000-0000-0000-0000-000000000000",
        "bic": "54       ",
        "swift": "",
        "name": "ОРЛОВСКАЯ ОБЛАСТЬ",
        "corrAccount": "",
        "address": "",
        "city": "",
        "phones": "",
        "country": "",
        "countryCode": "",
        "activityDiscontinued": ""
    },
    {
        "guid": "78ddabef-ca67-11e5-826c-605718cb5baa",
        "archive": false,
        "dateOutputArchive": "0001-01-01T00:00:00Z",
        "thisGroup": false,
        "parent": "78ddabee-ca67-11e5-826c-605718cb5baa",
        "bic": "045402751",
        "swift": "",
        "name": "ОРЛОВСКИЙ РФ АО \"РОССЕЛЬХОЗБАНК\"",
        "corrAccount": "30101810700000000751",
        "address": "УЛ МОСКОВСКАЯ, 31 ЛИТ А",
        "city": "Г. ОРЁЛ",
        "phones": "(4862)541054,735788",
        "country": "4e127564-d74f-4dd9-bced-0327f0f4e061",
        "countryCode": "643",
        "activityDiscontinued": false
    },
    {
        "guid": "78ddabf0-ca67-11e5-826c-605718cb5baa",
        "archive": "",
        "dateOutputArchive": "",
        "thisGroup": true,
        "parent": "00000000-0000-0000-0000-000000000000",
        "bic": "17       ",
        "swift": "",
        "name": "ВЛАДИМИРСКАЯ ОБЛАСТЬ",
        "corrAccount": "",
        "address": "",
        "city": "",
        "phones": "",
        "country": "",
        "countryCode": "",
        "activityDiscontinued": ""
    },
    {
        "guid": "78ddabf1-ca67-11e5-826c-605718cb5baa",
        "archive": false,
        "dateOutputArchive": "0001-01-01T00:00:00Z",
        "thisGroup": false,
        "parent": "78ddabf0-ca67-11e5-826c-605718cb5baa",
        "bic": "041708717",
        "swift": "",
        "name": "ФИЛИАЛ АО \"РОСТ БАНК\" В Г.ВЛАДИМИРЕ",
        "corrAccount": "30101810517080000717",
        "address": "",
        "city": "Г. ВЛАДИМИР",
        "phones": "",
        "country": "00000000-0000-0000-0000-000000000000",
        "countryCode": "",
        "activityDiscontinued": true
    },
    {
        "guid": "78ddabf2-ca67-11e5-826c-605718cb5baa",
        "archive": "",
        "dateOutputArchive": "",
        "thisGroup": true,
        "parent": "00000000-0000-0000-0000-000000000000",
        "bic": "36       ",
        "swift": "",
        "name": "САМАРСКАЯ ОБЛАСТЬ",
        "corrAccount": "",
        "address": "",
        "city": "",
        "phones": "",
        "country": "",
        "countryCode": "",
        "activityDiscontinued": ""
    },
    {
        "guid": "78ddac7c-ca67-11e5-826c-605718cb5baa",
        "archive": false,
        "dateOutputArchive": "0001-01-01T00:00:00Z",
        "thisGroup": false,
        "parent": "78ddac17-ca67-11e5-826c-605718cb5baa",
        "bic": "046027835",
        "swift": "",
        "name": "ООО \"РУССКИЙ НАЦИОНАЛЬНЫЙ БАНК\"",
        "corrAccount": "30101810700000000835",
        "address": "",
        "city": "Г. РОСТОВ-НА-ДОНУ",
        "phones": "",
        "country": "00000000-0000-0000-0000-000000000000",
        "countryCode": "",
        "activityDiscontinued": true
    },
    {
        "guid": "78ddabf3-ca67-11e5-826c-605718cb5baa",
        "archive": false,
        "dateOutputArchive": "0001-01-01T00:00:00Z",
        "thisGroup": false,
        "parent": "78ddabf2-ca67-11e5-826c-605718cb5baa",
        "bic": "043601917",
        "swift": "GAZPRUMM037",
        "name": "Ф-Л БАНКА ГПБ (АО) \"ПОВОЛЖСКИЙ\"",
        "corrAccount": "30101810000000000917",
        "address": "УЛ НОВО-САДОВАЯ, 106 А, СТР 1",
        "city": "Г. САМАРА",
        "phones": "(846)3396945,3396946",
        "country": "4e127564-d74f-4dd9-bced-0327f0f4e061",
        "countryCode": "643",
        "activityDiscontinued": false
    },
    {
        "guid": "78ddabf4-ca67-11e5-826c-605718cb5baa",
        "archive": false,
        "dateOutputArchive": "0001-01-01T00:00:00Z",
        "thisGroup": false,
        "parent": "78ddabe5-ca67-11e5-826c-605718cb5baa",
        "bic": "044525225",
        "swift": "SABRRUMMXXX",
        "name": "ПАО СБЕРБАНК",
        "corrAccount": "30101810400000000225",
        "address": "УЛ ВАВИЛОВА, 19",
        "city": "Г. МОСКВА",
        "phones": "(495)5005550,88005555550",
        "country": "4e127564-d74f-4dd9-bced-0327f0f4e061",
        "countryCode": "643",
        "activityDiscontinued": false
    },
    {
        "guid": "78ddabf5-ca67-11e5-826c-605718cb5baa",
        "archive": "",
        "dateOutputArchive": "",
        "thisGroup": true,
        "parent": "00000000-0000-0000-0000-000000000000",
        "bic": "87       ",
        "swift": "",
        "name": "РЕСПУБЛИКА КОМИ",
        "corrAccount": "",
        "address": "",
        "city": "",
        "phones": "",
        "country": "",
        "countryCode": "",
        "activityDiscontinued": ""
    },
    {
        "guid": "78ddabf6-ca67-11e5-826c-605718cb5baa",
        "archive": false,
        "dateOutputArchive": "0001-01-01T00:00:00Z",
        "thisGroup": false,
        "parent": "78ddabf5-ca67-11e5-826c-605718cb5baa",
        "bic": "048723000",
        "swift": "",
        "name": "РКЦ УСИНСК",
        "corrAccount": "",
        "address": "УЛ НЕФТЯНИКОВ, 30",
        "city": "Г. УСИНСК",
        "phones": "(82144)41735,41445",
        "country": "4e127564-d74f-4dd9-bced-0327f0f4e061",
        "countryCode": "643",
        "activityDiscontinued": false
    },
    {
        "guid": "78ddabf8-ca67-11e5-826c-605718cb5baa",
        "archive": false,
        "dateOutputArchive": "0001-01-01T00:00:00Z",
        "thisGroup": false,
        "parent": "78ddabf7-ca67-11e5-826c-605718cb5baa",
        "bic": "045354860",
        "swift": "FORHRU33XXX",
        "name": "АКБ \"ФОРШТАДТ\" (АО)",
        "corrAccount": "30101810700000000860",
        "address": "УЛ ЧКАЛОВА, 35/1",
        "city": "Г. ОРЕНБУРГ",
        "phones": "(3532)980486,980412",
        "country": "4e127564-d74f-4dd9-bced-0327f0f4e061",
        "countryCode": "643",
        "activityDiscontinued": false
    },
    {
        "guid": "78ddabf9-ca67-11e5-826c-605718cb5baa",
        "archive": "",
        "dateOutputArchive": "",
        "thisGroup": true,
        "parent": "00000000-0000-0000-0000-000000000000",
        "bic": "69       ",
        "swift": "",
        "name": "ТОМСКАЯ ОБЛАСТЬ",
        "corrAccount": "",
        "address": "",
        "city": "",
        "phones": "",
        "country": "",
        "countryCode": "",
        "activityDiscontinued": ""
    },
    {
        "guid": "78ddabfa-ca67-11e5-826c-605718cb5baa",
        "archive": false,
        "dateOutputArchive": "0001-01-01T00:00:00Z",
        "thisGroup": false,
        "parent": "78ddabf9-ca67-11e5-826c-605718cb5baa",
        "bic": "046900000",
        "swift": "",
        "name": "РКЦ КОЛПАШЕВО",
        "corrAccount": "",
        "address": "",
        "city": "Г. КОЛПАШЕВО",
        "phones": "",
        "country": "00000000-0000-0000-0000-000000000000",
        "countryCode": "",
        "activityDiscontinued": true
    },
    {
        "guid": "78ddabfb-ca67-11e5-826c-605718cb5baa",
        "archive": false,
        "dateOutputArchive": "0001-01-01T00:00:00Z",
        "thisGroup": false,
        "parent": "78ddabe1-ca67-11e5-826c-605718cb5baa",
        "bic": "044030752",
        "swift": "",
        "name": "САНКТ-ПЕТЕРБУРГСКИЙ ФИЛИАЛ \"БАНК СГБ\"",
        "corrAccount": "30101810100000000752",
        "address": "УЛ. МАРШАЛА ГОВОРОВА, 35 ЛИТ А",
        "city": "Г. САНКТ-ПЕТЕРБУРГ",
        "phones": "(812)3365900",
        "country": "4e127564-d74f-4dd9-bced-0327f0f4e061",
        "countryCode": "643",
        "activityDiscontinued": false
    },
    {
        "guid": "78ddabfc-ca67-11e5-826c-605718cb5baa",
        "archive": false,
        "dateOutputArchive": "0001-01-01T00:00:00Z",
        "thisGroup": false,
        "parent": "78ddabe5-ca67-11e5-826c-605718cb5baa",
        "bic": "044525102",
        "swift": "IKBARUMMXXX",
        "name": "АО \"ДЕНИЗБАНК МОСКВА\"",
        "corrAccount": "30101810400000000102",
        "address": "2-Я ЗВЕНИГОРОД УЛ, 13, СТР 42",
        "city": "Г. МОСКВА",
        "phones": "(495)7251020",
        "country": "4e127564-d74f-4dd9-bced-0327f0f4e061",
        "countryCode": "643",
        "activityDiscontinued": false
    },
    {
        "guid": "78ddabfd-ca67-11e5-826c-605718cb5baa",
        "archive": "",
        "dateOutputArchive": "",
        "thisGroup": true,
        "parent": "00000000-0000-0000-0000-000000000000",
        "bic": "63       ",
        "swift": "",
        "name": "САРАТОВСКАЯ ОБЛАСТЬ",
        "corrAccount": "",
        "address": "",
        "city": "",
        "phones": "",
        "country": "",
        "countryCode": "",
        "activityDiscontinued": ""
    },
    {
        "guid": "78ddabfe-ca67-11e5-826c-605718cb5baa",
        "archive": false,
        "dateOutputArchive": "0001-01-01T00:00:00Z",
        "thisGroup": false,
        "parent": "78ddabfd-ca67-11e5-826c-605718cb5baa",
        "bic": "046380002",
        "swift": "",
        "name": "ПУ БАНКА РОССИИ ВОЛЖСКОЕ",
        "corrAccount": "",
        "address": "",
        "city": "П. СВЕТЛЫЙ",
        "phones": "(84558)33215",
        "country": "4e127564-d74f-4dd9-bced-0327f0f4e061",
        "countryCode": "643",
        "activityDiscontinued": false
    },
    {
        "guid": "78ddabff-ca67-11e5-826c-605718cb5baa",
        "archive": false,
        "dateOutputArchive": "0001-01-01T00:00:00Z",
        "thisGroup": false,
        "parent": "78ddabe5-ca67-11e5-826c-605718cb5baa",
        "bic": "044583695",
        "swift": "",
        "name": "КУ ОАО БАНК \"СОДРУЖЕСТВО\"-ГК \"АСВ\"",
        "corrAccount": "30101810700000000695",
        "address": "",
        "city": "Г. МОСКВА",
        "phones": "",
        "country": "00000000-0000-0000-0000-000000000000",
        "countryCode": "",
        "activityDiscontinued": true
    },
    {
        "guid": "78ddac00-ca67-11e5-826c-605718cb5baa",
        "archive": "",
        "dateOutputArchive": "",
        "thisGroup": true,
        "parent": "00000000-0000-0000-0000-000000000000",
        "bic": "82       ",
        "swift": "",
        "name": "РЕСПУБЛИКА ДАГЕСТАН",
        "corrAccount": "",
        "address": "",
        "city": "",
        "phones": "",
        "country": "",
        "countryCode": "",
        "activityDiscontinued": ""
    },
    {
        "guid": "78ddac01-ca67-11e5-826c-605718cb5baa",
        "archive": false,
        "dateOutputArchive": "0001-01-01T00:00:00Z",
        "thisGroup": false,
        "parent": "78ddac00-ca67-11e5-826c-605718cb5baa",
        "bic": "048209870",
        "swift": "",
        "name": "ЛИКВ ООО РНКО \"УМУТ\"",
        "corrAccount": "30103810400000000870",
        "address": "УЛ КАЛИНИНА, 4",
        "city": "Г. ХАСАВЮРТ",
        "phones": "(87231)51268,51667",
        "country": "4e127564-d74f-4dd9-bced-0327f0f4e061",
        "countryCode": "643",
        "activityDiscontinued": false
    },
    {
        "guid": "78ddac02-ca67-11e5-826c-605718cb5baa",
        "archive": "",
        "dateOutputArchive": "",
        "thisGroup": true,
        "parent": "00000000-0000-0000-0000-000000000000",
        "bic": "28       ",
        "swift": "",
        "name": "ТВЕРСКАЯ ОБЛАСТЬ",
        "corrAccount": "",
        "address": "",
        "city": "",
        "phones": "",
        "country": "",
        "countryCode": "",
        "activityDiscontinued": ""
    },
    {
        "guid": "78ddac03-ca67-11e5-826c-605718cb5baa",
        "archive": false,
        "dateOutputArchive": "0001-01-01T00:00:00Z",
        "thisGroup": false,
        "parent": "78ddac02-ca67-11e5-826c-605718cb5baa",
        "bic": "042809909",
        "swift": "",
        "name": "ТВЕРСКОЙ ФИЛИАЛ АБ \"РОССИЯ\"",
        "corrAccount": "30101810700000000909",
        "address": "УЛ КРЫЛОВА, 40/29",
        "city": "Г. ТВЕРЬ",
        "phones": "(4822)347569",
        "country": "4e127564-d74f-4dd9-bced-0327f0f4e061",
        "countryCode": "643",
        "activityDiscontinued": false
    },
    {
        "guid": "78ddac04-ca67-11e5-826c-605718cb5baa",
        "archive": false,
        "dateOutputArchive": "0001-01-01T00:00:00Z",
        "thisGroup": false,
        "parent": "78ddac00-ca67-11e5-826c-605718cb5baa",
        "bic": "048209989",
        "swift": "",
        "name": "ФИЛИАЛ ИКБ \"ЭНТУЗИАСТБАНК\" ООО-КИЗЛЯР",
        "corrAccount": "30101810882090000989",
        "address": "",
        "city": "Г. КИЗЛЯР",
        "phones": "",
        "country": "00000000-0000-0000-0000-000000000000",
        "countryCode": "",
        "activityDiscontinued": true
    },
    {
        "guid": "78ddac05-ca67-11e5-826c-605718cb5baa",
        "archive": false,
        "dateOutputArchive": "0001-01-01T00:00:00Z",
        "thisGroup": false,
        "parent": "78ddabe5-ca67-11e5-826c-605718cb5baa",
        "bic": "044583844",
        "swift": "",
        "name": "КУ КОММЕРЧЕСКИЙ БАНК \"СДБ\" (ООО) ГК \"АСВ\"",
        "corrAccount": "30101810700000000844",
        "address": "",
        "city": "Г. МОСКВА",
        "phones": "",
        "country": "00000000-0000-0000-0000-000000000000",
        "countryCode": "",
        "activityDiscontinued": true
    },
    {
        "guid": "78ddac06-ca67-11e5-826c-605718cb5baa",
        "archive": false,
        "dateOutputArchive": "0001-01-01T00:00:00Z",
        "thisGroup": false,
        "parent": "78ddabe5-ca67-11e5-826c-605718cb5baa",
        "bic": "044525938",
        "swift": "",
        "name": "МОСКОВСКИЙ ФИЛИАЛ АО АКБ \"ТЕКСБАНК\"",
        "corrAccount": "30101810945250000938",
        "address": "ОЛИМПИЙСКИЙ ПР-Т, 26, СТР 1",
        "city": "Г. МОСКВА",
        "phones": "(495)6480048",
        "country": "4e127564-d74f-4dd9-bced-0327f0f4e061",
        "countryCode": "643",
        "activityDiscontinued": false
    },
    {
        "guid": "78ddac07-ca67-11e5-826c-605718cb5baa",
        "archive": "",
        "dateOutputArchive": "",
        "thisGroup": true,
        "parent": "00000000-0000-0000-0000-000000000000",
        "bic": "50       ",
        "swift": "",
        "name": "НОВОСИБИРСКАЯ ОБЛАСТЬ",
        "corrAccount": "",
        "address": "",
        "city": "",
        "phones": "",
        "country": "",
        "countryCode": "",
        "activityDiscontinued": ""
    },
    {
        "guid": "78ddac08-ca67-11e5-826c-605718cb5baa",
        "archive": false,
        "dateOutputArchive": "0001-01-01T00:00:00Z",
        "thisGroup": false,
        "parent": "78ddac07-ca67-11e5-826c-605718cb5baa",
        "bic": "045004747",
        "swift": "",
        "name": "ФИЛИАЛ \"НОВОСИБИРСКИЙ\" АО \"ГЛОБЭКСБАНК\"",
        "corrAccount": "30101810150040000747",
        "address": "УЛ ВОКЗАЛЬНАЯ МАГИСТРАЛЬ, 8 А",
        "city": "Г. НОВОСИБИРСК",
        "phones": "(383)2181508",
        "country": "4e127564-d74f-4dd9-bced-0327f0f4e061",
        "countryCode": "643",
        "activityDiscontinued": false
    },
    {
        "guid": "78ddac09-ca67-11e5-826c-605718cb5baa",
        "archive": "",
        "dateOutputArchive": "",
        "thisGroup": true,
        "parent": "00000000-0000-0000-0000-000000000000",
        "bic": "65       ",
        "swift": "",
        "name": "СВЕРДЛОВСКАЯ ОБЛАСТЬ",
        "corrAccount": "",
        "address": "",
        "city": "",
        "phones": "",
        "country": "",
        "countryCode": "",
        "activityDiscontinued": ""
    },
    {
        "guid": "78ddac0a-ca67-11e5-826c-605718cb5baa",
        "archive": false,
        "dateOutputArchive": "0001-01-01T00:00:00Z",
        "thisGroup": false,
        "parent": "78ddac09-ca67-11e5-826c-605718cb5baa",
        "bic": "046577907",
        "swift": "",
        "name": "ЕКАТЕРИНБУРГСКИЙ ФИЛИАЛ ПАО \"АК БАРС\" БАНК",
        "corrAccount": "30101810400000000907",
        "address": "ПР-Т ЛЕНИНА, 20",
        "city": "Г. ЕКАТЕРИНБУРГ",
        "phones": "(343)3556015",
        "country": "4e127564-d74f-4dd9-bced-0327f0f4e061",
        "countryCode": "643",
        "activityDiscontinued": false
    },
    {
        "guid": "78ddac0b-ca67-11e5-826c-605718cb5baa",
        "archive": "",
        "dateOutputArchive": "",
        "thisGroup": true,
        "parent": "00000000-0000-0000-0000-000000000000",
        "bic": "47       ",
        "swift": "",
        "name": "МУРМАНСКАЯ ОБЛАСТЬ",
        "corrAccount": "",
        "address": "",
        "city": "",
        "phones": "",
        "country": "",
        "countryCode": "",
        "activityDiscontinued": ""
    },
    {
        "guid": "78ddac0c-ca67-11e5-826c-605718cb5baa",
        "archive": false,
        "dateOutputArchive": "0001-01-01T00:00:00Z",
        "thisGroup": false,
        "parent": "78ddac0b-ca67-11e5-826c-605718cb5baa",
        "bic": "044705824",
        "swift": "",
        "name": "ФИЛИАЛ ПАО \"ОФК БАНК\" В МУРМАНСКЕ",
        "corrAccount": "30101810900000000824",
        "address": "",
        "city": "Г. МУРМАНСК",
        "phones": "",
        "country": "00000000-0000-0000-0000-000000000000",
        "countryCode": "",
        "activityDiscontinued": true
    },
    {
        "guid": "78ddac0d-ca67-11e5-826c-605718cb5baa",
        "archive": "",
        "dateOutputArchive": "",
        "thisGroup": true,
        "parent": "00000000-0000-0000-0000-000000000000",
        "bic": "19       ",
        "swift": "",
        "name": "ВОЛОГОДСКАЯ ОБЛАСТЬ",
        "corrAccount": "",
        "address": "",
        "city": "",
        "phones": "",
        "country": "",
        "countryCode": "",
        "activityDiscontinued": ""
    },
    {
        "guid": "78ddac0e-ca67-11e5-826c-605718cb5baa",
        "archive": false,
        "dateOutputArchive": "0001-01-01T00:00:00Z",
        "thisGroup": false,
        "parent": "78ddac0d-ca67-11e5-826c-605718cb5baa",
        "bic": "041909708",
        "swift": "",
        "name": "КУ НКО \"КРЕДИТАЛЬЯНС\" (ООО)",
        "corrAccount": "30103810200000000708",
        "address": "",
        "city": "Г. ВОЛОГДА",
        "phones": "",
        "country": "00000000-0000-0000-0000-000000000000",
        "countryCode": "",
        "activityDiscontinued": true
    },
    {
        "guid": "78ddac0f-ca67-11e5-826c-605718cb5baa",
        "archive": "",
        "dateOutputArchive": "",
        "thisGroup": true,
        "parent": "00000000-0000-0000-0000-000000000000",
        "bic": "03       ",
        "swift": "",
        "name": "КРАСНОДАРСКИЙ КРАЙ",
        "corrAccount": "",
        "address": "",
        "city": "",
        "phones": "",
        "country": "",
        "countryCode": "",
        "activityDiscontinued": ""
    },
    {
        "guid": "78ddac10-ca67-11e5-826c-605718cb5baa",
        "archive": false,
        "dateOutputArchive": "0001-01-01T00:00:00Z",
        "thisGroup": false,
        "parent": "78ddac0f-ca67-11e5-826c-605718cb5baa",
        "bic": "040349749",
        "swift": "",
        "name": "КРАСНОДАРСКИЙ ФИЛИАЛ ТКБ БАНК ПАО",
        "corrAccount": "30101810500000000749",
        "address": "УЛ ФРУНЗЕ, 169",
        "city": "Г. КРАСНОДАР",
        "phones": "(861)2104542,2104546",
        "country": "4e127564-d74f-4dd9-bced-0327f0f4e061",
        "countryCode": "643",
        "activityDiscontinued": false
    },
    {
        "guid": "78ddac11-ca67-11e5-826c-605718cb5baa",
        "archive": false,
        "dateOutputArchive": "0001-01-01T00:00:00Z",
        "thisGroup": false,
        "parent": "78ddabf5-ca67-11e5-826c-605718cb5baa",
        "bic": "048702731",
        "swift": "",
        "name": "ФИЛИАЛ КБ \"РОСПРОМБАНК\" (ООО) В Г. СЫКТЫВКАРЕ",
        "corrAccount": "30101810500000000731",
        "address": "",
        "city": "Г. СЫКТЫВКАР",
        "phones": "",
        "country": "00000000-0000-0000-0000-000000000000",
        "countryCode": "",
        "activityDiscontinued": true
    },
    {
        "guid": "78ddac12-ca67-11e5-826c-605718cb5baa",
        "archive": "",
        "dateOutputArchive": "",
        "thisGroup": true,
        "parent": "00000000-0000-0000-0000-000000000000",
        "bic": "20       ",
        "swift": "",
        "name": "ВОРОНЕЖСКАЯ ОБЛАСТЬ",
        "corrAccount": "",
        "address": "",
        "city": "",
        "phones": "",
        "country": "",
        "countryCode": "",
        "activityDiscontinued": ""
    },
    {
        "guid": "78ddac13-ca67-11e5-826c-605718cb5baa",
        "archive": false,
        "dateOutputArchive": "0001-01-01T00:00:00Z",
        "thisGroup": false,
        "parent": "78ddac12-ca67-11e5-826c-605718cb5baa",
        "bic": "042007001",
        "swift": "",
        "name": "ОТДЕЛЕНИЕ ВОРОНЕЖ",
        "corrAccount": "",
        "address": "УЛ ТЕАТРАЛЬНАЯ, 36",
        "city": "Г. ВОРОНЕЖ",
        "phones": "(473)2555820,2699990",
        "country": "4e127564-d74f-4dd9-bced-0327f0f4e061",
        "countryCode": "643",
        "activityDiscontinued": false
    },
    {
        "guid": "78ddac14-ca67-11e5-826c-605718cb5baa",
        "archive": "",
        "dateOutputArchive": "",
        "thisGroup": true,
        "parent": "00000000-0000-0000-0000-000000000000",
        "bic": "76       ",
        "swift": "",
        "name": "ЗАБАЙКАЛЬСКИЙ КРАЙ",
        "corrAccount": "",
        "address": "",
        "city": "",
        "phones": "",
        "country": "",
        "countryCode": "",
        "activityDiscontinued": ""
    },
    {
        "guid": "78ddac15-ca67-11e5-826c-605718cb5baa",
        "archive": false,
        "dateOutputArchive": "0001-01-01T00:00:00Z",
        "thisGroup": false,
        "parent": "78ddac14-ca67-11e5-826c-605718cb5baa",
        "bic": "047601637",
        "swift": "SABRRU66CHT",
        "name": "ЧИТИНСКОЕ ОТДЕЛЕНИЕ  N8600 ПАО СБЕРБАНК",
        "corrAccount": "30101810500000000637",
        "address": "УЛ ПОЛИНЫ ОСИПЕНКО, 40",
        "city": "Г. ЧИТА",
        "phones": "(3022)336111",
        "country": "4e127564-d74f-4dd9-bced-0327f0f4e061",
        "countryCode": "643",
        "activityDiscontinued": false
    },
    {
        "guid": "78ddac16-ca67-11e5-826c-605718cb5baa",
        "archive": false,
        "dateOutputArchive": "0001-01-01T00:00:00Z",
        "thisGroup": false,
        "parent": "78ddabdb-ca67-11e5-826c-605718cb5baa",
        "bic": "043209770",
        "swift": "NOOBRU55XXX",
        "name": "ООО \"НОВОКИБ\"",
        "corrAccount": "30101810900000000770",
        "address": "УЛ КИРОВА, 69",
        "city": "Г. НОВОКУЗНЕЦК",
        "phones": "(3843)539698,459267",
        "country": "4e127564-d74f-4dd9-bced-0327f0f4e061",
        "countryCode": "643",
        "activityDiscontinued": false
    },
    {
        "guid": "78ddac17-ca67-11e5-826c-605718cb5baa",
        "archive": "",
        "dateOutputArchive": "",
        "thisGroup": true,
        "parent": "00000000-0000-0000-0000-000000000000",
        "bic": "60       ",
        "swift": "",
        "name": "РОСТОВСКАЯ ОБЛАСТЬ",
        "corrAccount": "",
        "address": "",
        "city": "",
        "phones": "",
        "country": "",
        "countryCode": "",
        "activityDiscontinued": ""
    },
    {
        "guid": "78ddac18-ca67-11e5-826c-605718cb5baa",
        "archive": false,
        "dateOutputArchive": "0001-01-01T00:00:00Z",
        "thisGroup": false,
        "parent": "78ddac17-ca67-11e5-826c-605718cb5baa",
        "bic": "046015293",
        "swift": "",
        "name": "РОСТОВСКИЙ ФИЛИАЛ НКО \"ИНКАХРАН\" (АО)",
        "corrAccount": "30103810860150000293",
        "address": "",
        "city": "Г. РОСТОВ-НА-ДОНУ",
        "phones": "",
        "country": "00000000-0000-0000-0000-000000000000",
        "countryCode": "",
        "activityDiscontinued": true
    },
    {
        "guid": "78ddac19-ca67-11e5-826c-605718cb5baa",
        "archive": false,
        "dateOutputArchive": "0001-01-01T00:00:00Z",
        "thisGroup": false,
        "parent": "78ddac07-ca67-11e5-826c-605718cb5baa",
        "bic": "045004775",
        "swift": "",
        "name": "НОВОСИБИРСКИЙ ФИЛИАЛ ПАО \"БИНБАНК\"",
        "corrAccount": "30101810850040000775",
        "address": "",
        "city": "Г. НОВОСИБИРСК",
        "phones": "",
        "country": "00000000-0000-0000-0000-000000000000",
        "countryCode": "",
        "activityDiscontinued": true
    },
    {
        "guid": "78ddac1a-ca67-11e5-826c-605718cb5baa",
        "archive": false,
        "dateOutputArchive": "0001-01-01T00:00:00Z",
        "thisGroup": false,
        "parent": "78ddabe5-ca67-11e5-826c-605718cb5baa",
        "bic": "044583138",
        "swift": "",
        "name": "ООО КБ \"РАСЧЕТНЫЙ ДОМ\"",
        "corrAccount": "30101810500000000138",
        "address": "",
        "city": "Г. МОСКВА",
        "phones": "",
        "country": "00000000-0000-0000-0000-000000000000",
        "countryCode": "",
        "activityDiscontinued": true
    },
    {
        "guid": "78ddac1b-ca67-11e5-826c-605718cb5baa",
        "archive": false,
        "dateOutputArchive": "0001-01-01T00:00:00Z",
        "thisGroup": false,
        "parent": "78ddabe5-ca67-11e5-826c-605718cb5baa",
        "bic": "044525762",
        "swift": "",
        "name": "КУ КБ \"ЕВРОТРАСТ\" (ЗАО) ГК \"АСВ\"",
        "corrAccount": "30101810400000000762",
        "address": "УЛ ВЫСОЦКОГО, 4",
        "city": "Г. МОСКВА",
        "phones": "(495)9612526",
        "country": "4e127564-d74f-4dd9-bced-0327f0f4e061",
        "countryCode": "643",
        "activityDiscontinued": false
    },
    {
        "guid": "78ddaca1-ca67-11e5-826c-605718cb5baa",
        "archive": "",
        "dateOutputArchive": "",
        "thisGroup": true,
        "parent": "00000000-0000-0000-0000-000000000000",
        "bic": "37       ",
        "swift": "",
        "name": "КУРГАНСКАЯ ОБЛАСТЬ",
        "corrAccount": "",
        "address": "",
        "city": "",
        "phones": "",
        "country": "",
        "countryCode": "",
        "activityDiscontinued": ""
    },
    {
        "guid": "78ddac1d-ca67-11e5-826c-605718cb5baa",
        "archive": false,
        "dateOutputArchive": "0001-01-01T00:00:00Z",
        "thisGroup": false,
        "parent": "78ddabe5-ca67-11e5-826c-605718cb5baa",
        "bic": "044525235",
        "swift": "",
        "name": "КУ ООО \"М ПЛЮС\" ГК \"АСВ\"",
        "corrAccount": "30101810745250000235",
        "address": "УЛ ВЫСОЦКОГО, 4",
        "city": "Г. МОСКВА",
        "phones": "(495)9612526",
        "country": "4e127564-d74f-4dd9-bced-0327f0f4e061",
        "countryCode": "643",
        "activityDiscontinued": false
    },
    {
        "guid": "78ddac1e-ca67-11e5-826c-605718cb5baa",
        "archive": false,
        "dateOutputArchive": "0001-01-01T00:00:00Z",
        "thisGroup": false,
        "parent": "78ddabe5-ca67-11e5-826c-605718cb5baa",
        "bic": "044583701",
        "swift": "",
        "name": "ООО НКО \"ДЕНЬГИ.МЭЙЛ.РУ\"",
        "corrAccount": "30103810100000000701",
        "address": "",
        "city": "Г. МОСКВА",
        "phones": "",
        "country": "00000000-0000-0000-0000-000000000000",
        "countryCode": "",
        "activityDiscontinued": true
    },
    {
        "guid": "78ddac1f-ca67-11e5-826c-605718cb5baa",
        "archive": false,
        "dateOutputArchive": "0001-01-01T00:00:00Z",
        "thisGroup": false,
        "parent": "78ddabe1-ca67-11e5-826c-605718cb5baa",
        "bic": "044030769",
        "swift": "",
        "name": "КУ ОАО КБ \"ПЕТРО-АЭРО-БАНК\"-ГК \"АСВ\"",
        "corrAccount": "30101810300000000769",
        "address": "",
        "city": "Г. САНКТ-ПЕТЕРБУРГ",
        "phones": "",
        "country": "00000000-0000-0000-0000-000000000000",
        "countryCode": "",
        "activityDiscontinued": true
    },
    {
        "guid": "e8b018e6-ca8b-11e5-826c-605718cb5baa",
        "archive": false,
        "dateOutputArchive": "0001-01-01T00:00:00Z",
        "thisGroup": false,
        "parent": "78ddac9c-ca67-11e5-826c-605718cb5baa",
        "bic": "040481000",
        "swift": "",
        "name": "РКЦ АЧИНСК",
        "corrAccount": "",
        "address": "",
        "city": "Г. АЧИНСК",
        "phones": "",
        "country": "00000000-0000-0000-0000-000000000000",
        "countryCode": "",
        "activityDiscontinued": true
    },
    {
        "guid": "78ddac20-ca67-11e5-826c-605718cb5baa",
        "archive": false,
        "dateOutputArchive": "0001-01-01T00:00:00Z",
        "thisGroup": false,
        "parent": "78ddac0f-ca67-11e5-826c-605718cb5baa",
        "bic": "040396844",
        "swift": "",
        "name": "КОНКУРСНЫЙ УПРАВЛЯЮЩИЙ ООО КИИБ\"СОЧИ\"-ГК\"АСВ\"",
        "corrAccount": "30101810700000000844",
        "address": "УЛ ВЫСОЦКОГО, 4",
        "city": "Г. МОСКВА",
        "phones": "(495)7253117",
        "country": "4e127564-d74f-4dd9-bced-0327f0f4e061",
        "countryCode": "643",
        "activityDiscontinued": false
    },
    {
        "guid": "78ddac21-ca67-11e5-826c-605718cb5baa",
        "archive": "",
        "dateOutputArchive": "",
        "thisGroup": true,
        "parent": "00000000-0000-0000-0000-000000000000",
        "bic": "22       ",
        "swift": "",
        "name": "НИЖЕГОРОДСКАЯ ОБЛАСТЬ",
        "corrAccount": "",
        "address": "",
        "city": "",
        "phones": "",
        "country": "",
        "countryCode": "",
        "activityDiscontinued": ""
    },
    {
        "guid": "78ddac22-ca67-11e5-826c-605718cb5baa",
        "archive": false,
        "dateOutputArchive": "0001-01-01T00:00:00Z",
        "thisGroup": false,
        "parent": "78ddac21-ca67-11e5-826c-605718cb5baa",
        "bic": "042202821",
        "swift": "",
        "name": "ФАКБ \"РОССИЙСКИЙ КАПИТАЛ\" (АО) НИЖЕГОРОДСКИЙ",
        "corrAccount": "30101810300000000821",
        "address": "УЛ ОШАРСКАЯ, 52",
        "city": "Г. НИЖНИЙ НОВГОРОД",
        "phones": "(831)2816345",
        "country": "4e127564-d74f-4dd9-bced-0327f0f4e061",
        "countryCode": "643",
        "activityDiscontinued": false
    },
    {
        "guid": "78ddac23-ca67-11e5-826c-605718cb5baa",
        "archive": false,
        "dateOutputArchive": "0001-01-01T00:00:00Z",
        "thisGroup": false,
        "parent": "78ddabe5-ca67-11e5-826c-605718cb5baa",
        "bic": "044525551",
        "swift": "ICBKRUMMXXX",
        "name": "АЙСИБИСИ БАНК (АО)",
        "corrAccount": "30101810200000000551",
        "address": "СЕРЕБРЯНИЧЕСКАЯ НАБ, 29",
        "city": "Г. МОСКВА",
        "phones": "(495)2873099",
        "country": "4e127564-d74f-4dd9-bced-0327f0f4e061",
        "countryCode": "643",
        "activityDiscontinued": false
    },
    {
        "guid": "78ddac24-ca67-11e5-826c-605718cb5baa",
        "archive": false,
        "dateOutputArchive": "0001-01-01T00:00:00Z",
        "thisGroup": false,
        "parent": "78ddabe5-ca67-11e5-826c-605718cb5baa",
        "bic": "044525476",
        "swift": "CBMWRUMMXXX",
        "name": "АО \"МОСКОМБАНК\"",
        "corrAccount": "30101810245250000476",
        "address": "УЛ 1-Я ФРУНЗЕНСКАЯ, 5",
        "city": "Г. МОСКВА",
        "phones": "(495)6091919",
        "country": "4e127564-d74f-4dd9-bced-0327f0f4e061",
        "countryCode": "643",
        "activityDiscontinued": false
    },
    {
        "guid": "78ddac25-ca67-11e5-826c-605718cb5baa",
        "archive": "",
        "dateOutputArchive": "",
        "thisGroup": true,
        "parent": "00000000-0000-0000-0000-000000000000",
        "bic": "00       ",
        "swift": "",
        "name": "ТЕРРИТОРИЯ НЕ ОПРЕДЕЛЕНА",
        "corrAccount": "",
        "address": "",
        "city": "",
        "phones": "",
        "country": "",
        "countryCode": "",
        "activityDiscontinued": ""
    },
    {
        "guid": "78ddac26-ca67-11e5-826c-605718cb5baa",
        "archive": false,
        "dateOutputArchive": "0001-01-01T00:00:00Z",
        "thisGroup": false,
        "parent": "78ddac25-ca67-11e5-826c-605718cb5baa",
        "bic": "040004002",
        "swift": "",
        "name": "ПУ БАНКА РОССИИ N 67903",
        "corrAccount": "",
        "address": "П/П 67903",
        "city": "",
        "phones": "",
        "country": "4e127564-d74f-4dd9-bced-0327f0f4e061",
        "countryCode": "643",
        "activityDiscontinued": false
    },
    {
        "guid": "78ddac27-ca67-11e5-826c-605718cb5baa",
        "archive": false,
        "dateOutputArchive": "0001-01-01T00:00:00Z",
        "thisGroup": false,
        "parent": "78ddac00-ca67-11e5-826c-605718cb5baa",
        "bic": "048209788",
        "swift": "",
        "name": "ФАКБ \"ИНВЕСТТОРГБАНК\" (ПАО) \"МАХАЧКАЛИНСКИЙ\"",
        "corrAccount": "30101810400000000788",
        "address": "",
        "city": "Г. МАХАЧКАЛА",
        "phones": "",
        "country": "00000000-0000-0000-0000-000000000000",
        "countryCode": "",
        "activityDiscontinued": true
    },
    {
        "guid": "78ddac28-ca67-11e5-826c-605718cb5baa",
        "archive": "",
        "dateOutputArchive": "",
        "thisGroup": true,
        "parent": "00000000-0000-0000-0000-000000000000",
        "bic": "94       ",
        "swift": "",
        "name": "УДМУРТСКАЯ РЕСПУБЛИКА",
        "corrAccount": "",
        "address": "",
        "city": "",
        "phones": "",
        "country": "",
        "countryCode": "",
        "activityDiscontinued": ""
    }
]
]]></system-out>
  </testcase>
  <testcase name="getBankList" classname="AutoTest.ClassifireIsAllRussianTest" time="1.231">
    <failure message="1 expectation failed.&#10;Response body doesn&apos;t match expectation.&#10;Expected: The content to match the given JSON schema.&#10;error: instance type (string) does not match any allowed primitive type (allowed: [&quot;boolean&quot;])&#10;    level: &quot;error&quot;&#10;    schema: {&quot;loadingURI&quot;:&quot;file:/C:/Users/Sasha/Api/target/test-classes/getBankList.json#&quot;,&quot;pointer&quot;:&quot;/items/properties/activityDiscontinued&quot;}&#10;    instance: {&quot;pointer&quot;:&quot;/13/activityDiscontinued&quot;}&#10;    domain: &quot;validation&quot;&#10;    keyword: &quot;type&quot;&#10;    found: &quot;string&quot;&#10;    expected: [&quot;boolean&quot;]&#10;error: string &quot;&quot; is too short (length: 0, required minimum: 1)&#10;    level: &quot;error&quot;&#10;    schema: {&quot;loadingURI&quot;:&quot;file:/C:/Users/Sasha/Api/target/test-classes/getBankList.json#&quot;,&quot;pointer&quot;:&quot;/items/properties/address&quot;}&#10;    instance: {&quot;pointer&quot;:&quot;/13/address&quot;}&#10;    domain: &quot;validation&quot;&#10;    keyword: &quot;minLength&quot;&#10;    value: &quot;&quot;&#10;    found: 0&#10;    minLength: 1&#10;error: instance type (string) does not match any allowed primitive type (allowed: [&quot;boolean&quot;])&#10;    level: &quot;error&quot;&#10;    schema: {&quot;loadingURI&quot;:&quot;file:/C:/Users/Sasha/Api/target/test-classes/getBankList.json#&quot;,&quot;pointer&quot;:&quot;/items/properties/archive&quot;}&#10;    instance: {&quot;pointer&quot;:&quot;/13/archive&quot;}&#10;    domain: &quot;validation&quot;&#10;    keyword: &quot;type&quot;&#10;    found: &quot;string&quot;&#10;    expected: [&quot;boolean&quot;]&#10;error: string &quot;&quot; is too short (length: 0, required minimum: 1)&#10;    level: &quot;error&quot;&#10;    schema: {&quot;loadingURI&quot;:&quot;file:/C:/Users/Sasha/Api/target/test-classes/getBankList.json#&quot;,&quot;pointer&quot;:&quot;/items/properties/city&quot;}&#10;    instance: {&quot;pointer&quot;:&quot;/13/city&quot;}&#10;    domain: &quot;validation&quot;&#10;    keyword: &quot;minLength&quot;&#10;    value: &quot;&quot;&#10;    found: 0&#10;    minLength: 1&#10;error: string &quot;&quot; is too short (length: 0, required minimum: 20)&#10;    level: &quot;error&quot;&#10;    schema: {&quot;loadingURI&quot;:&quot;file:/C:/Users/Sasha/Api/target/test-classes/getBankList.json#&quot;,&quot;pointer&quot;:&quot;/items/properties/corrAccount&quot;}&#10;    instance: {&quot;pointer&quot;:&quot;/13/corrAccount&quot;}&#10;    domain: &quot;validation&quot;&#10;    keyword: &quot;minLength&quot;&#10;    value: &quot;&quot;&#10;    found: 0&#10;    minLength: 20&#10;error: string &quot;&quot; is too short (length: 0, required minimum: 36)&#10;    level: &quot;error&quot;&#10;    schema: {&quot;loadingURI&quot;:&quot;file:/C:/Users/Sasha/Api/target/test-classes/getBankList.json#&quot;,&quot;pointer&quot;:&quot;/items/properties/country&quot;}&#10;    instance: {&quot;pointer&quot;:&quot;/13/country&quot;}&#10;    domain: &quot;validation&quot;&#10;    keyword: &quot;minLength&quot;&#10;    value: &quot;&quot;&#10;    found: 0&#10;    minLength: 36&#10;error: string &quot;&quot; is too short (length: 0, required minimum: 3)&#10;    level: &quot;error&quot;&#10;    schema: {&quot;loadingURI&quot;:&quot;file:/C:/Users/Sasha/Api/target/test-classes/getBankList.json#&quot;,&quot;pointer&quot;:&quot;/items/properties/countryCode&quot;}&#10;    instance: {&quot;pointer&quot;:&quot;/13/countryCode&quot;}&#10;    domain: &quot;validation&quot;&#10;    keyword: &quot;minLength&quot;&#10;    value: &quot;&quot;&#10;    found: 0&#10;    minLength: 3&#10;error: string &quot;&quot; is too short (length: 0, required minimum: 10)&#10;    level: &quot;error&quot;&#10;    schema: {&quot;loadingURI&quot;:&quot;file:/C:/Users/Sasha/Api/target/test-classes/getBankList.json#&quot;,&quot;pointer&quot;:&quot;/items/properties/dateOutputArchive&quot;}&#10;    instance: {&quot;pointer&quot;:&quot;/13/dateOutputArchive&quot;}&#10;    domain: &quot;validation&quot;&#10;    keyword: &quot;minLength&quot;&#10;    value: &quot;&quot;&#10;    found: 0&#10;    minLength: 10&#10;&#10;  Actual: [{guid=979300ab-d82b-11e8-80bb-08002789bf51, archive=false, dateOutputArchive=0001-01-01T00:00:00Z, thisGroup=false, parent=78ddabf2-ca67-11e5-826c-605718cb5baa, bic=043601707, swift=, name=ФИЛИАЛ &quot;САМАРСКИЙ&quot; АО &quot;ОТП БАНК&quot;, corrAccount=30101810722023601707, address=УЛ АВРОРЫ, 150, city=Г. САМАРА, phones=(846)3425312,3425313, country=4e127564-d74f-4dd9-bced-0327f0f4e061, countryCode=643, activityDiscontinued=false}, {guid=979300ac-d82b-11e8-80bb-08002789bf51, archive=false, dateOutputArchive=0001-01-01T00:00:00Z, thisGroup=false, parent=78ddabe1-ca67-11e5-826c-605718cb5baa, bic=044030792, swift=, name=ФИЛИАЛ &quot;СЕВЕРО-ЗАПАДНЫЙ&quot; &quot;УМ-БАНК&quot; ООО, corrAccount=30101810640300000792, address=КАМЕННООСТРОВСКИЙ ПР-Т, 61 ПОМ, city=Г. САНКТ-ПЕТЕРБУРГ, phones=(812)4560720, country=4e127564-d74f-4dd9-bced-0327f0f4e061, countryCode=643, activityDiscontinued=false}, {guid=979300ad-d82b-11e8-80bb-08002789bf51, archive=false, dateOutputArchive=0001-01-01T00:00:00Z, thisGroup=false, parent=78ddac07-ca67-11e5-826c-605718cb5baa, bic=045004711, swift=, name=Куйбышевский филиал АКБ &quot;Ланта-Банк&quot; (АО), corrAccount=30101810750045004711, address=КВАРТАЛ 1, ДОМ 29 &quot;ВСТАВКА&quot;, city=Г. КУЙБЫШЕВ, phones=, country=4e127564-d74f-4dd9-bced-0327f0f4e061, countryCode=643, activityDiscontinued=false}, {guid=979300ae-d82b-11e8-80bb-08002789bf51, archive=false, dateOutputArchive=0001-01-01T00:00:00Z, thisGroup=false, parent=78ddac07-ca67-11e5-826c-605718cb5baa, bic=045004719, swift=, name=ФИЛИАЛ № 5440 БАНКА ВТБ (ПАО), corrAccount=30101810450040000719, address=УЛ ФРУНЗЕ, 232, 234, 234/1, city=Г. НОВОСИБИРСК, phones=(383)2492424,2492425, country=4e127564-d74f-4dd9-bced-0327f0f4e061, countryCode=643, activityDiscontinued=false}, {guid=979300af-d82b-11e8-80bb-08002789bf51, archive=false, dateOutputArchive=0001-01-01T00:00:00Z, thisGroup=false, parent=78ddac07-ca67-11e5-826c-605718cb5baa, bic=045004701, swift=, name=НОВОСИБИРСКИЙ ФИЛИАЛ АБ &quot;РОССИЯ&quot;, corrAccount=30101810950040000701, address=УЛ СЕМЬИ ШАМШИНЫХ, 26, 26/1, city=Г. НОВОСИБИРСК, phones=(383)3670691,3670692, country=4e127564-d74f-4dd9-bced-0327f0f4e061, countryCode=643, activityDiscontinued=false}, {guid=979300b0-d82b-11e8-80bb-08002789bf51, archive=false, dateOutputArchive=0001-01-01T00:00:00Z, thisGroup=false, parent=78ddac09-ca67-11e5-826c-605718cb5baa, bic=046577459, swift=, name=ФИЛИАЛ &quot;УРАЛЬСКИЙ&quot; &quot;УМ-БАНК&quot; ООО, corrAccount=30101810165770000459, address=УЛ БЕЛИНСКОГО, 86, city=Г. ЕКАТЕРИНБУРГ, phones=(343)2871010,3452644, country=4e127564-d74f-4dd9-bced-0327f0f4e061, countryCode=643, activityDiscontinued=false}, {guid=979300b1-d82b-11e8-80bb-08002789bf51, archive=false, dateOutputArchive=0001-01-01T00:00:00Z, thisGroup=false, parent=78ddabe5-ca67-11e5-826c-605718cb5baa, bic=044525745, swift=VTBRRUM2MS3, name=ФИЛИАЛ № 7701 БАНКА ВТБ (ПАО), corrAccount=30101810345250000745, address=УЛ КУЗНЕЦКИЙ МОСТ, 17, СТР 1, city=Г. МОСКВА, phones=(495)9258000, country=4e127564-d74f-4dd9-bced-0327f0f4e061, countryCode=643, activityDiscontinued=false}, {guid=979300b2-d82b-11e8-80bb-08002789bf51, archive=false, dateOutputArchive=0001-01-01T00:00:00Z, thisGroup=false, parent=78ddabe9-ca67-11e5-826c-605718cb5baa, bic=042520842, swift=, name=&quot;Братский АНКБ&quot; ПАО, corrAccount=30101810850042520842, address=УЛ. КОМСОМОЛЬСКАЯ, Д. 43, city=Г. БРАТСК, phones=, country=4e127564-d74f-4dd9-bced-0327f0f4e061, countryCode=643, activityDiscontinued=false}, {guid=979300b3-d82b-11e8-80bb-08002789bf51, archive=false, dateOutputArchive=0001-01-01T00:00:00Z, thisGroup=false, parent=78ddabe9-ca67-11e5-826c-605718cb5baa, bic=042520811, swift=, name=АО &quot;ГРИНКОМБАНК&quot;, corrAccount=30101810950040000811, address=УЛ ФРАНК-КАМЕНЕЦКОГО, 8, city=Г. ИРКУТСК, phones=(3952)255196,240197, country=4e127564-d74f-4dd9-bced-0327f0f4e061, countryCode=643, activityDiscontinued=false}, {guid=979300b4-d82b-11e8-80bb-08002789bf51, archive=false, dateOutputArchive=0001-01-01T00:00:00Z, thisGroup=false, parent=78ddac9c-ca67-11e5-826c-605718cb5baa, bic=040407523, swift=, name=АО АИКБ &quot;ЕНИСЕЙСКИЙ ОБЪЕДИНЕННЫЙ БАНК&quot;, corrAccount=30101810650040000523, address=УЛ КАРЛА МАРКСА, 62, city=Г. КРАСНОЯРСК, phones=(391)2770000, country=4e127564-d74f-4dd9-bced-0327f0f4e061, countryCode=643, activityDiscontinued=false}, {guid=979300b5-d82b-11e8-80bb-08002789bf51, archive=false, dateOutputArchive=0001-01-01T00:00:00Z, thisGroup=false, parent=e8b01830-ca8b-11e5-826c-605718cb5baa, bic=041403725, swift=, name=ООО &quot;Осколбанк&quot;, corrAccount=30101810745250000725, address=Г. СТАРЫЙ ОСКОЛ, М-Н ОЛИМПИЙСК, city=Г. СТАРЫЙ ОСКОЛ, phones=, country=4e127564-d74f-4dd9-bced-0327f0f4e061, countryCode=643, activityDiscontinued=false}, {guid=979300b6-d82b-11e8-80bb-08002789bf51, archive=false, dateOutputArchive=0001-01-01T00:00:00Z, thisGroup=false, parent=78ddabe1-ca67-11e5-826c-605718cb5baa, bic=044030707, swift=VTBRRUM2SP3, name=ФИЛИАЛ № 7806 БАНКА ВТБ (ПАО), corrAccount=30101810240300000707, address=УЛ Б. МОРСКАЯ, 29 ЛИТ А, city=Г. САНКТ-ПЕТЕРБУРГ, phones=(812)3241214, country=4e127564-d74f-4dd9-bced-0327f0f4e061, countryCode=643, activityDiscontinued=false}, {guid=979300b7-d82b-11e8-80bb-08002789bf51, archive=false, dateOutputArchive=0001-01-01T00:00:00Z, thisGroup=false, parent=78ddac09-ca67-11e5-826c-605718cb5baa, bic=046577916, swift=, name=ФИЛИАЛ &quot;НОВОУРАЛЬСКИЙ&quot; ПАО КБ &quot;УБРИР&quot;, corrAccount=30101810365770000916, address=УЛ ДЗЕРЖИНСКОГО, 16, city=Г. НОВОУРАЛЬСК, phones=(34370)25591, country=4e127564-d74f-4dd9-bced-0327f0f4e061, countryCode=643, activityDiscontinued=false}, {guid=78ddabd9-ca67-11e5-826c-605718cb5baa, archive=, dateOutputArchive=, thisGroup=true, parent=00000000-0000-0000-0000-000000000000, bic=90       , swift=, name=РЕСПУБЛИКА СЕВЕРНАЯ ОСЕТИЯ-АЛАНИЯ, corrAccount=, address=, city=, phones=, country=, countryCode=, activityDiscontinued=}, {guid=979300b8-d82b-11e8-80bb-08002789bf51, archive=false, dateOutputArchive=0001-01-01T00:00:00Z, thisGroup=false, parent=78ddabdf-ca67-11e5-826c-605718cb5baa, bic=049246691, swift=, name=АБ &quot;ДЕВОН-КРЕДИТ&quot; (ПАО), corrAccount=30101810722029246691, address=УЛ ЛЕНИНА, 77, city=Г. АЛЬМЕТЬЕВСК, phones=(8553)456777, country=4e127564-d74f-4dd9-bced-0327f0f4e061, countryCode=643, activityDiscontinued=false}, {guid=979300b9-d82b-11e8-80bb-08002789bf51, archive=false, dateOutputArchive=0001-01-01T00:00:00Z, thisGroup=false, parent=78ddabe5-ca67-11e5-826c-605718cb5baa, bic=044525806, swift=, name=ФИЛИАЛ &quot;МОСКОВСКИЙ&quot; КБ &quot;СПУТНИК&quot; (ПАО), corrAccount=30101810145250000806, address=ЛЯЛИН ПЕР, 19-1, city=Г. МОСКВА, phones=(495)5891084, country=4e127564-d74f-4dd9-bced-0327f0f4e061, countryCode=643, activityDiscontinued=false}, {guid=979300ba-d82b-11e8-80bb-08002789bf51, archive=false, dateOutputArchive=0001-01-01T00:00:00Z, thisGroup=false, parent=78ddaccd-ca67-11e5-826c-605718cb5baa, bic=045209702, swift=, name=АО &quot;ИТ Банк&quot;, corrAccount=30101810750045209702, address=УЛ. ДУМСКАЯ, 7, city=Г. ОМСК, phones=, country=4e127564-d74f-4dd9-bced-0327f0f4e061, countryCode=643, activityDiscontinued=false}, {guid=979300bb-d82b-11e8-80bb-08002789bf51, archive=false, dateOutputArchive=0001-01-01T00:00:00Z, thisGroup=false, parent=78ddaccd-ca67-11e5-826c-605718cb5baa, bic=045209701, swift=, name=АО &quot;Эксперт Банк&quot;, corrAccount=30101810450045209701, address=УЛ. МАРШАЛА ЖУКОВА, ДОМ 107, city=Г. ОМСК, phones=, country=4e127564-d74f-4dd9-bced-0327f0f4e061, countryCode=643, activityDiscontinued=false}, {guid=979300bc-d82b-11e8-80bb-08002789bf51, archive=false, dateOutputArchive=0001-01-01T00:00:00Z, thisGroup=false, parent=78ddac09-ca67-11e5-826c-605718cb5baa, bic=046577743, swift=, name=ФИЛИАЛ &quot;ДЕЛО&quot; ПАО &quot;СКБ-БАНК&quot;, corrAccount=30101810965770000743, address=УЛ КУЙБЫШЕВА, 58, city=Г. ЕКАТЕРИНБУРГ, phones=(343)3557000, country=4e127564-d74f-4dd9-bced-0327f0f4e061, countryCode=643, activityDiscontinued=false}, {guid=979300bd-d82b-11e8-80bb-08002789bf51, archive=false, dateOutputArchive=0001-01-01T00:00:00Z, thisGroup=false, parent=78ddaccd-ca67-11e5-826c-605718cb5baa, bic=045209703, swift=, name=КУ АО &quot;Мираф-Банк&quot; - ГК &quot;АСВ&quot;, corrAccount=30101810050045209703, address=УЛ. ФРУНЗЕ, Д.54, city=Г. ОМСК, phones=, country=4e127564-d74f-4dd9-bced-0327f0f4e061, countryCode=643, activityDiscontinued=false}, {guid=9d8e68cb-d82b-11e8-80bb-08002789bf51, archive=false, dateOutputArchive=0001-01-01T00:00:00Z, thisGroup=false, parent=78ddac21-ca67-11e5-826c-605718cb5baa, bic=042202761, swift=, name=Ф. АКБ &quot;ФОРА-БАНК&quot; (АО) В Г. НИЖНИЙ НОВГОРОД, corrAccount=30101810822020000761, address=УЛ КОВАЛИХИНСКАЯ, 8, city=Г. НИЖНИЙ НОВГОРОД, phones=(831)2161801,2161802, country=4e127564-d74f-4dd9-bced-0327f0f4e061, countryCode=643, activityDiscontinued=false}, {guid=9d8e68cc-d82b-11e8-80bb-08002789bf51, archive=false, dateOutputArchive=0001-01-01T00:00:00Z, thisGroup=false, parent=78ddac67-ca67-11e5-826c-605718cb5baa, bic=045773804, swift=, name=ФИЛИАЛ &quot;ЛЫСЬВА&quot; АО АКБ &quot;АЛЕФ-БАНК&quot;, corrAccount=30101810965775700804, address=ПОЖАРСКОГО, Д.8, city=Г. ЛЫСЬВА, phones=, country=4e127564-d74f-4dd9-bced-0327f0f4e061, countryCode=643, activityDiscontinued=false}, {guid=9d8e68cd-d82b-11e8-80bb-08002789bf51, archive=false, dateOutputArchive=0001-01-01T00:00:00Z, thisGroup=false, parent=78ddac21-ca67-11e5-826c-605718cb5baa, bic=042202717, swift=, name=ФИЛИАЛ №10 ПАО КБ &quot;ЦЕНТР-ИНВЕСТ&quot;, corrAccount=30101810122020000717, address=УЛ КОМИНТЕРНА, 139, city=Г. НИЖНИЙ НОВГОРОД, phones=(831)4391708, country=4e127564-d74f-4dd9-bced-0327f0f4e061, countryCode=643, activityDiscontinued=false}, {guid=9d8e68ce-d82b-11e8-80bb-08002789bf51, archive=false, dateOutputArchive=0001-01-01T00:00:00Z, thisGroup=false, parent=78ddac21-ca67-11e5-826c-605718cb5baa, bic=042202716, swift=, name=НИЖЕГОРОДСКИЙ Ф БАНКА&quot;ВОЗРОЖДЕНИЕ&quot;(ПАО), corrAccount=30101810822020000716, address=УЛ БЕЛИНСКОГО, 106 А, city=Г. НИЖНИЙ НОВГОРОД, phones=(831)2787662,2783935, country=4e127564-d74f-4dd9-bced-0327f0f4e061, countryCode=643, activityDiscontinued=false}, {guid=9d8e68cf-d82b-11e8-80bb-08002789bf51, archive=false, dateOutputArchive=0001-01-01T00:00:00Z, thisGroup=false, parent=78ddac21-ca67-11e5-826c-605718cb5baa, bic=042202712, swift=, name=НИЖЕГОРОДСКИЙ ФИЛИАЛ АКБ &quot;ЛАНТА-БАНК&quot; (АО), corrAccount=30101810622020000712, address=МЕЩЕРСКИЙ Б-Р, 3, К 1, city=Г. НИЖНИЙ НОВГОРОД, phones=(831)2208322,2208320, country=4e127564-d74f-4dd9-bced-0327f0f4e061, countryCode=643, activityDiscontinued=false}, {guid=9d8e68d0-d82b-11e8-80bb-08002789bf51, archive=false, dateOutputArchive=0001-01-01T00:00:00Z, thisGroup=false, parent=78ddac17-ca67-11e5-826c-605718cb5baa, bic=046015707, swift=, name=ВОЛГОДОНСКИЙ ф Банка &quot;Возрождение&quot; (ПАО), corrAccount=30101810060150000707, address=БУЛ. ВЕЛИКОЙ ПОБЕДЫ, ДОМ №38А, city=Г. ВОЛГОДОНСК, phones=, country=4e127564-d74f-4dd9-bced-0327f0f4e061, countryCode=643, activityDiscontinued=false}, {guid=9d8e68d1-d82b-11e8-80bb-08002789bf51, archive=false, dateOutputArchive=0001-01-01T00:00:00Z, thisGroup=false, parent=78ddac21-ca67-11e5-826c-605718cb5baa, bic=042202718, swift=, name=ПАО &quot;САРОВБИЗНЕСБАНК&quot;, corrAccount=30101810422020000718, address=УЛ СИЛКИНА, 13, city=Г. САРОВ, phones=(831)4307478,(83130)33640, country=4e127564-d74f-4dd9-bced-0327f0f4e061, countryCode=643, activityDiscontinued=false}, {guid=9d8e68d2-d82b-11e8-80bb-08002789bf51, archive=false, dateOutputArchive=0001-01-01T00:00:00Z, thisGroup=false, parent=78ddac21-ca67-11e5-826c-605718cb5baa, bic=042202727, swift=, name=ПАО КОМБАНК &quot;ХИМИК&quot;, corrAccount=30101810222020000727, address=УЛ УРИЦКОГО, 10 Б, city=Г. ДЗЕРЖИНСК, phones=(8313)261608,251126, country=4e127564-d74f-4dd9-bced-0327f0f4e061, countryCode=643, activityDiscontinued=false}, {guid=9d8e68d3-d82b-11e8-80bb-08002789bf51, archive=false, dateOutputArchive=0001-01-01T00:00:00Z, thisGroup=false, parent=78ddabe5-ca67-11e5-826c-605718cb5baa, bic=044525420, swift=, name=Ф РОКЕТБАНК КИВИ БАНК (АО), corrAccount=30101810945250000420, address=УЛ ПАЛИХА, 10, СТР 5, city=Г. МОСКВА, phones=(495)2313645, country=4e127564-d74f-4dd9-bced-0327f0f4e061, countryCode=643, activityDiscontinued=false}, {guid=78ddabda-ca67-11e5-826c-605718cb5baa, archive=false, dateOutputArchive=0001-01-01T00:00:00Z, thisGroup=false, parent=78ddabd9-ca67-11e5-826c-605718cb5baa, bic=049033736, swift=, name=СКФ ПАО АКБ &quot;ИРОНБАНК&quot;, corrAccount=30101810800000000736, address=, city=Г. ВЛАДИКАВКАЗ, phones=, country=00000000-0000-0000-0000-000000000000, countryCode=, activityDiscontinued=true}, {guid=9d8e68d4-d82b-11e8-80bb-08002789bf51, archive=false, dateOutputArchive=0001-01-01T00:00:00Z, thisGroup=false, parent=78ddac21-ca67-11e5-826c-605718cb5baa, bic=042202731, swift=, name=АО КОМБАНК &quot;АРЗАМАС&quot;, corrAccount=30101810522020000731, address=УЛ КИРОВА, 33, city=Г. АРЗАМАС, phones=(83147)70224,70177, country=4e127564-d74f-4dd9-bced-0327f0f4e061, countryCode=643, activityDiscontinued=false}, {guid=9d8e68d5-d82b-11e8-80bb-08002789bf51, archive=false, dateOutputArchive=0001-01-01T00:00:00Z, thisGroup=false, parent=78ddabe5-ca67-11e5-826c-605718cb5baa, bic=044525864, swift=, name=МОСКОВСКИЙ ФИЛИАЛ АО АКБ &quot;ГАЗБАНК&quot;, corrAccount=30101810145250000864, address=УЛ БРЯНСКАЯ, 5, city=Г. МОСКВА, phones=(495)3639438, country=4e127564-d74f-4dd9-bced-0327f0f4e061, countryCode=643, activityDiscontinued=true}, {guid=9d8e68d6-d82b-11e8-80bb-08002789bf51, archive=false, dateOutputArchive=0001-01-01T00:00:00Z, thisGroup=false, parent=78ddabe5-ca67-11e5-826c-605718cb5baa, bic=044525797, swift=, name=Ф ТОЧКА БАНК КИВИ БАНК (АО), corrAccount=30101810445250000797, address=УЛ СПИРИДОНОВКА, 4, СТР 2, city=Г. МОСКВА, phones=(495)2313645, country=4e127564-d74f-4dd9-bced-0327f0f4e061, countryCode=643, activityDiscontinued=false}, {guid=9d8e68d7-d82b-11e8-80bb-08002789bf51, archive=false, dateOutputArchive=0001-01-01T00:00:00Z, thisGroup=false, parent=78ddac9c-ca67-11e5-826c-605718cb5baa, bic=040407404, swift=, name=ФПАО &quot;ДАЛЬНЕВОСТОЧНЫЙ БАНК&quot; &quot;КРАСНОЯРСКИЙ&quot;, corrAccount=30101810850040000404, address=УЛ МОЛОКОВА, 1, К 4, city=Г. КРАСНОЯРСК, phones=(391)2773071, country=4e127564-d74f-4dd9-bced-0327f0f4e061, countryCode=643, activityDiscontinued=false}, {guid=9d8e68d8-d82b-11e8-80bb-08002789bf51, archive=false, dateOutputArchive=0001-01-01T00:00:00Z, thisGroup=false, parent=78ddad0a-ca67-11e5-826c-605718cb5baa, bic=047144778, swift=, name=СФ АО БАНК &quot;СНГБ&quot;, corrAccount=30101810165777100778, address=УЛ ГУБКИНА, 15 А, city=Г. СУРГУТ, phones=(3462)398700, country=4e127564-d74f-4dd9-bced-0327f0f4e061, countryCode=643, activityDiscontinued=false}, {guid=9d8e68d9-d82b-11e8-80bb-08002789bf51, archive=false, dateOutputArchive=0001-01-01T00:00:00Z, thisGroup=false, parent=78ddabf2-ca67-11e5-826c-605718cb5baa, bic=043601968, swift=VTBRRUM2SA3, name=ФИЛИАЛ № 6318 БАНКА ВТБ (ПАО), corrAccount=30101810422023601968, address=УЛ МОЛОДОГВАРДЕЙСКАЯ, 204, city=Г. САМАРА, phones=(846)2696824,2696834, country=4e127564-d74f-4dd9-bced-0327f0f4e061, countryCode=643, activityDiscontinued=false}, {guid=9d8e68da-d82b-11e8-80bb-08002789bf51, archive=false, dateOutputArchive=0001-01-01T00:00:00Z, thisGroup=false, parent=78ddabf2-ca67-11e5-826c-605718cb5baa, bic=043601975, swift=, name=ООО &quot;РУСФИНАНС БАНК&quot;, corrAccount=30101810622023601975, address=УЛ ЧЕРНОРЕЧЕНСКАЯ, 42 А, city=Г. САМАРА, phones=(846)2696911,2694411, country=4e127564-d74f-4dd9-bced-0327f0f4e061, countryCode=643, activityDiscontinued=false}, {guid=9d8e68db-d82b-11e8-80bb-08002789bf51, archive=false, dateOutputArchive=0001-01-01T00:00:00Z, thisGroup=false, parent=78ddabf7-ca67-11e5-826c-605718cb5baa, bic=045354880, swift=, name=ГК &quot;АСВ&quot; - КУ АО &quot;НСТ-БАНК&quot;, corrAccount=30101810265775300880, address=ВИЛОНОВСКАЯ УЛ, 138, city=Г. САМАРА, phones=, country=4e127564-d74f-4dd9-bced-0327f0f4e061, countryCode=643, activityDiscontinued=false}, {guid=9d8e68dc-d82b-11e8-80bb-08002789bf51, archive=false, dateOutputArchive=0001-01-01T00:00:00Z, thisGroup=false, parent=78ddabe7-ca67-11e5-826c-605718cb5baa, bic=040507595, swift=, name=АО &quot;СОЛИД БАНК&quot;, corrAccount=30101810205070000595, address=УЛ АДМИРАЛА ФОКИНА, 25, city=Г. ВЛАДИВОСТОК, phones=(423)2265722,(423)2469293, country=4e127564-d74f-4dd9-bced-0327f0f4e061, countryCode=643, activityDiscontinued=false}, {guid=9d8e68dd-d82b-11e8-80bb-08002789bf51, archive=false, dateOutputArchive=0001-01-01T00:00:00Z, thisGroup=false, parent=78ddabe1-ca67-11e5-826c-605718cb5baa, bic=044030830, swift=, name=СПБ. Ф. АО БАНК &quot;НАЦИОНАЛЬНЫЙ СТАНДАРТ&quot;, corrAccount=30101810340300000830, address=УЛ. ЧАЙКОВСКОГО, Д. 39, ЛИТ А, city=Г. САНКТ-ПЕТЕРБУРГ, phones=(812)4493155, country=4e127564-d74f-4dd9-bced-0327f0f4e061, countryCode=643, activityDiscontinued=false}, {guid=9d8e68de-d82b-11e8-80bb-08002789bf51, archive=false, dateOutputArchive=0001-01-01T00:00:00Z, thisGroup=false, parent=78ddabeb-ca67-11e5-826c-605718cb5baa, bic=040708735, swift=, name=ФИЛИАЛ В Г. ЕССЕНТУКИ АКБ &quot;ЛАНТА-БАНК&quot; (АО), corrAccount=30101810007080000735, address=УЛ СОВЕТСКАЯ, 20 Б, city=Г. ЕССЕНТУКИ, phones=(87934)54547,54371, country=4e127564-d74f-4dd9-bced-0327f0f4e061, countryCode=643, activityDiscontinued=false}, {guid=9d8e68df-d82b-11e8-80bb-08002789bf51, archive=false, dateOutputArchive=0001-01-01T00:00:00Z, thisGroup=false, parent=78ddac72-ca67-11e5-826c-605718cb5baa, bic=041806745, swift=, name=Урюпинский филиал ПАО КБ &quot;Сельмашбанк&quot;, corrAccount=30101810518060000745, address=УЛ. ШТЕМЕНКО, 47/3, city=Г. УРЮПИНСК, phones=, country=4e127564-d74f-4dd9-bced-0327f0f4e061, countryCode=643, activityDiscontinued=false}, {guid=9d8e68e0-d82b-11e8-80bb-08002789bf51, archive=false, dateOutputArchive=0001-01-01T00:00:00Z, thisGroup=false, parent=78ddac72-ca67-11e5-826c-605718cb5baa, bic=041806730, swift=, name=Ликвидатор АО КБ &quot;Михайловский ПЖСБ&quot;, corrAccount=30101810918060000730, address=УЛИЦА ОБОРОНЫ, 44 &quot;А&quot;, city=Г. МИХАЙЛОВКА, phones=, country=4e127564-d74f-4dd9-bced-0327f0f4e061, countryCode=643, activityDiscontinued=false}, {guid=9d8e68e1-d82b-11e8-80bb-08002789bf51, archive=false, dateOutputArchive=0001-01-01T00:00:00Z, thisGroup=false, parent=78ddabe5-ca67-11e5-826c-605718cb5baa, bic=044525941, swift=, name=&quot;УМ-БАНК&quot; ООО, corrAccount=30101810945250000941, address=УЛ Б. ОРДЫНКА, 59, СТР 2, city=Г. МОСКВА, phones=(495)2123020, country=4e127564-d74f-4dd9-bced-0327f0f4e061, countryCode=643, activityDiscontinued=false}, {guid=9d8e68e2-d82b-11e8-80bb-08002789bf51, archive=false, dateOutputArchive=0001-01-01T00:00:00Z, thisGroup=false, parent=78ddac72-ca67-11e5-826c-605718cb5baa, bic=041806717, swift=, name=ЮЖНЫЙ ФИЛИАЛ АО БАНК &quot;НАЦИОНАЛЬНЫЙ СТАНДАРТ&quot;, corrAccount=30101810818060000717, address=УЛ ИМ. ГАГАРИНА, 7, city=Г. ВОЛГОГРАД, phones=(8442)995000, country=4e127564-d74f-4dd9-bced-0327f0f4e061, countryCode=643, activityDiscontinued=true}, {guid=78ddabdb-ca67-11e5-826c-605718cb5baa, archive=, dateOutputArchive=, thisGroup=true, parent=00000000-0000-0000-0000-000000000000, bic=32       , swift=, name=КЕМЕРОВСКАЯ ОБЛАСТЬ, corrAccount=, address=, city=, phones=, country=, countryCode=, activityDiscontinued=}, {guid=a38a1a95-d82b-11e8-80bb-08002789bf51, archive=false, dateOutputArchive=0001-01-01T00:00:00Z, thisGroup=false, parent=78ddac17-ca67-11e5-826c-605718cb5baa, bic=046015846, swift=, name=КУ ОАО КБ &quot;МАКСИМУМ&quot; - ГК &quot;АСВ&quot;, corrAccount=30101810060150000846, address=УЛ. ВЫСОЦКОГО, Д.4, city=Г. МОСКВА, phones=, country=4e127564-d74f-4dd9-bced-0327f0f4e061, countryCode=643, activityDiscontinued=false}, {guid=a38a1a96-d82b-11e8-80bb-08002789bf51, archive=false, dateOutputArchive=0001-01-01T00:00:00Z, thisGroup=false, parent=78ddac14-ca67-11e5-826c-605718cb5baa, bic=047601205, swift=, name=ООО КБ &quot;ЦЕНТРАЛЬНО-ЕВРОПЕЙСКИЙ БАНК&quot;, corrAccount=30101810950040000205, address=УЛ БАБУШКИНА, 108, city=Г. ЧИТА, phones=(3022)211502, country=4e127564-d74f-4dd9-bced-0327f0f4e061, countryCode=643, activityDiscontinued=false}, {guid=78ddabf7-ca67-11e5-826c-605718cb5baa, archive=, dateOutputArchive=, thisGroup=true, parent=00000000-0000-0000-0000-000000000000, bic=53       , swift=, name=ОРЕНБУРГСКАЯ ОБЛАСТЬ, corrAccount=, address=, city=, phones=, country=, countryCode=, activityDiscontinued=}, {guid=a38a1a97-d82b-11e8-80bb-08002789bf51, archive=false, dateOutputArchive=0001-01-01T00:00:00Z, thisGroup=false, parent=78ddac17-ca67-11e5-826c-605718cb5baa, bic=046015835, swift=, name=КУ ООО &quot;РУССКИЙ НАЦИОНАЛЬНЫЙ БАНК&quot; - ГК &quot;АСВ&quot;, corrAccount=30101810660150000835, address=УЛ ВЫСОЦКОГО, 4 ТЕЛ.(495)96125, city=Г. МОСКВА, phones=(863)2999413,2999418, country=4e127564-d74f-4dd9-bced-0327f0f4e061, countryCode=643, activityDiscontinued=false}, {guid=a38a1a98-d82b-11e8-80bb-08002789bf51, archive=false, dateOutputArchive=0001-01-01T00:00:00Z, thisGroup=false, parent=78ddabe5-ca67-11e5-826c-605718cb5baa, bic=044525535, swift=, name=КУ АБ &quot;АЛДАНЗОЛОТОБАНК&quot; АО - ГК &quot;АСВ&quot;, corrAccount=30101810445250000535, address=УЛ. ВЫСОЦКОГО, Д. 4, city=Г. МОСКВА, phones=, country=4e127564-d74f-4dd9-bced-0327f0f4e061, countryCode=643, activityDiscontinued=false}, {guid=a38a1a99-d82b-11e8-80bb-08002789bf51, archive=false, dateOutputArchive=0001-01-01T00:00:00Z, thisGroup=false, parent=78ddac21-ca67-11e5-826c-605718cb5baa, bic=042202812, swift=, name=ВЫКСУНСКИЙ Ф-Л ПАО АКБ &quot;МЕТАЛЛИНВЕСТБАНК&quot;, corrAccount=30101810522020000812, address=ПЛ ОКТЯБРЬСКОЙ РЕВОЛЮЦИИ, 48, city=Г. ВЫКСА, phones=(83177)35825,31157, country=4e127564-d74f-4dd9-bced-0327f0f4e061, countryCode=643, activityDiscontinued=false}, {guid=a38a1a9a-d82b-11e8-80bb-08002789bf51, archive=false, dateOutputArchive=0001-01-01T00:00:00Z, thisGroup=false, parent=78ddac07-ca67-11e5-826c-605718cb5baa, bic=045004893, swift=, name=НОВОСИБИРСКИЙ Ф-Л НКО &quot;ИНКАХРАН&quot;(АО), corrAccount=30103810950040000893, address=УЛ 2-Я СОЮЗА МОЛОДЕЖИ, 31, city=Г. НОВОСИБИРСК, phones=(383)2260797,2269768, country=4e127564-d74f-4dd9-bced-0327f0f4e061, countryCode=643, activityDiscontinued=false}, {guid=a38a1a9b-d82b-11e8-80bb-08002789bf51, archive=false, dateOutputArchive=0001-01-01T00:00:00Z, thisGroup=false, parent=78ddac07-ca67-11e5-826c-605718cb5baa, bic=045004883, swift=, name=СИБИРСКИЙ ФИЛИАЛ АО &quot;БАНК ИНТЕЗА&quot;, corrAccount=30101810250040000883, address=УЛ ОКТЯБРЬСКАЯ, 49, city=Г. НОВОСИБИРСК, phones=(383)2278193, country=4e127564-d74f-4dd9-bced-0327f0f4e061, countryCode=643, activityDiscontinued=false}, {guid=a38a1a9c-d82b-11e8-80bb-08002789bf51, archive=false, dateOutputArchive=0001-01-01T00:00:00Z, thisGroup=false, parent=78ddac07-ca67-11e5-826c-605718cb5baa, bic=045004876, swift=, name=НОВОСИБИРСКИЙ ФИЛИАЛ ПАО &quot;МТС-БАНК&quot;, corrAccount=30101810050040000876, address=УЛ. НИЖЕГОРОДСКАЯ, 4, city=Г. НОВОСИБИРСК, phones=(383)3251781, country=4e127564-d74f-4dd9-bced-0327f0f4e061, countryCode=643, activityDiscontinued=false}, {guid=a38a1a9d-d82b-11e8-80bb-08002789bf51, archive=false, dateOutputArchive=0001-01-01T00:00:00Z, thisGroup=false, parent=78ddac07-ca67-11e5-826c-605718cb5baa, bic=045004861, swift=, name=ФИЛИАЛ ООО &quot;ЭКСПОБАНК&quot; В Г.НОВОСИБИРСКЕ, corrAccount=30101810450040000861, address=КРАСНЫЙ ПР-Т, 25, city=Г. НОВОСИБИРСК, phones=(383)2105207, country=4e127564-d74f-4dd9-bced-0327f0f4e061, countryCode=643, activityDiscontinued=false}, {guid=a38a1a9e-d82b-11e8-80bb-08002789bf51, archive=false, dateOutputArchive=0001-01-01T00:00:00Z, thisGroup=false, parent=78ddac07-ca67-11e5-826c-605718cb5baa, bic=045004864, swift=, name=СИБИРСКИЙ ФИЛИАЛ АО КБ &quot;МОДУЛЬБАНК&quot;, corrAccount=30101810350040000864, address=УЛ ПЛАНЕТНАЯ, 30, city=Г. НОВОСИБИРСК, phones=(383)3250606,3251575, country=4e127564-d74f-4dd9-bced-0327f0f4e061, countryCode=643, activityDiscontinued=false}, {guid=a38a1a9f-d82b-11e8-80bb-08002789bf51, archive=false, dateOutputArchive=0001-01-01T00:00:00Z, thisGroup=false, parent=78ddabf2-ca67-11e5-826c-605718cb5baa, bic=043601875, swift=, name=САМАРСКИЙ ФИЛИАЛ ТКБ БАНК ПАО, corrAccount=30101810722023601875, address=УЛ СТАРА ЗАГОРА, 52, city=Г. САМАРА, phones=(846)9338233,2280135, country=4e127564-d74f-4dd9-bced-0327f0f4e061, countryCode=643, activityDiscontinued=false}, {guid=a38a1aa0-d82b-11e8-80bb-08002789bf51, archive=false, dateOutputArchive=0001-01-01T00:00:00Z, thisGroup=false, parent=78ddabf2-ca67-11e5-826c-605718cb5baa, bic=043601845, swift=, name=САМАРСКИЙ ФИЛИАЛ БАНКА СОЮЗ (АО), corrAccount=30101810422023601845, address=УЛ КРАСНОАРМЕЙСКАЯ, 75, city=Г. САМАРА, phones=(846)2311251,2311259, country=4e127564-d74f-4dd9-bced-0327f0f4e061, countryCode=643, activityDiscontinued=false}, {guid=a38a1aa1-d82b-11e8-80bb-08002789bf51, archive=false, dateOutputArchive=0001-01-01T00:00:00Z, thisGroup=false, parent=78ddabf2-ca67-11e5-826c-605718cb5baa, bic=043601842, swift=, name=АО КБ &quot;НИБ&quot;, corrAccount=30101810522023601842, address=УЛ ФРУНЗЕ, 102, city=Г. САМАРА, phones=(846)3425750,3425751, country=4e127564-d74f-4dd9-bced-0327f0f4e061, countryCode=643, activityDiscontinued=false}, {guid=a38a1aa2-d82b-11e8-80bb-08002789bf51, archive=false, dateOutputArchive=0001-01-01T00:00:00Z, thisGroup=false, parent=78ddac2f-ca67-11e5-826c-605718cb5baa, bic=040813708, swift=, name=ХАБАРОВСКИЙ ФИЛИАЛ ТКБ БАНК ПАО, corrAccount=30101810108130000708, address=УЛ КОМСОМОЛЬСКАЯ, 102, city=Г. ХАБАРОВСК, phones=(4212)910702, country=4e127564-d74f-4dd9-bced-0327f0f4e061, countryCode=643, activityDiscontinued=false}, {guid=78ddac1c-ca67-11e5-826c-605718cb5baa, archive=false, dateOutputArchive=0001-01-01T00:00:00Z, thisGroup=false, parent=78ddabe5-ca67-11e5-826c-605718cb5baa, bic=044525150, swift=, name=ФИЛИАЛ &quot;МОСКОВСКИЙ&quot; АО &quot;ФИА-БАНК&quot;, corrAccount=30101810545250000150, address=, city=Г. МОСКВА, phones=, country=00000000-0000-0000-0000-000000000000, countryCode=, activityDiscontinued=true}, {guid=a38a1aa3-d82b-11e8-80bb-08002789bf51, archive=false, dateOutputArchive=0001-01-01T00:00:00Z, thisGroup=false, parent=78ddac2f-ca67-11e5-826c-605718cb5baa, bic=040813713, swift=VTBRRUM2KH3, name=ФИЛИАЛ № 2754 БАНКА ВТБ (ПАО), corrAccount=30101810708130000713, address=УЛ МУРАВЬЁВА-АМУРСКОГО, 18, city=Г. ХАБАРОВСК, phones=(4212)455455, country=4e127564-d74f-4dd9-bced-0327f0f4e061, countryCode=643, activityDiscontinued=false}, {guid=a38a1aa4-d82b-11e8-80bb-08002789bf51, archive=false, dateOutputArchive=0001-01-01T00:00:00Z, thisGroup=false, parent=78ddac09-ca67-11e5-826c-605718cb5baa, bic=046577501, swift=VTBRRUM2EK3, name=ФИЛИАЛ № 6602 БАНКА ВТБ (ПАО), corrAccount=30101810165770000501, address=ПР-Т ЛЕНИНА, 27, city=Г. ЕКАТЕРИНБУРГ, phones=(343)3862400, country=4e127564-d74f-4dd9-bced-0327f0f4e061, countryCode=643, activityDiscontinued=false}, {guid=a38a1aa5-d82b-11e8-80bb-08002789bf51, archive=false, dateOutputArchive=0001-01-01T00:00:00Z, thisGroup=false, parent=78ddac09-ca67-11e5-826c-605718cb5baa, bic=046577507, swift=, name=ЕКАТЕРИНБУРГСКИЙ ФИЛИАЛ АБ &quot;РОССИЯ&quot;, corrAccount=30101810965770000507, address=УЛ МАМИНА-СИБИРЯКА, 145, city=Г. ЕКАТЕРИНБУРГ, phones=(343)2863760, country=4e127564-d74f-4dd9-bced-0327f0f4e061, countryCode=643, activityDiscontinued=false}, {guid=a38a1aa6-d82b-11e8-80bb-08002789bf51, archive=false, dateOutputArchive=0001-01-01T00:00:00Z, thisGroup=false, parent=78ddabf2-ca67-11e5-826c-605718cb5baa, bic=043601811, swift=, name=ООО &quot;ЗЕМСКИЙ БАНК&quot;, corrAccount=30101810922023601811, address=УЛ УЛЬЯНОВСКАЯ, 79, city=Г. СЫЗРАНЬ, phones=(8464)985454, country=4e127564-d74f-4dd9-bced-0327f0f4e061, countryCode=643, activityDiscontinued=false}, {guid=a38a1aa7-d82b-11e8-80bb-08002789bf51, archive=false, dateOutputArchive=0001-01-01T00:00:00Z, thisGroup=false, parent=78ddabfd-ca67-11e5-826c-605718cb5baa, bic=046311890, swift=, name=АО &quot;БАЛАКОВО-БАНК&quot;, corrAccount=30101810022026311890, address=УЛ ФАКЕЛ СОЦИАЛИЗМА, 21, city=Г. БАЛАКОВО, phones=(8453)444166,447007, country=4e127564-d74f-4dd9-bced-0327f0f4e061, countryCode=643, activityDiscontinued=false}, {guid=a38a1aa8-d82b-11e8-80bb-08002789bf51, archive=false, dateOutputArchive=0001-01-01T00:00:00Z, thisGroup=false, parent=78ddabe5-ca67-11e5-826c-605718cb5baa, bic=044525641, swift=, name=ФИЛИАЛ 1 ООО КБ &quot;ЦЕНТРАЛЬНО-ЕВРОПЕЙСКИЙ БАНК&quot;, corrAccount=30101810245250000641, address=ПРОЕКТ-Й 4062Й ПР-Д, 6, СТР 16, city=Г. МОСКВА, phones=(495)6625665, country=4e127564-d74f-4dd9-bced-0327f0f4e061, countryCode=643, activityDiscontinued=false}, {guid=a38a1aa9-d82b-11e8-80bb-08002789bf51, archive=false, dateOutputArchive=0001-01-01T00:00:00Z, thisGroup=false, parent=78ddac17-ca67-11e5-826c-605718cb5baa, bic=046015946, swift=, name=ПАО &quot;ТАГАНРОГБАНК&quot;, corrAccount=30101810960150000946, address=УЛ. ГРЕЧЕСКАЯ, 71 ТЕЛ.(8634)31, city=Г. ТАГАНРОГ, phones=, country=4e127564-d74f-4dd9-bced-0327f0f4e061, countryCode=643, activityDiscontinued=false}, {guid=a38a1aaa-d82b-11e8-80bb-08002789bf51, archive=false, dateOutputArchive=0001-01-01T00:00:00Z, thisGroup=false, parent=78ddabe5-ca67-11e5-826c-605718cb5baa, bic=044525646, swift=, name=НКО НКЦ (АО), corrAccount=30103810345250000646, address=Б. КИСЛОВСКИЙ ПЕР, 13, city=Г. МОСКВА, phones=(495)7829794, country=4e127564-d74f-4dd9-bced-0327f0f4e061, countryCode=643, activityDiscontinued=false}, {guid=a38a1aab-d82b-11e8-80bb-08002789bf51, archive=false, dateOutputArchive=0001-01-01T00:00:00Z, thisGroup=false, parent=78ddac07-ca67-11e5-826c-605718cb5baa, bic=045004841, swift=, name=НОВОСИБИРСКИЙ ФИЛИАЛ ТКБ БАНК ПАО, corrAccount=30101810250040000841, address=УЛ КОММУНИСТИЧЕСКАЯ, 35, city=Г. НОВОСИБИРСК, phones=(383)3252500,3252660, country=4e127564-d74f-4dd9-bced-0327f0f4e061, countryCode=643, activityDiscontinued=false}, {guid=a38a1aac-d82b-11e8-80bb-08002789bf51, archive=false, dateOutputArchive=0001-01-01T00:00:00Z, thisGroup=false, parent=78ddac07-ca67-11e5-826c-605718cb5baa, bic=045004846, swift=, name=Ф-Л &quot;НОВОСИБИРСК&quot; АКБ &quot;РОСЕВРОБАНК&quot; (АО), corrAccount=30101810750040000846, address=УЛ ФРУНЗЕ, 5, city=Г. НОВОСИБИРСК, phones=(383)2020750, country=4e127564-d74f-4dd9-bced-0327f0f4e061, countryCode=643, activityDiscontinued=false}, {guid=a38a1aad-d82b-11e8-80bb-08002789bf51, archive=false, dateOutputArchive=0001-01-01T00:00:00Z, thisGroup=false, parent=78ddac07-ca67-11e5-826c-605718cb5baa, bic=045004845, swift=, name=ФИЛИАЛ &quot;НОВОСИБИРСКИЙ&quot; ПАО КБ &quot;УБРИР&quot;, corrAccount=30101810450040000845, address=УЛ ВОКЗАЛЬНАЯ МАГИСТРАЛЬ, 1, city=Г. НОВОСИБИРСК, phones=(383)2201141,2201181, country=4e127564-d74f-4dd9-bced-0327f0f4e061, countryCode=643, activityDiscontinued=false}, {guid=a38a1aae-d82b-11e8-80bb-08002789bf51, archive=false, dateOutputArchive=0001-01-01T00:00:00Z, thisGroup=false, parent=78ddac07-ca67-11e5-826c-605718cb5baa, bic=045004833, swift=, name=НОВОСИБИРСКИЙ ФИЛИАЛ ООО &quot;БАНК БКФ&quot;, corrAccount=30101810750040000833, address=ПР-Т ДИМИТРОВА, 4/1, city=Г. НОВОСИБИРСК, phones=(383)3191118,3191116, country=4e127564-d74f-4dd9-bced-0327f0f4e061, countryCode=643, activityDiscontinued=false}, {guid=aaaf21b4-d82b-11e8-80bb-08002789bf51, archive=false, dateOutputArchive=0001-01-01T00:00:00Z, thisGroup=false, parent=78ddac07-ca67-11e5-826c-605718cb5baa, bic=045004818, swift=, name=НОВОСИБИРСКИЙ ФИЛИАЛ АО ЮНИКРЕДИТ БАНКА, corrAccount=30101810050040000818, address=УЛ МАКСИМА ГОРЬКОГО, 53, city=Г. НОВОСИБИРСК, phones=(383)2300163, country=4e127564-d74f-4dd9-bced-0327f0f4e061, countryCode=643, activityDiscontinued=false}, {guid=aaaf21b5-d82b-11e8-80bb-08002789bf51, archive=false, dateOutputArchive=0001-01-01T00:00:00Z, thisGroup=false, parent=78ddabeb-ca67-11e5-826c-605718cb5baa, bic=040715725, swift=, name=ООО &quot;РУСБС&quot;, corrAccount=30101810107150000725, address=УЛ ГАГАРИНА, 148, city=СТ-ЦА ЕССЕНТУКСКАЯ, phones=(87961)51171,24177,50987, country=4e127564-d74f-4dd9-bced-0327f0f4e061, countryCode=643, activityDiscontinued=false}, {guid=aaaf21b6-d82b-11e8-80bb-08002789bf51, archive=false, dateOutputArchive=0001-01-01T00:00:00Z, thisGroup=false, parent=78ddac0f-ca67-11e5-826c-605718cb5baa, bic=040349789, swift=, name=ООО КБ &quot;ГТ БАНК&quot;, corrAccount=30101810303490000789, address=УЛ СЕВЕРНАЯ, 321, city=Г. КРАСНОДАР, phones=(861)2790305,2791744, country=4e127564-d74f-4dd9-bced-0327f0f4e061, countryCode=643, activityDiscontinued=false}, {guid=aaaf21b7-d82b-11e8-80bb-08002789bf51, archive=false, dateOutputArchive=0001-01-01T00:00:00Z, thisGroup=false, parent=78ddac00-ca67-11e5-826c-605718cb5baa, bic=048209848, swift=, name=КУ ООО КБ &quot;ПРЕСТИЖКРЕДИТБАНК&quot; ГК &quot;АСВ&quot;, corrAccount=30101810282090000848, address=УЛ КАММАЕВА, 19, К &quot;Ж&quot;, city=Г. МАХАЧКАЛА, phones=(8722)561920,561921, country=4e127564-d74f-4dd9-bced-0327f0f4e061, countryCode=643, activityDiscontinued=false}, {guid=aaaf21b8-d82b-11e8-80bb-08002789bf51, archive=false, dateOutputArchive=0001-01-01T00:00:00Z, thisGroup=false, parent=78ddac98-ca67-11e5-826c-605718cb5baa, bic=041117785, swift=, name=Ф-л &quot;Космодром-Плесецк&quot; АО &quot;ФОНДСЕРВИСБАНК&quot;, corrAccount=30101810540300011785, address=УЛ. ПУШКИНА, Д. 3, city=Г. МИРНЫЙ, phones=, country=4e127564-d74f-4dd9-bced-0327f0f4e061, countryCode=643, activityDiscontinued=false}, {guid=aaaf21b9-d82b-11e8-80bb-08002789bf51, archive=false, dateOutputArchive=0001-01-01T00:00:00Z, thisGroup=false, parent=78ddac34-ca67-11e5-826c-605718cb5baa, bic=046489002, swift=, name=ПУ БАНКА РОССИИ ОХОТСКОЕ, corrAccount=, address=УЛ ГНЕЧКО, 1, city=ПГТ ЮЖНО-КУРИЛЬСК, phones=, country=4e127564-d74f-4dd9-bced-0327f0f4e061, countryCode=643, activityDiscontinued=false}, {guid=78ddac57-ca67-11e5-826c-605718cb5baa, archive=, dateOutputArchive=, thisGroup=true, parent=00000000-0000-0000-0000-000000000000, bic=27       , swift=, name=КАЛИНИНГРАДСКАЯ ОБЛАСТЬ, corrAccount=, address=, city=, phones=, country=, countryCode=, activityDiscontinued=}, {guid=aaaf21ba-d82b-11e8-80bb-08002789bf51, archive=false, dateOutputArchive=0001-01-01T00:00:00Z, thisGroup=false, parent=78ddabfd-ca67-11e5-826c-605718cb5baa, bic=046311926, swift=, name=АО РНКО &quot;СИНЕРГИЯ&quot;, corrAccount=30103810622026311926, address=Г. САРАТОВ, УЛ. РАБОЧАЯ, 27, city=Г. САРАТОВ, phones=, country=4e127564-d74f-4dd9-bced-0327f0f4e061, countryCode=643, activityDiscontinued=false}, {guid=aaaf21bb-d82b-11e8-80bb-08002789bf51, archive=false, dateOutputArchive=0001-01-01T00:00:00Z, thisGroup=false, parent=78ddac0f-ca67-11e5-826c-605718cb5baa, bic=040349744, swift=, name=КРАСНОДАРСКИЙ ФИЛИАЛ ПАО РОСБАНК, corrAccount=30101810403490000744, address=УЛ ОЛИМПИЙСКАЯ, 8, city=Г. КРАСНОДАР, phones=(861)2739730,2739731, country=4e127564-d74f-4dd9-bced-0327f0f4e061, countryCode=643, activityDiscontinued=false}, {guid=aaaf21bc-d82b-11e8-80bb-08002789bf51, archive=false, dateOutputArchive=0001-01-01T00:00:00Z, thisGroup=false, parent=78ddac07-ca67-11e5-826c-605718cb5baa, bic=045004796, swift=, name=ФИЛИАЛ &quot;НОВОСИБИРСК&quot; КБ &quot;ЛОКО-БАНК&quot; (АО), corrAccount=30101810350040000796, address=УЛ ЛЕНИНА, 52, city=Г. НОВОСИБИРСК, phones=(383)2380740,2380750, country=4e127564-d74f-4dd9-bced-0327f0f4e061, countryCode=643, activityDiscontinued=false}, {guid=aaaf21bd-d82b-11e8-80bb-08002789bf51, archive=false, dateOutputArchive=0001-01-01T00:00:00Z, thisGroup=false, parent=78ddac17-ca67-11e5-826c-605718cb5baa, bic=046015080, swift=, name=РОСТОВСКИЙ ФИЛИАЛ ПАО &quot;РГС БАНК&quot;, corrAccount=30101810460150000080, address=УЛ ГОРОДА ВОЛОС, 11/81-83/34, city=Г. РОСТОВ-НА-ДОНУ, phones=(863)2370660, country=4e127564-d74f-4dd9-bced-0327f0f4e061, countryCode=643, activityDiscontinued=false}, {guid=aaaf21be-d82b-11e8-80bb-08002789bf51, archive=false, dateOutputArchive=0001-01-01T00:00:00Z, thisGroup=false, parent=78ddac07-ca67-11e5-826c-605718cb5baa, bic=045004785, swift=, name=НОВОСИБИРСКИЙ Ф-Л ПАО АКБ &quot;МЕТАЛЛИНВЕСТБАНК&quot;, corrAccount=30101810950040000785, address=УЛ СОВЕТСКАЯ, 8, city=Г. НОВОСИБИРСК, phones=(383)2091447,2091446, country=4e127564-d74f-4dd9-bced-0327f0f4e061, countryCode=643, activityDiscontinued=false}, {guid=aaaf21bf-d82b-11e8-80bb-08002789bf51, archive=false, dateOutputArchive=0001-01-01T00:00:00Z, thisGroup=false, parent=78ddac17-ca67-11e5-826c-605718cb5baa, bic=046015081, swift=, name=РОСТОВСКИЙ ФИЛИАЛ АО ЮНИКРЕДИТ БАНКА, corrAccount=30101810760150000081, address=УЛ СОЦИАЛИСТИЧЕСКАЯ, 58/51, city=Г. РОСТОВ-НА-ДОНУ, phones=(863)2630900,2630906, country=4e127564-d74f-4dd9-bced-0327f0f4e061, countryCode=643, activityDiscontinued=false}, {guid=aaaf21c0-d82b-11e8-80bb-08002789bf51, archive=false, dateOutputArchive=0001-01-01T00:00:00Z, thisGroup=false, parent=78ddac07-ca67-11e5-826c-605718cb5baa, bic=045004789, swift=, name=ФИЛИАЛ БАНКА МБСП (АО) В НОВОСИБИРСКЕ, corrAccount=30101810150040000789, address=ПР-Т ДИМИТРОВА, 12, city=Г. НОВОСИБИРСК, phones=(383)3734340,3734341, country=4e127564-d74f-4dd9-bced-0327f0f4e061, countryCode=643, activityDiscontinued=false}, {guid=aaaf21c1-d82b-11e8-80bb-08002789bf51, archive=false, dateOutputArchive=0001-01-01T00:00:00Z, thisGroup=false, parent=78ddac17-ca67-11e5-826c-605718cb5baa, bic=046015088, swift=SJSCRUMMRND, name=ФИЛИАЛ &quot;СДМ-БАНК&quot; (ПАО) В Г. РОСТОВ-НА-ДОНУ, corrAccount=30101810860150000088, address=УЛ КАТАЕВА, 293, city=Г. РОСТОВ-НА-ДОНУ, phones=(863)2197712,2197714, country=4e127564-d74f-4dd9-bced-0327f0f4e061, countryCode=643, activityDiscontinued=false}, {guid=aaaf21c2-d82b-11e8-80bb-08002789bf51, archive=false, dateOutputArchive=0001-01-01T00:00:00Z, thisGroup=false, parent=78ddac07-ca67-11e5-826c-605718cb5baa, bic=045004778, swift=, name=ФИЛИАЛ БАНКА &quot;ВБРР&quot; (АО) В Г.НОВОСИБИРСКЕ, corrAccount=30101810750040000778, address=УЛ СИБРЕВКОМА, 2, city=Г. НОВОСИБИРСК, phones=(383)2302201, country=4e127564-d74f-4dd9-bced-0327f0f4e061, countryCode=643, activityDiscontinued=false}, {guid=aaaf21c3-d82b-11e8-80bb-08002789bf51, archive=false, dateOutputArchive=0001-01-01T00:00:00Z, thisGroup=false, parent=78ddac0f-ca67-11e5-826c-605718cb5baa, bic=040349758, swift=VTBRRUM2KD3, name=ФИЛИАЛ № 2351 БАНКА ВТБ (ПАО), corrAccount=30101810703490000758, address=УЛ ИМ. ГОГОЛЯ, 68, city=Г. КРАСНОДАР, phones=(861)2126424,2125627, country=4e127564-d74f-4dd9-bced-0327f0f4e061, countryCode=643, activityDiscontinued=false}, {guid=aaaf21c4-d82b-11e8-80bb-08002789bf51, archive=false, dateOutputArchive=0001-01-01T00:00:00Z, thisGroup=false, parent=78ddac17-ca67-11e5-826c-605718cb5baa, bic=046015094, swift=, name=НОВОЧЕРКАССКИЙ ФИЛИАЛ АО &quot;ФОНДСЕРВИСБАНК&quot;, corrAccount=30101810760150000094, address=ПЛАТОВСКИЙ ПР-Т, 59 Б, city=Г. НОВОЧЕРКАССК, phones=(8635)240550, country=4e127564-d74f-4dd9-bced-0327f0f4e061, countryCode=643, activityDiscontinued=false}, {guid=aaaf21c5-d82b-11e8-80bb-08002789bf51, archive=false, dateOutputArchive=0001-01-01T00:00:00Z, thisGroup=false, parent=78ddac17-ca67-11e5-826c-605718cb5baa, bic=046015068, swift=, name=ДОНСКОЙ ФИЛИАЛ АО КБ &quot;СИТИБАНК&quot;, corrAccount=30101810660150000068, address=УЛ Б. САДОВАЯ, 124, city=Г. РОСТОВ-НА-ДОНУ, phones=(863)2040043,2040002, country=4e127564-d74f-4dd9-bced-0327f0f4e061, countryCode=643, activityDiscontinued=false}, {guid=aaaf21c6-d82b-11e8-80bb-08002789bf51, archive=false, dateOutputArchive=0001-01-01T00:00:00Z, thisGroup=false, parent=78ddac07-ca67-11e5-826c-605718cb5baa, bic=045004763, swift=, name=ФИЛИАЛ &quot;ЦЕНТРАЛЬНЫЙ&quot; ПАО &quot;СОВКОМБАНК&quot;, corrAccount=30101810150040000763, address=УЛ ПОПОВА, 11, city=Г. БЕРДСК, phones=(383)3340606, country=4e127564-d74f-4dd9-bced-0327f0f4e061, countryCode=643, activityDiscontinued=false}, {guid=aaaf21c7-d82b-11e8-80bb-08002789bf51, archive=false, dateOutputArchive=0001-01-01T00:00:00Z, thisGroup=false, parent=78ddac17-ca67-11e5-826c-605718cb5baa, bic=046015066, swift=, name=Ф-Л АО АКБ &quot;НОВИКОМБАНК&quot; В Г.РОСТОВЕ-НА-ДОНУ, corrAccount=30101810060150000066, address=УЛ КРАСНОАРМЕЙСКАЯ, 170/84, city=Г. РОСТОВ-НА-ДОНУ, phones=(863)2017777, country=4e127564-d74f-4dd9-bced-0327f0f4e061, countryCode=643, activityDiscontinued=false}, {guid=78ddabe0-ca67-11e5-826c-605718cb5baa, archive=false, dateOutputArchive=0001-01-01T00:00:00Z, thisGroup=false, parent=78ddabdf-ca67-11e5-826c-605718cb5baa, bic=049246920, swift=, name=НИЖНЕКАМСКИЙ ФАБ &quot;ДЕВОН-КРЕДИТ&quot; (ПАО), corrAccount=30101810700000000920, address=, city=Г. НИЖНЕКАМСК, phones=, country=00000000-0000-0000-0000-000000000000, countryCode=, activityDiscontinued=true}, {guid=aaaf21c8-d82b-11e8-80bb-08002789bf51, archive=false, dateOutputArchive=0001-01-01T00:00:00Z, thisGroup=false, parent=78ddac17-ca67-11e5-826c-605718cb5baa, bic=046015064, swift=, name=ЮЖНЫЙ ФИЛИАЛ АО &quot;БАНК ИНТЕЗА&quot;, corrAccount=30101810460150000064, address=ВОРОШИЛОВСКИЙ ПР-Т, 48, city=Г. РОСТОВ-НА-ДОНУ, phones=(863)2318377,2318388, country=4e127564-d74f-4dd9-bced-0327f0f4e061, countryCode=643, activityDiscontinued=false}, {guid=aaaf21c9-d82b-11e8-80bb-08002789bf51, archive=false, dateOutputArchive=0001-01-01T00:00:00Z, thisGroup=false, parent=78ddac17-ca67-11e5-826c-605718cb5baa, bic=046015065, swift=JSNMRUMMRND, name=РОСТОВСКИЙ ФИЛИАЛ ПАО БАНКА &quot;ФК ОТКРЫТИЕ&quot;, corrAccount=30101810760150000065, address=УЛ ТЕКУЧЕВА, 234, city=Г. РОСТОВ-НА-ДОНУ, phones=(863)2009099, country=4e127564-d74f-4dd9-bced-0327f0f4e061, countryCode=643, activityDiscontinued=true}, {guid=aaaf21ca-d82b-11e8-80bb-08002789bf51, archive=false, dateOutputArchive=0001-01-01T00:00:00Z, thisGroup=false, parent=78ddac17-ca67-11e5-826c-605718cb5baa, bic=046015060, swift=, name=ФИЛИАЛ АО &quot;ГЕНБАНК&quot; В Г.РОСТОВ-НА-ДОНУ, corrAccount=30101810260150000060, address=УЛ ПУШКИНСКАЯ, 94, city=Г. РОСТОВ-НА-ДОНУ, phones=(863)2999333, country=4e127564-d74f-4dd9-bced-0327f0f4e061, countryCode=643, activityDiscontinued=false}, {guid=aaaf21cb-d82b-11e8-80bb-08002789bf51, archive=false, dateOutputArchive=0001-01-01T00:00:00Z, thisGroup=false, parent=78ddac17-ca67-11e5-826c-605718cb5baa, bic=046015061, swift=, name=ФИЛИАЛ ЮЖНЫЙ ПАО БАНКА &quot;ФК ОТКРЫТИЕ&quot;, corrAccount=30101810560150000061, address=УЛ ГОРОДА ВОЛОС, 112/130, city=Г. РОСТОВ-НА-ДОНУ, phones=(863)2688901, country=4e127564-d74f-4dd9-bced-0327f0f4e061, countryCode=643, activityDiscontinued=false}, {guid=aaaf21cc-d82b-11e8-80bb-08002789bf51, archive=false, dateOutputArchive=0001-01-01T00:00:00Z, thisGroup=false, parent=78ddabe7-ca67-11e5-826c-605718cb5baa, bic=040507750, swift=, name=АО &quot;РОЯЛ КРЕДИТ БАНК&quot;, corrAccount=30101810105070000750, address=ПР-Т 100ЛЕТ ВЛАДИ-КА, 155 - 1Б, city=Г. ВЛАДИВОСТОК, phones=(423)2308871,2308870, country=4e127564-d74f-4dd9-bced-0327f0f4e061, countryCode=643, activityDiscontinued=false}, {guid=aaaf21cd-d82b-11e8-80bb-08002789bf51, archive=false, dateOutputArchive=0001-01-01T00:00:00Z, thisGroup=false, parent=78ddac17-ca67-11e5-826c-605718cb5baa, bic=046015078, swift=ZEMCRU22XXX, name=ООО &quot;ЗЕМКОМБАНК&quot;, corrAccount=30101810760150000078, address=УЛ МАЛЮГИНОЙ, 233, city=Г. РОСТОВ-НА-ДОНУ, phones=(863)2800064, country=4e127564-d74f-4dd9-bced-0327f0f4e061, countryCode=643, activityDiscontinued=false}, {guid=aaaf21ce-d82b-11e8-80bb-08002789bf51, archive=false, dateOutputArchive=0001-01-01T00:00:00Z, thisGroup=false, parent=78ddac17-ca67-11e5-826c-605718cb5baa, bic=046015075, swift=, name=РОСТОВСКИЙ ФИЛИАЛ ЦМРБАНК (ООО), corrAccount=30101810860150000075, address=УЛ ПУШКИНСКАЯ, 105/79, city=Г. РОСТОВ-НА-ДОНУ, phones=(863)2695710, country=4e127564-d74f-4dd9-bced-0327f0f4e061, countryCode=643, activityDiscontinued=false}, {guid=aaaf21cf-d82b-11e8-80bb-08002789bf51, archive=false, dateOutputArchive=0001-01-01T00:00:00Z, thisGroup=false, parent=78ddac17-ca67-11e5-826c-605718cb5baa, bic=046015074, swift=, name=ФИЛИАЛ &quot;РОСТОВ-НА-ДОНУ&quot; КБ &quot;ЛОКО-БАНК&quot; (АО), corrAccount=30101810560150000074, address=УЛ МАКСИМА ГОРЬКОГО, 123/67, city=Г. РОСТОВ-НА-ДОНУ, phones=(863)2192772, country=4e127564-d74f-4dd9-bced-0327f0f4e061, countryCode=643, activityDiscontinued=false}, {guid=aaaf21d0-d82b-11e8-80bb-08002789bf51, archive=false, dateOutputArchive=0001-01-01T00:00:00Z, thisGroup=false, parent=78ddac17-ca67-11e5-826c-605718cb5baa, bic=046015051, swift=, name=Ф-Л АКБ &quot;ФОРА-БАНК&quot; (АО) В Г.РОСТОВ-НА-ДОНУ, corrAccount=30101810460150000051, address=УЛ ПУШКИНСКАЯ, 117, city=Г. РОСТОВ-НА-ДОНУ, phones=(863)2403640, country=4e127564-d74f-4dd9-bced-0327f0f4e061, countryCode=643, activityDiscontinued=false}, {guid=aaaf21d1-d82b-11e8-80bb-08002789bf51, archive=false, dateOutputArchive=0001-01-01T00:00:00Z, thisGroup=false, parent=78ddac17-ca67-11e5-826c-605718cb5baa, bic=046015052, swift=, name=ООО КБ &quot;РОСТФИНАНС&quot;, corrAccount=30101810760150000052, address=УЛ КРАСНОАРМЕЙСКАЯ, 166 А, city=Г. РОСТОВ-НА-ДОНУ, phones=(863)2870058, country=4e127564-d74f-4dd9-bced-0327f0f4e061, countryCode=643, activityDiscontinued=false}, {guid=78ddac7b-ca67-11e5-826c-605718cb5baa, archive=false, dateOutputArchive=0001-01-01T00:00:00Z, thisGroup=false, parent=78ddac02-ca67-11e5-826c-605718cb5baa, bic=042809974, swift=, name=ТВЕФ ПАО &quot;БИНБАНК&quot;, corrAccount=30101810900000000974, address=, city=Г. ТВЕРЬ, phones=, country=00000000-0000-0000-0000-000000000000, countryCode=, activityDiscontinued=true}, {guid=aaaf21d2-d82b-11e8-80bb-08002789bf51, archive=false, dateOutputArchive=0001-01-01T00:00:00Z, thisGroup=false, parent=78ddac17-ca67-11e5-826c-605718cb5baa, bic=046015050, swift=, name=ФИЛИАЛ № 1 ПАО МОСОБЛБАНК, corrAccount=30101810160150000050, address=КОММУНИСТИЧЕСКИЙ ПР-Т, 51, city=Г. РОСТОВ-НА-ДОНУ, phones=(863)3009637, country=4e127564-d74f-4dd9-bced-0327f0f4e061, countryCode=643, activityDiscontinued=false}, {guid=aaaf21d3-d82b-11e8-80bb-08002789bf51, archive=false, dateOutputArchive=0001-01-01T00:00:00Z, thisGroup=false, parent=78ddabf2-ca67-11e5-826c-605718cb5baa, bic=043601728, swift=, name=САМАРСКИЙ ФИЛИАЛ ПАО &quot;НЕВСКИЙ БАНК&quot;, corrAccount=30101810222023601728, address=6 ПРОСЕКА, 125, city=Г. САМАРА, phones=(846)2011100, country=4e127564-d74f-4dd9-bced-0327f0f4e061, countryCode=643, activityDiscontinued=false}, {guid=aaaf21d4-d82b-11e8-80bb-08002789bf51, archive=false, dateOutputArchive=0001-01-01T00:00:00Z, thisGroup=false, parent=78ddabe9-ca67-11e5-826c-605718cb5baa, bic=042520764, swift=, name=КОНКУРСНЫЙ УПРАВЛЯЮЩИЙ &quot;ВЛБАНК&quot; (АО)-ГК &quot;АСВ&quot;, corrAccount=30101810450040000764, address=УЛ КИРОВА, 85 А, city=Г. УСТЬ-КУТ, phones=(3952)289500, country=4e127564-d74f-4dd9-bced-0327f0f4e061, countryCode=643, activityDiscontinued=false}, {guid=aaaf21d5-d82b-11e8-80bb-08002789bf51, archive=false, dateOutputArchive=0001-01-01T00:00:00Z, thisGroup=false, parent=78ddabe9-ca67-11e5-826c-605718cb5baa, bic=042520767, swift=, name=АНГАРСКИЙ ФИЛИАЛ АО &quot;ИТ БАНК&quot;, corrAccount=30101810350040000767, address=29-ЫЙ МКР, 15 А, city=Г. АНГАРСК, phones=(3955)671921,564004, country=4e127564-d74f-4dd9-bced-0327f0f4e061, countryCode=643, activityDiscontinued=false}, {guid=78ddabe1-ca67-11e5-826c-605718cb5baa, archive=, dateOutputArchive=, thisGroup=true, parent=00000000-0000-0000-0000-000000000000, bic=40       , swift=, name=Г САНКТ-ПЕТЕРБУРГ, corrAccount=, address=, city=, phones=, country=, countryCode=, activityDiscontinued=}, {guid=aaaf21d6-d82b-11e8-80bb-08002789bf51, archive=false, dateOutputArchive=0001-01-01T00:00:00Z, thisGroup=false, parent=78ddac34-ca67-11e5-826c-605718cb5baa, bic=046401888, swift=KHZARU99XXX, name=АО &quot;БАНК ХОЛМСК&quot;, corrAccount=30101810064010000888, address=УЛ ЛЕНИНА, 304 Г, city=Г. ЮЖНО-САХАЛИНСК, phones=(4242)245858, country=4e127564-d74f-4dd9-bced-0327f0f4e061, countryCode=643, activityDiscontinued=false}, {guid=bbea4eb4-fc53-11e8-80c5-08002789bf51, archive=false, dateOutputArchive=0001-01-01T00:00:00Z, thisGroup=false, parent=78ddabe5-ca67-11e5-826c-605718cb5baa, bic=044525360, swift=, name=Филиал &quot;Корпоративный&quot; ПАО &quot;Совкомбанк&quot;, corrAccount=30101810445250000360, address=УЛ. ВАВИЛОВА, Д. 24, city=Г. МОСКВА, phones=, country=4e127564-d74f-4dd9-bced-0327f0f4e061, countryCode=643, activityDiscontinued=false}, {guid=bbea4eb5-fc53-11e8-80c5-08002789bf51, archive=false, dateOutputArchive=0001-01-01T00:00:00Z, thisGroup=false, parent=78ddabe1-ca67-11e5-826c-605718cb5baa, bic=044030800, swift=, name=Ф-Л СПБ № 2 ПАО БАНК &quot;ФК ОТКРЫТИЕ&quot;, corrAccount=30101810040300000800, address=НАБ. ОБВОДНОГО КАНАЛА, Д. 90,, city=Г. САНКТ-ПЕТЕРБУРГ, phones=, country=4e127564-d74f-4dd9-bced-0327f0f4e061, countryCode=643, activityDiscontinued=false}, {guid=bbea4eb6-fc53-11e8-80c5-08002789bf51, archive=false, dateOutputArchive=0001-01-01T00:00:00Z, thisGroup=false, parent=78ddac49-ca67-11e5-826c-605718cb5baa, bic=047308988, swift=, name=Ф-л Ульяновский № 2 ПАО Банк &quot;ФК Открытие&quot;, corrAccount=30101810122027300988, address=УЛ. АЛЕКСАНДРА МАТРОСОВА, Д 33, city=Г. УЛЬЯНОВСК, phones=, country=4e127564-d74f-4dd9-bced-0327f0f4e061, countryCode=643, activityDiscontinued=false}, {guid=bbea4eb7-fc53-11e8-80c5-08002789bf51, archive=false, dateOutputArchive=0001-01-01T00:00:00Z, thisGroup=false, parent=78ddac07-ca67-11e5-826c-605718cb5baa, bic=045004051, swift=, name=Новосибирский филиал РНКО &quot;Р-ИНКАС&quot; (ООО), corrAccount=30103810450045004051, address=УЛ. ДМИТРИЯ ДОНСКОГО, 11, city=Г. НОВОСИБИРСК, phones=, country=4e127564-d74f-4dd9-bced-0327f0f4e061, countryCode=643, activityDiscontinued=false}, {guid=bbea4eb8-fc53-11e8-80c5-08002789bf51, archive=false, dateOutputArchive=0001-01-01T00:00:00Z, thisGroup=false, parent=78ddabe5-ca67-11e5-826c-605718cb5baa, bic=044525980, swift=, name=Ф-л Мск (Диджитал) ПАО Банк &quot;ФК Открытие&quot;, corrAccount=30101810045250000980, address=УЛ. ПЕТРОВКА, Д. 24, СТР. 1, city=Г. МОСКВА, phones=, country=4e127564-d74f-4dd9-bced-0327f0f4e061, countryCode=643, activityDiscontinued=false}, {guid=bbea4eb9-fc53-11e8-80c5-08002789bf51, archive=false, dateOutputArchive=0001-01-01T00:00:00Z, thisGroup=false, parent=78ddabeb-ca67-11e5-826c-605718cb5baa, bic=040702751, swift=, name=Ф-Л СТАВРОПОЛЬСКИЙ №2 ПАО БАНК &quot;ФК ОТКРЫТИЕ&quot;, corrAccount=30101810007020000751, address=УЛ. ЛЕНИНА, 221, city=Г. СТАВРОПОЛЬ, phones=, country=4e127564-d74f-4dd9-bced-0327f0f4e061, countryCode=643, activityDiscontinued=false}, {guid=bbea4eba-fc53-11e8-80c5-08002789bf51, archive=false, dateOutputArchive=0001-01-01T00:00:00Z, thisGroup=false, parent=78ddac09-ca67-11e5-826c-605718cb5baa, bic=046577520, swift=, name=Ф-л Екб №2 ПАО Банк &quot;ФК Открытие&quot;, corrAccount=30101810065770000520, address=УЛ.ГОРЬКОГО, Д.45, city=Г. ЕКАТЕРИНБУРГ, phones=, country=4e127564-d74f-4dd9-bced-0327f0f4e061, countryCode=643, activityDiscontinued=false}, {guid=bbea4ebb-fc53-11e8-80c5-08002789bf51, archive=false, dateOutputArchive=0001-01-01T00:00:00Z, thisGroup=false, parent=78ddabe7-ca67-11e5-826c-605718cb5baa, bic=040507830, swift=, name=Ф-л Владивостокский №2 ПАО Банк &quot;ФК Открытие&quot;, corrAccount=30101810805070000830, address=ПР-КТ ОКЕАНСКИЙ, Д.123 Б, city=Г. ВЛАДИВОСТОК, phones=, country=4e127564-d74f-4dd9-bced-0327f0f4e061, countryCode=643, activityDiscontinued=false}, {guid=bbea4ebc-fc53-11e8-80c5-08002789bf51, archive=false, dateOutputArchive=0001-01-01T00:00:00Z, thisGroup=false, parent=78ddac17-ca67-11e5-826c-605718cb5baa, bic=046015084, swift=, name=Ф-л Ростовский №2 ПАО Банк &quot;ФК Открытие&quot;, corrAccount=30101810660150000084, address=ПР. ШОЛОХОВА, 32/65, city=Г. РОСТОВ-НА-ДОНУ, phones=, country=4e127564-d74f-4dd9-bced-0327f0f4e061, countryCode=643, activityDiscontinued=false}, {guid=bbea4ebd-fc53-11e8-80c5-08002789bf51, archive=false, dateOutputArchive=0001-01-01T00:00:00Z, thisGroup=false, parent=78ddac07-ca67-11e5-826c-605718cb5baa, bic=045004741, swift=, name=Ф-л Новосибирский №2 ПАО Банк &quot;ФК Открытие&quot;, corrAccount=30101810350040000741, address=УЛ. ЛЕНИНА, Д. 18, city=Г. НОВОСИБИРСК, phones=, country=4e127564-d74f-4dd9-bced-0327f0f4e061, countryCode=643, activityDiscontinued=false}, {guid=78ddabdc-ca67-11e5-826c-605718cb5baa, archive=false, dateOutputArchive=0001-01-01T00:00:00Z, thisGroup=false, parent=78ddabdb-ca67-11e5-826c-605718cb5baa, bic=043207757, swift=, name=ФИЛИАЛ N 11 ПАО МОСОБЛБАНК, corrAccount=30101810000000000757, address=УЛ ВЕСЕННЯЯ, 24, city=Г. КЕМЕРОВО, phones=(3842)363892, country=4e127564-d74f-4dd9-bced-0327f0f4e061, countryCode=643, activityDiscontinued=false}, {guid=78ddabdd-ca67-11e5-826c-605718cb5baa, archive=, dateOutputArchive=, thisGroup=true, parent=00000000-0000-0000-0000-000000000000, bic=66       , swift=, name=СМОЛЕНСКАЯ ОБЛАСТЬ, corrAccount=, address=, city=, phones=, country=, countryCode=, activityDiscontinued=}, {guid=78ddabde-ca67-11e5-826c-605718cb5baa, archive=false, dateOutputArchive=0001-01-01T00:00:00Z, thisGroup=false, parent=78ddabdd-ca67-11e5-826c-605718cb5baa, bic=046610000, swift=, name=РКЦ ВЯЗЬМА, corrAccount=, address=, city=Г. ВЯЗЬМА, phones=, country=00000000-0000-0000-0000-000000000000, countryCode=, activityDiscontinued=true}, {guid=78ddabdf-ca67-11e5-826c-605718cb5baa, archive=, dateOutputArchive=, thisGroup=true, parent=00000000-0000-0000-0000-000000000000, bic=92       , swift=, name=РЕСПУБЛИКА ТАТАРСТАН, corrAccount=, address=, city=, phones=, country=, countryCode=, activityDiscontinued=}, {guid=78ddabe2-ca67-11e5-826c-605718cb5baa, archive=false, dateOutputArchive=0001-01-01T00:00:00Z, thisGroup=false, parent=78ddabe1-ca67-11e5-826c-605718cb5baa, bic=044030743, swift=, name=САНКТ-ПЕТЕРБУРГСКИЙ ФИЛИАЛ ПАО &quot;АК БАНК&quot;, corrAccount=30101810300000000743, address=, city=Г. САНКТ-ПЕТЕРБУРГ, phones=, country=00000000-0000-0000-0000-000000000000, countryCode=, activityDiscontinued=true}, {guid=78ddabe3-ca67-11e5-826c-605718cb5baa, archive=false, dateOutputArchive=0001-01-01T00:00:00Z, thisGroup=false, parent=78ddabe1-ca67-11e5-826c-605718cb5baa, bic=044030708, swift=, name=САНКТ-ПЕТЕРБУРГСКИЙ ФИЛИАЛ АКБ &quot;НЗБАНК&quot;,ОАО, corrAccount=30101810400000000708, address=, city=Г. САНКТ-ПЕТЕРБУРГ, phones=, country=00000000-0000-0000-0000-000000000000, countryCode=, activityDiscontinued=true}, {guid=78ddabe4-ca67-11e5-826c-605718cb5baa, archive=false, dateOutputArchive=0001-01-01T00:00:00Z, thisGroup=false, parent=78ddabe1-ca67-11e5-826c-605718cb5baa, bic=044030821, swift=, name=ФСКБ ПРИМОРЬЯ &quot;ПРИМСОЦБАНК&quot; В Г С-ПЕТЕРБУРГЕ, corrAccount=30101810400000000821, address=УЛ САДОВАЯ, 40 ЛИТ Б, city=Г. САНКТ-ПЕТЕРБУРГ, phones=(812)4934900, country=4e127564-d74f-4dd9-bced-0327f0f4e061, countryCode=643, activityDiscontinued=false}, {guid=78ddabe5-ca67-11e5-826c-605718cb5baa, archive=, dateOutputArchive=, thisGroup=true, parent=00000000-0000-0000-0000-000000000000, bic=45       , swift=, name=Г МОСКВА, corrAccount=, address=, city=, phones=, country=, countryCode=, activityDiscontinued=}, {guid=78ddabe6-ca67-11e5-826c-605718cb5baa, archive=false, dateOutputArchive=0001-01-01T00:00:00Z, thisGroup=false, parent=78ddabe5-ca67-11e5-826c-605718cb5baa, bic=044525461, swift=, name=КУ АКБ &quot;БЕНИФИТ-БАНК&quot; (ЗАО) - ГК &quot;АСВ&quot;, corrAccount=30101810645250000461, address=УЛ ВЫСОЦКОГО, 4, city=Г. МОСКВА, phones=(495)9612526, country=4e127564-d74f-4dd9-bced-0327f0f4e061, countryCode=643, activityDiscontinued=false}, {guid=78ddabe7-ca67-11e5-826c-605718cb5baa, archive=, dateOutputArchive=, thisGroup=true, parent=00000000-0000-0000-0000-000000000000, bic=05       , swift=, name=ПРИМОРСКИЙ КРАЙ, corrAccount=, address=, city=, phones=, country=, countryCode=, activityDiscontinued=}, {guid=78ddabe8-ca67-11e5-826c-605718cb5baa, archive=false, dateOutputArchive=0001-01-01T00:00:00Z, thisGroup=false, parent=78ddabe7-ca67-11e5-826c-605718cb5baa, bic=040507001, swift=, name=ДАЛЬНЕВОСТОЧНОЕ ГУ БАНКА РОССИИ, corrAccount=, address=УЛ СВЕТЛАНСКАЯ, 71, city=Г. ВЛАДИВОСТОК, phones=(423)2406514,2406507, country=4e127564-d74f-4dd9-bced-0327f0f4e061, countryCode=643, activityDiscontinued=false}, {guid=78ddabe9-ca67-11e5-826c-605718cb5baa, archive=, dateOutputArchive=, thisGroup=true, parent=00000000-0000-0000-0000-000000000000, bic=25       , swift=, name=ИРКУТСКАЯ ОБЛАСТЬ, corrAccount=, address=, city=, phones=, country=, countryCode=, activityDiscontinued=}, {guid=78ddabea-ca67-11e5-826c-605718cb5baa, archive=false, dateOutputArchive=0001-01-01T00:00:00Z, thisGroup=false, parent=78ddabe9-ca67-11e5-826c-605718cb5baa, bic=042510000, swift=, name=РКЦ ЧУНСКИЙ, corrAccount=, address=, city=РП ЧУНСКИЙ, phones=, country=00000000-0000-0000-0000-000000000000, countryCode=, activityDiscontinued=true}, {guid=78ddabeb-ca67-11e5-826c-605718cb5baa, archive=, dateOutputArchive=, thisGroup=true, parent=00000000-0000-0000-0000-000000000000, bic=07       , swift=, name=СТАВРОПОЛЬСКИЙ КРАЙ, corrAccount=, address=, city=, phones=, country=, countryCode=, activityDiscontinued=}, {guid=78ddabec-ca67-11e5-826c-605718cb5baa, archive=false, dateOutputArchive=0001-01-01T00:00:00Z, thisGroup=false, parent=78ddabeb-ca67-11e5-826c-605718cb5baa, bic=040702001, swift=, name=ОТДЕЛЕНИЕ СТАВРОПОЛЬ, corrAccount=, address=УЛ ЛЕНИНА, 286, city=Г. СТАВРОПОЛЬ, phones=(8652)224803,224804, country=4e127564-d74f-4dd9-bced-0327f0f4e061, countryCode=643, activityDiscontinued=false}, {guid=78ddabed-ca67-11e5-826c-605718cb5baa, archive=false, dateOutputArchive=0001-01-01T00:00:00Z, thisGroup=false, parent=78ddabe5-ca67-11e5-826c-605718cb5baa, bic=044525212, swift=, name=КУ КБ &quot;ТРАНСИНВЕСТБАНК&quot; (ООО) - ГК &quot;АСВ&quot;, corrAccount=30101810645250000212, address=УЛ ВЫСОЦКОГО, 4, city=Г. МОСКВА, phones=(495)9612526, country=4e127564-d74f-4dd9-bced-0327f0f4e061, countryCode=643, activityDiscontinued=false}, {guid=78ddabee-ca67-11e5-826c-605718cb5baa, archive=, dateOutputArchive=, thisGroup=true, parent=00000000-0000-0000-0000-000000000000, bic=54       , swift=, name=ОРЛОВСКАЯ ОБЛАСТЬ, corrAccount=, address=, city=, phones=, country=, countryCode=, activityDiscontinued=}, {guid=78ddabef-ca67-11e5-826c-605718cb5baa, archive=false, dateOutputArchive=0001-01-01T00:00:00Z, thisGroup=false, parent=78ddabee-ca67-11e5-826c-605718cb5baa, bic=045402751, swift=, name=ОРЛОВСКИЙ РФ АО &quot;РОССЕЛЬХОЗБАНК&quot;, corrAccount=30101810700000000751, address=УЛ МОСКОВСКАЯ, 31 ЛИТ А, city=Г. ОРЁЛ, phones=(4862)541054,735788, country=4e127564-d74f-4dd9-bced-0327f0f4e061, countryCode=643, activityDiscontinued=false}, {guid=78ddabf0-ca67-11e5-826c-605718cb5baa, archive=, dateOutputArchive=, thisGroup=true, parent=00000000-0000-0000-0000-000000000000, bic=17       , swift=, name=ВЛАДИМИРСКАЯ ОБЛАСТЬ, corrAccount=, address=, city=, phones=, country=, countryCode=, activityDiscontinued=}, {guid=78ddabf1-ca67-11e5-826c-605718cb5baa, archive=false, dateOutputArchive=0001-01-01T00:00:00Z, thisGroup=false, parent=78ddabf0-ca67-11e5-826c-605718cb5baa, bic=041708717, swift=, name=ФИЛИАЛ АО &quot;РОСТ БАНК&quot; В Г.ВЛАДИМИРЕ, corrAccount=30101810517080000717, address=, city=Г. ВЛАДИМИР, phones=, country=00000000-0000-0000-0000-000000000000, countryCode=, activityDiscontinued=true}, {guid=78ddabf2-ca67-11e5-826c-605718cb5baa, archive=, dateOutputArchive=, thisGroup=true, parent=00000000-0000-0000-0000-000000000000, bic=36       , swift=, name=САМАРСКАЯ ОБЛАСТЬ, corrAccount=, address=, city=, phones=, country=, countryCode=, activityDiscontinued=}, {guid=78ddac7c-ca67-11e5-826c-605718cb5baa, archive=false, dateOutputArchive=0001-01-01T00:00:00Z, thisGroup=false, parent=78ddac17-ca67-11e5-826c-605718cb5baa, bic=046027835, swift=, name=ООО &quot;РУССКИЙ НАЦИОНАЛЬНЫЙ БАНК&quot;, corrAccount=30101810700000000835, address=, city=Г. РОСТОВ-НА-ДОНУ, phones=, country=00000000-0000-0000-0000-000000000000, countryCode=, activityDiscontinued=true}, {guid=78ddabf3-ca67-11e5-826c-605718cb5baa, archive=false, dateOutputArchive=0001-01-01T00:00:00Z, thisGroup=false, parent=78ddabf2-ca67-11e5-826c-605718cb5baa, bic=043601917, swift=GAZPRUMM037, name=Ф-Л БАНКА ГПБ (АО) &quot;ПОВОЛЖСКИЙ&quot;, corrAccount=30101810000000000917, address=УЛ НОВО-САДОВАЯ, 106 А, СТР 1, city=Г. САМАРА, phones=(846)3396945,3396946, country=4e127564-d74f-4dd9-bced-0327f0f4e061, countryCode=643, activityDiscontinued=false}, {guid=78ddabf4-ca67-11e5-826c-605718cb5baa, archive=false, dateOutputArchive=0001-01-01T00:00:00Z, thisGroup=false, parent=78ddabe5-ca67-11e5-826c-605718cb5baa, bic=044525225, swift=SABRRUMMXXX, name=ПАО СБЕРБАНК, corrAccount=30101810400000000225, address=УЛ ВАВИЛОВА, 19, city=Г. МОСКВА, phones=(495)5005550,88005555550, country=4e127564-d74f-4dd9-bced-0327f0f4e061, countryCode=643, activityDiscontinued=false}, {guid=78ddabf5-ca67-11e5-826c-605718cb5baa, archive=, dateOutputArchive=, thisGroup=true, parent=00000000-0000-0000-0000-000000000000, bic=87       , swift=, name=РЕСПУБЛИКА КОМИ, corrAccount=, address=, city=, phones=, country=, countryCode=, activityDiscontinued=}, {guid=78ddabf6-ca67-11e5-826c-605718cb5baa, archive=false, dateOutputArchive=0001-01-01T00:00:00Z, thisGroup=false, parent=78ddabf5-ca67-11e5-826c-605718cb5baa, bic=048723000, swift=, name=РКЦ УСИНСК, corrAccount=, address=УЛ НЕФТЯНИКОВ, 30, city=Г. УСИНСК, phones=(82144)41735,41445, country=4e127564-d74f-4dd9-bced-0327f0f4e061, countryCode=643, activityDiscontinued=false}, {guid=78ddabf8-ca67-11e5-826c-605718cb5baa, archive=false, dateOutputArchive=0001-01-01T00:00:00Z, thisGroup=false, parent=78ddabf7-ca67-11e5-826c-605718cb5baa, bic=045354860, swift=FORHRU33XXX, name=АКБ &quot;ФОРШТАДТ&quot; (АО), corrAccount=30101810700000000860, address=УЛ ЧКАЛОВА, 35/1, city=Г. ОРЕНБУРГ, phones=(3532)980486,980412, country=4e127564-d74f-4dd9-bced-0327f0f4e061, countryCode=643, activityDiscontinued=false}, {guid=78ddabf9-ca67-11e5-826c-605718cb5baa, archive=, dateOutputArchive=, thisGroup=true, parent=00000000-0000-0000-0000-000000000000, bic=69       , swift=, name=ТОМСКАЯ ОБЛАСТЬ, corrAccount=, address=, city=, phones=, country=, countryCode=, activityDiscontinued=}, {guid=78ddabfa-ca67-11e5-826c-605718cb5baa, archive=false, dateOutputArchive=0001-01-01T00:00:00Z, thisGroup=false, parent=78ddabf9-ca67-11e5-826c-605718cb5baa, bic=046900000, swift=, name=РКЦ КОЛПАШЕВО, corrAccount=, address=, city=Г. КОЛПАШЕВО, phones=, country=00000000-0000-0000-0000-000000000000, countryCode=, activityDiscontinued=true}, {guid=78ddabfb-ca67-11e5-826c-605718cb5baa, archive=false, dateOutputArchive=0001-01-01T00:00:00Z, thisGroup=false, parent=78ddabe1-ca67-11e5-826c-605718cb5baa, bic=044030752, swift=, name=САНКТ-ПЕТЕРБУРГСКИЙ ФИЛИАЛ &quot;БАНК СГБ&quot;, corrAccount=30101810100000000752, address=УЛ. МАРШАЛА ГОВОРОВА, 35 ЛИТ А, city=Г. САНКТ-ПЕТЕРБУРГ, phones=(812)3365900, country=4e127564-d74f-4dd9-bced-0327f0f4e061, countryCode=643, activityDiscontinued=false}, {guid=78ddabfc-ca67-11e5-826c-605718cb5baa, archive=false, dateOutputArchive=0001-01-01T00:00:00Z, thisGroup=false, parent=78ddabe5-ca67-11e5-826c-605718cb5baa, bic=044525102, swift=IKBARUMMXXX, name=АО &quot;ДЕНИЗБАНК МОСКВА&quot;, corrAccount=30101810400000000102, address=2-Я ЗВЕНИГОРОД УЛ, 13, СТР 42, city=Г. МОСКВА, phones=(495)7251020, country=4e127564-d74f-4dd9-bced-0327f0f4e061, countryCode=643, activityDiscontinued=false}, {guid=78ddabfd-ca67-11e5-826c-605718cb5baa, archive=, dateOutputArchive=, thisGroup=true, parent=00000000-0000-0000-0000-000000000000, bic=63       , swift=, name=САРАТОВСКАЯ ОБЛАСТЬ, corrAccount=, address=, city=, phones=, country=, countryCode=, activityDiscontinued=}, {guid=78ddabfe-ca67-11e5-826c-605718cb5baa, archive=false, dateOutputArchive=0001-01-01T00:00:00Z, thisGroup=false, parent=78ddabfd-ca67-11e5-826c-605718cb5baa, bic=046380002, swift=, name=ПУ БАНКА РОССИИ ВОЛЖСКОЕ, corrAccount=, address=, city=П. СВЕТЛЫЙ, phones=(84558)33215, country=4e127564-d74f-4dd9-bced-0327f0f4e061, countryCode=643, activityDiscontinued=false}, {guid=78ddabff-ca67-11e5-826c-605718cb5baa, archive=false, dateOutputArchive=0001-01-01T00:00:00Z, thisGroup=false, parent=78ddabe5-ca67-11e5-826c-605718cb5baa, bic=044583695, swift=, name=КУ ОАО БАНК &quot;СОДРУЖЕСТВО&quot;-ГК &quot;АСВ&quot;, corrAccount=30101810700000000695, address=, city=Г. МОСКВА, phones=, country=00000000-0000-0000-0000-000000000000, countryCode=, activityDiscontinued=true}, {guid=78ddac00-ca67-11e5-826c-605718cb5baa, archive=, dateOutputArchive=, thisGroup=true, parent=00000000-0000-0000-0000-000000000000, bic=82       , swift=, name=РЕСПУБЛИКА ДАГЕСТАН, corrAccount=, address=, city=, phones=, country=, countryCode=, activityDiscontinued=}, {guid=78ddac01-ca67-11e5-826c-605718cb5baa, archive=false, dateOutputArchive=0001-01-01T00:00:00Z, thisGroup=false, parent=78ddac00-ca67-11e5-826c-605718cb5baa, bic=048209870, swift=, name=ЛИКВ ООО РНКО &quot;УМУТ&quot;, corrAccount=30103810400000000870, address=УЛ КАЛИНИНА, 4, city=Г. ХАСАВЮРТ, phones=(87231)51268,51667, country=4e127564-d74f-4dd9-bced-0327f0f4e061, countryCode=643, activityDiscontinued=false}, {guid=78ddac02-ca67-11e5-826c-605718cb5baa, archive=, dateOutputArchive=, thisGroup=true, parent=00000000-0000-0000-0000-000000000000, bic=28       , swift=, name=ТВЕРСКАЯ ОБЛАСТЬ, corrAccount=, address=, city=, phones=, country=, countryCode=, activityDiscontinued=}, {guid=78ddac03-ca67-11e5-826c-605718cb5baa, archive=false, dateOutputArchive=0001-01-01T00:00:00Z, thisGroup=false, parent=78ddac02-ca67-11e5-826c-605718cb5baa, bic=042809909, swift=, name=ТВЕРСКОЙ ФИЛИАЛ АБ &quot;РОССИЯ&quot;, corrAccount=30101810700000000909, address=УЛ КРЫЛОВА, 40/29, city=Г. ТВЕРЬ, phones=(4822)347569, country=4e127564-d74f-4dd9-bced-0327f0f4e061, countryCode=643, activityDiscontinued=false}, {guid=78ddac04-ca67-11e5-826c-605718cb5baa, archive=false, dateOutputArchive=0001-01-01T00:00:00Z, thisGroup=false, parent=78ddac00-ca67-11e5-826c-605718cb5baa, bic=048209989, swift=, name=ФИЛИАЛ ИКБ &quot;ЭНТУЗИАСТБАНК&quot; ООО-КИЗЛЯР, corrAccount=30101810882090000989, address=, city=Г. КИЗЛЯР, phones=, country=00000000-0000-0000-0000-000000000000, countryCode=, activityDiscontinued=true}, {guid=78ddac05-ca67-11e5-826c-605718cb5baa, archive=false, dateOutputArchive=0001-01-01T00:00:00Z, thisGroup=false, parent=78ddabe5-ca67-11e5-826c-605718cb5baa, bic=044583844, swift=, name=КУ КОММЕРЧЕСКИЙ БАНК &quot;СДБ&quot; (ООО) ГК &quot;АСВ&quot;, corrAccount=30101810700000000844, address=, city=Г. МОСКВА, phones=, country=00000000-0000-0000-0000-000000000000, countryCode=, activityDiscontinued=true}, {guid=78ddac06-ca67-11e5-826c-605718cb5baa, archive=false, dateOutputArchive=0001-01-01T00:00:00Z, thisGroup=false, parent=78ddabe5-ca67-11e5-826c-605718cb5baa, bic=044525938, swift=, name=МОСКОВСКИЙ ФИЛИАЛ АО АКБ &quot;ТЕКСБАНК&quot;, corrAccount=30101810945250000938, address=ОЛИМПИЙСКИЙ ПР-Т, 26, СТР 1, city=Г. МОСКВА, phones=(495)6480048, country=4e127564-d74f-4dd9-bced-0327f0f4e061, countryCode=643, activityDiscontinued=false}, {guid=78ddac07-ca67-11e5-826c-605718cb5baa, archive=, dateOutputArchive=, thisGroup=true, parent=00000000-0000-0000-0000-000000000000, bic=50       , swift=, name=НОВОСИБИРСКАЯ ОБЛАСТЬ, corrAccount=, address=, city=, phones=, country=, countryCode=, activityDiscontinued=}, {guid=78ddac08-ca67-11e5-826c-605718cb5baa, archive=false, dateOutputArchive=0001-01-01T00:00:00Z, thisGroup=false, parent=78ddac07-ca67-11e5-826c-605718cb5baa, bic=045004747, swift=, name=ФИЛИАЛ &quot;НОВОСИБИРСКИЙ&quot; АО &quot;ГЛОБЭКСБАНК&quot;, corrAccount=30101810150040000747, address=УЛ ВОКЗАЛЬНАЯ МАГИСТРАЛЬ, 8 А, city=Г. НОВОСИБИРСК, phones=(383)2181508, country=4e127564-d74f-4dd9-bced-0327f0f4e061, countryCode=643, activityDiscontinued=false}, {guid=78ddac09-ca67-11e5-826c-605718cb5baa, archive=, dateOutputArchive=, thisGroup=true, parent=00000000-0000-0000-0000-000000000000, bic=65       , swift=, name=СВЕРДЛОВСКАЯ ОБЛАСТЬ, corrAccount=, address=, city=, phones=, country=, countryCode=, activityDiscontinued=}, {guid=78ddac0a-ca67-11e5-826c-605718cb5baa, archive=false, dateOutputArchive=0001-01-01T00:00:00Z, thisGroup=false, parent=78ddac09-ca67-11e5-826c-605718cb5baa, bic=046577907, swift=, name=ЕКАТЕРИНБУРГСКИЙ ФИЛИАЛ ПАО &quot;АК БАРС&quot; БАНК, corrAccount=30101810400000000907, address=ПР-Т ЛЕНИНА, 20, city=Г. ЕКАТЕРИНБУРГ, phones=(343)3556015, country=4e127564-d74f-4dd9-bced-0327f0f4e061, countryCode=643, activityDiscontinued=false}, {guid=78ddac0b-ca67-11e5-826c-605718cb5baa, archive=, dateOutputArchive=, thisGroup=true, parent=00000000-0000-0000-0000-000000000000, bic=47       , swift=, name=МУРМАНСКАЯ ОБЛАСТЬ, corrAccount=, address=, city=, phones=, country=, countryCode=, activityDiscontinued=}, {guid=78ddac0c-ca67-11e5-826c-605718cb5baa, archive=false, dateOutputArchive=0001-01-01T00:00:00Z, thisGroup=false, parent=78ddac0b-ca67-11e5-826c-605718cb5baa, bic=044705824, swift=, name=ФИЛИАЛ ПАО &quot;ОФК БАНК&quot; В МУРМАНСКЕ, corrAccount=30101810900000000824, address=, city=Г. МУРМАНСК, phones=, country=00000000-0000-0000-0000-000000000000, countryCode=, activityDiscontinued=true}, {guid=78ddac0d-ca67-11e5-826c-605718cb5baa, archive=, dateOutputArchive=, thisGroup=true, parent=00000000-0000-0000-0000-000000000000, bic=19       , swift=, name=ВОЛОГОДСКАЯ ОБЛАСТЬ, corrAccount=, address=, city=, phones=, country=, countryCode=, activityDiscontinued=}, {guid=78ddac0e-ca67-11e5-826c-605718cb5baa, archive=false, dateOutputArchive=0001-01-01T00:00:00Z, thisGroup=false, parent=78ddac0d-ca67-11e5-826c-605718cb5baa, bic=041909708, swift=, name=КУ НКО &quot;КРЕДИТАЛЬЯНС&quot; (ООО), corrAccount=30103810200000000708, address=, city=Г. ВОЛОГДА, phones=, country=00000000-0000-0000-0000-000000000000, countryCode=, activityDiscontinued=true}, {guid=78ddac0f-ca67-11e5-826c-605718cb5baa, archive=, dateOutputArchive=, thisGroup=true, parent=00000000-0000-0000-0000-000000000000, bic=03       , swift=, name=КРАСНОДАРСКИЙ КРАЙ, corrAccount=, address=, city=, phones=, country=, countryCode=, activityDiscontinued=}, {guid=78ddac10-ca67-11e5-826c-605718cb5baa, archive=false, dateOutputArchive=0001-01-01T00:00:00Z, thisGroup=false, parent=78ddac0f-ca67-11e5-826c-605718cb5baa, bic=040349749, swift=, name=КРАСНОДАРСКИЙ ФИЛИАЛ ТКБ БАНК ПАО, corrAccount=30101810500000000749, address=УЛ ФРУНЗЕ, 169, city=Г. КРАСНОДАР, phones=(861)2104542,2104546, country=4e127564-d74f-4dd9-bced-0327f0f4e061, countryCode=643, activityDiscontinued=false}, {guid=78ddac11-ca67-11e5-826c-605718cb5baa, archive=false, dateOutputArchive=0001-01-01T00:00:00Z, thisGroup=false, parent=78ddabf5-ca67-11e5-826c-605718cb5baa, bic=048702731, swift=, name=ФИЛИАЛ КБ &quot;РОСПРОМБАНК&quot; (ООО) В Г. СЫКТЫВКАРЕ, corrAccount=30101810500000000731, address=, city=Г. СЫКТЫВКАР, phones=, country=00000000-0000-0000-0000-000000000000, countryCode=, activityDiscontinued=true}, {guid=78ddac12-ca67-11e5-826c-605718cb5baa, archive=, dateOutputArchive=, thisGroup=true, parent=00000000-0000-0000-0000-000000000000, bic=20       , swift=, name=ВОРОНЕЖСКАЯ ОБЛАСТЬ, corrAccount=, address=, city=, phones=, country=, countryCode=, activityDiscontinued=}, {guid=78ddac13-ca67-11e5-826c-605718cb5baa, archive=false, dateOutputArchive=0001-01-01T00:00:00Z, thisGroup=false, parent=78ddac12-ca67-11e5-826c-605718cb5baa, bic=042007001, swift=, name=ОТДЕЛЕНИЕ ВОРОНЕЖ, corrAccount=, address=УЛ ТЕАТРАЛЬНАЯ, 36, city=Г. ВОРОНЕЖ, phones=(473)2555820,2699990, country=4e127564-d74f-4dd9-bced-0327f0f4e061, countryCode=643, activityDiscontinued=false}, {guid=78ddac14-ca67-11e5-826c-605718cb5baa, archive=, dateOutputArchive=, thisGroup=true, parent=00000000-0000-0000-0000-000000000000, bic=76       , swift=, name=ЗАБАЙКАЛЬСКИЙ КРАЙ, corrAccount=, address=, city=, phones=, country=, countryCode=, activityDiscontinued=}, {guid=78ddac15-ca67-11e5-826c-605718cb5baa, archive=false, dateOutputArchive=0001-01-01T00:00:00Z, thisGroup=false, parent=78ddac14-ca67-11e5-826c-605718cb5baa, bic=047601637, swift=SABRRU66CHT, name=ЧИТИНСКОЕ ОТДЕЛЕНИЕ  N8600 ПАО СБЕРБАНК, corrAccount=30101810500000000637, address=УЛ ПОЛИНЫ ОСИПЕНКО, 40, city=Г. ЧИТА, phones=(3022)336111, country=4e127564-d74f-4dd9-bced-0327f0f4e061, countryCode=643, activityDiscontinued=false}, {guid=78ddac16-ca67-11e5-826c-605718cb5baa, archive=false, dateOutputArchive=0001-01-01T00:00:00Z, thisGroup=false, parent=78ddabdb-ca67-11e5-826c-605718cb5baa, bic=043209770, swift=NOOBRU55XXX, name=ООО &quot;НОВОКИБ&quot;, corrAccount=30101810900000000770, address=УЛ КИРОВА, 69, city=Г. НОВОКУЗНЕЦК, phones=(3843)539698,459267, country=4e127564-d74f-4dd9-bced-0327f0f4e061, countryCode=643, activityDiscontinued=false}, {guid=78ddac17-ca67-11e5-826c-605718cb5baa, archive=, dateOutputArchive=, thisGroup=true, parent=00000000-0000-0000-0000-000000000000, bic=60       , swift=, name=РОСТОВСКАЯ ОБЛАСТЬ, corrAccount=, address=, city=, phones=, country=, countryCode=, activityDiscontinued=}, {guid=78ddac18-ca67-11e5-826c-605718cb5baa, archive=false, dateOutputArchive=0001-01-01T00:00:00Z, thisGroup=false, parent=78ddac17-ca67-11e5-826c-605718cb5baa, bic=046015293, swift=, name=РОСТОВСКИЙ ФИЛИАЛ НКО &quot;ИНКАХРАН&quot; (АО), corrAccount=30103810860150000293, address=, city=Г. РОСТОВ-НА-ДОНУ, phones=, country=00000000-0000-0000-0000-000000000000, countryCode=, activityDiscontinued=true}, {guid=78ddac19-ca67-11e5-826c-605718cb5baa, archive=false, dateOutputArchive=0001-01-01T00:00:00Z, thisGroup=false, parent=78ddac07-ca67-11e5-826c-605718cb5baa, bic=045004775, swift=, name=НОВОСИБИРСКИЙ ФИЛИАЛ ПАО &quot;БИНБАНК&quot;, corrAccount=30101810850040000775, address=, city=Г. НОВОСИБИРСК, phones=, country=00000000-0000-0000-0000-000000000000, countryCode=, activityDiscontinued=true}, {guid=78ddac1a-ca67-11e5-826c-605718cb5baa, archive=false, dateOutputArchive=0001-01-01T00:00:00Z, thisGroup=false, parent=78ddabe5-ca67-11e5-826c-605718cb5baa, bic=044583138, swift=, name=ООО КБ &quot;РАСЧЕТНЫЙ ДОМ&quot;, corrAccount=30101810500000000138, address=, city=Г. МОСКВА, phones=, country=00000000-0000-0000-0000-000000000000, countryCode=, activityDiscontinued=true}, {guid=78ddac1b-ca67-11e5-826c-605718cb5baa, archive=false, dateOutputArchive=0001-01-01T00:00:00Z, thisGroup=false, parent=78ddabe5-ca67-11e5-826c-605718cb5baa, bic=044525762, swift=, name=КУ КБ &quot;ЕВРОТРАСТ&quot; (ЗАО) ГК &quot;АСВ&quot;, corrAccount=30101810400000000762, address=УЛ ВЫСОЦКОГО, 4, city=Г. МОСКВА, phones=(495)9612526, country=4e127564-d74f-4dd9-bced-0327f0f4e061, countryCode=643, activityDiscontinued=false}, {guid=78ddaca1-ca67-11e5-826c-605718cb5baa, archive=, dateOutputArchive=, thisGroup=true, parent=00000000-0000-0000-0000-000000000000, bic=37       , swift=, name=КУРГАНСКАЯ ОБЛАСТЬ, corrAccount=, address=, city=, phones=, country=, countryCode=, activityDiscontinued=}, {guid=78ddac1d-ca67-11e5-826c-605718cb5baa, archive=false, dateOutputArchive=0001-01-01T00:00:00Z, thisGroup=false, parent=78ddabe5-ca67-11e5-826c-605718cb5baa, bic=044525235, swift=, name=КУ ООО &quot;М ПЛЮС&quot; ГК &quot;АСВ&quot;, corrAccount=30101810745250000235, address=УЛ ВЫСОЦКОГО, 4, city=Г. МОСКВА, phones=(495)9612526, country=4e127564-d74f-4dd9-bced-0327f0f4e061, countryCode=643, activityDiscontinued=false}, {guid=78ddac1e-ca67-11e5-826c-605718cb5baa, archive=false, dateOutputArchive=0001-01-01T00:00:00Z, thisGroup=false, parent=78ddabe5-ca67-11e5-826c-605718cb5baa, bic=044583701, swift=, name=ООО НКО &quot;ДЕНЬГИ.МЭЙЛ.РУ&quot;, corrAccount=30103810100000000701, address=, city=Г. МОСКВА, phones=, country=00000000-0000-0000-0000-000000000000, countryCode=, activityDiscontinued=true}, {guid=78ddac1f-ca67-11e5-826c-605718cb5baa, archive=false, dateOutputArchive=0001-01-01T00:00:00Z, thisGroup=false, parent=78ddabe1-ca67-11e5-826c-605718cb5baa, bic=044030769, swift=, name=КУ ОАО КБ &quot;ПЕТРО-АЭРО-БАНК&quot;-ГК &quot;АСВ&quot;, corrAccount=30101810300000000769, address=, city=Г. САНКТ-ПЕТЕРБУРГ, phones=, country=00000000-0000-0000-0000-000000000000, countryCode=, activityDiscontinued=true}, {guid=e8b018e6-ca8b-11e5-826c-605718cb5baa, archive=false, dateOutputArchive=0001-01-01T00:00:00Z, thisGroup=false, parent=78ddac9c-ca67-11e5-826c-605718cb5baa, bic=040481000, swift=, name=РКЦ АЧИНСК, corrAccount=, address=, city=Г. АЧИНСК, phones=, country=00000000-0000-0000-0000-000000000000, countryCode=, activityDiscontinued=true}, {guid=78ddac20-ca67-11e5-826c-605718cb5baa, archive=false, dateOutputArchive=0001-01-01T00:00:00Z, thisGroup=false, parent=78ddac0f-ca67-11e5-826c-605718cb5baa, bic=040396844, swift=, name=КОНКУРСНЫЙ УПРАВЛЯЮЩИЙ ООО КИИБ&quot;СОЧИ&quot;-ГК&quot;АСВ&quot;, corrAccount=30101810700000000844, address=УЛ ВЫСОЦКОГО, 4, city=Г. МОСКВА, phones=(495)7253117, country=4e127564-d74f-4dd9-bced-0327f0f4e061, countryCode=643, activityDiscontinued=false}, {guid=78ddac21-ca67-11e5-826c-605718cb5baa, archive=, dateOutputArchive=, thisGroup=true, parent=00000000-0000-0000-0000-000000000000, bic=22       , swift=, name=НИЖЕГОРОДСКАЯ ОБЛАСТЬ, corrAccount=, address=, city=, phones=, country=, countryCode=, activityDiscontinued=}, {guid=78ddac22-ca67-11e5-826c-605718cb5baa, archive=false, dateOutputArchive=0001-01-01T00:00:00Z, thisGroup=false, parent=78ddac21-ca67-11e5-826c-605718cb5baa, bic=042202821, swift=, name=ФАКБ &quot;РОССИЙСКИЙ КАПИТАЛ&quot; (АО) НИЖЕГОРОДСКИЙ, corrAccount=30101810300000000821, address=УЛ ОШАРСКАЯ, 52, city=Г. НИЖНИЙ НОВГОРОД, phones=(831)2816345, country=4e127564-d74f-4dd9-bced-0327f0f4e061, countryCode=643, activityDiscontinued=false}, {guid=78ddac23-ca67-11e5-826c-605718cb5baa, archive=false, dateOutputArchive=0001-01-01T00:00:00Z, thisGroup=false, parent=78ddabe5-ca67-11e5-826c-605718cb5baa, bic=044525551, swift=ICBKRUMMXXX, name=АЙСИБИСИ БАНК (АО), corrAccount=30101810200000000551, address=СЕРЕБРЯНИЧЕСКАЯ НАБ, 29, city=Г. МОСКВА, phones=(495)2873099, country=4e127564-d74f-4dd9-bced-0327f0f4e061, countryCode=643, activityDiscontinued=false}, {guid=78ddac24-ca67-11e5-826c-605718cb5baa, archive=false, dateOutputArchive=0001-01-01T00:00:00Z, thisGroup=false, parent=78ddabe5-ca67-11e5-826c-605718cb5baa, bic=044525476, swift=CBMWRUMMXXX, name=АО &quot;МОСКОМБАНК&quot;, corrAccount=30101810245250000476, address=УЛ 1-Я ФРУНЗЕНСКАЯ, 5, city=Г. МОСКВА, phones=(495)6091919, country=4e127564-d74f-4dd9-bced-0327f0f4e061, countryCode=643, activityDiscontinued=false}, {guid=78ddac25-ca67-11e5-826c-605718cb5baa, archive=, dateOutputArchive=, thisGroup=true, parent=00000000-0000-0000-0000-000000000000, bic=00       , swift=, name=ТЕРРИТОРИЯ НЕ ОПРЕДЕЛЕНА, corrAccount=, address=, city=, phones=, country=, countryCode=, activityDiscontinued=}, {guid=78ddac26-ca67-11e5-826c-605718cb5baa, archive=false, dateOutputArchive=0001-01-01T00:00:00Z, thisGroup=false, parent=78ddac25-ca67-11e5-826c-605718cb5baa, bic=040004002, swift=, name=ПУ БАНКА РОССИИ N 67903, corrAccount=, address=П/П 67903, city=, phones=, country=4e127564-d74f-4dd9-bced-0327f0f4e061, countryCode=643, activityDiscontinued=false}, {guid=78ddac27-ca67-11e5-826c-605718cb5baa, archive=false, dateOutputArchive=0001-01-01T00:00:00Z, thisGroup=false, parent=78ddac00-ca67-11e5-826c-605718cb5baa, bic=048209788, swift=, name=ФАКБ &quot;ИНВЕСТТОРГБАНК&quot; (ПАО) &quot;МАХАЧКАЛИНСКИЙ&quot;, corrAccount=30101810400000000788, address=, city=Г. МАХАЧКАЛА, phones=, country=00000000-0000-0000-0000-000000000000, countryCode=, activityDiscontinued=true}, {guid=78ddac28-ca67-11e5-826c-605718cb5baa, archive=, dateOutputArchive=, thisGroup=true, parent=00000000-0000-0000-0000-000000000000, bic=94       , swift=, name=УДМУРТСКАЯ РЕСПУБЛИКА, corrAccount=, address=, city=, phones=, country=, countryCode=, activityDiscontinued=}, {guid=78ddac29-ca67-11e5-826c-605718cb5baa, archive=false, dateOutputArchive=0001-01-01T00:00:00Z, thisGroup=false, parent=78ddac28-ca67-11e5-826c-605718cb5baa, bic=049401825, swift=, name=КОНКУРСНЫЙ УПРАВЛЯЮЩИЙ ОАО &quot;МОБИЛБАНК&quot;, corrAccount=30101810600000000825, address=УЛ ПУШКИНСКАЯ, 268, city=Г. ИЖЕВСК, phones=(3412)908911,655104, country=4e127564-d74f-4dd9-bced-0327f0f4e061, countryCode=643, activityDiscontinued=false}]&#10;" type="java.lang.AssertionError">java.lang.AssertionError: 
1 expectation failed.
Response body doesn't match expectation.
Expected: The content to match the given JSON schema.
error: instance type (string) does not match any allowed primitive type (allowed: ["boolean"])
    level: "error"
    schema: {"loadingURI":"file:/C:/Users/Sasha/Api/target/test-classes/getBankList.json#","pointer":"/items/properties/activityDiscontinued"}
    instance: {"pointer":"/13/activityDiscontinued"}
    domain: "validation"
    keyword: "type"
    found: "string"
    expected: ["boolean"]
error: string "" is too short (length: 0, required minimum: 1)
    level: "error"
    schema: {"loadingURI":"file:/C:/Users/Sasha/Api/target/test-classes/getBankList.json#","pointer":"/items/properties/address"}
    instance: {"pointer":"/13/address"}
    domain: "validation"
    keyword: "minLength"
    value: ""
    found: 0
    minLength: 1
error: instance type (string) does not match any allowed primitive type (allowed: ["boolean"])
    level: "error"
    schema: {"loadingURI":"file:/C:/Users/Sasha/Api/target/test-classes/getBankList.json#","pointer":"/items/properties/archive"}
    instance: {"pointer":"/13/archive"}
    domain: "validation"
    keyword: "type"
    found: "string"
    expected: ["boolean"]
error: string "" is too short (length: 0, required minimum: 1)
    level: "error"
    schema: {"loadingURI":"file:/C:/Users/Sasha/Api/target/test-classes/getBankList.json#","pointer":"/items/properties/city"}
    instance: {"pointer":"/13/city"}
    domain: "validation"
    keyword: "minLength"
    value: ""
    found: 0
    minLength: 1
error: string "" is too short (length: 0, required minimum: 20)
    level: "error"
    schema: {"loadingURI":"file:/C:/Users/Sasha/Api/target/test-classes/getBankList.json#","pointer":"/items/properties/corrAccount"}
    instance: {"pointer":"/13/corrAccount"}
    domain: "validation"
    keyword: "minLength"
    value: ""
    found: 0
    minLength: 20
error: string "" is too short (length: 0, required minimum: 36)
    level: "error"
    schema: {"loadingURI":"file:/C:/Users/Sasha/Api/target/test-classes/getBankList.json#","pointer":"/items/properties/country"}
    instance: {"pointer":"/13/country"}
    domain: "validation"
    keyword: "minLength"
    value: ""
    found: 0
    minLength: 36
error: string "" is too short (length: 0, required minimum: 3)
    level: "error"
    schema: {"loadingURI":"file:/C:/Users/Sasha/Api/target/test-classes/getBankList.json#","pointer":"/items/properties/countryCode"}
    instance: {"pointer":"/13/countryCode"}
    domain: "validation"
    keyword: "minLength"
    value: ""
    found: 0
    minLength: 3
error: string "" is too short (length: 0, required minimum: 10)
    level: "error"
    schema: {"loadingURI":"file:/C:/Users/Sasha/Api/target/test-classes/getBankList.json#","pointer":"/items/properties/dateOutputArchive"}
    instance: {"pointer":"/13/dateOutputArchive"}
    domain: "validation"
    keyword: "minLength"
    value: ""
    found: 0
    minLength: 10

  Actual: [{guid=979300ab-d82b-11e8-80bb-08002789bf51, archive=false, dateOutputArchive=0001-01-01T00:00:00Z, thisGroup=false, parent=78ddabf2-ca67-11e5-826c-605718cb5baa, bic=043601707, swift=, name=ФИЛИАЛ "САМАРСКИЙ" АО "ОТП БАНК", corrAccount=30101810722023601707, address=УЛ АВРОРЫ, 150, city=Г. САМАРА, phones=(846)3425312,3425313, country=4e127564-d74f-4dd9-bced-0327f0f4e061, countryCode=643, activityDiscontinued=false}, {guid=979300ac-d82b-11e8-80bb-08002789bf51, archive=false, dateOutputArchive=0001-01-01T00:00:00Z, thisGroup=false, parent=78ddabe1-ca67-11e5-826c-605718cb5baa, bic=044030792, swift=, name=ФИЛИАЛ "СЕВЕРО-ЗАПАДНЫЙ" "УМ-БАНК" ООО, corrAccount=30101810640300000792, address=КАМЕННООСТРОВСКИЙ ПР-Т, 61 ПОМ, city=Г. САНКТ-ПЕТЕРБУРГ, phones=(812)4560720, country=4e127564-d74f-4dd9-bced-0327f0f4e061, countryCode=643, activityDiscontinued=false}, {guid=979300ad-d82b-11e8-80bb-08002789bf51, archive=false, dateOutputArchive=0001-01-01T00:00:00Z, thisGroup=false, parent=78ddac07-ca67-11e5-826c-605718cb5baa, bic=045004711, swift=, name=Куйбышевский филиал АКБ "Ланта-Банк" (АО), corrAccount=30101810750045004711, address=КВАРТАЛ 1, ДОМ 29 "ВСТАВКА", city=Г. КУЙБЫШЕВ, phones=, country=4e127564-d74f-4dd9-bced-0327f0f4e061, countryCode=643, activityDiscontinued=false}, {guid=979300ae-d82b-11e8-80bb-08002789bf51, archive=false, dateOutputArchive=0001-01-01T00:00:00Z, thisGroup=false, parent=78ddac07-ca67-11e5-826c-605718cb5baa, bic=045004719, swift=, name=ФИЛИАЛ № 5440 БАНКА ВТБ (ПАО), corrAccount=30101810450040000719, address=УЛ ФРУНЗЕ, 232, 234, 234/1, city=Г. НОВОСИБИРСК, phones=(383)2492424,2492425, country=4e127564-d74f-4dd9-bced-0327f0f4e061, countryCode=643, activityDiscontinued=false}, {guid=979300af-d82b-11e8-80bb-08002789bf51, archive=false, dateOutputArchive=0001-01-01T00:00:00Z, thisGroup=false, parent=78ddac07-ca67-11e5-826c-605718cb5baa, bic=045004701, swift=, name=НОВОСИБИРСКИЙ ФИЛИАЛ АБ "РОССИЯ", corrAccount=30101810950040000701, address=УЛ СЕМЬИ ШАМШИНЫХ, 26, 26/1, city=Г. НОВОСИБИРСК, phones=(383)3670691,3670692, country=4e127564-d74f-4dd9-bced-0327f0f4e061, countryCode=643, activityDiscontinued=false}, {guid=979300b0-d82b-11e8-80bb-08002789bf51, archive=false, dateOutputArchive=0001-01-01T00:00:00Z, thisGroup=false, parent=78ddac09-ca67-11e5-826c-605718cb5baa, bic=046577459, swift=, name=ФИЛИАЛ "УРАЛЬСКИЙ" "УМ-БАНК" ООО, corrAccount=30101810165770000459, address=УЛ БЕЛИНСКОГО, 86, city=Г. ЕКАТЕРИНБУРГ, phones=(343)2871010,3452644, country=4e127564-d74f-4dd9-bced-0327f0f4e061, countryCode=643, activityDiscontinued=false}, {guid=979300b1-d82b-11e8-80bb-08002789bf51, archive=false, dateOutputArchive=0001-01-01T00:00:00Z, thisGroup=false, parent=78ddabe5-ca67-11e5-826c-605718cb5baa, bic=044525745, swift=VTBRRUM2MS3, name=ФИЛИАЛ № 7701 БАНКА ВТБ (ПАО), corrAccount=30101810345250000745, address=УЛ КУЗНЕЦКИЙ МОСТ, 17, СТР 1, city=Г. МОСКВА, phones=(495)9258000, country=4e127564-d74f-4dd9-bced-0327f0f4e061, countryCode=643, activityDiscontinued=false}, {guid=979300b2-d82b-11e8-80bb-08002789bf51, archive=false, dateOutputArchive=0001-01-01T00:00:00Z, thisGroup=false, parent=78ddabe9-ca67-11e5-826c-605718cb5baa, bic=042520842, swift=, name="Братский АНКБ" ПАО, corrAccount=30101810850042520842, address=УЛ. КОМСОМОЛЬСКАЯ, Д. 43, city=Г. БРАТСК, phones=, country=4e127564-d74f-4dd9-bced-0327f0f4e061, countryCode=643, activityDiscontinued=false}, {guid=979300b3-d82b-11e8-80bb-08002789bf51, archive=false, dateOutputArchive=0001-01-01T00:00:00Z, thisGroup=false, parent=78ddabe9-ca67-11e5-826c-605718cb5baa, bic=042520811, swift=, name=АО "ГРИНКОМБАНК", corrAccount=30101810950040000811, address=УЛ ФРАНК-КАМЕНЕЦКОГО, 8, city=Г. ИРКУТСК, phones=(3952)255196,240197, country=4e127564-d74f-4dd9-bced-0327f0f4e061, countryCode=643, activityDiscontinued=false}, {guid=979300b4-d82b-11e8-80bb-08002789bf51, archive=false, dateOutputArchive=0001-01-01T00:00:00Z, thisGroup=false, parent=78ddac9c-ca67-11e5-826c-605718cb5baa, bic=040407523, swift=, name=АО АИКБ "ЕНИСЕЙСКИЙ ОБЪЕДИНЕННЫЙ БАНК", corrAccount=30101810650040000523, address=УЛ КАРЛА МАРКСА, 62, city=Г. КРАСНОЯРСК, phones=(391)2770000, country=4e127564-d74f-4dd9-bced-0327f0f4e061, countryCode=643, activityDiscontinued=false}, {guid=979300b5-d82b-11e8-80bb-08002789bf51, archive=false, dateOutputArchive=0001-01-01T00:00:00Z, thisGroup=false, parent=e8b01830-ca8b-11e5-826c-605718cb5baa, bic=041403725, swift=, name=ООО "Осколбанк", corrAccount=30101810745250000725, address=Г. СТАРЫЙ ОСКОЛ, М-Н ОЛИМПИЙСК, city=Г. СТАРЫЙ ОСКОЛ, phones=, country=4e127564-d74f-4dd9-bced-0327f0f4e061, countryCode=643, activityDiscontinued=false}, {guid=979300b6-d82b-11e8-80bb-08002789bf51, archive=false, dateOutputArchive=0001-01-01T00:00:00Z, thisGroup=false, parent=78ddabe1-ca67-11e5-826c-605718cb5baa, bic=044030707, swift=VTBRRUM2SP3, name=ФИЛИАЛ № 7806 БАНКА ВТБ (ПАО), corrAccount=30101810240300000707, address=УЛ Б. МОРСКАЯ, 29 ЛИТ А, city=Г. САНКТ-ПЕТЕРБУРГ, phones=(812)3241214, country=4e127564-d74f-4dd9-bced-0327f0f4e061, countryCode=643, activityDiscontinued=false}, {guid=979300b7-d82b-11e8-80bb-08002789bf51, archive=false, dateOutputArchive=0001-01-01T00:00:00Z, thisGroup=false, parent=78ddac09-ca67-11e5-826c-605718cb5baa, bic=046577916, swift=, name=ФИЛИАЛ "НОВОУРАЛЬСКИЙ" ПАО КБ "УБРИР", corrAccount=30101810365770000916, address=УЛ ДЗЕРЖИНСКОГО, 16, city=Г. НОВОУРАЛЬСК, phones=(34370)25591, country=4e127564-d74f-4dd9-bced-0327f0f4e061, countryCode=643, activityDiscontinued=false}, {guid=78ddabd9-ca67-11e5-826c-605718cb5baa, archive=, dateOutputArchive=, thisGroup=true, parent=00000000-0000-0000-0000-000000000000, bic=90       , swift=, name=РЕСПУБЛИКА СЕВЕРНАЯ ОСЕТИЯ-АЛАНИЯ, corrAccount=, address=, city=, phones=, country=, countryCode=, activityDiscontinued=}, {guid=979300b8-d82b-11e8-80bb-08002789bf51, archive=false, dateOutputArchive=0001-01-01T00:00:00Z, thisGroup=false, parent=78ddabdf-ca67-11e5-826c-605718cb5baa, bic=049246691, swift=, name=АБ "ДЕВОН-КРЕДИТ" (ПАО), corrAccount=30101810722029246691, address=УЛ ЛЕНИНА, 77, city=Г. АЛЬМЕТЬЕВСК, phones=(8553)456777, country=4e127564-d74f-4dd9-bced-0327f0f4e061, countryCode=643, activityDiscontinued=false}, {guid=979300b9-d82b-11e8-80bb-08002789bf51, archive=false, dateOutputArchive=0001-01-01T00:00:00Z, thisGroup=false, parent=78ddabe5-ca67-11e5-826c-605718cb5baa, bic=044525806, swift=, name=ФИЛИАЛ "МОСКОВСКИЙ" КБ "СПУТНИК" (ПАО), corrAccount=30101810145250000806, address=ЛЯЛИН ПЕР, 19-1, city=Г. МОСКВА, phones=(495)5891084, country=4e127564-d74f-4dd9-bced-0327f0f4e061, countryCode=643, activityDiscontinued=false}, {guid=979300ba-d82b-11e8-80bb-08002789bf51, archive=false, dateOutputArchive=0001-01-01T00:00:00Z, thisGroup=false, parent=78ddaccd-ca67-11e5-826c-605718cb5baa, bic=045209702, swift=, name=АО "ИТ Банк", corrAccount=30101810750045209702, address=УЛ. ДУМСКАЯ, 7, city=Г. ОМСК, phones=, country=4e127564-d74f-4dd9-bced-0327f0f4e061, countryCode=643, activityDiscontinued=false}, {guid=979300bb-d82b-11e8-80bb-08002789bf51, archive=false, dateOutputArchive=0001-01-01T00:00:00Z, thisGroup=false, parent=78ddaccd-ca67-11e5-826c-605718cb5baa, bic=045209701, swift=, name=АО "Эксперт Банк", corrAccount=30101810450045209701, address=УЛ. МАРШАЛА ЖУКОВА, ДОМ 107, city=Г. ОМСК, phones=, country=4e127564-d74f-4dd9-bced-0327f0f4e061, countryCode=643, activityDiscontinued=false}, {guid=979300bc-d82b-11e8-80bb-08002789bf51, archive=false, dateOutputArchive=0001-01-01T00:00:00Z, thisGroup=false, parent=78ddac09-ca67-11e5-826c-605718cb5baa, bic=046577743, swift=, name=ФИЛИАЛ "ДЕЛО" ПАО "СКБ-БАНК", corrAccount=30101810965770000743, address=УЛ КУЙБЫШЕВА, 58, city=Г. ЕКАТЕРИНБУРГ, phones=(343)3557000, country=4e127564-d74f-4dd9-bced-0327f0f4e061, countryCode=643, activityDiscontinued=false}, {guid=979300bd-d82b-11e8-80bb-08002789bf51, archive=false, dateOutputArchive=0001-01-01T00:00:00Z, thisGroup=false, parent=78ddaccd-ca67-11e5-826c-605718cb5baa, bic=045209703, swift=, name=КУ АО "Мираф-Банк" - ГК "АСВ", corrAccount=30101810050045209703, address=УЛ. ФРУНЗЕ, Д.54, city=Г. ОМСК, phones=, country=4e127564-d74f-4dd9-bced-0327f0f4e061, countryCode=643, activityDiscontinued=false}, {guid=9d8e68cb-d82b-11e8-80bb-08002789bf51, archive=false, dateOutputArchive=0001-01-01T00:00:00Z, thisGroup=false, parent=78ddac21-ca67-11e5-826c-605718cb5baa, bic=042202761, swift=, name=Ф. АКБ "ФОРА-БАНК" (АО) В Г. НИЖНИЙ НОВГОРОД, corrAccount=30101810822020000761, address=УЛ КОВАЛИХИНСКАЯ, 8, city=Г. НИЖНИЙ НОВГОРОД, phones=(831)2161801,2161802, country=4e127564-d74f-4dd9-bced-0327f0f4e061, countryCode=643, activityDiscontinued=false}, {guid=9d8e68cc-d82b-11e8-80bb-08002789bf51, archive=false, dateOutputArchive=0001-01-01T00:00:00Z, thisGroup=false, parent=78ddac67-ca67-11e5-826c-605718cb5baa, bic=045773804, swift=, name=ФИЛИАЛ "ЛЫСЬВА" АО АКБ "АЛЕФ-БАНК", corrAccount=30101810965775700804, address=ПОЖАРСКОГО, Д.8, city=Г. ЛЫСЬВА, phones=, country=4e127564-d74f-4dd9-bced-0327f0f4e061, countryCode=643, activityDiscontinued=false}, {guid=9d8e68cd-d82b-11e8-80bb-08002789bf51, archive=false, dateOutputArchive=0001-01-01T00:00:00Z, thisGroup=false, parent=78ddac21-ca67-11e5-826c-605718cb5baa, bic=042202717, swift=, name=ФИЛИАЛ №10 ПАО КБ "ЦЕНТР-ИНВЕСТ", corrAccount=30101810122020000717, address=УЛ КОМИНТЕРНА, 139, city=Г. НИЖНИЙ НОВГОРОД, phones=(831)4391708, country=4e127564-d74f-4dd9-bced-0327f0f4e061, countryCode=643, activityDiscontinued=false}, {guid=9d8e68ce-d82b-11e8-80bb-08002789bf51, archive=false, dateOutputArchive=0001-01-01T00:00:00Z, thisGroup=false, parent=78ddac21-ca67-11e5-826c-605718cb5baa, bic=042202716, swift=, name=НИЖЕГОРОДСКИЙ Ф БАНКА"ВОЗРОЖДЕНИЕ"(ПАО), corrAccount=30101810822020000716, address=УЛ БЕЛИНСКОГО, 106 А, city=Г. НИЖНИЙ НОВГОРОД, phones=(831)2787662,2783935, country=4e127564-d74f-4dd9-bced-0327f0f4e061, countryCode=643, activityDiscontinued=false}, {guid=9d8e68cf-d82b-11e8-80bb-08002789bf51, archive=false, dateOutputArchive=0001-01-01T00:00:00Z, thisGroup=false, parent=78ddac21-ca67-11e5-826c-605718cb5baa, bic=042202712, swift=, name=НИЖЕГОРОДСКИЙ ФИЛИАЛ АКБ "ЛАНТА-БАНК" (АО), corrAccount=30101810622020000712, address=МЕЩЕРСКИЙ Б-Р, 3, К 1, city=Г. НИЖНИЙ НОВГОРОД, phones=(831)2208322,2208320, country=4e127564-d74f-4dd9-bced-0327f0f4e061, countryCode=643, activityDiscontinued=false}, {guid=9d8e68d0-d82b-11e8-80bb-08002789bf51, archive=false, dateOutputArchive=0001-01-01T00:00:00Z, thisGroup=false, parent=78ddac17-ca67-11e5-826c-605718cb5baa, bic=046015707, swift=, name=ВОЛГОДОНСКИЙ ф Банка "Возрождение" (ПАО), corrAccount=30101810060150000707, address=БУЛ. ВЕЛИКОЙ ПОБЕДЫ, ДОМ №38А, city=Г. ВОЛГОДОНСК, phones=, country=4e127564-d74f-4dd9-bced-0327f0f4e061, countryCode=643, activityDiscontinued=false}, {guid=9d8e68d1-d82b-11e8-80bb-08002789bf51, archive=false, dateOutputArchive=0001-01-01T00:00:00Z, thisGroup=false, parent=78ddac21-ca67-11e5-826c-605718cb5baa, bic=042202718, swift=, name=ПАО "САРОВБИЗНЕСБАНК", corrAccount=30101810422020000718, address=УЛ СИЛКИНА, 13, city=Г. САРОВ, phones=(831)4307478,(83130)33640, country=4e127564-d74f-4dd9-bced-0327f0f4e061, countryCode=643, activityDiscontinued=false}, {guid=9d8e68d2-d82b-11e8-80bb-08002789bf51, archive=false, dateOutputArchive=0001-01-01T00:00:00Z, thisGroup=false, parent=78ddac21-ca67-11e5-826c-605718cb5baa, bic=042202727, swift=, name=ПАО КОМБАНК "ХИМИК", corrAccount=30101810222020000727, address=УЛ УРИЦКОГО, 10 Б, city=Г. ДЗЕРЖИНСК, phones=(8313)261608,251126, country=4e127564-d74f-4dd9-bced-0327f0f4e061, countryCode=643, activityDiscontinued=false}, {guid=9d8e68d3-d82b-11e8-80bb-08002789bf51, archive=false, dateOutputArchive=0001-01-01T00:00:00Z, thisGroup=false, parent=78ddabe5-ca67-11e5-826c-605718cb5baa, bic=044525420, swift=, name=Ф РОКЕТБАНК КИВИ БАНК (АО), corrAccount=30101810945250000420, address=УЛ ПАЛИХА, 10, СТР 5, city=Г. МОСКВА, phones=(495)2313645, country=4e127564-d74f-4dd9-bced-0327f0f4e061, countryCode=643, activityDiscontinued=false}, {guid=78ddabda-ca67-11e5-826c-605718cb5baa, archive=false, dateOutputArchive=0001-01-01T00:00:00Z, thisGroup=false, parent=78ddabd9-ca67-11e5-826c-605718cb5baa, bic=049033736, swift=, name=СКФ ПАО АКБ "ИРОНБАНК", corrAccount=30101810800000000736, address=, city=Г. ВЛАДИКАВКАЗ, phones=, country=00000000-0000-0000-0000-000000000000, countryCode=, activityDiscontinued=true}, {guid=9d8e68d4-d82b-11e8-80bb-08002789bf51, archive=false, dateOutputArchive=0001-01-01T00:00:00Z, thisGroup=false, parent=78ddac21-ca67-11e5-826c-605718cb5baa, bic=042202731, swift=, name=АО КОМБАНК "АРЗАМАС", corrAccount=30101810522020000731, address=УЛ КИРОВА, 33, city=Г. АРЗАМАС, phones=(83147)70224,70177, country=4e127564-d74f-4dd9-bced-0327f0f4e061, countryCode=643, activityDiscontinued=false}, {guid=9d8e68d5-d82b-11e8-80bb-08002789bf51, archive=false, dateOutputArchive=0001-01-01T00:00:00Z, thisGroup=false, parent=78ddabe5-ca67-11e5-826c-605718cb5baa, bic=044525864, swift=, name=МОСКОВСКИЙ ФИЛИАЛ АО АКБ "ГАЗБАНК", corrAccount=30101810145250000864, address=УЛ БРЯНСКАЯ, 5, city=Г. МОСКВА, phones=(495)3639438, country=4e127564-d74f-4dd9-bced-0327f0f4e061, countryCode=643, activityDiscontinued=true}, {guid=9d8e68d6-d82b-11e8-80bb-08002789bf51, archive=false, dateOutputArchive=0001-01-01T00:00:00Z, thisGroup=false, parent=78ddabe5-ca67-11e5-826c-605718cb5baa, bic=044525797, swift=, name=Ф ТОЧКА БАНК КИВИ БАНК (АО), corrAccount=30101810445250000797, address=УЛ СПИРИДОНОВКА, 4, СТР 2, city=Г. МОСКВА, phones=(495)2313645, country=4e127564-d74f-4dd9-bced-0327f0f4e061, countryCode=643, activityDiscontinued=false}, {guid=9d8e68d7-d82b-11e8-80bb-08002789bf51, archive=false, dateOutputArchive=0001-01-01T00:00:00Z, thisGroup=false, parent=78ddac9c-ca67-11e5-826c-605718cb5baa, bic=040407404, swift=, name=ФПАО "ДАЛЬНЕВОСТОЧНЫЙ БАНК" "КРАСНОЯРСКИЙ", corrAccount=30101810850040000404, address=УЛ МОЛОКОВА, 1, К 4, city=Г. КРАСНОЯРСК, phones=(391)2773071, country=4e127564-d74f-4dd9-bced-0327f0f4e061, countryCode=643, activityDiscontinued=false}, {guid=9d8e68d8-d82b-11e8-80bb-08002789bf51, archive=false, dateOutputArchive=0001-01-01T00:00:00Z, thisGroup=false, parent=78ddad0a-ca67-11e5-826c-605718cb5baa, bic=047144778, swift=, name=СФ АО БАНК "СНГБ", corrAccount=30101810165777100778, address=УЛ ГУБКИНА, 15 А, city=Г. СУРГУТ, phones=(3462)398700, country=4e127564-d74f-4dd9-bced-0327f0f4e061, countryCode=643, activityDiscontinued=false}, {guid=9d8e68d9-d82b-11e8-80bb-08002789bf51, archive=false, dateOutputArchive=0001-01-01T00:00:00Z, thisGroup=false, parent=78ddabf2-ca67-11e5-826c-605718cb5baa, bic=043601968, swift=VTBRRUM2SA3, name=ФИЛИАЛ № 6318 БАНКА ВТБ (ПАО), corrAccount=30101810422023601968, address=УЛ МОЛОДОГВАРДЕЙСКАЯ, 204, city=Г. САМАРА, phones=(846)2696824,2696834, country=4e127564-d74f-4dd9-bced-0327f0f4e061, countryCode=643, activityDiscontinued=false}, {guid=9d8e68da-d82b-11e8-80bb-08002789bf51, archive=false, dateOutputArchive=0001-01-01T00:00:00Z, thisGroup=false, parent=78ddabf2-ca67-11e5-826c-605718cb5baa, bic=043601975, swift=, name=ООО "РУСФИНАНС БАНК", corrAccount=30101810622023601975, address=УЛ ЧЕРНОРЕЧЕНСКАЯ, 42 А, city=Г. САМАРА, phones=(846)2696911,2694411, country=4e127564-d74f-4dd9-bced-0327f0f4e061, countryCode=643, activityDiscontinued=false}, {guid=9d8e68db-d82b-11e8-80bb-08002789bf51, archive=false, dateOutputArchive=0001-01-01T00:00:00Z, thisGroup=false, parent=78ddabf7-ca67-11e5-826c-605718cb5baa, bic=045354880, swift=, name=ГК "АСВ" - КУ АО "НСТ-БАНК", corrAccount=30101810265775300880, address=ВИЛОНОВСКАЯ УЛ, 138, city=Г. САМАРА, phones=, country=4e127564-d74f-4dd9-bced-0327f0f4e061, countryCode=643, activityDiscontinued=false}, {guid=9d8e68dc-d82b-11e8-80bb-08002789bf51, archive=false, dateOutputArchive=0001-01-01T00:00:00Z, thisGroup=false, parent=78ddabe7-ca67-11e5-826c-605718cb5baa, bic=040507595, swift=, name=АО "СОЛИД БАНК", corrAccount=30101810205070000595, address=УЛ АДМИРАЛА ФОКИНА, 25, city=Г. ВЛАДИВОСТОК, phones=(423)2265722,(423)2469293, country=4e127564-d74f-4dd9-bced-0327f0f4e061, countryCode=643, activityDiscontinued=false}, {guid=9d8e68dd-d82b-11e8-80bb-08002789bf51, archive=false, dateOutputArchive=0001-01-01T00:00:00Z, thisGroup=false, parent=78ddabe1-ca67-11e5-826c-605718cb5baa, bic=044030830, swift=, name=СПБ. Ф. АО БАНК "НАЦИОНАЛЬНЫЙ СТАНДАРТ", corrAccount=30101810340300000830, address=УЛ. ЧАЙКОВСКОГО, Д. 39, ЛИТ А, city=Г. САНКТ-ПЕТЕРБУРГ, phones=(812)4493155, country=4e127564-d74f-4dd9-bced-0327f0f4e061, countryCode=643, activityDiscontinued=false}, {guid=9d8e68de-d82b-11e8-80bb-08002789bf51, archive=false, dateOutputArchive=0001-01-01T00:00:00Z, thisGroup=false, parent=78ddabeb-ca67-11e5-826c-605718cb5baa, bic=040708735, swift=, name=ФИЛИАЛ В Г. ЕССЕНТУКИ АКБ "ЛАНТА-БАНК" (АО), corrAccount=30101810007080000735, address=УЛ СОВЕТСКАЯ, 20 Б, city=Г. ЕССЕНТУКИ, phones=(87934)54547,54371, country=4e127564-d74f-4dd9-bced-0327f0f4e061, countryCode=643, activityDiscontinued=false}, {guid=9d8e68df-d82b-11e8-80bb-08002789bf51, archive=false, dateOutputArchive=0001-01-01T00:00:00Z, thisGroup=false, parent=78ddac72-ca67-11e5-826c-605718cb5baa, bic=041806745, swift=, name=Урюпинский филиал ПАО КБ "Сельмашбанк", corrAccount=30101810518060000745, address=УЛ. ШТЕМЕНКО, 47/3, city=Г. УРЮПИНСК, phones=, country=4e127564-d74f-4dd9-bced-0327f0f4e061, countryCode=643, activityDiscontinued=false}, {guid=9d8e68e0-d82b-11e8-80bb-08002789bf51, archive=false, dateOutputArchive=0001-01-01T00:00:00Z, thisGroup=false, parent=78ddac72-ca67-11e5-826c-605718cb5baa, bic=041806730, swift=, name=Ликвидатор АО КБ "Михайловский ПЖСБ", corrAccount=30101810918060000730, address=УЛИЦА ОБОРОНЫ, 44 "А", city=Г. МИХАЙЛОВКА, phones=, country=4e127564-d74f-4dd9-bced-0327f0f4e061, countryCode=643, activityDiscontinued=false}, {guid=9d8e68e1-d82b-11e8-80bb-08002789bf51, archive=false, dateOutputArchive=0001-01-01T00:00:00Z, thisGroup=false, parent=78ddabe5-ca67-11e5-826c-605718cb5baa, bic=044525941, swift=, name="УМ-БАНК" ООО, corrAccount=30101810945250000941, address=УЛ Б. ОРДЫНКА, 59, СТР 2, city=Г. МОСКВА, phones=(495)2123020, country=4e127564-d74f-4dd9-bced-0327f0f4e061, countryCode=643, activityDiscontinued=false}, {guid=9d8e68e2-d82b-11e8-80bb-08002789bf51, archive=false, dateOutputArchive=0001-01-01T00:00:00Z, thisGroup=false, parent=78ddac72-ca67-11e5-826c-605718cb5baa, bic=041806717, swift=, name=ЮЖНЫЙ ФИЛИАЛ АО БАНК "НАЦИОНАЛЬНЫЙ СТАНДАРТ", corrAccount=30101810818060000717, address=УЛ ИМ. ГАГАРИНА, 7, city=Г. ВОЛГОГРАД, phones=(8442)995000, country=4e127564-d74f-4dd9-bced-0327f0f4e061, countryCode=643, activityDiscontinued=true}, {guid=78ddabdb-ca67-11e5-826c-605718cb5baa, archive=, dateOutputArchive=, thisGroup=true, parent=00000000-0000-0000-0000-000000000000, bic=32       , swift=, name=КЕМЕРОВСКАЯ ОБЛАСТЬ, corrAccount=, address=, city=, phones=, country=, countryCode=, activityDiscontinued=}, {guid=a38a1a95-d82b-11e8-80bb-08002789bf51, archive=false, dateOutputArchive=0001-01-01T00:00:00Z, thisGroup=false, parent=78ddac17-ca67-11e5-826c-605718cb5baa, bic=046015846, swift=, name=КУ ОАО КБ "МАКСИМУМ" - ГК "АСВ", corrAccount=30101810060150000846, address=УЛ. ВЫСОЦКОГО, Д.4, city=Г. МОСКВА, phones=, country=4e127564-d74f-4dd9-bced-0327f0f4e061, countryCode=643, activityDiscontinued=false}, {guid=a38a1a96-d82b-11e8-80bb-08002789bf51, archive=false, dateOutputArchive=0001-01-01T00:00:00Z, thisGroup=false, parent=78ddac14-ca67-11e5-826c-605718cb5baa, bic=047601205, swift=, name=ООО КБ "ЦЕНТРАЛЬНО-ЕВРОПЕЙСКИЙ БАНК", corrAccount=30101810950040000205, address=УЛ БАБУШКИНА, 108, city=Г. ЧИТА, phones=(3022)211502, country=4e127564-d74f-4dd9-bced-0327f0f4e061, countryCode=643, activityDiscontinued=false}, {guid=78ddabf7-ca67-11e5-826c-605718cb5baa, archive=, dateOutputArchive=, thisGroup=true, parent=00000000-0000-0000-0000-000000000000, bic=53       , swift=, name=ОРЕНБУРГСКАЯ ОБЛАСТЬ, corrAccount=, address=, city=, phones=, country=, countryCode=, activityDiscontinued=}, {guid=a38a1a97-d82b-11e8-80bb-08002789bf51, archive=false, dateOutputArchive=0001-01-01T00:00:00Z, thisGroup=false, parent=78ddac17-ca67-11e5-826c-605718cb5baa, bic=046015835, swift=, name=КУ ООО "РУССКИЙ НАЦИОНАЛЬНЫЙ БАНК" - ГК "АСВ", corrAccount=30101810660150000835, address=УЛ ВЫСОЦКОГО, 4 ТЕЛ.(495)96125, city=Г. МОСКВА, phones=(863)2999413,2999418, country=4e127564-d74f-4dd9-bced-0327f0f4e061, countryCode=643, activityDiscontinued=false}, {guid=a38a1a98-d82b-11e8-80bb-08002789bf51, archive=false, dateOutputArchive=0001-01-01T00:00:00Z, thisGroup=false, parent=78ddabe5-ca67-11e5-826c-605718cb5baa, bic=044525535, swift=, name=КУ АБ "АЛДАНЗОЛОТОБАНК" АО - ГК "АСВ", corrAccount=30101810445250000535, address=УЛ. ВЫСОЦКОГО, Д. 4, city=Г. МОСКВА, phones=, country=4e127564-d74f-4dd9-bced-0327f0f4e061, countryCode=643, activityDiscontinued=false}, {guid=a38a1a99-d82b-11e8-80bb-08002789bf51, archive=false, dateOutputArchive=0001-01-01T00:00:00Z, thisGroup=false, parent=78ddac21-ca67-11e5-826c-605718cb5baa, bic=042202812, swift=, name=ВЫКСУНСКИЙ Ф-Л ПАО АКБ "МЕТАЛЛИНВЕСТБАНК", corrAccount=30101810522020000812, address=ПЛ ОКТЯБРЬСКОЙ РЕВОЛЮЦИИ, 48, city=Г. ВЫКСА, phones=(83177)35825,31157, country=4e127564-d74f-4dd9-bced-0327f0f4e061, countryCode=643, activityDiscontinued=false}, {guid=a38a1a9a-d82b-11e8-80bb-08002789bf51, archive=false, dateOutputArchive=0001-01-01T00:00:00Z, thisGroup=false, parent=78ddac07-ca67-11e5-826c-605718cb5baa, bic=045004893, swift=, name=НОВОСИБИРСКИЙ Ф-Л НКО "ИНКАХРАН"(АО), corrAccount=30103810950040000893, address=УЛ 2-Я СОЮЗА МОЛОДЕЖИ, 31, city=Г. НОВОСИБИРСК, phones=(383)2260797,2269768, country=4e127564-d74f-4dd9-bced-0327f0f4e061, countryCode=643, activityDiscontinued=false}, {guid=a38a1a9b-d82b-11e8-80bb-08002789bf51, archive=false, dateOutputArchive=0001-01-01T00:00:00Z, thisGroup=false, parent=78ddac07-ca67-11e5-826c-605718cb5baa, bic=045004883, swift=, name=СИБИРСКИЙ ФИЛИАЛ АО "БАНК ИНТЕЗА", corrAccount=30101810250040000883, address=УЛ ОКТЯБРЬСКАЯ, 49, city=Г. НОВОСИБИРСК, phones=(383)2278193, country=4e127564-d74f-4dd9-bced-0327f0f4e061, countryCode=643, activityDiscontinued=false}, {guid=a38a1a9c-d82b-11e8-80bb-08002789bf51, archive=false, dateOutputArchive=0001-01-01T00:00:00Z, thisGroup=false, parent=78ddac07-ca67-11e5-826c-605718cb5baa, bic=045004876, swift=, name=НОВОСИБИРСКИЙ ФИЛИАЛ ПАО "МТС-БАНК", corrAccount=30101810050040000876, address=УЛ. НИЖЕГОРОДСКАЯ, 4, city=Г. НОВОСИБИРСК, phones=(383)3251781, country=4e127564-d74f-4dd9-bced-0327f0f4e061, countryCode=643, activityDiscontinued=false}, {guid=a38a1a9d-d82b-11e8-80bb-08002789bf51, archive=false, dateOutputArchive=0001-01-01T00:00:00Z, thisGroup=false, parent=78ddac07-ca67-11e5-826c-605718cb5baa, bic=045004861, swift=, name=ФИЛИАЛ ООО "ЭКСПОБАНК" В Г.НОВОСИБИРСКЕ, corrAccount=30101810450040000861, address=КРАСНЫЙ ПР-Т, 25, city=Г. НОВОСИБИРСК, phones=(383)2105207, country=4e127564-d74f-4dd9-bced-0327f0f4e061, countryCode=643, activityDiscontinued=false}, {guid=a38a1a9e-d82b-11e8-80bb-08002789bf51, archive=false, dateOutputArchive=0001-01-01T00:00:00Z, thisGroup=false, parent=78ddac07-ca67-11e5-826c-605718cb5baa, bic=045004864, swift=, name=СИБИРСКИЙ ФИЛИАЛ АО КБ "МОДУЛЬБАНК", corrAccount=30101810350040000864, address=УЛ ПЛАНЕТНАЯ, 30, city=Г. НОВОСИБИРСК, phones=(383)3250606,3251575, country=4e127564-d74f-4dd9-bced-0327f0f4e061, countryCode=643, activityDiscontinued=false}, {guid=a38a1a9f-d82b-11e8-80bb-08002789bf51, archive=false, dateOutputArchive=0001-01-01T00:00:00Z, thisGroup=false, parent=78ddabf2-ca67-11e5-826c-605718cb5baa, bic=043601875, swift=, name=САМАРСКИЙ ФИЛИАЛ ТКБ БАНК ПАО, corrAccount=30101810722023601875, address=УЛ СТАРА ЗАГОРА, 52, city=Г. САМАРА, phones=(846)9338233,2280135, country=4e127564-d74f-4dd9-bced-0327f0f4e061, countryCode=643, activityDiscontinued=false}, {guid=a38a1aa0-d82b-11e8-80bb-08002789bf51, archive=false, dateOutputArchive=0001-01-01T00:00:00Z, thisGroup=false, parent=78ddabf2-ca67-11e5-826c-605718cb5baa, bic=043601845, swift=, name=САМАРСКИЙ ФИЛИАЛ БАНКА СОЮЗ (АО), corrAccount=30101810422023601845, address=УЛ КРАСНОАРМЕЙСКАЯ, 75, city=Г. САМАРА, phones=(846)2311251,2311259, country=4e127564-d74f-4dd9-bced-0327f0f4e061, countryCode=643, activityDiscontinued=false}, {guid=a38a1aa1-d82b-11e8-80bb-08002789bf51, archive=false, dateOutputArchive=0001-01-01T00:00:00Z, thisGroup=false, parent=78ddabf2-ca67-11e5-826c-605718cb5baa, bic=043601842, swift=, name=АО КБ "НИБ", corrAccount=30101810522023601842, address=УЛ ФРУНЗЕ, 102, city=Г. САМАРА, phones=(846)3425750,3425751, country=4e127564-d74f-4dd9-bced-0327f0f4e061, countryCode=643, activityDiscontinued=false}, {guid=a38a1aa2-d82b-11e8-80bb-08002789bf51, archive=false, dateOutputArchive=0001-01-01T00:00:00Z, thisGroup=false, parent=78ddac2f-ca67-11e5-826c-605718cb5baa, bic=040813708, swift=, name=ХАБАРОВСКИЙ ФИЛИАЛ ТКБ БАНК ПАО, corrAccount=30101810108130000708, address=УЛ КОМСОМОЛЬСКАЯ, 102, city=Г. ХАБАРОВСК, phones=(4212)910702, country=4e127564-d74f-4dd9-bced-0327f0f4e061, countryCode=643, activityDiscontinued=false}, {guid=78ddac1c-ca67-11e5-826c-605718cb5baa, archive=false, dateOutputArchive=0001-01-01T00:00:00Z, thisGroup=false, parent=78ddabe5-ca67-11e5-826c-605718cb5baa, bic=044525150, swift=, name=ФИЛИАЛ "МОСКОВСКИЙ" АО "ФИА-БАНК", corrAccount=30101810545250000150, address=, city=Г. МОСКВА, phones=, country=00000000-0000-0000-0000-000000000000, countryCode=, activityDiscontinued=true}, {guid=a38a1aa3-d82b-11e8-80bb-08002789bf51, archive=false, dateOutputArchive=0001-01-01T00:00:00Z, thisGroup=false, parent=78ddac2f-ca67-11e5-826c-605718cb5baa, bic=040813713, swift=VTBRRUM2KH3, name=ФИЛИАЛ № 2754 БАНКА ВТБ (ПАО), corrAccount=30101810708130000713, address=УЛ МУРАВЬЁВА-АМУРСКОГО, 18, city=Г. ХАБАРОВСК, phones=(4212)455455, country=4e127564-d74f-4dd9-bced-0327f0f4e061, countryCode=643, activityDiscontinued=false}, {guid=a38a1aa4-d82b-11e8-80bb-08002789bf51, archive=false, dateOutputArchive=0001-01-01T00:00:00Z, thisGroup=false, parent=78ddac09-ca67-11e5-826c-605718cb5baa, bic=046577501, swift=VTBRRUM2EK3, name=ФИЛИАЛ № 6602 БАНКА ВТБ (ПАО), corrAccount=30101810165770000501, address=ПР-Т ЛЕНИНА, 27, city=Г. ЕКАТЕРИНБУРГ, phones=(343)3862400, country=4e127564-d74f-4dd9-bced-0327f0f4e061, countryCode=643, activityDiscontinued=false}, {guid=a38a1aa5-d82b-11e8-80bb-08002789bf51, archive=false, dateOutputArchive=0001-01-01T00:00:00Z, thisGroup=false, parent=78ddac09-ca67-11e5-826c-605718cb5baa, bic=046577507, swift=, name=ЕКАТЕРИНБУРГСКИЙ ФИЛИАЛ АБ "РОССИЯ", corrAccount=30101810965770000507, address=УЛ МАМИНА-СИБИРЯКА, 145, city=Г. ЕКАТЕРИНБУРГ, phones=(343)2863760, country=4e127564-d74f-4dd9-bced-0327f0f4e061, countryCode=643, activityDiscontinued=false}, {guid=a38a1aa6-d82b-11e8-80bb-08002789bf51, archive=false, dateOutputArchive=0001-01-01T00:00:00Z, thisGroup=false, parent=78ddabf2-ca67-11e5-826c-605718cb5baa, bic=043601811, swift=, name=ООО "ЗЕМСКИЙ БАНК", corrAccount=30101810922023601811, address=УЛ УЛЬЯНОВСКАЯ, 79, city=Г. СЫЗРАНЬ, phones=(8464)985454, country=4e127564-d74f-4dd9-bced-0327f0f4e061, countryCode=643, activityDiscontinued=false}, {guid=a38a1aa7-d82b-11e8-80bb-08002789bf51, archive=false, dateOutputArchive=0001-01-01T00:00:00Z, thisGroup=false, parent=78ddabfd-ca67-11e5-826c-605718cb5baa, bic=046311890, swift=, name=АО "БАЛАКОВО-БАНК", corrAccount=30101810022026311890, address=УЛ ФАКЕЛ СОЦИАЛИЗМА, 21, city=Г. БАЛАКОВО, phones=(8453)444166,447007, country=4e127564-d74f-4dd9-bced-0327f0f4e061, countryCode=643, activityDiscontinued=false}, {guid=a38a1aa8-d82b-11e8-80bb-08002789bf51, archive=false, dateOutputArchive=0001-01-01T00:00:00Z, thisGroup=false, parent=78ddabe5-ca67-11e5-826c-605718cb5baa, bic=044525641, swift=, name=ФИЛИАЛ 1 ООО КБ "ЦЕНТРАЛЬНО-ЕВРОПЕЙСКИЙ БАНК", corrAccount=30101810245250000641, address=ПРОЕКТ-Й 4062Й ПР-Д, 6, СТР 16, city=Г. МОСКВА, phones=(495)6625665, country=4e127564-d74f-4dd9-bced-0327f0f4e061, countryCode=643, activityDiscontinued=false}, {guid=a38a1aa9-d82b-11e8-80bb-08002789bf51, archive=false, dateOutputArchive=0001-01-01T00:00:00Z, thisGroup=false, parent=78ddac17-ca67-11e5-826c-605718cb5baa, bic=046015946, swift=, name=ПАО "ТАГАНРОГБАНК", corrAccount=30101810960150000946, address=УЛ. ГРЕЧЕСКАЯ, 71 ТЕЛ.(8634)31, city=Г. ТАГАНРОГ, phones=, country=4e127564-d74f-4dd9-bced-0327f0f4e061, countryCode=643, activityDiscontinued=false}, {guid=a38a1aaa-d82b-11e8-80bb-08002789bf51, archive=false, dateOutputArchive=0001-01-01T00:00:00Z, thisGroup=false, parent=78ddabe5-ca67-11e5-826c-605718cb5baa, bic=044525646, swift=, name=НКО НКЦ (АО), corrAccount=30103810345250000646, address=Б. КИСЛОВСКИЙ ПЕР, 13, city=Г. МОСКВА, phones=(495)7829794, country=4e127564-d74f-4dd9-bced-0327f0f4e061, countryCode=643, activityDiscontinued=false}, {guid=a38a1aab-d82b-11e8-80bb-08002789bf51, archive=false, dateOutputArchive=0001-01-01T00:00:00Z, thisGroup=false, parent=78ddac07-ca67-11e5-826c-605718cb5baa, bic=045004841, swift=, name=НОВОСИБИРСКИЙ ФИЛИАЛ ТКБ БАНК ПАО, corrAccount=30101810250040000841, address=УЛ КОММУНИСТИЧЕСКАЯ, 35, city=Г. НОВОСИБИРСК, phones=(383)3252500,3252660, country=4e127564-d74f-4dd9-bced-0327f0f4e061, countryCode=643, activityDiscontinued=false}, {guid=a38a1aac-d82b-11e8-80bb-08002789bf51, archive=false, dateOutputArchive=0001-01-01T00:00:00Z, thisGroup=false, parent=78ddac07-ca67-11e5-826c-605718cb5baa, bic=045004846, swift=, name=Ф-Л "НОВОСИБИРСК" АКБ "РОСЕВРОБАНК" (АО), corrAccount=30101810750040000846, address=УЛ ФРУНЗЕ, 5, city=Г. НОВОСИБИРСК, phones=(383)2020750, country=4e127564-d74f-4dd9-bced-0327f0f4e061, countryCode=643, activityDiscontinued=false}, {guid=a38a1aad-d82b-11e8-80bb-08002789bf51, archive=false, dateOutputArchive=0001-01-01T00:00:00Z, thisGroup=false, parent=78ddac07-ca67-11e5-826c-605718cb5baa, bic=045004845, swift=, name=ФИЛИАЛ "НОВОСИБИРСКИЙ" ПАО КБ "УБРИР", corrAccount=30101810450040000845, address=УЛ ВОКЗАЛЬНАЯ МАГИСТРАЛЬ, 1, city=Г. НОВОСИБИРСК, phones=(383)2201141,2201181, country=4e127564-d74f-4dd9-bced-0327f0f4e061, countryCode=643, activityDiscontinued=false}, {guid=a38a1aae-d82b-11e8-80bb-08002789bf51, archive=false, dateOutputArchive=0001-01-01T00:00:00Z, thisGroup=false, parent=78ddac07-ca67-11e5-826c-605718cb5baa, bic=045004833, swift=, name=НОВОСИБИРСКИЙ ФИЛИАЛ ООО "БАНК БКФ", corrAccount=30101810750040000833, address=ПР-Т ДИМИТРОВА, 4/1, city=Г. НОВОСИБИРСК, phones=(383)3191118,3191116, country=4e127564-d74f-4dd9-bced-0327f0f4e061, countryCode=643, activityDiscontinued=false}, {guid=aaaf21b4-d82b-11e8-80bb-08002789bf51, archive=false, dateOutputArchive=0001-01-01T00:00:00Z, thisGroup=false, parent=78ddac07-ca67-11e5-826c-605718cb5baa, bic=045004818, swift=, name=НОВОСИБИРСКИЙ ФИЛИАЛ АО ЮНИКРЕДИТ БАНКА, corrAccount=30101810050040000818, address=УЛ МАКСИМА ГОРЬКОГО, 53, city=Г. НОВОСИБИРСК, phones=(383)2300163, country=4e127564-d74f-4dd9-bced-0327f0f4e061, countryCode=643, activityDiscontinued=false}, {guid=aaaf21b5-d82b-11e8-80bb-08002789bf51, archive=false, dateOutputArchive=0001-01-01T00:00:00Z, thisGroup=false, parent=78ddabeb-ca67-11e5-826c-605718cb5baa, bic=040715725, swift=, name=ООО "РУСБС", corrAccount=30101810107150000725, address=УЛ ГАГАРИНА, 148, city=СТ-ЦА ЕССЕНТУКСКАЯ, phones=(87961)51171,24177,50987, country=4e127564-d74f-4dd9-bced-0327f0f4e061, countryCode=643, activityDiscontinued=false}, {guid=aaaf21b6-d82b-11e8-80bb-08002789bf51, archive=false, dateOutputArchive=0001-01-01T00:00:00Z, thisGroup=false, parent=78ddac0f-ca67-11e5-826c-605718cb5baa, bic=040349789, swift=, name=ООО КБ "ГТ БАНК", corrAccount=30101810303490000789, address=УЛ СЕВЕРНАЯ, 321, city=Г. КРАСНОДАР, phones=(861)2790305,2791744, country=4e127564-d74f-4dd9-bced-0327f0f4e061, countryCode=643, activityDiscontinued=false}, {guid=aaaf21b7-d82b-11e8-80bb-08002789bf51, archive=false, dateOutputArchive=0001-01-01T00:00:00Z, thisGroup=false, parent=78ddac00-ca67-11e5-826c-605718cb5baa, bic=048209848, swift=, name=КУ ООО КБ "ПРЕСТИЖКРЕДИТБАНК" ГК "АСВ", corrAccount=30101810282090000848, address=УЛ КАММАЕВА, 19, К "Ж", city=Г. МАХАЧКАЛА, phones=(8722)561920,561921, country=4e127564-d74f-4dd9-bced-0327f0f4e061, countryCode=643, activityDiscontinued=false}, {guid=aaaf21b8-d82b-11e8-80bb-08002789bf51, archive=false, dateOutputArchive=0001-01-01T00:00:00Z, thisGroup=false, parent=78ddac98-ca67-11e5-826c-605718cb5baa, bic=041117785, swift=, name=Ф-л "Космодром-Плесецк" АО "ФОНДСЕРВИСБАНК", corrAccount=30101810540300011785, address=УЛ. ПУШКИНА, Д. 3, city=Г. МИРНЫЙ, phones=, country=4e127564-d74f-4dd9-bced-0327f0f4e061, countryCode=643, activityDiscontinued=false}, {guid=aaaf21b9-d82b-11e8-80bb-08002789bf51, archive=false, dateOutputArchive=0001-01-01T00:00:00Z, thisGroup=false, parent=78ddac34-ca67-11e5-826c-605718cb5baa, bic=046489002, swift=, name=ПУ БАНКА РОССИИ ОХОТСКОЕ, corrAccount=, address=УЛ ГНЕЧКО, 1, city=ПГТ ЮЖНО-КУРИЛЬСК, phones=, country=4e127564-d74f-4dd9-bced-0327f0f4e061, countryCode=643, activityDiscontinued=false}, {guid=78ddac57-ca67-11e5-826c-605718cb5baa, archive=, dateOutputArchive=, thisGroup=true, parent=00000000-0000-0000-0000-000000000000, bic=27       , swift=, name=КАЛИНИНГРАДСКАЯ ОБЛАСТЬ, corrAccount=, address=, city=, phones=, country=, countryCode=, activityDiscontinued=}, {guid=aaaf21ba-d82b-11e8-80bb-08002789bf51, archive=false, dateOutputArchive=0001-01-01T00:00:00Z, thisGroup=false, parent=78ddabfd-ca67-11e5-826c-605718cb5baa, bic=046311926, swift=, name=АО РНКО "СИНЕРГИЯ", corrAccount=30103810622026311926, address=Г. САРАТОВ, УЛ. РАБОЧАЯ, 27, city=Г. САРАТОВ, phones=, country=4e127564-d74f-4dd9-bced-0327f0f4e061, countryCode=643, activityDiscontinued=false}, {guid=aaaf21bb-d82b-11e8-80bb-08002789bf51, archive=false, dateOutputArchive=0001-01-01T00:00:00Z, thisGroup=false, parent=78ddac0f-ca67-11e5-826c-605718cb5baa, bic=040349744, swift=, name=КРАСНОДАРСКИЙ ФИЛИАЛ ПАО РОСБАНК, corrAccount=30101810403490000744, address=УЛ ОЛИМПИЙСКАЯ, 8, city=Г. КРАСНОДАР, phones=(861)2739730,2739731, country=4e127564-d74f-4dd9-bced-0327f0f4e061, countryCode=643, activityDiscontinued=false}, {guid=aaaf21bc-d82b-11e8-80bb-08002789bf51, archive=false, dateOutputArchive=0001-01-01T00:00:00Z, thisGroup=false, parent=78ddac07-ca67-11e5-826c-605718cb5baa, bic=045004796, swift=, name=ФИЛИАЛ "НОВОСИБИРСК" КБ "ЛОКО-БАНК" (АО), corrAccount=30101810350040000796, address=УЛ ЛЕНИНА, 52, city=Г. НОВОСИБИРСК, phones=(383)2380740,2380750, country=4e127564-d74f-4dd9-bced-0327f0f4e061, countryCode=643, activityDiscontinued=false}, {guid=aaaf21bd-d82b-11e8-80bb-08002789bf51, archive=false, dateOutputArchive=0001-01-01T00:00:00Z, thisGroup=false, parent=78ddac17-ca67-11e5-826c-605718cb5baa, bic=046015080, swift=, name=РОСТОВСКИЙ ФИЛИАЛ ПАО "РГС БАНК", corrAccount=30101810460150000080, address=УЛ ГОРОДА ВОЛОС, 11/81-83/34, city=Г. РОСТОВ-НА-ДОНУ, phones=(863)2370660, country=4e127564-d74f-4dd9-bced-0327f0f4e061, countryCode=643, activityDiscontinued=false}, {guid=aaaf21be-d82b-11e8-80bb-08002789bf51, archive=false, dateOutputArchive=0001-01-01T00:00:00Z, thisGroup=false, parent=78ddac07-ca67-11e5-826c-605718cb5baa, bic=045004785, swift=, name=НОВОСИБИРСКИЙ Ф-Л ПАО АКБ "МЕТАЛЛИНВЕСТБАНК", corrAccount=30101810950040000785, address=УЛ СОВЕТСКАЯ, 8, city=Г. НОВОСИБИРСК, phones=(383)2091447,2091446, country=4e127564-d74f-4dd9-bced-0327f0f4e061, countryCode=643, activityDiscontinued=false}, {guid=aaaf21bf-d82b-11e8-80bb-08002789bf51, archive=false, dateOutputArchive=0001-01-01T00:00:00Z, thisGroup=false, parent=78ddac17-ca67-11e5-826c-605718cb5baa, bic=046015081, swift=, name=РОСТОВСКИЙ ФИЛИАЛ АО ЮНИКРЕДИТ БАНКА, corrAccount=30101810760150000081, address=УЛ СОЦИАЛИСТИЧЕСКАЯ, 58/51, city=Г. РОСТОВ-НА-ДОНУ, phones=(863)2630900,2630906, country=4e127564-d74f-4dd9-bced-0327f0f4e061, countryCode=643, activityDiscontinued=false}, {guid=aaaf21c0-d82b-11e8-80bb-08002789bf51, archive=false, dateOutputArchive=0001-01-01T00:00:00Z, thisGroup=false, parent=78ddac07-ca67-11e5-826c-605718cb5baa, bic=045004789, swift=, name=ФИЛИАЛ БАНКА МБСП (АО) В НОВОСИБИРСКЕ, corrAccount=30101810150040000789, address=ПР-Т ДИМИТРОВА, 12, city=Г. НОВОСИБИРСК, phones=(383)3734340,3734341, country=4e127564-d74f-4dd9-bced-0327f0f4e061, countryCode=643, activityDiscontinued=false}, {guid=aaaf21c1-d82b-11e8-80bb-08002789bf51, archive=false, dateOutputArchive=0001-01-01T00:00:00Z, thisGroup=false, parent=78ddac17-ca67-11e5-826c-605718cb5baa, bic=046015088, swift=SJSCRUMMRND, name=ФИЛИАЛ "СДМ-БАНК" (ПАО) В Г. РОСТОВ-НА-ДОНУ, corrAccount=30101810860150000088, address=УЛ КАТАЕВА, 293, city=Г. РОСТОВ-НА-ДОНУ, phones=(863)2197712,2197714, country=4e127564-d74f-4dd9-bced-0327f0f4e061, countryCode=643, activityDiscontinued=false}, {guid=aaaf21c2-d82b-11e8-80bb-08002789bf51, archive=false, dateOutputArchive=0001-01-01T00:00:00Z, thisGroup=false, parent=78ddac07-ca67-11e5-826c-605718cb5baa, bic=045004778, swift=, name=ФИЛИАЛ БАНКА "ВБРР" (АО) В Г.НОВОСИБИРСКЕ, corrAccount=30101810750040000778, address=УЛ СИБРЕВКОМА, 2, city=Г. НОВОСИБИРСК, phones=(383)2302201, country=4e127564-d74f-4dd9-bced-0327f0f4e061, countryCode=643, activityDiscontinued=false}, {guid=aaaf21c3-d82b-11e8-80bb-08002789bf51, archive=false, dateOutputArchive=0001-01-01T00:00:00Z, thisGroup=false, parent=78ddac0f-ca67-11e5-826c-605718cb5baa, bic=040349758, swift=VTBRRUM2KD3, name=ФИЛИАЛ № 2351 БАНКА ВТБ (ПАО), corrAccount=30101810703490000758, address=УЛ ИМ. ГОГОЛЯ, 68, city=Г. КРАСНОДАР, phones=(861)2126424,2125627, country=4e127564-d74f-4dd9-bced-0327f0f4e061, countryCode=643, activityDiscontinued=false}, {guid=aaaf21c4-d82b-11e8-80bb-08002789bf51, archive=false, dateOutputArchive=0001-01-01T00:00:00Z, thisGroup=false, parent=78ddac17-ca67-11e5-826c-605718cb5baa, bic=046015094, swift=, name=НОВОЧЕРКАССКИЙ ФИЛИАЛ АО "ФОНДСЕРВИСБАНК", corrAccount=30101810760150000094, address=ПЛАТОВСКИЙ ПР-Т, 59 Б, city=Г. НОВОЧЕРКАССК, phones=(8635)240550, country=4e127564-d74f-4dd9-bced-0327f0f4e061, countryCode=643, activityDiscontinued=false}, {guid=aaaf21c5-d82b-11e8-80bb-08002789bf51, archive=false, dateOutputArchive=0001-01-01T00:00:00Z, thisGroup=false, parent=78ddac17-ca67-11e5-826c-605718cb5baa, bic=046015068, swift=, name=ДОНСКОЙ ФИЛИАЛ АО КБ "СИТИБАНК", corrAccount=30101810660150000068, address=УЛ Б. САДОВАЯ, 124, city=Г. РОСТОВ-НА-ДОНУ, phones=(863)2040043,2040002, country=4e127564-d74f-4dd9-bced-0327f0f4e061, countryCode=643, activityDiscontinued=false}, {guid=aaaf21c6-d82b-11e8-80bb-08002789bf51, archive=false, dateOutputArchive=0001-01-01T00:00:00Z, thisGroup=false, parent=78ddac07-ca67-11e5-826c-605718cb5baa, bic=045004763, swift=, name=ФИЛИАЛ "ЦЕНТРАЛЬНЫЙ" ПАО "СОВКОМБАНК", corrAccount=30101810150040000763, address=УЛ ПОПОВА, 11, city=Г. БЕРДСК, phones=(383)3340606, country=4e127564-d74f-4dd9-bced-0327f0f4e061, countryCode=643, activityDiscontinued=false}, {guid=aaaf21c7-d82b-11e8-80bb-08002789bf51, archive=false, dateOutputArchive=0001-01-01T00:00:00Z, thisGroup=false, parent=78ddac17-ca67-11e5-826c-605718cb5baa, bic=046015066, swift=, name=Ф-Л АО АКБ "НОВИКОМБАНК" В Г.РОСТОВЕ-НА-ДОНУ, corrAccount=30101810060150000066, address=УЛ КРАСНОАРМЕЙСКАЯ, 170/84, city=Г. РОСТОВ-НА-ДОНУ, phones=(863)2017777, country=4e127564-d74f-4dd9-bced-0327f0f4e061, countryCode=643, activityDiscontinued=false}, {guid=78ddabe0-ca67-11e5-826c-605718cb5baa, archive=false, dateOutputArchive=0001-01-01T00:00:00Z, thisGroup=false, parent=78ddabdf-ca67-11e5-826c-605718cb5baa, bic=049246920, swift=, name=НИЖНЕКАМСКИЙ ФАБ "ДЕВОН-КРЕДИТ" (ПАО), corrAccount=30101810700000000920, address=, city=Г. НИЖНЕКАМСК, phones=, country=00000000-0000-0000-0000-000000000000, countryCode=, activityDiscontinued=true}, {guid=aaaf21c8-d82b-11e8-80bb-08002789bf51, archive=false, dateOutputArchive=0001-01-01T00:00:00Z, thisGroup=false, parent=78ddac17-ca67-11e5-826c-605718cb5baa, bic=046015064, swift=, name=ЮЖНЫЙ ФИЛИАЛ АО "БАНК ИНТЕЗА", corrAccount=30101810460150000064, address=ВОРОШИЛОВСКИЙ ПР-Т, 48, city=Г. РОСТОВ-НА-ДОНУ, phones=(863)2318377,2318388, country=4e127564-d74f-4dd9-bced-0327f0f4e061, countryCode=643, activityDiscontinued=false}, {guid=aaaf21c9-d82b-11e8-80bb-08002789bf51, archive=false, dateOutputArchive=0001-01-01T00:00:00Z, thisGroup=false, parent=78ddac17-ca67-11e5-826c-605718cb5baa, bic=046015065, swift=JSNMRUMMRND, name=РОСТОВСКИЙ ФИЛИАЛ ПАО БАНКА "ФК ОТКРЫТИЕ", corrAccount=30101810760150000065, address=УЛ ТЕКУЧЕВА, 234, city=Г. РОСТОВ-НА-ДОНУ, phones=(863)2009099, country=4e127564-d74f-4dd9-bced-0327f0f4e061, countryCode=643, activityDiscontinued=true}, {guid=aaaf21ca-d82b-11e8-80bb-08002789bf51, archive=false, dateOutputArchive=0001-01-01T00:00:00Z, thisGroup=false, parent=78ddac17-ca67-11e5-826c-605718cb5baa, bic=046015060, swift=, name=ФИЛИАЛ АО "ГЕНБАНК" В Г.РОСТОВ-НА-ДОНУ, corrAccount=30101810260150000060, address=УЛ ПУШКИНСКАЯ, 94, city=Г. РОСТОВ-НА-ДОНУ, phones=(863)2999333, country=4e127564-d74f-4dd9-bced-0327f0f4e061, countryCode=643, activityDiscontinued=false}, {guid=aaaf21cb-d82b-11e8-80bb-08002789bf51, archive=false, dateOutputArchive=0001-01-01T00:00:00Z, thisGroup=false, parent=78ddac17-ca67-11e5-826c-605718cb5baa, bic=046015061, swift=, name=ФИЛИАЛ ЮЖНЫЙ ПАО БАНКА "ФК ОТКРЫТИЕ", corrAccount=30101810560150000061, address=УЛ ГОРОДА ВОЛОС, 112/130, city=Г. РОСТОВ-НА-ДОНУ, phones=(863)2688901, country=4e127564-d74f-4dd9-bced-0327f0f4e061, countryCode=643, activityDiscontinued=false}, {guid=aaaf21cc-d82b-11e8-80bb-08002789bf51, archive=false, dateOutputArchive=0001-01-01T00:00:00Z, thisGroup=false, parent=78ddabe7-ca67-11e5-826c-605718cb5baa, bic=040507750, swift=, name=АО "РОЯЛ КРЕДИТ БАНК", corrAccount=30101810105070000750, address=ПР-Т 100ЛЕТ ВЛАДИ-КА, 155 - 1Б, city=Г. ВЛАДИВОСТОК, phones=(423)2308871,2308870, country=4e127564-d74f-4dd9-bced-0327f0f4e061, countryCode=643, activityDiscontinued=false}, {guid=aaaf21cd-d82b-11e8-80bb-08002789bf51, archive=false, dateOutputArchive=0001-01-01T00:00:00Z, thisGroup=false, parent=78ddac17-ca67-11e5-826c-605718cb5baa, bic=046015078, swift=ZEMCRU22XXX, name=ООО "ЗЕМКОМБАНК", corrAccount=30101810760150000078, address=УЛ МАЛЮГИНОЙ, 233, city=Г. РОСТОВ-НА-ДОНУ, phones=(863)2800064, country=4e127564-d74f-4dd9-bced-0327f0f4e061, countryCode=643, activityDiscontinued=false}, {guid=aaaf21ce-d82b-11e8-80bb-08002789bf51, archive=false, dateOutputArchive=0001-01-01T00:00:00Z, thisGroup=false, parent=78ddac17-ca67-11e5-826c-605718cb5baa, bic=046015075, swift=, name=РОСТОВСКИЙ ФИЛИАЛ ЦМРБАНК (ООО), corrAccount=30101810860150000075, address=УЛ ПУШКИНСКАЯ, 105/79, city=Г. РОСТОВ-НА-ДОНУ, phones=(863)2695710, country=4e127564-d74f-4dd9-bced-0327f0f4e061, countryCode=643, activityDiscontinued=false}, {guid=aaaf21cf-d82b-11e8-80bb-08002789bf51, archive=false, dateOutputArchive=0001-01-01T00:00:00Z, thisGroup=false, parent=78ddac17-ca67-11e5-826c-605718cb5baa, bic=046015074, swift=, name=ФИЛИАЛ "РОСТОВ-НА-ДОНУ" КБ "ЛОКО-БАНК" (АО), corrAccount=30101810560150000074, address=УЛ МАКСИМА ГОРЬКОГО, 123/67, city=Г. РОСТОВ-НА-ДОНУ, phones=(863)2192772, country=4e127564-d74f-4dd9-bced-0327f0f4e061, countryCode=643, activityDiscontinued=false}, {guid=aaaf21d0-d82b-11e8-80bb-08002789bf51, archive=false, dateOutputArchive=0001-01-01T00:00:00Z, thisGroup=false, parent=78ddac17-ca67-11e5-826c-605718cb5baa, bic=046015051, swift=, name=Ф-Л АКБ "ФОРА-БАНК" (АО) В Г.РОСТОВ-НА-ДОНУ, corrAccount=30101810460150000051, address=УЛ ПУШКИНСКАЯ, 117, city=Г. РОСТОВ-НА-ДОНУ, phones=(863)2403640, country=4e127564-d74f-4dd9-bced-0327f0f4e061, countryCode=643, activityDiscontinued=false}, {guid=aaaf21d1-d82b-11e8-80bb-08002789bf51, archive=false, dateOutputArchive=0001-01-01T00:00:00Z, thisGroup=false, parent=78ddac17-ca67-11e5-826c-605718cb5baa, bic=046015052, swift=, name=ООО КБ "РОСТФИНАНС", corrAccount=30101810760150000052, address=УЛ КРАСНОАРМЕЙСКАЯ, 166 А, city=Г. РОСТОВ-НА-ДОНУ, phones=(863)2870058, country=4e127564-d74f-4dd9-bced-0327f0f4e061, countryCode=643, activityDiscontinued=false}, {guid=78ddac7b-ca67-11e5-826c-605718cb5baa, archive=false, dateOutputArchive=0001-01-01T00:00:00Z, thisGroup=false, parent=78ddac02-ca67-11e5-826c-605718cb5baa, bic=042809974, swift=, name=ТВЕФ ПАО "БИНБАНК", corrAccount=30101810900000000974, address=, city=Г. ТВЕРЬ, phones=, country=00000000-0000-0000-0000-000000000000, countryCode=, activityDiscontinued=true}, {guid=aaaf21d2-d82b-11e8-80bb-08002789bf51, archive=false, dateOutputArchive=0001-01-01T00:00:00Z, thisGroup=false, parent=78ddac17-ca67-11e5-826c-605718cb5baa, bic=046015050, swift=, name=ФИЛИАЛ № 1 ПАО МОСОБЛБАНК, corrAccount=30101810160150000050, address=КОММУНИСТИЧЕСКИЙ ПР-Т, 51, city=Г. РОСТОВ-НА-ДОНУ, phones=(863)3009637, country=4e127564-d74f-4dd9-bced-0327f0f4e061, countryCode=643, activityDiscontinued=false}, {guid=aaaf21d3-d82b-11e8-80bb-08002789bf51, archive=false, dateOutputArchive=0001-01-01T00:00:00Z, thisGroup=false, parent=78ddabf2-ca67-11e5-826c-605718cb5baa, bic=043601728, swift=, name=САМАРСКИЙ ФИЛИАЛ ПАО "НЕВСКИЙ БАНК", corrAccount=30101810222023601728, address=6 ПРОСЕКА, 125, city=Г. САМАРА, phones=(846)2011100, country=4e127564-d74f-4dd9-bced-0327f0f4e061, countryCode=643, activityDiscontinued=false}, {guid=aaaf21d4-d82b-11e8-80bb-08002789bf51, archive=false, dateOutputArchive=0001-01-01T00:00:00Z, thisGroup=false, parent=78ddabe9-ca67-11e5-826c-605718cb5baa, bic=042520764, swift=, name=КОНКУРСНЫЙ УПРАВЛЯЮЩИЙ "ВЛБАНК" (АО)-ГК "АСВ", corrAccount=30101810450040000764, address=УЛ КИРОВА, 85 А, city=Г. УСТЬ-КУТ, phones=(3952)289500, country=4e127564-d74f-4dd9-bced-0327f0f4e061, countryCode=643, activityDiscontinued=false}, {guid=aaaf21d5-d82b-11e8-80bb-08002789bf51, archive=false, dateOutputArchive=0001-01-01T00:00:00Z, thisGroup=false, parent=78ddabe9-ca67-11e5-826c-605718cb5baa, bic=042520767, swift=, name=АНГАРСКИЙ ФИЛИАЛ АО "ИТ БАНК", corrAccount=30101810350040000767, address=29-ЫЙ МКР, 15 А, city=Г. АНГАРСК, phones=(3955)671921,564004, country=4e127564-d74f-4dd9-bced-0327f0f4e061, countryCode=643, activityDiscontinued=false}, {guid=78ddabe1-ca67-11e5-826c-605718cb5baa, archive=, dateOutputArchive=, thisGroup=true, parent=00000000-0000-0000-0000-000000000000, bic=40       , swift=, name=Г САНКТ-ПЕТЕРБУРГ, corrAccount=, address=, city=, phones=, country=, countryCode=, activityDiscontinued=}, {guid=aaaf21d6-d82b-11e8-80bb-08002789bf51, archive=false, dateOutputArchive=0001-01-01T00:00:00Z, thisGroup=false, parent=78ddac34-ca67-11e5-826c-605718cb5baa, bic=046401888, swift=KHZARU99XXX, name=АО "БАНК ХОЛМСК", corrAccount=30101810064010000888, address=УЛ ЛЕНИНА, 304 Г, city=Г. ЮЖНО-САХАЛИНСК, phones=(4242)245858, country=4e127564-d74f-4dd9-bced-0327f0f4e061, countryCode=643, activityDiscontinued=false}, {guid=bbea4eb4-fc53-11e8-80c5-08002789bf51, archive=false, dateOutputArchive=0001-01-01T00:00:00Z, thisGroup=false, parent=78ddabe5-ca67-11e5-826c-605718cb5baa, bic=044525360, swift=, name=Филиал "Корпоративный" ПАО "Совкомбанк", corrAccount=30101810445250000360, address=УЛ. ВАВИЛОВА, Д. 24, city=Г. МОСКВА, phones=, country=4e127564-d74f-4dd9-bced-0327f0f4e061, countryCode=643, activityDiscontinued=false}, {guid=bbea4eb5-fc53-11e8-80c5-08002789bf51, archive=false, dateOutputArchive=0001-01-01T00:00:00Z, thisGroup=false, parent=78ddabe1-ca67-11e5-826c-605718cb5baa, bic=044030800, swift=, name=Ф-Л СПБ № 2 ПАО БАНК "ФК ОТКРЫТИЕ", corrAccount=30101810040300000800, address=НАБ. ОБВОДНОГО КАНАЛА, Д. 90,, city=Г. САНКТ-ПЕТЕРБУРГ, phones=, country=4e127564-d74f-4dd9-bced-0327f0f4e061, countryCode=643, activityDiscontinued=false}, {guid=bbea4eb6-fc53-11e8-80c5-08002789bf51, archive=false, dateOutputArchive=0001-01-01T00:00:00Z, thisGroup=false, parent=78ddac49-ca67-11e5-826c-605718cb5baa, bic=047308988, swift=, name=Ф-л Ульяновский № 2 ПАО Банк "ФК Открытие", corrAccount=30101810122027300988, address=УЛ. АЛЕКСАНДРА МАТРОСОВА, Д 33, city=Г. УЛЬЯНОВСК, phones=, country=4e127564-d74f-4dd9-bced-0327f0f4e061, countryCode=643, activityDiscontinued=false}, {guid=bbea4eb7-fc53-11e8-80c5-08002789bf51, archive=false, dateOutputArchive=0001-01-01T00:00:00Z, thisGroup=false, parent=78ddac07-ca67-11e5-826c-605718cb5baa, bic=045004051, swift=, name=Новосибирский филиал РНКО "Р-ИНКАС" (ООО), corrAccount=30103810450045004051, address=УЛ. ДМИТРИЯ ДОНСКОГО, 11, city=Г. НОВОСИБИРСК, phones=, country=4e127564-d74f-4dd9-bced-0327f0f4e061, countryCode=643, activityDiscontinued=false}, {guid=bbea4eb8-fc53-11e8-80c5-08002789bf51, archive=false, dateOutputArchive=0001-01-01T00:00:00Z, thisGroup=false, parent=78ddabe5-ca67-11e5-826c-605718cb5baa, bic=044525980, swift=, name=Ф-л Мск (Диджитал) ПАО Банк "ФК Открытие", corrAccount=30101810045250000980, address=УЛ. ПЕТРОВКА, Д. 24, СТР. 1, city=Г. МОСКВА, phones=, country=4e127564-d74f-4dd9-bced-0327f0f4e061, countryCode=643, activityDiscontinued=false}, {guid=bbea4eb9-fc53-11e8-80c5-08002789bf51, archive=false, dateOutputArchive=0001-01-01T00:00:00Z, thisGroup=false, parent=78ddabeb-ca67-11e5-826c-605718cb5baa, bic=040702751, swift=, name=Ф-Л СТАВРОПОЛЬСКИЙ №2 ПАО БАНК "ФК ОТКРЫТИЕ", corrAccount=30101810007020000751, address=УЛ. ЛЕНИНА, 221, city=Г. СТАВРОПОЛЬ, phones=, country=4e127564-d74f-4dd9-bced-0327f0f4e061, countryCode=643, activityDiscontinued=false}, {guid=bbea4eba-fc53-11e8-80c5-08002789bf51, archive=false, dateOutputArchive=0001-01-01T00:00:00Z, thisGroup=false, parent=78ddac09-ca67-11e5-826c-605718cb5baa, bic=046577520, swift=, name=Ф-л Екб №2 ПАО Банк "ФК Открытие", corrAccount=30101810065770000520, address=УЛ.ГОРЬКОГО, Д.45, city=Г. ЕКАТЕРИНБУРГ, phones=, country=4e127564-d74f-4dd9-bced-0327f0f4e061, countryCode=643, activityDiscontinued=false}, {guid=bbea4ebb-fc53-11e8-80c5-08002789bf51, archive=false, dateOutputArchive=0001-01-01T00:00:00Z, thisGroup=false, parent=78ddabe7-ca67-11e5-826c-605718cb5baa, bic=040507830, swift=, name=Ф-л Владивостокский №2 ПАО Банк "ФК Открытие", corrAccount=30101810805070000830, address=ПР-КТ ОКЕАНСКИЙ, Д.123 Б, city=Г. ВЛАДИВОСТОК, phones=, country=4e127564-d74f-4dd9-bced-0327f0f4e061, countryCode=643, activityDiscontinued=false}, {guid=bbea4ebc-fc53-11e8-80c5-08002789bf51, archive=false, dateOutputArchive=0001-01-01T00:00:00Z, thisGroup=false, parent=78ddac17-ca67-11e5-826c-605718cb5baa, bic=046015084, swift=, name=Ф-л Ростовский №2 ПАО Банк "ФК Открытие", corrAccount=30101810660150000084, address=ПР. ШОЛОХОВА, 32/65, city=Г. РОСТОВ-НА-ДОНУ, phones=, country=4e127564-d74f-4dd9-bced-0327f0f4e061, countryCode=643, activityDiscontinued=false}, {guid=bbea4ebd-fc53-11e8-80c5-08002789bf51, archive=false, dateOutputArchive=0001-01-01T00:00:00Z, thisGroup=false, parent=78ddac07-ca67-11e5-826c-605718cb5baa, bic=045004741, swift=, name=Ф-л Новосибирский №2 ПАО Банк "ФК Открытие", corrAccount=30101810350040000741, address=УЛ. ЛЕНИНА, Д. 18, city=Г. НОВОСИБИРСК, phones=, country=4e127564-d74f-4dd9-bced-0327f0f4e061, countryCode=643, activityDiscontinued=false}, {guid=78ddabdc-ca67-11e5-826c-605718cb5baa, archive=false, dateOutputArchive=0001-01-01T00:00:00Z, thisGroup=false, parent=78ddabdb-ca67-11e5-826c-605718cb5baa, bic=043207757, swift=, name=ФИЛИАЛ N 11 ПАО МОСОБЛБАНК, corrAccount=30101810000000000757, address=УЛ ВЕСЕННЯЯ, 24, city=Г. КЕМЕРОВО, phones=(3842)363892, country=4e127564-d74f-4dd9-bced-0327f0f4e061, countryCode=643, activityDiscontinued=false}, {guid=78ddabdd-ca67-11e5-826c-605718cb5baa, archive=, dateOutputArchive=, thisGroup=true, parent=00000000-0000-0000-0000-000000000000, bic=66       , swift=, name=СМОЛЕНСКАЯ ОБЛАСТЬ, corrAccount=, address=, city=, phones=, country=, countryCode=, activityDiscontinued=}, {guid=78ddabde-ca67-11e5-826c-605718cb5baa, archive=false, dateOutputArchive=0001-01-01T00:00:00Z, thisGroup=false, parent=78ddabdd-ca67-11e5-826c-605718cb5baa, bic=046610000, swift=, name=РКЦ ВЯЗЬМА, corrAccount=, address=, city=Г. ВЯЗЬМА, phones=, country=00000000-0000-0000-0000-000000000000, countryCode=, activityDiscontinued=true}, {guid=78ddabdf-ca67-11e5-826c-605718cb5baa, archive=, dateOutputArchive=, thisGroup=true, parent=00000000-0000-0000-0000-000000000000, bic=92       , swift=, name=РЕСПУБЛИКА ТАТАРСТАН, corrAccount=, address=, city=, phones=, country=, countryCode=, activityDiscontinued=}, {guid=78ddabe2-ca67-11e5-826c-605718cb5baa, archive=false, dateOutputArchive=0001-01-01T00:00:00Z, thisGroup=false, parent=78ddabe1-ca67-11e5-826c-605718cb5baa, bic=044030743, swift=, name=САНКТ-ПЕТЕРБУРГСКИЙ ФИЛИАЛ ПАО "АК БАНК", corrAccount=30101810300000000743, address=, city=Г. САНКТ-ПЕТЕРБУРГ, phones=, country=00000000-0000-0000-0000-000000000000, countryCode=, activityDiscontinued=true}, {guid=78ddabe3-ca67-11e5-826c-605718cb5baa, archive=false, dateOutputArchive=0001-01-01T00:00:00Z, thisGroup=false, parent=78ddabe1-ca67-11e5-826c-605718cb5baa, bic=044030708, swift=, name=САНКТ-ПЕТЕРБУРГСКИЙ ФИЛИАЛ АКБ "НЗБАНК",ОАО, corrAccount=30101810400000000708, address=, city=Г. САНКТ-ПЕТЕРБУРГ, phones=, country=00000000-0000-0000-0000-000000000000, countryCode=, activityDiscontinued=true}, {guid=78ddabe4-ca67-11e5-826c-605718cb5baa, archive=false, dateOutputArchive=0001-01-01T00:00:00Z, thisGroup=false, parent=78ddabe1-ca67-11e5-826c-605718cb5baa, bic=044030821, swift=, name=ФСКБ ПРИМОРЬЯ "ПРИМСОЦБАНК" В Г С-ПЕТЕРБУРГЕ, corrAccount=30101810400000000821, address=УЛ САДОВАЯ, 40 ЛИТ Б, city=Г. САНКТ-ПЕТЕРБУРГ, phones=(812)4934900, country=4e127564-d74f-4dd9-bced-0327f0f4e061, countryCode=643, activityDiscontinued=false}, {guid=78ddabe5-ca67-11e5-826c-605718cb5baa, archive=, dateOutputArchive=, thisGroup=true, parent=00000000-0000-0000-0000-000000000000, bic=45       , swift=, name=Г МОСКВА, corrAccount=, address=, city=, phones=, country=, countryCode=, activityDiscontinued=}, {guid=78ddabe6-ca67-11e5-826c-605718cb5baa, archive=false, dateOutputArchive=0001-01-01T00:00:00Z, thisGroup=false, parent=78ddabe5-ca67-11e5-826c-605718cb5baa, bic=044525461, swift=, name=КУ АКБ "БЕНИФИТ-БАНК" (ЗАО) - ГК "АСВ", corrAccount=30101810645250000461, address=УЛ ВЫСОЦКОГО, 4, city=Г. МОСКВА, phones=(495)9612526, country=4e127564-d74f-4dd9-bced-0327f0f4e061, countryCode=643, activityDiscontinued=false}, {guid=78ddabe7-ca67-11e5-826c-605718cb5baa, archive=, dateOutputArchive=, thisGroup=true, parent=00000000-0000-0000-0000-000000000000, bic=05       , swift=, name=ПРИМОРСКИЙ КРАЙ, corrAccount=, address=, city=, phones=, country=, countryCode=, activityDiscontinued=}, {guid=78ddabe8-ca67-11e5-826c-605718cb5baa, archive=false, dateOutputArchive=0001-01-01T00:00:00Z, thisGroup=false, parent=78ddabe7-ca67-11e5-826c-605718cb5baa, bic=040507001, swift=, name=ДАЛЬНЕВОСТОЧНОЕ ГУ БАНКА РОССИИ, corrAccount=, address=УЛ СВЕТЛАНСКАЯ, 71, city=Г. ВЛАДИВОСТОК, phones=(423)2406514,2406507, country=4e127564-d74f-4dd9-bced-0327f0f4e061, countryCode=643, activityDiscontinued=false}, {guid=78ddabe9-ca67-11e5-826c-605718cb5baa, archive=, dateOutputArchive=, thisGroup=true, parent=00000000-0000-0000-0000-000000000000, bic=25       , swift=, name=ИРКУТСКАЯ ОБЛАСТЬ, corrAccount=, address=, city=, phones=, country=, countryCode=, activityDiscontinued=}, {guid=78ddabea-ca67-11e5-826c-605718cb5baa, archive=false, dateOutputArchive=0001-01-01T00:00:00Z, thisGroup=false, parent=78ddabe9-ca67-11e5-826c-605718cb5baa, bic=042510000, swift=, name=РКЦ ЧУНСКИЙ, corrAccount=, address=, city=РП ЧУНСКИЙ, phones=, country=00000000-0000-0000-0000-000000000000, countryCode=, activityDiscontinued=true}, {guid=78ddabeb-ca67-11e5-826c-605718cb5baa, archive=, dateOutputArchive=, thisGroup=true, parent=00000000-0000-0000-0000-000000000000, bic=07       , swift=, name=СТАВРОПОЛЬСКИЙ КРАЙ, corrAccount=, address=, city=, phones=, country=, countryCode=, activityDiscontinued=}, {guid=78ddabec-ca67-11e5-826c-605718cb5baa, archive=false, dateOutputArchive=0001-01-01T00:00:00Z, thisGroup=false, parent=78ddabeb-ca67-11e5-826c-605718cb5baa, bic=040702001, swift=, name=ОТДЕЛЕНИЕ СТАВРОПОЛЬ, corrAccount=, address=УЛ ЛЕНИНА, 286, city=Г. СТАВРОПОЛЬ, phones=(8652)224803,224804, country=4e127564-d74f-4dd9-bced-0327f0f4e061, countryCode=643, activityDiscontinued=false}, {guid=78ddabed-ca67-11e5-826c-605718cb5baa, archive=false, dateOutputArchive=0001-01-01T00:00:00Z, thisGroup=false, parent=78ddabe5-ca67-11e5-826c-605718cb5baa, bic=044525212, swift=, name=КУ КБ "ТРАНСИНВЕСТБАНК" (ООО) - ГК "АСВ", corrAccount=30101810645250000212, address=УЛ ВЫСОЦКОГО, 4, city=Г. МОСКВА, phones=(495)9612526, country=4e127564-d74f-4dd9-bced-0327f0f4e061, countryCode=643, activityDiscontinued=false}, {guid=78ddabee-ca67-11e5-826c-605718cb5baa, archive=, dateOutputArchive=, thisGroup=true, parent=00000000-0000-0000-0000-000000000000, bic=54       , swift=, name=ОРЛОВСКАЯ ОБЛАСТЬ, corrAccount=, address=, city=, phones=, country=, countryCode=, activityDiscontinued=}, {guid=78ddabef-ca67-11e5-826c-605718cb5baa, archive=false, dateOutputArchive=0001-01-01T00:00:00Z, thisGroup=false, parent=78ddabee-ca67-11e5-826c-605718cb5baa, bic=045402751, swift=, name=ОРЛОВСКИЙ РФ АО "РОССЕЛЬХОЗБАНК", corrAccount=30101810700000000751, address=УЛ МОСКОВСКАЯ, 31 ЛИТ А, city=Г. ОРЁЛ, phones=(4862)541054,735788, country=4e127564-d74f-4dd9-bced-0327f0f4e061, countryCode=643, activityDiscontinued=false}, {guid=78ddabf0-ca67-11e5-826c-605718cb5baa, archive=, dateOutputArchive=, thisGroup=true, parent=00000000-0000-0000-0000-000000000000, bic=17       , swift=, name=ВЛАДИМИРСКАЯ ОБЛАСТЬ, corrAccount=, address=, city=, phones=, country=, countryCode=, activityDiscontinued=}, {guid=78ddabf1-ca67-11e5-826c-605718cb5baa, archive=false, dateOutputArchive=0001-01-01T00:00:00Z, thisGroup=false, parent=78ddabf0-ca67-11e5-826c-605718cb5baa, bic=041708717, swift=, name=ФИЛИАЛ АО "РОСТ БАНК" В Г.ВЛАДИМИРЕ, corrAccount=30101810517080000717, address=, city=Г. ВЛАДИМИР, phones=, country=00000000-0000-0000-0000-000000000000, countryCode=, activityDiscontinued=true}, {guid=78ddabf2-ca67-11e5-826c-605718cb5baa, archive=, dateOutputArchive=, thisGroup=true, parent=00000000-0000-0000-0000-000000000000, bic=36       , swift=, name=САМАРСКАЯ ОБЛАСТЬ, corrAccount=, address=, city=, phones=, country=, countryCode=, activityDiscontinued=}, {guid=78ddac7c-ca67-11e5-826c-605718cb5baa, archive=false, dateOutputArchive=0001-01-01T00:00:00Z, thisGroup=false, parent=78ddac17-ca67-11e5-826c-605718cb5baa, bic=046027835, swift=, name=ООО "РУССКИЙ НАЦИОНАЛЬНЫЙ БАНК", corrAccount=30101810700000000835, address=, city=Г. РОСТОВ-НА-ДОНУ, phones=, country=00000000-0000-0000-0000-000000000000, countryCode=, activityDiscontinued=true}, {guid=78ddabf3-ca67-11e5-826c-605718cb5baa, archive=false, dateOutputArchive=0001-01-01T00:00:00Z, thisGroup=false, parent=78ddabf2-ca67-11e5-826c-605718cb5baa, bic=043601917, swift=GAZPRUMM037, name=Ф-Л БАНКА ГПБ (АО) "ПОВОЛЖСКИЙ", corrAccount=30101810000000000917, address=УЛ НОВО-САДОВАЯ, 106 А, СТР 1, city=Г. САМАРА, phones=(846)3396945,3396946, country=4e127564-d74f-4dd9-bced-0327f0f4e061, countryCode=643, activityDiscontinued=false}, {guid=78ddabf4-ca67-11e5-826c-605718cb5baa, archive=false, dateOutputArchive=0001-01-01T00:00:00Z, thisGroup=false, parent=78ddabe5-ca67-11e5-826c-605718cb5baa, bic=044525225, swift=SABRRUMMXXX, name=ПАО СБЕРБАНК, corrAccount=30101810400000000225, address=УЛ ВАВИЛОВА, 19, city=Г. МОСКВА, phones=(495)5005550,88005555550, country=4e127564-d74f-4dd9-bced-0327f0f4e061, countryCode=643, activityDiscontinued=false}, {guid=78ddabf5-ca67-11e5-826c-605718cb5baa, archive=, dateOutputArchive=, thisGroup=true, parent=00000000-0000-0000-0000-000000000000, bic=87       , swift=, name=РЕСПУБЛИКА КОМИ, corrAccount=, address=, city=, phones=, country=, countryCode=, activityDiscontinued=}, {guid=78ddabf6-ca67-11e5-826c-605718cb5baa, archive=false, dateOutputArchive=0001-01-01T00:00:00Z, thisGroup=false, parent=78ddabf5-ca67-11e5-826c-605718cb5baa, bic=048723000, swift=, name=РКЦ УСИНСК, corrAccount=, address=УЛ НЕФТЯНИКОВ, 30, city=Г. УСИНСК, phones=(82144)41735,41445, country=4e127564-d74f-4dd9-bced-0327f0f4e061, countryCode=643, activityDiscontinued=false}, {guid=78ddabf8-ca67-11e5-826c-605718cb5baa, archive=false, dateOutputArchive=0001-01-01T00:00:00Z, thisGroup=false, parent=78ddabf7-ca67-11e5-826c-605718cb5baa, bic=045354860, swift=FORHRU33XXX, name=АКБ "ФОРШТАДТ" (АО), corrAccount=30101810700000000860, address=УЛ ЧКАЛОВА, 35/1, city=Г. ОРЕНБУРГ, phones=(3532)980486,980412, country=4e127564-d74f-4dd9-bced-0327f0f4e061, countryCode=643, activityDiscontinued=false}, {guid=78ddabf9-ca67-11e5-826c-605718cb5baa, archive=, dateOutputArchive=, thisGroup=true, parent=00000000-0000-0000-0000-000000000000, bic=69       , swift=, name=ТОМСКАЯ ОБЛАСТЬ, corrAccount=, address=, city=, phones=, country=, countryCode=, activityDiscontinued=}, {guid=78ddabfa-ca67-11e5-826c-605718cb5baa, archive=false, dateOutputArchive=0001-01-01T00:00:00Z, thisGroup=false, parent=78ddabf9-ca67-11e5-826c-605718cb5baa, bic=046900000, swift=, name=РКЦ КОЛПАШЕВО, corrAccount=, address=, city=Г. КОЛПАШЕВО, phones=, country=00000000-0000-0000-0000-000000000000, countryCode=, activityDiscontinued=true}, {guid=78ddabfb-ca67-11e5-826c-605718cb5baa, archive=false, dateOutputArchive=0001-01-01T00:00:00Z, thisGroup=false, parent=78ddabe1-ca67-11e5-826c-605718cb5baa, bic=044030752, swift=, name=САНКТ-ПЕТЕРБУРГСКИЙ ФИЛИАЛ "БАНК СГБ", corrAccount=30101810100000000752, address=УЛ. МАРШАЛА ГОВОРОВА, 35 ЛИТ А, city=Г. САНКТ-ПЕТЕРБУРГ, phones=(812)3365900, country=4e127564-d74f-4dd9-bced-0327f0f4e061, countryCode=643, activityDiscontinued=false}, {guid=78ddabfc-ca67-11e5-826c-605718cb5baa, archive=false, dateOutputArchive=0001-01-01T00:00:00Z, thisGroup=false, parent=78ddabe5-ca67-11e5-826c-605718cb5baa, bic=044525102, swift=IKBARUMMXXX, name=АО "ДЕНИЗБАНК МОСКВА", corrAccount=30101810400000000102, address=2-Я ЗВЕНИГОРОД УЛ, 13, СТР 42, city=Г. МОСКВА, phones=(495)7251020, country=4e127564-d74f-4dd9-bced-0327f0f4e061, countryCode=643, activityDiscontinued=false}, {guid=78ddabfd-ca67-11e5-826c-605718cb5baa, archive=, dateOutputArchive=, thisGroup=true, parent=00000000-0000-0000-0000-000000000000, bic=63       , swift=, name=САРАТОВСКАЯ ОБЛАСТЬ, corrAccount=, address=, city=, phones=, country=, countryCode=, activityDiscontinued=}, {guid=78ddabfe-ca67-11e5-826c-605718cb5baa, archive=false, dateOutputArchive=0001-01-01T00:00:00Z, thisGroup=false, parent=78ddabfd-ca67-11e5-826c-605718cb5baa, bic=046380002, swift=, name=ПУ БАНКА РОССИИ ВОЛЖСКОЕ, corrAccount=, address=, city=П. СВЕТЛЫЙ, phones=(84558)33215, country=4e127564-d74f-4dd9-bced-0327f0f4e061, countryCode=643, activityDiscontinued=false}, {guid=78ddabff-ca67-11e5-826c-605718cb5baa, archive=false, dateOutputArchive=0001-01-01T00:00:00Z, thisGroup=false, parent=78ddabe5-ca67-11e5-826c-605718cb5baa, bic=044583695, swift=, name=КУ ОАО БАНК "СОДРУЖЕСТВО"-ГК "АСВ", corrAccount=30101810700000000695, address=, city=Г. МОСКВА, phones=, country=00000000-0000-0000-0000-000000000000, countryCode=, activityDiscontinued=true}, {guid=78ddac00-ca67-11e5-826c-605718cb5baa, archive=, dateOutputArchive=, thisGroup=true, parent=00000000-0000-0000-0000-000000000000, bic=82       , swift=, name=РЕСПУБЛИКА ДАГЕСТАН, corrAccount=, address=, city=, phones=, country=, countryCode=, activityDiscontinued=}, {guid=78ddac01-ca67-11e5-826c-605718cb5baa, archive=false, dateOutputArchive=0001-01-01T00:00:00Z, thisGroup=false, parent=78ddac00-ca67-11e5-826c-605718cb5baa, bic=048209870, swift=, name=ЛИКВ ООО РНКО "УМУТ", corrAccount=30103810400000000870, address=УЛ КАЛИНИНА, 4, city=Г. ХАСАВЮРТ, phones=(87231)51268,51667, country=4e127564-d74f-4dd9-bced-0327f0f4e061, countryCode=643, activityDiscontinued=false}, {guid=78ddac02-ca67-11e5-826c-605718cb5baa, archive=, dateOutputArchive=, thisGroup=true, parent=00000000-0000-0000-0000-000000000000, bic=28       , swift=, name=ТВЕРСКАЯ ОБЛАСТЬ, corrAccount=, address=, city=, phones=, country=, countryCode=, activityDiscontinued=}, {guid=78ddac03-ca67-11e5-826c-605718cb5baa, archive=false, dateOutputArchive=0001-01-01T00:00:00Z, thisGroup=false, parent=78ddac02-ca67-11e5-826c-605718cb5baa, bic=042809909, swift=, name=ТВЕРСКОЙ ФИЛИАЛ АБ "РОССИЯ", corrAccount=30101810700000000909, address=УЛ КРЫЛОВА, 40/29, city=Г. ТВЕРЬ, phones=(4822)347569, country=4e127564-d74f-4dd9-bced-0327f0f4e061, countryCode=643, activityDiscontinued=false}, {guid=78ddac04-ca67-11e5-826c-605718cb5baa, archive=false, dateOutputArchive=0001-01-01T00:00:00Z, thisGroup=false, parent=78ddac00-ca67-11e5-826c-605718cb5baa, bic=048209989, swift=, name=ФИЛИАЛ ИКБ "ЭНТУЗИАСТБАНК" ООО-КИЗЛЯР, corrAccount=30101810882090000989, address=, city=Г. КИЗЛЯР, phones=, country=00000000-0000-0000-0000-000000000000, countryCode=, activityDiscontinued=true}, {guid=78ddac05-ca67-11e5-826c-605718cb5baa, archive=false, dateOutputArchive=0001-01-01T00:00:00Z, thisGroup=false, parent=78ddabe5-ca67-11e5-826c-605718cb5baa, bic=044583844, swift=, name=КУ КОММЕРЧЕСКИЙ БАНК "СДБ" (ООО) ГК "АСВ", corrAccount=30101810700000000844, address=, city=Г. МОСКВА, phones=, country=00000000-0000-0000-0000-000000000000, countryCode=, activityDiscontinued=true}, {guid=78ddac06-ca67-11e5-826c-605718cb5baa, archive=false, dateOutputArchive=0001-01-01T00:00:00Z, thisGroup=false, parent=78ddabe5-ca67-11e5-826c-605718cb5baa, bic=044525938, swift=, name=МОСКОВСКИЙ ФИЛИАЛ АО АКБ "ТЕКСБАНК", corrAccount=30101810945250000938, address=ОЛИМПИЙСКИЙ ПР-Т, 26, СТР 1, city=Г. МОСКВА, phones=(495)6480048, country=4e127564-d74f-4dd9-bced-0327f0f4e061, countryCode=643, activityDiscontinued=false}, {guid=78ddac07-ca67-11e5-826c-605718cb5baa, archive=, dateOutputArchive=, thisGroup=true, parent=00000000-0000-0000-0000-000000000000, bic=50       , swift=, name=НОВОСИБИРСКАЯ ОБЛАСТЬ, corrAccount=, address=, city=, phones=, country=, countryCode=, activityDiscontinued=}, {guid=78ddac08-ca67-11e5-826c-605718cb5baa, archive=false, dateOutputArchive=0001-01-01T00:00:00Z, thisGroup=false, parent=78ddac07-ca67-11e5-826c-605718cb5baa, bic=045004747, swift=, name=ФИЛИАЛ "НОВОСИБИРСКИЙ" АО "ГЛОБЭКСБАНК", corrAccount=30101810150040000747, address=УЛ ВОКЗАЛЬНАЯ МАГИСТРАЛЬ, 8 А, city=Г. НОВОСИБИРСК, phones=(383)2181508, country=4e127564-d74f-4dd9-bced-0327f0f4e061, countryCode=643, activityDiscontinued=false}, {guid=78ddac09-ca67-11e5-826c-605718cb5baa, archive=, dateOutputArchive=, thisGroup=true, parent=00000000-0000-0000-0000-000000000000, bic=65       , swift=, name=СВЕРДЛОВСКАЯ ОБЛАСТЬ, corrAccount=, address=, city=, phones=, country=, countryCode=, activityDiscontinued=}, {guid=78ddac0a-ca67-11e5-826c-605718cb5baa, archive=false, dateOutputArchive=0001-01-01T00:00:00Z, thisGroup=false, parent=78ddac09-ca67-11e5-826c-605718cb5baa, bic=046577907, swift=, name=ЕКАТЕРИНБУРГСКИЙ ФИЛИАЛ ПАО "АК БАРС" БАНК, corrAccount=30101810400000000907, address=ПР-Т ЛЕНИНА, 20, city=Г. ЕКАТЕРИНБУРГ, phones=(343)3556015, country=4e127564-d74f-4dd9-bced-0327f0f4e061, countryCode=643, activityDiscontinued=false}, {guid=78ddac0b-ca67-11e5-826c-605718cb5baa, archive=, dateOutputArchive=, thisGroup=true, parent=00000000-0000-0000-0000-000000000000, bic=47       , swift=, name=МУРМАНСКАЯ ОБЛАСТЬ, corrAccount=, address=, city=, phones=, country=, countryCode=, activityDiscontinued=}, {guid=78ddac0c-ca67-11e5-826c-605718cb5baa, archive=false, dateOutputArchive=0001-01-01T00:00:00Z, thisGroup=false, parent=78ddac0b-ca67-11e5-826c-605718cb5baa, bic=044705824, swift=, name=ФИЛИАЛ ПАО "ОФК БАНК" В МУРМАНСКЕ, corrAccount=30101810900000000824, address=, city=Г. МУРМАНСК, phones=, country=00000000-0000-0000-0000-000000000000, countryCode=, activityDiscontinued=true}, {guid=78ddac0d-ca67-11e5-826c-605718cb5baa, archive=, dateOutputArchive=, thisGroup=true, parent=00000000-0000-0000-0000-000000000000, bic=19       , swift=, name=ВОЛОГОДСКАЯ ОБЛАСТЬ, corrAccount=, address=, city=, phones=, country=, countryCode=, activityDiscontinued=}, {guid=78ddac0e-ca67-11e5-826c-605718cb5baa, archive=false, dateOutputArchive=0001-01-01T00:00:00Z, thisGroup=false, parent=78ddac0d-ca67-11e5-826c-605718cb5baa, bic=041909708, swift=, name=КУ НКО "КРЕДИТАЛЬЯНС" (ООО), corrAccount=30103810200000000708, address=, city=Г. ВОЛОГДА, phones=, country=00000000-0000-0000-0000-000000000000, countryCode=, activityDiscontinued=true}, {guid=78ddac0f-ca67-11e5-826c-605718cb5baa, archive=, dateOutputArchive=, thisGroup=true, parent=00000000-0000-0000-0000-000000000000, bic=03       , swift=, name=КРАСНОДАРСКИЙ КРАЙ, corrAccount=, address=, city=, phones=, country=, countryCode=, activityDiscontinued=}, {guid=78ddac10-ca67-11e5-826c-605718cb5baa, archive=false, dateOutputArchive=0001-01-01T00:00:00Z, thisGroup=false, parent=78ddac0f-ca67-11e5-826c-605718cb5baa, bic=040349749, swift=, name=КРАСНОДАРСКИЙ ФИЛИАЛ ТКБ БАНК ПАО, corrAccount=30101810500000000749, address=УЛ ФРУНЗЕ, 169, city=Г. КРАСНОДАР, phones=(861)2104542,2104546, country=4e127564-d74f-4dd9-bced-0327f0f4e061, countryCode=643, activityDiscontinued=false}, {guid=78ddac11-ca67-11e5-826c-605718cb5baa, archive=false, dateOutputArchive=0001-01-01T00:00:00Z, thisGroup=false, parent=78ddabf5-ca67-11e5-826c-605718cb5baa, bic=048702731, swift=, name=ФИЛИАЛ КБ "РОСПРОМБАНК" (ООО) В Г. СЫКТЫВКАРЕ, corrAccount=30101810500000000731, address=, city=Г. СЫКТЫВКАР, phones=, country=00000000-0000-0000-0000-000000000000, countryCode=, activityDiscontinued=true}, {guid=78ddac12-ca67-11e5-826c-605718cb5baa, archive=, dateOutputArchive=, thisGroup=true, parent=00000000-0000-0000-0000-000000000000, bic=20       , swift=, name=ВОРОНЕЖСКАЯ ОБЛАСТЬ, corrAccount=, address=, city=, phones=, country=, countryCode=, activityDiscontinued=}, {guid=78ddac13-ca67-11e5-826c-605718cb5baa, archive=false, dateOutputArchive=0001-01-01T00:00:00Z, thisGroup=false, parent=78ddac12-ca67-11e5-826c-605718cb5baa, bic=042007001, swift=, name=ОТДЕЛЕНИЕ ВОРОНЕЖ, corrAccount=, address=УЛ ТЕАТРАЛЬНАЯ, 36, city=Г. ВОРОНЕЖ, phones=(473)2555820,2699990, country=4e127564-d74f-4dd9-bced-0327f0f4e061, countryCode=643, activityDiscontinued=false}, {guid=78ddac14-ca67-11e5-826c-605718cb5baa, archive=, dateOutputArchive=, thisGroup=true, parent=00000000-0000-0000-0000-000000000000, bic=76       , swift=, name=ЗАБАЙКАЛЬСКИЙ КРАЙ, corrAccount=, address=, city=, phones=, country=, countryCode=, activityDiscontinued=}, {guid=78ddac15-ca67-11e5-826c-605718cb5baa, archive=false, dateOutputArchive=0001-01-01T00:00:00Z, thisGroup=false, parent=78ddac14-ca67-11e5-826c-605718cb5baa, bic=047601637, swift=SABRRU66CHT, name=ЧИТИНСКОЕ ОТДЕЛЕНИЕ  N8600 ПАО СБЕРБАНК, corrAccount=30101810500000000637, address=УЛ ПОЛИНЫ ОСИПЕНКО, 40, city=Г. ЧИТА, phones=(3022)336111, country=4e127564-d74f-4dd9-bced-0327f0f4e061, countryCode=643, activityDiscontinued=false}, {guid=78ddac16-ca67-11e5-826c-605718cb5baa, archive=false, dateOutputArchive=0001-01-01T00:00:00Z, thisGroup=false, parent=78ddabdb-ca67-11e5-826c-605718cb5baa, bic=043209770, swift=NOOBRU55XXX, name=ООО "НОВОКИБ", corrAccount=30101810900000000770, address=УЛ КИРОВА, 69, city=Г. НОВОКУЗНЕЦК, phones=(3843)539698,459267, country=4e127564-d74f-4dd9-bced-0327f0f4e061, countryCode=643, activityDiscontinued=false}, {guid=78ddac17-ca67-11e5-826c-605718cb5baa, archive=, dateOutputArchive=, thisGroup=true, parent=00000000-0000-0000-0000-000000000000, bic=60       , swift=, name=РОСТОВСКАЯ ОБЛАСТЬ, corrAccount=, address=, city=, phones=, country=, countryCode=, activityDiscontinued=}, {guid=78ddac18-ca67-11e5-826c-605718cb5baa, archive=false, dateOutputArchive=0001-01-01T00:00:00Z, thisGroup=false, parent=78ddac17-ca67-11e5-826c-605718cb5baa, bic=046015293, swift=, name=РОСТОВСКИЙ ФИЛИАЛ НКО "ИНКАХРАН" (АО), corrAccount=30103810860150000293, address=, city=Г. РОСТОВ-НА-ДОНУ, phones=, country=00000000-0000-0000-0000-000000000000, countryCode=, activityDiscontinued=true}, {guid=78ddac19-ca67-11e5-826c-605718cb5baa, archive=false, dateOutputArchive=0001-01-01T00:00:00Z, thisGroup=false, parent=78ddac07-ca67-11e5-826c-605718cb5baa, bic=045004775, swift=, name=НОВОСИБИРСКИЙ ФИЛИАЛ ПАО "БИНБАНК", corrAccount=30101810850040000775, address=, city=Г. НОВОСИБИРСК, phones=, country=00000000-0000-0000-0000-000000000000, countryCode=, activityDiscontinued=true}, {guid=78ddac1a-ca67-11e5-826c-605718cb5baa, archive=false, dateOutputArchive=0001-01-01T00:00:00Z, thisGroup=false, parent=78ddabe5-ca67-11e5-826c-605718cb5baa, bic=044583138, swift=, name=ООО КБ "РАСЧЕТНЫЙ ДОМ", corrAccount=30101810500000000138, address=, city=Г. МОСКВА, phones=, country=00000000-0000-0000-0000-000000000000, countryCode=, activityDiscontinued=true}, {guid=78ddac1b-ca67-11e5-826c-605718cb5baa, archive=false, dateOutputArchive=0001-01-01T00:00:00Z, thisGroup=false, parent=78ddabe5-ca67-11e5-826c-605718cb5baa, bic=044525762, swift=, name=КУ КБ "ЕВРОТРАСТ" (ЗАО) ГК "АСВ", corrAccount=30101810400000000762, address=УЛ ВЫСОЦКОГО, 4, city=Г. МОСКВА, phones=(495)9612526, country=4e127564-d74f-4dd9-bced-0327f0f4e061, countryCode=643, activityDiscontinued=false}, {guid=78ddaca1-ca67-11e5-826c-605718cb5baa, archive=, dateOutputArchive=, thisGroup=true, parent=00000000-0000-0000-0000-000000000000, bic=37       , swift=, name=КУРГАНСКАЯ ОБЛАСТЬ, corrAccount=, address=, city=, phones=, country=, countryCode=, activityDiscontinued=}, {guid=78ddac1d-ca67-11e5-826c-605718cb5baa, archive=false, dateOutputArchive=0001-01-01T00:00:00Z, thisGroup=false, parent=78ddabe5-ca67-11e5-826c-605718cb5baa, bic=044525235, swift=, name=КУ ООО "М ПЛЮС" ГК "АСВ", corrAccount=30101810745250000235, address=УЛ ВЫСОЦКОГО, 4, city=Г. МОСКВА, phones=(495)9612526, country=4e127564-d74f-4dd9-bced-0327f0f4e061, countryCode=643, activityDiscontinued=false}, {guid=78ddac1e-ca67-11e5-826c-605718cb5baa, archive=false, dateOutputArchive=0001-01-01T00:00:00Z, thisGroup=false, parent=78ddabe5-ca67-11e5-826c-605718cb5baa, bic=044583701, swift=, name=ООО НКО "ДЕНЬГИ.МЭЙЛ.РУ", corrAccount=30103810100000000701, address=, city=Г. МОСКВА, phones=, country=00000000-0000-0000-0000-000000000000, countryCode=, activityDiscontinued=true}, {guid=78ddac1f-ca67-11e5-826c-605718cb5baa, archive=false, dateOutputArchive=0001-01-01T00:00:00Z, thisGroup=false, parent=78ddabe1-ca67-11e5-826c-605718cb5baa, bic=044030769, swift=, name=КУ ОАО КБ "ПЕТРО-АЭРО-БАНК"-ГК "АСВ", corrAccount=30101810300000000769, address=, city=Г. САНКТ-ПЕТЕРБУРГ, phones=, country=00000000-0000-0000-0000-000000000000, countryCode=, activityDiscontinued=true}, {guid=e8b018e6-ca8b-11e5-826c-605718cb5baa, archive=false, dateOutputArchive=0001-01-01T00:00:00Z, thisGroup=false, parent=78ddac9c-ca67-11e5-826c-605718cb5baa, bic=040481000, swift=, name=РКЦ АЧИНСК, corrAccount=, address=, city=Г. АЧИНСК, phones=, country=00000000-0000-0000-0000-000000000000, countryCode=, activityDiscontinued=true}, {guid=78ddac20-ca67-11e5-826c-605718cb5baa, archive=false, dateOutputArchive=0001-01-01T00:00:00Z, thisGroup=false, parent=78ddac0f-ca67-11e5-826c-605718cb5baa, bic=040396844, swift=, name=КОНКУРСНЫЙ УПРАВЛЯЮЩИЙ ООО КИИБ"СОЧИ"-ГК"АСВ", corrAccount=30101810700000000844, address=УЛ ВЫСОЦКОГО, 4, city=Г. МОСКВА, phones=(495)7253117, country=4e127564-d74f-4dd9-bced-0327f0f4e061, countryCode=643, activityDiscontinued=false}, {guid=78ddac21-ca67-11e5-826c-605718cb5baa, archive=, dateOutputArchive=, thisGroup=true, parent=00000000-0000-0000-0000-000000000000, bic=22       , swift=, name=НИЖЕГОРОДСКАЯ ОБЛАСТЬ, corrAccount=, address=, city=, phones=, country=, countryCode=, activityDiscontinued=}, {guid=78ddac22-ca67-11e5-826c-605718cb5baa, archive=false, dateOutputArchive=0001-01-01T00:00:00Z, thisGroup=false, parent=78ddac21-ca67-11e5-826c-605718cb5baa, bic=042202821, swift=, name=ФАКБ "РОССИЙСКИЙ КАПИТАЛ" (АО) НИЖЕГОРОДСКИЙ, corrAccount=30101810300000000821, address=УЛ ОШАРСКАЯ, 52, city=Г. НИЖНИЙ НОВГОРОД, phones=(831)2816345, country=4e127564-d74f-4dd9-bced-0327f0f4e061, countryCode=643, activityDiscontinued=false}, {guid=78ddac23-ca67-11e5-826c-605718cb5baa, archive=false, dateOutputArchive=0001-01-01T00:00:00Z, thisGroup=false, parent=78ddabe5-ca67-11e5-826c-605718cb5baa, bic=044525551, swift=ICBKRUMMXXX, name=АЙСИБИСИ БАНК (АО), corrAccount=30101810200000000551, address=СЕРЕБРЯНИЧЕСКАЯ НАБ, 29, city=Г. МОСКВА, phones=(495)2873099, country=4e127564-d74f-4dd9-bced-0327f0f4e061, countryCode=643, activityDiscontinued=false}, {guid=78ddac24-ca67-11e5-826c-605718cb5baa, archive=false, dateOutputArchive=0001-01-01T00:00:00Z, thisGroup=false, parent=78ddabe5-ca67-11e5-826c-605718cb5baa, bic=044525476, swift=CBMWRUMMXXX, name=АО "МОСКОМБАНК", corrAccount=30101810245250000476, address=УЛ 1-Я ФРУНЗЕНСКАЯ, 5, city=Г. МОСКВА, phones=(495)6091919, country=4e127564-d74f-4dd9-bced-0327f0f4e061, countryCode=643, activityDiscontinued=false}, {guid=78ddac25-ca67-11e5-826c-605718cb5baa, archive=, dateOutputArchive=, thisGroup=true, parent=00000000-0000-0000-0000-000000000000, bic=00       , swift=, name=ТЕРРИТОРИЯ НЕ ОПРЕДЕЛЕНА, corrAccount=, address=, city=, phones=, country=, countryCode=, activityDiscontinued=}, {guid=78ddac26-ca67-11e5-826c-605718cb5baa, archive=false, dateOutputArchive=0001-01-01T00:00:00Z, thisGroup=false, parent=78ddac25-ca67-11e5-826c-605718cb5baa, bic=040004002, swift=, name=ПУ БАНКА РОССИИ N 67903, corrAccount=, address=П/П 67903, city=, phones=, country=4e127564-d74f-4dd9-bced-0327f0f4e061, countryCode=643, activityDiscontinued=false}, {guid=78ddac27-ca67-11e5-826c-605718cb5baa, archive=false, dateOutputArchive=0001-01-01T00:00:00Z, thisGroup=false, parent=78ddac00-ca67-11e5-826c-605718cb5baa, bic=048209788, swift=, name=ФАКБ "ИНВЕСТТОРГБАНК" (ПАО) "МАХАЧКАЛИНСКИЙ", corrAccount=30101810400000000788, address=, city=Г. МАХАЧКАЛА, phones=, country=00000000-0000-0000-0000-000000000000, countryCode=, activityDiscontinued=true}, {guid=78ddac28-ca67-11e5-826c-605718cb5baa, archive=, dateOutputArchive=, thisGroup=true, parent=00000000-0000-0000-0000-000000000000, bic=94       , swift=, name=УДМУРТСКАЯ РЕСПУБЛИКА, corrAccount=, address=, city=, phones=, country=, countryCode=, activityDiscontinued=}, {guid=78ddac29-ca67-11e5-826c-605718cb5baa, archive=false, dateOutputArchive=0001-01-01T00:00:00Z, thisGroup=false, parent=78ddac28-ca67-11e5-826c-605718cb5baa, bic=049401825, swift=, name=КОНКУРСНЫЙ УПРАВЛЯЮЩИЙ ОАО "МОБИЛБАНК", corrAccount=30101810600000000825, address=УЛ ПУШКИНСКАЯ, 268, city=Г. ИЖЕВСК, phones=(3412)908911,655104, country=4e127564-d74f-4dd9-bced-0327f0f4e061, countryCode=643, activityDiscontinued=false}]

	at AutoTest.ClassifireIsAllRussianTest.getBankList(ClassifireIsAllRussianTest.java:536)
</failure>
    <system-out><![CDATA[Request URI:	http://dev1c:8080/MDM_Gribov_2541/hs/klass/bank?step=200
HTTP/1.1 200 OK
Date: Wed, 13 Dec 2023 08:12:40 GMT
Server: Apache/2.4.23 (Win64)
X-NextPage: http://dev1c:8080/MDM_Gribov_2541/hs/klass/bank?step=200&nextPage=2
X-NextPage1C: /bank?step=200&nextPage=2
Content-Length: 104569
Keep-Alive: timeout=5, max=99
Connection: Keep-Alive
Content-Type: application/json; charset=utf-8

[
    {
        "guid": "979300ab-d82b-11e8-80bb-08002789bf51",
        "archive": false,
        "dateOutputArchive": "0001-01-01T00:00:00Z",
        "thisGroup": false,
        "parent": "78ddabf2-ca67-11e5-826c-605718cb5baa",
        "bic": "043601707",
        "swift": "",
        "name": "ФИЛИАЛ \"САМАРСКИЙ\" АО \"ОТП БАНК\"",
        "corrAccount": "30101810722023601707",
        "address": "УЛ АВРОРЫ, 150",
        "city": "Г. САМАРА",
        "phones": "(846)3425312,3425313",
        "country": "4e127564-d74f-4dd9-bced-0327f0f4e061",
        "countryCode": "643",
        "activityDiscontinued": false
    },
    {
        "guid": "979300ac-d82b-11e8-80bb-08002789bf51",
        "archive": false,
        "dateOutputArchive": "0001-01-01T00:00:00Z",
        "thisGroup": false,
        "parent": "78ddabe1-ca67-11e5-826c-605718cb5baa",
        "bic": "044030792",
        "swift": "",
        "name": "ФИЛИАЛ \"СЕВЕРО-ЗАПАДНЫЙ\" \"УМ-БАНК\" ООО",
        "corrAccount": "30101810640300000792",
        "address": "КАМЕННООСТРОВСКИЙ ПР-Т, 61 ПОМ",
        "city": "Г. САНКТ-ПЕТЕРБУРГ",
        "phones": "(812)4560720",
        "country": "4e127564-d74f-4dd9-bced-0327f0f4e061",
        "countryCode": "643",
        "activityDiscontinued": false
    },
    {
        "guid": "979300ad-d82b-11e8-80bb-08002789bf51",
        "archive": false,
        "dateOutputArchive": "0001-01-01T00:00:00Z",
        "thisGroup": false,
        "parent": "78ddac07-ca67-11e5-826c-605718cb5baa",
        "bic": "045004711",
        "swift": "",
        "name": "Куйбышевский филиал АКБ \"Ланта-Банк\" (АО)",
        "corrAccount": "30101810750045004711",
        "address": "КВАРТАЛ 1, ДОМ 29 \"ВСТАВКА\"",
        "city": "Г. КУЙБЫШЕВ",
        "phones": "",
        "country": "4e127564-d74f-4dd9-bced-0327f0f4e061",
        "countryCode": "643",
        "activityDiscontinued": false
    },
    {
        "guid": "979300ae-d82b-11e8-80bb-08002789bf51",
        "archive": false,
        "dateOutputArchive": "0001-01-01T00:00:00Z",
        "thisGroup": false,
        "parent": "78ddac07-ca67-11e5-826c-605718cb5baa",
        "bic": "045004719",
        "swift": "",
        "name": "ФИЛИАЛ № 5440 БАНКА ВТБ (ПАО)",
        "corrAccount": "30101810450040000719",
        "address": "УЛ ФРУНЗЕ, 232, 234, 234/1",
        "city": "Г. НОВОСИБИРСК",
        "phones": "(383)2492424,2492425",
        "country": "4e127564-d74f-4dd9-bced-0327f0f4e061",
        "countryCode": "643",
        "activityDiscontinued": false
    },
    {
        "guid": "979300af-d82b-11e8-80bb-08002789bf51",
        "archive": false,
        "dateOutputArchive": "0001-01-01T00:00:00Z",
        "thisGroup": false,
        "parent": "78ddac07-ca67-11e5-826c-605718cb5baa",
        "bic": "045004701",
        "swift": "",
        "name": "НОВОСИБИРСКИЙ ФИЛИАЛ АБ \"РОССИЯ\"",
        "corrAccount": "30101810950040000701",
        "address": "УЛ СЕМЬИ ШАМШИНЫХ, 26, 26/1",
        "city": "Г. НОВОСИБИРСК",
        "phones": "(383)3670691,3670692",
        "country": "4e127564-d74f-4dd9-bced-0327f0f4e061",
        "countryCode": "643",
        "activityDiscontinued": false
    },
    {
        "guid": "979300b0-d82b-11e8-80bb-08002789bf51",
        "archive": false,
        "dateOutputArchive": "0001-01-01T00:00:00Z",
        "thisGroup": false,
        "parent": "78ddac09-ca67-11e5-826c-605718cb5baa",
        "bic": "046577459",
        "swift": "",
        "name": "ФИЛИАЛ \"УРАЛЬСКИЙ\" \"УМ-БАНК\" ООО",
        "corrAccount": "30101810165770000459",
        "address": "УЛ БЕЛИНСКОГО, 86",
        "city": "Г. ЕКАТЕРИНБУРГ",
        "phones": "(343)2871010,3452644",
        "country": "4e127564-d74f-4dd9-bced-0327f0f4e061",
        "countryCode": "643",
        "activityDiscontinued": false
    },
    {
        "guid": "979300b1-d82b-11e8-80bb-08002789bf51",
        "archive": false,
        "dateOutputArchive": "0001-01-01T00:00:00Z",
        "thisGroup": false,
        "parent": "78ddabe5-ca67-11e5-826c-605718cb5baa",
        "bic": "044525745",
        "swift": "VTBRRUM2MS3",
        "name": "ФИЛИАЛ № 7701 БАНКА ВТБ (ПАО)",
        "corrAccount": "30101810345250000745",
        "address": "УЛ КУЗНЕЦКИЙ МОСТ, 17, СТР 1",
        "city": "Г. МОСКВА",
        "phones": "(495)9258000",
        "country": "4e127564-d74f-4dd9-bced-0327f0f4e061",
        "countryCode": "643",
        "activityDiscontinued": false
    },
    {
        "guid": "979300b2-d82b-11e8-80bb-08002789bf51",
        "archive": false,
        "dateOutputArchive": "0001-01-01T00:00:00Z",
        "thisGroup": false,
        "parent": "78ddabe9-ca67-11e5-826c-605718cb5baa",
        "bic": "042520842",
        "swift": "",
        "name": "\"Братский АНКБ\" ПАО",
        "corrAccount": "30101810850042520842",
        "address": "УЛ. КОМСОМОЛЬСКАЯ, Д. 43",
        "city": "Г. БРАТСК",
        "phones": "",
        "country": "4e127564-d74f-4dd9-bced-0327f0f4e061",
        "countryCode": "643",
        "activityDiscontinued": false
    },
    {
        "guid": "979300b3-d82b-11e8-80bb-08002789bf51",
        "archive": false,
        "dateOutputArchive": "0001-01-01T00:00:00Z",
        "thisGroup": false,
        "parent": "78ddabe9-ca67-11e5-826c-605718cb5baa",
        "bic": "042520811",
        "swift": "",
        "name": "АО \"ГРИНКОМБАНК\"",
        "corrAccount": "30101810950040000811",
        "address": "УЛ ФРАНК-КАМЕНЕЦКОГО, 8",
        "city": "Г. ИРКУТСК",
        "phones": "(3952)255196,240197",
        "country": "4e127564-d74f-4dd9-bced-0327f0f4e061",
        "countryCode": "643",
        "activityDiscontinued": false
    },
    {
        "guid": "979300b4-d82b-11e8-80bb-08002789bf51",
        "archive": false,
        "dateOutputArchive": "0001-01-01T00:00:00Z",
        "thisGroup": false,
        "parent": "78ddac9c-ca67-11e5-826c-605718cb5baa",
        "bic": "040407523",
        "swift": "",
        "name": "АО АИКБ \"ЕНИСЕЙСКИЙ ОБЪЕДИНЕННЫЙ БАНК\"",
        "corrAccount": "30101810650040000523",
        "address": "УЛ КАРЛА МАРКСА, 62",
        "city": "Г. КРАСНОЯРСК",
        "phones": "(391)2770000",
        "country": "4e127564-d74f-4dd9-bced-0327f0f4e061",
        "countryCode": "643",
        "activityDiscontinued": false
    },
    {
        "guid": "979300b5-d82b-11e8-80bb-08002789bf51",
        "archive": false,
        "dateOutputArchive": "0001-01-01T00:00:00Z",
        "thisGroup": false,
        "parent": "e8b01830-ca8b-11e5-826c-605718cb5baa",
        "bic": "041403725",
        "swift": "",
        "name": "ООО \"Осколбанк\"",
        "corrAccount": "30101810745250000725",
        "address": "Г. СТАРЫЙ ОСКОЛ, М-Н ОЛИМПИЙСК",
        "city": "Г. СТАРЫЙ ОСКОЛ",
        "phones": "",
        "country": "4e127564-d74f-4dd9-bced-0327f0f4e061",
        "countryCode": "643",
        "activityDiscontinued": false
    },
    {
        "guid": "979300b6-d82b-11e8-80bb-08002789bf51",
        "archive": false,
        "dateOutputArchive": "0001-01-01T00:00:00Z",
        "thisGroup": false,
        "parent": "78ddabe1-ca67-11e5-826c-605718cb5baa",
        "bic": "044030707",
        "swift": "VTBRRUM2SP3",
        "name": "ФИЛИАЛ № 7806 БАНКА ВТБ (ПАО)",
        "corrAccount": "30101810240300000707",
        "address": "УЛ Б. МОРСКАЯ, 29 ЛИТ А",
        "city": "Г. САНКТ-ПЕТЕРБУРГ",
        "phones": "(812)3241214",
        "country": "4e127564-d74f-4dd9-bced-0327f0f4e061",
        "countryCode": "643",
        "activityDiscontinued": false
    },
    {
        "guid": "979300b7-d82b-11e8-80bb-08002789bf51",
        "archive": false,
        "dateOutputArchive": "0001-01-01T00:00:00Z",
        "thisGroup": false,
        "parent": "78ddac09-ca67-11e5-826c-605718cb5baa",
        "bic": "046577916",
        "swift": "",
        "name": "ФИЛИАЛ \"НОВОУРАЛЬСКИЙ\" ПАО КБ \"УБРИР\"",
        "corrAccount": "30101810365770000916",
        "address": "УЛ ДЗЕРЖИНСКОГО, 16",
        "city": "Г. НОВОУРАЛЬСК",
        "phones": "(34370)25591",
        "country": "4e127564-d74f-4dd9-bced-0327f0f4e061",
        "countryCode": "643",
        "activityDiscontinued": false
    },
    {
        "guid": "78ddabd9-ca67-11e5-826c-605718cb5baa",
        "archive": "",
        "dateOutputArchive": "",
        "thisGroup": true,
        "parent": "00000000-0000-0000-0000-000000000000",
        "bic": "90       ",
        "swift": "",
        "name": "РЕСПУБЛИКА СЕВЕРНАЯ ОСЕТИЯ-АЛАНИЯ",
        "corrAccount": "",
        "address": "",
        "city": "",
        "phones": "",
        "country": "",
        "countryCode": "",
        "activityDiscontinued": ""
    },
    {
        "guid": "979300b8-d82b-11e8-80bb-08002789bf51",
        "archive": false,
        "dateOutputArchive": "0001-01-01T00:00:00Z",
        "thisGroup": false,
        "parent": "78ddabdf-ca67-11e5-826c-605718cb5baa",
        "bic": "049246691",
        "swift": "",
        "name": "АБ \"ДЕВОН-КРЕДИТ\" (ПАО)",
        "corrAccount": "30101810722029246691",
        "address": "УЛ ЛЕНИНА, 77",
        "city": "Г. АЛЬМЕТЬЕВСК",
        "phones": "(8553)456777",
        "country": "4e127564-d74f-4dd9-bced-0327f0f4e061",
        "countryCode": "643",
        "activityDiscontinued": false
    },
    {
        "guid": "979300b9-d82b-11e8-80bb-08002789bf51",
        "archive": false,
        "dateOutputArchive": "0001-01-01T00:00:00Z",
        "thisGroup": false,
        "parent": "78ddabe5-ca67-11e5-826c-605718cb5baa",
        "bic": "044525806",
        "swift": "",
        "name": "ФИЛИАЛ \"МОСКОВСКИЙ\" КБ \"СПУТНИК\" (ПАО)",
        "corrAccount": "30101810145250000806",
        "address": "ЛЯЛИН ПЕР, 19-1",
        "city": "Г. МОСКВА",
        "phones": "(495)5891084",
        "country": "4e127564-d74f-4dd9-bced-0327f0f4e061",
        "countryCode": "643",
        "activityDiscontinued": false
    },
    {
        "guid": "979300ba-d82b-11e8-80bb-08002789bf51",
        "archive": false,
        "dateOutputArchive": "0001-01-01T00:00:00Z",
        "thisGroup": false,
        "parent": "78ddaccd-ca67-11e5-826c-605718cb5baa",
        "bic": "045209702",
        "swift": "",
        "name": "АО \"ИТ Банк\"",
        "corrAccount": "30101810750045209702",
        "address": "УЛ. ДУМСКАЯ, 7",
        "city": "Г. ОМСК",
        "phones": "",
        "country": "4e127564-d74f-4dd9-bced-0327f0f4e061",
        "countryCode": "643",
        "activityDiscontinued": false
    },
    {
        "guid": "979300bb-d82b-11e8-80bb-08002789bf51",
        "archive": false,
        "dateOutputArchive": "0001-01-01T00:00:00Z",
        "thisGroup": false,
        "parent": "78ddaccd-ca67-11e5-826c-605718cb5baa",
        "bic": "045209701",
        "swift": "",
        "name": "АО \"Эксперт Банк\"",
        "corrAccount": "30101810450045209701",
        "address": "УЛ. МАРШАЛА ЖУКОВА, ДОМ 107",
        "city": "Г. ОМСК",
        "phones": "",
        "country": "4e127564-d74f-4dd9-bced-0327f0f4e061",
        "countryCode": "643",
        "activityDiscontinued": false
    },
    {
        "guid": "979300bc-d82b-11e8-80bb-08002789bf51",
        "archive": false,
        "dateOutputArchive": "0001-01-01T00:00:00Z",
        "thisGroup": false,
        "parent": "78ddac09-ca67-11e5-826c-605718cb5baa",
        "bic": "046577743",
        "swift": "",
        "name": "ФИЛИАЛ \"ДЕЛО\" ПАО \"СКБ-БАНК\"",
        "corrAccount": "30101810965770000743",
        "address": "УЛ КУЙБЫШЕВА, 58",
        "city": "Г. ЕКАТЕРИНБУРГ",
        "phones": "(343)3557000",
        "country": "4e127564-d74f-4dd9-bced-0327f0f4e061",
        "countryCode": "643",
        "activityDiscontinued": false
    },
    {
        "guid": "979300bd-d82b-11e8-80bb-08002789bf51",
        "archive": false,
        "dateOutputArchive": "0001-01-01T00:00:00Z",
        "thisGroup": false,
        "parent": "78ddaccd-ca67-11e5-826c-605718cb5baa",
        "bic": "045209703",
        "swift": "",
        "name": "КУ АО \"Мираф-Банк\" - ГК \"АСВ\"",
        "corrAccount": "30101810050045209703",
        "address": "УЛ. ФРУНЗЕ, Д.54",
        "city": "Г. ОМСК",
        "phones": "",
        "country": "4e127564-d74f-4dd9-bced-0327f0f4e061",
        "countryCode": "643",
        "activityDiscontinued": false
    },
    {
        "guid": "9d8e68cb-d82b-11e8-80bb-08002789bf51",
        "archive": false,
        "dateOutputArchive": "0001-01-01T00:00:00Z",
        "thisGroup": false,
        "parent": "78ddac21-ca67-11e5-826c-605718cb5baa",
        "bic": "042202761",
        "swift": "",
        "name": "Ф. АКБ \"ФОРА-БАНК\" (АО) В Г. НИЖНИЙ НОВГОРОД",
        "corrAccount": "30101810822020000761",
        "address": "УЛ КОВАЛИХИНСКАЯ, 8",
        "city": "Г. НИЖНИЙ НОВГОРОД",
        "phones": "(831)2161801,2161802",
        "country": "4e127564-d74f-4dd9-bced-0327f0f4e061",
        "countryCode": "643",
        "activityDiscontinued": false
    },
    {
        "guid": "9d8e68cc-d82b-11e8-80bb-08002789bf51",
        "archive": false,
        "dateOutputArchive": "0001-01-01T00:00:00Z",
        "thisGroup": false,
        "parent": "78ddac67-ca67-11e5-826c-605718cb5baa",
        "bic": "045773804",
        "swift": "",
        "name": "ФИЛИАЛ \"ЛЫСЬВА\" АО АКБ \"АЛЕФ-БАНК\"",
        "corrAccount": "30101810965775700804",
        "address": "ПОЖАРСКОГО, Д.8",
        "city": "Г. ЛЫСЬВА",
        "phones": "",
        "country": "4e127564-d74f-4dd9-bced-0327f0f4e061",
        "countryCode": "643",
        "activityDiscontinued": false
    },
    {
        "guid": "9d8e68cd-d82b-11e8-80bb-08002789bf51",
        "archive": false,
        "dateOutputArchive": "0001-01-01T00:00:00Z",
        "thisGroup": false,
        "parent": "78ddac21-ca67-11e5-826c-605718cb5baa",
        "bic": "042202717",
        "swift": "",
        "name": "ФИЛИАЛ №10 ПАО КБ \"ЦЕНТР-ИНВЕСТ\"",
        "corrAccount": "30101810122020000717",
        "address": "УЛ КОМИНТЕРНА, 139",
        "city": "Г. НИЖНИЙ НОВГОРОД",
        "phones": "(831)4391708",
        "country": "4e127564-d74f-4dd9-bced-0327f0f4e061",
        "countryCode": "643",
        "activityDiscontinued": false
    },
    {
        "guid": "9d8e68ce-d82b-11e8-80bb-08002789bf51",
        "archive": false,
        "dateOutputArchive": "0001-01-01T00:00:00Z",
        "thisGroup": false,
        "parent": "78ddac21-ca67-11e5-826c-605718cb5baa",
        "bic": "042202716",
        "swift": "",
        "name": "НИЖЕГОРОДСКИЙ Ф БАНКА\"ВОЗРОЖДЕНИЕ\"(ПАО)",
        "corrAccount": "30101810822020000716",
        "address": "УЛ БЕЛИНСКОГО, 106 А",
        "city": "Г. НИЖНИЙ НОВГОРОД",
        "phones": "(831)2787662,2783935",
        "country": "4e127564-d74f-4dd9-bced-0327f0f4e061",
        "countryCode": "643",
        "activityDiscontinued": false
    },
    {
        "guid": "9d8e68cf-d82b-11e8-80bb-08002789bf51",
        "archive": false,
        "dateOutputArchive": "0001-01-01T00:00:00Z",
        "thisGroup": false,
        "parent": "78ddac21-ca67-11e5-826c-605718cb5baa",
        "bic": "042202712",
        "swift": "",
        "name": "НИЖЕГОРОДСКИЙ ФИЛИАЛ АКБ \"ЛАНТА-БАНК\" (АО)",
        "corrAccount": "30101810622020000712",
        "address": "МЕЩЕРСКИЙ Б-Р, 3, К 1",
        "city": "Г. НИЖНИЙ НОВГОРОД",
        "phones": "(831)2208322,2208320",
        "country": "4e127564-d74f-4dd9-bced-0327f0f4e061",
        "countryCode": "643",
        "activityDiscontinued": false
    },
    {
        "guid": "9d8e68d0-d82b-11e8-80bb-08002789bf51",
        "archive": false,
        "dateOutputArchive": "0001-01-01T00:00:00Z",
        "thisGroup": false,
        "parent": "78ddac17-ca67-11e5-826c-605718cb5baa",
        "bic": "046015707",
        "swift": "",
        "name": "ВОЛГОДОНСКИЙ ф Банка \"Возрождение\" (ПАО)",
        "corrAccount": "30101810060150000707",
        "address": "БУЛ. ВЕЛИКОЙ ПОБЕДЫ, ДОМ №38А",
        "city": "Г. ВОЛГОДОНСК",
        "phones": "",
        "country": "4e127564-d74f-4dd9-bced-0327f0f4e061",
        "countryCode": "643",
        "activityDiscontinued": false
    },
    {
        "guid": "9d8e68d1-d82b-11e8-80bb-08002789bf51",
        "archive": false,
        "dateOutputArchive": "0001-01-01T00:00:00Z",
        "thisGroup": false,
        "parent": "78ddac21-ca67-11e5-826c-605718cb5baa",
        "bic": "042202718",
        "swift": "",
        "name": "ПАО \"САРОВБИЗНЕСБАНК\"",
        "corrAccount": "30101810422020000718",
        "address": "УЛ СИЛКИНА, 13",
        "city": "Г. САРОВ",
        "phones": "(831)4307478,(83130)33640",
        "country": "4e127564-d74f-4dd9-bced-0327f0f4e061",
        "countryCode": "643",
        "activityDiscontinued": false
    },
    {
        "guid": "9d8e68d2-d82b-11e8-80bb-08002789bf51",
        "archive": false,
        "dateOutputArchive": "0001-01-01T00:00:00Z",
        "thisGroup": false,
        "parent": "78ddac21-ca67-11e5-826c-605718cb5baa",
        "bic": "042202727",
        "swift": "",
        "name": "ПАО КОМБАНК \"ХИМИК\"",
        "corrAccount": "30101810222020000727",
        "address": "УЛ УРИЦКОГО, 10 Б",
        "city": "Г. ДЗЕРЖИНСК",
        "phones": "(8313)261608,251126",
        "country": "4e127564-d74f-4dd9-bced-0327f0f4e061",
        "countryCode": "643",
        "activityDiscontinued": false
    },
    {
        "guid": "9d8e68d3-d82b-11e8-80bb-08002789bf51",
        "archive": false,
        "dateOutputArchive": "0001-01-01T00:00:00Z",
        "thisGroup": false,
        "parent": "78ddabe5-ca67-11e5-826c-605718cb5baa",
        "bic": "044525420",
        "swift": "",
        "name": "Ф РОКЕТБАНК КИВИ БАНК (АО)",
        "corrAccount": "30101810945250000420",
        "address": "УЛ ПАЛИХА, 10, СТР 5",
        "city": "Г. МОСКВА",
        "phones": "(495)2313645",
        "country": "4e127564-d74f-4dd9-bced-0327f0f4e061",
        "countryCode": "643",
        "activityDiscontinued": false
    },
    {
        "guid": "78ddabda-ca67-11e5-826c-605718cb5baa",
        "archive": false,
        "dateOutputArchive": "0001-01-01T00:00:00Z",
        "thisGroup": false,
        "parent": "78ddabd9-ca67-11e5-826c-605718cb5baa",
        "bic": "049033736",
        "swift": "",
        "name": "СКФ ПАО АКБ \"ИРОНБАНК\"",
        "corrAccount": "30101810800000000736",
        "address": "",
        "city": "Г. ВЛАДИКАВКАЗ",
        "phones": "",
        "country": "00000000-0000-0000-0000-000000000000",
        "countryCode": "",
        "activityDiscontinued": true
    },
    {
        "guid": "9d8e68d4-d82b-11e8-80bb-08002789bf51",
        "archive": false,
        "dateOutputArchive": "0001-01-01T00:00:00Z",
        "thisGroup": false,
        "parent": "78ddac21-ca67-11e5-826c-605718cb5baa",
        "bic": "042202731",
        "swift": "",
        "name": "АО КОМБАНК \"АРЗАМАС\"",
        "corrAccount": "30101810522020000731",
        "address": "УЛ КИРОВА, 33",
        "city": "Г. АРЗАМАС",
        "phones": "(83147)70224,70177",
        "country": "4e127564-d74f-4dd9-bced-0327f0f4e061",
        "countryCode": "643",
        "activityDiscontinued": false
    },
    {
        "guid": "9d8e68d5-d82b-11e8-80bb-08002789bf51",
        "archive": false,
        "dateOutputArchive": "0001-01-01T00:00:00Z",
        "thisGroup": false,
        "parent": "78ddabe5-ca67-11e5-826c-605718cb5baa",
        "bic": "044525864",
        "swift": "",
        "name": "МОСКОВСКИЙ ФИЛИАЛ АО АКБ \"ГАЗБАНК\"",
        "corrAccount": "30101810145250000864",
        "address": "УЛ БРЯНСКАЯ, 5",
        "city": "Г. МОСКВА",
        "phones": "(495)3639438",
        "country": "4e127564-d74f-4dd9-bced-0327f0f4e061",
        "countryCode": "643",
        "activityDiscontinued": true
    },
    {
        "guid": "9d8e68d6-d82b-11e8-80bb-08002789bf51",
        "archive": false,
        "dateOutputArchive": "0001-01-01T00:00:00Z",
        "thisGroup": false,
        "parent": "78ddabe5-ca67-11e5-826c-605718cb5baa",
        "bic": "044525797",
        "swift": "",
        "name": "Ф ТОЧКА БАНК КИВИ БАНК (АО)",
        "corrAccount": "30101810445250000797",
        "address": "УЛ СПИРИДОНОВКА, 4, СТР 2",
        "city": "Г. МОСКВА",
        "phones": "(495)2313645",
        "country": "4e127564-d74f-4dd9-bced-0327f0f4e061",
        "countryCode": "643",
        "activityDiscontinued": false
    },
    {
        "guid": "9d8e68d7-d82b-11e8-80bb-08002789bf51",
        "archive": false,
        "dateOutputArchive": "0001-01-01T00:00:00Z",
        "thisGroup": false,
        "parent": "78ddac9c-ca67-11e5-826c-605718cb5baa",
        "bic": "040407404",
        "swift": "",
        "name": "ФПАО \"ДАЛЬНЕВОСТОЧНЫЙ БАНК\" \"КРАСНОЯРСКИЙ\"",
        "corrAccount": "30101810850040000404",
        "address": "УЛ МОЛОКОВА, 1, К 4",
        "city": "Г. КРАСНОЯРСК",
        "phones": "(391)2773071",
        "country": "4e127564-d74f-4dd9-bced-0327f0f4e061",
        "countryCode": "643",
        "activityDiscontinued": false
    },
    {
        "guid": "9d8e68d8-d82b-11e8-80bb-08002789bf51",
        "archive": false,
        "dateOutputArchive": "0001-01-01T00:00:00Z",
        "thisGroup": false,
        "parent": "78ddad0a-ca67-11e5-826c-605718cb5baa",
        "bic": "047144778",
        "swift": "",
        "name": "СФ АО БАНК \"СНГБ\"",
        "corrAccount": "30101810165777100778",
        "address": "УЛ ГУБКИНА, 15 А",
        "city": "Г. СУРГУТ",
        "phones": "(3462)398700",
        "country": "4e127564-d74f-4dd9-bced-0327f0f4e061",
        "countryCode": "643",
        "activityDiscontinued": false
    },
    {
        "guid": "9d8e68d9-d82b-11e8-80bb-08002789bf51",
        "archive": false,
        "dateOutputArchive": "0001-01-01T00:00:00Z",
        "thisGroup": false,
        "parent": "78ddabf2-ca67-11e5-826c-605718cb5baa",
        "bic": "043601968",
        "swift": "VTBRRUM2SA3",
        "name": "ФИЛИАЛ № 6318 БАНКА ВТБ (ПАО)",
        "corrAccount": "30101810422023601968",
        "address": "УЛ МОЛОДОГВАРДЕЙСКАЯ, 204",
        "city": "Г. САМАРА",
        "phones": "(846)2696824,2696834",
        "country": "4e127564-d74f-4dd9-bced-0327f0f4e061",
        "countryCode": "643",
        "activityDiscontinued": false
    },
    {
        "guid": "9d8e68da-d82b-11e8-80bb-08002789bf51",
        "archive": false,
        "dateOutputArchive": "0001-01-01T00:00:00Z",
        "thisGroup": false,
        "parent": "78ddabf2-ca67-11e5-826c-605718cb5baa",
        "bic": "043601975",
        "swift": "",
        "name": "ООО \"РУСФИНАНС БАНК\"",
        "corrAccount": "30101810622023601975",
        "address": "УЛ ЧЕРНОРЕЧЕНСКАЯ, 42 А",
        "city": "Г. САМАРА",
        "phones": "(846)2696911,2694411",
        "country": "4e127564-d74f-4dd9-bced-0327f0f4e061",
        "countryCode": "643",
        "activityDiscontinued": false
    },
    {
        "guid": "9d8e68db-d82b-11e8-80bb-08002789bf51",
        "archive": false,
        "dateOutputArchive": "0001-01-01T00:00:00Z",
        "thisGroup": false,
        "parent": "78ddabf7-ca67-11e5-826c-605718cb5baa",
        "bic": "045354880",
        "swift": "",
        "name": "ГК \"АСВ\" - КУ АО \"НСТ-БАНК\"",
        "corrAccount": "30101810265775300880",
        "address": "ВИЛОНОВСКАЯ УЛ, 138",
        "city": "Г. САМАРА",
        "phones": "",
        "country": "4e127564-d74f-4dd9-bced-0327f0f4e061",
        "countryCode": "643",
        "activityDiscontinued": false
    },
    {
        "guid": "9d8e68dc-d82b-11e8-80bb-08002789bf51",
        "archive": false,
        "dateOutputArchive": "0001-01-01T00:00:00Z",
        "thisGroup": false,
        "parent": "78ddabe7-ca67-11e5-826c-605718cb5baa",
        "bic": "040507595",
        "swift": "",
        "name": "АО \"СОЛИД БАНК\"",
        "corrAccount": "30101810205070000595",
        "address": "УЛ АДМИРАЛА ФОКИНА, 25",
        "city": "Г. ВЛАДИВОСТОК",
        "phones": "(423)2265722,(423)2469293",
        "country": "4e127564-d74f-4dd9-bced-0327f0f4e061",
        "countryCode": "643",
        "activityDiscontinued": false
    },
    {
        "guid": "9d8e68dd-d82b-11e8-80bb-08002789bf51",
        "archive": false,
        "dateOutputArchive": "0001-01-01T00:00:00Z",
        "thisGroup": false,
        "parent": "78ddabe1-ca67-11e5-826c-605718cb5baa",
        "bic": "044030830",
        "swift": "",
        "name": "СПБ. Ф. АО БАНК \"НАЦИОНАЛЬНЫЙ СТАНДАРТ\"",
        "corrAccount": "30101810340300000830",
        "address": "УЛ. ЧАЙКОВСКОГО, Д. 39, ЛИТ А",
        "city": "Г. САНКТ-ПЕТЕРБУРГ",
        "phones": "(812)4493155",
        "country": "4e127564-d74f-4dd9-bced-0327f0f4e061",
        "countryCode": "643",
        "activityDiscontinued": false
    },
    {
        "guid": "9d8e68de-d82b-11e8-80bb-08002789bf51",
        "archive": false,
        "dateOutputArchive": "0001-01-01T00:00:00Z",
        "thisGroup": false,
        "parent": "78ddabeb-ca67-11e5-826c-605718cb5baa",
        "bic": "040708735",
        "swift": "",
        "name": "ФИЛИАЛ В Г. ЕССЕНТУКИ АКБ \"ЛАНТА-БАНК\" (АО)",
        "corrAccount": "30101810007080000735",
        "address": "УЛ СОВЕТСКАЯ, 20 Б",
        "city": "Г. ЕССЕНТУКИ",
        "phones": "(87934)54547,54371",
        "country": "4e127564-d74f-4dd9-bced-0327f0f4e061",
        "countryCode": "643",
        "activityDiscontinued": false
    },
    {
        "guid": "9d8e68df-d82b-11e8-80bb-08002789bf51",
        "archive": false,
        "dateOutputArchive": "0001-01-01T00:00:00Z",
        "thisGroup": false,
        "parent": "78ddac72-ca67-11e5-826c-605718cb5baa",
        "bic": "041806745",
        "swift": "",
        "name": "Урюпинский филиал ПАО КБ \"Сельмашбанк\"",
        "corrAccount": "30101810518060000745",
        "address": "УЛ. ШТЕМЕНКО, 47/3",
        "city": "Г. УРЮПИНСК",
        "phones": "",
        "country": "4e127564-d74f-4dd9-bced-0327f0f4e061",
        "countryCode": "643",
        "activityDiscontinued": false
    },
    {
        "guid": "9d8e68e0-d82b-11e8-80bb-08002789bf51",
        "archive": false,
        "dateOutputArchive": "0001-01-01T00:00:00Z",
        "thisGroup": false,
        "parent": "78ddac72-ca67-11e5-826c-605718cb5baa",
        "bic": "041806730",
        "swift": "",
        "name": "Ликвидатор АО КБ \"Михайловский ПЖСБ\"",
        "corrAccount": "30101810918060000730",
        "address": "УЛИЦА ОБОРОНЫ, 44 \"А\"",
        "city": "Г. МИХАЙЛОВКА",
        "phones": "",
        "country": "4e127564-d74f-4dd9-bced-0327f0f4e061",
        "countryCode": "643",
        "activityDiscontinued": false
    },
    {
        "guid": "9d8e68e1-d82b-11e8-80bb-08002789bf51",
        "archive": false,
        "dateOutputArchive": "0001-01-01T00:00:00Z",
        "thisGroup": false,
        "parent": "78ddabe5-ca67-11e5-826c-605718cb5baa",
        "bic": "044525941",
        "swift": "",
        "name": "\"УМ-БАНК\" ООО",
        "corrAccount": "30101810945250000941",
        "address": "УЛ Б. ОРДЫНКА, 59, СТР 2",
        "city": "Г. МОСКВА",
        "phones": "(495)2123020",
        "country": "4e127564-d74f-4dd9-bced-0327f0f4e061",
        "countryCode": "643",
        "activityDiscontinued": false
    },
    {
        "guid": "9d8e68e2-d82b-11e8-80bb-08002789bf51",
        "archive": false,
        "dateOutputArchive": "0001-01-01T00:00:00Z",
        "thisGroup": false,
        "parent": "78ddac72-ca67-11e5-826c-605718cb5baa",
        "bic": "041806717",
        "swift": "",
        "name": "ЮЖНЫЙ ФИЛИАЛ АО БАНК \"НАЦИОНАЛЬНЫЙ СТАНДАРТ\"",
        "corrAccount": "30101810818060000717",
        "address": "УЛ ИМ. ГАГАРИНА, 7",
        "city": "Г. ВОЛГОГРАД",
        "phones": "(8442)995000",
        "country": "4e127564-d74f-4dd9-bced-0327f0f4e061",
        "countryCode": "643",
        "activityDiscontinued": true
    },
    {
        "guid": "78ddabdb-ca67-11e5-826c-605718cb5baa",
        "archive": "",
        "dateOutputArchive": "",
        "thisGroup": true,
        "parent": "00000000-0000-0000-0000-000000000000",
        "bic": "32       ",
        "swift": "",
        "name": "КЕМЕРОВСКАЯ ОБЛАСТЬ",
        "corrAccount": "",
        "address": "",
        "city": "",
        "phones": "",
        "country": "",
        "countryCode": "",
        "activityDiscontinued": ""
    },
    {
        "guid": "a38a1a95-d82b-11e8-80bb-08002789bf51",
        "archive": false,
        "dateOutputArchive": "0001-01-01T00:00:00Z",
        "thisGroup": false,
        "parent": "78ddac17-ca67-11e5-826c-605718cb5baa",
        "bic": "046015846",
        "swift": "",
        "name": "КУ ОАО КБ \"МАКСИМУМ\" - ГК \"АСВ\"",
        "corrAccount": "30101810060150000846",
        "address": "УЛ. ВЫСОЦКОГО, Д.4",
        "city": "Г. МОСКВА",
        "phones": "",
        "country": "4e127564-d74f-4dd9-bced-0327f0f4e061",
        "countryCode": "643",
        "activityDiscontinued": false
    },
    {
        "guid": "a38a1a96-d82b-11e8-80bb-08002789bf51",
        "archive": false,
        "dateOutputArchive": "0001-01-01T00:00:00Z",
        "thisGroup": false,
        "parent": "78ddac14-ca67-11e5-826c-605718cb5baa",
        "bic": "047601205",
        "swift": "",
        "name": "ООО КБ \"ЦЕНТРАЛЬНО-ЕВРОПЕЙСКИЙ БАНК\"",
        "corrAccount": "30101810950040000205",
        "address": "УЛ БАБУШКИНА, 108",
        "city": "Г. ЧИТА",
        "phones": "(3022)211502",
        "country": "4e127564-d74f-4dd9-bced-0327f0f4e061",
        "countryCode": "643",
        "activityDiscontinued": false
    },
    {
        "guid": "78ddabf7-ca67-11e5-826c-605718cb5baa",
        "archive": "",
        "dateOutputArchive": "",
        "thisGroup": true,
        "parent": "00000000-0000-0000-0000-000000000000",
        "bic": "53       ",
        "swift": "",
        "name": "ОРЕНБУРГСКАЯ ОБЛАСТЬ",
        "corrAccount": "",
        "address": "",
        "city": "",
        "phones": "",
        "country": "",
        "countryCode": "",
        "activityDiscontinued": ""
    },
    {
        "guid": "a38a1a97-d82b-11e8-80bb-08002789bf51",
        "archive": false,
        "dateOutputArchive": "0001-01-01T00:00:00Z",
        "thisGroup": false,
        "parent": "78ddac17-ca67-11e5-826c-605718cb5baa",
        "bic": "046015835",
        "swift": "",
        "name": "КУ ООО \"РУССКИЙ НАЦИОНАЛЬНЫЙ БАНК\" - ГК \"АСВ\"",
        "corrAccount": "30101810660150000835",
        "address": "УЛ ВЫСОЦКОГО, 4 ТЕЛ.(495)96125",
        "city": "Г. МОСКВА",
        "phones": "(863)2999413,2999418",
        "country": "4e127564-d74f-4dd9-bced-0327f0f4e061",
        "countryCode": "643",
        "activityDiscontinued": false
    },
    {
        "guid": "a38a1a98-d82b-11e8-80bb-08002789bf51",
        "archive": false,
        "dateOutputArchive": "0001-01-01T00:00:00Z",
        "thisGroup": false,
        "parent": "78ddabe5-ca67-11e5-826c-605718cb5baa",
        "bic": "044525535",
        "swift": "",
        "name": "КУ АБ \"АЛДАНЗОЛОТОБАНК\" АО - ГК \"АСВ\"",
        "corrAccount": "30101810445250000535",
        "address": "УЛ. ВЫСОЦКОГО, Д. 4",
        "city": "Г. МОСКВА",
        "phones": "",
        "country": "4e127564-d74f-4dd9-bced-0327f0f4e061",
        "countryCode": "643",
        "activityDiscontinued": false
    },
    {
        "guid": "a38a1a99-d82b-11e8-80bb-08002789bf51",
        "archive": false,
        "dateOutputArchive": "0001-01-01T00:00:00Z",
        "thisGroup": false,
        "parent": "78ddac21-ca67-11e5-826c-605718cb5baa",
        "bic": "042202812",
        "swift": "",
        "name": "ВЫКСУНСКИЙ Ф-Л ПАО АКБ \"МЕТАЛЛИНВЕСТБАНК\"",
        "corrAccount": "30101810522020000812",
        "address": "ПЛ ОКТЯБРЬСКОЙ РЕВОЛЮЦИИ, 48",
        "city": "Г. ВЫКСА",
        "phones": "(83177)35825,31157",
        "country": "4e127564-d74f-4dd9-bced-0327f0f4e061",
        "countryCode": "643",
        "activityDiscontinued": false
    },
    {
        "guid": "a38a1a9a-d82b-11e8-80bb-08002789bf51",
        "archive": false,
        "dateOutputArchive": "0001-01-01T00:00:00Z",
        "thisGroup": false,
        "parent": "78ddac07-ca67-11e5-826c-605718cb5baa",
        "bic": "045004893",
        "swift": "",
        "name": "НОВОСИБИРСКИЙ Ф-Л НКО \"ИНКАХРАН\"(АО)",
        "corrAccount": "30103810950040000893",
        "address": "УЛ 2-Я СОЮЗА МОЛОДЕЖИ, 31",
        "city": "Г. НОВОСИБИРСК",
        "phones": "(383)2260797,2269768",
        "country": "4e127564-d74f-4dd9-bced-0327f0f4e061",
        "countryCode": "643",
        "activityDiscontinued": false
    },
    {
        "guid": "a38a1a9b-d82b-11e8-80bb-08002789bf51",
        "archive": false,
        "dateOutputArchive": "0001-01-01T00:00:00Z",
        "thisGroup": false,
        "parent": "78ddac07-ca67-11e5-826c-605718cb5baa",
        "bic": "045004883",
        "swift": "",
        "name": "СИБИРСКИЙ ФИЛИАЛ АО \"БАНК ИНТЕЗА\"",
        "corrAccount": "30101810250040000883",
        "address": "УЛ ОКТЯБРЬСКАЯ, 49",
        "city": "Г. НОВОСИБИРСК",
        "phones": "(383)2278193",
        "country": "4e127564-d74f-4dd9-bced-0327f0f4e061",
        "countryCode": "643",
        "activityDiscontinued": false
    },
    {
        "guid": "a38a1a9c-d82b-11e8-80bb-08002789bf51",
        "archive": false,
        "dateOutputArchive": "0001-01-01T00:00:00Z",
        "thisGroup": false,
        "parent": "78ddac07-ca67-11e5-826c-605718cb5baa",
        "bic": "045004876",
        "swift": "",
        "name": "НОВОСИБИРСКИЙ ФИЛИАЛ ПАО \"МТС-БАНК\"",
        "corrAccount": "30101810050040000876",
        "address": "УЛ. НИЖЕГОРОДСКАЯ, 4",
        "city": "Г. НОВОСИБИРСК",
        "phones": "(383)3251781",
        "country": "4e127564-d74f-4dd9-bced-0327f0f4e061",
        "countryCode": "643",
        "activityDiscontinued": false
    },
    {
        "guid": "a38a1a9d-d82b-11e8-80bb-08002789bf51",
        "archive": false,
        "dateOutputArchive": "0001-01-01T00:00:00Z",
        "thisGroup": false,
        "parent": "78ddac07-ca67-11e5-826c-605718cb5baa",
        "bic": "045004861",
        "swift": "",
        "name": "ФИЛИАЛ ООО \"ЭКСПОБАНК\" В Г.НОВОСИБИРСКЕ",
        "corrAccount": "30101810450040000861",
        "address": "КРАСНЫЙ ПР-Т, 25",
        "city": "Г. НОВОСИБИРСК",
        "phones": "(383)2105207",
        "country": "4e127564-d74f-4dd9-bced-0327f0f4e061",
        "countryCode": "643",
        "activityDiscontinued": false
    },
    {
        "guid": "a38a1a9e-d82b-11e8-80bb-08002789bf51",
        "archive": false,
        "dateOutputArchive": "0001-01-01T00:00:00Z",
        "thisGroup": false,
        "parent": "78ddac07-ca67-11e5-826c-605718cb5baa",
        "bic": "045004864",
        "swift": "",
        "name": "СИБИРСКИЙ ФИЛИАЛ АО КБ \"МОДУЛЬБАНК\"",
        "corrAccount": "30101810350040000864",
        "address": "УЛ ПЛАНЕТНАЯ, 30",
        "city": "Г. НОВОСИБИРСК",
        "phones": "(383)3250606,3251575",
        "country": "4e127564-d74f-4dd9-bced-0327f0f4e061",
        "countryCode": "643",
        "activityDiscontinued": false
    },
    {
        "guid": "a38a1a9f-d82b-11e8-80bb-08002789bf51",
        "archive": false,
        "dateOutputArchive": "0001-01-01T00:00:00Z",
        "thisGroup": false,
        "parent": "78ddabf2-ca67-11e5-826c-605718cb5baa",
        "bic": "043601875",
        "swift": "",
        "name": "САМАРСКИЙ ФИЛИАЛ ТКБ БАНК ПАО",
        "corrAccount": "30101810722023601875",
        "address": "УЛ СТАРА ЗАГОРА, 52",
        "city": "Г. САМАРА",
        "phones": "(846)9338233,2280135",
        "country": "4e127564-d74f-4dd9-bced-0327f0f4e061",
        "countryCode": "643",
        "activityDiscontinued": false
    },
    {
        "guid": "a38a1aa0-d82b-11e8-80bb-08002789bf51",
        "archive": false,
        "dateOutputArchive": "0001-01-01T00:00:00Z",
        "thisGroup": false,
        "parent": "78ddabf2-ca67-11e5-826c-605718cb5baa",
        "bic": "043601845",
        "swift": "",
        "name": "САМАРСКИЙ ФИЛИАЛ БАНКА СОЮЗ (АО)",
        "corrAccount": "30101810422023601845",
        "address": "УЛ КРАСНОАРМЕЙСКАЯ, 75",
        "city": "Г. САМАРА",
        "phones": "(846)2311251,2311259",
        "country": "4e127564-d74f-4dd9-bced-0327f0f4e061",
        "countryCode": "643",
        "activityDiscontinued": false
    },
    {
        "guid": "a38a1aa1-d82b-11e8-80bb-08002789bf51",
        "archive": false,
        "dateOutputArchive": "0001-01-01T00:00:00Z",
        "thisGroup": false,
        "parent": "78ddabf2-ca67-11e5-826c-605718cb5baa",
        "bic": "043601842",
        "swift": "",
        "name": "АО КБ \"НИБ\"",
        "corrAccount": "30101810522023601842",
        "address": "УЛ ФРУНЗЕ, 102",
        "city": "Г. САМАРА",
        "phones": "(846)3425750,3425751",
        "country": "4e127564-d74f-4dd9-bced-0327f0f4e061",
        "countryCode": "643",
        "activityDiscontinued": false
    },
    {
        "guid": "a38a1aa2-d82b-11e8-80bb-08002789bf51",
        "archive": false,
        "dateOutputArchive": "0001-01-01T00:00:00Z",
        "thisGroup": false,
        "parent": "78ddac2f-ca67-11e5-826c-605718cb5baa",
        "bic": "040813708",
        "swift": "",
        "name": "ХАБАРОВСКИЙ ФИЛИАЛ ТКБ БАНК ПАО",
        "corrAccount": "30101810108130000708",
        "address": "УЛ КОМСОМОЛЬСКАЯ, 102",
        "city": "Г. ХАБАРОВСК",
        "phones": "(4212)910702",
        "country": "4e127564-d74f-4dd9-bced-0327f0f4e061",
        "countryCode": "643",
        "activityDiscontinued": false
    },
    {
        "guid": "78ddac1c-ca67-11e5-826c-605718cb5baa",
        "archive": false,
        "dateOutputArchive": "0001-01-01T00:00:00Z",
        "thisGroup": false,
        "parent": "78ddabe5-ca67-11e5-826c-605718cb5baa",
        "bic": "044525150",
        "swift": "",
        "name": "ФИЛИАЛ \"МОСКОВСКИЙ\" АО \"ФИА-БАНК\"",
        "corrAccount": "30101810545250000150",
        "address": "",
        "city": "Г. МОСКВА",
        "phones": "",
        "country": "00000000-0000-0000-0000-000000000000",
        "countryCode": "",
        "activityDiscontinued": true
    },
    {
        "guid": "a38a1aa3-d82b-11e8-80bb-08002789bf51",
        "archive": false,
        "dateOutputArchive": "0001-01-01T00:00:00Z",
        "thisGroup": false,
        "parent": "78ddac2f-ca67-11e5-826c-605718cb5baa",
        "bic": "040813713",
        "swift": "VTBRRUM2KH3",
        "name": "ФИЛИАЛ № 2754 БАНКА ВТБ (ПАО)",
        "corrAccount": "30101810708130000713",
        "address": "УЛ МУРАВЬЁВА-АМУРСКОГО, 18",
        "city": "Г. ХАБАРОВСК",
        "phones": "(4212)455455",
        "country": "4e127564-d74f-4dd9-bced-0327f0f4e061",
        "countryCode": "643",
        "activityDiscontinued": false
    },
    {
        "guid": "a38a1aa4-d82b-11e8-80bb-08002789bf51",
        "archive": false,
        "dateOutputArchive": "0001-01-01T00:00:00Z",
        "thisGroup": false,
        "parent": "78ddac09-ca67-11e5-826c-605718cb5baa",
        "bic": "046577501",
        "swift": "VTBRRUM2EK3",
        "name": "ФИЛИАЛ № 6602 БАНКА ВТБ (ПАО)",
        "corrAccount": "30101810165770000501",
        "address": "ПР-Т ЛЕНИНА, 27",
        "city": "Г. ЕКАТЕРИНБУРГ",
        "phones": "(343)3862400",
        "country": "4e127564-d74f-4dd9-bced-0327f0f4e061",
        "countryCode": "643",
        "activityDiscontinued": false
    },
    {
        "guid": "a38a1aa5-d82b-11e8-80bb-08002789bf51",
        "archive": false,
        "dateOutputArchive": "0001-01-01T00:00:00Z",
        "thisGroup": false,
        "parent": "78ddac09-ca67-11e5-826c-605718cb5baa",
        "bic": "046577507",
        "swift": "",
        "name": "ЕКАТЕРИНБУРГСКИЙ ФИЛИАЛ АБ \"РОССИЯ\"",
        "corrAccount": "30101810965770000507",
        "address": "УЛ МАМИНА-СИБИРЯКА, 145",
        "city": "Г. ЕКАТЕРИНБУРГ",
        "phones": "(343)2863760",
        "country": "4e127564-d74f-4dd9-bced-0327f0f4e061",
        "countryCode": "643",
        "activityDiscontinued": false
    },
    {
        "guid": "a38a1aa6-d82b-11e8-80bb-08002789bf51",
        "archive": false,
        "dateOutputArchive": "0001-01-01T00:00:00Z",
        "thisGroup": false,
        "parent": "78ddabf2-ca67-11e5-826c-605718cb5baa",
        "bic": "043601811",
        "swift": "",
        "name": "ООО \"ЗЕМСКИЙ БАНК\"",
        "corrAccount": "30101810922023601811",
        "address": "УЛ УЛЬЯНОВСКАЯ, 79",
        "city": "Г. СЫЗРАНЬ",
        "phones": "(8464)985454",
        "country": "4e127564-d74f-4dd9-bced-0327f0f4e061",
        "countryCode": "643",
        "activityDiscontinued": false
    },
    {
        "guid": "a38a1aa7-d82b-11e8-80bb-08002789bf51",
        "archive": false,
        "dateOutputArchive": "0001-01-01T00:00:00Z",
        "thisGroup": false,
        "parent": "78ddabfd-ca67-11e5-826c-605718cb5baa",
        "bic": "046311890",
        "swift": "",
        "name": "АО \"БАЛАКОВО-БАНК\"",
        "corrAccount": "30101810022026311890",
        "address": "УЛ ФАКЕЛ СОЦИАЛИЗМА, 21",
        "city": "Г. БАЛАКОВО",
        "phones": "(8453)444166,447007",
        "country": "4e127564-d74f-4dd9-bced-0327f0f4e061",
        "countryCode": "643",
        "activityDiscontinued": false
    },
    {
        "guid": "a38a1aa8-d82b-11e8-80bb-08002789bf51",
        "archive": false,
        "dateOutputArchive": "0001-01-01T00:00:00Z",
        "thisGroup": false,
        "parent": "78ddabe5-ca67-11e5-826c-605718cb5baa",
        "bic": "044525641",
        "swift": "",
        "name": "ФИЛИАЛ 1 ООО КБ \"ЦЕНТРАЛЬНО-ЕВРОПЕЙСКИЙ БАНК\"",
        "corrAccount": "30101810245250000641",
        "address": "ПРОЕКТ-Й 4062Й ПР-Д, 6, СТР 16",
        "city": "Г. МОСКВА",
        "phones": "(495)6625665",
        "country": "4e127564-d74f-4dd9-bced-0327f0f4e061",
        "countryCode": "643",
        "activityDiscontinued": false
    },
    {
        "guid": "a38a1aa9-d82b-11e8-80bb-08002789bf51",
        "archive": false,
        "dateOutputArchive": "0001-01-01T00:00:00Z",
        "thisGroup": false,
        "parent": "78ddac17-ca67-11e5-826c-605718cb5baa",
        "bic": "046015946",
        "swift": "",
        "name": "ПАО \"ТАГАНРОГБАНК\"",
        "corrAccount": "30101810960150000946",
        "address": "УЛ. ГРЕЧЕСКАЯ, 71 ТЕЛ.(8634)31",
        "city": "Г. ТАГАНРОГ",
        "phones": "",
        "country": "4e127564-d74f-4dd9-bced-0327f0f4e061",
        "countryCode": "643",
        "activityDiscontinued": false
    },
    {
        "guid": "a38a1aaa-d82b-11e8-80bb-08002789bf51",
        "archive": false,
        "dateOutputArchive": "0001-01-01T00:00:00Z",
        "thisGroup": false,
        "parent": "78ddabe5-ca67-11e5-826c-605718cb5baa",
        "bic": "044525646",
        "swift": "",
        "name": "НКО НКЦ (АО)",
        "corrAccount": "30103810345250000646",
        "address": "Б. КИСЛОВСКИЙ ПЕР, 13",
        "city": "Г. МОСКВА",
        "phones": "(495)7829794",
        "country": "4e127564-d74f-4dd9-bced-0327f0f4e061",
        "countryCode": "643",
        "activityDiscontinued": false
    },
    {
        "guid": "a38a1aab-d82b-11e8-80bb-08002789bf51",
        "archive": false,
        "dateOutputArchive": "0001-01-01T00:00:00Z",
        "thisGroup": false,
        "parent": "78ddac07-ca67-11e5-826c-605718cb5baa",
        "bic": "045004841",
        "swift": "",
        "name": "НОВОСИБИРСКИЙ ФИЛИАЛ ТКБ БАНК ПАО",
        "corrAccount": "30101810250040000841",
        "address": "УЛ КОММУНИСТИЧЕСКАЯ, 35",
        "city": "Г. НОВОСИБИРСК",
        "phones": "(383)3252500,3252660",
        "country": "4e127564-d74f-4dd9-bced-0327f0f4e061",
        "countryCode": "643",
        "activityDiscontinued": false
    },
    {
        "guid": "a38a1aac-d82b-11e8-80bb-08002789bf51",
        "archive": false,
        "dateOutputArchive": "0001-01-01T00:00:00Z",
        "thisGroup": false,
        "parent": "78ddac07-ca67-11e5-826c-605718cb5baa",
        "bic": "045004846",
        "swift": "",
        "name": "Ф-Л \"НОВОСИБИРСК\" АКБ \"РОСЕВРОБАНК\" (АО)",
        "corrAccount": "30101810750040000846",
        "address": "УЛ ФРУНЗЕ, 5",
        "city": "Г. НОВОСИБИРСК",
        "phones": "(383)2020750",
        "country": "4e127564-d74f-4dd9-bced-0327f0f4e061",
        "countryCode": "643",
        "activityDiscontinued": false
    },
    {
        "guid": "a38a1aad-d82b-11e8-80bb-08002789bf51",
        "archive": false,
        "dateOutputArchive": "0001-01-01T00:00:00Z",
        "thisGroup": false,
        "parent": "78ddac07-ca67-11e5-826c-605718cb5baa",
        "bic": "045004845",
        "swift": "",
        "name": "ФИЛИАЛ \"НОВОСИБИРСКИЙ\" ПАО КБ \"УБРИР\"",
        "corrAccount": "30101810450040000845",
        "address": "УЛ ВОКЗАЛЬНАЯ МАГИСТРАЛЬ, 1",
        "city": "Г. НОВОСИБИРСК",
        "phones": "(383)2201141,2201181",
        "country": "4e127564-d74f-4dd9-bced-0327f0f4e061",
        "countryCode": "643",
        "activityDiscontinued": false
    },
    {
        "guid": "a38a1aae-d82b-11e8-80bb-08002789bf51",
        "archive": false,
        "dateOutputArchive": "0001-01-01T00:00:00Z",
        "thisGroup": false,
        "parent": "78ddac07-ca67-11e5-826c-605718cb5baa",
        "bic": "045004833",
        "swift": "",
        "name": "НОВОСИБИРСКИЙ ФИЛИАЛ ООО \"БАНК БКФ\"",
        "corrAccount": "30101810750040000833",
        "address": "ПР-Т ДИМИТРОВА, 4/1",
        "city": "Г. НОВОСИБИРСК",
        "phones": "(383)3191118,3191116",
        "country": "4e127564-d74f-4dd9-bced-0327f0f4e061",
        "countryCode": "643",
        "activityDiscontinued": false
    },
    {
        "guid": "aaaf21b4-d82b-11e8-80bb-08002789bf51",
        "archive": false,
        "dateOutputArchive": "0001-01-01T00:00:00Z",
        "thisGroup": false,
        "parent": "78ddac07-ca67-11e5-826c-605718cb5baa",
        "bic": "045004818",
        "swift": "",
        "name": "НОВОСИБИРСКИЙ ФИЛИАЛ АО ЮНИКРЕДИТ БАНКА",
        "corrAccount": "30101810050040000818",
        "address": "УЛ МАКСИМА ГОРЬКОГО, 53",
        "city": "Г. НОВОСИБИРСК",
        "phones": "(383)2300163",
        "country": "4e127564-d74f-4dd9-bced-0327f0f4e061",
        "countryCode": "643",
        "activityDiscontinued": false
    },
    {
        "guid": "aaaf21b5-d82b-11e8-80bb-08002789bf51",
        "archive": false,
        "dateOutputArchive": "0001-01-01T00:00:00Z",
        "thisGroup": false,
        "parent": "78ddabeb-ca67-11e5-826c-605718cb5baa",
        "bic": "040715725",
        "swift": "",
        "name": "ООО \"РУСБС\"",
        "corrAccount": "30101810107150000725",
        "address": "УЛ ГАГАРИНА, 148",
        "city": "СТ-ЦА ЕССЕНТУКСКАЯ",
        "phones": "(87961)51171,24177,50987",
        "country": "4e127564-d74f-4dd9-bced-0327f0f4e061",
        "countryCode": "643",
        "activityDiscontinued": false
    },
    {
        "guid": "aaaf21b6-d82b-11e8-80bb-08002789bf51",
        "archive": false,
        "dateOutputArchive": "0001-01-01T00:00:00Z",
        "thisGroup": false,
        "parent": "78ddac0f-ca67-11e5-826c-605718cb5baa",
        "bic": "040349789",
        "swift": "",
        "name": "ООО КБ \"ГТ БАНК\"",
        "corrAccount": "30101810303490000789",
        "address": "УЛ СЕВЕРНАЯ, 321",
        "city": "Г. КРАСНОДАР",
        "phones": "(861)2790305,2791744",
        "country": "4e127564-d74f-4dd9-bced-0327f0f4e061",
        "countryCode": "643",
        "activityDiscontinued": false
    },
    {
        "guid": "aaaf21b7-d82b-11e8-80bb-08002789bf51",
        "archive": false,
        "dateOutputArchive": "0001-01-01T00:00:00Z",
        "thisGroup": false,
        "parent": "78ddac00-ca67-11e5-826c-605718cb5baa",
        "bic": "048209848",
        "swift": "",
        "name": "КУ ООО КБ \"ПРЕСТИЖКРЕДИТБАНК\" ГК \"АСВ\"",
        "corrAccount": "30101810282090000848",
        "address": "УЛ КАММАЕВА, 19, К \"Ж\"",
        "city": "Г. МАХАЧКАЛА",
        "phones": "(8722)561920,561921",
        "country": "4e127564-d74f-4dd9-bced-0327f0f4e061",
        "countryCode": "643",
        "activityDiscontinued": false
    },
    {
        "guid": "aaaf21b8-d82b-11e8-80bb-08002789bf51",
        "archive": false,
        "dateOutputArchive": "0001-01-01T00:00:00Z",
        "thisGroup": false,
        "parent": "78ddac98-ca67-11e5-826c-605718cb5baa",
        "bic": "041117785",
        "swift": "",
        "name": "Ф-л \"Космодром-Плесецк\" АО \"ФОНДСЕРВИСБАНК\"",
        "corrAccount": "30101810540300011785",
        "address": "УЛ. ПУШКИНА, Д. 3",
        "city": "Г. МИРНЫЙ",
        "phones": "",
        "country": "4e127564-d74f-4dd9-bced-0327f0f4e061",
        "countryCode": "643",
        "activityDiscontinued": false
    },
    {
        "guid": "aaaf21b9-d82b-11e8-80bb-08002789bf51",
        "archive": false,
        "dateOutputArchive": "0001-01-01T00:00:00Z",
        "thisGroup": false,
        "parent": "78ddac34-ca67-11e5-826c-605718cb5baa",
        "bic": "046489002",
        "swift": "",
        "name": "ПУ БАНКА РОССИИ ОХОТСКОЕ",
        "corrAccount": "",
        "address": "УЛ ГНЕЧКО, 1",
        "city": "ПГТ ЮЖНО-КУРИЛЬСК",
        "phones": "",
        "country": "4e127564-d74f-4dd9-bced-0327f0f4e061",
        "countryCode": "643",
        "activityDiscontinued": false
    },
    {
        "guid": "78ddac57-ca67-11e5-826c-605718cb5baa",
        "archive": "",
        "dateOutputArchive": "",
        "thisGroup": true,
        "parent": "00000000-0000-0000-0000-000000000000",
        "bic": "27       ",
        "swift": "",
        "name": "КАЛИНИНГРАДСКАЯ ОБЛАСТЬ",
        "corrAccount": "",
        "address": "",
        "city": "",
        "phones": "",
        "country": "",
        "countryCode": "",
        "activityDiscontinued": ""
    },
    {
        "guid": "aaaf21ba-d82b-11e8-80bb-08002789bf51",
        "archive": false,
        "dateOutputArchive": "0001-01-01T00:00:00Z",
        "thisGroup": false,
        "parent": "78ddabfd-ca67-11e5-826c-605718cb5baa",
        "bic": "046311926",
        "swift": "",
        "name": "АО РНКО \"СИНЕРГИЯ\"",
        "corrAccount": "30103810622026311926",
        "address": "Г. САРАТОВ, УЛ. РАБОЧАЯ, 27",
        "city": "Г. САРАТОВ",
        "phones": "",
        "country": "4e127564-d74f-4dd9-bced-0327f0f4e061",
        "countryCode": "643",
        "activityDiscontinued": false
    },
    {
        "guid": "aaaf21bb-d82b-11e8-80bb-08002789bf51",
        "archive": false,
        "dateOutputArchive": "0001-01-01T00:00:00Z",
        "thisGroup": false,
        "parent": "78ddac0f-ca67-11e5-826c-605718cb5baa",
        "bic": "040349744",
        "swift": "",
        "name": "КРАСНОДАРСКИЙ ФИЛИАЛ ПАО РОСБАНК",
        "corrAccount": "30101810403490000744",
        "address": "УЛ ОЛИМПИЙСКАЯ, 8",
        "city": "Г. КРАСНОДАР",
        "phones": "(861)2739730,2739731",
        "country": "4e127564-d74f-4dd9-bced-0327f0f4e061",
        "countryCode": "643",
        "activityDiscontinued": false
    },
    {
        "guid": "aaaf21bc-d82b-11e8-80bb-08002789bf51",
        "archive": false,
        "dateOutputArchive": "0001-01-01T00:00:00Z",
        "thisGroup": false,
        "parent": "78ddac07-ca67-11e5-826c-605718cb5baa",
        "bic": "045004796",
        "swift": "",
        "name": "ФИЛИАЛ \"НОВОСИБИРСК\" КБ \"ЛОКО-БАНК\" (АО)",
        "corrAccount": "30101810350040000796",
        "address": "УЛ ЛЕНИНА, 52",
        "city": "Г. НОВОСИБИРСК",
        "phones": "(383)2380740,2380750",
        "country": "4e127564-d74f-4dd9-bced-0327f0f4e061",
        "countryCode": "643",
        "activityDiscontinued": false
    },
    {
        "guid": "aaaf21bd-d82b-11e8-80bb-08002789bf51",
        "archive": false,
        "dateOutputArchive": "0001-01-01T00:00:00Z",
        "thisGroup": false,
        "parent": "78ddac17-ca67-11e5-826c-605718cb5baa",
        "bic": "046015080",
        "swift": "",
        "name": "РОСТОВСКИЙ ФИЛИАЛ ПАО \"РГС БАНК\"",
        "corrAccount": "30101810460150000080",
        "address": "УЛ ГОРОДА ВОЛОС, 11/81-83/34",
        "city": "Г. РОСТОВ-НА-ДОНУ",
        "phones": "(863)2370660",
        "country": "4e127564-d74f-4dd9-bced-0327f0f4e061",
        "countryCode": "643",
        "activityDiscontinued": false
    },
    {
        "guid": "aaaf21be-d82b-11e8-80bb-08002789bf51",
        "archive": false,
        "dateOutputArchive": "0001-01-01T00:00:00Z",
        "thisGroup": false,
        "parent": "78ddac07-ca67-11e5-826c-605718cb5baa",
        "bic": "045004785",
        "swift": "",
        "name": "НОВОСИБИРСКИЙ Ф-Л ПАО АКБ \"МЕТАЛЛИНВЕСТБАНК\"",
        "corrAccount": "30101810950040000785",
        "address": "УЛ СОВЕТСКАЯ, 8",
        "city": "Г. НОВОСИБИРСК",
        "phones": "(383)2091447,2091446",
        "country": "4e127564-d74f-4dd9-bced-0327f0f4e061",
        "countryCode": "643",
        "activityDiscontinued": false
    },
    {
        "guid": "aaaf21bf-d82b-11e8-80bb-08002789bf51",
        "archive": false,
        "dateOutputArchive": "0001-01-01T00:00:00Z",
        "thisGroup": false,
        "parent": "78ddac17-ca67-11e5-826c-605718cb5baa",
        "bic": "046015081",
        "swift": "",
        "name": "РОСТОВСКИЙ ФИЛИАЛ АО ЮНИКРЕДИТ БАНКА",
        "corrAccount": "30101810760150000081",
        "address": "УЛ СОЦИАЛИСТИЧЕСКАЯ, 58/51",
        "city": "Г. РОСТОВ-НА-ДОНУ",
        "phones": "(863)2630900,2630906",
        "country": "4e127564-d74f-4dd9-bced-0327f0f4e061",
        "countryCode": "643",
        "activityDiscontinued": false
    },
    {
        "guid": "aaaf21c0-d82b-11e8-80bb-08002789bf51",
        "archive": false,
        "dateOutputArchive": "0001-01-01T00:00:00Z",
        "thisGroup": false,
        "parent": "78ddac07-ca67-11e5-826c-605718cb5baa",
        "bic": "045004789",
        "swift": "",
        "name": "ФИЛИАЛ БАНКА МБСП (АО) В НОВОСИБИРСКЕ",
        "corrAccount": "30101810150040000789",
        "address": "ПР-Т ДИМИТРОВА, 12",
        "city": "Г. НОВОСИБИРСК",
        "phones": "(383)3734340,3734341",
        "country": "4e127564-d74f-4dd9-bced-0327f0f4e061",
        "countryCode": "643",
        "activityDiscontinued": false
    },
    {
        "guid": "aaaf21c1-d82b-11e8-80bb-08002789bf51",
        "archive": false,
        "dateOutputArchive": "0001-01-01T00:00:00Z",
        "thisGroup": false,
        "parent": "78ddac17-ca67-11e5-826c-605718cb5baa",
        "bic": "046015088",
        "swift": "SJSCRUMMRND",
        "name": "ФИЛИАЛ \"СДМ-БАНК\" (ПАО) В Г. РОСТОВ-НА-ДОНУ",
        "corrAccount": "30101810860150000088",
        "address": "УЛ КАТАЕВА, 293",
        "city": "Г. РОСТОВ-НА-ДОНУ",
        "phones": "(863)2197712,2197714",
        "country": "4e127564-d74f-4dd9-bced-0327f0f4e061",
        "countryCode": "643",
        "activityDiscontinued": false
    },
    {
        "guid": "aaaf21c2-d82b-11e8-80bb-08002789bf51",
        "archive": false,
        "dateOutputArchive": "0001-01-01T00:00:00Z",
        "thisGroup": false,
        "parent": "78ddac07-ca67-11e5-826c-605718cb5baa",
        "bic": "045004778",
        "swift": "",
        "name": "ФИЛИАЛ БАНКА \"ВБРР\" (АО) В Г.НОВОСИБИРСКЕ",
        "corrAccount": "30101810750040000778",
        "address": "УЛ СИБРЕВКОМА, 2",
        "city": "Г. НОВОСИБИРСК",
        "phones": "(383)2302201",
        "country": "4e127564-d74f-4dd9-bced-0327f0f4e061",
        "countryCode": "643",
        "activityDiscontinued": false
    },
    {
        "guid": "aaaf21c3-d82b-11e8-80bb-08002789bf51",
        "archive": false,
        "dateOutputArchive": "0001-01-01T00:00:00Z",
        "thisGroup": false,
        "parent": "78ddac0f-ca67-11e5-826c-605718cb5baa",
        "bic": "040349758",
        "swift": "VTBRRUM2KD3",
        "name": "ФИЛИАЛ № 2351 БАНКА ВТБ (ПАО)",
        "corrAccount": "30101810703490000758",
        "address": "УЛ ИМ. ГОГОЛЯ, 68",
        "city": "Г. КРАСНОДАР",
        "phones": "(861)2126424,2125627",
        "country": "4e127564-d74f-4dd9-bced-0327f0f4e061",
        "countryCode": "643",
        "activityDiscontinued": false
    },
    {
        "guid": "aaaf21c4-d82b-11e8-80bb-08002789bf51",
        "archive": false,
        "dateOutputArchive": "0001-01-01T00:00:00Z",
        "thisGroup": false,
        "parent": "78ddac17-ca67-11e5-826c-605718cb5baa",
        "bic": "046015094",
        "swift": "",
        "name": "НОВОЧЕРКАССКИЙ ФИЛИАЛ АО \"ФОНДСЕРВИСБАНК\"",
        "corrAccount": "30101810760150000094",
        "address": "ПЛАТОВСКИЙ ПР-Т, 59 Б",
        "city": "Г. НОВОЧЕРКАССК",
        "phones": "(8635)240550",
        "country": "4e127564-d74f-4dd9-bced-0327f0f4e061",
        "countryCode": "643",
        "activityDiscontinued": false
    },
    {
        "guid": "aaaf21c5-d82b-11e8-80bb-08002789bf51",
        "archive": false,
        "dateOutputArchive": "0001-01-01T00:00:00Z",
        "thisGroup": false,
        "parent": "78ddac17-ca67-11e5-826c-605718cb5baa",
        "bic": "046015068",
        "swift": "",
        "name": "ДОНСКОЙ ФИЛИАЛ АО КБ \"СИТИБАНК\"",
        "corrAccount": "30101810660150000068",
        "address": "УЛ Б. САДОВАЯ, 124",
        "city": "Г. РОСТОВ-НА-ДОНУ",
        "phones": "(863)2040043,2040002",
        "country": "4e127564-d74f-4dd9-bced-0327f0f4e061",
        "countryCode": "643",
        "activityDiscontinued": false
    },
    {
        "guid": "aaaf21c6-d82b-11e8-80bb-08002789bf51",
        "archive": false,
        "dateOutputArchive": "0001-01-01T00:00:00Z",
        "thisGroup": false,
        "parent": "78ddac07-ca67-11e5-826c-605718cb5baa",
        "bic": "045004763",
        "swift": "",
        "name": "ФИЛИАЛ \"ЦЕНТРАЛЬНЫЙ\" ПАО \"СОВКОМБАНК\"",
        "corrAccount": "30101810150040000763",
        "address": "УЛ ПОПОВА, 11",
        "city": "Г. БЕРДСК",
        "phones": "(383)3340606",
        "country": "4e127564-d74f-4dd9-bced-0327f0f4e061",
        "countryCode": "643",
        "activityDiscontinued": false
    },
    {
        "guid": "aaaf21c7-d82b-11e8-80bb-08002789bf51",
        "archive": false,
        "dateOutputArchive": "0001-01-01T00:00:00Z",
        "thisGroup": false,
        "parent": "78ddac17-ca67-11e5-826c-605718cb5baa",
        "bic": "046015066",
        "swift": "",
        "name": "Ф-Л АО АКБ \"НОВИКОМБАНК\" В Г.РОСТОВЕ-НА-ДОНУ",
        "corrAccount": "30101810060150000066",
        "address": "УЛ КРАСНОАРМЕЙСКАЯ, 170/84",
        "city": "Г. РОСТОВ-НА-ДОНУ",
        "phones": "(863)2017777",
        "country": "4e127564-d74f-4dd9-bced-0327f0f4e061",
        "countryCode": "643",
        "activityDiscontinued": false
    },
    {
        "guid": "78ddabe0-ca67-11e5-826c-605718cb5baa",
        "archive": false,
        "dateOutputArchive": "0001-01-01T00:00:00Z",
        "thisGroup": false,
        "parent": "78ddabdf-ca67-11e5-826c-605718cb5baa",
        "bic": "049246920",
        "swift": "",
        "name": "НИЖНЕКАМСКИЙ ФАБ \"ДЕВОН-КРЕДИТ\" (ПАО)",
        "corrAccount": "30101810700000000920",
        "address": "",
        "city": "Г. НИЖНЕКАМСК",
        "phones": "",
        "country": "00000000-0000-0000-0000-000000000000",
        "countryCode": "",
        "activityDiscontinued": true
    },
    {
        "guid": "aaaf21c8-d82b-11e8-80bb-08002789bf51",
        "archive": false,
        "dateOutputArchive": "0001-01-01T00:00:00Z",
        "thisGroup": false,
        "parent": "78ddac17-ca67-11e5-826c-605718cb5baa",
        "bic": "046015064",
        "swift": "",
        "name": "ЮЖНЫЙ ФИЛИАЛ АО \"БАНК ИНТЕЗА\"",
        "corrAccount": "30101810460150000064",
        "address": "ВОРОШИЛОВСКИЙ ПР-Т, 48",
        "city": "Г. РОСТОВ-НА-ДОНУ",
        "phones": "(863)2318377,2318388",
        "country": "4e127564-d74f-4dd9-bced-0327f0f4e061",
        "countryCode": "643",
        "activityDiscontinued": false
    },
    {
        "guid": "aaaf21c9-d82b-11e8-80bb-08002789bf51",
        "archive": false,
        "dateOutputArchive": "0001-01-01T00:00:00Z",
        "thisGroup": false,
        "parent": "78ddac17-ca67-11e5-826c-605718cb5baa",
        "bic": "046015065",
        "swift": "JSNMRUMMRND",
        "name": "РОСТОВСКИЙ ФИЛИАЛ ПАО БАНКА \"ФК ОТКРЫТИЕ\"",
        "corrAccount": "30101810760150000065",
        "address": "УЛ ТЕКУЧЕВА, 234",
        "city": "Г. РОСТОВ-НА-ДОНУ",
        "phones": "(863)2009099",
        "country": "4e127564-d74f-4dd9-bced-0327f0f4e061",
        "countryCode": "643",
        "activityDiscontinued": true
    },
    {
        "guid": "aaaf21ca-d82b-11e8-80bb-08002789bf51",
        "archive": false,
        "dateOutputArchive": "0001-01-01T00:00:00Z",
        "thisGroup": false,
        "parent": "78ddac17-ca67-11e5-826c-605718cb5baa",
        "bic": "046015060",
        "swift": "",
        "name": "ФИЛИАЛ АО \"ГЕНБАНК\" В Г.РОСТОВ-НА-ДОНУ",
        "corrAccount": "30101810260150000060",
        "address": "УЛ ПУШКИНСКАЯ, 94",
        "city": "Г. РОСТОВ-НА-ДОНУ",
        "phones": "(863)2999333",
        "country": "4e127564-d74f-4dd9-bced-0327f0f4e061",
        "countryCode": "643",
        "activityDiscontinued": false
    },
    {
        "guid": "aaaf21cb-d82b-11e8-80bb-08002789bf51",
        "archive": false,
        "dateOutputArchive": "0001-01-01T00:00:00Z",
        "thisGroup": false,
        "parent": "78ddac17-ca67-11e5-826c-605718cb5baa",
        "bic": "046015061",
        "swift": "",
        "name": "ФИЛИАЛ ЮЖНЫЙ ПАО БАНКА \"ФК ОТКРЫТИЕ\"",
        "corrAccount": "30101810560150000061",
        "address": "УЛ ГОРОДА ВОЛОС, 112/130",
        "city": "Г. РОСТОВ-НА-ДОНУ",
        "phones": "(863)2688901",
        "country": "4e127564-d74f-4dd9-bced-0327f0f4e061",
        "countryCode": "643",
        "activityDiscontinued": false
    },
    {
        "guid": "aaaf21cc-d82b-11e8-80bb-08002789bf51",
        "archive": false,
        "dateOutputArchive": "0001-01-01T00:00:00Z",
        "thisGroup": false,
        "parent": "78ddabe7-ca67-11e5-826c-605718cb5baa",
        "bic": "040507750",
        "swift": "",
        "name": "АО \"РОЯЛ КРЕДИТ БАНК\"",
        "corrAccount": "30101810105070000750",
        "address": "ПР-Т 100ЛЕТ ВЛАДИ-КА, 155 - 1Б",
        "city": "Г. ВЛАДИВОСТОК",
        "phones": "(423)2308871,2308870",
        "country": "4e127564-d74f-4dd9-bced-0327f0f4e061",
        "countryCode": "643",
        "activityDiscontinued": false
    },
    {
        "guid": "aaaf21cd-d82b-11e8-80bb-08002789bf51",
        "archive": false,
        "dateOutputArchive": "0001-01-01T00:00:00Z",
        "thisGroup": false,
        "parent": "78ddac17-ca67-11e5-826c-605718cb5baa",
        "bic": "046015078",
        "swift": "ZEMCRU22XXX",
        "name": "ООО \"ЗЕМКОМБАНК\"",
        "corrAccount": "30101810760150000078",
        "address": "УЛ МАЛЮГИНОЙ, 233",
        "city": "Г. РОСТОВ-НА-ДОНУ",
        "phones": "(863)2800064",
        "country": "4e127564-d74f-4dd9-bced-0327f0f4e061",
        "countryCode": "643",
        "activityDiscontinued": false
    },
    {
        "guid": "aaaf21ce-d82b-11e8-80bb-08002789bf51",
        "archive": false,
        "dateOutputArchive": "0001-01-01T00:00:00Z",
        "thisGroup": false,
        "parent": "78ddac17-ca67-11e5-826c-605718cb5baa",
        "bic": "046015075",
        "swift": "",
        "name": "РОСТОВСКИЙ ФИЛИАЛ ЦМРБАНК (ООО)",
        "corrAccount": "30101810860150000075",
        "address": "УЛ ПУШКИНСКАЯ, 105/79",
        "city": "Г. РОСТОВ-НА-ДОНУ",
        "phones": "(863)2695710",
        "country": "4e127564-d74f-4dd9-bced-0327f0f4e061",
        "countryCode": "643",
        "activityDiscontinued": false
    },
    {
        "guid": "aaaf21cf-d82b-11e8-80bb-08002789bf51",
        "archive": false,
        "dateOutputArchive": "0001-01-01T00:00:00Z",
        "thisGroup": false,
        "parent": "78ddac17-ca67-11e5-826c-605718cb5baa",
        "bic": "046015074",
        "swift": "",
        "name": "ФИЛИАЛ \"РОСТОВ-НА-ДОНУ\" КБ \"ЛОКО-БАНК\" (АО)",
        "corrAccount": "30101810560150000074",
        "address": "УЛ МАКСИМА ГОРЬКОГО, 123/67",
        "city": "Г. РОСТОВ-НА-ДОНУ",
        "phones": "(863)2192772",
        "country": "4e127564-d74f-4dd9-bced-0327f0f4e061",
        "countryCode": "643",
        "activityDiscontinued": false
    },
    {
        "guid": "aaaf21d0-d82b-11e8-80bb-08002789bf51",
        "archive": false,
        "dateOutputArchive": "0001-01-01T00:00:00Z",
        "thisGroup": false,
        "parent": "78ddac17-ca67-11e5-826c-605718cb5baa",
        "bic": "046015051",
        "swift": "",
        "name": "Ф-Л АКБ \"ФОРА-БАНК\" (АО) В Г.РОСТОВ-НА-ДОНУ",
        "corrAccount": "30101810460150000051",
        "address": "УЛ ПУШКИНСКАЯ, 117",
        "city": "Г. РОСТОВ-НА-ДОНУ",
        "phones": "(863)2403640",
        "country": "4e127564-d74f-4dd9-bced-0327f0f4e061",
        "countryCode": "643",
        "activityDiscontinued": false
    },
    {
        "guid": "aaaf21d1-d82b-11e8-80bb-08002789bf51",
        "archive": false,
        "dateOutputArchive": "0001-01-01T00:00:00Z",
        "thisGroup": false,
        "parent": "78ddac17-ca67-11e5-826c-605718cb5baa",
        "bic": "046015052",
        "swift": "",
        "name": "ООО КБ \"РОСТФИНАНС\"",
        "corrAccount": "30101810760150000052",
        "address": "УЛ КРАСНОАРМЕЙСКАЯ, 166 А",
        "city": "Г. РОСТОВ-НА-ДОНУ",
        "phones": "(863)2870058",
        "country": "4e127564-d74f-4dd9-bced-0327f0f4e061",
        "countryCode": "643",
        "activityDiscontinued": false
    },
    {
        "guid": "78ddac7b-ca67-11e5-826c-605718cb5baa",
        "archive": false,
        "dateOutputArchive": "0001-01-01T00:00:00Z",
        "thisGroup": false,
        "parent": "78ddac02-ca67-11e5-826c-605718cb5baa",
        "bic": "042809974",
        "swift": "",
        "name": "ТВЕФ ПАО \"БИНБАНК\"",
        "corrAccount": "30101810900000000974",
        "address": "",
        "city": "Г. ТВЕРЬ",
        "phones": "",
        "country": "00000000-0000-0000-0000-000000000000",
        "countryCode": "",
        "activityDiscontinued": true
    },
    {
        "guid": "aaaf21d2-d82b-11e8-80bb-08002789bf51",
        "archive": false,
        "dateOutputArchive": "0001-01-01T00:00:00Z",
        "thisGroup": false,
        "parent": "78ddac17-ca67-11e5-826c-605718cb5baa",
        "bic": "046015050",
        "swift": "",
        "name": "ФИЛИАЛ № 1 ПАО МОСОБЛБАНК",
        "corrAccount": "30101810160150000050",
        "address": "КОММУНИСТИЧЕСКИЙ ПР-Т, 51",
        "city": "Г. РОСТОВ-НА-ДОНУ",
        "phones": "(863)3009637",
        "country": "4e127564-d74f-4dd9-bced-0327f0f4e061",
        "countryCode": "643",
        "activityDiscontinued": false
    },
    {
        "guid": "aaaf21d3-d82b-11e8-80bb-08002789bf51",
        "archive": false,
        "dateOutputArchive": "0001-01-01T00:00:00Z",
        "thisGroup": false,
        "parent": "78ddabf2-ca67-11e5-826c-605718cb5baa",
        "bic": "043601728",
        "swift": "",
        "name": "САМАРСКИЙ ФИЛИАЛ ПАО \"НЕВСКИЙ БАНК\"",
        "corrAccount": "30101810222023601728",
        "address": "6 ПРОСЕКА, 125",
        "city": "Г. САМАРА",
        "phones": "(846)2011100",
        "country": "4e127564-d74f-4dd9-bced-0327f0f4e061",
        "countryCode": "643",
        "activityDiscontinued": false
    },
    {
        "guid": "aaaf21d4-d82b-11e8-80bb-08002789bf51",
        "archive": false,
        "dateOutputArchive": "0001-01-01T00:00:00Z",
        "thisGroup": false,
        "parent": "78ddabe9-ca67-11e5-826c-605718cb5baa",
        "bic": "042520764",
        "swift": "",
        "name": "КОНКУРСНЫЙ УПРАВЛЯЮЩИЙ \"ВЛБАНК\" (АО)-ГК \"АСВ\"",
        "corrAccount": "30101810450040000764",
        "address": "УЛ КИРОВА, 85 А",
        "city": "Г. УСТЬ-КУТ",
        "phones": "(3952)289500",
        "country": "4e127564-d74f-4dd9-bced-0327f0f4e061",
        "countryCode": "643",
        "activityDiscontinued": false
    },
    {
        "guid": "aaaf21d5-d82b-11e8-80bb-08002789bf51",
        "archive": false,
        "dateOutputArchive": "0001-01-01T00:00:00Z",
        "thisGroup": false,
        "parent": "78ddabe9-ca67-11e5-826c-605718cb5baa",
        "bic": "042520767",
        "swift": "",
        "name": "АНГАРСКИЙ ФИЛИАЛ АО \"ИТ БАНК\"",
        "corrAccount": "30101810350040000767",
        "address": "29-ЫЙ МКР, 15 А",
        "city": "Г. АНГАРСК",
        "phones": "(3955)671921,564004",
        "country": "4e127564-d74f-4dd9-bced-0327f0f4e061",
        "countryCode": "643",
        "activityDiscontinued": false
    },
    {
        "guid": "78ddabe1-ca67-11e5-826c-605718cb5baa",
        "archive": "",
        "dateOutputArchive": "",
        "thisGroup": true,
        "parent": "00000000-0000-0000-0000-000000000000",
        "bic": "40       ",
        "swift": "",
        "name": "Г САНКТ-ПЕТЕРБУРГ",
        "corrAccount": "",
        "address": "",
        "city": "",
        "phones": "",
        "country": "",
        "countryCode": "",
        "activityDiscontinued": ""
    },
    {
        "guid": "aaaf21d6-d82b-11e8-80bb-08002789bf51",
        "archive": false,
        "dateOutputArchive": "0001-01-01T00:00:00Z",
        "thisGroup": false,
        "parent": "78ddac34-ca67-11e5-826c-605718cb5baa",
        "bic": "046401888",
        "swift": "KHZARU99XXX",
        "name": "АО \"БАНК ХОЛМСК\"",
        "corrAccount": "30101810064010000888",
        "address": "УЛ ЛЕНИНА, 304 Г",
        "city": "Г. ЮЖНО-САХАЛИНСК",
        "phones": "(4242)245858",
        "country": "4e127564-d74f-4dd9-bced-0327f0f4e061",
        "countryCode": "643",
        "activityDiscontinued": false
    },
    {
        "guid": "bbea4eb4-fc53-11e8-80c5-08002789bf51",
        "archive": false,
        "dateOutputArchive": "0001-01-01T00:00:00Z",
        "thisGroup": false,
        "parent": "78ddabe5-ca67-11e5-826c-605718cb5baa",
        "bic": "044525360",
        "swift": "",
        "name": "Филиал \"Корпоративный\" ПАО \"Совкомбанк\"",
        "corrAccount": "30101810445250000360",
        "address": "УЛ. ВАВИЛОВА, Д. 24",
        "city": "Г. МОСКВА",
        "phones": "",
        "country": "4e127564-d74f-4dd9-bced-0327f0f4e061",
        "countryCode": "643",
        "activityDiscontinued": false
    },
    {
        "guid": "bbea4eb5-fc53-11e8-80c5-08002789bf51",
        "archive": false,
        "dateOutputArchive": "0001-01-01T00:00:00Z",
        "thisGroup": false,
        "parent": "78ddabe1-ca67-11e5-826c-605718cb5baa",
        "bic": "044030800",
        "swift": "",
        "name": "Ф-Л СПБ № 2 ПАО БАНК \"ФК ОТКРЫТИЕ\"",
        "corrAccount": "30101810040300000800",
        "address": "НАБ. ОБВОДНОГО КАНАЛА, Д. 90,",
        "city": "Г. САНКТ-ПЕТЕРБУРГ",
        "phones": "",
        "country": "4e127564-d74f-4dd9-bced-0327f0f4e061",
        "countryCode": "643",
        "activityDiscontinued": false
    },
    {
        "guid": "bbea4eb6-fc53-11e8-80c5-08002789bf51",
        "archive": false,
        "dateOutputArchive": "0001-01-01T00:00:00Z",
        "thisGroup": false,
        "parent": "78ddac49-ca67-11e5-826c-605718cb5baa",
        "bic": "047308988",
        "swift": "",
        "name": "Ф-л Ульяновский № 2 ПАО Банк \"ФК Открытие\"",
        "corrAccount": "30101810122027300988",
        "address": "УЛ. АЛЕКСАНДРА МАТРОСОВА, Д 33",
        "city": "Г. УЛЬЯНОВСК",
        "phones": "",
        "country": "4e127564-d74f-4dd9-bced-0327f0f4e061",
        "countryCode": "643",
        "activityDiscontinued": false
    },
    {
        "guid": "bbea4eb7-fc53-11e8-80c5-08002789bf51",
        "archive": false,
        "dateOutputArchive": "0001-01-01T00:00:00Z",
        "thisGroup": false,
        "parent": "78ddac07-ca67-11e5-826c-605718cb5baa",
        "bic": "045004051",
        "swift": "",
        "name": "Новосибирский филиал РНКО \"Р-ИНКАС\" (ООО)",
        "corrAccount": "30103810450045004051",
        "address": "УЛ. ДМИТРИЯ ДОНСКОГО, 11",
        "city": "Г. НОВОСИБИРСК",
        "phones": "",
        "country": "4e127564-d74f-4dd9-bced-0327f0f4e061",
        "countryCode": "643",
        "activityDiscontinued": false
    },
    {
        "guid": "bbea4eb8-fc53-11e8-80c5-08002789bf51",
        "archive": false,
        "dateOutputArchive": "0001-01-01T00:00:00Z",
        "thisGroup": false,
        "parent": "78ddabe5-ca67-11e5-826c-605718cb5baa",
        "bic": "044525980",
        "swift": "",
        "name": "Ф-л Мск (Диджитал) ПАО Банк \"ФК Открытие\"",
        "corrAccount": "30101810045250000980",
        "address": "УЛ. ПЕТРОВКА, Д. 24, СТР. 1",
        "city": "Г. МОСКВА",
        "phones": "",
        "country": "4e127564-d74f-4dd9-bced-0327f0f4e061",
        "countryCode": "643",
        "activityDiscontinued": false
    },
    {
        "guid": "bbea4eb9-fc53-11e8-80c5-08002789bf51",
        "archive": false,
        "dateOutputArchive": "0001-01-01T00:00:00Z",
        "thisGroup": false,
        "parent": "78ddabeb-ca67-11e5-826c-605718cb5baa",
        "bic": "040702751",
        "swift": "",
        "name": "Ф-Л СТАВРОПОЛЬСКИЙ №2 ПАО БАНК \"ФК ОТКРЫТИЕ\"",
        "corrAccount": "30101810007020000751",
        "address": "УЛ. ЛЕНИНА, 221",
        "city": "Г. СТАВРОПОЛЬ",
        "phones": "",
        "country": "4e127564-d74f-4dd9-bced-0327f0f4e061",
        "countryCode": "643",
        "activityDiscontinued": false
    },
    {
        "guid": "bbea4eba-fc53-11e8-80c5-08002789bf51",
        "archive": false,
        "dateOutputArchive": "0001-01-01T00:00:00Z",
        "thisGroup": false,
        "parent": "78ddac09-ca67-11e5-826c-605718cb5baa",
        "bic": "046577520",
        "swift": "",
        "name": "Ф-л Екб №2 ПАО Банк \"ФК Открытие\"",
        "corrAccount": "30101810065770000520",
        "address": "УЛ.ГОРЬКОГО, Д.45",
        "city": "Г. ЕКАТЕРИНБУРГ",
        "phones": "",
        "country": "4e127564-d74f-4dd9-bced-0327f0f4e061",
        "countryCode": "643",
        "activityDiscontinued": false
    },
    {
        "guid": "bbea4ebb-fc53-11e8-80c5-08002789bf51",
        "archive": false,
        "dateOutputArchive": "0001-01-01T00:00:00Z",
        "thisGroup": false,
        "parent": "78ddabe7-ca67-11e5-826c-605718cb5baa",
        "bic": "040507830",
        "swift": "",
        "name": "Ф-л Владивостокский №2 ПАО Банк \"ФК Открытие\"",
        "corrAccount": "30101810805070000830",
        "address": "ПР-КТ ОКЕАНСКИЙ, Д.123 Б",
        "city": "Г. ВЛАДИВОСТОК",
        "phones": "",
        "country": "4e127564-d74f-4dd9-bced-0327f0f4e061",
        "countryCode": "643",
        "activityDiscontinued": false
    },
    {
        "guid": "bbea4ebc-fc53-11e8-80c5-08002789bf51",
        "archive": false,
        "dateOutputArchive": "0001-01-01T00:00:00Z",
        "thisGroup": false,
        "parent": "78ddac17-ca67-11e5-826c-605718cb5baa",
        "bic": "046015084",
        "swift": "",
        "name": "Ф-л Ростовский №2 ПАО Банк \"ФК Открытие\"",
        "corrAccount": "30101810660150000084",
        "address": "ПР. ШОЛОХОВА, 32/65",
        "city": "Г. РОСТОВ-НА-ДОНУ",
        "phones": "",
        "country": "4e127564-d74f-4dd9-bced-0327f0f4e061",
        "countryCode": "643",
        "activityDiscontinued": false
    },
    {
        "guid": "bbea4ebd-fc53-11e8-80c5-08002789bf51",
        "archive": false,
        "dateOutputArchive": "0001-01-01T00:00:00Z",
        "thisGroup": false,
        "parent": "78ddac07-ca67-11e5-826c-605718cb5baa",
        "bic": "045004741",
        "swift": "",
        "name": "Ф-л Новосибирский №2 ПАО Банк \"ФК Открытие\"",
        "corrAccount": "30101810350040000741",
        "address": "УЛ. ЛЕНИНА, Д. 18",
        "city": "Г. НОВОСИБИРСК",
        "phones": "",
        "country": "4e127564-d74f-4dd9-bced-0327f0f4e061",
        "countryCode": "643",
        "activityDiscontinued": false
    },
    {
        "guid": "78ddabdc-ca67-11e5-826c-605718cb5baa",
        "archive": false,
        "dateOutputArchive": "0001-01-01T00:00:00Z",
        "thisGroup": false,
        "parent": "78ddabdb-ca67-11e5-826c-605718cb5baa",
        "bic": "043207757",
        "swift": "",
        "name": "ФИЛИАЛ N 11 ПАО МОСОБЛБАНК",
        "corrAccount": "30101810000000000757",
        "address": "УЛ ВЕСЕННЯЯ, 24",
        "city": "Г. КЕМЕРОВО",
        "phones": "(3842)363892",
        "country": "4e127564-d74f-4dd9-bced-0327f0f4e061",
        "countryCode": "643",
        "activityDiscontinued": false
    },
    {
        "guid": "78ddabdd-ca67-11e5-826c-605718cb5baa",
        "archive": "",
        "dateOutputArchive": "",
        "thisGroup": true,
        "parent": "00000000-0000-0000-0000-000000000000",
        "bic": "66       ",
        "swift": "",
        "name": "СМОЛЕНСКАЯ ОБЛАСТЬ",
        "corrAccount": "",
        "address": "",
        "city": "",
        "phones": "",
        "country": "",
        "countryCode": "",
        "activityDiscontinued": ""
    },
    {
        "guid": "78ddabde-ca67-11e5-826c-605718cb5baa",
        "archive": false,
        "dateOutputArchive": "0001-01-01T00:00:00Z",
        "thisGroup": false,
        "parent": "78ddabdd-ca67-11e5-826c-605718cb5baa",
        "bic": "046610000",
        "swift": "",
        "name": "РКЦ ВЯЗЬМА",
        "corrAccount": "",
        "address": "",
        "city": "Г. ВЯЗЬМА",
        "phones": "",
        "country": "00000000-0000-0000-0000-000000000000",
        "countryCode": "",
        "activityDiscontinued": true
    },
    {
        "guid": "78ddabdf-ca67-11e5-826c-605718cb5baa",
        "archive": "",
        "dateOutputArchive": "",
        "thisGroup": true,
        "parent": "00000000-0000-0000-0000-000000000000",
        "bic": "92       ",
        "swift": "",
        "name": "РЕСПУБЛИКА ТАТАРСТАН",
        "corrAccount": "",
        "address": "",
        "city": "",
        "phones": "",
        "country": "",
        "countryCode": "",
        "activityDiscontinued": ""
    },
    {
        "guid": "78ddabe2-ca67-11e5-826c-605718cb5baa",
        "archive": false,
        "dateOutputArchive": "0001-01-01T00:00:00Z",
        "thisGroup": false,
        "parent": "78ddabe1-ca67-11e5-826c-605718cb5baa",
        "bic": "044030743",
        "swift": "",
        "name": "САНКТ-ПЕТЕРБУРГСКИЙ ФИЛИАЛ ПАО \"АК БАНК\"",
        "corrAccount": "30101810300000000743",
        "address": "",
        "city": "Г. САНКТ-ПЕТЕРБУРГ",
        "phones": "",
        "country": "00000000-0000-0000-0000-000000000000",
        "countryCode": "",
        "activityDiscontinued": true
    },
    {
        "guid": "78ddabe3-ca67-11e5-826c-605718cb5baa",
        "archive": false,
        "dateOutputArchive": "0001-01-01T00:00:00Z",
        "thisGroup": false,
        "parent": "78ddabe1-ca67-11e5-826c-605718cb5baa",
        "bic": "044030708",
        "swift": "",
        "name": "САНКТ-ПЕТЕРБУРГСКИЙ ФИЛИАЛ АКБ \"НЗБАНК\",ОАО",
        "corrAccount": "30101810400000000708",
        "address": "",
        "city": "Г. САНКТ-ПЕТЕРБУРГ",
        "phones": "",
        "country": "00000000-0000-0000-0000-000000000000",
        "countryCode": "",
        "activityDiscontinued": true
    },
    {
        "guid": "78ddabe4-ca67-11e5-826c-605718cb5baa",
        "archive": false,
        "dateOutputArchive": "0001-01-01T00:00:00Z",
        "thisGroup": false,
        "parent": "78ddabe1-ca67-11e5-826c-605718cb5baa",
        "bic": "044030821",
        "swift": "",
        "name": "ФСКБ ПРИМОРЬЯ \"ПРИМСОЦБАНК\" В Г С-ПЕТЕРБУРГЕ",
        "corrAccount": "30101810400000000821",
        "address": "УЛ САДОВАЯ, 40 ЛИТ Б",
        "city": "Г. САНКТ-ПЕТЕРБУРГ",
        "phones": "(812)4934900",
        "country": "4e127564-d74f-4dd9-bced-0327f0f4e061",
        "countryCode": "643",
        "activityDiscontinued": false
    },
    {
        "guid": "78ddabe5-ca67-11e5-826c-605718cb5baa",
        "archive": "",
        "dateOutputArchive": "",
        "thisGroup": true,
        "parent": "00000000-0000-0000-0000-000000000000",
        "bic": "45       ",
        "swift": "",
        "name": "Г МОСКВА",
        "corrAccount": "",
        "address": "",
        "city": "",
        "phones": "",
        "country": "",
        "countryCode": "",
        "activityDiscontinued": ""
    },
    {
        "guid": "78ddabe6-ca67-11e5-826c-605718cb5baa",
        "archive": false,
        "dateOutputArchive": "0001-01-01T00:00:00Z",
        "thisGroup": false,
        "parent": "78ddabe5-ca67-11e5-826c-605718cb5baa",
        "bic": "044525461",
        "swift": "",
        "name": "КУ АКБ \"БЕНИФИТ-БАНК\" (ЗАО) - ГК \"АСВ\"",
        "corrAccount": "30101810645250000461",
        "address": "УЛ ВЫСОЦКОГО, 4",
        "city": "Г. МОСКВА",
        "phones": "(495)9612526",
        "country": "4e127564-d74f-4dd9-bced-0327f0f4e061",
        "countryCode": "643",
        "activityDiscontinued": false
    },
    {
        "guid": "78ddabe7-ca67-11e5-826c-605718cb5baa",
        "archive": "",
        "dateOutputArchive": "",
        "thisGroup": true,
        "parent": "00000000-0000-0000-0000-000000000000",
        "bic": "05       ",
        "swift": "",
        "name": "ПРИМОРСКИЙ КРАЙ",
        "corrAccount": "",
        "address": "",
        "city": "",
        "phones": "",
        "country": "",
        "countryCode": "",
        "activityDiscontinued": ""
    },
    {
        "guid": "78ddabe8-ca67-11e5-826c-605718cb5baa",
        "archive": false,
        "dateOutputArchive": "0001-01-01T00:00:00Z",
        "thisGroup": false,
        "parent": "78ddabe7-ca67-11e5-826c-605718cb5baa",
        "bic": "040507001",
        "swift": "",
        "name": "ДАЛЬНЕВОСТОЧНОЕ ГУ БАНКА РОССИИ",
        "corrAccount": "",
        "address": "УЛ СВЕТЛАНСКАЯ, 71",
        "city": "Г. ВЛАДИВОСТОК",
        "phones": "(423)2406514,2406507",
        "country": "4e127564-d74f-4dd9-bced-0327f0f4e061",
        "countryCode": "643",
        "activityDiscontinued": false
    },
    {
        "guid": "78ddabe9-ca67-11e5-826c-605718cb5baa",
        "archive": "",
        "dateOutputArchive": "",
        "thisGroup": true,
        "parent": "00000000-0000-0000-0000-000000000000",
        "bic": "25       ",
        "swift": "",
        "name": "ИРКУТСКАЯ ОБЛАСТЬ",
        "corrAccount": "",
        "address": "",
        "city": "",
        "phones": "",
        "country": "",
        "countryCode": "",
        "activityDiscontinued": ""
    },
    {
        "guid": "78ddabea-ca67-11e5-826c-605718cb5baa",
        "archive": false,
        "dateOutputArchive": "0001-01-01T00:00:00Z",
        "thisGroup": false,
        "parent": "78ddabe9-ca67-11e5-826c-605718cb5baa",
        "bic": "042510000",
        "swift": "",
        "name": "РКЦ ЧУНСКИЙ",
        "corrAccount": "",
        "address": "",
        "city": "РП ЧУНСКИЙ",
        "phones": "",
        "country": "00000000-0000-0000-0000-000000000000",
        "countryCode": "",
        "activityDiscontinued": true
    },
    {
        "guid": "78ddabeb-ca67-11e5-826c-605718cb5baa",
        "archive": "",
        "dateOutputArchive": "",
        "thisGroup": true,
        "parent": "00000000-0000-0000-0000-000000000000",
        "bic": "07       ",
        "swift": "",
        "name": "СТАВРОПОЛЬСКИЙ КРАЙ",
        "corrAccount": "",
        "address": "",
        "city": "",
        "phones": "",
        "country": "",
        "countryCode": "",
        "activityDiscontinued": ""
    },
    {
        "guid": "78ddabec-ca67-11e5-826c-605718cb5baa",
        "archive": false,
        "dateOutputArchive": "0001-01-01T00:00:00Z",
        "thisGroup": false,
        "parent": "78ddabeb-ca67-11e5-826c-605718cb5baa",
        "bic": "040702001",
        "swift": "",
        "name": "ОТДЕЛЕНИЕ СТАВРОПОЛЬ",
        "corrAccount": "",
        "address": "УЛ ЛЕНИНА, 286",
        "city": "Г. СТАВРОПОЛЬ",
        "phones": "(8652)224803,224804",
        "country": "4e127564-d74f-4dd9-bced-0327f0f4e061",
        "countryCode": "643",
        "activityDiscontinued": false
    },
    {
        "guid": "78ddabed-ca67-11e5-826c-605718cb5baa",
        "archive": false,
        "dateOutputArchive": "0001-01-01T00:00:00Z",
        "thisGroup": false,
        "parent": "78ddabe5-ca67-11e5-826c-605718cb5baa",
        "bic": "044525212",
        "swift": "",
        "name": "КУ КБ \"ТРАНСИНВЕСТБАНК\" (ООО) - ГК \"АСВ\"",
        "corrAccount": "30101810645250000212",
        "address": "УЛ ВЫСОЦКОГО, 4",
        "city": "Г. МОСКВА",
        "phones": "(495)9612526",
        "country": "4e127564-d74f-4dd9-bced-0327f0f4e061",
        "countryCode": "643",
        "activityDiscontinued": false
    },
    {
        "guid": "78ddabee-ca67-11e5-826c-605718cb5baa",
        "archive": "",
        "dateOutputArchive": "",
        "thisGroup": true,
        "parent": "00000000-0000-0000-0000-000000000000",
        "bic": "54       ",
        "swift": "",
        "name": "ОРЛОВСКАЯ ОБЛАСТЬ",
        "corrAccount": "",
        "address": "",
        "city": "",
        "phones": "",
        "country": "",
        "countryCode": "",
        "activityDiscontinued": ""
    },
    {
        "guid": "78ddabef-ca67-11e5-826c-605718cb5baa",
        "archive": false,
        "dateOutputArchive": "0001-01-01T00:00:00Z",
        "thisGroup": false,
        "parent": "78ddabee-ca67-11e5-826c-605718cb5baa",
        "bic": "045402751",
        "swift": "",
        "name": "ОРЛОВСКИЙ РФ АО \"РОССЕЛЬХОЗБАНК\"",
        "corrAccount": "30101810700000000751",
        "address": "УЛ МОСКОВСКАЯ, 31 ЛИТ А",
        "city": "Г. ОРЁЛ",
        "phones": "(4862)541054,735788",
        "country": "4e127564-d74f-4dd9-bced-0327f0f4e061",
        "countryCode": "643",
        "activityDiscontinued": false
    },
    {
        "guid": "78ddabf0-ca67-11e5-826c-605718cb5baa",
        "archive": "",
        "dateOutputArchive": "",
        "thisGroup": true,
        "parent": "00000000-0000-0000-0000-000000000000",
        "bic": "17       ",
        "swift": "",
        "name": "ВЛАДИМИРСКАЯ ОБЛАСТЬ",
        "corrAccount": "",
        "address": "",
        "city": "",
        "phones": "",
        "country": "",
        "countryCode": "",
        "activityDiscontinued": ""
    },
    {
        "guid": "78ddabf1-ca67-11e5-826c-605718cb5baa",
        "archive": false,
        "dateOutputArchive": "0001-01-01T00:00:00Z",
        "thisGroup": false,
        "parent": "78ddabf0-ca67-11e5-826c-605718cb5baa",
        "bic": "041708717",
        "swift": "",
        "name": "ФИЛИАЛ АО \"РОСТ БАНК\" В Г.ВЛАДИМИРЕ",
        "corrAccount": "30101810517080000717",
        "address": "",
        "city": "Г. ВЛАДИМИР",
        "phones": "",
        "country": "00000000-0000-0000-0000-000000000000",
        "countryCode": "",
        "activityDiscontinued": true
    },
    {
        "guid": "78ddabf2-ca67-11e5-826c-605718cb5baa",
        "archive": "",
        "dateOutputArchive": "",
        "thisGroup": true,
        "parent": "00000000-0000-0000-0000-000000000000",
        "bic": "36       ",
        "swift": "",
        "name": "САМАРСКАЯ ОБЛАСТЬ",
        "corrAccount": "",
        "address": "",
        "city": "",
        "phones": "",
        "country": "",
        "countryCode": "",
        "activityDiscontinued": ""
    },
    {
        "guid": "78ddac7c-ca67-11e5-826c-605718cb5baa",
        "archive": false,
        "dateOutputArchive": "0001-01-01T00:00:00Z",
        "thisGroup": false,
        "parent": "78ddac17-ca67-11e5-826c-605718cb5baa",
        "bic": "046027835",
        "swift": "",
        "name": "ООО \"РУССКИЙ НАЦИОНАЛЬНЫЙ БАНК\"",
        "corrAccount": "30101810700000000835",
        "address": "",
        "city": "Г. РОСТОВ-НА-ДОНУ",
        "phones": "",
        "country": "00000000-0000-0000-0000-000000000000",
        "countryCode": "",
        "activityDiscontinued": true
    },
    {
        "guid": "78ddabf3-ca67-11e5-826c-605718cb5baa",
        "archive": false,
        "dateOutputArchive": "0001-01-01T00:00:00Z",
        "thisGroup": false,
        "parent": "78ddabf2-ca67-11e5-826c-605718cb5baa",
        "bic": "043601917",
        "swift": "GAZPRUMM037",
        "name": "Ф-Л БАНКА ГПБ (АО) \"ПОВОЛЖСКИЙ\"",
        "corrAccount": "30101810000000000917",
        "address": "УЛ НОВО-САДОВАЯ, 106 А, СТР 1",
        "city": "Г. САМАРА",
        "phones": "(846)3396945,3396946",
        "country": "4e127564-d74f-4dd9-bced-0327f0f4e061",
        "countryCode": "643",
        "activityDiscontinued": false
    },
    {
        "guid": "78ddabf4-ca67-11e5-826c-605718cb5baa",
        "archive": false,
        "dateOutputArchive": "0001-01-01T00:00:00Z",
        "thisGroup": false,
        "parent": "78ddabe5-ca67-11e5-826c-605718cb5baa",
        "bic": "044525225",
        "swift": "SABRRUMMXXX",
        "name": "ПАО СБЕРБАНК",
        "corrAccount": "30101810400000000225",
        "address": "УЛ ВАВИЛОВА, 19",
        "city": "Г. МОСКВА",
        "phones": "(495)5005550,88005555550",
        "country": "4e127564-d74f-4dd9-bced-0327f0f4e061",
        "countryCode": "643",
        "activityDiscontinued": false
    },
    {
        "guid": "78ddabf5-ca67-11e5-826c-605718cb5baa",
        "archive": "",
        "dateOutputArchive": "",
        "thisGroup": true,
        "parent": "00000000-0000-0000-0000-000000000000",
        "bic": "87       ",
        "swift": "",
        "name": "РЕСПУБЛИКА КОМИ",
        "corrAccount": "",
        "address": "",
        "city": "",
        "phones": "",
        "country": "",
        "countryCode": "",
        "activityDiscontinued": ""
    },
    {
        "guid": "78ddabf6-ca67-11e5-826c-605718cb5baa",
        "archive": false,
        "dateOutputArchive": "0001-01-01T00:00:00Z",
        "thisGroup": false,
        "parent": "78ddabf5-ca67-11e5-826c-605718cb5baa",
        "bic": "048723000",
        "swift": "",
        "name": "РКЦ УСИНСК",
        "corrAccount": "",
        "address": "УЛ НЕФТЯНИКОВ, 30",
        "city": "Г. УСИНСК",
        "phones": "(82144)41735,41445",
        "country": "4e127564-d74f-4dd9-bced-0327f0f4e061",
        "countryCode": "643",
        "activityDiscontinued": false
    },
    {
        "guid": "78ddabf8-ca67-11e5-826c-605718cb5baa",
        "archive": false,
        "dateOutputArchive": "0001-01-01T00:00:00Z",
        "thisGroup": false,
        "parent": "78ddabf7-ca67-11e5-826c-605718cb5baa",
        "bic": "045354860",
        "swift": "FORHRU33XXX",
        "name": "АКБ \"ФОРШТАДТ\" (АО)",
        "corrAccount": "30101810700000000860",
        "address": "УЛ ЧКАЛОВА, 35/1",
        "city": "Г. ОРЕНБУРГ",
        "phones": "(3532)980486,980412",
        "country": "4e127564-d74f-4dd9-bced-0327f0f4e061",
        "countryCode": "643",
        "activityDiscontinued": false
    },
    {
        "guid": "78ddabf9-ca67-11e5-826c-605718cb5baa",
        "archive": "",
        "dateOutputArchive": "",
        "thisGroup": true,
        "parent": "00000000-0000-0000-0000-000000000000",
        "bic": "69       ",
        "swift": "",
        "name": "ТОМСКАЯ ОБЛАСТЬ",
        "corrAccount": "",
        "address": "",
        "city": "",
        "phones": "",
        "country": "",
        "countryCode": "",
        "activityDiscontinued": ""
    },
    {
        "guid": "78ddabfa-ca67-11e5-826c-605718cb5baa",
        "archive": false,
        "dateOutputArchive": "0001-01-01T00:00:00Z",
        "thisGroup": false,
        "parent": "78ddabf9-ca67-11e5-826c-605718cb5baa",
        "bic": "046900000",
        "swift": "",
        "name": "РКЦ КОЛПАШЕВО",
        "corrAccount": "",
        "address": "",
        "city": "Г. КОЛПАШЕВО",
        "phones": "",
        "country": "00000000-0000-0000-0000-000000000000",
        "countryCode": "",
        "activityDiscontinued": true
    },
    {
        "guid": "78ddabfb-ca67-11e5-826c-605718cb5baa",
        "archive": false,
        "dateOutputArchive": "0001-01-01T00:00:00Z",
        "thisGroup": false,
        "parent": "78ddabe1-ca67-11e5-826c-605718cb5baa",
        "bic": "044030752",
        "swift": "",
        "name": "САНКТ-ПЕТЕРБУРГСКИЙ ФИЛИАЛ \"БАНК СГБ\"",
        "corrAccount": "30101810100000000752",
        "address": "УЛ. МАРШАЛА ГОВОРОВА, 35 ЛИТ А",
        "city": "Г. САНКТ-ПЕТЕРБУРГ",
        "phones": "(812)3365900",
        "country": "4e127564-d74f-4dd9-bced-0327f0f4e061",
        "countryCode": "643",
        "activityDiscontinued": false
    },
    {
        "guid": "78ddabfc-ca67-11e5-826c-605718cb5baa",
        "archive": false,
        "dateOutputArchive": "0001-01-01T00:00:00Z",
        "thisGroup": false,
        "parent": "78ddabe5-ca67-11e5-826c-605718cb5baa",
        "bic": "044525102",
        "swift": "IKBARUMMXXX",
        "name": "АО \"ДЕНИЗБАНК МОСКВА\"",
        "corrAccount": "30101810400000000102",
        "address": "2-Я ЗВЕНИГОРОД УЛ, 13, СТР 42",
        "city": "Г. МОСКВА",
        "phones": "(495)7251020",
        "country": "4e127564-d74f-4dd9-bced-0327f0f4e061",
        "countryCode": "643",
        "activityDiscontinued": false
    },
    {
        "guid": "78ddabfd-ca67-11e5-826c-605718cb5baa",
        "archive": "",
        "dateOutputArchive": "",
        "thisGroup": true,
        "parent": "00000000-0000-0000-0000-000000000000",
        "bic": "63       ",
        "swift": "",
        "name": "САРАТОВСКАЯ ОБЛАСТЬ",
        "corrAccount": "",
        "address": "",
        "city": "",
        "phones": "",
        "country": "",
        "countryCode": "",
        "activityDiscontinued": ""
    },
    {
        "guid": "78ddabfe-ca67-11e5-826c-605718cb5baa",
        "archive": false,
        "dateOutputArchive": "0001-01-01T00:00:00Z",
        "thisGroup": false,
        "parent": "78ddabfd-ca67-11e5-826c-605718cb5baa",
        "bic": "046380002",
        "swift": "",
        "name": "ПУ БАНКА РОССИИ ВОЛЖСКОЕ",
        "corrAccount": "",
        "address": "",
        "city": "П. СВЕТЛЫЙ",
        "phones": "(84558)33215",
        "country": "4e127564-d74f-4dd9-bced-0327f0f4e061",
        "countryCode": "643",
        "activityDiscontinued": false
    },
    {
        "guid": "78ddabff-ca67-11e5-826c-605718cb5baa",
        "archive": false,
        "dateOutputArchive": "0001-01-01T00:00:00Z",
        "thisGroup": false,
        "parent": "78ddabe5-ca67-11e5-826c-605718cb5baa",
        "bic": "044583695",
        "swift": "",
        "name": "КУ ОАО БАНК \"СОДРУЖЕСТВО\"-ГК \"АСВ\"",
        "corrAccount": "30101810700000000695",
        "address": "",
        "city": "Г. МОСКВА",
        "phones": "",
        "country": "00000000-0000-0000-0000-000000000000",
        "countryCode": "",
        "activityDiscontinued": true
    },
    {
        "guid": "78ddac00-ca67-11e5-826c-605718cb5baa",
        "archive": "",
        "dateOutputArchive": "",
        "thisGroup": true,
        "parent": "00000000-0000-0000-0000-000000000000",
        "bic": "82       ",
        "swift": "",
        "name": "РЕСПУБЛИКА ДАГЕСТАН",
        "corrAccount": "",
        "address": "",
        "city": "",
        "phones": "",
        "country": "",
        "countryCode": "",
        "activityDiscontinued": ""
    },
    {
        "guid": "78ddac01-ca67-11e5-826c-605718cb5baa",
        "archive": false,
        "dateOutputArchive": "0001-01-01T00:00:00Z",
        "thisGroup": false,
        "parent": "78ddac00-ca67-11e5-826c-605718cb5baa",
        "bic": "048209870",
        "swift": "",
        "name": "ЛИКВ ООО РНКО \"УМУТ\"",
        "corrAccount": "30103810400000000870",
        "address": "УЛ КАЛИНИНА, 4",
        "city": "Г. ХАСАВЮРТ",
        "phones": "(87231)51268,51667",
        "country": "4e127564-d74f-4dd9-bced-0327f0f4e061",
        "countryCode": "643",
        "activityDiscontinued": false
    },
    {
        "guid": "78ddac02-ca67-11e5-826c-605718cb5baa",
        "archive": "",
        "dateOutputArchive": "",
        "thisGroup": true,
        "parent": "00000000-0000-0000-0000-000000000000",
        "bic": "28       ",
        "swift": "",
        "name": "ТВЕРСКАЯ ОБЛАСТЬ",
        "corrAccount": "",
        "address": "",
        "city": "",
        "phones": "",
        "country": "",
        "countryCode": "",
        "activityDiscontinued": ""
    },
    {
        "guid": "78ddac03-ca67-11e5-826c-605718cb5baa",
        "archive": false,
        "dateOutputArchive": "0001-01-01T00:00:00Z",
        "thisGroup": false,
        "parent": "78ddac02-ca67-11e5-826c-605718cb5baa",
        "bic": "042809909",
        "swift": "",
        "name": "ТВЕРСКОЙ ФИЛИАЛ АБ \"РОССИЯ\"",
        "corrAccount": "30101810700000000909",
        "address": "УЛ КРЫЛОВА, 40/29",
        "city": "Г. ТВЕРЬ",
        "phones": "(4822)347569",
        "country": "4e127564-d74f-4dd9-bced-0327f0f4e061",
        "countryCode": "643",
        "activityDiscontinued": false
    },
    {
        "guid": "78ddac04-ca67-11e5-826c-605718cb5baa",
        "archive": false,
        "dateOutputArchive": "0001-01-01T00:00:00Z",
        "thisGroup": false,
        "parent": "78ddac00-ca67-11e5-826c-605718cb5baa",
        "bic": "048209989",
        "swift": "",
        "name": "ФИЛИАЛ ИКБ \"ЭНТУЗИАСТБАНК\" ООО-КИЗЛЯР",
        "corrAccount": "30101810882090000989",
        "address": "",
        "city": "Г. КИЗЛЯР",
        "phones": "",
        "country": "00000000-0000-0000-0000-000000000000",
        "countryCode": "",
        "activityDiscontinued": true
    },
    {
        "guid": "78ddac05-ca67-11e5-826c-605718cb5baa",
        "archive": false,
        "dateOutputArchive": "0001-01-01T00:00:00Z",
        "thisGroup": false,
        "parent": "78ddabe5-ca67-11e5-826c-605718cb5baa",
        "bic": "044583844",
        "swift": "",
        "name": "КУ КОММЕРЧЕСКИЙ БАНК \"СДБ\" (ООО) ГК \"АСВ\"",
        "corrAccount": "30101810700000000844",
        "address": "",
        "city": "Г. МОСКВА",
        "phones": "",
        "country": "00000000-0000-0000-0000-000000000000",
        "countryCode": "",
        "activityDiscontinued": true
    },
    {
        "guid": "78ddac06-ca67-11e5-826c-605718cb5baa",
        "archive": false,
        "dateOutputArchive": "0001-01-01T00:00:00Z",
        "thisGroup": false,
        "parent": "78ddabe5-ca67-11e5-826c-605718cb5baa",
        "bic": "044525938",
        "swift": "",
        "name": "МОСКОВСКИЙ ФИЛИАЛ АО АКБ \"ТЕКСБАНК\"",
        "corrAccount": "30101810945250000938",
        "address": "ОЛИМПИЙСКИЙ ПР-Т, 26, СТР 1",
        "city": "Г. МОСКВА",
        "phones": "(495)6480048",
        "country": "4e127564-d74f-4dd9-bced-0327f0f4e061",
        "countryCode": "643",
        "activityDiscontinued": false
    },
    {
        "guid": "78ddac07-ca67-11e5-826c-605718cb5baa",
        "archive": "",
        "dateOutputArchive": "",
        "thisGroup": true,
        "parent": "00000000-0000-0000-0000-000000000000",
        "bic": "50       ",
        "swift": "",
        "name": "НОВОСИБИРСКАЯ ОБЛАСТЬ",
        "corrAccount": "",
        "address": "",
        "city": "",
        "phones": "",
        "country": "",
        "countryCode": "",
        "activityDiscontinued": ""
    },
    {
        "guid": "78ddac08-ca67-11e5-826c-605718cb5baa",
        "archive": false,
        "dateOutputArchive": "0001-01-01T00:00:00Z",
        "thisGroup": false,
        "parent": "78ddac07-ca67-11e5-826c-605718cb5baa",
        "bic": "045004747",
        "swift": "",
        "name": "ФИЛИАЛ \"НОВОСИБИРСКИЙ\" АО \"ГЛОБЭКСБАНК\"",
        "corrAccount": "30101810150040000747",
        "address": "УЛ ВОКЗАЛЬНАЯ МАГИСТРАЛЬ, 8 А",
        "city": "Г. НОВОСИБИРСК",
        "phones": "(383)2181508",
        "country": "4e127564-d74f-4dd9-bced-0327f0f4e061",
        "countryCode": "643",
        "activityDiscontinued": false
    },
    {
        "guid": "78ddac09-ca67-11e5-826c-605718cb5baa",
        "archive": "",
        "dateOutputArchive": "",
        "thisGroup": true,
        "parent": "00000000-0000-0000-0000-000000000000",
        "bic": "65       ",
        "swift": "",
        "name": "СВЕРДЛОВСКАЯ ОБЛАСТЬ",
        "corrAccount": "",
        "address": "",
        "city": "",
        "phones": "",
        "country": "",
        "countryCode": "",
        "activityDiscontinued": ""
    },
    {
        "guid": "78ddac0a-ca67-11e5-826c-605718cb5baa",
        "archive": false,
        "dateOutputArchive": "0001-01-01T00:00:00Z",
        "thisGroup": false,
        "parent": "78ddac09-ca67-11e5-826c-605718cb5baa",
        "bic": "046577907",
        "swift": "",
        "name": "ЕКАТЕРИНБУРГСКИЙ ФИЛИАЛ ПАО \"АК БАРС\" БАНК",
        "corrAccount": "30101810400000000907",
        "address": "ПР-Т ЛЕНИНА, 20",
        "city": "Г. ЕКАТЕРИНБУРГ",
        "phones": "(343)3556015",
        "country": "4e127564-d74f-4dd9-bced-0327f0f4e061",
        "countryCode": "643",
        "activityDiscontinued": false
    },
    {
        "guid": "78ddac0b-ca67-11e5-826c-605718cb5baa",
        "archive": "",
        "dateOutputArchive": "",
        "thisGroup": true,
        "parent": "00000000-0000-0000-0000-000000000000",
        "bic": "47       ",
        "swift": "",
        "name": "МУРМАНСКАЯ ОБЛАСТЬ",
        "corrAccount": "",
        "address": "",
        "city": "",
        "phones": "",
        "country": "",
        "countryCode": "",
        "activityDiscontinued": ""
    },
    {
        "guid": "78ddac0c-ca67-11e5-826c-605718cb5baa",
        "archive": false,
        "dateOutputArchive": "0001-01-01T00:00:00Z",
        "thisGroup": false,
        "parent": "78ddac0b-ca67-11e5-826c-605718cb5baa",
        "bic": "044705824",
        "swift": "",
        "name": "ФИЛИАЛ ПАО \"ОФК БАНК\" В МУРМАНСКЕ",
        "corrAccount": "30101810900000000824",
        "address": "",
        "city": "Г. МУРМАНСК",
        "phones": "",
        "country": "00000000-0000-0000-0000-000000000000",
        "countryCode": "",
        "activityDiscontinued": true
    },
    {
        "guid": "78ddac0d-ca67-11e5-826c-605718cb5baa",
        "archive": "",
        "dateOutputArchive": "",
        "thisGroup": true,
        "parent": "00000000-0000-0000-0000-000000000000",
        "bic": "19       ",
        "swift": "",
        "name": "ВОЛОГОДСКАЯ ОБЛАСТЬ",
        "corrAccount": "",
        "address": "",
        "city": "",
        "phones": "",
        "country": "",
        "countryCode": "",
        "activityDiscontinued": ""
    },
    {
        "guid": "78ddac0e-ca67-11e5-826c-605718cb5baa",
        "archive": false,
        "dateOutputArchive": "0001-01-01T00:00:00Z",
        "thisGroup": false,
        "parent": "78ddac0d-ca67-11e5-826c-605718cb5baa",
        "bic": "041909708",
        "swift": "",
        "name": "КУ НКО \"КРЕДИТАЛЬЯНС\" (ООО)",
        "corrAccount": "30103810200000000708",
        "address": "",
        "city": "Г. ВОЛОГДА",
        "phones": "",
        "country": "00000000-0000-0000-0000-000000000000",
        "countryCode": "",
        "activityDiscontinued": true
    },
    {
        "guid": "78ddac0f-ca67-11e5-826c-605718cb5baa",
        "archive": "",
        "dateOutputArchive": "",
        "thisGroup": true,
        "parent": "00000000-0000-0000-0000-000000000000",
        "bic": "03       ",
        "swift": "",
        "name": "КРАСНОДАРСКИЙ КРАЙ",
        "corrAccount": "",
        "address": "",
        "city": "",
        "phones": "",
        "country": "",
        "countryCode": "",
        "activityDiscontinued": ""
    },
    {
        "guid": "78ddac10-ca67-11e5-826c-605718cb5baa",
        "archive": false,
        "dateOutputArchive": "0001-01-01T00:00:00Z",
        "thisGroup": false,
        "parent": "78ddac0f-ca67-11e5-826c-605718cb5baa",
        "bic": "040349749",
        "swift": "",
        "name": "КРАСНОДАРСКИЙ ФИЛИАЛ ТКБ БАНК ПАО",
        "corrAccount": "30101810500000000749",
        "address": "УЛ ФРУНЗЕ, 169",
        "city": "Г. КРАСНОДАР",
        "phones": "(861)2104542,2104546",
        "country": "4e127564-d74f-4dd9-bced-0327f0f4e061",
        "countryCode": "643",
        "activityDiscontinued": false
    },
    {
        "guid": "78ddac11-ca67-11e5-826c-605718cb5baa",
        "archive": false,
        "dateOutputArchive": "0001-01-01T00:00:00Z",
        "thisGroup": false,
        "parent": "78ddabf5-ca67-11e5-826c-605718cb5baa",
        "bic": "048702731",
        "swift": "",
        "name": "ФИЛИАЛ КБ \"РОСПРОМБАНК\" (ООО) В Г. СЫКТЫВКАРЕ",
        "corrAccount": "30101810500000000731",
        "address": "",
        "city": "Г. СЫКТЫВКАР",
        "phones": "",
        "country": "00000000-0000-0000-0000-000000000000",
        "countryCode": "",
        "activityDiscontinued": true
    },
    {
        "guid": "78ddac12-ca67-11e5-826c-605718cb5baa",
        "archive": "",
        "dateOutputArchive": "",
        "thisGroup": true,
        "parent": "00000000-0000-0000-0000-000000000000",
        "bic": "20       ",
        "swift": "",
        "name": "ВОРОНЕЖСКАЯ ОБЛАСТЬ",
        "corrAccount": "",
        "address": "",
        "city": "",
        "phones": "",
        "country": "",
        "countryCode": "",
        "activityDiscontinued": ""
    },
    {
        "guid": "78ddac13-ca67-11e5-826c-605718cb5baa",
        "archive": false,
        "dateOutputArchive": "0001-01-01T00:00:00Z",
        "thisGroup": false,
        "parent": "78ddac12-ca67-11e5-826c-605718cb5baa",
        "bic": "042007001",
        "swift": "",
        "name": "ОТДЕЛЕНИЕ ВОРОНЕЖ",
        "corrAccount": "",
        "address": "УЛ ТЕАТРАЛЬНАЯ, 36",
        "city": "Г. ВОРОНЕЖ",
        "phones": "(473)2555820,2699990",
        "country": "4e127564-d74f-4dd9-bced-0327f0f4e061",
        "countryCode": "643",
        "activityDiscontinued": false
    },
    {
        "guid": "78ddac14-ca67-11e5-826c-605718cb5baa",
        "archive": "",
        "dateOutputArchive": "",
        "thisGroup": true,
        "parent": "00000000-0000-0000-0000-000000000000",
        "bic": "76       ",
        "swift": "",
        "name": "ЗАБАЙКАЛЬСКИЙ КРАЙ",
        "corrAccount": "",
        "address": "",
        "city": "",
        "phones": "",
        "country": "",
        "countryCode": "",
        "activityDiscontinued": ""
    },
    {
        "guid": "78ddac15-ca67-11e5-826c-605718cb5baa",
        "archive": false,
        "dateOutputArchive": "0001-01-01T00:00:00Z",
        "thisGroup": false,
        "parent": "78ddac14-ca67-11e5-826c-605718cb5baa",
        "bic": "047601637",
        "swift": "SABRRU66CHT",
        "name": "ЧИТИНСКОЕ ОТДЕЛЕНИЕ  N8600 ПАО СБЕРБАНК",
        "corrAccount": "30101810500000000637",
        "address": "УЛ ПОЛИНЫ ОСИПЕНКО, 40",
        "city": "Г. ЧИТА",
        "phones": "(3022)336111",
        "country": "4e127564-d74f-4dd9-bced-0327f0f4e061",
        "countryCode": "643",
        "activityDiscontinued": false
    },
    {
        "guid": "78ddac16-ca67-11e5-826c-605718cb5baa",
        "archive": false,
        "dateOutputArchive": "0001-01-01T00:00:00Z",
        "thisGroup": false,
        "parent": "78ddabdb-ca67-11e5-826c-605718cb5baa",
        "bic": "043209770",
        "swift": "NOOBRU55XXX",
        "name": "ООО \"НОВОКИБ\"",
        "corrAccount": "30101810900000000770",
        "address": "УЛ КИРОВА, 69",
        "city": "Г. НОВОКУЗНЕЦК",
        "phones": "(3843)539698,459267",
        "country": "4e127564-d74f-4dd9-bced-0327f0f4e061",
        "countryCode": "643",
        "activityDiscontinued": false
    },
    {
        "guid": "78ddac17-ca67-11e5-826c-605718cb5baa",
        "archive": "",
        "dateOutputArchive": "",
        "thisGroup": true,
        "parent": "00000000-0000-0000-0000-000000000000",
        "bic": "60       ",
        "swift": "",
        "name": "РОСТОВСКАЯ ОБЛАСТЬ",
        "corrAccount": "",
        "address": "",
        "city": "",
        "phones": "",
        "country": "",
        "countryCode": "",
        "activityDiscontinued": ""
    },
    {
        "guid": "78ddac18-ca67-11e5-826c-605718cb5baa",
        "archive": false,
        "dateOutputArchive": "0001-01-01T00:00:00Z",
        "thisGroup": false,
        "parent": "78ddac17-ca67-11e5-826c-605718cb5baa",
        "bic": "046015293",
        "swift": "",
        "name": "РОСТОВСКИЙ ФИЛИАЛ НКО \"ИНКАХРАН\" (АО)",
        "corrAccount": "30103810860150000293",
        "address": "",
        "city": "Г. РОСТОВ-НА-ДОНУ",
        "phones": "",
        "country": "00000000-0000-0000-0000-000000000000",
        "countryCode": "",
        "activityDiscontinued": true
    },
    {
        "guid": "78ddac19-ca67-11e5-826c-605718cb5baa",
        "archive": false,
        "dateOutputArchive": "0001-01-01T00:00:00Z",
        "thisGroup": false,
        "parent": "78ddac07-ca67-11e5-826c-605718cb5baa",
        "bic": "045004775",
        "swift": "",
        "name": "НОВОСИБИРСКИЙ ФИЛИАЛ ПАО \"БИНБАНК\"",
        "corrAccount": "30101810850040000775",
        "address": "",
        "city": "Г. НОВОСИБИРСК",
        "phones": "",
        "country": "00000000-0000-0000-0000-000000000000",
        "countryCode": "",
        "activityDiscontinued": true
    },
    {
        "guid": "78ddac1a-ca67-11e5-826c-605718cb5baa",
        "archive": false,
        "dateOutputArchive": "0001-01-01T00:00:00Z",
        "thisGroup": false,
        "parent": "78ddabe5-ca67-11e5-826c-605718cb5baa",
        "bic": "044583138",
        "swift": "",
        "name": "ООО КБ \"РАСЧЕТНЫЙ ДОМ\"",
        "corrAccount": "30101810500000000138",
        "address": "",
        "city": "Г. МОСКВА",
        "phones": "",
        "country": "00000000-0000-0000-0000-000000000000",
        "countryCode": "",
        "activityDiscontinued": true
    },
    {
        "guid": "78ddac1b-ca67-11e5-826c-605718cb5baa",
        "archive": false,
        "dateOutputArchive": "0001-01-01T00:00:00Z",
        "thisGroup": false,
        "parent": "78ddabe5-ca67-11e5-826c-605718cb5baa",
        "bic": "044525762",
        "swift": "",
        "name": "КУ КБ \"ЕВРОТРАСТ\" (ЗАО) ГК \"АСВ\"",
        "corrAccount": "30101810400000000762",
        "address": "УЛ ВЫСОЦКОГО, 4",
        "city": "Г. МОСКВА",
        "phones": "(495)9612526",
        "country": "4e127564-d74f-4dd9-bced-0327f0f4e061",
        "countryCode": "643",
        "activityDiscontinued": false
    },
    {
        "guid": "78ddaca1-ca67-11e5-826c-605718cb5baa",
        "archive": "",
        "dateOutputArchive": "",
        "thisGroup": true,
        "parent": "00000000-0000-0000-0000-000000000000",
        "bic": "37       ",
        "swift": "",
        "name": "КУРГАНСКАЯ ОБЛАСТЬ",
        "corrAccount": "",
        "address": "",
        "city": "",
        "phones": "",
        "country": "",
        "countryCode": "",
        "activityDiscontinued": ""
    },
    {
        "guid": "78ddac1d-ca67-11e5-826c-605718cb5baa",
        "archive": false,
        "dateOutputArchive": "0001-01-01T00:00:00Z",
        "thisGroup": false,
        "parent": "78ddabe5-ca67-11e5-826c-605718cb5baa",
        "bic": "044525235",
        "swift": "",
        "name": "КУ ООО \"М ПЛЮС\" ГК \"АСВ\"",
        "corrAccount": "30101810745250000235",
        "address": "УЛ ВЫСОЦКОГО, 4",
        "city": "Г. МОСКВА",
        "phones": "(495)9612526",
        "country": "4e127564-d74f-4dd9-bced-0327f0f4e061",
        "countryCode": "643",
        "activityDiscontinued": false
    },
    {
        "guid": "78ddac1e-ca67-11e5-826c-605718cb5baa",
        "archive": false,
        "dateOutputArchive": "0001-01-01T00:00:00Z",
        "thisGroup": false,
        "parent": "78ddabe5-ca67-11e5-826c-605718cb5baa",
        "bic": "044583701",
        "swift": "",
        "name": "ООО НКО \"ДЕНЬГИ.МЭЙЛ.РУ\"",
        "corrAccount": "30103810100000000701",
        "address": "",
        "city": "Г. МОСКВА",
        "phones": "",
        "country": "00000000-0000-0000-0000-000000000000",
        "countryCode": "",
        "activityDiscontinued": true
    },
    {
        "guid": "78ddac1f-ca67-11e5-826c-605718cb5baa",
        "archive": false,
        "dateOutputArchive": "0001-01-01T00:00:00Z",
        "thisGroup": false,
        "parent": "78ddabe1-ca67-11e5-826c-605718cb5baa",
        "bic": "044030769",
        "swift": "",
        "name": "КУ ОАО КБ \"ПЕТРО-АЭРО-БАНК\"-ГК \"АСВ\"",
        "corrAccount": "30101810300000000769",
        "address": "",
        "city": "Г. САНКТ-ПЕТЕРБУРГ",
        "phones": "",
        "country": "00000000-0000-0000-0000-000000000000",
        "countryCode": "",
        "activityDiscontinued": true
    },
    {
        "guid": "e8b018e6-ca8b-11e5-826c-605718cb5baa",
        "archive": false,
        "dateOutputArchive": "0001-01-01T00:00:00Z",
        "thisGroup": false,
        "parent": "78ddac9c-ca67-11e5-826c-605718cb5baa",
        "bic": "040481000",
        "swift": "",
        "name": "РКЦ АЧИНСК",
        "corrAccount": "",
        "address": "",
        "city": "Г. АЧИНСК",
        "phones": "",
        "country": "00000000-0000-0000-0000-000000000000",
        "countryCode": "",
        "activityDiscontinued": true
    },
    {
        "guid": "78ddac20-ca67-11e5-826c-605718cb5baa",
        "archive": false,
        "dateOutputArchive": "0001-01-01T00:00:00Z",
        "thisGroup": false,
        "parent": "78ddac0f-ca67-11e5-826c-605718cb5baa",
        "bic": "040396844",
        "swift": "",
        "name": "КОНКУРСНЫЙ УПРАВЛЯЮЩИЙ ООО КИИБ\"СОЧИ\"-ГК\"АСВ\"",
        "corrAccount": "30101810700000000844",
        "address": "УЛ ВЫСОЦКОГО, 4",
        "city": "Г. МОСКВА",
        "phones": "(495)7253117",
        "country": "4e127564-d74f-4dd9-bced-0327f0f4e061",
        "countryCode": "643",
        "activityDiscontinued": false
    },
    {
        "guid": "78ddac21-ca67-11e5-826c-605718cb5baa",
        "archive": "",
        "dateOutputArchive": "",
        "thisGroup": true,
        "parent": "00000000-0000-0000-0000-000000000000",
        "bic": "22       ",
        "swift": "",
        "name": "НИЖЕГОРОДСКАЯ ОБЛАСТЬ",
        "corrAccount": "",
        "address": "",
        "city": "",
        "phones": "",
        "country": "",
        "countryCode": "",
        "activityDiscontinued": ""
    },
    {
        "guid": "78ddac22-ca67-11e5-826c-605718cb5baa",
        "archive": false,
        "dateOutputArchive": "0001-01-01T00:00:00Z",
        "thisGroup": false,
        "parent": "78ddac21-ca67-11e5-826c-605718cb5baa",
        "bic": "042202821",
        "swift": "",
        "name": "ФАКБ \"РОССИЙСКИЙ КАПИТАЛ\" (АО) НИЖЕГОРОДСКИЙ",
        "corrAccount": "30101810300000000821",
        "address": "УЛ ОШАРСКАЯ, 52",
        "city": "Г. НИЖНИЙ НОВГОРОД",
        "phones": "(831)2816345",
        "country": "4e127564-d74f-4dd9-bced-0327f0f4e061",
        "countryCode": "643",
        "activityDiscontinued": false
    },
    {
        "guid": "78ddac23-ca67-11e5-826c-605718cb5baa",
        "archive": false,
        "dateOutputArchive": "0001-01-01T00:00:00Z",
        "thisGroup": false,
        "parent": "78ddabe5-ca67-11e5-826c-605718cb5baa",
        "bic": "044525551",
        "swift": "ICBKRUMMXXX",
        "name": "АЙСИБИСИ БАНК (АО)",
        "corrAccount": "30101810200000000551",
        "address": "СЕРЕБРЯНИЧЕСКАЯ НАБ, 29",
        "city": "Г. МОСКВА",
        "phones": "(495)2873099",
        "country": "4e127564-d74f-4dd9-bced-0327f0f4e061",
        "countryCode": "643",
        "activityDiscontinued": false
    },
    {
        "guid": "78ddac24-ca67-11e5-826c-605718cb5baa",
        "archive": false,
        "dateOutputArchive": "0001-01-01T00:00:00Z",
        "thisGroup": false,
        "parent": "78ddabe5-ca67-11e5-826c-605718cb5baa",
        "bic": "044525476",
        "swift": "CBMWRUMMXXX",
        "name": "АО \"МОСКОМБАНК\"",
        "corrAccount": "30101810245250000476",
        "address": "УЛ 1-Я ФРУНЗЕНСКАЯ, 5",
        "city": "Г. МОСКВА",
        "phones": "(495)6091919",
        "country": "4e127564-d74f-4dd9-bced-0327f0f4e061",
        "countryCode": "643",
        "activityDiscontinued": false
    },
    {
        "guid": "78ddac25-ca67-11e5-826c-605718cb5baa",
        "archive": "",
        "dateOutputArchive": "",
        "thisGroup": true,
        "parent": "00000000-0000-0000-0000-000000000000",
        "bic": "00       ",
        "swift": "",
        "name": "ТЕРРИТОРИЯ НЕ ОПРЕДЕЛЕНА",
        "corrAccount": "",
        "address": "",
        "city": "",
        "phones": "",
        "country": "",
        "countryCode": "",
        "activityDiscontinued": ""
    },
    {
        "guid": "78ddac26-ca67-11e5-826c-605718cb5baa",
        "archive": false,
        "dateOutputArchive": "0001-01-01T00:00:00Z",
        "thisGroup": false,
        "parent": "78ddac25-ca67-11e5-826c-605718cb5baa",
        "bic": "040004002",
        "swift": "",
        "name": "ПУ БАНКА РОССИИ N 67903",
        "corrAccount": "",
        "address": "П/П 67903",
        "city": "",
        "phones": "",
        "country": "4e127564-d74f-4dd9-bced-0327f0f4e061",
        "countryCode": "643",
        "activityDiscontinued": false
    },
    {
        "guid": "78ddac27-ca67-11e5-826c-605718cb5baa",
        "archive": false,
        "dateOutputArchive": "0001-01-01T00:00:00Z",
        "thisGroup": false,
        "parent": "78ddac00-ca67-11e5-826c-605718cb5baa",
        "bic": "048209788",
        "swift": "",
        "name": "ФАКБ \"ИНВЕСТТОРГБАНК\" (ПАО) \"МАХАЧКАЛИНСКИЙ\"",
        "corrAccount": "30101810400000000788",
        "address": "",
        "city": "Г. МАХАЧКАЛА",
        "phones": "",
        "country": "00000000-0000-0000-0000-000000000000",
        "countryCode": "",
        "activityDiscontinued": true
    },
    {
        "guid": "78ddac28-ca67-11e5-826c-605718cb5baa",
        "archive": "",
        "dateOutputArchive": "",
        "thisGroup": true,
        "parent": "00000000-0000-0000-0000-000000000000",
        "bic": "94       ",
        "swift": "",
        "name": "УДМУРТСКАЯ РЕСПУБЛИКА",
        "corrAccount": "",
        "address": "",
        "city": "",
        "phones": "",
        "country": "",
        "countryCode": "",
        "activityDiscontinued": ""
    },
    {
        "guid": "78ddac29-ca67-11e5-826c-605718cb5baa",
        "archive": false,
        "dateOutputArchive": "0001-01-01T00:00:00Z",
        "thisGroup": false,
        "parent": "78ddac28-ca67-11e5-826c-605718cb5baa",
        "bic": "049401825",
        "swift": "",
        "name": "КОНКУРСНЫЙ УПРАВЛЯЮЩИЙ ОАО \"МОБИЛБАНК\"",
        "corrAccount": "30101810600000000825",
        "address": "УЛ ПУШКИНСКАЯ, 268",
        "city": "Г. ИЖЕВСК",
        "phones": "(3412)908911,655104",
        "country": "4e127564-d74f-4dd9-bced-0327f0f4e061",
        "countryCode": "643",
        "activityDiscontinued": false
    }
]
]]></system-out>
  </testcase>
  <testcase name="getBankListStepIsEmpty" classname="AutoTest.ClassifireIsAllRussianTest" time="0.738">
    <failure message="1 expectation failed.&#10;Response body doesn&apos;t match expectation.&#10;Expected: The content to match the given JSON schema.&#10;error: instance type (string) does not match any allowed primitive type (allowed: [&quot;boolean&quot;])&#10;    level: &quot;error&quot;&#10;    schema: {&quot;loadingURI&quot;:&quot;file:/C:/Users/Sasha/Api/target/test-classes/getBankList.json#&quot;,&quot;pointer&quot;:&quot;/items/properties/activityDiscontinued&quot;}&#10;    instance: {&quot;pointer&quot;:&quot;/13/activityDiscontinued&quot;}&#10;    domain: &quot;validation&quot;&#10;    keyword: &quot;type&quot;&#10;    found: &quot;string&quot;&#10;    expected: [&quot;boolean&quot;]&#10;error: string &quot;&quot; is too short (length: 0, required minimum: 1)&#10;    level: &quot;error&quot;&#10;    schema: {&quot;loadingURI&quot;:&quot;file:/C:/Users/Sasha/Api/target/test-classes/getBankList.json#&quot;,&quot;pointer&quot;:&quot;/items/properties/address&quot;}&#10;    instance: {&quot;pointer&quot;:&quot;/13/address&quot;}&#10;    domain: &quot;validation&quot;&#10;    keyword: &quot;minLength&quot;&#10;    value: &quot;&quot;&#10;    found: 0&#10;    minLength: 1&#10;error: instance type (string) does not match any allowed primitive type (allowed: [&quot;boolean&quot;])&#10;    level: &quot;error&quot;&#10;    schema: {&quot;loadingURI&quot;:&quot;file:/C:/Users/Sasha/Api/target/test-classes/getBankList.json#&quot;,&quot;pointer&quot;:&quot;/items/properties/archive&quot;}&#10;    instance: {&quot;pointer&quot;:&quot;/13/archive&quot;}&#10;    domain: &quot;validation&quot;&#10;    keyword: &quot;type&quot;&#10;    found: &quot;string&quot;&#10;    expected: [&quot;boolean&quot;]&#10;error: string &quot;&quot; is too short (length: 0, required minimum: 1)&#10;    level: &quot;error&quot;&#10;    schema: {&quot;loadingURI&quot;:&quot;file:/C:/Users/Sasha/Api/target/test-classes/getBankList.json#&quot;,&quot;pointer&quot;:&quot;/items/properties/city&quot;}&#10;    instance: {&quot;pointer&quot;:&quot;/13/city&quot;}&#10;    domain: &quot;validation&quot;&#10;    keyword: &quot;minLength&quot;&#10;    value: &quot;&quot;&#10;    found: 0&#10;    minLength: 1&#10;error: string &quot;&quot; is too short (length: 0, required minimum: 20)&#10;    level: &quot;error&quot;&#10;    schema: {&quot;loadingURI&quot;:&quot;file:/C:/Users/Sasha/Api/target/test-classes/getBankList.json#&quot;,&quot;pointer&quot;:&quot;/items/properties/corrAccount&quot;}&#10;    instance: {&quot;pointer&quot;:&quot;/13/corrAccount&quot;}&#10;    domain: &quot;validation&quot;&#10;    keyword: &quot;minLength&quot;&#10;    value: &quot;&quot;&#10;    found: 0&#10;    minLength: 20&#10;error: string &quot;&quot; is too short (length: 0, required minimum: 36)&#10;    level: &quot;error&quot;&#10;    schema: {&quot;loadingURI&quot;:&quot;file:/C:/Users/Sasha/Api/target/test-classes/getBankList.json#&quot;,&quot;pointer&quot;:&quot;/items/properties/country&quot;}&#10;    instance: {&quot;pointer&quot;:&quot;/13/country&quot;}&#10;    domain: &quot;validation&quot;&#10;    keyword: &quot;minLength&quot;&#10;    value: &quot;&quot;&#10;    found: 0&#10;    minLength: 36&#10;error: string &quot;&quot; is too short (length: 0, required minimum: 3)&#10;    level: &quot;error&quot;&#10;    schema: {&quot;loadingURI&quot;:&quot;file:/C:/Users/Sasha/Api/target/test-classes/getBankList.json#&quot;,&quot;pointer&quot;:&quot;/items/properties/countryCode&quot;}&#10;    instance: {&quot;pointer&quot;:&quot;/13/countryCode&quot;}&#10;    domain: &quot;validation&quot;&#10;    keyword: &quot;minLength&quot;&#10;    value: &quot;&quot;&#10;    found: 0&#10;    minLength: 3&#10;error: string &quot;&quot; is too short (length: 0, required minimum: 10)&#10;    level: &quot;error&quot;&#10;    schema: {&quot;loadingURI&quot;:&quot;file:/C:/Users/Sasha/Api/target/test-classes/getBankList.json#&quot;,&quot;pointer&quot;:&quot;/items/properties/dateOutputArchive&quot;}&#10;    instance: {&quot;pointer&quot;:&quot;/13/dateOutputArchive&quot;}&#10;    domain: &quot;validation&quot;&#10;    keyword: &quot;minLength&quot;&#10;    value: &quot;&quot;&#10;    found: 0&#10;    minLength: 10&#10;&#10;  Actual: [{guid=979300ab-d82b-11e8-80bb-08002789bf51, archive=false, dateOutputArchive=0001-01-01T00:00:00Z, thisGroup=false, parent=78ddabf2-ca67-11e5-826c-605718cb5baa, bic=043601707, swift=, name=ФИЛИАЛ &quot;САМАРСКИЙ&quot; АО &quot;ОТП БАНК&quot;, corrAccount=30101810722023601707, address=УЛ АВРОРЫ, 150, city=Г. САМАРА, phones=(846)3425312,3425313, country=4e127564-d74f-4dd9-bced-0327f0f4e061, countryCode=643, activityDiscontinued=false}, {guid=979300ac-d82b-11e8-80bb-08002789bf51, archive=false, dateOutputArchive=0001-01-01T00:00:00Z, thisGroup=false, parent=78ddabe1-ca67-11e5-826c-605718cb5baa, bic=044030792, swift=, name=ФИЛИАЛ &quot;СЕВЕРО-ЗАПАДНЫЙ&quot; &quot;УМ-БАНК&quot; ООО, corrAccount=30101810640300000792, address=КАМЕННООСТРОВСКИЙ ПР-Т, 61 ПОМ, city=Г. САНКТ-ПЕТЕРБУРГ, phones=(812)4560720, country=4e127564-d74f-4dd9-bced-0327f0f4e061, countryCode=643, activityDiscontinued=false}, {guid=979300ad-d82b-11e8-80bb-08002789bf51, archive=false, dateOutputArchive=0001-01-01T00:00:00Z, thisGroup=false, parent=78ddac07-ca67-11e5-826c-605718cb5baa, bic=045004711, swift=, name=Куйбышевский филиал АКБ &quot;Ланта-Банк&quot; (АО), corrAccount=30101810750045004711, address=КВАРТАЛ 1, ДОМ 29 &quot;ВСТАВКА&quot;, city=Г. КУЙБЫШЕВ, phones=, country=4e127564-d74f-4dd9-bced-0327f0f4e061, countryCode=643, activityDiscontinued=false}, {guid=979300ae-d82b-11e8-80bb-08002789bf51, archive=false, dateOutputArchive=0001-01-01T00:00:00Z, thisGroup=false, parent=78ddac07-ca67-11e5-826c-605718cb5baa, bic=045004719, swift=, name=ФИЛИАЛ № 5440 БАНКА ВТБ (ПАО), corrAccount=30101810450040000719, address=УЛ ФРУНЗЕ, 232, 234, 234/1, city=Г. НОВОСИБИРСК, phones=(383)2492424,2492425, country=4e127564-d74f-4dd9-bced-0327f0f4e061, countryCode=643, activityDiscontinued=false}, {guid=979300af-d82b-11e8-80bb-08002789bf51, archive=false, dateOutputArchive=0001-01-01T00:00:00Z, thisGroup=false, parent=78ddac07-ca67-11e5-826c-605718cb5baa, bic=045004701, swift=, name=НОВОСИБИРСКИЙ ФИЛИАЛ АБ &quot;РОССИЯ&quot;, corrAccount=30101810950040000701, address=УЛ СЕМЬИ ШАМШИНЫХ, 26, 26/1, city=Г. НОВОСИБИРСК, phones=(383)3670691,3670692, country=4e127564-d74f-4dd9-bced-0327f0f4e061, countryCode=643, activityDiscontinued=false}, {guid=979300b0-d82b-11e8-80bb-08002789bf51, archive=false, dateOutputArchive=0001-01-01T00:00:00Z, thisGroup=false, parent=78ddac09-ca67-11e5-826c-605718cb5baa, bic=046577459, swift=, name=ФИЛИАЛ &quot;УРАЛЬСКИЙ&quot; &quot;УМ-БАНК&quot; ООО, corrAccount=30101810165770000459, address=УЛ БЕЛИНСКОГО, 86, city=Г. ЕКАТЕРИНБУРГ, phones=(343)2871010,3452644, country=4e127564-d74f-4dd9-bced-0327f0f4e061, countryCode=643, activityDiscontinued=false}, {guid=979300b1-d82b-11e8-80bb-08002789bf51, archive=false, dateOutputArchive=0001-01-01T00:00:00Z, thisGroup=false, parent=78ddabe5-ca67-11e5-826c-605718cb5baa, bic=044525745, swift=VTBRRUM2MS3, name=ФИЛИАЛ № 7701 БАНКА ВТБ (ПАО), corrAccount=30101810345250000745, address=УЛ КУЗНЕЦКИЙ МОСТ, 17, СТР 1, city=Г. МОСКВА, phones=(495)9258000, country=4e127564-d74f-4dd9-bced-0327f0f4e061, countryCode=643, activityDiscontinued=false}, {guid=979300b2-d82b-11e8-80bb-08002789bf51, archive=false, dateOutputArchive=0001-01-01T00:00:00Z, thisGroup=false, parent=78ddabe9-ca67-11e5-826c-605718cb5baa, bic=042520842, swift=, name=&quot;Братский АНКБ&quot; ПАО, corrAccount=30101810850042520842, address=УЛ. КОМСОМОЛЬСКАЯ, Д. 43, city=Г. БРАТСК, phones=, country=4e127564-d74f-4dd9-bced-0327f0f4e061, countryCode=643, activityDiscontinued=false}, {guid=979300b3-d82b-11e8-80bb-08002789bf51, archive=false, dateOutputArchive=0001-01-01T00:00:00Z, thisGroup=false, parent=78ddabe9-ca67-11e5-826c-605718cb5baa, bic=042520811, swift=, name=АО &quot;ГРИНКОМБАНК&quot;, corrAccount=30101810950040000811, address=УЛ ФРАНК-КАМЕНЕЦКОГО, 8, city=Г. ИРКУТСК, phones=(3952)255196,240197, country=4e127564-d74f-4dd9-bced-0327f0f4e061, countryCode=643, activityDiscontinued=false}, {guid=979300b4-d82b-11e8-80bb-08002789bf51, archive=false, dateOutputArchive=0001-01-01T00:00:00Z, thisGroup=false, parent=78ddac9c-ca67-11e5-826c-605718cb5baa, bic=040407523, swift=, name=АО АИКБ &quot;ЕНИСЕЙСКИЙ ОБЪЕДИНЕННЫЙ БАНК&quot;, corrAccount=30101810650040000523, address=УЛ КАРЛА МАРКСА, 62, city=Г. КРАСНОЯРСК, phones=(391)2770000, country=4e127564-d74f-4dd9-bced-0327f0f4e061, countryCode=643, activityDiscontinued=false}, {guid=979300b5-d82b-11e8-80bb-08002789bf51, archive=false, dateOutputArchive=0001-01-01T00:00:00Z, thisGroup=false, parent=e8b01830-ca8b-11e5-826c-605718cb5baa, bic=041403725, swift=, name=ООО &quot;Осколбанк&quot;, corrAccount=30101810745250000725, address=Г. СТАРЫЙ ОСКОЛ, М-Н ОЛИМПИЙСК, city=Г. СТАРЫЙ ОСКОЛ, phones=, country=4e127564-d74f-4dd9-bced-0327f0f4e061, countryCode=643, activityDiscontinued=false}, {guid=979300b6-d82b-11e8-80bb-08002789bf51, archive=false, dateOutputArchive=0001-01-01T00:00:00Z, thisGroup=false, parent=78ddabe1-ca67-11e5-826c-605718cb5baa, bic=044030707, swift=VTBRRUM2SP3, name=ФИЛИАЛ № 7806 БАНКА ВТБ (ПАО), corrAccount=30101810240300000707, address=УЛ Б. МОРСКАЯ, 29 ЛИТ А, city=Г. САНКТ-ПЕТЕРБУРГ, phones=(812)3241214, country=4e127564-d74f-4dd9-bced-0327f0f4e061, countryCode=643, activityDiscontinued=false}, {guid=979300b7-d82b-11e8-80bb-08002789bf51, archive=false, dateOutputArchive=0001-01-01T00:00:00Z, thisGroup=false, parent=78ddac09-ca67-11e5-826c-605718cb5baa, bic=046577916, swift=, name=ФИЛИАЛ &quot;НОВОУРАЛЬСКИЙ&quot; ПАО КБ &quot;УБРИР&quot;, corrAccount=30101810365770000916, address=УЛ ДЗЕРЖИНСКОГО, 16, city=Г. НОВОУРАЛЬСК, phones=(34370)25591, country=4e127564-d74f-4dd9-bced-0327f0f4e061, countryCode=643, activityDiscontinued=false}, {guid=78ddabd9-ca67-11e5-826c-605718cb5baa, archive=, dateOutputArchive=, thisGroup=true, parent=00000000-0000-0000-0000-000000000000, bic=90       , swift=, name=РЕСПУБЛИКА СЕВЕРНАЯ ОСЕТИЯ-АЛАНИЯ, corrAccount=, address=, city=, phones=, country=, countryCode=, activityDiscontinued=}, {guid=979300b8-d82b-11e8-80bb-08002789bf51, archive=false, dateOutputArchive=0001-01-01T00:00:00Z, thisGroup=false, parent=78ddabdf-ca67-11e5-826c-605718cb5baa, bic=049246691, swift=, name=АБ &quot;ДЕВОН-КРЕДИТ&quot; (ПАО), corrAccount=30101810722029246691, address=УЛ ЛЕНИНА, 77, city=Г. АЛЬМЕТЬЕВСК, phones=(8553)456777, country=4e127564-d74f-4dd9-bced-0327f0f4e061, countryCode=643, activityDiscontinued=false}, {guid=979300b9-d82b-11e8-80bb-08002789bf51, archive=false, dateOutputArchive=0001-01-01T00:00:00Z, thisGroup=false, parent=78ddabe5-ca67-11e5-826c-605718cb5baa, bic=044525806, swift=, name=ФИЛИАЛ &quot;МОСКОВСКИЙ&quot; КБ &quot;СПУТНИК&quot; (ПАО), corrAccount=30101810145250000806, address=ЛЯЛИН ПЕР, 19-1, city=Г. МОСКВА, phones=(495)5891084, country=4e127564-d74f-4dd9-bced-0327f0f4e061, countryCode=643, activityDiscontinued=false}, {guid=979300ba-d82b-11e8-80bb-08002789bf51, archive=false, dateOutputArchive=0001-01-01T00:00:00Z, thisGroup=false, parent=78ddaccd-ca67-11e5-826c-605718cb5baa, bic=045209702, swift=, name=АО &quot;ИТ Банк&quot;, corrAccount=30101810750045209702, address=УЛ. ДУМСКАЯ, 7, city=Г. ОМСК, phones=, country=4e127564-d74f-4dd9-bced-0327f0f4e061, countryCode=643, activityDiscontinued=false}, {guid=979300bb-d82b-11e8-80bb-08002789bf51, archive=false, dateOutputArchive=0001-01-01T00:00:00Z, thisGroup=false, parent=78ddaccd-ca67-11e5-826c-605718cb5baa, bic=045209701, swift=, name=АО &quot;Эксперт Банк&quot;, corrAccount=30101810450045209701, address=УЛ. МАРШАЛА ЖУКОВА, ДОМ 107, city=Г. ОМСК, phones=, country=4e127564-d74f-4dd9-bced-0327f0f4e061, countryCode=643, activityDiscontinued=false}, {guid=979300bc-d82b-11e8-80bb-08002789bf51, archive=false, dateOutputArchive=0001-01-01T00:00:00Z, thisGroup=false, parent=78ddac09-ca67-11e5-826c-605718cb5baa, bic=046577743, swift=, name=ФИЛИАЛ &quot;ДЕЛО&quot; ПАО &quot;СКБ-БАНК&quot;, corrAccount=30101810965770000743, address=УЛ КУЙБЫШЕВА, 58, city=Г. ЕКАТЕРИНБУРГ, phones=(343)3557000, country=4e127564-d74f-4dd9-bced-0327f0f4e061, countryCode=643, activityDiscontinued=false}, {guid=979300bd-d82b-11e8-80bb-08002789bf51, archive=false, dateOutputArchive=0001-01-01T00:00:00Z, thisGroup=false, parent=78ddaccd-ca67-11e5-826c-605718cb5baa, bic=045209703, swift=, name=КУ АО &quot;Мираф-Банк&quot; - ГК &quot;АСВ&quot;, corrAccount=30101810050045209703, address=УЛ. ФРУНЗЕ, Д.54, city=Г. ОМСК, phones=, country=4e127564-d74f-4dd9-bced-0327f0f4e061, countryCode=643, activityDiscontinued=false}, {guid=9d8e68cb-d82b-11e8-80bb-08002789bf51, archive=false, dateOutputArchive=0001-01-01T00:00:00Z, thisGroup=false, parent=78ddac21-ca67-11e5-826c-605718cb5baa, bic=042202761, swift=, name=Ф. АКБ &quot;ФОРА-БАНК&quot; (АО) В Г. НИЖНИЙ НОВГОРОД, corrAccount=30101810822020000761, address=УЛ КОВАЛИХИНСКАЯ, 8, city=Г. НИЖНИЙ НОВГОРОД, phones=(831)2161801,2161802, country=4e127564-d74f-4dd9-bced-0327f0f4e061, countryCode=643, activityDiscontinued=false}, {guid=9d8e68cc-d82b-11e8-80bb-08002789bf51, archive=false, dateOutputArchive=0001-01-01T00:00:00Z, thisGroup=false, parent=78ddac67-ca67-11e5-826c-605718cb5baa, bic=045773804, swift=, name=ФИЛИАЛ &quot;ЛЫСЬВА&quot; АО АКБ &quot;АЛЕФ-БАНК&quot;, corrAccount=30101810965775700804, address=ПОЖАРСКОГО, Д.8, city=Г. ЛЫСЬВА, phones=, country=4e127564-d74f-4dd9-bced-0327f0f4e061, countryCode=643, activityDiscontinued=false}, {guid=9d8e68cd-d82b-11e8-80bb-08002789bf51, archive=false, dateOutputArchive=0001-01-01T00:00:00Z, thisGroup=false, parent=78ddac21-ca67-11e5-826c-605718cb5baa, bic=042202717, swift=, name=ФИЛИАЛ №10 ПАО КБ &quot;ЦЕНТР-ИНВЕСТ&quot;, corrAccount=30101810122020000717, address=УЛ КОМИНТЕРНА, 139, city=Г. НИЖНИЙ НОВГОРОД, phones=(831)4391708, country=4e127564-d74f-4dd9-bced-0327f0f4e061, countryCode=643, activityDiscontinued=false}, {guid=9d8e68ce-d82b-11e8-80bb-08002789bf51, archive=false, dateOutputArchive=0001-01-01T00:00:00Z, thisGroup=false, parent=78ddac21-ca67-11e5-826c-605718cb5baa, bic=042202716, swift=, name=НИЖЕГОРОДСКИЙ Ф БАНКА&quot;ВОЗРОЖДЕНИЕ&quot;(ПАО), corrAccount=30101810822020000716, address=УЛ БЕЛИНСКОГО, 106 А, city=Г. НИЖНИЙ НОВГОРОД, phones=(831)2787662,2783935, country=4e127564-d74f-4dd9-bced-0327f0f4e061, countryCode=643, activityDiscontinued=false}, {guid=9d8e68cf-d82b-11e8-80bb-08002789bf51, archive=false, dateOutputArchive=0001-01-01T00:00:00Z, thisGroup=false, parent=78ddac21-ca67-11e5-826c-605718cb5baa, bic=042202712, swift=, name=НИЖЕГОРОДСКИЙ ФИЛИАЛ АКБ &quot;ЛАНТА-БАНК&quot; (АО), corrAccount=30101810622020000712, address=МЕЩЕРСКИЙ Б-Р, 3, К 1, city=Г. НИЖНИЙ НОВГОРОД, phones=(831)2208322,2208320, country=4e127564-d74f-4dd9-bced-0327f0f4e061, countryCode=643, activityDiscontinued=false}, {guid=9d8e68d0-d82b-11e8-80bb-08002789bf51, archive=false, dateOutputArchive=0001-01-01T00:00:00Z, thisGroup=false, parent=78ddac17-ca67-11e5-826c-605718cb5baa, bic=046015707, swift=, name=ВОЛГОДОНСКИЙ ф Банка &quot;Возрождение&quot; (ПАО), corrAccount=30101810060150000707, address=БУЛ. ВЕЛИКОЙ ПОБЕДЫ, ДОМ №38А, city=Г. ВОЛГОДОНСК, phones=, country=4e127564-d74f-4dd9-bced-0327f0f4e061, countryCode=643, activityDiscontinued=false}, {guid=9d8e68d1-d82b-11e8-80bb-08002789bf51, archive=false, dateOutputArchive=0001-01-01T00:00:00Z, thisGroup=false, parent=78ddac21-ca67-11e5-826c-605718cb5baa, bic=042202718, swift=, name=ПАО &quot;САРОВБИЗНЕСБАНК&quot;, corrAccount=30101810422020000718, address=УЛ СИЛКИНА, 13, city=Г. САРОВ, phones=(831)4307478,(83130)33640, country=4e127564-d74f-4dd9-bced-0327f0f4e061, countryCode=643, activityDiscontinued=false}, {guid=9d8e68d2-d82b-11e8-80bb-08002789bf51, archive=false, dateOutputArchive=0001-01-01T00:00:00Z, thisGroup=false, parent=78ddac21-ca67-11e5-826c-605718cb5baa, bic=042202727, swift=, name=ПАО КОМБАНК &quot;ХИМИК&quot;, corrAccount=30101810222020000727, address=УЛ УРИЦКОГО, 10 Б, city=Г. ДЗЕРЖИНСК, phones=(8313)261608,251126, country=4e127564-d74f-4dd9-bced-0327f0f4e061, countryCode=643, activityDiscontinued=false}, {guid=9d8e68d3-d82b-11e8-80bb-08002789bf51, archive=false, dateOutputArchive=0001-01-01T00:00:00Z, thisGroup=false, parent=78ddabe5-ca67-11e5-826c-605718cb5baa, bic=044525420, swift=, name=Ф РОКЕТБАНК КИВИ БАНК (АО), corrAccount=30101810945250000420, address=УЛ ПАЛИХА, 10, СТР 5, city=Г. МОСКВА, phones=(495)2313645, country=4e127564-d74f-4dd9-bced-0327f0f4e061, countryCode=643, activityDiscontinued=false}, {guid=78ddabda-ca67-11e5-826c-605718cb5baa, archive=false, dateOutputArchive=0001-01-01T00:00:00Z, thisGroup=false, parent=78ddabd9-ca67-11e5-826c-605718cb5baa, bic=049033736, swift=, name=СКФ ПАО АКБ &quot;ИРОНБАНК&quot;, corrAccount=30101810800000000736, address=, city=Г. ВЛАДИКАВКАЗ, phones=, country=00000000-0000-0000-0000-000000000000, countryCode=, activityDiscontinued=true}, {guid=9d8e68d4-d82b-11e8-80bb-08002789bf51, archive=false, dateOutputArchive=0001-01-01T00:00:00Z, thisGroup=false, parent=78ddac21-ca67-11e5-826c-605718cb5baa, bic=042202731, swift=, name=АО КОМБАНК &quot;АРЗАМАС&quot;, corrAccount=30101810522020000731, address=УЛ КИРОВА, 33, city=Г. АРЗАМАС, phones=(83147)70224,70177, country=4e127564-d74f-4dd9-bced-0327f0f4e061, countryCode=643, activityDiscontinued=false}, {guid=9d8e68d5-d82b-11e8-80bb-08002789bf51, archive=false, dateOutputArchive=0001-01-01T00:00:00Z, thisGroup=false, parent=78ddabe5-ca67-11e5-826c-605718cb5baa, bic=044525864, swift=, name=МОСКОВСКИЙ ФИЛИАЛ АО АКБ &quot;ГАЗБАНК&quot;, corrAccount=30101810145250000864, address=УЛ БРЯНСКАЯ, 5, city=Г. МОСКВА, phones=(495)3639438, country=4e127564-d74f-4dd9-bced-0327f0f4e061, countryCode=643, activityDiscontinued=true}, {guid=9d8e68d6-d82b-11e8-80bb-08002789bf51, archive=false, dateOutputArchive=0001-01-01T00:00:00Z, thisGroup=false, parent=78ddabe5-ca67-11e5-826c-605718cb5baa, bic=044525797, swift=, name=Ф ТОЧКА БАНК КИВИ БАНК (АО), corrAccount=30101810445250000797, address=УЛ СПИРИДОНОВКА, 4, СТР 2, city=Г. МОСКВА, phones=(495)2313645, country=4e127564-d74f-4dd9-bced-0327f0f4e061, countryCode=643, activityDiscontinued=false}, {guid=9d8e68d7-d82b-11e8-80bb-08002789bf51, archive=false, dateOutputArchive=0001-01-01T00:00:00Z, thisGroup=false, parent=78ddac9c-ca67-11e5-826c-605718cb5baa, bic=040407404, swift=, name=ФПАО &quot;ДАЛЬНЕВОСТОЧНЫЙ БАНК&quot; &quot;КРАСНОЯРСКИЙ&quot;, corrAccount=30101810850040000404, address=УЛ МОЛОКОВА, 1, К 4, city=Г. КРАСНОЯРСК, phones=(391)2773071, country=4e127564-d74f-4dd9-bced-0327f0f4e061, countryCode=643, activityDiscontinued=false}, {guid=9d8e68d8-d82b-11e8-80bb-08002789bf51, archive=false, dateOutputArchive=0001-01-01T00:00:00Z, thisGroup=false, parent=78ddad0a-ca67-11e5-826c-605718cb5baa, bic=047144778, swift=, name=СФ АО БАНК &quot;СНГБ&quot;, corrAccount=30101810165777100778, address=УЛ ГУБКИНА, 15 А, city=Г. СУРГУТ, phones=(3462)398700, country=4e127564-d74f-4dd9-bced-0327f0f4e061, countryCode=643, activityDiscontinued=false}, {guid=9d8e68d9-d82b-11e8-80bb-08002789bf51, archive=false, dateOutputArchive=0001-01-01T00:00:00Z, thisGroup=false, parent=78ddabf2-ca67-11e5-826c-605718cb5baa, bic=043601968, swift=VTBRRUM2SA3, name=ФИЛИАЛ № 6318 БАНКА ВТБ (ПАО), corrAccount=30101810422023601968, address=УЛ МОЛОДОГВАРДЕЙСКАЯ, 204, city=Г. САМАРА, phones=(846)2696824,2696834, country=4e127564-d74f-4dd9-bced-0327f0f4e061, countryCode=643, activityDiscontinued=false}, {guid=9d8e68da-d82b-11e8-80bb-08002789bf51, archive=false, dateOutputArchive=0001-01-01T00:00:00Z, thisGroup=false, parent=78ddabf2-ca67-11e5-826c-605718cb5baa, bic=043601975, swift=, name=ООО &quot;РУСФИНАНС БАНК&quot;, corrAccount=30101810622023601975, address=УЛ ЧЕРНОРЕЧЕНСКАЯ, 42 А, city=Г. САМАРА, phones=(846)2696911,2694411, country=4e127564-d74f-4dd9-bced-0327f0f4e061, countryCode=643, activityDiscontinued=false}, {guid=9d8e68db-d82b-11e8-80bb-08002789bf51, archive=false, dateOutputArchive=0001-01-01T00:00:00Z, thisGroup=false, parent=78ddabf7-ca67-11e5-826c-605718cb5baa, bic=045354880, swift=, name=ГК &quot;АСВ&quot; - КУ АО &quot;НСТ-БАНК&quot;, corrAccount=30101810265775300880, address=ВИЛОНОВСКАЯ УЛ, 138, city=Г. САМАРА, phones=, country=4e127564-d74f-4dd9-bced-0327f0f4e061, countryCode=643, activityDiscontinued=false}, {guid=9d8e68dc-d82b-11e8-80bb-08002789bf51, archive=false, dateOutputArchive=0001-01-01T00:00:00Z, thisGroup=false, parent=78ddabe7-ca67-11e5-826c-605718cb5baa, bic=040507595, swift=, name=АО &quot;СОЛИД БАНК&quot;, corrAccount=30101810205070000595, address=УЛ АДМИРАЛА ФОКИНА, 25, city=Г. ВЛАДИВОСТОК, phones=(423)2265722,(423)2469293, country=4e127564-d74f-4dd9-bced-0327f0f4e061, countryCode=643, activityDiscontinued=false}, {guid=9d8e68dd-d82b-11e8-80bb-08002789bf51, archive=false, dateOutputArchive=0001-01-01T00:00:00Z, thisGroup=false, parent=78ddabe1-ca67-11e5-826c-605718cb5baa, bic=044030830, swift=, name=СПБ. Ф. АО БАНК &quot;НАЦИОНАЛЬНЫЙ СТАНДАРТ&quot;, corrAccount=30101810340300000830, address=УЛ. ЧАЙКОВСКОГО, Д. 39, ЛИТ А, city=Г. САНКТ-ПЕТЕРБУРГ, phones=(812)4493155, country=4e127564-d74f-4dd9-bced-0327f0f4e061, countryCode=643, activityDiscontinued=false}, {guid=9d8e68de-d82b-11e8-80bb-08002789bf51, archive=false, dateOutputArchive=0001-01-01T00:00:00Z, thisGroup=false, parent=78ddabeb-ca67-11e5-826c-605718cb5baa, bic=040708735, swift=, name=ФИЛИАЛ В Г. ЕССЕНТУКИ АКБ &quot;ЛАНТА-БАНК&quot; (АО), corrAccount=30101810007080000735, address=УЛ СОВЕТСКАЯ, 20 Б, city=Г. ЕССЕНТУКИ, phones=(87934)54547,54371, country=4e127564-d74f-4dd9-bced-0327f0f4e061, countryCode=643, activityDiscontinued=false}, {guid=9d8e68df-d82b-11e8-80bb-08002789bf51, archive=false, dateOutputArchive=0001-01-01T00:00:00Z, thisGroup=false, parent=78ddac72-ca67-11e5-826c-605718cb5baa, bic=041806745, swift=, name=Урюпинский филиал ПАО КБ &quot;Сельмашбанк&quot;, corrAccount=30101810518060000745, address=УЛ. ШТЕМЕНКО, 47/3, city=Г. УРЮПИНСК, phones=, country=4e127564-d74f-4dd9-bced-0327f0f4e061, countryCode=643, activityDiscontinued=false}, {guid=9d8e68e0-d82b-11e8-80bb-08002789bf51, archive=false, dateOutputArchive=0001-01-01T00:00:00Z, thisGroup=false, parent=78ddac72-ca67-11e5-826c-605718cb5baa, bic=041806730, swift=, name=Ликвидатор АО КБ &quot;Михайловский ПЖСБ&quot;, corrAccount=30101810918060000730, address=УЛИЦА ОБОРОНЫ, 44 &quot;А&quot;, city=Г. МИХАЙЛОВКА, phones=, country=4e127564-d74f-4dd9-bced-0327f0f4e061, countryCode=643, activityDiscontinued=false}, {guid=9d8e68e1-d82b-11e8-80bb-08002789bf51, archive=false, dateOutputArchive=0001-01-01T00:00:00Z, thisGroup=false, parent=78ddabe5-ca67-11e5-826c-605718cb5baa, bic=044525941, swift=, name=&quot;УМ-БАНК&quot; ООО, corrAccount=30101810945250000941, address=УЛ Б. ОРДЫНКА, 59, СТР 2, city=Г. МОСКВА, phones=(495)2123020, country=4e127564-d74f-4dd9-bced-0327f0f4e061, countryCode=643, activityDiscontinued=false}, {guid=9d8e68e2-d82b-11e8-80bb-08002789bf51, archive=false, dateOutputArchive=0001-01-01T00:00:00Z, thisGroup=false, parent=78ddac72-ca67-11e5-826c-605718cb5baa, bic=041806717, swift=, name=ЮЖНЫЙ ФИЛИАЛ АО БАНК &quot;НАЦИОНАЛЬНЫЙ СТАНДАРТ&quot;, corrAccount=30101810818060000717, address=УЛ ИМ. ГАГАРИНА, 7, city=Г. ВОЛГОГРАД, phones=(8442)995000, country=4e127564-d74f-4dd9-bced-0327f0f4e061, countryCode=643, activityDiscontinued=true}, {guid=78ddabdb-ca67-11e5-826c-605718cb5baa, archive=, dateOutputArchive=, thisGroup=true, parent=00000000-0000-0000-0000-000000000000, bic=32       , swift=, name=КЕМЕРОВСКАЯ ОБЛАСТЬ, corrAccount=, address=, city=, phones=, country=, countryCode=, activityDiscontinued=}, {guid=a38a1a95-d82b-11e8-80bb-08002789bf51, archive=false, dateOutputArchive=0001-01-01T00:00:00Z, thisGroup=false, parent=78ddac17-ca67-11e5-826c-605718cb5baa, bic=046015846, swift=, name=КУ ОАО КБ &quot;МАКСИМУМ&quot; - ГК &quot;АСВ&quot;, corrAccount=30101810060150000846, address=УЛ. ВЫСОЦКОГО, Д.4, city=Г. МОСКВА, phones=, country=4e127564-d74f-4dd9-bced-0327f0f4e061, countryCode=643, activityDiscontinued=false}, {guid=a38a1a96-d82b-11e8-80bb-08002789bf51, archive=false, dateOutputArchive=0001-01-01T00:00:00Z, thisGroup=false, parent=78ddac14-ca67-11e5-826c-605718cb5baa, bic=047601205, swift=, name=ООО КБ &quot;ЦЕНТРАЛЬНО-ЕВРОПЕЙСКИЙ БАНК&quot;, corrAccount=30101810950040000205, address=УЛ БАБУШКИНА, 108, city=Г. ЧИТА, phones=(3022)211502, country=4e127564-d74f-4dd9-bced-0327f0f4e061, countryCode=643, activityDiscontinued=false}, {guid=78ddabf7-ca67-11e5-826c-605718cb5baa, archive=, dateOutputArchive=, thisGroup=true, parent=00000000-0000-0000-0000-000000000000, bic=53       , swift=, name=ОРЕНБУРГСКАЯ ОБЛАСТЬ, corrAccount=, address=, city=, phones=, country=, countryCode=, activityDiscontinued=}, {guid=a38a1a97-d82b-11e8-80bb-08002789bf51, archive=false, dateOutputArchive=0001-01-01T00:00:00Z, thisGroup=false, parent=78ddac17-ca67-11e5-826c-605718cb5baa, bic=046015835, swift=, name=КУ ООО &quot;РУССКИЙ НАЦИОНАЛЬНЫЙ БАНК&quot; - ГК &quot;АСВ&quot;, corrAccount=30101810660150000835, address=УЛ ВЫСОЦКОГО, 4 ТЕЛ.(495)96125, city=Г. МОСКВА, phones=(863)2999413,2999418, country=4e127564-d74f-4dd9-bced-0327f0f4e061, countryCode=643, activityDiscontinued=false}, {guid=a38a1a98-d82b-11e8-80bb-08002789bf51, archive=false, dateOutputArchive=0001-01-01T00:00:00Z, thisGroup=false, parent=78ddabe5-ca67-11e5-826c-605718cb5baa, bic=044525535, swift=, name=КУ АБ &quot;АЛДАНЗОЛОТОБАНК&quot; АО - ГК &quot;АСВ&quot;, corrAccount=30101810445250000535, address=УЛ. ВЫСОЦКОГО, Д. 4, city=Г. МОСКВА, phones=, country=4e127564-d74f-4dd9-bced-0327f0f4e061, countryCode=643, activityDiscontinued=false}, {guid=a38a1a99-d82b-11e8-80bb-08002789bf51, archive=false, dateOutputArchive=0001-01-01T00:00:00Z, thisGroup=false, parent=78ddac21-ca67-11e5-826c-605718cb5baa, bic=042202812, swift=, name=ВЫКСУНСКИЙ Ф-Л ПАО АКБ &quot;МЕТАЛЛИНВЕСТБАНК&quot;, corrAccount=30101810522020000812, address=ПЛ ОКТЯБРЬСКОЙ РЕВОЛЮЦИИ, 48, city=Г. ВЫКСА, phones=(83177)35825,31157, country=4e127564-d74f-4dd9-bced-0327f0f4e061, countryCode=643, activityDiscontinued=false}, {guid=a38a1a9a-d82b-11e8-80bb-08002789bf51, archive=false, dateOutputArchive=0001-01-01T00:00:00Z, thisGroup=false, parent=78ddac07-ca67-11e5-826c-605718cb5baa, bic=045004893, swift=, name=НОВОСИБИРСКИЙ Ф-Л НКО &quot;ИНКАХРАН&quot;(АО), corrAccount=30103810950040000893, address=УЛ 2-Я СОЮЗА МОЛОДЕЖИ, 31, city=Г. НОВОСИБИРСК, phones=(383)2260797,2269768, country=4e127564-d74f-4dd9-bced-0327f0f4e061, countryCode=643, activityDiscontinued=false}, {guid=a38a1a9b-d82b-11e8-80bb-08002789bf51, archive=false, dateOutputArchive=0001-01-01T00:00:00Z, thisGroup=false, parent=78ddac07-ca67-11e5-826c-605718cb5baa, bic=045004883, swift=, name=СИБИРСКИЙ ФИЛИАЛ АО &quot;БАНК ИНТЕЗА&quot;, corrAccount=30101810250040000883, address=УЛ ОКТЯБРЬСКАЯ, 49, city=Г. НОВОСИБИРСК, phones=(383)2278193, country=4e127564-d74f-4dd9-bced-0327f0f4e061, countryCode=643, activityDiscontinued=false}, {guid=a38a1a9c-d82b-11e8-80bb-08002789bf51, archive=false, dateOutputArchive=0001-01-01T00:00:00Z, thisGroup=false, parent=78ddac07-ca67-11e5-826c-605718cb5baa, bic=045004876, swift=, name=НОВОСИБИРСКИЙ ФИЛИАЛ ПАО &quot;МТС-БАНК&quot;, corrAccount=30101810050040000876, address=УЛ. НИЖЕГОРОДСКАЯ, 4, city=Г. НОВОСИБИРСК, phones=(383)3251781, country=4e127564-d74f-4dd9-bced-0327f0f4e061, countryCode=643, activityDiscontinued=false}, {guid=a38a1a9d-d82b-11e8-80bb-08002789bf51, archive=false, dateOutputArchive=0001-01-01T00:00:00Z, thisGroup=false, parent=78ddac07-ca67-11e5-826c-605718cb5baa, bic=045004861, swift=, name=ФИЛИАЛ ООО &quot;ЭКСПОБАНК&quot; В Г.НОВОСИБИРСКЕ, corrAccount=30101810450040000861, address=КРАСНЫЙ ПР-Т, 25, city=Г. НОВОСИБИРСК, phones=(383)2105207, country=4e127564-d74f-4dd9-bced-0327f0f4e061, countryCode=643, activityDiscontinued=false}, {guid=a38a1a9e-d82b-11e8-80bb-08002789bf51, archive=false, dateOutputArchive=0001-01-01T00:00:00Z, thisGroup=false, parent=78ddac07-ca67-11e5-826c-605718cb5baa, bic=045004864, swift=, name=СИБИРСКИЙ ФИЛИАЛ АО КБ &quot;МОДУЛЬБАНК&quot;, corrAccount=30101810350040000864, address=УЛ ПЛАНЕТНАЯ, 30, city=Г. НОВОСИБИРСК, phones=(383)3250606,3251575, country=4e127564-d74f-4dd9-bced-0327f0f4e061, countryCode=643, activityDiscontinued=false}, {guid=a38a1a9f-d82b-11e8-80bb-08002789bf51, archive=false, dateOutputArchive=0001-01-01T00:00:00Z, thisGroup=false, parent=78ddabf2-ca67-11e5-826c-605718cb5baa, bic=043601875, swift=, name=САМАРСКИЙ ФИЛИАЛ ТКБ БАНК ПАО, corrAccount=30101810722023601875, address=УЛ СТАРА ЗАГОРА, 52, city=Г. САМАРА, phones=(846)9338233,2280135, country=4e127564-d74f-4dd9-bced-0327f0f4e061, countryCode=643, activityDiscontinued=false}, {guid=a38a1aa0-d82b-11e8-80bb-08002789bf51, archive=false, dateOutputArchive=0001-01-01T00:00:00Z, thisGroup=false, parent=78ddabf2-ca67-11e5-826c-605718cb5baa, bic=043601845, swift=, name=САМАРСКИЙ ФИЛИАЛ БАНКА СОЮЗ (АО), corrAccount=30101810422023601845, address=УЛ КРАСНОАРМЕЙСКАЯ, 75, city=Г. САМАРА, phones=(846)2311251,2311259, country=4e127564-d74f-4dd9-bced-0327f0f4e061, countryCode=643, activityDiscontinued=false}, {guid=a38a1aa1-d82b-11e8-80bb-08002789bf51, archive=false, dateOutputArchive=0001-01-01T00:00:00Z, thisGroup=false, parent=78ddabf2-ca67-11e5-826c-605718cb5baa, bic=043601842, swift=, name=АО КБ &quot;НИБ&quot;, corrAccount=30101810522023601842, address=УЛ ФРУНЗЕ, 102, city=Г. САМАРА, phones=(846)3425750,3425751, country=4e127564-d74f-4dd9-bced-0327f0f4e061, countryCode=643, activityDiscontinued=false}, {guid=a38a1aa2-d82b-11e8-80bb-08002789bf51, archive=false, dateOutputArchive=0001-01-01T00:00:00Z, thisGroup=false, parent=78ddac2f-ca67-11e5-826c-605718cb5baa, bic=040813708, swift=, name=ХАБАРОВСКИЙ ФИЛИАЛ ТКБ БАНК ПАО, corrAccount=30101810108130000708, address=УЛ КОМСОМОЛЬСКАЯ, 102, city=Г. ХАБАРОВСК, phones=(4212)910702, country=4e127564-d74f-4dd9-bced-0327f0f4e061, countryCode=643, activityDiscontinued=false}, {guid=78ddac1c-ca67-11e5-826c-605718cb5baa, archive=false, dateOutputArchive=0001-01-01T00:00:00Z, thisGroup=false, parent=78ddabe5-ca67-11e5-826c-605718cb5baa, bic=044525150, swift=, name=ФИЛИАЛ &quot;МОСКОВСКИЙ&quot; АО &quot;ФИА-БАНК&quot;, corrAccount=30101810545250000150, address=, city=Г. МОСКВА, phones=, country=00000000-0000-0000-0000-000000000000, countryCode=, activityDiscontinued=true}, {guid=a38a1aa3-d82b-11e8-80bb-08002789bf51, archive=false, dateOutputArchive=0001-01-01T00:00:00Z, thisGroup=false, parent=78ddac2f-ca67-11e5-826c-605718cb5baa, bic=040813713, swift=VTBRRUM2KH3, name=ФИЛИАЛ № 2754 БАНКА ВТБ (ПАО), corrAccount=30101810708130000713, address=УЛ МУРАВЬЁВА-АМУРСКОГО, 18, city=Г. ХАБАРОВСК, phones=(4212)455455, country=4e127564-d74f-4dd9-bced-0327f0f4e061, countryCode=643, activityDiscontinued=false}, {guid=a38a1aa4-d82b-11e8-80bb-08002789bf51, archive=false, dateOutputArchive=0001-01-01T00:00:00Z, thisGroup=false, parent=78ddac09-ca67-11e5-826c-605718cb5baa, bic=046577501, swift=VTBRRUM2EK3, name=ФИЛИАЛ № 6602 БАНКА ВТБ (ПАО), corrAccount=30101810165770000501, address=ПР-Т ЛЕНИНА, 27, city=Г. ЕКАТЕРИНБУРГ, phones=(343)3862400, country=4e127564-d74f-4dd9-bced-0327f0f4e061, countryCode=643, activityDiscontinued=false}, {guid=a38a1aa5-d82b-11e8-80bb-08002789bf51, archive=false, dateOutputArchive=0001-01-01T00:00:00Z, thisGroup=false, parent=78ddac09-ca67-11e5-826c-605718cb5baa, bic=046577507, swift=, name=ЕКАТЕРИНБУРГСКИЙ ФИЛИАЛ АБ &quot;РОССИЯ&quot;, corrAccount=30101810965770000507, address=УЛ МАМИНА-СИБИРЯКА, 145, city=Г. ЕКАТЕРИНБУРГ, phones=(343)2863760, country=4e127564-d74f-4dd9-bced-0327f0f4e061, countryCode=643, activityDiscontinued=false}, {guid=a38a1aa6-d82b-11e8-80bb-08002789bf51, archive=false, dateOutputArchive=0001-01-01T00:00:00Z, thisGroup=false, parent=78ddabf2-ca67-11e5-826c-605718cb5baa, bic=043601811, swift=, name=ООО &quot;ЗЕМСКИЙ БАНК&quot;, corrAccount=30101810922023601811, address=УЛ УЛЬЯНОВСКАЯ, 79, city=Г. СЫЗРАНЬ, phones=(8464)985454, country=4e127564-d74f-4dd9-bced-0327f0f4e061, countryCode=643, activityDiscontinued=false}, {guid=a38a1aa7-d82b-11e8-80bb-08002789bf51, archive=false, dateOutputArchive=0001-01-01T00:00:00Z, thisGroup=false, parent=78ddabfd-ca67-11e5-826c-605718cb5baa, bic=046311890, swift=, name=АО &quot;БАЛАКОВО-БАНК&quot;, corrAccount=30101810022026311890, address=УЛ ФАКЕЛ СОЦИАЛИЗМА, 21, city=Г. БАЛАКОВО, phones=(8453)444166,447007, country=4e127564-d74f-4dd9-bced-0327f0f4e061, countryCode=643, activityDiscontinued=false}, {guid=a38a1aa8-d82b-11e8-80bb-08002789bf51, archive=false, dateOutputArchive=0001-01-01T00:00:00Z, thisGroup=false, parent=78ddabe5-ca67-11e5-826c-605718cb5baa, bic=044525641, swift=, name=ФИЛИАЛ 1 ООО КБ &quot;ЦЕНТРАЛЬНО-ЕВРОПЕЙСКИЙ БАНК&quot;, corrAccount=30101810245250000641, address=ПРОЕКТ-Й 4062Й ПР-Д, 6, СТР 16, city=Г. МОСКВА, phones=(495)6625665, country=4e127564-d74f-4dd9-bced-0327f0f4e061, countryCode=643, activityDiscontinued=false}, {guid=a38a1aa9-d82b-11e8-80bb-08002789bf51, archive=false, dateOutputArchive=0001-01-01T00:00:00Z, thisGroup=false, parent=78ddac17-ca67-11e5-826c-605718cb5baa, bic=046015946, swift=, name=ПАО &quot;ТАГАНРОГБАНК&quot;, corrAccount=30101810960150000946, address=УЛ. ГРЕЧЕСКАЯ, 71 ТЕЛ.(8634)31, city=Г. ТАГАНРОГ, phones=, country=4e127564-d74f-4dd9-bced-0327f0f4e061, countryCode=643, activityDiscontinued=false}, {guid=a38a1aaa-d82b-11e8-80bb-08002789bf51, archive=false, dateOutputArchive=0001-01-01T00:00:00Z, thisGroup=false, parent=78ddabe5-ca67-11e5-826c-605718cb5baa, bic=044525646, swift=, name=НКО НКЦ (АО), corrAccount=30103810345250000646, address=Б. КИСЛОВСКИЙ ПЕР, 13, city=Г. МОСКВА, phones=(495)7829794, country=4e127564-d74f-4dd9-bced-0327f0f4e061, countryCode=643, activityDiscontinued=false}, {guid=a38a1aab-d82b-11e8-80bb-08002789bf51, archive=false, dateOutputArchive=0001-01-01T00:00:00Z, thisGroup=false, parent=78ddac07-ca67-11e5-826c-605718cb5baa, bic=045004841, swift=, name=НОВОСИБИРСКИЙ ФИЛИАЛ ТКБ БАНК ПАО, corrAccount=30101810250040000841, address=УЛ КОММУНИСТИЧЕСКАЯ, 35, city=Г. НОВОСИБИРСК, phones=(383)3252500,3252660, country=4e127564-d74f-4dd9-bced-0327f0f4e061, countryCode=643, activityDiscontinued=false}, {guid=a38a1aac-d82b-11e8-80bb-08002789bf51, archive=false, dateOutputArchive=0001-01-01T00:00:00Z, thisGroup=false, parent=78ddac07-ca67-11e5-826c-605718cb5baa, bic=045004846, swift=, name=Ф-Л &quot;НОВОСИБИРСК&quot; АКБ &quot;РОСЕВРОБАНК&quot; (АО), corrAccount=30101810750040000846, address=УЛ ФРУНЗЕ, 5, city=Г. НОВОСИБИРСК, phones=(383)2020750, country=4e127564-d74f-4dd9-bced-0327f0f4e061, countryCode=643, activityDiscontinued=false}, {guid=a38a1aad-d82b-11e8-80bb-08002789bf51, archive=false, dateOutputArchive=0001-01-01T00:00:00Z, thisGroup=false, parent=78ddac07-ca67-11e5-826c-605718cb5baa, bic=045004845, swift=, name=ФИЛИАЛ &quot;НОВОСИБИРСКИЙ&quot; ПАО КБ &quot;УБРИР&quot;, corrAccount=30101810450040000845, address=УЛ ВОКЗАЛЬНАЯ МАГИСТРАЛЬ, 1, city=Г. НОВОСИБИРСК, phones=(383)2201141,2201181, country=4e127564-d74f-4dd9-bced-0327f0f4e061, countryCode=643, activityDiscontinued=false}, {guid=a38a1aae-d82b-11e8-80bb-08002789bf51, archive=false, dateOutputArchive=0001-01-01T00:00:00Z, thisGroup=false, parent=78ddac07-ca67-11e5-826c-605718cb5baa, bic=045004833, swift=, name=НОВОСИБИРСКИЙ ФИЛИАЛ ООО &quot;БАНК БКФ&quot;, corrAccount=30101810750040000833, address=ПР-Т ДИМИТРОВА, 4/1, city=Г. НОВОСИБИРСК, phones=(383)3191118,3191116, country=4e127564-d74f-4dd9-bced-0327f0f4e061, countryCode=643, activityDiscontinued=false}, {guid=aaaf21b4-d82b-11e8-80bb-08002789bf51, archive=false, dateOutputArchive=0001-01-01T00:00:00Z, thisGroup=false, parent=78ddac07-ca67-11e5-826c-605718cb5baa, bic=045004818, swift=, name=НОВОСИБИРСКИЙ ФИЛИАЛ АО ЮНИКРЕДИТ БАНКА, corrAccount=30101810050040000818, address=УЛ МАКСИМА ГОРЬКОГО, 53, city=Г. НОВОСИБИРСК, phones=(383)2300163, country=4e127564-d74f-4dd9-bced-0327f0f4e061, countryCode=643, activityDiscontinued=false}, {guid=aaaf21b5-d82b-11e8-80bb-08002789bf51, archive=false, dateOutputArchive=0001-01-01T00:00:00Z, thisGroup=false, parent=78ddabeb-ca67-11e5-826c-605718cb5baa, bic=040715725, swift=, name=ООО &quot;РУСБС&quot;, corrAccount=30101810107150000725, address=УЛ ГАГАРИНА, 148, city=СТ-ЦА ЕССЕНТУКСКАЯ, phones=(87961)51171,24177,50987, country=4e127564-d74f-4dd9-bced-0327f0f4e061, countryCode=643, activityDiscontinued=false}, {guid=aaaf21b6-d82b-11e8-80bb-08002789bf51, archive=false, dateOutputArchive=0001-01-01T00:00:00Z, thisGroup=false, parent=78ddac0f-ca67-11e5-826c-605718cb5baa, bic=040349789, swift=, name=ООО КБ &quot;ГТ БАНК&quot;, corrAccount=30101810303490000789, address=УЛ СЕВЕРНАЯ, 321, city=Г. КРАСНОДАР, phones=(861)2790305,2791744, country=4e127564-d74f-4dd9-bced-0327f0f4e061, countryCode=643, activityDiscontinued=false}, {guid=aaaf21b7-d82b-11e8-80bb-08002789bf51, archive=false, dateOutputArchive=0001-01-01T00:00:00Z, thisGroup=false, parent=78ddac00-ca67-11e5-826c-605718cb5baa, bic=048209848, swift=, name=КУ ООО КБ &quot;ПРЕСТИЖКРЕДИТБАНК&quot; ГК &quot;АСВ&quot;, corrAccount=30101810282090000848, address=УЛ КАММАЕВА, 19, К &quot;Ж&quot;, city=Г. МАХАЧКАЛА, phones=(8722)561920,561921, country=4e127564-d74f-4dd9-bced-0327f0f4e061, countryCode=643, activityDiscontinued=false}, {guid=aaaf21b8-d82b-11e8-80bb-08002789bf51, archive=false, dateOutputArchive=0001-01-01T00:00:00Z, thisGroup=false, parent=78ddac98-ca67-11e5-826c-605718cb5baa, bic=041117785, swift=, name=Ф-л &quot;Космодром-Плесецк&quot; АО &quot;ФОНДСЕРВИСБАНК&quot;, corrAccount=30101810540300011785, address=УЛ. ПУШКИНА, Д. 3, city=Г. МИРНЫЙ, phones=, country=4e127564-d74f-4dd9-bced-0327f0f4e061, countryCode=643, activityDiscontinued=false}, {guid=aaaf21b9-d82b-11e8-80bb-08002789bf51, archive=false, dateOutputArchive=0001-01-01T00:00:00Z, thisGroup=false, parent=78ddac34-ca67-11e5-826c-605718cb5baa, bic=046489002, swift=, name=ПУ БАНКА РОССИИ ОХОТСКОЕ, corrAccount=, address=УЛ ГНЕЧКО, 1, city=ПГТ ЮЖНО-КУРИЛЬСК, phones=, country=4e127564-d74f-4dd9-bced-0327f0f4e061, countryCode=643, activityDiscontinued=false}, {guid=78ddac57-ca67-11e5-826c-605718cb5baa, archive=, dateOutputArchive=, thisGroup=true, parent=00000000-0000-0000-0000-000000000000, bic=27       , swift=, name=КАЛИНИНГРАДСКАЯ ОБЛАСТЬ, corrAccount=, address=, city=, phones=, country=, countryCode=, activityDiscontinued=}, {guid=aaaf21ba-d82b-11e8-80bb-08002789bf51, archive=false, dateOutputArchive=0001-01-01T00:00:00Z, thisGroup=false, parent=78ddabfd-ca67-11e5-826c-605718cb5baa, bic=046311926, swift=, name=АО РНКО &quot;СИНЕРГИЯ&quot;, corrAccount=30103810622026311926, address=Г. САРАТОВ, УЛ. РАБОЧАЯ, 27, city=Г. САРАТОВ, phones=, country=4e127564-d74f-4dd9-bced-0327f0f4e061, countryCode=643, activityDiscontinued=false}, {guid=aaaf21bb-d82b-11e8-80bb-08002789bf51, archive=false, dateOutputArchive=0001-01-01T00:00:00Z, thisGroup=false, parent=78ddac0f-ca67-11e5-826c-605718cb5baa, bic=040349744, swift=, name=КРАСНОДАРСКИЙ ФИЛИАЛ ПАО РОСБАНК, corrAccount=30101810403490000744, address=УЛ ОЛИМПИЙСКАЯ, 8, city=Г. КРАСНОДАР, phones=(861)2739730,2739731, country=4e127564-d74f-4dd9-bced-0327f0f4e061, countryCode=643, activityDiscontinued=false}, {guid=aaaf21bc-d82b-11e8-80bb-08002789bf51, archive=false, dateOutputArchive=0001-01-01T00:00:00Z, thisGroup=false, parent=78ddac07-ca67-11e5-826c-605718cb5baa, bic=045004796, swift=, name=ФИЛИАЛ &quot;НОВОСИБИРСК&quot; КБ &quot;ЛОКО-БАНК&quot; (АО), corrAccount=30101810350040000796, address=УЛ ЛЕНИНА, 52, city=Г. НОВОСИБИРСК, phones=(383)2380740,2380750, country=4e127564-d74f-4dd9-bced-0327f0f4e061, countryCode=643, activityDiscontinued=false}, {guid=aaaf21bd-d82b-11e8-80bb-08002789bf51, archive=false, dateOutputArchive=0001-01-01T00:00:00Z, thisGroup=false, parent=78ddac17-ca67-11e5-826c-605718cb5baa, bic=046015080, swift=, name=РОСТОВСКИЙ ФИЛИАЛ ПАО &quot;РГС БАНК&quot;, corrAccount=30101810460150000080, address=УЛ ГОРОДА ВОЛОС, 11/81-83/34, city=Г. РОСТОВ-НА-ДОНУ, phones=(863)2370660, country=4e127564-d74f-4dd9-bced-0327f0f4e061, countryCode=643, activityDiscontinued=false}, {guid=aaaf21be-d82b-11e8-80bb-08002789bf51, archive=false, dateOutputArchive=0001-01-01T00:00:00Z, thisGroup=false, parent=78ddac07-ca67-11e5-826c-605718cb5baa, bic=045004785, swift=, name=НОВОСИБИРСКИЙ Ф-Л ПАО АКБ &quot;МЕТАЛЛИНВЕСТБАНК&quot;, corrAccount=30101810950040000785, address=УЛ СОВЕТСКАЯ, 8, city=Г. НОВОСИБИРСК, phones=(383)2091447,2091446, country=4e127564-d74f-4dd9-bced-0327f0f4e061, countryCode=643, activityDiscontinued=false}, {guid=aaaf21bf-d82b-11e8-80bb-08002789bf51, archive=false, dateOutputArchive=0001-01-01T00:00:00Z, thisGroup=false, parent=78ddac17-ca67-11e5-826c-605718cb5baa, bic=046015081, swift=, name=РОСТОВСКИЙ ФИЛИАЛ АО ЮНИКРЕДИТ БАНКА, corrAccount=30101810760150000081, address=УЛ СОЦИАЛИСТИЧЕСКАЯ, 58/51, city=Г. РОСТОВ-НА-ДОНУ, phones=(863)2630900,2630906, country=4e127564-d74f-4dd9-bced-0327f0f4e061, countryCode=643, activityDiscontinued=false}, {guid=aaaf21c0-d82b-11e8-80bb-08002789bf51, archive=false, dateOutputArchive=0001-01-01T00:00:00Z, thisGroup=false, parent=78ddac07-ca67-11e5-826c-605718cb5baa, bic=045004789, swift=, name=ФИЛИАЛ БАНКА МБСП (АО) В НОВОСИБИРСКЕ, corrAccount=30101810150040000789, address=ПР-Т ДИМИТРОВА, 12, city=Г. НОВОСИБИРСК, phones=(383)3734340,3734341, country=4e127564-d74f-4dd9-bced-0327f0f4e061, countryCode=643, activityDiscontinued=false}, {guid=aaaf21c1-d82b-11e8-80bb-08002789bf51, archive=false, dateOutputArchive=0001-01-01T00:00:00Z, thisGroup=false, parent=78ddac17-ca67-11e5-826c-605718cb5baa, bic=046015088, swift=SJSCRUMMRND, name=ФИЛИАЛ &quot;СДМ-БАНК&quot; (ПАО) В Г. РОСТОВ-НА-ДОНУ, corrAccount=30101810860150000088, address=УЛ КАТАЕВА, 293, city=Г. РОСТОВ-НА-ДОНУ, phones=(863)2197712,2197714, country=4e127564-d74f-4dd9-bced-0327f0f4e061, countryCode=643, activityDiscontinued=false}, {guid=aaaf21c2-d82b-11e8-80bb-08002789bf51, archive=false, dateOutputArchive=0001-01-01T00:00:00Z, thisGroup=false, parent=78ddac07-ca67-11e5-826c-605718cb5baa, bic=045004778, swift=, name=ФИЛИАЛ БАНКА &quot;ВБРР&quot; (АО) В Г.НОВОСИБИРСКЕ, corrAccount=30101810750040000778, address=УЛ СИБРЕВКОМА, 2, city=Г. НОВОСИБИРСК, phones=(383)2302201, country=4e127564-d74f-4dd9-bced-0327f0f4e061, countryCode=643, activityDiscontinued=false}, {guid=aaaf21c3-d82b-11e8-80bb-08002789bf51, archive=false, dateOutputArchive=0001-01-01T00:00:00Z, thisGroup=false, parent=78ddac0f-ca67-11e5-826c-605718cb5baa, bic=040349758, swift=VTBRRUM2KD3, name=ФИЛИАЛ № 2351 БАНКА ВТБ (ПАО), corrAccount=30101810703490000758, address=УЛ ИМ. ГОГОЛЯ, 68, city=Г. КРАСНОДАР, phones=(861)2126424,2125627, country=4e127564-d74f-4dd9-bced-0327f0f4e061, countryCode=643, activityDiscontinued=false}, {guid=aaaf21c4-d82b-11e8-80bb-08002789bf51, archive=false, dateOutputArchive=0001-01-01T00:00:00Z, thisGroup=false, parent=78ddac17-ca67-11e5-826c-605718cb5baa, bic=046015094, swift=, name=НОВОЧЕРКАССКИЙ ФИЛИАЛ АО &quot;ФОНДСЕРВИСБАНК&quot;, corrAccount=30101810760150000094, address=ПЛАТОВСКИЙ ПР-Т, 59 Б, city=Г. НОВОЧЕРКАССК, phones=(8635)240550, country=4e127564-d74f-4dd9-bced-0327f0f4e061, countryCode=643, activityDiscontinued=false}, {guid=aaaf21c5-d82b-11e8-80bb-08002789bf51, archive=false, dateOutputArchive=0001-01-01T00:00:00Z, thisGroup=false, parent=78ddac17-ca67-11e5-826c-605718cb5baa, bic=046015068, swift=, name=ДОНСКОЙ ФИЛИАЛ АО КБ &quot;СИТИБАНК&quot;, corrAccount=30101810660150000068, address=УЛ Б. САДОВАЯ, 124, city=Г. РОСТОВ-НА-ДОНУ, phones=(863)2040043,2040002, country=4e127564-d74f-4dd9-bced-0327f0f4e061, countryCode=643, activityDiscontinued=false}, {guid=aaaf21c6-d82b-11e8-80bb-08002789bf51, archive=false, dateOutputArchive=0001-01-01T00:00:00Z, thisGroup=false, parent=78ddac07-ca67-11e5-826c-605718cb5baa, bic=045004763, swift=, name=ФИЛИАЛ &quot;ЦЕНТРАЛЬНЫЙ&quot; ПАО &quot;СОВКОМБАНК&quot;, corrAccount=30101810150040000763, address=УЛ ПОПОВА, 11, city=Г. БЕРДСК, phones=(383)3340606, country=4e127564-d74f-4dd9-bced-0327f0f4e061, countryCode=643, activityDiscontinued=false}, {guid=aaaf21c7-d82b-11e8-80bb-08002789bf51, archive=false, dateOutputArchive=0001-01-01T00:00:00Z, thisGroup=false, parent=78ddac17-ca67-11e5-826c-605718cb5baa, bic=046015066, swift=, name=Ф-Л АО АКБ &quot;НОВИКОМБАНК&quot; В Г.РОСТОВЕ-НА-ДОНУ, corrAccount=30101810060150000066, address=УЛ КРАСНОАРМЕЙСКАЯ, 170/84, city=Г. РОСТОВ-НА-ДОНУ, phones=(863)2017777, country=4e127564-d74f-4dd9-bced-0327f0f4e061, countryCode=643, activityDiscontinued=false}, {guid=78ddabe0-ca67-11e5-826c-605718cb5baa, archive=false, dateOutputArchive=0001-01-01T00:00:00Z, thisGroup=false, parent=78ddabdf-ca67-11e5-826c-605718cb5baa, bic=049246920, swift=, name=НИЖНЕКАМСКИЙ ФАБ &quot;ДЕВОН-КРЕДИТ&quot; (ПАО), corrAccount=30101810700000000920, address=, city=Г. НИЖНЕКАМСК, phones=, country=00000000-0000-0000-0000-000000000000, countryCode=, activityDiscontinued=true}, {guid=aaaf21c8-d82b-11e8-80bb-08002789bf51, archive=false, dateOutputArchive=0001-01-01T00:00:00Z, thisGroup=false, parent=78ddac17-ca67-11e5-826c-605718cb5baa, bic=046015064, swift=, name=ЮЖНЫЙ ФИЛИАЛ АО &quot;БАНК ИНТЕЗА&quot;, corrAccount=30101810460150000064, address=ВОРОШИЛОВСКИЙ ПР-Т, 48, city=Г. РОСТОВ-НА-ДОНУ, phones=(863)2318377,2318388, country=4e127564-d74f-4dd9-bced-0327f0f4e061, countryCode=643, activityDiscontinued=false}, {guid=aaaf21c9-d82b-11e8-80bb-08002789bf51, archive=false, dateOutputArchive=0001-01-01T00:00:00Z, thisGroup=false, parent=78ddac17-ca67-11e5-826c-605718cb5baa, bic=046015065, swift=JSNMRUMMRND, name=РОСТОВСКИЙ ФИЛИАЛ ПАО БАНКА &quot;ФК ОТКРЫТИЕ&quot;, corrAccount=30101810760150000065, address=УЛ ТЕКУЧЕВА, 234, city=Г. РОСТОВ-НА-ДОНУ, phones=(863)2009099, country=4e127564-d74f-4dd9-bced-0327f0f4e061, countryCode=643, activityDiscontinued=true}, {guid=aaaf21ca-d82b-11e8-80bb-08002789bf51, archive=false, dateOutputArchive=0001-01-01T00:00:00Z, thisGroup=false, parent=78ddac17-ca67-11e5-826c-605718cb5baa, bic=046015060, swift=, name=ФИЛИАЛ АО &quot;ГЕНБАНК&quot; В Г.РОСТОВ-НА-ДОНУ, corrAccount=30101810260150000060, address=УЛ ПУШКИНСКАЯ, 94, city=Г. РОСТОВ-НА-ДОНУ, phones=(863)2999333, country=4e127564-d74f-4dd9-bced-0327f0f4e061, countryCode=643, activityDiscontinued=false}, {guid=aaaf21cb-d82b-11e8-80bb-08002789bf51, archive=false, dateOutputArchive=0001-01-01T00:00:00Z, thisGroup=false, parent=78ddac17-ca67-11e5-826c-605718cb5baa, bic=046015061, swift=, name=ФИЛИАЛ ЮЖНЫЙ ПАО БАНКА &quot;ФК ОТКРЫТИЕ&quot;, corrAccount=30101810560150000061, address=УЛ ГОРОДА ВОЛОС, 112/130, city=Г. РОСТОВ-НА-ДОНУ, phones=(863)2688901, country=4e127564-d74f-4dd9-bced-0327f0f4e061, countryCode=643, activityDiscontinued=false}, {guid=aaaf21cc-d82b-11e8-80bb-08002789bf51, archive=false, dateOutputArchive=0001-01-01T00:00:00Z, thisGroup=false, parent=78ddabe7-ca67-11e5-826c-605718cb5baa, bic=040507750, swift=, name=АО &quot;РОЯЛ КРЕДИТ БАНК&quot;, corrAccount=30101810105070000750, address=ПР-Т 100ЛЕТ ВЛАДИ-КА, 155 - 1Б, city=Г. ВЛАДИВОСТОК, phones=(423)2308871,2308870, country=4e127564-d74f-4dd9-bced-0327f0f4e061, countryCode=643, activityDiscontinued=false}, {guid=aaaf21cd-d82b-11e8-80bb-08002789bf51, archive=false, dateOutputArchive=0001-01-01T00:00:00Z, thisGroup=false, parent=78ddac17-ca67-11e5-826c-605718cb5baa, bic=046015078, swift=ZEMCRU22XXX, name=ООО &quot;ЗЕМКОМБАНК&quot;, corrAccount=30101810760150000078, address=УЛ МАЛЮГИНОЙ, 233, city=Г. РОСТОВ-НА-ДОНУ, phones=(863)2800064, country=4e127564-d74f-4dd9-bced-0327f0f4e061, countryCode=643, activityDiscontinued=false}, {guid=aaaf21ce-d82b-11e8-80bb-08002789bf51, archive=false, dateOutputArchive=0001-01-01T00:00:00Z, thisGroup=false, parent=78ddac17-ca67-11e5-826c-605718cb5baa, bic=046015075, swift=, name=РОСТОВСКИЙ ФИЛИАЛ ЦМРБАНК (ООО), corrAccount=30101810860150000075, address=УЛ ПУШКИНСКАЯ, 105/79, city=Г. РОСТОВ-НА-ДОНУ, phones=(863)2695710, country=4e127564-d74f-4dd9-bced-0327f0f4e061, countryCode=643, activityDiscontinued=false}, {guid=aaaf21cf-d82b-11e8-80bb-08002789bf51, archive=false, dateOutputArchive=0001-01-01T00:00:00Z, thisGroup=false, parent=78ddac17-ca67-11e5-826c-605718cb5baa, bic=046015074, swift=, name=ФИЛИАЛ &quot;РОСТОВ-НА-ДОНУ&quot; КБ &quot;ЛОКО-БАНК&quot; (АО), corrAccount=30101810560150000074, address=УЛ МАКСИМА ГОРЬКОГО, 123/67, city=Г. РОСТОВ-НА-ДОНУ, phones=(863)2192772, country=4e127564-d74f-4dd9-bced-0327f0f4e061, countryCode=643, activityDiscontinued=false}, {guid=aaaf21d0-d82b-11e8-80bb-08002789bf51, archive=false, dateOutputArchive=0001-01-01T00:00:00Z, thisGroup=false, parent=78ddac17-ca67-11e5-826c-605718cb5baa, bic=046015051, swift=, name=Ф-Л АКБ &quot;ФОРА-БАНК&quot; (АО) В Г.РОСТОВ-НА-ДОНУ, corrAccount=30101810460150000051, address=УЛ ПУШКИНСКАЯ, 117, city=Г. РОСТОВ-НА-ДОНУ, phones=(863)2403640, country=4e127564-d74f-4dd9-bced-0327f0f4e061, countryCode=643, activityDiscontinued=false}, {guid=aaaf21d1-d82b-11e8-80bb-08002789bf51, archive=false, dateOutputArchive=0001-01-01T00:00:00Z, thisGroup=false, parent=78ddac17-ca67-11e5-826c-605718cb5baa, bic=046015052, swift=, name=ООО КБ &quot;РОСТФИНАНС&quot;, corrAccount=30101810760150000052, address=УЛ КРАСНОАРМЕЙСКАЯ, 166 А, city=Г. РОСТОВ-НА-ДОНУ, phones=(863)2870058, country=4e127564-d74f-4dd9-bced-0327f0f4e061, countryCode=643, activityDiscontinued=false}, {guid=78ddac7b-ca67-11e5-826c-605718cb5baa, archive=false, dateOutputArchive=0001-01-01T00:00:00Z, thisGroup=false, parent=78ddac02-ca67-11e5-826c-605718cb5baa, bic=042809974, swift=, name=ТВЕФ ПАО &quot;БИНБАНК&quot;, corrAccount=30101810900000000974, address=, city=Г. ТВЕРЬ, phones=, country=00000000-0000-0000-0000-000000000000, countryCode=, activityDiscontinued=true}, {guid=aaaf21d2-d82b-11e8-80bb-08002789bf51, archive=false, dateOutputArchive=0001-01-01T00:00:00Z, thisGroup=false, parent=78ddac17-ca67-11e5-826c-605718cb5baa, bic=046015050, swift=, name=ФИЛИАЛ № 1 ПАО МОСОБЛБАНК, corrAccount=30101810160150000050, address=КОММУНИСТИЧЕСКИЙ ПР-Т, 51, city=Г. РОСТОВ-НА-ДОНУ, phones=(863)3009637, country=4e127564-d74f-4dd9-bced-0327f0f4e061, countryCode=643, activityDiscontinued=false}, {guid=aaaf21d3-d82b-11e8-80bb-08002789bf51, archive=false, dateOutputArchive=0001-01-01T00:00:00Z, thisGroup=false, parent=78ddabf2-ca67-11e5-826c-605718cb5baa, bic=043601728, swift=, name=САМАРСКИЙ ФИЛИАЛ ПАО &quot;НЕВСКИЙ БАНК&quot;, corrAccount=30101810222023601728, address=6 ПРОСЕКА, 125, city=Г. САМАРА, phones=(846)2011100, country=4e127564-d74f-4dd9-bced-0327f0f4e061, countryCode=643, activityDiscontinued=false}, {guid=aaaf21d4-d82b-11e8-80bb-08002789bf51, archive=false, dateOutputArchive=0001-01-01T00:00:00Z, thisGroup=false, parent=78ddabe9-ca67-11e5-826c-605718cb5baa, bic=042520764, swift=, name=КОНКУРСНЫЙ УПРАВЛЯЮЩИЙ &quot;ВЛБАНК&quot; (АО)-ГК &quot;АСВ&quot;, corrAccount=30101810450040000764, address=УЛ КИРОВА, 85 А, city=Г. УСТЬ-КУТ, phones=(3952)289500, country=4e127564-d74f-4dd9-bced-0327f0f4e061, countryCode=643, activityDiscontinued=false}, {guid=aaaf21d5-d82b-11e8-80bb-08002789bf51, archive=false, dateOutputArchive=0001-01-01T00:00:00Z, thisGroup=false, parent=78ddabe9-ca67-11e5-826c-605718cb5baa, bic=042520767, swift=, name=АНГАРСКИЙ ФИЛИАЛ АО &quot;ИТ БАНК&quot;, corrAccount=30101810350040000767, address=29-ЫЙ МКР, 15 А, city=Г. АНГАРСК, phones=(3955)671921,564004, country=4e127564-d74f-4dd9-bced-0327f0f4e061, countryCode=643, activityDiscontinued=false}, {guid=78ddabe1-ca67-11e5-826c-605718cb5baa, archive=, dateOutputArchive=, thisGroup=true, parent=00000000-0000-0000-0000-000000000000, bic=40       , swift=, name=Г САНКТ-ПЕТЕРБУРГ, corrAccount=, address=, city=, phones=, country=, countryCode=, activityDiscontinued=}, {guid=aaaf21d6-d82b-11e8-80bb-08002789bf51, archive=false, dateOutputArchive=0001-01-01T00:00:00Z, thisGroup=false, parent=78ddac34-ca67-11e5-826c-605718cb5baa, bic=046401888, swift=KHZARU99XXX, name=АО &quot;БАНК ХОЛМСК&quot;, corrAccount=30101810064010000888, address=УЛ ЛЕНИНА, 304 Г, city=Г. ЮЖНО-САХАЛИНСК, phones=(4242)245858, country=4e127564-d74f-4dd9-bced-0327f0f4e061, countryCode=643, activityDiscontinued=false}, {guid=bbea4eb4-fc53-11e8-80c5-08002789bf51, archive=false, dateOutputArchive=0001-01-01T00:00:00Z, thisGroup=false, parent=78ddabe5-ca67-11e5-826c-605718cb5baa, bic=044525360, swift=, name=Филиал &quot;Корпоративный&quot; ПАО &quot;Совкомбанк&quot;, corrAccount=30101810445250000360, address=УЛ. ВАВИЛОВА, Д. 24, city=Г. МОСКВА, phones=, country=4e127564-d74f-4dd9-bced-0327f0f4e061, countryCode=643, activityDiscontinued=false}, {guid=bbea4eb5-fc53-11e8-80c5-08002789bf51, archive=false, dateOutputArchive=0001-01-01T00:00:00Z, thisGroup=false, parent=78ddabe1-ca67-11e5-826c-605718cb5baa, bic=044030800, swift=, name=Ф-Л СПБ № 2 ПАО БАНК &quot;ФК ОТКРЫТИЕ&quot;, corrAccount=30101810040300000800, address=НАБ. ОБВОДНОГО КАНАЛА, Д. 90,, city=Г. САНКТ-ПЕТЕРБУРГ, phones=, country=4e127564-d74f-4dd9-bced-0327f0f4e061, countryCode=643, activityDiscontinued=false}, {guid=bbea4eb6-fc53-11e8-80c5-08002789bf51, archive=false, dateOutputArchive=0001-01-01T00:00:00Z, thisGroup=false, parent=78ddac49-ca67-11e5-826c-605718cb5baa, bic=047308988, swift=, name=Ф-л Ульяновский № 2 ПАО Банк &quot;ФК Открытие&quot;, corrAccount=30101810122027300988, address=УЛ. АЛЕКСАНДРА МАТРОСОВА, Д 33, city=Г. УЛЬЯНОВСК, phones=, country=4e127564-d74f-4dd9-bced-0327f0f4e061, countryCode=643, activityDiscontinued=false}, {guid=bbea4eb7-fc53-11e8-80c5-08002789bf51, archive=false, dateOutputArchive=0001-01-01T00:00:00Z, thisGroup=false, parent=78ddac07-ca67-11e5-826c-605718cb5baa, bic=045004051, swift=, name=Новосибирский филиал РНКО &quot;Р-ИНКАС&quot; (ООО), corrAccount=30103810450045004051, address=УЛ. ДМИТРИЯ ДОНСКОГО, 11, city=Г. НОВОСИБИРСК, phones=, country=4e127564-d74f-4dd9-bced-0327f0f4e061, countryCode=643, activityDiscontinued=false}, {guid=bbea4eb8-fc53-11e8-80c5-08002789bf51, archive=false, dateOutputArchive=0001-01-01T00:00:00Z, thisGroup=false, parent=78ddabe5-ca67-11e5-826c-605718cb5baa, bic=044525980, swift=, name=Ф-л Мск (Диджитал) ПАО Банк &quot;ФК Открытие&quot;, corrAccount=30101810045250000980, address=УЛ. ПЕТРОВКА, Д. 24, СТР. 1, city=Г. МОСКВА, phones=, country=4e127564-d74f-4dd9-bced-0327f0f4e061, countryCode=643, activityDiscontinued=false}, {guid=bbea4eb9-fc53-11e8-80c5-08002789bf51, archive=false, dateOutputArchive=0001-01-01T00:00:00Z, thisGroup=false, parent=78ddabeb-ca67-11e5-826c-605718cb5baa, bic=040702751, swift=, name=Ф-Л СТАВРОПОЛЬСКИЙ №2 ПАО БАНК &quot;ФК ОТКРЫТИЕ&quot;, corrAccount=30101810007020000751, address=УЛ. ЛЕНИНА, 221, city=Г. СТАВРОПОЛЬ, phones=, country=4e127564-d74f-4dd9-bced-0327f0f4e061, countryCode=643, activityDiscontinued=false}, {guid=bbea4eba-fc53-11e8-80c5-08002789bf51, archive=false, dateOutputArchive=0001-01-01T00:00:00Z, thisGroup=false, parent=78ddac09-ca67-11e5-826c-605718cb5baa, bic=046577520, swift=, name=Ф-л Екб №2 ПАО Банк &quot;ФК Открытие&quot;, corrAccount=30101810065770000520, address=УЛ.ГОРЬКОГО, Д.45, city=Г. ЕКАТЕРИНБУРГ, phones=, country=4e127564-d74f-4dd9-bced-0327f0f4e061, countryCode=643, activityDiscontinued=false}, {guid=bbea4ebb-fc53-11e8-80c5-08002789bf51, archive=false, dateOutputArchive=0001-01-01T00:00:00Z, thisGroup=false, parent=78ddabe7-ca67-11e5-826c-605718cb5baa, bic=040507830, swift=, name=Ф-л Владивостокский №2 ПАО Банк &quot;ФК Открытие&quot;, corrAccount=30101810805070000830, address=ПР-КТ ОКЕАНСКИЙ, Д.123 Б, city=Г. ВЛАДИВОСТОК, phones=, country=4e127564-d74f-4dd9-bced-0327f0f4e061, countryCode=643, activityDiscontinued=false}, {guid=bbea4ebc-fc53-11e8-80c5-08002789bf51, archive=false, dateOutputArchive=0001-01-01T00:00:00Z, thisGroup=false, parent=78ddac17-ca67-11e5-826c-605718cb5baa, bic=046015084, swift=, name=Ф-л Ростовский №2 ПАО Банк &quot;ФК Открытие&quot;, corrAccount=30101810660150000084, address=ПР. ШОЛОХОВА, 32/65, city=Г. РОСТОВ-НА-ДОНУ, phones=, country=4e127564-d74f-4dd9-bced-0327f0f4e061, countryCode=643, activityDiscontinued=false}, {guid=bbea4ebd-fc53-11e8-80c5-08002789bf51, archive=false, dateOutputArchive=0001-01-01T00:00:00Z, thisGroup=false, parent=78ddac07-ca67-11e5-826c-605718cb5baa, bic=045004741, swift=, name=Ф-л Новосибирский №2 ПАО Банк &quot;ФК Открытие&quot;, corrAccount=30101810350040000741, address=УЛ. ЛЕНИНА, Д. 18, city=Г. НОВОСИБИРСК, phones=, country=4e127564-d74f-4dd9-bced-0327f0f4e061, countryCode=643, activityDiscontinued=false}, {guid=78ddabdc-ca67-11e5-826c-605718cb5baa, archive=false, dateOutputArchive=0001-01-01T00:00:00Z, thisGroup=false, parent=78ddabdb-ca67-11e5-826c-605718cb5baa, bic=043207757, swift=, name=ФИЛИАЛ N 11 ПАО МОСОБЛБАНК, corrAccount=30101810000000000757, address=УЛ ВЕСЕННЯЯ, 24, city=Г. КЕМЕРОВО, phones=(3842)363892, country=4e127564-d74f-4dd9-bced-0327f0f4e061, countryCode=643, activityDiscontinued=false}, {guid=78ddabdd-ca67-11e5-826c-605718cb5baa, archive=, dateOutputArchive=, thisGroup=true, parent=00000000-0000-0000-0000-000000000000, bic=66       , swift=, name=СМОЛЕНСКАЯ ОБЛАСТЬ, corrAccount=, address=, city=, phones=, country=, countryCode=, activityDiscontinued=}, {guid=78ddabde-ca67-11e5-826c-605718cb5baa, archive=false, dateOutputArchive=0001-01-01T00:00:00Z, thisGroup=false, parent=78ddabdd-ca67-11e5-826c-605718cb5baa, bic=046610000, swift=, name=РКЦ ВЯЗЬМА, corrAccount=, address=, city=Г. ВЯЗЬМА, phones=, country=00000000-0000-0000-0000-000000000000, countryCode=, activityDiscontinued=true}, {guid=78ddabdf-ca67-11e5-826c-605718cb5baa, archive=, dateOutputArchive=, thisGroup=true, parent=00000000-0000-0000-0000-000000000000, bic=92       , swift=, name=РЕСПУБЛИКА ТАТАРСТАН, corrAccount=, address=, city=, phones=, country=, countryCode=, activityDiscontinued=}, {guid=78ddabe2-ca67-11e5-826c-605718cb5baa, archive=false, dateOutputArchive=0001-01-01T00:00:00Z, thisGroup=false, parent=78ddabe1-ca67-11e5-826c-605718cb5baa, bic=044030743, swift=, name=САНКТ-ПЕТЕРБУРГСКИЙ ФИЛИАЛ ПАО &quot;АК БАНК&quot;, corrAccount=30101810300000000743, address=, city=Г. САНКТ-ПЕТЕРБУРГ, phones=, country=00000000-0000-0000-0000-000000000000, countryCode=, activityDiscontinued=true}, {guid=78ddabe3-ca67-11e5-826c-605718cb5baa, archive=false, dateOutputArchive=0001-01-01T00:00:00Z, thisGroup=false, parent=78ddabe1-ca67-11e5-826c-605718cb5baa, bic=044030708, swift=, name=САНКТ-ПЕТЕРБУРГСКИЙ ФИЛИАЛ АКБ &quot;НЗБАНК&quot;,ОАО, corrAccount=30101810400000000708, address=, city=Г. САНКТ-ПЕТЕРБУРГ, phones=, country=00000000-0000-0000-0000-000000000000, countryCode=, activityDiscontinued=true}, {guid=78ddabe4-ca67-11e5-826c-605718cb5baa, archive=false, dateOutputArchive=0001-01-01T00:00:00Z, thisGroup=false, parent=78ddabe1-ca67-11e5-826c-605718cb5baa, bic=044030821, swift=, name=ФСКБ ПРИМОРЬЯ &quot;ПРИМСОЦБАНК&quot; В Г С-ПЕТЕРБУРГЕ, corrAccount=30101810400000000821, address=УЛ САДОВАЯ, 40 ЛИТ Б, city=Г. САНКТ-ПЕТЕРБУРГ, phones=(812)4934900, country=4e127564-d74f-4dd9-bced-0327f0f4e061, countryCode=643, activityDiscontinued=false}, {guid=78ddabe5-ca67-11e5-826c-605718cb5baa, archive=, dateOutputArchive=, thisGroup=true, parent=00000000-0000-0000-0000-000000000000, bic=45       , swift=, name=Г МОСКВА, corrAccount=, address=, city=, phones=, country=, countryCode=, activityDiscontinued=}, {guid=78ddabe6-ca67-11e5-826c-605718cb5baa, archive=false, dateOutputArchive=0001-01-01T00:00:00Z, thisGroup=false, parent=78ddabe5-ca67-11e5-826c-605718cb5baa, bic=044525461, swift=, name=КУ АКБ &quot;БЕНИФИТ-БАНК&quot; (ЗАО) - ГК &quot;АСВ&quot;, corrAccount=30101810645250000461, address=УЛ ВЫСОЦКОГО, 4, city=Г. МОСКВА, phones=(495)9612526, country=4e127564-d74f-4dd9-bced-0327f0f4e061, countryCode=643, activityDiscontinued=false}, {guid=78ddabe7-ca67-11e5-826c-605718cb5baa, archive=, dateOutputArchive=, thisGroup=true, parent=00000000-0000-0000-0000-000000000000, bic=05       , swift=, name=ПРИМОРСКИЙ КРАЙ, corrAccount=, address=, city=, phones=, country=, countryCode=, activityDiscontinued=}, {guid=78ddabe8-ca67-11e5-826c-605718cb5baa, archive=false, dateOutputArchive=0001-01-01T00:00:00Z, thisGroup=false, parent=78ddabe7-ca67-11e5-826c-605718cb5baa, bic=040507001, swift=, name=ДАЛЬНЕВОСТОЧНОЕ ГУ БАНКА РОССИИ, corrAccount=, address=УЛ СВЕТЛАНСКАЯ, 71, city=Г. ВЛАДИВОСТОК, phones=(423)2406514,2406507, country=4e127564-d74f-4dd9-bced-0327f0f4e061, countryCode=643, activityDiscontinued=false}, {guid=78ddabe9-ca67-11e5-826c-605718cb5baa, archive=, dateOutputArchive=, thisGroup=true, parent=00000000-0000-0000-0000-000000000000, bic=25       , swift=, name=ИРКУТСКАЯ ОБЛАСТЬ, corrAccount=, address=, city=, phones=, country=, countryCode=, activityDiscontinued=}, {guid=78ddabea-ca67-11e5-826c-605718cb5baa, archive=false, dateOutputArchive=0001-01-01T00:00:00Z, thisGroup=false, parent=78ddabe9-ca67-11e5-826c-605718cb5baa, bic=042510000, swift=, name=РКЦ ЧУНСКИЙ, corrAccount=, address=, city=РП ЧУНСКИЙ, phones=, country=00000000-0000-0000-0000-000000000000, countryCode=, activityDiscontinued=true}, {guid=78ddabeb-ca67-11e5-826c-605718cb5baa, archive=, dateOutputArchive=, thisGroup=true, parent=00000000-0000-0000-0000-000000000000, bic=07       , swift=, name=СТАВРОПОЛЬСКИЙ КРАЙ, corrAccount=, address=, city=, phones=, country=, countryCode=, activityDiscontinued=}, {guid=78ddabec-ca67-11e5-826c-605718cb5baa, archive=false, dateOutputArchive=0001-01-01T00:00:00Z, thisGroup=false, parent=78ddabeb-ca67-11e5-826c-605718cb5baa, bic=040702001, swift=, name=ОТДЕЛЕНИЕ СТАВРОПОЛЬ, corrAccount=, address=УЛ ЛЕНИНА, 286, city=Г. СТАВРОПОЛЬ, phones=(8652)224803,224804, country=4e127564-d74f-4dd9-bced-0327f0f4e061, countryCode=643, activityDiscontinued=false}, {guid=78ddabed-ca67-11e5-826c-605718cb5baa, archive=false, dateOutputArchive=0001-01-01T00:00:00Z, thisGroup=false, parent=78ddabe5-ca67-11e5-826c-605718cb5baa, bic=044525212, swift=, name=КУ КБ &quot;ТРАНСИНВЕСТБАНК&quot; (ООО) - ГК &quot;АСВ&quot;, corrAccount=30101810645250000212, address=УЛ ВЫСОЦКОГО, 4, city=Г. МОСКВА, phones=(495)9612526, country=4e127564-d74f-4dd9-bced-0327f0f4e061, countryCode=643, activityDiscontinued=false}, {guid=78ddabee-ca67-11e5-826c-605718cb5baa, archive=, dateOutputArchive=, thisGroup=true, parent=00000000-0000-0000-0000-000000000000, bic=54       , swift=, name=ОРЛОВСКАЯ ОБЛАСТЬ, corrAccount=, address=, city=, phones=, country=, countryCode=, activityDiscontinued=}, {guid=78ddabef-ca67-11e5-826c-605718cb5baa, archive=false, dateOutputArchive=0001-01-01T00:00:00Z, thisGroup=false, parent=78ddabee-ca67-11e5-826c-605718cb5baa, bic=045402751, swift=, name=ОРЛОВСКИЙ РФ АО &quot;РОССЕЛЬХОЗБАНК&quot;, corrAccount=30101810700000000751, address=УЛ МОСКОВСКАЯ, 31 ЛИТ А, city=Г. ОРЁЛ, phones=(4862)541054,735788, country=4e127564-d74f-4dd9-bced-0327f0f4e061, countryCode=643, activityDiscontinued=false}, {guid=78ddabf0-ca67-11e5-826c-605718cb5baa, archive=, dateOutputArchive=, thisGroup=true, parent=00000000-0000-0000-0000-000000000000, bic=17       , swift=, name=ВЛАДИМИРСКАЯ ОБЛАСТЬ, corrAccount=, address=, city=, phones=, country=, countryCode=, activityDiscontinued=}, {guid=78ddabf1-ca67-11e5-826c-605718cb5baa, archive=false, dateOutputArchive=0001-01-01T00:00:00Z, thisGroup=false, parent=78ddabf0-ca67-11e5-826c-605718cb5baa, bic=041708717, swift=, name=ФИЛИАЛ АО &quot;РОСТ БАНК&quot; В Г.ВЛАДИМИРЕ, corrAccount=30101810517080000717, address=, city=Г. ВЛАДИМИР, phones=, country=00000000-0000-0000-0000-000000000000, countryCode=, activityDiscontinued=true}, {guid=78ddabf2-ca67-11e5-826c-605718cb5baa, archive=, dateOutputArchive=, thisGroup=true, parent=00000000-0000-0000-0000-000000000000, bic=36       , swift=, name=САМАРСКАЯ ОБЛАСТЬ, corrAccount=, address=, city=, phones=, country=, countryCode=, activityDiscontinued=}, {guid=78ddac7c-ca67-11e5-826c-605718cb5baa, archive=false, dateOutputArchive=0001-01-01T00:00:00Z, thisGroup=false, parent=78ddac17-ca67-11e5-826c-605718cb5baa, bic=046027835, swift=, name=ООО &quot;РУССКИЙ НАЦИОНАЛЬНЫЙ БАНК&quot;, corrAccount=30101810700000000835, address=, city=Г. РОСТОВ-НА-ДОНУ, phones=, country=00000000-0000-0000-0000-000000000000, countryCode=, activityDiscontinued=true}, {guid=78ddabf3-ca67-11e5-826c-605718cb5baa, archive=false, dateOutputArchive=0001-01-01T00:00:00Z, thisGroup=false, parent=78ddabf2-ca67-11e5-826c-605718cb5baa, bic=043601917, swift=GAZPRUMM037, name=Ф-Л БАНКА ГПБ (АО) &quot;ПОВОЛЖСКИЙ&quot;, corrAccount=30101810000000000917, address=УЛ НОВО-САДОВАЯ, 106 А, СТР 1, city=Г. САМАРА, phones=(846)3396945,3396946, country=4e127564-d74f-4dd9-bced-0327f0f4e061, countryCode=643, activityDiscontinued=false}, {guid=78ddabf4-ca67-11e5-826c-605718cb5baa, archive=false, dateOutputArchive=0001-01-01T00:00:00Z, thisGroup=false, parent=78ddabe5-ca67-11e5-826c-605718cb5baa, bic=044525225, swift=SABRRUMMXXX, name=ПАО СБЕРБАНК, corrAccount=30101810400000000225, address=УЛ ВАВИЛОВА, 19, city=Г. МОСКВА, phones=(495)5005550,88005555550, country=4e127564-d74f-4dd9-bced-0327f0f4e061, countryCode=643, activityDiscontinued=false}, {guid=78ddabf5-ca67-11e5-826c-605718cb5baa, archive=, dateOutputArchive=, thisGroup=true, parent=00000000-0000-0000-0000-000000000000, bic=87       , swift=, name=РЕСПУБЛИКА КОМИ, corrAccount=, address=, city=, phones=, country=, countryCode=, activityDiscontinued=}, {guid=78ddabf6-ca67-11e5-826c-605718cb5baa, archive=false, dateOutputArchive=0001-01-01T00:00:00Z, thisGroup=false, parent=78ddabf5-ca67-11e5-826c-605718cb5baa, bic=048723000, swift=, name=РКЦ УСИНСК, corrAccount=, address=УЛ НЕФТЯНИКОВ, 30, city=Г. УСИНСК, phones=(82144)41735,41445, country=4e127564-d74f-4dd9-bced-0327f0f4e061, countryCode=643, activityDiscontinued=false}, {guid=78ddabf8-ca67-11e5-826c-605718cb5baa, archive=false, dateOutputArchive=0001-01-01T00:00:00Z, thisGroup=false, parent=78ddabf7-ca67-11e5-826c-605718cb5baa, bic=045354860, swift=FORHRU33XXX, name=АКБ &quot;ФОРШТАДТ&quot; (АО), corrAccount=30101810700000000860, address=УЛ ЧКАЛОВА, 35/1, city=Г. ОРЕНБУРГ, phones=(3532)980486,980412, country=4e127564-d74f-4dd9-bced-0327f0f4e061, countryCode=643, activityDiscontinued=false}, {guid=78ddabf9-ca67-11e5-826c-605718cb5baa, archive=, dateOutputArchive=, thisGroup=true, parent=00000000-0000-0000-0000-000000000000, bic=69       , swift=, name=ТОМСКАЯ ОБЛАСТЬ, corrAccount=, address=, city=, phones=, country=, countryCode=, activityDiscontinued=}, {guid=78ddabfa-ca67-11e5-826c-605718cb5baa, archive=false, dateOutputArchive=0001-01-01T00:00:00Z, thisGroup=false, parent=78ddabf9-ca67-11e5-826c-605718cb5baa, bic=046900000, swift=, name=РКЦ КОЛПАШЕВО, corrAccount=, address=, city=Г. КОЛПАШЕВО, phones=, country=00000000-0000-0000-0000-000000000000, countryCode=, activityDiscontinued=true}, {guid=78ddabfb-ca67-11e5-826c-605718cb5baa, archive=false, dateOutputArchive=0001-01-01T00:00:00Z, thisGroup=false, parent=78ddabe1-ca67-11e5-826c-605718cb5baa, bic=044030752, swift=, name=САНКТ-ПЕТЕРБУРГСКИЙ ФИЛИАЛ &quot;БАНК СГБ&quot;, corrAccount=30101810100000000752, address=УЛ. МАРШАЛА ГОВОРОВА, 35 ЛИТ А, city=Г. САНКТ-ПЕТЕРБУРГ, phones=(812)3365900, country=4e127564-d74f-4dd9-bced-0327f0f4e061, countryCode=643, activityDiscontinued=false}, {guid=78ddabfc-ca67-11e5-826c-605718cb5baa, archive=false, dateOutputArchive=0001-01-01T00:00:00Z, thisGroup=false, parent=78ddabe5-ca67-11e5-826c-605718cb5baa, bic=044525102, swift=IKBARUMMXXX, name=АО &quot;ДЕНИЗБАНК МОСКВА&quot;, corrAccount=30101810400000000102, address=2-Я ЗВЕНИГОРОД УЛ, 13, СТР 42, city=Г. МОСКВА, phones=(495)7251020, country=4e127564-d74f-4dd9-bced-0327f0f4e061, countryCode=643, activityDiscontinued=false}, {guid=78ddabfd-ca67-11e5-826c-605718cb5baa, archive=, dateOutputArchive=, thisGroup=true, parent=00000000-0000-0000-0000-000000000000, bic=63       , swift=, name=САРАТОВСКАЯ ОБЛАСТЬ, corrAccount=, address=, city=, phones=, country=, countryCode=, activityDiscontinued=}, {guid=78ddabfe-ca67-11e5-826c-605718cb5baa, archive=false, dateOutputArchive=0001-01-01T00:00:00Z, thisGroup=false, parent=78ddabfd-ca67-11e5-826c-605718cb5baa, bic=046380002, swift=, name=ПУ БАНКА РОССИИ ВОЛЖСКОЕ, corrAccount=, address=, city=П. СВЕТЛЫЙ, phones=(84558)33215, country=4e127564-d74f-4dd9-bced-0327f0f4e061, countryCode=643, activityDiscontinued=false}, {guid=78ddabff-ca67-11e5-826c-605718cb5baa, archive=false, dateOutputArchive=0001-01-01T00:00:00Z, thisGroup=false, parent=78ddabe5-ca67-11e5-826c-605718cb5baa, bic=044583695, swift=, name=КУ ОАО БАНК &quot;СОДРУЖЕСТВО&quot;-ГК &quot;АСВ&quot;, corrAccount=30101810700000000695, address=, city=Г. МОСКВА, phones=, country=00000000-0000-0000-0000-000000000000, countryCode=, activityDiscontinued=true}, {guid=78ddac00-ca67-11e5-826c-605718cb5baa, archive=, dateOutputArchive=, thisGroup=true, parent=00000000-0000-0000-0000-000000000000, bic=82       , swift=, name=РЕСПУБЛИКА ДАГЕСТАН, corrAccount=, address=, city=, phones=, country=, countryCode=, activityDiscontinued=}, {guid=78ddac01-ca67-11e5-826c-605718cb5baa, archive=false, dateOutputArchive=0001-01-01T00:00:00Z, thisGroup=false, parent=78ddac00-ca67-11e5-826c-605718cb5baa, bic=048209870, swift=, name=ЛИКВ ООО РНКО &quot;УМУТ&quot;, corrAccount=30103810400000000870, address=УЛ КАЛИНИНА, 4, city=Г. ХАСАВЮРТ, phones=(87231)51268,51667, country=4e127564-d74f-4dd9-bced-0327f0f4e061, countryCode=643, activityDiscontinued=false}, {guid=78ddac02-ca67-11e5-826c-605718cb5baa, archive=, dateOutputArchive=, thisGroup=true, parent=00000000-0000-0000-0000-000000000000, bic=28       , swift=, name=ТВЕРСКАЯ ОБЛАСТЬ, corrAccount=, address=, city=, phones=, country=, countryCode=, activityDiscontinued=}, {guid=78ddac03-ca67-11e5-826c-605718cb5baa, archive=false, dateOutputArchive=0001-01-01T00:00:00Z, thisGroup=false, parent=78ddac02-ca67-11e5-826c-605718cb5baa, bic=042809909, swift=, name=ТВЕРСКОЙ ФИЛИАЛ АБ &quot;РОССИЯ&quot;, corrAccount=30101810700000000909, address=УЛ КРЫЛОВА, 40/29, city=Г. ТВЕРЬ, phones=(4822)347569, country=4e127564-d74f-4dd9-bced-0327f0f4e061, countryCode=643, activityDiscontinued=false}, {guid=78ddac04-ca67-11e5-826c-605718cb5baa, archive=false, dateOutputArchive=0001-01-01T00:00:00Z, thisGroup=false, parent=78ddac00-ca67-11e5-826c-605718cb5baa, bic=048209989, swift=, name=ФИЛИАЛ ИКБ &quot;ЭНТУЗИАСТБАНК&quot; ООО-КИЗЛЯР, corrAccount=30101810882090000989, address=, city=Г. КИЗЛЯР, phones=, country=00000000-0000-0000-0000-000000000000, countryCode=, activityDiscontinued=true}, {guid=78ddac05-ca67-11e5-826c-605718cb5baa, archive=false, dateOutputArchive=0001-01-01T00:00:00Z, thisGroup=false, parent=78ddabe5-ca67-11e5-826c-605718cb5baa, bic=044583844, swift=, name=КУ КОММЕРЧЕСКИЙ БАНК &quot;СДБ&quot; (ООО) ГК &quot;АСВ&quot;, corrAccount=30101810700000000844, address=, city=Г. МОСКВА, phones=, country=00000000-0000-0000-0000-000000000000, countryCode=, activityDiscontinued=true}, {guid=78ddac06-ca67-11e5-826c-605718cb5baa, archive=false, dateOutputArchive=0001-01-01T00:00:00Z, thisGroup=false, parent=78ddabe5-ca67-11e5-826c-605718cb5baa, bic=044525938, swift=, name=МОСКОВСКИЙ ФИЛИАЛ АО АКБ &quot;ТЕКСБАНК&quot;, corrAccount=30101810945250000938, address=ОЛИМПИЙСКИЙ ПР-Т, 26, СТР 1, city=Г. МОСКВА, phones=(495)6480048, country=4e127564-d74f-4dd9-bced-0327f0f4e061, countryCode=643, activityDiscontinued=false}, {guid=78ddac07-ca67-11e5-826c-605718cb5baa, archive=, dateOutputArchive=, thisGroup=true, parent=00000000-0000-0000-0000-000000000000, bic=50       , swift=, name=НОВОСИБИРСКАЯ ОБЛАСТЬ, corrAccount=, address=, city=, phones=, country=, countryCode=, activityDiscontinued=}, {guid=78ddac08-ca67-11e5-826c-605718cb5baa, archive=false, dateOutputArchive=0001-01-01T00:00:00Z, thisGroup=false, parent=78ddac07-ca67-11e5-826c-605718cb5baa, bic=045004747, swift=, name=ФИЛИАЛ &quot;НОВОСИБИРСКИЙ&quot; АО &quot;ГЛОБЭКСБАНК&quot;, corrAccount=30101810150040000747, address=УЛ ВОКЗАЛЬНАЯ МАГИСТРАЛЬ, 8 А, city=Г. НОВОСИБИРСК, phones=(383)2181508, country=4e127564-d74f-4dd9-bced-0327f0f4e061, countryCode=643, activityDiscontinued=false}, {guid=78ddac09-ca67-11e5-826c-605718cb5baa, archive=, dateOutputArchive=, thisGroup=true, parent=00000000-0000-0000-0000-000000000000, bic=65       , swift=, name=СВЕРДЛОВСКАЯ ОБЛАСТЬ, corrAccount=, address=, city=, phones=, country=, countryCode=, activityDiscontinued=}, {guid=78ddac0a-ca67-11e5-826c-605718cb5baa, archive=false, dateOutputArchive=0001-01-01T00:00:00Z, thisGroup=false, parent=78ddac09-ca67-11e5-826c-605718cb5baa, bic=046577907, swift=, name=ЕКАТЕРИНБУРГСКИЙ ФИЛИАЛ ПАО &quot;АК БАРС&quot; БАНК, corrAccount=30101810400000000907, address=ПР-Т ЛЕНИНА, 20, city=Г. ЕКАТЕРИНБУРГ, phones=(343)3556015, country=4e127564-d74f-4dd9-bced-0327f0f4e061, countryCode=643, activityDiscontinued=false}, {guid=78ddac0b-ca67-11e5-826c-605718cb5baa, archive=, dateOutputArchive=, thisGroup=true, parent=00000000-0000-0000-0000-000000000000, bic=47       , swift=, name=МУРМАНСКАЯ ОБЛАСТЬ, corrAccount=, address=, city=, phones=, country=, countryCode=, activityDiscontinued=}, {guid=78ddac0c-ca67-11e5-826c-605718cb5baa, archive=false, dateOutputArchive=0001-01-01T00:00:00Z, thisGroup=false, parent=78ddac0b-ca67-11e5-826c-605718cb5baa, bic=044705824, swift=, name=ФИЛИАЛ ПАО &quot;ОФК БАНК&quot; В МУРМАНСКЕ, corrAccount=30101810900000000824, address=, city=Г. МУРМАНСК, phones=, country=00000000-0000-0000-0000-000000000000, countryCode=, activityDiscontinued=true}, {guid=78ddac0d-ca67-11e5-826c-605718cb5baa, archive=, dateOutputArchive=, thisGroup=true, parent=00000000-0000-0000-0000-000000000000, bic=19       , swift=, name=ВОЛОГОДСКАЯ ОБЛАСТЬ, corrAccount=, address=, city=, phones=, country=, countryCode=, activityDiscontinued=}, {guid=78ddac0e-ca67-11e5-826c-605718cb5baa, archive=false, dateOutputArchive=0001-01-01T00:00:00Z, thisGroup=false, parent=78ddac0d-ca67-11e5-826c-605718cb5baa, bic=041909708, swift=, name=КУ НКО &quot;КРЕДИТАЛЬЯНС&quot; (ООО), corrAccount=30103810200000000708, address=, city=Г. ВОЛОГДА, phones=, country=00000000-0000-0000-0000-000000000000, countryCode=, activityDiscontinued=true}, {guid=78ddac0f-ca67-11e5-826c-605718cb5baa, archive=, dateOutputArchive=, thisGroup=true, parent=00000000-0000-0000-0000-000000000000, bic=03       , swift=, name=КРАСНОДАРСКИЙ КРАЙ, corrAccount=, address=, city=, phones=, country=, countryCode=, activityDiscontinued=}, {guid=78ddac10-ca67-11e5-826c-605718cb5baa, archive=false, dateOutputArchive=0001-01-01T00:00:00Z, thisGroup=false, parent=78ddac0f-ca67-11e5-826c-605718cb5baa, bic=040349749, swift=, name=КРАСНОДАРСКИЙ ФИЛИАЛ ТКБ БАНК ПАО, corrAccount=30101810500000000749, address=УЛ ФРУНЗЕ, 169, city=Г. КРАСНОДАР, phones=(861)2104542,2104546, country=4e127564-d74f-4dd9-bced-0327f0f4e061, countryCode=643, activityDiscontinued=false}, {guid=78ddac11-ca67-11e5-826c-605718cb5baa, archive=false, dateOutputArchive=0001-01-01T00:00:00Z, thisGroup=false, parent=78ddabf5-ca67-11e5-826c-605718cb5baa, bic=048702731, swift=, name=ФИЛИАЛ КБ &quot;РОСПРОМБАНК&quot; (ООО) В Г. СЫКТЫВКАРЕ, corrAccount=30101810500000000731, address=, city=Г. СЫКТЫВКАР, phones=, country=00000000-0000-0000-0000-000000000000, countryCode=, activityDiscontinued=true}, {guid=78ddac12-ca67-11e5-826c-605718cb5baa, archive=, dateOutputArchive=, thisGroup=true, parent=00000000-0000-0000-0000-000000000000, bic=20       , swift=, name=ВОРОНЕЖСКАЯ ОБЛАСТЬ, corrAccount=, address=, city=, phones=, country=, countryCode=, activityDiscontinued=}, {guid=78ddac13-ca67-11e5-826c-605718cb5baa, archive=false, dateOutputArchive=0001-01-01T00:00:00Z, thisGroup=false, parent=78ddac12-ca67-11e5-826c-605718cb5baa, bic=042007001, swift=, name=ОТДЕЛЕНИЕ ВОРОНЕЖ, corrAccount=, address=УЛ ТЕАТРАЛЬНАЯ, 36, city=Г. ВОРОНЕЖ, phones=(473)2555820,2699990, country=4e127564-d74f-4dd9-bced-0327f0f4e061, countryCode=643, activityDiscontinued=false}, {guid=78ddac14-ca67-11e5-826c-605718cb5baa, archive=, dateOutputArchive=, thisGroup=true, parent=00000000-0000-0000-0000-000000000000, bic=76       , swift=, name=ЗАБАЙКАЛЬСКИЙ КРАЙ, corrAccount=, address=, city=, phones=, country=, countryCode=, activityDiscontinued=}, {guid=78ddac15-ca67-11e5-826c-605718cb5baa, archive=false, dateOutputArchive=0001-01-01T00:00:00Z, thisGroup=false, parent=78ddac14-ca67-11e5-826c-605718cb5baa, bic=047601637, swift=SABRRU66CHT, name=ЧИТИНСКОЕ ОТДЕЛЕНИЕ  N8600 ПАО СБЕРБАНК, corrAccount=30101810500000000637, address=УЛ ПОЛИНЫ ОСИПЕНКО, 40, city=Г. ЧИТА, phones=(3022)336111, country=4e127564-d74f-4dd9-bced-0327f0f4e061, countryCode=643, activityDiscontinued=false}, {guid=78ddac16-ca67-11e5-826c-605718cb5baa, archive=false, dateOutputArchive=0001-01-01T00:00:00Z, thisGroup=false, parent=78ddabdb-ca67-11e5-826c-605718cb5baa, bic=043209770, swift=NOOBRU55XXX, name=ООО &quot;НОВОКИБ&quot;, corrAccount=30101810900000000770, address=УЛ КИРОВА, 69, city=Г. НОВОКУЗНЕЦК, phones=(3843)539698,459267, country=4e127564-d74f-4dd9-bced-0327f0f4e061, countryCode=643, activityDiscontinued=false}, {guid=78ddac17-ca67-11e5-826c-605718cb5baa, archive=, dateOutputArchive=, thisGroup=true, parent=00000000-0000-0000-0000-000000000000, bic=60       , swift=, name=РОСТОВСКАЯ ОБЛАСТЬ, corrAccount=, address=, city=, phones=, country=, countryCode=, activityDiscontinued=}, {guid=78ddac18-ca67-11e5-826c-605718cb5baa, archive=false, dateOutputArchive=0001-01-01T00:00:00Z, thisGroup=false, parent=78ddac17-ca67-11e5-826c-605718cb5baa, bic=046015293, swift=, name=РОСТОВСКИЙ ФИЛИАЛ НКО &quot;ИНКАХРАН&quot; (АО), corrAccount=30103810860150000293, address=, city=Г. РОСТОВ-НА-ДОНУ, phones=, country=00000000-0000-0000-0000-000000000000, countryCode=, activityDiscontinued=true}, {guid=78ddac19-ca67-11e5-826c-605718cb5baa, archive=false, dateOutputArchive=0001-01-01T00:00:00Z, thisGroup=false, parent=78ddac07-ca67-11e5-826c-605718cb5baa, bic=045004775, swift=, name=НОВОСИБИРСКИЙ ФИЛИАЛ ПАО &quot;БИНБАНК&quot;, corrAccount=30101810850040000775, address=, city=Г. НОВОСИБИРСК, phones=, country=00000000-0000-0000-0000-000000000000, countryCode=, activityDiscontinued=true}, {guid=78ddac1a-ca67-11e5-826c-605718cb5baa, archive=false, dateOutputArchive=0001-01-01T00:00:00Z, thisGroup=false, parent=78ddabe5-ca67-11e5-826c-605718cb5baa, bic=044583138, swift=, name=ООО КБ &quot;РАСЧЕТНЫЙ ДОМ&quot;, corrAccount=30101810500000000138, address=, city=Г. МОСКВА, phones=, country=00000000-0000-0000-0000-000000000000, countryCode=, activityDiscontinued=true}, {guid=78ddac1b-ca67-11e5-826c-605718cb5baa, archive=false, dateOutputArchive=0001-01-01T00:00:00Z, thisGroup=false, parent=78ddabe5-ca67-11e5-826c-605718cb5baa, bic=044525762, swift=, name=КУ КБ &quot;ЕВРОТРАСТ&quot; (ЗАО) ГК &quot;АСВ&quot;, corrAccount=30101810400000000762, address=УЛ ВЫСОЦКОГО, 4, city=Г. МОСКВА, phones=(495)9612526, country=4e127564-d74f-4dd9-bced-0327f0f4e061, countryCode=643, activityDiscontinued=false}, {guid=78ddaca1-ca67-11e5-826c-605718cb5baa, archive=, dateOutputArchive=, thisGroup=true, parent=00000000-0000-0000-0000-000000000000, bic=37       , swift=, name=КУРГАНСКАЯ ОБЛАСТЬ, corrAccount=, address=, city=, phones=, country=, countryCode=, activityDiscontinued=}, {guid=78ddac1d-ca67-11e5-826c-605718cb5baa, archive=false, dateOutputArchive=0001-01-01T00:00:00Z, thisGroup=false, parent=78ddabe5-ca67-11e5-826c-605718cb5baa, bic=044525235, swift=, name=КУ ООО &quot;М ПЛЮС&quot; ГК &quot;АСВ&quot;, corrAccount=30101810745250000235, address=УЛ ВЫСОЦКОГО, 4, city=Г. МОСКВА, phones=(495)9612526, country=4e127564-d74f-4dd9-bced-0327f0f4e061, countryCode=643, activityDiscontinued=false}, {guid=78ddac1e-ca67-11e5-826c-605718cb5baa, archive=false, dateOutputArchive=0001-01-01T00:00:00Z, thisGroup=false, parent=78ddabe5-ca67-11e5-826c-605718cb5baa, bic=044583701, swift=, name=ООО НКО &quot;ДЕНЬГИ.МЭЙЛ.РУ&quot;, corrAccount=30103810100000000701, address=, city=Г. МОСКВА, phones=, country=00000000-0000-0000-0000-000000000000, countryCode=, activityDiscontinued=true}, {guid=78ddac1f-ca67-11e5-826c-605718cb5baa, archive=false, dateOutputArchive=0001-01-01T00:00:00Z, thisGroup=false, parent=78ddabe1-ca67-11e5-826c-605718cb5baa, bic=044030769, swift=, name=КУ ОАО КБ &quot;ПЕТРО-АЭРО-БАНК&quot;-ГК &quot;АСВ&quot;, corrAccount=30101810300000000769, address=, city=Г. САНКТ-ПЕТЕРБУРГ, phones=, country=00000000-0000-0000-0000-000000000000, countryCode=, activityDiscontinued=true}, {guid=e8b018e6-ca8b-11e5-826c-605718cb5baa, archive=false, dateOutputArchive=0001-01-01T00:00:00Z, thisGroup=false, parent=78ddac9c-ca67-11e5-826c-605718cb5baa, bic=040481000, swift=, name=РКЦ АЧИНСК, corrAccount=, address=, city=Г. АЧИНСК, phones=, country=00000000-0000-0000-0000-000000000000, countryCode=, activityDiscontinued=true}, {guid=78ddac20-ca67-11e5-826c-605718cb5baa, archive=false, dateOutputArchive=0001-01-01T00:00:00Z, thisGroup=false, parent=78ddac0f-ca67-11e5-826c-605718cb5baa, bic=040396844, swift=, name=КОНКУРСНЫЙ УПРАВЛЯЮЩИЙ ООО КИИБ&quot;СОЧИ&quot;-ГК&quot;АСВ&quot;, corrAccount=30101810700000000844, address=УЛ ВЫСОЦКОГО, 4, city=Г. МОСКВА, phones=(495)7253117, country=4e127564-d74f-4dd9-bced-0327f0f4e061, countryCode=643, activityDiscontinued=false}, {guid=78ddac21-ca67-11e5-826c-605718cb5baa, archive=, dateOutputArchive=, thisGroup=true, parent=00000000-0000-0000-0000-000000000000, bic=22       , swift=, name=НИЖЕГОРОДСКАЯ ОБЛАСТЬ, corrAccount=, address=, city=, phones=, country=, countryCode=, activityDiscontinued=}, {guid=78ddac22-ca67-11e5-826c-605718cb5baa, archive=false, dateOutputArchive=0001-01-01T00:00:00Z, thisGroup=false, parent=78ddac21-ca67-11e5-826c-605718cb5baa, bic=042202821, swift=, name=ФАКБ &quot;РОССИЙСКИЙ КАПИТАЛ&quot; (АО) НИЖЕГОРОДСКИЙ, corrAccount=30101810300000000821, address=УЛ ОШАРСКАЯ, 52, city=Г. НИЖНИЙ НОВГОРОД, phones=(831)2816345, country=4e127564-d74f-4dd9-bced-0327f0f4e061, countryCode=643, activityDiscontinued=false}, {guid=78ddac23-ca67-11e5-826c-605718cb5baa, archive=false, dateOutputArchive=0001-01-01T00:00:00Z, thisGroup=false, parent=78ddabe5-ca67-11e5-826c-605718cb5baa, bic=044525551, swift=ICBKRUMMXXX, name=АЙСИБИСИ БАНК (АО), corrAccount=30101810200000000551, address=СЕРЕБРЯНИЧЕСКАЯ НАБ, 29, city=Г. МОСКВА, phones=(495)2873099, country=4e127564-d74f-4dd9-bced-0327f0f4e061, countryCode=643, activityDiscontinued=false}, {guid=78ddac24-ca67-11e5-826c-605718cb5baa, archive=false, dateOutputArchive=0001-01-01T00:00:00Z, thisGroup=false, parent=78ddabe5-ca67-11e5-826c-605718cb5baa, bic=044525476, swift=CBMWRUMMXXX, name=АО &quot;МОСКОМБАНК&quot;, corrAccount=30101810245250000476, address=УЛ 1-Я ФРУНЗЕНСКАЯ, 5, city=Г. МОСКВА, phones=(495)6091919, country=4e127564-d74f-4dd9-bced-0327f0f4e061, countryCode=643, activityDiscontinued=false}, {guid=78ddac25-ca67-11e5-826c-605718cb5baa, archive=, dateOutputArchive=, thisGroup=true, parent=00000000-0000-0000-0000-000000000000, bic=00       , swift=, name=ТЕРРИТОРИЯ НЕ ОПРЕДЕЛЕНА, corrAccount=, address=, city=, phones=, country=, countryCode=, activityDiscontinued=}, {guid=78ddac26-ca67-11e5-826c-605718cb5baa, archive=false, dateOutputArchive=0001-01-01T00:00:00Z, thisGroup=false, parent=78ddac25-ca67-11e5-826c-605718cb5baa, bic=040004002, swift=, name=ПУ БАНКА РОССИИ N 67903, corrAccount=, address=П/П 67903, city=, phones=, country=4e127564-d74f-4dd9-bced-0327f0f4e061, countryCode=643, activityDiscontinued=false}, {guid=78ddac27-ca67-11e5-826c-605718cb5baa, archive=false, dateOutputArchive=0001-01-01T00:00:00Z, thisGroup=false, parent=78ddac00-ca67-11e5-826c-605718cb5baa, bic=048209788, swift=, name=ФАКБ &quot;ИНВЕСТТОРГБАНК&quot; (ПАО) &quot;МАХАЧКАЛИНСКИЙ&quot;, corrAccount=30101810400000000788, address=, city=Г. МАХАЧКАЛА, phones=, country=00000000-0000-0000-0000-000000000000, countryCode=, activityDiscontinued=true}, {guid=78ddac28-ca67-11e5-826c-605718cb5baa, archive=, dateOutputArchive=, thisGroup=true, parent=00000000-0000-0000-0000-000000000000, bic=94       , swift=, name=УДМУРТСКАЯ РЕСПУБЛИКА, corrAccount=, address=, city=, phones=, country=, countryCode=, activityDiscontinued=}, {guid=78ddac29-ca67-11e5-826c-605718cb5baa, archive=false, dateOutputArchive=0001-01-01T00:00:00Z, thisGroup=false, parent=78ddac28-ca67-11e5-826c-605718cb5baa, bic=049401825, swift=, name=КОНКУРСНЫЙ УПРАВЛЯЮЩИЙ ОАО &quot;МОБИЛБАНК&quot;, corrAccount=30101810600000000825, address=УЛ ПУШКИНСКАЯ, 268, city=Г. ИЖЕВСК, phones=(3412)908911,655104, country=4e127564-d74f-4dd9-bced-0327f0f4e061, countryCode=643, activityDiscontinued=false}]&#10;" type="java.lang.AssertionError">java.lang.AssertionError: 
1 expectation failed.
Response body doesn't match expectation.
Expected: The content to match the given JSON schema.
error: instance type (string) does not match any allowed primitive type (allowed: ["boolean"])
    level: "error"
    schema: {"loadingURI":"file:/C:/Users/Sasha/Api/target/test-classes/getBankList.json#","pointer":"/items/properties/activityDiscontinued"}
    instance: {"pointer":"/13/activityDiscontinued"}
    domain: "validation"
    keyword: "type"
    found: "string"
    expected: ["boolean"]
error: string "" is too short (length: 0, required minimum: 1)
    level: "error"
    schema: {"loadingURI":"file:/C:/Users/Sasha/Api/target/test-classes/getBankList.json#","pointer":"/items/properties/address"}
    instance: {"pointer":"/13/address"}
    domain: "validation"
    keyword: "minLength"
    value: ""
    found: 0
    minLength: 1
error: instance type (string) does not match any allowed primitive type (allowed: ["boolean"])
    level: "error"
    schema: {"loadingURI":"file:/C:/Users/Sasha/Api/target/test-classes/getBankList.json#","pointer":"/items/properties/archive"}
    instance: {"pointer":"/13/archive"}
    domain: "validation"
    keyword: "type"
    found: "string"
    expected: ["boolean"]
error: string "" is too short (length: 0, required minimum: 1)
    level: "error"
    schema: {"loadingURI":"file:/C:/Users/Sasha/Api/target/test-classes/getBankList.json#","pointer":"/items/properties/city"}
    instance: {"pointer":"/13/city"}
    domain: "validation"
    keyword: "minLength"
    value: ""
    found: 0
    minLength: 1
error: string "" is too short (length: 0, required minimum: 20)
    level: "error"
    schema: {"loadingURI":"file:/C:/Users/Sasha/Api/target/test-classes/getBankList.json#","pointer":"/items/properties/corrAccount"}
    instance: {"pointer":"/13/corrAccount"}
    domain: "validation"
    keyword: "minLength"
    value: ""
    found: 0
    minLength: 20
error: string "" is too short (length: 0, required minimum: 36)
    level: "error"
    schema: {"loadingURI":"file:/C:/Users/Sasha/Api/target/test-classes/getBankList.json#","pointer":"/items/properties/country"}
    instance: {"pointer":"/13/country"}
    domain: "validation"
    keyword: "minLength"
    value: ""
    found: 0
    minLength: 36
error: string "" is too short (length: 0, required minimum: 3)
    level: "error"
    schema: {"loadingURI":"file:/C:/Users/Sasha/Api/target/test-classes/getBankList.json#","pointer":"/items/properties/countryCode"}
    instance: {"pointer":"/13/countryCode"}
    domain: "validation"
    keyword: "minLength"
    value: ""
    found: 0
    minLength: 3
error: string "" is too short (length: 0, required minimum: 10)
    level: "error"
    schema: {"loadingURI":"file:/C:/Users/Sasha/Api/target/test-classes/getBankList.json#","pointer":"/items/properties/dateOutputArchive"}
    instance: {"pointer":"/13/dateOutputArchive"}
    domain: "validation"
    keyword: "minLength"
    value: ""
    found: 0
    minLength: 10

  Actual: [{guid=979300ab-d82b-11e8-80bb-08002789bf51, archive=false, dateOutputArchive=0001-01-01T00:00:00Z, thisGroup=false, parent=78ddabf2-ca67-11e5-826c-605718cb5baa, bic=043601707, swift=, name=ФИЛИАЛ "САМАРСКИЙ" АО "ОТП БАНК", corrAccount=30101810722023601707, address=УЛ АВРОРЫ, 150, city=Г. САМАРА, phones=(846)3425312,3425313, country=4e127564-d74f-4dd9-bced-0327f0f4e061, countryCode=643, activityDiscontinued=false}, {guid=979300ac-d82b-11e8-80bb-08002789bf51, archive=false, dateOutputArchive=0001-01-01T00:00:00Z, thisGroup=false, parent=78ddabe1-ca67-11e5-826c-605718cb5baa, bic=044030792, swift=, name=ФИЛИАЛ "СЕВЕРО-ЗАПАДНЫЙ" "УМ-БАНК" ООО, corrAccount=30101810640300000792, address=КАМЕННООСТРОВСКИЙ ПР-Т, 61 ПОМ, city=Г. САНКТ-ПЕТЕРБУРГ, phones=(812)4560720, country=4e127564-d74f-4dd9-bced-0327f0f4e061, countryCode=643, activityDiscontinued=false}, {guid=979300ad-d82b-11e8-80bb-08002789bf51, archive=false, dateOutputArchive=0001-01-01T00:00:00Z, thisGroup=false, parent=78ddac07-ca67-11e5-826c-605718cb5baa, bic=045004711, swift=, name=Куйбышевский филиал АКБ "Ланта-Банк" (АО), corrAccount=30101810750045004711, address=КВАРТАЛ 1, ДОМ 29 "ВСТАВКА", city=Г. КУЙБЫШЕВ, phones=, country=4e127564-d74f-4dd9-bced-0327f0f4e061, countryCode=643, activityDiscontinued=false}, {guid=979300ae-d82b-11e8-80bb-08002789bf51, archive=false, dateOutputArchive=0001-01-01T00:00:00Z, thisGroup=false, parent=78ddac07-ca67-11e5-826c-605718cb5baa, bic=045004719, swift=, name=ФИЛИАЛ № 5440 БАНКА ВТБ (ПАО), corrAccount=30101810450040000719, address=УЛ ФРУНЗЕ, 232, 234, 234/1, city=Г. НОВОСИБИРСК, phones=(383)2492424,2492425, country=4e127564-d74f-4dd9-bced-0327f0f4e061, countryCode=643, activityDiscontinued=false}, {guid=979300af-d82b-11e8-80bb-08002789bf51, archive=false, dateOutputArchive=0001-01-01T00:00:00Z, thisGroup=false, parent=78ddac07-ca67-11e5-826c-605718cb5baa, bic=045004701, swift=, name=НОВОСИБИРСКИЙ ФИЛИАЛ АБ "РОССИЯ", corrAccount=30101810950040000701, address=УЛ СЕМЬИ ШАМШИНЫХ, 26, 26/1, city=Г. НОВОСИБИРСК, phones=(383)3670691,3670692, country=4e127564-d74f-4dd9-bced-0327f0f4e061, countryCode=643, activityDiscontinued=false}, {guid=979300b0-d82b-11e8-80bb-08002789bf51, archive=false, dateOutputArchive=0001-01-01T00:00:00Z, thisGroup=false, parent=78ddac09-ca67-11e5-826c-605718cb5baa, bic=046577459, swift=, name=ФИЛИАЛ "УРАЛЬСКИЙ" "УМ-БАНК" ООО, corrAccount=30101810165770000459, address=УЛ БЕЛИНСКОГО, 86, city=Г. ЕКАТЕРИНБУРГ, phones=(343)2871010,3452644, country=4e127564-d74f-4dd9-bced-0327f0f4e061, countryCode=643, activityDiscontinued=false}, {guid=979300b1-d82b-11e8-80bb-08002789bf51, archive=false, dateOutputArchive=0001-01-01T00:00:00Z, thisGroup=false, parent=78ddabe5-ca67-11e5-826c-605718cb5baa, bic=044525745, swift=VTBRRUM2MS3, name=ФИЛИАЛ № 7701 БАНКА ВТБ (ПАО), corrAccount=30101810345250000745, address=УЛ КУЗНЕЦКИЙ МОСТ, 17, СТР 1, city=Г. МОСКВА, phones=(495)9258000, country=4e127564-d74f-4dd9-bced-0327f0f4e061, countryCode=643, activityDiscontinued=false}, {guid=979300b2-d82b-11e8-80bb-08002789bf51, archive=false, dateOutputArchive=0001-01-01T00:00:00Z, thisGroup=false, parent=78ddabe9-ca67-11e5-826c-605718cb5baa, bic=042520842, swift=, name="Братский АНКБ" ПАО, corrAccount=30101810850042520842, address=УЛ. КОМСОМОЛЬСКАЯ, Д. 43, city=Г. БРАТСК, phones=, country=4e127564-d74f-4dd9-bced-0327f0f4e061, countryCode=643, activityDiscontinued=false}, {guid=979300b3-d82b-11e8-80bb-08002789bf51, archive=false, dateOutputArchive=0001-01-01T00:00:00Z, thisGroup=false, parent=78ddabe9-ca67-11e5-826c-605718cb5baa, bic=042520811, swift=, name=АО "ГРИНКОМБАНК", corrAccount=30101810950040000811, address=УЛ ФРАНК-КАМЕНЕЦКОГО, 8, city=Г. ИРКУТСК, phones=(3952)255196,240197, country=4e127564-d74f-4dd9-bced-0327f0f4e061, countryCode=643, activityDiscontinued=false}, {guid=979300b4-d82b-11e8-80bb-08002789bf51, archive=false, dateOutputArchive=0001-01-01T00:00:00Z, thisGroup=false, parent=78ddac9c-ca67-11e5-826c-605718cb5baa, bic=040407523, swift=, name=АО АИКБ "ЕНИСЕЙСКИЙ ОБЪЕДИНЕННЫЙ БАНК", corrAccount=30101810650040000523, address=УЛ КАРЛА МАРКСА, 62, city=Г. КРАСНОЯРСК, phones=(391)2770000, country=4e127564-d74f-4dd9-bced-0327f0f4e061, countryCode=643, activityDiscontinued=false}, {guid=979300b5-d82b-11e8-80bb-08002789bf51, archive=false, dateOutputArchive=0001-01-01T00:00:00Z, thisGroup=false, parent=e8b01830-ca8b-11e5-826c-605718cb5baa, bic=041403725, swift=, name=ООО "Осколбанк", corrAccount=30101810745250000725, address=Г. СТАРЫЙ ОСКОЛ, М-Н ОЛИМПИЙСК, city=Г. СТАРЫЙ ОСКОЛ, phones=, country=4e127564-d74f-4dd9-bced-0327f0f4e061, countryCode=643, activityDiscontinued=false}, {guid=979300b6-d82b-11e8-80bb-08002789bf51, archive=false, dateOutputArchive=0001-01-01T00:00:00Z, thisGroup=false, parent=78ddabe1-ca67-11e5-826c-605718cb5baa, bic=044030707, swift=VTBRRUM2SP3, name=ФИЛИАЛ № 7806 БАНКА ВТБ (ПАО), corrAccount=30101810240300000707, address=УЛ Б. МОРСКАЯ, 29 ЛИТ А, city=Г. САНКТ-ПЕТЕРБУРГ, phones=(812)3241214, country=4e127564-d74f-4dd9-bced-0327f0f4e061, countryCode=643, activityDiscontinued=false}, {guid=979300b7-d82b-11e8-80bb-08002789bf51, archive=false, dateOutputArchive=0001-01-01T00:00:00Z, thisGroup=false, parent=78ddac09-ca67-11e5-826c-605718cb5baa, bic=046577916, swift=, name=ФИЛИАЛ "НОВОУРАЛЬСКИЙ" ПАО КБ "УБРИР", corrAccount=30101810365770000916, address=УЛ ДЗЕРЖИНСКОГО, 16, city=Г. НОВОУРАЛЬСК, phones=(34370)25591, country=4e127564-d74f-4dd9-bced-0327f0f4e061, countryCode=643, activityDiscontinued=false}, {guid=78ddabd9-ca67-11e5-826c-605718cb5baa, archive=, dateOutputArchive=, thisGroup=true, parent=00000000-0000-0000-0000-000000000000, bic=90       , swift=, name=РЕСПУБЛИКА СЕВЕРНАЯ ОСЕТИЯ-АЛАНИЯ, corrAccount=, address=, city=, phones=, country=, countryCode=, activityDiscontinued=}, {guid=979300b8-d82b-11e8-80bb-08002789bf51, archive=false, dateOutputArchive=0001-01-01T00:00:00Z, thisGroup=false, parent=78ddabdf-ca67-11e5-826c-605718cb5baa, bic=049246691, swift=, name=АБ "ДЕВОН-КРЕДИТ" (ПАО), corrAccount=30101810722029246691, address=УЛ ЛЕНИНА, 77, city=Г. АЛЬМЕТЬЕВСК, phones=(8553)456777, country=4e127564-d74f-4dd9-bced-0327f0f4e061, countryCode=643, activityDiscontinued=false}, {guid=979300b9-d82b-11e8-80bb-08002789bf51, archive=false, dateOutputArchive=0001-01-01T00:00:00Z, thisGroup=false, parent=78ddabe5-ca67-11e5-826c-605718cb5baa, bic=044525806, swift=, name=ФИЛИАЛ "МОСКОВСКИЙ" КБ "СПУТНИК" (ПАО), corrAccount=30101810145250000806, address=ЛЯЛИН ПЕР, 19-1, city=Г. МОСКВА, phones=(495)5891084, country=4e127564-d74f-4dd9-bced-0327f0f4e061, countryCode=643, activityDiscontinued=false}, {guid=979300ba-d82b-11e8-80bb-08002789bf51, archive=false, dateOutputArchive=0001-01-01T00:00:00Z, thisGroup=false, parent=78ddaccd-ca67-11e5-826c-605718cb5baa, bic=045209702, swift=, name=АО "ИТ Банк", corrAccount=30101810750045209702, address=УЛ. ДУМСКАЯ, 7, city=Г. ОМСК, phones=, country=4e127564-d74f-4dd9-bced-0327f0f4e061, countryCode=643, activityDiscontinued=false}, {guid=979300bb-d82b-11e8-80bb-08002789bf51, archive=false, dateOutputArchive=0001-01-01T00:00:00Z, thisGroup=false, parent=78ddaccd-ca67-11e5-826c-605718cb5baa, bic=045209701, swift=, name=АО "Эксперт Банк", corrAccount=30101810450045209701, address=УЛ. МАРШАЛА ЖУКОВА, ДОМ 107, city=Г. ОМСК, phones=, country=4e127564-d74f-4dd9-bced-0327f0f4e061, countryCode=643, activityDiscontinued=false}, {guid=979300bc-d82b-11e8-80bb-08002789bf51, archive=false, dateOutputArchive=0001-01-01T00:00:00Z, thisGroup=false, parent=78ddac09-ca67-11e5-826c-605718cb5baa, bic=046577743, swift=, name=ФИЛИАЛ "ДЕЛО" ПАО "СКБ-БАНК", corrAccount=30101810965770000743, address=УЛ КУЙБЫШЕВА, 58, city=Г. ЕКАТЕРИНБУРГ, phones=(343)3557000, country=4e127564-d74f-4dd9-bced-0327f0f4e061, countryCode=643, activityDiscontinued=false}, {guid=979300bd-d82b-11e8-80bb-08002789bf51, archive=false, dateOutputArchive=0001-01-01T00:00:00Z, thisGroup=false, parent=78ddaccd-ca67-11e5-826c-605718cb5baa, bic=045209703, swift=, name=КУ АО "Мираф-Банк" - ГК "АСВ", corrAccount=30101810050045209703, address=УЛ. ФРУНЗЕ, Д.54, city=Г. ОМСК, phones=, country=4e127564-d74f-4dd9-bced-0327f0f4e061, countryCode=643, activityDiscontinued=false}, {guid=9d8e68cb-d82b-11e8-80bb-08002789bf51, archive=false, dateOutputArchive=0001-01-01T00:00:00Z, thisGroup=false, parent=78ddac21-ca67-11e5-826c-605718cb5baa, bic=042202761, swift=, name=Ф. АКБ "ФОРА-БАНК" (АО) В Г. НИЖНИЙ НОВГОРОД, corrAccount=30101810822020000761, address=УЛ КОВАЛИХИНСКАЯ, 8, city=Г. НИЖНИЙ НОВГОРОД, phones=(831)2161801,2161802, country=4e127564-d74f-4dd9-bced-0327f0f4e061, countryCode=643, activityDiscontinued=false}, {guid=9d8e68cc-d82b-11e8-80bb-08002789bf51, archive=false, dateOutputArchive=0001-01-01T00:00:00Z, thisGroup=false, parent=78ddac67-ca67-11e5-826c-605718cb5baa, bic=045773804, swift=, name=ФИЛИАЛ "ЛЫСЬВА" АО АКБ "АЛЕФ-БАНК", corrAccount=30101810965775700804, address=ПОЖАРСКОГО, Д.8, city=Г. ЛЫСЬВА, phones=, country=4e127564-d74f-4dd9-bced-0327f0f4e061, countryCode=643, activityDiscontinued=false}, {guid=9d8e68cd-d82b-11e8-80bb-08002789bf51, archive=false, dateOutputArchive=0001-01-01T00:00:00Z, thisGroup=false, parent=78ddac21-ca67-11e5-826c-605718cb5baa, bic=042202717, swift=, name=ФИЛИАЛ №10 ПАО КБ "ЦЕНТР-ИНВЕСТ", corrAccount=30101810122020000717, address=УЛ КОМИНТЕРНА, 139, city=Г. НИЖНИЙ НОВГОРОД, phones=(831)4391708, country=4e127564-d74f-4dd9-bced-0327f0f4e061, countryCode=643, activityDiscontinued=false}, {guid=9d8e68ce-d82b-11e8-80bb-08002789bf51, archive=false, dateOutputArchive=0001-01-01T00:00:00Z, thisGroup=false, parent=78ddac21-ca67-11e5-826c-605718cb5baa, bic=042202716, swift=, name=НИЖЕГОРОДСКИЙ Ф БАНКА"ВОЗРОЖДЕНИЕ"(ПАО), corrAccount=30101810822020000716, address=УЛ БЕЛИНСКОГО, 106 А, city=Г. НИЖНИЙ НОВГОРОД, phones=(831)2787662,2783935, country=4e127564-d74f-4dd9-bced-0327f0f4e061, countryCode=643, activityDiscontinued=false}, {guid=9d8e68cf-d82b-11e8-80bb-08002789bf51, archive=false, dateOutputArchive=0001-01-01T00:00:00Z, thisGroup=false, parent=78ddac21-ca67-11e5-826c-605718cb5baa, bic=042202712, swift=, name=НИЖЕГОРОДСКИЙ ФИЛИАЛ АКБ "ЛАНТА-БАНК" (АО), corrAccount=30101810622020000712, address=МЕЩЕРСКИЙ Б-Р, 3, К 1, city=Г. НИЖНИЙ НОВГОРОД, phones=(831)2208322,2208320, country=4e127564-d74f-4dd9-bced-0327f0f4e061, countryCode=643, activityDiscontinued=false}, {guid=9d8e68d0-d82b-11e8-80bb-08002789bf51, archive=false, dateOutputArchive=0001-01-01T00:00:00Z, thisGroup=false, parent=78ddac17-ca67-11e5-826c-605718cb5baa, bic=046015707, swift=, name=ВОЛГОДОНСКИЙ ф Банка "Возрождение" (ПАО), corrAccount=30101810060150000707, address=БУЛ. ВЕЛИКОЙ ПОБЕДЫ, ДОМ №38А, city=Г. ВОЛГОДОНСК, phones=, country=4e127564-d74f-4dd9-bced-0327f0f4e061, countryCode=643, activityDiscontinued=false}, {guid=9d8e68d1-d82b-11e8-80bb-08002789bf51, archive=false, dateOutputArchive=0001-01-01T00:00:00Z, thisGroup=false, parent=78ddac21-ca67-11e5-826c-605718cb5baa, bic=042202718, swift=, name=ПАО "САРОВБИЗНЕСБАНК", corrAccount=30101810422020000718, address=УЛ СИЛКИНА, 13, city=Г. САРОВ, phones=(831)4307478,(83130)33640, country=4e127564-d74f-4dd9-bced-0327f0f4e061, countryCode=643, activityDiscontinued=false}, {guid=9d8e68d2-d82b-11e8-80bb-08002789bf51, archive=false, dateOutputArchive=0001-01-01T00:00:00Z, thisGroup=false, parent=78ddac21-ca67-11e5-826c-605718cb5baa, bic=042202727, swift=, name=ПАО КОМБАНК "ХИМИК", corrAccount=30101810222020000727, address=УЛ УРИЦКОГО, 10 Б, city=Г. ДЗЕРЖИНСК, phones=(8313)261608,251126, country=4e127564-d74f-4dd9-bced-0327f0f4e061, countryCode=643, activityDiscontinued=false}, {guid=9d8e68d3-d82b-11e8-80bb-08002789bf51, archive=false, dateOutputArchive=0001-01-01T00:00:00Z, thisGroup=false, parent=78ddabe5-ca67-11e5-826c-605718cb5baa, bic=044525420, swift=, name=Ф РОКЕТБАНК КИВИ БАНК (АО), corrAccount=30101810945250000420, address=УЛ ПАЛИХА, 10, СТР 5, city=Г. МОСКВА, phones=(495)2313645, country=4e127564-d74f-4dd9-bced-0327f0f4e061, countryCode=643, activityDiscontinued=false}, {guid=78ddabda-ca67-11e5-826c-605718cb5baa, archive=false, dateOutputArchive=0001-01-01T00:00:00Z, thisGroup=false, parent=78ddabd9-ca67-11e5-826c-605718cb5baa, bic=049033736, swift=, name=СКФ ПАО АКБ "ИРОНБАНК", corrAccount=30101810800000000736, address=, city=Г. ВЛАДИКАВКАЗ, phones=, country=00000000-0000-0000-0000-000000000000, countryCode=, activityDiscontinued=true}, {guid=9d8e68d4-d82b-11e8-80bb-08002789bf51, archive=false, dateOutputArchive=0001-01-01T00:00:00Z, thisGroup=false, parent=78ddac21-ca67-11e5-826c-605718cb5baa, bic=042202731, swift=, name=АО КОМБАНК "АРЗАМАС", corrAccount=30101810522020000731, address=УЛ КИРОВА, 33, city=Г. АРЗАМАС, phones=(83147)70224,70177, country=4e127564-d74f-4dd9-bced-0327f0f4e061, countryCode=643, activityDiscontinued=false}, {guid=9d8e68d5-d82b-11e8-80bb-08002789bf51, archive=false, dateOutputArchive=0001-01-01T00:00:00Z, thisGroup=false, parent=78ddabe5-ca67-11e5-826c-605718cb5baa, bic=044525864, swift=, name=МОСКОВСКИЙ ФИЛИАЛ АО АКБ "ГАЗБАНК", corrAccount=30101810145250000864, address=УЛ БРЯНСКАЯ, 5, city=Г. МОСКВА, phones=(495)3639438, country=4e127564-d74f-4dd9-bced-0327f0f4e061, countryCode=643, activityDiscontinued=true}, {guid=9d8e68d6-d82b-11e8-80bb-08002789bf51, archive=false, dateOutputArchive=0001-01-01T00:00:00Z, thisGroup=false, parent=78ddabe5-ca67-11e5-826c-605718cb5baa, bic=044525797, swift=, name=Ф ТОЧКА БАНК КИВИ БАНК (АО), corrAccount=30101810445250000797, address=УЛ СПИРИДОНОВКА, 4, СТР 2, city=Г. МОСКВА, phones=(495)2313645, country=4e127564-d74f-4dd9-bced-0327f0f4e061, countryCode=643, activityDiscontinued=false}, {guid=9d8e68d7-d82b-11e8-80bb-08002789bf51, archive=false, dateOutputArchive=0001-01-01T00:00:00Z, thisGroup=false, parent=78ddac9c-ca67-11e5-826c-605718cb5baa, bic=040407404, swift=, name=ФПАО "ДАЛЬНЕВОСТОЧНЫЙ БАНК" "КРАСНОЯРСКИЙ", corrAccount=30101810850040000404, address=УЛ МОЛОКОВА, 1, К 4, city=Г. КРАСНОЯРСК, phones=(391)2773071, country=4e127564-d74f-4dd9-bced-0327f0f4e061, countryCode=643, activityDiscontinued=false}, {guid=9d8e68d8-d82b-11e8-80bb-08002789bf51, archive=false, dateOutputArchive=0001-01-01T00:00:00Z, thisGroup=false, parent=78ddad0a-ca67-11e5-826c-605718cb5baa, bic=047144778, swift=, name=СФ АО БАНК "СНГБ", corrAccount=30101810165777100778, address=УЛ ГУБКИНА, 15 А, city=Г. СУРГУТ, phones=(3462)398700, country=4e127564-d74f-4dd9-bced-0327f0f4e061, countryCode=643, activityDiscontinued=false}, {guid=9d8e68d9-d82b-11e8-80bb-08002789bf51, archive=false, dateOutputArchive=0001-01-01T00:00:00Z, thisGroup=false, parent=78ddabf2-ca67-11e5-826c-605718cb5baa, bic=043601968, swift=VTBRRUM2SA3, name=ФИЛИАЛ № 6318 БАНКА ВТБ (ПАО), corrAccount=30101810422023601968, address=УЛ МОЛОДОГВАРДЕЙСКАЯ, 204, city=Г. САМАРА, phones=(846)2696824,2696834, country=4e127564-d74f-4dd9-bced-0327f0f4e061, countryCode=643, activityDiscontinued=false}, {guid=9d8e68da-d82b-11e8-80bb-08002789bf51, archive=false, dateOutputArchive=0001-01-01T00:00:00Z, thisGroup=false, parent=78ddabf2-ca67-11e5-826c-605718cb5baa, bic=043601975, swift=, name=ООО "РУСФИНАНС БАНК", corrAccount=30101810622023601975, address=УЛ ЧЕРНОРЕЧЕНСКАЯ, 42 А, city=Г. САМАРА, phones=(846)2696911,2694411, country=4e127564-d74f-4dd9-bced-0327f0f4e061, countryCode=643, activityDiscontinued=false}, {guid=9d8e68db-d82b-11e8-80bb-08002789bf51, archive=false, dateOutputArchive=0001-01-01T00:00:00Z, thisGroup=false, parent=78ddabf7-ca67-11e5-826c-605718cb5baa, bic=045354880, swift=, name=ГК "АСВ" - КУ АО "НСТ-БАНК", corrAccount=30101810265775300880, address=ВИЛОНОВСКАЯ УЛ, 138, city=Г. САМАРА, phones=, country=4e127564-d74f-4dd9-bced-0327f0f4e061, countryCode=643, activityDiscontinued=false}, {guid=9d8e68dc-d82b-11e8-80bb-08002789bf51, archive=false, dateOutputArchive=0001-01-01T00:00:00Z, thisGroup=false, parent=78ddabe7-ca67-11e5-826c-605718cb5baa, bic=040507595, swift=, name=АО "СОЛИД БАНК", corrAccount=30101810205070000595, address=УЛ АДМИРАЛА ФОКИНА, 25, city=Г. ВЛАДИВОСТОК, phones=(423)2265722,(423)2469293, country=4e127564-d74f-4dd9-bced-0327f0f4e061, countryCode=643, activityDiscontinued=false}, {guid=9d8e68dd-d82b-11e8-80bb-08002789bf51, archive=false, dateOutputArchive=0001-01-01T00:00:00Z, thisGroup=false, parent=78ddabe1-ca67-11e5-826c-605718cb5baa, bic=044030830, swift=, name=СПБ. Ф. АО БАНК "НАЦИОНАЛЬНЫЙ СТАНДАРТ", corrAccount=30101810340300000830, address=УЛ. ЧАЙКОВСКОГО, Д. 39, ЛИТ А, city=Г. САНКТ-ПЕТЕРБУРГ, phones=(812)4493155, country=4e127564-d74f-4dd9-bced-0327f0f4e061, countryCode=643, activityDiscontinued=false}, {guid=9d8e68de-d82b-11e8-80bb-08002789bf51, archive=false, dateOutputArchive=0001-01-01T00:00:00Z, thisGroup=false, parent=78ddabeb-ca67-11e5-826c-605718cb5baa, bic=040708735, swift=, name=ФИЛИАЛ В Г. ЕССЕНТУКИ АКБ "ЛАНТА-БАНК" (АО), corrAccount=30101810007080000735, address=УЛ СОВЕТСКАЯ, 20 Б, city=Г. ЕССЕНТУКИ, phones=(87934)54547,54371, country=4e127564-d74f-4dd9-bced-0327f0f4e061, countryCode=643, activityDiscontinued=false}, {guid=9d8e68df-d82b-11e8-80bb-08002789bf51, archive=false, dateOutputArchive=0001-01-01T00:00:00Z, thisGroup=false, parent=78ddac72-ca67-11e5-826c-605718cb5baa, bic=041806745, swift=, name=Урюпинский филиал ПАО КБ "Сельмашбанк", corrAccount=30101810518060000745, address=УЛ. ШТЕМЕНКО, 47/3, city=Г. УРЮПИНСК, phones=, country=4e127564-d74f-4dd9-bced-0327f0f4e061, countryCode=643, activityDiscontinued=false}, {guid=9d8e68e0-d82b-11e8-80bb-08002789bf51, archive=false, dateOutputArchive=0001-01-01T00:00:00Z, thisGroup=false, parent=78ddac72-ca67-11e5-826c-605718cb5baa, bic=041806730, swift=, name=Ликвидатор АО КБ "Михайловский ПЖСБ", corrAccount=30101810918060000730, address=УЛИЦА ОБОРОНЫ, 44 "А", city=Г. МИХАЙЛОВКА, phones=, country=4e127564-d74f-4dd9-bced-0327f0f4e061, countryCode=643, activityDiscontinued=false}, {guid=9d8e68e1-d82b-11e8-80bb-08002789bf51, archive=false, dateOutputArchive=0001-01-01T00:00:00Z, thisGroup=false, parent=78ddabe5-ca67-11e5-826c-605718cb5baa, bic=044525941, swift=, name="УМ-БАНК" ООО, corrAccount=30101810945250000941, address=УЛ Б. ОРДЫНКА, 59, СТР 2, city=Г. МОСКВА, phones=(495)2123020, country=4e127564-d74f-4dd9-bced-0327f0f4e061, countryCode=643, activityDiscontinued=false}, {guid=9d8e68e2-d82b-11e8-80bb-08002789bf51, archive=false, dateOutputArchive=0001-01-01T00:00:00Z, thisGroup=false, parent=78ddac72-ca67-11e5-826c-605718cb5baa, bic=041806717, swift=, name=ЮЖНЫЙ ФИЛИАЛ АО БАНК "НАЦИОНАЛЬНЫЙ СТАНДАРТ", corrAccount=30101810818060000717, address=УЛ ИМ. ГАГАРИНА, 7, city=Г. ВОЛГОГРАД, phones=(8442)995000, country=4e127564-d74f-4dd9-bced-0327f0f4e061, countryCode=643, activityDiscontinued=true}, {guid=78ddabdb-ca67-11e5-826c-605718cb5baa, archive=, dateOutputArchive=, thisGroup=true, parent=00000000-0000-0000-0000-000000000000, bic=32       , swift=, name=КЕМЕРОВСКАЯ ОБЛАСТЬ, corrAccount=, address=, city=, phones=, country=, countryCode=, activityDiscontinued=}, {guid=a38a1a95-d82b-11e8-80bb-08002789bf51, archive=false, dateOutputArchive=0001-01-01T00:00:00Z, thisGroup=false, parent=78ddac17-ca67-11e5-826c-605718cb5baa, bic=046015846, swift=, name=КУ ОАО КБ "МАКСИМУМ" - ГК "АСВ", corrAccount=30101810060150000846, address=УЛ. ВЫСОЦКОГО, Д.4, city=Г. МОСКВА, phones=, country=4e127564-d74f-4dd9-bced-0327f0f4e061, countryCode=643, activityDiscontinued=false}, {guid=a38a1a96-d82b-11e8-80bb-08002789bf51, archive=false, dateOutputArchive=0001-01-01T00:00:00Z, thisGroup=false, parent=78ddac14-ca67-11e5-826c-605718cb5baa, bic=047601205, swift=, name=ООО КБ "ЦЕНТРАЛЬНО-ЕВРОПЕЙСКИЙ БАНК", corrAccount=30101810950040000205, address=УЛ БАБУШКИНА, 108, city=Г. ЧИТА, phones=(3022)211502, country=4e127564-d74f-4dd9-bced-0327f0f4e061, countryCode=643, activityDiscontinued=false}, {guid=78ddabf7-ca67-11e5-826c-605718cb5baa, archive=, dateOutputArchive=, thisGroup=true, parent=00000000-0000-0000-0000-000000000000, bic=53       , swift=, name=ОРЕНБУРГСКАЯ ОБЛАСТЬ, corrAccount=, address=, city=, phones=, country=, countryCode=, activityDiscontinued=}, {guid=a38a1a97-d82b-11e8-80bb-08002789bf51, archive=false, dateOutputArchive=0001-01-01T00:00:00Z, thisGroup=false, parent=78ddac17-ca67-11e5-826c-605718cb5baa, bic=046015835, swift=, name=КУ ООО "РУССКИЙ НАЦИОНАЛЬНЫЙ БАНК" - ГК "АСВ", corrAccount=30101810660150000835, address=УЛ ВЫСОЦКОГО, 4 ТЕЛ.(495)96125, city=Г. МОСКВА, phones=(863)2999413,2999418, country=4e127564-d74f-4dd9-bced-0327f0f4e061, countryCode=643, activityDiscontinued=false}, {guid=a38a1a98-d82b-11e8-80bb-08002789bf51, archive=false, dateOutputArchive=0001-01-01T00:00:00Z, thisGroup=false, parent=78ddabe5-ca67-11e5-826c-605718cb5baa, bic=044525535, swift=, name=КУ АБ "АЛДАНЗОЛОТОБАНК" АО - ГК "АСВ", corrAccount=30101810445250000535, address=УЛ. ВЫСОЦКОГО, Д. 4, city=Г. МОСКВА, phones=, country=4e127564-d74f-4dd9-bced-0327f0f4e061, countryCode=643, activityDiscontinued=false}, {guid=a38a1a99-d82b-11e8-80bb-08002789bf51, archive=false, dateOutputArchive=0001-01-01T00:00:00Z, thisGroup=false, parent=78ddac21-ca67-11e5-826c-605718cb5baa, bic=042202812, swift=, name=ВЫКСУНСКИЙ Ф-Л ПАО АКБ "МЕТАЛЛИНВЕСТБАНК", corrAccount=30101810522020000812, address=ПЛ ОКТЯБРЬСКОЙ РЕВОЛЮЦИИ, 48, city=Г. ВЫКСА, phones=(83177)35825,31157, country=4e127564-d74f-4dd9-bced-0327f0f4e061, countryCode=643, activityDiscontinued=false}, {guid=a38a1a9a-d82b-11e8-80bb-08002789bf51, archive=false, dateOutputArchive=0001-01-01T00:00:00Z, thisGroup=false, parent=78ddac07-ca67-11e5-826c-605718cb5baa, bic=045004893, swift=, name=НОВОСИБИРСКИЙ Ф-Л НКО "ИНКАХРАН"(АО), corrAccount=30103810950040000893, address=УЛ 2-Я СОЮЗА МОЛОДЕЖИ, 31, city=Г. НОВОСИБИРСК, phones=(383)2260797,2269768, country=4e127564-d74f-4dd9-bced-0327f0f4e061, countryCode=643, activityDiscontinued=false}, {guid=a38a1a9b-d82b-11e8-80bb-08002789bf51, archive=false, dateOutputArchive=0001-01-01T00:00:00Z, thisGroup=false, parent=78ddac07-ca67-11e5-826c-605718cb5baa, bic=045004883, swift=, name=СИБИРСКИЙ ФИЛИАЛ АО "БАНК ИНТЕЗА", corrAccount=30101810250040000883, address=УЛ ОКТЯБРЬСКАЯ, 49, city=Г. НОВОСИБИРСК, phones=(383)2278193, country=4e127564-d74f-4dd9-bced-0327f0f4e061, countryCode=643, activityDiscontinued=false}, {guid=a38a1a9c-d82b-11e8-80bb-08002789bf51, archive=false, dateOutputArchive=0001-01-01T00:00:00Z, thisGroup=false, parent=78ddac07-ca67-11e5-826c-605718cb5baa, bic=045004876, swift=, name=НОВОСИБИРСКИЙ ФИЛИАЛ ПАО "МТС-БАНК", corrAccount=30101810050040000876, address=УЛ. НИЖЕГОРОДСКАЯ, 4, city=Г. НОВОСИБИРСК, phones=(383)3251781, country=4e127564-d74f-4dd9-bced-0327f0f4e061, countryCode=643, activityDiscontinued=false}, {guid=a38a1a9d-d82b-11e8-80bb-08002789bf51, archive=false, dateOutputArchive=0001-01-01T00:00:00Z, thisGroup=false, parent=78ddac07-ca67-11e5-826c-605718cb5baa, bic=045004861, swift=, name=ФИЛИАЛ ООО "ЭКСПОБАНК" В Г.НОВОСИБИРСКЕ, corrAccount=30101810450040000861, address=КРАСНЫЙ ПР-Т, 25, city=Г. НОВОСИБИРСК, phones=(383)2105207, country=4e127564-d74f-4dd9-bced-0327f0f4e061, countryCode=643, activityDiscontinued=false}, {guid=a38a1a9e-d82b-11e8-80bb-08002789bf51, archive=false, dateOutputArchive=0001-01-01T00:00:00Z, thisGroup=false, parent=78ddac07-ca67-11e5-826c-605718cb5baa, bic=045004864, swift=, name=СИБИРСКИЙ ФИЛИАЛ АО КБ "МОДУЛЬБАНК", corrAccount=30101810350040000864, address=УЛ ПЛАНЕТНАЯ, 30, city=Г. НОВОСИБИРСК, phones=(383)3250606,3251575, country=4e127564-d74f-4dd9-bced-0327f0f4e061, countryCode=643, activityDiscontinued=false}, {guid=a38a1a9f-d82b-11e8-80bb-08002789bf51, archive=false, dateOutputArchive=0001-01-01T00:00:00Z, thisGroup=false, parent=78ddabf2-ca67-11e5-826c-605718cb5baa, bic=043601875, swift=, name=САМАРСКИЙ ФИЛИАЛ ТКБ БАНК ПАО, corrAccount=30101810722023601875, address=УЛ СТАРА ЗАГОРА, 52, city=Г. САМАРА, phones=(846)9338233,2280135, country=4e127564-d74f-4dd9-bced-0327f0f4e061, countryCode=643, activityDiscontinued=false}, {guid=a38a1aa0-d82b-11e8-80bb-08002789bf51, archive=false, dateOutputArchive=0001-01-01T00:00:00Z, thisGroup=false, parent=78ddabf2-ca67-11e5-826c-605718cb5baa, bic=043601845, swift=, name=САМАРСКИЙ ФИЛИАЛ БАНКА СОЮЗ (АО), corrAccount=30101810422023601845, address=УЛ КРАСНОАРМЕЙСКАЯ, 75, city=Г. САМАРА, phones=(846)2311251,2311259, country=4e127564-d74f-4dd9-bced-0327f0f4e061, countryCode=643, activityDiscontinued=false}, {guid=a38a1aa1-d82b-11e8-80bb-08002789bf51, archive=false, dateOutputArchive=0001-01-01T00:00:00Z, thisGroup=false, parent=78ddabf2-ca67-11e5-826c-605718cb5baa, bic=043601842, swift=, name=АО КБ "НИБ", corrAccount=30101810522023601842, address=УЛ ФРУНЗЕ, 102, city=Г. САМАРА, phones=(846)3425750,3425751, country=4e127564-d74f-4dd9-bced-0327f0f4e061, countryCode=643, activityDiscontinued=false}, {guid=a38a1aa2-d82b-11e8-80bb-08002789bf51, archive=false, dateOutputArchive=0001-01-01T00:00:00Z, thisGroup=false, parent=78ddac2f-ca67-11e5-826c-605718cb5baa, bic=040813708, swift=, name=ХАБАРОВСКИЙ ФИЛИАЛ ТКБ БАНК ПАО, corrAccount=30101810108130000708, address=УЛ КОМСОМОЛЬСКАЯ, 102, city=Г. ХАБАРОВСК, phones=(4212)910702, country=4e127564-d74f-4dd9-bced-0327f0f4e061, countryCode=643, activityDiscontinued=false}, {guid=78ddac1c-ca67-11e5-826c-605718cb5baa, archive=false, dateOutputArchive=0001-01-01T00:00:00Z, thisGroup=false, parent=78ddabe5-ca67-11e5-826c-605718cb5baa, bic=044525150, swift=, name=ФИЛИАЛ "МОСКОВСКИЙ" АО "ФИА-БАНК", corrAccount=30101810545250000150, address=, city=Г. МОСКВА, phones=, country=00000000-0000-0000-0000-000000000000, countryCode=, activityDiscontinued=true}, {guid=a38a1aa3-d82b-11e8-80bb-08002789bf51, archive=false, dateOutputArchive=0001-01-01T00:00:00Z, thisGroup=false, parent=78ddac2f-ca67-11e5-826c-605718cb5baa, bic=040813713, swift=VTBRRUM2KH3, name=ФИЛИАЛ № 2754 БАНКА ВТБ (ПАО), corrAccount=30101810708130000713, address=УЛ МУРАВЬЁВА-АМУРСКОГО, 18, city=Г. ХАБАРОВСК, phones=(4212)455455, country=4e127564-d74f-4dd9-bced-0327f0f4e061, countryCode=643, activityDiscontinued=false}, {guid=a38a1aa4-d82b-11e8-80bb-08002789bf51, archive=false, dateOutputArchive=0001-01-01T00:00:00Z, thisGroup=false, parent=78ddac09-ca67-11e5-826c-605718cb5baa, bic=046577501, swift=VTBRRUM2EK3, name=ФИЛИАЛ № 6602 БАНКА ВТБ (ПАО), corrAccount=30101810165770000501, address=ПР-Т ЛЕНИНА, 27, city=Г. ЕКАТЕРИНБУРГ, phones=(343)3862400, country=4e127564-d74f-4dd9-bced-0327f0f4e061, countryCode=643, activityDiscontinued=false}, {guid=a38a1aa5-d82b-11e8-80bb-08002789bf51, archive=false, dateOutputArchive=0001-01-01T00:00:00Z, thisGroup=false, parent=78ddac09-ca67-11e5-826c-605718cb5baa, bic=046577507, swift=, name=ЕКАТЕРИНБУРГСКИЙ ФИЛИАЛ АБ "РОССИЯ", corrAccount=30101810965770000507, address=УЛ МАМИНА-СИБИРЯКА, 145, city=Г. ЕКАТЕРИНБУРГ, phones=(343)2863760, country=4e127564-d74f-4dd9-bced-0327f0f4e061, countryCode=643, activityDiscontinued=false}, {guid=a38a1aa6-d82b-11e8-80bb-08002789bf51, archive=false, dateOutputArchive=0001-01-01T00:00:00Z, thisGroup=false, parent=78ddabf2-ca67-11e5-826c-605718cb5baa, bic=043601811, swift=, name=ООО "ЗЕМСКИЙ БАНК", corrAccount=30101810922023601811, address=УЛ УЛЬЯНОВСКАЯ, 79, city=Г. СЫЗРАНЬ, phones=(8464)985454, country=4e127564-d74f-4dd9-bced-0327f0f4e061, countryCode=643, activityDiscontinued=false}, {guid=a38a1aa7-d82b-11e8-80bb-08002789bf51, archive=false, dateOutputArchive=0001-01-01T00:00:00Z, thisGroup=false, parent=78ddabfd-ca67-11e5-826c-605718cb5baa, bic=046311890, swift=, name=АО "БАЛАКОВО-БАНК", corrAccount=30101810022026311890, address=УЛ ФАКЕЛ СОЦИАЛИЗМА, 21, city=Г. БАЛАКОВО, phones=(8453)444166,447007, country=4e127564-d74f-4dd9-bced-0327f0f4e061, countryCode=643, activityDiscontinued=false}, {guid=a38a1aa8-d82b-11e8-80bb-08002789bf51, archive=false, dateOutputArchive=0001-01-01T00:00:00Z, thisGroup=false, parent=78ddabe5-ca67-11e5-826c-605718cb5baa, bic=044525641, swift=, name=ФИЛИАЛ 1 ООО КБ "ЦЕНТРАЛЬНО-ЕВРОПЕЙСКИЙ БАНК", corrAccount=30101810245250000641, address=ПРОЕКТ-Й 4062Й ПР-Д, 6, СТР 16, city=Г. МОСКВА, phones=(495)6625665, country=4e127564-d74f-4dd9-bced-0327f0f4e061, countryCode=643, activityDiscontinued=false}, {guid=a38a1aa9-d82b-11e8-80bb-08002789bf51, archive=false, dateOutputArchive=0001-01-01T00:00:00Z, thisGroup=false, parent=78ddac17-ca67-11e5-826c-605718cb5baa, bic=046015946, swift=, name=ПАО "ТАГАНРОГБАНК", corrAccount=30101810960150000946, address=УЛ. ГРЕЧЕСКАЯ, 71 ТЕЛ.(8634)31, city=Г. ТАГАНРОГ, phones=, country=4e127564-d74f-4dd9-bced-0327f0f4e061, countryCode=643, activityDiscontinued=false}, {guid=a38a1aaa-d82b-11e8-80bb-08002789bf51, archive=false, dateOutputArchive=0001-01-01T00:00:00Z, thisGroup=false, parent=78ddabe5-ca67-11e5-826c-605718cb5baa, bic=044525646, swift=, name=НКО НКЦ (АО), corrAccount=30103810345250000646, address=Б. КИСЛОВСКИЙ ПЕР, 13, city=Г. МОСКВА, phones=(495)7829794, country=4e127564-d74f-4dd9-bced-0327f0f4e061, countryCode=643, activityDiscontinued=false}, {guid=a38a1aab-d82b-11e8-80bb-08002789bf51, archive=false, dateOutputArchive=0001-01-01T00:00:00Z, thisGroup=false, parent=78ddac07-ca67-11e5-826c-605718cb5baa, bic=045004841, swift=, name=НОВОСИБИРСКИЙ ФИЛИАЛ ТКБ БАНК ПАО, corrAccount=30101810250040000841, address=УЛ КОММУНИСТИЧЕСКАЯ, 35, city=Г. НОВОСИБИРСК, phones=(383)3252500,3252660, country=4e127564-d74f-4dd9-bced-0327f0f4e061, countryCode=643, activityDiscontinued=false}, {guid=a38a1aac-d82b-11e8-80bb-08002789bf51, archive=false, dateOutputArchive=0001-01-01T00:00:00Z, thisGroup=false, parent=78ddac07-ca67-11e5-826c-605718cb5baa, bic=045004846, swift=, name=Ф-Л "НОВОСИБИРСК" АКБ "РОСЕВРОБАНК" (АО), corrAccount=30101810750040000846, address=УЛ ФРУНЗЕ, 5, city=Г. НОВОСИБИРСК, phones=(383)2020750, country=4e127564-d74f-4dd9-bced-0327f0f4e061, countryCode=643, activityDiscontinued=false}, {guid=a38a1aad-d82b-11e8-80bb-08002789bf51, archive=false, dateOutputArchive=0001-01-01T00:00:00Z, thisGroup=false, parent=78ddac07-ca67-11e5-826c-605718cb5baa, bic=045004845, swift=, name=ФИЛИАЛ "НОВОСИБИРСКИЙ" ПАО КБ "УБРИР", corrAccount=30101810450040000845, address=УЛ ВОКЗАЛЬНАЯ МАГИСТРАЛЬ, 1, city=Г. НОВОСИБИРСК, phones=(383)2201141,2201181, country=4e127564-d74f-4dd9-bced-0327f0f4e061, countryCode=643, activityDiscontinued=false}, {guid=a38a1aae-d82b-11e8-80bb-08002789bf51, archive=false, dateOutputArchive=0001-01-01T00:00:00Z, thisGroup=false, parent=78ddac07-ca67-11e5-826c-605718cb5baa, bic=045004833, swift=, name=НОВОСИБИРСКИЙ ФИЛИАЛ ООО "БАНК БКФ", corrAccount=30101810750040000833, address=ПР-Т ДИМИТРОВА, 4/1, city=Г. НОВОСИБИРСК, phones=(383)3191118,3191116, country=4e127564-d74f-4dd9-bced-0327f0f4e061, countryCode=643, activityDiscontinued=false}, {guid=aaaf21b4-d82b-11e8-80bb-08002789bf51, archive=false, dateOutputArchive=0001-01-01T00:00:00Z, thisGroup=false, parent=78ddac07-ca67-11e5-826c-605718cb5baa, bic=045004818, swift=, name=НОВОСИБИРСКИЙ ФИЛИАЛ АО ЮНИКРЕДИТ БАНКА, corrAccount=30101810050040000818, address=УЛ МАКСИМА ГОРЬКОГО, 53, city=Г. НОВОСИБИРСК, phones=(383)2300163, country=4e127564-d74f-4dd9-bced-0327f0f4e061, countryCode=643, activityDiscontinued=false}, {guid=aaaf21b5-d82b-11e8-80bb-08002789bf51, archive=false, dateOutputArchive=0001-01-01T00:00:00Z, thisGroup=false, parent=78ddabeb-ca67-11e5-826c-605718cb5baa, bic=040715725, swift=, name=ООО "РУСБС", corrAccount=30101810107150000725, address=УЛ ГАГАРИНА, 148, city=СТ-ЦА ЕССЕНТУКСКАЯ, phones=(87961)51171,24177,50987, country=4e127564-d74f-4dd9-bced-0327f0f4e061, countryCode=643, activityDiscontinued=false}, {guid=aaaf21b6-d82b-11e8-80bb-08002789bf51, archive=false, dateOutputArchive=0001-01-01T00:00:00Z, thisGroup=false, parent=78ddac0f-ca67-11e5-826c-605718cb5baa, bic=040349789, swift=, name=ООО КБ "ГТ БАНК", corrAccount=30101810303490000789, address=УЛ СЕВЕРНАЯ, 321, city=Г. КРАСНОДАР, phones=(861)2790305,2791744, country=4e127564-d74f-4dd9-bced-0327f0f4e061, countryCode=643, activityDiscontinued=false}, {guid=aaaf21b7-d82b-11e8-80bb-08002789bf51, archive=false, dateOutputArchive=0001-01-01T00:00:00Z, thisGroup=false, parent=78ddac00-ca67-11e5-826c-605718cb5baa, bic=048209848, swift=, name=КУ ООО КБ "ПРЕСТИЖКРЕДИТБАНК" ГК "АСВ", corrAccount=30101810282090000848, address=УЛ КАММАЕВА, 19, К "Ж", city=Г. МАХАЧКАЛА, phones=(8722)561920,561921, country=4e127564-d74f-4dd9-bced-0327f0f4e061, countryCode=643, activityDiscontinued=false}, {guid=aaaf21b8-d82b-11e8-80bb-08002789bf51, archive=false, dateOutputArchive=0001-01-01T00:00:00Z, thisGroup=false, parent=78ddac98-ca67-11e5-826c-605718cb5baa, bic=041117785, swift=, name=Ф-л "Космодром-Плесецк" АО "ФОНДСЕРВИСБАНК", corrAccount=30101810540300011785, address=УЛ. ПУШКИНА, Д. 3, city=Г. МИРНЫЙ, phones=, country=4e127564-d74f-4dd9-bced-0327f0f4e061, countryCode=643, activityDiscontinued=false}, {guid=aaaf21b9-d82b-11e8-80bb-08002789bf51, archive=false, dateOutputArchive=0001-01-01T00:00:00Z, thisGroup=false, parent=78ddac34-ca67-11e5-826c-605718cb5baa, bic=046489002, swift=, name=ПУ БАНКА РОССИИ ОХОТСКОЕ, corrAccount=, address=УЛ ГНЕЧКО, 1, city=ПГТ ЮЖНО-КУРИЛЬСК, phones=, country=4e127564-d74f-4dd9-bced-0327f0f4e061, countryCode=643, activityDiscontinued=false}, {guid=78ddac57-ca67-11e5-826c-605718cb5baa, archive=, dateOutputArchive=, thisGroup=true, parent=00000000-0000-0000-0000-000000000000, bic=27       , swift=, name=КАЛИНИНГРАДСКАЯ ОБЛАСТЬ, corrAccount=, address=, city=, phones=, country=, countryCode=, activityDiscontinued=}, {guid=aaaf21ba-d82b-11e8-80bb-08002789bf51, archive=false, dateOutputArchive=0001-01-01T00:00:00Z, thisGroup=false, parent=78ddabfd-ca67-11e5-826c-605718cb5baa, bic=046311926, swift=, name=АО РНКО "СИНЕРГИЯ", corrAccount=30103810622026311926, address=Г. САРАТОВ, УЛ. РАБОЧАЯ, 27, city=Г. САРАТОВ, phones=, country=4e127564-d74f-4dd9-bced-0327f0f4e061, countryCode=643, activityDiscontinued=false}, {guid=aaaf21bb-d82b-11e8-80bb-08002789bf51, archive=false, dateOutputArchive=0001-01-01T00:00:00Z, thisGroup=false, parent=78ddac0f-ca67-11e5-826c-605718cb5baa, bic=040349744, swift=, name=КРАСНОДАРСКИЙ ФИЛИАЛ ПАО РОСБАНК, corrAccount=30101810403490000744, address=УЛ ОЛИМПИЙСКАЯ, 8, city=Г. КРАСНОДАР, phones=(861)2739730,2739731, country=4e127564-d74f-4dd9-bced-0327f0f4e061, countryCode=643, activityDiscontinued=false}, {guid=aaaf21bc-d82b-11e8-80bb-08002789bf51, archive=false, dateOutputArchive=0001-01-01T00:00:00Z, thisGroup=false, parent=78ddac07-ca67-11e5-826c-605718cb5baa, bic=045004796, swift=, name=ФИЛИАЛ "НОВОСИБИРСК" КБ "ЛОКО-БАНК" (АО), corrAccount=30101810350040000796, address=УЛ ЛЕНИНА, 52, city=Г. НОВОСИБИРСК, phones=(383)2380740,2380750, country=4e127564-d74f-4dd9-bced-0327f0f4e061, countryCode=643, activityDiscontinued=false}, {guid=aaaf21bd-d82b-11e8-80bb-08002789bf51, archive=false, dateOutputArchive=0001-01-01T00:00:00Z, thisGroup=false, parent=78ddac17-ca67-11e5-826c-605718cb5baa, bic=046015080, swift=, name=РОСТОВСКИЙ ФИЛИАЛ ПАО "РГС БАНК", corrAccount=30101810460150000080, address=УЛ ГОРОДА ВОЛОС, 11/81-83/34, city=Г. РОСТОВ-НА-ДОНУ, phones=(863)2370660, country=4e127564-d74f-4dd9-bced-0327f0f4e061, countryCode=643, activityDiscontinued=false}, {guid=aaaf21be-d82b-11e8-80bb-08002789bf51, archive=false, dateOutputArchive=0001-01-01T00:00:00Z, thisGroup=false, parent=78ddac07-ca67-11e5-826c-605718cb5baa, bic=045004785, swift=, name=НОВОСИБИРСКИЙ Ф-Л ПАО АКБ "МЕТАЛЛИНВЕСТБАНК", corrAccount=30101810950040000785, address=УЛ СОВЕТСКАЯ, 8, city=Г. НОВОСИБИРСК, phones=(383)2091447,2091446, country=4e127564-d74f-4dd9-bced-0327f0f4e061, countryCode=643, activityDiscontinued=false}, {guid=aaaf21bf-d82b-11e8-80bb-08002789bf51, archive=false, dateOutputArchive=0001-01-01T00:00:00Z, thisGroup=false, parent=78ddac17-ca67-11e5-826c-605718cb5baa, bic=046015081, swift=, name=РОСТОВСКИЙ ФИЛИАЛ АО ЮНИКРЕДИТ БАНКА, corrAccount=30101810760150000081, address=УЛ СОЦИАЛИСТИЧЕСКАЯ, 58/51, city=Г. РОСТОВ-НА-ДОНУ, phones=(863)2630900,2630906, country=4e127564-d74f-4dd9-bced-0327f0f4e061, countryCode=643, activityDiscontinued=false}, {guid=aaaf21c0-d82b-11e8-80bb-08002789bf51, archive=false, dateOutputArchive=0001-01-01T00:00:00Z, thisGroup=false, parent=78ddac07-ca67-11e5-826c-605718cb5baa, bic=045004789, swift=, name=ФИЛИАЛ БАНКА МБСП (АО) В НОВОСИБИРСКЕ, corrAccount=30101810150040000789, address=ПР-Т ДИМИТРОВА, 12, city=Г. НОВОСИБИРСК, phones=(383)3734340,3734341, country=4e127564-d74f-4dd9-bced-0327f0f4e061, countryCode=643, activityDiscontinued=false}, {guid=aaaf21c1-d82b-11e8-80bb-08002789bf51, archive=false, dateOutputArchive=0001-01-01T00:00:00Z, thisGroup=false, parent=78ddac17-ca67-11e5-826c-605718cb5baa, bic=046015088, swift=SJSCRUMMRND, name=ФИЛИАЛ "СДМ-БАНК" (ПАО) В Г. РОСТОВ-НА-ДОНУ, corrAccount=30101810860150000088, address=УЛ КАТАЕВА, 293, city=Г. РОСТОВ-НА-ДОНУ, phones=(863)2197712,2197714, country=4e127564-d74f-4dd9-bced-0327f0f4e061, countryCode=643, activityDiscontinued=false}, {guid=aaaf21c2-d82b-11e8-80bb-08002789bf51, archive=false, dateOutputArchive=0001-01-01T00:00:00Z, thisGroup=false, parent=78ddac07-ca67-11e5-826c-605718cb5baa, bic=045004778, swift=, name=ФИЛИАЛ БАНКА "ВБРР" (АО) В Г.НОВОСИБИРСКЕ, corrAccount=30101810750040000778, address=УЛ СИБРЕВКОМА, 2, city=Г. НОВОСИБИРСК, phones=(383)2302201, country=4e127564-d74f-4dd9-bced-0327f0f4e061, countryCode=643, activityDiscontinued=false}, {guid=aaaf21c3-d82b-11e8-80bb-08002789bf51, archive=false, dateOutputArchive=0001-01-01T00:00:00Z, thisGroup=false, parent=78ddac0f-ca67-11e5-826c-605718cb5baa, bic=040349758, swift=VTBRRUM2KD3, name=ФИЛИАЛ № 2351 БАНКА ВТБ (ПАО), corrAccount=30101810703490000758, address=УЛ ИМ. ГОГОЛЯ, 68, city=Г. КРАСНОДАР, phones=(861)2126424,2125627, country=4e127564-d74f-4dd9-bced-0327f0f4e061, countryCode=643, activityDiscontinued=false}, {guid=aaaf21c4-d82b-11e8-80bb-08002789bf51, archive=false, dateOutputArchive=0001-01-01T00:00:00Z, thisGroup=false, parent=78ddac17-ca67-11e5-826c-605718cb5baa, bic=046015094, swift=, name=НОВОЧЕРКАССКИЙ ФИЛИАЛ АО "ФОНДСЕРВИСБАНК", corrAccount=30101810760150000094, address=ПЛАТОВСКИЙ ПР-Т, 59 Б, city=Г. НОВОЧЕРКАССК, phones=(8635)240550, country=4e127564-d74f-4dd9-bced-0327f0f4e061, countryCode=643, activityDiscontinued=false}, {guid=aaaf21c5-d82b-11e8-80bb-08002789bf51, archive=false, dateOutputArchive=0001-01-01T00:00:00Z, thisGroup=false, parent=78ddac17-ca67-11e5-826c-605718cb5baa, bic=046015068, swift=, name=ДОНСКОЙ ФИЛИАЛ АО КБ "СИТИБАНК", corrAccount=30101810660150000068, address=УЛ Б. САДОВАЯ, 124, city=Г. РОСТОВ-НА-ДОНУ, phones=(863)2040043,2040002, country=4e127564-d74f-4dd9-bced-0327f0f4e061, countryCode=643, activityDiscontinued=false}, {guid=aaaf21c6-d82b-11e8-80bb-08002789bf51, archive=false, dateOutputArchive=0001-01-01T00:00:00Z, thisGroup=false, parent=78ddac07-ca67-11e5-826c-605718cb5baa, bic=045004763, swift=, name=ФИЛИАЛ "ЦЕНТРАЛЬНЫЙ" ПАО "СОВКОМБАНК", corrAccount=30101810150040000763, address=УЛ ПОПОВА, 11, city=Г. БЕРДСК, phones=(383)3340606, country=4e127564-d74f-4dd9-bced-0327f0f4e061, countryCode=643, activityDiscontinued=false}, {guid=aaaf21c7-d82b-11e8-80bb-08002789bf51, archive=false, dateOutputArchive=0001-01-01T00:00:00Z, thisGroup=false, parent=78ddac17-ca67-11e5-826c-605718cb5baa, bic=046015066, swift=, name=Ф-Л АО АКБ "НОВИКОМБАНК" В Г.РОСТОВЕ-НА-ДОНУ, corrAccount=30101810060150000066, address=УЛ КРАСНОАРМЕЙСКАЯ, 170/84, city=Г. РОСТОВ-НА-ДОНУ, phones=(863)2017777, country=4e127564-d74f-4dd9-bced-0327f0f4e061, countryCode=643, activityDiscontinued=false}, {guid=78ddabe0-ca67-11e5-826c-605718cb5baa, archive=false, dateOutputArchive=0001-01-01T00:00:00Z, thisGroup=false, parent=78ddabdf-ca67-11e5-826c-605718cb5baa, bic=049246920, swift=, name=НИЖНЕКАМСКИЙ ФАБ "ДЕВОН-КРЕДИТ" (ПАО), corrAccount=30101810700000000920, address=, city=Г. НИЖНЕКАМСК, phones=, country=00000000-0000-0000-0000-000000000000, countryCode=, activityDiscontinued=true}, {guid=aaaf21c8-d82b-11e8-80bb-08002789bf51, archive=false, dateOutputArchive=0001-01-01T00:00:00Z, thisGroup=false, parent=78ddac17-ca67-11e5-826c-605718cb5baa, bic=046015064, swift=, name=ЮЖНЫЙ ФИЛИАЛ АО "БАНК ИНТЕЗА", corrAccount=30101810460150000064, address=ВОРОШИЛОВСКИЙ ПР-Т, 48, city=Г. РОСТОВ-НА-ДОНУ, phones=(863)2318377,2318388, country=4e127564-d74f-4dd9-bced-0327f0f4e061, countryCode=643, activityDiscontinued=false}, {guid=aaaf21c9-d82b-11e8-80bb-08002789bf51, archive=false, dateOutputArchive=0001-01-01T00:00:00Z, thisGroup=false, parent=78ddac17-ca67-11e5-826c-605718cb5baa, bic=046015065, swift=JSNMRUMMRND, name=РОСТОВСКИЙ ФИЛИАЛ ПАО БАНКА "ФК ОТКРЫТИЕ", corrAccount=30101810760150000065, address=УЛ ТЕКУЧЕВА, 234, city=Г. РОСТОВ-НА-ДОНУ, phones=(863)2009099, country=4e127564-d74f-4dd9-bced-0327f0f4e061, countryCode=643, activityDiscontinued=true}, {guid=aaaf21ca-d82b-11e8-80bb-08002789bf51, archive=false, dateOutputArchive=0001-01-01T00:00:00Z, thisGroup=false, parent=78ddac17-ca67-11e5-826c-605718cb5baa, bic=046015060, swift=, name=ФИЛИАЛ АО "ГЕНБАНК" В Г.РОСТОВ-НА-ДОНУ, corrAccount=30101810260150000060, address=УЛ ПУШКИНСКАЯ, 94, city=Г. РОСТОВ-НА-ДОНУ, phones=(863)2999333, country=4e127564-d74f-4dd9-bced-0327f0f4e061, countryCode=643, activityDiscontinued=false}, {guid=aaaf21cb-d82b-11e8-80bb-08002789bf51, archive=false, dateOutputArchive=0001-01-01T00:00:00Z, thisGroup=false, parent=78ddac17-ca67-11e5-826c-605718cb5baa, bic=046015061, swift=, name=ФИЛИАЛ ЮЖНЫЙ ПАО БАНКА "ФК ОТКРЫТИЕ", corrAccount=30101810560150000061, address=УЛ ГОРОДА ВОЛОС, 112/130, city=Г. РОСТОВ-НА-ДОНУ, phones=(863)2688901, country=4e127564-d74f-4dd9-bced-0327f0f4e061, countryCode=643, activityDiscontinued=false}, {guid=aaaf21cc-d82b-11e8-80bb-08002789bf51, archive=false, dateOutputArchive=0001-01-01T00:00:00Z, thisGroup=false, parent=78ddabe7-ca67-11e5-826c-605718cb5baa, bic=040507750, swift=, name=АО "РОЯЛ КРЕДИТ БАНК", corrAccount=30101810105070000750, address=ПР-Т 100ЛЕТ ВЛАДИ-КА, 155 - 1Б, city=Г. ВЛАДИВОСТОК, phones=(423)2308871,2308870, country=4e127564-d74f-4dd9-bced-0327f0f4e061, countryCode=643, activityDiscontinued=false}, {guid=aaaf21cd-d82b-11e8-80bb-08002789bf51, archive=false, dateOutputArchive=0001-01-01T00:00:00Z, thisGroup=false, parent=78ddac17-ca67-11e5-826c-605718cb5baa, bic=046015078, swift=ZEMCRU22XXX, name=ООО "ЗЕМКОМБАНК", corrAccount=30101810760150000078, address=УЛ МАЛЮГИНОЙ, 233, city=Г. РОСТОВ-НА-ДОНУ, phones=(863)2800064, country=4e127564-d74f-4dd9-bced-0327f0f4e061, countryCode=643, activityDiscontinued=false}, {guid=aaaf21ce-d82b-11e8-80bb-08002789bf51, archive=false, dateOutputArchive=0001-01-01T00:00:00Z, thisGroup=false, parent=78ddac17-ca67-11e5-826c-605718cb5baa, bic=046015075, swift=, name=РОСТОВСКИЙ ФИЛИАЛ ЦМРБАНК (ООО), corrAccount=30101810860150000075, address=УЛ ПУШКИНСКАЯ, 105/79, city=Г. РОСТОВ-НА-ДОНУ, phones=(863)2695710, country=4e127564-d74f-4dd9-bced-0327f0f4e061, countryCode=643, activityDiscontinued=false}, {guid=aaaf21cf-d82b-11e8-80bb-08002789bf51, archive=false, dateOutputArchive=0001-01-01T00:00:00Z, thisGroup=false, parent=78ddac17-ca67-11e5-826c-605718cb5baa, bic=046015074, swift=, name=ФИЛИАЛ "РОСТОВ-НА-ДОНУ" КБ "ЛОКО-БАНК" (АО), corrAccount=30101810560150000074, address=УЛ МАКСИМА ГОРЬКОГО, 123/67, city=Г. РОСТОВ-НА-ДОНУ, phones=(863)2192772, country=4e127564-d74f-4dd9-bced-0327f0f4e061, countryCode=643, activityDiscontinued=false}, {guid=aaaf21d0-d82b-11e8-80bb-08002789bf51, archive=false, dateOutputArchive=0001-01-01T00:00:00Z, thisGroup=false, parent=78ddac17-ca67-11e5-826c-605718cb5baa, bic=046015051, swift=, name=Ф-Л АКБ "ФОРА-БАНК" (АО) В Г.РОСТОВ-НА-ДОНУ, corrAccount=30101810460150000051, address=УЛ ПУШКИНСКАЯ, 117, city=Г. РОСТОВ-НА-ДОНУ, phones=(863)2403640, country=4e127564-d74f-4dd9-bced-0327f0f4e061, countryCode=643, activityDiscontinued=false}, {guid=aaaf21d1-d82b-11e8-80bb-08002789bf51, archive=false, dateOutputArchive=0001-01-01T00:00:00Z, thisGroup=false, parent=78ddac17-ca67-11e5-826c-605718cb5baa, bic=046015052, swift=, name=ООО КБ "РОСТФИНАНС", corrAccount=30101810760150000052, address=УЛ КРАСНОАРМЕЙСКАЯ, 166 А, city=Г. РОСТОВ-НА-ДОНУ, phones=(863)2870058, country=4e127564-d74f-4dd9-bced-0327f0f4e061, countryCode=643, activityDiscontinued=false}, {guid=78ddac7b-ca67-11e5-826c-605718cb5baa, archive=false, dateOutputArchive=0001-01-01T00:00:00Z, thisGroup=false, parent=78ddac02-ca67-11e5-826c-605718cb5baa, bic=042809974, swift=, name=ТВЕФ ПАО "БИНБАНК", corrAccount=30101810900000000974, address=, city=Г. ТВЕРЬ, phones=, country=00000000-0000-0000-0000-000000000000, countryCode=, activityDiscontinued=true}, {guid=aaaf21d2-d82b-11e8-80bb-08002789bf51, archive=false, dateOutputArchive=0001-01-01T00:00:00Z, thisGroup=false, parent=78ddac17-ca67-11e5-826c-605718cb5baa, bic=046015050, swift=, name=ФИЛИАЛ № 1 ПАО МОСОБЛБАНК, corrAccount=30101810160150000050, address=КОММУНИСТИЧЕСКИЙ ПР-Т, 51, city=Г. РОСТОВ-НА-ДОНУ, phones=(863)3009637, country=4e127564-d74f-4dd9-bced-0327f0f4e061, countryCode=643, activityDiscontinued=false}, {guid=aaaf21d3-d82b-11e8-80bb-08002789bf51, archive=false, dateOutputArchive=0001-01-01T00:00:00Z, thisGroup=false, parent=78ddabf2-ca67-11e5-826c-605718cb5baa, bic=043601728, swift=, name=САМАРСКИЙ ФИЛИАЛ ПАО "НЕВСКИЙ БАНК", corrAccount=30101810222023601728, address=6 ПРОСЕКА, 125, city=Г. САМАРА, phones=(846)2011100, country=4e127564-d74f-4dd9-bced-0327f0f4e061, countryCode=643, activityDiscontinued=false}, {guid=aaaf21d4-d82b-11e8-80bb-08002789bf51, archive=false, dateOutputArchive=0001-01-01T00:00:00Z, thisGroup=false, parent=78ddabe9-ca67-11e5-826c-605718cb5baa, bic=042520764, swift=, name=КОНКУРСНЫЙ УПРАВЛЯЮЩИЙ "ВЛБАНК" (АО)-ГК "АСВ", corrAccount=30101810450040000764, address=УЛ КИРОВА, 85 А, city=Г. УСТЬ-КУТ, phones=(3952)289500, country=4e127564-d74f-4dd9-bced-0327f0f4e061, countryCode=643, activityDiscontinued=false}, {guid=aaaf21d5-d82b-11e8-80bb-08002789bf51, archive=false, dateOutputArchive=0001-01-01T00:00:00Z, thisGroup=false, parent=78ddabe9-ca67-11e5-826c-605718cb5baa, bic=042520767, swift=, name=АНГАРСКИЙ ФИЛИАЛ АО "ИТ БАНК", corrAccount=30101810350040000767, address=29-ЫЙ МКР, 15 А, city=Г. АНГАРСК, phones=(3955)671921,564004, country=4e127564-d74f-4dd9-bced-0327f0f4e061, countryCode=643, activityDiscontinued=false}, {guid=78ddabe1-ca67-11e5-826c-605718cb5baa, archive=, dateOutputArchive=, thisGroup=true, parent=00000000-0000-0000-0000-000000000000, bic=40       , swift=, name=Г САНКТ-ПЕТЕРБУРГ, corrAccount=, address=, city=, phones=, country=, countryCode=, activityDiscontinued=}, {guid=aaaf21d6-d82b-11e8-80bb-08002789bf51, archive=false, dateOutputArchive=0001-01-01T00:00:00Z, thisGroup=false, parent=78ddac34-ca67-11e5-826c-605718cb5baa, bic=046401888, swift=KHZARU99XXX, name=АО "БАНК ХОЛМСК", corrAccount=30101810064010000888, address=УЛ ЛЕНИНА, 304 Г, city=Г. ЮЖНО-САХАЛИНСК, phones=(4242)245858, country=4e127564-d74f-4dd9-bced-0327f0f4e061, countryCode=643, activityDiscontinued=false}, {guid=bbea4eb4-fc53-11e8-80c5-08002789bf51, archive=false, dateOutputArchive=0001-01-01T00:00:00Z, thisGroup=false, parent=78ddabe5-ca67-11e5-826c-605718cb5baa, bic=044525360, swift=, name=Филиал "Корпоративный" ПАО "Совкомбанк", corrAccount=30101810445250000360, address=УЛ. ВАВИЛОВА, Д. 24, city=Г. МОСКВА, phones=, country=4e127564-d74f-4dd9-bced-0327f0f4e061, countryCode=643, activityDiscontinued=false}, {guid=bbea4eb5-fc53-11e8-80c5-08002789bf51, archive=false, dateOutputArchive=0001-01-01T00:00:00Z, thisGroup=false, parent=78ddabe1-ca67-11e5-826c-605718cb5baa, bic=044030800, swift=, name=Ф-Л СПБ № 2 ПАО БАНК "ФК ОТКРЫТИЕ", corrAccount=30101810040300000800, address=НАБ. ОБВОДНОГО КАНАЛА, Д. 90,, city=Г. САНКТ-ПЕТЕРБУРГ, phones=, country=4e127564-d74f-4dd9-bced-0327f0f4e061, countryCode=643, activityDiscontinued=false}, {guid=bbea4eb6-fc53-11e8-80c5-08002789bf51, archive=false, dateOutputArchive=0001-01-01T00:00:00Z, thisGroup=false, parent=78ddac49-ca67-11e5-826c-605718cb5baa, bic=047308988, swift=, name=Ф-л Ульяновский № 2 ПАО Банк "ФК Открытие", corrAccount=30101810122027300988, address=УЛ. АЛЕКСАНДРА МАТРОСОВА, Д 33, city=Г. УЛЬЯНОВСК, phones=, country=4e127564-d74f-4dd9-bced-0327f0f4e061, countryCode=643, activityDiscontinued=false}, {guid=bbea4eb7-fc53-11e8-80c5-08002789bf51, archive=false, dateOutputArchive=0001-01-01T00:00:00Z, thisGroup=false, parent=78ddac07-ca67-11e5-826c-605718cb5baa, bic=045004051, swift=, name=Новосибирский филиал РНКО "Р-ИНКАС" (ООО), corrAccount=30103810450045004051, address=УЛ. ДМИТРИЯ ДОНСКОГО, 11, city=Г. НОВОСИБИРСК, phones=, country=4e127564-d74f-4dd9-bced-0327f0f4e061, countryCode=643, activityDiscontinued=false}, {guid=bbea4eb8-fc53-11e8-80c5-08002789bf51, archive=false, dateOutputArchive=0001-01-01T00:00:00Z, thisGroup=false, parent=78ddabe5-ca67-11e5-826c-605718cb5baa, bic=044525980, swift=, name=Ф-л Мск (Диджитал) ПАО Банк "ФК Открытие", corrAccount=30101810045250000980, address=УЛ. ПЕТРОВКА, Д. 24, СТР. 1, city=Г. МОСКВА, phones=, country=4e127564-d74f-4dd9-bced-0327f0f4e061, countryCode=643, activityDiscontinued=false}, {guid=bbea4eb9-fc53-11e8-80c5-08002789bf51, archive=false, dateOutputArchive=0001-01-01T00:00:00Z, thisGroup=false, parent=78ddabeb-ca67-11e5-826c-605718cb5baa, bic=040702751, swift=, name=Ф-Л СТАВРОПОЛЬСКИЙ №2 ПАО БАНК "ФК ОТКРЫТИЕ", corrAccount=30101810007020000751, address=УЛ. ЛЕНИНА, 221, city=Г. СТАВРОПОЛЬ, phones=, country=4e127564-d74f-4dd9-bced-0327f0f4e061, countryCode=643, activityDiscontinued=false}, {guid=bbea4eba-fc53-11e8-80c5-08002789bf51, archive=false, dateOutputArchive=0001-01-01T00:00:00Z, thisGroup=false, parent=78ddac09-ca67-11e5-826c-605718cb5baa, bic=046577520, swift=, name=Ф-л Екб №2 ПАО Банк "ФК Открытие", corrAccount=30101810065770000520, address=УЛ.ГОРЬКОГО, Д.45, city=Г. ЕКАТЕРИНБУРГ, phones=, country=4e127564-d74f-4dd9-bced-0327f0f4e061, countryCode=643, activityDiscontinued=false}, {guid=bbea4ebb-fc53-11e8-80c5-08002789bf51, archive=false, dateOutputArchive=0001-01-01T00:00:00Z, thisGroup=false, parent=78ddabe7-ca67-11e5-826c-605718cb5baa, bic=040507830, swift=, name=Ф-л Владивостокский №2 ПАО Банк "ФК Открытие", corrAccount=30101810805070000830, address=ПР-КТ ОКЕАНСКИЙ, Д.123 Б, city=Г. ВЛАДИВОСТОК, phones=, country=4e127564-d74f-4dd9-bced-0327f0f4e061, countryCode=643, activityDiscontinued=false}, {guid=bbea4ebc-fc53-11e8-80c5-08002789bf51, archive=false, dateOutputArchive=0001-01-01T00:00:00Z, thisGroup=false, parent=78ddac17-ca67-11e5-826c-605718cb5baa, bic=046015084, swift=, name=Ф-л Ростовский №2 ПАО Банк "ФК Открытие", corrAccount=30101810660150000084, address=ПР. ШОЛОХОВА, 32/65, city=Г. РОСТОВ-НА-ДОНУ, phones=, country=4e127564-d74f-4dd9-bced-0327f0f4e061, countryCode=643, activityDiscontinued=false}, {guid=bbea4ebd-fc53-11e8-80c5-08002789bf51, archive=false, dateOutputArchive=0001-01-01T00:00:00Z, thisGroup=false, parent=78ddac07-ca67-11e5-826c-605718cb5baa, bic=045004741, swift=, name=Ф-л Новосибирский №2 ПАО Банк "ФК Открытие", corrAccount=30101810350040000741, address=УЛ. ЛЕНИНА, Д. 18, city=Г. НОВОСИБИРСК, phones=, country=4e127564-d74f-4dd9-bced-0327f0f4e061, countryCode=643, activityDiscontinued=false}, {guid=78ddabdc-ca67-11e5-826c-605718cb5baa, archive=false, dateOutputArchive=0001-01-01T00:00:00Z, thisGroup=false, parent=78ddabdb-ca67-11e5-826c-605718cb5baa, bic=043207757, swift=, name=ФИЛИАЛ N 11 ПАО МОСОБЛБАНК, corrAccount=30101810000000000757, address=УЛ ВЕСЕННЯЯ, 24, city=Г. КЕМЕРОВО, phones=(3842)363892, country=4e127564-d74f-4dd9-bced-0327f0f4e061, countryCode=643, activityDiscontinued=false}, {guid=78ddabdd-ca67-11e5-826c-605718cb5baa, archive=, dateOutputArchive=, thisGroup=true, parent=00000000-0000-0000-0000-000000000000, bic=66       , swift=, name=СМОЛЕНСКАЯ ОБЛАСТЬ, corrAccount=, address=, city=, phones=, country=, countryCode=, activityDiscontinued=}, {guid=78ddabde-ca67-11e5-826c-605718cb5baa, archive=false, dateOutputArchive=0001-01-01T00:00:00Z, thisGroup=false, parent=78ddabdd-ca67-11e5-826c-605718cb5baa, bic=046610000, swift=, name=РКЦ ВЯЗЬМА, corrAccount=, address=, city=Г. ВЯЗЬМА, phones=, country=00000000-0000-0000-0000-000000000000, countryCode=, activityDiscontinued=true}, {guid=78ddabdf-ca67-11e5-826c-605718cb5baa, archive=, dateOutputArchive=, thisGroup=true, parent=00000000-0000-0000-0000-000000000000, bic=92       , swift=, name=РЕСПУБЛИКА ТАТАРСТАН, corrAccount=, address=, city=, phones=, country=, countryCode=, activityDiscontinued=}, {guid=78ddabe2-ca67-11e5-826c-605718cb5baa, archive=false, dateOutputArchive=0001-01-01T00:00:00Z, thisGroup=false, parent=78ddabe1-ca67-11e5-826c-605718cb5baa, bic=044030743, swift=, name=САНКТ-ПЕТЕРБУРГСКИЙ ФИЛИАЛ ПАО "АК БАНК", corrAccount=30101810300000000743, address=, city=Г. САНКТ-ПЕТЕРБУРГ, phones=, country=00000000-0000-0000-0000-000000000000, countryCode=, activityDiscontinued=true}, {guid=78ddabe3-ca67-11e5-826c-605718cb5baa, archive=false, dateOutputArchive=0001-01-01T00:00:00Z, thisGroup=false, parent=78ddabe1-ca67-11e5-826c-605718cb5baa, bic=044030708, swift=, name=САНКТ-ПЕТЕРБУРГСКИЙ ФИЛИАЛ АКБ "НЗБАНК",ОАО, corrAccount=30101810400000000708, address=, city=Г. САНКТ-ПЕТЕРБУРГ, phones=, country=00000000-0000-0000-0000-000000000000, countryCode=, activityDiscontinued=true}, {guid=78ddabe4-ca67-11e5-826c-605718cb5baa, archive=false, dateOutputArchive=0001-01-01T00:00:00Z, thisGroup=false, parent=78ddabe1-ca67-11e5-826c-605718cb5baa, bic=044030821, swift=, name=ФСКБ ПРИМОРЬЯ "ПРИМСОЦБАНК" В Г С-ПЕТЕРБУРГЕ, corrAccount=30101810400000000821, address=УЛ САДОВАЯ, 40 ЛИТ Б, city=Г. САНКТ-ПЕТЕРБУРГ, phones=(812)4934900, country=4e127564-d74f-4dd9-bced-0327f0f4e061, countryCode=643, activityDiscontinued=false}, {guid=78ddabe5-ca67-11e5-826c-605718cb5baa, archive=, dateOutputArchive=, thisGroup=true, parent=00000000-0000-0000-0000-000000000000, bic=45       , swift=, name=Г МОСКВА, corrAccount=, address=, city=, phones=, country=, countryCode=, activityDiscontinued=}, {guid=78ddabe6-ca67-11e5-826c-605718cb5baa, archive=false, dateOutputArchive=0001-01-01T00:00:00Z, thisGroup=false, parent=78ddabe5-ca67-11e5-826c-605718cb5baa, bic=044525461, swift=, name=КУ АКБ "БЕНИФИТ-БАНК" (ЗАО) - ГК "АСВ", corrAccount=30101810645250000461, address=УЛ ВЫСОЦКОГО, 4, city=Г. МОСКВА, phones=(495)9612526, country=4e127564-d74f-4dd9-bced-0327f0f4e061, countryCode=643, activityDiscontinued=false}, {guid=78ddabe7-ca67-11e5-826c-605718cb5baa, archive=, dateOutputArchive=, thisGroup=true, parent=00000000-0000-0000-0000-000000000000, bic=05       , swift=, name=ПРИМОРСКИЙ КРАЙ, corrAccount=, address=, city=, phones=, country=, countryCode=, activityDiscontinued=}, {guid=78ddabe8-ca67-11e5-826c-605718cb5baa, archive=false, dateOutputArchive=0001-01-01T00:00:00Z, thisGroup=false, parent=78ddabe7-ca67-11e5-826c-605718cb5baa, bic=040507001, swift=, name=ДАЛЬНЕВОСТОЧНОЕ ГУ БАНКА РОССИИ, corrAccount=, address=УЛ СВЕТЛАНСКАЯ, 71, city=Г. ВЛАДИВОСТОК, phones=(423)2406514,2406507, country=4e127564-d74f-4dd9-bced-0327f0f4e061, countryCode=643, activityDiscontinued=false}, {guid=78ddabe9-ca67-11e5-826c-605718cb5baa, archive=, dateOutputArchive=, thisGroup=true, parent=00000000-0000-0000-0000-000000000000, bic=25       , swift=, name=ИРКУТСКАЯ ОБЛАСТЬ, corrAccount=, address=, city=, phones=, country=, countryCode=, activityDiscontinued=}, {guid=78ddabea-ca67-11e5-826c-605718cb5baa, archive=false, dateOutputArchive=0001-01-01T00:00:00Z, thisGroup=false, parent=78ddabe9-ca67-11e5-826c-605718cb5baa, bic=042510000, swift=, name=РКЦ ЧУНСКИЙ, corrAccount=, address=, city=РП ЧУНСКИЙ, phones=, country=00000000-0000-0000-0000-000000000000, countryCode=, activityDiscontinued=true}, {guid=78ddabeb-ca67-11e5-826c-605718cb5baa, archive=, dateOutputArchive=, thisGroup=true, parent=00000000-0000-0000-0000-000000000000, bic=07       , swift=, name=СТАВРОПОЛЬСКИЙ КРАЙ, corrAccount=, address=, city=, phones=, country=, countryCode=, activityDiscontinued=}, {guid=78ddabec-ca67-11e5-826c-605718cb5baa, archive=false, dateOutputArchive=0001-01-01T00:00:00Z, thisGroup=false, parent=78ddabeb-ca67-11e5-826c-605718cb5baa, bic=040702001, swift=, name=ОТДЕЛЕНИЕ СТАВРОПОЛЬ, corrAccount=, address=УЛ ЛЕНИНА, 286, city=Г. СТАВРОПОЛЬ, phones=(8652)224803,224804, country=4e127564-d74f-4dd9-bced-0327f0f4e061, countryCode=643, activityDiscontinued=false}, {guid=78ddabed-ca67-11e5-826c-605718cb5baa, archive=false, dateOutputArchive=0001-01-01T00:00:00Z, thisGroup=false, parent=78ddabe5-ca67-11e5-826c-605718cb5baa, bic=044525212, swift=, name=КУ КБ "ТРАНСИНВЕСТБАНК" (ООО) - ГК "АСВ", corrAccount=30101810645250000212, address=УЛ ВЫСОЦКОГО, 4, city=Г. МОСКВА, phones=(495)9612526, country=4e127564-d74f-4dd9-bced-0327f0f4e061, countryCode=643, activityDiscontinued=false}, {guid=78ddabee-ca67-11e5-826c-605718cb5baa, archive=, dateOutputArchive=, thisGroup=true, parent=00000000-0000-0000-0000-000000000000, bic=54       , swift=, name=ОРЛОВСКАЯ ОБЛАСТЬ, corrAccount=, address=, city=, phones=, country=, countryCode=, activityDiscontinued=}, {guid=78ddabef-ca67-11e5-826c-605718cb5baa, archive=false, dateOutputArchive=0001-01-01T00:00:00Z, thisGroup=false, parent=78ddabee-ca67-11e5-826c-605718cb5baa, bic=045402751, swift=, name=ОРЛОВСКИЙ РФ АО "РОССЕЛЬХОЗБАНК", corrAccount=30101810700000000751, address=УЛ МОСКОВСКАЯ, 31 ЛИТ А, city=Г. ОРЁЛ, phones=(4862)541054,735788, country=4e127564-d74f-4dd9-bced-0327f0f4e061, countryCode=643, activityDiscontinued=false}, {guid=78ddabf0-ca67-11e5-826c-605718cb5baa, archive=, dateOutputArchive=, thisGroup=true, parent=00000000-0000-0000-0000-000000000000, bic=17       , swift=, name=ВЛАДИМИРСКАЯ ОБЛАСТЬ, corrAccount=, address=, city=, phones=, country=, countryCode=, activityDiscontinued=}, {guid=78ddabf1-ca67-11e5-826c-605718cb5baa, archive=false, dateOutputArchive=0001-01-01T00:00:00Z, thisGroup=false, parent=78ddabf0-ca67-11e5-826c-605718cb5baa, bic=041708717, swift=, name=ФИЛИАЛ АО "РОСТ БАНК" В Г.ВЛАДИМИРЕ, corrAccount=30101810517080000717, address=, city=Г. ВЛАДИМИР, phones=, country=00000000-0000-0000-0000-000000000000, countryCode=, activityDiscontinued=true}, {guid=78ddabf2-ca67-11e5-826c-605718cb5baa, archive=, dateOutputArchive=, thisGroup=true, parent=00000000-0000-0000-0000-000000000000, bic=36       , swift=, name=САМАРСКАЯ ОБЛАСТЬ, corrAccount=, address=, city=, phones=, country=, countryCode=, activityDiscontinued=}, {guid=78ddac7c-ca67-11e5-826c-605718cb5baa, archive=false, dateOutputArchive=0001-01-01T00:00:00Z, thisGroup=false, parent=78ddac17-ca67-11e5-826c-605718cb5baa, bic=046027835, swift=, name=ООО "РУССКИЙ НАЦИОНАЛЬНЫЙ БАНК", corrAccount=30101810700000000835, address=, city=Г. РОСТОВ-НА-ДОНУ, phones=, country=00000000-0000-0000-0000-000000000000, countryCode=, activityDiscontinued=true}, {guid=78ddabf3-ca67-11e5-826c-605718cb5baa, archive=false, dateOutputArchive=0001-01-01T00:00:00Z, thisGroup=false, parent=78ddabf2-ca67-11e5-826c-605718cb5baa, bic=043601917, swift=GAZPRUMM037, name=Ф-Л БАНКА ГПБ (АО) "ПОВОЛЖСКИЙ", corrAccount=30101810000000000917, address=УЛ НОВО-САДОВАЯ, 106 А, СТР 1, city=Г. САМАРА, phones=(846)3396945,3396946, country=4e127564-d74f-4dd9-bced-0327f0f4e061, countryCode=643, activityDiscontinued=false}, {guid=78ddabf4-ca67-11e5-826c-605718cb5baa, archive=false, dateOutputArchive=0001-01-01T00:00:00Z, thisGroup=false, parent=78ddabe5-ca67-11e5-826c-605718cb5baa, bic=044525225, swift=SABRRUMMXXX, name=ПАО СБЕРБАНК, corrAccount=30101810400000000225, address=УЛ ВАВИЛОВА, 19, city=Г. МОСКВА, phones=(495)5005550,88005555550, country=4e127564-d74f-4dd9-bced-0327f0f4e061, countryCode=643, activityDiscontinued=false}, {guid=78ddabf5-ca67-11e5-826c-605718cb5baa, archive=, dateOutputArchive=, thisGroup=true, parent=00000000-0000-0000-0000-000000000000, bic=87       , swift=, name=РЕСПУБЛИКА КОМИ, corrAccount=, address=, city=, phones=, country=, countryCode=, activityDiscontinued=}, {guid=78ddabf6-ca67-11e5-826c-605718cb5baa, archive=false, dateOutputArchive=0001-01-01T00:00:00Z, thisGroup=false, parent=78ddabf5-ca67-11e5-826c-605718cb5baa, bic=048723000, swift=, name=РКЦ УСИНСК, corrAccount=, address=УЛ НЕФТЯНИКОВ, 30, city=Г. УСИНСК, phones=(82144)41735,41445, country=4e127564-d74f-4dd9-bced-0327f0f4e061, countryCode=643, activityDiscontinued=false}, {guid=78ddabf8-ca67-11e5-826c-605718cb5baa, archive=false, dateOutputArchive=0001-01-01T00:00:00Z, thisGroup=false, parent=78ddabf7-ca67-11e5-826c-605718cb5baa, bic=045354860, swift=FORHRU33XXX, name=АКБ "ФОРШТАДТ" (АО), corrAccount=30101810700000000860, address=УЛ ЧКАЛОВА, 35/1, city=Г. ОРЕНБУРГ, phones=(3532)980486,980412, country=4e127564-d74f-4dd9-bced-0327f0f4e061, countryCode=643, activityDiscontinued=false}, {guid=78ddabf9-ca67-11e5-826c-605718cb5baa, archive=, dateOutputArchive=, thisGroup=true, parent=00000000-0000-0000-0000-000000000000, bic=69       , swift=, name=ТОМСКАЯ ОБЛАСТЬ, corrAccount=, address=, city=, phones=, country=, countryCode=, activityDiscontinued=}, {guid=78ddabfa-ca67-11e5-826c-605718cb5baa, archive=false, dateOutputArchive=0001-01-01T00:00:00Z, thisGroup=false, parent=78ddabf9-ca67-11e5-826c-605718cb5baa, bic=046900000, swift=, name=РКЦ КОЛПАШЕВО, corrAccount=, address=, city=Г. КОЛПАШЕВО, phones=, country=00000000-0000-0000-0000-000000000000, countryCode=, activityDiscontinued=true}, {guid=78ddabfb-ca67-11e5-826c-605718cb5baa, archive=false, dateOutputArchive=0001-01-01T00:00:00Z, thisGroup=false, parent=78ddabe1-ca67-11e5-826c-605718cb5baa, bic=044030752, swift=, name=САНКТ-ПЕТЕРБУРГСКИЙ ФИЛИАЛ "БАНК СГБ", corrAccount=30101810100000000752, address=УЛ. МАРШАЛА ГОВОРОВА, 35 ЛИТ А, city=Г. САНКТ-ПЕТЕРБУРГ, phones=(812)3365900, country=4e127564-d74f-4dd9-bced-0327f0f4e061, countryCode=643, activityDiscontinued=false}, {guid=78ddabfc-ca67-11e5-826c-605718cb5baa, archive=false, dateOutputArchive=0001-01-01T00:00:00Z, thisGroup=false, parent=78ddabe5-ca67-11e5-826c-605718cb5baa, bic=044525102, swift=IKBARUMMXXX, name=АО "ДЕНИЗБАНК МОСКВА", corrAccount=30101810400000000102, address=2-Я ЗВЕНИГОРОД УЛ, 13, СТР 42, city=Г. МОСКВА, phones=(495)7251020, country=4e127564-d74f-4dd9-bced-0327f0f4e061, countryCode=643, activityDiscontinued=false}, {guid=78ddabfd-ca67-11e5-826c-605718cb5baa, archive=, dateOutputArchive=, thisGroup=true, parent=00000000-0000-0000-0000-000000000000, bic=63       , swift=, name=САРАТОВСКАЯ ОБЛАСТЬ, corrAccount=, address=, city=, phones=, country=, countryCode=, activityDiscontinued=}, {guid=78ddabfe-ca67-11e5-826c-605718cb5baa, archive=false, dateOutputArchive=0001-01-01T00:00:00Z, thisGroup=false, parent=78ddabfd-ca67-11e5-826c-605718cb5baa, bic=046380002, swift=, name=ПУ БАНКА РОССИИ ВОЛЖСКОЕ, corrAccount=, address=, city=П. СВЕТЛЫЙ, phones=(84558)33215, country=4e127564-d74f-4dd9-bced-0327f0f4e061, countryCode=643, activityDiscontinued=false}, {guid=78ddabff-ca67-11e5-826c-605718cb5baa, archive=false, dateOutputArchive=0001-01-01T00:00:00Z, thisGroup=false, parent=78ddabe5-ca67-11e5-826c-605718cb5baa, bic=044583695, swift=, name=КУ ОАО БАНК "СОДРУЖЕСТВО"-ГК "АСВ", corrAccount=30101810700000000695, address=, city=Г. МОСКВА, phones=, country=00000000-0000-0000-0000-000000000000, countryCode=, activityDiscontinued=true}, {guid=78ddac00-ca67-11e5-826c-605718cb5baa, archive=, dateOutputArchive=, thisGroup=true, parent=00000000-0000-0000-0000-000000000000, bic=82       , swift=, name=РЕСПУБЛИКА ДАГЕСТАН, corrAccount=, address=, city=, phones=, country=, countryCode=, activityDiscontinued=}, {guid=78ddac01-ca67-11e5-826c-605718cb5baa, archive=false, dateOutputArchive=0001-01-01T00:00:00Z, thisGroup=false, parent=78ddac00-ca67-11e5-826c-605718cb5baa, bic=048209870, swift=, name=ЛИКВ ООО РНКО "УМУТ", corrAccount=30103810400000000870, address=УЛ КАЛИНИНА, 4, city=Г. ХАСАВЮРТ, phones=(87231)51268,51667, country=4e127564-d74f-4dd9-bced-0327f0f4e061, countryCode=643, activityDiscontinued=false}, {guid=78ddac02-ca67-11e5-826c-605718cb5baa, archive=, dateOutputArchive=, thisGroup=true, parent=00000000-0000-0000-0000-000000000000, bic=28       , swift=, name=ТВЕРСКАЯ ОБЛАСТЬ, corrAccount=, address=, city=, phones=, country=, countryCode=, activityDiscontinued=}, {guid=78ddac03-ca67-11e5-826c-605718cb5baa, archive=false, dateOutputArchive=0001-01-01T00:00:00Z, thisGroup=false, parent=78ddac02-ca67-11e5-826c-605718cb5baa, bic=042809909, swift=, name=ТВЕРСКОЙ ФИЛИАЛ АБ "РОССИЯ", corrAccount=30101810700000000909, address=УЛ КРЫЛОВА, 40/29, city=Г. ТВЕРЬ, phones=(4822)347569, country=4e127564-d74f-4dd9-bced-0327f0f4e061, countryCode=643, activityDiscontinued=false}, {guid=78ddac04-ca67-11e5-826c-605718cb5baa, archive=false, dateOutputArchive=0001-01-01T00:00:00Z, thisGroup=false, parent=78ddac00-ca67-11e5-826c-605718cb5baa, bic=048209989, swift=, name=ФИЛИАЛ ИКБ "ЭНТУЗИАСТБАНК" ООО-КИЗЛЯР, corrAccount=30101810882090000989, address=, city=Г. КИЗЛЯР, phones=, country=00000000-0000-0000-0000-000000000000, countryCode=, activityDiscontinued=true}, {guid=78ddac05-ca67-11e5-826c-605718cb5baa, archive=false, dateOutputArchive=0001-01-01T00:00:00Z, thisGroup=false, parent=78ddabe5-ca67-11e5-826c-605718cb5baa, bic=044583844, swift=, name=КУ КОММЕРЧЕСКИЙ БАНК "СДБ" (ООО) ГК "АСВ", corrAccount=30101810700000000844, address=, city=Г. МОСКВА, phones=, country=00000000-0000-0000-0000-000000000000, countryCode=, activityDiscontinued=true}, {guid=78ddac06-ca67-11e5-826c-605718cb5baa, archive=false, dateOutputArchive=0001-01-01T00:00:00Z, thisGroup=false, parent=78ddabe5-ca67-11e5-826c-605718cb5baa, bic=044525938, swift=, name=МОСКОВСКИЙ ФИЛИАЛ АО АКБ "ТЕКСБАНК", corrAccount=30101810945250000938, address=ОЛИМПИЙСКИЙ ПР-Т, 26, СТР 1, city=Г. МОСКВА, phones=(495)6480048, country=4e127564-d74f-4dd9-bced-0327f0f4e061, countryCode=643, activityDiscontinued=false}, {guid=78ddac07-ca67-11e5-826c-605718cb5baa, archive=, dateOutputArchive=, thisGroup=true, parent=00000000-0000-0000-0000-000000000000, bic=50       , swift=, name=НОВОСИБИРСКАЯ ОБЛАСТЬ, corrAccount=, address=, city=, phones=, country=, countryCode=, activityDiscontinued=}, {guid=78ddac08-ca67-11e5-826c-605718cb5baa, archive=false, dateOutputArchive=0001-01-01T00:00:00Z, thisGroup=false, parent=78ddac07-ca67-11e5-826c-605718cb5baa, bic=045004747, swift=, name=ФИЛИАЛ "НОВОСИБИРСКИЙ" АО "ГЛОБЭКСБАНК", corrAccount=30101810150040000747, address=УЛ ВОКЗАЛЬНАЯ МАГИСТРАЛЬ, 8 А, city=Г. НОВОСИБИРСК, phones=(383)2181508, country=4e127564-d74f-4dd9-bced-0327f0f4e061, countryCode=643, activityDiscontinued=false}, {guid=78ddac09-ca67-11e5-826c-605718cb5baa, archive=, dateOutputArchive=, thisGroup=true, parent=00000000-0000-0000-0000-000000000000, bic=65       , swift=, name=СВЕРДЛОВСКАЯ ОБЛАСТЬ, corrAccount=, address=, city=, phones=, country=, countryCode=, activityDiscontinued=}, {guid=78ddac0a-ca67-11e5-826c-605718cb5baa, archive=false, dateOutputArchive=0001-01-01T00:00:00Z, thisGroup=false, parent=78ddac09-ca67-11e5-826c-605718cb5baa, bic=046577907, swift=, name=ЕКАТЕРИНБУРГСКИЙ ФИЛИАЛ ПАО "АК БАРС" БАНК, corrAccount=30101810400000000907, address=ПР-Т ЛЕНИНА, 20, city=Г. ЕКАТЕРИНБУРГ, phones=(343)3556015, country=4e127564-d74f-4dd9-bced-0327f0f4e061, countryCode=643, activityDiscontinued=false}, {guid=78ddac0b-ca67-11e5-826c-605718cb5baa, archive=, dateOutputArchive=, thisGroup=true, parent=00000000-0000-0000-0000-000000000000, bic=47       , swift=, name=МУРМАНСКАЯ ОБЛАСТЬ, corrAccount=, address=, city=, phones=, country=, countryCode=, activityDiscontinued=}, {guid=78ddac0c-ca67-11e5-826c-605718cb5baa, archive=false, dateOutputArchive=0001-01-01T00:00:00Z, thisGroup=false, parent=78ddac0b-ca67-11e5-826c-605718cb5baa, bic=044705824, swift=, name=ФИЛИАЛ ПАО "ОФК БАНК" В МУРМАНСКЕ, corrAccount=30101810900000000824, address=, city=Г. МУРМАНСК, phones=, country=00000000-0000-0000-0000-000000000000, countryCode=, activityDiscontinued=true}, {guid=78ddac0d-ca67-11e5-826c-605718cb5baa, archive=, dateOutputArchive=, thisGroup=true, parent=00000000-0000-0000-0000-000000000000, bic=19       , swift=, name=ВОЛОГОДСКАЯ ОБЛАСТЬ, corrAccount=, address=, city=, phones=, country=, countryCode=, activityDiscontinued=}, {guid=78ddac0e-ca67-11e5-826c-605718cb5baa, archive=false, dateOutputArchive=0001-01-01T00:00:00Z, thisGroup=false, parent=78ddac0d-ca67-11e5-826c-605718cb5baa, bic=041909708, swift=, name=КУ НКО "КРЕДИТАЛЬЯНС" (ООО), corrAccount=30103810200000000708, address=, city=Г. ВОЛОГДА, phones=, country=00000000-0000-0000-0000-000000000000, countryCode=, activityDiscontinued=true}, {guid=78ddac0f-ca67-11e5-826c-605718cb5baa, archive=, dateOutputArchive=, thisGroup=true, parent=00000000-0000-0000-0000-000000000000, bic=03       , swift=, name=КРАСНОДАРСКИЙ КРАЙ, corrAccount=, address=, city=, phones=, country=, countryCode=, activityDiscontinued=}, {guid=78ddac10-ca67-11e5-826c-605718cb5baa, archive=false, dateOutputArchive=0001-01-01T00:00:00Z, thisGroup=false, parent=78ddac0f-ca67-11e5-826c-605718cb5baa, bic=040349749, swift=, name=КРАСНОДАРСКИЙ ФИЛИАЛ ТКБ БАНК ПАО, corrAccount=30101810500000000749, address=УЛ ФРУНЗЕ, 169, city=Г. КРАСНОДАР, phones=(861)2104542,2104546, country=4e127564-d74f-4dd9-bced-0327f0f4e061, countryCode=643, activityDiscontinued=false}, {guid=78ddac11-ca67-11e5-826c-605718cb5baa, archive=false, dateOutputArchive=0001-01-01T00:00:00Z, thisGroup=false, parent=78ddabf5-ca67-11e5-826c-605718cb5baa, bic=048702731, swift=, name=ФИЛИАЛ КБ "РОСПРОМБАНК" (ООО) В Г. СЫКТЫВКАРЕ, corrAccount=30101810500000000731, address=, city=Г. СЫКТЫВКАР, phones=, country=00000000-0000-0000-0000-000000000000, countryCode=, activityDiscontinued=true}, {guid=78ddac12-ca67-11e5-826c-605718cb5baa, archive=, dateOutputArchive=, thisGroup=true, parent=00000000-0000-0000-0000-000000000000, bic=20       , swift=, name=ВОРОНЕЖСКАЯ ОБЛАСТЬ, corrAccount=, address=, city=, phones=, country=, countryCode=, activityDiscontinued=}, {guid=78ddac13-ca67-11e5-826c-605718cb5baa, archive=false, dateOutputArchive=0001-01-01T00:00:00Z, thisGroup=false, parent=78ddac12-ca67-11e5-826c-605718cb5baa, bic=042007001, swift=, name=ОТДЕЛЕНИЕ ВОРОНЕЖ, corrAccount=, address=УЛ ТЕАТРАЛЬНАЯ, 36, city=Г. ВОРОНЕЖ, phones=(473)2555820,2699990, country=4e127564-d74f-4dd9-bced-0327f0f4e061, countryCode=643, activityDiscontinued=false}, {guid=78ddac14-ca67-11e5-826c-605718cb5baa, archive=, dateOutputArchive=, thisGroup=true, parent=00000000-0000-0000-0000-000000000000, bic=76       , swift=, name=ЗАБАЙКАЛЬСКИЙ КРАЙ, corrAccount=, address=, city=, phones=, country=, countryCode=, activityDiscontinued=}, {guid=78ddac15-ca67-11e5-826c-605718cb5baa, archive=false, dateOutputArchive=0001-01-01T00:00:00Z, thisGroup=false, parent=78ddac14-ca67-11e5-826c-605718cb5baa, bic=047601637, swift=SABRRU66CHT, name=ЧИТИНСКОЕ ОТДЕЛЕНИЕ  N8600 ПАО СБЕРБАНК, corrAccount=30101810500000000637, address=УЛ ПОЛИНЫ ОСИПЕНКО, 40, city=Г. ЧИТА, phones=(3022)336111, country=4e127564-d74f-4dd9-bced-0327f0f4e061, countryCode=643, activityDiscontinued=false}, {guid=78ddac16-ca67-11e5-826c-605718cb5baa, archive=false, dateOutputArchive=0001-01-01T00:00:00Z, thisGroup=false, parent=78ddabdb-ca67-11e5-826c-605718cb5baa, bic=043209770, swift=NOOBRU55XXX, name=ООО "НОВОКИБ", corrAccount=30101810900000000770, address=УЛ КИРОВА, 69, city=Г. НОВОКУЗНЕЦК, phones=(3843)539698,459267, country=4e127564-d74f-4dd9-bced-0327f0f4e061, countryCode=643, activityDiscontinued=false}, {guid=78ddac17-ca67-11e5-826c-605718cb5baa, archive=, dateOutputArchive=, thisGroup=true, parent=00000000-0000-0000-0000-000000000000, bic=60       , swift=, name=РОСТОВСКАЯ ОБЛАСТЬ, corrAccount=, address=, city=, phones=, country=, countryCode=, activityDiscontinued=}, {guid=78ddac18-ca67-11e5-826c-605718cb5baa, archive=false, dateOutputArchive=0001-01-01T00:00:00Z, thisGroup=false, parent=78ddac17-ca67-11e5-826c-605718cb5baa, bic=046015293, swift=, name=РОСТОВСКИЙ ФИЛИАЛ НКО "ИНКАХРАН" (АО), corrAccount=30103810860150000293, address=, city=Г. РОСТОВ-НА-ДОНУ, phones=, country=00000000-0000-0000-0000-000000000000, countryCode=, activityDiscontinued=true}, {guid=78ddac19-ca67-11e5-826c-605718cb5baa, archive=false, dateOutputArchive=0001-01-01T00:00:00Z, thisGroup=false, parent=78ddac07-ca67-11e5-826c-605718cb5baa, bic=045004775, swift=, name=НОВОСИБИРСКИЙ ФИЛИАЛ ПАО "БИНБАНК", corrAccount=30101810850040000775, address=, city=Г. НОВОСИБИРСК, phones=, country=00000000-0000-0000-0000-000000000000, countryCode=, activityDiscontinued=true}, {guid=78ddac1a-ca67-11e5-826c-605718cb5baa, archive=false, dateOutputArchive=0001-01-01T00:00:00Z, thisGroup=false, parent=78ddabe5-ca67-11e5-826c-605718cb5baa, bic=044583138, swift=, name=ООО КБ "РАСЧЕТНЫЙ ДОМ", corrAccount=30101810500000000138, address=, city=Г. МОСКВА, phones=, country=00000000-0000-0000-0000-000000000000, countryCode=, activityDiscontinued=true}, {guid=78ddac1b-ca67-11e5-826c-605718cb5baa, archive=false, dateOutputArchive=0001-01-01T00:00:00Z, thisGroup=false, parent=78ddabe5-ca67-11e5-826c-605718cb5baa, bic=044525762, swift=, name=КУ КБ "ЕВРОТРАСТ" (ЗАО) ГК "АСВ", corrAccount=30101810400000000762, address=УЛ ВЫСОЦКОГО, 4, city=Г. МОСКВА, phones=(495)9612526, country=4e127564-d74f-4dd9-bced-0327f0f4e061, countryCode=643, activityDiscontinued=false}, {guid=78ddaca1-ca67-11e5-826c-605718cb5baa, archive=, dateOutputArchive=, thisGroup=true, parent=00000000-0000-0000-0000-000000000000, bic=37       , swift=, name=КУРГАНСКАЯ ОБЛАСТЬ, corrAccount=, address=, city=, phones=, country=, countryCode=, activityDiscontinued=}, {guid=78ddac1d-ca67-11e5-826c-605718cb5baa, archive=false, dateOutputArchive=0001-01-01T00:00:00Z, thisGroup=false, parent=78ddabe5-ca67-11e5-826c-605718cb5baa, bic=044525235, swift=, name=КУ ООО "М ПЛЮС" ГК "АСВ", corrAccount=30101810745250000235, address=УЛ ВЫСОЦКОГО, 4, city=Г. МОСКВА, phones=(495)9612526, country=4e127564-d74f-4dd9-bced-0327f0f4e061, countryCode=643, activityDiscontinued=false}, {guid=78ddac1e-ca67-11e5-826c-605718cb5baa, archive=false, dateOutputArchive=0001-01-01T00:00:00Z, thisGroup=false, parent=78ddabe5-ca67-11e5-826c-605718cb5baa, bic=044583701, swift=, name=ООО НКО "ДЕНЬГИ.МЭЙЛ.РУ", corrAccount=30103810100000000701, address=, city=Г. МОСКВА, phones=, country=00000000-0000-0000-0000-000000000000, countryCode=, activityDiscontinued=true}, {guid=78ddac1f-ca67-11e5-826c-605718cb5baa, archive=false, dateOutputArchive=0001-01-01T00:00:00Z, thisGroup=false, parent=78ddabe1-ca67-11e5-826c-605718cb5baa, bic=044030769, swift=, name=КУ ОАО КБ "ПЕТРО-АЭРО-БАНК"-ГК "АСВ", corrAccount=30101810300000000769, address=, city=Г. САНКТ-ПЕТЕРБУРГ, phones=, country=00000000-0000-0000-0000-000000000000, countryCode=, activityDiscontinued=true}, {guid=e8b018e6-ca8b-11e5-826c-605718cb5baa, archive=false, dateOutputArchive=0001-01-01T00:00:00Z, thisGroup=false, parent=78ddac9c-ca67-11e5-826c-605718cb5baa, bic=040481000, swift=, name=РКЦ АЧИНСК, corrAccount=, address=, city=Г. АЧИНСК, phones=, country=00000000-0000-0000-0000-000000000000, countryCode=, activityDiscontinued=true}, {guid=78ddac20-ca67-11e5-826c-605718cb5baa, archive=false, dateOutputArchive=0001-01-01T00:00:00Z, thisGroup=false, parent=78ddac0f-ca67-11e5-826c-605718cb5baa, bic=040396844, swift=, name=КОНКУРСНЫЙ УПРАВЛЯЮЩИЙ ООО КИИБ"СОЧИ"-ГК"АСВ", corrAccount=30101810700000000844, address=УЛ ВЫСОЦКОГО, 4, city=Г. МОСКВА, phones=(495)7253117, country=4e127564-d74f-4dd9-bced-0327f0f4e061, countryCode=643, activityDiscontinued=false}, {guid=78ddac21-ca67-11e5-826c-605718cb5baa, archive=, dateOutputArchive=, thisGroup=true, parent=00000000-0000-0000-0000-000000000000, bic=22       , swift=, name=НИЖЕГОРОДСКАЯ ОБЛАСТЬ, corrAccount=, address=, city=, phones=, country=, countryCode=, activityDiscontinued=}, {guid=78ddac22-ca67-11e5-826c-605718cb5baa, archive=false, dateOutputArchive=0001-01-01T00:00:00Z, thisGroup=false, parent=78ddac21-ca67-11e5-826c-605718cb5baa, bic=042202821, swift=, name=ФАКБ "РОССИЙСКИЙ КАПИТАЛ" (АО) НИЖЕГОРОДСКИЙ, corrAccount=30101810300000000821, address=УЛ ОШАРСКАЯ, 52, city=Г. НИЖНИЙ НОВГОРОД, phones=(831)2816345, country=4e127564-d74f-4dd9-bced-0327f0f4e061, countryCode=643, activityDiscontinued=false}, {guid=78ddac23-ca67-11e5-826c-605718cb5baa, archive=false, dateOutputArchive=0001-01-01T00:00:00Z, thisGroup=false, parent=78ddabe5-ca67-11e5-826c-605718cb5baa, bic=044525551, swift=ICBKRUMMXXX, name=АЙСИБИСИ БАНК (АО), corrAccount=30101810200000000551, address=СЕРЕБРЯНИЧЕСКАЯ НАБ, 29, city=Г. МОСКВА, phones=(495)2873099, country=4e127564-d74f-4dd9-bced-0327f0f4e061, countryCode=643, activityDiscontinued=false}, {guid=78ddac24-ca67-11e5-826c-605718cb5baa, archive=false, dateOutputArchive=0001-01-01T00:00:00Z, thisGroup=false, parent=78ddabe5-ca67-11e5-826c-605718cb5baa, bic=044525476, swift=CBMWRUMMXXX, name=АО "МОСКОМБАНК", corrAccount=30101810245250000476, address=УЛ 1-Я ФРУНЗЕНСКАЯ, 5, city=Г. МОСКВА, phones=(495)6091919, country=4e127564-d74f-4dd9-bced-0327f0f4e061, countryCode=643, activityDiscontinued=false}, {guid=78ddac25-ca67-11e5-826c-605718cb5baa, archive=, dateOutputArchive=, thisGroup=true, parent=00000000-0000-0000-0000-000000000000, bic=00       , swift=, name=ТЕРРИТОРИЯ НЕ ОПРЕДЕЛЕНА, corrAccount=, address=, city=, phones=, country=, countryCode=, activityDiscontinued=}, {guid=78ddac26-ca67-11e5-826c-605718cb5baa, archive=false, dateOutputArchive=0001-01-01T00:00:00Z, thisGroup=false, parent=78ddac25-ca67-11e5-826c-605718cb5baa, bic=040004002, swift=, name=ПУ БАНКА РОССИИ N 67903, corrAccount=, address=П/П 67903, city=, phones=, country=4e127564-d74f-4dd9-bced-0327f0f4e061, countryCode=643, activityDiscontinued=false}, {guid=78ddac27-ca67-11e5-826c-605718cb5baa, archive=false, dateOutputArchive=0001-01-01T00:00:00Z, thisGroup=false, parent=78ddac00-ca67-11e5-826c-605718cb5baa, bic=048209788, swift=, name=ФАКБ "ИНВЕСТТОРГБАНК" (ПАО) "МАХАЧКАЛИНСКИЙ", corrAccount=30101810400000000788, address=, city=Г. МАХАЧКАЛА, phones=, country=00000000-0000-0000-0000-000000000000, countryCode=, activityDiscontinued=true}, {guid=78ddac28-ca67-11e5-826c-605718cb5baa, archive=, dateOutputArchive=, thisGroup=true, parent=00000000-0000-0000-0000-000000000000, bic=94       , swift=, name=УДМУРТСКАЯ РЕСПУБЛИКА, corrAccount=, address=, city=, phones=, country=, countryCode=, activityDiscontinued=}, {guid=78ddac29-ca67-11e5-826c-605718cb5baa, archive=false, dateOutputArchive=0001-01-01T00:00:00Z, thisGroup=false, parent=78ddac28-ca67-11e5-826c-605718cb5baa, bic=049401825, swift=, name=КОНКУРСНЫЙ УПРАВЛЯЮЩИЙ ОАО "МОБИЛБАНК", corrAccount=30101810600000000825, address=УЛ ПУШКИНСКАЯ, 268, city=Г. ИЖЕВСК, phones=(3412)908911,655104, country=4e127564-d74f-4dd9-bced-0327f0f4e061, countryCode=643, activityDiscontinued=false}]

	at AutoTest.ClassifireIsAllRussianTest.getBankListStepIsEmpty(ClassifireIsAllRussianTest.java:551)
</failure>
    <system-out><![CDATA[Request URI:	http://dev1c:8080/MDM_Gribov_2541/hs/klass/bank
HTTP/1.1 200 OK
Date: Wed, 13 Dec 2023 08:12:41 GMT
Server: Apache/2.4.23 (Win64)
X-NextPage: http://dev1c:8080/MDM_Gribov_2541/hs/klass/bank?step=200&nextPage=2
X-NextPage1C: /bank?step=200&nextPage=2
Content-Length: 104569
Keep-Alive: timeout=5, max=99
Connection: Keep-Alive
Content-Type: application/json; charset=utf-8

[
    {
        "guid": "979300ab-d82b-11e8-80bb-08002789bf51",
        "archive": false,
        "dateOutputArchive": "0001-01-01T00:00:00Z",
        "thisGroup": false,
        "parent": "78ddabf2-ca67-11e5-826c-605718cb5baa",
        "bic": "043601707",
        "swift": "",
        "name": "ФИЛИАЛ \"САМАРСКИЙ\" АО \"ОТП БАНК\"",
        "corrAccount": "30101810722023601707",
        "address": "УЛ АВРОРЫ, 150",
        "city": "Г. САМАРА",
        "phones": "(846)3425312,3425313",
        "country": "4e127564-d74f-4dd9-bced-0327f0f4e061",
        "countryCode": "643",
        "activityDiscontinued": false
    },
    {
        "guid": "979300ac-d82b-11e8-80bb-08002789bf51",
        "archive": false,
        "dateOutputArchive": "0001-01-01T00:00:00Z",
        "thisGroup": false,
        "parent": "78ddabe1-ca67-11e5-826c-605718cb5baa",
        "bic": "044030792",
        "swift": "",
        "name": "ФИЛИАЛ \"СЕВЕРО-ЗАПАДНЫЙ\" \"УМ-БАНК\" ООО",
        "corrAccount": "30101810640300000792",
        "address": "КАМЕННООСТРОВСКИЙ ПР-Т, 61 ПОМ",
        "city": "Г. САНКТ-ПЕТЕРБУРГ",
        "phones": "(812)4560720",
        "country": "4e127564-d74f-4dd9-bced-0327f0f4e061",
        "countryCode": "643",
        "activityDiscontinued": false
    },
    {
        "guid": "979300ad-d82b-11e8-80bb-08002789bf51",
        "archive": false,
        "dateOutputArchive": "0001-01-01T00:00:00Z",
        "thisGroup": false,
        "parent": "78ddac07-ca67-11e5-826c-605718cb5baa",
        "bic": "045004711",
        "swift": "",
        "name": "Куйбышевский филиал АКБ \"Ланта-Банк\" (АО)",
        "corrAccount": "30101810750045004711",
        "address": "КВАРТАЛ 1, ДОМ 29 \"ВСТАВКА\"",
        "city": "Г. КУЙБЫШЕВ",
        "phones": "",
        "country": "4e127564-d74f-4dd9-bced-0327f0f4e061",
        "countryCode": "643",
        "activityDiscontinued": false
    },
    {
        "guid": "979300ae-d82b-11e8-80bb-08002789bf51",
        "archive": false,
        "dateOutputArchive": "0001-01-01T00:00:00Z",
        "thisGroup": false,
        "parent": "78ddac07-ca67-11e5-826c-605718cb5baa",
        "bic": "045004719",
        "swift": "",
        "name": "ФИЛИАЛ № 5440 БАНКА ВТБ (ПАО)",
        "corrAccount": "30101810450040000719",
        "address": "УЛ ФРУНЗЕ, 232, 234, 234/1",
        "city": "Г. НОВОСИБИРСК",
        "phones": "(383)2492424,2492425",
        "country": "4e127564-d74f-4dd9-bced-0327f0f4e061",
        "countryCode": "643",
        "activityDiscontinued": false
    },
    {
        "guid": "979300af-d82b-11e8-80bb-08002789bf51",
        "archive": false,
        "dateOutputArchive": "0001-01-01T00:00:00Z",
        "thisGroup": false,
        "parent": "78ddac07-ca67-11e5-826c-605718cb5baa",
        "bic": "045004701",
        "swift": "",
        "name": "НОВОСИБИРСКИЙ ФИЛИАЛ АБ \"РОССИЯ\"",
        "corrAccount": "30101810950040000701",
        "address": "УЛ СЕМЬИ ШАМШИНЫХ, 26, 26/1",
        "city": "Г. НОВОСИБИРСК",
        "phones": "(383)3670691,3670692",
        "country": "4e127564-d74f-4dd9-bced-0327f0f4e061",
        "countryCode": "643",
        "activityDiscontinued": false
    },
    {
        "guid": "979300b0-d82b-11e8-80bb-08002789bf51",
        "archive": false,
        "dateOutputArchive": "0001-01-01T00:00:00Z",
        "thisGroup": false,
        "parent": "78ddac09-ca67-11e5-826c-605718cb5baa",
        "bic": "046577459",
        "swift": "",
        "name": "ФИЛИАЛ \"УРАЛЬСКИЙ\" \"УМ-БАНК\" ООО",
        "corrAccount": "30101810165770000459",
        "address": "УЛ БЕЛИНСКОГО, 86",
        "city": "Г. ЕКАТЕРИНБУРГ",
        "phones": "(343)2871010,3452644",
        "country": "4e127564-d74f-4dd9-bced-0327f0f4e061",
        "countryCode": "643",
        "activityDiscontinued": false
    },
    {
        "guid": "979300b1-d82b-11e8-80bb-08002789bf51",
        "archive": false,
        "dateOutputArchive": "0001-01-01T00:00:00Z",
        "thisGroup": false,
        "parent": "78ddabe5-ca67-11e5-826c-605718cb5baa",
        "bic": "044525745",
        "swift": "VTBRRUM2MS3",
        "name": "ФИЛИАЛ № 7701 БАНКА ВТБ (ПАО)",
        "corrAccount": "30101810345250000745",
        "address": "УЛ КУЗНЕЦКИЙ МОСТ, 17, СТР 1",
        "city": "Г. МОСКВА",
        "phones": "(495)9258000",
        "country": "4e127564-d74f-4dd9-bced-0327f0f4e061",
        "countryCode": "643",
        "activityDiscontinued": false
    },
    {
        "guid": "979300b2-d82b-11e8-80bb-08002789bf51",
        "archive": false,
        "dateOutputArchive": "0001-01-01T00:00:00Z",
        "thisGroup": false,
        "parent": "78ddabe9-ca67-11e5-826c-605718cb5baa",
        "bic": "042520842",
        "swift": "",
        "name": "\"Братский АНКБ\" ПАО",
        "corrAccount": "30101810850042520842",
        "address": "УЛ. КОМСОМОЛЬСКАЯ, Д. 43",
        "city": "Г. БРАТСК",
        "phones": "",
        "country": "4e127564-d74f-4dd9-bced-0327f0f4e061",
        "countryCode": "643",
        "activityDiscontinued": false
    },
    {
        "guid": "979300b3-d82b-11e8-80bb-08002789bf51",
        "archive": false,
        "dateOutputArchive": "0001-01-01T00:00:00Z",
        "thisGroup": false,
        "parent": "78ddabe9-ca67-11e5-826c-605718cb5baa",
        "bic": "042520811",
        "swift": "",
        "name": "АО \"ГРИНКОМБАНК\"",
        "corrAccount": "30101810950040000811",
        "address": "УЛ ФРАНК-КАМЕНЕЦКОГО, 8",
        "city": "Г. ИРКУТСК",
        "phones": "(3952)255196,240197",
        "country": "4e127564-d74f-4dd9-bced-0327f0f4e061",
        "countryCode": "643",
        "activityDiscontinued": false
    },
    {
        "guid": "979300b4-d82b-11e8-80bb-08002789bf51",
        "archive": false,
        "dateOutputArchive": "0001-01-01T00:00:00Z",
        "thisGroup": false,
        "parent": "78ddac9c-ca67-11e5-826c-605718cb5baa",
        "bic": "040407523",
        "swift": "",
        "name": "АО АИКБ \"ЕНИСЕЙСКИЙ ОБЪЕДИНЕННЫЙ БАНК\"",
        "corrAccount": "30101810650040000523",
        "address": "УЛ КАРЛА МАРКСА, 62",
        "city": "Г. КРАСНОЯРСК",
        "phones": "(391)2770000",
        "country": "4e127564-d74f-4dd9-bced-0327f0f4e061",
        "countryCode": "643",
        "activityDiscontinued": false
    },
    {
        "guid": "979300b5-d82b-11e8-80bb-08002789bf51",
        "archive": false,
        "dateOutputArchive": "0001-01-01T00:00:00Z",
        "thisGroup": false,
        "parent": "e8b01830-ca8b-11e5-826c-605718cb5baa",
        "bic": "041403725",
        "swift": "",
        "name": "ООО \"Осколбанк\"",
        "corrAccount": "30101810745250000725",
        "address": "Г. СТАРЫЙ ОСКОЛ, М-Н ОЛИМПИЙСК",
        "city": "Г. СТАРЫЙ ОСКОЛ",
        "phones": "",
        "country": "4e127564-d74f-4dd9-bced-0327f0f4e061",
        "countryCode": "643",
        "activityDiscontinued": false
    },
    {
        "guid": "979300b6-d82b-11e8-80bb-08002789bf51",
        "archive": false,
        "dateOutputArchive": "0001-01-01T00:00:00Z",
        "thisGroup": false,
        "parent": "78ddabe1-ca67-11e5-826c-605718cb5baa",
        "bic": "044030707",
        "swift": "VTBRRUM2SP3",
        "name": "ФИЛИАЛ № 7806 БАНКА ВТБ (ПАО)",
        "corrAccount": "30101810240300000707",
        "address": "УЛ Б. МОРСКАЯ, 29 ЛИТ А",
        "city": "Г. САНКТ-ПЕТЕРБУРГ",
        "phones": "(812)3241214",
        "country": "4e127564-d74f-4dd9-bced-0327f0f4e061",
        "countryCode": "643",
        "activityDiscontinued": false
    },
    {
        "guid": "979300b7-d82b-11e8-80bb-08002789bf51",
        "archive": false,
        "dateOutputArchive": "0001-01-01T00:00:00Z",
        "thisGroup": false,
        "parent": "78ddac09-ca67-11e5-826c-605718cb5baa",
        "bic": "046577916",
        "swift": "",
        "name": "ФИЛИАЛ \"НОВОУРАЛЬСКИЙ\" ПАО КБ \"УБРИР\"",
        "corrAccount": "30101810365770000916",
        "address": "УЛ ДЗЕРЖИНСКОГО, 16",
        "city": "Г. НОВОУРАЛЬСК",
        "phones": "(34370)25591",
        "country": "4e127564-d74f-4dd9-bced-0327f0f4e061",
        "countryCode": "643",
        "activityDiscontinued": false
    },
    {
        "guid": "78ddabd9-ca67-11e5-826c-605718cb5baa",
        "archive": "",
        "dateOutputArchive": "",
        "thisGroup": true,
        "parent": "00000000-0000-0000-0000-000000000000",
        "bic": "90       ",
        "swift": "",
        "name": "РЕСПУБЛИКА СЕВЕРНАЯ ОСЕТИЯ-АЛАНИЯ",
        "corrAccount": "",
        "address": "",
        "city": "",
        "phones": "",
        "country": "",
        "countryCode": "",
        "activityDiscontinued": ""
    },
    {
        "guid": "979300b8-d82b-11e8-80bb-08002789bf51",
        "archive": false,
        "dateOutputArchive": "0001-01-01T00:00:00Z",
        "thisGroup": false,
        "parent": "78ddabdf-ca67-11e5-826c-605718cb5baa",
        "bic": "049246691",
        "swift": "",
        "name": "АБ \"ДЕВОН-КРЕДИТ\" (ПАО)",
        "corrAccount": "30101810722029246691",
        "address": "УЛ ЛЕНИНА, 77",
        "city": "Г. АЛЬМЕТЬЕВСК",
        "phones": "(8553)456777",
        "country": "4e127564-d74f-4dd9-bced-0327f0f4e061",
        "countryCode": "643",
        "activityDiscontinued": false
    },
    {
        "guid": "979300b9-d82b-11e8-80bb-08002789bf51",
        "archive": false,
        "dateOutputArchive": "0001-01-01T00:00:00Z",
        "thisGroup": false,
        "parent": "78ddabe5-ca67-11e5-826c-605718cb5baa",
        "bic": "044525806",
        "swift": "",
        "name": "ФИЛИАЛ \"МОСКОВСКИЙ\" КБ \"СПУТНИК\" (ПАО)",
        "corrAccount": "30101810145250000806",
        "address": "ЛЯЛИН ПЕР, 19-1",
        "city": "Г. МОСКВА",
        "phones": "(495)5891084",
        "country": "4e127564-d74f-4dd9-bced-0327f0f4e061",
        "countryCode": "643",
        "activityDiscontinued": false
    },
    {
        "guid": "979300ba-d82b-11e8-80bb-08002789bf51",
        "archive": false,
        "dateOutputArchive": "0001-01-01T00:00:00Z",
        "thisGroup": false,
        "parent": "78ddaccd-ca67-11e5-826c-605718cb5baa",
        "bic": "045209702",
        "swift": "",
        "name": "АО \"ИТ Банк\"",
        "corrAccount": "30101810750045209702",
        "address": "УЛ. ДУМСКАЯ, 7",
        "city": "Г. ОМСК",
        "phones": "",
        "country": "4e127564-d74f-4dd9-bced-0327f0f4e061",
        "countryCode": "643",
        "activityDiscontinued": false
    },
    {
        "guid": "979300bb-d82b-11e8-80bb-08002789bf51",
        "archive": false,
        "dateOutputArchive": "0001-01-01T00:00:00Z",
        "thisGroup": false,
        "parent": "78ddaccd-ca67-11e5-826c-605718cb5baa",
        "bic": "045209701",
        "swift": "",
        "name": "АО \"Эксперт Банк\"",
        "corrAccount": "30101810450045209701",
        "address": "УЛ. МАРШАЛА ЖУКОВА, ДОМ 107",
        "city": "Г. ОМСК",
        "phones": "",
        "country": "4e127564-d74f-4dd9-bced-0327f0f4e061",
        "countryCode": "643",
        "activityDiscontinued": false
    },
    {
        "guid": "979300bc-d82b-11e8-80bb-08002789bf51",
        "archive": false,
        "dateOutputArchive": "0001-01-01T00:00:00Z",
        "thisGroup": false,
        "parent": "78ddac09-ca67-11e5-826c-605718cb5baa",
        "bic": "046577743",
        "swift": "",
        "name": "ФИЛИАЛ \"ДЕЛО\" ПАО \"СКБ-БАНК\"",
        "corrAccount": "30101810965770000743",
        "address": "УЛ КУЙБЫШЕВА, 58",
        "city": "Г. ЕКАТЕРИНБУРГ",
        "phones": "(343)3557000",
        "country": "4e127564-d74f-4dd9-bced-0327f0f4e061",
        "countryCode": "643",
        "activityDiscontinued": false
    },
    {
        "guid": "979300bd-d82b-11e8-80bb-08002789bf51",
        "archive": false,
        "dateOutputArchive": "0001-01-01T00:00:00Z",
        "thisGroup": false,
        "parent": "78ddaccd-ca67-11e5-826c-605718cb5baa",
        "bic": "045209703",
        "swift": "",
        "name": "КУ АО \"Мираф-Банк\" - ГК \"АСВ\"",
        "corrAccount": "30101810050045209703",
        "address": "УЛ. ФРУНЗЕ, Д.54",
        "city": "Г. ОМСК",
        "phones": "",
        "country": "4e127564-d74f-4dd9-bced-0327f0f4e061",
        "countryCode": "643",
        "activityDiscontinued": false
    },
    {
        "guid": "9d8e68cb-d82b-11e8-80bb-08002789bf51",
        "archive": false,
        "dateOutputArchive": "0001-01-01T00:00:00Z",
        "thisGroup": false,
        "parent": "78ddac21-ca67-11e5-826c-605718cb5baa",
        "bic": "042202761",
        "swift": "",
        "name": "Ф. АКБ \"ФОРА-БАНК\" (АО) В Г. НИЖНИЙ НОВГОРОД",
        "corrAccount": "30101810822020000761",
        "address": "УЛ КОВАЛИХИНСКАЯ, 8",
        "city": "Г. НИЖНИЙ НОВГОРОД",
        "phones": "(831)2161801,2161802",
        "country": "4e127564-d74f-4dd9-bced-0327f0f4e061",
        "countryCode": "643",
        "activityDiscontinued": false
    },
    {
        "guid": "9d8e68cc-d82b-11e8-80bb-08002789bf51",
        "archive": false,
        "dateOutputArchive": "0001-01-01T00:00:00Z",
        "thisGroup": false,
        "parent": "78ddac67-ca67-11e5-826c-605718cb5baa",
        "bic": "045773804",
        "swift": "",
        "name": "ФИЛИАЛ \"ЛЫСЬВА\" АО АКБ \"АЛЕФ-БАНК\"",
        "corrAccount": "30101810965775700804",
        "address": "ПОЖАРСКОГО, Д.8",
        "city": "Г. ЛЫСЬВА",
        "phones": "",
        "country": "4e127564-d74f-4dd9-bced-0327f0f4e061",
        "countryCode": "643",
        "activityDiscontinued": false
    },
    {
        "guid": "9d8e68cd-d82b-11e8-80bb-08002789bf51",
        "archive": false,
        "dateOutputArchive": "0001-01-01T00:00:00Z",
        "thisGroup": false,
        "parent": "78ddac21-ca67-11e5-826c-605718cb5baa",
        "bic": "042202717",
        "swift": "",
        "name": "ФИЛИАЛ №10 ПАО КБ \"ЦЕНТР-ИНВЕСТ\"",
        "corrAccount": "30101810122020000717",
        "address": "УЛ КОМИНТЕРНА, 139",
        "city": "Г. НИЖНИЙ НОВГОРОД",
        "phones": "(831)4391708",
        "country": "4e127564-d74f-4dd9-bced-0327f0f4e061",
        "countryCode": "643",
        "activityDiscontinued": false
    },
    {
        "guid": "9d8e68ce-d82b-11e8-80bb-08002789bf51",
        "archive": false,
        "dateOutputArchive": "0001-01-01T00:00:00Z",
        "thisGroup": false,
        "parent": "78ddac21-ca67-11e5-826c-605718cb5baa",
        "bic": "042202716",
        "swift": "",
        "name": "НИЖЕГОРОДСКИЙ Ф БАНКА\"ВОЗРОЖДЕНИЕ\"(ПАО)",
        "corrAccount": "30101810822020000716",
        "address": "УЛ БЕЛИНСКОГО, 106 А",
        "city": "Г. НИЖНИЙ НОВГОРОД",
        "phones": "(831)2787662,2783935",
        "country": "4e127564-d74f-4dd9-bced-0327f0f4e061",
        "countryCode": "643",
        "activityDiscontinued": false
    },
    {
        "guid": "9d8e68cf-d82b-11e8-80bb-08002789bf51",
        "archive": false,
        "dateOutputArchive": "0001-01-01T00:00:00Z",
        "thisGroup": false,
        "parent": "78ddac21-ca67-11e5-826c-605718cb5baa",
        "bic": "042202712",
        "swift": "",
        "name": "НИЖЕГОРОДСКИЙ ФИЛИАЛ АКБ \"ЛАНТА-БАНК\" (АО)",
        "corrAccount": "30101810622020000712",
        "address": "МЕЩЕРСКИЙ Б-Р, 3, К 1",
        "city": "Г. НИЖНИЙ НОВГОРОД",
        "phones": "(831)2208322,2208320",
        "country": "4e127564-d74f-4dd9-bced-0327f0f4e061",
        "countryCode": "643",
        "activityDiscontinued": false
    },
    {
        "guid": "9d8e68d0-d82b-11e8-80bb-08002789bf51",
        "archive": false,
        "dateOutputArchive": "0001-01-01T00:00:00Z",
        "thisGroup": false,
        "parent": "78ddac17-ca67-11e5-826c-605718cb5baa",
        "bic": "046015707",
        "swift": "",
        "name": "ВОЛГОДОНСКИЙ ф Банка \"Возрождение\" (ПАО)",
        "corrAccount": "30101810060150000707",
        "address": "БУЛ. ВЕЛИКОЙ ПОБЕДЫ, ДОМ №38А",
        "city": "Г. ВОЛГОДОНСК",
        "phones": "",
        "country": "4e127564-d74f-4dd9-bced-0327f0f4e061",
        "countryCode": "643",
        "activityDiscontinued": false
    },
    {
        "guid": "9d8e68d1-d82b-11e8-80bb-08002789bf51",
        "archive": false,
        "dateOutputArchive": "0001-01-01T00:00:00Z",
        "thisGroup": false,
        "parent": "78ddac21-ca67-11e5-826c-605718cb5baa",
        "bic": "042202718",
        "swift": "",
        "name": "ПАО \"САРОВБИЗНЕСБАНК\"",
        "corrAccount": "30101810422020000718",
        "address": "УЛ СИЛКИНА, 13",
        "city": "Г. САРОВ",
        "phones": "(831)4307478,(83130)33640",
        "country": "4e127564-d74f-4dd9-bced-0327f0f4e061",
        "countryCode": "643",
        "activityDiscontinued": false
    },
    {
        "guid": "9d8e68d2-d82b-11e8-80bb-08002789bf51",
        "archive": false,
        "dateOutputArchive": "0001-01-01T00:00:00Z",
        "thisGroup": false,
        "parent": "78ddac21-ca67-11e5-826c-605718cb5baa",
        "bic": "042202727",
        "swift": "",
        "name": "ПАО КОМБАНК \"ХИМИК\"",
        "corrAccount": "30101810222020000727",
        "address": "УЛ УРИЦКОГО, 10 Б",
        "city": "Г. ДЗЕРЖИНСК",
        "phones": "(8313)261608,251126",
        "country": "4e127564-d74f-4dd9-bced-0327f0f4e061",
        "countryCode": "643",
        "activityDiscontinued": false
    },
    {
        "guid": "9d8e68d3-d82b-11e8-80bb-08002789bf51",
        "archive": false,
        "dateOutputArchive": "0001-01-01T00:00:00Z",
        "thisGroup": false,
        "parent": "78ddabe5-ca67-11e5-826c-605718cb5baa",
        "bic": "044525420",
        "swift": "",
        "name": "Ф РОКЕТБАНК КИВИ БАНК (АО)",
        "corrAccount": "30101810945250000420",
        "address": "УЛ ПАЛИХА, 10, СТР 5",
        "city": "Г. МОСКВА",
        "phones": "(495)2313645",
        "country": "4e127564-d74f-4dd9-bced-0327f0f4e061",
        "countryCode": "643",
        "activityDiscontinued": false
    },
    {
        "guid": "78ddabda-ca67-11e5-826c-605718cb5baa",
        "archive": false,
        "dateOutputArchive": "0001-01-01T00:00:00Z",
        "thisGroup": false,
        "parent": "78ddabd9-ca67-11e5-826c-605718cb5baa",
        "bic": "049033736",
        "swift": "",
        "name": "СКФ ПАО АКБ \"ИРОНБАНК\"",
        "corrAccount": "30101810800000000736",
        "address": "",
        "city": "Г. ВЛАДИКАВКАЗ",
        "phones": "",
        "country": "00000000-0000-0000-0000-000000000000",
        "countryCode": "",
        "activityDiscontinued": true
    },
    {
        "guid": "9d8e68d4-d82b-11e8-80bb-08002789bf51",
        "archive": false,
        "dateOutputArchive": "0001-01-01T00:00:00Z",
        "thisGroup": false,
        "parent": "78ddac21-ca67-11e5-826c-605718cb5baa",
        "bic": "042202731",
        "swift": "",
        "name": "АО КОМБАНК \"АРЗАМАС\"",
        "corrAccount": "30101810522020000731",
        "address": "УЛ КИРОВА, 33",
        "city": "Г. АРЗАМАС",
        "phones": "(83147)70224,70177",
        "country": "4e127564-d74f-4dd9-bced-0327f0f4e061",
        "countryCode": "643",
        "activityDiscontinued": false
    },
    {
        "guid": "9d8e68d5-d82b-11e8-80bb-08002789bf51",
        "archive": false,
        "dateOutputArchive": "0001-01-01T00:00:00Z",
        "thisGroup": false,
        "parent": "78ddabe5-ca67-11e5-826c-605718cb5baa",
        "bic": "044525864",
        "swift": "",
        "name": "МОСКОВСКИЙ ФИЛИАЛ АО АКБ \"ГАЗБАНК\"",
        "corrAccount": "30101810145250000864",
        "address": "УЛ БРЯНСКАЯ, 5",
        "city": "Г. МОСКВА",
        "phones": "(495)3639438",
        "country": "4e127564-d74f-4dd9-bced-0327f0f4e061",
        "countryCode": "643",
        "activityDiscontinued": true
    },
    {
        "guid": "9d8e68d6-d82b-11e8-80bb-08002789bf51",
        "archive": false,
        "dateOutputArchive": "0001-01-01T00:00:00Z",
        "thisGroup": false,
        "parent": "78ddabe5-ca67-11e5-826c-605718cb5baa",
        "bic": "044525797",
        "swift": "",
        "name": "Ф ТОЧКА БАНК КИВИ БАНК (АО)",
        "corrAccount": "30101810445250000797",
        "address": "УЛ СПИРИДОНОВКА, 4, СТР 2",
        "city": "Г. МОСКВА",
        "phones": "(495)2313645",
        "country": "4e127564-d74f-4dd9-bced-0327f0f4e061",
        "countryCode": "643",
        "activityDiscontinued": false
    },
    {
        "guid": "9d8e68d7-d82b-11e8-80bb-08002789bf51",
        "archive": false,
        "dateOutputArchive": "0001-01-01T00:00:00Z",
        "thisGroup": false,
        "parent": "78ddac9c-ca67-11e5-826c-605718cb5baa",
        "bic": "040407404",
        "swift": "",
        "name": "ФПАО \"ДАЛЬНЕВОСТОЧНЫЙ БАНК\" \"КРАСНОЯРСКИЙ\"",
        "corrAccount": "30101810850040000404",
        "address": "УЛ МОЛОКОВА, 1, К 4",
        "city": "Г. КРАСНОЯРСК",
        "phones": "(391)2773071",
        "country": "4e127564-d74f-4dd9-bced-0327f0f4e061",
        "countryCode": "643",
        "activityDiscontinued": false
    },
    {
        "guid": "9d8e68d8-d82b-11e8-80bb-08002789bf51",
        "archive": false,
        "dateOutputArchive": "0001-01-01T00:00:00Z",
        "thisGroup": false,
        "parent": "78ddad0a-ca67-11e5-826c-605718cb5baa",
        "bic": "047144778",
        "swift": "",
        "name": "СФ АО БАНК \"СНГБ\"",
        "corrAccount": "30101810165777100778",
        "address": "УЛ ГУБКИНА, 15 А",
        "city": "Г. СУРГУТ",
        "phones": "(3462)398700",
        "country": "4e127564-d74f-4dd9-bced-0327f0f4e061",
        "countryCode": "643",
        "activityDiscontinued": false
    },
    {
        "guid": "9d8e68d9-d82b-11e8-80bb-08002789bf51",
        "archive": false,
        "dateOutputArchive": "0001-01-01T00:00:00Z",
        "thisGroup": false,
        "parent": "78ddabf2-ca67-11e5-826c-605718cb5baa",
        "bic": "043601968",
        "swift": "VTBRRUM2SA3",
        "name": "ФИЛИАЛ № 6318 БАНКА ВТБ (ПАО)",
        "corrAccount": "30101810422023601968",
        "address": "УЛ МОЛОДОГВАРДЕЙСКАЯ, 204",
        "city": "Г. САМАРА",
        "phones": "(846)2696824,2696834",
        "country": "4e127564-d74f-4dd9-bced-0327f0f4e061",
        "countryCode": "643",
        "activityDiscontinued": false
    },
    {
        "guid": "9d8e68da-d82b-11e8-80bb-08002789bf51",
        "archive": false,
        "dateOutputArchive": "0001-01-01T00:00:00Z",
        "thisGroup": false,
        "parent": "78ddabf2-ca67-11e5-826c-605718cb5baa",
        "bic": "043601975",
        "swift": "",
        "name": "ООО \"РУСФИНАНС БАНК\"",
        "corrAccount": "30101810622023601975",
        "address": "УЛ ЧЕРНОРЕЧЕНСКАЯ, 42 А",
        "city": "Г. САМАРА",
        "phones": "(846)2696911,2694411",
        "country": "4e127564-d74f-4dd9-bced-0327f0f4e061",
        "countryCode": "643",
        "activityDiscontinued": false
    },
    {
        "guid": "9d8e68db-d82b-11e8-80bb-08002789bf51",
        "archive": false,
        "dateOutputArchive": "0001-01-01T00:00:00Z",
        "thisGroup": false,
        "parent": "78ddabf7-ca67-11e5-826c-605718cb5baa",
        "bic": "045354880",
        "swift": "",
        "name": "ГК \"АСВ\" - КУ АО \"НСТ-БАНК\"",
        "corrAccount": "30101810265775300880",
        "address": "ВИЛОНОВСКАЯ УЛ, 138",
        "city": "Г. САМАРА",
        "phones": "",
        "country": "4e127564-d74f-4dd9-bced-0327f0f4e061",
        "countryCode": "643",
        "activityDiscontinued": false
    },
    {
        "guid": "9d8e68dc-d82b-11e8-80bb-08002789bf51",
        "archive": false,
        "dateOutputArchive": "0001-01-01T00:00:00Z",
        "thisGroup": false,
        "parent": "78ddabe7-ca67-11e5-826c-605718cb5baa",
        "bic": "040507595",
        "swift": "",
        "name": "АО \"СОЛИД БАНК\"",
        "corrAccount": "30101810205070000595",
        "address": "УЛ АДМИРАЛА ФОКИНА, 25",
        "city": "Г. ВЛАДИВОСТОК",
        "phones": "(423)2265722,(423)2469293",
        "country": "4e127564-d74f-4dd9-bced-0327f0f4e061",
        "countryCode": "643",
        "activityDiscontinued": false
    },
    {
        "guid": "9d8e68dd-d82b-11e8-80bb-08002789bf51",
        "archive": false,
        "dateOutputArchive": "0001-01-01T00:00:00Z",
        "thisGroup": false,
        "parent": "78ddabe1-ca67-11e5-826c-605718cb5baa",
        "bic": "044030830",
        "swift": "",
        "name": "СПБ. Ф. АО БАНК \"НАЦИОНАЛЬНЫЙ СТАНДАРТ\"",
        "corrAccount": "30101810340300000830",
        "address": "УЛ. ЧАЙКОВСКОГО, Д. 39, ЛИТ А",
        "city": "Г. САНКТ-ПЕТЕРБУРГ",
        "phones": "(812)4493155",
        "country": "4e127564-d74f-4dd9-bced-0327f0f4e061",
        "countryCode": "643",
        "activityDiscontinued": false
    },
    {
        "guid": "9d8e68de-d82b-11e8-80bb-08002789bf51",
        "archive": false,
        "dateOutputArchive": "0001-01-01T00:00:00Z",
        "thisGroup": false,
        "parent": "78ddabeb-ca67-11e5-826c-605718cb5baa",
        "bic": "040708735",
        "swift": "",
        "name": "ФИЛИАЛ В Г. ЕССЕНТУКИ АКБ \"ЛАНТА-БАНК\" (АО)",
        "corrAccount": "30101810007080000735",
        "address": "УЛ СОВЕТСКАЯ, 20 Б",
        "city": "Г. ЕССЕНТУКИ",
        "phones": "(87934)54547,54371",
        "country": "4e127564-d74f-4dd9-bced-0327f0f4e061",
        "countryCode": "643",
        "activityDiscontinued": false
    },
    {
        "guid": "9d8e68df-d82b-11e8-80bb-08002789bf51",
        "archive": false,
        "dateOutputArchive": "0001-01-01T00:00:00Z",
        "thisGroup": false,
        "parent": "78ddac72-ca67-11e5-826c-605718cb5baa",
        "bic": "041806745",
        "swift": "",
        "name": "Урюпинский филиал ПАО КБ \"Сельмашбанк\"",
        "corrAccount": "30101810518060000745",
        "address": "УЛ. ШТЕМЕНКО, 47/3",
        "city": "Г. УРЮПИНСК",
        "phones": "",
        "country": "4e127564-d74f-4dd9-bced-0327f0f4e061",
        "countryCode": "643",
        "activityDiscontinued": false
    },
    {
        "guid": "9d8e68e0-d82b-11e8-80bb-08002789bf51",
        "archive": false,
        "dateOutputArchive": "0001-01-01T00:00:00Z",
        "thisGroup": false,
        "parent": "78ddac72-ca67-11e5-826c-605718cb5baa",
        "bic": "041806730",
        "swift": "",
        "name": "Ликвидатор АО КБ \"Михайловский ПЖСБ\"",
        "corrAccount": "30101810918060000730",
        "address": "УЛИЦА ОБОРОНЫ, 44 \"А\"",
        "city": "Г. МИХАЙЛОВКА",
        "phones": "",
        "country": "4e127564-d74f-4dd9-bced-0327f0f4e061",
        "countryCode": "643",
        "activityDiscontinued": false
    },
    {
        "guid": "9d8e68e1-d82b-11e8-80bb-08002789bf51",
        "archive": false,
        "dateOutputArchive": "0001-01-01T00:00:00Z",
        "thisGroup": false,
        "parent": "78ddabe5-ca67-11e5-826c-605718cb5baa",
        "bic": "044525941",
        "swift": "",
        "name": "\"УМ-БАНК\" ООО",
        "corrAccount": "30101810945250000941",
        "address": "УЛ Б. ОРДЫНКА, 59, СТР 2",
        "city": "Г. МОСКВА",
        "phones": "(495)2123020",
        "country": "4e127564-d74f-4dd9-bced-0327f0f4e061",
        "countryCode": "643",
        "activityDiscontinued": false
    },
    {
        "guid": "9d8e68e2-d82b-11e8-80bb-08002789bf51",
        "archive": false,
        "dateOutputArchive": "0001-01-01T00:00:00Z",
        "thisGroup": false,
        "parent": "78ddac72-ca67-11e5-826c-605718cb5baa",
        "bic": "041806717",
        "swift": "",
        "name": "ЮЖНЫЙ ФИЛИАЛ АО БАНК \"НАЦИОНАЛЬНЫЙ СТАНДАРТ\"",
        "corrAccount": "30101810818060000717",
        "address": "УЛ ИМ. ГАГАРИНА, 7",
        "city": "Г. ВОЛГОГРАД",
        "phones": "(8442)995000",
        "country": "4e127564-d74f-4dd9-bced-0327f0f4e061",
        "countryCode": "643",
        "activityDiscontinued": true
    },
    {
        "guid": "78ddabdb-ca67-11e5-826c-605718cb5baa",
        "archive": "",
        "dateOutputArchive": "",
        "thisGroup": true,
        "parent": "00000000-0000-0000-0000-000000000000",
        "bic": "32       ",
        "swift": "",
        "name": "КЕМЕРОВСКАЯ ОБЛАСТЬ",
        "corrAccount": "",
        "address": "",
        "city": "",
        "phones": "",
        "country": "",
        "countryCode": "",
        "activityDiscontinued": ""
    },
    {
        "guid": "a38a1a95-d82b-11e8-80bb-08002789bf51",
        "archive": false,
        "dateOutputArchive": "0001-01-01T00:00:00Z",
        "thisGroup": false,
        "parent": "78ddac17-ca67-11e5-826c-605718cb5baa",
        "bic": "046015846",
        "swift": "",
        "name": "КУ ОАО КБ \"МАКСИМУМ\" - ГК \"АСВ\"",
        "corrAccount": "30101810060150000846",
        "address": "УЛ. ВЫСОЦКОГО, Д.4",
        "city": "Г. МОСКВА",
        "phones": "",
        "country": "4e127564-d74f-4dd9-bced-0327f0f4e061",
        "countryCode": "643",
        "activityDiscontinued": false
    },
    {
        "guid": "a38a1a96-d82b-11e8-80bb-08002789bf51",
        "archive": false,
        "dateOutputArchive": "0001-01-01T00:00:00Z",
        "thisGroup": false,
        "parent": "78ddac14-ca67-11e5-826c-605718cb5baa",
        "bic": "047601205",
        "swift": "",
        "name": "ООО КБ \"ЦЕНТРАЛЬНО-ЕВРОПЕЙСКИЙ БАНК\"",
        "corrAccount": "30101810950040000205",
        "address": "УЛ БАБУШКИНА, 108",
        "city": "Г. ЧИТА",
        "phones": "(3022)211502",
        "country": "4e127564-d74f-4dd9-bced-0327f0f4e061",
        "countryCode": "643",
        "activityDiscontinued": false
    },
    {
        "guid": "78ddabf7-ca67-11e5-826c-605718cb5baa",
        "archive": "",
        "dateOutputArchive": "",
        "thisGroup": true,
        "parent": "00000000-0000-0000-0000-000000000000",
        "bic": "53       ",
        "swift": "",
        "name": "ОРЕНБУРГСКАЯ ОБЛАСТЬ",
        "corrAccount": "",
        "address": "",
        "city": "",
        "phones": "",
        "country": "",
        "countryCode": "",
        "activityDiscontinued": ""
    },
    {
        "guid": "a38a1a97-d82b-11e8-80bb-08002789bf51",
        "archive": false,
        "dateOutputArchive": "0001-01-01T00:00:00Z",
        "thisGroup": false,
        "parent": "78ddac17-ca67-11e5-826c-605718cb5baa",
        "bic": "046015835",
        "swift": "",
        "name": "КУ ООО \"РУССКИЙ НАЦИОНАЛЬНЫЙ БАНК\" - ГК \"АСВ\"",
        "corrAccount": "30101810660150000835",
        "address": "УЛ ВЫСОЦКОГО, 4 ТЕЛ.(495)96125",
        "city": "Г. МОСКВА",
        "phones": "(863)2999413,2999418",
        "country": "4e127564-d74f-4dd9-bced-0327f0f4e061",
        "countryCode": "643",
        "activityDiscontinued": false
    },
    {
        "guid": "a38a1a98-d82b-11e8-80bb-08002789bf51",
        "archive": false,
        "dateOutputArchive": "0001-01-01T00:00:00Z",
        "thisGroup": false,
        "parent": "78ddabe5-ca67-11e5-826c-605718cb5baa",
        "bic": "044525535",
        "swift": "",
        "name": "КУ АБ \"АЛДАНЗОЛОТОБАНК\" АО - ГК \"АСВ\"",
        "corrAccount": "30101810445250000535",
        "address": "УЛ. ВЫСОЦКОГО, Д. 4",
        "city": "Г. МОСКВА",
        "phones": "",
        "country": "4e127564-d74f-4dd9-bced-0327f0f4e061",
        "countryCode": "643",
        "activityDiscontinued": false
    },
    {
        "guid": "a38a1a99-d82b-11e8-80bb-08002789bf51",
        "archive": false,
        "dateOutputArchive": "0001-01-01T00:00:00Z",
        "thisGroup": false,
        "parent": "78ddac21-ca67-11e5-826c-605718cb5baa",
        "bic": "042202812",
        "swift": "",
        "name": "ВЫКСУНСКИЙ Ф-Л ПАО АКБ \"МЕТАЛЛИНВЕСТБАНК\"",
        "corrAccount": "30101810522020000812",
        "address": "ПЛ ОКТЯБРЬСКОЙ РЕВОЛЮЦИИ, 48",
        "city": "Г. ВЫКСА",
        "phones": "(83177)35825,31157",
        "country": "4e127564-d74f-4dd9-bced-0327f0f4e061",
        "countryCode": "643",
        "activityDiscontinued": false
    },
    {
        "guid": "a38a1a9a-d82b-11e8-80bb-08002789bf51",
        "archive": false,
        "dateOutputArchive": "0001-01-01T00:00:00Z",
        "thisGroup": false,
        "parent": "78ddac07-ca67-11e5-826c-605718cb5baa",
        "bic": "045004893",
        "swift": "",
        "name": "НОВОСИБИРСКИЙ Ф-Л НКО \"ИНКАХРАН\"(АО)",
        "corrAccount": "30103810950040000893",
        "address": "УЛ 2-Я СОЮЗА МОЛОДЕЖИ, 31",
        "city": "Г. НОВОСИБИРСК",
        "phones": "(383)2260797,2269768",
        "country": "4e127564-d74f-4dd9-bced-0327f0f4e061",
        "countryCode": "643",
        "activityDiscontinued": false
    },
    {
        "guid": "a38a1a9b-d82b-11e8-80bb-08002789bf51",
        "archive": false,
        "dateOutputArchive": "0001-01-01T00:00:00Z",
        "thisGroup": false,
        "parent": "78ddac07-ca67-11e5-826c-605718cb5baa",
        "bic": "045004883",
        "swift": "",
        "name": "СИБИРСКИЙ ФИЛИАЛ АО \"БАНК ИНТЕЗА\"",
        "corrAccount": "30101810250040000883",
        "address": "УЛ ОКТЯБРЬСКАЯ, 49",
        "city": "Г. НОВОСИБИРСК",
        "phones": "(383)2278193",
        "country": "4e127564-d74f-4dd9-bced-0327f0f4e061",
        "countryCode": "643",
        "activityDiscontinued": false
    },
    {
        "guid": "a38a1a9c-d82b-11e8-80bb-08002789bf51",
        "archive": false,
        "dateOutputArchive": "0001-01-01T00:00:00Z",
        "thisGroup": false,
        "parent": "78ddac07-ca67-11e5-826c-605718cb5baa",
        "bic": "045004876",
        "swift": "",
        "name": "НОВОСИБИРСКИЙ ФИЛИАЛ ПАО \"МТС-БАНК\"",
        "corrAccount": "30101810050040000876",
        "address": "УЛ. НИЖЕГОРОДСКАЯ, 4",
        "city": "Г. НОВОСИБИРСК",
        "phones": "(383)3251781",
        "country": "4e127564-d74f-4dd9-bced-0327f0f4e061",
        "countryCode": "643",
        "activityDiscontinued": false
    },
    {
        "guid": "a38a1a9d-d82b-11e8-80bb-08002789bf51",
        "archive": false,
        "dateOutputArchive": "0001-01-01T00:00:00Z",
        "thisGroup": false,
        "parent": "78ddac07-ca67-11e5-826c-605718cb5baa",
        "bic": "045004861",
        "swift": "",
        "name": "ФИЛИАЛ ООО \"ЭКСПОБАНК\" В Г.НОВОСИБИРСКЕ",
        "corrAccount": "30101810450040000861",
        "address": "КРАСНЫЙ ПР-Т, 25",
        "city": "Г. НОВОСИБИРСК",
        "phones": "(383)2105207",
        "country": "4e127564-d74f-4dd9-bced-0327f0f4e061",
        "countryCode": "643",
        "activityDiscontinued": false
    },
    {
        "guid": "a38a1a9e-d82b-11e8-80bb-08002789bf51",
        "archive": false,
        "dateOutputArchive": "0001-01-01T00:00:00Z",
        "thisGroup": false,
        "parent": "78ddac07-ca67-11e5-826c-605718cb5baa",
        "bic": "045004864",
        "swift": "",
        "name": "СИБИРСКИЙ ФИЛИАЛ АО КБ \"МОДУЛЬБАНК\"",
        "corrAccount": "30101810350040000864",
        "address": "УЛ ПЛАНЕТНАЯ, 30",
        "city": "Г. НОВОСИБИРСК",
        "phones": "(383)3250606,3251575",
        "country": "4e127564-d74f-4dd9-bced-0327f0f4e061",
        "countryCode": "643",
        "activityDiscontinued": false
    },
    {
        "guid": "a38a1a9f-d82b-11e8-80bb-08002789bf51",
        "archive": false,
        "dateOutputArchive": "0001-01-01T00:00:00Z",
        "thisGroup": false,
        "parent": "78ddabf2-ca67-11e5-826c-605718cb5baa",
        "bic": "043601875",
        "swift": "",
        "name": "САМАРСКИЙ ФИЛИАЛ ТКБ БАНК ПАО",
        "corrAccount": "30101810722023601875",
        "address": "УЛ СТАРА ЗАГОРА, 52",
        "city": "Г. САМАРА",
        "phones": "(846)9338233,2280135",
        "country": "4e127564-d74f-4dd9-bced-0327f0f4e061",
        "countryCode": "643",
        "activityDiscontinued": false
    },
    {
        "guid": "a38a1aa0-d82b-11e8-80bb-08002789bf51",
        "archive": false,
        "dateOutputArchive": "0001-01-01T00:00:00Z",
        "thisGroup": false,
        "parent": "78ddabf2-ca67-11e5-826c-605718cb5baa",
        "bic": "043601845",
        "swift": "",
        "name": "САМАРСКИЙ ФИЛИАЛ БАНКА СОЮЗ (АО)",
        "corrAccount": "30101810422023601845",
        "address": "УЛ КРАСНОАРМЕЙСКАЯ, 75",
        "city": "Г. САМАРА",
        "phones": "(846)2311251,2311259",
        "country": "4e127564-d74f-4dd9-bced-0327f0f4e061",
        "countryCode": "643",
        "activityDiscontinued": false
    },
    {
        "guid": "a38a1aa1-d82b-11e8-80bb-08002789bf51",
        "archive": false,
        "dateOutputArchive": "0001-01-01T00:00:00Z",
        "thisGroup": false,
        "parent": "78ddabf2-ca67-11e5-826c-605718cb5baa",
        "bic": "043601842",
        "swift": "",
        "name": "АО КБ \"НИБ\"",
        "corrAccount": "30101810522023601842",
        "address": "УЛ ФРУНЗЕ, 102",
        "city": "Г. САМАРА",
        "phones": "(846)3425750,3425751",
        "country": "4e127564-d74f-4dd9-bced-0327f0f4e061",
        "countryCode": "643",
        "activityDiscontinued": false
    },
    {
        "guid": "a38a1aa2-d82b-11e8-80bb-08002789bf51",
        "archive": false,
        "dateOutputArchive": "0001-01-01T00:00:00Z",
        "thisGroup": false,
        "parent": "78ddac2f-ca67-11e5-826c-605718cb5baa",
        "bic": "040813708",
        "swift": "",
        "name": "ХАБАРОВСКИЙ ФИЛИАЛ ТКБ БАНК ПАО",
        "corrAccount": "30101810108130000708",
        "address": "УЛ КОМСОМОЛЬСКАЯ, 102",
        "city": "Г. ХАБАРОВСК",
        "phones": "(4212)910702",
        "country": "4e127564-d74f-4dd9-bced-0327f0f4e061",
        "countryCode": "643",
        "activityDiscontinued": false
    },
    {
        "guid": "78ddac1c-ca67-11e5-826c-605718cb5baa",
        "archive": false,
        "dateOutputArchive": "0001-01-01T00:00:00Z",
        "thisGroup": false,
        "parent": "78ddabe5-ca67-11e5-826c-605718cb5baa",
        "bic": "044525150",
        "swift": "",
        "name": "ФИЛИАЛ \"МОСКОВСКИЙ\" АО \"ФИА-БАНК\"",
        "corrAccount": "30101810545250000150",
        "address": "",
        "city": "Г. МОСКВА",
        "phones": "",
        "country": "00000000-0000-0000-0000-000000000000",
        "countryCode": "",
        "activityDiscontinued": true
    },
    {
        "guid": "a38a1aa3-d82b-11e8-80bb-08002789bf51",
        "archive": false,
        "dateOutputArchive": "0001-01-01T00:00:00Z",
        "thisGroup": false,
        "parent": "78ddac2f-ca67-11e5-826c-605718cb5baa",
        "bic": "040813713",
        "swift": "VTBRRUM2KH3",
        "name": "ФИЛИАЛ № 2754 БАНКА ВТБ (ПАО)",
        "corrAccount": "30101810708130000713",
        "address": "УЛ МУРАВЬЁВА-АМУРСКОГО, 18",
        "city": "Г. ХАБАРОВСК",
        "phones": "(4212)455455",
        "country": "4e127564-d74f-4dd9-bced-0327f0f4e061",
        "countryCode": "643",
        "activityDiscontinued": false
    },
    {
        "guid": "a38a1aa4-d82b-11e8-80bb-08002789bf51",
        "archive": false,
        "dateOutputArchive": "0001-01-01T00:00:00Z",
        "thisGroup": false,
        "parent": "78ddac09-ca67-11e5-826c-605718cb5baa",
        "bic": "046577501",
        "swift": "VTBRRUM2EK3",
        "name": "ФИЛИАЛ № 6602 БАНКА ВТБ (ПАО)",
        "corrAccount": "30101810165770000501",
        "address": "ПР-Т ЛЕНИНА, 27",
        "city": "Г. ЕКАТЕРИНБУРГ",
        "phones": "(343)3862400",
        "country": "4e127564-d74f-4dd9-bced-0327f0f4e061",
        "countryCode": "643",
        "activityDiscontinued": false
    },
    {
        "guid": "a38a1aa5-d82b-11e8-80bb-08002789bf51",
        "archive": false,
        "dateOutputArchive": "0001-01-01T00:00:00Z",
        "thisGroup": false,
        "parent": "78ddac09-ca67-11e5-826c-605718cb5baa",
        "bic": "046577507",
        "swift": "",
        "name": "ЕКАТЕРИНБУРГСКИЙ ФИЛИАЛ АБ \"РОССИЯ\"",
        "corrAccount": "30101810965770000507",
        "address": "УЛ МАМИНА-СИБИРЯКА, 145",
        "city": "Г. ЕКАТЕРИНБУРГ",
        "phones": "(343)2863760",
        "country": "4e127564-d74f-4dd9-bced-0327f0f4e061",
        "countryCode": "643",
        "activityDiscontinued": false
    },
    {
        "guid": "a38a1aa6-d82b-11e8-80bb-08002789bf51",
        "archive": false,
        "dateOutputArchive": "0001-01-01T00:00:00Z",
        "thisGroup": false,
        "parent": "78ddabf2-ca67-11e5-826c-605718cb5baa",
        "bic": "043601811",
        "swift": "",
        "name": "ООО \"ЗЕМСКИЙ БАНК\"",
        "corrAccount": "30101810922023601811",
        "address": "УЛ УЛЬЯНОВСКАЯ, 79",
        "city": "Г. СЫЗРАНЬ",
        "phones": "(8464)985454",
        "country": "4e127564-d74f-4dd9-bced-0327f0f4e061",
        "countryCode": "643",
        "activityDiscontinued": false
    },
    {
        "guid": "a38a1aa7-d82b-11e8-80bb-08002789bf51",
        "archive": false,
        "dateOutputArchive": "0001-01-01T00:00:00Z",
        "thisGroup": false,
        "parent": "78ddabfd-ca67-11e5-826c-605718cb5baa",
        "bic": "046311890",
        "swift": "",
        "name": "АО \"БАЛАКОВО-БАНК\"",
        "corrAccount": "30101810022026311890",
        "address": "УЛ ФАКЕЛ СОЦИАЛИЗМА, 21",
        "city": "Г. БАЛАКОВО",
        "phones": "(8453)444166,447007",
        "country": "4e127564-d74f-4dd9-bced-0327f0f4e061",
        "countryCode": "643",
        "activityDiscontinued": false
    },
    {
        "guid": "a38a1aa8-d82b-11e8-80bb-08002789bf51",
        "archive": false,
        "dateOutputArchive": "0001-01-01T00:00:00Z",
        "thisGroup": false,
        "parent": "78ddabe5-ca67-11e5-826c-605718cb5baa",
        "bic": "044525641",
        "swift": "",
        "name": "ФИЛИАЛ 1 ООО КБ \"ЦЕНТРАЛЬНО-ЕВРОПЕЙСКИЙ БАНК\"",
        "corrAccount": "30101810245250000641",
        "address": "ПРОЕКТ-Й 4062Й ПР-Д, 6, СТР 16",
        "city": "Г. МОСКВА",
        "phones": "(495)6625665",
        "country": "4e127564-d74f-4dd9-bced-0327f0f4e061",
        "countryCode": "643",
        "activityDiscontinued": false
    },
    {
        "guid": "a38a1aa9-d82b-11e8-80bb-08002789bf51",
        "archive": false,
        "dateOutputArchive": "0001-01-01T00:00:00Z",
        "thisGroup": false,
        "parent": "78ddac17-ca67-11e5-826c-605718cb5baa",
        "bic": "046015946",
        "swift": "",
        "name": "ПАО \"ТАГАНРОГБАНК\"",
        "corrAccount": "30101810960150000946",
        "address": "УЛ. ГРЕЧЕСКАЯ, 71 ТЕЛ.(8634)31",
        "city": "Г. ТАГАНРОГ",
        "phones": "",
        "country": "4e127564-d74f-4dd9-bced-0327f0f4e061",
        "countryCode": "643",
        "activityDiscontinued": false
    },
    {
        "guid": "a38a1aaa-d82b-11e8-80bb-08002789bf51",
        "archive": false,
        "dateOutputArchive": "0001-01-01T00:00:00Z",
        "thisGroup": false,
        "parent": "78ddabe5-ca67-11e5-826c-605718cb5baa",
        "bic": "044525646",
        "swift": "",
        "name": "НКО НКЦ (АО)",
        "corrAccount": "30103810345250000646",
        "address": "Б. КИСЛОВСКИЙ ПЕР, 13",
        "city": "Г. МОСКВА",
        "phones": "(495)7829794",
        "country": "4e127564-d74f-4dd9-bced-0327f0f4e061",
        "countryCode": "643",
        "activityDiscontinued": false
    },
    {
        "guid": "a38a1aab-d82b-11e8-80bb-08002789bf51",
        "archive": false,
        "dateOutputArchive": "0001-01-01T00:00:00Z",
        "thisGroup": false,
        "parent": "78ddac07-ca67-11e5-826c-605718cb5baa",
        "bic": "045004841",
        "swift": "",
        "name": "НОВОСИБИРСКИЙ ФИЛИАЛ ТКБ БАНК ПАО",
        "corrAccount": "30101810250040000841",
        "address": "УЛ КОММУНИСТИЧЕСКАЯ, 35",
        "city": "Г. НОВОСИБИРСК",
        "phones": "(383)3252500,3252660",
        "country": "4e127564-d74f-4dd9-bced-0327f0f4e061",
        "countryCode": "643",
        "activityDiscontinued": false
    },
    {
        "guid": "a38a1aac-d82b-11e8-80bb-08002789bf51",
        "archive": false,
        "dateOutputArchive": "0001-01-01T00:00:00Z",
        "thisGroup": false,
        "parent": "78ddac07-ca67-11e5-826c-605718cb5baa",
        "bic": "045004846",
        "swift": "",
        "name": "Ф-Л \"НОВОСИБИРСК\" АКБ \"РОСЕВРОБАНК\" (АО)",
        "corrAccount": "30101810750040000846",
        "address": "УЛ ФРУНЗЕ, 5",
        "city": "Г. НОВОСИБИРСК",
        "phones": "(383)2020750",
        "country": "4e127564-d74f-4dd9-bced-0327f0f4e061",
        "countryCode": "643",
        "activityDiscontinued": false
    },
    {
        "guid": "a38a1aad-d82b-11e8-80bb-08002789bf51",
        "archive": false,
        "dateOutputArchive": "0001-01-01T00:00:00Z",
        "thisGroup": false,
        "parent": "78ddac07-ca67-11e5-826c-605718cb5baa",
        "bic": "045004845",
        "swift": "",
        "name": "ФИЛИАЛ \"НОВОСИБИРСКИЙ\" ПАО КБ \"УБРИР\"",
        "corrAccount": "30101810450040000845",
        "address": "УЛ ВОКЗАЛЬНАЯ МАГИСТРАЛЬ, 1",
        "city": "Г. НОВОСИБИРСК",
        "phones": "(383)2201141,2201181",
        "country": "4e127564-d74f-4dd9-bced-0327f0f4e061",
        "countryCode": "643",
        "activityDiscontinued": false
    },
    {
        "guid": "a38a1aae-d82b-11e8-80bb-08002789bf51",
        "archive": false,
        "dateOutputArchive": "0001-01-01T00:00:00Z",
        "thisGroup": false,
        "parent": "78ddac07-ca67-11e5-826c-605718cb5baa",
        "bic": "045004833",
        "swift": "",
        "name": "НОВОСИБИРСКИЙ ФИЛИАЛ ООО \"БАНК БКФ\"",
        "corrAccount": "30101810750040000833",
        "address": "ПР-Т ДИМИТРОВА, 4/1",
        "city": "Г. НОВОСИБИРСК",
        "phones": "(383)3191118,3191116",
        "country": "4e127564-d74f-4dd9-bced-0327f0f4e061",
        "countryCode": "643",
        "activityDiscontinued": false
    },
    {
        "guid": "aaaf21b4-d82b-11e8-80bb-08002789bf51",
        "archive": false,
        "dateOutputArchive": "0001-01-01T00:00:00Z",
        "thisGroup": false,
        "parent": "78ddac07-ca67-11e5-826c-605718cb5baa",
        "bic": "045004818",
        "swift": "",
        "name": "НОВОСИБИРСКИЙ ФИЛИАЛ АО ЮНИКРЕДИТ БАНКА",
        "corrAccount": "30101810050040000818",
        "address": "УЛ МАКСИМА ГОРЬКОГО, 53",
        "city": "Г. НОВОСИБИРСК",
        "phones": "(383)2300163",
        "country": "4e127564-d74f-4dd9-bced-0327f0f4e061",
        "countryCode": "643",
        "activityDiscontinued": false
    },
    {
        "guid": "aaaf21b5-d82b-11e8-80bb-08002789bf51",
        "archive": false,
        "dateOutputArchive": "0001-01-01T00:00:00Z",
        "thisGroup": false,
        "parent": "78ddabeb-ca67-11e5-826c-605718cb5baa",
        "bic": "040715725",
        "swift": "",
        "name": "ООО \"РУСБС\"",
        "corrAccount": "30101810107150000725",
        "address": "УЛ ГАГАРИНА, 148",
        "city": "СТ-ЦА ЕССЕНТУКСКАЯ",
        "phones": "(87961)51171,24177,50987",
        "country": "4e127564-d74f-4dd9-bced-0327f0f4e061",
        "countryCode": "643",
        "activityDiscontinued": false
    },
    {
        "guid": "aaaf21b6-d82b-11e8-80bb-08002789bf51",
        "archive": false,
        "dateOutputArchive": "0001-01-01T00:00:00Z",
        "thisGroup": false,
        "parent": "78ddac0f-ca67-11e5-826c-605718cb5baa",
        "bic": "040349789",
        "swift": "",
        "name": "ООО КБ \"ГТ БАНК\"",
        "corrAccount": "30101810303490000789",
        "address": "УЛ СЕВЕРНАЯ, 321",
        "city": "Г. КРАСНОДАР",
        "phones": "(861)2790305,2791744",
        "country": "4e127564-d74f-4dd9-bced-0327f0f4e061",
        "countryCode": "643",
        "activityDiscontinued": false
    },
    {
        "guid": "aaaf21b7-d82b-11e8-80bb-08002789bf51",
        "archive": false,
        "dateOutputArchive": "0001-01-01T00:00:00Z",
        "thisGroup": false,
        "parent": "78ddac00-ca67-11e5-826c-605718cb5baa",
        "bic": "048209848",
        "swift": "",
        "name": "КУ ООО КБ \"ПРЕСТИЖКРЕДИТБАНК\" ГК \"АСВ\"",
        "corrAccount": "30101810282090000848",
        "address": "УЛ КАММАЕВА, 19, К \"Ж\"",
        "city": "Г. МАХАЧКАЛА",
        "phones": "(8722)561920,561921",
        "country": "4e127564-d74f-4dd9-bced-0327f0f4e061",
        "countryCode": "643",
        "activityDiscontinued": false
    },
    {
        "guid": "aaaf21b8-d82b-11e8-80bb-08002789bf51",
        "archive": false,
        "dateOutputArchive": "0001-01-01T00:00:00Z",
        "thisGroup": false,
        "parent": "78ddac98-ca67-11e5-826c-605718cb5baa",
        "bic": "041117785",
        "swift": "",
        "name": "Ф-л \"Космодром-Плесецк\" АО \"ФОНДСЕРВИСБАНК\"",
        "corrAccount": "30101810540300011785",
        "address": "УЛ. ПУШКИНА, Д. 3",
        "city": "Г. МИРНЫЙ",
        "phones": "",
        "country": "4e127564-d74f-4dd9-bced-0327f0f4e061",
        "countryCode": "643",
        "activityDiscontinued": false
    },
    {
        "guid": "aaaf21b9-d82b-11e8-80bb-08002789bf51",
        "archive": false,
        "dateOutputArchive": "0001-01-01T00:00:00Z",
        "thisGroup": false,
        "parent": "78ddac34-ca67-11e5-826c-605718cb5baa",
        "bic": "046489002",
        "swift": "",
        "name": "ПУ БАНКА РОССИИ ОХОТСКОЕ",
        "corrAccount": "",
        "address": "УЛ ГНЕЧКО, 1",
        "city": "ПГТ ЮЖНО-КУРИЛЬСК",
        "phones": "",
        "country": "4e127564-d74f-4dd9-bced-0327f0f4e061",
        "countryCode": "643",
        "activityDiscontinued": false
    },
    {
        "guid": "78ddac57-ca67-11e5-826c-605718cb5baa",
        "archive": "",
        "dateOutputArchive": "",
        "thisGroup": true,
        "parent": "00000000-0000-0000-0000-000000000000",
        "bic": "27       ",
        "swift": "",
        "name": "КАЛИНИНГРАДСКАЯ ОБЛАСТЬ",
        "corrAccount": "",
        "address": "",
        "city": "",
        "phones": "",
        "country": "",
        "countryCode": "",
        "activityDiscontinued": ""
    },
    {
        "guid": "aaaf21ba-d82b-11e8-80bb-08002789bf51",
        "archive": false,
        "dateOutputArchive": "0001-01-01T00:00:00Z",
        "thisGroup": false,
        "parent": "78ddabfd-ca67-11e5-826c-605718cb5baa",
        "bic": "046311926",
        "swift": "",
        "name": "АО РНКО \"СИНЕРГИЯ\"",
        "corrAccount": "30103810622026311926",
        "address": "Г. САРАТОВ, УЛ. РАБОЧАЯ, 27",
        "city": "Г. САРАТОВ",
        "phones": "",
        "country": "4e127564-d74f-4dd9-bced-0327f0f4e061",
        "countryCode": "643",
        "activityDiscontinued": false
    },
    {
        "guid": "aaaf21bb-d82b-11e8-80bb-08002789bf51",
        "archive": false,
        "dateOutputArchive": "0001-01-01T00:00:00Z",
        "thisGroup": false,
        "parent": "78ddac0f-ca67-11e5-826c-605718cb5baa",
        "bic": "040349744",
        "swift": "",
        "name": "КРАСНОДАРСКИЙ ФИЛИАЛ ПАО РОСБАНК",
        "corrAccount": "30101810403490000744",
        "address": "УЛ ОЛИМПИЙСКАЯ, 8",
        "city": "Г. КРАСНОДАР",
        "phones": "(861)2739730,2739731",
        "country": "4e127564-d74f-4dd9-bced-0327f0f4e061",
        "countryCode": "643",
        "activityDiscontinued": false
    },
    {
        "guid": "aaaf21bc-d82b-11e8-80bb-08002789bf51",
        "archive": false,
        "dateOutputArchive": "0001-01-01T00:00:00Z",
        "thisGroup": false,
        "parent": "78ddac07-ca67-11e5-826c-605718cb5baa",
        "bic": "045004796",
        "swift": "",
        "name": "ФИЛИАЛ \"НОВОСИБИРСК\" КБ \"ЛОКО-БАНК\" (АО)",
        "corrAccount": "30101810350040000796",
        "address": "УЛ ЛЕНИНА, 52",
        "city": "Г. НОВОСИБИРСК",
        "phones": "(383)2380740,2380750",
        "country": "4e127564-d74f-4dd9-bced-0327f0f4e061",
        "countryCode": "643",
        "activityDiscontinued": false
    },
    {
        "guid": "aaaf21bd-d82b-11e8-80bb-08002789bf51",
        "archive": false,
        "dateOutputArchive": "0001-01-01T00:00:00Z",
        "thisGroup": false,
        "parent": "78ddac17-ca67-11e5-826c-605718cb5baa",
        "bic": "046015080",
        "swift": "",
        "name": "РОСТОВСКИЙ ФИЛИАЛ ПАО \"РГС БАНК\"",
        "corrAccount": "30101810460150000080",
        "address": "УЛ ГОРОДА ВОЛОС, 11/81-83/34",
        "city": "Г. РОСТОВ-НА-ДОНУ",
        "phones": "(863)2370660",
        "country": "4e127564-d74f-4dd9-bced-0327f0f4e061",
        "countryCode": "643",
        "activityDiscontinued": false
    },
    {
        "guid": "aaaf21be-d82b-11e8-80bb-08002789bf51",
        "archive": false,
        "dateOutputArchive": "0001-01-01T00:00:00Z",
        "thisGroup": false,
        "parent": "78ddac07-ca67-11e5-826c-605718cb5baa",
        "bic": "045004785",
        "swift": "",
        "name": "НОВОСИБИРСКИЙ Ф-Л ПАО АКБ \"МЕТАЛЛИНВЕСТБАНК\"",
        "corrAccount": "30101810950040000785",
        "address": "УЛ СОВЕТСКАЯ, 8",
        "city": "Г. НОВОСИБИРСК",
        "phones": "(383)2091447,2091446",
        "country": "4e127564-d74f-4dd9-bced-0327f0f4e061",
        "countryCode": "643",
        "activityDiscontinued": false
    },
    {
        "guid": "aaaf21bf-d82b-11e8-80bb-08002789bf51",
        "archive": false,
        "dateOutputArchive": "0001-01-01T00:00:00Z",
        "thisGroup": false,
        "parent": "78ddac17-ca67-11e5-826c-605718cb5baa",
        "bic": "046015081",
        "swift": "",
        "name": "РОСТОВСКИЙ ФИЛИАЛ АО ЮНИКРЕДИТ БАНКА",
        "corrAccount": "30101810760150000081",
        "address": "УЛ СОЦИАЛИСТИЧЕСКАЯ, 58/51",
        "city": "Г. РОСТОВ-НА-ДОНУ",
        "phones": "(863)2630900,2630906",
        "country": "4e127564-d74f-4dd9-bced-0327f0f4e061",
        "countryCode": "643",
        "activityDiscontinued": false
    },
    {
        "guid": "aaaf21c0-d82b-11e8-80bb-08002789bf51",
        "archive": false,
        "dateOutputArchive": "0001-01-01T00:00:00Z",
        "thisGroup": false,
        "parent": "78ddac07-ca67-11e5-826c-605718cb5baa",
        "bic": "045004789",
        "swift": "",
        "name": "ФИЛИАЛ БАНКА МБСП (АО) В НОВОСИБИРСКЕ",
        "corrAccount": "30101810150040000789",
        "address": "ПР-Т ДИМИТРОВА, 12",
        "city": "Г. НОВОСИБИРСК",
        "phones": "(383)3734340,3734341",
        "country": "4e127564-d74f-4dd9-bced-0327f0f4e061",
        "countryCode": "643",
        "activityDiscontinued": false
    },
    {
        "guid": "aaaf21c1-d82b-11e8-80bb-08002789bf51",
        "archive": false,
        "dateOutputArchive": "0001-01-01T00:00:00Z",
        "thisGroup": false,
        "parent": "78ddac17-ca67-11e5-826c-605718cb5baa",
        "bic": "046015088",
        "swift": "SJSCRUMMRND",
        "name": "ФИЛИАЛ \"СДМ-БАНК\" (ПАО) В Г. РОСТОВ-НА-ДОНУ",
        "corrAccount": "30101810860150000088",
        "address": "УЛ КАТАЕВА, 293",
        "city": "Г. РОСТОВ-НА-ДОНУ",
        "phones": "(863)2197712,2197714",
        "country": "4e127564-d74f-4dd9-bced-0327f0f4e061",
        "countryCode": "643",
        "activityDiscontinued": false
    },
    {
        "guid": "aaaf21c2-d82b-11e8-80bb-08002789bf51",
        "archive": false,
        "dateOutputArchive": "0001-01-01T00:00:00Z",
        "thisGroup": false,
        "parent": "78ddac07-ca67-11e5-826c-605718cb5baa",
        "bic": "045004778",
        "swift": "",
        "name": "ФИЛИАЛ БАНКА \"ВБРР\" (АО) В Г.НОВОСИБИРСКЕ",
        "corrAccount": "30101810750040000778",
        "address": "УЛ СИБРЕВКОМА, 2",
        "city": "Г. НОВОСИБИРСК",
        "phones": "(383)2302201",
        "country": "4e127564-d74f-4dd9-bced-0327f0f4e061",
        "countryCode": "643",
        "activityDiscontinued": false
    },
    {
        "guid": "aaaf21c3-d82b-11e8-80bb-08002789bf51",
        "archive": false,
        "dateOutputArchive": "0001-01-01T00:00:00Z",
        "thisGroup": false,
        "parent": "78ddac0f-ca67-11e5-826c-605718cb5baa",
        "bic": "040349758",
        "swift": "VTBRRUM2KD3",
        "name": "ФИЛИАЛ № 2351 БАНКА ВТБ (ПАО)",
        "corrAccount": "30101810703490000758",
        "address": "УЛ ИМ. ГОГОЛЯ, 68",
        "city": "Г. КРАСНОДАР",
        "phones": "(861)2126424,2125627",
        "country": "4e127564-d74f-4dd9-bced-0327f0f4e061",
        "countryCode": "643",
        "activityDiscontinued": false
    },
    {
        "guid": "aaaf21c4-d82b-11e8-80bb-08002789bf51",
        "archive": false,
        "dateOutputArchive": "0001-01-01T00:00:00Z",
        "thisGroup": false,
        "parent": "78ddac17-ca67-11e5-826c-605718cb5baa",
        "bic": "046015094",
        "swift": "",
        "name": "НОВОЧЕРКАССКИЙ ФИЛИАЛ АО \"ФОНДСЕРВИСБАНК\"",
        "corrAccount": "30101810760150000094",
        "address": "ПЛАТОВСКИЙ ПР-Т, 59 Б",
        "city": "Г. НОВОЧЕРКАССК",
        "phones": "(8635)240550",
        "country": "4e127564-d74f-4dd9-bced-0327f0f4e061",
        "countryCode": "643",
        "activityDiscontinued": false
    },
    {
        "guid": "aaaf21c5-d82b-11e8-80bb-08002789bf51",
        "archive": false,
        "dateOutputArchive": "0001-01-01T00:00:00Z",
        "thisGroup": false,
        "parent": "78ddac17-ca67-11e5-826c-605718cb5baa",
        "bic": "046015068",
        "swift": "",
        "name": "ДОНСКОЙ ФИЛИАЛ АО КБ \"СИТИБАНК\"",
        "corrAccount": "30101810660150000068",
        "address": "УЛ Б. САДОВАЯ, 124",
        "city": "Г. РОСТОВ-НА-ДОНУ",
        "phones": "(863)2040043,2040002",
        "country": "4e127564-d74f-4dd9-bced-0327f0f4e061",
        "countryCode": "643",
        "activityDiscontinued": false
    },
    {
        "guid": "aaaf21c6-d82b-11e8-80bb-08002789bf51",
        "archive": false,
        "dateOutputArchive": "0001-01-01T00:00:00Z",
        "thisGroup": false,
        "parent": "78ddac07-ca67-11e5-826c-605718cb5baa",
        "bic": "045004763",
        "swift": "",
        "name": "ФИЛИАЛ \"ЦЕНТРАЛЬНЫЙ\" ПАО \"СОВКОМБАНК\"",
        "corrAccount": "30101810150040000763",
        "address": "УЛ ПОПОВА, 11",
        "city": "Г. БЕРДСК",
        "phones": "(383)3340606",
        "country": "4e127564-d74f-4dd9-bced-0327f0f4e061",
        "countryCode": "643",
        "activityDiscontinued": false
    },
    {
        "guid": "aaaf21c7-d82b-11e8-80bb-08002789bf51",
        "archive": false,
        "dateOutputArchive": "0001-01-01T00:00:00Z",
        "thisGroup": false,
        "parent": "78ddac17-ca67-11e5-826c-605718cb5baa",
        "bic": "046015066",
        "swift": "",
        "name": "Ф-Л АО АКБ \"НОВИКОМБАНК\" В Г.РОСТОВЕ-НА-ДОНУ",
        "corrAccount": "30101810060150000066",
        "address": "УЛ КРАСНОАРМЕЙСКАЯ, 170/84",
        "city": "Г. РОСТОВ-НА-ДОНУ",
        "phones": "(863)2017777",
        "country": "4e127564-d74f-4dd9-bced-0327f0f4e061",
        "countryCode": "643",
        "activityDiscontinued": false
    },
    {
        "guid": "78ddabe0-ca67-11e5-826c-605718cb5baa",
        "archive": false,
        "dateOutputArchive": "0001-01-01T00:00:00Z",
        "thisGroup": false,
        "parent": "78ddabdf-ca67-11e5-826c-605718cb5baa",
        "bic": "049246920",
        "swift": "",
        "name": "НИЖНЕКАМСКИЙ ФАБ \"ДЕВОН-КРЕДИТ\" (ПАО)",
        "corrAccount": "30101810700000000920",
        "address": "",
        "city": "Г. НИЖНЕКАМСК",
        "phones": "",
        "country": "00000000-0000-0000-0000-000000000000",
        "countryCode": "",
        "activityDiscontinued": true
    },
    {
        "guid": "aaaf21c8-d82b-11e8-80bb-08002789bf51",
        "archive": false,
        "dateOutputArchive": "0001-01-01T00:00:00Z",
        "thisGroup": false,
        "parent": "78ddac17-ca67-11e5-826c-605718cb5baa",
        "bic": "046015064",
        "swift": "",
        "name": "ЮЖНЫЙ ФИЛИАЛ АО \"БАНК ИНТЕЗА\"",
        "corrAccount": "30101810460150000064",
        "address": "ВОРОШИЛОВСКИЙ ПР-Т, 48",
        "city": "Г. РОСТОВ-НА-ДОНУ",
        "phones": "(863)2318377,2318388",
        "country": "4e127564-d74f-4dd9-bced-0327f0f4e061",
        "countryCode": "643",
        "activityDiscontinued": false
    },
    {
        "guid": "aaaf21c9-d82b-11e8-80bb-08002789bf51",
        "archive": false,
        "dateOutputArchive": "0001-01-01T00:00:00Z",
        "thisGroup": false,
        "parent": "78ddac17-ca67-11e5-826c-605718cb5baa",
        "bic": "046015065",
        "swift": "JSNMRUMMRND",
        "name": "РОСТОВСКИЙ ФИЛИАЛ ПАО БАНКА \"ФК ОТКРЫТИЕ\"",
        "corrAccount": "30101810760150000065",
        "address": "УЛ ТЕКУЧЕВА, 234",
        "city": "Г. РОСТОВ-НА-ДОНУ",
        "phones": "(863)2009099",
        "country": "4e127564-d74f-4dd9-bced-0327f0f4e061",
        "countryCode": "643",
        "activityDiscontinued": true
    },
    {
        "guid": "aaaf21ca-d82b-11e8-80bb-08002789bf51",
        "archive": false,
        "dateOutputArchive": "0001-01-01T00:00:00Z",
        "thisGroup": false,
        "parent": "78ddac17-ca67-11e5-826c-605718cb5baa",
        "bic": "046015060",
        "swift": "",
        "name": "ФИЛИАЛ АО \"ГЕНБАНК\" В Г.РОСТОВ-НА-ДОНУ",
        "corrAccount": "30101810260150000060",
        "address": "УЛ ПУШКИНСКАЯ, 94",
        "city": "Г. РОСТОВ-НА-ДОНУ",
        "phones": "(863)2999333",
        "country": "4e127564-d74f-4dd9-bced-0327f0f4e061",
        "countryCode": "643",
        "activityDiscontinued": false
    },
    {
        "guid": "aaaf21cb-d82b-11e8-80bb-08002789bf51",
        "archive": false,
        "dateOutputArchive": "0001-01-01T00:00:00Z",
        "thisGroup": false,
        "parent": "78ddac17-ca67-11e5-826c-605718cb5baa",
        "bic": "046015061",
        "swift": "",
        "name": "ФИЛИАЛ ЮЖНЫЙ ПАО БАНКА \"ФК ОТКРЫТИЕ\"",
        "corrAccount": "30101810560150000061",
        "address": "УЛ ГОРОДА ВОЛОС, 112/130",
        "city": "Г. РОСТОВ-НА-ДОНУ",
        "phones": "(863)2688901",
        "country": "4e127564-d74f-4dd9-bced-0327f0f4e061",
        "countryCode": "643",
        "activityDiscontinued": false
    },
    {
        "guid": "aaaf21cc-d82b-11e8-80bb-08002789bf51",
        "archive": false,
        "dateOutputArchive": "0001-01-01T00:00:00Z",
        "thisGroup": false,
        "parent": "78ddabe7-ca67-11e5-826c-605718cb5baa",
        "bic": "040507750",
        "swift": "",
        "name": "АО \"РОЯЛ КРЕДИТ БАНК\"",
        "corrAccount": "30101810105070000750",
        "address": "ПР-Т 100ЛЕТ ВЛАДИ-КА, 155 - 1Б",
        "city": "Г. ВЛАДИВОСТОК",
        "phones": "(423)2308871,2308870",
        "country": "4e127564-d74f-4dd9-bced-0327f0f4e061",
        "countryCode": "643",
        "activityDiscontinued": false
    },
    {
        "guid": "aaaf21cd-d82b-11e8-80bb-08002789bf51",
        "archive": false,
        "dateOutputArchive": "0001-01-01T00:00:00Z",
        "thisGroup": false,
        "parent": "78ddac17-ca67-11e5-826c-605718cb5baa",
        "bic": "046015078",
        "swift": "ZEMCRU22XXX",
        "name": "ООО \"ЗЕМКОМБАНК\"",
        "corrAccount": "30101810760150000078",
        "address": "УЛ МАЛЮГИНОЙ, 233",
        "city": "Г. РОСТОВ-НА-ДОНУ",
        "phones": "(863)2800064",
        "country": "4e127564-d74f-4dd9-bced-0327f0f4e061",
        "countryCode": "643",
        "activityDiscontinued": false
    },
    {
        "guid": "aaaf21ce-d82b-11e8-80bb-08002789bf51",
        "archive": false,
        "dateOutputArchive": "0001-01-01T00:00:00Z",
        "thisGroup": false,
        "parent": "78ddac17-ca67-11e5-826c-605718cb5baa",
        "bic": "046015075",
        "swift": "",
        "name": "РОСТОВСКИЙ ФИЛИАЛ ЦМРБАНК (ООО)",
        "corrAccount": "30101810860150000075",
        "address": "УЛ ПУШКИНСКАЯ, 105/79",
        "city": "Г. РОСТОВ-НА-ДОНУ",
        "phones": "(863)2695710",
        "country": "4e127564-d74f-4dd9-bced-0327f0f4e061",
        "countryCode": "643",
        "activityDiscontinued": false
    },
    {
        "guid": "aaaf21cf-d82b-11e8-80bb-08002789bf51",
        "archive": false,
        "dateOutputArchive": "0001-01-01T00:00:00Z",
        "thisGroup": false,
        "parent": "78ddac17-ca67-11e5-826c-605718cb5baa",
        "bic": "046015074",
        "swift": "",
        "name": "ФИЛИАЛ \"РОСТОВ-НА-ДОНУ\" КБ \"ЛОКО-БАНК\" (АО)",
        "corrAccount": "30101810560150000074",
        "address": "УЛ МАКСИМА ГОРЬКОГО, 123/67",
        "city": "Г. РОСТОВ-НА-ДОНУ",
        "phones": "(863)2192772",
        "country": "4e127564-d74f-4dd9-bced-0327f0f4e061",
        "countryCode": "643",
        "activityDiscontinued": false
    },
    {
        "guid": "aaaf21d0-d82b-11e8-80bb-08002789bf51",
        "archive": false,
        "dateOutputArchive": "0001-01-01T00:00:00Z",
        "thisGroup": false,
        "parent": "78ddac17-ca67-11e5-826c-605718cb5baa",
        "bic": "046015051",
        "swift": "",
        "name": "Ф-Л АКБ \"ФОРА-БАНК\" (АО) В Г.РОСТОВ-НА-ДОНУ",
        "corrAccount": "30101810460150000051",
        "address": "УЛ ПУШКИНСКАЯ, 117",
        "city": "Г. РОСТОВ-НА-ДОНУ",
        "phones": "(863)2403640",
        "country": "4e127564-d74f-4dd9-bced-0327f0f4e061",
        "countryCode": "643",
        "activityDiscontinued": false
    },
    {
        "guid": "aaaf21d1-d82b-11e8-80bb-08002789bf51",
        "archive": false,
        "dateOutputArchive": "0001-01-01T00:00:00Z",
        "thisGroup": false,
        "parent": "78ddac17-ca67-11e5-826c-605718cb5baa",
        "bic": "046015052",
        "swift": "",
        "name": "ООО КБ \"РОСТФИНАНС\"",
        "corrAccount": "30101810760150000052",
        "address": "УЛ КРАСНОАРМЕЙСКАЯ, 166 А",
        "city": "Г. РОСТОВ-НА-ДОНУ",
        "phones": "(863)2870058",
        "country": "4e127564-d74f-4dd9-bced-0327f0f4e061",
        "countryCode": "643",
        "activityDiscontinued": false
    },
    {
        "guid": "78ddac7b-ca67-11e5-826c-605718cb5baa",
        "archive": false,
        "dateOutputArchive": "0001-01-01T00:00:00Z",
        "thisGroup": false,
        "parent": "78ddac02-ca67-11e5-826c-605718cb5baa",
        "bic": "042809974",
        "swift": "",
        "name": "ТВЕФ ПАО \"БИНБАНК\"",
        "corrAccount": "30101810900000000974",
        "address": "",
        "city": "Г. ТВЕРЬ",
        "phones": "",
        "country": "00000000-0000-0000-0000-000000000000",
        "countryCode": "",
        "activityDiscontinued": true
    },
    {
        "guid": "aaaf21d2-d82b-11e8-80bb-08002789bf51",
        "archive": false,
        "dateOutputArchive": "0001-01-01T00:00:00Z",
        "thisGroup": false,
        "parent": "78ddac17-ca67-11e5-826c-605718cb5baa",
        "bic": "046015050",
        "swift": "",
        "name": "ФИЛИАЛ № 1 ПАО МОСОБЛБАНК",
        "corrAccount": "30101810160150000050",
        "address": "КОММУНИСТИЧЕСКИЙ ПР-Т, 51",
        "city": "Г. РОСТОВ-НА-ДОНУ",
        "phones": "(863)3009637",
        "country": "4e127564-d74f-4dd9-bced-0327f0f4e061",
        "countryCode": "643",
        "activityDiscontinued": false
    },
    {
        "guid": "aaaf21d3-d82b-11e8-80bb-08002789bf51",
        "archive": false,
        "dateOutputArchive": "0001-01-01T00:00:00Z",
        "thisGroup": false,
        "parent": "78ddabf2-ca67-11e5-826c-605718cb5baa",
        "bic": "043601728",
        "swift": "",
        "name": "САМАРСКИЙ ФИЛИАЛ ПАО \"НЕВСКИЙ БАНК\"",
        "corrAccount": "30101810222023601728",
        "address": "6 ПРОСЕКА, 125",
        "city": "Г. САМАРА",
        "phones": "(846)2011100",
        "country": "4e127564-d74f-4dd9-bced-0327f0f4e061",
        "countryCode": "643",
        "activityDiscontinued": false
    },
    {
        "guid": "aaaf21d4-d82b-11e8-80bb-08002789bf51",
        "archive": false,
        "dateOutputArchive": "0001-01-01T00:00:00Z",
        "thisGroup": false,
        "parent": "78ddabe9-ca67-11e5-826c-605718cb5baa",
        "bic": "042520764",
        "swift": "",
        "name": "КОНКУРСНЫЙ УПРАВЛЯЮЩИЙ \"ВЛБАНК\" (АО)-ГК \"АСВ\"",
        "corrAccount": "30101810450040000764",
        "address": "УЛ КИРОВА, 85 А",
        "city": "Г. УСТЬ-КУТ",
        "phones": "(3952)289500",
        "country": "4e127564-d74f-4dd9-bced-0327f0f4e061",
        "countryCode": "643",
        "activityDiscontinued": false
    },
    {
        "guid": "aaaf21d5-d82b-11e8-80bb-08002789bf51",
        "archive": false,
        "dateOutputArchive": "0001-01-01T00:00:00Z",
        "thisGroup": false,
        "parent": "78ddabe9-ca67-11e5-826c-605718cb5baa",
        "bic": "042520767",
        "swift": "",
        "name": "АНГАРСКИЙ ФИЛИАЛ АО \"ИТ БАНК\"",
        "corrAccount": "30101810350040000767",
        "address": "29-ЫЙ МКР, 15 А",
        "city": "Г. АНГАРСК",
        "phones": "(3955)671921,564004",
        "country": "4e127564-d74f-4dd9-bced-0327f0f4e061",
        "countryCode": "643",
        "activityDiscontinued": false
    },
    {
        "guid": "78ddabe1-ca67-11e5-826c-605718cb5baa",
        "archive": "",
        "dateOutputArchive": "",
        "thisGroup": true,
        "parent": "00000000-0000-0000-0000-000000000000",
        "bic": "40       ",
        "swift": "",
        "name": "Г САНКТ-ПЕТЕРБУРГ",
        "corrAccount": "",
        "address": "",
        "city": "",
        "phones": "",
        "country": "",
        "countryCode": "",
        "activityDiscontinued": ""
    },
    {
        "guid": "aaaf21d6-d82b-11e8-80bb-08002789bf51",
        "archive": false,
        "dateOutputArchive": "0001-01-01T00:00:00Z",
        "thisGroup": false,
        "parent": "78ddac34-ca67-11e5-826c-605718cb5baa",
        "bic": "046401888",
        "swift": "KHZARU99XXX",
        "name": "АО \"БАНК ХОЛМСК\"",
        "corrAccount": "30101810064010000888",
        "address": "УЛ ЛЕНИНА, 304 Г",
        "city": "Г. ЮЖНО-САХАЛИНСК",
        "phones": "(4242)245858",
        "country": "4e127564-d74f-4dd9-bced-0327f0f4e061",
        "countryCode": "643",
        "activityDiscontinued": false
    },
    {
        "guid": "bbea4eb4-fc53-11e8-80c5-08002789bf51",
        "archive": false,
        "dateOutputArchive": "0001-01-01T00:00:00Z",
        "thisGroup": false,
        "parent": "78ddabe5-ca67-11e5-826c-605718cb5baa",
        "bic": "044525360",
        "swift": "",
        "name": "Филиал \"Корпоративный\" ПАО \"Совкомбанк\"",
        "corrAccount": "30101810445250000360",
        "address": "УЛ. ВАВИЛОВА, Д. 24",
        "city": "Г. МОСКВА",
        "phones": "",
        "country": "4e127564-d74f-4dd9-bced-0327f0f4e061",
        "countryCode": "643",
        "activityDiscontinued": false
    },
    {
        "guid": "bbea4eb5-fc53-11e8-80c5-08002789bf51",
        "archive": false,
        "dateOutputArchive": "0001-01-01T00:00:00Z",
        "thisGroup": false,
        "parent": "78ddabe1-ca67-11e5-826c-605718cb5baa",
        "bic": "044030800",
        "swift": "",
        "name": "Ф-Л СПБ № 2 ПАО БАНК \"ФК ОТКРЫТИЕ\"",
        "corrAccount": "30101810040300000800",
        "address": "НАБ. ОБВОДНОГО КАНАЛА, Д. 90,",
        "city": "Г. САНКТ-ПЕТЕРБУРГ",
        "phones": "",
        "country": "4e127564-d74f-4dd9-bced-0327f0f4e061",
        "countryCode": "643",
        "activityDiscontinued": false
    },
    {
        "guid": "bbea4eb6-fc53-11e8-80c5-08002789bf51",
        "archive": false,
        "dateOutputArchive": "0001-01-01T00:00:00Z",
        "thisGroup": false,
        "parent": "78ddac49-ca67-11e5-826c-605718cb5baa",
        "bic": "047308988",
        "swift": "",
        "name": "Ф-л Ульяновский № 2 ПАО Банк \"ФК Открытие\"",
        "corrAccount": "30101810122027300988",
        "address": "УЛ. АЛЕКСАНДРА МАТРОСОВА, Д 33",
        "city": "Г. УЛЬЯНОВСК",
        "phones": "",
        "country": "4e127564-d74f-4dd9-bced-0327f0f4e061",
        "countryCode": "643",
        "activityDiscontinued": false
    },
    {
        "guid": "bbea4eb7-fc53-11e8-80c5-08002789bf51",
        "archive": false,
        "dateOutputArchive": "0001-01-01T00:00:00Z",
        "thisGroup": false,
        "parent": "78ddac07-ca67-11e5-826c-605718cb5baa",
        "bic": "045004051",
        "swift": "",
        "name": "Новосибирский филиал РНКО \"Р-ИНКАС\" (ООО)",
        "corrAccount": "30103810450045004051",
        "address": "УЛ. ДМИТРИЯ ДОНСКОГО, 11",
        "city": "Г. НОВОСИБИРСК",
        "phones": "",
        "country": "4e127564-d74f-4dd9-bced-0327f0f4e061",
        "countryCode": "643",
        "activityDiscontinued": false
    },
    {
        "guid": "bbea4eb8-fc53-11e8-80c5-08002789bf51",
        "archive": false,
        "dateOutputArchive": "0001-01-01T00:00:00Z",
        "thisGroup": false,
        "parent": "78ddabe5-ca67-11e5-826c-605718cb5baa",
        "bic": "044525980",
        "swift": "",
        "name": "Ф-л Мск (Диджитал) ПАО Банк \"ФК Открытие\"",
        "corrAccount": "30101810045250000980",
        "address": "УЛ. ПЕТРОВКА, Д. 24, СТР. 1",
        "city": "Г. МОСКВА",
        "phones": "",
        "country": "4e127564-d74f-4dd9-bced-0327f0f4e061",
        "countryCode": "643",
        "activityDiscontinued": false
    },
    {
        "guid": "bbea4eb9-fc53-11e8-80c5-08002789bf51",
        "archive": false,
        "dateOutputArchive": "0001-01-01T00:00:00Z",
        "thisGroup": false,
        "parent": "78ddabeb-ca67-11e5-826c-605718cb5baa",
        "bic": "040702751",
        "swift": "",
        "name": "Ф-Л СТАВРОПОЛЬСКИЙ №2 ПАО БАНК \"ФК ОТКРЫТИЕ\"",
        "corrAccount": "30101810007020000751",
        "address": "УЛ. ЛЕНИНА, 221",
        "city": "Г. СТАВРОПОЛЬ",
        "phones": "",
        "country": "4e127564-d74f-4dd9-bced-0327f0f4e061",
        "countryCode": "643",
        "activityDiscontinued": false
    },
    {
        "guid": "bbea4eba-fc53-11e8-80c5-08002789bf51",
        "archive": false,
        "dateOutputArchive": "0001-01-01T00:00:00Z",
        "thisGroup": false,
        "parent": "78ddac09-ca67-11e5-826c-605718cb5baa",
        "bic": "046577520",
        "swift": "",
        "name": "Ф-л Екб №2 ПАО Банк \"ФК Открытие\"",
        "corrAccount": "30101810065770000520",
        "address": "УЛ.ГОРЬКОГО, Д.45",
        "city": "Г. ЕКАТЕРИНБУРГ",
        "phones": "",
        "country": "4e127564-d74f-4dd9-bced-0327f0f4e061",
        "countryCode": "643",
        "activityDiscontinued": false
    },
    {
        "guid": "bbea4ebb-fc53-11e8-80c5-08002789bf51",
        "archive": false,
        "dateOutputArchive": "0001-01-01T00:00:00Z",
        "thisGroup": false,
        "parent": "78ddabe7-ca67-11e5-826c-605718cb5baa",
        "bic": "040507830",
        "swift": "",
        "name": "Ф-л Владивостокский №2 ПАО Банк \"ФК Открытие\"",
        "corrAccount": "30101810805070000830",
        "address": "ПР-КТ ОКЕАНСКИЙ, Д.123 Б",
        "city": "Г. ВЛАДИВОСТОК",
        "phones": "",
        "country": "4e127564-d74f-4dd9-bced-0327f0f4e061",
        "countryCode": "643",
        "activityDiscontinued": false
    },
    {
        "guid": "bbea4ebc-fc53-11e8-80c5-08002789bf51",
        "archive": false,
        "dateOutputArchive": "0001-01-01T00:00:00Z",
        "thisGroup": false,
        "parent": "78ddac17-ca67-11e5-826c-605718cb5baa",
        "bic": "046015084",
        "swift": "",
        "name": "Ф-л Ростовский №2 ПАО Банк \"ФК Открытие\"",
        "corrAccount": "30101810660150000084",
        "address": "ПР. ШОЛОХОВА, 32/65",
        "city": "Г. РОСТОВ-НА-ДОНУ",
        "phones": "",
        "country": "4e127564-d74f-4dd9-bced-0327f0f4e061",
        "countryCode": "643",
        "activityDiscontinued": false
    },
    {
        "guid": "bbea4ebd-fc53-11e8-80c5-08002789bf51",
        "archive": false,
        "dateOutputArchive": "0001-01-01T00:00:00Z",
        "thisGroup": false,
        "parent": "78ddac07-ca67-11e5-826c-605718cb5baa",
        "bic": "045004741",
        "swift": "",
        "name": "Ф-л Новосибирский №2 ПАО Банк \"ФК Открытие\"",
        "corrAccount": "30101810350040000741",
        "address": "УЛ. ЛЕНИНА, Д. 18",
        "city": "Г. НОВОСИБИРСК",
        "phones": "",
        "country": "4e127564-d74f-4dd9-bced-0327f0f4e061",
        "countryCode": "643",
        "activityDiscontinued": false
    },
    {
        "guid": "78ddabdc-ca67-11e5-826c-605718cb5baa",
        "archive": false,
        "dateOutputArchive": "0001-01-01T00:00:00Z",
        "thisGroup": false,
        "parent": "78ddabdb-ca67-11e5-826c-605718cb5baa",
        "bic": "043207757",
        "swift": "",
        "name": "ФИЛИАЛ N 11 ПАО МОСОБЛБАНК",
        "corrAccount": "30101810000000000757",
        "address": "УЛ ВЕСЕННЯЯ, 24",
        "city": "Г. КЕМЕРОВО",
        "phones": "(3842)363892",
        "country": "4e127564-d74f-4dd9-bced-0327f0f4e061",
        "countryCode": "643",
        "activityDiscontinued": false
    },
    {
        "guid": "78ddabdd-ca67-11e5-826c-605718cb5baa",
        "archive": "",
        "dateOutputArchive": "",
        "thisGroup": true,
        "parent": "00000000-0000-0000-0000-000000000000",
        "bic": "66       ",
        "swift": "",
        "name": "СМОЛЕНСКАЯ ОБЛАСТЬ",
        "corrAccount": "",
        "address": "",
        "city": "",
        "phones": "",
        "country": "",
        "countryCode": "",
        "activityDiscontinued": ""
    },
    {
        "guid": "78ddabde-ca67-11e5-826c-605718cb5baa",
        "archive": false,
        "dateOutputArchive": "0001-01-01T00:00:00Z",
        "thisGroup": false,
        "parent": "78ddabdd-ca67-11e5-826c-605718cb5baa",
        "bic": "046610000",
        "swift": "",
        "name": "РКЦ ВЯЗЬМА",
        "corrAccount": "",
        "address": "",
        "city": "Г. ВЯЗЬМА",
        "phones": "",
        "country": "00000000-0000-0000-0000-000000000000",
        "countryCode": "",
        "activityDiscontinued": true
    },
    {
        "guid": "78ddabdf-ca67-11e5-826c-605718cb5baa",
        "archive": "",
        "dateOutputArchive": "",
        "thisGroup": true,
        "parent": "00000000-0000-0000-0000-000000000000",
        "bic": "92       ",
        "swift": "",
        "name": "РЕСПУБЛИКА ТАТАРСТАН",
        "corrAccount": "",
        "address": "",
        "city": "",
        "phones": "",
        "country": "",
        "countryCode": "",
        "activityDiscontinued": ""
    },
    {
        "guid": "78ddabe2-ca67-11e5-826c-605718cb5baa",
        "archive": false,
        "dateOutputArchive": "0001-01-01T00:00:00Z",
        "thisGroup": false,
        "parent": "78ddabe1-ca67-11e5-826c-605718cb5baa",
        "bic": "044030743",
        "swift": "",
        "name": "САНКТ-ПЕТЕРБУРГСКИЙ ФИЛИАЛ ПАО \"АК БАНК\"",
        "corrAccount": "30101810300000000743",
        "address": "",
        "city": "Г. САНКТ-ПЕТЕРБУРГ",
        "phones": "",
        "country": "00000000-0000-0000-0000-000000000000",
        "countryCode": "",
        "activityDiscontinued": true
    },
    {
        "guid": "78ddabe3-ca67-11e5-826c-605718cb5baa",
        "archive": false,
        "dateOutputArchive": "0001-01-01T00:00:00Z",
        "thisGroup": false,
        "parent": "78ddabe1-ca67-11e5-826c-605718cb5baa",
        "bic": "044030708",
        "swift": "",
        "name": "САНКТ-ПЕТЕРБУРГСКИЙ ФИЛИАЛ АКБ \"НЗБАНК\",ОАО",
        "corrAccount": "30101810400000000708",
        "address": "",
        "city": "Г. САНКТ-ПЕТЕРБУРГ",
        "phones": "",
        "country": "00000000-0000-0000-0000-000000000000",
        "countryCode": "",
        "activityDiscontinued": true
    },
    {
        "guid": "78ddabe4-ca67-11e5-826c-605718cb5baa",
        "archive": false,
        "dateOutputArchive": "0001-01-01T00:00:00Z",
        "thisGroup": false,
        "parent": "78ddabe1-ca67-11e5-826c-605718cb5baa",
        "bic": "044030821",
        "swift": "",
        "name": "ФСКБ ПРИМОРЬЯ \"ПРИМСОЦБАНК\" В Г С-ПЕТЕРБУРГЕ",
        "corrAccount": "30101810400000000821",
        "address": "УЛ САДОВАЯ, 40 ЛИТ Б",
        "city": "Г. САНКТ-ПЕТЕРБУРГ",
        "phones": "(812)4934900",
        "country": "4e127564-d74f-4dd9-bced-0327f0f4e061",
        "countryCode": "643",
        "activityDiscontinued": false
    },
    {
        "guid": "78ddabe5-ca67-11e5-826c-605718cb5baa",
        "archive": "",
        "dateOutputArchive": "",
        "thisGroup": true,
        "parent": "00000000-0000-0000-0000-000000000000",
        "bic": "45       ",
        "swift": "",
        "name": "Г МОСКВА",
        "corrAccount": "",
        "address": "",
        "city": "",
        "phones": "",
        "country": "",
        "countryCode": "",
        "activityDiscontinued": ""
    },
    {
        "guid": "78ddabe6-ca67-11e5-826c-605718cb5baa",
        "archive": false,
        "dateOutputArchive": "0001-01-01T00:00:00Z",
        "thisGroup": false,
        "parent": "78ddabe5-ca67-11e5-826c-605718cb5baa",
        "bic": "044525461",
        "swift": "",
        "name": "КУ АКБ \"БЕНИФИТ-БАНК\" (ЗАО) - ГК \"АСВ\"",
        "corrAccount": "30101810645250000461",
        "address": "УЛ ВЫСОЦКОГО, 4",
        "city": "Г. МОСКВА",
        "phones": "(495)9612526",
        "country": "4e127564-d74f-4dd9-bced-0327f0f4e061",
        "countryCode": "643",
        "activityDiscontinued": false
    },
    {
        "guid": "78ddabe7-ca67-11e5-826c-605718cb5baa",
        "archive": "",
        "dateOutputArchive": "",
        "thisGroup": true,
        "parent": "00000000-0000-0000-0000-000000000000",
        "bic": "05       ",
        "swift": "",
        "name": "ПРИМОРСКИЙ КРАЙ",
        "corrAccount": "",
        "address": "",
        "city": "",
        "phones": "",
        "country": "",
        "countryCode": "",
        "activityDiscontinued": ""
    },
    {
        "guid": "78ddabe8-ca67-11e5-826c-605718cb5baa",
        "archive": false,
        "dateOutputArchive": "0001-01-01T00:00:00Z",
        "thisGroup": false,
        "parent": "78ddabe7-ca67-11e5-826c-605718cb5baa",
        "bic": "040507001",
        "swift": "",
        "name": "ДАЛЬНЕВОСТОЧНОЕ ГУ БАНКА РОССИИ",
        "corrAccount": "",
        "address": "УЛ СВЕТЛАНСКАЯ, 71",
        "city": "Г. ВЛАДИВОСТОК",
        "phones": "(423)2406514,2406507",
        "country": "4e127564-d74f-4dd9-bced-0327f0f4e061",
        "countryCode": "643",
        "activityDiscontinued": false
    },
    {
        "guid": "78ddabe9-ca67-11e5-826c-605718cb5baa",
        "archive": "",
        "dateOutputArchive": "",
        "thisGroup": true,
        "parent": "00000000-0000-0000-0000-000000000000",
        "bic": "25       ",
        "swift": "",
        "name": "ИРКУТСКАЯ ОБЛАСТЬ",
        "corrAccount": "",
        "address": "",
        "city": "",
        "phones": "",
        "country": "",
        "countryCode": "",
        "activityDiscontinued": ""
    },
    {
        "guid": "78ddabea-ca67-11e5-826c-605718cb5baa",
        "archive": false,
        "dateOutputArchive": "0001-01-01T00:00:00Z",
        "thisGroup": false,
        "parent": "78ddabe9-ca67-11e5-826c-605718cb5baa",
        "bic": "042510000",
        "swift": "",
        "name": "РКЦ ЧУНСКИЙ",
        "corrAccount": "",
        "address": "",
        "city": "РП ЧУНСКИЙ",
        "phones": "",
        "country": "00000000-0000-0000-0000-000000000000",
        "countryCode": "",
        "activityDiscontinued": true
    },
    {
        "guid": "78ddabeb-ca67-11e5-826c-605718cb5baa",
        "archive": "",
        "dateOutputArchive": "",
        "thisGroup": true,
        "parent": "00000000-0000-0000-0000-000000000000",
        "bic": "07       ",
        "swift": "",
        "name": "СТАВРОПОЛЬСКИЙ КРАЙ",
        "corrAccount": "",
        "address": "",
        "city": "",
        "phones": "",
        "country": "",
        "countryCode": "",
        "activityDiscontinued": ""
    },
    {
        "guid": "78ddabec-ca67-11e5-826c-605718cb5baa",
        "archive": false,
        "dateOutputArchive": "0001-01-01T00:00:00Z",
        "thisGroup": false,
        "parent": "78ddabeb-ca67-11e5-826c-605718cb5baa",
        "bic": "040702001",
        "swift": "",
        "name": "ОТДЕЛЕНИЕ СТАВРОПОЛЬ",
        "corrAccount": "",
        "address": "УЛ ЛЕНИНА, 286",
        "city": "Г. СТАВРОПОЛЬ",
        "phones": "(8652)224803,224804",
        "country": "4e127564-d74f-4dd9-bced-0327f0f4e061",
        "countryCode": "643",
        "activityDiscontinued": false
    },
    {
        "guid": "78ddabed-ca67-11e5-826c-605718cb5baa",
        "archive": false,
        "dateOutputArchive": "0001-01-01T00:00:00Z",
        "thisGroup": false,
        "parent": "78ddabe5-ca67-11e5-826c-605718cb5baa",
        "bic": "044525212",
        "swift": "",
        "name": "КУ КБ \"ТРАНСИНВЕСТБАНК\" (ООО) - ГК \"АСВ\"",
        "corrAccount": "30101810645250000212",
        "address": "УЛ ВЫСОЦКОГО, 4",
        "city": "Г. МОСКВА",
        "phones": "(495)9612526",
        "country": "4e127564-d74f-4dd9-bced-0327f0f4e061",
        "countryCode": "643",
        "activityDiscontinued": false
    },
    {
        "guid": "78ddabee-ca67-11e5-826c-605718cb5baa",
        "archive": "",
        "dateOutputArchive": "",
        "thisGroup": true,
        "parent": "00000000-0000-0000-0000-000000000000",
        "bic": "54       ",
        "swift": "",
        "name": "ОРЛОВСКАЯ ОБЛАСТЬ",
        "corrAccount": "",
        "address": "",
        "city": "",
        "phones": "",
        "country": "",
        "countryCode": "",
        "activityDiscontinued": ""
    },
    {
        "guid": "78ddabef-ca67-11e5-826c-605718cb5baa",
        "archive": false,
        "dateOutputArchive": "0001-01-01T00:00:00Z",
        "thisGroup": false,
        "parent": "78ddabee-ca67-11e5-826c-605718cb5baa",
        "bic": "045402751",
        "swift": "",
        "name": "ОРЛОВСКИЙ РФ АО \"РОССЕЛЬХОЗБАНК\"",
        "corrAccount": "30101810700000000751",
        "address": "УЛ МОСКОВСКАЯ, 31 ЛИТ А",
        "city": "Г. ОРЁЛ",
        "phones": "(4862)541054,735788",
        "country": "4e127564-d74f-4dd9-bced-0327f0f4e061",
        "countryCode": "643",
        "activityDiscontinued": false
    },
    {
        "guid": "78ddabf0-ca67-11e5-826c-605718cb5baa",
        "archive": "",
        "dateOutputArchive": "",
        "thisGroup": true,
        "parent": "00000000-0000-0000-0000-000000000000",
        "bic": "17       ",
        "swift": "",
        "name": "ВЛАДИМИРСКАЯ ОБЛАСТЬ",
        "corrAccount": "",
        "address": "",
        "city": "",
        "phones": "",
        "country": "",
        "countryCode": "",
        "activityDiscontinued": ""
    },
    {
        "guid": "78ddabf1-ca67-11e5-826c-605718cb5baa",
        "archive": false,
        "dateOutputArchive": "0001-01-01T00:00:00Z",
        "thisGroup": false,
        "parent": "78ddabf0-ca67-11e5-826c-605718cb5baa",
        "bic": "041708717",
        "swift": "",
        "name": "ФИЛИАЛ АО \"РОСТ БАНК\" В Г.ВЛАДИМИРЕ",
        "corrAccount": "30101810517080000717",
        "address": "",
        "city": "Г. ВЛАДИМИР",
        "phones": "",
        "country": "00000000-0000-0000-0000-000000000000",
        "countryCode": "",
        "activityDiscontinued": true
    },
    {
        "guid": "78ddabf2-ca67-11e5-826c-605718cb5baa",
        "archive": "",
        "dateOutputArchive": "",
        "thisGroup": true,
        "parent": "00000000-0000-0000-0000-000000000000",
        "bic": "36       ",
        "swift": "",
        "name": "САМАРСКАЯ ОБЛАСТЬ",
        "corrAccount": "",
        "address": "",
        "city": "",
        "phones": "",
        "country": "",
        "countryCode": "",
        "activityDiscontinued": ""
    },
    {
        "guid": "78ddac7c-ca67-11e5-826c-605718cb5baa",
        "archive": false,
        "dateOutputArchive": "0001-01-01T00:00:00Z",
        "thisGroup": false,
        "parent": "78ddac17-ca67-11e5-826c-605718cb5baa",
        "bic": "046027835",
        "swift": "",
        "name": "ООО \"РУССКИЙ НАЦИОНАЛЬНЫЙ БАНК\"",
        "corrAccount": "30101810700000000835",
        "address": "",
        "city": "Г. РОСТОВ-НА-ДОНУ",
        "phones": "",
        "country": "00000000-0000-0000-0000-000000000000",
        "countryCode": "",
        "activityDiscontinued": true
    },
    {
        "guid": "78ddabf3-ca67-11e5-826c-605718cb5baa",
        "archive": false,
        "dateOutputArchive": "0001-01-01T00:00:00Z",
        "thisGroup": false,
        "parent": "78ddabf2-ca67-11e5-826c-605718cb5baa",
        "bic": "043601917",
        "swift": "GAZPRUMM037",
        "name": "Ф-Л БАНКА ГПБ (АО) \"ПОВОЛЖСКИЙ\"",
        "corrAccount": "30101810000000000917",
        "address": "УЛ НОВО-САДОВАЯ, 106 А, СТР 1",
        "city": "Г. САМАРА",
        "phones": "(846)3396945,3396946",
        "country": "4e127564-d74f-4dd9-bced-0327f0f4e061",
        "countryCode": "643",
        "activityDiscontinued": false
    },
    {
        "guid": "78ddabf4-ca67-11e5-826c-605718cb5baa",
        "archive": false,
        "dateOutputArchive": "0001-01-01T00:00:00Z",
        "thisGroup": false,
        "parent": "78ddabe5-ca67-11e5-826c-605718cb5baa",
        "bic": "044525225",
        "swift": "SABRRUMMXXX",
        "name": "ПАО СБЕРБАНК",
        "corrAccount": "30101810400000000225",
        "address": "УЛ ВАВИЛОВА, 19",
        "city": "Г. МОСКВА",
        "phones": "(495)5005550,88005555550",
        "country": "4e127564-d74f-4dd9-bced-0327f0f4e061",
        "countryCode": "643",
        "activityDiscontinued": false
    },
    {
        "guid": "78ddabf5-ca67-11e5-826c-605718cb5baa",
        "archive": "",
        "dateOutputArchive": "",
        "thisGroup": true,
        "parent": "00000000-0000-0000-0000-000000000000",
        "bic": "87       ",
        "swift": "",
        "name": "РЕСПУБЛИКА КОМИ",
        "corrAccount": "",
        "address": "",
        "city": "",
        "phones": "",
        "country": "",
        "countryCode": "",
        "activityDiscontinued": ""
    },
    {
        "guid": "78ddabf6-ca67-11e5-826c-605718cb5baa",
        "archive": false,
        "dateOutputArchive": "0001-01-01T00:00:00Z",
        "thisGroup": false,
        "parent": "78ddabf5-ca67-11e5-826c-605718cb5baa",
        "bic": "048723000",
        "swift": "",
        "name": "РКЦ УСИНСК",
        "corrAccount": "",
        "address": "УЛ НЕФТЯНИКОВ, 30",
        "city": "Г. УСИНСК",
        "phones": "(82144)41735,41445",
        "country": "4e127564-d74f-4dd9-bced-0327f0f4e061",
        "countryCode": "643",
        "activityDiscontinued": false
    },
    {
        "guid": "78ddabf8-ca67-11e5-826c-605718cb5baa",
        "archive": false,
        "dateOutputArchive": "0001-01-01T00:00:00Z",
        "thisGroup": false,
        "parent": "78ddabf7-ca67-11e5-826c-605718cb5baa",
        "bic": "045354860",
        "swift": "FORHRU33XXX",
        "name": "АКБ \"ФОРШТАДТ\" (АО)",
        "corrAccount": "30101810700000000860",
        "address": "УЛ ЧКАЛОВА, 35/1",
        "city": "Г. ОРЕНБУРГ",
        "phones": "(3532)980486,980412",
        "country": "4e127564-d74f-4dd9-bced-0327f0f4e061",
        "countryCode": "643",
        "activityDiscontinued": false
    },
    {
        "guid": "78ddabf9-ca67-11e5-826c-605718cb5baa",
        "archive": "",
        "dateOutputArchive": "",
        "thisGroup": true,
        "parent": "00000000-0000-0000-0000-000000000000",
        "bic": "69       ",
        "swift": "",
        "name": "ТОМСКАЯ ОБЛАСТЬ",
        "corrAccount": "",
        "address": "",
        "city": "",
        "phones": "",
        "country": "",
        "countryCode": "",
        "activityDiscontinued": ""
    },
    {
        "guid": "78ddabfa-ca67-11e5-826c-605718cb5baa",
        "archive": false,
        "dateOutputArchive": "0001-01-01T00:00:00Z",
        "thisGroup": false,
        "parent": "78ddabf9-ca67-11e5-826c-605718cb5baa",
        "bic": "046900000",
        "swift": "",
        "name": "РКЦ КОЛПАШЕВО",
        "corrAccount": "",
        "address": "",
        "city": "Г. КОЛПАШЕВО",
        "phones": "",
        "country": "00000000-0000-0000-0000-000000000000",
        "countryCode": "",
        "activityDiscontinued": true
    },
    {
        "guid": "78ddabfb-ca67-11e5-826c-605718cb5baa",
        "archive": false,
        "dateOutputArchive": "0001-01-01T00:00:00Z",
        "thisGroup": false,
        "parent": "78ddabe1-ca67-11e5-826c-605718cb5baa",
        "bic": "044030752",
        "swift": "",
        "name": "САНКТ-ПЕТЕРБУРГСКИЙ ФИЛИАЛ \"БАНК СГБ\"",
        "corrAccount": "30101810100000000752",
        "address": "УЛ. МАРШАЛА ГОВОРОВА, 35 ЛИТ А",
        "city": "Г. САНКТ-ПЕТЕРБУРГ",
        "phones": "(812)3365900",
        "country": "4e127564-d74f-4dd9-bced-0327f0f4e061",
        "countryCode": "643",
        "activityDiscontinued": false
    },
    {
        "guid": "78ddabfc-ca67-11e5-826c-605718cb5baa",
        "archive": false,
        "dateOutputArchive": "0001-01-01T00:00:00Z",
        "thisGroup": false,
        "parent": "78ddabe5-ca67-11e5-826c-605718cb5baa",
        "bic": "044525102",
        "swift": "IKBARUMMXXX",
        "name": "АО \"ДЕНИЗБАНК МОСКВА\"",
        "corrAccount": "30101810400000000102",
        "address": "2-Я ЗВЕНИГОРОД УЛ, 13, СТР 42",
        "city": "Г. МОСКВА",
        "phones": "(495)7251020",
        "country": "4e127564-d74f-4dd9-bced-0327f0f4e061",
        "countryCode": "643",
        "activityDiscontinued": false
    },
    {
        "guid": "78ddabfd-ca67-11e5-826c-605718cb5baa",
        "archive": "",
        "dateOutputArchive": "",
        "thisGroup": true,
        "parent": "00000000-0000-0000-0000-000000000000",
        "bic": "63       ",
        "swift": "",
        "name": "САРАТОВСКАЯ ОБЛАСТЬ",
        "corrAccount": "",
        "address": "",
        "city": "",
        "phones": "",
        "country": "",
        "countryCode": "",
        "activityDiscontinued": ""
    },
    {
        "guid": "78ddabfe-ca67-11e5-826c-605718cb5baa",
        "archive": false,
        "dateOutputArchive": "0001-01-01T00:00:00Z",
        "thisGroup": false,
        "parent": "78ddabfd-ca67-11e5-826c-605718cb5baa",
        "bic": "046380002",
        "swift": "",
        "name": "ПУ БАНКА РОССИИ ВОЛЖСКОЕ",
        "corrAccount": "",
        "address": "",
        "city": "П. СВЕТЛЫЙ",
        "phones": "(84558)33215",
        "country": "4e127564-d74f-4dd9-bced-0327f0f4e061",
        "countryCode": "643",
        "activityDiscontinued": false
    },
    {
        "guid": "78ddabff-ca67-11e5-826c-605718cb5baa",
        "archive": false,
        "dateOutputArchive": "0001-01-01T00:00:00Z",
        "thisGroup": false,
        "parent": "78ddabe5-ca67-11e5-826c-605718cb5baa",
        "bic": "044583695",
        "swift": "",
        "name": "КУ ОАО БАНК \"СОДРУЖЕСТВО\"-ГК \"АСВ\"",
        "corrAccount": "30101810700000000695",
        "address": "",
        "city": "Г. МОСКВА",
        "phones": "",
        "country": "00000000-0000-0000-0000-000000000000",
        "countryCode": "",
        "activityDiscontinued": true
    },
    {
        "guid": "78ddac00-ca67-11e5-826c-605718cb5baa",
        "archive": "",
        "dateOutputArchive": "",
        "thisGroup": true,
        "parent": "00000000-0000-0000-0000-000000000000",
        "bic": "82       ",
        "swift": "",
        "name": "РЕСПУБЛИКА ДАГЕСТАН",
        "corrAccount": "",
        "address": "",
        "city": "",
        "phones": "",
        "country": "",
        "countryCode": "",
        "activityDiscontinued": ""
    },
    {
        "guid": "78ddac01-ca67-11e5-826c-605718cb5baa",
        "archive": false,
        "dateOutputArchive": "0001-01-01T00:00:00Z",
        "thisGroup": false,
        "parent": "78ddac00-ca67-11e5-826c-605718cb5baa",
        "bic": "048209870",
        "swift": "",
        "name": "ЛИКВ ООО РНКО \"УМУТ\"",
        "corrAccount": "30103810400000000870",
        "address": "УЛ КАЛИНИНА, 4",
        "city": "Г. ХАСАВЮРТ",
        "phones": "(87231)51268,51667",
        "country": "4e127564-d74f-4dd9-bced-0327f0f4e061",
        "countryCode": "643",
        "activityDiscontinued": false
    },
    {
        "guid": "78ddac02-ca67-11e5-826c-605718cb5baa",
        "archive": "",
        "dateOutputArchive": "",
        "thisGroup": true,
        "parent": "00000000-0000-0000-0000-000000000000",
        "bic": "28       ",
        "swift": "",
        "name": "ТВЕРСКАЯ ОБЛАСТЬ",
        "corrAccount": "",
        "address": "",
        "city": "",
        "phones": "",
        "country": "",
        "countryCode": "",
        "activityDiscontinued": ""
    },
    {
        "guid": "78ddac03-ca67-11e5-826c-605718cb5baa",
        "archive": false,
        "dateOutputArchive": "0001-01-01T00:00:00Z",
        "thisGroup": false,
        "parent": "78ddac02-ca67-11e5-826c-605718cb5baa",
        "bic": "042809909",
        "swift": "",
        "name": "ТВЕРСКОЙ ФИЛИАЛ АБ \"РОССИЯ\"",
        "corrAccount": "30101810700000000909",
        "address": "УЛ КРЫЛОВА, 40/29",
        "city": "Г. ТВЕРЬ",
        "phones": "(4822)347569",
        "country": "4e127564-d74f-4dd9-bced-0327f0f4e061",
        "countryCode": "643",
        "activityDiscontinued": false
    },
    {
        "guid": "78ddac04-ca67-11e5-826c-605718cb5baa",
        "archive": false,
        "dateOutputArchive": "0001-01-01T00:00:00Z",
        "thisGroup": false,
        "parent": "78ddac00-ca67-11e5-826c-605718cb5baa",
        "bic": "048209989",
        "swift": "",
        "name": "ФИЛИАЛ ИКБ \"ЭНТУЗИАСТБАНК\" ООО-КИЗЛЯР",
        "corrAccount": "30101810882090000989",
        "address": "",
        "city": "Г. КИЗЛЯР",
        "phones": "",
        "country": "00000000-0000-0000-0000-000000000000",
        "countryCode": "",
        "activityDiscontinued": true
    },
    {
        "guid": "78ddac05-ca67-11e5-826c-605718cb5baa",
        "archive": false,
        "dateOutputArchive": "0001-01-01T00:00:00Z",
        "thisGroup": false,
        "parent": "78ddabe5-ca67-11e5-826c-605718cb5baa",
        "bic": "044583844",
        "swift": "",
        "name": "КУ КОММЕРЧЕСКИЙ БАНК \"СДБ\" (ООО) ГК \"АСВ\"",
        "corrAccount": "30101810700000000844",
        "address": "",
        "city": "Г. МОСКВА",
        "phones": "",
        "country": "00000000-0000-0000-0000-000000000000",
        "countryCode": "",
        "activityDiscontinued": true
    },
    {
        "guid": "78ddac06-ca67-11e5-826c-605718cb5baa",
        "archive": false,
        "dateOutputArchive": "0001-01-01T00:00:00Z",
        "thisGroup": false,
        "parent": "78ddabe5-ca67-11e5-826c-605718cb5baa",
        "bic": "044525938",
        "swift": "",
        "name": "МОСКОВСКИЙ ФИЛИАЛ АО АКБ \"ТЕКСБАНК\"",
        "corrAccount": "30101810945250000938",
        "address": "ОЛИМПИЙСКИЙ ПР-Т, 26, СТР 1",
        "city": "Г. МОСКВА",
        "phones": "(495)6480048",
        "country": "4e127564-d74f-4dd9-bced-0327f0f4e061",
        "countryCode": "643",
        "activityDiscontinued": false
    },
    {
        "guid": "78ddac07-ca67-11e5-826c-605718cb5baa",
        "archive": "",
        "dateOutputArchive": "",
        "thisGroup": true,
        "parent": "00000000-0000-0000-0000-000000000000",
        "bic": "50       ",
        "swift": "",
        "name": "НОВОСИБИРСКАЯ ОБЛАСТЬ",
        "corrAccount": "",
        "address": "",
        "city": "",
        "phones": "",
        "country": "",
        "countryCode": "",
        "activityDiscontinued": ""
    },
    {
        "guid": "78ddac08-ca67-11e5-826c-605718cb5baa",
        "archive": false,
        "dateOutputArchive": "0001-01-01T00:00:00Z",
        "thisGroup": false,
        "parent": "78ddac07-ca67-11e5-826c-605718cb5baa",
        "bic": "045004747",
        "swift": "",
        "name": "ФИЛИАЛ \"НОВОСИБИРСКИЙ\" АО \"ГЛОБЭКСБАНК\"",
        "corrAccount": "30101810150040000747",
        "address": "УЛ ВОКЗАЛЬНАЯ МАГИСТРАЛЬ, 8 А",
        "city": "Г. НОВОСИБИРСК",
        "phones": "(383)2181508",
        "country": "4e127564-d74f-4dd9-bced-0327f0f4e061",
        "countryCode": "643",
        "activityDiscontinued": false
    },
    {
        "guid": "78ddac09-ca67-11e5-826c-605718cb5baa",
        "archive": "",
        "dateOutputArchive": "",
        "thisGroup": true,
        "parent": "00000000-0000-0000-0000-000000000000",
        "bic": "65       ",
        "swift": "",
        "name": "СВЕРДЛОВСКАЯ ОБЛАСТЬ",
        "corrAccount": "",
        "address": "",
        "city": "",
        "phones": "",
        "country": "",
        "countryCode": "",
        "activityDiscontinued": ""
    },
    {
        "guid": "78ddac0a-ca67-11e5-826c-605718cb5baa",
        "archive": false,
        "dateOutputArchive": "0001-01-01T00:00:00Z",
        "thisGroup": false,
        "parent": "78ddac09-ca67-11e5-826c-605718cb5baa",
        "bic": "046577907",
        "swift": "",
        "name": "ЕКАТЕРИНБУРГСКИЙ ФИЛИАЛ ПАО \"АК БАРС\" БАНК",
        "corrAccount": "30101810400000000907",
        "address": "ПР-Т ЛЕНИНА, 20",
        "city": "Г. ЕКАТЕРИНБУРГ",
        "phones": "(343)3556015",
        "country": "4e127564-d74f-4dd9-bced-0327f0f4e061",
        "countryCode": "643",
        "activityDiscontinued": false
    },
    {
        "guid": "78ddac0b-ca67-11e5-826c-605718cb5baa",
        "archive": "",
        "dateOutputArchive": "",
        "thisGroup": true,
        "parent": "00000000-0000-0000-0000-000000000000",
        "bic": "47       ",
        "swift": "",
        "name": "МУРМАНСКАЯ ОБЛАСТЬ",
        "corrAccount": "",
        "address": "",
        "city": "",
        "phones": "",
        "country": "",
        "countryCode": "",
        "activityDiscontinued": ""
    },
    {
        "guid": "78ddac0c-ca67-11e5-826c-605718cb5baa",
        "archive": false,
        "dateOutputArchive": "0001-01-01T00:00:00Z",
        "thisGroup": false,
        "parent": "78ddac0b-ca67-11e5-826c-605718cb5baa",
        "bic": "044705824",
        "swift": "",
        "name": "ФИЛИАЛ ПАО \"ОФК БАНК\" В МУРМАНСКЕ",
        "corrAccount": "30101810900000000824",
        "address": "",
        "city": "Г. МУРМАНСК",
        "phones": "",
        "country": "00000000-0000-0000-0000-000000000000",
        "countryCode": "",
        "activityDiscontinued": true
    },
    {
        "guid": "78ddac0d-ca67-11e5-826c-605718cb5baa",
        "archive": "",
        "dateOutputArchive": "",
        "thisGroup": true,
        "parent": "00000000-0000-0000-0000-000000000000",
        "bic": "19       ",
        "swift": "",
        "name": "ВОЛОГОДСКАЯ ОБЛАСТЬ",
        "corrAccount": "",
        "address": "",
        "city": "",
        "phones": "",
        "country": "",
        "countryCode": "",
        "activityDiscontinued": ""
    },
    {
        "guid": "78ddac0e-ca67-11e5-826c-605718cb5baa",
        "archive": false,
        "dateOutputArchive": "0001-01-01T00:00:00Z",
        "thisGroup": false,
        "parent": "78ddac0d-ca67-11e5-826c-605718cb5baa",
        "bic": "041909708",
        "swift": "",
        "name": "КУ НКО \"КРЕДИТАЛЬЯНС\" (ООО)",
        "corrAccount": "30103810200000000708",
        "address": "",
        "city": "Г. ВОЛОГДА",
        "phones": "",
        "country": "00000000-0000-0000-0000-000000000000",
        "countryCode": "",
        "activityDiscontinued": true
    },
    {
        "guid": "78ddac0f-ca67-11e5-826c-605718cb5baa",
        "archive": "",
        "dateOutputArchive": "",
        "thisGroup": true,
        "parent": "00000000-0000-0000-0000-000000000000",
        "bic": "03       ",
        "swift": "",
        "name": "КРАСНОДАРСКИЙ КРАЙ",
        "corrAccount": "",
        "address": "",
        "city": "",
        "phones": "",
        "country": "",
        "countryCode": "",
        "activityDiscontinued": ""
    },
    {
        "guid": "78ddac10-ca67-11e5-826c-605718cb5baa",
        "archive": false,
        "dateOutputArchive": "0001-01-01T00:00:00Z",
        "thisGroup": false,
        "parent": "78ddac0f-ca67-11e5-826c-605718cb5baa",
        "bic": "040349749",
        "swift": "",
        "name": "КРАСНОДАРСКИЙ ФИЛИАЛ ТКБ БАНК ПАО",
        "corrAccount": "30101810500000000749",
        "address": "УЛ ФРУНЗЕ, 169",
        "city": "Г. КРАСНОДАР",
        "phones": "(861)2104542,2104546",
        "country": "4e127564-d74f-4dd9-bced-0327f0f4e061",
        "countryCode": "643",
        "activityDiscontinued": false
    },
    {
        "guid": "78ddac11-ca67-11e5-826c-605718cb5baa",
        "archive": false,
        "dateOutputArchive": "0001-01-01T00:00:00Z",
        "thisGroup": false,
        "parent": "78ddabf5-ca67-11e5-826c-605718cb5baa",
        "bic": "048702731",
        "swift": "",
        "name": "ФИЛИАЛ КБ \"РОСПРОМБАНК\" (ООО) В Г. СЫКТЫВКАРЕ",
        "corrAccount": "30101810500000000731",
        "address": "",
        "city": "Г. СЫКТЫВКАР",
        "phones": "",
        "country": "00000000-0000-0000-0000-000000000000",
        "countryCode": "",
        "activityDiscontinued": true
    },
    {
        "guid": "78ddac12-ca67-11e5-826c-605718cb5baa",
        "archive": "",
        "dateOutputArchive": "",
        "thisGroup": true,
        "parent": "00000000-0000-0000-0000-000000000000",
        "bic": "20       ",
        "swift": "",
        "name": "ВОРОНЕЖСКАЯ ОБЛАСТЬ",
        "corrAccount": "",
        "address": "",
        "city": "",
        "phones": "",
        "country": "",
        "countryCode": "",
        "activityDiscontinued": ""
    },
    {
        "guid": "78ddac13-ca67-11e5-826c-605718cb5baa",
        "archive": false,
        "dateOutputArchive": "0001-01-01T00:00:00Z",
        "thisGroup": false,
        "parent": "78ddac12-ca67-11e5-826c-605718cb5baa",
        "bic": "042007001",
        "swift": "",
        "name": "ОТДЕЛЕНИЕ ВОРОНЕЖ",
        "corrAccount": "",
        "address": "УЛ ТЕАТРАЛЬНАЯ, 36",
        "city": "Г. ВОРОНЕЖ",
        "phones": "(473)2555820,2699990",
        "country": "4e127564-d74f-4dd9-bced-0327f0f4e061",
        "countryCode": "643",
        "activityDiscontinued": false
    },
    {
        "guid": "78ddac14-ca67-11e5-826c-605718cb5baa",
        "archive": "",
        "dateOutputArchive": "",
        "thisGroup": true,
        "parent": "00000000-0000-0000-0000-000000000000",
        "bic": "76       ",
        "swift": "",
        "name": "ЗАБАЙКАЛЬСКИЙ КРАЙ",
        "corrAccount": "",
        "address": "",
        "city": "",
        "phones": "",
        "country": "",
        "countryCode": "",
        "activityDiscontinued": ""
    },
    {
        "guid": "78ddac15-ca67-11e5-826c-605718cb5baa",
        "archive": false,
        "dateOutputArchive": "0001-01-01T00:00:00Z",
        "thisGroup": false,
        "parent": "78ddac14-ca67-11e5-826c-605718cb5baa",
        "bic": "047601637",
        "swift": "SABRRU66CHT",
        "name": "ЧИТИНСКОЕ ОТДЕЛЕНИЕ  N8600 ПАО СБЕРБАНК",
        "corrAccount": "30101810500000000637",
        "address": "УЛ ПОЛИНЫ ОСИПЕНКО, 40",
        "city": "Г. ЧИТА",
        "phones": "(3022)336111",
        "country": "4e127564-d74f-4dd9-bced-0327f0f4e061",
        "countryCode": "643",
        "activityDiscontinued": false
    },
    {
        "guid": "78ddac16-ca67-11e5-826c-605718cb5baa",
        "archive": false,
        "dateOutputArchive": "0001-01-01T00:00:00Z",
        "thisGroup": false,
        "parent": "78ddabdb-ca67-11e5-826c-605718cb5baa",
        "bic": "043209770",
        "swift": "NOOBRU55XXX",
        "name": "ООО \"НОВОКИБ\"",
        "corrAccount": "30101810900000000770",
        "address": "УЛ КИРОВА, 69",
        "city": "Г. НОВОКУЗНЕЦК",
        "phones": "(3843)539698,459267",
        "country": "4e127564-d74f-4dd9-bced-0327f0f4e061",
        "countryCode": "643",
        "activityDiscontinued": false
    },
    {
        "guid": "78ddac17-ca67-11e5-826c-605718cb5baa",
        "archive": "",
        "dateOutputArchive": "",
        "thisGroup": true,
        "parent": "00000000-0000-0000-0000-000000000000",
        "bic": "60       ",
        "swift": "",
        "name": "РОСТОВСКАЯ ОБЛАСТЬ",
        "corrAccount": "",
        "address": "",
        "city": "",
        "phones": "",
        "country": "",
        "countryCode": "",
        "activityDiscontinued": ""
    },
    {
        "guid": "78ddac18-ca67-11e5-826c-605718cb5baa",
        "archive": false,
        "dateOutputArchive": "0001-01-01T00:00:00Z",
        "thisGroup": false,
        "parent": "78ddac17-ca67-11e5-826c-605718cb5baa",
        "bic": "046015293",
        "swift": "",
        "name": "РОСТОВСКИЙ ФИЛИАЛ НКО \"ИНКАХРАН\" (АО)",
        "corrAccount": "30103810860150000293",
        "address": "",
        "city": "Г. РОСТОВ-НА-ДОНУ",
        "phones": "",
        "country": "00000000-0000-0000-0000-000000000000",
        "countryCode": "",
        "activityDiscontinued": true
    },
    {
        "guid": "78ddac19-ca67-11e5-826c-605718cb5baa",
        "archive": false,
        "dateOutputArchive": "0001-01-01T00:00:00Z",
        "thisGroup": false,
        "parent": "78ddac07-ca67-11e5-826c-605718cb5baa",
        "bic": "045004775",
        "swift": "",
        "name": "НОВОСИБИРСКИЙ ФИЛИАЛ ПАО \"БИНБАНК\"",
        "corrAccount": "30101810850040000775",
        "address": "",
        "city": "Г. НОВОСИБИРСК",
        "phones": "",
        "country": "00000000-0000-0000-0000-000000000000",
        "countryCode": "",
        "activityDiscontinued": true
    },
    {
        "guid": "78ddac1a-ca67-11e5-826c-605718cb5baa",
        "archive": false,
        "dateOutputArchive": "0001-01-01T00:00:00Z",
        "thisGroup": false,
        "parent": "78ddabe5-ca67-11e5-826c-605718cb5baa",
        "bic": "044583138",
        "swift": "",
        "name": "ООО КБ \"РАСЧЕТНЫЙ ДОМ\"",
        "corrAccount": "30101810500000000138",
        "address": "",
        "city": "Г. МОСКВА",
        "phones": "",
        "country": "00000000-0000-0000-0000-000000000000",
        "countryCode": "",
        "activityDiscontinued": true
    },
    {
        "guid": "78ddac1b-ca67-11e5-826c-605718cb5baa",
        "archive": false,
        "dateOutputArchive": "0001-01-01T00:00:00Z",
        "thisGroup": false,
        "parent": "78ddabe5-ca67-11e5-826c-605718cb5baa",
        "bic": "044525762",
        "swift": "",
        "name": "КУ КБ \"ЕВРОТРАСТ\" (ЗАО) ГК \"АСВ\"",
        "corrAccount": "30101810400000000762",
        "address": "УЛ ВЫСОЦКОГО, 4",
        "city": "Г. МОСКВА",
        "phones": "(495)9612526",
        "country": "4e127564-d74f-4dd9-bced-0327f0f4e061",
        "countryCode": "643",
        "activityDiscontinued": false
    },
    {
        "guid": "78ddaca1-ca67-11e5-826c-605718cb5baa",
        "archive": "",
        "dateOutputArchive": "",
        "thisGroup": true,
        "parent": "00000000-0000-0000-0000-000000000000",
        "bic": "37       ",
        "swift": "",
        "name": "КУРГАНСКАЯ ОБЛАСТЬ",
        "corrAccount": "",
        "address": "",
        "city": "",
        "phones": "",
        "country": "",
        "countryCode": "",
        "activityDiscontinued": ""
    },
    {
        "guid": "78ddac1d-ca67-11e5-826c-605718cb5baa",
        "archive": false,
        "dateOutputArchive": "0001-01-01T00:00:00Z",
        "thisGroup": false,
        "parent": "78ddabe5-ca67-11e5-826c-605718cb5baa",
        "bic": "044525235",
        "swift": "",
        "name": "КУ ООО \"М ПЛЮС\" ГК \"АСВ\"",
        "corrAccount": "30101810745250000235",
        "address": "УЛ ВЫСОЦКОГО, 4",
        "city": "Г. МОСКВА",
        "phones": "(495)9612526",
        "country": "4e127564-d74f-4dd9-bced-0327f0f4e061",
        "countryCode": "643",
        "activityDiscontinued": false
    },
    {
        "guid": "78ddac1e-ca67-11e5-826c-605718cb5baa",
        "archive": false,
        "dateOutputArchive": "0001-01-01T00:00:00Z",
        "thisGroup": false,
        "parent": "78ddabe5-ca67-11e5-826c-605718cb5baa",
        "bic": "044583701",
        "swift": "",
        "name": "ООО НКО \"ДЕНЬГИ.МЭЙЛ.РУ\"",
        "corrAccount": "30103810100000000701",
        "address": "",
        "city": "Г. МОСКВА",
        "phones": "",
        "country": "00000000-0000-0000-0000-000000000000",
        "countryCode": "",
        "activityDiscontinued": true
    },
    {
        "guid": "78ddac1f-ca67-11e5-826c-605718cb5baa",
        "archive": false,
        "dateOutputArchive": "0001-01-01T00:00:00Z",
        "thisGroup": false,
        "parent": "78ddabe1-ca67-11e5-826c-605718cb5baa",
        "bic": "044030769",
        "swift": "",
        "name": "КУ ОАО КБ \"ПЕТРО-АЭРО-БАНК\"-ГК \"АСВ\"",
        "corrAccount": "30101810300000000769",
        "address": "",
        "city": "Г. САНКТ-ПЕТЕРБУРГ",
        "phones": "",
        "country": "00000000-0000-0000-0000-000000000000",
        "countryCode": "",
        "activityDiscontinued": true
    },
    {
        "guid": "e8b018e6-ca8b-11e5-826c-605718cb5baa",
        "archive": false,
        "dateOutputArchive": "0001-01-01T00:00:00Z",
        "thisGroup": false,
        "parent": "78ddac9c-ca67-11e5-826c-605718cb5baa",
        "bic": "040481000",
        "swift": "",
        "name": "РКЦ АЧИНСК",
        "corrAccount": "",
        "address": "",
        "city": "Г. АЧИНСК",
        "phones": "",
        "country": "00000000-0000-0000-0000-000000000000",
        "countryCode": "",
        "activityDiscontinued": true
    },
    {
        "guid": "78ddac20-ca67-11e5-826c-605718cb5baa",
        "archive": false,
        "dateOutputArchive": "0001-01-01T00:00:00Z",
        "thisGroup": false,
        "parent": "78ddac0f-ca67-11e5-826c-605718cb5baa",
        "bic": "040396844",
        "swift": "",
        "name": "КОНКУРСНЫЙ УПРАВЛЯЮЩИЙ ООО КИИБ\"СОЧИ\"-ГК\"АСВ\"",
        "corrAccount": "30101810700000000844",
        "address": "УЛ ВЫСОЦКОГО, 4",
        "city": "Г. МОСКВА",
        "phones": "(495)7253117",
        "country": "4e127564-d74f-4dd9-bced-0327f0f4e061",
        "countryCode": "643",
        "activityDiscontinued": false
    },
    {
        "guid": "78ddac21-ca67-11e5-826c-605718cb5baa",
        "archive": "",
        "dateOutputArchive": "",
        "thisGroup": true,
        "parent": "00000000-0000-0000-0000-000000000000",
        "bic": "22       ",
        "swift": "",
        "name": "НИЖЕГОРОДСКАЯ ОБЛАСТЬ",
        "corrAccount": "",
        "address": "",
        "city": "",
        "phones": "",
        "country": "",
        "countryCode": "",
        "activityDiscontinued": ""
    },
    {
        "guid": "78ddac22-ca67-11e5-826c-605718cb5baa",
        "archive": false,
        "dateOutputArchive": "0001-01-01T00:00:00Z",
        "thisGroup": false,
        "parent": "78ddac21-ca67-11e5-826c-605718cb5baa",
        "bic": "042202821",
        "swift": "",
        "name": "ФАКБ \"РОССИЙСКИЙ КАПИТАЛ\" (АО) НИЖЕГОРОДСКИЙ",
        "corrAccount": "30101810300000000821",
        "address": "УЛ ОШАРСКАЯ, 52",
        "city": "Г. НИЖНИЙ НОВГОРОД",
        "phones": "(831)2816345",
        "country": "4e127564-d74f-4dd9-bced-0327f0f4e061",
        "countryCode": "643",
        "activityDiscontinued": false
    },
    {
        "guid": "78ddac23-ca67-11e5-826c-605718cb5baa",
        "archive": false,
        "dateOutputArchive": "0001-01-01T00:00:00Z",
        "thisGroup": false,
        "parent": "78ddabe5-ca67-11e5-826c-605718cb5baa",
        "bic": "044525551",
        "swift": "ICBKRUMMXXX",
        "name": "АЙСИБИСИ БАНК (АО)",
        "corrAccount": "30101810200000000551",
        "address": "СЕРЕБРЯНИЧЕСКАЯ НАБ, 29",
        "city": "Г. МОСКВА",
        "phones": "(495)2873099",
        "country": "4e127564-d74f-4dd9-bced-0327f0f4e061",
        "countryCode": "643",
        "activityDiscontinued": false
    },
    {
        "guid": "78ddac24-ca67-11e5-826c-605718cb5baa",
        "archive": false,
        "dateOutputArchive": "0001-01-01T00:00:00Z",
        "thisGroup": false,
        "parent": "78ddabe5-ca67-11e5-826c-605718cb5baa",
        "bic": "044525476",
        "swift": "CBMWRUMMXXX",
        "name": "АО \"МОСКОМБАНК\"",
        "corrAccount": "30101810245250000476",
        "address": "УЛ 1-Я ФРУНЗЕНСКАЯ, 5",
        "city": "Г. МОСКВА",
        "phones": "(495)6091919",
        "country": "4e127564-d74f-4dd9-bced-0327f0f4e061",
        "countryCode": "643",
        "activityDiscontinued": false
    },
    {
        "guid": "78ddac25-ca67-11e5-826c-605718cb5baa",
        "archive": "",
        "dateOutputArchive": "",
        "thisGroup": true,
        "parent": "00000000-0000-0000-0000-000000000000",
        "bic": "00       ",
        "swift": "",
        "name": "ТЕРРИТОРИЯ НЕ ОПРЕДЕЛЕНА",
        "corrAccount": "",
        "address": "",
        "city": "",
        "phones": "",
        "country": "",
        "countryCode": "",
        "activityDiscontinued": ""
    },
    {
        "guid": "78ddac26-ca67-11e5-826c-605718cb5baa",
        "archive": false,
        "dateOutputArchive": "0001-01-01T00:00:00Z",
        "thisGroup": false,
        "parent": "78ddac25-ca67-11e5-826c-605718cb5baa",
        "bic": "040004002",
        "swift": "",
        "name": "ПУ БАНКА РОССИИ N 67903",
        "corrAccount": "",
        "address": "П/П 67903",
        "city": "",
        "phones": "",
        "country": "4e127564-d74f-4dd9-bced-0327f0f4e061",
        "countryCode": "643",
        "activityDiscontinued": false
    },
    {
        "guid": "78ddac27-ca67-11e5-826c-605718cb5baa",
        "archive": false,
        "dateOutputArchive": "0001-01-01T00:00:00Z",
        "thisGroup": false,
        "parent": "78ddac00-ca67-11e5-826c-605718cb5baa",
        "bic": "048209788",
        "swift": "",
        "name": "ФАКБ \"ИНВЕСТТОРГБАНК\" (ПАО) \"МАХАЧКАЛИНСКИЙ\"",
        "corrAccount": "30101810400000000788",
        "address": "",
        "city": "Г. МАХАЧКАЛА",
        "phones": "",
        "country": "00000000-0000-0000-0000-000000000000",
        "countryCode": "",
        "activityDiscontinued": true
    },
    {
        "guid": "78ddac28-ca67-11e5-826c-605718cb5baa",
        "archive": "",
        "dateOutputArchive": "",
        "thisGroup": true,
        "parent": "00000000-0000-0000-0000-000000000000",
        "bic": "94       ",
        "swift": "",
        "name": "УДМУРТСКАЯ РЕСПУБЛИКА",
        "corrAccount": "",
        "address": "",
        "city": "",
        "phones": "",
        "country": "",
        "countryCode": "",
        "activityDiscontinued": ""
    },
    {
        "guid": "78ddac29-ca67-11e5-826c-605718cb5baa",
        "archive": false,
        "dateOutputArchive": "0001-01-01T00:00:00Z",
        "thisGroup": false,
        "parent": "78ddac28-ca67-11e5-826c-605718cb5baa",
        "bic": "049401825",
        "swift": "",
        "name": "КОНКУРСНЫЙ УПРАВЛЯЮЩИЙ ОАО \"МОБИЛБАНК\"",
        "corrAccount": "30101810600000000825",
        "address": "УЛ ПУШКИНСКАЯ, 268",
        "city": "Г. ИЖЕВСК",
        "phones": "(3412)908911,655104",
        "country": "4e127564-d74f-4dd9-bced-0327f0f4e061",
        "countryCode": "643",
        "activityDiscontinued": false
    }
]
]]></system-out>
  </testcase>
  <testcase name="getBankListStepMaxPlus" classname="AutoTest.ClassifireIsAllRussianTest" time="0.802"/>
  <testcase name="getBankListStepMaxPlus" classname="AutoTest.ClassifireIsAllRussianTest" time="0.861"/>
  <testcase name="getBankListStepMaxPlus" classname="AutoTest.ClassifireIsAllRussianTest" time="1.008"/>
  <testcase name="getBankListStepMaxPlus" classname="AutoTest.ClassifireIsAllRussianTest" time="0.982"/>
  <testcase name="getBankListStepMaxPlus" classname="AutoTest.ClassifireIsAllRussianTest" time="1.005"/>
  <testcase name="getBankListStepMaxPlus" classname="AutoTest.ClassifireIsAllRussianTest" time="0.998"/>
  <testcase name="getBankListStepMaxPlus" classname="AutoTest.ClassifireIsAllRussianTest" time="1.016"/>
  <testcase name="getBankListStepMaxPlus" classname="AutoTest.ClassifireIsAllRussianTest" time="0.999"/>
  <testcase name="getBankListStepMaxPlus" classname="AutoTest.ClassifireIsAllRussianTest" time="1.011"/>
  <testcase name="getBankListStepMaxPlus" classname="AutoTest.ClassifireIsAllRussianTest" time="0.975"/>
  <testcase name="getBankListStepMaxPlus" classname="AutoTest.ClassifireIsAllRussianTest" time="0.999"/>
  <testcase name="getBankListStepMaxPlus" classname="AutoTest.ClassifireIsAllRussianTest" time="1.002"/>
  <testcase name="getBankListStepMaxPlus" classname="AutoTest.ClassifireIsAllRussianTest" time="1.002"/>
  <testcase name="getBankListStepMaxPlus" classname="AutoTest.ClassifireIsAllRussianTest" time="0.997"/>
  <testcase name="getBankListStepMaxPlus" classname="AutoTest.ClassifireIsAllRussianTest" time="1.024"/>
  <testcase name="getCountryGuid" classname="AutoTest.ClassifireIsAllRussianTest" time="1.085"/>
  <testcase name="getCountryGuidNotExist" classname="AutoTest.ClassifireIsAllRussianTest" time="0.934"/>
  <testcase name="getCountryGuidNotExist" classname="AutoTest.ClassifireIsAllRussianTest" time="1.003"/>
  <testcase name="getCountryGuidNotExist" classname="AutoTest.ClassifireIsAllRussianTest" time="1.011"/>
  <testcase name="getCountryGuidNotExist" classname="AutoTest.ClassifireIsAllRussianTest" time="0.994"/>
  <testcase name="getCountryGuidNotExist" classname="AutoTest.ClassifireIsAllRussianTest" time="1.008"/>
  <testcase name="getCountryGuidNotExist" classname="AutoTest.ClassifireIsAllRussianTest" time="1.129"/>
  <testcase name="getCountryGuidNotExist" classname="AutoTest.ClassifireIsAllRussianTest" time="0.86"/>
  <testcase name="getCountryGuidNotExist" classname="AutoTest.ClassifireIsAllRussianTest" time="0.999"/>
  <testcase name="getCountryGuidNotExist" classname="AutoTest.ClassifireIsAllRussianTest" time="1.016"/>
  <testcase name="getCountryGuidNotExist" classname="AutoTest.ClassifireIsAllRussianTest" time="1.084"/>
  <testcase name="getCountryGuidNotExist" classname="AutoTest.ClassifireIsAllRussianTest" time="0.948"/>
  <testcase name="getCountryList" classname="AutoTest.ClassifireIsAllRussianTest" time="0.979"/>
  <testcase name="getCountryList" classname="AutoTest.ClassifireIsAllRussianTest" time="1.156"/>
  <testcase name="getCountryList" classname="AutoTest.ClassifireIsAllRussianTest" time="0.836"/>
  <testcase name="getCountryList" classname="AutoTest.ClassifireIsAllRussianTest" time="1.034"/>
  <testcase name="getCountryList" classname="AutoTest.ClassifireIsAllRussianTest" time="1"/>
  <testcase name="getCountryList" classname="AutoTest.ClassifireIsAllRussianTest" time="1.026"/>
  <testcase name="getCountryListStepIsEmpty" classname="AutoTest.ClassifireIsAllRussianTest" time="0.972"/>
  <testcase name="getCountryListStepMaxPlus" classname="AutoTest.ClassifireIsAllRussianTest" time="0.994"/>
  <testcase name="getCountryListStepMaxPlus" classname="AutoTest.ClassifireIsAllRussianTest" time="0.989"/>
  <testcase name="getCountryListStepMaxPlus" classname="AutoTest.ClassifireIsAllRussianTest" time="1.006"/>
  <testcase name="getCountryListStepMaxPlus" classname="AutoTest.ClassifireIsAllRussianTest" time="0.997"/>
  <testcase name="getCountryListStepMaxPlus" classname="AutoTest.ClassifireIsAllRussianTest" time="1.194"/>
  <testcase name="getCountryListStepMaxPlus" classname="AutoTest.ClassifireIsAllRussianTest" time="1.866"/>
  <testcase name="getCountryListStepMaxPlus" classname="AutoTest.ClassifireIsAllRussianTest" time="0.947"/>
  <testcase name="getCountryListStepMaxPlus" classname="AutoTest.ClassifireIsAllRussianTest" time="1.033"/>
  <testcase name="getCountryListStepMaxPlus" classname="AutoTest.ClassifireIsAllRussianTest" time="0.974"/>
  <testcase name="getCountryListStepMaxPlus" classname="AutoTest.ClassifireIsAllRussianTest" time="1.036"/>
  <testcase name="getCountryListStepMaxPlus" classname="AutoTest.ClassifireIsAllRussianTest" time="1.007"/>
  <testcase name="getCountryListStepMaxPlus" classname="AutoTest.ClassifireIsAllRussianTest" time="1.022"/>
  <testcase name="getCountryListStepMaxPlus" classname="AutoTest.ClassifireIsAllRussianTest" time="0.963"/>
  <testcase name="getCountryListStepMaxPlus" classname="AutoTest.ClassifireIsAllRussianTest" time="0.992"/>
  <testcase name="getCountryListStepMaxPlus" classname="AutoTest.ClassifireIsAllRussianTest" time="1.021"/>
  <testcase name="getCurrencyGuid" classname="AutoTest.ClassifireIsAllRussianTest" time="1.021"/>
  <testcase name="getCurrencyGuidNotExist" classname="AutoTest.ClassifireIsAllRussianTest" time="0.964"/>
  <testcase name="getCurrencyGuidNotExist" classname="AutoTest.ClassifireIsAllRussianTest" time="1.018"/>
  <testcase name="getCurrencyGuidNotExist" classname="AutoTest.ClassifireIsAllRussianTest" time="0.984"/>
  <testcase name="getCurrencyGuidNotExist" classname="AutoTest.ClassifireIsAllRussianTest" time="0.985"/>
  <testcase name="getCurrencyGuidNotExist" classname="AutoTest.ClassifireIsAllRussianTest" time="1.02"/>
  <testcase name="getCurrencyGuidNotExist" classname="AutoTest.ClassifireIsAllRussianTest" time="1.053"/>
  <testcase name="getCurrencyGuidNotExist" classname="AutoTest.ClassifireIsAllRussianTest" time="0.968"/>
  <testcase name="getCurrencyGuidNotExist" classname="AutoTest.ClassifireIsAllRussianTest" time="1.009"/>
  <testcase name="getCurrencyGuidNotExist" classname="AutoTest.ClassifireIsAllRussianTest" time="0.968"/>
  <testcase name="getCurrencyGuidNotExist" classname="AutoTest.ClassifireIsAllRussianTest" time="0.992"/>
  <testcase name="getCurrencyGuidNotExist" classname="AutoTest.ClassifireIsAllRussianTest" time="1.044"/>
  <testcase name="getCurrencyList" classname="AutoTest.ClassifireIsAllRussianTest" time="1.015"/>
  <testcase name="getCurrencyList" classname="AutoTest.ClassifireIsAllRussianTest" time="0.991"/>
  <testcase name="getCurrencyList" classname="AutoTest.ClassifireIsAllRussianTest" time="0.97"/>
  <testcase name="getCurrencyList" classname="AutoTest.ClassifireIsAllRussianTest" time="1.02"/>
  <testcase name="getCurrencyList" classname="AutoTest.ClassifireIsAllRussianTest" time="1.023"/>
  <testcase name="getCurrencyList" classname="AutoTest.ClassifireIsAllRussianTest" time="0.996"/>
  <testcase name="getCurrencyListStepIsEmpty" classname="AutoTest.ClassifireIsAllRussianTest" time="0.982"/>
  <testcase name="getCurrencyListStepMaxPlus" classname="AutoTest.ClassifireIsAllRussianTest" time="1.014"/>
  <testcase name="getCurrencyListStepMaxPlus" classname="AutoTest.ClassifireIsAllRussianTest" time="0.983"/>
  <testcase name="getCurrencyListStepMaxPlus" classname="AutoTest.ClassifireIsAllRussianTest" time="0.974"/>
  <testcase name="getCurrencyListStepMaxPlus" classname="AutoTest.ClassifireIsAllRussianTest" time="1.02"/>
  <testcase name="getCurrencyListStepMaxPlus" classname="AutoTest.ClassifireIsAllRussianTest" time="1.015"/>
  <testcase name="getCurrencyListStepMaxPlus" classname="AutoTest.ClassifireIsAllRussianTest" time="3.983"/>
  <testcase name="getCurrencyListStepMaxPlus" classname="AutoTest.ClassifireIsAllRussianTest" time="1.058"/>
  <testcase name="getCurrencyListStepMaxPlus" classname="AutoTest.ClassifireIsAllRussianTest" time="1.07"/>
  <testcase name="getCurrencyListStepMaxPlus" classname="AutoTest.ClassifireIsAllRussianTest" time="0.93"/>
  <testcase name="getCurrencyListStepMaxPlus" classname="AutoTest.ClassifireIsAllRussianTest" time="1.112"/>
  <testcase name="getCurrencyListStepMaxPlus" classname="AutoTest.ClassifireIsAllRussianTest" time="0.869"/>
  <testcase name="getCurrencyListStepMaxPlus" classname="AutoTest.ClassifireIsAllRussianTest" time="1.002"/>
  <testcase name="getCurrencyListStepMaxPlus" classname="AutoTest.ClassifireIsAllRussianTest" time="0.974"/>
  <testcase name="getCurrencyListStepMaxPlus" classname="AutoTest.ClassifireIsAllRussianTest" time="1"/>
  <testcase name="getCurrencyListStepMaxPlus" classname="AutoTest.ClassifireIsAllRussianTest" time="1.027"/>
  <testcase name="getOkopfGuid" classname="AutoTest.ClassifireIsAllRussianTest" time="1.025"/>
  <testcase name="getOkopfGuidNotExist" classname="AutoTest.ClassifireIsAllRussianTest" time="0.976"/>
  <testcase name="getOkopfGuidNotExist" classname="AutoTest.ClassifireIsAllRussianTest" time="1.006"/>
  <testcase name="getOkopfGuidNotExist" classname="AutoTest.ClassifireIsAllRussianTest" time="0.99"/>
  <testcase name="getOkopfGuidNotExist" classname="AutoTest.ClassifireIsAllRussianTest" time="1.012"/>
  <testcase name="getOkopfGuidNotExist" classname="AutoTest.ClassifireIsAllRussianTest" time="1.174"/>
  <testcase name="getOkopfGuidNotExist" classname="AutoTest.ClassifireIsAllRussianTest" time="0.822"/>
  <testcase name="getOkopfGuidNotExist" classname="AutoTest.ClassifireIsAllRussianTest" time="1.045"/>
  <testcase name="getOkopfGuidNotExist" classname="AutoTest.ClassifireIsAllRussianTest" time="0.971"/>
  <testcase name="getOkopfGuidNotExist" classname="AutoTest.ClassifireIsAllRussianTest" time="0.972"/>
  <testcase name="getOkopfGuidNotExist" classname="AutoTest.ClassifireIsAllRussianTest" time="1.029"/>
  <testcase name="getOkopfGuidNotExist" classname="AutoTest.ClassifireIsAllRussianTest" time="0.988"/>
  <testcase name="getOkopfList" classname="AutoTest.ClassifireIsAllRussianTest" time="1.071"/>
  <testcase name="getOkopfList" classname="AutoTest.ClassifireIsAllRussianTest" time="0.977"/>
  <testcase name="getOkopfList" classname="AutoTest.ClassifireIsAllRussianTest" time="1.007"/>
  <testcase name="getOkopfList" classname="AutoTest.ClassifireIsAllRussianTest" time="1.065"/>
  <testcase name="getOkopfList" classname="AutoTest.ClassifireIsAllRussianTest" time="0.98"/>
  <testcase name="getOkopfList" classname="AutoTest.ClassifireIsAllRussianTest" time="1.025"/>
  <testcase name="getOkopfListStepIsEmpty" classname="AutoTest.ClassifireIsAllRussianTest" time="1.06"/>
  <testcase name="getOkopfListStepMaxPlus" classname="AutoTest.ClassifireIsAllRussianTest" time="0.879"/>
  <testcase name="getOkopfListStepMaxPlus" classname="AutoTest.ClassifireIsAllRussianTest" time="0.967"/>
  <testcase name="getOkopfListStepMaxPlus" classname="AutoTest.ClassifireIsAllRussianTest" time="1.006"/>
  <testcase name="getOkopfListStepMaxPlus" classname="AutoTest.ClassifireIsAllRussianTest" time="1.165"/>
  <testcase name="getOkopfListStepMaxPlus" classname="AutoTest.ClassifireIsAllRussianTest" time="0.857"/>
  <testcase name="getOkopfListStepMaxPlus" classname="AutoTest.ClassifireIsAllRussianTest" time="1.009"/>
  <testcase name="getOkopfListStepMaxPlus" classname="AutoTest.ClassifireIsAllRussianTest" time="1.167"/>
  <testcase name="getOkopfListStepMaxPlus" classname="AutoTest.ClassifireIsAllRussianTest" time="0.846"/>
  <testcase name="getOkopfListStepMaxPlus" classname="AutoTest.ClassifireIsAllRussianTest" time="0.989"/>
  <testcase name="getOkopfListStepMaxPlus" classname="AutoTest.ClassifireIsAllRussianTest" time="0.998"/>
  <testcase name="getOkopfListStepMaxPlus" classname="AutoTest.ClassifireIsAllRussianTest" time="0.992"/>
  <testcase name="getOkopfListStepMaxPlus" classname="AutoTest.ClassifireIsAllRussianTest" time="0.967"/>
  <testcase name="getOkopfListStepMaxPlus" classname="AutoTest.ClassifireIsAllRussianTest" time="1.043"/>
  <testcase name="getOkopfListStepMaxPlus" classname="AutoTest.ClassifireIsAllRussianTest" time="1.012"/>
  <testcase name="getOkopfListStepMaxPlus" classname="AutoTest.ClassifireIsAllRussianTest" time="0.988"/>
  <testcase name="getOkpdGuid" classname="AutoTest.ClassifireIsAllRussianTest" time="1"/>
  <testcase name="getOkpdGuidNotExist" classname="AutoTest.ClassifireIsAllRussianTest" time="1.047"/>
  <testcase name="getOkpdGuidNotExist" classname="AutoTest.ClassifireIsAllRussianTest" time="0.937"/>
  <testcase name="getOkpdGuidNotExist" classname="AutoTest.ClassifireIsAllRussianTest" time="1.011"/>
  <testcase name="getOkpdGuidNotExist" classname="AutoTest.ClassifireIsAllRussianTest" time="1.034"/>
  <testcase name="getOkpdGuidNotExist" classname="AutoTest.ClassifireIsAllRussianTest" time="0.957"/>
  <testcase name="getOkpdGuidNotExist" classname="AutoTest.ClassifireIsAllRussianTest" time="1.001"/>
  <testcase name="getOkpdGuidNotExist" classname="AutoTest.ClassifireIsAllRussianTest" time="0.998"/>
  <testcase name="getOkpdGuidNotExist" classname="AutoTest.ClassifireIsAllRussianTest" time="0.987"/>
  <testcase name="getOkpdGuidNotExist" classname="AutoTest.ClassifireIsAllRussianTest" time="1.016"/>
  <testcase name="getOkpdGuidNotExist" classname="AutoTest.ClassifireIsAllRussianTest" time="1.038"/>
  <testcase name="getOkpdGuidNotExist" classname="AutoTest.ClassifireIsAllRussianTest" time="1.024"/>
  <testcase name="getOkpdList" classname="AutoTest.ClassifireIsAllRussianTest" time="0.998"/>
  <testcase name="getOkpdList" classname="AutoTest.ClassifireIsAllRussianTest" time="1.083"/>
  <testcase name="getOkpdList" classname="AutoTest.ClassifireIsAllRussianTest" time="1.225"/>
  <testcase name="getOkpdList" classname="AutoTest.ClassifireIsAllRussianTest" time="0.711">
    <failure message="expected: &lt;17&gt; but was: &lt;100&gt;" type="org.opentest4j.AssertionFailedError"><![CDATA[org.opentest4j.AssertionFailedError: expected: <17> but was: <100>
	at AutoTest.ClassifireIsAllRussianTest.getOkpdList(ClassifireIsAllRussianTest.java:40)
]]></failure>
    <system-out><![CDATA[HTTP/1.1 200 OK
Date: Wed, 13 Dec 2023 08:14:59 GMT
Server: Apache/2.4.23 (Win64)
Content-Length: 5179
Keep-Alive: timeout=5, max=99
Connection: Keep-Alive
Content-Type: application/json; charset=utf-8

[
    {
        "guid": "15841c5e-1973-11ee-b5ac-005056013b0c",
        "name": "ТЕСТ",
        "nameFull": "",
        "code": "123",
        "archive": false,
        "dateOutputArchive": "0001-01-01T00:00:00Z"
    },
    {
        "guid": "b91bfa69-5ec4-11ee-b5b0-005056013b0c",
        "name": "Уголь",
        "nameFull": "Уголь",
        "code": "05.1",
        "archive": false,
        "dateOutputArchive": "0001-01-01T00:00:00Z"
    },
    {
        "guid": "f2f3fb8a-6c0a-11ee-b5b0-005056013b0c",
        "name": "Услуги по ремонту компьютеров и периферийного оборудования",
        "nameFull": "Услуги по ремонту компьютеров и периферийного оборудования",
        "code": "95.11.10",
        "archive": false,
        "dateOutputArchive": "0001-01-01T00:00:00Z"
    },
    {
        "guid": "e9642fff-5e19-11ee-b5b0-005056013b0c",
        "name": "Культуры однолетние17",
        "nameFull": "Культуры однолетние",
        "code": "01.1",
        "archive": false,
        "dateOutputArchive": "0001-01-01T00:00:00Z"
    },
    {
        "guid": "24bb1065-5f17-4d67-be58-55625b90dd12",
        "name": "Тест 10-02",
        "nameFull": "Полное наименование",
        "code": "10-02",
        "archive": false,
        "dateOutputArchive": "0001-01-01T00:00:00Z"
    },
    {
        "guid": "6877c6ab-60f9-11ee-b5b0-005056013b0c",
        "name": "Кукуруза кремнистая",
        "nameFull": "Кукуруза кремнистая",
        "code": "01.11.20.120",
        "archive": false,
        "dateOutputArchive": "0001-01-01T00:00:00Z"
    },
    {
        "guid": "4820098e-6cd5-11ee-b5b0-005056013b0c",
        "name": "Пшеница озимая твердая",
        "nameFull": "Пшеница озимая твердая",
        "code": "01.11.11.110",
        "archive": false,
        "dateOutputArchive": "0001-01-01T00:00:00Z"
    },
    {
        "guid": "86cf70d8-60fa-11ee-b5b0-005056013b0c",
        "name": "Услуги в области государственного управления и обеспечения военной безопасности, услуги в области обязательного социального обеспечения",
        "nameFull": "Услуги в области государственного управления и обеспечения военной безопасности, услуги в области обязательного социального обеспечения",
        "code": "84",
        "archive": false,
        "dateOutputArchive": "0001-01-01T00:00:00Z"
    },
    {
        "guid": "2cbab1ad-2cac-4e98-ae8c-cf7ad70cb85a",
        "name": "10-02-1",
        "nameFull": "Полное наименование 10-02-1",
        "code": "10-02-1",
        "archive": false,
        "dateOutputArchive": "0001-01-01T00:00:00Z"
    },
    {
        "guid": "387e129b-61eb-11ee-b5b0-005056013b0c",
        "name": "Новое наименование",
        "nameFull": "Новое наименование",
        "code": "10-03-11",
        "archive": false,
        "dateOutputArchive": "0001-01-01T00:00:00Z"
    },
    {
        "guid": "47e0fc2f-6282-11ee-b5b0-005056013b0c",
        "name": "Лесоматериалы, распиленные и строганые",
        "nameFull": "Лесоматериалы, распиленные и строганые",
        "code": "16.10",
        "archive": false,
        "dateOutputArchive": "0001-01-01T00:00:00Z"
    },
    {
        "guid": "ff2a0825-6370-11ee-b5b0-005056013b0c",
        "name": "Бензин автомобильный с октановым числом более 98 по исследовательскому методу вне классов",
        "nameFull": "Бензин автомобильный с октановым числом более 98 по исследовательскому методу вне классов",
        "code": "19.20.21.141",
        "archive": false,
        "dateOutputArchive": "0001-01-01T00:00:00Z"
    },
    {
        "guid": "cb8c2db5-846c-11ee-b5b1-005056013b0c",
        "name": "Атласы и прочие книги с картами печатные",
        "nameFull": "Атласы и прочие книги с картами печатные",
        "code": "58.11.15.000",
        "archive": false,
        "dateOutputArchive": "0001-01-01T00:00:00Z"
    },
    {
        "guid": "0b6c3dd2-6774-11ee-b5b0-005056013b0c",
        "name": "Рожь",
        "nameFull": "Рожь Ванесса Изменение",
        "code": "01.11.32",
        "archive": false,
        "dateOutputArchive": "0001-01-01T00:00:00Z"
    },
    {
        "guid": "ba9a272d-900e-11ee-b5b1-005056013b0c",
        "name": "Персики",
        "nameFull": "Персики",
        "code": "01.24.25.000",
        "archive": false,
        "dateOutputArchive": "0001-01-01T00:00:00Z"
    },
    {
        "guid": "9a43dfc6-92ba-11ee-b5b1-005056013b0c",
        "name": "Древесина и изделия из дерева и пробки, кроме мебели; изделия из соломки и материалов для плетения",
        "nameFull": "Древесина и изделия из дерева и пробки, кроме мебели; изделия из соломки и материалов для плетения",
        "code": "16",
        "archive": false,
        "dateOutputArchive": "0001-01-01T00:00:00Z"
    },
    {
        "guid": "a50b6427-9451-11ee-b5b1-005056013b0c",
        "name": "Пшеница твердая",
        "nameFull": "Пшеница твердая",
        "code": "01.11.11",
        "archive": false,
        "dateOutputArchive": "0001-01-01T00:00:00Z"
    }
]
]]></system-out>
  </testcase>
  <testcase name="getOkpdList" classname="AutoTest.ClassifireIsAllRussianTest" time="1.121">
    <failure message="expected: &lt;17&gt; but was: &lt;199&gt;" type="org.opentest4j.AssertionFailedError"><![CDATA[org.opentest4j.AssertionFailedError: expected: <17> but was: <199>
	at AutoTest.ClassifireIsAllRussianTest.getOkpdList(ClassifireIsAllRussianTest.java:40)
]]></failure>
    <system-out><![CDATA[HTTP/1.1 200 OK
Date: Wed, 13 Dec 2023 08:15:00 GMT
Server: Apache/2.4.23 (Win64)
Content-Length: 5179
Keep-Alive: timeout=5, max=99
Connection: Keep-Alive
Content-Type: application/json; charset=utf-8

[
    {
        "guid": "15841c5e-1973-11ee-b5ac-005056013b0c",
        "name": "ТЕСТ",
        "nameFull": "",
        "code": "123",
        "archive": false,
        "dateOutputArchive": "0001-01-01T00:00:00Z"
    },
    {
        "guid": "b91bfa69-5ec4-11ee-b5b0-005056013b0c",
        "name": "Уголь",
        "nameFull": "Уголь",
        "code": "05.1",
        "archive": false,
        "dateOutputArchive": "0001-01-01T00:00:00Z"
    },
    {
        "guid": "f2f3fb8a-6c0a-11ee-b5b0-005056013b0c",
        "name": "Услуги по ремонту компьютеров и периферийного оборудования",
        "nameFull": "Услуги по ремонту компьютеров и периферийного оборудования",
        "code": "95.11.10",
        "archive": false,
        "dateOutputArchive": "0001-01-01T00:00:00Z"
    },
    {
        "guid": "e9642fff-5e19-11ee-b5b0-005056013b0c",
        "name": "Культуры однолетние17",
        "nameFull": "Культуры однолетние",
        "code": "01.1",
        "archive": false,
        "dateOutputArchive": "0001-01-01T00:00:00Z"
    },
    {
        "guid": "24bb1065-5f17-4d67-be58-55625b90dd12",
        "name": "Тест 10-02",
        "nameFull": "Полное наименование",
        "code": "10-02",
        "archive": false,
        "dateOutputArchive": "0001-01-01T00:00:00Z"
    },
    {
        "guid": "6877c6ab-60f9-11ee-b5b0-005056013b0c",
        "name": "Кукуруза кремнистая",
        "nameFull": "Кукуруза кремнистая",
        "code": "01.11.20.120",
        "archive": false,
        "dateOutputArchive": "0001-01-01T00:00:00Z"
    },
    {
        "guid": "4820098e-6cd5-11ee-b5b0-005056013b0c",
        "name": "Пшеница озимая твердая",
        "nameFull": "Пшеница озимая твердая",
        "code": "01.11.11.110",
        "archive": false,
        "dateOutputArchive": "0001-01-01T00:00:00Z"
    },
    {
        "guid": "86cf70d8-60fa-11ee-b5b0-005056013b0c",
        "name": "Услуги в области государственного управления и обеспечения военной безопасности, услуги в области обязательного социального обеспечения",
        "nameFull": "Услуги в области государственного управления и обеспечения военной безопасности, услуги в области обязательного социального обеспечения",
        "code": "84",
        "archive": false,
        "dateOutputArchive": "0001-01-01T00:00:00Z"
    },
    {
        "guid": "2cbab1ad-2cac-4e98-ae8c-cf7ad70cb85a",
        "name": "10-02-1",
        "nameFull": "Полное наименование 10-02-1",
        "code": "10-02-1",
        "archive": false,
        "dateOutputArchive": "0001-01-01T00:00:00Z"
    },
    {
        "guid": "387e129b-61eb-11ee-b5b0-005056013b0c",
        "name": "Новое наименование",
        "nameFull": "Новое наименование",
        "code": "10-03-11",
        "archive": false,
        "dateOutputArchive": "0001-01-01T00:00:00Z"
    },
    {
        "guid": "47e0fc2f-6282-11ee-b5b0-005056013b0c",
        "name": "Лесоматериалы, распиленные и строганые",
        "nameFull": "Лесоматериалы, распиленные и строганые",
        "code": "16.10",
        "archive": false,
        "dateOutputArchive": "0001-01-01T00:00:00Z"
    },
    {
        "guid": "ff2a0825-6370-11ee-b5b0-005056013b0c",
        "name": "Бензин автомобильный с октановым числом более 98 по исследовательскому методу вне классов",
        "nameFull": "Бензин автомобильный с октановым числом более 98 по исследовательскому методу вне классов",
        "code": "19.20.21.141",
        "archive": false,
        "dateOutputArchive": "0001-01-01T00:00:00Z"
    },
    {
        "guid": "cb8c2db5-846c-11ee-b5b1-005056013b0c",
        "name": "Атласы и прочие книги с картами печатные",
        "nameFull": "Атласы и прочие книги с картами печатные",
        "code": "58.11.15.000",
        "archive": false,
        "dateOutputArchive": "0001-01-01T00:00:00Z"
    },
    {
        "guid": "0b6c3dd2-6774-11ee-b5b0-005056013b0c",
        "name": "Рожь",
        "nameFull": "Рожь Ванесса Изменение",
        "code": "01.11.32",
        "archive": false,
        "dateOutputArchive": "0001-01-01T00:00:00Z"
    },
    {
        "guid": "ba9a272d-900e-11ee-b5b1-005056013b0c",
        "name": "Персики",
        "nameFull": "Персики",
        "code": "01.24.25.000",
        "archive": false,
        "dateOutputArchive": "0001-01-01T00:00:00Z"
    },
    {
        "guid": "9a43dfc6-92ba-11ee-b5b1-005056013b0c",
        "name": "Древесина и изделия из дерева и пробки, кроме мебели; изделия из соломки и материалов для плетения",
        "nameFull": "Древесина и изделия из дерева и пробки, кроме мебели; изделия из соломки и материалов для плетения",
        "code": "16",
        "archive": false,
        "dateOutputArchive": "0001-01-01T00:00:00Z"
    },
    {
        "guid": "a50b6427-9451-11ee-b5b1-005056013b0c",
        "name": "Пшеница твердая",
        "nameFull": "Пшеница твердая",
        "code": "01.11.11",
        "archive": false,
        "dateOutputArchive": "0001-01-01T00:00:00Z"
    }
]
]]></system-out>
  </testcase>
  <testcase name="getOkpdList" classname="AutoTest.ClassifireIsAllRussianTest" time="0.856">
    <failure message="expected: &lt;17&gt; but was: &lt;200&gt;" type="org.opentest4j.AssertionFailedError"><![CDATA[org.opentest4j.AssertionFailedError: expected: <17> but was: <200>
	at AutoTest.ClassifireIsAllRussianTest.getOkpdList(ClassifireIsAllRussianTest.java:40)
]]></failure>
    <system-out><![CDATA[HTTP/1.1 200 OK
Date: Wed, 13 Dec 2023 08:15:01 GMT
Server: Apache/2.4.23 (Win64)
Content-Length: 5179
Keep-Alive: timeout=5, max=99
Connection: Keep-Alive
Content-Type: application/json; charset=utf-8

[
    {
        "guid": "15841c5e-1973-11ee-b5ac-005056013b0c",
        "name": "ТЕСТ",
        "nameFull": "",
        "code": "123",
        "archive": false,
        "dateOutputArchive": "0001-01-01T00:00:00Z"
    },
    {
        "guid": "b91bfa69-5ec4-11ee-b5b0-005056013b0c",
        "name": "Уголь",
        "nameFull": "Уголь",
        "code": "05.1",
        "archive": false,
        "dateOutputArchive": "0001-01-01T00:00:00Z"
    },
    {
        "guid": "f2f3fb8a-6c0a-11ee-b5b0-005056013b0c",
        "name": "Услуги по ремонту компьютеров и периферийного оборудования",
        "nameFull": "Услуги по ремонту компьютеров и периферийного оборудования",
        "code": "95.11.10",
        "archive": false,
        "dateOutputArchive": "0001-01-01T00:00:00Z"
    },
    {
        "guid": "e9642fff-5e19-11ee-b5b0-005056013b0c",
        "name": "Культуры однолетние17",
        "nameFull": "Культуры однолетние",
        "code": "01.1",
        "archive": false,
        "dateOutputArchive": "0001-01-01T00:00:00Z"
    },
    {
        "guid": "24bb1065-5f17-4d67-be58-55625b90dd12",
        "name": "Тест 10-02",
        "nameFull": "Полное наименование",
        "code": "10-02",
        "archive": false,
        "dateOutputArchive": "0001-01-01T00:00:00Z"
    },
    {
        "guid": "6877c6ab-60f9-11ee-b5b0-005056013b0c",
        "name": "Кукуруза кремнистая",
        "nameFull": "Кукуруза кремнистая",
        "code": "01.11.20.120",
        "archive": false,
        "dateOutputArchive": "0001-01-01T00:00:00Z"
    },
    {
        "guid": "4820098e-6cd5-11ee-b5b0-005056013b0c",
        "name": "Пшеница озимая твердая",
        "nameFull": "Пшеница озимая твердая",
        "code": "01.11.11.110",
        "archive": false,
        "dateOutputArchive": "0001-01-01T00:00:00Z"
    },
    {
        "guid": "86cf70d8-60fa-11ee-b5b0-005056013b0c",
        "name": "Услуги в области государственного управления и обеспечения военной безопасности, услуги в области обязательного социального обеспечения",
        "nameFull": "Услуги в области государственного управления и обеспечения военной безопасности, услуги в области обязательного социального обеспечения",
        "code": "84",
        "archive": false,
        "dateOutputArchive": "0001-01-01T00:00:00Z"
    },
    {
        "guid": "2cbab1ad-2cac-4e98-ae8c-cf7ad70cb85a",
        "name": "10-02-1",
        "nameFull": "Полное наименование 10-02-1",
        "code": "10-02-1",
        "archive": false,
        "dateOutputArchive": "0001-01-01T00:00:00Z"
    },
    {
        "guid": "387e129b-61eb-11ee-b5b0-005056013b0c",
        "name": "Новое наименование",
        "nameFull": "Новое наименование",
        "code": "10-03-11",
        "archive": false,
        "dateOutputArchive": "0001-01-01T00:00:00Z"
    },
    {
        "guid": "47e0fc2f-6282-11ee-b5b0-005056013b0c",
        "name": "Лесоматериалы, распиленные и строганые",
        "nameFull": "Лесоматериалы, распиленные и строганые",
        "code": "16.10",
        "archive": false,
        "dateOutputArchive": "0001-01-01T00:00:00Z"
    },
    {
        "guid": "ff2a0825-6370-11ee-b5b0-005056013b0c",
        "name": "Бензин автомобильный с октановым числом более 98 по исследовательскому методу вне классов",
        "nameFull": "Бензин автомобильный с октановым числом более 98 по исследовательскому методу вне классов",
        "code": "19.20.21.141",
        "archive": false,
        "dateOutputArchive": "0001-01-01T00:00:00Z"
    },
    {
        "guid": "cb8c2db5-846c-11ee-b5b1-005056013b0c",
        "name": "Атласы и прочие книги с картами печатные",
        "nameFull": "Атласы и прочие книги с картами печатные",
        "code": "58.11.15.000",
        "archive": false,
        "dateOutputArchive": "0001-01-01T00:00:00Z"
    },
    {
        "guid": "0b6c3dd2-6774-11ee-b5b0-005056013b0c",
        "name": "Рожь",
        "nameFull": "Рожь Ванесса Изменение",
        "code": "01.11.32",
        "archive": false,
        "dateOutputArchive": "0001-01-01T00:00:00Z"
    },
    {
        "guid": "ba9a272d-900e-11ee-b5b1-005056013b0c",
        "name": "Персики",
        "nameFull": "Персики",
        "code": "01.24.25.000",
        "archive": false,
        "dateOutputArchive": "0001-01-01T00:00:00Z"
    },
    {
        "guid": "9a43dfc6-92ba-11ee-b5b1-005056013b0c",
        "name": "Древесина и изделия из дерева и пробки, кроме мебели; изделия из соломки и материалов для плетения",
        "nameFull": "Древесина и изделия из дерева и пробки, кроме мебели; изделия из соломки и материалов для плетения",
        "code": "16",
        "archive": false,
        "dateOutputArchive": "0001-01-01T00:00:00Z"
    },
    {
        "guid": "a50b6427-9451-11ee-b5b1-005056013b0c",
        "name": "Пшеница твердая",
        "nameFull": "Пшеница твердая",
        "code": "01.11.11",
        "archive": false,
        "dateOutputArchive": "0001-01-01T00:00:00Z"
    }
]
]]></system-out>
  </testcase>
  <testcase name="getOkpdListStepIsEmpty" classname="AutoTest.ClassifireIsAllRussianTest" time="1.001"/>
  <testcase name="getOkpdListStepMaxPlus" classname="AutoTest.ClassifireIsAllRussianTest" time="1.007"/>
  <testcase name="getOkpdListStepMaxPlus" classname="AutoTest.ClassifireIsAllRussianTest" time="0.971"/>
  <testcase name="getOkpdListStepMaxPlus" classname="AutoTest.ClassifireIsAllRussianTest" time="0.998"/>
  <testcase name="getOkpdListStepMaxPlus" classname="AutoTest.ClassifireIsAllRussianTest" time="1.001"/>
  <testcase name="getOkpdListStepMaxPlus" classname="AutoTest.ClassifireIsAllRussianTest" time="1.044"/>
  <testcase name="getOkpdListStepMaxPlus" classname="AutoTest.ClassifireIsAllRussianTest" time="0.976"/>
  <testcase name="getOkpdListStepMaxPlus" classname="AutoTest.ClassifireIsAllRussianTest" time="0.998"/>
  <testcase name="getOkpdListStepMaxPlus" classname="AutoTest.ClassifireIsAllRussianTest" time="0.978"/>
  <testcase name="getOkpdListStepMaxPlus" classname="AutoTest.ClassifireIsAllRussianTest" time="1.285"/>
  <testcase name="getOkpdListStepMaxPlus" classname="AutoTest.ClassifireIsAllRussianTest" time="0.767"/>
  <testcase name="getOkpdListStepMaxPlus" classname="AutoTest.ClassifireIsAllRussianTest" time="0.998"/>
  <testcase name="getOkpdListStepMaxPlus" classname="AutoTest.ClassifireIsAllRussianTest" time="0.959"/>
  <testcase name="getOkpdListStepMaxPlus" classname="AutoTest.ClassifireIsAllRussianTest" time="1.045"/>
  <testcase name="getOkpdListStepMaxPlus" classname="AutoTest.ClassifireIsAllRussianTest" time="0.998"/>
  <testcase name="getOkpdListStepMaxPlus" classname="AutoTest.ClassifireIsAllRussianTest" time="0.968"/>
  <testcase name="getOkvedGuid" classname="AutoTest.ClassifireIsAllRussianTest" time="1.025"/>
  <testcase name="getOkvedGuidNotExist" classname="AutoTest.ClassifireIsAllRussianTest" time="0.959"/>
  <testcase name="getOkvedGuidNotExist" classname="AutoTest.ClassifireIsAllRussianTest" time="1.019"/>
  <testcase name="getOkvedGuidNotExist" classname="AutoTest.ClassifireIsAllRussianTest" time="0.996"/>
  <testcase name="getOkvedGuidNotExist" classname="AutoTest.ClassifireIsAllRussianTest" time="1.027"/>
  <testcase name="getOkvedGuidNotExist" classname="AutoTest.ClassifireIsAllRussianTest" time="0.991"/>
  <testcase name="getOkvedGuidNotExist" classname="AutoTest.ClassifireIsAllRussianTest" time="1.019"/>
  <testcase name="getOkvedGuidNotExist" classname="AutoTest.ClassifireIsAllRussianTest" time="1.049"/>
  <testcase name="getOkvedGuidNotExist" classname="AutoTest.ClassifireIsAllRussianTest" time="0.93"/>
  <testcase name="getOkvedGuidNotExist" classname="AutoTest.ClassifireIsAllRussianTest" time="1.011"/>
  <testcase name="getOkvedGuidNotExist" classname="AutoTest.ClassifireIsAllRussianTest" time="1.206"/>
  <testcase name="getOkvedGuidNotExist" classname="AutoTest.ClassifireIsAllRussianTest" time="0.81"/>
  <testcase name="getOkvedList" classname="AutoTest.ClassifireIsAllRussianTest" time="0.986"/>
  <testcase name="getOkvedList" classname="AutoTest.ClassifireIsAllRussianTest" time="1.035"/>
  <testcase name="getOkvedList" classname="AutoTest.ClassifireIsAllRussianTest" time="1.036"/>
  <testcase name="getOkvedList" classname="AutoTest.ClassifireIsAllRussianTest" time="0.997">
    <failure message="1 expectation failed.&#10;JSON path size() doesn&apos;t match.&#10;Expected: is &lt;100&gt;&#10;  Actual: &lt;16&gt;&#10;" type="java.lang.AssertionError"><![CDATA[java.lang.AssertionError: 
1 expectation failed.
JSON path size() doesn't match.
Expected: is <100>
  Actual: <16>

	at AutoTest.ClassifireIsAllRussianTest.getOkvedList(ClassifireIsAllRussianTest.java:124)
]]></failure>
    <system-out><![CDATA[HTTP/1.1 200 OK
Date: Wed, 13 Dec 2023 08:15:33 GMT
Server: Apache/2.4.23 (Win64)
Content-Length: 5490
Keep-Alive: timeout=5, max=99
Connection: Keep-Alive
Content-Type: application/json; charset=utf-8

[
    {
        "guid": "7a8f5b9f-8465-11ee-b5b1-005056013b0c",
        "name": "Производство мороженого",
        "nameFull": "Производство мороженого",
        "code": "10.52",
        "archive": false,
        "dateOutputArchive": "0001-01-01T00:00:00Z"
    },
    {
        "guid": "6fce15d0-676a-11ee-b5b0-005056013b0c",
        "name": "Торговля оптовая скобяными изделиями, водопроводным и отопительным оборудованием и принадлежностями",
        "nameFull": "Торговля оптовая скобяными изделиями, водопроводным и отопительным оборудованием и принадлежностями",
        "code": "46.74",
        "archive": false,
        "dateOutputArchive": "0001-01-01T00:00:00Z"
    },
    {
        "guid": "377593d9-168f-11ee-b5ab-a0dc07f9a67b",
        "name": "456546",
        "nameFull": "ф",
        "code": "12321",
        "archive": false,
        "dateOutputArchive": "0001-01-01T00:00:00Z"
    },
    {
        "guid": "a13b5871-5eac-11ee-b5b0-005056013b0c",
        "name": "Торговля оптовая автомобильными деталями, узлами и принадлежностями",
        "nameFull": "Торговля оптовая автомобильными деталями, узлами и принадлежностями",
        "code": "45.31",
        "archive": false,
        "dateOutputArchive": "0001-01-01T00:00:00Z"
    },
    {
        "guid": "26427328-5e19-11ee-b5b0-005056013b0c",
        "name": "Выращивание зерновых культур13",
        "nameFull": "Выращивание зерновых культур   ввввввввввв",
        "code": "01.11.1",
        "archive": false,
        "dateOutputArchive": "0001-01-01T00:00:00Z"
    },
    {
        "guid": "7bd09e60-5ecc-11ee-b5b0-005056013b0c",
        "name": "Торговля розничная в нестационарных торговых объектах и на рынках пищевыми продуктами, напитками и табачной продукцией",
        "nameFull": "Торговля розничная в нестационарных торговых объектах и на рынках пищевыми продуктами, напитками и табачной продукцией",
        "code": "47.81",
        "archive": false,
        "dateOutputArchive": "0001-01-01T00:00:00Z"
    },
    {
        "guid": "fe522dbf-60f9-11ee-b5b0-005056013b0c",
        "name": "Ремонт бытовой техники",
        "nameFull": "Ремонт бытовой техники",
        "code": "95.22.1",
        "archive": false,
        "dateOutputArchive": "0001-01-01T00:00:00Z"
    },
    {
        "guid": "2b8dbd2e-845a-4734-9058-f5c6301475bd",
        "name": "10-02",
        "nameFull": "Полное наименование 10-02",
        "code": "10-02",
        "archive": false,
        "dateOutputArchive": "0001-01-01T00:00:00Z"
    },
    {
        "guid": "058a931a-6281-11ee-b5b0-005056013b0c",
        "name": "Деятельность по складированию и хранению",
        "nameFull": "Деятельность по складированию и хранению",
        "code": "52.10",
        "archive": false,
        "dateOutputArchive": "0001-01-01T00:00:00Z"
    },
    {
        "guid": "2b0b8e3b-6cd5-11ee-b5b0-005056013b0c",
        "name": "Ремонт обуви и прочих изделий из кожи",
        "nameFull": "Ремонт обуви и прочих изделий из кожи",
        "code": "95.23",
        "archive": false,
        "dateOutputArchive": "0001-01-01T00:00:00Z"
    },
    {
        "guid": "70fe9829-6c09-11ee-b5b0-005056013b0c",
        "name": "Новый ОКВЭД",
        "nameFull": "",
        "code": "567",
        "archive": false,
        "dateOutputArchive": "0001-01-01T00:00:00Z"
    },
    {
        "guid": "306ec00f-667a-11ee-b5b0-005056013b0c",
        "name": "Выращивание грибов и трюфелей17",
        "nameFull": "Выращивание грибов и трюфелей",
        "code": "01.13.6",
        "archive": false,
        "dateOutputArchive": "0001-01-01T00:00:00Z"
    },
    {
        "guid": "2ed6f3b4-5d26-11ee-b5b0-005056013b0c",
        "name": "Ванесса Редактирование ОКВЭД",
        "nameFull": "Производство мороженого редактирование Ванесса",
        "code": "11.11",
        "archive": false,
        "dateOutputArchive": "0001-01-01T00:00:00Z"
    },
    {
        "guid": "3cd8bb92-8ef7-11ee-b5b1-005056013b0c",
        "name": "Деятельность в области защиты информации",
        "nameFull": "Деятельность в области защиты информации",
        "code": "74.90.9",
        "archive": false,
        "dateOutputArchive": "0001-01-01T00:00:00Z"
    },
    {
        "guid": "92a128af-8ef7-11ee-b5b1-005056013b0c",
        "name": "Деятельность по созданию и использованию баз данных и информационных ресурсов",
        "nameFull": "Деятельность по созданию и использованию баз данных и информационных ресурсов",
        "code": "63.11.1",
        "archive": false,
        "dateOutputArchive": "0001-01-01T00:00:00Z"
    },
    {
        "guid": "55665407-92b6-11ee-b5b1-005056013b0c",
        "name": "Деятельность агентов по оптовой торговле топливом, рудами, металлами и химическими веществами",
        "nameFull": "Деятельность агентов по оптовой торговле топливом, рудами, металлами и химическими веществами",
        "code": "46.12",
        "archive": false,
        "dateOutputArchive": "0001-01-01T00:00:00Z"
    }
]
]]></system-out>
  </testcase>
  <testcase name="getOkvedList" classname="AutoTest.ClassifireIsAllRussianTest" time="1.014">
    <failure message="1 expectation failed.&#10;JSON path size() doesn&apos;t match.&#10;Expected: is &lt;199&gt;&#10;  Actual: &lt;16&gt;&#10;" type="java.lang.AssertionError"><![CDATA[java.lang.AssertionError: 
1 expectation failed.
JSON path size() doesn't match.
Expected: is <199>
  Actual: <16>

	at AutoTest.ClassifireIsAllRussianTest.getOkvedList(ClassifireIsAllRussianTest.java:124)
]]></failure>
    <system-out><![CDATA[HTTP/1.1 200 OK
Date: Wed, 13 Dec 2023 08:15:34 GMT
Server: Apache/2.4.23 (Win64)
Content-Length: 5490
Keep-Alive: timeout=5, max=99
Connection: Keep-Alive
Content-Type: application/json; charset=utf-8

[
    {
        "guid": "7a8f5b9f-8465-11ee-b5b1-005056013b0c",
        "name": "Производство мороженого",
        "nameFull": "Производство мороженого",
        "code": "10.52",
        "archive": false,
        "dateOutputArchive": "0001-01-01T00:00:00Z"
    },
    {
        "guid": "6fce15d0-676a-11ee-b5b0-005056013b0c",
        "name": "Торговля оптовая скобяными изделиями, водопроводным и отопительным оборудованием и принадлежностями",
        "nameFull": "Торговля оптовая скобяными изделиями, водопроводным и отопительным оборудованием и принадлежностями",
        "code": "46.74",
        "archive": false,
        "dateOutputArchive": "0001-01-01T00:00:00Z"
    },
    {
        "guid": "377593d9-168f-11ee-b5ab-a0dc07f9a67b",
        "name": "456546",
        "nameFull": "ф",
        "code": "12321",
        "archive": false,
        "dateOutputArchive": "0001-01-01T00:00:00Z"
    },
    {
        "guid": "a13b5871-5eac-11ee-b5b0-005056013b0c",
        "name": "Торговля оптовая автомобильными деталями, узлами и принадлежностями",
        "nameFull": "Торговля оптовая автомобильными деталями, узлами и принадлежностями",
        "code": "45.31",
        "archive": false,
        "dateOutputArchive": "0001-01-01T00:00:00Z"
    },
    {
        "guid": "26427328-5e19-11ee-b5b0-005056013b0c",
        "name": "Выращивание зерновых культур13",
        "nameFull": "Выращивание зерновых культур   ввввввввввв",
        "code": "01.11.1",
        "archive": false,
        "dateOutputArchive": "0001-01-01T00:00:00Z"
    },
    {
        "guid": "7bd09e60-5ecc-11ee-b5b0-005056013b0c",
        "name": "Торговля розничная в нестационарных торговых объектах и на рынках пищевыми продуктами, напитками и табачной продукцией",
        "nameFull": "Торговля розничная в нестационарных торговых объектах и на рынках пищевыми продуктами, напитками и табачной продукцией",
        "code": "47.81",
        "archive": false,
        "dateOutputArchive": "0001-01-01T00:00:00Z"
    },
    {
        "guid": "fe522dbf-60f9-11ee-b5b0-005056013b0c",
        "name": "Ремонт бытовой техники",
        "nameFull": "Ремонт бытовой техники",
        "code": "95.22.1",
        "archive": false,
        "dateOutputArchive": "0001-01-01T00:00:00Z"
    },
    {
        "guid": "2b8dbd2e-845a-4734-9058-f5c6301475bd",
        "name": "10-02",
        "nameFull": "Полное наименование 10-02",
        "code": "10-02",
        "archive": false,
        "dateOutputArchive": "0001-01-01T00:00:00Z"
    },
    {
        "guid": "058a931a-6281-11ee-b5b0-005056013b0c",
        "name": "Деятельность по складированию и хранению",
        "nameFull": "Деятельность по складированию и хранению",
        "code": "52.10",
        "archive": false,
        "dateOutputArchive": "0001-01-01T00:00:00Z"
    },
    {
        "guid": "2b0b8e3b-6cd5-11ee-b5b0-005056013b0c",
        "name": "Ремонт обуви и прочих изделий из кожи",
        "nameFull": "Ремонт обуви и прочих изделий из кожи",
        "code": "95.23",
        "archive": false,
        "dateOutputArchive": "0001-01-01T00:00:00Z"
    },
    {
        "guid": "70fe9829-6c09-11ee-b5b0-005056013b0c",
        "name": "Новый ОКВЭД",
        "nameFull": "",
        "code": "567",
        "archive": false,
        "dateOutputArchive": "0001-01-01T00:00:00Z"
    },
    {
        "guid": "306ec00f-667a-11ee-b5b0-005056013b0c",
        "name": "Выращивание грибов и трюфелей17",
        "nameFull": "Выращивание грибов и трюфелей",
        "code": "01.13.6",
        "archive": false,
        "dateOutputArchive": "0001-01-01T00:00:00Z"
    },
    {
        "guid": "2ed6f3b4-5d26-11ee-b5b0-005056013b0c",
        "name": "Ванесса Редактирование ОКВЭД",
        "nameFull": "Производство мороженого редактирование Ванесса",
        "code": "11.11",
        "archive": false,
        "dateOutputArchive": "0001-01-01T00:00:00Z"
    },
    {
        "guid": "3cd8bb92-8ef7-11ee-b5b1-005056013b0c",
        "name": "Деятельность в области защиты информации",
        "nameFull": "Деятельность в области защиты информации",
        "code": "74.90.9",
        "archive": false,
        "dateOutputArchive": "0001-01-01T00:00:00Z"
    },
    {
        "guid": "92a128af-8ef7-11ee-b5b1-005056013b0c",
        "name": "Деятельность по созданию и использованию баз данных и информационных ресурсов",
        "nameFull": "Деятельность по созданию и использованию баз данных и информационных ресурсов",
        "code": "63.11.1",
        "archive": false,
        "dateOutputArchive": "0001-01-01T00:00:00Z"
    },
    {
        "guid": "55665407-92b6-11ee-b5b1-005056013b0c",
        "name": "Деятельность агентов по оптовой торговле топливом, рудами, металлами и химическими веществами",
        "nameFull": "Деятельность агентов по оптовой торговле топливом, рудами, металлами и химическими веществами",
        "code": "46.12",
        "archive": false,
        "dateOutputArchive": "0001-01-01T00:00:00Z"
    }
]
]]></system-out>
  </testcase>
  <testcase name="getOkvedList" classname="AutoTest.ClassifireIsAllRussianTest" time="0.993">
    <failure message="1 expectation failed.&#10;JSON path size() doesn&apos;t match.&#10;Expected: is &lt;200&gt;&#10;  Actual: &lt;16&gt;&#10;" type="java.lang.AssertionError"><![CDATA[java.lang.AssertionError: 
1 expectation failed.
JSON path size() doesn't match.
Expected: is <200>
  Actual: <16>

	at AutoTest.ClassifireIsAllRussianTest.getOkvedList(ClassifireIsAllRussianTest.java:124)
]]></failure>
    <system-out><![CDATA[HTTP/1.1 200 OK
Date: Wed, 13 Dec 2023 08:15:35 GMT
Server: Apache/2.4.23 (Win64)
Content-Length: 5490
Keep-Alive: timeout=5, max=99
Connection: Keep-Alive
Content-Type: application/json; charset=utf-8

[
    {
        "guid": "7a8f5b9f-8465-11ee-b5b1-005056013b0c",
        "name": "Производство мороженого",
        "nameFull": "Производство мороженого",
        "code": "10.52",
        "archive": false,
        "dateOutputArchive": "0001-01-01T00:00:00Z"
    },
    {
        "guid": "6fce15d0-676a-11ee-b5b0-005056013b0c",
        "name": "Торговля оптовая скобяными изделиями, водопроводным и отопительным оборудованием и принадлежностями",
        "nameFull": "Торговля оптовая скобяными изделиями, водопроводным и отопительным оборудованием и принадлежностями",
        "code": "46.74",
        "archive": false,
        "dateOutputArchive": "0001-01-01T00:00:00Z"
    },
    {
        "guid": "377593d9-168f-11ee-b5ab-a0dc07f9a67b",
        "name": "456546",
        "nameFull": "ф",
        "code": "12321",
        "archive": false,
        "dateOutputArchive": "0001-01-01T00:00:00Z"
    },
    {
        "guid": "a13b5871-5eac-11ee-b5b0-005056013b0c",
        "name": "Торговля оптовая автомобильными деталями, узлами и принадлежностями",
        "nameFull": "Торговля оптовая автомобильными деталями, узлами и принадлежностями",
        "code": "45.31",
        "archive": false,
        "dateOutputArchive": "0001-01-01T00:00:00Z"
    },
    {
        "guid": "26427328-5e19-11ee-b5b0-005056013b0c",
        "name": "Выращивание зерновых культур13",
        "nameFull": "Выращивание зерновых культур   ввввввввввв",
        "code": "01.11.1",
        "archive": false,
        "dateOutputArchive": "0001-01-01T00:00:00Z"
    },
    {
        "guid": "7bd09e60-5ecc-11ee-b5b0-005056013b0c",
        "name": "Торговля розничная в нестационарных торговых объектах и на рынках пищевыми продуктами, напитками и табачной продукцией",
        "nameFull": "Торговля розничная в нестационарных торговых объектах и на рынках пищевыми продуктами, напитками и табачной продукцией",
        "code": "47.81",
        "archive": false,
        "dateOutputArchive": "0001-01-01T00:00:00Z"
    },
    {
        "guid": "fe522dbf-60f9-11ee-b5b0-005056013b0c",
        "name": "Ремонт бытовой техники",
        "nameFull": "Ремонт бытовой техники",
        "code": "95.22.1",
        "archive": false,
        "dateOutputArchive": "0001-01-01T00:00:00Z"
    },
    {
        "guid": "2b8dbd2e-845a-4734-9058-f5c6301475bd",
        "name": "10-02",
        "nameFull": "Полное наименование 10-02",
        "code": "10-02",
        "archive": false,
        "dateOutputArchive": "0001-01-01T00:00:00Z"
    },
    {
        "guid": "058a931a-6281-11ee-b5b0-005056013b0c",
        "name": "Деятельность по складированию и хранению",
        "nameFull": "Деятельность по складированию и хранению",
        "code": "52.10",
        "archive": false,
        "dateOutputArchive": "0001-01-01T00:00:00Z"
    },
    {
        "guid": "2b0b8e3b-6cd5-11ee-b5b0-005056013b0c",
        "name": "Ремонт обуви и прочих изделий из кожи",
        "nameFull": "Ремонт обуви и прочих изделий из кожи",
        "code": "95.23",
        "archive": false,
        "dateOutputArchive": "0001-01-01T00:00:00Z"
    },
    {
        "guid": "70fe9829-6c09-11ee-b5b0-005056013b0c",
        "name": "Новый ОКВЭД",
        "nameFull": "",
        "code": "567",
        "archive": false,
        "dateOutputArchive": "0001-01-01T00:00:00Z"
    },
    {
        "guid": "306ec00f-667a-11ee-b5b0-005056013b0c",
        "name": "Выращивание грибов и трюфелей17",
        "nameFull": "Выращивание грибов и трюфелей",
        "code": "01.13.6",
        "archive": false,
        "dateOutputArchive": "0001-01-01T00:00:00Z"
    },
    {
        "guid": "2ed6f3b4-5d26-11ee-b5b0-005056013b0c",
        "name": "Ванесса Редактирование ОКВЭД",
        "nameFull": "Производство мороженого редактирование Ванесса",
        "code": "11.11",
        "archive": false,
        "dateOutputArchive": "0001-01-01T00:00:00Z"
    },
    {
        "guid": "3cd8bb92-8ef7-11ee-b5b1-005056013b0c",
        "name": "Деятельность в области защиты информации",
        "nameFull": "Деятельность в области защиты информации",
        "code": "74.90.9",
        "archive": false,
        "dateOutputArchive": "0001-01-01T00:00:00Z"
    },
    {
        "guid": "92a128af-8ef7-11ee-b5b1-005056013b0c",
        "name": "Деятельность по созданию и использованию баз данных и информационных ресурсов",
        "nameFull": "Деятельность по созданию и использованию баз данных и информационных ресурсов",
        "code": "63.11.1",
        "archive": false,
        "dateOutputArchive": "0001-01-01T00:00:00Z"
    },
    {
        "guid": "55665407-92b6-11ee-b5b1-005056013b0c",
        "name": "Деятельность агентов по оптовой торговле топливом, рудами, металлами и химическими веществами",
        "nameFull": "Деятельность агентов по оптовой торговле топливом, рудами, металлами и химическими веществами",
        "code": "46.12",
        "archive": false,
        "dateOutputArchive": "0001-01-01T00:00:00Z"
    }
]
]]></system-out>
  </testcase>
  <testcase name="getOkvedListStepIsEmpty" classname="AutoTest.ClassifireIsAllRussianTest" time="0.965"/>
  <testcase name="getOkvedListStepMaxPlus" classname="AutoTest.ClassifireIsAllRussianTest" time="0.989"/>
  <testcase name="getOkvedListStepMaxPlus" classname="AutoTest.ClassifireIsAllRussianTest" time="0.993"/>
  <testcase name="getOkvedListStepMaxPlus" classname="AutoTest.ClassifireIsAllRussianTest" time="1.002"/>
  <testcase name="getOkvedListStepMaxPlus" classname="AutoTest.ClassifireIsAllRussianTest" time="0.985"/>
  <testcase name="getOkvedListStepMaxPlus" classname="AutoTest.ClassifireIsAllRussianTest" time="1.305"/>
  <testcase name="getOkvedListStepMaxPlus" classname="AutoTest.ClassifireIsAllRussianTest" time="0.717"/>
  <testcase name="getOkvedListStepMaxPlus" classname="AutoTest.ClassifireIsAllRussianTest" time="0.984"/>
  <testcase name="getOkvedListStepMaxPlus" classname="AutoTest.ClassifireIsAllRussianTest" time="1.053"/>
  <testcase name="getOkvedListStepMaxPlus" classname="AutoTest.ClassifireIsAllRussianTest" time="0.994"/>
  <testcase name="getOkvedListStepMaxPlus" classname="AutoTest.ClassifireIsAllRussianTest" time="0.991"/>
  <testcase name="getOkvedListStepMaxPlus" classname="AutoTest.ClassifireIsAllRussianTest" time="0.987"/>
  <testcase name="getOkvedListStepMaxPlus" classname="AutoTest.ClassifireIsAllRussianTest" time="0.975"/>
  <testcase name="getOkvedListStepMaxPlus" classname="AutoTest.ClassifireIsAllRussianTest" time="1.329"/>
  <testcase name="getOkvedListStepMaxPlus" classname="AutoTest.ClassifireIsAllRussianTest" time="0.715"/>
  <testcase name="getOkvedListStepMaxPlus" classname="AutoTest.ClassifireIsAllRussianTest" time="1.003"/>
  <testcase name="getRegionGuid" classname="AutoTest.ClassifireIsAllRussianTest" time="0.989"/>
  <testcase name="getRegionGuidNotExist" classname="AutoTest.ClassifireIsAllRussianTest" time="1.201"/>
  <testcase name="getRegionGuidNotExist" classname="AutoTest.ClassifireIsAllRussianTest" time="0.809"/>
  <testcase name="getRegionGuidNotExist" classname="AutoTest.ClassifireIsAllRussianTest" time="0.972"/>
  <testcase name="getRegionGuidNotExist" classname="AutoTest.ClassifireIsAllRussianTest" time="4.035"/>
  <testcase name="getRegionGuidNotExist" classname="AutoTest.ClassifireIsAllRussianTest" time="0.99"/>
  <testcase name="getRegionGuidNotExist" classname="AutoTest.ClassifireIsAllRussianTest" time="1.002"/>
  <testcase name="getRegionGuidNotExist" classname="AutoTest.ClassifireIsAllRussianTest" time="1.021"/>
  <testcase name="getRegionGuidNotExist" classname="AutoTest.ClassifireIsAllRussianTest" time="1.017"/>
  <testcase name="getRegionGuidNotExist" classname="AutoTest.ClassifireIsAllRussianTest" time="0.953"/>
  <testcase name="getRegionGuidNotExist" classname="AutoTest.ClassifireIsAllRussianTest" time="1.068"/>
  <testcase name="getRegionGuidNotExist" classname="AutoTest.ClassifireIsAllRussianTest" time="0.987"/>
  <testcase name="getRegionList" classname="AutoTest.ClassifireIsAllRussianTest" time="1.043"/>
  <testcase name="getRegionList" classname="AutoTest.ClassifireIsAllRussianTest" time="0.965"/>
  <testcase name="getRegionList" classname="AutoTest.ClassifireIsAllRussianTest" time="1.019"/>
  <testcase name="getRegionList" classname="AutoTest.ClassifireIsAllRussianTest" time="1.015"/>
  <testcase name="getRegionList" classname="AutoTest.ClassifireIsAllRussianTest" time="1.079"/>
  <testcase name="getRegionList" classname="AutoTest.ClassifireIsAllRussianTest" time="0.992"/>
  <testcase name="getRegionListStepIsEmpty" classname="AutoTest.ClassifireIsAllRussianTest" time="0.995"/>
  <testcase name="getRegionListStepMaxPlus" classname="AutoTest.ClassifireIsAllRussianTest" time="0.878"/>
  <testcase name="getRegionListStepMaxPlus" classname="AutoTest.ClassifireIsAllRussianTest" time="1.046"/>
  <testcase name="getRegionListStepMaxPlus" classname="AutoTest.ClassifireIsAllRussianTest" time="3.992"/>
  <testcase name="getRegionListStepMaxPlus" classname="AutoTest.ClassifireIsAllRussianTest" time="1.006"/>
  <testcase name="getRegionListStepMaxPlus" classname="AutoTest.ClassifireIsAllRussianTest" time="1.086"/>
  <testcase name="getRegionListStepMaxPlus" classname="AutoTest.ClassifireIsAllRussianTest" time="0.885"/>
  <testcase name="getRegionListStepMaxPlus" classname="AutoTest.ClassifireIsAllRussianTest" time="1.042"/>
  <testcase name="getRegionListStepMaxPlus" classname="AutoTest.ClassifireIsAllRussianTest" time="1.102"/>
  <testcase name="getRegionListStepMaxPlus" classname="AutoTest.ClassifireIsAllRussianTest" time="0.935"/>
  <testcase name="getRegionListStepMaxPlus" classname="AutoTest.ClassifireIsAllRussianTest" time="0.94"/>
  <testcase name="getRegionListStepMaxPlus" classname="AutoTest.ClassifireIsAllRussianTest" time="1.023"/>
  <testcase name="getRegionListStepMaxPlus" classname="AutoTest.ClassifireIsAllRussianTest" time="1.028"/>
  <testcase name="getRegionListStepMaxPlus" classname="AutoTest.ClassifireIsAllRussianTest" time="0.948"/>
  <testcase name="getRegionListStepMaxPlus" classname="AutoTest.ClassifireIsAllRussianTest" time="1.016"/>
  <testcase name="getRegionListStepMaxPlus" classname="AutoTest.ClassifireIsAllRussianTest" time="0.994"/>
  <testcase name="getTnvedGuid" classname="AutoTest.ClassifireIsAllRussianTest" time="1.049"/>
  <testcase name="getTnvedGuidNotExist" classname="AutoTest.ClassifireIsAllRussianTest" time="0.939"/>
  <testcase name="getTnvedGuidNotExist" classname="AutoTest.ClassifireIsAllRussianTest" time="0.999"/>
  <testcase name="getTnvedGuidNotExist" classname="AutoTest.ClassifireIsAllRussianTest" time="1.042"/>
  <testcase name="getTnvedGuidNotExist" classname="AutoTest.ClassifireIsAllRussianTest" time="1.001"/>
  <testcase name="getTnvedGuidNotExist" classname="AutoTest.ClassifireIsAllRussianTest" time="1.004"/>
  <testcase name="getTnvedGuidNotExist" classname="AutoTest.ClassifireIsAllRussianTest" time="1.005"/>
  <testcase name="getTnvedGuidNotExist" classname="AutoTest.ClassifireIsAllRussianTest" time="0.994"/>
  <testcase name="getTnvedGuidNotExist" classname="AutoTest.ClassifireIsAllRussianTest" time="0.981"/>
  <testcase name="getTnvedGuidNotExist" classname="AutoTest.ClassifireIsAllRussianTest" time="0.991"/>
  <testcase name="getTnvedGuidNotExist" classname="AutoTest.ClassifireIsAllRussianTest" time="0.998"/>
  <testcase name="getTnvedGuidNotExist" classname="AutoTest.ClassifireIsAllRussianTest" time="1.03"/>
  <testcase name="getTnvedList" classname="AutoTest.ClassifireIsAllRussianTest" time="0.988"/>
  <testcase name="getTnvedList" classname="AutoTest.ClassifireIsAllRussianTest" time="1.021"/>
  <testcase name="getTnvedList" classname="AutoTest.ClassifireIsAllRussianTest" time="1.066"/>
  <testcase name="getTnvedList" classname="AutoTest.ClassifireIsAllRussianTest" time="0.952">
    <failure message="expected: &lt;18&gt; but was: &lt;100&gt;" type="org.opentest4j.AssertionFailedError"><![CDATA[org.opentest4j.AssertionFailedError: expected: <18> but was: <100>
	at AutoTest.ClassifireIsAllRussianTest.getTnvedList(ClassifireIsAllRussianTest.java:208)
]]></failure>
    <system-out><![CDATA[HTTP/1.1 200 OK
Date: Wed, 13 Dec 2023 08:16:47 GMT
Server: Apache/2.4.23 (Win64)
Content-Length: 11854
Keep-Alive: timeout=5, max=99
Connection: Keep-Alive
Content-Type: application/json; charset=utf-8

[
    {
        "guid": "8c496b15-23e3-11ee-b5ac-005056013b0c",
        "code": "0106141010",
        "name": "Живые животные прочие: млекопитающие: кролики и зайцы: кролики домашние: для научно- исследовательских целей",
        "nameFull": "Живые животные прочие: млекопитающие: кролики и зайцы: кролики домашние: для научно- исследовательских целей",
        "unit": "77b6212f-fd66-11df-ad89-001cc40d947c",
        "commodity": false,
        "traceableItem": false,
        "archive": false,
        "dateOutputArchive": "0001-01-01T00:00:00Z"
    },
    {
        "guid": "0b08409d-61eb-11ee-b5b0-005056013b0c",
        "code": "0201300004",
        "name": "Мясо крупного рогатого скота, свежее или охлажденное: мясо обваленное: в порядке, указанном в дополнительном примечании Евразийского экономического со",
        "nameFull": "Мясо крупного рогатого скота, свежее или охлажденное: мясо обваленное: в порядке, указанном в дополнительном примечании Евразийского экономического союза 3 к группе 02, кроме включенных в подсубпозицию 0201 30 000 5 или 0201 30 000 6",
        "unit": "3107dadb-fd6a-11df-ad89-001cc40d947c",
        "commodity": false,
        "traceableItem": false,
        "archive": false,
        "dateOutputArchive": "0001-01-01T00:00:00Z"
    },
    {
        "guid": "08082361-60f8-11ee-b5b0-005056013b0c",
        "code": "0102310000",
        "name": "Крупный рогатый скот живой: буйволы: чистопородные племенные животные",
        "nameFull": "Крупный рогатый скот живой: буйволы: чистопородные племенные животные",
        "unit": "77b6212f-fd66-11df-ad89-001cc40d947c",
        "commodity": false,
        "traceableItem": false,
        "archive": false,
        "dateOutputArchive": "0001-01-01T00:00:00Z"
    },
    {
        "guid": "e7d73f65-5ec1-11ee-b5b0-005056013b0c",
        "code": "0106190099",
        "name": "Живые животные прочие: млекопитающие: прочие: прочие: прочие",
        "nameFull": "Живые животные прочие: млекопитающие: прочие: прочие: прочие",
        "unit": "77b6212f-fd66-11df-ad89-001cc40d947c",
        "commodity": false,
        "traceableItem": false,
        "archive": false,
        "dateOutputArchive": "0001-01-01T00:00:00Z"
    },
    {
        "guid": "5d9e84fb-60f8-11ee-b5b0-005056013b0c",
        "code": "0105150000",
        "name": "Домашняя птица живая, то есть куры домашние (Gallus domesticus), утки, гуси, индейки и цесарки: массой не более 185 г: цесарки",
        "nameFull": "Домашняя птица живая, то есть куры домашние (Gallus domesticus), утки, гуси, индейки и цесарки: массой не более 185 г: цесарки",
        "unit": "77b6212f-fd66-11df-ad89-001cc40d947c",
        "commodity": false,
        "traceableItem": false,
        "archive": false,
        "dateOutputArchive": "0001-01-01T00:00:00Z"
    },
    {
        "guid": "cbdd5c7f-6adc-463e-92e9-ab080541f34e",
        "code": "10-02",
        "name": "ТЕСТ 10-02",
        "nameFull": "Полное наименование 10-02",
        "unit": "8db7b2a2-fd67-11df-ad89-001cc40d947c",
        "commodity": true,
        "traceableItem": false,
        "archive": false,
        "dateOutputArchive": "0001-01-01T00:00:00Z"
    },
    {
        "guid": "95ed9b71-6281-11ee-b5b0-005056013b0c",
        "code": "0202205001",
        "name": "Мясо крупного рогатого скота, замороженное: прочие отруба, необваленные: неразделенные или разделенные задние четвертины: в порядке, указанном в допол",
        "nameFull": "Мясо крупного рогатого скота, замороженное: прочие отруба, необваленные: неразделенные или разделенные задние четвертины: в порядке, указанном в дополнительном примечании Евразийского экономического союза 1 к группе 02, кроме включенных в подсубпозицию 02",
        "unit": "3107dadb-fd6a-11df-ad89-001cc40d947c",
        "commodity": false,
        "traceableItem": false,
        "archive": false,
        "dateOutputArchive": "0001-01-01T00:00:00Z"
    },
    {
        "guid": "1074b5aa-6373-11ee-b5b0-005056013b0c",
        "code": "0204210000",
        "name": "Баранина или козлятина свежая, охлажденная или замороженная: прочая баранина, свежая или охлажденная: туши и полутуши",
        "nameFull": "Баранина или козлятина свежая, охлажденная или замороженная: прочая баранина, свежая или охлажденная: туши и полутуши",
        "unit": "3107dadb-fd6a-11df-ad89-001cc40d947c",
        "commodity": false,
        "traceableItem": false,
        "archive": false,
        "dateOutputArchive": "0001-01-01T00:00:00Z"
    },
    {
        "guid": "04a7ad70-667b-11ee-b5b0-005056013b0c",
        "code": "0103921100",
        "name": "Свиньи живые: прочие: массой 50 кг или более: домашние виды: свиноматки массой не менее 160 кг, имевшие по крайней мере один опорос",
        "nameFull": "Свиньи живые: прочие: массой 50 кг или более: домашние виды: свиноматки массой не менее 160 кг, имевшие по крайней мере один опорос",
        "unit": "77b6212f-fd66-11df-ad89-001cc40d947c",
        "commodity": false,
        "traceableItem": false,
        "archive": false,
        "dateOutputArchive": "0001-01-01T00:00:00Z"
    },
    {
        "guid": "0efe5690-6770-11ee-b5b0-005056013b0c",
        "code": "0201203003",
        "name": "Мясо крупного рогатого скота, свежее или охлажденное: прочие отруба, необваленные: неразделенные или разделенные передние четвертины: прочие: высокока",
        "nameFull": "Мясо крупного рогатого скота, свежее или охлажденное: прочие отруба, необваленные: неразделенные или разделенные передние четвертины: прочие: высококачественная говядина12)",
        "unit": "3107dadb-fd6a-11df-ad89-001cc40d947c",
        "commodity": false,
        "traceableItem": false,
        "archive": false,
        "dateOutputArchive": "0001-01-01T00:00:00Z"
    },
    {
        "guid": "71ee7145-60fa-11ee-b5b0-005056013b0c",
        "code": "0101900000",
        "name": "Лошади, ослы, мулы и лошаки живые: прочие",
        "nameFull": "Лошади",
        "unit": "3107dadb-fd6a-11df-ad89-001cc40d947c",
        "commodity": false,
        "traceableItem": false,
        "archive": false,
        "dateOutputArchive": "0001-01-01T00:00:00Z"
    },
    {
        "guid": "6a33bbef-6c0a-11ee-b5b0-005056013b0c",
        "code": "0104201000",
        "name": "Овцы и козы живые: козы: чистопородные племенные животные",
        "nameFull": "Овцы и козы живые: козы: чистопородные племенные животные",
        "unit": "77b6212f-fd66-11df-ad89-001cc40d947c",
        "commodity": false,
        "traceableItem": false,
        "archive": false,
        "dateOutputArchive": "0001-01-01T00:00:00Z"
    },
    {
        "guid": "aa7dbdce-5ecc-11ee-b5b0-005056013b0c",
        "code": "0101291000",
        "name": "Лошади17",
        "nameFull": "Лошади, ослы, мулы и лошаки живые: лошади: прочие: убойные",
        "unit": "77b6212f-fd66-11df-ad89-001cc40d947c",
        "commodity": false,
        "traceableItem": false,
        "archive": false,
        "dateOutputArchive": "0001-01-01T00:00:00Z"
    },
    {
        "guid": "5d573e32-6cd5-11ee-b5b0-005056013b0c",
        "code": "0204439000",
        "name": "Баранина или козлятина свежая, охлажденная или замороженная: прочая баранина, замороженная: мясо обваленное: прочее",
        "nameFull": "Баранина или козлятина свежая, охлажденная или замороженная: прочая баранина, замороженная: мясо обваленное: прочее",
        "unit": "3107dadb-fd6a-11df-ad89-001cc40d947c",
        "commodity": false,
        "traceableItem": false,
        "archive": false,
        "dateOutputArchive": "0001-01-01T00:00:00Z"
    },
    {
        "guid": "0cbe880c-846a-11ee-b5b1-005056013b0c",
        "code": "0105992000",
        "name": "Домашняя птица живая, то есть куры домашние (Gallus domesticus), утки, гуси, индейки и цесарки: прочие: прочие: гуси",
        "nameFull": "Домашняя птица живая, то есть куры домашние (Gallus domesticus), утки, гуси, индейки и цесарки: прочие: прочие: гуси",
        "unit": "77b6212f-fd66-11df-ad89-001cc40d947c",
        "commodity": false,
        "traceableItem": false,
        "archive": false,
        "dateOutputArchive": "0001-01-01T00:00:00Z"
    },
    {
        "guid": "16d15449-846b-11ee-b5b1-005056013b0c",
        "code": "0101210000",
        "name": "Лошади, ослы, мулы и лошаки живые: лошади: чистопородные племенные животные",
        "nameFull": "Лошади, ослы, мулы и лошаки живые: лошади: чистопородные племенные животные",
        "unit": "77b6212f-fd66-11df-ad89-001cc40d947c",
        "commodity": false,
        "traceableItem": false,
        "archive": false,
        "dateOutputArchive": "0001-01-01T00:00:00Z"
    },
    {
        "guid": "2afe7167-846a-11ee-b5b1-005056013b0c",
        "code": "8524120022",
        "name": "Модули с плоской дисплейной панелью, в том числе с сенсорным экраном: без драйверов или цепей управления: на органических светодиодах предназначенные ",
        "nameFull": "Модули с плоской дисплейной панелью, в том числе с сенсорным экраном: без драйверов или цепей управления: на органических светодиодах предназначенные для товаров товарных позиций 8508 – 8510, 8535 – 8537 или 8548: для товаров товарной позиции 8512: для пр",
        "unit": "77b6212f-fd66-11df-ad89-001cc40d947c",
        "commodity": false,
        "traceableItem": false,
        "archive": false,
        "dateOutputArchive": "0001-01-01T00:00:00Z"
    },
    {
        "guid": "2b0703eb-92bd-11ee-b5b1-005056013b0c",
        "code": "0102295900",
        "name": "Крупный рогатый скот живой: домашний крупный рогатый скот: прочие: прочие: массой более 300 кг: нетели (самки крупного рогатого скота до первого отела",
        "nameFull": "Крупный рогатый скот живой: домашний крупный рогатый скот: прочие: прочие: массой более 300 кг: нетели (самки крупного рогатого скота до первого отела): прочие",
        "unit": "77b6212f-fd66-11df-ad89-001cc40d947c",
        "commodity": false,
        "traceableItem": false,
        "archive": false,
        "dateOutputArchive": "0001-01-01T00:00:00Z"
    }
]
]]></system-out>
  </testcase>
  <testcase name="getTnvedList" classname="AutoTest.ClassifireIsAllRussianTest" time="1.062">
    <failure message="expected: &lt;18&gt; but was: &lt;199&gt;" type="org.opentest4j.AssertionFailedError"><![CDATA[org.opentest4j.AssertionFailedError: expected: <18> but was: <199>
	at AutoTest.ClassifireIsAllRussianTest.getTnvedList(ClassifireIsAllRussianTest.java:208)
]]></failure>
    <system-out><![CDATA[HTTP/1.1 200 OK
Date: Wed, 13 Dec 2023 08:16:48 GMT
Server: Apache/2.4.23 (Win64)
Content-Length: 11854
Keep-Alive: timeout=5, max=99
Connection: Keep-Alive
Content-Type: application/json; charset=utf-8

[
    {
        "guid": "8c496b15-23e3-11ee-b5ac-005056013b0c",
        "code": "0106141010",
        "name": "Живые животные прочие: млекопитающие: кролики и зайцы: кролики домашние: для научно- исследовательских целей",
        "nameFull": "Живые животные прочие: млекопитающие: кролики и зайцы: кролики домашние: для научно- исследовательских целей",
        "unit": "77b6212f-fd66-11df-ad89-001cc40d947c",
        "commodity": false,
        "traceableItem": false,
        "archive": false,
        "dateOutputArchive": "0001-01-01T00:00:00Z"
    },
    {
        "guid": "0b08409d-61eb-11ee-b5b0-005056013b0c",
        "code": "0201300004",
        "name": "Мясо крупного рогатого скота, свежее или охлажденное: мясо обваленное: в порядке, указанном в дополнительном примечании Евразийского экономического со",
        "nameFull": "Мясо крупного рогатого скота, свежее или охлажденное: мясо обваленное: в порядке, указанном в дополнительном примечании Евразийского экономического союза 3 к группе 02, кроме включенных в подсубпозицию 0201 30 000 5 или 0201 30 000 6",
        "unit": "3107dadb-fd6a-11df-ad89-001cc40d947c",
        "commodity": false,
        "traceableItem": false,
        "archive": false,
        "dateOutputArchive": "0001-01-01T00:00:00Z"
    },
    {
        "guid": "08082361-60f8-11ee-b5b0-005056013b0c",
        "code": "0102310000",
        "name": "Крупный рогатый скот живой: буйволы: чистопородные племенные животные",
        "nameFull": "Крупный рогатый скот живой: буйволы: чистопородные племенные животные",
        "unit": "77b6212f-fd66-11df-ad89-001cc40d947c",
        "commodity": false,
        "traceableItem": false,
        "archive": false,
        "dateOutputArchive": "0001-01-01T00:00:00Z"
    },
    {
        "guid": "e7d73f65-5ec1-11ee-b5b0-005056013b0c",
        "code": "0106190099",
        "name": "Живые животные прочие: млекопитающие: прочие: прочие: прочие",
        "nameFull": "Живые животные прочие: млекопитающие: прочие: прочие: прочие",
        "unit": "77b6212f-fd66-11df-ad89-001cc40d947c",
        "commodity": false,
        "traceableItem": false,
        "archive": false,
        "dateOutputArchive": "0001-01-01T00:00:00Z"
    },
    {
        "guid": "5d9e84fb-60f8-11ee-b5b0-005056013b0c",
        "code": "0105150000",
        "name": "Домашняя птица живая, то есть куры домашние (Gallus domesticus), утки, гуси, индейки и цесарки: массой не более 185 г: цесарки",
        "nameFull": "Домашняя птица живая, то есть куры домашние (Gallus domesticus), утки, гуси, индейки и цесарки: массой не более 185 г: цесарки",
        "unit": "77b6212f-fd66-11df-ad89-001cc40d947c",
        "commodity": false,
        "traceableItem": false,
        "archive": false,
        "dateOutputArchive": "0001-01-01T00:00:00Z"
    },
    {
        "guid": "cbdd5c7f-6adc-463e-92e9-ab080541f34e",
        "code": "10-02",
        "name": "ТЕСТ 10-02",
        "nameFull": "Полное наименование 10-02",
        "unit": "8db7b2a2-fd67-11df-ad89-001cc40d947c",
        "commodity": true,
        "traceableItem": false,
        "archive": false,
        "dateOutputArchive": "0001-01-01T00:00:00Z"
    },
    {
        "guid": "95ed9b71-6281-11ee-b5b0-005056013b0c",
        "code": "0202205001",
        "name": "Мясо крупного рогатого скота, замороженное: прочие отруба, необваленные: неразделенные или разделенные задние четвертины: в порядке, указанном в допол",
        "nameFull": "Мясо крупного рогатого скота, замороженное: прочие отруба, необваленные: неразделенные или разделенные задние четвертины: в порядке, указанном в дополнительном примечании Евразийского экономического союза 1 к группе 02, кроме включенных в подсубпозицию 02",
        "unit": "3107dadb-fd6a-11df-ad89-001cc40d947c",
        "commodity": false,
        "traceableItem": false,
        "archive": false,
        "dateOutputArchive": "0001-01-01T00:00:00Z"
    },
    {
        "guid": "1074b5aa-6373-11ee-b5b0-005056013b0c",
        "code": "0204210000",
        "name": "Баранина или козлятина свежая, охлажденная или замороженная: прочая баранина, свежая или охлажденная: туши и полутуши",
        "nameFull": "Баранина или козлятина свежая, охлажденная или замороженная: прочая баранина, свежая или охлажденная: туши и полутуши",
        "unit": "3107dadb-fd6a-11df-ad89-001cc40d947c",
        "commodity": false,
        "traceableItem": false,
        "archive": false,
        "dateOutputArchive": "0001-01-01T00:00:00Z"
    },
    {
        "guid": "04a7ad70-667b-11ee-b5b0-005056013b0c",
        "code": "0103921100",
        "name": "Свиньи живые: прочие: массой 50 кг или более: домашние виды: свиноматки массой не менее 160 кг, имевшие по крайней мере один опорос",
        "nameFull": "Свиньи живые: прочие: массой 50 кг или более: домашние виды: свиноматки массой не менее 160 кг, имевшие по крайней мере один опорос",
        "unit": "77b6212f-fd66-11df-ad89-001cc40d947c",
        "commodity": false,
        "traceableItem": false,
        "archive": false,
        "dateOutputArchive": "0001-01-01T00:00:00Z"
    },
    {
        "guid": "0efe5690-6770-11ee-b5b0-005056013b0c",
        "code": "0201203003",
        "name": "Мясо крупного рогатого скота, свежее или охлажденное: прочие отруба, необваленные: неразделенные или разделенные передние четвертины: прочие: высокока",
        "nameFull": "Мясо крупного рогатого скота, свежее или охлажденное: прочие отруба, необваленные: неразделенные или разделенные передние четвертины: прочие: высококачественная говядина12)",
        "unit": "3107dadb-fd6a-11df-ad89-001cc40d947c",
        "commodity": false,
        "traceableItem": false,
        "archive": false,
        "dateOutputArchive": "0001-01-01T00:00:00Z"
    },
    {
        "guid": "71ee7145-60fa-11ee-b5b0-005056013b0c",
        "code": "0101900000",
        "name": "Лошади, ослы, мулы и лошаки живые: прочие",
        "nameFull": "Лошади",
        "unit": "3107dadb-fd6a-11df-ad89-001cc40d947c",
        "commodity": false,
        "traceableItem": false,
        "archive": false,
        "dateOutputArchive": "0001-01-01T00:00:00Z"
    },
    {
        "guid": "6a33bbef-6c0a-11ee-b5b0-005056013b0c",
        "code": "0104201000",
        "name": "Овцы и козы живые: козы: чистопородные племенные животные",
        "nameFull": "Овцы и козы живые: козы: чистопородные племенные животные",
        "unit": "77b6212f-fd66-11df-ad89-001cc40d947c",
        "commodity": false,
        "traceableItem": false,
        "archive": false,
        "dateOutputArchive": "0001-01-01T00:00:00Z"
    },
    {
        "guid": "aa7dbdce-5ecc-11ee-b5b0-005056013b0c",
        "code": "0101291000",
        "name": "Лошади17",
        "nameFull": "Лошади, ослы, мулы и лошаки живые: лошади: прочие: убойные",
        "unit": "77b6212f-fd66-11df-ad89-001cc40d947c",
        "commodity": false,
        "traceableItem": false,
        "archive": false,
        "dateOutputArchive": "0001-01-01T00:00:00Z"
    },
    {
        "guid": "5d573e32-6cd5-11ee-b5b0-005056013b0c",
        "code": "0204439000",
        "name": "Баранина или козлятина свежая, охлажденная или замороженная: прочая баранина, замороженная: мясо обваленное: прочее",
        "nameFull": "Баранина или козлятина свежая, охлажденная или замороженная: прочая баранина, замороженная: мясо обваленное: прочее",
        "unit": "3107dadb-fd6a-11df-ad89-001cc40d947c",
        "commodity": false,
        "traceableItem": false,
        "archive": false,
        "dateOutputArchive": "0001-01-01T00:00:00Z"
    },
    {
        "guid": "0cbe880c-846a-11ee-b5b1-005056013b0c",
        "code": "0105992000",
        "name": "Домашняя птица живая, то есть куры домашние (Gallus domesticus), утки, гуси, индейки и цесарки: прочие: прочие: гуси",
        "nameFull": "Домашняя птица живая, то есть куры домашние (Gallus domesticus), утки, гуси, индейки и цесарки: прочие: прочие: гуси",
        "unit": "77b6212f-fd66-11df-ad89-001cc40d947c",
        "commodity": false,
        "traceableItem": false,
        "archive": false,
        "dateOutputArchive": "0001-01-01T00:00:00Z"
    },
    {
        "guid": "16d15449-846b-11ee-b5b1-005056013b0c",
        "code": "0101210000",
        "name": "Лошади, ослы, мулы и лошаки живые: лошади: чистопородные племенные животные",
        "nameFull": "Лошади, ослы, мулы и лошаки живые: лошади: чистопородные племенные животные",
        "unit": "77b6212f-fd66-11df-ad89-001cc40d947c",
        "commodity": false,
        "traceableItem": false,
        "archive": false,
        "dateOutputArchive": "0001-01-01T00:00:00Z"
    },
    {
        "guid": "2afe7167-846a-11ee-b5b1-005056013b0c",
        "code": "8524120022",
        "name": "Модули с плоской дисплейной панелью, в том числе с сенсорным экраном: без драйверов или цепей управления: на органических светодиодах предназначенные ",
        "nameFull": "Модули с плоской дисплейной панелью, в том числе с сенсорным экраном: без драйверов или цепей управления: на органических светодиодах предназначенные для товаров товарных позиций 8508 – 8510, 8535 – 8537 или 8548: для товаров товарной позиции 8512: для пр",
        "unit": "77b6212f-fd66-11df-ad89-001cc40d947c",
        "commodity": false,
        "traceableItem": false,
        "archive": false,
        "dateOutputArchive": "0001-01-01T00:00:00Z"
    },
    {
        "guid": "2b0703eb-92bd-11ee-b5b1-005056013b0c",
        "code": "0102295900",
        "name": "Крупный рогатый скот живой: домашний крупный рогатый скот: прочие: прочие: массой более 300 кг: нетели (самки крупного рогатого скота до первого отела",
        "nameFull": "Крупный рогатый скот живой: домашний крупный рогатый скот: прочие: прочие: массой более 300 кг: нетели (самки крупного рогатого скота до первого отела): прочие",
        "unit": "77b6212f-fd66-11df-ad89-001cc40d947c",
        "commodity": false,
        "traceableItem": false,
        "archive": false,
        "dateOutputArchive": "0001-01-01T00:00:00Z"
    }
]
]]></system-out>
  </testcase>
  <testcase name="getTnvedList" classname="AutoTest.ClassifireIsAllRussianTest" time="1.115">
    <failure message="expected: &lt;18&gt; but was: &lt;200&gt;" type="org.opentest4j.AssertionFailedError"><![CDATA[org.opentest4j.AssertionFailedError: expected: <18> but was: <200>
	at AutoTest.ClassifireIsAllRussianTest.getTnvedList(ClassifireIsAllRussianTest.java:208)
]]></failure>
    <system-out><![CDATA[HTTP/1.1 200 OK
Date: Wed, 13 Dec 2023 08:16:49 GMT
Server: Apache/2.4.23 (Win64)
Content-Length: 11854
Keep-Alive: timeout=5, max=99
Connection: Keep-Alive
Content-Type: application/json; charset=utf-8

[
    {
        "guid": "8c496b15-23e3-11ee-b5ac-005056013b0c",
        "code": "0106141010",
        "name": "Живые животные прочие: млекопитающие: кролики и зайцы: кролики домашние: для научно- исследовательских целей",
        "nameFull": "Живые животные прочие: млекопитающие: кролики и зайцы: кролики домашние: для научно- исследовательских целей",
        "unit": "77b6212f-fd66-11df-ad89-001cc40d947c",
        "commodity": false,
        "traceableItem": false,
        "archive": false,
        "dateOutputArchive": "0001-01-01T00:00:00Z"
    },
    {
        "guid": "0b08409d-61eb-11ee-b5b0-005056013b0c",
        "code": "0201300004",
        "name": "Мясо крупного рогатого скота, свежее или охлажденное: мясо обваленное: в порядке, указанном в дополнительном примечании Евразийского экономического со",
        "nameFull": "Мясо крупного рогатого скота, свежее или охлажденное: мясо обваленное: в порядке, указанном в дополнительном примечании Евразийского экономического союза 3 к группе 02, кроме включенных в подсубпозицию 0201 30 000 5 или 0201 30 000 6",
        "unit": "3107dadb-fd6a-11df-ad89-001cc40d947c",
        "commodity": false,
        "traceableItem": false,
        "archive": false,
        "dateOutputArchive": "0001-01-01T00:00:00Z"
    },
    {
        "guid": "08082361-60f8-11ee-b5b0-005056013b0c",
        "code": "0102310000",
        "name": "Крупный рогатый скот живой: буйволы: чистопородные племенные животные",
        "nameFull": "Крупный рогатый скот живой: буйволы: чистопородные племенные животные",
        "unit": "77b6212f-fd66-11df-ad89-001cc40d947c",
        "commodity": false,
        "traceableItem": false,
        "archive": false,
        "dateOutputArchive": "0001-01-01T00:00:00Z"
    },
    {
        "guid": "e7d73f65-5ec1-11ee-b5b0-005056013b0c",
        "code": "0106190099",
        "name": "Живые животные прочие: млекопитающие: прочие: прочие: прочие",
        "nameFull": "Живые животные прочие: млекопитающие: прочие: прочие: прочие",
        "unit": "77b6212f-fd66-11df-ad89-001cc40d947c",
        "commodity": false,
        "traceableItem": false,
        "archive": false,
        "dateOutputArchive": "0001-01-01T00:00:00Z"
    },
    {
        "guid": "5d9e84fb-60f8-11ee-b5b0-005056013b0c",
        "code": "0105150000",
        "name": "Домашняя птица живая, то есть куры домашние (Gallus domesticus), утки, гуси, индейки и цесарки: массой не более 185 г: цесарки",
        "nameFull": "Домашняя птица живая, то есть куры домашние (Gallus domesticus), утки, гуси, индейки и цесарки: массой не более 185 г: цесарки",
        "unit": "77b6212f-fd66-11df-ad89-001cc40d947c",
        "commodity": false,
        "traceableItem": false,
        "archive": false,
        "dateOutputArchive": "0001-01-01T00:00:00Z"
    },
    {
        "guid": "cbdd5c7f-6adc-463e-92e9-ab080541f34e",
        "code": "10-02",
        "name": "ТЕСТ 10-02",
        "nameFull": "Полное наименование 10-02",
        "unit": "8db7b2a2-fd67-11df-ad89-001cc40d947c",
        "commodity": true,
        "traceableItem": false,
        "archive": false,
        "dateOutputArchive": "0001-01-01T00:00:00Z"
    },
    {
        "guid": "95ed9b71-6281-11ee-b5b0-005056013b0c",
        "code": "0202205001",
        "name": "Мясо крупного рогатого скота, замороженное: прочие отруба, необваленные: неразделенные или разделенные задние четвертины: в порядке, указанном в допол",
        "nameFull": "Мясо крупного рогатого скота, замороженное: прочие отруба, необваленные: неразделенные или разделенные задние четвертины: в порядке, указанном в дополнительном примечании Евразийского экономического союза 1 к группе 02, кроме включенных в подсубпозицию 02",
        "unit": "3107dadb-fd6a-11df-ad89-001cc40d947c",
        "commodity": false,
        "traceableItem": false,
        "archive": false,
        "dateOutputArchive": "0001-01-01T00:00:00Z"
    },
    {
        "guid": "1074b5aa-6373-11ee-b5b0-005056013b0c",
        "code": "0204210000",
        "name": "Баранина или козлятина свежая, охлажденная или замороженная: прочая баранина, свежая или охлажденная: туши и полутуши",
        "nameFull": "Баранина или козлятина свежая, охлажденная или замороженная: прочая баранина, свежая или охлажденная: туши и полутуши",
        "unit": "3107dadb-fd6a-11df-ad89-001cc40d947c",
        "commodity": false,
        "traceableItem": false,
        "archive": false,
        "dateOutputArchive": "0001-01-01T00:00:00Z"
    },
    {
        "guid": "04a7ad70-667b-11ee-b5b0-005056013b0c",
        "code": "0103921100",
        "name": "Свиньи живые: прочие: массой 50 кг или более: домашние виды: свиноматки массой не менее 160 кг, имевшие по крайней мере один опорос",
        "nameFull": "Свиньи живые: прочие: массой 50 кг или более: домашние виды: свиноматки массой не менее 160 кг, имевшие по крайней мере один опорос",
        "unit": "77b6212f-fd66-11df-ad89-001cc40d947c",
        "commodity": false,
        "traceableItem": false,
        "archive": false,
        "dateOutputArchive": "0001-01-01T00:00:00Z"
    },
    {
        "guid": "0efe5690-6770-11ee-b5b0-005056013b0c",
        "code": "0201203003",
        "name": "Мясо крупного рогатого скота, свежее или охлажденное: прочие отруба, необваленные: неразделенные или разделенные передние четвертины: прочие: высокока",
        "nameFull": "Мясо крупного рогатого скота, свежее или охлажденное: прочие отруба, необваленные: неразделенные или разделенные передние четвертины: прочие: высококачественная говядина12)",
        "unit": "3107dadb-fd6a-11df-ad89-001cc40d947c",
        "commodity": false,
        "traceableItem": false,
        "archive": false,
        "dateOutputArchive": "0001-01-01T00:00:00Z"
    },
    {
        "guid": "71ee7145-60fa-11ee-b5b0-005056013b0c",
        "code": "0101900000",
        "name": "Лошади, ослы, мулы и лошаки живые: прочие",
        "nameFull": "Лошади",
        "unit": "3107dadb-fd6a-11df-ad89-001cc40d947c",
        "commodity": false,
        "traceableItem": false,
        "archive": false,
        "dateOutputArchive": "0001-01-01T00:00:00Z"
    },
    {
        "guid": "6a33bbef-6c0a-11ee-b5b0-005056013b0c",
        "code": "0104201000",
        "name": "Овцы и козы живые: козы: чистопородные племенные животные",
        "nameFull": "Овцы и козы живые: козы: чистопородные племенные животные",
        "unit": "77b6212f-fd66-11df-ad89-001cc40d947c",
        "commodity": false,
        "traceableItem": false,
        "archive": false,
        "dateOutputArchive": "0001-01-01T00:00:00Z"
    },
    {
        "guid": "aa7dbdce-5ecc-11ee-b5b0-005056013b0c",
        "code": "0101291000",
        "name": "Лошади17",
        "nameFull": "Лошади, ослы, мулы и лошаки живые: лошади: прочие: убойные",
        "unit": "77b6212f-fd66-11df-ad89-001cc40d947c",
        "commodity": false,
        "traceableItem": false,
        "archive": false,
        "dateOutputArchive": "0001-01-01T00:00:00Z"
    },
    {
        "guid": "5d573e32-6cd5-11ee-b5b0-005056013b0c",
        "code": "0204439000",
        "name": "Баранина или козлятина свежая, охлажденная или замороженная: прочая баранина, замороженная: мясо обваленное: прочее",
        "nameFull": "Баранина или козлятина свежая, охлажденная или замороженная: прочая баранина, замороженная: мясо обваленное: прочее",
        "unit": "3107dadb-fd6a-11df-ad89-001cc40d947c",
        "commodity": false,
        "traceableItem": false,
        "archive": false,
        "dateOutputArchive": "0001-01-01T00:00:00Z"
    },
    {
        "guid": "0cbe880c-846a-11ee-b5b1-005056013b0c",
        "code": "0105992000",
        "name": "Домашняя птица живая, то есть куры домашние (Gallus domesticus), утки, гуси, индейки и цесарки: прочие: прочие: гуси",
        "nameFull": "Домашняя птица живая, то есть куры домашние (Gallus domesticus), утки, гуси, индейки и цесарки: прочие: прочие: гуси",
        "unit": "77b6212f-fd66-11df-ad89-001cc40d947c",
        "commodity": false,
        "traceableItem": false,
        "archive": false,
        "dateOutputArchive": "0001-01-01T00:00:00Z"
    },
    {
        "guid": "16d15449-846b-11ee-b5b1-005056013b0c",
        "code": "0101210000",
        "name": "Лошади, ослы, мулы и лошаки живые: лошади: чистопородные племенные животные",
        "nameFull": "Лошади, ослы, мулы и лошаки живые: лошади: чистопородные племенные животные",
        "unit": "77b6212f-fd66-11df-ad89-001cc40d947c",
        "commodity": false,
        "traceableItem": false,
        "archive": false,
        "dateOutputArchive": "0001-01-01T00:00:00Z"
    },
    {
        "guid": "2afe7167-846a-11ee-b5b1-005056013b0c",
        "code": "8524120022",
        "name": "Модули с плоской дисплейной панелью, в том числе с сенсорным экраном: без драйверов или цепей управления: на органических светодиодах предназначенные ",
        "nameFull": "Модули с плоской дисплейной панелью, в том числе с сенсорным экраном: без драйверов или цепей управления: на органических светодиодах предназначенные для товаров товарных позиций 8508 – 8510, 8535 – 8537 или 8548: для товаров товарной позиции 8512: для пр",
        "unit": "77b6212f-fd66-11df-ad89-001cc40d947c",
        "commodity": false,
        "traceableItem": false,
        "archive": false,
        "dateOutputArchive": "0001-01-01T00:00:00Z"
    },
    {
        "guid": "2b0703eb-92bd-11ee-b5b1-005056013b0c",
        "code": "0102295900",
        "name": "Крупный рогатый скот живой: домашний крупный рогатый скот: прочие: прочие: массой более 300 кг: нетели (самки крупного рогатого скота до первого отела",
        "nameFull": "Крупный рогатый скот живой: домашний крупный рогатый скот: прочие: прочие: массой более 300 кг: нетели (самки крупного рогатого скота до первого отела): прочие",
        "unit": "77b6212f-fd66-11df-ad89-001cc40d947c",
        "commodity": false,
        "traceableItem": false,
        "archive": false,
        "dateOutputArchive": "0001-01-01T00:00:00Z"
    }
]
]]></system-out>
  </testcase>
  <testcase name="getTnvedListStepIsEmpty" classname="AutoTest.ClassifireIsAllRussianTest" time="0.827"/>
  <testcase name="getTnvedListStepMaxPlus" classname="AutoTest.ClassifireIsAllRussianTest" time="0.96"/>
  <testcase name="getTnvedListStepMaxPlus" classname="AutoTest.ClassifireIsAllRussianTest" time="0.979"/>
  <testcase name="getTnvedListStepMaxPlus" classname="AutoTest.ClassifireIsAllRussianTest" time="1.025"/>
  <testcase name="getTnvedListStepMaxPlus" classname="AutoTest.ClassifireIsAllRussianTest" time="0.995"/>
  <testcase name="getTnvedListStepMaxPlus" classname="AutoTest.ClassifireIsAllRussianTest" time="0.994"/>
  <testcase name="getTnvedListStepMaxPlus" classname="AutoTest.ClassifireIsAllRussianTest" time="1.081"/>
  <testcase name="getTnvedListStepMaxPlus" classname="AutoTest.ClassifireIsAllRussianTest" time="0.962"/>
  <testcase name="getTnvedListStepMaxPlus" classname="AutoTest.ClassifireIsAllRussianTest" time="0.996"/>
  <testcase name="getTnvedListStepMaxPlus" classname="AutoTest.ClassifireIsAllRussianTest" time="1.014"/>
  <testcase name="getTnvedListStepMaxPlus" classname="AutoTest.ClassifireIsAllRussianTest" time="0.992"/>
  <testcase name="getTnvedListStepMaxPlus" classname="AutoTest.ClassifireIsAllRussianTest" time="0.974"/>
  <testcase name="getTnvedListStepMaxPlus" classname="AutoTest.ClassifireIsAllRussianTest" time="1.02"/>
  <testcase name="getTnvedListStepMaxPlus" classname="AutoTest.ClassifireIsAllRussianTest" time="0.98"/>
  <testcase name="getTnvedListStepMaxPlus" classname="AutoTest.ClassifireIsAllRussianTest" time="1.002"/>
  <testcase name="getTnvedListStepMaxPlus" classname="AutoTest.ClassifireIsAllRussianTest" time="1.025"/>
  <testcase name="getBasicServicesGuid" classname="AutoTest.NomenclatureTest" time="0.988">
    <failure message="1 expectation failed.&#10;Expected status code &lt;200&gt; but was &lt;404&gt;.&#10;" type="java.lang.AssertionError"><![CDATA[java.lang.AssertionError: 
1 expectation failed.
Expected status code <200> but was <404>.

	at AutoTest.NomenclatureTest.getBasicServicesGuid(NomenclatureTest.java:112)
]]></failure>
    <system-out><![CDATA[Request URI:	http://dev1c:8080/MDM_Gribov_2541/hs/klass/basic-services/843dabce-3c42-11ee-b5b0-005056013b0c
]]></system-out>
  </testcase>
  <testcase name="getBasicServicesGuidDataProvider" classname="AutoTest.NomenclatureTest" time="1.039">
    <failure message="1 expectation failed.&#10;Expected status code &lt;400&gt; but was &lt;404&gt;.&#10;" type="java.lang.AssertionError"><![CDATA[java.lang.AssertionError: 
1 expectation failed.
Expected status code <400> but was <404>.

	at AutoTest.NomenclatureTest.getBasicServicesGuidDataProvider(NomenclatureTest.java:128)
]]></failure>
  </testcase>
  <testcase name="getBasicServicesGuidDataProvider" classname="AutoTest.NomenclatureTest" time="0.951">
    <failure message="1 expectation failed.&#10;Expected status code &lt;400&gt; but was &lt;404&gt;.&#10;" type="java.lang.AssertionError"><![CDATA[java.lang.AssertionError: 
1 expectation failed.
Expected status code <400> but was <404>.

	at AutoTest.NomenclatureTest.getBasicServicesGuidDataProvider(NomenclatureTest.java:128)
]]></failure>
  </testcase>
  <testcase name="getBasicServicesGuidDataProvider" classname="AutoTest.NomenclatureTest" time="1.068">
    <failure message="1 expectation failed.&#10;Expected status code &lt;400&gt; but was &lt;404&gt;.&#10;" type="java.lang.AssertionError"><![CDATA[java.lang.AssertionError: 
1 expectation failed.
Expected status code <400> but was <404>.

	at AutoTest.NomenclatureTest.getBasicServicesGuidDataProvider(NomenclatureTest.java:128)
]]></failure>
  </testcase>
  <testcase name="getBasicServicesGuidDataProvider" classname="AutoTest.NomenclatureTest" time="0.935">
    <failure message="1 expectation failed.&#10;Expected status code &lt;400&gt; but was &lt;404&gt;.&#10;" type="java.lang.AssertionError"><![CDATA[java.lang.AssertionError: 
1 expectation failed.
Expected status code <400> but was <404>.

	at AutoTest.NomenclatureTest.getBasicServicesGuidDataProvider(NomenclatureTest.java:128)
]]></failure>
  </testcase>
  <testcase name="getBasicServicesGuidDataProvider" classname="AutoTest.NomenclatureTest" time="1.064">
    <failure message="1 expectation failed.&#10;Expected status code &lt;400&gt; but was &lt;404&gt;.&#10;" type="java.lang.AssertionError"><![CDATA[java.lang.AssertionError: 
1 expectation failed.
Expected status code <400> but was <404>.

	at AutoTest.NomenclatureTest.getBasicServicesGuidDataProvider(NomenclatureTest.java:128)
]]></failure>
  </testcase>
  <testcase name="getBasicServicesGuidDataProvider" classname="AutoTest.NomenclatureTest" time="0.933">
    <failure message="1 expectation failed.&#10;Expected status code &lt;400&gt; but was &lt;404&gt;.&#10;" type="java.lang.AssertionError"><![CDATA[java.lang.AssertionError: 
1 expectation failed.
Expected status code <400> but was <404>.

	at AutoTest.NomenclatureTest.getBasicServicesGuidDataProvider(NomenclatureTest.java:128)
]]></failure>
  </testcase>
  <testcase name="getBasicServicesGuidDataProvider" classname="AutoTest.NomenclatureTest" time="1">
    <failure message="1 expectation failed.&#10;Expected status code &lt;400&gt; but was &lt;404&gt;.&#10;" type="java.lang.AssertionError"><![CDATA[java.lang.AssertionError: 
1 expectation failed.
Expected status code <400> but was <404>.

	at AutoTest.NomenclatureTest.getBasicServicesGuidDataProvider(NomenclatureTest.java:128)
]]></failure>
  </testcase>
  <testcase name="getBasicServicesGuidDataProvider" classname="AutoTest.NomenclatureTest" time="1.092">
    <failure message="1 expectation failed.&#10;Expected status code &lt;400&gt; but was &lt;404&gt;.&#10;" type="java.lang.AssertionError"><![CDATA[java.lang.AssertionError: 
1 expectation failed.
Expected status code <400> but was <404>.

	at AutoTest.NomenclatureTest.getBasicServicesGuidDataProvider(NomenclatureTest.java:128)
]]></failure>
  </testcase>
  <testcase name="getBasicServicesGuidDataProvider" classname="AutoTest.NomenclatureTest" time="0.951">
    <failure message="1 expectation failed.&#10;Expected status code &lt;400&gt; but was &lt;404&gt;.&#10;" type="java.lang.AssertionError"><![CDATA[java.lang.AssertionError: 
1 expectation failed.
Expected status code <400> but was <404>.

	at AutoTest.NomenclatureTest.getBasicServicesGuidDataProvider(NomenclatureTest.java:128)
]]></failure>
  </testcase>
  <testcase name="getBasicServicesGuidDataProvider" classname="AutoTest.NomenclatureTest" time="0.959">
    <failure message="1 expectation failed.&#10;Expected status code &lt;400&gt; but was &lt;404&gt;.&#10;" type="java.lang.AssertionError"><![CDATA[java.lang.AssertionError: 
1 expectation failed.
Expected status code <400> but was <404>.

	at AutoTest.NomenclatureTest.getBasicServicesGuidDataProvider(NomenclatureTest.java:128)
]]></failure>
  </testcase>
  <testcase name="getBasicServicesGuidDataProvider" classname="AutoTest.NomenclatureTest" time="1.234">
    <failure message="1 expectation failed.&#10;Expected status code &lt;400&gt; but was &lt;404&gt;.&#10;" type="java.lang.AssertionError"><![CDATA[java.lang.AssertionError: 
1 expectation failed.
Expected status code <400> but was <404>.

	at AutoTest.NomenclatureTest.getBasicServicesGuidDataProvider(NomenclatureTest.java:128)
]]></failure>
  </testcase>
  <testcase name="getNomenclatureGuid" classname="AutoTest.NomenclatureTest" time="0.766">
    <failure message="1 expectation failed.&#10;Expected status code &lt;200&gt; but was &lt;404&gt;.&#10;" type="java.lang.AssertionError"><![CDATA[java.lang.AssertionError: 
1 expectation failed.
Expected status code <200> but was <404>.

	at AutoTest.NomenclatureTest.getNomenclatureGuid(NomenclatureTest.java:144)
]]></failure>
    <system-out><![CDATA[Request URI:	http://dev1c:8080/MDM_Gribov_2541/hs/klass/nomenclature/0d580667-36d6-11ee-b5b0-005056013b0c
]]></system-out>
  </testcase>
  <testcase name="getNomenclatureGuidDataProvider" classname="AutoTest.NomenclatureTest" time="1.059">
    <failure message="1 expectation failed.&#10;Expected status code &lt;400&gt; but was &lt;404&gt;.&#10;" type="java.lang.AssertionError"><![CDATA[java.lang.AssertionError: 
1 expectation failed.
Expected status code <400> but was <404>.

	at AutoTest.NomenclatureTest.getNomenclatureGuidDataProvider(NomenclatureTest.java:161)
]]></failure>
  </testcase>
  <testcase name="getNomenclatureGuidDataProvider" classname="AutoTest.NomenclatureTest" time="0.988">
    <failure message="1 expectation failed.&#10;Expected status code &lt;400&gt; but was &lt;404&gt;.&#10;" type="java.lang.AssertionError"><![CDATA[java.lang.AssertionError: 
1 expectation failed.
Expected status code <400> but was <404>.

	at AutoTest.NomenclatureTest.getNomenclatureGuidDataProvider(NomenclatureTest.java:161)
]]></failure>
  </testcase>
  <testcase name="getNomenclatureGuidDataProvider" classname="AutoTest.NomenclatureTest" time="0.992">
    <failure message="1 expectation failed.&#10;Expected status code &lt;400&gt; but was &lt;404&gt;.&#10;" type="java.lang.AssertionError"><![CDATA[java.lang.AssertionError: 
1 expectation failed.
Expected status code <400> but was <404>.

	at AutoTest.NomenclatureTest.getNomenclatureGuidDataProvider(NomenclatureTest.java:161)
]]></failure>
  </testcase>
  <testcase name="getNomenclatureGuidDataProvider" classname="AutoTest.NomenclatureTest" time="1">
    <failure message="1 expectation failed.&#10;Expected status code &lt;400&gt; but was &lt;404&gt;.&#10;" type="java.lang.AssertionError"><![CDATA[java.lang.AssertionError: 
1 expectation failed.
Expected status code <400> but was <404>.

	at AutoTest.NomenclatureTest.getNomenclatureGuidDataProvider(NomenclatureTest.java:161)
]]></failure>
  </testcase>
  <testcase name="getNomenclatureGuidDataProvider" classname="AutoTest.NomenclatureTest" time="1.062">
    <failure message="1 expectation failed.&#10;Expected status code &lt;400&gt; but was &lt;404&gt;.&#10;" type="java.lang.AssertionError"><![CDATA[java.lang.AssertionError: 
1 expectation failed.
Expected status code <400> but was <404>.

	at AutoTest.NomenclatureTest.getNomenclatureGuidDataProvider(NomenclatureTest.java:161)
]]></failure>
  </testcase>
  <testcase name="getNomenclatureGuidDataProvider" classname="AutoTest.NomenclatureTest" time="0.937">
    <failure message="1 expectation failed.&#10;Expected status code &lt;400&gt; but was &lt;404&gt;.&#10;" type="java.lang.AssertionError"><![CDATA[java.lang.AssertionError: 
1 expectation failed.
Expected status code <400> but was <404>.

	at AutoTest.NomenclatureTest.getNomenclatureGuidDataProvider(NomenclatureTest.java:161)
]]></failure>
  </testcase>
  <testcase name="getNomenclatureGuidDataProvider" classname="AutoTest.NomenclatureTest" time="1.009">
    <failure message="1 expectation failed.&#10;Expected status code &lt;400&gt; but was &lt;404&gt;.&#10;" type="java.lang.AssertionError"><![CDATA[java.lang.AssertionError: 
1 expectation failed.
Expected status code <400> but was <404>.

	at AutoTest.NomenclatureTest.getNomenclatureGuidDataProvider(NomenclatureTest.java:161)
]]></failure>
  </testcase>
  <testcase name="getNomenclatureGuidDataProvider" classname="AutoTest.NomenclatureTest" time="1.001">
    <failure message="1 expectation failed.&#10;Expected status code &lt;400&gt; but was &lt;404&gt;.&#10;" type="java.lang.AssertionError"><![CDATA[java.lang.AssertionError: 
1 expectation failed.
Expected status code <400> but was <404>.

	at AutoTest.NomenclatureTest.getNomenclatureGuidDataProvider(NomenclatureTest.java:161)
]]></failure>
  </testcase>
  <testcase name="getNomenclatureGuidDataProvider" classname="AutoTest.NomenclatureTest" time="0.98">
    <failure message="1 expectation failed.&#10;Expected status code &lt;400&gt; but was &lt;404&gt;.&#10;" type="java.lang.AssertionError"><![CDATA[java.lang.AssertionError: 
1 expectation failed.
Expected status code <400> but was <404>.

	at AutoTest.NomenclatureTest.getNomenclatureGuidDataProvider(NomenclatureTest.java:161)
]]></failure>
  </testcase>
  <testcase name="getNomenclatureGuidDataProvider" classname="AutoTest.NomenclatureTest" time="1.062">
    <failure message="1 expectation failed.&#10;Expected status code &lt;400&gt; but was &lt;404&gt;.&#10;" type="java.lang.AssertionError"><![CDATA[java.lang.AssertionError: 
1 expectation failed.
Expected status code <400> but was <404>.

	at AutoTest.NomenclatureTest.getNomenclatureGuidDataProvider(NomenclatureTest.java:161)
]]></failure>
  </testcase>
  <testcase name="getNomenclatureGuidDataProvider" classname="AutoTest.NomenclatureTest" time="1.053">
    <failure message="1 expectation failed.&#10;Expected status code &lt;400&gt; but was &lt;404&gt;.&#10;" type="java.lang.AssertionError"><![CDATA[java.lang.AssertionError: 
1 expectation failed.
Expected status code <400> but was <404>.

	at AutoTest.NomenclatureTest.getNomenclatureGuidDataProvider(NomenclatureTest.java:161)
]]></failure>
  </testcase>
  <testcase name="getNomenclatureSearchBodyIsEmpty" classname="AutoTest.NomenclatureTest" time="0.958"/>
  <testcase name="getNomenclatureSearchBodyIsEmpty" classname="AutoTest.NomenclatureTest" time="0.972"/>
  <testcase name="getNomenclatureSearchBodyIsEmpty" classname="AutoTest.NomenclatureTest" time="4.033"/>
  <testcase name="getNomenclatureSearchBodyIsEmpty" classname="AutoTest.NomenclatureTest" time="0.981"/>
  <testcase name="getNomenclatureSearchBodyIsEmpty" classname="AutoTest.NomenclatureTest" time="1.017"/>
  <testcase name="getNomenclatureSearchBodyIsEmpty" classname="AutoTest.NomenclatureTest" time="0.998"/>
  <testcase name="getNomenclatureSearchBodyIsEmpty" classname="AutoTest.NomenclatureTest" time="1.118">
    <failure message="1 expectation failed.&#10;JSON path size() doesn&apos;t match.&#10;Expected: is &lt;0&gt;&#10;  Actual: &lt;5&gt;&#10;" type="java.lang.AssertionError"><![CDATA[java.lang.AssertionError: 
1 expectation failed.
JSON path size() doesn't match.
Expected: is <0>
  Actual: <5>

	at AutoTest.NomenclatureTest.getNomenclatureSearchBodyIsEmpty(NomenclatureTest.java:242)
]]></failure>
    <system-out><![CDATA[Request URI:	http://dev1c:8080/MDM_Gribov_2541/hs/klass/nomenclature/search?step=5&type=0&data=0
HTTP/1.1 200 OK
Date: Wed, 13 Dec 2023 08:17:39 GMT
Server: Apache/2.4.23 (Win64)
Content-Length: 3106
Keep-Alive: timeout=5, max=99
Connection: Keep-Alive
Content-Type: application/json; charset=utf-8

[
    {
        "guid": "dd91aaa2-36d5-11ee-b5b0-005056013b0c",
        "code": "0000000035",
        "unifiedClassifier": "c3417d00-36d1-11ee-b5b0-005056013b0c",
        "name": "ГАЙКА 2001-43-12",
        "nameFull": "ГАЙКА 2001-43-12",
        "drawingDenotation": "2001-43-12",
        "ownershipSign": 0,
        "seriality": 1,
        "supplier": "00000000-0000-0000-0000-000000000000",
        "baseUnit": "00000000-0000-0000-0000-000000000000",
        "height": 0,
        "width": 0,
        "length": 0,
        "dimensionsUnit": "00000000-0000-0000-0000-000000000000",
        "weight": 0,
        "weightUnit": "00000000-0000-0000-0000-000000000000",
        "service": false
    },
    {
        "guid": "dd91aac8-36d5-11ee-b5b0-005056013b0c",
        "code": "0000000036",
        "unifiedClassifier": "c3417cf9-36d1-11ee-b5b0-005056013b0c",
        "name": "ПРОКЛАДКА 010901-93-14",
        "nameFull": "ПРОКЛАДКА 010901-93-14",
        "drawingDenotation": "010901-93-14",
        "ownershipSign": 0,
        "seriality": 1,
        "supplier": "00000000-0000-0000-0000-000000000000",
        "baseUnit": "00000000-0000-0000-0000-000000000000",
        "height": 0,
        "width": 0,
        "length": 0,
        "dimensionsUnit": "00000000-0000-0000-0000-000000000000",
        "weight": 0,
        "weightUnit": "00000000-0000-0000-0000-000000000000",
        "service": false
    },
    {
        "guid": "25d49882-1974-11ee-b5ac-005056013b0c",
        "code": "0000000007",
        "unifiedClassifier": "2bc378b7-1973-11ee-b5ac-005056013b0c",
        "name": "Краткое наименование тест",
        "nameFull": "Краткое наименование тест 1123213",
        "drawingDenotation": "",
        "ownershipSign": 0,
        "seriality": 5,
        "supplier": "00000000-0000-0000-0000-000000000000",
        "baseUnit": "8db7b2a2-fd67-11df-ad89-001cc40d947c",
        "height": 0,
        "width": 0,
        "length": 0,
        "dimensionsUnit": "77b6212f-fd66-11df-ad89-001cc40d947c",
        "weight": 0,
        "weightUnit": "77b6212f-fd66-11df-ad89-001cc40d947c",
        "service": false
    },
    {
        "guid": "dd91ab14-36d5-11ee-b5b0-005056013b0c",
        "code": "0000000038",
        "unifiedClassifier": "c3417cfb-36d1-11ee-b5b0-005056013b0c",
        "name": "Рукав РВД 04.64.020А.С08.020А.С08.600.А-2 ТУ 22.19.30.136-028-93554567-2017",
        "nameFull": "Рукав РВД 04.64.020А.С08.020А.С08.600.А-2 ТУ 22.19.30.136-028-93554567-2017",
        "drawingDenotation": "",
        "ownershipSign": 0,
        "seriality": 1,
        "supplier": "00000000-0000-0000-0000-000000000000",
        "baseUnit": "00000000-0000-0000-0000-000000000000",
        "height": 0,
        "width": 0,
        "length": 0,
        "dimensionsUnit": "00000000-0000-0000-0000-000000000000",
        "weight": 0,
        "weightUnit": "00000000-0000-0000-0000-000000000000",
        "service": false
    },
    {
        "guid": "dd91aeca-36d5-11ee-b5b0-005056013b0c",
        "code": "0000000063",
        "unifiedClassifier": "c3417cfe-36d1-11ee-b5b0-005056013b0c",
        "name": "ПАНЕЛЬ 2001-10-6",
        "nameFull": "ПАНЕЛЬ 2001-10-6",
        "drawingDenotation": "2001-10-6",
        "ownershipSign": 0,
        "seriality": 1,
        "supplier": "00000000-0000-0000-0000-000000000000",
        "baseUnit": "00000000-0000-0000-0000-000000000000",
        "height": 0,
        "width": 0,
        "length": 0,
        "dimensionsUnit": "00000000-0000-0000-0000-000000000000",
        "weight": 0,
        "weightUnit": "00000000-0000-0000-0000-000000000000",
        "service": false
    }
]
]]></system-out>
  </testcase>
  <testcase name="getNomenclatureSearchBodyIsEmpty" classname="AutoTest.NomenclatureTest" time="0.872"/>
  <testcase name="getNomenclatureSearchBodyIsEmpty" classname="AutoTest.NomenclatureTest" time="1.013"/>
  <testcase name="getNomenclatureSearchBodyIsEmpty" classname="AutoTest.NomenclatureTest" time="1.088"/>
  <testcase name="getNomenclatureSearchBodyIsEmpty" classname="AutoTest.NomenclatureTest" time="0.962">
    <failure message="1 expectation failed.&#10;JSON path size() doesn&apos;t match.&#10;Expected: is &lt;0&gt;&#10;  Actual: &lt;5&gt;&#10;" type="java.lang.AssertionError"><![CDATA[java.lang.AssertionError: 
1 expectation failed.
JSON path size() doesn't match.
Expected: is <0>
  Actual: <5>

	at AutoTest.NomenclatureTest.getNomenclatureSearchBodyIsEmpty(NomenclatureTest.java:242)
]]></failure>
    <system-out><![CDATA[Request URI:	http://dev1c:8080/MDM_Gribov_2541/hs/klass/nomenclature/search?step=5&type=5&data=-100
HTTP/1.1 200 OK
Date: Wed, 13 Dec 2023 08:17:43 GMT
Server: Apache/2.4.23 (Win64)
Content-Length: 3150
Keep-Alive: timeout=5, max=99
Connection: Keep-Alive
Content-Type: application/json; charset=utf-8

[
    {
        "guid": "dd91c5f2-36d5-11ee-b5b0-005056013b0c",
        "code": "0000000219",
        "unifiedClassifier": "c3417cf7-36d1-11ee-b5b0-005056013b0c",
        "name": "ДИФФЕРЕНЦИАЛ 2601-17-100СБ",
        "nameFull": "ДИФФЕРЕНЦИАЛ 2601-17-100СБ",
        "drawingDenotation": "2601-17-100СБ",
        "ownershipSign": 0,
        "seriality": 1,
        "supplier": "00000000-0000-0000-0000-000000000000",
        "baseUnit": "00000000-0000-0000-0000-000000000000",
        "height": 0,
        "width": 0,
        "length": 0,
        "dimensionsUnit": "00000000-0000-0000-0000-000000000000",
        "weight": 0,
        "weightUnit": "00000000-0000-0000-0000-000000000000",
        "service": false
    },
    {
        "guid": "dd91ce42-36d5-11ee-b5b0-005056013b0c",
        "code": "0000000275",
        "unifiedClassifier": "c3417cfe-36d1-11ee-b5b0-005056013b0c",
        "name": "Жгут ДВС 0901-10-100-02-20СБ",
        "nameFull": "Жгут ДВС 0901-10-100-02-20СБ",
        "drawingDenotation": "0901-10-100-02-20СБ",
        "ownershipSign": 0,
        "seriality": 1,
        "supplier": "00000000-0000-0000-0000-000000000000",
        "baseUnit": "00000000-0000-0000-0000-000000000000",
        "height": 0,
        "width": 0,
        "length": 0,
        "dimensionsUnit": "00000000-0000-0000-0000-000000000000",
        "weight": 0,
        "weightUnit": "00000000-0000-0000-0000-000000000000",
        "service": false
    },
    {
        "guid": "dd91ce68-36d5-11ee-b5b0-005056013b0c",
        "code": "0000000276",
        "unifiedClassifier": "c3417cfe-36d1-11ee-b5b0-005056013b0c",
        "name": "Жгут ДВС 0901-10-100-02СБ",
        "nameFull": "Жгут ДВС 0901-10-100-02СБ",
        "drawingDenotation": "0901-10-100-02СБ",
        "ownershipSign": 0,
        "seriality": 1,
        "supplier": "00000000-0000-0000-0000-000000000000",
        "baseUnit": "00000000-0000-0000-0000-000000000000",
        "height": 0,
        "width": 0,
        "length": 0,
        "dimensionsUnit": "00000000-0000-0000-0000-000000000000",
        "weight": 0,
        "weightUnit": "00000000-0000-0000-0000-000000000000",
        "service": false
    },
    {
        "guid": "e38a195c-36d5-11ee-b5b0-005056013b0c",
        "code": "0000000317",
        "unifiedClassifier": "c3417d00-36d1-11ee-b5b0-005056013b0c",
        "name": "ВАЛ КОЛЕНЧАТЫЙ ДЛЯ ЗАПАСНЫХ ЧАСТЕЙ",
        "nameFull": "ВАЛ КОЛЕНЧАТЫЙ ДЛЯ ЗАПАСНЫХ ЧАСТЕЙ Д130-1005007",
        "drawingDenotation": "Д130-1005007",
        "ownershipSign": 0,
        "seriality": 1,
        "supplier": "00000000-0000-0000-0000-000000000000",
        "baseUnit": "00000000-0000-0000-0000-000000000000",
        "height": 0,
        "width": 0,
        "length": 0,
        "dimensionsUnit": "00000000-0000-0000-0000-000000000000",
        "weight": 0,
        "weightUnit": "00000000-0000-0000-0000-000000000000",
        "service": false
    },
    {
        "guid": "e38a1fbe-36d5-11ee-b5b0-005056013b0c",
        "code": "0000000360",
        "unifiedClassifier": "c3417cfe-36d1-11ee-b5b0-005056013b0c",
        "name": "УКАЗАТЕЛЬ ВМТ.",
        "nameFull": "УКАЗАТЕЛЬ ВМТ Д22-1002231",
        "drawingDenotation": "Д22-1002231",
        "ownershipSign": 0,
        "seriality": 1,
        "supplier": "00000000-0000-0000-0000-000000000000",
        "baseUnit": "00000000-0000-0000-0000-000000000000",
        "height": 0,
        "width": 0,
        "length": 0,
        "dimensionsUnit": "00000000-0000-0000-0000-000000000000",
        "weight": 0,
        "weightUnit": "00000000-0000-0000-0000-000000000000",
        "service": false
    }
]
]]></system-out>
  </testcase>
  <testcase name="getNomenclatureSearchBodyIsEmpty" classname="AutoTest.NomenclatureTest" time="0.945"/>
  <testcase name="getNomenclatureSearchBodyIsEmpty" classname="AutoTest.NomenclatureTest" time="1.17"/>
  <testcase name="getNomenclatureSearchBodyIsEmpty" classname="AutoTest.NomenclatureTest" time="0.837"/>
  <testcase name="getNomenclatureSearchBodyIsEmpty" classname="AutoTest.NomenclatureTest" time="1.003"/>
  <testcase name="getNomenclatureSearchDataProviderService" classname="AutoTest.NomenclatureTest" time="1.263"/>
  <testcase name="getNomenclatureSearchDataProviderService" classname="AutoTest.NomenclatureTest" time="0.885"/>
  <testcase name="getNomenclatureSearchDataProviderService" classname="AutoTest.NomenclatureTest" time="0.907"/>
  <testcase name="getNomenclatureSearchDataProviderService" classname="AutoTest.NomenclatureTest" time="1.99"/>
  <testcase name="getNomenclatureSearchDataProviderService" classname="AutoTest.NomenclatureTest" time="0.956">
    <failure message="1 expectation failed.&#10;JSON path size() doesn&apos;t match.&#10;Expected: is &lt;2&gt;&#10;  Actual: &lt;0&gt;&#10;" type="java.lang.AssertionError"><![CDATA[java.lang.AssertionError: 
1 expectation failed.
JSON path size() doesn't match.
Expected: is <2>
  Actual: <0>

	at AutoTest.NomenclatureTest.getNomenclatureSearchDataProviderService(NomenclatureTest.java:203)
]]></failure>
    <system-out><![CDATA[HTTP/1.1 200 OK
Date: Wed, 13 Dec 2023 08:17:53 GMT
Server: Apache/2.4.23 (Win64)
Content-Length: 2
Keep-Alive: timeout=5, max=99
Connection: Keep-Alive
Content-Type: application/json; charset=utf-8

[
    
]
]]></system-out>
  </testcase>
  <testcase name="getNomenclatureSearchDataProviderService" classname="AutoTest.NomenclatureTest" time="1.09"/>
  <testcase name="getNomenclatureSearchDataProviderService" classname="AutoTest.NomenclatureTest" time="2.703"/>
  <testcase name="getNomenclatureSearchDataProviderServiceIsAbsent" classname="AutoTest.NomenclatureTest" time="0.256"/>
  <testcase name="getNomenclatureSearchDataProviderServiceIsAbsent" classname="AutoTest.NomenclatureTest" time="0.965"/>
  <testcase name="getNomenclatureSearchDataProviderServiceIsAbsent" classname="AutoTest.NomenclatureTest" time="1.015"/>
  <testcase name="getNomenclatureSearchDataProviderServiceIsAbsent" classname="AutoTest.NomenclatureTest" time="1.296"/>
  <testcase name="getNomenclatureSearchDataProviderServiceIsAbsent" classname="AutoTest.NomenclatureTest" time="0.695">
    <failure message="1 expectation failed.&#10;JSON path size() doesn&apos;t match.&#10;Expected: is &lt;2&gt;&#10;  Actual: &lt;0&gt;&#10;" type="java.lang.AssertionError"><![CDATA[java.lang.AssertionError: 
1 expectation failed.
JSON path size() doesn't match.
Expected: is <2>
  Actual: <0>

	at AutoTest.NomenclatureTest.getNomenclatureSearchDataProviderServiceIsAbsent(NomenclatureTest.java:183)
]]></failure>
    <system-out><![CDATA[HTTP/1.1 200 OK
Date: Wed, 13 Dec 2023 08:18:01 GMT
Server: Apache/2.4.23 (Win64)
Content-Length: 2
Keep-Alive: timeout=5, max=99
Connection: Keep-Alive
Content-Type: application/json; charset=utf-8

[
    
]
]]></system-out>
  </testcase>
  <testcase name="getNomenclatureSearchDataProviderServiceIsAbsent" classname="AutoTest.NomenclatureTest" time="1.093"/>
  <testcase name="getNomenclatureSearchDataProviderServiceIsAbsent" classname="AutoTest.NomenclatureTest" time="1.364"/>
  <testcase name="getNomenclatureSearchNegative" classname="AutoTest.NomenclatureTest" time="0.537"/>
  <testcase name="getNomenclatureSearchNegative" classname="AutoTest.NomenclatureTest" time="1.011"/>
  <testcase name="getNomenclatureSearchNegative" classname="AutoTest.NomenclatureTest" time="0.988"/>
  <testcase name="getNomenclatureSearchNegative" classname="AutoTest.NomenclatureTest" time="1.016"/>
  <testcase name="getNomenclatureSearchNegative" classname="AutoTest.NomenclatureTest" time="0.991"/>
  <testcase name="getNomenclatureSearchNegative" classname="AutoTest.NomenclatureTest" time="1.001"/>
  <testcase name="getNomenclatureSearchNegative" classname="AutoTest.NomenclatureTest" time="1.077"/>
  <testcase name="getNomenclatureSearchNegative" classname="AutoTest.NomenclatureTest" time="1.061"/>
  <testcase name="getNomenclatureSearchNegative" classname="AutoTest.NomenclatureTest" time="0.901"/>
  <testcase name="getNomenclatureSearchNegative" classname="AutoTest.NomenclatureTest" time="1.159"/>
  <testcase name="getNomenclatureSearchNegative" classname="AutoTest.NomenclatureTest" time="0.932"/>
  <testcase name="getNomenclatureSearchNegative" classname="AutoTest.NomenclatureTest" time="3.875"/>
  <testcase name="getNomenclatureSearchNegative" classname="AutoTest.NomenclatureTest" time="1.07"/>
  <testcase name="getNomenclatureSearchNegative" classname="AutoTest.NomenclatureTest" time="0.976"/>
  <testcase name="getNomenclatureSearchNegative" classname="AutoTest.NomenclatureTest" time="1.059"/>
  <testcase name="getNomenclatureSearchNegative" classname="AutoTest.NomenclatureTest" time="0.964"/>
  <testcase name="getNomenclatureSearchNegative" classname="AutoTest.NomenclatureTest" time="1"/>
  <testcase name="getNomenclatureSearchNegative" classname="AutoTest.NomenclatureTest" time="0.974"/>
  <testcase name="getNomenclatureSearchNegative" classname="AutoTest.NomenclatureTest" time="1.088"/>
  <testcase name="getNomenclatureSearchNegative" classname="AutoTest.NomenclatureTest" time="0.939"/>
  <testcase name="getNomenclatureSearchNegative" classname="AutoTest.NomenclatureTest" time="0.989"/>
  <testcase name="getNomenclatureSearchNegativeSte" classname="AutoTest.NomenclatureTest" time="1.09"/>
  <testcase name="getNomenclatureSearchNegativeSte" classname="AutoTest.NomenclatureTest" time="0.913"/>
  <testcase name="getNomenclatureSearchNegativeSte" classname="AutoTest.NomenclatureTest" time="0.983"/>
  <testcase name="getNomenclatureSearchNegativeSte" classname="AutoTest.NomenclatureTest" time="1.025"/>
  <testcase name="getNomenclatureSearchNegativeSte" classname="AutoTest.NomenclatureTest" time="0.999"/>
  <testcase name="getNomenclatureSearchNegativeSte" classname="AutoTest.NomenclatureTest" time="0.987"/>
  <testcase name="getNomenclatureSearchNegativeSte" classname="AutoTest.NomenclatureTest" time="1.001"/>
  <testcase name="getNomenclatureSearchNegativeSte" classname="AutoTest.NomenclatureTest" time="1.017"/>
  <testcase name="getNomenclatureSearchType1" classname="AutoTest.NomenclatureTest" time="2.895"/>
  <testcase name="getBankAccountGuid" classname="AutoTest.PartnerTest" time="1.159"/>
  <testcase name="getBankAccountGuidNotExist" classname="AutoTest.PartnerTest" time="0.972"/>
  <testcase name="getBankAccountGuidNotExist" classname="AutoTest.PartnerTest" time="1.086"/>
  <testcase name="getBankAccountGuidNotExist" classname="AutoTest.PartnerTest" time="0.922"/>
  <testcase name="getBankAccountGuidNotExist" classname="AutoTest.PartnerTest" time="0.968"/>
  <testcase name="getBankAccountGuidNotExist" classname="AutoTest.PartnerTest" time="4.039"/>
  <testcase name="getBankAccountGuidNotExist" classname="AutoTest.PartnerTest" time="1.012"/>
  <testcase name="getBankAccountGuidNotExist" classname="AutoTest.PartnerTest" time="1.016"/>
  <testcase name="getBankAccountGuidNotExist" classname="AutoTest.PartnerTest" time="0.963"/>
  <testcase name="getBankAccountGuidNotExist" classname="AutoTest.PartnerTest" time="1.006"/>
  <testcase name="getBankAccountGuidNotExist" classname="AutoTest.PartnerTest" time="1.024"/>
  <testcase name="getBankAccountGuidNotExist" classname="AutoTest.PartnerTest" time="1.019"/>
  <testcase name="getBankAccountList" classname="AutoTest.PartnerTest" time="0.978"/>
  <testcase name="getBankAccountList" classname="AutoTest.PartnerTest" time="0.987">
    <failure message="1 expectation failed.&#10;JSON path size() doesn&apos;t match.&#10;Expected: is &lt;2&gt;&#10;  Actual: &lt;1&gt;&#10;" type="java.lang.AssertionError"><![CDATA[java.lang.AssertionError: 
1 expectation failed.
JSON path size() doesn't match.
Expected: is <2>
  Actual: <1>

	at AutoTest.PartnerTest.getBankAccountList(PartnerTest.java:392)
]]></failure>
    <system-out><![CDATA[Request URI:	http://dev1c:8080/MDM_Gribov_2541/hs/klass/bankAccounts?step=2
HTTP/1.1 200 OK
Date: Wed, 13 Dec 2023 08:18:55 GMT
Server: Apache/2.4.23 (Win64)
Content-Length: 559
Keep-Alive: timeout=5, max=99
Connection: Keep-Alive
Content-Type: application/json; charset=utf-8

[
    {
        "guid": "fe3562f8-8ebe-11ee-b5b1-005056013b0c",
        "partner": "d8708a4c-8a97-11ee-b5b1-005056013b0c",
        "type": "ebfeb736-895e-11ee-b5b1-005056013b0c",
        "typeName": "Тест1",
        "name": "Тест1",
        "number": "11111111111111111111",
        "currency": "f7f5d645-2df6-11e0-b48b-1cc1dee64484",
        "currencyCode": "643",
        "bank": "b6a7fb06-d09e-11e5-826c-605718cb5baa",
        "bankBic": "041909644",
        "bankSettlement": "00000000-0000-0000-0000-000000000000",
        "bankSettlementBic": "",
        "dateОpening": "0001-01-01T00:00:00Z",
        "dateClosing": "0001-01-01T00:00:00Z"
    }
]
]]></system-out>
  </testcase>
  <testcase name="getBankAccountList" classname="AutoTest.PartnerTest" time="0.997">
    <failure message="1 expectation failed.&#10;JSON path size() doesn&apos;t match.&#10;Expected: is &lt;10&gt;&#10;  Actual: &lt;1&gt;&#10;" type="java.lang.AssertionError"><![CDATA[java.lang.AssertionError: 
1 expectation failed.
JSON path size() doesn't match.
Expected: is <10>
  Actual: <1>

	at AutoTest.PartnerTest.getBankAccountList(PartnerTest.java:392)
]]></failure>
    <system-out><![CDATA[Request URI:	http://dev1c:8080/MDM_Gribov_2541/hs/klass/bankAccounts?step=10
HTTP/1.1 200 OK
Date: Wed, 13 Dec 2023 08:18:56 GMT
Server: Apache/2.4.23 (Win64)
Content-Length: 559
Keep-Alive: timeout=5, max=99
Connection: Keep-Alive
Content-Type: application/json; charset=utf-8

[
    {
        "guid": "fe3562f8-8ebe-11ee-b5b1-005056013b0c",
        "partner": "d8708a4c-8a97-11ee-b5b1-005056013b0c",
        "type": "ebfeb736-895e-11ee-b5b1-005056013b0c",
        "typeName": "Тест1",
        "name": "Тест1",
        "number": "11111111111111111111",
        "currency": "f7f5d645-2df6-11e0-b48b-1cc1dee64484",
        "currencyCode": "643",
        "bank": "b6a7fb06-d09e-11e5-826c-605718cb5baa",
        "bankBic": "041909644",
        "bankSettlement": "00000000-0000-0000-0000-000000000000",
        "bankSettlementBic": "",
        "dateОpening": "0001-01-01T00:00:00Z",
        "dateClosing": "0001-01-01T00:00:00Z"
    }
]
]]></system-out>
  </testcase>
  <testcase name="getBankAccountList" classname="AutoTest.PartnerTest" time="0.998">
    <failure message="1 expectation failed.&#10;JSON path size() doesn&apos;t match.&#10;Expected: is &lt;100&gt;&#10;  Actual: &lt;1&gt;&#10;" type="java.lang.AssertionError"><![CDATA[java.lang.AssertionError: 
1 expectation failed.
JSON path size() doesn't match.
Expected: is <100>
  Actual: <1>

	at AutoTest.PartnerTest.getBankAccountList(PartnerTest.java:392)
]]></failure>
    <system-out><![CDATA[Request URI:	http://dev1c:8080/MDM_Gribov_2541/hs/klass/bankAccounts?step=100
HTTP/1.1 200 OK
Date: Wed, 13 Dec 2023 08:18:57 GMT
Server: Apache/2.4.23 (Win64)
Content-Length: 559
Keep-Alive: timeout=5, max=99
Connection: Keep-Alive
Content-Type: application/json; charset=utf-8

[
    {
        "guid": "fe3562f8-8ebe-11ee-b5b1-005056013b0c",
        "partner": "d8708a4c-8a97-11ee-b5b1-005056013b0c",
        "type": "ebfeb736-895e-11ee-b5b1-005056013b0c",
        "typeName": "Тест1",
        "name": "Тест1",
        "number": "11111111111111111111",
        "currency": "f7f5d645-2df6-11e0-b48b-1cc1dee64484",
        "currencyCode": "643",
        "bank": "b6a7fb06-d09e-11e5-826c-605718cb5baa",
        "bankBic": "041909644",
        "bankSettlement": "00000000-0000-0000-0000-000000000000",
        "bankSettlementBic": "",
        "dateОpening": "0001-01-01T00:00:00Z",
        "dateClosing": "0001-01-01T00:00:00Z"
    }
]
]]></system-out>
  </testcase>
  <testcase name="getBankAccountList" classname="AutoTest.PartnerTest" time="1.005">
    <failure message="1 expectation failed.&#10;JSON path size() doesn&apos;t match.&#10;Expected: is &lt;199&gt;&#10;  Actual: &lt;1&gt;&#10;" type="java.lang.AssertionError"><![CDATA[java.lang.AssertionError: 
1 expectation failed.
JSON path size() doesn't match.
Expected: is <199>
  Actual: <1>

	at AutoTest.PartnerTest.getBankAccountList(PartnerTest.java:392)
]]></failure>
    <system-out><![CDATA[Request URI:	http://dev1c:8080/MDM_Gribov_2541/hs/klass/bankAccounts?step=199
HTTP/1.1 200 OK
Date: Wed, 13 Dec 2023 08:18:58 GMT
Server: Apache/2.4.23 (Win64)
Content-Length: 559
Keep-Alive: timeout=5, max=99
Connection: Keep-Alive
Content-Type: application/json; charset=utf-8

[
    {
        "guid": "fe3562f8-8ebe-11ee-b5b1-005056013b0c",
        "partner": "d8708a4c-8a97-11ee-b5b1-005056013b0c",
        "type": "ebfeb736-895e-11ee-b5b1-005056013b0c",
        "typeName": "Тест1",
        "name": "Тест1",
        "number": "11111111111111111111",
        "currency": "f7f5d645-2df6-11e0-b48b-1cc1dee64484",
        "currencyCode": "643",
        "bank": "b6a7fb06-d09e-11e5-826c-605718cb5baa",
        "bankBic": "041909644",
        "bankSettlement": "00000000-0000-0000-0000-000000000000",
        "bankSettlementBic": "",
        "dateОpening": "0001-01-01T00:00:00Z",
        "dateClosing": "0001-01-01T00:00:00Z"
    }
]
]]></system-out>
  </testcase>
  <testcase name="getBankAccountList" classname="AutoTest.PartnerTest" time="0.998">
    <failure message="1 expectation failed.&#10;JSON path size() doesn&apos;t match.&#10;Expected: is &lt;200&gt;&#10;  Actual: &lt;1&gt;&#10;" type="java.lang.AssertionError"><![CDATA[java.lang.AssertionError: 
1 expectation failed.
JSON path size() doesn't match.
Expected: is <200>
  Actual: <1>

	at AutoTest.PartnerTest.getBankAccountList(PartnerTest.java:392)
]]></failure>
    <system-out><![CDATA[Request URI:	http://dev1c:8080/MDM_Gribov_2541/hs/klass/bankAccounts?step=200
HTTP/1.1 200 OK
Date: Wed, 13 Dec 2023 08:18:59 GMT
Server: Apache/2.4.23 (Win64)
Content-Length: 559
Keep-Alive: timeout=5, max=99
Connection: Keep-Alive
Content-Type: application/json; charset=utf-8

[
    {
        "guid": "fe3562f8-8ebe-11ee-b5b1-005056013b0c",
        "partner": "d8708a4c-8a97-11ee-b5b1-005056013b0c",
        "type": "ebfeb736-895e-11ee-b5b1-005056013b0c",
        "typeName": "Тест1",
        "name": "Тест1",
        "number": "11111111111111111111",
        "currency": "f7f5d645-2df6-11e0-b48b-1cc1dee64484",
        "currencyCode": "643",
        "bank": "b6a7fb06-d09e-11e5-826c-605718cb5baa",
        "bankBic": "041909644",
        "bankSettlement": "00000000-0000-0000-0000-000000000000",
        "bankSettlementBic": "",
        "dateОpening": "0001-01-01T00:00:00Z",
        "dateClosing": "0001-01-01T00:00:00Z"
    }
]
]]></system-out>
  </testcase>
  <testcase name="getBankAccountMaxPlus" classname="AutoTest.PartnerTest" time="0.975"/>
  <testcase name="getBankAccountMaxPlus" classname="AutoTest.PartnerTest" time="1.024"/>
  <testcase name="getBankAccountMaxPlus" classname="AutoTest.PartnerTest" time="1.102"/>
  <testcase name="getBankAccountMaxPlus" classname="AutoTest.PartnerTest" time="0.905"/>
  <testcase name="getBankAccountMaxPlus" classname="AutoTest.PartnerTest" time="0.997"/>
  <testcase name="getBankAccountMaxPlus" classname="AutoTest.PartnerTest" time="0.997"/>
  <testcase name="getBankAccountMaxPlus" classname="AutoTest.PartnerTest" time="1.136"/>
  <testcase name="getBankAccountMaxPlus" classname="AutoTest.PartnerTest" time="0.876"/>
  <testcase name="getBankAccountMaxPlus" classname="AutoTest.PartnerTest" time="1.048"/>
  <testcase name="getBankAccountMaxPlus" classname="AutoTest.PartnerTest" time="1.068"/>
  <testcase name="getBankAccountMaxPlus" classname="AutoTest.PartnerTest" time="0.881"/>
  <testcase name="getBankAccountMaxPlus" classname="AutoTest.PartnerTest" time="1.12"/>
  <testcase name="getBankAccountMaxPlus" classname="AutoTest.PartnerTest" time="0.871"/>
  <testcase name="getBankAccountMaxPlus" classname="AutoTest.PartnerTest" time="1.027"/>
  <testcase name="getBankAccountMaxPlus" classname="AutoTest.PartnerTest" time="0.981"/>
  <testcase name="getBankAccountStepIsEmpty" classname="AutoTest.PartnerTest" time="1.07"/>
  <testcase name="getBankAccountTypeGuid" classname="AutoTest.PartnerTest" time="0.994"/>
  <testcase name="getBankAccountTypeGuidNotExist" classname="AutoTest.PartnerTest" time="0.951"/>
  <testcase name="getBankAccountTypeGuidNotExist" classname="AutoTest.PartnerTest" time="1.001"/>
  <testcase name="getBankAccountTypeGuidNotExist" classname="AutoTest.PartnerTest" time="0.983"/>
  <testcase name="getBankAccountTypeGuidNotExist" classname="AutoTest.PartnerTest" time="1.01"/>
  <testcase name="getBankAccountTypeGuidNotExist" classname="AutoTest.PartnerTest" time="0.999"/>
  <testcase name="getBankAccountTypeGuidNotExist" classname="AutoTest.PartnerTest" time="1.027"/>
  <testcase name="getBankAccountTypeGuidNotExist" classname="AutoTest.PartnerTest" time="1.068"/>
  <testcase name="getBankAccountTypeGuidNotExist" classname="AutoTest.PartnerTest" time="0.905"/>
  <testcase name="getBankAccountTypeGuidNotExist" classname="AutoTest.PartnerTest" time="1.031"/>
  <testcase name="getBankAccountTypeGuidNotExist" classname="AutoTest.PartnerTest" time="1.032"/>
  <testcase name="getBankAccountTypeGuidNotExist" classname="AutoTest.PartnerTest" time="1.213"/>
  <testcase name="getBankAccountTypeList" classname="AutoTest.PartnerTest" time="0.831"/>
  <testcase name="getBankAccountTypeList" classname="AutoTest.PartnerTest" time="1.002"/>
  <testcase name="getBankAccountTypeList" classname="AutoTest.PartnerTest" time="0.975"/>
  <testcase name="getBankAccountTypeList" classname="AutoTest.PartnerTest" time="1.1"/>
  <testcase name="getBankAccountTypeList" classname="AutoTest.PartnerTest" time="0.919"/>
  <testcase name="getBankAccountTypeList" classname="AutoTest.PartnerTest" time="0.996"/>
  <testcase name="getBankAccountTypeMaxPlus" classname="AutoTest.PartnerTest" time="1.064"/>
  <testcase name="getBankAccountTypeMaxPlus" classname="AutoTest.PartnerTest" time="0.915"/>
  <testcase name="getBankAccountTypeMaxPlus" classname="AutoTest.PartnerTest" time="0.977"/>
  <testcase name="getBankAccountTypeMaxPlus" classname="AutoTest.PartnerTest" time="1.056"/>
  <testcase name="getBankAccountTypeMaxPlus" classname="AutoTest.PartnerTest" time="0.955"/>
  <testcase name="getBankAccountTypeMaxPlus" classname="AutoTest.PartnerTest" time="0.997"/>
  <testcase name="getBankAccountTypeMaxPlus" classname="AutoTest.PartnerTest" time="0.984"/>
  <testcase name="getBankAccountTypeMaxPlus" classname="AutoTest.PartnerTest" time="0.998"/>
  <testcase name="getBankAccountTypeMaxPlus" classname="AutoTest.PartnerTest" time="1.068"/>
  <testcase name="getBankAccountTypeMaxPlus" classname="AutoTest.PartnerTest" time="0.962"/>
  <testcase name="getBankAccountTypeMaxPlus" classname="AutoTest.PartnerTest" time="1"/>
  <testcase name="getBankAccountTypeMaxPlus" classname="AutoTest.PartnerTest" time="1.001"/>
  <testcase name="getBankAccountTypeMaxPlus" classname="AutoTest.PartnerTest" time="0.989"/>
  <testcase name="getBankAccountTypeMaxPlus" classname="AutoTest.PartnerTest" time="0.979"/>
  <testcase name="getBankAccountTypeMaxPlus" classname="AutoTest.PartnerTest" time="1.042"/>
  <testcase name="getBankAccountTypeStepIsEmpty" classname="AutoTest.PartnerTest" time="1.006"/>
  <testcase name="getContactGuid" classname="AutoTest.PartnerTest" time="1.032">
    <failure message="1 expectation failed.&#10;Expected status code &lt;200&gt; but was &lt;400&gt;.&#10;" type="java.lang.AssertionError"><![CDATA[java.lang.AssertionError: 
1 expectation failed.
Expected status code <200> but was <400>.

	at AutoTest.PartnerTest.getContactGuid(PartnerTest.java:276)
]]></failure>
  </testcase>
  <testcase name="getContactGuidNotExist" classname="AutoTest.PartnerTest" time="0.944"/>
  <testcase name="getContactGuidNotExist" classname="AutoTest.PartnerTest" time="1.056"/>
  <testcase name="getContactGuidNotExist" classname="AutoTest.PartnerTest" time="1.281"/>
  <testcase name="getContactGuidNotExist" classname="AutoTest.PartnerTest" time="0.683"/>
  <testcase name="getContactGuidNotExist" classname="AutoTest.PartnerTest" time="1.003"/>
  <testcase name="getContactGuidNotExist" classname="AutoTest.PartnerTest" time="1.002"/>
  <testcase name="getContactGuidNotExist" classname="AutoTest.PartnerTest" time="1.031"/>
  <testcase name="getContactGuidNotExist" classname="AutoTest.PartnerTest" time="0.984"/>
  <testcase name="getContactGuidNotExist" classname="AutoTest.PartnerTest" time="1.044"/>
  <testcase name="getContactGuidNotExist" classname="AutoTest.PartnerTest" time="0.964"/>
  <testcase name="getContactGuidNotExist" classname="AutoTest.PartnerTest" time="1.007"/>
  <testcase name="getContactList" classname="AutoTest.PartnerTest" time="1.146"/>
  <testcase name="getContactList" classname="AutoTest.PartnerTest" time="0.88"/>
  <testcase name="getContactList" classname="AutoTest.PartnerTest" time="0.992">
    <failure message="1 expectation failed.&#10;JSON path size() doesn&apos;t match.&#10;Expected: is &lt;10&gt;&#10;  Actual: &lt;2&gt;&#10;" type="java.lang.AssertionError"><![CDATA[java.lang.AssertionError: 
1 expectation failed.
JSON path size() doesn't match.
Expected: is <10>
  Actual: <2>

	at AutoTest.PartnerTest.getContactList(PartnerTest.java:230)
]]></failure>
    <system-out><![CDATA[Request URI:	http://dev1c:8080/MDM_Gribov_2541/hs/klass/contact?step=10
HTTP/1.1 200 OK
Date: Wed, 13 Dec 2023 08:20:04 GMT
Server: Apache/2.4.23 (Win64)
Content-Length: 428
Keep-Alive: timeout=5, max=99
Connection: Keep-Alive
Content-Type: application/json; charset=utf-8

[
    {
        "guid": "ed4f63bd-8a1b-11ee-b5b1-005056013b0c",
        "fio": "Тест1",
        "position": "",
        "partner": "8e7275eb-3049-11ee-b5ae-005056013b0c",
        "dateOfBirth": "0001-01-01T00:00:00Z",
        "sex": "",
        "role": [
            
        ]
    },
    {
        "guid": "acf132fa-8ec2-11ee-b5b1-005056013b0c",
        "fio": "Тестовы",
        "position": "",
        "partner": "b5bf5253-8aaa-11ee-b5b1-005056013b0c",
        "dateOfBirth": "0001-01-01T00:00:00Z",
        "sex": "",
        "role": [
            
        ]
    }
]
]]></system-out>
  </testcase>
  <testcase name="getContactList" classname="AutoTest.PartnerTest" time="1.142">
    <failure message="1 expectation failed.&#10;JSON path size() doesn&apos;t match.&#10;Expected: is &lt;100&gt;&#10;  Actual: &lt;2&gt;&#10;" type="java.lang.AssertionError"><![CDATA[java.lang.AssertionError: 
1 expectation failed.
JSON path size() doesn't match.
Expected: is <100>
  Actual: <2>

	at AutoTest.PartnerTest.getContactList(PartnerTest.java:230)
]]></failure>
    <system-out><![CDATA[Request URI:	http://dev1c:8080/MDM_Gribov_2541/hs/klass/contact?step=100
HTTP/1.1 200 OK
Date: Wed, 13 Dec 2023 08:20:05 GMT
Server: Apache/2.4.23 (Win64)
Content-Length: 428
Keep-Alive: timeout=5, max=99
Connection: Keep-Alive
Content-Type: application/json; charset=utf-8

[
    {
        "guid": "ed4f63bd-8a1b-11ee-b5b1-005056013b0c",
        "fio": "Тест1",
        "position": "",
        "partner": "8e7275eb-3049-11ee-b5ae-005056013b0c",
        "dateOfBirth": "0001-01-01T00:00:00Z",
        "sex": "",
        "role": [
            
        ]
    },
    {
        "guid": "acf132fa-8ec2-11ee-b5b1-005056013b0c",
        "fio": "Тестовы",
        "position": "",
        "partner": "b5bf5253-8aaa-11ee-b5b1-005056013b0c",
        "dateOfBirth": "0001-01-01T00:00:00Z",
        "sex": "",
        "role": [
            
        ]
    }
]
]]></system-out>
  </testcase>
  <testcase name="getContactList" classname="AutoTest.PartnerTest" time="0.857">
    <failure message="1 expectation failed.&#10;JSON path size() doesn&apos;t match.&#10;Expected: is &lt;199&gt;&#10;  Actual: &lt;2&gt;&#10;" type="java.lang.AssertionError"><![CDATA[java.lang.AssertionError: 
1 expectation failed.
JSON path size() doesn't match.
Expected: is <199>
  Actual: <2>

	at AutoTest.PartnerTest.getContactList(PartnerTest.java:230)
]]></failure>
    <system-out><![CDATA[Request URI:	http://dev1c:8080/MDM_Gribov_2541/hs/klass/contact?step=199
HTTP/1.1 200 OK
Date: Wed, 13 Dec 2023 08:20:06 GMT
Server: Apache/2.4.23 (Win64)
Content-Length: 428
Keep-Alive: timeout=5, max=99
Connection: Keep-Alive
Content-Type: application/json; charset=utf-8

[
    {
        "guid": "ed4f63bd-8a1b-11ee-b5b1-005056013b0c",
        "fio": "Тест1",
        "position": "",
        "partner": "8e7275eb-3049-11ee-b5ae-005056013b0c",
        "dateOfBirth": "0001-01-01T00:00:00Z",
        "sex": "",
        "role": [
            
        ]
    },
    {
        "guid": "acf132fa-8ec2-11ee-b5b1-005056013b0c",
        "fio": "Тестовы",
        "position": "",
        "partner": "b5bf5253-8aaa-11ee-b5b1-005056013b0c",
        "dateOfBirth": "0001-01-01T00:00:00Z",
        "sex": "",
        "role": [
            
        ]
    }
]
]]></system-out>
  </testcase>
  <testcase name="getContactList" classname="AutoTest.PartnerTest" time="0.99">
    <failure message="1 expectation failed.&#10;JSON path size() doesn&apos;t match.&#10;Expected: is &lt;200&gt;&#10;  Actual: &lt;2&gt;&#10;" type="java.lang.AssertionError"><![CDATA[java.lang.AssertionError: 
1 expectation failed.
JSON path size() doesn't match.
Expected: is <200>
  Actual: <2>

	at AutoTest.PartnerTest.getContactList(PartnerTest.java:230)
]]></failure>
    <system-out><![CDATA[Request URI:	http://dev1c:8080/MDM_Gribov_2541/hs/klass/contact?step=200
HTTP/1.1 200 OK
Date: Wed, 13 Dec 2023 08:20:07 GMT
Server: Apache/2.4.23 (Win64)
Content-Length: 428
Keep-Alive: timeout=5, max=99
Connection: Keep-Alive
Content-Type: application/json; charset=utf-8

[
    {
        "guid": "ed4f63bd-8a1b-11ee-b5b1-005056013b0c",
        "fio": "Тест1",
        "position": "",
        "partner": "8e7275eb-3049-11ee-b5ae-005056013b0c",
        "dateOfBirth": "0001-01-01T00:00:00Z",
        "sex": "",
        "role": [
            
        ]
    },
    {
        "guid": "acf132fa-8ec2-11ee-b5b1-005056013b0c",
        "fio": "Тестовы",
        "position": "",
        "partner": "b5bf5253-8aaa-11ee-b5b1-005056013b0c",
        "dateOfBirth": "0001-01-01T00:00:00Z",
        "sex": "",
        "role": [
            
        ]
    }
]
]]></system-out>
  </testcase>
  <testcase name="getContactListStepIsEmpty" classname="AutoTest.PartnerTest" time="1.006"/>
  <testcase name="getContactMaxPlus" classname="AutoTest.PartnerTest" time="0.977"/>
  <testcase name="getContactMaxPlus" classname="AutoTest.PartnerTest" time="1.035"/>
  <testcase name="getContactMaxPlus" classname="AutoTest.PartnerTest" time="0.98"/>
  <testcase name="getContactMaxPlus" classname="AutoTest.PartnerTest" time="1.007"/>
  <testcase name="getContactMaxPlus" classname="AutoTest.PartnerTest" time="1.012"/>
  <testcase name="getContactMaxPlus" classname="AutoTest.PartnerTest" time="1.233"/>
  <testcase name="getContactMaxPlus" classname="AutoTest.PartnerTest" time="0.75"/>
  <testcase name="getContactMaxPlus" classname="AutoTest.PartnerTest" time="1.007"/>
  <testcase name="getContactMaxPlus" classname="AutoTest.PartnerTest" time="1.032"/>
  <testcase name="getContactMaxPlus" classname="AutoTest.PartnerTest" time="0.96"/>
  <testcase name="getContactMaxPlus" classname="AutoTest.PartnerTest" time="1.016"/>
  <testcase name="getContactMaxPlus" classname="AutoTest.PartnerTest" time="0.978"/>
  <testcase name="getContactMaxPlus" classname="AutoTest.PartnerTest" time="1.027"/>
  <testcase name="getContactMaxPlus" classname="AutoTest.PartnerTest" time="0.997"/>
  <testcase name="getContactMaxPlus" classname="AutoTest.PartnerTest" time="1.03"/>
  <testcase name="getContactRolesGuid" classname="AutoTest.PartnerTest" time="1.002"/>
  <testcase name="getContactRolesGuidNotExist" classname="AutoTest.PartnerTest" time="0.98"/>
  <testcase name="getContactRolesGuidNotExist" classname="AutoTest.PartnerTest" time="1.112"/>
  <testcase name="getContactRolesGuidNotExist" classname="AutoTest.PartnerTest" time="0.926"/>
  <testcase name="getContactRolesGuidNotExist" classname="AutoTest.PartnerTest" time="0.995"/>
  <testcase name="getContactRolesGuidNotExist" classname="AutoTest.PartnerTest" time="0.993"/>
  <testcase name="getContactRolesGuidNotExist" classname="AutoTest.PartnerTest" time="1.537"/>
  <testcase name="getContactRolesGuidNotExist" classname="AutoTest.PartnerTest" time="0.448"/>
  <testcase name="getContactRolesGuidNotExist" classname="AutoTest.PartnerTest" time="0.998"/>
  <testcase name="getContactRolesGuidNotExist" classname="AutoTest.PartnerTest" time="1.176"/>
  <testcase name="getContactRolesGuidNotExist" classname="AutoTest.PartnerTest" time="0.843"/>
  <testcase name="getContactRolesGuidNotExist" classname="AutoTest.PartnerTest" time="1.007"/>
  <testcase name="getContactRolesList" classname="AutoTest.PartnerTest" time="1.019"/>
  <testcase name="getContactRolesList" classname="AutoTest.PartnerTest" time="1.018"/>
  <testcase name="getContactRolesList" classname="AutoTest.PartnerTest" time="0.969">
    <failure message="1 expectation failed.&#10;JSON path size() doesn&apos;t match.&#10;Expected: is &lt;10&gt;&#10;  Actual: &lt;2&gt;&#10;" type="java.lang.AssertionError"><![CDATA[java.lang.AssertionError: 
1 expectation failed.
JSON path size() doesn't match.
Expected: is <10>
  Actual: <2>

	at AutoTest.PartnerTest.getContactRolesList(PartnerTest.java:311)
]]></failure>
    <system-out><![CDATA[Request URI:	http://dev1c:8080/MDM_Gribov_2541/hs/klass/contact-roles?step=10
HTTP/1.1 200 OK
Date: Wed, 13 Dec 2023 08:20:39 GMT
Server: Apache/2.4.23 (Win64)
Content-Length: 167
Keep-Alive: timeout=5, max=99
Connection: Keep-Alive
Content-Type: application/json; charset=utf-8

[
    {
        "guid": "13a5f0a4-8960-11ee-b5b1-005056013b0c",
        "name": "Тест1"
    },
    {
        "guid": "e6f743d9-8e08-11ee-b5b1-005056013b0c",
        "name": "Новая роль"
    }
]
]]></system-out>
  </testcase>
  <testcase name="getContactRolesList" classname="AutoTest.PartnerTest" time="1.005">
    <failure message="1 expectation failed.&#10;JSON path size() doesn&apos;t match.&#10;Expected: is &lt;100&gt;&#10;  Actual: &lt;2&gt;&#10;" type="java.lang.AssertionError"><![CDATA[java.lang.AssertionError: 
1 expectation failed.
JSON path size() doesn't match.
Expected: is <100>
  Actual: <2>

	at AutoTest.PartnerTest.getContactRolesList(PartnerTest.java:311)
]]></failure>
    <system-out><![CDATA[Request URI:	http://dev1c:8080/MDM_Gribov_2541/hs/klass/contact-roles?step=100
HTTP/1.1 200 OK
Date: Wed, 13 Dec 2023 08:20:40 GMT
Server: Apache/2.4.23 (Win64)
Content-Length: 167
Keep-Alive: timeout=5, max=99
Connection: Keep-Alive
Content-Type: application/json; charset=utf-8

[
    {
        "guid": "13a5f0a4-8960-11ee-b5b1-005056013b0c",
        "name": "Тест1"
    },
    {
        "guid": "e6f743d9-8e08-11ee-b5b1-005056013b0c",
        "name": "Новая роль"
    }
]
]]></system-out>
  </testcase>
  <testcase name="getContactRolesList" classname="AutoTest.PartnerTest" time="1.011">
    <failure message="1 expectation failed.&#10;JSON path size() doesn&apos;t match.&#10;Expected: is &lt;199&gt;&#10;  Actual: &lt;2&gt;&#10;" type="java.lang.AssertionError"><![CDATA[java.lang.AssertionError: 
1 expectation failed.
JSON path size() doesn't match.
Expected: is <199>
  Actual: <2>

	at AutoTest.PartnerTest.getContactRolesList(PartnerTest.java:311)
]]></failure>
    <system-out><![CDATA[Request URI:	http://dev1c:8080/MDM_Gribov_2541/hs/klass/contact-roles?step=199
HTTP/1.1 200 OK
Date: Wed, 13 Dec 2023 08:20:41 GMT
Server: Apache/2.4.23 (Win64)
Content-Length: 167
Keep-Alive: timeout=5, max=99
Connection: Keep-Alive
Content-Type: application/json; charset=utf-8

[
    {
        "guid": "13a5f0a4-8960-11ee-b5b1-005056013b0c",
        "name": "Тест1"
    },
    {
        "guid": "e6f743d9-8e08-11ee-b5b1-005056013b0c",
        "name": "Новая роль"
    }
]
]]></system-out>
  </testcase>
  <testcase name="getContactRolesList" classname="AutoTest.PartnerTest" time="1.024">
    <failure message="1 expectation failed.&#10;JSON path size() doesn&apos;t match.&#10;Expected: is &lt;200&gt;&#10;  Actual: &lt;2&gt;&#10;" type="java.lang.AssertionError"><![CDATA[java.lang.AssertionError: 
1 expectation failed.
JSON path size() doesn't match.
Expected: is <200>
  Actual: <2>

	at AutoTest.PartnerTest.getContactRolesList(PartnerTest.java:311)
]]></failure>
    <system-out><![CDATA[Request URI:	http://dev1c:8080/MDM_Gribov_2541/hs/klass/contact-roles?step=200
HTTP/1.1 200 OK
Date: Wed, 13 Dec 2023 08:20:42 GMT
Server: Apache/2.4.23 (Win64)
Content-Length: 167
Keep-Alive: timeout=5, max=99
Connection: Keep-Alive
Content-Type: application/json; charset=utf-8

[
    {
        "guid": "13a5f0a4-8960-11ee-b5b1-005056013b0c",
        "name": "Тест1"
    },
    {
        "guid": "e6f743d9-8e08-11ee-b5b1-005056013b0c",
        "name": "Новая роль"
    }
]
]]></system-out>
  </testcase>
  <testcase name="getContactRolesListStepIsEmpty" classname="AutoTest.PartnerTest" time="0.957"/>
  <testcase name="getContactRolesMaxPlus" classname="AutoTest.PartnerTest" time="1.023"/>
  <testcase name="getContactRolesMaxPlus" classname="AutoTest.PartnerTest" time="0.975"/>
  <testcase name="getContactRolesMaxPlus" classname="AutoTest.PartnerTest" time="0.99"/>
  <testcase name="getContactRolesMaxPlus" classname="AutoTest.PartnerTest" time="0.997"/>
  <testcase name="getContactRolesMaxPlus" classname="AutoTest.PartnerTest" time="1.051"/>
  <testcase name="getContactRolesMaxPlus" classname="AutoTest.PartnerTest" time="0.983"/>
  <testcase name="getContactRolesMaxPlus" classname="AutoTest.PartnerTest" time="1.009"/>
  <testcase name="getContactRolesMaxPlus" classname="AutoTest.PartnerTest" time="1.026"/>
  <testcase name="getContactRolesMaxPlus" classname="AutoTest.PartnerTest" time="1.222"/>
  <testcase name="getContactRolesMaxPlus" classname="AutoTest.PartnerTest" time="0.702"/>
  <testcase name="getContactRolesMaxPlus" classname="AutoTest.PartnerTest" time="1.008"/>
  <testcase name="getContactRolesMaxPlus" classname="AutoTest.PartnerTest" time="1.014"/>
  <testcase name="getContactRolesMaxPlus" classname="AutoTest.PartnerTest" time="1.133"/>
  <testcase name="getContactRolesMaxPlus" classname="AutoTest.PartnerTest" time="0.892"/>
  <testcase name="getContactRolesMaxPlus" classname="AutoTest.PartnerTest" time="0.99"/>
  <testcase name="getPartnerConcernTypeGuid" classname="AutoTest.PartnerTest" time="1.174">
    <failure message="1 expectation failed.&#10;Expected status code &lt;200&gt; but was &lt;400&gt;.&#10;" type="java.lang.AssertionError"><![CDATA[java.lang.AssertionError: 
1 expectation failed.
Expected status code <200> but was <400>.

	at AutoTest.PartnerTest.getPartnerConcernTypeGuid(PartnerTest.java:195)
]]></failure>
    <system-out><![CDATA[Request URI:	http://dev1c:8080/MDM_Gribov_2541/hs/klass/partner-concern-type/83b4ab77-8260-11ee-b5b1-005056013b0c
]]></system-out>
  </testcase>
  <testcase name="getPartnerConcernTypeGuidNotExist" classname="AutoTest.PartnerTest" time="0.837"/>
  <testcase name="getPartnerConcernTypeGuidNotExist" classname="AutoTest.PartnerTest" time="0.979"/>
  <testcase name="getPartnerConcernTypeGuidNotExist" classname="AutoTest.PartnerTest" time="1.011"/>
  <testcase name="getPartnerConcernTypeGuidNotExist" classname="AutoTest.PartnerTest" time="1.07"/>
  <testcase name="getPartnerConcernTypeGuidNotExist" classname="AutoTest.PartnerTest" time="0.96"/>
  <testcase name="getPartnerConcernTypeGuidNotExist" classname="AutoTest.PartnerTest" time="0.952"/>
  <testcase name="getPartnerConcernTypeGuidNotExist" classname="AutoTest.PartnerTest" time="1.03"/>
  <testcase name="getPartnerConcernTypeGuidNotExist" classname="AutoTest.PartnerTest" time="1.015"/>
  <testcase name="getPartnerConcernTypeGuidNotExist" classname="AutoTest.PartnerTest" time="0.972"/>
  <testcase name="getPartnerConcernTypeGuidNotExist" classname="AutoTest.PartnerTest" time="1.004"/>
  <testcase name="getPartnerConcernTypeGuidNotExist" classname="AutoTest.PartnerTest" time="1.004"/>
  <testcase name="getPartnerConcernTypeList" classname="AutoTest.PartnerTest" time="1.043"/>
  <testcase name="getPartnerConcernTypeList" classname="AutoTest.PartnerTest" time="0.991"/>
  <testcase name="getPartnerConcernTypeList" classname="AutoTest.PartnerTest" time="1.01"/>
  <testcase name="getPartnerConcernTypeList" classname="AutoTest.PartnerTest" time="0.977"/>
  <testcase name="getPartnerConcernTypeList" classname="AutoTest.PartnerTest" time="0.997"/>
  <testcase name="getPartnerConcernTypeList" classname="AutoTest.PartnerTest" time="1.08"/>
  <testcase name="getPartnerConcernTypeListStepIsEmpty" classname="AutoTest.PartnerTest" time="0.935"/>
  <testcase name="getPartnerConcernTypeListStepMaxPlus" classname="AutoTest.PartnerTest" time="0.975"/>
  <testcase name="getPartnerConcernTypeListStepMaxPlus" classname="AutoTest.PartnerTest" time="1.822"/>
  <testcase name="getPartnerConcernTypeListStepMaxPlus" classname="AutoTest.PartnerTest" time="1.292"/>
  <testcase name="getPartnerConcernTypeListStepMaxPlus" classname="AutoTest.PartnerTest" time="0.893"/>
  <testcase name="getPartnerConcernTypeListStepMaxPlus" classname="AutoTest.PartnerTest" time="1.037"/>
  <testcase name="getPartnerConcernTypeListStepMaxPlus" classname="AutoTest.PartnerTest" time="1.11"/>
  <testcase name="getPartnerConcernTypeListStepMaxPlus" classname="AutoTest.PartnerTest" time="0.878"/>
  <testcase name="getPartnerConcernTypeListStepMaxPlus" classname="AutoTest.PartnerTest" time="0.998"/>
  <testcase name="getPartnerConcernTypeListStepMaxPlus" classname="AutoTest.PartnerTest" time="1.124"/>
  <testcase name="getPartnerConcernTypeListStepMaxPlus" classname="AutoTest.PartnerTest" time="0.888"/>
  <testcase name="getPartnerConcernTypeListStepMaxPlus" classname="AutoTest.PartnerTest" time="1.056"/>
  <testcase name="getPartnerConcernTypeListStepMaxPlus" classname="AutoTest.PartnerTest" time="1.102"/>
  <testcase name="getPartnerConcernTypeListStepMaxPlus" classname="AutoTest.PartnerTest" time="0.866"/>
  <testcase name="getPartnerConcernTypeListStepMaxPlus" classname="AutoTest.PartnerTest" time="0.977"/>
  <testcase name="getPartnerConcernTypeListStepMaxPlus" classname="AutoTest.PartnerTest" time="0.985"/>
  <testcase name="getPartnerGuid" classname="AutoTest.PartnerTest" time="1.067"/>
  <testcase name="getPartnerGuidNotExist" classname="AutoTest.PartnerTest" time="0.94"/>
  <testcase name="getPartnerGuidNotExist" classname="AutoTest.PartnerTest" time="1.008"/>
  <testcase name="getPartnerGuidNotExist" classname="AutoTest.PartnerTest" time="0.999"/>
  <testcase name="getPartnerGuidNotExist" classname="AutoTest.PartnerTest" time="1"/>
  <testcase name="getPartnerGuidNotExist" classname="AutoTest.PartnerTest" time="1.016"/>
  <testcase name="getPartnerGuidNotExist" classname="AutoTest.PartnerTest" time="1.062"/>
  <testcase name="getPartnerGuidNotExist" classname="AutoTest.PartnerTest" time="3.955"/>
  <testcase name="getPartnerGuidNotExist" classname="AutoTest.PartnerTest" time="1.014"/>
  <testcase name="getPartnerGuidNotExist" classname="AutoTest.PartnerTest" time="0.983"/>
  <testcase name="getPartnerGuidNotExist" classname="AutoTest.PartnerTest" time="1.037"/>
  <testcase name="getPartnerGuidNotExist" classname="AutoTest.PartnerTest" time="1.008"/>
  <testcase name="getPartnerList" classname="AutoTest.PartnerTest" time="1.026"/>
  <testcase name="getPartnerList" classname="AutoTest.PartnerTest" time="0.96"/>
  <testcase name="getPartnerList" classname="AutoTest.PartnerTest" time="1.079"/>
  <testcase name="getPartnerList" classname="AutoTest.PartnerTest" time="1.412">
    <failure message="1 expectation failed.&#10;JSON path size() doesn&apos;t match.&#10;Expected: is &lt;100&gt;&#10;  Actual: &lt;76&gt;&#10;" type="java.lang.AssertionError"><![CDATA[java.lang.AssertionError: 
1 expectation failed.
JSON path size() doesn't match.
Expected: is <100>
  Actual: <76>

	at AutoTest.PartnerTest.getPartnerList(PartnerTest.java:69)
]]></failure>
    <system-out><![CDATA[HTTP/1.1 200 OK
Date: Wed, 13 Dec 2023 08:21:52 GMT
Server: Apache/2.4.23 (Win64)
Content-Length: 100759
Keep-Alive: timeout=5, max=99
Connection: Keep-Alive
Content-Type: application/json; charset=utf-8

[
    {
        "guid": "d8708a2f-8a97-11ee-b5b1-005056013b0c",
        "archive": false,
        "dateOutputArchive": "0001-01-01T00:00:00Z",
        "code": "21",
        "name": "ФРИКЦИОН ООО",
        "nameAbbreviated": "ООО \"ФРИКЦИОН\"",
        "nameFull": "Общество с ограниченной ответственностью \"ФРИКЦИОН\"",
        "type": 1,
        "intragroup": false,
        "organization": "00000000-0000-0000-0000-000000000000",
        "organizationCode": "",
        "concernType": "00000000-0000-0000-0000-000000000000",
        "concernTypeCode": "",
        "noResident": false,
        "inn": "2225146732",
        "kpp": "222501001",
        "kppAdditional": "",
        "registrationNumber": "",
        "ogrn": "1142225002567",
        "okpo": "",
        "okved": "00000000-0000-0000-0000-000000000000",
        "okvedCode": "",
        "separateUnit": false,
        "partnerHead": "00000000-0000-0000-0000-000000000000",
        "bank": "00000000-0000-0000-0000-000000000000",
        "bankBIC": "",
        "okopf": "00000000-0000-0000-0000-000000000000",
        "okopfName": "",
        "reliabilitySupplier": 0,
        "reliabilityBuyer": 0,
        "verified": false,
        "dateVerified": "0001-01-01T00:00:00Z",
        "country": "4e127564-d74f-4dd9-bced-0327f0f4e061",
        "countryCode": "643",
        "region": "00000000-0000-0000-0000-000000000000",
        "regionCode": "",
        "contactInformation": [
            
        ]
    },
    {
        "guid": "5ef29a6c-8a21-11ee-b5b1-005056013b0c",
        "archive": false,
        "dateOutputArchive": "0001-01-01T00:00:00Z",
        "code": "6",
        "name": "ТОО Сауран Алем",
        "nameAbbreviated": "ТОО Сауран Алем",
        "nameFull": "Товарищество с ограниченной ответственностью Сауран Алем",
        "type": 1,
        "intragroup": false,
        "organization": "00000000-0000-0000-0000-000000000000",
        "organizationCode": "",
        "concernType": "00000000-0000-0000-0000-000000000000",
        "concernTypeCode": "",
        "noResident": true,
        "inn": "",
        "kpp": "",
        "kppAdditional": "",
        "registrationNumber": "000064184",
        "ogrn": "",
        "okpo": "",
        "okved": "00000000-0000-0000-0000-000000000000",
        "okvedCode": "",
        "separateUnit": false,
        "partnerHead": "00000000-0000-0000-0000-000000000000",
        "bank": "00000000-0000-0000-0000-000000000000",
        "bankBIC": "",
        "okopf": "00000000-0000-0000-0000-000000000000",
        "okopfName": "",
        "reliabilitySupplier": 0,
        "reliabilityBuyer": 0,
        "verified": false,
        "dateVerified": "0001-01-01T00:00:00Z",
        "country": "00000000-0000-0000-0000-000000000000",
        "countryCode": "",
        "region": "00000000-0000-0000-0000-000000000000",
        "regionCode": "",
        "contactInformation": [
            
        ]
    },
    {
        "guid": "5ef29a6d-8a21-11ee-b5b1-005056013b0c",
        "archive": false,
        "dateOutputArchive": "0001-01-01T00:00:00Z",
        "code": "7",
        "name": "РЕГИОНМЕТРЕСУРС ООО",
        "nameAbbreviated": "ООО  \"РЕГИОНМЕТРЕСУРС\"",
        "nameFull": "Общество с ограниченной ответственностью \"РЕГИОНМЕТРЕСУРС\"",
        "type": 1,
        "intragroup": false,
        "organization": "00000000-0000-0000-0000-000000000000",
        "organizationCode": "",
        "concernType": "00000000-0000-0000-0000-000000000000",
        "concernTypeCode": "",
        "noResident": false,
        "inn": "7453285124",
        "kpp": "745301001",
        "kppAdditional": "",
        "registrationNumber": "",
        "ogrn": "1157453007766",
        "okpo": "",
        "okved": "00000000-0000-0000-0000-000000000000",
        "okvedCode": "",
        "separateUnit": false,
        "partnerHead": "00000000-0000-0000-0000-000000000000",
        "bank": "00000000-0000-0000-0000-000000000000",
        "bankBIC": "",
        "okopf": "00000000-0000-0000-0000-000000000000",
        "okopfName": "",
        "reliabilitySupplier": 0,
        "reliabilityBuyer": 0,
        "verified": false,
        "dateVerified": "0001-01-01T00:00:00Z",
        "country": "4e127564-d74f-4dd9-bced-0327f0f4e061",
        "countryCode": "643",
        "region": "00000000-0000-0000-0000-000000000000",
        "regionCode": "",
        "contactInformation": [
            
        ]
    },
    {
        "guid": "d8708a2a-8a97-11ee-b5b1-005056013b0c",
        "archive": false,
        "dateOutputArchive": "0001-01-01T00:00:00Z",
        "code": "8",
        "name": "ТЕХЗАПСЕРВИС ООО",
        "nameAbbreviated": "ООО \"ТЕХЗАПСЕРВИС\"",
        "nameFull": "Общество с ограниченной ответственностью \"ТЕХНИКАЗАПЧАСТИСЕРВИС\"",
        "type": 1,
        "intragroup": false,
        "organization": "00000000-0000-0000-0000-000000000000",
        "organizationCode": "",
        "concernType": "00000000-0000-0000-0000-000000000000",
        "concernTypeCode": "",
        "noResident": false,
        "inn": "7449110570",
        "kpp": "745301001",
        "kppAdditional": "",
        "registrationNumber": "",
        "ogrn": "1127449004671",
        "okpo": "",
        "okved": "00000000-0000-0000-0000-000000000000",
        "okvedCode": "",
        "separateUnit": false,
        "partnerHead": "00000000-0000-0000-0000-000000000000",
        "bank": "00000000-0000-0000-0000-000000000000",
        "bankBIC": "",
        "okopf": "00000000-0000-0000-0000-000000000000",
        "okopfName": "",
        "reliabilitySupplier": 0,
        "reliabilityBuyer": 0,
        "verified": false,
        "dateVerified": "0001-01-01T00:00:00Z",
        "country": "4e127564-d74f-4dd9-bced-0327f0f4e061",
        "countryCode": "643",
        "region": "00000000-0000-0000-0000-000000000000",
        "regionCode": "",
        "contactInformation": [
            
        ]
    },
    {
        "guid": "d8708a2b-8a97-11ee-b5b1-005056013b0c",
        "archive": false,
        "dateOutputArchive": "0001-01-01T00:00:00Z",
        "code": "13",
        "name": "ПРОМТРАКТОР АО",
        "nameAbbreviated": "АО \"ПРОМТРАКТОР\"",
        "nameFull": "Акционерное общество \"ЧЕБОКСАРСКИЙ ЗАВОД ПРОМЫШЛЕННЫХ ТРАКТОРОВ\"",
        "type": 1,
        "intragroup": false,
        "organization": "00000000-0000-0000-0000-000000000000",
        "organizationCode": "",
        "concernType": "00000000-0000-0000-0000-000000000000",
        "concernTypeCode": "",
        "noResident": false,
        "inn": "2126003074",
        "kpp": "213001001",
        "kppAdditional": "",
        "registrationNumber": "",
        "ogrn": "1022100971144",
        "okpo": "",
        "okved": "00000000-0000-0000-0000-000000000000",
        "okvedCode": "",
        "separateUnit": false,
        "partnerHead": "00000000-0000-0000-0000-000000000000",
        "bank": "00000000-0000-0000-0000-000000000000",
        "bankBIC": "",
        "okopf": "00000000-0000-0000-0000-000000000000",
        "okopfName": "",
        "reliabilitySupplier": 0,
        "reliabilityBuyer": 0,
        "verified": false,
        "dateVerified": "0001-01-01T00:00:00Z",
        "country": "4e127564-d74f-4dd9-bced-0327f0f4e061",
        "countryCode": "643",
        "region": "00000000-0000-0000-0000-000000000000",
        "regionCode": "",
        "contactInformation": [
            
        ]
    },
    {
        "guid": "d8708a2c-8a97-11ee-b5b1-005056013b0c",
        "archive": false,
        "dateOutputArchive": "0001-01-01T00:00:00Z",
        "code": "17",
        "name": "ВМТЗ ОАО",
        "nameAbbreviated": "ОАО \"ВМТЗ\"",
        "nameFull": "Открытое акционерное общество \"ВЛАДИМИРСКИЙ МОТОРО-ТРАКТОРНЫЙ ЗАВОД\"",
        "type": 1,
        "intragroup": false,
        "organization": "00000000-0000-0000-0000-000000000000",
        "organizationCode": "",
        "concernType": "00000000-0000-0000-0000-000000000000",
        "concernTypeCode": "",
        "noResident": false,
        "inn": "3328428931",
        "kpp": "332801001",
        "kppAdditional": "",
        "registrationNumber": "",
        "ogrn": "1033302022940",
        "okpo": "",
        "okved": "00000000-0000-0000-0000-000000000000",
        "okvedCode": "",
        "separateUnit": false,
        "partnerHead": "00000000-0000-0000-0000-000000000000",
        "bank": "00000000-0000-0000-0000-000000000000",
        "bankBIC": "",
        "okopf": "00000000-0000-0000-0000-000000000000",
        "okopfName": "",
        "reliabilitySupplier": 0,
        "reliabilityBuyer": 0,
        "verified": false,
        "dateVerified": "0001-01-01T00:00:00Z",
        "country": "4e127564-d74f-4dd9-bced-0327f0f4e061",
        "countryCode": "643",
        "region": "00000000-0000-0000-0000-000000000000",
        "regionCode": "",
        "contactInformation": [
            
        ]
    },
    {
        "guid": "d8708a2d-8a97-11ee-b5b1-005056013b0c",
        "archive": false,
        "dateOutputArchive": "0001-01-01T00:00:00Z",
        "code": "18",
        "name": "ПО АМЗ ОАО",
        "nameAbbreviated": "ОАО \"ПО АМЗ\"",
        "nameFull": "Открытое акционерное общество \"ПРОИЗВОДСТВЕННОЕ ОБЪЕДИНЕНИЕ \"АЛТАЙСКИЙ МОТОРНЫЙ ЗАВОД\"",
        "type": 1,
        "intragroup": false,
        "organization": "00000000-0000-0000-0000-000000000000",
        "organizationCode": "",
        "concernType": "00000000-0000-0000-0000-000000000000",
        "concernTypeCode": "",
        "noResident": false,
        "inn": "2223043890",
        "kpp": "222301001",
        "kppAdditional": "",
        "registrationNumber": "",
        "ogrn": "1032202071472",
        "okpo": "",
        "okved": "00000000-0000-0000-0000-000000000000",
        "okvedCode": "",
        "separateUnit": false,
        "partnerHead": "00000000-0000-0000-0000-000000000000",
        "bank": "00000000-0000-0000-0000-000000000000",
        "bankBIC": "",
        "okopf": "00000000-0000-0000-0000-000000000000",
        "okopfName": "",
        "reliabilitySupplier": 0,
        "reliabilityBuyer": 0,
        "verified": false,
        "dateVerified": "0001-01-01T00:00:00Z",
        "country": "4e127564-d74f-4dd9-bced-0327f0f4e061",
        "countryCode": "643",
        "region": "00000000-0000-0000-0000-000000000000",
        "regionCode": "",
        "contactInformation": [
            
        ]
    },
    {
        "guid": "ffe7610d-8df1-11ee-b5b1-005056013b0c",
        "archive": false,
        "dateOutputArchive": "0001-01-01T00:00:00Z",
        "code": "82       ",
        "name": "МИ ФНС РОССИИ ПО УПРАВЛЕНИЮ ДОЛГОМ",
        "nameAbbreviated": "МИ ФНС РОССИИ ПО УПРАВЛЕНИЮ ДОЛГОМ",
        "nameFull": "МЕЖРЕГИОНАЛЬНАЯ ИНСПЕКЦИЯ ФЕДЕРАЛЬНОЙ НАЛОГОВОЙ СЛУЖБЫ ПО УПРАВЛЕНИЮ ДОЛГОМ",
        "type": 1,
        "intragroup": false,
        "organization": "00000000-0000-0000-0000-000000000000",
        "organizationCode": "",
        "concernType": "00000000-0000-0000-0000-000000000000",
        "concernTypeCode": "",
        "noResident": false,
        "inn": "7727406020",
        "kpp": "770801001",
        "kppAdditional": "",
        "registrationNumber": "",
        "ogrn": "1197746047080",
        "okpo": "",
        "okved": "00000000-0000-0000-0000-000000000000",
        "okvedCode": "",
        "separateUnit": false,
        "partnerHead": "00000000-0000-0000-0000-000000000000",
        "bank": "00000000-0000-0000-0000-000000000000",
        "bankBIC": "",
        "okopf": "00000000-0000-0000-0000-000000000000",
        "okopfName": "",
        "reliabilitySupplier": 0,
        "reliabilityBuyer": 0,
        "verified": false,
        "dateVerified": "0001-01-01T00:00:00Z",
        "country": "4e127564-d74f-4dd9-bced-0327f0f4e061",
        "countryCode": "643",
        "region": "00000000-0000-0000-0000-000000000000",
        "regionCode": "",
        "contactInformation": [
            {
                "type": 1,
                "typeInformation": 1,
                "performance": "107078, Город Москва, пер. Орликов, дом 3, строение 1",
                "country": "Россия",
                "region": "Москва г",
                "city": "",
                "email": "",
                "phone": ""
            },
            {
                "type": 1,
                "typeInformation": 1,
                "performance": "117449, Город Москва, ул Шверника, дом 7, корпус 1",
                "country": "Россия",
                "region": "Москва г",
                "city": "",
                "email": "",
                "phone": ""
            }
        ]
    },
    {
        "guid": "d8708a30-8a97-11ee-b5b1-005056013b0c",
        "archive": false,
        "dateOutputArchive": "0001-01-01T00:00:00Z",
        "code": "22",
        "name": "АЛЬФАСТРАХОВАНИЕ АО",
        "nameAbbreviated": "АО \"АЛЬФАСТРАХОВАНИЕ\"",
        "nameFull": "Акционерное общество \"АЛЬФАСТРАХОВАНИЕ\"",
        "type": 1,
        "intragroup": false,
        "organization": "00000000-0000-0000-0000-000000000000",
        "organizationCode": "",
        "concernType": "00000000-0000-0000-0000-000000000000",
        "concernTypeCode": "",
        "noResident": false,
        "inn": "7713056834",
        "kpp": "772501001",
        "kppAdditional": "",
        "registrationNumber": "",
        "ogrn": "1027739431730",
        "okpo": "",
        "okved": "00000000-0000-0000-0000-000000000000",
        "okvedCode": "",
        "separateUnit": false,
        "partnerHead": "00000000-0000-0000-0000-000000000000",
        "bank": "00000000-0000-0000-0000-000000000000",
        "bankBIC": "",
        "okopf": "00000000-0000-0000-0000-000000000000",
        "okopfName": "",
        "reliabilitySupplier": 0,
        "reliabilityBuyer": 0,
        "verified": false,
        "dateVerified": "0001-01-01T00:00:00Z",
        "country": "4e127564-d74f-4dd9-bced-0327f0f4e061",
        "countryCode": "643",
        "region": "00000000-0000-0000-0000-000000000000",
        "regionCode": "",
        "contactInformation": [
            
        ]
    },
    {
        "guid": "d8708a31-8a97-11ee-b5b1-005056013b0c",
        "archive": false,
        "dateOutputArchive": "0001-01-01T00:00:00Z",
        "code": "23",
        "name": "ТК АТА СИТИ ООО",
        "nameAbbreviated": "ООО \"ТК \"АТА СИТИ\"\"",
        "nameFull": "Общество с ограниченной ответственностью \"ТРАНСПОРТНАЯ КОМПАНИЯ \"АТА СИТИ\"\"",
        "type": 1,
        "intragroup": false,
        "organization": "00000000-0000-0000-0000-000000000000",
        "organizationCode": "",
        "concernType": "00000000-0000-0000-0000-000000000000",
        "concernTypeCode": "",
        "noResident": false,
        "inn": "4501164342",
        "kpp": "450101001",
        "kppAdditional": "",
        "registrationNumber": "",
        "ogrn": "1114501000338",
        "okpo": "",
        "okved": "00000000-0000-0000-0000-000000000000",
        "okvedCode": "",
        "separateUnit": false,
        "partnerHead": "00000000-0000-0000-0000-000000000000",
        "bank": "00000000-0000-0000-0000-000000000000",
        "bankBIC": "",
        "okopf": "00000000-0000-0000-0000-000000000000",
        "okopfName": "",
        "reliabilitySupplier": 0,
        "reliabilityBuyer": 0,
        "verified": false,
        "dateVerified": "0001-01-01T00:00:00Z",
        "country": "4e127564-d74f-4dd9-bced-0327f0f4e061",
        "countryCode": "643",
        "region": "00000000-0000-0000-0000-000000000000",
        "regionCode": "",
        "contactInformation": [
            
        ]
    },
    {
        "guid": "d8708a32-8a97-11ee-b5b1-005056013b0c",
        "archive": false,
        "dateOutputArchive": "0001-01-01T00:00:00Z",
        "code": "24",
        "name": "У К КОНЦЕРН ТРАКТОРНЫЕ ЗАВОДЫ ООО",
        "nameAbbreviated": "ООО \"У К \"КОНЦЕРН ТРАКТОРНЫЕ ЗАВОДЫ\"",
        "nameFull": "Общество с ограниченной ответственностью \"УПРАВЛЯЮЩАЯ КОМПАНИЯ \"КОНЦЕРН ТРАКТОРНЫЕ ЗАВОДЫ\"",
        "type": 1,
        "intragroup": false,
        "organization": "00000000-0000-0000-0000-000000000000",
        "organizationCode": "",
        "concernType": "00000000-0000-0000-0000-000000000000",
        "concernTypeCode": "",
        "noResident": false,
        "inn": "2128703988",
        "kpp": "213001001",
        "kppAdditional": "213050001",
        "registrationNumber": "",
        "ogrn": "1052182820095",
        "okpo": "",
        "okved": "00000000-0000-0000-0000-000000000000",
        "okvedCode": "",
        "separateUnit": false,
        "partnerHead": "00000000-0000-0000-0000-000000000000",
        "bank": "00000000-0000-0000-0000-000000000000",
        "bankBIC": "",
        "okopf": "00000000-0000-0000-0000-000000000000",
        "okopfName": "",
        "reliabilitySupplier": 0,
        "reliabilityBuyer": 0,
        "verified": false,
        "dateVerified": "0001-01-01T00:00:00Z",
        "country": "4e127564-d74f-4dd9-bced-0327f0f4e061",
        "countryCode": "643",
        "region": "00000000-0000-0000-0000-000000000000",
        "regionCode": "",
        "contactInformation": [
            
        ]
    },
    {
        "guid": "d8708a33-8a97-11ee-b5b1-005056013b0c",
        "archive": false,
        "dateOutputArchive": "0001-01-01T00:00:00Z",
        "code": "25",
        "name": "ЗЕТТА СТРАХОВАНИЕ ООО",
        "nameAbbreviated": "ООО \"ЗЕТТА СТРАХОВАНИЕ\"",
        "nameFull": "Общество с ограниченной ответственностью \"ЗЕТТА СТРАХОВАНИЕ\"",
        "type": 1,
        "intragroup": false,
        "organization": "00000000-0000-0000-0000-000000000000",
        "organizationCode": "",
        "concernType": "00000000-0000-0000-0000-000000000000",
        "concernTypeCode": "",
        "noResident": false,
        "inn": "7710280644",
        "kpp": "770501001",
        "kppAdditional": "",
        "registrationNumber": "",
        "ogrn": "1027739205240",
        "okpo": "",
        "okved": "00000000-0000-0000-0000-000000000000",
        "okvedCode": "",
        "separateUnit": false,
        "partnerHead": "00000000-0000-0000-0000-000000000000",
        "bank": "00000000-0000-0000-0000-000000000000",
        "bankBIC": "",
        "okopf": "00000000-0000-0000-0000-000000000000",
        "okopfName": "",
        "reliabilitySupplier": 0,
        "reliabilityBuyer": 0,
        "verified": false,
        "dateVerified": "0001-01-01T00:00:00Z",
        "country": "4e127564-d74f-4dd9-bced-0327f0f4e061",
        "countryCode": "643",
        "region": "00000000-0000-0000-0000-000000000000",
        "regionCode": "",
        "contactInformation": [
            
        ]
    },
    {
        "guid": "d8708a34-8a97-11ee-b5b1-005056013b0c",
        "archive": false,
        "dateOutputArchive": "0001-01-01T00:00:00Z",
        "code": "26",
        "name": "ГОРНОРУДНАЯ КОМПАНИЯ ООО",
        "nameAbbreviated": "ООО \"ГОРНОРУДНАЯ КОМПАНИЯ\"",
        "nameFull": "Общество с ограниченной ответственностью \"ГОРНОРУДНАЯ КОМПАНИЯ\"",
        "type": 1,
        "intragroup": false,
        "organization": "00000000-0000-0000-0000-000000000000",
        "organizationCode": "",
        "concernType": "00000000-0000-0000-0000-000000000000",
        "concernTypeCode": "",
        "noResident": false,
        "inn": "7508006862",
        "kpp": "751901001",
        "kppAdditional": "",
        "registrationNumber": "",
        "ogrn": "1137524000536",
        "okpo": "",
        "okved": "00000000-0000-0000-0000-000000000000",
        "okvedCode": "",
        "separateUnit": false,
        "partnerHead": "00000000-0000-0000-0000-000000000000",
        "bank": "00000000-0000-0000-0000-000000000000",
        "bankBIC": "",
        "okopf": "00000000-0000-0000-0000-000000000000",
        "okopfName": "",
        "reliabilitySupplier": 0,
        "reliabilityBuyer": 0,
        "verified": false,
        "dateVerified": "0001-01-01T00:00:00Z",
        "country": "4e127564-d74f-4dd9-bced-0327f0f4e061",
        "countryCode": "643",
        "region": "00000000-0000-0000-0000-000000000000",
        "regionCode": "",
        "contactInformation": [
            
        ]
    },
    {
        "guid": "d8708a35-8a97-11ee-b5b1-005056013b0c",
        "archive": false,
        "dateOutputArchive": "0001-01-01T00:00:00Z",
        "code": "27",
        "name": "МЕЖРЕГИОНКОМПЛЕКТ ООО",
        "nameAbbreviated": "ООО \"МЕЖРЕГИОНКОМПЛЕКТ\"",
        "nameFull": "Общество с ограниченной ответственностью \"МЕЖРЕГИОНКОМПЛЕКТ\"",
        "type": 1,
        "intragroup": false,
        "organization": "00000000-0000-0000-0000-000000000000",
        "organizationCode": "",
        "concernType": "00000000-0000-0000-0000-000000000000",
        "concernTypeCode": "",
        "noResident": false,
        "inn": "2116492860",
        "kpp": "213001001",
        "kppAdditional": "",
        "registrationNumber": "",
        "ogrn": "1022102428611",
        "okpo": "",
        "okved": "00000000-0000-0000-0000-000000000000",
        "okvedCode": "",
        "separateUnit": false,
        "partnerHead": "00000000-0000-0000-0000-000000000000",
        "bank": "00000000-0000-0000-0000-000000000000",
        "bankBIC": "",
        "okopf": "00000000-0000-0000-0000-000000000000",
        "okopfName": "",
        "reliabilitySupplier": 0,
        "reliabilityBuyer": 0,
        "verified": false,
        "dateVerified": "0001-01-01T00:00:00Z",
        "country": "4e127564-d74f-4dd9-bced-0327f0f4e061",
        "countryCode": "643",
        "region": "00000000-0000-0000-0000-000000000000",
        "regionCode": "",
        "contactInformation": [
            
        ]
    },
    {
        "guid": "d8708a36-8a97-11ee-b5b1-005056013b0c",
        "archive": false,
        "dateOutputArchive": "0001-01-01T00:00:00Z",
        "code": "28",
        "name": "ВЗСП ОАО",
        "nameAbbreviated": "ОАО \"ВЗСП\"",
        "nameFull": "Открытое акционерное общество \"ВУРНАРСКИЙ ЗАВОД СМЕСЕВЫХ ПРЕПАРАТОВ\"",
        "type": 1,
        "intragroup": false,
        "organization": "00000000-0000-0000-0000-000000000000",
        "organizationCode": "",
        "concernType": "00000000-0000-0000-0000-000000000000",
        "concernTypeCode": "",
        "noResident": false,
        "inn": "2104000376",
        "kpp": "210401001",
        "kppAdditional": "",
        "registrationNumber": "",
        "ogrn": "1022102028299",
        "okpo": "",
        "okved": "00000000-0000-0000-0000-000000000000",
        "okvedCode": "",
        "separateUnit": false,
        "partnerHead": "00000000-0000-0000-0000-000000000000",
        "bank": "00000000-0000-0000-0000-000000000000",
        "bankBIC": "",
        "okopf": "00000000-0000-0000-0000-000000000000",
        "okopfName": "",
        "reliabilitySupplier": 0,
        "reliabilityBuyer": 0,
        "verified": false,
        "dateVerified": "0001-01-01T00:00:00Z",
        "country": "4e127564-d74f-4dd9-bced-0327f0f4e061",
        "countryCode": "643",
        "region": "00000000-0000-0000-0000-000000000000",
        "regionCode": "",
        "contactInformation": [
            
        ]
    },
    {
        "guid": "d8708a37-8a97-11ee-b5b1-005056013b0c",
        "archive": false,
        "dateOutputArchive": "0001-01-01T00:00:00Z",
        "code": "29",
        "name": "ВЫМПЕЛ ООО",
        "nameAbbreviated": "ООО \"ВЫМПЕЛ\"",
        "nameFull": "Общество с ограниченной ответственностью \"ВЫМПЕЛ\"",
        "type": 1,
        "intragroup": false,
        "organization": "00000000-0000-0000-0000-000000000000",
        "organizationCode": "",
        "concernType": "00000000-0000-0000-0000-000000000000",
        "concernTypeCode": "",
        "noResident": false,
        "inn": "2116495980",
        "kpp": "211601001",
        "kppAdditional": "",
        "registrationNumber": "",
        "ogrn": "1062135015403",
        "okpo": "",
        "okved": "00000000-0000-0000-0000-000000000000",
        "okvedCode": "",
        "separateUnit": false,
        "partnerHead": "00000000-0000-0000-0000-000000000000",
        "bank": "00000000-0000-0000-0000-000000000000",
        "bankBIC": "",
        "okopf": "00000000-0000-0000-0000-000000000000",
        "okopfName": "",
        "reliabilitySupplier": 0,
        "reliabilityBuyer": 0,
        "verified": false,
        "dateVerified": "0001-01-01T00:00:00Z",
        "country": "4e127564-d74f-4dd9-bced-0327f0f4e061",
        "countryCode": "643",
        "region": "00000000-0000-0000-0000-000000000000",
        "regionCode": "",
        "contactInformation": [
            
        ]
    },
    {
        "guid": "d8708a38-8a97-11ee-b5b1-005056013b0c",
        "archive": false,
        "dateOutputArchive": "0001-01-01T00:00:00Z",
        "code": "30",
        "name": "МЕТАЛЛ-НН  ООО",
        "nameAbbreviated": "ООО \" МЕТАЛЛ-НН \"",
        "nameFull": "Общество с ограниченной ответственностью \" МЕТАЛЛ-НН \"",
        "type": 1,
        "intragroup": false,
        "organization": "00000000-0000-0000-0000-000000000000",
        "organizationCode": "",
        "concernType": "00000000-0000-0000-0000-000000000000",
        "concernTypeCode": "",
        "noResident": false,
        "inn": "5256036446",
        "kpp": "027401001",
        "kppAdditional": "",
        "registrationNumber": "",
        "ogrn": "1025202266110",
        "okpo": "",
        "okved": "00000000-0000-0000-0000-000000000000",
        "okvedCode": "",
        "separateUnit": false,
        "partnerHead": "00000000-0000-0000-0000-000000000000",
        "bank": "00000000-0000-0000-0000-000000000000",
        "bankBIC": "",
        "okopf": "00000000-0000-0000-0000-000000000000",
        "okopfName": "",
        "reliabilitySupplier": 0,
        "reliabilityBuyer": 0,
        "verified": false,
        "dateVerified": "0001-01-01T00:00:00Z",
        "country": "4e127564-d74f-4dd9-bced-0327f0f4e061",
        "countryCode": "643",
        "region": "00000000-0000-0000-0000-000000000000",
        "regionCode": "",
        "contactInformation": [
            
        ]
    },
    {
        "guid": "d8708a39-8a97-11ee-b5b1-005056013b0c",
        "archive": false,
        "dateOutputArchive": "0001-01-01T00:00:00Z",
        "code": "31",
        "name": "РОСВАГОН ООО",
        "nameAbbreviated": "ООО \"РОСВАГОН\"",
        "nameFull": "Общество с ограниченной ответственностью \"РОСВАГОН\"",
        "type": 1,
        "intragroup": false,
        "organization": "00000000-0000-0000-0000-000000000000",
        "organizationCode": "",
        "concernType": "00000000-0000-0000-0000-000000000000",
        "concernTypeCode": "",
        "noResident": false,
        "inn": "7811346651",
        "kpp": "781101001",
        "kppAdditional": "",
        "registrationNumber": "",
        "ogrn": "5067847052367",
        "okpo": "",
        "okved": "00000000-0000-0000-0000-000000000000",
        "okvedCode": "",
        "separateUnit": false,
        "partnerHead": "00000000-0000-0000-0000-000000000000",
        "bank": "00000000-0000-0000-0000-000000000000",
        "bankBIC": "",
        "okopf": "00000000-0000-0000-0000-000000000000",
        "okopfName": "",
        "reliabilitySupplier": 0,
        "reliabilityBuyer": 0,
        "verified": false,
        "dateVerified": "0001-01-01T00:00:00Z",
        "country": "4e127564-d74f-4dd9-bced-0327f0f4e061",
        "countryCode": "643",
        "region": "00000000-0000-0000-0000-000000000000",
        "regionCode": "",
        "contactInformation": [
            
        ]
    },
    {
        "guid": "d8708a3a-8a97-11ee-b5b1-005056013b0c",
        "archive": false,
        "dateOutputArchive": "0001-01-01T00:00:00Z",
        "code": "32",
        "name": "ПРОМСЕРВИССНАБ ООО",
        "nameAbbreviated": "ООО \"ПРОМСЕРВИССНАБ\"",
        "nameFull": "Общество с ограниченной ответственностью \"ПРОМСЕРВИССНАБ\"",
        "type": 1,
        "intragroup": false,
        "organization": "00000000-0000-0000-0000-000000000000",
        "organizationCode": "",
        "concernType": "00000000-0000-0000-0000-000000000000",
        "concernTypeCode": "",
        "noResident": false,
        "inn": "7447211325",
        "kpp": "744701001",
        "kppAdditional": "",
        "registrationNumber": "",
        "ogrn": "1127447008655",
        "okpo": "",
        "okved": "00000000-0000-0000-0000-000000000000",
        "okvedCode": "",
        "separateUnit": false,
        "partnerHead": "00000000-0000-0000-0000-000000000000",
        "bank": "00000000-0000-0000-0000-000000000000",
        "bankBIC": "",
        "okopf": "00000000-0000-0000-0000-000000000000",
        "okopfName": "",
        "reliabilitySupplier": 0,
        "reliabilityBuyer": 0,
        "verified": false,
        "dateVerified": "0001-01-01T00:00:00Z",
        "country": "4e127564-d74f-4dd9-bced-0327f0f4e061",
        "countryCode": "643",
        "region": "00000000-0000-0000-0000-000000000000",
        "regionCode": "",
        "contactInformation": [
            
        ]
    },
    {
        "guid": "d8708a46-8a97-11ee-b5b1-005056013b0c",
        "archive": false,
        "dateOutputArchive": "0001-01-01T00:00:00Z",
        "code": "44",
        "name": "ФЕРМЕРПРОЕКТ ООО",
        "nameAbbreviated": "ООО \"ФЕРМЕРПРОЕКТ\"",
        "nameFull": "Общество с ограниченной ответственностью \"ФЕРМЕРПРОЕКТ\"",
        "type": 1,
        "intragroup": false,
        "organization": "00000000-0000-0000-0000-000000000000",
        "organizationCode": "",
        "concernType": "00000000-0000-0000-0000-000000000000",
        "concernTypeCode": "",
        "noResident": false,
        "inn": "7451065571",
        "kpp": "745101001",
        "kppAdditional": "",
        "registrationNumber": "",
        "ogrn": "1037402890799",
        "okpo": "",
        "okved": "00000000-0000-0000-0000-000000000000",
        "okvedCode": "",
        "separateUnit": false,
        "partnerHead": "00000000-0000-0000-0000-000000000000",
        "bank": "00000000-0000-0000-0000-000000000000",
        "bankBIC": "",
        "okopf": "00000000-0000-0000-0000-000000000000",
        "okopfName": "",
        "reliabilitySupplier": 0,
        "reliabilityBuyer": 0,
        "verified": false,
        "dateVerified": "0001-01-01T00:00:00Z",
        "country": "4e127564-d74f-4dd9-bced-0327f0f4e061",
        "countryCode": "643",
        "region": "00000000-0000-0000-0000-000000000000",
        "regionCode": "",
        "contactInformation": [
            
        ]
    },
    {
        "guid": "d8708a3b-8a97-11ee-b5b1-005056013b0c",
        "archive": false,
        "dateOutputArchive": "0001-01-01T00:00:00Z",
        "code": "33",
        "name": "ФОРСАЖ ОБЩЕСТВО С ОГРАНИЧЕННОЙ ОТВЕТСТВЕННОСТЬЮ",
        "nameAbbreviated": "ОБЩЕСТВО С ОГРАНИЧЕННОЙ ОТВЕТСТВЕННОСТЬЮ \"ФОРСАЖ\"",
        "nameFull": "Общество с ограниченной ответственностью \"ФОРСАЖ\"",
        "type": 1,
        "intragroup": false,
        "organization": "00000000-0000-0000-0000-000000000000",
        "organizationCode": "",
        "concernType": "00000000-0000-0000-0000-000000000000",
        "concernTypeCode": "",
        "noResident": false,
        "inn": "4501059531",
        "kpp": "450101001",
        "kppAdditional": "",
        "registrationNumber": "",
        "ogrn": "1044500004009",
        "okpo": "",
        "okved": "00000000-0000-0000-0000-000000000000",
        "okvedCode": "",
        "separateUnit": false,
        "partnerHead": "00000000-0000-0000-0000-000000000000",
        "bank": "00000000-0000-0000-0000-000000000000",
        "bankBIC": "",
        "okopf": "00000000-0000-0000-0000-000000000000",
        "okopfName": "",
        "reliabilitySupplier": 0,
        "reliabilityBuyer": 0,
        "verified": false,
        "dateVerified": "0001-01-01T00:00:00Z",
        "country": "4e127564-d74f-4dd9-bced-0327f0f4e061",
        "countryCode": "643",
        "region": "00000000-0000-0000-0000-000000000000",
        "regionCode": "",
        "contactInformation": [
            
        ]
    },
    {
        "guid": "d8708a3c-8a97-11ee-b5b1-005056013b0c",
        "archive": false,
        "dateOutputArchive": "0001-01-01T00:00:00Z",
        "code": "34",
        "name": "УРАЛВНЕШТОРГБАНК ОАО",
        "nameAbbreviated": "ОАО \"УРАЛВНЕШТОРГБАНК\"",
        "nameFull": "Открытое акционерное общество \"УРАЛЬСКИЙ КОММЕРЧЕСКИЙ БАНК ВНЕШНЕЙ ТОРГОВЛИ\"",
        "type": 1,
        "intragroup": false,
        "organization": "00000000-0000-0000-0000-000000000000",
        "organizationCode": "",
        "concernType": "00000000-0000-0000-0000-000000000000",
        "concernTypeCode": "",
        "noResident": false,
        "inn": "6608000044",
        "kpp": "667101001",
        "kppAdditional": "",
        "registrationNumber": "",
        "ogrn": "1026600001768",
        "okpo": "",
        "okved": "00000000-0000-0000-0000-000000000000",
        "okvedCode": "",
        "separateUnit": false,
        "partnerHead": "00000000-0000-0000-0000-000000000000",
        "bank": "00000000-0000-0000-0000-000000000000",
        "bankBIC": "",
        "okopf": "00000000-0000-0000-0000-000000000000",
        "okopfName": "",
        "reliabilitySupplier": 0,
        "reliabilityBuyer": 0,
        "verified": false,
        "dateVerified": "0001-01-01T00:00:00Z",
        "country": "4e127564-d74f-4dd9-bced-0327f0f4e061",
        "countryCode": "643",
        "region": "00000000-0000-0000-0000-000000000000",
        "regionCode": "",
        "contactInformation": [
            
        ]
    },
    {
        "guid": "d8708a3d-8a97-11ee-b5b1-005056013b0c",
        "archive": false,
        "dateOutputArchive": "0001-01-01T00:00:00Z",
        "code": "35",
        "name": "ЭНЕРГОПРОМСЕРВИС ЗАО",
        "nameAbbreviated": "ЗАО \"ЭНЕРГОПРОМСЕРВИС\"",
        "nameFull": "Закрытое акционерное общество \"ЭНЕРГОПРОМСЕРВИС\"",
        "type": 1,
        "intragroup": false,
        "organization": "00000000-0000-0000-0000-000000000000",
        "organizationCode": "",
        "concernType": "00000000-0000-0000-0000-000000000000",
        "concernTypeCode": "",
        "noResident": false,
        "inn": "5029100462",
        "kpp": "502901001",
        "kppAdditional": "",
        "registrationNumber": "",
        "ogrn": "1025003513402",
        "okpo": "",
        "okved": "00000000-0000-0000-0000-000000000000",
        "okvedCode": "",
        "separateUnit": false,
        "partnerHead": "00000000-0000-0000-0000-000000000000",
        "bank": "00000000-0000-0000-0000-000000000000",
        "bankBIC": "",
        "okopf": "00000000-0000-0000-0000-000000000000",
        "okopfName": "",
        "reliabilitySupplier": 0,
        "reliabilityBuyer": 0,
        "verified": false,
        "dateVerified": "0001-01-01T00:00:00Z",
        "country": "4e127564-d74f-4dd9-bced-0327f0f4e061",
        "countryCode": "643",
        "region": "00000000-0000-0000-0000-000000000000",
        "regionCode": "",
        "contactInformation": [
            
        ]
    },
    {
        "guid": "d8708a3e-8a97-11ee-b5b1-005056013b0c",
        "archive": false,
        "dateOutputArchive": "0001-01-01T00:00:00Z",
        "code": "36",
        "name": "СИБТОРГ ООО",
        "nameAbbreviated": "ООО \"СИБТОРГ\"",
        "nameFull": "Общество с ограниченной ответственностью \"СИБТОРГ\"",
        "type": 1,
        "intragroup": false,
        "organization": "00000000-0000-0000-0000-000000000000",
        "organizationCode": "",
        "concernType": "00000000-0000-0000-0000-000000000000",
        "concernTypeCode": "",
        "noResident": false,
        "inn": "5501083222",
        "kpp": "550101001",
        "kppAdditional": "",
        "registrationNumber": "",
        "ogrn": "1055501003557",
        "okpo": "",
        "okved": "00000000-0000-0000-0000-000000000000",
        "okvedCode": "",
        "separateUnit": false,
        "partnerHead": "00000000-0000-0000-0000-000000000000",
        "bank": "00000000-0000-0000-0000-000000000000",
        "bankBIC": "",
        "okopf": "00000000-0000-0000-0000-000000000000",
        "okopfName": "",
        "reliabilitySupplier": 0,
        "reliabilityBuyer": 0,
        "verified": false,
        "dateVerified": "0001-01-01T00:00:00Z",
        "country": "4e127564-d74f-4dd9-bced-0327f0f4e061",
        "countryCode": "643",
        "region": "00000000-0000-0000-0000-000000000000",
        "regionCode": "",
        "contactInformation": [
            
        ]
    },
    {
        "guid": "d8708a3f-8a97-11ee-b5b1-005056013b0c",
        "archive": false,
        "dateOutputArchive": "0001-01-01T00:00:00Z",
        "code": "37",
        "name": "ОПТ-ТОРГ НН ООО",
        "nameAbbreviated": "ООО \"ОПТ-ТОРГ НН\"",
        "nameFull": "Общество с ограниченной ответственностью \"ОПТ-ТОРГ НН\"",
        "type": 1,
        "intragroup": false,
        "organization": "00000000-0000-0000-0000-000000000000",
        "organizationCode": "",
        "concernType": "00000000-0000-0000-0000-000000000000",
        "concernTypeCode": "",
        "noResident": false,
        "inn": "5260266450",
        "kpp": "525701001",
        "kppAdditional": "",
        "registrationNumber": "",
        "ogrn": "1095260012979",
        "okpo": "",
        "okved": "00000000-0000-0000-0000-000000000000",
        "okvedCode": "",
        "separateUnit": false,
        "partnerHead": "00000000-0000-0000-0000-000000000000",
        "bank": "00000000-0000-0000-0000-000000000000",
        "bankBIC": "",
        "okopf": "00000000-0000-0000-0000-000000000000",
        "okopfName": "",
        "reliabilitySupplier": 0,
        "reliabilityBuyer": 0,
        "verified": false,
        "dateVerified": "0001-01-01T00:00:00Z",
        "country": "4e127564-d74f-4dd9-bced-0327f0f4e061",
        "countryCode": "643",
        "region": "00000000-0000-0000-0000-000000000000",
        "regionCode": "",
        "contactInformation": [
            
        ]
    },
    {
        "guid": "d8708a40-8a97-11ee-b5b1-005056013b0c",
        "archive": false,
        "dateOutputArchive": "0001-01-01T00:00:00Z",
        "code": "38",
        "name": "ЭКСПРЕСС - КОМПЛЕКТ  ООО",
        "nameAbbreviated": "ООО \" ЭКСПРЕСС - КОМПЛЕКТ \"",
        "nameFull": "Общество с ограниченной ответственностью \" ЭКСПРЕСС - КОМПЛЕКТ \"",
        "type": 1,
        "intragroup": false,
        "organization": "00000000-0000-0000-0000-000000000000",
        "organizationCode": "",
        "concernType": "00000000-0000-0000-0000-000000000000",
        "concernTypeCode": "",
        "noResident": false,
        "inn": "7103016598",
        "kpp": "710501001",
        "kppAdditional": "",
        "registrationNumber": "",
        "ogrn": "1027100517806",
        "okpo": "",
        "okved": "00000000-0000-0000-0000-000000000000",
        "okvedCode": "",
        "separateUnit": false,
        "partnerHead": "00000000-0000-0000-0000-000000000000",
        "bank": "00000000-0000-0000-0000-000000000000",
        "bankBIC": "",
        "okopf": "00000000-0000-0000-0000-000000000000",
        "okopfName": "",
        "reliabilitySupplier": 0,
        "reliabilityBuyer": 0,
        "verified": false,
        "dateVerified": "0001-01-01T00:00:00Z",
        "country": "4e127564-d74f-4dd9-bced-0327f0f4e061",
        "countryCode": "643",
        "region": "00000000-0000-0000-0000-000000000000",
        "regionCode": "",
        "contactInformation": [
            
        ]
    },
    {
        "guid": "d8708a41-8a97-11ee-b5b1-005056013b0c",
        "archive": false,
        "dateOutputArchive": "0001-01-01T00:00:00Z",
        "code": "39",
        "name": "ТЕРМИНАЛ ООО",
        "nameAbbreviated": "ООО \"ТЕРМИНАЛ\"",
        "nameFull": "Общество с ограниченной ответственностью \"ТЕРМИНАЛ\"",
        "type": 1,
        "intragroup": false,
        "organization": "00000000-0000-0000-0000-000000000000",
        "organizationCode": "",
        "concernType": "00000000-0000-0000-0000-000000000000",
        "concernTypeCode": "",
        "noResident": false,
        "inn": "2130010451",
        "kpp": "213001001",
        "kppAdditional": "",
        "registrationNumber": "",
        "ogrn": "1062130015331",
        "okpo": "",
        "okved": "00000000-0000-0000-0000-000000000000",
        "okvedCode": "",
        "separateUnit": false,
        "partnerHead": "00000000-0000-0000-0000-000000000000",
        "bank": "00000000-0000-0000-0000-000000000000",
        "bankBIC": "",
        "okopf": "00000000-0000-0000-0000-000000000000",
        "okopfName": "",
        "reliabilitySupplier": 0,
        "reliabilityBuyer": 0,
        "verified": false,
        "dateVerified": "0001-01-01T00:00:00Z",
        "country": "4e127564-d74f-4dd9-bced-0327f0f4e061",
        "countryCode": "643",
        "region": "00000000-0000-0000-0000-000000000000",
        "regionCode": "",
        "contactInformation": [
            
        ]
    },
    {
        "guid": "d8708a42-8a97-11ee-b5b1-005056013b0c",
        "archive": false,
        "dateOutputArchive": "0001-01-01T00:00:00Z",
        "code": "40",
        "name": "ТПК ПРОДУКТЫ УРАЛА ООО",
        "nameAbbreviated": "ООО \"ТПК \"ПРОДУКТЫ УРАЛА\"",
        "nameFull": "Общество с ограниченной ответственностью \"ТОРГОВО-ПРОМЫШЛЕННАЯ КОМПАНИЯ \"ПРОДУКТЫ УРАЛА\"",
        "type": 1,
        "intragroup": false,
        "organization": "00000000-0000-0000-0000-000000000000",
        "organizationCode": "",
        "concernType": "00000000-0000-0000-0000-000000000000",
        "concernTypeCode": "",
        "noResident": false,
        "inn": "6664061393",
        "kpp": "666401001",
        "kppAdditional": "",
        "registrationNumber": "",
        "ogrn": "1026605776493",
        "okpo": "",
        "okved": "00000000-0000-0000-0000-000000000000",
        "okvedCode": "",
        "separateUnit": false,
        "partnerHead": "00000000-0000-0000-0000-000000000000",
        "bank": "00000000-0000-0000-0000-000000000000",
        "bankBIC": "",
        "okopf": "00000000-0000-0000-0000-000000000000",
        "okopfName": "",
        "reliabilitySupplier": 0,
        "reliabilityBuyer": 0,
        "verified": false,
        "dateVerified": "0001-01-01T00:00:00Z",
        "country": "4e127564-d74f-4dd9-bced-0327f0f4e061",
        "countryCode": "643",
        "region": "00000000-0000-0000-0000-000000000000",
        "regionCode": "",
        "contactInformation": [
            
        ]
    },
    {
        "guid": "d8708a43-8a97-11ee-b5b1-005056013b0c",
        "archive": false,
        "dateOutputArchive": "0001-01-01T00:00:00Z",
        "code": "41",
        "name": "АВТОКОЛОННА №1312 АО",
        "nameAbbreviated": "АО \"АВТОКОЛОННА №1312\"",
        "nameFull": "Акционерное общество \"АВТОКОЛОННА №1312\"",
        "type": 1,
        "intragroup": false,
        "organization": "00000000-0000-0000-0000-000000000000",
        "organizationCode": "",
        "concernType": "00000000-0000-0000-0000-000000000000",
        "concernTypeCode": "",
        "noResident": false,
        "inn": "2128056890",
        "kpp": "213001001",
        "kppAdditional": "",
        "registrationNumber": "",
        "ogrn": "1042128020791",
        "okpo": "",
        "okved": "00000000-0000-0000-0000-000000000000",
        "okvedCode": "",
        "separateUnit": false,
        "partnerHead": "00000000-0000-0000-0000-000000000000",
        "bank": "00000000-0000-0000-0000-000000000000",
        "bankBIC": "",
        "okopf": "00000000-0000-0000-0000-000000000000",
        "okopfName": "",
        "reliabilitySupplier": 0,
        "reliabilityBuyer": 0,
        "verified": false,
        "dateVerified": "0001-01-01T00:00:00Z",
        "country": "4e127564-d74f-4dd9-bced-0327f0f4e061",
        "countryCode": "643",
        "region": "00000000-0000-0000-0000-000000000000",
        "regionCode": "",
        "contactInformation": [
            
        ]
    },
    {
        "guid": "d8708a44-8a97-11ee-b5b1-005056013b0c",
        "archive": false,
        "dateOutputArchive": "0001-01-01T00:00:00Z",
        "code": "42",
        "name": "ОМЕГА ООО",
        "nameAbbreviated": "ООО \"ОМЕГА\"",
        "nameFull": "Общество с ограниченной ответственностью \"ОМЕГА\"",
        "type": 1,
        "intragroup": false,
        "organization": "00000000-0000-0000-0000-000000000000",
        "organizationCode": "",
        "concernType": "00000000-0000-0000-0000-000000000000",
        "concernTypeCode": "",
        "noResident": false,
        "inn": "6660070580",
        "kpp": "784001001",
        "kppAdditional": "",
        "registrationNumber": "",
        "ogrn": "1026604956806",
        "okpo": "",
        "okved": "00000000-0000-0000-0000-000000000000",
        "okvedCode": "",
        "separateUnit": false,
        "partnerHead": "00000000-0000-0000-0000-000000000000",
        "bank": "00000000-0000-0000-0000-000000000000",
        "bankBIC": "",
        "okopf": "00000000-0000-0000-0000-000000000000",
        "okopfName": "",
        "reliabilitySupplier": 0,
        "reliabilityBuyer": 0,
        "verified": false,
        "dateVerified": "0001-01-01T00:00:00Z",
        "country": "4e127564-d74f-4dd9-bced-0327f0f4e061",
        "countryCode": "643",
        "region": "00000000-0000-0000-0000-000000000000",
        "regionCode": "",
        "contactInformation": [
            
        ]
    },
    {
        "guid": "d8708a45-8a97-11ee-b5b1-005056013b0c",
        "archive": false,
        "dateOutputArchive": "0001-01-01T00:00:00Z",
        "code": "43",
        "name": "КОГОРТА-СЕРВИС ООО",
        "nameAbbreviated": "ООО \"КОГОРТА-СЕРВИС\"",
        "nameFull": "Общество с ограниченной ответственностью \"КОГОРТА-СЕРВИС\"",
        "type": 1,
        "intragroup": false,
        "organization": "00000000-0000-0000-0000-000000000000",
        "organizationCode": "",
        "concernType": "00000000-0000-0000-0000-000000000000",
        "concernTypeCode": "",
        "noResident": false,
        "inn": "6660098314",
        "kpp": "667001001",
        "kppAdditional": "",
        "registrationNumber": "",
        "ogrn": "1036603500911",
        "okpo": "",
        "okved": "00000000-0000-0000-0000-000000000000",
        "okvedCode": "",
        "separateUnit": false,
        "partnerHead": "00000000-0000-0000-0000-000000000000",
        "bank": "00000000-0000-0000-0000-000000000000",
        "bankBIC": "",
        "okopf": "00000000-0000-0000-0000-000000000000",
        "okopfName": "",
        "reliabilitySupplier": 0,
        "reliabilityBuyer": 0,
        "verified": false,
        "dateVerified": "0001-01-01T00:00:00Z",
        "country": "4e127564-d74f-4dd9-bced-0327f0f4e061",
        "countryCode": "643",
        "region": "00000000-0000-0000-0000-000000000000",
        "regionCode": "",
        "contactInformation": [
            
        ]
    },
    {
        "guid": "d8708a47-8a97-11ee-b5b1-005056013b0c",
        "archive": false,
        "dateOutputArchive": "0001-01-01T00:00:00Z",
        "code": "45",
        "name": "МАТТЕХ ЗАО",
        "nameAbbreviated": "ЗАО \"МАТТЕХ\"",
        "nameFull": "Закрытое акционерное общество \"МАТТЕХ\"",
        "type": 1,
        "intragroup": false,
        "organization": "00000000-0000-0000-0000-000000000000",
        "organizationCode": "",
        "concernType": "00000000-0000-0000-0000-000000000000",
        "concernTypeCode": "",
        "noResident": false,
        "inn": "7453058570",
        "kpp": "741101001",
        "kppAdditional": "",
        "registrationNumber": "",
        "ogrn": "1027403897850",
        "okpo": "",
        "okved": "00000000-0000-0000-0000-000000000000",
        "okvedCode": "",
        "separateUnit": false,
        "partnerHead": "00000000-0000-0000-0000-000000000000",
        "bank": "00000000-0000-0000-0000-000000000000",
        "bankBIC": "",
        "okopf": "00000000-0000-0000-0000-000000000000",
        "okopfName": "",
        "reliabilitySupplier": 0,
        "reliabilityBuyer": 0,
        "verified": false,
        "dateVerified": "0001-01-01T00:00:00Z",
        "country": "4e127564-d74f-4dd9-bced-0327f0f4e061",
        "countryCode": "643",
        "region": "00000000-0000-0000-0000-000000000000",
        "regionCode": "",
        "contactInformation": [
            
        ]
    },
    {
        "guid": "d8708a48-8a97-11ee-b5b1-005056013b0c",
        "archive": false,
        "dateOutputArchive": "0001-01-01T00:00:00Z",
        "code": "46",
        "name": "ГЕРОСС ЗАО",
        "nameAbbreviated": "ЗАО \"ГЕРОСС\"",
        "nameFull": "Закрытое акционерное общество \"ГЕРОСС\"",
        "type": 1,
        "intragroup": false,
        "organization": "00000000-0000-0000-0000-000000000000",
        "organizationCode": "",
        "concernType": "00000000-0000-0000-0000-000000000000",
        "concernTypeCode": "",
        "noResident": false,
        "inn": "2127301563",
        "kpp": "213001001",
        "kppAdditional": "",
        "registrationNumber": "",
        "ogrn": "1022100978272",
        "okpo": "",
        "okved": "00000000-0000-0000-0000-000000000000",
        "okvedCode": "",
        "separateUnit": false,
        "partnerHead": "00000000-0000-0000-0000-000000000000",
        "bank": "00000000-0000-0000-0000-000000000000",
        "bankBIC": "",
        "okopf": "00000000-0000-0000-0000-000000000000",
        "okopfName": "",
        "reliabilitySupplier": 0,
        "reliabilityBuyer": 0,
        "verified": false,
        "dateVerified": "0001-01-01T00:00:00Z",
        "country": "4e127564-d74f-4dd9-bced-0327f0f4e061",
        "countryCode": "643",
        "region": "00000000-0000-0000-0000-000000000000",
        "regionCode": "",
        "contactInformation": [
            
        ]
    },
    {
        "guid": "d8708a49-8a97-11ee-b5b1-005056013b0c",
        "archive": false,
        "dateOutputArchive": "0001-01-01T00:00:00Z",
        "code": "47",
        "name": "ЧЕСТР ОАО",
        "nameAbbreviated": "ОАО \"ЧЕСТР\"",
        "nameFull": "Открытое акционерное общество \"ЧЕБОКСАРСКИЙ СТРОИТЕЛЬ\"",
        "type": 1,
        "intragroup": false,
        "organization": "00000000-0000-0000-0000-000000000000",
        "organizationCode": "",
        "concernType": "00000000-0000-0000-0000-000000000000",
        "concernTypeCode": "",
        "noResident": false,
        "inn": "2127326328",
        "kpp": "212701001",
        "kppAdditional": "",
        "registrationNumber": "",
        "ogrn": "1032127008671",
        "okpo": "",
        "okved": "00000000-0000-0000-0000-000000000000",
        "okvedCode": "",
        "separateUnit": false,
        "partnerHead": "00000000-0000-0000-0000-000000000000",
        "bank": "00000000-0000-0000-0000-000000000000",
        "bankBIC": "",
        "okopf": "00000000-0000-0000-0000-000000000000",
        "okopfName": "",
        "reliabilitySupplier": 0,
        "reliabilityBuyer": 0,
        "verified": false,
        "dateVerified": "0001-01-01T00:00:00Z",
        "country": "4e127564-d74f-4dd9-bced-0327f0f4e061",
        "countryCode": "643",
        "region": "00000000-0000-0000-0000-000000000000",
        "regionCode": "",
        "contactInformation": [
            
        ]
    },
    {
        "guid": "d8708a4a-8a97-11ee-b5b1-005056013b0c",
        "archive": false,
        "dateOutputArchive": "0001-01-01T00:00:00Z",
        "code": "48",
        "name": "СМИ ООО",
        "nameAbbreviated": "ООО \"СМИ\"",
        "nameFull": "Общество с ограниченной ответственностью \"СТРОЙМОНТАЖИЗОЛЯЦИЯ\"",
        "type": 1,
        "intragroup": false,
        "organization": "00000000-0000-0000-0000-000000000000",
        "organizationCode": "",
        "concernType": "00000000-0000-0000-0000-000000000000",
        "concernTypeCode": "",
        "noResident": false,
        "inn": "2127311829",
        "kpp": "213001001",
        "kppAdditional": "",
        "registrationNumber": "",
        "ogrn": "1022100970627",
        "okpo": "",
        "okved": "00000000-0000-0000-0000-000000000000",
        "okvedCode": "",
        "separateUnit": false,
        "partnerHead": "00000000-0000-0000-0000-000000000000",
        "bank": "00000000-0000-0000-0000-000000000000",
        "bankBIC": "",
        "okopf": "00000000-0000-0000-0000-000000000000",
        "okopfName": "",
        "reliabilitySupplier": 0,
        "reliabilityBuyer": 0,
        "verified": false,
        "dateVerified": "0001-01-01T00:00:00Z",
        "country": "4e127564-d74f-4dd9-bced-0327f0f4e061",
        "countryCode": "643",
        "region": "00000000-0000-0000-0000-000000000000",
        "regionCode": "",
        "contactInformation": [
            
        ]
    },
    {
        "guid": "d8708a4b-8a97-11ee-b5b1-005056013b0c",
        "archive": false,
        "dateOutputArchive": "0001-01-01T00:00:00Z",
        "code": "49",
        "name": "МОНТАЖСТРОЙСЕРВИС ООО",
        "nameAbbreviated": "ООО \"МОНТАЖСТРОЙСЕРВИС\"",
        "nameFull": "Общество с ограниченной ответственностью \"МОНТАЖСТРОЙСЕРВИС\"",
        "type": 1,
        "intragroup": false,
        "organization": "00000000-0000-0000-0000-000000000000",
        "organizationCode": "",
        "concernType": "00000000-0000-0000-0000-000000000000",
        "concernTypeCode": "",
        "noResident": false,
        "inn": "2127311459",
        "kpp": "166001001",
        "kppAdditional": "",
        "registrationNumber": "",
        "ogrn": "1022100978569",
        "okpo": "",
        "okved": "00000000-0000-0000-0000-000000000000",
        "okvedCode": "",
        "separateUnit": false,
        "partnerHead": "00000000-0000-0000-0000-000000000000",
        "bank": "00000000-0000-0000-0000-000000000000",
        "bankBIC": "",
        "okopf": "00000000-0000-0000-0000-000000000000",
        "okopfName": "",
        "reliabilitySupplier": 0,
        "reliabilityBuyer": 0,
        "verified": false,
        "dateVerified": "0001-01-01T00:00:00Z",
        "country": "4e127564-d74f-4dd9-bced-0327f0f4e061",
        "countryCode": "643",
        "region": "00000000-0000-0000-0000-000000000000",
        "regionCode": "",
        "contactInformation": [
            
        ]
    },
    {
        "guid": "d8708a4c-8a97-11ee-b5b1-005056013b0c",
        "archive": false,
        "dateOutputArchive": "0001-01-01T00:00:00Z",
        "code": "50",
        "name": "АЗС-ИРБИС ООО",
        "nameAbbreviated": "ООО \"АЗС-ИРБИС\"",
        "nameFull": "Общество с ограниченной ответственностью \"АЗС-ИРБИС\"",
        "type": 1,
        "intragroup": false,
        "organization": "00000000-0000-0000-0000-000000000000",
        "organizationCode": "",
        "concernType": "00000000-0000-0000-0000-000000000000",
        "concernTypeCode": "",
        "noResident": false,
        "inn": "1635010878",
        "kpp": "166001001",
        "kppAdditional": "",
        "registrationNumber": "",
        "ogrn": "1151675000465",
        "okpo": "",
        "okved": "00000000-0000-0000-0000-000000000000",
        "okvedCode": "",
        "separateUnit": false,
        "partnerHead": "00000000-0000-0000-0000-000000000000",
        "bank": "00000000-0000-0000-0000-000000000000",
        "bankBIC": "",
        "okopf": "00000000-0000-0000-0000-000000000000",
        "okopfName": "",
        "reliabilitySupplier": 0,
        "reliabilityBuyer": 0,
        "verified": false,
        "dateVerified": "0001-01-01T00:00:00Z",
        "country": "4e127564-d74f-4dd9-bced-0327f0f4e061",
        "countryCode": "643",
        "region": "00000000-0000-0000-0000-000000000000",
        "regionCode": "",
        "contactInformation": [
            
        ]
    },
    {
        "guid": "d8708a4d-8a97-11ee-b5b1-005056013b0c",
        "archive": false,
        "dateOutputArchive": "0001-01-01T00:00:00Z",
        "code": "51",
        "name": "ЖБК № 9 ООО",
        "nameAbbreviated": "ООО \"ЖБК № 9\"",
        "nameFull": "Общество с ограниченной ответственностью \"ЖЕЛЕЗОБЕТОННЫЕ КОНСТРУКЦИИ № 9\"",
        "type": 1,
        "intragroup": false,
        "organization": "00000000-0000-0000-0000-000000000000",
        "organizationCode": "",
        "concernType": "00000000-0000-0000-0000-000000000000",
        "concernTypeCode": "",
        "noResident": false,
        "inn": "2129043580",
        "kpp": "213001001",
        "kppAdditional": "",
        "registrationNumber": "",
        "ogrn": "1022101272995",
        "okpo": "",
        "okved": "00000000-0000-0000-0000-000000000000",
        "okvedCode": "",
        "separateUnit": false,
        "partnerHead": "00000000-0000-0000-0000-000000000000",
        "bank": "00000000-0000-0000-0000-000000000000",
        "bankBIC": "",
        "okopf": "00000000-0000-0000-0000-000000000000",
        "okopfName": "",
        "reliabilitySupplier": 0,
        "reliabilityBuyer": 0,
        "verified": false,
        "dateVerified": "0001-01-01T00:00:00Z",
        "country": "4e127564-d74f-4dd9-bced-0327f0f4e061",
        "countryCode": "643",
        "region": "00000000-0000-0000-0000-000000000000",
        "regionCode": "",
        "contactInformation": [
            
        ]
    },
    {
        "guid": "d8708a4e-8a97-11ee-b5b1-005056013b0c",
        "archive": false,
        "dateOutputArchive": "0001-01-01T00:00:00Z",
        "code": "52",
        "name": "ТЕПЛОЭНЕРГОСЕТИ ЗАО",
        "nameAbbreviated": "ЗАО \"ТЕПЛОЭНЕРГОСЕТИ\"",
        "nameFull": "Закрытое акционерное общество \"ТЕПЛОЭНЕРГОСЕТИ\"",
        "type": 1,
        "intragroup": false,
        "organization": "00000000-0000-0000-0000-000000000000",
        "organizationCode": "",
        "concernType": "00000000-0000-0000-0000-000000000000",
        "concernTypeCode": "",
        "noResident": false,
        "inn": "2116476096",
        "kpp": "211601001",
        "kppAdditional": "",
        "registrationNumber": "",
        "ogrn": "1062135018989",
        "okpo": "",
        "okved": "00000000-0000-0000-0000-000000000000",
        "okvedCode": "",
        "separateUnit": false,
        "partnerHead": "00000000-0000-0000-0000-000000000000",
        "bank": "00000000-0000-0000-0000-000000000000",
        "bankBIC": "",
        "okopf": "00000000-0000-0000-0000-000000000000",
        "okopfName": "",
        "reliabilitySupplier": 0,
        "reliabilityBuyer": 0,
        "verified": false,
        "dateVerified": "0001-01-01T00:00:00Z",
        "country": "4e127564-d74f-4dd9-bced-0327f0f4e061",
        "countryCode": "643",
        "region": "00000000-0000-0000-0000-000000000000",
        "regionCode": "",
        "contactInformation": [
            
        ]
    },
    {
        "guid": "d8708a4f-8a97-11ee-b5b1-005056013b0c",
        "archive": false,
        "dateOutputArchive": "0001-01-01T00:00:00Z",
        "code": "53",
        "name": "СТАЛЬНАЯ ВОЛЯ ООО",
        "nameAbbreviated": "ООО \"СТАЛЬНАЯ ВОЛЯ\"",
        "nameFull": "ОБЩЕСТВО С ОГРАНИЧЕННОЙ  ОТВЕТСТВЕННОСТЬЮ \"СТАЛЬНАЯ ВОЛЯ\"",
        "type": 1,
        "intragroup": false,
        "organization": "00000000-0000-0000-0000-000000000000",
        "organizationCode": "",
        "concernType": "00000000-0000-0000-0000-000000000000",
        "concernTypeCode": "",
        "noResident": false,
        "inn": "6659126969",
        "kpp": "667401001",
        "kppAdditional": "",
        "registrationNumber": "",
        "ogrn": "1056603227185",
        "okpo": "",
        "okved": "00000000-0000-0000-0000-000000000000",
        "okvedCode": "",
        "separateUnit": false,
        "partnerHead": "00000000-0000-0000-0000-000000000000",
        "bank": "00000000-0000-0000-0000-000000000000",
        "bankBIC": "",
        "okopf": "00000000-0000-0000-0000-000000000000",
        "okopfName": "",
        "reliabilitySupplier": 0,
        "reliabilityBuyer": 0,
        "verified": false,
        "dateVerified": "0001-01-01T00:00:00Z",
        "country": "4e127564-d74f-4dd9-bced-0327f0f4e061",
        "countryCode": "643",
        "region": "00000000-0000-0000-0000-000000000000",
        "regionCode": "",
        "contactInformation": [
            
        ]
    },
    {
        "guid": "d8708a50-8a97-11ee-b5b1-005056013b0c",
        "archive": false,
        "dateOutputArchive": "0001-01-01T00:00:00Z",
        "code": "54",
        "name": "МАСТЕР ВИНДО ООО",
        "nameAbbreviated": "ООО \"МАСТЕР ВИНДО\"",
        "nameFull": "Общество с ограниченной ответственностью \"МАСТЕР ВИНДО\"",
        "type": 1,
        "intragroup": false,
        "organization": "00000000-0000-0000-0000-000000000000",
        "organizationCode": "",
        "concernType": "00000000-0000-0000-0000-000000000000",
        "concernTypeCode": "",
        "noResident": false,
        "inn": "2130012018",
        "kpp": "213001001",
        "kppAdditional": "",
        "registrationNumber": "",
        "ogrn": "1062130016904",
        "okpo": "",
        "okved": "00000000-0000-0000-0000-000000000000",
        "okvedCode": "",
        "separateUnit": false,
        "partnerHead": "00000000-0000-0000-0000-000000000000",
        "bank": "00000000-0000-0000-0000-000000000000",
        "bankBIC": "",
        "okopf": "00000000-0000-0000-0000-000000000000",
        "okopfName": "",
        "reliabilitySupplier": 0,
        "reliabilityBuyer": 0,
        "verified": false,
        "dateVerified": "0001-01-01T00:00:00Z",
        "country": "4e127564-d74f-4dd9-bced-0327f0f4e061",
        "countryCode": "643",
        "region": "00000000-0000-0000-0000-000000000000",
        "regionCode": "",
        "contactInformation": [
            
        ]
    },
    {
        "guid": "5ef29a67-8a21-11ee-b5b1-005056013b0c",
        "archive": false,
        "dateOutputArchive": "0001-01-01T00:00:00Z",
        "code": "1",
        "name": "СИБМАШИНДУСТРИЯ ООО ТПК",
        "nameAbbreviated": "ООО ТПК \"СИБМАШИНДУСТРИЯ\"",
        "nameFull": "Общество с ограниченной ответственностью ТОРГОВО-ПРОИЗВОДСТВЕННАЯ КОМПАНИЯ \"СИБМАШИНДУСТРИЯ\"",
        "type": 1,
        "intragroup": false,
        "organization": "00000000-0000-0000-0000-000000000000",
        "organizationCode": "",
        "concernType": "00000000-0000-0000-0000-000000000000",
        "concernTypeCode": "",
        "noResident": false,
        "inn": "2223607628",
        "kpp": "222301001",
        "kppAdditional": "",
        "registrationNumber": "",
        "ogrn": "1152225021080",
        "okpo": "",
        "okved": "00000000-0000-0000-0000-000000000000",
        "okvedCode": "",
        "separateUnit": false,
        "partnerHead": "00000000-0000-0000-0000-000000000000",
        "bank": "00000000-0000-0000-0000-000000000000",
        "bankBIC": "",
        "okopf": "00000000-0000-0000-0000-000000000000",
        "okopfName": "",
        "reliabilitySupplier": 0,
        "reliabilityBuyer": 0,
        "verified": false,
        "dateVerified": "0001-01-01T00:00:00Z",
        "country": "4e127564-d74f-4dd9-bced-0327f0f4e061",
        "countryCode": "643",
        "region": "00000000-0000-0000-0000-000000000000",
        "regionCode": "",
        "contactInformation": [
            {
                "type": 1,
                "typeInformation": 1,
                "performance": "656922, Алтайский край, г. Барнаул, ул. Попова, здание 181Е",
                "country": "Россия",
                "region": "Алтайский край",
                "city": "Барнаул г.",
                "email": "",
                "phone": ""
            }
        ]
    },
    {
        "guid": "5ef29a68-8a21-11ee-b5b1-005056013b0c",
        "archive": false,
        "dateOutputArchive": "0001-01-01T00:00:00Z",
        "code": "2",
        "name": "ДЕЛЬТАСВАР ООО",
        "nameAbbreviated": "ООО \"ДЕЛЬТАСВАР\"",
        "nameFull": "Общество с ограниченной ответственностью \"ДЕЛЬТАСВАР\"",
        "type": 1,
        "intragroup": false,
        "organization": "00000000-0000-0000-0000-000000000000",
        "organizationCode": "",
        "concernType": "00000000-0000-0000-0000-000000000000",
        "concernTypeCode": "",
        "noResident": false,
        "inn": "6673229860",
        "kpp": "667801001",
        "kppAdditional": "",
        "registrationNumber": "",
        "ogrn": "1116673001466",
        "okpo": "",
        "okved": "00000000-0000-0000-0000-000000000000",
        "okvedCode": "",
        "separateUnit": false,
        "partnerHead": "00000000-0000-0000-0000-000000000000",
        "bank": "00000000-0000-0000-0000-000000000000",
        "bankBIC": "",
        "okopf": "00000000-0000-0000-0000-000000000000",
        "okopfName": "",
        "reliabilitySupplier": 0,
        "reliabilityBuyer": 0,
        "verified": false,
        "dateVerified": "0001-01-01T00:00:00Z",
        "country": "4e127564-d74f-4dd9-bced-0327f0f4e061",
        "countryCode": "643",
        "region": "00000000-0000-0000-0000-000000000000",
        "regionCode": "",
        "contactInformation": [
            
        ]
    },
    {
        "guid": "5ef29a69-8a21-11ee-b5b1-005056013b0c",
        "archive": false,
        "dateOutputArchive": "0001-01-01T00:00:00Z",
        "code": "3",
        "name": "ИПК ООО",
        "nameAbbreviated": "ООО \"ИПК\"",
        "nameFull": "Общество с ограниченной ответственностью \"ИНСТРУМЕНТАЛЬНО-ПОДШИПНИКОВАЯ КОМПАНИЯ\"",
        "type": 1,
        "intragroup": false,
        "organization": "00000000-0000-0000-0000-000000000000",
        "organizationCode": "",
        "concernType": "00000000-0000-0000-0000-000000000000",
        "concernTypeCode": "",
        "noResident": false,
        "inn": "6454140634",
        "kpp": "645401001",
        "kppAdditional": "",
        "registrationNumber": "",
        "ogrn": "1146454000857",
        "okpo": "",
        "okved": "00000000-0000-0000-0000-000000000000",
        "okvedCode": "",
        "separateUnit": false,
        "partnerHead": "00000000-0000-0000-0000-000000000000",
        "bank": "00000000-0000-0000-0000-000000000000",
        "bankBIC": "",
        "okopf": "00000000-0000-0000-0000-000000000000",
        "okopfName": "",
        "reliabilitySupplier": 0,
        "reliabilityBuyer": 0,
        "verified": false,
        "dateVerified": "0001-01-01T00:00:00Z",
        "country": "4e127564-d74f-4dd9-bced-0327f0f4e061",
        "countryCode": "643",
        "region": "00000000-0000-0000-0000-000000000000",
        "regionCode": "",
        "contactInformation": [
            
        ]
    },
    {
        "guid": "5ef29a6a-8a21-11ee-b5b1-005056013b0c",
        "archive": false,
        "dateOutputArchive": "0001-01-01T00:00:00Z",
        "code": "4",
        "name": "ОТК - КУРГАН ООО",
        "nameAbbreviated": "ООО \"ОТК - КУРГАН\"",
        "nameFull": "Общество с ограниченной ответственностью \"ОБЪЕДИНЕННАЯ ТЕКСТИЛЬНАЯ КОМПАНИЯ - КУРГАН\"",
        "type": 1,
        "intragroup": false,
        "organization": "00000000-0000-0000-0000-000000000000",
        "organizationCode": "",
        "concernType": "00000000-0000-0000-0000-000000000000",
        "concernTypeCode": "",
        "noResident": false,
        "inn": "4501183666",
        "kpp": "450101001",
        "kppAdditional": "",
        "registrationNumber": "",
        "ogrn": "1134501001634",
        "okpo": "",
        "okved": "00000000-0000-0000-0000-000000000000",
        "okvedCode": "",
        "separateUnit": false,
        "partnerHead": "00000000-0000-0000-0000-000000000000",
        "bank": "00000000-0000-0000-0000-000000000000",
        "bankBIC": "",
        "okopf": "00000000-0000-0000-0000-000000000000",
        "okopfName": "",
        "reliabilitySupplier": 0,
        "reliabilityBuyer": 0,
        "verified": false,
        "dateVerified": "0001-01-01T00:00:00Z",
        "country": "4e127564-d74f-4dd9-bced-0327f0f4e061",
        "countryCode": "643",
        "region": "00000000-0000-0000-0000-000000000000",
        "regionCode": "",
        "contactInformation": [
            
        ]
    },
    {
        "guid": "5ef29a6b-8a21-11ee-b5b1-005056013b0c",
        "archive": false,
        "dateOutputArchive": "0001-01-01T00:00:00Z",
        "code": "5",
        "name": "ПЫТЬ-ЯХСКАЯ ОКРУЖНАЯ КЛИНИЧЕСКАЯ БОЛЬНИЦА БУ",
        "nameAbbreviated": "БУ \"ПЫТЬ-ЯХСКАЯ ОКРУЖНАЯ КЛИНИЧЕСКАЯ БОЛЬНИЦА\"",
        "nameFull": "БЮДЖЕТНОЕ УЧРЕЖДЕНИЕ ХАНТЫ-МАНСИЙСКОГО АВТОНОМНОГО ОКРУГА - ЮГРЫ \"ПЫТЬ-ЯХСКАЯ ОКРУЖНАЯ КЛИНИЧЕСКАЯ БОЛЬНИЦА\"",
        "type": 1,
        "intragroup": false,
        "organization": "00000000-0000-0000-0000-000000000000",
        "organizationCode": "",
        "concernType": "00000000-0000-0000-0000-000000000000",
        "concernTypeCode": "",
        "noResident": false,
        "inn": "8612014565",
        "kpp": "861201001",
        "kppAdditional": "",
        "registrationNumber": "",
        "ogrn": "1088619000788",
        "okpo": "",
        "okved": "00000000-0000-0000-0000-000000000000",
        "okvedCode": "",
        "separateUnit": false,
        "partnerHead": "00000000-0000-0000-0000-000000000000",
        "bank": "00000000-0000-0000-0000-000000000000",
        "bankBIC": "",
        "okopf": "00000000-0000-0000-0000-000000000000",
        "okopfName": "",
        "reliabilitySupplier": 0,
        "reliabilityBuyer": 0,
        "verified": false,
        "dateVerified": "0001-01-01T00:00:00Z",
        "country": "4e127564-d74f-4dd9-bced-0327f0f4e061",
        "countryCode": "643",
        "region": "00000000-0000-0000-0000-000000000000",
        "regionCode": "",
        "contactInformation": [
            
        ]
    },
    {
        "guid": "d8708a51-8a97-11ee-b5b1-005056013b0c",
        "archive": false,
        "dateOutputArchive": "0001-01-01T00:00:00Z",
        "code": "55",
        "name": "МЕДСТАНДАРТ ЗАО",
        "nameAbbreviated": "ЗАО \"МЕДСТАНДАРТ\"",
        "nameFull": "Закрытое акционерное общество \"МЕДСТАНДАРТ\"",
        "type": 1,
        "intragroup": false,
        "organization": "00000000-0000-0000-0000-000000000000",
        "organizationCode": "",
        "concernType": "00000000-0000-0000-0000-000000000000",
        "concernTypeCode": "",
        "noResident": false,
        "inn": "0411151616",
        "kpp": "222101001",
        "kppAdditional": "",
        "registrationNumber": "",
        "ogrn": "1100411007410",
        "okpo": "",
        "okved": "00000000-0000-0000-0000-000000000000",
        "okvedCode": "",
        "separateUnit": false,
        "partnerHead": "00000000-0000-0000-0000-000000000000",
        "bank": "00000000-0000-0000-0000-000000000000",
        "bankBIC": "",
        "okopf": "00000000-0000-0000-0000-000000000000",
        "okopfName": "",
        "reliabilitySupplier": 0,
        "reliabilityBuyer": 0,
        "verified": false,
        "dateVerified": "0001-01-01T00:00:00Z",
        "country": "4e127564-d74f-4dd9-bced-0327f0f4e061",
        "countryCode": "643",
        "region": "00000000-0000-0000-0000-000000000000",
        "regionCode": "",
        "contactInformation": [
            
        ]
    },
    {
        "guid": "d8708a52-8a97-11ee-b5b1-005056013b0c",
        "archive": false,
        "dateOutputArchive": "0001-01-01T00:00:00Z",
        "code": "56",
        "name": "ВЕГА ООО",
        "nameAbbreviated": "ООО \"ВЕГА\"",
        "nameFull": "Общество с ограниченной ответственностью \"ВЕГА\"",
        "type": 1,
        "intragroup": false,
        "organization": "00000000-0000-0000-0000-000000000000",
        "organizationCode": "",
        "concernType": "00000000-0000-0000-0000-000000000000",
        "concernTypeCode": "",
        "noResident": false,
        "inn": "7459004468",
        "kpp": "745901001",
        "kppAdditional": "",
        "registrationNumber": "",
        "ogrn": "1157456026452",
        "okpo": "",
        "okved": "00000000-0000-0000-0000-000000000000",
        "okvedCode": "",
        "separateUnit": false,
        "partnerHead": "00000000-0000-0000-0000-000000000000",
        "bank": "00000000-0000-0000-0000-000000000000",
        "bankBIC": "",
        "okopf": "00000000-0000-0000-0000-000000000000",
        "okopfName": "",
        "reliabilitySupplier": 0,
        "reliabilityBuyer": 0,
        "verified": false,
        "dateVerified": "0001-01-01T00:00:00Z",
        "country": "4e127564-d74f-4dd9-bced-0327f0f4e061",
        "countryCode": "643",
        "region": "00000000-0000-0000-0000-000000000000",
        "regionCode": "",
        "contactInformation": [
            
        ]
    },
    {
        "guid": "d8708a53-8a97-11ee-b5b1-005056013b0c",
        "archive": false,
        "dateOutputArchive": "0001-01-01T00:00:00Z",
        "code": "57",
        "name": "ЧЕЛЯБСПЕЦСТАЛЬ ООО",
        "nameAbbreviated": "ООО \"ЧЕЛЯБСПЕЦСТАЛЬ\"",
        "nameFull": "Общество с ограниченной ответственностью \"ЧЕЛЯБСПЕЦСТАЛЬ\"",
        "type": 1,
        "intragroup": false,
        "organization": "00000000-0000-0000-0000-000000000000",
        "organizationCode": "",
        "concernType": "00000000-0000-0000-0000-000000000000",
        "concernTypeCode": "",
        "noResident": false,
        "inn": "7460020030",
        "kpp": "746001001",
        "kppAdditional": "",
        "registrationNumber": "",
        "ogrn": "1157460000818",
        "okpo": "",
        "okved": "00000000-0000-0000-0000-000000000000",
        "okvedCode": "",
        "separateUnit": false,
        "partnerHead": "00000000-0000-0000-0000-000000000000",
        "bank": "00000000-0000-0000-0000-000000000000",
        "bankBIC": "",
        "okopf": "00000000-0000-0000-0000-000000000000",
        "okopfName": "",
        "reliabilitySupplier": 0,
        "reliabilityBuyer": 0,
        "verified": false,
        "dateVerified": "0001-01-01T00:00:00Z",
        "country": "4e127564-d74f-4dd9-bced-0327f0f4e061",
        "countryCode": "643",
        "region": "00000000-0000-0000-0000-000000000000",
        "regionCode": "",
        "contactInformation": [
            
        ]
    },
    {
        "guid": "d8708a54-8a97-11ee-b5b1-005056013b0c",
        "archive": false,
        "dateOutputArchive": "0001-01-01T00:00:00Z",
        "code": "58",
        "name": "СТРОЙПРОМСЕРВИС ООО",
        "nameAbbreviated": "ООО \"СТРОЙПРОМСЕРВИС\"",
        "nameFull": "Общество с ограниченной ответственностью \"СТРОЙПРОМСЕРВИС\"",
        "type": 1,
        "intragroup": false,
        "organization": "00000000-0000-0000-0000-000000000000",
        "organizationCode": "",
        "concernType": "00000000-0000-0000-0000-000000000000",
        "concernTypeCode": "",
        "noResident": false,
        "inn": "7720339142",
        "kpp": "770101001",
        "kppAdditional": "",
        "registrationNumber": "",
        "ogrn": "1167746416617",
        "okpo": "",
        "okved": "00000000-0000-0000-0000-000000000000",
        "okvedCode": "",
        "separateUnit": false,
        "partnerHead": "00000000-0000-0000-0000-000000000000",
        "bank": "00000000-0000-0000-0000-000000000000",
        "bankBIC": "",
        "okopf": "00000000-0000-0000-0000-000000000000",
        "okopfName": "",
        "reliabilitySupplier": 0,
        "reliabilityBuyer": 0,
        "verified": false,
        "dateVerified": "0001-01-01T00:00:00Z",
        "country": "4e127564-d74f-4dd9-bced-0327f0f4e061",
        "countryCode": "643",
        "region": "00000000-0000-0000-0000-000000000000",
        "regionCode": "",
        "contactInformation": [
            
        ]
    },
    {
        "guid": "d8708a55-8a97-11ee-b5b1-005056013b0c",
        "archive": false,
        "dateOutputArchive": "0001-01-01T00:00:00Z",
        "code": "59",
        "name": "РСТЕХНО ООО",
        "nameAbbreviated": "ООО \"РСТЕХНО\"",
        "nameFull": "Общество с ограниченной ответственностью \"РЕМСПЕЦТЕХНО\"",
        "type": 1,
        "intragroup": false,
        "organization": "00000000-0000-0000-0000-000000000000",
        "organizationCode": "",
        "concernType": "00000000-0000-0000-0000-000000000000",
        "concernTypeCode": "",
        "noResident": false,
        "inn": "3444160178",
        "kpp": "344401001",
        "kppAdditional": "",
        "registrationNumber": "",
        "ogrn": "1083444005358",
        "okpo": "",
        "okved": "00000000-0000-0000-0000-000000000000",
        "okvedCode": "",
        "separateUnit": false,
        "partnerHead": "00000000-0000-0000-0000-000000000000",
        "bank": "00000000-0000-0000-0000-000000000000",
        "bankBIC": "",
        "okopf": "00000000-0000-0000-0000-000000000000",
        "okopfName": "",
        "reliabilitySupplier": 0,
        "reliabilityBuyer": 0,
        "verified": false,
        "dateVerified": "0001-01-01T00:00:00Z",
        "country": "4e127564-d74f-4dd9-bced-0327f0f4e061",
        "countryCode": "643",
        "region": "00000000-0000-0000-0000-000000000000",
        "regionCode": "",
        "contactInformation": [
            
        ]
    },
    {
        "guid": "d8708a56-8a97-11ee-b5b1-005056013b0c",
        "archive": false,
        "dateOutputArchive": "0001-01-01T00:00:00Z",
        "code": "60",
        "name": "ОСС ООО",
        "nameAbbreviated": "ООО \"ОСС\"",
        "nameFull": "Общество с ограниченной ответственностью \"ОБОРОНСПЕЦСТРОЙ\"",
        "type": 1,
        "intragroup": false,
        "organization": "00000000-0000-0000-0000-000000000000",
        "organizationCode": "",
        "concernType": "00000000-0000-0000-0000-000000000000",
        "concernTypeCode": "",
        "noResident": false,
        "inn": "7734691114",
        "kpp": "772801001",
        "kppAdditional": "",
        "registrationNumber": "",
        "ogrn": "1127747177887",
        "okpo": "",
        "okved": "00000000-0000-0000-0000-000000000000",
        "okvedCode": "",
        "separateUnit": false,
        "partnerHead": "00000000-0000-0000-0000-000000000000",
        "bank": "00000000-0000-0000-0000-000000000000",
        "bankBIC": "",
        "okopf": "00000000-0000-0000-0000-000000000000",
        "okopfName": "",
        "reliabilitySupplier": 0,
        "reliabilityBuyer": 0,
        "verified": false,
        "dateVerified": "0001-01-01T00:00:00Z",
        "country": "4e127564-d74f-4dd9-bced-0327f0f4e061",
        "countryCode": "643",
        "region": "00000000-0000-0000-0000-000000000000",
        "regionCode": "",
        "contactInformation": [
            
        ]
    },
    {
        "guid": "d8708a57-8a97-11ee-b5b1-005056013b0c",
        "archive": false,
        "dateOutputArchive": "0001-01-01T00:00:00Z",
        "code": "61",
        "name": "РУССКАЯ СМАЗОЧНАЯ КОМПАНИЯ ОАО",
        "nameAbbreviated": "ОАО \"РУССКАЯ СМАЗОЧНАЯ КОМПАНИЯ\"",
        "nameFull": "Открытое акционерное общество \"РУССКАЯ СМАЗОЧНАЯ КОМПАНИЯ\"",
        "type": 1,
        "intragroup": false,
        "organization": "00000000-0000-0000-0000-000000000000",
        "organizationCode": "",
        "concernType": "00000000-0000-0000-0000-000000000000",
        "concernTypeCode": "",
        "noResident": false,
        "inn": "7730168418",
        "kpp": "081601001",
        "kppAdditional": "",
        "registrationNumber": "",
        "ogrn": "1037730016246",
        "okpo": "",
        "okved": "00000000-0000-0000-0000-000000000000",
        "okvedCode": "",
        "separateUnit": false,
        "partnerHead": "00000000-0000-0000-0000-000000000000",
        "bank": "00000000-0000-0000-0000-000000000000",
        "bankBIC": "",
        "okopf": "00000000-0000-0000-0000-000000000000",
        "okopfName": "",
        "reliabilitySupplier": 0,
        "reliabilityBuyer": 0,
        "verified": false,
        "dateVerified": "0001-01-01T00:00:00Z",
        "country": "4e127564-d74f-4dd9-bced-0327f0f4e061",
        "countryCode": "643",
        "region": "00000000-0000-0000-0000-000000000000",
        "regionCode": "",
        "contactInformation": [
            
        ]
    },
    {
        "guid": "d8708a58-8a97-11ee-b5b1-005056013b0c",
        "archive": false,
        "dateOutputArchive": "0001-01-01T00:00:00Z",
        "code": "62",
        "name": "МК ГИДРАВЛИКА ООО",
        "nameAbbreviated": "ООО \"МК ГИДРАВЛИКА\"",
        "nameFull": "Общество с ограниченной ответственностью \"МК ГИДРАВЛИКА\"",
        "type": 1,
        "intragroup": false,
        "organization": "00000000-0000-0000-0000-000000000000",
        "organizationCode": "",
        "concernType": "00000000-0000-0000-0000-000000000000",
        "concernTypeCode": "",
        "noResident": false,
        "inn": "7725809112",
        "kpp": "770101001",
        "kppAdditional": "",
        "registrationNumber": "",
        "ogrn": "5137746071470",
        "okpo": "",
        "okved": "00000000-0000-0000-0000-000000000000",
        "okvedCode": "",
        "separateUnit": false,
        "partnerHead": "00000000-0000-0000-0000-000000000000",
        "bank": "00000000-0000-0000-0000-000000000000",
        "bankBIC": "",
        "okopf": "00000000-0000-0000-0000-000000000000",
        "okopfName": "",
        "reliabilitySupplier": 0,
        "reliabilityBuyer": 0,
        "verified": false,
        "dateVerified": "0001-01-01T00:00:00Z",
        "country": "4e127564-d74f-4dd9-bced-0327f0f4e061",
        "countryCode": "643",
        "region": "00000000-0000-0000-0000-000000000000",
        "regionCode": "",
        "contactInformation": [
            
        ]
    },
    {
        "guid": "d8708a59-8a97-11ee-b5b1-005056013b0c",
        "archive": false,
        "dateOutputArchive": "0001-01-01T00:00:00Z",
        "code": "63",
        "name": "МЕТКОМПЛЕКТ ООО",
        "nameAbbreviated": "ООО \"МЕТКОМПЛЕКТ\"",
        "nameFull": "Общество с ограниченной ответственностью \"МЕТКОМПЛЕКТ\"",
        "type": 1,
        "intragroup": false,
        "organization": "00000000-0000-0000-0000-000000000000",
        "organizationCode": "",
        "concernType": "00000000-0000-0000-0000-000000000000",
        "concernTypeCode": "",
        "noResident": false,
        "inn": "6671048770",
        "kpp": "667101001",
        "kppAdditional": "",
        "registrationNumber": "",
        "ogrn": "1169658081185",
        "okpo": "",
        "okved": "00000000-0000-0000-0000-000000000000",
        "okvedCode": "",
        "separateUnit": false,
        "partnerHead": "00000000-0000-0000-0000-000000000000",
        "bank": "00000000-0000-0000-0000-000000000000",
        "bankBIC": "",
        "okopf": "00000000-0000-0000-0000-000000000000",
        "okopfName": "",
        "reliabilitySupplier": 0,
        "reliabilityBuyer": 0,
        "verified": false,
        "dateVerified": "0001-01-01T00:00:00Z",
        "country": "4e127564-d74f-4dd9-bced-0327f0f4e061",
        "countryCode": "643",
        "region": "00000000-0000-0000-0000-000000000000",
        "regionCode": "",
        "contactInformation": [
            
        ]
    },
    {
        "guid": "de73f33a-8a97-11ee-b5b1-005056013b0c",
        "archive": false,
        "dateOutputArchive": "0001-01-01T00:00:00Z",
        "code": "64",
        "name": "ПИТСТОПАВТО ООО",
        "nameAbbreviated": "ООО \"ПИТСТОПАВТО\"",
        "nameFull": "Общество с ограниченной ответственностью \"ПИТСТОПАВТО\"",
        "type": 1,
        "intragroup": false,
        "organization": "00000000-0000-0000-0000-000000000000",
        "organizationCode": "",
        "concernType": "00000000-0000-0000-0000-000000000000",
        "concernTypeCode": "",
        "noResident": false,
        "inn": "2465210727",
        "kpp": "246301001",
        "kppAdditional": "",
        "registrationNumber": "",
        "ogrn": "1082468032954",
        "okpo": "",
        "okved": "00000000-0000-0000-0000-000000000000",
        "okvedCode": "",
        "separateUnit": false,
        "partnerHead": "00000000-0000-0000-0000-000000000000",
        "bank": "00000000-0000-0000-0000-000000000000",
        "bankBIC": "",
        "okopf": "00000000-0000-0000-0000-000000000000",
        "okopfName": "",
        "reliabilitySupplier": 0,
        "reliabilityBuyer": 0,
        "verified": false,
        "dateVerified": "0001-01-01T00:00:00Z",
        "country": "4e127564-d74f-4dd9-bced-0327f0f4e061",
        "countryCode": "643",
        "region": "00000000-0000-0000-0000-000000000000",
        "regionCode": "",
        "contactInformation": [
            
        ]
    },
    {
        "guid": "de73f33b-8a97-11ee-b5b1-005056013b0c",
        "archive": false,
        "dateOutputArchive": "0001-01-01T00:00:00Z",
        "code": "65",
        "name": "КОНТИНЕНТАЛЬ ООО",
        "nameAbbreviated": "ООО \"КОНТИНЕНТАЛЬ\"",
        "nameFull": "Общество с ограниченной ответственностью \"КОНТИНЕНТАЛЬ\"",
        "type": 1,
        "intragroup": false,
        "organization": "00000000-0000-0000-0000-000000000000",
        "organizationCode": "",
        "concernType": "00000000-0000-0000-0000-000000000000",
        "concernTypeCode": "",
        "noResident": false,
        "inn": "2128036526",
        "kpp": "526101001",
        "kppAdditional": "",
        "registrationNumber": "",
        "ogrn": "1022101145241",
        "okpo": "",
        "okved": "00000000-0000-0000-0000-000000000000",
        "okvedCode": "",
        "separateUnit": false,
        "partnerHead": "00000000-0000-0000-0000-000000000000",
        "bank": "00000000-0000-0000-0000-000000000000",
        "bankBIC": "",
        "okopf": "00000000-0000-0000-0000-000000000000",
        "okopfName": "",
        "reliabilitySupplier": 0,
        "reliabilityBuyer": 0,
        "verified": false,
        "dateVerified": "0001-01-01T00:00:00Z",
        "country": "4e127564-d74f-4dd9-bced-0327f0f4e061",
        "countryCode": "643",
        "region": "00000000-0000-0000-0000-000000000000",
        "regionCode": "",
        "contactInformation": [
            
        ]
    },
    {
        "guid": "de73f33c-8a97-11ee-b5b1-005056013b0c",
        "archive": false,
        "dateOutputArchive": "0001-01-01T00:00:00Z",
        "code": "66",
        "name": "ЗОДИАК ООО",
        "nameAbbreviated": "ООО \"ЗОДИАК\"",
        "nameFull": "Общество с ограниченной ответственностью \"ЗОДИАК\"",
        "type": 1,
        "intragroup": false,
        "organization": "00000000-0000-0000-0000-000000000000",
        "organizationCode": "",
        "concernType": "00000000-0000-0000-0000-000000000000",
        "concernTypeCode": "",
        "noResident": false,
        "inn": "2127309033",
        "kpp": "213001001",
        "kppAdditional": "",
        "registrationNumber": "",
        "ogrn": "1022100978338",
        "okpo": "",
        "okved": "00000000-0000-0000-0000-000000000000",
        "okvedCode": "",
        "separateUnit": false,
        "partnerHead": "00000000-0000-0000-0000-000000000000",
        "bank": "00000000-0000-0000-0000-000000000000",
        "bankBIC": "",
        "okopf": "00000000-0000-0000-0000-000000000000",
        "okopfName": "",
        "reliabilitySupplier": 0,
        "reliabilityBuyer": 0,
        "verified": false,
        "dateVerified": "0001-01-01T00:00:00Z",
        "country": "4e127564-d74f-4dd9-bced-0327f0f4e061",
        "countryCode": "643",
        "region": "00000000-0000-0000-0000-000000000000",
        "regionCode": "",
        "contactInformation": [
            
        ]
    },
    {
        "guid": "de73f33d-8a97-11ee-b5b1-005056013b0c",
        "archive": false,
        "dateOutputArchive": "0001-01-01T00:00:00Z",
        "code": "67",
        "name": "РОСИНКАС ОБЪЕДИНЕНИЕ",
        "nameAbbreviated": "ОБЪЕДИНЕНИЕ \"РОСИНКАС\"",
        "nameFull": "РОССИЙСКОЕ ОБЪЕДИНЕНИЕ ИНКАССАЦИИ (РОСИНКАС) ЦЕНТРАЛЬНОГО БАНКА РОССИЙСКОЙ ФЕДЕРАЦИИ (БАНКА РОССИИ)",
        "type": 1,
        "intragroup": false,
        "organization": "00000000-0000-0000-0000-000000000000",
        "organizationCode": "",
        "concernType": "00000000-0000-0000-0000-000000000000",
        "concernTypeCode": "",
        "noResident": false,
        "inn": "7703030058",
        "kpp": "770701001",
        "kppAdditional": "",
        "registrationNumber": "",
        "ogrn": "1027739529641",
        "okpo": "",
        "okved": "00000000-0000-0000-0000-000000000000",
        "okvedCode": "",
        "separateUnit": true,
        "partnerHead": "00000000-0000-0000-0000-000000000000",
        "bank": "00000000-0000-0000-0000-000000000000",
        "bankBIC": "",
        "okopf": "00000000-0000-0000-0000-000000000000",
        "okopfName": "",
        "reliabilitySupplier": 0,
        "reliabilityBuyer": 0,
        "verified": false,
        "dateVerified": "0001-01-01T00:00:00Z",
        "country": "4e127564-d74f-4dd9-bced-0327f0f4e061",
        "countryCode": "643",
        "region": "00000000-0000-0000-0000-000000000000",
        "regionCode": "",
        "contactInformation": [
            
        ]
    },
    {
        "guid": "de73f33e-8a97-11ee-b5b1-005056013b0c",
        "archive": false,
        "dateOutputArchive": "0001-01-01T00:00:00Z",
        "code": "68",
        "name": "ПЭК ООО",
        "nameAbbreviated": "ООО \"ПЭК\"",
        "nameFull": "Общество с ограниченной ответственностью \"ПЕРВАЯ ЭКСПЕДИЦИОННАЯ КОМПАНИЯ\"",
        "type": 1,
        "intragroup": false,
        "organization": "00000000-0000-0000-0000-000000000000",
        "organizationCode": "",
        "concernType": "00000000-0000-0000-0000-000000000000",
        "concernTypeCode": "",
        "noResident": false,
        "inn": "7721823853",
        "kpp": "772101001",
        "kppAdditional": "",
        "registrationNumber": "",
        "ogrn": "1147746182748",
        "okpo": "",
        "okved": "00000000-0000-0000-0000-000000000000",
        "okvedCode": "",
        "separateUnit": true,
        "partnerHead": "00000000-0000-0000-0000-000000000000",
        "bank": "00000000-0000-0000-0000-000000000000",
        "bankBIC": "",
        "okopf": "00000000-0000-0000-0000-000000000000",
        "okopfName": "",
        "reliabilitySupplier": 0,
        "reliabilityBuyer": 0,
        "verified": false,
        "dateVerified": "0001-01-01T00:00:00Z",
        "country": "4e127564-d74f-4dd9-bced-0327f0f4e061",
        "countryCode": "643",
        "region": "00000000-0000-0000-0000-000000000000",
        "regionCode": "",
        "contactInformation": [
            
        ]
    },
    {
        "guid": "de73f33f-8a97-11ee-b5b1-005056013b0c",
        "archive": false,
        "dateOutputArchive": "0001-01-01T00:00:00Z",
        "code": "69",
        "name": "ЛЕНТА АО",
        "nameAbbreviated": "АО \"ЛЕНТА\"",
        "nameFull": "Акционерное общество \"ЛЕНТА\"",
        "type": 1,
        "intragroup": false,
        "organization": "00000000-0000-0000-0000-000000000000",
        "organizationCode": "",
        "concernType": "00000000-0000-0000-0000-000000000000",
        "concernTypeCode": "",
        "noResident": false,
        "inn": "2127008692",
        "kpp": "213001001",
        "kppAdditional": "",
        "registrationNumber": "",
        "ogrn": "1022100969890",
        "okpo": "",
        "okved": "00000000-0000-0000-0000-000000000000",
        "okvedCode": "",
        "separateUnit": false,
        "partnerHead": "00000000-0000-0000-0000-000000000000",
        "bank": "00000000-0000-0000-0000-000000000000",
        "bankBIC": "",
        "okopf": "00000000-0000-0000-0000-000000000000",
        "okopfName": "",
        "reliabilitySupplier": 0,
        "reliabilityBuyer": 0,
        "verified": false,
        "dateVerified": "0001-01-01T00:00:00Z",
        "country": "4e127564-d74f-4dd9-bced-0327f0f4e061",
        "countryCode": "643",
        "region": "00000000-0000-0000-0000-000000000000",
        "regionCode": "",
        "contactInformation": [
            
        ]
    },
    {
        "guid": "de73f340-8a97-11ee-b5b1-005056013b0c",
        "archive": false,
        "dateOutputArchive": "0001-01-01T00:00:00Z",
        "code": "70",
        "name": "РЖД ОАО",
        "nameAbbreviated": "ОАО \"РЖД\"",
        "nameFull": "Открытое акционерное общество \"РОССИЙСКИЕ ЖЕЛЕЗНЫЕ ДОРОГИ\"",
        "type": 1,
        "intragroup": false,
        "organization": "00000000-0000-0000-0000-000000000000",
        "organizationCode": "",
        "concernType": "00000000-0000-0000-0000-000000000000",
        "concernTypeCode": "",
        "noResident": false,
        "inn": "7708503727",
        "kpp": "770801001",
        "kppAdditional": "",
        "registrationNumber": "",
        "ogrn": "1037739877295",
        "okpo": "",
        "okved": "00000000-0000-0000-0000-000000000000",
        "okvedCode": "",
        "separateUnit": true,
        "partnerHead": "00000000-0000-0000-0000-000000000000",
        "bank": "00000000-0000-0000-0000-000000000000",
        "bankBIC": "",
        "okopf": "00000000-0000-0000-0000-000000000000",
        "okopfName": "",
        "reliabilitySupplier": 0,
        "reliabilityBuyer": 0,
        "verified": false,
        "dateVerified": "0001-01-01T00:00:00Z",
        "country": "4e127564-d74f-4dd9-bced-0327f0f4e061",
        "countryCode": "643",
        "region": "00000000-0000-0000-0000-000000000000",
        "regionCode": "",
        "contactInformation": [
            
        ]
    },
    {
        "guid": "de73f341-8a97-11ee-b5b1-005056013b0c",
        "archive": false,
        "dateOutputArchive": "0001-01-01T00:00:00Z",
        "code": "71",
        "name": "ИД ГРАНИ МИНКУЛЬТУРЫ ЧУВАШИИ ГУП",
        "nameAbbreviated": "ГУП \"ИД \"ГРАНИ\" МИНКУЛЬТУРЫ ЧУВАШИИ",
        "nameFull": "ГОСУДАРСТВЕННОЕ УНИТАРНОЕ ПРЕДПРИЯТИЕ ЧУВАШСКОЙ РЕСПУБЛИКИ \"ИЗДАТЕЛЬСКИЙ ДОМ \"ГРАНИ\" МИНИСТЕРСТВА КУЛЬТУРЫ, ПО ДЕЛАМ НАЦИОНАЛЬНОСТЕЙ, ИНФОРМАЦИОННОЙ ПОЛИТИКИ И АРХИВНОГО ДЕЛА ЧУВАШСКОЙ РЕСПУБЛИКИ",
        "type": 1,
        "intragroup": false,
        "organization": "00000000-0000-0000-0000-000000000000",
        "organizationCode": "",
        "concernType": "00000000-0000-0000-0000-000000000000",
        "concernTypeCode": "",
        "noResident": false,
        "inn": "2124010005",
        "kpp": "212401001",
        "kppAdditional": "",
        "registrationNumber": "",
        "ogrn": "1022100907730",
        "okpo": "",
        "okved": "00000000-0000-0000-0000-000000000000",
        "okvedCode": "",
        "separateUnit": false,
        "partnerHead": "00000000-0000-0000-0000-000000000000",
        "bank": "00000000-0000-0000-0000-000000000000",
        "bankBIC": "",
        "okopf": "00000000-0000-0000-0000-000000000000",
        "okopfName": "",
        "reliabilitySupplier": 0,
        "reliabilityBuyer": 0,
        "verified": false,
        "dateVerified": "0001-01-01T00:00:00Z",
        "country": "4e127564-d74f-4dd9-bced-0327f0f4e061",
        "countryCode": "643",
        "region": "00000000-0000-0000-0000-000000000000",
        "regionCode": "",
        "contactInformation": [
            
        ]
    },
    {
        "guid": "de73f342-8a97-11ee-b5b1-005056013b0c",
        "archive": false,
        "dateOutputArchive": "0001-01-01T00:00:00Z",
        "code": "72",
        "name": "АВИА - МОСТ ООО",
        "nameAbbreviated": "ООО \"АВИА - МОСТ\"",
        "nameFull": "Общество с ограниченной ответственностью \"АВИА - МОСТ\"",
        "type": 1,
        "intragroup": false,
        "organization": "00000000-0000-0000-0000-000000000000",
        "organizationCode": "",
        "concernType": "00000000-0000-0000-0000-000000000000",
        "concernTypeCode": "",
        "noResident": false,
        "inn": "2130008822",
        "kpp": "213001001",
        "kppAdditional": "",
        "registrationNumber": "",
        "ogrn": "1062130013626",
        "okpo": "",
        "okved": "00000000-0000-0000-0000-000000000000",
        "okvedCode": "",
        "separateUnit": false,
        "partnerHead": "00000000-0000-0000-0000-000000000000",
        "bank": "00000000-0000-0000-0000-000000000000",
        "bankBIC": "",
        "okopf": "00000000-0000-0000-0000-000000000000",
        "okopfName": "",
        "reliabilitySupplier": 0,
        "reliabilityBuyer": 0,
        "verified": false,
        "dateVerified": "0001-01-01T00:00:00Z",
        "country": "4e127564-d74f-4dd9-bced-0327f0f4e061",
        "countryCode": "643",
        "region": "00000000-0000-0000-0000-000000000000",
        "regionCode": "",
        "contactInformation": [
            
        ]
    },
    {
        "guid": "de73f343-8a97-11ee-b5b1-005056013b0c",
        "archive": false,
        "dateOutputArchive": "0001-01-01T00:00:00Z",
        "code": "73",
        "name": "ПЛАСТМАСС ГРЕБЕ ООО",
        "nameAbbreviated": "ООО \"ПЛАСТМАСС ГРЕБЕ\"",
        "nameFull": "Общество с ограниченной ответственностью \"ПЛАСТМАСС ГРЕБЕ\"",
        "type": 1,
        "intragroup": false,
        "organization": "00000000-0000-0000-0000-000000000000",
        "organizationCode": "",
        "concernType": "00000000-0000-0000-0000-000000000000",
        "concernTypeCode": "",
        "noResident": false,
        "inn": "7724594023",
        "kpp": "772401001",
        "kppAdditional": "",
        "registrationNumber": "",
        "ogrn": "1067758221211",
        "okpo": "",
        "okved": "00000000-0000-0000-0000-000000000000",
        "okvedCode": "",
        "separateUnit": false,
        "partnerHead": "00000000-0000-0000-0000-000000000000",
        "bank": "00000000-0000-0000-0000-000000000000",
        "bankBIC": "",
        "okopf": "00000000-0000-0000-0000-000000000000",
        "okopfName": "",
        "reliabilitySupplier": 0,
        "reliabilityBuyer": 0,
        "verified": false,
        "dateVerified": "0001-01-01T00:00:00Z",
        "country": "4e127564-d74f-4dd9-bced-0327f0f4e061",
        "countryCode": "643",
        "region": "00000000-0000-0000-0000-000000000000",
        "regionCode": "",
        "contactInformation": [
            
        ]
    },
    {
        "guid": "de73f344-8a97-11ee-b5b1-005056013b0c",
        "archive": false,
        "dateOutputArchive": "0001-01-01T00:00:00Z",
        "code": "74",
        "name": "РЕКЛАМНОЕ АГЕНТСТВО СПЕКТР ООО",
        "nameAbbreviated": "ООО \"РЕКЛАМНОЕ АГЕНТСТВО \"СПЕКТР\"",
        "nameFull": "Общество с ограниченной ответственностью \"РЕКЛАМНОЕ АГЕНТСТВО \"СПЕКТР\"",
        "type": 1,
        "intragroup": false,
        "organization": "00000000-0000-0000-0000-000000000000",
        "organizationCode": "",
        "concernType": "00000000-0000-0000-0000-000000000000",
        "concernTypeCode": "",
        "noResident": false,
        "inn": "4824025410",
        "kpp": "482601001",
        "kppAdditional": "",
        "registrationNumber": "",
        "ogrn": "1024840828143",
        "okpo": "",
        "okved": "00000000-0000-0000-0000-000000000000",
        "okvedCode": "",
        "separateUnit": false,
        "partnerHead": "00000000-0000-0000-0000-000000000000",
        "bank": "00000000-0000-0000-0000-000000000000",
        "bankBIC": "",
        "okopf": "00000000-0000-0000-0000-000000000000",
        "okopfName": "",
        "reliabilitySupplier": 0,
        "reliabilityBuyer": 0,
        "verified": false,
        "dateVerified": "0001-01-01T00:00:00Z",
        "country": "4e127564-d74f-4dd9-bced-0327f0f4e061",
        "countryCode": "643",
        "region": "00000000-0000-0000-0000-000000000000",
        "regionCode": "",
        "contactInformation": [
            
        ]
    },
    {
        "guid": "de73f345-8a97-11ee-b5b1-005056013b0c",
        "archive": false,
        "dateOutputArchive": "0001-01-01T00:00:00Z",
        "code": "75",
        "name": "РЖД ОАО",
        "nameAbbreviated": "ОАО \"РЖД\"",
        "nameFull": "Открытое акционерное общество \"РОССИЙСКИЕ ЖЕЛЕЗНЫЕ ДОРОГИ\"",
        "type": 1,
        "intragroup": false,
        "organization": "00000000-0000-0000-0000-000000000000",
        "organizationCode": "",
        "concernType": "00000000-0000-0000-0000-000000000000",
        "concernTypeCode": "",
        "noResident": false,
        "inn": "7708503727",
        "kpp": "770801001",
        "kppAdditional": "",
        "registrationNumber": "",
        "ogrn": "1037739877295",
        "okpo": "",
        "okved": "00000000-0000-0000-0000-000000000000",
        "okvedCode": "",
        "separateUnit": true,
        "partnerHead": "00000000-0000-0000-0000-000000000000",
        "bank": "00000000-0000-0000-0000-000000000000",
        "bankBIC": "",
        "okopf": "00000000-0000-0000-0000-000000000000",
        "okopfName": "",
        "reliabilitySupplier": 0,
        "reliabilityBuyer": 0,
        "verified": false,
        "dateVerified": "0001-01-01T00:00:00Z",
        "country": "4e127564-d74f-4dd9-bced-0327f0f4e061",
        "countryCode": "643",
        "region": "00000000-0000-0000-0000-000000000000",
        "regionCode": "",
        "contactInformation": [
            
        ]
    },
    {
        "guid": "de73f346-8a97-11ee-b5b1-005056013b0c",
        "archive": false,
        "dateOutputArchive": "0001-01-01T00:00:00Z",
        "code": "76",
        "name": "ЭИ-РЕСУРС ООО",
        "nameAbbreviated": "ООО \"ЭИ-РЕСУРС\"",
        "nameFull": "Общество с ограниченной ответственностью \"ЭИ-РЕСУРС\"",
        "type": 1,
        "intragroup": false,
        "organization": "00000000-0000-0000-0000-000000000000",
        "organizationCode": "",
        "concernType": "00000000-0000-0000-0000-000000000000",
        "concernTypeCode": "",
        "noResident": false,
        "inn": "7722266210",
        "kpp": "773301001",
        "kppAdditional": "",
        "registrationNumber": "",
        "ogrn": "1027739774138",
        "okpo": "",
        "okved": "00000000-0000-0000-0000-000000000000",
        "okvedCode": "",
        "separateUnit": false,
        "partnerHead": "00000000-0000-0000-0000-000000000000",
        "bank": "00000000-0000-0000-0000-000000000000",
        "bankBIC": "",
        "okopf": "00000000-0000-0000-0000-000000000000",
        "okopfName": "",
        "reliabilitySupplier": 0,
        "reliabilityBuyer": 0,
        "verified": false,
        "dateVerified": "0001-01-01T00:00:00Z",
        "country": "4e127564-d74f-4dd9-bced-0327f0f4e061",
        "countryCode": "643",
        "region": "00000000-0000-0000-0000-000000000000",
        "regionCode": "",
        "contactInformation": [
            
        ]
    },
    {
        "guid": "de73f349-8a97-11ee-b5b1-005056013b0c",
        "archive": false,
        "dateOutputArchive": "0001-01-01T00:00:00Z",
        "code": "79",
        "name": "ЭКСПРЕСС-МАРКЕТ ООО",
        "nameAbbreviated": "ООО \"ЭКСПРЕСС-МАРКЕТ\"",
        "nameFull": "Общество с ограниченной ответственностью \"ЭКСПРЕСС-МАРКЕТ\"",
        "type": 1,
        "intragroup": false,
        "organization": "00000000-0000-0000-0000-000000000000",
        "organizationCode": "",
        "concernType": "00000000-0000-0000-0000-000000000000",
        "concernTypeCode": "",
        "noResident": false,
        "inn": "2129036649",
        "kpp": "213001001",
        "kppAdditional": "",
        "registrationNumber": "",
        "ogrn": "1022101275954",
        "okpo": "",
        "okved": "00000000-0000-0000-0000-000000000000",
        "okvedCode": "",
        "separateUnit": false,
        "partnerHead": "00000000-0000-0000-0000-000000000000",
        "bank": "00000000-0000-0000-0000-000000000000",
        "bankBIC": "",
        "okopf": "00000000-0000-0000-0000-000000000000",
        "okopfName": "",
        "reliabilitySupplier": 0,
        "reliabilityBuyer": 0,
        "verified": false,
        "dateVerified": "0001-01-01T00:00:00Z",
        "country": "4e127564-d74f-4dd9-bced-0327f0f4e061",
        "countryCode": "643",
        "region": "00000000-0000-0000-0000-000000000000",
        "regionCode": "",
        "contactInformation": [
            
        ]
    },
    {
        "guid": "de73f34b-8a97-11ee-b5b1-005056013b0c",
        "archive": false,
        "dateOutputArchive": "0001-01-01T00:00:00Z",
        "code": "81",
        "name": "ЮНИМИЛК ООО",
        "nameAbbreviated": "ООО \"ЮНИМИЛК\"",
        "nameFull": "Общество с ограниченной ответственностью \"ЮНИМИЛК\"",
        "type": 1,
        "intragroup": false,
        "organization": "00000000-0000-0000-0000-000000000000",
        "organizationCode": "",
        "concernType": "00000000-0000-0000-0000-000000000000",
        "concernTypeCode": "",
        "noResident": false,
        "inn": "7714285185",
        "kpp": "770301001",
        "kppAdditional": "",
        "registrationNumber": "",
        "ogrn": "1027714021598",
        "okpo": "",
        "okved": "00000000-0000-0000-0000-000000000000",
        "okvedCode": "",
        "separateUnit": true,
        "partnerHead": "00000000-0000-0000-0000-000000000000",
        "bank": "00000000-0000-0000-0000-000000000000",
        "bankBIC": "",
        "okopf": "00000000-0000-0000-0000-000000000000",
        "okopfName": "",
        "reliabilitySupplier": 0,
        "reliabilityBuyer": 0,
        "verified": false,
        "dateVerified": "0001-01-01T00:00:00Z",
        "country": "4e127564-d74f-4dd9-bced-0327f0f4e061",
        "countryCode": "643",
        "region": "00000000-0000-0000-0000-000000000000",
        "regionCode": "",
        "contactInformation": [
            
        ]
    },
    {
        "guid": "de73f34a-8a97-11ee-b5b1-005056013b0c",
        "archive": false,
        "dateOutputArchive": "0001-01-01T00:00:00Z",
        "code": "80",
        "name": "РЦПП КВАЛИТЕТ ООО",
        "nameAbbreviated": "ООО \"РЦПП \"КВАЛИТЕТ\"",
        "nameFull": "Общество с ограниченной ответственностью \"РЕГИОНАЛЬНЫЙ ЦЕНТР ПРУЖИННОГО ПРОИЗВОДСТВА \"КВАЛИТЕТ\"",
        "type": 1,
        "intragroup": false,
        "organization": "00000000-0000-0000-0000-000000000000",
        "organizationCode": "",
        "concernType": "00000000-0000-0000-0000-000000000000",
        "concernTypeCode": "",
        "noResident": false,
        "inn": "7814142906",
        "kpp": "781401001",
        "kppAdditional": "",
        "registrationNumber": "",
        "ogrn": "1037832035603",
        "okpo": "",
        "okved": "00000000-0000-0000-0000-000000000000",
        "okvedCode": "",
        "separateUnit": false,
        "partnerHead": "00000000-0000-0000-0000-000000000000",
        "bank": "00000000-0000-0000-0000-000000000000",
        "bankBIC": "",
        "okopf": "00000000-0000-0000-0000-000000000000",
        "okopfName": "",
        "reliabilitySupplier": 0,
        "reliabilityBuyer": 0,
        "verified": false,
        "dateVerified": "0001-01-01T00:00:00Z",
        "country": "4e127564-d74f-4dd9-bced-0327f0f4e061",
        "countryCode": "643",
        "region": "00000000-0000-0000-0000-000000000000",
        "regionCode": "",
        "contactInformation": [
            {
                "type": 1,
                "typeInformation": 1,
                "performance": "197343, Город Санкт-Петербург, ул. Новосибирская, дом 19, квартира 42",
                "country": "Россия",
                "region": "Санкт-Петербург г",
                "city": "",
                "email": "",
                "phone": ""
            }
        ]
    },
    {
        "guid": "de73f347-8a97-11ee-b5b1-005056013b0c",
        "archive": false,
        "dateOutputArchive": "0001-01-01T00:00:00Z",
        "code": "77",
        "name": "РЕКЛАМНОЕ АГЕНТСТВО ВОЛГА ЭЛ-ПРЕСС ООО",
        "nameAbbreviated": "ООО \"РЕКЛАМНОЕ АГЕНТСТВО \"ВОЛГА ЭЛ-ПРЕСС\"",
        "nameFull": "Общество с ограниченной ответственностью \"РЕКЛАМНОЕ АГЕНТСТВО \"ВОЛГА ЭЛ-ПРЕСС\"",
        "type": 1,
        "intragroup": false,
        "organization": "00000000-0000-0000-0000-000000000000",
        "organizationCode": "",
        "concernType": "78f12e4b-8aa4-11ee-b5b1-005056013b0c",
        "concernTypeCode": "000000005",
        "noResident": false,
        "inn": "2127324144",
        "kpp": "212901001",
        "kppAdditional": "",
        "registrationNumber": "",
        "ogrn": "1032127002544",
        "okpo": "",
        "okved": "00000000-0000-0000-0000-000000000000",
        "okvedCode": "",
        "separateUnit": false,
        "partnerHead": "00000000-0000-0000-0000-000000000000",
        "bank": "00000000-0000-0000-0000-000000000000",
        "bankBIC": "",
        "okopf": "00000000-0000-0000-0000-000000000000",
        "okopfName": "",
        "reliabilitySupplier": 0,
        "reliabilityBuyer": 0,
        "verified": false,
        "dateVerified": "0001-01-01T00:00:00Z",
        "country": "4e127564-d74f-4dd9-bced-0327f0f4e061",
        "countryCode": "643",
        "region": "00000000-0000-0000-0000-000000000000",
        "regionCode": "",
        "contactInformation": [
            {
                "type": 1,
                "typeInformation": 1,
                "performance": "428000, Чувашская Республика - Чувашия, г. Чебоксары, ул. С.Михайлова, дом 1",
                "country": "Россия",
                "region": "Чувашская Республика - Чувашия",
                "city": "Чебоксары г.",
                "email": "",
                "phone": ""
            }
        ]
    },
    {
        "guid": "de73f348-8a97-11ee-b5b1-005056013b0c",
        "archive": false,
        "dateOutputArchive": "0001-01-01T00:00:00Z",
        "code": "78",
        "name": "ИНТЕГРУМ-ТЕХНО ЗАО",
        "nameAbbreviated": "ЗАО \"ИНТЕГРУМ-ТЕХНО\"",
        "nameFull": "Закрытое акционерное общество \"ИНТЕГРУМ-ТЕХНО\"",
        "type": 1,
        "intragroup": false,
        "organization": "00000000-0000-0000-0000-000000000000",
        "organizationCode": "",
        "concernType": "00000000-0000-0000-0000-000000000000",
        "concernTypeCode": "",
        "noResident": false,
        "inn": "7706114193",
        "kpp": "770401001",
        "kppAdditional": "",
        "registrationNumber": "",
        "ogrn": "1027739654447",
        "okpo": "",
        "okved": "00000000-0000-0000-0000-000000000000",
        "okvedCode": "",
        "separateUnit": false,
        "partnerHead": "00000000-0000-0000-0000-000000000000",
        "bank": "00000000-0000-0000-0000-000000000000",
        "bankBIC": "",
        "okopf": "00000000-0000-0000-0000-000000000000",
        "okopfName": "",
        "reliabilitySupplier": 0,
        "reliabilityBuyer": 0,
        "verified": false,
        "dateVerified": "0001-01-01T00:00:00Z",
        "country": "4e127564-d74f-4dd9-bced-0327f0f4e061",
        "countryCode": "643",
        "region": "00000000-0000-0000-0000-000000000000",
        "regionCode": "",
        "contactInformation": [
            {
                "type": 1,
                "typeInformation": 1,
                "performance": "119034, Город Москва, пер. Левшинский М., дом 10, ПОМIV",
                "country": "Россия",
                "region": "Москва г",
                "city": "",
                "email": "",
                "phone": ""
            }
        ]
    },
    {
        "guid": "acc28298-8e8b-11ee-b5b1-005056013b0c",
        "archive": false,
        "dateOutputArchive": "0001-01-01T00:00:00Z",
        "code": "83       ",
        "name": "ПРОМЛИТ ООО",
        "nameAbbreviated": "ООО \"ПРОМЛИТ\"",
        "nameFull": "Общество с ограниченной ответственностью \"ЗАВОД ПРОМЫШЛЕННОГО ЛИТЬЯ\"",
        "type": 1,
        "intragroup": false,
        "organization": "00000000-0000-0000-0000-000000000000",
        "organizationCode": "",
        "concernType": "00000000-0000-0000-0000-000000000000",
        "concernTypeCode": "",
        "noResident": false,
        "inn": "2130211126",
        "kpp": "213001001",
        "kppAdditional": "",
        "registrationNumber": "",
        "ogrn": "1192130006298",
        "okpo": "",
        "okved": "00000000-0000-0000-0000-000000000000",
        "okvedCode": "",
        "separateUnit": false,
        "partnerHead": "00000000-0000-0000-0000-000000000000",
        "bank": "00000000-0000-0000-0000-000000000000",
        "bankBIC": "",
        "okopf": "00000000-0000-0000-0000-000000000000",
        "okopfName": "",
        "reliabilitySupplier": 0,
        "reliabilityBuyer": 0,
        "verified": false,
        "dateVerified": "0001-01-01T00:00:00Z",
        "country": "4e127564-d74f-4dd9-bced-0327f0f4e061",
        "countryCode": "643",
        "region": "00000000-0000-0000-0000-000000000000",
        "regionCode": "",
        "contactInformation": [
            {
                "type": 1,
                "typeInformation": 1,
                "performance": "428028, Чувашская Республика - Чувашия, г. Чебоксары, пр-кт Тракторостроителей, дом 101, литера 35, ЧАСТЬ 1, помещение 203",
                "country": "Россия",
                "region": "Чувашская Республика - Чувашия",
                "city": "Чебоксары г.",
                "email": "",
                "phone": ""
            }
        ]
    },
    {
        "guid": "e214f965-8f47-11ee-b5b1-005056013b0c",
        "archive": false,
        "dateOutputArchive": "0001-01-01T00:00:00Z",
        "code": "84       ",
        "name": "ПК ЧАЗ ООО",
        "nameAbbreviated": "ООО \"ПК \"ЧАЗ\"",
        "nameFull": "Общество с ограниченной ответственностью \"ПРОИЗВОДСТВЕННАЯ КОМПАНИЯ \"ЧЕБОКСАРСКИЙ АГРЕГАТНЫЙ ЗАВОД\"",
        "type": 1,
        "intragroup": false,
        "organization": "00000000-0000-0000-0000-000000000000",
        "organizationCode": "",
        "concernType": "00000000-0000-0000-0000-000000000000",
        "concernTypeCode": "",
        "noResident": false,
        "inn": "2130212659",
        "kpp": "213001001",
        "kppAdditional": "",
        "registrationNumber": "",
        "ogrn": "1192130008498",
        "okpo": "",
        "okved": "00000000-0000-0000-0000-000000000000",
        "okvedCode": "",
        "separateUnit": false,
        "partnerHead": "00000000-0000-0000-0000-000000000000",
        "bank": "00000000-0000-0000-0000-000000000000",
        "bankBIC": "",
        "okopf": "00000000-0000-0000-0000-000000000000",
        "okopfName": "",
        "reliabilitySupplier": 0,
        "reliabilityBuyer": 0,
        "verified": false,
        "dateVerified": "0001-01-01T00:00:00Z",
        "country": "4e127564-d74f-4dd9-bced-0327f0f4e061",
        "countryCode": "643",
        "region": "00000000-0000-0000-0000-000000000000",
        "regionCode": "",
        "contactInformation": [
            {
                "type": 1,
                "typeInformation": 1,
                "performance": "428022, Чувашская Республика - Чувашия, г. Чебоксары, пр-кт Мира, дом 1, литер 5, кабинет 410",
                "country": "Россия",
                "region": "Чувашская Республика - Чувашия",
                "city": "Чебоксары г.",
                "email": "",
                "phone": ""
            }
        ]
    },
    {
        "guid": "d8708a2e-8a97-11ee-b5b1-005056013b0c",
        "archive": false,
        "dateOutputArchive": "0001-01-01T00:00:00Z",
        "code": "20",
        "name": "ВАГОН АО",
        "nameAbbreviated": "АО \"ВАГОН\"",
        "nameFull": "Акционерное общество \"ВАГОН\"",
        "type": 1,
        "intragroup": false,
        "organization": "00000000-0000-0000-0000-000000000000",
        "organizationCode": "",
        "concernType": "00000000-0000-0000-0000-000000000000",
        "concernTypeCode": "",
        "noResident": false,
        "inn": "2128701370",
        "kpp": "212301001",
        "kppAdditional": "",
        "registrationNumber": "",
        "ogrn": "1052128019019",
        "okpo": "",
        "okved": "00000000-0000-0000-0000-000000000000",
        "okvedCode": "",
        "separateUnit": false,
        "partnerHead": "00000000-0000-0000-0000-000000000000",
        "bank": "00000000-0000-0000-0000-000000000000",
        "bankBIC": "",
        "okopf": "00000000-0000-0000-0000-000000000000",
        "okopfName": "",
        "reliabilitySupplier": 0,
        "reliabilityBuyer": 0,
        "verified": false,
        "dateVerified": "0001-01-01T00:00:00Z",
        "country": "4e127564-d74f-4dd9-bced-0327f0f4e061",
        "countryCode": "643",
        "region": "00000000-0000-0000-0000-000000000000",
        "regionCode": "",
        "contactInformation": [
            {
                "type": 2,
                "typeInformation": 4,
                "performance": "12345",
                "country": "",
                "region": "",
                "city": "",
                "email": "",
                "phone": "12345"
            },
            {
                "type": 1,
                "typeInformation": 1,
                "performance": "Москава",
                "country": "РОССИЯ",
                "region": "Москава",
                "city": "",
                "email": "",
                "phone": ""
            }
        ]
    }
]
]]></system-out>
  </testcase>
  <testcase name="getPartnerList" classname="AutoTest.PartnerTest" time="1.125">
    <failure message="1 expectation failed.&#10;JSON path size() doesn&apos;t match.&#10;Expected: is &lt;199&gt;&#10;  Actual: &lt;76&gt;&#10;" type="java.lang.AssertionError"><![CDATA[java.lang.AssertionError: 
1 expectation failed.
JSON path size() doesn't match.
Expected: is <199>
  Actual: <76>

	at AutoTest.PartnerTest.getPartnerList(PartnerTest.java:69)
]]></failure>
    <system-out><![CDATA[HTTP/1.1 200 OK
Date: Wed, 13 Dec 2023 08:21:53 GMT
Server: Apache/2.4.23 (Win64)
Content-Length: 100759
Keep-Alive: timeout=5, max=99
Connection: Keep-Alive
Content-Type: application/json; charset=utf-8

[
    {
        "guid": "d8708a2f-8a97-11ee-b5b1-005056013b0c",
        "archive": false,
        "dateOutputArchive": "0001-01-01T00:00:00Z",
        "code": "21",
        "name": "ФРИКЦИОН ООО",
        "nameAbbreviated": "ООО \"ФРИКЦИОН\"",
        "nameFull": "Общество с ограниченной ответственностью \"ФРИКЦИОН\"",
        "type": 1,
        "intragroup": false,
        "organization": "00000000-0000-0000-0000-000000000000",
        "organizationCode": "",
        "concernType": "00000000-0000-0000-0000-000000000000",
        "concernTypeCode": "",
        "noResident": false,
        "inn": "2225146732",
        "kpp": "222501001",
        "kppAdditional": "",
        "registrationNumber": "",
        "ogrn": "1142225002567",
        "okpo": "",
        "okved": "00000000-0000-0000-0000-000000000000",
        "okvedCode": "",
        "separateUnit": false,
        "partnerHead": "00000000-0000-0000-0000-000000000000",
        "bank": "00000000-0000-0000-0000-000000000000",
        "bankBIC": "",
        "okopf": "00000000-0000-0000-0000-000000000000",
        "okopfName": "",
        "reliabilitySupplier": 0,
        "reliabilityBuyer": 0,
        "verified": false,
        "dateVerified": "0001-01-01T00:00:00Z",
        "country": "4e127564-d74f-4dd9-bced-0327f0f4e061",
        "countryCode": "643",
        "region": "00000000-0000-0000-0000-000000000000",
        "regionCode": "",
        "contactInformation": [
            
        ]
    },
    {
        "guid": "5ef29a6c-8a21-11ee-b5b1-005056013b0c",
        "archive": false,
        "dateOutputArchive": "0001-01-01T00:00:00Z",
        "code": "6",
        "name": "ТОО Сауран Алем",
        "nameAbbreviated": "ТОО Сауран Алем",
        "nameFull": "Товарищество с ограниченной ответственностью Сауран Алем",
        "type": 1,
        "intragroup": false,
        "organization": "00000000-0000-0000-0000-000000000000",
        "organizationCode": "",
        "concernType": "00000000-0000-0000-0000-000000000000",
        "concernTypeCode": "",
        "noResident": true,
        "inn": "",
        "kpp": "",
        "kppAdditional": "",
        "registrationNumber": "000064184",
        "ogrn": "",
        "okpo": "",
        "okved": "00000000-0000-0000-0000-000000000000",
        "okvedCode": "",
        "separateUnit": false,
        "partnerHead": "00000000-0000-0000-0000-000000000000",
        "bank": "00000000-0000-0000-0000-000000000000",
        "bankBIC": "",
        "okopf": "00000000-0000-0000-0000-000000000000",
        "okopfName": "",
        "reliabilitySupplier": 0,
        "reliabilityBuyer": 0,
        "verified": false,
        "dateVerified": "0001-01-01T00:00:00Z",
        "country": "00000000-0000-0000-0000-000000000000",
        "countryCode": "",
        "region": "00000000-0000-0000-0000-000000000000",
        "regionCode": "",
        "contactInformation": [
            
        ]
    },
    {
        "guid": "5ef29a6d-8a21-11ee-b5b1-005056013b0c",
        "archive": false,
        "dateOutputArchive": "0001-01-01T00:00:00Z",
        "code": "7",
        "name": "РЕГИОНМЕТРЕСУРС ООО",
        "nameAbbreviated": "ООО  \"РЕГИОНМЕТРЕСУРС\"",
        "nameFull": "Общество с ограниченной ответственностью \"РЕГИОНМЕТРЕСУРС\"",
        "type": 1,
        "intragroup": false,
        "organization": "00000000-0000-0000-0000-000000000000",
        "organizationCode": "",
        "concernType": "00000000-0000-0000-0000-000000000000",
        "concernTypeCode": "",
        "noResident": false,
        "inn": "7453285124",
        "kpp": "745301001",
        "kppAdditional": "",
        "registrationNumber": "",
        "ogrn": "1157453007766",
        "okpo": "",
        "okved": "00000000-0000-0000-0000-000000000000",
        "okvedCode": "",
        "separateUnit": false,
        "partnerHead": "00000000-0000-0000-0000-000000000000",
        "bank": "00000000-0000-0000-0000-000000000000",
        "bankBIC": "",
        "okopf": "00000000-0000-0000-0000-000000000000",
        "okopfName": "",
        "reliabilitySupplier": 0,
        "reliabilityBuyer": 0,
        "verified": false,
        "dateVerified": "0001-01-01T00:00:00Z",
        "country": "4e127564-d74f-4dd9-bced-0327f0f4e061",
        "countryCode": "643",
        "region": "00000000-0000-0000-0000-000000000000",
        "regionCode": "",
        "contactInformation": [
            
        ]
    },
    {
        "guid": "d8708a2a-8a97-11ee-b5b1-005056013b0c",
        "archive": false,
        "dateOutputArchive": "0001-01-01T00:00:00Z",
        "code": "8",
        "name": "ТЕХЗАПСЕРВИС ООО",
        "nameAbbreviated": "ООО \"ТЕХЗАПСЕРВИС\"",
        "nameFull": "Общество с ограниченной ответственностью \"ТЕХНИКАЗАПЧАСТИСЕРВИС\"",
        "type": 1,
        "intragroup": false,
        "organization": "00000000-0000-0000-0000-000000000000",
        "organizationCode": "",
        "concernType": "00000000-0000-0000-0000-000000000000",
        "concernTypeCode": "",
        "noResident": false,
        "inn": "7449110570",
        "kpp": "745301001",
        "kppAdditional": "",
        "registrationNumber": "",
        "ogrn": "1127449004671",
        "okpo": "",
        "okved": "00000000-0000-0000-0000-000000000000",
        "okvedCode": "",
        "separateUnit": false,
        "partnerHead": "00000000-0000-0000-0000-000000000000",
        "bank": "00000000-0000-0000-0000-000000000000",
        "bankBIC": "",
        "okopf": "00000000-0000-0000-0000-000000000000",
        "okopfName": "",
        "reliabilitySupplier": 0,
        "reliabilityBuyer": 0,
        "verified": false,
        "dateVerified": "0001-01-01T00:00:00Z",
        "country": "4e127564-d74f-4dd9-bced-0327f0f4e061",
        "countryCode": "643",
        "region": "00000000-0000-0000-0000-000000000000",
        "regionCode": "",
        "contactInformation": [
            
        ]
    },
    {
        "guid": "d8708a2b-8a97-11ee-b5b1-005056013b0c",
        "archive": false,
        "dateOutputArchive": "0001-01-01T00:00:00Z",
        "code": "13",
        "name": "ПРОМТРАКТОР АО",
        "nameAbbreviated": "АО \"ПРОМТРАКТОР\"",
        "nameFull": "Акционерное общество \"ЧЕБОКСАРСКИЙ ЗАВОД ПРОМЫШЛЕННЫХ ТРАКТОРОВ\"",
        "type": 1,
        "intragroup": false,
        "organization": "00000000-0000-0000-0000-000000000000",
        "organizationCode": "",
        "concernType": "00000000-0000-0000-0000-000000000000",
        "concernTypeCode": "",
        "noResident": false,
        "inn": "2126003074",
        "kpp": "213001001",
        "kppAdditional": "",
        "registrationNumber": "",
        "ogrn": "1022100971144",
        "okpo": "",
        "okved": "00000000-0000-0000-0000-000000000000",
        "okvedCode": "",
        "separateUnit": false,
        "partnerHead": "00000000-0000-0000-0000-000000000000",
        "bank": "00000000-0000-0000-0000-000000000000",
        "bankBIC": "",
        "okopf": "00000000-0000-0000-0000-000000000000",
        "okopfName": "",
        "reliabilitySupplier": 0,
        "reliabilityBuyer": 0,
        "verified": false,
        "dateVerified": "0001-01-01T00:00:00Z",
        "country": "4e127564-d74f-4dd9-bced-0327f0f4e061",
        "countryCode": "643",
        "region": "00000000-0000-0000-0000-000000000000",
        "regionCode": "",
        "contactInformation": [
            
        ]
    },
    {
        "guid": "d8708a2c-8a97-11ee-b5b1-005056013b0c",
        "archive": false,
        "dateOutputArchive": "0001-01-01T00:00:00Z",
        "code": "17",
        "name": "ВМТЗ ОАО",
        "nameAbbreviated": "ОАО \"ВМТЗ\"",
        "nameFull": "Открытое акционерное общество \"ВЛАДИМИРСКИЙ МОТОРО-ТРАКТОРНЫЙ ЗАВОД\"",
        "type": 1,
        "intragroup": false,
        "organization": "00000000-0000-0000-0000-000000000000",
        "organizationCode": "",
        "concernType": "00000000-0000-0000-0000-000000000000",
        "concernTypeCode": "",
        "noResident": false,
        "inn": "3328428931",
        "kpp": "332801001",
        "kppAdditional": "",
        "registrationNumber": "",
        "ogrn": "1033302022940",
        "okpo": "",
        "okved": "00000000-0000-0000-0000-000000000000",
        "okvedCode": "",
        "separateUnit": false,
        "partnerHead": "00000000-0000-0000-0000-000000000000",
        "bank": "00000000-0000-0000-0000-000000000000",
        "bankBIC": "",
        "okopf": "00000000-0000-0000-0000-000000000000",
        "okopfName": "",
        "reliabilitySupplier": 0,
        "reliabilityBuyer": 0,
        "verified": false,
        "dateVerified": "0001-01-01T00:00:00Z",
        "country": "4e127564-d74f-4dd9-bced-0327f0f4e061",
        "countryCode": "643",
        "region": "00000000-0000-0000-0000-000000000000",
        "regionCode": "",
        "contactInformation": [
            
        ]
    },
    {
        "guid": "d8708a2d-8a97-11ee-b5b1-005056013b0c",
        "archive": false,
        "dateOutputArchive": "0001-01-01T00:00:00Z",
        "code": "18",
        "name": "ПО АМЗ ОАО",
        "nameAbbreviated": "ОАО \"ПО АМЗ\"",
        "nameFull": "Открытое акционерное общество \"ПРОИЗВОДСТВЕННОЕ ОБЪЕДИНЕНИЕ \"АЛТАЙСКИЙ МОТОРНЫЙ ЗАВОД\"",
        "type": 1,
        "intragroup": false,
        "organization": "00000000-0000-0000-0000-000000000000",
        "organizationCode": "",
        "concernType": "00000000-0000-0000-0000-000000000000",
        "concernTypeCode": "",
        "noResident": false,
        "inn": "2223043890",
        "kpp": "222301001",
        "kppAdditional": "",
        "registrationNumber": "",
        "ogrn": "1032202071472",
        "okpo": "",
        "okved": "00000000-0000-0000-0000-000000000000",
        "okvedCode": "",
        "separateUnit": false,
        "partnerHead": "00000000-0000-0000-0000-000000000000",
        "bank": "00000000-0000-0000-0000-000000000000",
        "bankBIC": "",
        "okopf": "00000000-0000-0000-0000-000000000000",
        "okopfName": "",
        "reliabilitySupplier": 0,
        "reliabilityBuyer": 0,
        "verified": false,
        "dateVerified": "0001-01-01T00:00:00Z",
        "country": "4e127564-d74f-4dd9-bced-0327f0f4e061",
        "countryCode": "643",
        "region": "00000000-0000-0000-0000-000000000000",
        "regionCode": "",
        "contactInformation": [
            
        ]
    },
    {
        "guid": "ffe7610d-8df1-11ee-b5b1-005056013b0c",
        "archive": false,
        "dateOutputArchive": "0001-01-01T00:00:00Z",
        "code": "82       ",
        "name": "МИ ФНС РОССИИ ПО УПРАВЛЕНИЮ ДОЛГОМ",
        "nameAbbreviated": "МИ ФНС РОССИИ ПО УПРАВЛЕНИЮ ДОЛГОМ",
        "nameFull": "МЕЖРЕГИОНАЛЬНАЯ ИНСПЕКЦИЯ ФЕДЕРАЛЬНОЙ НАЛОГОВОЙ СЛУЖБЫ ПО УПРАВЛЕНИЮ ДОЛГОМ",
        "type": 1,
        "intragroup": false,
        "organization": "00000000-0000-0000-0000-000000000000",
        "organizationCode": "",
        "concernType": "00000000-0000-0000-0000-000000000000",
        "concernTypeCode": "",
        "noResident": false,
        "inn": "7727406020",
        "kpp": "770801001",
        "kppAdditional": "",
        "registrationNumber": "",
        "ogrn": "1197746047080",
        "okpo": "",
        "okved": "00000000-0000-0000-0000-000000000000",
        "okvedCode": "",
        "separateUnit": false,
        "partnerHead": "00000000-0000-0000-0000-000000000000",
        "bank": "00000000-0000-0000-0000-000000000000",
        "bankBIC": "",
        "okopf": "00000000-0000-0000-0000-000000000000",
        "okopfName": "",
        "reliabilitySupplier": 0,
        "reliabilityBuyer": 0,
        "verified": false,
        "dateVerified": "0001-01-01T00:00:00Z",
        "country": "4e127564-d74f-4dd9-bced-0327f0f4e061",
        "countryCode": "643",
        "region": "00000000-0000-0000-0000-000000000000",
        "regionCode": "",
        "contactInformation": [
            {
                "type": 1,
                "typeInformation": 1,
                "performance": "107078, Город Москва, пер. Орликов, дом 3, строение 1",
                "country": "Россия",
                "region": "Москва г",
                "city": "",
                "email": "",
                "phone": ""
            },
            {
                "type": 1,
                "typeInformation": 1,
                "performance": "117449, Город Москва, ул Шверника, дом 7, корпус 1",
                "country": "Россия",
                "region": "Москва г",
                "city": "",
                "email": "",
                "phone": ""
            }
        ]
    },
    {
        "guid": "d8708a30-8a97-11ee-b5b1-005056013b0c",
        "archive": false,
        "dateOutputArchive": "0001-01-01T00:00:00Z",
        "code": "22",
        "name": "АЛЬФАСТРАХОВАНИЕ АО",
        "nameAbbreviated": "АО \"АЛЬФАСТРАХОВАНИЕ\"",
        "nameFull": "Акционерное общество \"АЛЬФАСТРАХОВАНИЕ\"",
        "type": 1,
        "intragroup": false,
        "organization": "00000000-0000-0000-0000-000000000000",
        "organizationCode": "",
        "concernType": "00000000-0000-0000-0000-000000000000",
        "concernTypeCode": "",
        "noResident": false,
        "inn": "7713056834",
        "kpp": "772501001",
        "kppAdditional": "",
        "registrationNumber": "",
        "ogrn": "1027739431730",
        "okpo": "",
        "okved": "00000000-0000-0000-0000-000000000000",
        "okvedCode": "",
        "separateUnit": false,
        "partnerHead": "00000000-0000-0000-0000-000000000000",
        "bank": "00000000-0000-0000-0000-000000000000",
        "bankBIC": "",
        "okopf": "00000000-0000-0000-0000-000000000000",
        "okopfName": "",
        "reliabilitySupplier": 0,
        "reliabilityBuyer": 0,
        "verified": false,
        "dateVerified": "0001-01-01T00:00:00Z",
        "country": "4e127564-d74f-4dd9-bced-0327f0f4e061",
        "countryCode": "643",
        "region": "00000000-0000-0000-0000-000000000000",
        "regionCode": "",
        "contactInformation": [
            
        ]
    },
    {
        "guid": "d8708a31-8a97-11ee-b5b1-005056013b0c",
        "archive": false,
        "dateOutputArchive": "0001-01-01T00:00:00Z",
        "code": "23",
        "name": "ТК АТА СИТИ ООО",
        "nameAbbreviated": "ООО \"ТК \"АТА СИТИ\"\"",
        "nameFull": "Общество с ограниченной ответственностью \"ТРАНСПОРТНАЯ КОМПАНИЯ \"АТА СИТИ\"\"",
        "type": 1,
        "intragroup": false,
        "organization": "00000000-0000-0000-0000-000000000000",
        "organizationCode": "",
        "concernType": "00000000-0000-0000-0000-000000000000",
        "concernTypeCode": "",
        "noResident": false,
        "inn": "4501164342",
        "kpp": "450101001",
        "kppAdditional": "",
        "registrationNumber": "",
        "ogrn": "1114501000338",
        "okpo": "",
        "okved": "00000000-0000-0000-0000-000000000000",
        "okvedCode": "",
        "separateUnit": false,
        "partnerHead": "00000000-0000-0000-0000-000000000000",
        "bank": "00000000-0000-0000-0000-000000000000",
        "bankBIC": "",
        "okopf": "00000000-0000-0000-0000-000000000000",
        "okopfName": "",
        "reliabilitySupplier": 0,
        "reliabilityBuyer": 0,
        "verified": false,
        "dateVerified": "0001-01-01T00:00:00Z",
        "country": "4e127564-d74f-4dd9-bced-0327f0f4e061",
        "countryCode": "643",
        "region": "00000000-0000-0000-0000-000000000000",
        "regionCode": "",
        "contactInformation": [
            
        ]
    },
    {
        "guid": "d8708a32-8a97-11ee-b5b1-005056013b0c",
        "archive": false,
        "dateOutputArchive": "0001-01-01T00:00:00Z",
        "code": "24",
        "name": "У К КОНЦЕРН ТРАКТОРНЫЕ ЗАВОДЫ ООО",
        "nameAbbreviated": "ООО \"У К \"КОНЦЕРН ТРАКТОРНЫЕ ЗАВОДЫ\"",
        "nameFull": "Общество с ограниченной ответственностью \"УПРАВЛЯЮЩАЯ КОМПАНИЯ \"КОНЦЕРН ТРАКТОРНЫЕ ЗАВОДЫ\"",
        "type": 1,
        "intragroup": false,
        "organization": "00000000-0000-0000-0000-000000000000",
        "organizationCode": "",
        "concernType": "00000000-0000-0000-0000-000000000000",
        "concernTypeCode": "",
        "noResident": false,
        "inn": "2128703988",
        "kpp": "213001001",
        "kppAdditional": "213050001",
        "registrationNumber": "",
        "ogrn": "1052182820095",
        "okpo": "",
        "okved": "00000000-0000-0000-0000-000000000000",
        "okvedCode": "",
        "separateUnit": false,
        "partnerHead": "00000000-0000-0000-0000-000000000000",
        "bank": "00000000-0000-0000-0000-000000000000",
        "bankBIC": "",
        "okopf": "00000000-0000-0000-0000-000000000000",
        "okopfName": "",
        "reliabilitySupplier": 0,
        "reliabilityBuyer": 0,
        "verified": false,
        "dateVerified": "0001-01-01T00:00:00Z",
        "country": "4e127564-d74f-4dd9-bced-0327f0f4e061",
        "countryCode": "643",
        "region": "00000000-0000-0000-0000-000000000000",
        "regionCode": "",
        "contactInformation": [
            
        ]
    },
    {
        "guid": "d8708a33-8a97-11ee-b5b1-005056013b0c",
        "archive": false,
        "dateOutputArchive": "0001-01-01T00:00:00Z",
        "code": "25",
        "name": "ЗЕТТА СТРАХОВАНИЕ ООО",
        "nameAbbreviated": "ООО \"ЗЕТТА СТРАХОВАНИЕ\"",
        "nameFull": "Общество с ограниченной ответственностью \"ЗЕТТА СТРАХОВАНИЕ\"",
        "type": 1,
        "intragroup": false,
        "organization": "00000000-0000-0000-0000-000000000000",
        "organizationCode": "",
        "concernType": "00000000-0000-0000-0000-000000000000",
        "concernTypeCode": "",
        "noResident": false,
        "inn": "7710280644",
        "kpp": "770501001",
        "kppAdditional": "",
        "registrationNumber": "",
        "ogrn": "1027739205240",
        "okpo": "",
        "okved": "00000000-0000-0000-0000-000000000000",
        "okvedCode": "",
        "separateUnit": false,
        "partnerHead": "00000000-0000-0000-0000-000000000000",
        "bank": "00000000-0000-0000-0000-000000000000",
        "bankBIC": "",
        "okopf": "00000000-0000-0000-0000-000000000000",
        "okopfName": "",
        "reliabilitySupplier": 0,
        "reliabilityBuyer": 0,
        "verified": false,
        "dateVerified": "0001-01-01T00:00:00Z",
        "country": "4e127564-d74f-4dd9-bced-0327f0f4e061",
        "countryCode": "643",
        "region": "00000000-0000-0000-0000-000000000000",
        "regionCode": "",
        "contactInformation": [
            
        ]
    },
    {
        "guid": "d8708a34-8a97-11ee-b5b1-005056013b0c",
        "archive": false,
        "dateOutputArchive": "0001-01-01T00:00:00Z",
        "code": "26",
        "name": "ГОРНОРУДНАЯ КОМПАНИЯ ООО",
        "nameAbbreviated": "ООО \"ГОРНОРУДНАЯ КОМПАНИЯ\"",
        "nameFull": "Общество с ограниченной ответственностью \"ГОРНОРУДНАЯ КОМПАНИЯ\"",
        "type": 1,
        "intragroup": false,
        "organization": "00000000-0000-0000-0000-000000000000",
        "organizationCode": "",
        "concernType": "00000000-0000-0000-0000-000000000000",
        "concernTypeCode": "",
        "noResident": false,
        "inn": "7508006862",
        "kpp": "751901001",
        "kppAdditional": "",
        "registrationNumber": "",
        "ogrn": "1137524000536",
        "okpo": "",
        "okved": "00000000-0000-0000-0000-000000000000",
        "okvedCode": "",
        "separateUnit": false,
        "partnerHead": "00000000-0000-0000-0000-000000000000",
        "bank": "00000000-0000-0000-0000-000000000000",
        "bankBIC": "",
        "okopf": "00000000-0000-0000-0000-000000000000",
        "okopfName": "",
        "reliabilitySupplier": 0,
        "reliabilityBuyer": 0,
        "verified": false,
        "dateVerified": "0001-01-01T00:00:00Z",
        "country": "4e127564-d74f-4dd9-bced-0327f0f4e061",
        "countryCode": "643",
        "region": "00000000-0000-0000-0000-000000000000",
        "regionCode": "",
        "contactInformation": [
            
        ]
    },
    {
        "guid": "d8708a35-8a97-11ee-b5b1-005056013b0c",
        "archive": false,
        "dateOutputArchive": "0001-01-01T00:00:00Z",
        "code": "27",
        "name": "МЕЖРЕГИОНКОМПЛЕКТ ООО",
        "nameAbbreviated": "ООО \"МЕЖРЕГИОНКОМПЛЕКТ\"",
        "nameFull": "Общество с ограниченной ответственностью \"МЕЖРЕГИОНКОМПЛЕКТ\"",
        "type": 1,
        "intragroup": false,
        "organization": "00000000-0000-0000-0000-000000000000",
        "organizationCode": "",
        "concernType": "00000000-0000-0000-0000-000000000000",
        "concernTypeCode": "",
        "noResident": false,
        "inn": "2116492860",
        "kpp": "213001001",
        "kppAdditional": "",
        "registrationNumber": "",
        "ogrn": "1022102428611",
        "okpo": "",
        "okved": "00000000-0000-0000-0000-000000000000",
        "okvedCode": "",
        "separateUnit": false,
        "partnerHead": "00000000-0000-0000-0000-000000000000",
        "bank": "00000000-0000-0000-0000-000000000000",
        "bankBIC": "",
        "okopf": "00000000-0000-0000-0000-000000000000",
        "okopfName": "",
        "reliabilitySupplier": 0,
        "reliabilityBuyer": 0,
        "verified": false,
        "dateVerified": "0001-01-01T00:00:00Z",
        "country": "4e127564-d74f-4dd9-bced-0327f0f4e061",
        "countryCode": "643",
        "region": "00000000-0000-0000-0000-000000000000",
        "regionCode": "",
        "contactInformation": [
            
        ]
    },
    {
        "guid": "d8708a36-8a97-11ee-b5b1-005056013b0c",
        "archive": false,
        "dateOutputArchive": "0001-01-01T00:00:00Z",
        "code": "28",
        "name": "ВЗСП ОАО",
        "nameAbbreviated": "ОАО \"ВЗСП\"",
        "nameFull": "Открытое акционерное общество \"ВУРНАРСКИЙ ЗАВОД СМЕСЕВЫХ ПРЕПАРАТОВ\"",
        "type": 1,
        "intragroup": false,
        "organization": "00000000-0000-0000-0000-000000000000",
        "organizationCode": "",
        "concernType": "00000000-0000-0000-0000-000000000000",
        "concernTypeCode": "",
        "noResident": false,
        "inn": "2104000376",
        "kpp": "210401001",
        "kppAdditional": "",
        "registrationNumber": "",
        "ogrn": "1022102028299",
        "okpo": "",
        "okved": "00000000-0000-0000-0000-000000000000",
        "okvedCode": "",
        "separateUnit": false,
        "partnerHead": "00000000-0000-0000-0000-000000000000",
        "bank": "00000000-0000-0000-0000-000000000000",
        "bankBIC": "",
        "okopf": "00000000-0000-0000-0000-000000000000",
        "okopfName": "",
        "reliabilitySupplier": 0,
        "reliabilityBuyer": 0,
        "verified": false,
        "dateVerified": "0001-01-01T00:00:00Z",
        "country": "4e127564-d74f-4dd9-bced-0327f0f4e061",
        "countryCode": "643",
        "region": "00000000-0000-0000-0000-000000000000",
        "regionCode": "",
        "contactInformation": [
            
        ]
    },
    {
        "guid": "d8708a37-8a97-11ee-b5b1-005056013b0c",
        "archive": false,
        "dateOutputArchive": "0001-01-01T00:00:00Z",
        "code": "29",
        "name": "ВЫМПЕЛ ООО",
        "nameAbbreviated": "ООО \"ВЫМПЕЛ\"",
        "nameFull": "Общество с ограниченной ответственностью \"ВЫМПЕЛ\"",
        "type": 1,
        "intragroup": false,
        "organization": "00000000-0000-0000-0000-000000000000",
        "organizationCode": "",
        "concernType": "00000000-0000-0000-0000-000000000000",
        "concernTypeCode": "",
        "noResident": false,
        "inn": "2116495980",
        "kpp": "211601001",
        "kppAdditional": "",
        "registrationNumber": "",
        "ogrn": "1062135015403",
        "okpo": "",
        "okved": "00000000-0000-0000-0000-000000000000",
        "okvedCode": "",
        "separateUnit": false,
        "partnerHead": "00000000-0000-0000-0000-000000000000",
        "bank": "00000000-0000-0000-0000-000000000000",
        "bankBIC": "",
        "okopf": "00000000-0000-0000-0000-000000000000",
        "okopfName": "",
        "reliabilitySupplier": 0,
        "reliabilityBuyer": 0,
        "verified": false,
        "dateVerified": "0001-01-01T00:00:00Z",
        "country": "4e127564-d74f-4dd9-bced-0327f0f4e061",
        "countryCode": "643",
        "region": "00000000-0000-0000-0000-000000000000",
        "regionCode": "",
        "contactInformation": [
            
        ]
    },
    {
        "guid": "d8708a38-8a97-11ee-b5b1-005056013b0c",
        "archive": false,
        "dateOutputArchive": "0001-01-01T00:00:00Z",
        "code": "30",
        "name": "МЕТАЛЛ-НН  ООО",
        "nameAbbreviated": "ООО \" МЕТАЛЛ-НН \"",
        "nameFull": "Общество с ограниченной ответственностью \" МЕТАЛЛ-НН \"",
        "type": 1,
        "intragroup": false,
        "organization": "00000000-0000-0000-0000-000000000000",
        "organizationCode": "",
        "concernType": "00000000-0000-0000-0000-000000000000",
        "concernTypeCode": "",
        "noResident": false,
        "inn": "5256036446",
        "kpp": "027401001",
        "kppAdditional": "",
        "registrationNumber": "",
        "ogrn": "1025202266110",
        "okpo": "",
        "okved": "00000000-0000-0000-0000-000000000000",
        "okvedCode": "",
        "separateUnit": false,
        "partnerHead": "00000000-0000-0000-0000-000000000000",
        "bank": "00000000-0000-0000-0000-000000000000",
        "bankBIC": "",
        "okopf": "00000000-0000-0000-0000-000000000000",
        "okopfName": "",
        "reliabilitySupplier": 0,
        "reliabilityBuyer": 0,
        "verified": false,
        "dateVerified": "0001-01-01T00:00:00Z",
        "country": "4e127564-d74f-4dd9-bced-0327f0f4e061",
        "countryCode": "643",
        "region": "00000000-0000-0000-0000-000000000000",
        "regionCode": "",
        "contactInformation": [
            
        ]
    },
    {
        "guid": "d8708a39-8a97-11ee-b5b1-005056013b0c",
        "archive": false,
        "dateOutputArchive": "0001-01-01T00:00:00Z",
        "code": "31",
        "name": "РОСВАГОН ООО",
        "nameAbbreviated": "ООО \"РОСВАГОН\"",
        "nameFull": "Общество с ограниченной ответственностью \"РОСВАГОН\"",
        "type": 1,
        "intragroup": false,
        "organization": "00000000-0000-0000-0000-000000000000",
        "organizationCode": "",
        "concernType": "00000000-0000-0000-0000-000000000000",
        "concernTypeCode": "",
        "noResident": false,
        "inn": "7811346651",
        "kpp": "781101001",
        "kppAdditional": "",
        "registrationNumber": "",
        "ogrn": "5067847052367",
        "okpo": "",
        "okved": "00000000-0000-0000-0000-000000000000",
        "okvedCode": "",
        "separateUnit": false,
        "partnerHead": "00000000-0000-0000-0000-000000000000",
        "bank": "00000000-0000-0000-0000-000000000000",
        "bankBIC": "",
        "okopf": "00000000-0000-0000-0000-000000000000",
        "okopfName": "",
        "reliabilitySupplier": 0,
        "reliabilityBuyer": 0,
        "verified": false,
        "dateVerified": "0001-01-01T00:00:00Z",
        "country": "4e127564-d74f-4dd9-bced-0327f0f4e061",
        "countryCode": "643",
        "region": "00000000-0000-0000-0000-000000000000",
        "regionCode": "",
        "contactInformation": [
            
        ]
    },
    {
        "guid": "d8708a3a-8a97-11ee-b5b1-005056013b0c",
        "archive": false,
        "dateOutputArchive": "0001-01-01T00:00:00Z",
        "code": "32",
        "name": "ПРОМСЕРВИССНАБ ООО",
        "nameAbbreviated": "ООО \"ПРОМСЕРВИССНАБ\"",
        "nameFull": "Общество с ограниченной ответственностью \"ПРОМСЕРВИССНАБ\"",
        "type": 1,
        "intragroup": false,
        "organization": "00000000-0000-0000-0000-000000000000",
        "organizationCode": "",
        "concernType": "00000000-0000-0000-0000-000000000000",
        "concernTypeCode": "",
        "noResident": false,
        "inn": "7447211325",
        "kpp": "744701001",
        "kppAdditional": "",
        "registrationNumber": "",
        "ogrn": "1127447008655",
        "okpo": "",
        "okved": "00000000-0000-0000-0000-000000000000",
        "okvedCode": "",
        "separateUnit": false,
        "partnerHead": "00000000-0000-0000-0000-000000000000",
        "bank": "00000000-0000-0000-0000-000000000000",
        "bankBIC": "",
        "okopf": "00000000-0000-0000-0000-000000000000",
        "okopfName": "",
        "reliabilitySupplier": 0,
        "reliabilityBuyer": 0,
        "verified": false,
        "dateVerified": "0001-01-01T00:00:00Z",
        "country": "4e127564-d74f-4dd9-bced-0327f0f4e061",
        "countryCode": "643",
        "region": "00000000-0000-0000-0000-000000000000",
        "regionCode": "",
        "contactInformation": [
            
        ]
    },
    {
        "guid": "d8708a46-8a97-11ee-b5b1-005056013b0c",
        "archive": false,
        "dateOutputArchive": "0001-01-01T00:00:00Z",
        "code": "44",
        "name": "ФЕРМЕРПРОЕКТ ООО",
        "nameAbbreviated": "ООО \"ФЕРМЕРПРОЕКТ\"",
        "nameFull": "Общество с ограниченной ответственностью \"ФЕРМЕРПРОЕКТ\"",
        "type": 1,
        "intragroup": false,
        "organization": "00000000-0000-0000-0000-000000000000",
        "organizationCode": "",
        "concernType": "00000000-0000-0000-0000-000000000000",
        "concernTypeCode": "",
        "noResident": false,
        "inn": "7451065571",
        "kpp": "745101001",
        "kppAdditional": "",
        "registrationNumber": "",
        "ogrn": "1037402890799",
        "okpo": "",
        "okved": "00000000-0000-0000-0000-000000000000",
        "okvedCode": "",
        "separateUnit": false,
        "partnerHead": "00000000-0000-0000-0000-000000000000",
        "bank": "00000000-0000-0000-0000-000000000000",
        "bankBIC": "",
        "okopf": "00000000-0000-0000-0000-000000000000",
        "okopfName": "",
        "reliabilitySupplier": 0,
        "reliabilityBuyer": 0,
        "verified": false,
        "dateVerified": "0001-01-01T00:00:00Z",
        "country": "4e127564-d74f-4dd9-bced-0327f0f4e061",
        "countryCode": "643",
        "region": "00000000-0000-0000-0000-000000000000",
        "regionCode": "",
        "contactInformation": [
            
        ]
    },
    {
        "guid": "d8708a3b-8a97-11ee-b5b1-005056013b0c",
        "archive": false,
        "dateOutputArchive": "0001-01-01T00:00:00Z",
        "code": "33",
        "name": "ФОРСАЖ ОБЩЕСТВО С ОГРАНИЧЕННОЙ ОТВЕТСТВЕННОСТЬЮ",
        "nameAbbreviated": "ОБЩЕСТВО С ОГРАНИЧЕННОЙ ОТВЕТСТВЕННОСТЬЮ \"ФОРСАЖ\"",
        "nameFull": "Общество с ограниченной ответственностью \"ФОРСАЖ\"",
        "type": 1,
        "intragroup": false,
        "organization": "00000000-0000-0000-0000-000000000000",
        "organizationCode": "",
        "concernType": "00000000-0000-0000-0000-000000000000",
        "concernTypeCode": "",
        "noResident": false,
        "inn": "4501059531",
        "kpp": "450101001",
        "kppAdditional": "",
        "registrationNumber": "",
        "ogrn": "1044500004009",
        "okpo": "",
        "okved": "00000000-0000-0000-0000-000000000000",
        "okvedCode": "",
        "separateUnit": false,
        "partnerHead": "00000000-0000-0000-0000-000000000000",
        "bank": "00000000-0000-0000-0000-000000000000",
        "bankBIC": "",
        "okopf": "00000000-0000-0000-0000-000000000000",
        "okopfName": "",
        "reliabilitySupplier": 0,
        "reliabilityBuyer": 0,
        "verified": false,
        "dateVerified": "0001-01-01T00:00:00Z",
        "country": "4e127564-d74f-4dd9-bced-0327f0f4e061",
        "countryCode": "643",
        "region": "00000000-0000-0000-0000-000000000000",
        "regionCode": "",
        "contactInformation": [
            
        ]
    },
    {
        "guid": "d8708a3c-8a97-11ee-b5b1-005056013b0c",
        "archive": false,
        "dateOutputArchive": "0001-01-01T00:00:00Z",
        "code": "34",
        "name": "УРАЛВНЕШТОРГБАНК ОАО",
        "nameAbbreviated": "ОАО \"УРАЛВНЕШТОРГБАНК\"",
        "nameFull": "Открытое акционерное общество \"УРАЛЬСКИЙ КОММЕРЧЕСКИЙ БАНК ВНЕШНЕЙ ТОРГОВЛИ\"",
        "type": 1,
        "intragroup": false,
        "organization": "00000000-0000-0000-0000-000000000000",
        "organizationCode": "",
        "concernType": "00000000-0000-0000-0000-000000000000",
        "concernTypeCode": "",
        "noResident": false,
        "inn": "6608000044",
        "kpp": "667101001",
        "kppAdditional": "",
        "registrationNumber": "",
        "ogrn": "1026600001768",
        "okpo": "",
        "okved": "00000000-0000-0000-0000-000000000000",
        "okvedCode": "",
        "separateUnit": false,
        "partnerHead": "00000000-0000-0000-0000-000000000000",
        "bank": "00000000-0000-0000-0000-000000000000",
        "bankBIC": "",
        "okopf": "00000000-0000-0000-0000-000000000000",
        "okopfName": "",
        "reliabilitySupplier": 0,
        "reliabilityBuyer": 0,
        "verified": false,
        "dateVerified": "0001-01-01T00:00:00Z",
        "country": "4e127564-d74f-4dd9-bced-0327f0f4e061",
        "countryCode": "643",
        "region": "00000000-0000-0000-0000-000000000000",
        "regionCode": "",
        "contactInformation": [
            
        ]
    },
    {
        "guid": "d8708a3d-8a97-11ee-b5b1-005056013b0c",
        "archive": false,
        "dateOutputArchive": "0001-01-01T00:00:00Z",
        "code": "35",
        "name": "ЭНЕРГОПРОМСЕРВИС ЗАО",
        "nameAbbreviated": "ЗАО \"ЭНЕРГОПРОМСЕРВИС\"",
        "nameFull": "Закрытое акционерное общество \"ЭНЕРГОПРОМСЕРВИС\"",
        "type": 1,
        "intragroup": false,
        "organization": "00000000-0000-0000-0000-000000000000",
        "organizationCode": "",
        "concernType": "00000000-0000-0000-0000-000000000000",
        "concernTypeCode": "",
        "noResident": false,
        "inn": "5029100462",
        "kpp": "502901001",
        "kppAdditional": "",
        "registrationNumber": "",
        "ogrn": "1025003513402",
        "okpo": "",
        "okved": "00000000-0000-0000-0000-000000000000",
        "okvedCode": "",
        "separateUnit": false,
        "partnerHead": "00000000-0000-0000-0000-000000000000",
        "bank": "00000000-0000-0000-0000-000000000000",
        "bankBIC": "",
        "okopf": "00000000-0000-0000-0000-000000000000",
        "okopfName": "",
        "reliabilitySupplier": 0,
        "reliabilityBuyer": 0,
        "verified": false,
        "dateVerified": "0001-01-01T00:00:00Z",
        "country": "4e127564-d74f-4dd9-bced-0327f0f4e061",
        "countryCode": "643",
        "region": "00000000-0000-0000-0000-000000000000",
        "regionCode": "",
        "contactInformation": [
            
        ]
    },
    {
        "guid": "d8708a3e-8a97-11ee-b5b1-005056013b0c",
        "archive": false,
        "dateOutputArchive": "0001-01-01T00:00:00Z",
        "code": "36",
        "name": "СИБТОРГ ООО",
        "nameAbbreviated": "ООО \"СИБТОРГ\"",
        "nameFull": "Общество с ограниченной ответственностью \"СИБТОРГ\"",
        "type": 1,
        "intragroup": false,
        "organization": "00000000-0000-0000-0000-000000000000",
        "organizationCode": "",
        "concernType": "00000000-0000-0000-0000-000000000000",
        "concernTypeCode": "",
        "noResident": false,
        "inn": "5501083222",
        "kpp": "550101001",
        "kppAdditional": "",
        "registrationNumber": "",
        "ogrn": "1055501003557",
        "okpo": "",
        "okved": "00000000-0000-0000-0000-000000000000",
        "okvedCode": "",
        "separateUnit": false,
        "partnerHead": "00000000-0000-0000-0000-000000000000",
        "bank": "00000000-0000-0000-0000-000000000000",
        "bankBIC": "",
        "okopf": "00000000-0000-0000-0000-000000000000",
        "okopfName": "",
        "reliabilitySupplier": 0,
        "reliabilityBuyer": 0,
        "verified": false,
        "dateVerified": "0001-01-01T00:00:00Z",
        "country": "4e127564-d74f-4dd9-bced-0327f0f4e061",
        "countryCode": "643",
        "region": "00000000-0000-0000-0000-000000000000",
        "regionCode": "",
        "contactInformation": [
            
        ]
    },
    {
        "guid": "d8708a3f-8a97-11ee-b5b1-005056013b0c",
        "archive": false,
        "dateOutputArchive": "0001-01-01T00:00:00Z",
        "code": "37",
        "name": "ОПТ-ТОРГ НН ООО",
        "nameAbbreviated": "ООО \"ОПТ-ТОРГ НН\"",
        "nameFull": "Общество с ограниченной ответственностью \"ОПТ-ТОРГ НН\"",
        "type": 1,
        "intragroup": false,
        "organization": "00000000-0000-0000-0000-000000000000",
        "organizationCode": "",
        "concernType": "00000000-0000-0000-0000-000000000000",
        "concernTypeCode": "",
        "noResident": false,
        "inn": "5260266450",
        "kpp": "525701001",
        "kppAdditional": "",
        "registrationNumber": "",
        "ogrn": "1095260012979",
        "okpo": "",
        "okved": "00000000-0000-0000-0000-000000000000",
        "okvedCode": "",
        "separateUnit": false,
        "partnerHead": "00000000-0000-0000-0000-000000000000",
        "bank": "00000000-0000-0000-0000-000000000000",
        "bankBIC": "",
        "okopf": "00000000-0000-0000-0000-000000000000",
        "okopfName": "",
        "reliabilitySupplier": 0,
        "reliabilityBuyer": 0,
        "verified": false,
        "dateVerified": "0001-01-01T00:00:00Z",
        "country": "4e127564-d74f-4dd9-bced-0327f0f4e061",
        "countryCode": "643",
        "region": "00000000-0000-0000-0000-000000000000",
        "regionCode": "",
        "contactInformation": [
            
        ]
    },
    {
        "guid": "d8708a40-8a97-11ee-b5b1-005056013b0c",
        "archive": false,
        "dateOutputArchive": "0001-01-01T00:00:00Z",
        "code": "38",
        "name": "ЭКСПРЕСС - КОМПЛЕКТ  ООО",
        "nameAbbreviated": "ООО \" ЭКСПРЕСС - КОМПЛЕКТ \"",
        "nameFull": "Общество с ограниченной ответственностью \" ЭКСПРЕСС - КОМПЛЕКТ \"",
        "type": 1,
        "intragroup": false,
        "organization": "00000000-0000-0000-0000-000000000000",
        "organizationCode": "",
        "concernType": "00000000-0000-0000-0000-000000000000",
        "concernTypeCode": "",
        "noResident": false,
        "inn": "7103016598",
        "kpp": "710501001",
        "kppAdditional": "",
        "registrationNumber": "",
        "ogrn": "1027100517806",
        "okpo": "",
        "okved": "00000000-0000-0000-0000-000000000000",
        "okvedCode": "",
        "separateUnit": false,
        "partnerHead": "00000000-0000-0000-0000-000000000000",
        "bank": "00000000-0000-0000-0000-000000000000",
        "bankBIC": "",
        "okopf": "00000000-0000-0000-0000-000000000000",
        "okopfName": "",
        "reliabilitySupplier": 0,
        "reliabilityBuyer": 0,
        "verified": false,
        "dateVerified": "0001-01-01T00:00:00Z",
        "country": "4e127564-d74f-4dd9-bced-0327f0f4e061",
        "countryCode": "643",
        "region": "00000000-0000-0000-0000-000000000000",
        "regionCode": "",
        "contactInformation": [
            
        ]
    },
    {
        "guid": "d8708a41-8a97-11ee-b5b1-005056013b0c",
        "archive": false,
        "dateOutputArchive": "0001-01-01T00:00:00Z",
        "code": "39",
        "name": "ТЕРМИНАЛ ООО",
        "nameAbbreviated": "ООО \"ТЕРМИНАЛ\"",
        "nameFull": "Общество с ограниченной ответственностью \"ТЕРМИНАЛ\"",
        "type": 1,
        "intragroup": false,
        "organization": "00000000-0000-0000-0000-000000000000",
        "organizationCode": "",
        "concernType": "00000000-0000-0000-0000-000000000000",
        "concernTypeCode": "",
        "noResident": false,
        "inn": "2130010451",
        "kpp": "213001001",
        "kppAdditional": "",
        "registrationNumber": "",
        "ogrn": "1062130015331",
        "okpo": "",
        "okved": "00000000-0000-0000-0000-000000000000",
        "okvedCode": "",
        "separateUnit": false,
        "partnerHead": "00000000-0000-0000-0000-000000000000",
        "bank": "00000000-0000-0000-0000-000000000000",
        "bankBIC": "",
        "okopf": "00000000-0000-0000-0000-000000000000",
        "okopfName": "",
        "reliabilitySupplier": 0,
        "reliabilityBuyer": 0,
        "verified": false,
        "dateVerified": "0001-01-01T00:00:00Z",
        "country": "4e127564-d74f-4dd9-bced-0327f0f4e061",
        "countryCode": "643",
        "region": "00000000-0000-0000-0000-000000000000",
        "regionCode": "",
        "contactInformation": [
            
        ]
    },
    {
        "guid": "d8708a42-8a97-11ee-b5b1-005056013b0c",
        "archive": false,
        "dateOutputArchive": "0001-01-01T00:00:00Z",
        "code": "40",
        "name": "ТПК ПРОДУКТЫ УРАЛА ООО",
        "nameAbbreviated": "ООО \"ТПК \"ПРОДУКТЫ УРАЛА\"",
        "nameFull": "Общество с ограниченной ответственностью \"ТОРГОВО-ПРОМЫШЛЕННАЯ КОМПАНИЯ \"ПРОДУКТЫ УРАЛА\"",
        "type": 1,
        "intragroup": false,
        "organization": "00000000-0000-0000-0000-000000000000",
        "organizationCode": "",
        "concernType": "00000000-0000-0000-0000-000000000000",
        "concernTypeCode": "",
        "noResident": false,
        "inn": "6664061393",
        "kpp": "666401001",
        "kppAdditional": "",
        "registrationNumber": "",
        "ogrn": "1026605776493",
        "okpo": "",
        "okved": "00000000-0000-0000-0000-000000000000",
        "okvedCode": "",
        "separateUnit": false,
        "partnerHead": "00000000-0000-0000-0000-000000000000",
        "bank": "00000000-0000-0000-0000-000000000000",
        "bankBIC": "",
        "okopf": "00000000-0000-0000-0000-000000000000",
        "okopfName": "",
        "reliabilitySupplier": 0,
        "reliabilityBuyer": 0,
        "verified": false,
        "dateVerified": "0001-01-01T00:00:00Z",
        "country": "4e127564-d74f-4dd9-bced-0327f0f4e061",
        "countryCode": "643",
        "region": "00000000-0000-0000-0000-000000000000",
        "regionCode": "",
        "contactInformation": [
            
        ]
    },
    {
        "guid": "d8708a43-8a97-11ee-b5b1-005056013b0c",
        "archive": false,
        "dateOutputArchive": "0001-01-01T00:00:00Z",
        "code": "41",
        "name": "АВТОКОЛОННА №1312 АО",
        "nameAbbreviated": "АО \"АВТОКОЛОННА №1312\"",
        "nameFull": "Акционерное общество \"АВТОКОЛОННА №1312\"",
        "type": 1,
        "intragroup": false,
        "organization": "00000000-0000-0000-0000-000000000000",
        "organizationCode": "",
        "concernType": "00000000-0000-0000-0000-000000000000",
        "concernTypeCode": "",
        "noResident": false,
        "inn": "2128056890",
        "kpp": "213001001",
        "kppAdditional": "",
        "registrationNumber": "",
        "ogrn": "1042128020791",
        "okpo": "",
        "okved": "00000000-0000-0000-0000-000000000000",
        "okvedCode": "",
        "separateUnit": false,
        "partnerHead": "00000000-0000-0000-0000-000000000000",
        "bank": "00000000-0000-0000-0000-000000000000",
        "bankBIC": "",
        "okopf": "00000000-0000-0000-0000-000000000000",
        "okopfName": "",
        "reliabilitySupplier": 0,
        "reliabilityBuyer": 0,
        "verified": false,
        "dateVerified": "0001-01-01T00:00:00Z",
        "country": "4e127564-d74f-4dd9-bced-0327f0f4e061",
        "countryCode": "643",
        "region": "00000000-0000-0000-0000-000000000000",
        "regionCode": "",
        "contactInformation": [
            
        ]
    },
    {
        "guid": "d8708a44-8a97-11ee-b5b1-005056013b0c",
        "archive": false,
        "dateOutputArchive": "0001-01-01T00:00:00Z",
        "code": "42",
        "name": "ОМЕГА ООО",
        "nameAbbreviated": "ООО \"ОМЕГА\"",
        "nameFull": "Общество с ограниченной ответственностью \"ОМЕГА\"",
        "type": 1,
        "intragroup": false,
        "organization": "00000000-0000-0000-0000-000000000000",
        "organizationCode": "",
        "concernType": "00000000-0000-0000-0000-000000000000",
        "concernTypeCode": "",
        "noResident": false,
        "inn": "6660070580",
        "kpp": "784001001",
        "kppAdditional": "",
        "registrationNumber": "",
        "ogrn": "1026604956806",
        "okpo": "",
        "okved": "00000000-0000-0000-0000-000000000000",
        "okvedCode": "",
        "separateUnit": false,
        "partnerHead": "00000000-0000-0000-0000-000000000000",
        "bank": "00000000-0000-0000-0000-000000000000",
        "bankBIC": "",
        "okopf": "00000000-0000-0000-0000-000000000000",
        "okopfName": "",
        "reliabilitySupplier": 0,
        "reliabilityBuyer": 0,
        "verified": false,
        "dateVerified": "0001-01-01T00:00:00Z",
        "country": "4e127564-d74f-4dd9-bced-0327f0f4e061",
        "countryCode": "643",
        "region": "00000000-0000-0000-0000-000000000000",
        "regionCode": "",
        "contactInformation": [
            
        ]
    },
    {
        "guid": "d8708a45-8a97-11ee-b5b1-005056013b0c",
        "archive": false,
        "dateOutputArchive": "0001-01-01T00:00:00Z",
        "code": "43",
        "name": "КОГОРТА-СЕРВИС ООО",
        "nameAbbreviated": "ООО \"КОГОРТА-СЕРВИС\"",
        "nameFull": "Общество с ограниченной ответственностью \"КОГОРТА-СЕРВИС\"",
        "type": 1,
        "intragroup": false,
        "organization": "00000000-0000-0000-0000-000000000000",
        "organizationCode": "",
        "concernType": "00000000-0000-0000-0000-000000000000",
        "concernTypeCode": "",
        "noResident": false,
        "inn": "6660098314",
        "kpp": "667001001",
        "kppAdditional": "",
        "registrationNumber": "",
        "ogrn": "1036603500911",
        "okpo": "",
        "okved": "00000000-0000-0000-0000-000000000000",
        "okvedCode": "",
        "separateUnit": false,
        "partnerHead": "00000000-0000-0000-0000-000000000000",
        "bank": "00000000-0000-0000-0000-000000000000",
        "bankBIC": "",
        "okopf": "00000000-0000-0000-0000-000000000000",
        "okopfName": "",
        "reliabilitySupplier": 0,
        "reliabilityBuyer": 0,
        "verified": false,
        "dateVerified": "0001-01-01T00:00:00Z",
        "country": "4e127564-d74f-4dd9-bced-0327f0f4e061",
        "countryCode": "643",
        "region": "00000000-0000-0000-0000-000000000000",
        "regionCode": "",
        "contactInformation": [
            
        ]
    },
    {
        "guid": "d8708a47-8a97-11ee-b5b1-005056013b0c",
        "archive": false,
        "dateOutputArchive": "0001-01-01T00:00:00Z",
        "code": "45",
        "name": "МАТТЕХ ЗАО",
        "nameAbbreviated": "ЗАО \"МАТТЕХ\"",
        "nameFull": "Закрытое акционерное общество \"МАТТЕХ\"",
        "type": 1,
        "intragroup": false,
        "organization": "00000000-0000-0000-0000-000000000000",
        "organizationCode": "",
        "concernType": "00000000-0000-0000-0000-000000000000",
        "concernTypeCode": "",
        "noResident": false,
        "inn": "7453058570",
        "kpp": "741101001",
        "kppAdditional": "",
        "registrationNumber": "",
        "ogrn": "1027403897850",
        "okpo": "",
        "okved": "00000000-0000-0000-0000-000000000000",
        "okvedCode": "",
        "separateUnit": false,
        "partnerHead": "00000000-0000-0000-0000-000000000000",
        "bank": "00000000-0000-0000-0000-000000000000",
        "bankBIC": "",
        "okopf": "00000000-0000-0000-0000-000000000000",
        "okopfName": "",
        "reliabilitySupplier": 0,
        "reliabilityBuyer": 0,
        "verified": false,
        "dateVerified": "0001-01-01T00:00:00Z",
        "country": "4e127564-d74f-4dd9-bced-0327f0f4e061",
        "countryCode": "643",
        "region": "00000000-0000-0000-0000-000000000000",
        "regionCode": "",
        "contactInformation": [
            
        ]
    },
    {
        "guid": "d8708a48-8a97-11ee-b5b1-005056013b0c",
        "archive": false,
        "dateOutputArchive": "0001-01-01T00:00:00Z",
        "code": "46",
        "name": "ГЕРОСС ЗАО",
        "nameAbbreviated": "ЗАО \"ГЕРОСС\"",
        "nameFull": "Закрытое акционерное общество \"ГЕРОСС\"",
        "type": 1,
        "intragroup": false,
        "organization": "00000000-0000-0000-0000-000000000000",
        "organizationCode": "",
        "concernType": "00000000-0000-0000-0000-000000000000",
        "concernTypeCode": "",
        "noResident": false,
        "inn": "2127301563",
        "kpp": "213001001",
        "kppAdditional": "",
        "registrationNumber": "",
        "ogrn": "1022100978272",
        "okpo": "",
        "okved": "00000000-0000-0000-0000-000000000000",
        "okvedCode": "",
        "separateUnit": false,
        "partnerHead": "00000000-0000-0000-0000-000000000000",
        "bank": "00000000-0000-0000-0000-000000000000",
        "bankBIC": "",
        "okopf": "00000000-0000-0000-0000-000000000000",
        "okopfName": "",
        "reliabilitySupplier": 0,
        "reliabilityBuyer": 0,
        "verified": false,
        "dateVerified": "0001-01-01T00:00:00Z",
        "country": "4e127564-d74f-4dd9-bced-0327f0f4e061",
        "countryCode": "643",
        "region": "00000000-0000-0000-0000-000000000000",
        "regionCode": "",
        "contactInformation": [
            
        ]
    },
    {
        "guid": "d8708a49-8a97-11ee-b5b1-005056013b0c",
        "archive": false,
        "dateOutputArchive": "0001-01-01T00:00:00Z",
        "code": "47",
        "name": "ЧЕСТР ОАО",
        "nameAbbreviated": "ОАО \"ЧЕСТР\"",
        "nameFull": "Открытое акционерное общество \"ЧЕБОКСАРСКИЙ СТРОИТЕЛЬ\"",
        "type": 1,
        "intragroup": false,
        "organization": "00000000-0000-0000-0000-000000000000",
        "organizationCode": "",
        "concernType": "00000000-0000-0000-0000-000000000000",
        "concernTypeCode": "",
        "noResident": false,
        "inn": "2127326328",
        "kpp": "212701001",
        "kppAdditional": "",
        "registrationNumber": "",
        "ogrn": "1032127008671",
        "okpo": "",
        "okved": "00000000-0000-0000-0000-000000000000",
        "okvedCode": "",
        "separateUnit": false,
        "partnerHead": "00000000-0000-0000-0000-000000000000",
        "bank": "00000000-0000-0000-0000-000000000000",
        "bankBIC": "",
        "okopf": "00000000-0000-0000-0000-000000000000",
        "okopfName": "",
        "reliabilitySupplier": 0,
        "reliabilityBuyer": 0,
        "verified": false,
        "dateVerified": "0001-01-01T00:00:00Z",
        "country": "4e127564-d74f-4dd9-bced-0327f0f4e061",
        "countryCode": "643",
        "region": "00000000-0000-0000-0000-000000000000",
        "regionCode": "",
        "contactInformation": [
            
        ]
    },
    {
        "guid": "d8708a4a-8a97-11ee-b5b1-005056013b0c",
        "archive": false,
        "dateOutputArchive": "0001-01-01T00:00:00Z",
        "code": "48",
        "name": "СМИ ООО",
        "nameAbbreviated": "ООО \"СМИ\"",
        "nameFull": "Общество с ограниченной ответственностью \"СТРОЙМОНТАЖИЗОЛЯЦИЯ\"",
        "type": 1,
        "intragroup": false,
        "organization": "00000000-0000-0000-0000-000000000000",
        "organizationCode": "",
        "concernType": "00000000-0000-0000-0000-000000000000",
        "concernTypeCode": "",
        "noResident": false,
        "inn": "2127311829",
        "kpp": "213001001",
        "kppAdditional": "",
        "registrationNumber": "",
        "ogrn": "1022100970627",
        "okpo": "",
        "okved": "00000000-0000-0000-0000-000000000000",
        "okvedCode": "",
        "separateUnit": false,
        "partnerHead": "00000000-0000-0000-0000-000000000000",
        "bank": "00000000-0000-0000-0000-000000000000",
        "bankBIC": "",
        "okopf": "00000000-0000-0000-0000-000000000000",
        "okopfName": "",
        "reliabilitySupplier": 0,
        "reliabilityBuyer": 0,
        "verified": false,
        "dateVerified": "0001-01-01T00:00:00Z",
        "country": "4e127564-d74f-4dd9-bced-0327f0f4e061",
        "countryCode": "643",
        "region": "00000000-0000-0000-0000-000000000000",
        "regionCode": "",
        "contactInformation": [
            
        ]
    },
    {
        "guid": "d8708a4b-8a97-11ee-b5b1-005056013b0c",
        "archive": false,
        "dateOutputArchive": "0001-01-01T00:00:00Z",
        "code": "49",
        "name": "МОНТАЖСТРОЙСЕРВИС ООО",
        "nameAbbreviated": "ООО \"МОНТАЖСТРОЙСЕРВИС\"",
        "nameFull": "Общество с ограниченной ответственностью \"МОНТАЖСТРОЙСЕРВИС\"",
        "type": 1,
        "intragroup": false,
        "organization": "00000000-0000-0000-0000-000000000000",
        "organizationCode": "",
        "concernType": "00000000-0000-0000-0000-000000000000",
        "concernTypeCode": "",
        "noResident": false,
        "inn": "2127311459",
        "kpp": "166001001",
        "kppAdditional": "",
        "registrationNumber": "",
        "ogrn": "1022100978569",
        "okpo": "",
        "okved": "00000000-0000-0000-0000-000000000000",
        "okvedCode": "",
        "separateUnit": false,
        "partnerHead": "00000000-0000-0000-0000-000000000000",
        "bank": "00000000-0000-0000-0000-000000000000",
        "bankBIC": "",
        "okopf": "00000000-0000-0000-0000-000000000000",
        "okopfName": "",
        "reliabilitySupplier": 0,
        "reliabilityBuyer": 0,
        "verified": false,
        "dateVerified": "0001-01-01T00:00:00Z",
        "country": "4e127564-d74f-4dd9-bced-0327f0f4e061",
        "countryCode": "643",
        "region": "00000000-0000-0000-0000-000000000000",
        "regionCode": "",
        "contactInformation": [
            
        ]
    },
    {
        "guid": "d8708a4c-8a97-11ee-b5b1-005056013b0c",
        "archive": false,
        "dateOutputArchive": "0001-01-01T00:00:00Z",
        "code": "50",
        "name": "АЗС-ИРБИС ООО",
        "nameAbbreviated": "ООО \"АЗС-ИРБИС\"",
        "nameFull": "Общество с ограниченной ответственностью \"АЗС-ИРБИС\"",
        "type": 1,
        "intragroup": false,
        "organization": "00000000-0000-0000-0000-000000000000",
        "organizationCode": "",
        "concernType": "00000000-0000-0000-0000-000000000000",
        "concernTypeCode": "",
        "noResident": false,
        "inn": "1635010878",
        "kpp": "166001001",
        "kppAdditional": "",
        "registrationNumber": "",
        "ogrn": "1151675000465",
        "okpo": "",
        "okved": "00000000-0000-0000-0000-000000000000",
        "okvedCode": "",
        "separateUnit": false,
        "partnerHead": "00000000-0000-0000-0000-000000000000",
        "bank": "00000000-0000-0000-0000-000000000000",
        "bankBIC": "",
        "okopf": "00000000-0000-0000-0000-000000000000",
        "okopfName": "",
        "reliabilitySupplier": 0,
        "reliabilityBuyer": 0,
        "verified": false,
        "dateVerified": "0001-01-01T00:00:00Z",
        "country": "4e127564-d74f-4dd9-bced-0327f0f4e061",
        "countryCode": "643",
        "region": "00000000-0000-0000-0000-000000000000",
        "regionCode": "",
        "contactInformation": [
            
        ]
    },
    {
        "guid": "d8708a4d-8a97-11ee-b5b1-005056013b0c",
        "archive": false,
        "dateOutputArchive": "0001-01-01T00:00:00Z",
        "code": "51",
        "name": "ЖБК № 9 ООО",
        "nameAbbreviated": "ООО \"ЖБК № 9\"",
        "nameFull": "Общество с ограниченной ответственностью \"ЖЕЛЕЗОБЕТОННЫЕ КОНСТРУКЦИИ № 9\"",
        "type": 1,
        "intragroup": false,
        "organization": "00000000-0000-0000-0000-000000000000",
        "organizationCode": "",
        "concernType": "00000000-0000-0000-0000-000000000000",
        "concernTypeCode": "",
        "noResident": false,
        "inn": "2129043580",
        "kpp": "213001001",
        "kppAdditional": "",
        "registrationNumber": "",
        "ogrn": "1022101272995",
        "okpo": "",
        "okved": "00000000-0000-0000-0000-000000000000",
        "okvedCode": "",
        "separateUnit": false,
        "partnerHead": "00000000-0000-0000-0000-000000000000",
        "bank": "00000000-0000-0000-0000-000000000000",
        "bankBIC": "",
        "okopf": "00000000-0000-0000-0000-000000000000",
        "okopfName": "",
        "reliabilitySupplier": 0,
        "reliabilityBuyer": 0,
        "verified": false,
        "dateVerified": "0001-01-01T00:00:00Z",
        "country": "4e127564-d74f-4dd9-bced-0327f0f4e061",
        "countryCode": "643",
        "region": "00000000-0000-0000-0000-000000000000",
        "regionCode": "",
        "contactInformation": [
            
        ]
    },
    {
        "guid": "d8708a4e-8a97-11ee-b5b1-005056013b0c",
        "archive": false,
        "dateOutputArchive": "0001-01-01T00:00:00Z",
        "code": "52",
        "name": "ТЕПЛОЭНЕРГОСЕТИ ЗАО",
        "nameAbbreviated": "ЗАО \"ТЕПЛОЭНЕРГОСЕТИ\"",
        "nameFull": "Закрытое акционерное общество \"ТЕПЛОЭНЕРГОСЕТИ\"",
        "type": 1,
        "intragroup": false,
        "organization": "00000000-0000-0000-0000-000000000000",
        "organizationCode": "",
        "concernType": "00000000-0000-0000-0000-000000000000",
        "concernTypeCode": "",
        "noResident": false,
        "inn": "2116476096",
        "kpp": "211601001",
        "kppAdditional": "",
        "registrationNumber": "",
        "ogrn": "1062135018989",
        "okpo": "",
        "okved": "00000000-0000-0000-0000-000000000000",
        "okvedCode": "",
        "separateUnit": false,
        "partnerHead": "00000000-0000-0000-0000-000000000000",
        "bank": "00000000-0000-0000-0000-000000000000",
        "bankBIC": "",
        "okopf": "00000000-0000-0000-0000-000000000000",
        "okopfName": "",
        "reliabilitySupplier": 0,
        "reliabilityBuyer": 0,
        "verified": false,
        "dateVerified": "0001-01-01T00:00:00Z",
        "country": "4e127564-d74f-4dd9-bced-0327f0f4e061",
        "countryCode": "643",
        "region": "00000000-0000-0000-0000-000000000000",
        "regionCode": "",
        "contactInformation": [
            
        ]
    },
    {
        "guid": "d8708a4f-8a97-11ee-b5b1-005056013b0c",
        "archive": false,
        "dateOutputArchive": "0001-01-01T00:00:00Z",
        "code": "53",
        "name": "СТАЛЬНАЯ ВОЛЯ ООО",
        "nameAbbreviated": "ООО \"СТАЛЬНАЯ ВОЛЯ\"",
        "nameFull": "ОБЩЕСТВО С ОГРАНИЧЕННОЙ  ОТВЕТСТВЕННОСТЬЮ \"СТАЛЬНАЯ ВОЛЯ\"",
        "type": 1,
        "intragroup": false,
        "organization": "00000000-0000-0000-0000-000000000000",
        "organizationCode": "",
        "concernType": "00000000-0000-0000-0000-000000000000",
        "concernTypeCode": "",
        "noResident": false,
        "inn": "6659126969",
        "kpp": "667401001",
        "kppAdditional": "",
        "registrationNumber": "",
        "ogrn": "1056603227185",
        "okpo": "",
        "okved": "00000000-0000-0000-0000-000000000000",
        "okvedCode": "",
        "separateUnit": false,
        "partnerHead": "00000000-0000-0000-0000-000000000000",
        "bank": "00000000-0000-0000-0000-000000000000",
        "bankBIC": "",
        "okopf": "00000000-0000-0000-0000-000000000000",
        "okopfName": "",
        "reliabilitySupplier": 0,
        "reliabilityBuyer": 0,
        "verified": false,
        "dateVerified": "0001-01-01T00:00:00Z",
        "country": "4e127564-d74f-4dd9-bced-0327f0f4e061",
        "countryCode": "643",
        "region": "00000000-0000-0000-0000-000000000000",
        "regionCode": "",
        "contactInformation": [
            
        ]
    },
    {
        "guid": "d8708a50-8a97-11ee-b5b1-005056013b0c",
        "archive": false,
        "dateOutputArchive": "0001-01-01T00:00:00Z",
        "code": "54",
        "name": "МАСТЕР ВИНДО ООО",
        "nameAbbreviated": "ООО \"МАСТЕР ВИНДО\"",
        "nameFull": "Общество с ограниченной ответственностью \"МАСТЕР ВИНДО\"",
        "type": 1,
        "intragroup": false,
        "organization": "00000000-0000-0000-0000-000000000000",
        "organizationCode": "",
        "concernType": "00000000-0000-0000-0000-000000000000",
        "concernTypeCode": "",
        "noResident": false,
        "inn": "2130012018",
        "kpp": "213001001",
        "kppAdditional": "",
        "registrationNumber": "",
        "ogrn": "1062130016904",
        "okpo": "",
        "okved": "00000000-0000-0000-0000-000000000000",
        "okvedCode": "",
        "separateUnit": false,
        "partnerHead": "00000000-0000-0000-0000-000000000000",
        "bank": "00000000-0000-0000-0000-000000000000",
        "bankBIC": "",
        "okopf": "00000000-0000-0000-0000-000000000000",
        "okopfName": "",
        "reliabilitySupplier": 0,
        "reliabilityBuyer": 0,
        "verified": false,
        "dateVerified": "0001-01-01T00:00:00Z",
        "country": "4e127564-d74f-4dd9-bced-0327f0f4e061",
        "countryCode": "643",
        "region": "00000000-0000-0000-0000-000000000000",
        "regionCode": "",
        "contactInformation": [
            
        ]
    },
    {
        "guid": "5ef29a67-8a21-11ee-b5b1-005056013b0c",
        "archive": false,
        "dateOutputArchive": "0001-01-01T00:00:00Z",
        "code": "1",
        "name": "СИБМАШИНДУСТРИЯ ООО ТПК",
        "nameAbbreviated": "ООО ТПК \"СИБМАШИНДУСТРИЯ\"",
        "nameFull": "Общество с ограниченной ответственностью ТОРГОВО-ПРОИЗВОДСТВЕННАЯ КОМПАНИЯ \"СИБМАШИНДУСТРИЯ\"",
        "type": 1,
        "intragroup": false,
        "organization": "00000000-0000-0000-0000-000000000000",
        "organizationCode": "",
        "concernType": "00000000-0000-0000-0000-000000000000",
        "concernTypeCode": "",
        "noResident": false,
        "inn": "2223607628",
        "kpp": "222301001",
        "kppAdditional": "",
        "registrationNumber": "",
        "ogrn": "1152225021080",
        "okpo": "",
        "okved": "00000000-0000-0000-0000-000000000000",
        "okvedCode": "",
        "separateUnit": false,
        "partnerHead": "00000000-0000-0000-0000-000000000000",
        "bank": "00000000-0000-0000-0000-000000000000",
        "bankBIC": "",
        "okopf": "00000000-0000-0000-0000-000000000000",
        "okopfName": "",
        "reliabilitySupplier": 0,
        "reliabilityBuyer": 0,
        "verified": false,
        "dateVerified": "0001-01-01T00:00:00Z",
        "country": "4e127564-d74f-4dd9-bced-0327f0f4e061",
        "countryCode": "643",
        "region": "00000000-0000-0000-0000-000000000000",
        "regionCode": "",
        "contactInformation": [
            {
                "type": 1,
                "typeInformation": 1,
                "performance": "656922, Алтайский край, г. Барнаул, ул. Попова, здание 181Е",
                "country": "Россия",
                "region": "Алтайский край",
                "city": "Барнаул г.",
                "email": "",
                "phone": ""
            }
        ]
    },
    {
        "guid": "5ef29a68-8a21-11ee-b5b1-005056013b0c",
        "archive": false,
        "dateOutputArchive": "0001-01-01T00:00:00Z",
        "code": "2",
        "name": "ДЕЛЬТАСВАР ООО",
        "nameAbbreviated": "ООО \"ДЕЛЬТАСВАР\"",
        "nameFull": "Общество с ограниченной ответственностью \"ДЕЛЬТАСВАР\"",
        "type": 1,
        "intragroup": false,
        "organization": "00000000-0000-0000-0000-000000000000",
        "organizationCode": "",
        "concernType": "00000000-0000-0000-0000-000000000000",
        "concernTypeCode": "",
        "noResident": false,
        "inn": "6673229860",
        "kpp": "667801001",
        "kppAdditional": "",
        "registrationNumber": "",
        "ogrn": "1116673001466",
        "okpo": "",
        "okved": "00000000-0000-0000-0000-000000000000",
        "okvedCode": "",
        "separateUnit": false,
        "partnerHead": "00000000-0000-0000-0000-000000000000",
        "bank": "00000000-0000-0000-0000-000000000000",
        "bankBIC": "",
        "okopf": "00000000-0000-0000-0000-000000000000",
        "okopfName": "",
        "reliabilitySupplier": 0,
        "reliabilityBuyer": 0,
        "verified": false,
        "dateVerified": "0001-01-01T00:00:00Z",
        "country": "4e127564-d74f-4dd9-bced-0327f0f4e061",
        "countryCode": "643",
        "region": "00000000-0000-0000-0000-000000000000",
        "regionCode": "",
        "contactInformation": [
            
        ]
    },
    {
        "guid": "5ef29a69-8a21-11ee-b5b1-005056013b0c",
        "archive": false,
        "dateOutputArchive": "0001-01-01T00:00:00Z",
        "code": "3",
        "name": "ИПК ООО",
        "nameAbbreviated": "ООО \"ИПК\"",
        "nameFull": "Общество с ограниченной ответственностью \"ИНСТРУМЕНТАЛЬНО-ПОДШИПНИКОВАЯ КОМПАНИЯ\"",
        "type": 1,
        "intragroup": false,
        "organization": "00000000-0000-0000-0000-000000000000",
        "organizationCode": "",
        "concernType": "00000000-0000-0000-0000-000000000000",
        "concernTypeCode": "",
        "noResident": false,
        "inn": "6454140634",
        "kpp": "645401001",
        "kppAdditional": "",
        "registrationNumber": "",
        "ogrn": "1146454000857",
        "okpo": "",
        "okved": "00000000-0000-0000-0000-000000000000",
        "okvedCode": "",
        "separateUnit": false,
        "partnerHead": "00000000-0000-0000-0000-000000000000",
        "bank": "00000000-0000-0000-0000-000000000000",
        "bankBIC": "",
        "okopf": "00000000-0000-0000-0000-000000000000",
        "okopfName": "",
        "reliabilitySupplier": 0,
        "reliabilityBuyer": 0,
        "verified": false,
        "dateVerified": "0001-01-01T00:00:00Z",
        "country": "4e127564-d74f-4dd9-bced-0327f0f4e061",
        "countryCode": "643",
        "region": "00000000-0000-0000-0000-000000000000",
        "regionCode": "",
        "contactInformation": [
            
        ]
    },
    {
        "guid": "5ef29a6a-8a21-11ee-b5b1-005056013b0c",
        "archive": false,
        "dateOutputArchive": "0001-01-01T00:00:00Z",
        "code": "4",
        "name": "ОТК - КУРГАН ООО",
        "nameAbbreviated": "ООО \"ОТК - КУРГАН\"",
        "nameFull": "Общество с ограниченной ответственностью \"ОБЪЕДИНЕННАЯ ТЕКСТИЛЬНАЯ КОМПАНИЯ - КУРГАН\"",
        "type": 1,
        "intragroup": false,
        "organization": "00000000-0000-0000-0000-000000000000",
        "organizationCode": "",
        "concernType": "00000000-0000-0000-0000-000000000000",
        "concernTypeCode": "",
        "noResident": false,
        "inn": "4501183666",
        "kpp": "450101001",
        "kppAdditional": "",
        "registrationNumber": "",
        "ogrn": "1134501001634",
        "okpo": "",
        "okved": "00000000-0000-0000-0000-000000000000",
        "okvedCode": "",
        "separateUnit": false,
        "partnerHead": "00000000-0000-0000-0000-000000000000",
        "bank": "00000000-0000-0000-0000-000000000000",
        "bankBIC": "",
        "okopf": "00000000-0000-0000-0000-000000000000",
        "okopfName": "",
        "reliabilitySupplier": 0,
        "reliabilityBuyer": 0,
        "verified": false,
        "dateVerified": "0001-01-01T00:00:00Z",
        "country": "4e127564-d74f-4dd9-bced-0327f0f4e061",
        "countryCode": "643",
        "region": "00000000-0000-0000-0000-000000000000",
        "regionCode": "",
        "contactInformation": [
            
        ]
    },
    {
        "guid": "5ef29a6b-8a21-11ee-b5b1-005056013b0c",
        "archive": false,
        "dateOutputArchive": "0001-01-01T00:00:00Z",
        "code": "5",
        "name": "ПЫТЬ-ЯХСКАЯ ОКРУЖНАЯ КЛИНИЧЕСКАЯ БОЛЬНИЦА БУ",
        "nameAbbreviated": "БУ \"ПЫТЬ-ЯХСКАЯ ОКРУЖНАЯ КЛИНИЧЕСКАЯ БОЛЬНИЦА\"",
        "nameFull": "БЮДЖЕТНОЕ УЧРЕЖДЕНИЕ ХАНТЫ-МАНСИЙСКОГО АВТОНОМНОГО ОКРУГА - ЮГРЫ \"ПЫТЬ-ЯХСКАЯ ОКРУЖНАЯ КЛИНИЧЕСКАЯ БОЛЬНИЦА\"",
        "type": 1,
        "intragroup": false,
        "organization": "00000000-0000-0000-0000-000000000000",
        "organizationCode": "",
        "concernType": "00000000-0000-0000-0000-000000000000",
        "concernTypeCode": "",
        "noResident": false,
        "inn": "8612014565",
        "kpp": "861201001",
        "kppAdditional": "",
        "registrationNumber": "",
        "ogrn": "1088619000788",
        "okpo": "",
        "okved": "00000000-0000-0000-0000-000000000000",
        "okvedCode": "",
        "separateUnit": false,
        "partnerHead": "00000000-0000-0000-0000-000000000000",
        "bank": "00000000-0000-0000-0000-000000000000",
        "bankBIC": "",
        "okopf": "00000000-0000-0000-0000-000000000000",
        "okopfName": "",
        "reliabilitySupplier": 0,
        "reliabilityBuyer": 0,
        "verified": false,
        "dateVerified": "0001-01-01T00:00:00Z",
        "country": "4e127564-d74f-4dd9-bced-0327f0f4e061",
        "countryCode": "643",
        "region": "00000000-0000-0000-0000-000000000000",
        "regionCode": "",
        "contactInformation": [
            
        ]
    },
    {
        "guid": "d8708a51-8a97-11ee-b5b1-005056013b0c",
        "archive": false,
        "dateOutputArchive": "0001-01-01T00:00:00Z",
        "code": "55",
        "name": "МЕДСТАНДАРТ ЗАО",
        "nameAbbreviated": "ЗАО \"МЕДСТАНДАРТ\"",
        "nameFull": "Закрытое акционерное общество \"МЕДСТАНДАРТ\"",
        "type": 1,
        "intragroup": false,
        "organization": "00000000-0000-0000-0000-000000000000",
        "organizationCode": "",
        "concernType": "00000000-0000-0000-0000-000000000000",
        "concernTypeCode": "",
        "noResident": false,
        "inn": "0411151616",
        "kpp": "222101001",
        "kppAdditional": "",
        "registrationNumber": "",
        "ogrn": "1100411007410",
        "okpo": "",
        "okved": "00000000-0000-0000-0000-000000000000",
        "okvedCode": "",
        "separateUnit": false,
        "partnerHead": "00000000-0000-0000-0000-000000000000",
        "bank": "00000000-0000-0000-0000-000000000000",
        "bankBIC": "",
        "okopf": "00000000-0000-0000-0000-000000000000",
        "okopfName": "",
        "reliabilitySupplier": 0,
        "reliabilityBuyer": 0,
        "verified": false,
        "dateVerified": "0001-01-01T00:00:00Z",
        "country": "4e127564-d74f-4dd9-bced-0327f0f4e061",
        "countryCode": "643",
        "region": "00000000-0000-0000-0000-000000000000",
        "regionCode": "",
        "contactInformation": [
            
        ]
    },
    {
        "guid": "d8708a52-8a97-11ee-b5b1-005056013b0c",
        "archive": false,
        "dateOutputArchive": "0001-01-01T00:00:00Z",
        "code": "56",
        "name": "ВЕГА ООО",
        "nameAbbreviated": "ООО \"ВЕГА\"",
        "nameFull": "Общество с ограниченной ответственностью \"ВЕГА\"",
        "type": 1,
        "intragroup": false,
        "organization": "00000000-0000-0000-0000-000000000000",
        "organizationCode": "",
        "concernType": "00000000-0000-0000-0000-000000000000",
        "concernTypeCode": "",
        "noResident": false,
        "inn": "7459004468",
        "kpp": "745901001",
        "kppAdditional": "",
        "registrationNumber": "",
        "ogrn": "1157456026452",
        "okpo": "",
        "okved": "00000000-0000-0000-0000-000000000000",
        "okvedCode": "",
        "separateUnit": false,
        "partnerHead": "00000000-0000-0000-0000-000000000000",
        "bank": "00000000-0000-0000-0000-000000000000",
        "bankBIC": "",
        "okopf": "00000000-0000-0000-0000-000000000000",
        "okopfName": "",
        "reliabilitySupplier": 0,
        "reliabilityBuyer": 0,
        "verified": false,
        "dateVerified": "0001-01-01T00:00:00Z",
        "country": "4e127564-d74f-4dd9-bced-0327f0f4e061",
        "countryCode": "643",
        "region": "00000000-0000-0000-0000-000000000000",
        "regionCode": "",
        "contactInformation": [
            
        ]
    },
    {
        "guid": "d8708a53-8a97-11ee-b5b1-005056013b0c",
        "archive": false,
        "dateOutputArchive": "0001-01-01T00:00:00Z",
        "code": "57",
        "name": "ЧЕЛЯБСПЕЦСТАЛЬ ООО",
        "nameAbbreviated": "ООО \"ЧЕЛЯБСПЕЦСТАЛЬ\"",
        "nameFull": "Общество с ограниченной ответственностью \"ЧЕЛЯБСПЕЦСТАЛЬ\"",
        "type": 1,
        "intragroup": false,
        "organization": "00000000-0000-0000-0000-000000000000",
        "organizationCode": "",
        "concernType": "00000000-0000-0000-0000-000000000000",
        "concernTypeCode": "",
        "noResident": false,
        "inn": "7460020030",
        "kpp": "746001001",
        "kppAdditional": "",
        "registrationNumber": "",
        "ogrn": "1157460000818",
        "okpo": "",
        "okved": "00000000-0000-0000-0000-000000000000",
        "okvedCode": "",
        "separateUnit": false,
        "partnerHead": "00000000-0000-0000-0000-000000000000",
        "bank": "00000000-0000-0000-0000-000000000000",
        "bankBIC": "",
        "okopf": "00000000-0000-0000-0000-000000000000",
        "okopfName": "",
        "reliabilitySupplier": 0,
        "reliabilityBuyer": 0,
        "verified": false,
        "dateVerified": "0001-01-01T00:00:00Z",
        "country": "4e127564-d74f-4dd9-bced-0327f0f4e061",
        "countryCode": "643",
        "region": "00000000-0000-0000-0000-000000000000",
        "regionCode": "",
        "contactInformation": [
            
        ]
    },
    {
        "guid": "d8708a54-8a97-11ee-b5b1-005056013b0c",
        "archive": false,
        "dateOutputArchive": "0001-01-01T00:00:00Z",
        "code": "58",
        "name": "СТРОЙПРОМСЕРВИС ООО",
        "nameAbbreviated": "ООО \"СТРОЙПРОМСЕРВИС\"",
        "nameFull": "Общество с ограниченной ответственностью \"СТРОЙПРОМСЕРВИС\"",
        "type": 1,
        "intragroup": false,
        "organization": "00000000-0000-0000-0000-000000000000",
        "organizationCode": "",
        "concernType": "00000000-0000-0000-0000-000000000000",
        "concernTypeCode": "",
        "noResident": false,
        "inn": "7720339142",
        "kpp": "770101001",
        "kppAdditional": "",
        "registrationNumber": "",
        "ogrn": "1167746416617",
        "okpo": "",
        "okved": "00000000-0000-0000-0000-000000000000",
        "okvedCode": "",
        "separateUnit": false,
        "partnerHead": "00000000-0000-0000-0000-000000000000",
        "bank": "00000000-0000-0000-0000-000000000000",
        "bankBIC": "",
        "okopf": "00000000-0000-0000-0000-000000000000",
        "okopfName": "",
        "reliabilitySupplier": 0,
        "reliabilityBuyer": 0,
        "verified": false,
        "dateVerified": "0001-01-01T00:00:00Z",
        "country": "4e127564-d74f-4dd9-bced-0327f0f4e061",
        "countryCode": "643",
        "region": "00000000-0000-0000-0000-000000000000",
        "regionCode": "",
        "contactInformation": [
            
        ]
    },
    {
        "guid": "d8708a55-8a97-11ee-b5b1-005056013b0c",
        "archive": false,
        "dateOutputArchive": "0001-01-01T00:00:00Z",
        "code": "59",
        "name": "РСТЕХНО ООО",
        "nameAbbreviated": "ООО \"РСТЕХНО\"",
        "nameFull": "Общество с ограниченной ответственностью \"РЕМСПЕЦТЕХНО\"",
        "type": 1,
        "intragroup": false,
        "organization": "00000000-0000-0000-0000-000000000000",
        "organizationCode": "",
        "concernType": "00000000-0000-0000-0000-000000000000",
        "concernTypeCode": "",
        "noResident": false,
        "inn": "3444160178",
        "kpp": "344401001",
        "kppAdditional": "",
        "registrationNumber": "",
        "ogrn": "1083444005358",
        "okpo": "",
        "okved": "00000000-0000-0000-0000-000000000000",
        "okvedCode": "",
        "separateUnit": false,
        "partnerHead": "00000000-0000-0000-0000-000000000000",
        "bank": "00000000-0000-0000-0000-000000000000",
        "bankBIC": "",
        "okopf": "00000000-0000-0000-0000-000000000000",
        "okopfName": "",
        "reliabilitySupplier": 0,
        "reliabilityBuyer": 0,
        "verified": false,
        "dateVerified": "0001-01-01T00:00:00Z",
        "country": "4e127564-d74f-4dd9-bced-0327f0f4e061",
        "countryCode": "643",
        "region": "00000000-0000-0000-0000-000000000000",
        "regionCode": "",
        "contactInformation": [
            
        ]
    },
    {
        "guid": "d8708a56-8a97-11ee-b5b1-005056013b0c",
        "archive": false,
        "dateOutputArchive": "0001-01-01T00:00:00Z",
        "code": "60",
        "name": "ОСС ООО",
        "nameAbbreviated": "ООО \"ОСС\"",
        "nameFull": "Общество с ограниченной ответственностью \"ОБОРОНСПЕЦСТРОЙ\"",
        "type": 1,
        "intragroup": false,
        "organization": "00000000-0000-0000-0000-000000000000",
        "organizationCode": "",
        "concernType": "00000000-0000-0000-0000-000000000000",
        "concernTypeCode": "",
        "noResident": false,
        "inn": "7734691114",
        "kpp": "772801001",
        "kppAdditional": "",
        "registrationNumber": "",
        "ogrn": "1127747177887",
        "okpo": "",
        "okved": "00000000-0000-0000-0000-000000000000",
        "okvedCode": "",
        "separateUnit": false,
        "partnerHead": "00000000-0000-0000-0000-000000000000",
        "bank": "00000000-0000-0000-0000-000000000000",
        "bankBIC": "",
        "okopf": "00000000-0000-0000-0000-000000000000",
        "okopfName": "",
        "reliabilitySupplier": 0,
        "reliabilityBuyer": 0,
        "verified": false,
        "dateVerified": "0001-01-01T00:00:00Z",
        "country": "4e127564-d74f-4dd9-bced-0327f0f4e061",
        "countryCode": "643",
        "region": "00000000-0000-0000-0000-000000000000",
        "regionCode": "",
        "contactInformation": [
            
        ]
    },
    {
        "guid": "d8708a57-8a97-11ee-b5b1-005056013b0c",
        "archive": false,
        "dateOutputArchive": "0001-01-01T00:00:00Z",
        "code": "61",
        "name": "РУССКАЯ СМАЗОЧНАЯ КОМПАНИЯ ОАО",
        "nameAbbreviated": "ОАО \"РУССКАЯ СМАЗОЧНАЯ КОМПАНИЯ\"",
        "nameFull": "Открытое акционерное общество \"РУССКАЯ СМАЗОЧНАЯ КОМПАНИЯ\"",
        "type": 1,
        "intragroup": false,
        "organization": "00000000-0000-0000-0000-000000000000",
        "organizationCode": "",
        "concernType": "00000000-0000-0000-0000-000000000000",
        "concernTypeCode": "",
        "noResident": false,
        "inn": "7730168418",
        "kpp": "081601001",
        "kppAdditional": "",
        "registrationNumber": "",
        "ogrn": "1037730016246",
        "okpo": "",
        "okved": "00000000-0000-0000-0000-000000000000",
        "okvedCode": "",
        "separateUnit": false,
        "partnerHead": "00000000-0000-0000-0000-000000000000",
        "bank": "00000000-0000-0000-0000-000000000000",
        "bankBIC": "",
        "okopf": "00000000-0000-0000-0000-000000000000",
        "okopfName": "",
        "reliabilitySupplier": 0,
        "reliabilityBuyer": 0,
        "verified": false,
        "dateVerified": "0001-01-01T00:00:00Z",
        "country": "4e127564-d74f-4dd9-bced-0327f0f4e061",
        "countryCode": "643",
        "region": "00000000-0000-0000-0000-000000000000",
        "regionCode": "",
        "contactInformation": [
            
        ]
    },
    {
        "guid": "d8708a58-8a97-11ee-b5b1-005056013b0c",
        "archive": false,
        "dateOutputArchive": "0001-01-01T00:00:00Z",
        "code": "62",
        "name": "МК ГИДРАВЛИКА ООО",
        "nameAbbreviated": "ООО \"МК ГИДРАВЛИКА\"",
        "nameFull": "Общество с ограниченной ответственностью \"МК ГИДРАВЛИКА\"",
        "type": 1,
        "intragroup": false,
        "organization": "00000000-0000-0000-0000-000000000000",
        "organizationCode": "",
        "concernType": "00000000-0000-0000-0000-000000000000",
        "concernTypeCode": "",
        "noResident": false,
        "inn": "7725809112",
        "kpp": "770101001",
        "kppAdditional": "",
        "registrationNumber": "",
        "ogrn": "5137746071470",
        "okpo": "",
        "okved": "00000000-0000-0000-0000-000000000000",
        "okvedCode": "",
        "separateUnit": false,
        "partnerHead": "00000000-0000-0000-0000-000000000000",
        "bank": "00000000-0000-0000-0000-000000000000",
        "bankBIC": "",
        "okopf": "00000000-0000-0000-0000-000000000000",
        "okopfName": "",
        "reliabilitySupplier": 0,
        "reliabilityBuyer": 0,
        "verified": false,
        "dateVerified": "0001-01-01T00:00:00Z",
        "country": "4e127564-d74f-4dd9-bced-0327f0f4e061",
        "countryCode": "643",
        "region": "00000000-0000-0000-0000-000000000000",
        "regionCode": "",
        "contactInformation": [
            
        ]
    },
    {
        "guid": "d8708a59-8a97-11ee-b5b1-005056013b0c",
        "archive": false,
        "dateOutputArchive": "0001-01-01T00:00:00Z",
        "code": "63",
        "name": "МЕТКОМПЛЕКТ ООО",
        "nameAbbreviated": "ООО \"МЕТКОМПЛЕКТ\"",
        "nameFull": "Общество с ограниченной ответственностью \"МЕТКОМПЛЕКТ\"",
        "type": 1,
        "intragroup": false,
        "organization": "00000000-0000-0000-0000-000000000000",
        "organizationCode": "",
        "concernType": "00000000-0000-0000-0000-000000000000",
        "concernTypeCode": "",
        "noResident": false,
        "inn": "6671048770",
        "kpp": "667101001",
        "kppAdditional": "",
        "registrationNumber": "",
        "ogrn": "1169658081185",
        "okpo": "",
        "okved": "00000000-0000-0000-0000-000000000000",
        "okvedCode": "",
        "separateUnit": false,
        "partnerHead": "00000000-0000-0000-0000-000000000000",
        "bank": "00000000-0000-0000-0000-000000000000",
        "bankBIC": "",
        "okopf": "00000000-0000-0000-0000-000000000000",
        "okopfName": "",
        "reliabilitySupplier": 0,
        "reliabilityBuyer": 0,
        "verified": false,
        "dateVerified": "0001-01-01T00:00:00Z",
        "country": "4e127564-d74f-4dd9-bced-0327f0f4e061",
        "countryCode": "643",
        "region": "00000000-0000-0000-0000-000000000000",
        "regionCode": "",
        "contactInformation": [
            
        ]
    },
    {
        "guid": "de73f33a-8a97-11ee-b5b1-005056013b0c",
        "archive": false,
        "dateOutputArchive": "0001-01-01T00:00:00Z",
        "code": "64",
        "name": "ПИТСТОПАВТО ООО",
        "nameAbbreviated": "ООО \"ПИТСТОПАВТО\"",
        "nameFull": "Общество с ограниченной ответственностью \"ПИТСТОПАВТО\"",
        "type": 1,
        "intragroup": false,
        "organization": "00000000-0000-0000-0000-000000000000",
        "organizationCode": "",
        "concernType": "00000000-0000-0000-0000-000000000000",
        "concernTypeCode": "",
        "noResident": false,
        "inn": "2465210727",
        "kpp": "246301001",
        "kppAdditional": "",
        "registrationNumber": "",
        "ogrn": "1082468032954",
        "okpo": "",
        "okved": "00000000-0000-0000-0000-000000000000",
        "okvedCode": "",
        "separateUnit": false,
        "partnerHead": "00000000-0000-0000-0000-000000000000",
        "bank": "00000000-0000-0000-0000-000000000000",
        "bankBIC": "",
        "okopf": "00000000-0000-0000-0000-000000000000",
        "okopfName": "",
        "reliabilitySupplier": 0,
        "reliabilityBuyer": 0,
        "verified": false,
        "dateVerified": "0001-01-01T00:00:00Z",
        "country": "4e127564-d74f-4dd9-bced-0327f0f4e061",
        "countryCode": "643",
        "region": "00000000-0000-0000-0000-000000000000",
        "regionCode": "",
        "contactInformation": [
            
        ]
    },
    {
        "guid": "de73f33b-8a97-11ee-b5b1-005056013b0c",
        "archive": false,
        "dateOutputArchive": "0001-01-01T00:00:00Z",
        "code": "65",
        "name": "КОНТИНЕНТАЛЬ ООО",
        "nameAbbreviated": "ООО \"КОНТИНЕНТАЛЬ\"",
        "nameFull": "Общество с ограниченной ответственностью \"КОНТИНЕНТАЛЬ\"",
        "type": 1,
        "intragroup": false,
        "organization": "00000000-0000-0000-0000-000000000000",
        "organizationCode": "",
        "concernType": "00000000-0000-0000-0000-000000000000",
        "concernTypeCode": "",
        "noResident": false,
        "inn": "2128036526",
        "kpp": "526101001",
        "kppAdditional": "",
        "registrationNumber": "",
        "ogrn": "1022101145241",
        "okpo": "",
        "okved": "00000000-0000-0000-0000-000000000000",
        "okvedCode": "",
        "separateUnit": false,
        "partnerHead": "00000000-0000-0000-0000-000000000000",
        "bank": "00000000-0000-0000-0000-000000000000",
        "bankBIC": "",
        "okopf": "00000000-0000-0000-0000-000000000000",
        "okopfName": "",
        "reliabilitySupplier": 0,
        "reliabilityBuyer": 0,
        "verified": false,
        "dateVerified": "0001-01-01T00:00:00Z",
        "country": "4e127564-d74f-4dd9-bced-0327f0f4e061",
        "countryCode": "643",
        "region": "00000000-0000-0000-0000-000000000000",
        "regionCode": "",
        "contactInformation": [
            
        ]
    },
    {
        "guid": "de73f33c-8a97-11ee-b5b1-005056013b0c",
        "archive": false,
        "dateOutputArchive": "0001-01-01T00:00:00Z",
        "code": "66",
        "name": "ЗОДИАК ООО",
        "nameAbbreviated": "ООО \"ЗОДИАК\"",
        "nameFull": "Общество с ограниченной ответственностью \"ЗОДИАК\"",
        "type": 1,
        "intragroup": false,
        "organization": "00000000-0000-0000-0000-000000000000",
        "organizationCode": "",
        "concernType": "00000000-0000-0000-0000-000000000000",
        "concernTypeCode": "",
        "noResident": false,
        "inn": "2127309033",
        "kpp": "213001001",
        "kppAdditional": "",
        "registrationNumber": "",
        "ogrn": "1022100978338",
        "okpo": "",
        "okved": "00000000-0000-0000-0000-000000000000",
        "okvedCode": "",
        "separateUnit": false,
        "partnerHead": "00000000-0000-0000-0000-000000000000",
        "bank": "00000000-0000-0000-0000-000000000000",
        "bankBIC": "",
        "okopf": "00000000-0000-0000-0000-000000000000",
        "okopfName": "",
        "reliabilitySupplier": 0,
        "reliabilityBuyer": 0,
        "verified": false,
        "dateVerified": "0001-01-01T00:00:00Z",
        "country": "4e127564-d74f-4dd9-bced-0327f0f4e061",
        "countryCode": "643",
        "region": "00000000-0000-0000-0000-000000000000",
        "regionCode": "",
        "contactInformation": [
            
        ]
    },
    {
        "guid": "de73f33d-8a97-11ee-b5b1-005056013b0c",
        "archive": false,
        "dateOutputArchive": "0001-01-01T00:00:00Z",
        "code": "67",
        "name": "РОСИНКАС ОБЪЕДИНЕНИЕ",
        "nameAbbreviated": "ОБЪЕДИНЕНИЕ \"РОСИНКАС\"",
        "nameFull": "РОССИЙСКОЕ ОБЪЕДИНЕНИЕ ИНКАССАЦИИ (РОСИНКАС) ЦЕНТРАЛЬНОГО БАНКА РОССИЙСКОЙ ФЕДЕРАЦИИ (БАНКА РОССИИ)",
        "type": 1,
        "intragroup": false,
        "organization": "00000000-0000-0000-0000-000000000000",
        "organizationCode": "",
        "concernType": "00000000-0000-0000-0000-000000000000",
        "concernTypeCode": "",
        "noResident": false,
        "inn": "7703030058",
        "kpp": "770701001",
        "kppAdditional": "",
        "registrationNumber": "",
        "ogrn": "1027739529641",
        "okpo": "",
        "okved": "00000000-0000-0000-0000-000000000000",
        "okvedCode": "",
        "separateUnit": true,
        "partnerHead": "00000000-0000-0000-0000-000000000000",
        "bank": "00000000-0000-0000-0000-000000000000",
        "bankBIC": "",
        "okopf": "00000000-0000-0000-0000-000000000000",
        "okopfName": "",
        "reliabilitySupplier": 0,
        "reliabilityBuyer": 0,
        "verified": false,
        "dateVerified": "0001-01-01T00:00:00Z",
        "country": "4e127564-d74f-4dd9-bced-0327f0f4e061",
        "countryCode": "643",
        "region": "00000000-0000-0000-0000-000000000000",
        "regionCode": "",
        "contactInformation": [
            
        ]
    },
    {
        "guid": "de73f33e-8a97-11ee-b5b1-005056013b0c",
        "archive": false,
        "dateOutputArchive": "0001-01-01T00:00:00Z",
        "code": "68",
        "name": "ПЭК ООО",
        "nameAbbreviated": "ООО \"ПЭК\"",
        "nameFull": "Общество с ограниченной ответственностью \"ПЕРВАЯ ЭКСПЕДИЦИОННАЯ КОМПАНИЯ\"",
        "type": 1,
        "intragroup": false,
        "organization": "00000000-0000-0000-0000-000000000000",
        "organizationCode": "",
        "concernType": "00000000-0000-0000-0000-000000000000",
        "concernTypeCode": "",
        "noResident": false,
        "inn": "7721823853",
        "kpp": "772101001",
        "kppAdditional": "",
        "registrationNumber": "",
        "ogrn": "1147746182748",
        "okpo": "",
        "okved": "00000000-0000-0000-0000-000000000000",
        "okvedCode": "",
        "separateUnit": true,
        "partnerHead": "00000000-0000-0000-0000-000000000000",
        "bank": "00000000-0000-0000-0000-000000000000",
        "bankBIC": "",
        "okopf": "00000000-0000-0000-0000-000000000000",
        "okopfName": "",
        "reliabilitySupplier": 0,
        "reliabilityBuyer": 0,
        "verified": false,
        "dateVerified": "0001-01-01T00:00:00Z",
        "country": "4e127564-d74f-4dd9-bced-0327f0f4e061",
        "countryCode": "643",
        "region": "00000000-0000-0000-0000-000000000000",
        "regionCode": "",
        "contactInformation": [
            
        ]
    },
    {
        "guid": "de73f33f-8a97-11ee-b5b1-005056013b0c",
        "archive": false,
        "dateOutputArchive": "0001-01-01T00:00:00Z",
        "code": "69",
        "name": "ЛЕНТА АО",
        "nameAbbreviated": "АО \"ЛЕНТА\"",
        "nameFull": "Акционерное общество \"ЛЕНТА\"",
        "type": 1,
        "intragroup": false,
        "organization": "00000000-0000-0000-0000-000000000000",
        "organizationCode": "",
        "concernType": "00000000-0000-0000-0000-000000000000",
        "concernTypeCode": "",
        "noResident": false,
        "inn": "2127008692",
        "kpp": "213001001",
        "kppAdditional": "",
        "registrationNumber": "",
        "ogrn": "1022100969890",
        "okpo": "",
        "okved": "00000000-0000-0000-0000-000000000000",
        "okvedCode": "",
        "separateUnit": false,
        "partnerHead": "00000000-0000-0000-0000-000000000000",
        "bank": "00000000-0000-0000-0000-000000000000",
        "bankBIC": "",
        "okopf": "00000000-0000-0000-0000-000000000000",
        "okopfName": "",
        "reliabilitySupplier": 0,
        "reliabilityBuyer": 0,
        "verified": false,
        "dateVerified": "0001-01-01T00:00:00Z",
        "country": "4e127564-d74f-4dd9-bced-0327f0f4e061",
        "countryCode": "643",
        "region": "00000000-0000-0000-0000-000000000000",
        "regionCode": "",
        "contactInformation": [
            
        ]
    },
    {
        "guid": "de73f340-8a97-11ee-b5b1-005056013b0c",
        "archive": false,
        "dateOutputArchive": "0001-01-01T00:00:00Z",
        "code": "70",
        "name": "РЖД ОАО",
        "nameAbbreviated": "ОАО \"РЖД\"",
        "nameFull": "Открытое акционерное общество \"РОССИЙСКИЕ ЖЕЛЕЗНЫЕ ДОРОГИ\"",
        "type": 1,
        "intragroup": false,
        "organization": "00000000-0000-0000-0000-000000000000",
        "organizationCode": "",
        "concernType": "00000000-0000-0000-0000-000000000000",
        "concernTypeCode": "",
        "noResident": false,
        "inn": "7708503727",
        "kpp": "770801001",
        "kppAdditional": "",
        "registrationNumber": "",
        "ogrn": "1037739877295",
        "okpo": "",
        "okved": "00000000-0000-0000-0000-000000000000",
        "okvedCode": "",
        "separateUnit": true,
        "partnerHead": "00000000-0000-0000-0000-000000000000",
        "bank": "00000000-0000-0000-0000-000000000000",
        "bankBIC": "",
        "okopf": "00000000-0000-0000-0000-000000000000",
        "okopfName": "",
        "reliabilitySupplier": 0,
        "reliabilityBuyer": 0,
        "verified": false,
        "dateVerified": "0001-01-01T00:00:00Z",
        "country": "4e127564-d74f-4dd9-bced-0327f0f4e061",
        "countryCode": "643",
        "region": "00000000-0000-0000-0000-000000000000",
        "regionCode": "",
        "contactInformation": [
            
        ]
    },
    {
        "guid": "de73f341-8a97-11ee-b5b1-005056013b0c",
        "archive": false,
        "dateOutputArchive": "0001-01-01T00:00:00Z",
        "code": "71",
        "name": "ИД ГРАНИ МИНКУЛЬТУРЫ ЧУВАШИИ ГУП",
        "nameAbbreviated": "ГУП \"ИД \"ГРАНИ\" МИНКУЛЬТУРЫ ЧУВАШИИ",
        "nameFull": "ГОСУДАРСТВЕННОЕ УНИТАРНОЕ ПРЕДПРИЯТИЕ ЧУВАШСКОЙ РЕСПУБЛИКИ \"ИЗДАТЕЛЬСКИЙ ДОМ \"ГРАНИ\" МИНИСТЕРСТВА КУЛЬТУРЫ, ПО ДЕЛАМ НАЦИОНАЛЬНОСТЕЙ, ИНФОРМАЦИОННОЙ ПОЛИТИКИ И АРХИВНОГО ДЕЛА ЧУВАШСКОЙ РЕСПУБЛИКИ",
        "type": 1,
        "intragroup": false,
        "organization": "00000000-0000-0000-0000-000000000000",
        "organizationCode": "",
        "concernType": "00000000-0000-0000-0000-000000000000",
        "concernTypeCode": "",
        "noResident": false,
        "inn": "2124010005",
        "kpp": "212401001",
        "kppAdditional": "",
        "registrationNumber": "",
        "ogrn": "1022100907730",
        "okpo": "",
        "okved": "00000000-0000-0000-0000-000000000000",
        "okvedCode": "",
        "separateUnit": false,
        "partnerHead": "00000000-0000-0000-0000-000000000000",
        "bank": "00000000-0000-0000-0000-000000000000",
        "bankBIC": "",
        "okopf": "00000000-0000-0000-0000-000000000000",
        "okopfName": "",
        "reliabilitySupplier": 0,
        "reliabilityBuyer": 0,
        "verified": false,
        "dateVerified": "0001-01-01T00:00:00Z",
        "country": "4e127564-d74f-4dd9-bced-0327f0f4e061",
        "countryCode": "643",
        "region": "00000000-0000-0000-0000-000000000000",
        "regionCode": "",
        "contactInformation": [
            
        ]
    },
    {
        "guid": "de73f342-8a97-11ee-b5b1-005056013b0c",
        "archive": false,
        "dateOutputArchive": "0001-01-01T00:00:00Z",
        "code": "72",
        "name": "АВИА - МОСТ ООО",
        "nameAbbreviated": "ООО \"АВИА - МОСТ\"",
        "nameFull": "Общество с ограниченной ответственностью \"АВИА - МОСТ\"",
        "type": 1,
        "intragroup": false,
        "organization": "00000000-0000-0000-0000-000000000000",
        "organizationCode": "",
        "concernType": "00000000-0000-0000-0000-000000000000",
        "concernTypeCode": "",
        "noResident": false,
        "inn": "2130008822",
        "kpp": "213001001",
        "kppAdditional": "",
        "registrationNumber": "",
        "ogrn": "1062130013626",
        "okpo": "",
        "okved": "00000000-0000-0000-0000-000000000000",
        "okvedCode": "",
        "separateUnit": false,
        "partnerHead": "00000000-0000-0000-0000-000000000000",
        "bank": "00000000-0000-0000-0000-000000000000",
        "bankBIC": "",
        "okopf": "00000000-0000-0000-0000-000000000000",
        "okopfName": "",
        "reliabilitySupplier": 0,
        "reliabilityBuyer": 0,
        "verified": false,
        "dateVerified": "0001-01-01T00:00:00Z",
        "country": "4e127564-d74f-4dd9-bced-0327f0f4e061",
        "countryCode": "643",
        "region": "00000000-0000-0000-0000-000000000000",
        "regionCode": "",
        "contactInformation": [
            
        ]
    },
    {
        "guid": "de73f343-8a97-11ee-b5b1-005056013b0c",
        "archive": false,
        "dateOutputArchive": "0001-01-01T00:00:00Z",
        "code": "73",
        "name": "ПЛАСТМАСС ГРЕБЕ ООО",
        "nameAbbreviated": "ООО \"ПЛАСТМАСС ГРЕБЕ\"",
        "nameFull": "Общество с ограниченной ответственностью \"ПЛАСТМАСС ГРЕБЕ\"",
        "type": 1,
        "intragroup": false,
        "organization": "00000000-0000-0000-0000-000000000000",
        "organizationCode": "",
        "concernType": "00000000-0000-0000-0000-000000000000",
        "concernTypeCode": "",
        "noResident": false,
        "inn": "7724594023",
        "kpp": "772401001",
        "kppAdditional": "",
        "registrationNumber": "",
        "ogrn": "1067758221211",
        "okpo": "",
        "okved": "00000000-0000-0000-0000-000000000000",
        "okvedCode": "",
        "separateUnit": false,
        "partnerHead": "00000000-0000-0000-0000-000000000000",
        "bank": "00000000-0000-0000-0000-000000000000",
        "bankBIC": "",
        "okopf": "00000000-0000-0000-0000-000000000000",
        "okopfName": "",
        "reliabilitySupplier": 0,
        "reliabilityBuyer": 0,
        "verified": false,
        "dateVerified": "0001-01-01T00:00:00Z",
        "country": "4e127564-d74f-4dd9-bced-0327f0f4e061",
        "countryCode": "643",
        "region": "00000000-0000-0000-0000-000000000000",
        "regionCode": "",
        "contactInformation": [
            
        ]
    },
    {
        "guid": "de73f344-8a97-11ee-b5b1-005056013b0c",
        "archive": false,
        "dateOutputArchive": "0001-01-01T00:00:00Z",
        "code": "74",
        "name": "РЕКЛАМНОЕ АГЕНТСТВО СПЕКТР ООО",
        "nameAbbreviated": "ООО \"РЕКЛАМНОЕ АГЕНТСТВО \"СПЕКТР\"",
        "nameFull": "Общество с ограниченной ответственностью \"РЕКЛАМНОЕ АГЕНТСТВО \"СПЕКТР\"",
        "type": 1,
        "intragroup": false,
        "organization": "00000000-0000-0000-0000-000000000000",
        "organizationCode": "",
        "concernType": "00000000-0000-0000-0000-000000000000",
        "concernTypeCode": "",
        "noResident": false,
        "inn": "4824025410",
        "kpp": "482601001",
        "kppAdditional": "",
        "registrationNumber": "",
        "ogrn": "1024840828143",
        "okpo": "",
        "okved": "00000000-0000-0000-0000-000000000000",
        "okvedCode": "",
        "separateUnit": false,
        "partnerHead": "00000000-0000-0000-0000-000000000000",
        "bank": "00000000-0000-0000-0000-000000000000",
        "bankBIC": "",
        "okopf": "00000000-0000-0000-0000-000000000000",
        "okopfName": "",
        "reliabilitySupplier": 0,
        "reliabilityBuyer": 0,
        "verified": false,
        "dateVerified": "0001-01-01T00:00:00Z",
        "country": "4e127564-d74f-4dd9-bced-0327f0f4e061",
        "countryCode": "643",
        "region": "00000000-0000-0000-0000-000000000000",
        "regionCode": "",
        "contactInformation": [
            
        ]
    },
    {
        "guid": "de73f345-8a97-11ee-b5b1-005056013b0c",
        "archive": false,
        "dateOutputArchive": "0001-01-01T00:00:00Z",
        "code": "75",
        "name": "РЖД ОАО",
        "nameAbbreviated": "ОАО \"РЖД\"",
        "nameFull": "Открытое акционерное общество \"РОССИЙСКИЕ ЖЕЛЕЗНЫЕ ДОРОГИ\"",
        "type": 1,
        "intragroup": false,
        "organization": "00000000-0000-0000-0000-000000000000",
        "organizationCode": "",
        "concernType": "00000000-0000-0000-0000-000000000000",
        "concernTypeCode": "",
        "noResident": false,
        "inn": "7708503727",
        "kpp": "770801001",
        "kppAdditional": "",
        "registrationNumber": "",
        "ogrn": "1037739877295",
        "okpo": "",
        "okved": "00000000-0000-0000-0000-000000000000",
        "okvedCode": "",
        "separateUnit": true,
        "partnerHead": "00000000-0000-0000-0000-000000000000",
        "bank": "00000000-0000-0000-0000-000000000000",
        "bankBIC": "",
        "okopf": "00000000-0000-0000-0000-000000000000",
        "okopfName": "",
        "reliabilitySupplier": 0,
        "reliabilityBuyer": 0,
        "verified": false,
        "dateVerified": "0001-01-01T00:00:00Z",
        "country": "4e127564-d74f-4dd9-bced-0327f0f4e061",
        "countryCode": "643",
        "region": "00000000-0000-0000-0000-000000000000",
        "regionCode": "",
        "contactInformation": [
            
        ]
    },
    {
        "guid": "de73f346-8a97-11ee-b5b1-005056013b0c",
        "archive": false,
        "dateOutputArchive": "0001-01-01T00:00:00Z",
        "code": "76",
        "name": "ЭИ-РЕСУРС ООО",
        "nameAbbreviated": "ООО \"ЭИ-РЕСУРС\"",
        "nameFull": "Общество с ограниченной ответственностью \"ЭИ-РЕСУРС\"",
        "type": 1,
        "intragroup": false,
        "organization": "00000000-0000-0000-0000-000000000000",
        "organizationCode": "",
        "concernType": "00000000-0000-0000-0000-000000000000",
        "concernTypeCode": "",
        "noResident": false,
        "inn": "7722266210",
        "kpp": "773301001",
        "kppAdditional": "",
        "registrationNumber": "",
        "ogrn": "1027739774138",
        "okpo": "",
        "okved": "00000000-0000-0000-0000-000000000000",
        "okvedCode": "",
        "separateUnit": false,
        "partnerHead": "00000000-0000-0000-0000-000000000000",
        "bank": "00000000-0000-0000-0000-000000000000",
        "bankBIC": "",
        "okopf": "00000000-0000-0000-0000-000000000000",
        "okopfName": "",
        "reliabilitySupplier": 0,
        "reliabilityBuyer": 0,
        "verified": false,
        "dateVerified": "0001-01-01T00:00:00Z",
        "country": "4e127564-d74f-4dd9-bced-0327f0f4e061",
        "countryCode": "643",
        "region": "00000000-0000-0000-0000-000000000000",
        "regionCode": "",
        "contactInformation": [
            
        ]
    },
    {
        "guid": "de73f349-8a97-11ee-b5b1-005056013b0c",
        "archive": false,
        "dateOutputArchive": "0001-01-01T00:00:00Z",
        "code": "79",
        "name": "ЭКСПРЕСС-МАРКЕТ ООО",
        "nameAbbreviated": "ООО \"ЭКСПРЕСС-МАРКЕТ\"",
        "nameFull": "Общество с ограниченной ответственностью \"ЭКСПРЕСС-МАРКЕТ\"",
        "type": 1,
        "intragroup": false,
        "organization": "00000000-0000-0000-0000-000000000000",
        "organizationCode": "",
        "concernType": "00000000-0000-0000-0000-000000000000",
        "concernTypeCode": "",
        "noResident": false,
        "inn": "2129036649",
        "kpp": "213001001",
        "kppAdditional": "",
        "registrationNumber": "",
        "ogrn": "1022101275954",
        "okpo": "",
        "okved": "00000000-0000-0000-0000-000000000000",
        "okvedCode": "",
        "separateUnit": false,
        "partnerHead": "00000000-0000-0000-0000-000000000000",
        "bank": "00000000-0000-0000-0000-000000000000",
        "bankBIC": "",
        "okopf": "00000000-0000-0000-0000-000000000000",
        "okopfName": "",
        "reliabilitySupplier": 0,
        "reliabilityBuyer": 0,
        "verified": false,
        "dateVerified": "0001-01-01T00:00:00Z",
        "country": "4e127564-d74f-4dd9-bced-0327f0f4e061",
        "countryCode": "643",
        "region": "00000000-0000-0000-0000-000000000000",
        "regionCode": "",
        "contactInformation": [
            
        ]
    },
    {
        "guid": "de73f34b-8a97-11ee-b5b1-005056013b0c",
        "archive": false,
        "dateOutputArchive": "0001-01-01T00:00:00Z",
        "code": "81",
        "name": "ЮНИМИЛК ООО",
        "nameAbbreviated": "ООО \"ЮНИМИЛК\"",
        "nameFull": "Общество с ограниченной ответственностью \"ЮНИМИЛК\"",
        "type": 1,
        "intragroup": false,
        "organization": "00000000-0000-0000-0000-000000000000",
        "organizationCode": "",
        "concernType": "00000000-0000-0000-0000-000000000000",
        "concernTypeCode": "",
        "noResident": false,
        "inn": "7714285185",
        "kpp": "770301001",
        "kppAdditional": "",
        "registrationNumber": "",
        "ogrn": "1027714021598",
        "okpo": "",
        "okved": "00000000-0000-0000-0000-000000000000",
        "okvedCode": "",
        "separateUnit": true,
        "partnerHead": "00000000-0000-0000-0000-000000000000",
        "bank": "00000000-0000-0000-0000-000000000000",
        "bankBIC": "",
        "okopf": "00000000-0000-0000-0000-000000000000",
        "okopfName": "",
        "reliabilitySupplier": 0,
        "reliabilityBuyer": 0,
        "verified": false,
        "dateVerified": "0001-01-01T00:00:00Z",
        "country": "4e127564-d74f-4dd9-bced-0327f0f4e061",
        "countryCode": "643",
        "region": "00000000-0000-0000-0000-000000000000",
        "regionCode": "",
        "contactInformation": [
            
        ]
    },
    {
        "guid": "de73f34a-8a97-11ee-b5b1-005056013b0c",
        "archive": false,
        "dateOutputArchive": "0001-01-01T00:00:00Z",
        "code": "80",
        "name": "РЦПП КВАЛИТЕТ ООО",
        "nameAbbreviated": "ООО \"РЦПП \"КВАЛИТЕТ\"",
        "nameFull": "Общество с ограниченной ответственностью \"РЕГИОНАЛЬНЫЙ ЦЕНТР ПРУЖИННОГО ПРОИЗВОДСТВА \"КВАЛИТЕТ\"",
        "type": 1,
        "intragroup": false,
        "organization": "00000000-0000-0000-0000-000000000000",
        "organizationCode": "",
        "concernType": "00000000-0000-0000-0000-000000000000",
        "concernTypeCode": "",
        "noResident": false,
        "inn": "7814142906",
        "kpp": "781401001",
        "kppAdditional": "",
        "registrationNumber": "",
        "ogrn": "1037832035603",
        "okpo": "",
        "okved": "00000000-0000-0000-0000-000000000000",
        "okvedCode": "",
        "separateUnit": false,
        "partnerHead": "00000000-0000-0000-0000-000000000000",
        "bank": "00000000-0000-0000-0000-000000000000",
        "bankBIC": "",
        "okopf": "00000000-0000-0000-0000-000000000000",
        "okopfName": "",
        "reliabilitySupplier": 0,
        "reliabilityBuyer": 0,
        "verified": false,
        "dateVerified": "0001-01-01T00:00:00Z",
        "country": "4e127564-d74f-4dd9-bced-0327f0f4e061",
        "countryCode": "643",
        "region": "00000000-0000-0000-0000-000000000000",
        "regionCode": "",
        "contactInformation": [
            {
                "type": 1,
                "typeInformation": 1,
                "performance": "197343, Город Санкт-Петербург, ул. Новосибирская, дом 19, квартира 42",
                "country": "Россия",
                "region": "Санкт-Петербург г",
                "city": "",
                "email": "",
                "phone": ""
            }
        ]
    },
    {
        "guid": "de73f347-8a97-11ee-b5b1-005056013b0c",
        "archive": false,
        "dateOutputArchive": "0001-01-01T00:00:00Z",
        "code": "77",
        "name": "РЕКЛАМНОЕ АГЕНТСТВО ВОЛГА ЭЛ-ПРЕСС ООО",
        "nameAbbreviated": "ООО \"РЕКЛАМНОЕ АГЕНТСТВО \"ВОЛГА ЭЛ-ПРЕСС\"",
        "nameFull": "Общество с ограниченной ответственностью \"РЕКЛАМНОЕ АГЕНТСТВО \"ВОЛГА ЭЛ-ПРЕСС\"",
        "type": 1,
        "intragroup": false,
        "organization": "00000000-0000-0000-0000-000000000000",
        "organizationCode": "",
        "concernType": "78f12e4b-8aa4-11ee-b5b1-005056013b0c",
        "concernTypeCode": "000000005",
        "noResident": false,
        "inn": "2127324144",
        "kpp": "212901001",
        "kppAdditional": "",
        "registrationNumber": "",
        "ogrn": "1032127002544",
        "okpo": "",
        "okved": "00000000-0000-0000-0000-000000000000",
        "okvedCode": "",
        "separateUnit": false,
        "partnerHead": "00000000-0000-0000-0000-000000000000",
        "bank": "00000000-0000-0000-0000-000000000000",
        "bankBIC": "",
        "okopf": "00000000-0000-0000-0000-000000000000",
        "okopfName": "",
        "reliabilitySupplier": 0,
        "reliabilityBuyer": 0,
        "verified": false,
        "dateVerified": "0001-01-01T00:00:00Z",
        "country": "4e127564-d74f-4dd9-bced-0327f0f4e061",
        "countryCode": "643",
        "region": "00000000-0000-0000-0000-000000000000",
        "regionCode": "",
        "contactInformation": [
            {
                "type": 1,
                "typeInformation": 1,
                "performance": "428000, Чувашская Республика - Чувашия, г. Чебоксары, ул. С.Михайлова, дом 1",
                "country": "Россия",
                "region": "Чувашская Республика - Чувашия",
                "city": "Чебоксары г.",
                "email": "",
                "phone": ""
            }
        ]
    },
    {
        "guid": "de73f348-8a97-11ee-b5b1-005056013b0c",
        "archive": false,
        "dateOutputArchive": "0001-01-01T00:00:00Z",
        "code": "78",
        "name": "ИНТЕГРУМ-ТЕХНО ЗАО",
        "nameAbbreviated": "ЗАО \"ИНТЕГРУМ-ТЕХНО\"",
        "nameFull": "Закрытое акционерное общество \"ИНТЕГРУМ-ТЕХНО\"",
        "type": 1,
        "intragroup": false,
        "organization": "00000000-0000-0000-0000-000000000000",
        "organizationCode": "",
        "concernType": "00000000-0000-0000-0000-000000000000",
        "concernTypeCode": "",
        "noResident": false,
        "inn": "7706114193",
        "kpp": "770401001",
        "kppAdditional": "",
        "registrationNumber": "",
        "ogrn": "1027739654447",
        "okpo": "",
        "okved": "00000000-0000-0000-0000-000000000000",
        "okvedCode": "",
        "separateUnit": false,
        "partnerHead": "00000000-0000-0000-0000-000000000000",
        "bank": "00000000-0000-0000-0000-000000000000",
        "bankBIC": "",
        "okopf": "00000000-0000-0000-0000-000000000000",
        "okopfName": "",
        "reliabilitySupplier": 0,
        "reliabilityBuyer": 0,
        "verified": false,
        "dateVerified": "0001-01-01T00:00:00Z",
        "country": "4e127564-d74f-4dd9-bced-0327f0f4e061",
        "countryCode": "643",
        "region": "00000000-0000-0000-0000-000000000000",
        "regionCode": "",
        "contactInformation": [
            {
                "type": 1,
                "typeInformation": 1,
                "performance": "119034, Город Москва, пер. Левшинский М., дом 10, ПОМIV",
                "country": "Россия",
                "region": "Москва г",
                "city": "",
                "email": "",
                "phone": ""
            }
        ]
    },
    {
        "guid": "acc28298-8e8b-11ee-b5b1-005056013b0c",
        "archive": false,
        "dateOutputArchive": "0001-01-01T00:00:00Z",
        "code": "83       ",
        "name": "ПРОМЛИТ ООО",
        "nameAbbreviated": "ООО \"ПРОМЛИТ\"",
        "nameFull": "Общество с ограниченной ответственностью \"ЗАВОД ПРОМЫШЛЕННОГО ЛИТЬЯ\"",
        "type": 1,
        "intragroup": false,
        "organization": "00000000-0000-0000-0000-000000000000",
        "organizationCode": "",
        "concernType": "00000000-0000-0000-0000-000000000000",
        "concernTypeCode": "",
        "noResident": false,
        "inn": "2130211126",
        "kpp": "213001001",
        "kppAdditional": "",
        "registrationNumber": "",
        "ogrn": "1192130006298",
        "okpo": "",
        "okved": "00000000-0000-0000-0000-000000000000",
        "okvedCode": "",
        "separateUnit": false,
        "partnerHead": "00000000-0000-0000-0000-000000000000",
        "bank": "00000000-0000-0000-0000-000000000000",
        "bankBIC": "",
        "okopf": "00000000-0000-0000-0000-000000000000",
        "okopfName": "",
        "reliabilitySupplier": 0,
        "reliabilityBuyer": 0,
        "verified": false,
        "dateVerified": "0001-01-01T00:00:00Z",
        "country": "4e127564-d74f-4dd9-bced-0327f0f4e061",
        "countryCode": "643",
        "region": "00000000-0000-0000-0000-000000000000",
        "regionCode": "",
        "contactInformation": [
            {
                "type": 1,
                "typeInformation": 1,
                "performance": "428028, Чувашская Республика - Чувашия, г. Чебоксары, пр-кт Тракторостроителей, дом 101, литера 35, ЧАСТЬ 1, помещение 203",
                "country": "Россия",
                "region": "Чувашская Республика - Чувашия",
                "city": "Чебоксары г.",
                "email": "",
                "phone": ""
            }
        ]
    },
    {
        "guid": "e214f965-8f47-11ee-b5b1-005056013b0c",
        "archive": false,
        "dateOutputArchive": "0001-01-01T00:00:00Z",
        "code": "84       ",
        "name": "ПК ЧАЗ ООО",
        "nameAbbreviated": "ООО \"ПК \"ЧАЗ\"",
        "nameFull": "Общество с ограниченной ответственностью \"ПРОИЗВОДСТВЕННАЯ КОМПАНИЯ \"ЧЕБОКСАРСКИЙ АГРЕГАТНЫЙ ЗАВОД\"",
        "type": 1,
        "intragroup": false,
        "organization": "00000000-0000-0000-0000-000000000000",
        "organizationCode": "",
        "concernType": "00000000-0000-0000-0000-000000000000",
        "concernTypeCode": "",
        "noResident": false,
        "inn": "2130212659",
        "kpp": "213001001",
        "kppAdditional": "",
        "registrationNumber": "",
        "ogrn": "1192130008498",
        "okpo": "",
        "okved": "00000000-0000-0000-0000-000000000000",
        "okvedCode": "",
        "separateUnit": false,
        "partnerHead": "00000000-0000-0000-0000-000000000000",
        "bank": "00000000-0000-0000-0000-000000000000",
        "bankBIC": "",
        "okopf": "00000000-0000-0000-0000-000000000000",
        "okopfName": "",
        "reliabilitySupplier": 0,
        "reliabilityBuyer": 0,
        "verified": false,
        "dateVerified": "0001-01-01T00:00:00Z",
        "country": "4e127564-d74f-4dd9-bced-0327f0f4e061",
        "countryCode": "643",
        "region": "00000000-0000-0000-0000-000000000000",
        "regionCode": "",
        "contactInformation": [
            {
                "type": 1,
                "typeInformation": 1,
                "performance": "428022, Чувашская Республика - Чувашия, г. Чебоксары, пр-кт Мира, дом 1, литер 5, кабинет 410",
                "country": "Россия",
                "region": "Чувашская Республика - Чувашия",
                "city": "Чебоксары г.",
                "email": "",
                "phone": ""
            }
        ]
    },
    {
        "guid": "d8708a2e-8a97-11ee-b5b1-005056013b0c",
        "archive": false,
        "dateOutputArchive": "0001-01-01T00:00:00Z",
        "code": "20",
        "name": "ВАГОН АО",
        "nameAbbreviated": "АО \"ВАГОН\"",
        "nameFull": "Акционерное общество \"ВАГОН\"",
        "type": 1,
        "intragroup": false,
        "organization": "00000000-0000-0000-0000-000000000000",
        "organizationCode": "",
        "concernType": "00000000-0000-0000-0000-000000000000",
        "concernTypeCode": "",
        "noResident": false,
        "inn": "2128701370",
        "kpp": "212301001",
        "kppAdditional": "",
        "registrationNumber": "",
        "ogrn": "1052128019019",
        "okpo": "",
        "okved": "00000000-0000-0000-0000-000000000000",
        "okvedCode": "",
        "separateUnit": false,
        "partnerHead": "00000000-0000-0000-0000-000000000000",
        "bank": "00000000-0000-0000-0000-000000000000",
        "bankBIC": "",
        "okopf": "00000000-0000-0000-0000-000000000000",
        "okopfName": "",
        "reliabilitySupplier": 0,
        "reliabilityBuyer": 0,
        "verified": false,
        "dateVerified": "0001-01-01T00:00:00Z",
        "country": "4e127564-d74f-4dd9-bced-0327f0f4e061",
        "countryCode": "643",
        "region": "00000000-0000-0000-0000-000000000000",
        "regionCode": "",
        "contactInformation": [
            {
                "type": 2,
                "typeInformation": 4,
                "performance": "12345",
                "country": "",
                "region": "",
                "city": "",
                "email": "",
                "phone": "12345"
            },
            {
                "type": 1,
                "typeInformation": 1,
                "performance": "Москава",
                "country": "РОССИЯ",
                "region": "Москава",
                "city": "",
                "email": "",
                "phone": ""
            }
        ]
    }
]
]]></system-out>
  </testcase>
  <testcase name="getPartnerList" classname="AutoTest.PartnerTest" time="0.712">
    <failure message="1 expectation failed.&#10;JSON path size() doesn&apos;t match.&#10;Expected: is &lt;200&gt;&#10;  Actual: &lt;76&gt;&#10;" type="java.lang.AssertionError"><![CDATA[java.lang.AssertionError: 
1 expectation failed.
JSON path size() doesn't match.
Expected: is <200>
  Actual: <76>

	at AutoTest.PartnerTest.getPartnerList(PartnerTest.java:69)
]]></failure>
    <system-out><![CDATA[HTTP/1.1 200 OK
Date: Wed, 13 Dec 2023 08:21:54 GMT
Server: Apache/2.4.23 (Win64)
Content-Length: 100759
Keep-Alive: timeout=5, max=99
Connection: Keep-Alive
Content-Type: application/json; charset=utf-8

[
    {
        "guid": "d8708a2f-8a97-11ee-b5b1-005056013b0c",
        "archive": false,
        "dateOutputArchive": "0001-01-01T00:00:00Z",
        "code": "21",
        "name": "ФРИКЦИОН ООО",
        "nameAbbreviated": "ООО \"ФРИКЦИОН\"",
        "nameFull": "Общество с ограниченной ответственностью \"ФРИКЦИОН\"",
        "type": 1,
        "intragroup": false,
        "organization": "00000000-0000-0000-0000-000000000000",
        "organizationCode": "",
        "concernType": "00000000-0000-0000-0000-000000000000",
        "concernTypeCode": "",
        "noResident": false,
        "inn": "2225146732",
        "kpp": "222501001",
        "kppAdditional": "",
        "registrationNumber": "",
        "ogrn": "1142225002567",
        "okpo": "",
        "okved": "00000000-0000-0000-0000-000000000000",
        "okvedCode": "",
        "separateUnit": false,
        "partnerHead": "00000000-0000-0000-0000-000000000000",
        "bank": "00000000-0000-0000-0000-000000000000",
        "bankBIC": "",
        "okopf": "00000000-0000-0000-0000-000000000000",
        "okopfName": "",
        "reliabilitySupplier": 0,
        "reliabilityBuyer": 0,
        "verified": false,
        "dateVerified": "0001-01-01T00:00:00Z",
        "country": "4e127564-d74f-4dd9-bced-0327f0f4e061",
        "countryCode": "643",
        "region": "00000000-0000-0000-0000-000000000000",
        "regionCode": "",
        "contactInformation": [
            
        ]
    },
    {
        "guid": "5ef29a6c-8a21-11ee-b5b1-005056013b0c",
        "archive": false,
        "dateOutputArchive": "0001-01-01T00:00:00Z",
        "code": "6",
        "name": "ТОО Сауран Алем",
        "nameAbbreviated": "ТОО Сауран Алем",
        "nameFull": "Товарищество с ограниченной ответственностью Сауран Алем",
        "type": 1,
        "intragroup": false,
        "organization": "00000000-0000-0000-0000-000000000000",
        "organizationCode": "",
        "concernType": "00000000-0000-0000-0000-000000000000",
        "concernTypeCode": "",
        "noResident": true,
        "inn": "",
        "kpp": "",
        "kppAdditional": "",
        "registrationNumber": "000064184",
        "ogrn": "",
        "okpo": "",
        "okved": "00000000-0000-0000-0000-000000000000",
        "okvedCode": "",
        "separateUnit": false,
        "partnerHead": "00000000-0000-0000-0000-000000000000",
        "bank": "00000000-0000-0000-0000-000000000000",
        "bankBIC": "",
        "okopf": "00000000-0000-0000-0000-000000000000",
        "okopfName": "",
        "reliabilitySupplier": 0,
        "reliabilityBuyer": 0,
        "verified": false,
        "dateVerified": "0001-01-01T00:00:00Z",
        "country": "00000000-0000-0000-0000-000000000000",
        "countryCode": "",
        "region": "00000000-0000-0000-0000-000000000000",
        "regionCode": "",
        "contactInformation": [
            
        ]
    },
    {
        "guid": "5ef29a6d-8a21-11ee-b5b1-005056013b0c",
        "archive": false,
        "dateOutputArchive": "0001-01-01T00:00:00Z",
        "code": "7",
        "name": "РЕГИОНМЕТРЕСУРС ООО",
        "nameAbbreviated": "ООО  \"РЕГИОНМЕТРЕСУРС\"",
        "nameFull": "Общество с ограниченной ответственностью \"РЕГИОНМЕТРЕСУРС\"",
        "type": 1,
        "intragroup": false,
        "organization": "00000000-0000-0000-0000-000000000000",
        "organizationCode": "",
        "concernType": "00000000-0000-0000-0000-000000000000",
        "concernTypeCode": "",
        "noResident": false,
        "inn": "7453285124",
        "kpp": "745301001",
        "kppAdditional": "",
        "registrationNumber": "",
        "ogrn": "1157453007766",
        "okpo": "",
        "okved": "00000000-0000-0000-0000-000000000000",
        "okvedCode": "",
        "separateUnit": false,
        "partnerHead": "00000000-0000-0000-0000-000000000000",
        "bank": "00000000-0000-0000-0000-000000000000",
        "bankBIC": "",
        "okopf": "00000000-0000-0000-0000-000000000000",
        "okopfName": "",
        "reliabilitySupplier": 0,
        "reliabilityBuyer": 0,
        "verified": false,
        "dateVerified": "0001-01-01T00:00:00Z",
        "country": "4e127564-d74f-4dd9-bced-0327f0f4e061",
        "countryCode": "643",
        "region": "00000000-0000-0000-0000-000000000000",
        "regionCode": "",
        "contactInformation": [
            
        ]
    },
    {
        "guid": "d8708a2a-8a97-11ee-b5b1-005056013b0c",
        "archive": false,
        "dateOutputArchive": "0001-01-01T00:00:00Z",
        "code": "8",
        "name": "ТЕХЗАПСЕРВИС ООО",
        "nameAbbreviated": "ООО \"ТЕХЗАПСЕРВИС\"",
        "nameFull": "Общество с ограниченной ответственностью \"ТЕХНИКАЗАПЧАСТИСЕРВИС\"",
        "type": 1,
        "intragroup": false,
        "organization": "00000000-0000-0000-0000-000000000000",
        "organizationCode": "",
        "concernType": "00000000-0000-0000-0000-000000000000",
        "concernTypeCode": "",
        "noResident": false,
        "inn": "7449110570",
        "kpp": "745301001",
        "kppAdditional": "",
        "registrationNumber": "",
        "ogrn": "1127449004671",
        "okpo": "",
        "okved": "00000000-0000-0000-0000-000000000000",
        "okvedCode": "",
        "separateUnit": false,
        "partnerHead": "00000000-0000-0000-0000-000000000000",
        "bank": "00000000-0000-0000-0000-000000000000",
        "bankBIC": "",
        "okopf": "00000000-0000-0000-0000-000000000000",
        "okopfName": "",
        "reliabilitySupplier": 0,
        "reliabilityBuyer": 0,
        "verified": false,
        "dateVerified": "0001-01-01T00:00:00Z",
        "country": "4e127564-d74f-4dd9-bced-0327f0f4e061",
        "countryCode": "643",
        "region": "00000000-0000-0000-0000-000000000000",
        "regionCode": "",
        "contactInformation": [
            
        ]
    },
    {
        "guid": "d8708a2b-8a97-11ee-b5b1-005056013b0c",
        "archive": false,
        "dateOutputArchive": "0001-01-01T00:00:00Z",
        "code": "13",
        "name": "ПРОМТРАКТОР АО",
        "nameAbbreviated": "АО \"ПРОМТРАКТОР\"",
        "nameFull": "Акционерное общество \"ЧЕБОКСАРСКИЙ ЗАВОД ПРОМЫШЛЕННЫХ ТРАКТОРОВ\"",
        "type": 1,
        "intragroup": false,
        "organization": "00000000-0000-0000-0000-000000000000",
        "organizationCode": "",
        "concernType": "00000000-0000-0000-0000-000000000000",
        "concernTypeCode": "",
        "noResident": false,
        "inn": "2126003074",
        "kpp": "213001001",
        "kppAdditional": "",
        "registrationNumber": "",
        "ogrn": "1022100971144",
        "okpo": "",
        "okved": "00000000-0000-0000-0000-000000000000",
        "okvedCode": "",
        "separateUnit": false,
        "partnerHead": "00000000-0000-0000-0000-000000000000",
        "bank": "00000000-0000-0000-0000-000000000000",
        "bankBIC": "",
        "okopf": "00000000-0000-0000-0000-000000000000",
        "okopfName": "",
        "reliabilitySupplier": 0,
        "reliabilityBuyer": 0,
        "verified": false,
        "dateVerified": "0001-01-01T00:00:00Z",
        "country": "4e127564-d74f-4dd9-bced-0327f0f4e061",
        "countryCode": "643",
        "region": "00000000-0000-0000-0000-000000000000",
        "regionCode": "",
        "contactInformation": [
            
        ]
    },
    {
        "guid": "d8708a2c-8a97-11ee-b5b1-005056013b0c",
        "archive": false,
        "dateOutputArchive": "0001-01-01T00:00:00Z",
        "code": "17",
        "name": "ВМТЗ ОАО",
        "nameAbbreviated": "ОАО \"ВМТЗ\"",
        "nameFull": "Открытое акционерное общество \"ВЛАДИМИРСКИЙ МОТОРО-ТРАКТОРНЫЙ ЗАВОД\"",
        "type": 1,
        "intragroup": false,
        "organization": "00000000-0000-0000-0000-000000000000",
        "organizationCode": "",
        "concernType": "00000000-0000-0000-0000-000000000000",
        "concernTypeCode": "",
        "noResident": false,
        "inn": "3328428931",
        "kpp": "332801001",
        "kppAdditional": "",
        "registrationNumber": "",
        "ogrn": "1033302022940",
        "okpo": "",
        "okved": "00000000-0000-0000-0000-000000000000",
        "okvedCode": "",
        "separateUnit": false,
        "partnerHead": "00000000-0000-0000-0000-000000000000",
        "bank": "00000000-0000-0000-0000-000000000000",
        "bankBIC": "",
        "okopf": "00000000-0000-0000-0000-000000000000",
        "okopfName": "",
        "reliabilitySupplier": 0,
        "reliabilityBuyer": 0,
        "verified": false,
        "dateVerified": "0001-01-01T00:00:00Z",
        "country": "4e127564-d74f-4dd9-bced-0327f0f4e061",
        "countryCode": "643",
        "region": "00000000-0000-0000-0000-000000000000",
        "regionCode": "",
        "contactInformation": [
            
        ]
    },
    {
        "guid": "d8708a2d-8a97-11ee-b5b1-005056013b0c",
        "archive": false,
        "dateOutputArchive": "0001-01-01T00:00:00Z",
        "code": "18",
        "name": "ПО АМЗ ОАО",
        "nameAbbreviated": "ОАО \"ПО АМЗ\"",
        "nameFull": "Открытое акционерное общество \"ПРОИЗВОДСТВЕННОЕ ОБЪЕДИНЕНИЕ \"АЛТАЙСКИЙ МОТОРНЫЙ ЗАВОД\"",
        "type": 1,
        "intragroup": false,
        "organization": "00000000-0000-0000-0000-000000000000",
        "organizationCode": "",
        "concernType": "00000000-0000-0000-0000-000000000000",
        "concernTypeCode": "",
        "noResident": false,
        "inn": "2223043890",
        "kpp": "222301001",
        "kppAdditional": "",
        "registrationNumber": "",
        "ogrn": "1032202071472",
        "okpo": "",
        "okved": "00000000-0000-0000-0000-000000000000",
        "okvedCode": "",
        "separateUnit": false,
        "partnerHead": "00000000-0000-0000-0000-000000000000",
        "bank": "00000000-0000-0000-0000-000000000000",
        "bankBIC": "",
        "okopf": "00000000-0000-0000-0000-000000000000",
        "okopfName": "",
        "reliabilitySupplier": 0,
        "reliabilityBuyer": 0,
        "verified": false,
        "dateVerified": "0001-01-01T00:00:00Z",
        "country": "4e127564-d74f-4dd9-bced-0327f0f4e061",
        "countryCode": "643",
        "region": "00000000-0000-0000-0000-000000000000",
        "regionCode": "",
        "contactInformation": [
            
        ]
    },
    {
        "guid": "ffe7610d-8df1-11ee-b5b1-005056013b0c",
        "archive": false,
        "dateOutputArchive": "0001-01-01T00:00:00Z",
        "code": "82       ",
        "name": "МИ ФНС РОССИИ ПО УПРАВЛЕНИЮ ДОЛГОМ",
        "nameAbbreviated": "МИ ФНС РОССИИ ПО УПРАВЛЕНИЮ ДОЛГОМ",
        "nameFull": "МЕЖРЕГИОНАЛЬНАЯ ИНСПЕКЦИЯ ФЕДЕРАЛЬНОЙ НАЛОГОВОЙ СЛУЖБЫ ПО УПРАВЛЕНИЮ ДОЛГОМ",
        "type": 1,
        "intragroup": false,
        "organization": "00000000-0000-0000-0000-000000000000",
        "organizationCode": "",
        "concernType": "00000000-0000-0000-0000-000000000000",
        "concernTypeCode": "",
        "noResident": false,
        "inn": "7727406020",
        "kpp": "770801001",
        "kppAdditional": "",
        "registrationNumber": "",
        "ogrn": "1197746047080",
        "okpo": "",
        "okved": "00000000-0000-0000-0000-000000000000",
        "okvedCode": "",
        "separateUnit": false,
        "partnerHead": "00000000-0000-0000-0000-000000000000",
        "bank": "00000000-0000-0000-0000-000000000000",
        "bankBIC": "",
        "okopf": "00000000-0000-0000-0000-000000000000",
        "okopfName": "",
        "reliabilitySupplier": 0,
        "reliabilityBuyer": 0,
        "verified": false,
        "dateVerified": "0001-01-01T00:00:00Z",
        "country": "4e127564-d74f-4dd9-bced-0327f0f4e061",
        "countryCode": "643",
        "region": "00000000-0000-0000-0000-000000000000",
        "regionCode": "",
        "contactInformation": [
            {
                "type": 1,
                "typeInformation": 1,
                "performance": "107078, Город Москва, пер. Орликов, дом 3, строение 1",
                "country": "Россия",
                "region": "Москва г",
                "city": "",
                "email": "",
                "phone": ""
            },
            {
                "type": 1,
                "typeInformation": 1,
                "performance": "117449, Город Москва, ул Шверника, дом 7, корпус 1",
                "country": "Россия",
                "region": "Москва г",
                "city": "",
                "email": "",
                "phone": ""
            }
        ]
    },
    {
        "guid": "d8708a30-8a97-11ee-b5b1-005056013b0c",
        "archive": false,
        "dateOutputArchive": "0001-01-01T00:00:00Z",
        "code": "22",
        "name": "АЛЬФАСТРАХОВАНИЕ АО",
        "nameAbbreviated": "АО \"АЛЬФАСТРАХОВАНИЕ\"",
        "nameFull": "Акционерное общество \"АЛЬФАСТРАХОВАНИЕ\"",
        "type": 1,
        "intragroup": false,
        "organization": "00000000-0000-0000-0000-000000000000",
        "organizationCode": "",
        "concernType": "00000000-0000-0000-0000-000000000000",
        "concernTypeCode": "",
        "noResident": false,
        "inn": "7713056834",
        "kpp": "772501001",
        "kppAdditional": "",
        "registrationNumber": "",
        "ogrn": "1027739431730",
        "okpo": "",
        "okved": "00000000-0000-0000-0000-000000000000",
        "okvedCode": "",
        "separateUnit": false,
        "partnerHead": "00000000-0000-0000-0000-000000000000",
        "bank": "00000000-0000-0000-0000-000000000000",
        "bankBIC": "",
        "okopf": "00000000-0000-0000-0000-000000000000",
        "okopfName": "",
        "reliabilitySupplier": 0,
        "reliabilityBuyer": 0,
        "verified": false,
        "dateVerified": "0001-01-01T00:00:00Z",
        "country": "4e127564-d74f-4dd9-bced-0327f0f4e061",
        "countryCode": "643",
        "region": "00000000-0000-0000-0000-000000000000",
        "regionCode": "",
        "contactInformation": [
            
        ]
    },
    {
        "guid": "d8708a31-8a97-11ee-b5b1-005056013b0c",
        "archive": false,
        "dateOutputArchive": "0001-01-01T00:00:00Z",
        "code": "23",
        "name": "ТК АТА СИТИ ООО",
        "nameAbbreviated": "ООО \"ТК \"АТА СИТИ\"\"",
        "nameFull": "Общество с ограниченной ответственностью \"ТРАНСПОРТНАЯ КОМПАНИЯ \"АТА СИТИ\"\"",
        "type": 1,
        "intragroup": false,
        "organization": "00000000-0000-0000-0000-000000000000",
        "organizationCode": "",
        "concernType": "00000000-0000-0000-0000-000000000000",
        "concernTypeCode": "",
        "noResident": false,
        "inn": "4501164342",
        "kpp": "450101001",
        "kppAdditional": "",
        "registrationNumber": "",
        "ogrn": "1114501000338",
        "okpo": "",
        "okved": "00000000-0000-0000-0000-000000000000",
        "okvedCode": "",
        "separateUnit": false,
        "partnerHead": "00000000-0000-0000-0000-000000000000",
        "bank": "00000000-0000-0000-0000-000000000000",
        "bankBIC": "",
        "okopf": "00000000-0000-0000-0000-000000000000",
        "okopfName": "",
        "reliabilitySupplier": 0,
        "reliabilityBuyer": 0,
        "verified": false,
        "dateVerified": "0001-01-01T00:00:00Z",
        "country": "4e127564-d74f-4dd9-bced-0327f0f4e061",
        "countryCode": "643",
        "region": "00000000-0000-0000-0000-000000000000",
        "regionCode": "",
        "contactInformation": [
            
        ]
    },
    {
        "guid": "d8708a32-8a97-11ee-b5b1-005056013b0c",
        "archive": false,
        "dateOutputArchive": "0001-01-01T00:00:00Z",
        "code": "24",
        "name": "У К КОНЦЕРН ТРАКТОРНЫЕ ЗАВОДЫ ООО",
        "nameAbbreviated": "ООО \"У К \"КОНЦЕРН ТРАКТОРНЫЕ ЗАВОДЫ\"",
        "nameFull": "Общество с ограниченной ответственностью \"УПРАВЛЯЮЩАЯ КОМПАНИЯ \"КОНЦЕРН ТРАКТОРНЫЕ ЗАВОДЫ\"",
        "type": 1,
        "intragroup": false,
        "organization": "00000000-0000-0000-0000-000000000000",
        "organizationCode": "",
        "concernType": "00000000-0000-0000-0000-000000000000",
        "concernTypeCode": "",
        "noResident": false,
        "inn": "2128703988",
        "kpp": "213001001",
        "kppAdditional": "213050001",
        "registrationNumber": "",
        "ogrn": "1052182820095",
        "okpo": "",
        "okved": "00000000-0000-0000-0000-000000000000",
        "okvedCode": "",
        "separateUnit": false,
        "partnerHead": "00000000-0000-0000-0000-000000000000",
        "bank": "00000000-0000-0000-0000-000000000000",
        "bankBIC": "",
        "okopf": "00000000-0000-0000-0000-000000000000",
        "okopfName": "",
        "reliabilitySupplier": 0,
        "reliabilityBuyer": 0,
        "verified": false,
        "dateVerified": "0001-01-01T00:00:00Z",
        "country": "4e127564-d74f-4dd9-bced-0327f0f4e061",
        "countryCode": "643",
        "region": "00000000-0000-0000-0000-000000000000",
        "regionCode": "",
        "contactInformation": [
            
        ]
    },
    {
        "guid": "d8708a33-8a97-11ee-b5b1-005056013b0c",
        "archive": false,
        "dateOutputArchive": "0001-01-01T00:00:00Z",
        "code": "25",
        "name": "ЗЕТТА СТРАХОВАНИЕ ООО",
        "nameAbbreviated": "ООО \"ЗЕТТА СТРАХОВАНИЕ\"",
        "nameFull": "Общество с ограниченной ответственностью \"ЗЕТТА СТРАХОВАНИЕ\"",
        "type": 1,
        "intragroup": false,
        "organization": "00000000-0000-0000-0000-000000000000",
        "organizationCode": "",
        "concernType": "00000000-0000-0000-0000-000000000000",
        "concernTypeCode": "",
        "noResident": false,
        "inn": "7710280644",
        "kpp": "770501001",
        "kppAdditional": "",
        "registrationNumber": "",
        "ogrn": "1027739205240",
        "okpo": "",
        "okved": "00000000-0000-0000-0000-000000000000",
        "okvedCode": "",
        "separateUnit": false,
        "partnerHead": "00000000-0000-0000-0000-000000000000",
        "bank": "00000000-0000-0000-0000-000000000000",
        "bankBIC": "",
        "okopf": "00000000-0000-0000-0000-000000000000",
        "okopfName": "",
        "reliabilitySupplier": 0,
        "reliabilityBuyer": 0,
        "verified": false,
        "dateVerified": "0001-01-01T00:00:00Z",
        "country": "4e127564-d74f-4dd9-bced-0327f0f4e061",
        "countryCode": "643",
        "region": "00000000-0000-0000-0000-000000000000",
        "regionCode": "",
        "contactInformation": [
            
        ]
    },
    {
        "guid": "d8708a34-8a97-11ee-b5b1-005056013b0c",
        "archive": false,
        "dateOutputArchive": "0001-01-01T00:00:00Z",
        "code": "26",
        "name": "ГОРНОРУДНАЯ КОМПАНИЯ ООО",
        "nameAbbreviated": "ООО \"ГОРНОРУДНАЯ КОМПАНИЯ\"",
        "nameFull": "Общество с ограниченной ответственностью \"ГОРНОРУДНАЯ КОМПАНИЯ\"",
        "type": 1,
        "intragroup": false,
        "organization": "00000000-0000-0000-0000-000000000000",
        "organizationCode": "",
        "concernType": "00000000-0000-0000-0000-000000000000",
        "concernTypeCode": "",
        "noResident": false,
        "inn": "7508006862",
        "kpp": "751901001",
        "kppAdditional": "",
        "registrationNumber": "",
        "ogrn": "1137524000536",
        "okpo": "",
        "okved": "00000000-0000-0000-0000-000000000000",
        "okvedCode": "",
        "separateUnit": false,
        "partnerHead": "00000000-0000-0000-0000-000000000000",
        "bank": "00000000-0000-0000-0000-000000000000",
        "bankBIC": "",
        "okopf": "00000000-0000-0000-0000-000000000000",
        "okopfName": "",
        "reliabilitySupplier": 0,
        "reliabilityBuyer": 0,
        "verified": false,
        "dateVerified": "0001-01-01T00:00:00Z",
        "country": "4e127564-d74f-4dd9-bced-0327f0f4e061",
        "countryCode": "643",
        "region": "00000000-0000-0000-0000-000000000000",
        "regionCode": "",
        "contactInformation": [
            
        ]
    },
    {
        "guid": "d8708a35-8a97-11ee-b5b1-005056013b0c",
        "archive": false,
        "dateOutputArchive": "0001-01-01T00:00:00Z",
        "code": "27",
        "name": "МЕЖРЕГИОНКОМПЛЕКТ ООО",
        "nameAbbreviated": "ООО \"МЕЖРЕГИОНКОМПЛЕКТ\"",
        "nameFull": "Общество с ограниченной ответственностью \"МЕЖРЕГИОНКОМПЛЕКТ\"",
        "type": 1,
        "intragroup": false,
        "organization": "00000000-0000-0000-0000-000000000000",
        "organizationCode": "",
        "concernType": "00000000-0000-0000-0000-000000000000",
        "concernTypeCode": "",
        "noResident": false,
        "inn": "2116492860",
        "kpp": "213001001",
        "kppAdditional": "",
        "registrationNumber": "",
        "ogrn": "1022102428611",
        "okpo": "",
        "okved": "00000000-0000-0000-0000-000000000000",
        "okvedCode": "",
        "separateUnit": false,
        "partnerHead": "00000000-0000-0000-0000-000000000000",
        "bank": "00000000-0000-0000-0000-000000000000",
        "bankBIC": "",
        "okopf": "00000000-0000-0000-0000-000000000000",
        "okopfName": "",
        "reliabilitySupplier": 0,
        "reliabilityBuyer": 0,
        "verified": false,
        "dateVerified": "0001-01-01T00:00:00Z",
        "country": "4e127564-d74f-4dd9-bced-0327f0f4e061",
        "countryCode": "643",
        "region": "00000000-0000-0000-0000-000000000000",
        "regionCode": "",
        "contactInformation": [
            
        ]
    },
    {
        "guid": "d8708a36-8a97-11ee-b5b1-005056013b0c",
        "archive": false,
        "dateOutputArchive": "0001-01-01T00:00:00Z",
        "code": "28",
        "name": "ВЗСП ОАО",
        "nameAbbreviated": "ОАО \"ВЗСП\"",
        "nameFull": "Открытое акционерное общество \"ВУРНАРСКИЙ ЗАВОД СМЕСЕВЫХ ПРЕПАРАТОВ\"",
        "type": 1,
        "intragroup": false,
        "organization": "00000000-0000-0000-0000-000000000000",
        "organizationCode": "",
        "concernType": "00000000-0000-0000-0000-000000000000",
        "concernTypeCode": "",
        "noResident": false,
        "inn": "2104000376",
        "kpp": "210401001",
        "kppAdditional": "",
        "registrationNumber": "",
        "ogrn": "1022102028299",
        "okpo": "",
        "okved": "00000000-0000-0000-0000-000000000000",
        "okvedCode": "",
        "separateUnit": false,
        "partnerHead": "00000000-0000-0000-0000-000000000000",
        "bank": "00000000-0000-0000-0000-000000000000",
        "bankBIC": "",
        "okopf": "00000000-0000-0000-0000-000000000000",
        "okopfName": "",
        "reliabilitySupplier": 0,
        "reliabilityBuyer": 0,
        "verified": false,
        "dateVerified": "0001-01-01T00:00:00Z",
        "country": "4e127564-d74f-4dd9-bced-0327f0f4e061",
        "countryCode": "643",
        "region": "00000000-0000-0000-0000-000000000000",
        "regionCode": "",
        "contactInformation": [
            
        ]
    },
    {
        "guid": "d8708a37-8a97-11ee-b5b1-005056013b0c",
        "archive": false,
        "dateOutputArchive": "0001-01-01T00:00:00Z",
        "code": "29",
        "name": "ВЫМПЕЛ ООО",
        "nameAbbreviated": "ООО \"ВЫМПЕЛ\"",
        "nameFull": "Общество с ограниченной ответственностью \"ВЫМПЕЛ\"",
        "type": 1,
        "intragroup": false,
        "organization": "00000000-0000-0000-0000-000000000000",
        "organizationCode": "",
        "concernType": "00000000-0000-0000-0000-000000000000",
        "concernTypeCode": "",
        "noResident": false,
        "inn": "2116495980",
        "kpp": "211601001",
        "kppAdditional": "",
        "registrationNumber": "",
        "ogrn": "1062135015403",
        "okpo": "",
        "okved": "00000000-0000-0000-0000-000000000000",
        "okvedCode": "",
        "separateUnit": false,
        "partnerHead": "00000000-0000-0000-0000-000000000000",
        "bank": "00000000-0000-0000-0000-000000000000",
        "bankBIC": "",
        "okopf": "00000000-0000-0000-0000-000000000000",
        "okopfName": "",
        "reliabilitySupplier": 0,
        "reliabilityBuyer": 0,
        "verified": false,
        "dateVerified": "0001-01-01T00:00:00Z",
        "country": "4e127564-d74f-4dd9-bced-0327f0f4e061",
        "countryCode": "643",
        "region": "00000000-0000-0000-0000-000000000000",
        "regionCode": "",
        "contactInformation": [
            
        ]
    },
    {
        "guid": "d8708a38-8a97-11ee-b5b1-005056013b0c",
        "archive": false,
        "dateOutputArchive": "0001-01-01T00:00:00Z",
        "code": "30",
        "name": "МЕТАЛЛ-НН  ООО",
        "nameAbbreviated": "ООО \" МЕТАЛЛ-НН \"",
        "nameFull": "Общество с ограниченной ответственностью \" МЕТАЛЛ-НН \"",
        "type": 1,
        "intragroup": false,
        "organization": "00000000-0000-0000-0000-000000000000",
        "organizationCode": "",
        "concernType": "00000000-0000-0000-0000-000000000000",
        "concernTypeCode": "",
        "noResident": false,
        "inn": "5256036446",
        "kpp": "027401001",
        "kppAdditional": "",
        "registrationNumber": "",
        "ogrn": "1025202266110",
        "okpo": "",
        "okved": "00000000-0000-0000-0000-000000000000",
        "okvedCode": "",
        "separateUnit": false,
        "partnerHead": "00000000-0000-0000-0000-000000000000",
        "bank": "00000000-0000-0000-0000-000000000000",
        "bankBIC": "",
        "okopf": "00000000-0000-0000-0000-000000000000",
        "okopfName": "",
        "reliabilitySupplier": 0,
        "reliabilityBuyer": 0,
        "verified": false,
        "dateVerified": "0001-01-01T00:00:00Z",
        "country": "4e127564-d74f-4dd9-bced-0327f0f4e061",
        "countryCode": "643",
        "region": "00000000-0000-0000-0000-000000000000",
        "regionCode": "",
        "contactInformation": [
            
        ]
    },
    {
        "guid": "d8708a39-8a97-11ee-b5b1-005056013b0c",
        "archive": false,
        "dateOutputArchive": "0001-01-01T00:00:00Z",
        "code": "31",
        "name": "РОСВАГОН ООО",
        "nameAbbreviated": "ООО \"РОСВАГОН\"",
        "nameFull": "Общество с ограниченной ответственностью \"РОСВАГОН\"",
        "type": 1,
        "intragroup": false,
        "organization": "00000000-0000-0000-0000-000000000000",
        "organizationCode": "",
        "concernType": "00000000-0000-0000-0000-000000000000",
        "concernTypeCode": "",
        "noResident": false,
        "inn": "7811346651",
        "kpp": "781101001",
        "kppAdditional": "",
        "registrationNumber": "",
        "ogrn": "5067847052367",
        "okpo": "",
        "okved": "00000000-0000-0000-0000-000000000000",
        "okvedCode": "",
        "separateUnit": false,
        "partnerHead": "00000000-0000-0000-0000-000000000000",
        "bank": "00000000-0000-0000-0000-000000000000",
        "bankBIC": "",
        "okopf": "00000000-0000-0000-0000-000000000000",
        "okopfName": "",
        "reliabilitySupplier": 0,
        "reliabilityBuyer": 0,
        "verified": false,
        "dateVerified": "0001-01-01T00:00:00Z",
        "country": "4e127564-d74f-4dd9-bced-0327f0f4e061",
        "countryCode": "643",
        "region": "00000000-0000-0000-0000-000000000000",
        "regionCode": "",
        "contactInformation": [
            
        ]
    },
    {
        "guid": "d8708a3a-8a97-11ee-b5b1-005056013b0c",
        "archive": false,
        "dateOutputArchive": "0001-01-01T00:00:00Z",
        "code": "32",
        "name": "ПРОМСЕРВИССНАБ ООО",
        "nameAbbreviated": "ООО \"ПРОМСЕРВИССНАБ\"",
        "nameFull": "Общество с ограниченной ответственностью \"ПРОМСЕРВИССНАБ\"",
        "type": 1,
        "intragroup": false,
        "organization": "00000000-0000-0000-0000-000000000000",
        "organizationCode": "",
        "concernType": "00000000-0000-0000-0000-000000000000",
        "concernTypeCode": "",
        "noResident": false,
        "inn": "7447211325",
        "kpp": "744701001",
        "kppAdditional": "",
        "registrationNumber": "",
        "ogrn": "1127447008655",
        "okpo": "",
        "okved": "00000000-0000-0000-0000-000000000000",
        "okvedCode": "",
        "separateUnit": false,
        "partnerHead": "00000000-0000-0000-0000-000000000000",
        "bank": "00000000-0000-0000-0000-000000000000",
        "bankBIC": "",
        "okopf": "00000000-0000-0000-0000-000000000000",
        "okopfName": "",
        "reliabilitySupplier": 0,
        "reliabilityBuyer": 0,
        "verified": false,
        "dateVerified": "0001-01-01T00:00:00Z",
        "country": "4e127564-d74f-4dd9-bced-0327f0f4e061",
        "countryCode": "643",
        "region": "00000000-0000-0000-0000-000000000000",
        "regionCode": "",
        "contactInformation": [
            
        ]
    },
    {
        "guid": "d8708a46-8a97-11ee-b5b1-005056013b0c",
        "archive": false,
        "dateOutputArchive": "0001-01-01T00:00:00Z",
        "code": "44",
        "name": "ФЕРМЕРПРОЕКТ ООО",
        "nameAbbreviated": "ООО \"ФЕРМЕРПРОЕКТ\"",
        "nameFull": "Общество с ограниченной ответственностью \"ФЕРМЕРПРОЕКТ\"",
        "type": 1,
        "intragroup": false,
        "organization": "00000000-0000-0000-0000-000000000000",
        "organizationCode": "",
        "concernType": "00000000-0000-0000-0000-000000000000",
        "concernTypeCode": "",
        "noResident": false,
        "inn": "7451065571",
        "kpp": "745101001",
        "kppAdditional": "",
        "registrationNumber": "",
        "ogrn": "1037402890799",
        "okpo": "",
        "okved": "00000000-0000-0000-0000-000000000000",
        "okvedCode": "",
        "separateUnit": false,
        "partnerHead": "00000000-0000-0000-0000-000000000000",
        "bank": "00000000-0000-0000-0000-000000000000",
        "bankBIC": "",
        "okopf": "00000000-0000-0000-0000-000000000000",
        "okopfName": "",
        "reliabilitySupplier": 0,
        "reliabilityBuyer": 0,
        "verified": false,
        "dateVerified": "0001-01-01T00:00:00Z",
        "country": "4e127564-d74f-4dd9-bced-0327f0f4e061",
        "countryCode": "643",
        "region": "00000000-0000-0000-0000-000000000000",
        "regionCode": "",
        "contactInformation": [
            
        ]
    },
    {
        "guid": "d8708a3b-8a97-11ee-b5b1-005056013b0c",
        "archive": false,
        "dateOutputArchive": "0001-01-01T00:00:00Z",
        "code": "33",
        "name": "ФОРСАЖ ОБЩЕСТВО С ОГРАНИЧЕННОЙ ОТВЕТСТВЕННОСТЬЮ",
        "nameAbbreviated": "ОБЩЕСТВО С ОГРАНИЧЕННОЙ ОТВЕТСТВЕННОСТЬЮ \"ФОРСАЖ\"",
        "nameFull": "Общество с ограниченной ответственностью \"ФОРСАЖ\"",
        "type": 1,
        "intragroup": false,
        "organization": "00000000-0000-0000-0000-000000000000",
        "organizationCode": "",
        "concernType": "00000000-0000-0000-0000-000000000000",
        "concernTypeCode": "",
        "noResident": false,
        "inn": "4501059531",
        "kpp": "450101001",
        "kppAdditional": "",
        "registrationNumber": "",
        "ogrn": "1044500004009",
        "okpo": "",
        "okved": "00000000-0000-0000-0000-000000000000",
        "okvedCode": "",
        "separateUnit": false,
        "partnerHead": "00000000-0000-0000-0000-000000000000",
        "bank": "00000000-0000-0000-0000-000000000000",
        "bankBIC": "",
        "okopf": "00000000-0000-0000-0000-000000000000",
        "okopfName": "",
        "reliabilitySupplier": 0,
        "reliabilityBuyer": 0,
        "verified": false,
        "dateVerified": "0001-01-01T00:00:00Z",
        "country": "4e127564-d74f-4dd9-bced-0327f0f4e061",
        "countryCode": "643",
        "region": "00000000-0000-0000-0000-000000000000",
        "regionCode": "",
        "contactInformation": [
            
        ]
    },
    {
        "guid": "d8708a3c-8a97-11ee-b5b1-005056013b0c",
        "archive": false,
        "dateOutputArchive": "0001-01-01T00:00:00Z",
        "code": "34",
        "name": "УРАЛВНЕШТОРГБАНК ОАО",
        "nameAbbreviated": "ОАО \"УРАЛВНЕШТОРГБАНК\"",
        "nameFull": "Открытое акционерное общество \"УРАЛЬСКИЙ КОММЕРЧЕСКИЙ БАНК ВНЕШНЕЙ ТОРГОВЛИ\"",
        "type": 1,
        "intragroup": false,
        "organization": "00000000-0000-0000-0000-000000000000",
        "organizationCode": "",
        "concernType": "00000000-0000-0000-0000-000000000000",
        "concernTypeCode": "",
        "noResident": false,
        "inn": "6608000044",
        "kpp": "667101001",
        "kppAdditional": "",
        "registrationNumber": "",
        "ogrn": "1026600001768",
        "okpo": "",
        "okved": "00000000-0000-0000-0000-000000000000",
        "okvedCode": "",
        "separateUnit": false,
        "partnerHead": "00000000-0000-0000-0000-000000000000",
        "bank": "00000000-0000-0000-0000-000000000000",
        "bankBIC": "",
        "okopf": "00000000-0000-0000-0000-000000000000",
        "okopfName": "",
        "reliabilitySupplier": 0,
        "reliabilityBuyer": 0,
        "verified": false,
        "dateVerified": "0001-01-01T00:00:00Z",
        "country": "4e127564-d74f-4dd9-bced-0327f0f4e061",
        "countryCode": "643",
        "region": "00000000-0000-0000-0000-000000000000",
        "regionCode": "",
        "contactInformation": [
            
        ]
    },
    {
        "guid": "d8708a3d-8a97-11ee-b5b1-005056013b0c",
        "archive": false,
        "dateOutputArchive": "0001-01-01T00:00:00Z",
        "code": "35",
        "name": "ЭНЕРГОПРОМСЕРВИС ЗАО",
        "nameAbbreviated": "ЗАО \"ЭНЕРГОПРОМСЕРВИС\"",
        "nameFull": "Закрытое акционерное общество \"ЭНЕРГОПРОМСЕРВИС\"",
        "type": 1,
        "intragroup": false,
        "organization": "00000000-0000-0000-0000-000000000000",
        "organizationCode": "",
        "concernType": "00000000-0000-0000-0000-000000000000",
        "concernTypeCode": "",
        "noResident": false,
        "inn": "5029100462",
        "kpp": "502901001",
        "kppAdditional": "",
        "registrationNumber": "",
        "ogrn": "1025003513402",
        "okpo": "",
        "okved": "00000000-0000-0000-0000-000000000000",
        "okvedCode": "",
        "separateUnit": false,
        "partnerHead": "00000000-0000-0000-0000-000000000000",
        "bank": "00000000-0000-0000-0000-000000000000",
        "bankBIC": "",
        "okopf": "00000000-0000-0000-0000-000000000000",
        "okopfName": "",
        "reliabilitySupplier": 0,
        "reliabilityBuyer": 0,
        "verified": false,
        "dateVerified": "0001-01-01T00:00:00Z",
        "country": "4e127564-d74f-4dd9-bced-0327f0f4e061",
        "countryCode": "643",
        "region": "00000000-0000-0000-0000-000000000000",
        "regionCode": "",
        "contactInformation": [
            
        ]
    },
    {
        "guid": "d8708a3e-8a97-11ee-b5b1-005056013b0c",
        "archive": false,
        "dateOutputArchive": "0001-01-01T00:00:00Z",
        "code": "36",
        "name": "СИБТОРГ ООО",
        "nameAbbreviated": "ООО \"СИБТОРГ\"",
        "nameFull": "Общество с ограниченной ответственностью \"СИБТОРГ\"",
        "type": 1,
        "intragroup": false,
        "organization": "00000000-0000-0000-0000-000000000000",
        "organizationCode": "",
        "concernType": "00000000-0000-0000-0000-000000000000",
        "concernTypeCode": "",
        "noResident": false,
        "inn": "5501083222",
        "kpp": "550101001",
        "kppAdditional": "",
        "registrationNumber": "",
        "ogrn": "1055501003557",
        "okpo": "",
        "okved": "00000000-0000-0000-0000-000000000000",
        "okvedCode": "",
        "separateUnit": false,
        "partnerHead": "00000000-0000-0000-0000-000000000000",
        "bank": "00000000-0000-0000-0000-000000000000",
        "bankBIC": "",
        "okopf": "00000000-0000-0000-0000-000000000000",
        "okopfName": "",
        "reliabilitySupplier": 0,
        "reliabilityBuyer": 0,
        "verified": false,
        "dateVerified": "0001-01-01T00:00:00Z",
        "country": "4e127564-d74f-4dd9-bced-0327f0f4e061",
        "countryCode": "643",
        "region": "00000000-0000-0000-0000-000000000000",
        "regionCode": "",
        "contactInformation": [
            
        ]
    },
    {
        "guid": "d8708a3f-8a97-11ee-b5b1-005056013b0c",
        "archive": false,
        "dateOutputArchive": "0001-01-01T00:00:00Z",
        "code": "37",
        "name": "ОПТ-ТОРГ НН ООО",
        "nameAbbreviated": "ООО \"ОПТ-ТОРГ НН\"",
        "nameFull": "Общество с ограниченной ответственностью \"ОПТ-ТОРГ НН\"",
        "type": 1,
        "intragroup": false,
        "organization": "00000000-0000-0000-0000-000000000000",
        "organizationCode": "",
        "concernType": "00000000-0000-0000-0000-000000000000",
        "concernTypeCode": "",
        "noResident": false,
        "inn": "5260266450",
        "kpp": "525701001",
        "kppAdditional": "",
        "registrationNumber": "",
        "ogrn": "1095260012979",
        "okpo": "",
        "okved": "00000000-0000-0000-0000-000000000000",
        "okvedCode": "",
        "separateUnit": false,
        "partnerHead": "00000000-0000-0000-0000-000000000000",
        "bank": "00000000-0000-0000-0000-000000000000",
        "bankBIC": "",
        "okopf": "00000000-0000-0000-0000-000000000000",
        "okopfName": "",
        "reliabilitySupplier": 0,
        "reliabilityBuyer": 0,
        "verified": false,
        "dateVerified": "0001-01-01T00:00:00Z",
        "country": "4e127564-d74f-4dd9-bced-0327f0f4e061",
        "countryCode": "643",
        "region": "00000000-0000-0000-0000-000000000000",
        "regionCode": "",
        "contactInformation": [
            
        ]
    },
    {
        "guid": "d8708a40-8a97-11ee-b5b1-005056013b0c",
        "archive": false,
        "dateOutputArchive": "0001-01-01T00:00:00Z",
        "code": "38",
        "name": "ЭКСПРЕСС - КОМПЛЕКТ  ООО",
        "nameAbbreviated": "ООО \" ЭКСПРЕСС - КОМПЛЕКТ \"",
        "nameFull": "Общество с ограниченной ответственностью \" ЭКСПРЕСС - КОМПЛЕКТ \"",
        "type": 1,
        "intragroup": false,
        "organization": "00000000-0000-0000-0000-000000000000",
        "organizationCode": "",
        "concernType": "00000000-0000-0000-0000-000000000000",
        "concernTypeCode": "",
        "noResident": false,
        "inn": "7103016598",
        "kpp": "710501001",
        "kppAdditional": "",
        "registrationNumber": "",
        "ogrn": "1027100517806",
        "okpo": "",
        "okved": "00000000-0000-0000-0000-000000000000",
        "okvedCode": "",
        "separateUnit": false,
        "partnerHead": "00000000-0000-0000-0000-000000000000",
        "bank": "00000000-0000-0000-0000-000000000000",
        "bankBIC": "",
        "okopf": "00000000-0000-0000-0000-000000000000",
        "okopfName": "",
        "reliabilitySupplier": 0,
        "reliabilityBuyer": 0,
        "verified": false,
        "dateVerified": "0001-01-01T00:00:00Z",
        "country": "4e127564-d74f-4dd9-bced-0327f0f4e061",
        "countryCode": "643",
        "region": "00000000-0000-0000-0000-000000000000",
        "regionCode": "",
        "contactInformation": [
            
        ]
    },
    {
        "guid": "d8708a41-8a97-11ee-b5b1-005056013b0c",
        "archive": false,
        "dateOutputArchive": "0001-01-01T00:00:00Z",
        "code": "39",
        "name": "ТЕРМИНАЛ ООО",
        "nameAbbreviated": "ООО \"ТЕРМИНАЛ\"",
        "nameFull": "Общество с ограниченной ответственностью \"ТЕРМИНАЛ\"",
        "type": 1,
        "intragroup": false,
        "organization": "00000000-0000-0000-0000-000000000000",
        "organizationCode": "",
        "concernType": "00000000-0000-0000-0000-000000000000",
        "concernTypeCode": "",
        "noResident": false,
        "inn": "2130010451",
        "kpp": "213001001",
        "kppAdditional": "",
        "registrationNumber": "",
        "ogrn": "1062130015331",
        "okpo": "",
        "okved": "00000000-0000-0000-0000-000000000000",
        "okvedCode": "",
        "separateUnit": false,
        "partnerHead": "00000000-0000-0000-0000-000000000000",
        "bank": "00000000-0000-0000-0000-000000000000",
        "bankBIC": "",
        "okopf": "00000000-0000-0000-0000-000000000000",
        "okopfName": "",
        "reliabilitySupplier": 0,
        "reliabilityBuyer": 0,
        "verified": false,
        "dateVerified": "0001-01-01T00:00:00Z",
        "country": "4e127564-d74f-4dd9-bced-0327f0f4e061",
        "countryCode": "643",
        "region": "00000000-0000-0000-0000-000000000000",
        "regionCode": "",
        "contactInformation": [
            
        ]
    },
    {
        "guid": "d8708a42-8a97-11ee-b5b1-005056013b0c",
        "archive": false,
        "dateOutputArchive": "0001-01-01T00:00:00Z",
        "code": "40",
        "name": "ТПК ПРОДУКТЫ УРАЛА ООО",
        "nameAbbreviated": "ООО \"ТПК \"ПРОДУКТЫ УРАЛА\"",
        "nameFull": "Общество с ограниченной ответственностью \"ТОРГОВО-ПРОМЫШЛЕННАЯ КОМПАНИЯ \"ПРОДУКТЫ УРАЛА\"",
        "type": 1,
        "intragroup": false,
        "organization": "00000000-0000-0000-0000-000000000000",
        "organizationCode": "",
        "concernType": "00000000-0000-0000-0000-000000000000",
        "concernTypeCode": "",
        "noResident": false,
        "inn": "6664061393",
        "kpp": "666401001",
        "kppAdditional": "",
        "registrationNumber": "",
        "ogrn": "1026605776493",
        "okpo": "",
        "okved": "00000000-0000-0000-0000-000000000000",
        "okvedCode": "",
        "separateUnit": false,
        "partnerHead": "00000000-0000-0000-0000-000000000000",
        "bank": "00000000-0000-0000-0000-000000000000",
        "bankBIC": "",
        "okopf": "00000000-0000-0000-0000-000000000000",
        "okopfName": "",
        "reliabilitySupplier": 0,
        "reliabilityBuyer": 0,
        "verified": false,
        "dateVerified": "0001-01-01T00:00:00Z",
        "country": "4e127564-d74f-4dd9-bced-0327f0f4e061",
        "countryCode": "643",
        "region": "00000000-0000-0000-0000-000000000000",
        "regionCode": "",
        "contactInformation": [
            
        ]
    },
    {
        "guid": "d8708a43-8a97-11ee-b5b1-005056013b0c",
        "archive": false,
        "dateOutputArchive": "0001-01-01T00:00:00Z",
        "code": "41",
        "name": "АВТОКОЛОННА №1312 АО",
        "nameAbbreviated": "АО \"АВТОКОЛОННА №1312\"",
        "nameFull": "Акционерное общество \"АВТОКОЛОННА №1312\"",
        "type": 1,
        "intragroup": false,
        "organization": "00000000-0000-0000-0000-000000000000",
        "organizationCode": "",
        "concernType": "00000000-0000-0000-0000-000000000000",
        "concernTypeCode": "",
        "noResident": false,
        "inn": "2128056890",
        "kpp": "213001001",
        "kppAdditional": "",
        "registrationNumber": "",
        "ogrn": "1042128020791",
        "okpo": "",
        "okved": "00000000-0000-0000-0000-000000000000",
        "okvedCode": "",
        "separateUnit": false,
        "partnerHead": "00000000-0000-0000-0000-000000000000",
        "bank": "00000000-0000-0000-0000-000000000000",
        "bankBIC": "",
        "okopf": "00000000-0000-0000-0000-000000000000",
        "okopfName": "",
        "reliabilitySupplier": 0,
        "reliabilityBuyer": 0,
        "verified": false,
        "dateVerified": "0001-01-01T00:00:00Z",
        "country": "4e127564-d74f-4dd9-bced-0327f0f4e061",
        "countryCode": "643",
        "region": "00000000-0000-0000-0000-000000000000",
        "regionCode": "",
        "contactInformation": [
            
        ]
    },
    {
        "guid": "d8708a44-8a97-11ee-b5b1-005056013b0c",
        "archive": false,
        "dateOutputArchive": "0001-01-01T00:00:00Z",
        "code": "42",
        "name": "ОМЕГА ООО",
        "nameAbbreviated": "ООО \"ОМЕГА\"",
        "nameFull": "Общество с ограниченной ответственностью \"ОМЕГА\"",
        "type": 1,
        "intragroup": false,
        "organization": "00000000-0000-0000-0000-000000000000",
        "organizationCode": "",
        "concernType": "00000000-0000-0000-0000-000000000000",
        "concernTypeCode": "",
        "noResident": false,
        "inn": "6660070580",
        "kpp": "784001001",
        "kppAdditional": "",
        "registrationNumber": "",
        "ogrn": "1026604956806",
        "okpo": "",
        "okved": "00000000-0000-0000-0000-000000000000",
        "okvedCode": "",
        "separateUnit": false,
        "partnerHead": "00000000-0000-0000-0000-000000000000",
        "bank": "00000000-0000-0000-0000-000000000000",
        "bankBIC": "",
        "okopf": "00000000-0000-0000-0000-000000000000",
        "okopfName": "",
        "reliabilitySupplier": 0,
        "reliabilityBuyer": 0,
        "verified": false,
        "dateVerified": "0001-01-01T00:00:00Z",
        "country": "4e127564-d74f-4dd9-bced-0327f0f4e061",
        "countryCode": "643",
        "region": "00000000-0000-0000-0000-000000000000",
        "regionCode": "",
        "contactInformation": [
            
        ]
    },
    {
        "guid": "d8708a45-8a97-11ee-b5b1-005056013b0c",
        "archive": false,
        "dateOutputArchive": "0001-01-01T00:00:00Z",
        "code": "43",
        "name": "КОГОРТА-СЕРВИС ООО",
        "nameAbbreviated": "ООО \"КОГОРТА-СЕРВИС\"",
        "nameFull": "Общество с ограниченной ответственностью \"КОГОРТА-СЕРВИС\"",
        "type": 1,
        "intragroup": false,
        "organization": "00000000-0000-0000-0000-000000000000",
        "organizationCode": "",
        "concernType": "00000000-0000-0000-0000-000000000000",
        "concernTypeCode": "",
        "noResident": false,
        "inn": "6660098314",
        "kpp": "667001001",
        "kppAdditional": "",
        "registrationNumber": "",
        "ogrn": "1036603500911",
        "okpo": "",
        "okved": "00000000-0000-0000-0000-000000000000",
        "okvedCode": "",
        "separateUnit": false,
        "partnerHead": "00000000-0000-0000-0000-000000000000",
        "bank": "00000000-0000-0000-0000-000000000000",
        "bankBIC": "",
        "okopf": "00000000-0000-0000-0000-000000000000",
        "okopfName": "",
        "reliabilitySupplier": 0,
        "reliabilityBuyer": 0,
        "verified": false,
        "dateVerified": "0001-01-01T00:00:00Z",
        "country": "4e127564-d74f-4dd9-bced-0327f0f4e061",
        "countryCode": "643",
        "region": "00000000-0000-0000-0000-000000000000",
        "regionCode": "",
        "contactInformation": [
            
        ]
    },
    {
        "guid": "d8708a47-8a97-11ee-b5b1-005056013b0c",
        "archive": false,
        "dateOutputArchive": "0001-01-01T00:00:00Z",
        "code": "45",
        "name": "МАТТЕХ ЗАО",
        "nameAbbreviated": "ЗАО \"МАТТЕХ\"",
        "nameFull": "Закрытое акционерное общество \"МАТТЕХ\"",
        "type": 1,
        "intragroup": false,
        "organization": "00000000-0000-0000-0000-000000000000",
        "organizationCode": "",
        "concernType": "00000000-0000-0000-0000-000000000000",
        "concernTypeCode": "",
        "noResident": false,
        "inn": "7453058570",
        "kpp": "741101001",
        "kppAdditional": "",
        "registrationNumber": "",
        "ogrn": "1027403897850",
        "okpo": "",
        "okved": "00000000-0000-0000-0000-000000000000",
        "okvedCode": "",
        "separateUnit": false,
        "partnerHead": "00000000-0000-0000-0000-000000000000",
        "bank": "00000000-0000-0000-0000-000000000000",
        "bankBIC": "",
        "okopf": "00000000-0000-0000-0000-000000000000",
        "okopfName": "",
        "reliabilitySupplier": 0,
        "reliabilityBuyer": 0,
        "verified": false,
        "dateVerified": "0001-01-01T00:00:00Z",
        "country": "4e127564-d74f-4dd9-bced-0327f0f4e061",
        "countryCode": "643",
        "region": "00000000-0000-0000-0000-000000000000",
        "regionCode": "",
        "contactInformation": [
            
        ]
    },
    {
        "guid": "d8708a48-8a97-11ee-b5b1-005056013b0c",
        "archive": false,
        "dateOutputArchive": "0001-01-01T00:00:00Z",
        "code": "46",
        "name": "ГЕРОСС ЗАО",
        "nameAbbreviated": "ЗАО \"ГЕРОСС\"",
        "nameFull": "Закрытое акционерное общество \"ГЕРОСС\"",
        "type": 1,
        "intragroup": false,
        "organization": "00000000-0000-0000-0000-000000000000",
        "organizationCode": "",
        "concernType": "00000000-0000-0000-0000-000000000000",
        "concernTypeCode": "",
        "noResident": false,
        "inn": "2127301563",
        "kpp": "213001001",
        "kppAdditional": "",
        "registrationNumber": "",
        "ogrn": "1022100978272",
        "okpo": "",
        "okved": "00000000-0000-0000-0000-000000000000",
        "okvedCode": "",
        "separateUnit": false,
        "partnerHead": "00000000-0000-0000-0000-000000000000",
        "bank": "00000000-0000-0000-0000-000000000000",
        "bankBIC": "",
        "okopf": "00000000-0000-0000-0000-000000000000",
        "okopfName": "",
        "reliabilitySupplier": 0,
        "reliabilityBuyer": 0,
        "verified": false,
        "dateVerified": "0001-01-01T00:00:00Z",
        "country": "4e127564-d74f-4dd9-bced-0327f0f4e061",
        "countryCode": "643",
        "region": "00000000-0000-0000-0000-000000000000",
        "regionCode": "",
        "contactInformation": [
            
        ]
    },
    {
        "guid": "d8708a49-8a97-11ee-b5b1-005056013b0c",
        "archive": false,
        "dateOutputArchive": "0001-01-01T00:00:00Z",
        "code": "47",
        "name": "ЧЕСТР ОАО",
        "nameAbbreviated": "ОАО \"ЧЕСТР\"",
        "nameFull": "Открытое акционерное общество \"ЧЕБОКСАРСКИЙ СТРОИТЕЛЬ\"",
        "type": 1,
        "intragroup": false,
        "organization": "00000000-0000-0000-0000-000000000000",
        "organizationCode": "",
        "concernType": "00000000-0000-0000-0000-000000000000",
        "concernTypeCode": "",
        "noResident": false,
        "inn": "2127326328",
        "kpp": "212701001",
        "kppAdditional": "",
        "registrationNumber": "",
        "ogrn": "1032127008671",
        "okpo": "",
        "okved": "00000000-0000-0000-0000-000000000000",
        "okvedCode": "",
        "separateUnit": false,
        "partnerHead": "00000000-0000-0000-0000-000000000000",
        "bank": "00000000-0000-0000-0000-000000000000",
        "bankBIC": "",
        "okopf": "00000000-0000-0000-0000-000000000000",
        "okopfName": "",
        "reliabilitySupplier": 0,
        "reliabilityBuyer": 0,
        "verified": false,
        "dateVerified": "0001-01-01T00:00:00Z",
        "country": "4e127564-d74f-4dd9-bced-0327f0f4e061",
        "countryCode": "643",
        "region": "00000000-0000-0000-0000-000000000000",
        "regionCode": "",
        "contactInformation": [
            
        ]
    },
    {
        "guid": "d8708a4a-8a97-11ee-b5b1-005056013b0c",
        "archive": false,
        "dateOutputArchive": "0001-01-01T00:00:00Z",
        "code": "48",
        "name": "СМИ ООО",
        "nameAbbreviated": "ООО \"СМИ\"",
        "nameFull": "Общество с ограниченной ответственностью \"СТРОЙМОНТАЖИЗОЛЯЦИЯ\"",
        "type": 1,
        "intragroup": false,
        "organization": "00000000-0000-0000-0000-000000000000",
        "organizationCode": "",
        "concernType": "00000000-0000-0000-0000-000000000000",
        "concernTypeCode": "",
        "noResident": false,
        "inn": "2127311829",
        "kpp": "213001001",
        "kppAdditional": "",
        "registrationNumber": "",
        "ogrn": "1022100970627",
        "okpo": "",
        "okved": "00000000-0000-0000-0000-000000000000",
        "okvedCode": "",
        "separateUnit": false,
        "partnerHead": "00000000-0000-0000-0000-000000000000",
        "bank": "00000000-0000-0000-0000-000000000000",
        "bankBIC": "",
        "okopf": "00000000-0000-0000-0000-000000000000",
        "okopfName": "",
        "reliabilitySupplier": 0,
        "reliabilityBuyer": 0,
        "verified": false,
        "dateVerified": "0001-01-01T00:00:00Z",
        "country": "4e127564-d74f-4dd9-bced-0327f0f4e061",
        "countryCode": "643",
        "region": "00000000-0000-0000-0000-000000000000",
        "regionCode": "",
        "contactInformation": [
            
        ]
    },
    {
        "guid": "d8708a4b-8a97-11ee-b5b1-005056013b0c",
        "archive": false,
        "dateOutputArchive": "0001-01-01T00:00:00Z",
        "code": "49",
        "name": "МОНТАЖСТРОЙСЕРВИС ООО",
        "nameAbbreviated": "ООО \"МОНТАЖСТРОЙСЕРВИС\"",
        "nameFull": "Общество с ограниченной ответственностью \"МОНТАЖСТРОЙСЕРВИС\"",
        "type": 1,
        "intragroup": false,
        "organization": "00000000-0000-0000-0000-000000000000",
        "organizationCode": "",
        "concernType": "00000000-0000-0000-0000-000000000000",
        "concernTypeCode": "",
        "noResident": false,
        "inn": "2127311459",
        "kpp": "166001001",
        "kppAdditional": "",
        "registrationNumber": "",
        "ogrn": "1022100978569",
        "okpo": "",
        "okved": "00000000-0000-0000-0000-000000000000",
        "okvedCode": "",
        "separateUnit": false,
        "partnerHead": "00000000-0000-0000-0000-000000000000",
        "bank": "00000000-0000-0000-0000-000000000000",
        "bankBIC": "",
        "okopf": "00000000-0000-0000-0000-000000000000",
        "okopfName": "",
        "reliabilitySupplier": 0,
        "reliabilityBuyer": 0,
        "verified": false,
        "dateVerified": "0001-01-01T00:00:00Z",
        "country": "4e127564-d74f-4dd9-bced-0327f0f4e061",
        "countryCode": "643",
        "region": "00000000-0000-0000-0000-000000000000",
        "regionCode": "",
        "contactInformation": [
            
        ]
    },
    {
        "guid": "d8708a4c-8a97-11ee-b5b1-005056013b0c",
        "archive": false,
        "dateOutputArchive": "0001-01-01T00:00:00Z",
        "code": "50",
        "name": "АЗС-ИРБИС ООО",
        "nameAbbreviated": "ООО \"АЗС-ИРБИС\"",
        "nameFull": "Общество с ограниченной ответственностью \"АЗС-ИРБИС\"",
        "type": 1,
        "intragroup": false,
        "organization": "00000000-0000-0000-0000-000000000000",
        "organizationCode": "",
        "concernType": "00000000-0000-0000-0000-000000000000",
        "concernTypeCode": "",
        "noResident": false,
        "inn": "1635010878",
        "kpp": "166001001",
        "kppAdditional": "",
        "registrationNumber": "",
        "ogrn": "1151675000465",
        "okpo": "",
        "okved": "00000000-0000-0000-0000-000000000000",
        "okvedCode": "",
        "separateUnit": false,
        "partnerHead": "00000000-0000-0000-0000-000000000000",
        "bank": "00000000-0000-0000-0000-000000000000",
        "bankBIC": "",
        "okopf": "00000000-0000-0000-0000-000000000000",
        "okopfName": "",
        "reliabilitySupplier": 0,
        "reliabilityBuyer": 0,
        "verified": false,
        "dateVerified": "0001-01-01T00:00:00Z",
        "country": "4e127564-d74f-4dd9-bced-0327f0f4e061",
        "countryCode": "643",
        "region": "00000000-0000-0000-0000-000000000000",
        "regionCode": "",
        "contactInformation": [
            
        ]
    },
    {
        "guid": "d8708a4d-8a97-11ee-b5b1-005056013b0c",
        "archive": false,
        "dateOutputArchive": "0001-01-01T00:00:00Z",
        "code": "51",
        "name": "ЖБК № 9 ООО",
        "nameAbbreviated": "ООО \"ЖБК № 9\"",
        "nameFull": "Общество с ограниченной ответственностью \"ЖЕЛЕЗОБЕТОННЫЕ КОНСТРУКЦИИ № 9\"",
        "type": 1,
        "intragroup": false,
        "organization": "00000000-0000-0000-0000-000000000000",
        "organizationCode": "",
        "concernType": "00000000-0000-0000-0000-000000000000",
        "concernTypeCode": "",
        "noResident": false,
        "inn": "2129043580",
        "kpp": "213001001",
        "kppAdditional": "",
        "registrationNumber": "",
        "ogrn": "1022101272995",
        "okpo": "",
        "okved": "00000000-0000-0000-0000-000000000000",
        "okvedCode": "",
        "separateUnit": false,
        "partnerHead": "00000000-0000-0000-0000-000000000000",
        "bank": "00000000-0000-0000-0000-000000000000",
        "bankBIC": "",
        "okopf": "00000000-0000-0000-0000-000000000000",
        "okopfName": "",
        "reliabilitySupplier": 0,
        "reliabilityBuyer": 0,
        "verified": false,
        "dateVerified": "0001-01-01T00:00:00Z",
        "country": "4e127564-d74f-4dd9-bced-0327f0f4e061",
        "countryCode": "643",
        "region": "00000000-0000-0000-0000-000000000000",
        "regionCode": "",
        "contactInformation": [
            
        ]
    },
    {
        "guid": "d8708a4e-8a97-11ee-b5b1-005056013b0c",
        "archive": false,
        "dateOutputArchive": "0001-01-01T00:00:00Z",
        "code": "52",
        "name": "ТЕПЛОЭНЕРГОСЕТИ ЗАО",
        "nameAbbreviated": "ЗАО \"ТЕПЛОЭНЕРГОСЕТИ\"",
        "nameFull": "Закрытое акционерное общество \"ТЕПЛОЭНЕРГОСЕТИ\"",
        "type": 1,
        "intragroup": false,
        "organization": "00000000-0000-0000-0000-000000000000",
        "organizationCode": "",
        "concernType": "00000000-0000-0000-0000-000000000000",
        "concernTypeCode": "",
        "noResident": false,
        "inn": "2116476096",
        "kpp": "211601001",
        "kppAdditional": "",
        "registrationNumber": "",
        "ogrn": "1062135018989",
        "okpo": "",
        "okved": "00000000-0000-0000-0000-000000000000",
        "okvedCode": "",
        "separateUnit": false,
        "partnerHead": "00000000-0000-0000-0000-000000000000",
        "bank": "00000000-0000-0000-0000-000000000000",
        "bankBIC": "",
        "okopf": "00000000-0000-0000-0000-000000000000",
        "okopfName": "",
        "reliabilitySupplier": 0,
        "reliabilityBuyer": 0,
        "verified": false,
        "dateVerified": "0001-01-01T00:00:00Z",
        "country": "4e127564-d74f-4dd9-bced-0327f0f4e061",
        "countryCode": "643",
        "region": "00000000-0000-0000-0000-000000000000",
        "regionCode": "",
        "contactInformation": [
            
        ]
    },
    {
        "guid": "d8708a4f-8a97-11ee-b5b1-005056013b0c",
        "archive": false,
        "dateOutputArchive": "0001-01-01T00:00:00Z",
        "code": "53",
        "name": "СТАЛЬНАЯ ВОЛЯ ООО",
        "nameAbbreviated": "ООО \"СТАЛЬНАЯ ВОЛЯ\"",
        "nameFull": "ОБЩЕСТВО С ОГРАНИЧЕННОЙ  ОТВЕТСТВЕННОСТЬЮ \"СТАЛЬНАЯ ВОЛЯ\"",
        "type": 1,
        "intragroup": false,
        "organization": "00000000-0000-0000-0000-000000000000",
        "organizationCode": "",
        "concernType": "00000000-0000-0000-0000-000000000000",
        "concernTypeCode": "",
        "noResident": false,
        "inn": "6659126969",
        "kpp": "667401001",
        "kppAdditional": "",
        "registrationNumber": "",
        "ogrn": "1056603227185",
        "okpo": "",
        "okved": "00000000-0000-0000-0000-000000000000",
        "okvedCode": "",
        "separateUnit": false,
        "partnerHead": "00000000-0000-0000-0000-000000000000",
        "bank": "00000000-0000-0000-0000-000000000000",
        "bankBIC": "",
        "okopf": "00000000-0000-0000-0000-000000000000",
        "okopfName": "",
        "reliabilitySupplier": 0,
        "reliabilityBuyer": 0,
        "verified": false,
        "dateVerified": "0001-01-01T00:00:00Z",
        "country": "4e127564-d74f-4dd9-bced-0327f0f4e061",
        "countryCode": "643",
        "region": "00000000-0000-0000-0000-000000000000",
        "regionCode": "",
        "contactInformation": [
            
        ]
    },
    {
        "guid": "d8708a50-8a97-11ee-b5b1-005056013b0c",
        "archive": false,
        "dateOutputArchive": "0001-01-01T00:00:00Z",
        "code": "54",
        "name": "МАСТЕР ВИНДО ООО",
        "nameAbbreviated": "ООО \"МАСТЕР ВИНДО\"",
        "nameFull": "Общество с ограниченной ответственностью \"МАСТЕР ВИНДО\"",
        "type": 1,
        "intragroup": false,
        "organization": "00000000-0000-0000-0000-000000000000",
        "organizationCode": "",
        "concernType": "00000000-0000-0000-0000-000000000000",
        "concernTypeCode": "",
        "noResident": false,
        "inn": "2130012018",
        "kpp": "213001001",
        "kppAdditional": "",
        "registrationNumber": "",
        "ogrn": "1062130016904",
        "okpo": "",
        "okved": "00000000-0000-0000-0000-000000000000",
        "okvedCode": "",
        "separateUnit": false,
        "partnerHead": "00000000-0000-0000-0000-000000000000",
        "bank": "00000000-0000-0000-0000-000000000000",
        "bankBIC": "",
        "okopf": "00000000-0000-0000-0000-000000000000",
        "okopfName": "",
        "reliabilitySupplier": 0,
        "reliabilityBuyer": 0,
        "verified": false,
        "dateVerified": "0001-01-01T00:00:00Z",
        "country": "4e127564-d74f-4dd9-bced-0327f0f4e061",
        "countryCode": "643",
        "region": "00000000-0000-0000-0000-000000000000",
        "regionCode": "",
        "contactInformation": [
            
        ]
    },
    {
        "guid": "5ef29a67-8a21-11ee-b5b1-005056013b0c",
        "archive": false,
        "dateOutputArchive": "0001-01-01T00:00:00Z",
        "code": "1",
        "name": "СИБМАШИНДУСТРИЯ ООО ТПК",
        "nameAbbreviated": "ООО ТПК \"СИБМАШИНДУСТРИЯ\"",
        "nameFull": "Общество с ограниченной ответственностью ТОРГОВО-ПРОИЗВОДСТВЕННАЯ КОМПАНИЯ \"СИБМАШИНДУСТРИЯ\"",
        "type": 1,
        "intragroup": false,
        "organization": "00000000-0000-0000-0000-000000000000",
        "organizationCode": "",
        "concernType": "00000000-0000-0000-0000-000000000000",
        "concernTypeCode": "",
        "noResident": false,
        "inn": "2223607628",
        "kpp": "222301001",
        "kppAdditional": "",
        "registrationNumber": "",
        "ogrn": "1152225021080",
        "okpo": "",
        "okved": "00000000-0000-0000-0000-000000000000",
        "okvedCode": "",
        "separateUnit": false,
        "partnerHead": "00000000-0000-0000-0000-000000000000",
        "bank": "00000000-0000-0000-0000-000000000000",
        "bankBIC": "",
        "okopf": "00000000-0000-0000-0000-000000000000",
        "okopfName": "",
        "reliabilitySupplier": 0,
        "reliabilityBuyer": 0,
        "verified": false,
        "dateVerified": "0001-01-01T00:00:00Z",
        "country": "4e127564-d74f-4dd9-bced-0327f0f4e061",
        "countryCode": "643",
        "region": "00000000-0000-0000-0000-000000000000",
        "regionCode": "",
        "contactInformation": [
            {
                "type": 1,
                "typeInformation": 1,
                "performance": "656922, Алтайский край, г. Барнаул, ул. Попова, здание 181Е",
                "country": "Россия",
                "region": "Алтайский край",
                "city": "Барнаул г.",
                "email": "",
                "phone": ""
            }
        ]
    },
    {
        "guid": "5ef29a68-8a21-11ee-b5b1-005056013b0c",
        "archive": false,
        "dateOutputArchive": "0001-01-01T00:00:00Z",
        "code": "2",
        "name": "ДЕЛЬТАСВАР ООО",
        "nameAbbreviated": "ООО \"ДЕЛЬТАСВАР\"",
        "nameFull": "Общество с ограниченной ответственностью \"ДЕЛЬТАСВАР\"",
        "type": 1,
        "intragroup": false,
        "organization": "00000000-0000-0000-0000-000000000000",
        "organizationCode": "",
        "concernType": "00000000-0000-0000-0000-000000000000",
        "concernTypeCode": "",
        "noResident": false,
        "inn": "6673229860",
        "kpp": "667801001",
        "kppAdditional": "",
        "registrationNumber": "",
        "ogrn": "1116673001466",
        "okpo": "",
        "okved": "00000000-0000-0000-0000-000000000000",
        "okvedCode": "",
        "separateUnit": false,
        "partnerHead": "00000000-0000-0000-0000-000000000000",
        "bank": "00000000-0000-0000-0000-000000000000",
        "bankBIC": "",
        "okopf": "00000000-0000-0000-0000-000000000000",
        "okopfName": "",
        "reliabilitySupplier": 0,
        "reliabilityBuyer": 0,
        "verified": false,
        "dateVerified": "0001-01-01T00:00:00Z",
        "country": "4e127564-d74f-4dd9-bced-0327f0f4e061",
        "countryCode": "643",
        "region": "00000000-0000-0000-0000-000000000000",
        "regionCode": "",
        "contactInformation": [
            
        ]
    },
    {
        "guid": "5ef29a69-8a21-11ee-b5b1-005056013b0c",
        "archive": false,
        "dateOutputArchive": "0001-01-01T00:00:00Z",
        "code": "3",
        "name": "ИПК ООО",
        "nameAbbreviated": "ООО \"ИПК\"",
        "nameFull": "Общество с ограниченной ответственностью \"ИНСТРУМЕНТАЛЬНО-ПОДШИПНИКОВАЯ КОМПАНИЯ\"",
        "type": 1,
        "intragroup": false,
        "organization": "00000000-0000-0000-0000-000000000000",
        "organizationCode": "",
        "concernType": "00000000-0000-0000-0000-000000000000",
        "concernTypeCode": "",
        "noResident": false,
        "inn": "6454140634",
        "kpp": "645401001",
        "kppAdditional": "",
        "registrationNumber": "",
        "ogrn": "1146454000857",
        "okpo": "",
        "okved": "00000000-0000-0000-0000-000000000000",
        "okvedCode": "",
        "separateUnit": false,
        "partnerHead": "00000000-0000-0000-0000-000000000000",
        "bank": "00000000-0000-0000-0000-000000000000",
        "bankBIC": "",
        "okopf": "00000000-0000-0000-0000-000000000000",
        "okopfName": "",
        "reliabilitySupplier": 0,
        "reliabilityBuyer": 0,
        "verified": false,
        "dateVerified": "0001-01-01T00:00:00Z",
        "country": "4e127564-d74f-4dd9-bced-0327f0f4e061",
        "countryCode": "643",
        "region": "00000000-0000-0000-0000-000000000000",
        "regionCode": "",
        "contactInformation": [
            
        ]
    },
    {
        "guid": "5ef29a6a-8a21-11ee-b5b1-005056013b0c",
        "archive": false,
        "dateOutputArchive": "0001-01-01T00:00:00Z",
        "code": "4",
        "name": "ОТК - КУРГАН ООО",
        "nameAbbreviated": "ООО \"ОТК - КУРГАН\"",
        "nameFull": "Общество с ограниченной ответственностью \"ОБЪЕДИНЕННАЯ ТЕКСТИЛЬНАЯ КОМПАНИЯ - КУРГАН\"",
        "type": 1,
        "intragroup": false,
        "organization": "00000000-0000-0000-0000-000000000000",
        "organizationCode": "",
        "concernType": "00000000-0000-0000-0000-000000000000",
        "concernTypeCode": "",
        "noResident": false,
        "inn": "4501183666",
        "kpp": "450101001",
        "kppAdditional": "",
        "registrationNumber": "",
        "ogrn": "1134501001634",
        "okpo": "",
        "okved": "00000000-0000-0000-0000-000000000000",
        "okvedCode": "",
        "separateUnit": false,
        "partnerHead": "00000000-0000-0000-0000-000000000000",
        "bank": "00000000-0000-0000-0000-000000000000",
        "bankBIC": "",
        "okopf": "00000000-0000-0000-0000-000000000000",
        "okopfName": "",
        "reliabilitySupplier": 0,
        "reliabilityBuyer": 0,
        "verified": false,
        "dateVerified": "0001-01-01T00:00:00Z",
        "country": "4e127564-d74f-4dd9-bced-0327f0f4e061",
        "countryCode": "643",
        "region": "00000000-0000-0000-0000-000000000000",
        "regionCode": "",
        "contactInformation": [
            
        ]
    },
    {
        "guid": "5ef29a6b-8a21-11ee-b5b1-005056013b0c",
        "archive": false,
        "dateOutputArchive": "0001-01-01T00:00:00Z",
        "code": "5",
        "name": "ПЫТЬ-ЯХСКАЯ ОКРУЖНАЯ КЛИНИЧЕСКАЯ БОЛЬНИЦА БУ",
        "nameAbbreviated": "БУ \"ПЫТЬ-ЯХСКАЯ ОКРУЖНАЯ КЛИНИЧЕСКАЯ БОЛЬНИЦА\"",
        "nameFull": "БЮДЖЕТНОЕ УЧРЕЖДЕНИЕ ХАНТЫ-МАНСИЙСКОГО АВТОНОМНОГО ОКРУГА - ЮГРЫ \"ПЫТЬ-ЯХСКАЯ ОКРУЖНАЯ КЛИНИЧЕСКАЯ БОЛЬНИЦА\"",
        "type": 1,
        "intragroup": false,
        "organization": "00000000-0000-0000-0000-000000000000",
        "organizationCode": "",
        "concernType": "00000000-0000-0000-0000-000000000000",
        "concernTypeCode": "",
        "noResident": false,
        "inn": "8612014565",
        "kpp": "861201001",
        "kppAdditional": "",
        "registrationNumber": "",
        "ogrn": "1088619000788",
        "okpo": "",
        "okved": "00000000-0000-0000-0000-000000000000",
        "okvedCode": "",
        "separateUnit": false,
        "partnerHead": "00000000-0000-0000-0000-000000000000",
        "bank": "00000000-0000-0000-0000-000000000000",
        "bankBIC": "",
        "okopf": "00000000-0000-0000-0000-000000000000",
        "okopfName": "",
        "reliabilitySupplier": 0,
        "reliabilityBuyer": 0,
        "verified": false,
        "dateVerified": "0001-01-01T00:00:00Z",
        "country": "4e127564-d74f-4dd9-bced-0327f0f4e061",
        "countryCode": "643",
        "region": "00000000-0000-0000-0000-000000000000",
        "regionCode": "",
        "contactInformation": [
            
        ]
    },
    {
        "guid": "d8708a51-8a97-11ee-b5b1-005056013b0c",
        "archive": false,
        "dateOutputArchive": "0001-01-01T00:00:00Z",
        "code": "55",
        "name": "МЕДСТАНДАРТ ЗАО",
        "nameAbbreviated": "ЗАО \"МЕДСТАНДАРТ\"",
        "nameFull": "Закрытое акционерное общество \"МЕДСТАНДАРТ\"",
        "type": 1,
        "intragroup": false,
        "organization": "00000000-0000-0000-0000-000000000000",
        "organizationCode": "",
        "concernType": "00000000-0000-0000-0000-000000000000",
        "concernTypeCode": "",
        "noResident": false,
        "inn": "0411151616",
        "kpp": "222101001",
        "kppAdditional": "",
        "registrationNumber": "",
        "ogrn": "1100411007410",
        "okpo": "",
        "okved": "00000000-0000-0000-0000-000000000000",
        "okvedCode": "",
        "separateUnit": false,
        "partnerHead": "00000000-0000-0000-0000-000000000000",
        "bank": "00000000-0000-0000-0000-000000000000",
        "bankBIC": "",
        "okopf": "00000000-0000-0000-0000-000000000000",
        "okopfName": "",
        "reliabilitySupplier": 0,
        "reliabilityBuyer": 0,
        "verified": false,
        "dateVerified": "0001-01-01T00:00:00Z",
        "country": "4e127564-d74f-4dd9-bced-0327f0f4e061",
        "countryCode": "643",
        "region": "00000000-0000-0000-0000-000000000000",
        "regionCode": "",
        "contactInformation": [
            
        ]
    },
    {
        "guid": "d8708a52-8a97-11ee-b5b1-005056013b0c",
        "archive": false,
        "dateOutputArchive": "0001-01-01T00:00:00Z",
        "code": "56",
        "name": "ВЕГА ООО",
        "nameAbbreviated": "ООО \"ВЕГА\"",
        "nameFull": "Общество с ограниченной ответственностью \"ВЕГА\"",
        "type": 1,
        "intragroup": false,
        "organization": "00000000-0000-0000-0000-000000000000",
        "organizationCode": "",
        "concernType": "00000000-0000-0000-0000-000000000000",
        "concernTypeCode": "",
        "noResident": false,
        "inn": "7459004468",
        "kpp": "745901001",
        "kppAdditional": "",
        "registrationNumber": "",
        "ogrn": "1157456026452",
        "okpo": "",
        "okved": "00000000-0000-0000-0000-000000000000",
        "okvedCode": "",
        "separateUnit": false,
        "partnerHead": "00000000-0000-0000-0000-000000000000",
        "bank": "00000000-0000-0000-0000-000000000000",
        "bankBIC": "",
        "okopf": "00000000-0000-0000-0000-000000000000",
        "okopfName": "",
        "reliabilitySupplier": 0,
        "reliabilityBuyer": 0,
        "verified": false,
        "dateVerified": "0001-01-01T00:00:00Z",
        "country": "4e127564-d74f-4dd9-bced-0327f0f4e061",
        "countryCode": "643",
        "region": "00000000-0000-0000-0000-000000000000",
        "regionCode": "",
        "contactInformation": [
            
        ]
    },
    {
        "guid": "d8708a53-8a97-11ee-b5b1-005056013b0c",
        "archive": false,
        "dateOutputArchive": "0001-01-01T00:00:00Z",
        "code": "57",
        "name": "ЧЕЛЯБСПЕЦСТАЛЬ ООО",
        "nameAbbreviated": "ООО \"ЧЕЛЯБСПЕЦСТАЛЬ\"",
        "nameFull": "Общество с ограниченной ответственностью \"ЧЕЛЯБСПЕЦСТАЛЬ\"",
        "type": 1,
        "intragroup": false,
        "organization": "00000000-0000-0000-0000-000000000000",
        "organizationCode": "",
        "concernType": "00000000-0000-0000-0000-000000000000",
        "concernTypeCode": "",
        "noResident": false,
        "inn": "7460020030",
        "kpp": "746001001",
        "kppAdditional": "",
        "registrationNumber": "",
        "ogrn": "1157460000818",
        "okpo": "",
        "okved": "00000000-0000-0000-0000-000000000000",
        "okvedCode": "",
        "separateUnit": false,
        "partnerHead": "00000000-0000-0000-0000-000000000000",
        "bank": "00000000-0000-0000-0000-000000000000",
        "bankBIC": "",
        "okopf": "00000000-0000-0000-0000-000000000000",
        "okopfName": "",
        "reliabilitySupplier": 0,
        "reliabilityBuyer": 0,
        "verified": false,
        "dateVerified": "0001-01-01T00:00:00Z",
        "country": "4e127564-d74f-4dd9-bced-0327f0f4e061",
        "countryCode": "643",
        "region": "00000000-0000-0000-0000-000000000000",
        "regionCode": "",
        "contactInformation": [
            
        ]
    },
    {
        "guid": "d8708a54-8a97-11ee-b5b1-005056013b0c",
        "archive": false,
        "dateOutputArchive": "0001-01-01T00:00:00Z",
        "code": "58",
        "name": "СТРОЙПРОМСЕРВИС ООО",
        "nameAbbreviated": "ООО \"СТРОЙПРОМСЕРВИС\"",
        "nameFull": "Общество с ограниченной ответственностью \"СТРОЙПРОМСЕРВИС\"",
        "type": 1,
        "intragroup": false,
        "organization": "00000000-0000-0000-0000-000000000000",
        "organizationCode": "",
        "concernType": "00000000-0000-0000-0000-000000000000",
        "concernTypeCode": "",
        "noResident": false,
        "inn": "7720339142",
        "kpp": "770101001",
        "kppAdditional": "",
        "registrationNumber": "",
        "ogrn": "1167746416617",
        "okpo": "",
        "okved": "00000000-0000-0000-0000-000000000000",
        "okvedCode": "",
        "separateUnit": false,
        "partnerHead": "00000000-0000-0000-0000-000000000000",
        "bank": "00000000-0000-0000-0000-000000000000",
        "bankBIC": "",
        "okopf": "00000000-0000-0000-0000-000000000000",
        "okopfName": "",
        "reliabilitySupplier": 0,
        "reliabilityBuyer": 0,
        "verified": false,
        "dateVerified": "0001-01-01T00:00:00Z",
        "country": "4e127564-d74f-4dd9-bced-0327f0f4e061",
        "countryCode": "643",
        "region": "00000000-0000-0000-0000-000000000000",
        "regionCode": "",
        "contactInformation": [
            
        ]
    },
    {
        "guid": "d8708a55-8a97-11ee-b5b1-005056013b0c",
        "archive": false,
        "dateOutputArchive": "0001-01-01T00:00:00Z",
        "code": "59",
        "name": "РСТЕХНО ООО",
        "nameAbbreviated": "ООО \"РСТЕХНО\"",
        "nameFull": "Общество с ограниченной ответственностью \"РЕМСПЕЦТЕХНО\"",
        "type": 1,
        "intragroup": false,
        "organization": "00000000-0000-0000-0000-000000000000",
        "organizationCode": "",
        "concernType": "00000000-0000-0000-0000-000000000000",
        "concernTypeCode": "",
        "noResident": false,
        "inn": "3444160178",
        "kpp": "344401001",
        "kppAdditional": "",
        "registrationNumber": "",
        "ogrn": "1083444005358",
        "okpo": "",
        "okved": "00000000-0000-0000-0000-000000000000",
        "okvedCode": "",
        "separateUnit": false,
        "partnerHead": "00000000-0000-0000-0000-000000000000",
        "bank": "00000000-0000-0000-0000-000000000000",
        "bankBIC": "",
        "okopf": "00000000-0000-0000-0000-000000000000",
        "okopfName": "",
        "reliabilitySupplier": 0,
        "reliabilityBuyer": 0,
        "verified": false,
        "dateVerified": "0001-01-01T00:00:00Z",
        "country": "4e127564-d74f-4dd9-bced-0327f0f4e061",
        "countryCode": "643",
        "region": "00000000-0000-0000-0000-000000000000",
        "regionCode": "",
        "contactInformation": [
            
        ]
    },
    {
        "guid": "d8708a56-8a97-11ee-b5b1-005056013b0c",
        "archive": false,
        "dateOutputArchive": "0001-01-01T00:00:00Z",
        "code": "60",
        "name": "ОСС ООО",
        "nameAbbreviated": "ООО \"ОСС\"",
        "nameFull": "Общество с ограниченной ответственностью \"ОБОРОНСПЕЦСТРОЙ\"",
        "type": 1,
        "intragroup": false,
        "organization": "00000000-0000-0000-0000-000000000000",
        "organizationCode": "",
        "concernType": "00000000-0000-0000-0000-000000000000",
        "concernTypeCode": "",
        "noResident": false,
        "inn": "7734691114",
        "kpp": "772801001",
        "kppAdditional": "",
        "registrationNumber": "",
        "ogrn": "1127747177887",
        "okpo": "",
        "okved": "00000000-0000-0000-0000-000000000000",
        "okvedCode": "",
        "separateUnit": false,
        "partnerHead": "00000000-0000-0000-0000-000000000000",
        "bank": "00000000-0000-0000-0000-000000000000",
        "bankBIC": "",
        "okopf": "00000000-0000-0000-0000-000000000000",
        "okopfName": "",
        "reliabilitySupplier": 0,
        "reliabilityBuyer": 0,
        "verified": false,
        "dateVerified": "0001-01-01T00:00:00Z",
        "country": "4e127564-d74f-4dd9-bced-0327f0f4e061",
        "countryCode": "643",
        "region": "00000000-0000-0000-0000-000000000000",
        "regionCode": "",
        "contactInformation": [
            
        ]
    },
    {
        "guid": "d8708a57-8a97-11ee-b5b1-005056013b0c",
        "archive": false,
        "dateOutputArchive": "0001-01-01T00:00:00Z",
        "code": "61",
        "name": "РУССКАЯ СМАЗОЧНАЯ КОМПАНИЯ ОАО",
        "nameAbbreviated": "ОАО \"РУССКАЯ СМАЗОЧНАЯ КОМПАНИЯ\"",
        "nameFull": "Открытое акционерное общество \"РУССКАЯ СМАЗОЧНАЯ КОМПАНИЯ\"",
        "type": 1,
        "intragroup": false,
        "organization": "00000000-0000-0000-0000-000000000000",
        "organizationCode": "",
        "concernType": "00000000-0000-0000-0000-000000000000",
        "concernTypeCode": "",
        "noResident": false,
        "inn": "7730168418",
        "kpp": "081601001",
        "kppAdditional": "",
        "registrationNumber": "",
        "ogrn": "1037730016246",
        "okpo": "",
        "okved": "00000000-0000-0000-0000-000000000000",
        "okvedCode": "",
        "separateUnit": false,
        "partnerHead": "00000000-0000-0000-0000-000000000000",
        "bank": "00000000-0000-0000-0000-000000000000",
        "bankBIC": "",
        "okopf": "00000000-0000-0000-0000-000000000000",
        "okopfName": "",
        "reliabilitySupplier": 0,
        "reliabilityBuyer": 0,
        "verified": false,
        "dateVerified": "0001-01-01T00:00:00Z",
        "country": "4e127564-d74f-4dd9-bced-0327f0f4e061",
        "countryCode": "643",
        "region": "00000000-0000-0000-0000-000000000000",
        "regionCode": "",
        "contactInformation": [
            
        ]
    },
    {
        "guid": "d8708a58-8a97-11ee-b5b1-005056013b0c",
        "archive": false,
        "dateOutputArchive": "0001-01-01T00:00:00Z",
        "code": "62",
        "name": "МК ГИДРАВЛИКА ООО",
        "nameAbbreviated": "ООО \"МК ГИДРАВЛИКА\"",
        "nameFull": "Общество с ограниченной ответственностью \"МК ГИДРАВЛИКА\"",
        "type": 1,
        "intragroup": false,
        "organization": "00000000-0000-0000-0000-000000000000",
        "organizationCode": "",
        "concernType": "00000000-0000-0000-0000-000000000000",
        "concernTypeCode": "",
        "noResident": false,
        "inn": "7725809112",
        "kpp": "770101001",
        "kppAdditional": "",
        "registrationNumber": "",
        "ogrn": "5137746071470",
        "okpo": "",
        "okved": "00000000-0000-0000-0000-000000000000",
        "okvedCode": "",
        "separateUnit": false,
        "partnerHead": "00000000-0000-0000-0000-000000000000",
        "bank": "00000000-0000-0000-0000-000000000000",
        "bankBIC": "",
        "okopf": "00000000-0000-0000-0000-000000000000",
        "okopfName": "",
        "reliabilitySupplier": 0,
        "reliabilityBuyer": 0,
        "verified": false,
        "dateVerified": "0001-01-01T00:00:00Z",
        "country": "4e127564-d74f-4dd9-bced-0327f0f4e061",
        "countryCode": "643",
        "region": "00000000-0000-0000-0000-000000000000",
        "regionCode": "",
        "contactInformation": [
            
        ]
    },
    {
        "guid": "d8708a59-8a97-11ee-b5b1-005056013b0c",
        "archive": false,
        "dateOutputArchive": "0001-01-01T00:00:00Z",
        "code": "63",
        "name": "МЕТКОМПЛЕКТ ООО",
        "nameAbbreviated": "ООО \"МЕТКОМПЛЕКТ\"",
        "nameFull": "Общество с ограниченной ответственностью \"МЕТКОМПЛЕКТ\"",
        "type": 1,
        "intragroup": false,
        "organization": "00000000-0000-0000-0000-000000000000",
        "organizationCode": "",
        "concernType": "00000000-0000-0000-0000-000000000000",
        "concernTypeCode": "",
        "noResident": false,
        "inn": "6671048770",
        "kpp": "667101001",
        "kppAdditional": "",
        "registrationNumber": "",
        "ogrn": "1169658081185",
        "okpo": "",
        "okved": "00000000-0000-0000-0000-000000000000",
        "okvedCode": "",
        "separateUnit": false,
        "partnerHead": "00000000-0000-0000-0000-000000000000",
        "bank": "00000000-0000-0000-0000-000000000000",
        "bankBIC": "",
        "okopf": "00000000-0000-0000-0000-000000000000",
        "okopfName": "",
        "reliabilitySupplier": 0,
        "reliabilityBuyer": 0,
        "verified": false,
        "dateVerified": "0001-01-01T00:00:00Z",
        "country": "4e127564-d74f-4dd9-bced-0327f0f4e061",
        "countryCode": "643",
        "region": "00000000-0000-0000-0000-000000000000",
        "regionCode": "",
        "contactInformation": [
            
        ]
    },
    {
        "guid": "de73f33a-8a97-11ee-b5b1-005056013b0c",
        "archive": false,
        "dateOutputArchive": "0001-01-01T00:00:00Z",
        "code": "64",
        "name": "ПИТСТОПАВТО ООО",
        "nameAbbreviated": "ООО \"ПИТСТОПАВТО\"",
        "nameFull": "Общество с ограниченной ответственностью \"ПИТСТОПАВТО\"",
        "type": 1,
        "intragroup": false,
        "organization": "00000000-0000-0000-0000-000000000000",
        "organizationCode": "",
        "concernType": "00000000-0000-0000-0000-000000000000",
        "concernTypeCode": "",
        "noResident": false,
        "inn": "2465210727",
        "kpp": "246301001",
        "kppAdditional": "",
        "registrationNumber": "",
        "ogrn": "1082468032954",
        "okpo": "",
        "okved": "00000000-0000-0000-0000-000000000000",
        "okvedCode": "",
        "separateUnit": false,
        "partnerHead": "00000000-0000-0000-0000-000000000000",
        "bank": "00000000-0000-0000-0000-000000000000",
        "bankBIC": "",
        "okopf": "00000000-0000-0000-0000-000000000000",
        "okopfName": "",
        "reliabilitySupplier": 0,
        "reliabilityBuyer": 0,
        "verified": false,
        "dateVerified": "0001-01-01T00:00:00Z",
        "country": "4e127564-d74f-4dd9-bced-0327f0f4e061",
        "countryCode": "643",
        "region": "00000000-0000-0000-0000-000000000000",
        "regionCode": "",
        "contactInformation": [
            
        ]
    },
    {
        "guid": "de73f33b-8a97-11ee-b5b1-005056013b0c",
        "archive": false,
        "dateOutputArchive": "0001-01-01T00:00:00Z",
        "code": "65",
        "name": "КОНТИНЕНТАЛЬ ООО",
        "nameAbbreviated": "ООО \"КОНТИНЕНТАЛЬ\"",
        "nameFull": "Общество с ограниченной ответственностью \"КОНТИНЕНТАЛЬ\"",
        "type": 1,
        "intragroup": false,
        "organization": "00000000-0000-0000-0000-000000000000",
        "organizationCode": "",
        "concernType": "00000000-0000-0000-0000-000000000000",
        "concernTypeCode": "",
        "noResident": false,
        "inn": "2128036526",
        "kpp": "526101001",
        "kppAdditional": "",
        "registrationNumber": "",
        "ogrn": "1022101145241",
        "okpo": "",
        "okved": "00000000-0000-0000-0000-000000000000",
        "okvedCode": "",
        "separateUnit": false,
        "partnerHead": "00000000-0000-0000-0000-000000000000",
        "bank": "00000000-0000-0000-0000-000000000000",
        "bankBIC": "",
        "okopf": "00000000-0000-0000-0000-000000000000",
        "okopfName": "",
        "reliabilitySupplier": 0,
        "reliabilityBuyer": 0,
        "verified": false,
        "dateVerified": "0001-01-01T00:00:00Z",
        "country": "4e127564-d74f-4dd9-bced-0327f0f4e061",
        "countryCode": "643",
        "region": "00000000-0000-0000-0000-000000000000",
        "regionCode": "",
        "contactInformation": [
            
        ]
    },
    {
        "guid": "de73f33c-8a97-11ee-b5b1-005056013b0c",
        "archive": false,
        "dateOutputArchive": "0001-01-01T00:00:00Z",
        "code": "66",
        "name": "ЗОДИАК ООО",
        "nameAbbreviated": "ООО \"ЗОДИАК\"",
        "nameFull": "Общество с ограниченной ответственностью \"ЗОДИАК\"",
        "type": 1,
        "intragroup": false,
        "organization": "00000000-0000-0000-0000-000000000000",
        "organizationCode": "",
        "concernType": "00000000-0000-0000-0000-000000000000",
        "concernTypeCode": "",
        "noResident": false,
        "inn": "2127309033",
        "kpp": "213001001",
        "kppAdditional": "",
        "registrationNumber": "",
        "ogrn": "1022100978338",
        "okpo": "",
        "okved": "00000000-0000-0000-0000-000000000000",
        "okvedCode": "",
        "separateUnit": false,
        "partnerHead": "00000000-0000-0000-0000-000000000000",
        "bank": "00000000-0000-0000-0000-000000000000",
        "bankBIC": "",
        "okopf": "00000000-0000-0000-0000-000000000000",
        "okopfName": "",
        "reliabilitySupplier": 0,
        "reliabilityBuyer": 0,
        "verified": false,
        "dateVerified": "0001-01-01T00:00:00Z",
        "country": "4e127564-d74f-4dd9-bced-0327f0f4e061",
        "countryCode": "643",
        "region": "00000000-0000-0000-0000-000000000000",
        "regionCode": "",
        "contactInformation": [
            
        ]
    },
    {
        "guid": "de73f33d-8a97-11ee-b5b1-005056013b0c",
        "archive": false,
        "dateOutputArchive": "0001-01-01T00:00:00Z",
        "code": "67",
        "name": "РОСИНКАС ОБЪЕДИНЕНИЕ",
        "nameAbbreviated": "ОБЪЕДИНЕНИЕ \"РОСИНКАС\"",
        "nameFull": "РОССИЙСКОЕ ОБЪЕДИНЕНИЕ ИНКАССАЦИИ (РОСИНКАС) ЦЕНТРАЛЬНОГО БАНКА РОССИЙСКОЙ ФЕДЕРАЦИИ (БАНКА РОССИИ)",
        "type": 1,
        "intragroup": false,
        "organization": "00000000-0000-0000-0000-000000000000",
        "organizationCode": "",
        "concernType": "00000000-0000-0000-0000-000000000000",
        "concernTypeCode": "",
        "noResident": false,
        "inn": "7703030058",
        "kpp": "770701001",
        "kppAdditional": "",
        "registrationNumber": "",
        "ogrn": "1027739529641",
        "okpo": "",
        "okved": "00000000-0000-0000-0000-000000000000",
        "okvedCode": "",
        "separateUnit": true,
        "partnerHead": "00000000-0000-0000-0000-000000000000",
        "bank": "00000000-0000-0000-0000-000000000000",
        "bankBIC": "",
        "okopf": "00000000-0000-0000-0000-000000000000",
        "okopfName": "",
        "reliabilitySupplier": 0,
        "reliabilityBuyer": 0,
        "verified": false,
        "dateVerified": "0001-01-01T00:00:00Z",
        "country": "4e127564-d74f-4dd9-bced-0327f0f4e061",
        "countryCode": "643",
        "region": "00000000-0000-0000-0000-000000000000",
        "regionCode": "",
        "contactInformation": [
            
        ]
    },
    {
        "guid": "de73f33e-8a97-11ee-b5b1-005056013b0c",
        "archive": false,
        "dateOutputArchive": "0001-01-01T00:00:00Z",
        "code": "68",
        "name": "ПЭК ООО",
        "nameAbbreviated": "ООО \"ПЭК\"",
        "nameFull": "Общество с ограниченной ответственностью \"ПЕРВАЯ ЭКСПЕДИЦИОННАЯ КОМПАНИЯ\"",
        "type": 1,
        "intragroup": false,
        "organization": "00000000-0000-0000-0000-000000000000",
        "organizationCode": "",
        "concernType": "00000000-0000-0000-0000-000000000000",
        "concernTypeCode": "",
        "noResident": false,
        "inn": "7721823853",
        "kpp": "772101001",
        "kppAdditional": "",
        "registrationNumber": "",
        "ogrn": "1147746182748",
        "okpo": "",
        "okved": "00000000-0000-0000-0000-000000000000",
        "okvedCode": "",
        "separateUnit": true,
        "partnerHead": "00000000-0000-0000-0000-000000000000",
        "bank": "00000000-0000-0000-0000-000000000000",
        "bankBIC": "",
        "okopf": "00000000-0000-0000-0000-000000000000",
        "okopfName": "",
        "reliabilitySupplier": 0,
        "reliabilityBuyer": 0,
        "verified": false,
        "dateVerified": "0001-01-01T00:00:00Z",
        "country": "4e127564-d74f-4dd9-bced-0327f0f4e061",
        "countryCode": "643",
        "region": "00000000-0000-0000-0000-000000000000",
        "regionCode": "",
        "contactInformation": [
            
        ]
    },
    {
        "guid": "de73f33f-8a97-11ee-b5b1-005056013b0c",
        "archive": false,
        "dateOutputArchive": "0001-01-01T00:00:00Z",
        "code": "69",
        "name": "ЛЕНТА АО",
        "nameAbbreviated": "АО \"ЛЕНТА\"",
        "nameFull": "Акционерное общество \"ЛЕНТА\"",
        "type": 1,
        "intragroup": false,
        "organization": "00000000-0000-0000-0000-000000000000",
        "organizationCode": "",
        "concernType": "00000000-0000-0000-0000-000000000000",
        "concernTypeCode": "",
        "noResident": false,
        "inn": "2127008692",
        "kpp": "213001001",
        "kppAdditional": "",
        "registrationNumber": "",
        "ogrn": "1022100969890",
        "okpo": "",
        "okved": "00000000-0000-0000-0000-000000000000",
        "okvedCode": "",
        "separateUnit": false,
        "partnerHead": "00000000-0000-0000-0000-000000000000",
        "bank": "00000000-0000-0000-0000-000000000000",
        "bankBIC": "",
        "okopf": "00000000-0000-0000-0000-000000000000",
        "okopfName": "",
        "reliabilitySupplier": 0,
        "reliabilityBuyer": 0,
        "verified": false,
        "dateVerified": "0001-01-01T00:00:00Z",
        "country": "4e127564-d74f-4dd9-bced-0327f0f4e061",
        "countryCode": "643",
        "region": "00000000-0000-0000-0000-000000000000",
        "regionCode": "",
        "contactInformation": [
            
        ]
    },
    {
        "guid": "de73f340-8a97-11ee-b5b1-005056013b0c",
        "archive": false,
        "dateOutputArchive": "0001-01-01T00:00:00Z",
        "code": "70",
        "name": "РЖД ОАО",
        "nameAbbreviated": "ОАО \"РЖД\"",
        "nameFull": "Открытое акционерное общество \"РОССИЙСКИЕ ЖЕЛЕЗНЫЕ ДОРОГИ\"",
        "type": 1,
        "intragroup": false,
        "organization": "00000000-0000-0000-0000-000000000000",
        "organizationCode": "",
        "concernType": "00000000-0000-0000-0000-000000000000",
        "concernTypeCode": "",
        "noResident": false,
        "inn": "7708503727",
        "kpp": "770801001",
        "kppAdditional": "",
        "registrationNumber": "",
        "ogrn": "1037739877295",
        "okpo": "",
        "okved": "00000000-0000-0000-0000-000000000000",
        "okvedCode": "",
        "separateUnit": true,
        "partnerHead": "00000000-0000-0000-0000-000000000000",
        "bank": "00000000-0000-0000-0000-000000000000",
        "bankBIC": "",
        "okopf": "00000000-0000-0000-0000-000000000000",
        "okopfName": "",
        "reliabilitySupplier": 0,
        "reliabilityBuyer": 0,
        "verified": false,
        "dateVerified": "0001-01-01T00:00:00Z",
        "country": "4e127564-d74f-4dd9-bced-0327f0f4e061",
        "countryCode": "643",
        "region": "00000000-0000-0000-0000-000000000000",
        "regionCode": "",
        "contactInformation": [
            
        ]
    },
    {
        "guid": "de73f341-8a97-11ee-b5b1-005056013b0c",
        "archive": false,
        "dateOutputArchive": "0001-01-01T00:00:00Z",
        "code": "71",
        "name": "ИД ГРАНИ МИНКУЛЬТУРЫ ЧУВАШИИ ГУП",
        "nameAbbreviated": "ГУП \"ИД \"ГРАНИ\" МИНКУЛЬТУРЫ ЧУВАШИИ",
        "nameFull": "ГОСУДАРСТВЕННОЕ УНИТАРНОЕ ПРЕДПРИЯТИЕ ЧУВАШСКОЙ РЕСПУБЛИКИ \"ИЗДАТЕЛЬСКИЙ ДОМ \"ГРАНИ\" МИНИСТЕРСТВА КУЛЬТУРЫ, ПО ДЕЛАМ НАЦИОНАЛЬНОСТЕЙ, ИНФОРМАЦИОННОЙ ПОЛИТИКИ И АРХИВНОГО ДЕЛА ЧУВАШСКОЙ РЕСПУБЛИКИ",
        "type": 1,
        "intragroup": false,
        "organization": "00000000-0000-0000-0000-000000000000",
        "organizationCode": "",
        "concernType": "00000000-0000-0000-0000-000000000000",
        "concernTypeCode": "",
        "noResident": false,
        "inn": "2124010005",
        "kpp": "212401001",
        "kppAdditional": "",
        "registrationNumber": "",
        "ogrn": "1022100907730",
        "okpo": "",
        "okved": "00000000-0000-0000-0000-000000000000",
        "okvedCode": "",
        "separateUnit": false,
        "partnerHead": "00000000-0000-0000-0000-000000000000",
        "bank": "00000000-0000-0000-0000-000000000000",
        "bankBIC": "",
        "okopf": "00000000-0000-0000-0000-000000000000",
        "okopfName": "",
        "reliabilitySupplier": 0,
        "reliabilityBuyer": 0,
        "verified": false,
        "dateVerified": "0001-01-01T00:00:00Z",
        "country": "4e127564-d74f-4dd9-bced-0327f0f4e061",
        "countryCode": "643",
        "region": "00000000-0000-0000-0000-000000000000",
        "regionCode": "",
        "contactInformation": [
            
        ]
    },
    {
        "guid": "de73f342-8a97-11ee-b5b1-005056013b0c",
        "archive": false,
        "dateOutputArchive": "0001-01-01T00:00:00Z",
        "code": "72",
        "name": "АВИА - МОСТ ООО",
        "nameAbbreviated": "ООО \"АВИА - МОСТ\"",
        "nameFull": "Общество с ограниченной ответственностью \"АВИА - МОСТ\"",
        "type": 1,
        "intragroup": false,
        "organization": "00000000-0000-0000-0000-000000000000",
        "organizationCode": "",
        "concernType": "00000000-0000-0000-0000-000000000000",
        "concernTypeCode": "",
        "noResident": false,
        "inn": "2130008822",
        "kpp": "213001001",
        "kppAdditional": "",
        "registrationNumber": "",
        "ogrn": "1062130013626",
        "okpo": "",
        "okved": "00000000-0000-0000-0000-000000000000",
        "okvedCode": "",
        "separateUnit": false,
        "partnerHead": "00000000-0000-0000-0000-000000000000",
        "bank": "00000000-0000-0000-0000-000000000000",
        "bankBIC": "",
        "okopf": "00000000-0000-0000-0000-000000000000",
        "okopfName": "",
        "reliabilitySupplier": 0,
        "reliabilityBuyer": 0,
        "verified": false,
        "dateVerified": "0001-01-01T00:00:00Z",
        "country": "4e127564-d74f-4dd9-bced-0327f0f4e061",
        "countryCode": "643",
        "region": "00000000-0000-0000-0000-000000000000",
        "regionCode": "",
        "contactInformation": [
            
        ]
    },
    {
        "guid": "de73f343-8a97-11ee-b5b1-005056013b0c",
        "archive": false,
        "dateOutputArchive": "0001-01-01T00:00:00Z",
        "code": "73",
        "name": "ПЛАСТМАСС ГРЕБЕ ООО",
        "nameAbbreviated": "ООО \"ПЛАСТМАСС ГРЕБЕ\"",
        "nameFull": "Общество с ограниченной ответственностью \"ПЛАСТМАСС ГРЕБЕ\"",
        "type": 1,
        "intragroup": false,
        "organization": "00000000-0000-0000-0000-000000000000",
        "organizationCode": "",
        "concernType": "00000000-0000-0000-0000-000000000000",
        "concernTypeCode": "",
        "noResident": false,
        "inn": "7724594023",
        "kpp": "772401001",
        "kppAdditional": "",
        "registrationNumber": "",
        "ogrn": "1067758221211",
        "okpo": "",
        "okved": "00000000-0000-0000-0000-000000000000",
        "okvedCode": "",
        "separateUnit": false,
        "partnerHead": "00000000-0000-0000-0000-000000000000",
        "bank": "00000000-0000-0000-0000-000000000000",
        "bankBIC": "",
        "okopf": "00000000-0000-0000-0000-000000000000",
        "okopfName": "",
        "reliabilitySupplier": 0,
        "reliabilityBuyer": 0,
        "verified": false,
        "dateVerified": "0001-01-01T00:00:00Z",
        "country": "4e127564-d74f-4dd9-bced-0327f0f4e061",
        "countryCode": "643",
        "region": "00000000-0000-0000-0000-000000000000",
        "regionCode": "",
        "contactInformation": [
            
        ]
    },
    {
        "guid": "de73f344-8a97-11ee-b5b1-005056013b0c",
        "archive": false,
        "dateOutputArchive": "0001-01-01T00:00:00Z",
        "code": "74",
        "name": "РЕКЛАМНОЕ АГЕНТСТВО СПЕКТР ООО",
        "nameAbbreviated": "ООО \"РЕКЛАМНОЕ АГЕНТСТВО \"СПЕКТР\"",
        "nameFull": "Общество с ограниченной ответственностью \"РЕКЛАМНОЕ АГЕНТСТВО \"СПЕКТР\"",
        "type": 1,
        "intragroup": false,
        "organization": "00000000-0000-0000-0000-000000000000",
        "organizationCode": "",
        "concernType": "00000000-0000-0000-0000-000000000000",
        "concernTypeCode": "",
        "noResident": false,
        "inn": "4824025410",
        "kpp": "482601001",
        "kppAdditional": "",
        "registrationNumber": "",
        "ogrn": "1024840828143",
        "okpo": "",
        "okved": "00000000-0000-0000-0000-000000000000",
        "okvedCode": "",
        "separateUnit": false,
        "partnerHead": "00000000-0000-0000-0000-000000000000",
        "bank": "00000000-0000-0000-0000-000000000000",
        "bankBIC": "",
        "okopf": "00000000-0000-0000-0000-000000000000",
        "okopfName": "",
        "reliabilitySupplier": 0,
        "reliabilityBuyer": 0,
        "verified": false,
        "dateVerified": "0001-01-01T00:00:00Z",
        "country": "4e127564-d74f-4dd9-bced-0327f0f4e061",
        "countryCode": "643",
        "region": "00000000-0000-0000-0000-000000000000",
        "regionCode": "",
        "contactInformation": [
            
        ]
    },
    {
        "guid": "de73f345-8a97-11ee-b5b1-005056013b0c",
        "archive": false,
        "dateOutputArchive": "0001-01-01T00:00:00Z",
        "code": "75",
        "name": "РЖД ОАО",
        "nameAbbreviated": "ОАО \"РЖД\"",
        "nameFull": "Открытое акционерное общество \"РОССИЙСКИЕ ЖЕЛЕЗНЫЕ ДОРОГИ\"",
        "type": 1,
        "intragroup": false,
        "organization": "00000000-0000-0000-0000-000000000000",
        "organizationCode": "",
        "concernType": "00000000-0000-0000-0000-000000000000",
        "concernTypeCode": "",
        "noResident": false,
        "inn": "7708503727",
        "kpp": "770801001",
        "kppAdditional": "",
        "registrationNumber": "",
        "ogrn": "1037739877295",
        "okpo": "",
        "okved": "00000000-0000-0000-0000-000000000000",
        "okvedCode": "",
        "separateUnit": true,
        "partnerHead": "00000000-0000-0000-0000-000000000000",
        "bank": "00000000-0000-0000-0000-000000000000",
        "bankBIC": "",
        "okopf": "00000000-0000-0000-0000-000000000000",
        "okopfName": "",
        "reliabilitySupplier": 0,
        "reliabilityBuyer": 0,
        "verified": false,
        "dateVerified": "0001-01-01T00:00:00Z",
        "country": "4e127564-d74f-4dd9-bced-0327f0f4e061",
        "countryCode": "643",
        "region": "00000000-0000-0000-0000-000000000000",
        "regionCode": "",
        "contactInformation": [
            
        ]
    },
    {
        "guid": "de73f346-8a97-11ee-b5b1-005056013b0c",
        "archive": false,
        "dateOutputArchive": "0001-01-01T00:00:00Z",
        "code": "76",
        "name": "ЭИ-РЕСУРС ООО",
        "nameAbbreviated": "ООО \"ЭИ-РЕСУРС\"",
        "nameFull": "Общество с ограниченной ответственностью \"ЭИ-РЕСУРС\"",
        "type": 1,
        "intragroup": false,
        "organization": "00000000-0000-0000-0000-000000000000",
        "organizationCode": "",
        "concernType": "00000000-0000-0000-0000-000000000000",
        "concernTypeCode": "",
        "noResident": false,
        "inn": "7722266210",
        "kpp": "773301001",
        "kppAdditional": "",
        "registrationNumber": "",
        "ogrn": "1027739774138",
        "okpo": "",
        "okved": "00000000-0000-0000-0000-000000000000",
        "okvedCode": "",
        "separateUnit": false,
        "partnerHead": "00000000-0000-0000-0000-000000000000",
        "bank": "00000000-0000-0000-0000-000000000000",
        "bankBIC": "",
        "okopf": "00000000-0000-0000-0000-000000000000",
        "okopfName": "",
        "reliabilitySupplier": 0,
        "reliabilityBuyer": 0,
        "verified": false,
        "dateVerified": "0001-01-01T00:00:00Z",
        "country": "4e127564-d74f-4dd9-bced-0327f0f4e061",
        "countryCode": "643",
        "region": "00000000-0000-0000-0000-000000000000",
        "regionCode": "",
        "contactInformation": [
            
        ]
    },
    {
        "guid": "de73f349-8a97-11ee-b5b1-005056013b0c",
        "archive": false,
        "dateOutputArchive": "0001-01-01T00:00:00Z",
        "code": "79",
        "name": "ЭКСПРЕСС-МАРКЕТ ООО",
        "nameAbbreviated": "ООО \"ЭКСПРЕСС-МАРКЕТ\"",
        "nameFull": "Общество с ограниченной ответственностью \"ЭКСПРЕСС-МАРКЕТ\"",
        "type": 1,
        "intragroup": false,
        "organization": "00000000-0000-0000-0000-000000000000",
        "organizationCode": "",
        "concernType": "00000000-0000-0000-0000-000000000000",
        "concernTypeCode": "",
        "noResident": false,
        "inn": "2129036649",
        "kpp": "213001001",
        "kppAdditional": "",
        "registrationNumber": "",
        "ogrn": "1022101275954",
        "okpo": "",
        "okved": "00000000-0000-0000-0000-000000000000",
        "okvedCode": "",
        "separateUnit": false,
        "partnerHead": "00000000-0000-0000-0000-000000000000",
        "bank": "00000000-0000-0000-0000-000000000000",
        "bankBIC": "",
        "okopf": "00000000-0000-0000-0000-000000000000",
        "okopfName": "",
        "reliabilitySupplier": 0,
        "reliabilityBuyer": 0,
        "verified": false,
        "dateVerified": "0001-01-01T00:00:00Z",
        "country": "4e127564-d74f-4dd9-bced-0327f0f4e061",
        "countryCode": "643",
        "region": "00000000-0000-0000-0000-000000000000",
        "regionCode": "",
        "contactInformation": [
            
        ]
    },
    {
        "guid": "de73f34b-8a97-11ee-b5b1-005056013b0c",
        "archive": false,
        "dateOutputArchive": "0001-01-01T00:00:00Z",
        "code": "81",
        "name": "ЮНИМИЛК ООО",
        "nameAbbreviated": "ООО \"ЮНИМИЛК\"",
        "nameFull": "Общество с ограниченной ответственностью \"ЮНИМИЛК\"",
        "type": 1,
        "intragroup": false,
        "organization": "00000000-0000-0000-0000-000000000000",
        "organizationCode": "",
        "concernType": "00000000-0000-0000-0000-000000000000",
        "concernTypeCode": "",
        "noResident": false,
        "inn": "7714285185",
        "kpp": "770301001",
        "kppAdditional": "",
        "registrationNumber": "",
        "ogrn": "1027714021598",
        "okpo": "",
        "okved": "00000000-0000-0000-0000-000000000000",
        "okvedCode": "",
        "separateUnit": true,
        "partnerHead": "00000000-0000-0000-0000-000000000000",
        "bank": "00000000-0000-0000-0000-000000000000",
        "bankBIC": "",
        "okopf": "00000000-0000-0000-0000-000000000000",
        "okopfName": "",
        "reliabilitySupplier": 0,
        "reliabilityBuyer": 0,
        "verified": false,
        "dateVerified": "0001-01-01T00:00:00Z",
        "country": "4e127564-d74f-4dd9-bced-0327f0f4e061",
        "countryCode": "643",
        "region": "00000000-0000-0000-0000-000000000000",
        "regionCode": "",
        "contactInformation": [
            
        ]
    },
    {
        "guid": "de73f34a-8a97-11ee-b5b1-005056013b0c",
        "archive": false,
        "dateOutputArchive": "0001-01-01T00:00:00Z",
        "code": "80",
        "name": "РЦПП КВАЛИТЕТ ООО",
        "nameAbbreviated": "ООО \"РЦПП \"КВАЛИТЕТ\"",
        "nameFull": "Общество с ограниченной ответственностью \"РЕГИОНАЛЬНЫЙ ЦЕНТР ПРУЖИННОГО ПРОИЗВОДСТВА \"КВАЛИТЕТ\"",
        "type": 1,
        "intragroup": false,
        "organization": "00000000-0000-0000-0000-000000000000",
        "organizationCode": "",
        "concernType": "00000000-0000-0000-0000-000000000000",
        "concernTypeCode": "",
        "noResident": false,
        "inn": "7814142906",
        "kpp": "781401001",
        "kppAdditional": "",
        "registrationNumber": "",
        "ogrn": "1037832035603",
        "okpo": "",
        "okved": "00000000-0000-0000-0000-000000000000",
        "okvedCode": "",
        "separateUnit": false,
        "partnerHead": "00000000-0000-0000-0000-000000000000",
        "bank": "00000000-0000-0000-0000-000000000000",
        "bankBIC": "",
        "okopf": "00000000-0000-0000-0000-000000000000",
        "okopfName": "",
        "reliabilitySupplier": 0,
        "reliabilityBuyer": 0,
        "verified": false,
        "dateVerified": "0001-01-01T00:00:00Z",
        "country": "4e127564-d74f-4dd9-bced-0327f0f4e061",
        "countryCode": "643",
        "region": "00000000-0000-0000-0000-000000000000",
        "regionCode": "",
        "contactInformation": [
            {
                "type": 1,
                "typeInformation": 1,
                "performance": "197343, Город Санкт-Петербург, ул. Новосибирская, дом 19, квартира 42",
                "country": "Россия",
                "region": "Санкт-Петербург г",
                "city": "",
                "email": "",
                "phone": ""
            }
        ]
    },
    {
        "guid": "de73f347-8a97-11ee-b5b1-005056013b0c",
        "archive": false,
        "dateOutputArchive": "0001-01-01T00:00:00Z",
        "code": "77",
        "name": "РЕКЛАМНОЕ АГЕНТСТВО ВОЛГА ЭЛ-ПРЕСС ООО",
        "nameAbbreviated": "ООО \"РЕКЛАМНОЕ АГЕНТСТВО \"ВОЛГА ЭЛ-ПРЕСС\"",
        "nameFull": "Общество с ограниченной ответственностью \"РЕКЛАМНОЕ АГЕНТСТВО \"ВОЛГА ЭЛ-ПРЕСС\"",
        "type": 1,
        "intragroup": false,
        "organization": "00000000-0000-0000-0000-000000000000",
        "organizationCode": "",
        "concernType": "78f12e4b-8aa4-11ee-b5b1-005056013b0c",
        "concernTypeCode": "000000005",
        "noResident": false,
        "inn": "2127324144",
        "kpp": "212901001",
        "kppAdditional": "",
        "registrationNumber": "",
        "ogrn": "1032127002544",
        "okpo": "",
        "okved": "00000000-0000-0000-0000-000000000000",
        "okvedCode": "",
        "separateUnit": false,
        "partnerHead": "00000000-0000-0000-0000-000000000000",
        "bank": "00000000-0000-0000-0000-000000000000",
        "bankBIC": "",
        "okopf": "00000000-0000-0000-0000-000000000000",
        "okopfName": "",
        "reliabilitySupplier": 0,
        "reliabilityBuyer": 0,
        "verified": false,
        "dateVerified": "0001-01-01T00:00:00Z",
        "country": "4e127564-d74f-4dd9-bced-0327f0f4e061",
        "countryCode": "643",
        "region": "00000000-0000-0000-0000-000000000000",
        "regionCode": "",
        "contactInformation": [
            {
                "type": 1,
                "typeInformation": 1,
                "performance": "428000, Чувашская Республика - Чувашия, г. Чебоксары, ул. С.Михайлова, дом 1",
                "country": "Россия",
                "region": "Чувашская Республика - Чувашия",
                "city": "Чебоксары г.",
                "email": "",
                "phone": ""
            }
        ]
    },
    {
        "guid": "de73f348-8a97-11ee-b5b1-005056013b0c",
        "archive": false,
        "dateOutputArchive": "0001-01-01T00:00:00Z",
        "code": "78",
        "name": "ИНТЕГРУМ-ТЕХНО ЗАО",
        "nameAbbreviated": "ЗАО \"ИНТЕГРУМ-ТЕХНО\"",
        "nameFull": "Закрытое акционерное общество \"ИНТЕГРУМ-ТЕХНО\"",
        "type": 1,
        "intragroup": false,
        "organization": "00000000-0000-0000-0000-000000000000",
        "organizationCode": "",
        "concernType": "00000000-0000-0000-0000-000000000000",
        "concernTypeCode": "",
        "noResident": false,
        "inn": "7706114193",
        "kpp": "770401001",
        "kppAdditional": "",
        "registrationNumber": "",
        "ogrn": "1027739654447",
        "okpo": "",
        "okved": "00000000-0000-0000-0000-000000000000",
        "okvedCode": "",
        "separateUnit": false,
        "partnerHead": "00000000-0000-0000-0000-000000000000",
        "bank": "00000000-0000-0000-0000-000000000000",
        "bankBIC": "",
        "okopf": "00000000-0000-0000-0000-000000000000",
        "okopfName": "",
        "reliabilitySupplier": 0,
        "reliabilityBuyer": 0,
        "verified": false,
        "dateVerified": "0001-01-01T00:00:00Z",
        "country": "4e127564-d74f-4dd9-bced-0327f0f4e061",
        "countryCode": "643",
        "region": "00000000-0000-0000-0000-000000000000",
        "regionCode": "",
        "contactInformation": [
            {
                "type": 1,
                "typeInformation": 1,
                "performance": "119034, Город Москва, пер. Левшинский М., дом 10, ПОМIV",
                "country": "Россия",
                "region": "Москва г",
                "city": "",
                "email": "",
                "phone": ""
            }
        ]
    },
    {
        "guid": "acc28298-8e8b-11ee-b5b1-005056013b0c",
        "archive": false,
        "dateOutputArchive": "0001-01-01T00:00:00Z",
        "code": "83       ",
        "name": "ПРОМЛИТ ООО",
        "nameAbbreviated": "ООО \"ПРОМЛИТ\"",
        "nameFull": "Общество с ограниченной ответственностью \"ЗАВОД ПРОМЫШЛЕННОГО ЛИТЬЯ\"",
        "type": 1,
        "intragroup": false,
        "organization": "00000000-0000-0000-0000-000000000000",
        "organizationCode": "",
        "concernType": "00000000-0000-0000-0000-000000000000",
        "concernTypeCode": "",
        "noResident": false,
        "inn": "2130211126",
        "kpp": "213001001",
        "kppAdditional": "",
        "registrationNumber": "",
        "ogrn": "1192130006298",
        "okpo": "",
        "okved": "00000000-0000-0000-0000-000000000000",
        "okvedCode": "",
        "separateUnit": false,
        "partnerHead": "00000000-0000-0000-0000-000000000000",
        "bank": "00000000-0000-0000-0000-000000000000",
        "bankBIC": "",
        "okopf": "00000000-0000-0000-0000-000000000000",
        "okopfName": "",
        "reliabilitySupplier": 0,
        "reliabilityBuyer": 0,
        "verified": false,
        "dateVerified": "0001-01-01T00:00:00Z",
        "country": "4e127564-d74f-4dd9-bced-0327f0f4e061",
        "countryCode": "643",
        "region": "00000000-0000-0000-0000-000000000000",
        "regionCode": "",
        "contactInformation": [
            {
                "type": 1,
                "typeInformation": 1,
                "performance": "428028, Чувашская Республика - Чувашия, г. Чебоксары, пр-кт Тракторостроителей, дом 101, литера 35, ЧАСТЬ 1, помещение 203",
                "country": "Россия",
                "region": "Чувашская Республика - Чувашия",
                "city": "Чебоксары г.",
                "email": "",
                "phone": ""
            }
        ]
    },
    {
        "guid": "e214f965-8f47-11ee-b5b1-005056013b0c",
        "archive": false,
        "dateOutputArchive": "0001-01-01T00:00:00Z",
        "code": "84       ",
        "name": "ПК ЧАЗ ООО",
        "nameAbbreviated": "ООО \"ПК \"ЧАЗ\"",
        "nameFull": "Общество с ограниченной ответственностью \"ПРОИЗВОДСТВЕННАЯ КОМПАНИЯ \"ЧЕБОКСАРСКИЙ АГРЕГАТНЫЙ ЗАВОД\"",
        "type": 1,
        "intragroup": false,
        "organization": "00000000-0000-0000-0000-000000000000",
        "organizationCode": "",
        "concernType": "00000000-0000-0000-0000-000000000000",
        "concernTypeCode": "",
        "noResident": false,
        "inn": "2130212659",
        "kpp": "213001001",
        "kppAdditional": "",
        "registrationNumber": "",
        "ogrn": "1192130008498",
        "okpo": "",
        "okved": "00000000-0000-0000-0000-000000000000",
        "okvedCode": "",
        "separateUnit": false,
        "partnerHead": "00000000-0000-0000-0000-000000000000",
        "bank": "00000000-0000-0000-0000-000000000000",
        "bankBIC": "",
        "okopf": "00000000-0000-0000-0000-000000000000",
        "okopfName": "",
        "reliabilitySupplier": 0,
        "reliabilityBuyer": 0,
        "verified": false,
        "dateVerified": "0001-01-01T00:00:00Z",
        "country": "4e127564-d74f-4dd9-bced-0327f0f4e061",
        "countryCode": "643",
        "region": "00000000-0000-0000-0000-000000000000",
        "regionCode": "",
        "contactInformation": [
            {
                "type": 1,
                "typeInformation": 1,
                "performance": "428022, Чувашская Республика - Чувашия, г. Чебоксары, пр-кт Мира, дом 1, литер 5, кабинет 410",
                "country": "Россия",
                "region": "Чувашская Республика - Чувашия",
                "city": "Чебоксары г.",
                "email": "",
                "phone": ""
            }
        ]
    },
    {
        "guid": "d8708a2e-8a97-11ee-b5b1-005056013b0c",
        "archive": false,
        "dateOutputArchive": "0001-01-01T00:00:00Z",
        "code": "20",
        "name": "ВАГОН АО",
        "nameAbbreviated": "АО \"ВАГОН\"",
        "nameFull": "Акционерное общество \"ВАГОН\"",
        "type": 1,
        "intragroup": false,
        "organization": "00000000-0000-0000-0000-000000000000",
        "organizationCode": "",
        "concernType": "00000000-0000-0000-0000-000000000000",
        "concernTypeCode": "",
        "noResident": false,
        "inn": "2128701370",
        "kpp": "212301001",
        "kppAdditional": "",
        "registrationNumber": "",
        "ogrn": "1052128019019",
        "okpo": "",
        "okved": "00000000-0000-0000-0000-000000000000",
        "okvedCode": "",
        "separateUnit": false,
        "partnerHead": "00000000-0000-0000-0000-000000000000",
        "bank": "00000000-0000-0000-0000-000000000000",
        "bankBIC": "",
        "okopf": "00000000-0000-0000-0000-000000000000",
        "okopfName": "",
        "reliabilitySupplier": 0,
        "reliabilityBuyer": 0,
        "verified": false,
        "dateVerified": "0001-01-01T00:00:00Z",
        "country": "4e127564-d74f-4dd9-bced-0327f0f4e061",
        "countryCode": "643",
        "region": "00000000-0000-0000-0000-000000000000",
        "regionCode": "",
        "contactInformation": [
            {
                "type": 2,
                "typeInformation": 4,
                "performance": "12345",
                "country": "",
                "region": "",
                "city": "",
                "email": "",
                "phone": "12345"
            },
            {
                "type": 1,
                "typeInformation": 1,
                "performance": "Москава",
                "country": "РОССИЯ",
                "region": "Москава",
                "city": "",
                "email": "",
                "phone": ""
            }
        ]
    }
]
]]></system-out>
  </testcase>
  <testcase name="getPartnerListStepIsEmpty" classname="AutoTest.PartnerTest" time="1.126"/>
  <testcase name="getPartnerListStepMaxPlus" classname="AutoTest.PartnerTest" time="0.81"/>
  <testcase name="getPartnerListStepMaxPlus" classname="AutoTest.PartnerTest" time="0.74"/>
  <testcase name="getPartnerListStepMaxPlus" classname="AutoTest.PartnerTest" time="0.978"/>
  <testcase name="getPartnerListStepMaxPlus" classname="AutoTest.PartnerTest" time="1.034"/>
  <testcase name="getPartnerListStepMaxPlus" classname="AutoTest.PartnerTest" time="0.958"/>
  <testcase name="getPartnerListStepMaxPlus" classname="AutoTest.PartnerTest" time="1"/>
  <testcase name="getPartnerListStepMaxPlus" classname="AutoTest.PartnerTest" time="1.016"/>
  <testcase name="getPartnerListStepMaxPlus" classname="AutoTest.PartnerTest" time="1.011"/>
  <testcase name="getPartnerListStepMaxPlus" classname="AutoTest.PartnerTest" time="1.008"/>
  <testcase name="getPartnerListStepMaxPlus" classname="AutoTest.PartnerTest" time="0.997"/>
  <testcase name="getPartnerListStepMaxPlus" classname="AutoTest.PartnerTest" time="0.969"/>
  <testcase name="getPartnerListStepMaxPlus" classname="AutoTest.PartnerTest" time="1.032"/>
  <testcase name="getPartnerListStepMaxPlus" classname="AutoTest.PartnerTest" time="1.006"/>
  <testcase name="getPartnerListStepMaxPlus" classname="AutoTest.PartnerTest" time="1.034"/>
  <testcase name="getPartnerListStepMaxPlus" classname="AutoTest.PartnerTest" time="0.946"/>
  <testcase name="getDivisionsGuid" classname="AutoTest.StructureTest" time="1.043">
    <failure message="1 expectation failed.&#10;Expected status code &lt;200&gt; but was &lt;400&gt;.&#10;" type="java.lang.AssertionError"><![CDATA[java.lang.AssertionError: 
1 expectation failed.
Expected status code <200> but was <400>.

	at AutoTest.StructureTest.getDivisionsGuid(StructureTest.java:173)
]]></failure>
    <system-out><![CDATA[Request URI:	http://dev1c:8080/MDM_Gribov_2541/hs/klass/divisions/c31a4eef-8942-11ee-b5b1-005056013b0c
]]></system-out>
  </testcase>
  <testcase name="getDivisionsGuidNotExist" classname="AutoTest.StructureTest" time="1.158"/>
  <testcase name="getDivisionsGuidNotExist" classname="AutoTest.StructureTest" time="0.827"/>
  <testcase name="getDivisionsGuidNotExist" classname="AutoTest.StructureTest" time="1.062"/>
  <testcase name="getDivisionsGuidNotExist" classname="AutoTest.StructureTest" time="0.949"/>
  <testcase name="getDivisionsGuidNotExist" classname="AutoTest.StructureTest" time="0.969"/>
  <testcase name="getDivisionsGuidNotExist" classname="AutoTest.StructureTest" time="1.036"/>
  <testcase name="getDivisionsGuidNotExist" classname="AutoTest.StructureTest" time="1.024"/>
  <testcase name="getDivisionsGuidNotExist" classname="AutoTest.StructureTest" time="0.959"/>
  <testcase name="getDivisionsGuidNotExist" classname="AutoTest.StructureTest" time="1.149"/>
  <testcase name="getDivisionsGuidNotExist" classname="AutoTest.StructureTest" time="0.887"/>
  <testcase name="getDivisionsGuidNotExist" classname="AutoTest.StructureTest" time="0.98"/>
  <testcase name="getDivisionsList" classname="AutoTest.StructureTest" time="1.162"/>
  <testcase name="getDivisionsList" classname="AutoTest.StructureTest" time="0.864"/>
  <testcase name="getDivisionsList" classname="AutoTest.StructureTest" time="0.979">
    <failure message="1 expectation failed.&#10;JSON path size() doesn&apos;t match.&#10;Expected: is &lt;10&gt;&#10;  Actual: &lt;8&gt;&#10;" type="java.lang.AssertionError"><![CDATA[java.lang.AssertionError: 
1 expectation failed.
JSON path size() doesn't match.
Expected: is <10>
  Actual: <8>

	at AutoTest.StructureTest.getDivisionsList(StructureTest.java:127)
]]></failure>
    <system-out><![CDATA[HTTP/1.1 200 OK
Date: Wed, 13 Dec 2023 08:22:25 GMT
Server: Apache/2.4.23 (Win64)
Content-Length: 2047
Keep-Alive: timeout=5, max=99
Connection: Keep-Alive
Content-Type: application/json; charset=utf-8

[
    {
        "guid": "45c669af-894e-11ee-b5b1-005056013b0c",
        "archive": false,
        "dateOutputArchive": "0001-01-01T00:00:00Z",
        "name": "Сельскохозяйственный дивизион",
        "code": "3",
        "dateFrom": "2016-11-30T21:00:00Z",
        "dateBy": "2018-12-30T21:00:00Z"
    },
    {
        "guid": "45c669b0-894e-11ee-b5b1-005056013b0c",
        "archive": false,
        "dateOutputArchive": "0001-01-01T00:00:00Z",
        "name": "Вагоностроительный дивизион",
        "code": "4",
        "dateFrom": "2016-11-30T21:00:00Z",
        "dateBy": "2018-12-30T21:00:00Z"
    },
    {
        "guid": "45c669b1-894e-11ee-b5b1-005056013b0c",
        "archive": false,
        "dateOutputArchive": "0001-01-01T00:00:00Z",
        "name": "Прочие",
        "code": "5",
        "dateFrom": "2018-12-31T21:00:00Z",
        "dateBy": "0001-01-01T00:00:00Z"
    },
    {
        "guid": "45c669b2-894e-11ee-b5b1-005056013b0c",
        "archive": false,
        "dateOutputArchive": "0001-01-01T00:00:00Z",
        "name": "Тракторный дивизион",
        "code": "6",
        "dateFrom": "2018-12-31T21:00:00Z",
        "dateBy": "0001-01-01T00:00:00Z"
    },
    {
        "guid": "45c669b3-894e-11ee-b5b1-005056013b0c",
        "archive": false,
        "dateOutputArchive": "0001-01-01T00:00:00Z",
        "name": "Вагонно-литейный дивизион",
        "code": "7",
        "dateFrom": "2022-12-31T21:00:00Z",
        "dateBy": "0001-01-01T00:00:00Z"
    },
    {
        "guid": "45c669b4-894e-11ee-b5b1-005056013b0c",
        "archive": false,
        "dateOutputArchive": "0001-01-01T00:00:00Z",
        "name": "Не принадлежит",
        "code": "8",
        "dateFrom": "2022-12-31T21:00:00Z",
        "dateBy": "0001-01-01T00:00:00Z"
    },
    {
        "guid": "3e42f71c-8d28-11ee-b5b1-005056013b0c",
        "archive": false,
        "dateOutputArchive": "0001-01-01T00:00:00Z",
        "name": "Тест1",
        "code": "9        ",
        "dateFrom": "2023-11-26T21:00:00Z",
        "dateBy": "0001-01-01T00:00:00Z"
    },
    {
        "guid": "45c669ad-894e-11ee-b5b1-005056013b0c",
        "archive": false,
        "dateOutputArchive": "0001-01-01T00:00:00Z",
        "name": "Гражданский дивизионц",
        "code": "1",
        "dateFrom": "2016-12-13T21:00:00Z",
        "dateBy": "2018-12-04T21:00:00Z"
    }
]
]]></system-out>
  </testcase>
  <testcase name="getDivisionsList" classname="AutoTest.StructureTest" time="1.008">
    <failure message="1 expectation failed.&#10;JSON path size() doesn&apos;t match.&#10;Expected: is &lt;100&gt;&#10;  Actual: &lt;8&gt;&#10;" type="java.lang.AssertionError"><![CDATA[java.lang.AssertionError: 
1 expectation failed.
JSON path size() doesn't match.
Expected: is <100>
  Actual: <8>

	at AutoTest.StructureTest.getDivisionsList(StructureTest.java:127)
]]></failure>
    <system-out><![CDATA[HTTP/1.1 200 OK
Date: Wed, 13 Dec 2023 08:22:26 GMT
Server: Apache/2.4.23 (Win64)
Content-Length: 2047
Keep-Alive: timeout=5, max=99
Connection: Keep-Alive
Content-Type: application/json; charset=utf-8

[
    {
        "guid": "45c669af-894e-11ee-b5b1-005056013b0c",
        "archive": false,
        "dateOutputArchive": "0001-01-01T00:00:00Z",
        "name": "Сельскохозяйственный дивизион",
        "code": "3",
        "dateFrom": "2016-11-30T21:00:00Z",
        "dateBy": "2018-12-30T21:00:00Z"
    },
    {
        "guid": "45c669b0-894e-11ee-b5b1-005056013b0c",
        "archive": false,
        "dateOutputArchive": "0001-01-01T00:00:00Z",
        "name": "Вагоностроительный дивизион",
        "code": "4",
        "dateFrom": "2016-11-30T21:00:00Z",
        "dateBy": "2018-12-30T21:00:00Z"
    },
    {
        "guid": "45c669b1-894e-11ee-b5b1-005056013b0c",
        "archive": false,
        "dateOutputArchive": "0001-01-01T00:00:00Z",
        "name": "Прочие",
        "code": "5",
        "dateFrom": "2018-12-31T21:00:00Z",
        "dateBy": "0001-01-01T00:00:00Z"
    },
    {
        "guid": "45c669b2-894e-11ee-b5b1-005056013b0c",
        "archive": false,
        "dateOutputArchive": "0001-01-01T00:00:00Z",
        "name": "Тракторный дивизион",
        "code": "6",
        "dateFrom": "2018-12-31T21:00:00Z",
        "dateBy": "0001-01-01T00:00:00Z"
    },
    {
        "guid": "45c669b3-894e-11ee-b5b1-005056013b0c",
        "archive": false,
        "dateOutputArchive": "0001-01-01T00:00:00Z",
        "name": "Вагонно-литейный дивизион",
        "code": "7",
        "dateFrom": "2022-12-31T21:00:00Z",
        "dateBy": "0001-01-01T00:00:00Z"
    },
    {
        "guid": "45c669b4-894e-11ee-b5b1-005056013b0c",
        "archive": false,
        "dateOutputArchive": "0001-01-01T00:00:00Z",
        "name": "Не принадлежит",
        "code": "8",
        "dateFrom": "2022-12-31T21:00:00Z",
        "dateBy": "0001-01-01T00:00:00Z"
    },
    {
        "guid": "3e42f71c-8d28-11ee-b5b1-005056013b0c",
        "archive": false,
        "dateOutputArchive": "0001-01-01T00:00:00Z",
        "name": "Тест1",
        "code": "9        ",
        "dateFrom": "2023-11-26T21:00:00Z",
        "dateBy": "0001-01-01T00:00:00Z"
    },
    {
        "guid": "45c669ad-894e-11ee-b5b1-005056013b0c",
        "archive": false,
        "dateOutputArchive": "0001-01-01T00:00:00Z",
        "name": "Гражданский дивизионц",
        "code": "1",
        "dateFrom": "2016-12-13T21:00:00Z",
        "dateBy": "2018-12-04T21:00:00Z"
    }
]
]]></system-out>
  </testcase>
  <testcase name="getDivisionsList" classname="AutoTest.StructureTest" time="1.019">
    <failure message="1 expectation failed.&#10;JSON path size() doesn&apos;t match.&#10;Expected: is &lt;199&gt;&#10;  Actual: &lt;8&gt;&#10;" type="java.lang.AssertionError"><![CDATA[java.lang.AssertionError: 
1 expectation failed.
JSON path size() doesn't match.
Expected: is <199>
  Actual: <8>

	at AutoTest.StructureTest.getDivisionsList(StructureTest.java:127)
]]></failure>
    <system-out><![CDATA[HTTP/1.1 200 OK
Date: Wed, 13 Dec 2023 08:22:27 GMT
Server: Apache/2.4.23 (Win64)
Content-Length: 2047
Keep-Alive: timeout=5, max=99
Connection: Keep-Alive
Content-Type: application/json; charset=utf-8

[
    {
        "guid": "45c669af-894e-11ee-b5b1-005056013b0c",
        "archive": false,
        "dateOutputArchive": "0001-01-01T00:00:00Z",
        "name": "Сельскохозяйственный дивизион",
        "code": "3",
        "dateFrom": "2016-11-30T21:00:00Z",
        "dateBy": "2018-12-30T21:00:00Z"
    },
    {
        "guid": "45c669b0-894e-11ee-b5b1-005056013b0c",
        "archive": false,
        "dateOutputArchive": "0001-01-01T00:00:00Z",
        "name": "Вагоностроительный дивизион",
        "code": "4",
        "dateFrom": "2016-11-30T21:00:00Z",
        "dateBy": "2018-12-30T21:00:00Z"
    },
    {
        "guid": "45c669b1-894e-11ee-b5b1-005056013b0c",
        "archive": false,
        "dateOutputArchive": "0001-01-01T00:00:00Z",
        "name": "Прочие",
        "code": "5",
        "dateFrom": "2018-12-31T21:00:00Z",
        "dateBy": "0001-01-01T00:00:00Z"
    },
    {
        "guid": "45c669b2-894e-11ee-b5b1-005056013b0c",
        "archive": false,
        "dateOutputArchive": "0001-01-01T00:00:00Z",
        "name": "Тракторный дивизион",
        "code": "6",
        "dateFrom": "2018-12-31T21:00:00Z",
        "dateBy": "0001-01-01T00:00:00Z"
    },
    {
        "guid": "45c669b3-894e-11ee-b5b1-005056013b0c",
        "archive": false,
        "dateOutputArchive": "0001-01-01T00:00:00Z",
        "name": "Вагонно-литейный дивизион",
        "code": "7",
        "dateFrom": "2022-12-31T21:00:00Z",
        "dateBy": "0001-01-01T00:00:00Z"
    },
    {
        "guid": "45c669b4-894e-11ee-b5b1-005056013b0c",
        "archive": false,
        "dateOutputArchive": "0001-01-01T00:00:00Z",
        "name": "Не принадлежит",
        "code": "8",
        "dateFrom": "2022-12-31T21:00:00Z",
        "dateBy": "0001-01-01T00:00:00Z"
    },
    {
        "guid": "3e42f71c-8d28-11ee-b5b1-005056013b0c",
        "archive": false,
        "dateOutputArchive": "0001-01-01T00:00:00Z",
        "name": "Тест1",
        "code": "9        ",
        "dateFrom": "2023-11-26T21:00:00Z",
        "dateBy": "0001-01-01T00:00:00Z"
    },
    {
        "guid": "45c669ad-894e-11ee-b5b1-005056013b0c",
        "archive": false,
        "dateOutputArchive": "0001-01-01T00:00:00Z",
        "name": "Гражданский дивизионц",
        "code": "1",
        "dateFrom": "2016-12-13T21:00:00Z",
        "dateBy": "2018-12-04T21:00:00Z"
    }
]
]]></system-out>
  </testcase>
  <testcase name="getDivisionsList" classname="AutoTest.StructureTest" time="1.005">
    <failure message="1 expectation failed.&#10;JSON path size() doesn&apos;t match.&#10;Expected: is &lt;200&gt;&#10;  Actual: &lt;8&gt;&#10;" type="java.lang.AssertionError"><![CDATA[java.lang.AssertionError: 
1 expectation failed.
JSON path size() doesn't match.
Expected: is <200>
  Actual: <8>

	at AutoTest.StructureTest.getDivisionsList(StructureTest.java:127)
]]></failure>
    <system-out><![CDATA[HTTP/1.1 200 OK
Date: Wed, 13 Dec 2023 08:22:28 GMT
Server: Apache/2.4.23 (Win64)
Content-Length: 2047
Keep-Alive: timeout=5, max=99
Connection: Keep-Alive
Content-Type: application/json; charset=utf-8

[
    {
        "guid": "45c669af-894e-11ee-b5b1-005056013b0c",
        "archive": false,
        "dateOutputArchive": "0001-01-01T00:00:00Z",
        "name": "Сельскохозяйственный дивизион",
        "code": "3",
        "dateFrom": "2016-11-30T21:00:00Z",
        "dateBy": "2018-12-30T21:00:00Z"
    },
    {
        "guid": "45c669b0-894e-11ee-b5b1-005056013b0c",
        "archive": false,
        "dateOutputArchive": "0001-01-01T00:00:00Z",
        "name": "Вагоностроительный дивизион",
        "code": "4",
        "dateFrom": "2016-11-30T21:00:00Z",
        "dateBy": "2018-12-30T21:00:00Z"
    },
    {
        "guid": "45c669b1-894e-11ee-b5b1-005056013b0c",
        "archive": false,
        "dateOutputArchive": "0001-01-01T00:00:00Z",
        "name": "Прочие",
        "code": "5",
        "dateFrom": "2018-12-31T21:00:00Z",
        "dateBy": "0001-01-01T00:00:00Z"
    },
    {
        "guid": "45c669b2-894e-11ee-b5b1-005056013b0c",
        "archive": false,
        "dateOutputArchive": "0001-01-01T00:00:00Z",
        "name": "Тракторный дивизион",
        "code": "6",
        "dateFrom": "2018-12-31T21:00:00Z",
        "dateBy": "0001-01-01T00:00:00Z"
    },
    {
        "guid": "45c669b3-894e-11ee-b5b1-005056013b0c",
        "archive": false,
        "dateOutputArchive": "0001-01-01T00:00:00Z",
        "name": "Вагонно-литейный дивизион",
        "code": "7",
        "dateFrom": "2022-12-31T21:00:00Z",
        "dateBy": "0001-01-01T00:00:00Z"
    },
    {
        "guid": "45c669b4-894e-11ee-b5b1-005056013b0c",
        "archive": false,
        "dateOutputArchive": "0001-01-01T00:00:00Z",
        "name": "Не принадлежит",
        "code": "8",
        "dateFrom": "2022-12-31T21:00:00Z",
        "dateBy": "0001-01-01T00:00:00Z"
    },
    {
        "guid": "3e42f71c-8d28-11ee-b5b1-005056013b0c",
        "archive": false,
        "dateOutputArchive": "0001-01-01T00:00:00Z",
        "name": "Тест1",
        "code": "9        ",
        "dateFrom": "2023-11-26T21:00:00Z",
        "dateBy": "0001-01-01T00:00:00Z"
    },
    {
        "guid": "45c669ad-894e-11ee-b5b1-005056013b0c",
        "archive": false,
        "dateOutputArchive": "0001-01-01T00:00:00Z",
        "name": "Гражданский дивизионц",
        "code": "1",
        "dateFrom": "2016-12-13T21:00:00Z",
        "dateBy": "2018-12-04T21:00:00Z"
    }
]
]]></system-out>
  </testcase>
  <testcase name="getDivisionsListStepIsEmpty" classname="AutoTest.StructureTest" time="0.986"/>
  <testcase name="getDivisionsListStepMaxPlus" classname="AutoTest.StructureTest" time="0.984"/>
  <testcase name="getDivisionsListStepMaxPlus" classname="AutoTest.StructureTest" time="1.008"/>
  <testcase name="getDivisionsListStepMaxPlus" classname="AutoTest.StructureTest" time="1.02"/>
  <testcase name="getDivisionsListStepMaxPlus" classname="AutoTest.StructureTest" time="0.962"/>
  <testcase name="getDivisionsListStepMaxPlus" classname="AutoTest.StructureTest" time="1.039"/>
  <testcase name="getDivisionsListStepMaxPlus" classname="AutoTest.StructureTest" time="0.958"/>
  <testcase name="getDivisionsListStepMaxPlus" classname="AutoTest.StructureTest" time="1.05"/>
  <testcase name="getDivisionsListStepMaxPlus" classname="AutoTest.StructureTest" time="0.953"/>
  <testcase name="getDivisionsListStepMaxPlus" classname="AutoTest.StructureTest" time="1.067"/>
  <testcase name="getDivisionsListStepMaxPlus" classname="AutoTest.StructureTest" time="0.99"/>
  <testcase name="getDivisionsListStepMaxPlus" classname="AutoTest.StructureTest" time="0.995"/>
  <testcase name="getDivisionsListStepMaxPlus" classname="AutoTest.StructureTest" time="0.985"/>
  <testcase name="getDivisionsListStepMaxPlus" classname="AutoTest.StructureTest" time="1.016"/>
  <testcase name="getDivisionsListStepMaxPlus" classname="AutoTest.StructureTest" time="0.965"/>
  <testcase name="getDivisionsListStepMaxPlus" classname="AutoTest.StructureTest" time="0.996"/>
  <testcase name="getOrganizationGuid" classname="AutoTest.StructureTest" time="1.133"/>
  <testcase name="getOrganizationGuidNotExist" classname="AutoTest.StructureTest" time="0.902"/>
  <testcase name="getOrganizationGuidNotExist" classname="AutoTest.StructureTest" time="0.946"/>
  <testcase name="getOrganizationGuidNotExist" classname="AutoTest.StructureTest" time="1.056"/>
  <testcase name="getOrganizationGuidNotExist" classname="AutoTest.StructureTest" time="0.994"/>
  <testcase name="getOrganizationGuidNotExist" classname="AutoTest.StructureTest" time="1.014"/>
  <testcase name="getOrganizationGuidNotExist" classname="AutoTest.StructureTest" time="0.977"/>
  <testcase name="getOrganizationGuidNotExist" classname="AutoTest.StructureTest" time="0.987"/>
  <testcase name="getOrganizationGuidNotExist" classname="AutoTest.StructureTest" time="1.008"/>
  <testcase name="getOrganizationGuidNotExist" classname="AutoTest.StructureTest" time="1.41"/>
  <testcase name="getOrganizationGuidNotExist" classname="AutoTest.StructureTest" time="0.594"/>
  <testcase name="getOrganizationGuidNotExist" classname="AutoTest.StructureTest" time="1.05"/>
  <testcase name="getOrganizationList" classname="AutoTest.StructureTest" time="1.026"/>
  <testcase name="getOrganizationList" classname="AutoTest.StructureTest" time="0.982"/>
  <testcase name="getOrganizationList" classname="AutoTest.StructureTest" time="1.013"/>
  <testcase name="getOrganizationList" classname="AutoTest.StructureTest" time="1.211">
    <failure message="1 expectation failed.&#10;JSON path size() doesn&apos;t match.&#10;Expected: is &lt;100&gt;&#10;  Actual: &lt;47&gt;&#10;" type="java.lang.AssertionError"><![CDATA[java.lang.AssertionError: 
1 expectation failed.
JSON path size() doesn't match.
Expected: is <100>
  Actual: <47>

	at AutoTest.StructureTest.getOrganizationList(StructureTest.java:30)
]]></failure>
    <system-out><![CDATA[HTTP/1.1 200 OK
Date: Wed, 13 Dec 2023 08:23:00 GMT
Server: Apache/2.4.23 (Win64)
Content-Length: 56468
Keep-Alive: timeout=5, max=99
Connection: Keep-Alive
Content-Type: application/json; charset=utf-8

[
    {
        "guid": "b5bf5255-8aaa-11ee-b5b1-005056013b0c",
        "archive": false,
        "dateOutputArchive": "0001-01-01T00:00:00Z",
        "code": "",
        "codeMSFO": "11360",
        "partner": "00000000-0000-0000-0000-000000000000",
        "virtual": false,
        "name": "IHB Beteiligungs GmbH ",
        "nameAbbreviated": "",
        "nameFull": "IHB Beteiligungs GmbH ",
        "nameEnglish": "",
        "type": 1,
        "noResident": true,
        "inn": "",
        "kpp": "",
        "kppAdditional": "",
        "registrationNumber": "116/3818",
        "separateUnit": false,
        "organizationHead": "00000000-0000-0000-0000-000000000000",
        "concernType": "1eb22324-8aa6-11ee-b5b1-005056013b0c",
        "concernTypeCode": "000000007",
        "concernTypeHistory": [
            
        ],
        "basis": "связанная сторона с 15.03.2016г., на основании существенных сделок",
        "division": "45c669b4-894e-11ee-b5b1-005056013b0c",
        "divisionCode": "8",
        "divisionHistory": [
            
        ],
        "comment": "",
        "ogrn": "",
        "dateRegistration": "0001-01-01T00:00:00Z",
        "okpo": "",
        "okved": "00000000-0000-0000-0000-000000000000",
        "okvedCode": "",
        "ifnsCode": "",
        "ifnsName": "",
        "taxCode": "",
        "taxName": "",
        "certificateCode": "",
        "certificateDate": "0001-01-01T00:00:00Z",
        "contactInformation": [
            
        ]
    },
    {
        "guid": "b5bf5257-8aaa-11ee-b5b1-005056013b0c",
        "archive": false,
        "dateOutputArchive": "0001-01-01T00:00:00Z",
        "code": "",
        "codeMSFO": "11355",
        "partner": "00000000-0000-0000-0000-000000000000",
        "virtual": false,
        "name": "New Technologies Holding B.V",
        "nameAbbreviated": "",
        "nameFull": "New Technologies Holding B.V",
        "nameEnglish": "",
        "type": 1,
        "noResident": true,
        "inn": "",
        "kpp": "",
        "kppAdditional": "",
        "registrationNumber": "8199.44.907",
        "separateUnit": false,
        "organizationHead": "00000000-0000-0000-0000-000000000000",
        "concernType": "0ad69fbe-8aa6-11ee-b5b1-005056013b0c",
        "concernTypeCode": "000000006",
        "concernTypeHistory": [
            
        ],
        "basis": "не применимо",
        "division": "45c669b4-894e-11ee-b5b1-005056013b0c",
        "divisionCode": "8",
        "divisionHistory": [
            
        ],
        "comment": "",
        "ogrn": "",
        "dateRegistration": "0001-01-01T00:00:00Z",
        "okpo": "",
        "okved": "00000000-0000-0000-0000-000000000000",
        "okvedCode": "",
        "ifnsCode": "",
        "ifnsName": "",
        "taxCode": "",
        "taxName": "",
        "certificateCode": "",
        "certificateDate": "0001-01-01T00:00:00Z",
        "contactInformation": [
            
        ]
    },
    {
        "guid": "b5bf5258-8aaa-11ee-b5b1-005056013b0c",
        "archive": false,
        "dateOutputArchive": "0001-01-01T00:00:00Z",
        "code": "",
        "codeMSFO": "11380",
        "partner": "00000000-0000-0000-0000-000000000000",
        "virtual": false,
        "name": "Premium Parts Produktions GmbH ",
        "nameAbbreviated": "",
        "nameFull": "Premium Parts Produktions GmbH ",
        "nameEnglish": "",
        "type": 1,
        "noResident": true,
        "inn": "",
        "kpp": "",
        "kppAdditional": "",
        "registrationNumber": "015/1839",
        "separateUnit": false,
        "organizationHead": "00000000-0000-0000-0000-000000000000",
        "concernType": "1eb22324-8aa6-11ee-b5b1-005056013b0c",
        "concernTypeCode": "000000007",
        "concernTypeHistory": [
            
        ],
        "basis": "связанная сторона с 15.03.2016г., на основании существенных сделок",
        "division": "45c669b4-894e-11ee-b5b1-005056013b0c",
        "divisionCode": "8",
        "divisionHistory": [
            
        ],
        "comment": "",
        "ogrn": "",
        "dateRegistration": "0001-01-01T00:00:00Z",
        "okpo": "",
        "okved": "00000000-0000-0000-0000-000000000000",
        "okvedCode": "",
        "ifnsCode": "",
        "ifnsName": "",
        "taxCode": "",
        "taxName": "",
        "certificateCode": "",
        "certificateDate": "0001-01-01T00:00:00Z",
        "contactInformation": [
            
        ]
    },
    {
        "guid": "b5bf5259-8aaa-11ee-b5b1-005056013b0c",
        "archive": false,
        "dateOutputArchive": "0001-01-01T00:00:00Z",
        "code": "",
        "codeMSFO": "11368",
        "partner": "00000000-0000-0000-0000-000000000000",
        "virtual": false,
        "name": "Vogel&Noot AgroSrb ad (Сербия)",
        "nameAbbreviated": "",
        "nameFull": "Vogel&Noot AgroSrb ad (Сербия)",
        "nameEnglish": "",
        "type": 1,
        "noResident": true,
        "inn": "",
        "kpp": "",
        "kppAdditional": "",
        "registrationNumber": "101430854",
        "separateUnit": false,
        "organizationHead": "00000000-0000-0000-0000-000000000000",
        "concernType": "78f12e4b-8aa4-11ee-b5b1-005056013b0c",
        "concernTypeCode": "000000005",
        "concernTypeHistory": [
            
        ],
        "basis": "не применимо",
        "division": "45c669b4-894e-11ee-b5b1-005056013b0c",
        "divisionCode": "8",
        "divisionHistory": [
            
        ],
        "comment": "",
        "ogrn": "",
        "dateRegistration": "0001-01-01T00:00:00Z",
        "okpo": "",
        "okved": "00000000-0000-0000-0000-000000000000",
        "okvedCode": "",
        "ifnsCode": "",
        "ifnsName": "",
        "taxCode": "",
        "taxName": "",
        "certificateCode": "",
        "certificateDate": "0001-01-01T00:00:00Z",
        "contactInformation": [
            
        ]
    },
    {
        "guid": "b5bf525a-8aaa-11ee-b5b1-005056013b0c",
        "archive": false,
        "dateOutputArchive": "0001-01-01T00:00:00Z",
        "code": "",
        "codeMSFO": "11118",
        "partner": "00000000-0000-0000-0000-000000000000",
        "virtual": false,
        "name": "Аверс ООО",
        "nameAbbreviated": "Аверс ООО",
        "nameFull": "Аверс ООО",
        "nameEnglish": "",
        "type": 1,
        "noResident": false,
        "inn": "2127330349",
        "kpp": "213001001",
        "kppAdditional": "",
        "registrationNumber": "",
        "separateUnit": false,
        "organizationHead": "00000000-0000-0000-0000-000000000000",
        "concernType": "78f12e4b-8aa4-11ee-b5b1-005056013b0c",
        "concernTypeCode": "000000005",
        "concernTypeHistory": [
            
        ],
        "basis": "не применимо",
        "division": "45c669b1-894e-11ee-b5b1-005056013b0c",
        "divisionCode": "5",
        "divisionHistory": [
            
        ],
        "comment": "",
        "ogrn": "",
        "dateRegistration": "0001-01-01T00:00:00Z",
        "okpo": "",
        "okved": "00000000-0000-0000-0000-000000000000",
        "okvedCode": "",
        "ifnsCode": "",
        "ifnsName": "",
        "taxCode": "",
        "taxName": "",
        "certificateCode": "",
        "certificateDate": "0001-01-01T00:00:00Z",
        "contactInformation": [
            
        ]
    },
    {
        "guid": "b5bf525b-8aaa-11ee-b5b1-005056013b0c",
        "archive": false,
        "dateOutputArchive": "0001-01-01T00:00:00Z",
        "code": "",
        "codeMSFO": "11226",
        "partner": "00000000-0000-0000-0000-000000000000",
        "virtual": false,
        "name": "ЗАВОД АГРОМАШ ООО",
        "nameAbbreviated": "ЗАВОД АГРОМАШ ООО",
        "nameFull": "ЗАВОД АГРОМАШ ООО",
        "nameEnglish": "",
        "type": 1,
        "noResident": false,
        "inn": "2456012447",
        "kpp": "213001001",
        "kppAdditional": "",
        "registrationNumber": "",
        "separateUnit": false,
        "organizationHead": "00000000-0000-0000-0000-000000000000",
        "concernType": "78f12e4b-8aa4-11ee-b5b1-005056013b0c",
        "concernTypeCode": "000000005",
        "concernTypeHistory": [
            
        ],
        "basis": "не применимо",
        "division": "00000000-0000-0000-0000-000000000000",
        "divisionCode": "",
        "divisionHistory": [
            
        ],
        "comment": "",
        "ogrn": "",
        "dateRegistration": "0001-01-01T00:00:00Z",
        "okpo": "",
        "okved": "00000000-0000-0000-0000-000000000000",
        "okvedCode": "",
        "ifnsCode": "",
        "ifnsName": "",
        "taxCode": "",
        "taxName": "",
        "certificateCode": "",
        "certificateDate": "0001-01-01T00:00:00Z",
        "contactInformation": [
            
        ]
    },
    {
        "guid": "b5bf525c-8aaa-11ee-b5b1-005056013b0c",
        "archive": false,
        "dateOutputArchive": "0001-01-01T00:00:00Z",
        "code": "",
        "codeMSFO": "11124",
        "partner": "00000000-0000-0000-0000-000000000000",
        "virtual": false,
        "name": "ПК ПРОМТРАКТОР ООО",
        "nameAbbreviated": "ПК ПТ ООО",
        "nameFull": "ПК ПРОМТРАКТОР ООО",
        "nameEnglish": "",
        "type": 1,
        "noResident": false,
        "inn": "2130006695",
        "kpp": "213001001",
        "kppAdditional": "",
        "registrationNumber": "",
        "separateUnit": false,
        "organizationHead": "00000000-0000-0000-0000-000000000000",
        "concernType": "78f12e4b-8aa4-11ee-b5b1-005056013b0c",
        "concernTypeCode": "000000005",
        "concernTypeHistory": [
            
        ],
        "basis": "не применимо",
        "division": "45c669b2-894e-11ee-b5b1-005056013b0c",
        "divisionCode": "6",
        "divisionHistory": [
            
        ],
        "comment": "",
        "ogrn": "",
        "dateRegistration": "0001-01-01T00:00:00Z",
        "okpo": "",
        "okved": "00000000-0000-0000-0000-000000000000",
        "okvedCode": "",
        "ifnsCode": "",
        "ifnsName": "",
        "taxCode": "",
        "taxName": "",
        "certificateCode": "",
        "certificateDate": "0001-01-01T00:00:00Z",
        "contactInformation": [
            
        ]
    },
    {
        "guid": "b5bf525d-8aaa-11ee-b5b1-005056013b0c",
        "archive": false,
        "dateOutputArchive": "0001-01-01T00:00:00Z",
        "code": "",
        "codeMSFO": "11134",
        "partner": "00000000-0000-0000-0000-000000000000",
        "virtual": false,
        "name": "ЧЕТРА ООО",
        "nameAbbreviated": "ЧЕТРА ООО",
        "nameFull": "ЧЕТРА ООО",
        "nameEnglish": "",
        "type": 1,
        "noResident": false,
        "inn": "2130007530",
        "kpp": "213001001",
        "kppAdditional": "",
        "registrationNumber": "",
        "separateUnit": false,
        "organizationHead": "00000000-0000-0000-0000-000000000000",
        "concernType": "78f12e4b-8aa4-11ee-b5b1-005056013b0c",
        "concernTypeCode": "000000005",
        "concernTypeHistory": [
            
        ],
        "basis": "не применимо",
        "division": "45c669b2-894e-11ee-b5b1-005056013b0c",
        "divisionCode": "6",
        "divisionHistory": [
            
        ],
        "comment": "",
        "ogrn": "",
        "dateRegistration": "0001-01-01T00:00:00Z",
        "okpo": "",
        "okved": "00000000-0000-0000-0000-000000000000",
        "okvedCode": "",
        "ifnsCode": "",
        "ifnsName": "",
        "taxCode": "",
        "taxName": "",
        "certificateCode": "",
        "certificateDate": "0001-01-01T00:00:00Z",
        "contactInformation": [
            
        ]
    },
    {
        "guid": "b5bf525e-8aaa-11ee-b5b1-005056013b0c",
        "archive": false,
        "dateOutputArchive": "0001-01-01T00:00:00Z",
        "code": "",
        "codeMSFO": "11566",
        "partner": "00000000-0000-0000-0000-000000000000",
        "virtual": false,
        "name": "Железнодорожные услуги ООО",
        "nameAbbreviated": "ЖДУ ООО",
        "nameFull": "Железнодорожные услуги ООО",
        "nameEnglish": "",
        "type": 1,
        "noResident": false,
        "inn": "2130109884",
        "kpp": "213001001",
        "kppAdditional": "",
        "registrationNumber": "",
        "separateUnit": false,
        "organizationHead": "00000000-0000-0000-0000-000000000000",
        "concernType": "1eb22324-8aa6-11ee-b5b1-005056013b0c",
        "concernTypeCode": "000000007",
        "concernTypeHistory": [
            
        ],
        "basis": "связанная с 2012г.на основании существенных операций (обслуживание). На текущую дату имеются отношения с Группой",
        "division": "45c669b4-894e-11ee-b5b1-005056013b0c",
        "divisionCode": "8",
        "divisionHistory": [
            
        ],
        "comment": "",
        "ogrn": "",
        "dateRegistration": "0001-01-01T00:00:00Z",
        "okpo": "",
        "okved": "00000000-0000-0000-0000-000000000000",
        "okvedCode": "",
        "ifnsCode": "",
        "ifnsName": "",
        "taxCode": "",
        "taxName": "",
        "certificateCode": "",
        "certificateDate": "0001-01-01T00:00:00Z",
        "contactInformation": [
            
        ]
    },
    {
        "guid": "b5bf5254-8aaa-11ee-b5b1-005056013b0c",
        "archive": false,
        "dateOutputArchive": "0001-01-01T00:00:00Z",
        "code": "000000007",
        "codeMSFO": "11367",
        "partner": "d8708a56-8a97-11ee-b5b1-005056013b0c",
        "virtual": false,
        "name": "Concern Tractor Plants Deutschland GmbH",
        "nameAbbreviated": "123",
        "nameFull": "Concern Tractor Plants Deutschland GmbH",
        "nameEnglish": "",
        "type": 1,
        "noResident": true,
        "inn": "",
        "kpp": "",
        "kppAdditional": "",
        "registrationNumber": "132/5916/1441",
        "separateUnit": false,
        "organizationHead": "00000000-0000-0000-0000-000000000000",
        "concernType": "78f12e4b-8aa4-11ee-b5b1-005056013b0c",
        "concernTypeCode": "000000005",
        "concernTypeHistory": [
            
        ],
        "basis": "не применимо",
        "division": "45c669b4-894e-11ee-b5b1-005056013b0c",
        "divisionCode": "8",
        "divisionHistory": [
            
        ],
        "comment": "",
        "ogrn": "",
        "dateRegistration": "0001-01-01T00:00:00Z",
        "okpo": "",
        "okved": "00000000-0000-0000-0000-000000000000",
        "okvedCode": "",
        "ifnsCode": "",
        "ifnsName": "",
        "taxCode": "",
        "taxName": "",
        "certificateCode": "",
        "certificateDate": "0001-01-01T00:00:00Z",
        "contactInformation": [
            
        ]
    },
    {
        "guid": "b5bf525f-8aaa-11ee-b5b1-005056013b0c",
        "archive": false,
        "dateOutputArchive": "0001-01-01T00:00:00Z",
        "code": "",
        "codeMSFO": "11305",
        "partner": "00000000-0000-0000-0000-000000000000",
        "virtual": false,
        "name": "ИП ООО AGROMASHHOLDING-TASHKENT",
        "nameAbbreviated": "",
        "nameFull": "ИП ООО AGROMASHHOLDING-TASHKENT",
        "nameEnglish": "",
        "type": 1,
        "noResident": true,
        "inn": "",
        "kpp": "",
        "kppAdditional": "",
        "registrationNumber": "206858630",
        "separateUnit": false,
        "organizationHead": "00000000-0000-0000-0000-000000000000",
        "concernType": "78f12e4b-8aa4-11ee-b5b1-005056013b0c",
        "concernTypeCode": "000000005",
        "concernTypeHistory": [
            
        ],
        "basis": "не применимо",
        "division": "45c669b4-894e-11ee-b5b1-005056013b0c",
        "divisionCode": "8",
        "divisionHistory": [
            
        ],
        "comment": "",
        "ogrn": "",
        "dateRegistration": "0001-01-01T00:00:00Z",
        "okpo": "",
        "okved": "00000000-0000-0000-0000-000000000000",
        "okvedCode": "",
        "ifnsCode": "",
        "ifnsName": "",
        "taxCode": "",
        "taxName": "",
        "certificateCode": "",
        "certificateDate": "0001-01-01T00:00:00Z",
        "contactInformation": [
            
        ]
    },
    {
        "guid": "b5bf5260-8aaa-11ee-b5b1-005056013b0c",
        "archive": false,
        "dateOutputArchive": "0001-01-01T00:00:00Z",
        "code": "",
        "codeMSFO": "11164",
        "partner": "00000000-0000-0000-0000-000000000000",
        "virtual": false,
        "name": "АРХИВНЫЙ ЦЕНТР КТЗ АО",
        "nameAbbreviated": "Архивный центр КТЗ АО",
        "nameFull": "АРХИВНЫЙ ЦЕНТР КТЗ АО",
        "nameEnglish": "",
        "type": 1,
        "noResident": false,
        "inn": "2460002970",
        "kpp": "213001001",
        "kppAdditional": "",
        "registrationNumber": "",
        "separateUnit": false,
        "organizationHead": "00000000-0000-0000-0000-000000000000",
        "concernType": "78f12e4b-8aa4-11ee-b5b1-005056013b0c",
        "concernTypeCode": "000000005",
        "concernTypeHistory": [
            
        ],
        "basis": "не применимо",
        "division": "45c669b4-894e-11ee-b5b1-005056013b0c",
        "divisionCode": "8",
        "divisionHistory": [
            
        ],
        "comment": "",
        "ogrn": "",
        "dateRegistration": "0001-01-01T00:00:00Z",
        "okpo": "",
        "okved": "00000000-0000-0000-0000-000000000000",
        "okvedCode": "",
        "ifnsCode": "",
        "ifnsName": "",
        "taxCode": "",
        "taxName": "",
        "certificateCode": "",
        "certificateDate": "0001-01-01T00:00:00Z",
        "contactInformation": [
            
        ]
    },
    {
        "guid": "b5bf5261-8aaa-11ee-b5b1-005056013b0c",
        "archive": false,
        "dateOutputArchive": "0001-01-01T00:00:00Z",
        "code": "",
        "codeMSFO": "11225",
        "partner": "00000000-0000-0000-0000-000000000000",
        "virtual": false,
        "name": "Липецкое торгово-промышленное объединение АО",
        "nameAbbreviated": "ЛТПО АО",
        "nameFull": "Липецкое торгово-промышленное объединение АО",
        "nameEnglish": "",
        "type": 1,
        "noResident": false,
        "inn": "4824022970",
        "kpp": "482401001",
        "kppAdditional": "",
        "registrationNumber": "",
        "separateUnit": false,
        "organizationHead": "00000000-0000-0000-0000-000000000000",
        "concernType": "78f12e4b-8aa4-11ee-b5b1-005056013b0c",
        "concernTypeCode": "000000005",
        "concernTypeHistory": [
            
        ],
        "basis": "не применимо",
        "division": "45c669b4-894e-11ee-b5b1-005056013b0c",
        "divisionCode": "8",
        "divisionHistory": [
            
        ],
        "comment": "",
        "ogrn": "",
        "dateRegistration": "0001-01-01T00:00:00Z",
        "okpo": "",
        "okved": "00000000-0000-0000-0000-000000000000",
        "okvedCode": "",
        "ifnsCode": "",
        "ifnsName": "",
        "taxCode": "",
        "taxName": "",
        "certificateCode": "",
        "certificateDate": "0001-01-01T00:00:00Z",
        "contactInformation": [
            
        ]
    },
    {
        "guid": "b5bf5262-8aaa-11ee-b5b1-005056013b0c",
        "archive": false,
        "dateOutputArchive": "0001-01-01T00:00:00Z",
        "code": "",
        "codeMSFO": "11119",
        "partner": "00000000-0000-0000-0000-000000000000",
        "virtual": false,
        "name": "Сервисно-логистический центр ТМ ООО",
        "nameAbbreviated": "СЛЦ ТМ ООО",
        "nameFull": "Сервисно-логистический центр ТМ ООО",
        "nameEnglish": "",
        "type": 1,
        "noResident": false,
        "inn": "2127309097",
        "kpp": "213001001",
        "kppAdditional": "",
        "registrationNumber": "",
        "separateUnit": false,
        "organizationHead": "00000000-0000-0000-0000-000000000000",
        "concernType": "78f12e4b-8aa4-11ee-b5b1-005056013b0c",
        "concernTypeCode": "000000005",
        "concernTypeHistory": [
            
        ],
        "basis": "не применимо",
        "division": "45c669b1-894e-11ee-b5b1-005056013b0c",
        "divisionCode": "5",
        "divisionHistory": [
            
        ],
        "comment": "",
        "ogrn": "",
        "dateRegistration": "0001-01-01T00:00:00Z",
        "okpo": "",
        "okved": "00000000-0000-0000-0000-000000000000",
        "okvedCode": "",
        "ifnsCode": "",
        "ifnsName": "",
        "taxCode": "",
        "taxName": "",
        "certificateCode": "",
        "certificateDate": "0001-01-01T00:00:00Z",
        "contactInformation": [
            
        ]
    },
    {
        "guid": "b5bf5263-8aaa-11ee-b5b1-005056013b0c",
        "archive": false,
        "dateOutputArchive": "0001-01-01T00:00:00Z",
        "code": "",
        "codeMSFO": "11721",
        "partner": "00000000-0000-0000-0000-000000000000",
        "virtual": false,
        "name": "МИГ КТЗ ООО",
        "nameAbbreviated": "МИГ КТЗ ООО",
        "nameFull": "МИГ КТЗ ООО",
        "nameEnglish": "",
        "type": 1,
        "noResident": false,
        "inn": "2130181337",
        "kpp": "213001001",
        "kppAdditional": "",
        "registrationNumber": "",
        "separateUnit": false,
        "organizationHead": "00000000-0000-0000-0000-000000000000",
        "concernType": "78f12e4b-8aa4-11ee-b5b1-005056013b0c",
        "concernTypeCode": "000000005",
        "concernTypeHistory": [
            
        ],
        "basis": "не применимо",
        "division": "45c669b4-894e-11ee-b5b1-005056013b0c",
        "divisionCode": "8",
        "divisionHistory": [
            
        ],
        "comment": "",
        "ogrn": "",
        "dateRegistration": "0001-01-01T00:00:00Z",
        "okpo": "",
        "okved": "00000000-0000-0000-0000-000000000000",
        "okvedCode": "",
        "ifnsCode": "",
        "ifnsName": "",
        "taxCode": "",
        "taxName": "",
        "certificateCode": "",
        "certificateDate": "0001-01-01T00:00:00Z",
        "contactInformation": [
            
        ]
    },
    {
        "guid": "b5bf5264-8aaa-11ee-b5b1-005056013b0c",
        "archive": false,
        "dateOutputArchive": "0001-01-01T00:00:00Z",
        "code": "",
        "codeMSFO": "11494",
        "partner": "00000000-0000-0000-0000-000000000000",
        "virtual": false,
        "name": "МИКОНТ ООО",
        "nameAbbreviated": "МИКОНТ ООО",
        "nameFull": "МИКОНТ ООО",
        "nameEnglish": "",
        "type": 1,
        "noResident": false,
        "inn": "2130083668",
        "kpp": "213001001",
        "kppAdditional": "",
        "registrationNumber": "",
        "separateUnit": false,
        "organizationHead": "00000000-0000-0000-0000-000000000000",
        "concernType": "78f12e4b-8aa4-11ee-b5b1-005056013b0c",
        "concernTypeCode": "000000005",
        "concernTypeHistory": [
            
        ],
        "basis": "не применимо",
        "division": "45c669b2-894e-11ee-b5b1-005056013b0c",
        "divisionCode": "6",
        "divisionHistory": [
            
        ],
        "comment": "",
        "ogrn": "",
        "dateRegistration": "0001-01-01T00:00:00Z",
        "okpo": "",
        "okved": "00000000-0000-0000-0000-000000000000",
        "okvedCode": "",
        "ifnsCode": "",
        "ifnsName": "",
        "taxCode": "",
        "taxName": "",
        "certificateCode": "",
        "certificateDate": "0001-01-01T00:00:00Z",
        "contactInformation": [
            
        ]
    },
    {
        "guid": "b5bf5265-8aaa-11ee-b5b1-005056013b0c",
        "archive": false,
        "dateOutputArchive": "0001-01-01T00:00:00Z",
        "code": "",
        "codeMSFO": "11462",
        "partner": "00000000-0000-0000-0000-000000000000",
        "virtual": false,
        "name": "Научно - технический музей истории трактора ЧУК",
        "nameAbbreviated": "Музей истории трактора ЧУК",
        "nameFull": "Научно - технический музей истории трактора ЧУК",
        "nameEnglish": "",
        "type": 1,
        "noResident": false,
        "inn": "2130077551",
        "kpp": "213001001",
        "kppAdditional": "",
        "registrationNumber": "",
        "separateUnit": false,
        "organizationHead": "00000000-0000-0000-0000-000000000000",
        "concernType": "78f12e4b-8aa4-11ee-b5b1-005056013b0c",
        "concernTypeCode": "000000005",
        "concernTypeHistory": [
            
        ],
        "basis": "не применимо",
        "division": "45c669b1-894e-11ee-b5b1-005056013b0c",
        "divisionCode": "5",
        "divisionHistory": [
            
        ],
        "comment": "",
        "ogrn": "",
        "dateRegistration": "0001-01-01T00:00:00Z",
        "okpo": "",
        "okved": "00000000-0000-0000-0000-000000000000",
        "okvedCode": "",
        "ifnsCode": "",
        "ifnsName": "",
        "taxCode": "",
        "taxName": "",
        "certificateCode": "",
        "certificateDate": "0001-01-01T00:00:00Z",
        "contactInformation": [
            
        ]
    },
    {
        "guid": "b5bf5267-8aaa-11ee-b5b1-005056013b0c",
        "archive": false,
        "dateOutputArchive": "0001-01-01T00:00:00Z",
        "code": "",
        "codeMSFO": "11308",
        "partner": "00000000-0000-0000-0000-000000000000",
        "virtual": false,
        "name": "ПО Белоцерковский комбайно-тракторный завод ООО",
        "nameAbbreviated": "ПО БКТЗ ООО",
        "nameFull": "ПО Белоцерковский комбайно-тракторный завод ООО",
        "nameEnglish": "",
        "type": 1,
        "noResident": true,
        "inn": "",
        "kpp": "",
        "kppAdditional": "",
        "registrationNumber": "323018820272",
        "separateUnit": false,
        "organizationHead": "00000000-0000-0000-0000-000000000000",
        "concernType": "78f12e4b-8aa4-11ee-b5b1-005056013b0c",
        "concernTypeCode": "000000005",
        "concernTypeHistory": [
            
        ],
        "basis": "не применимо",
        "division": "45c669b4-894e-11ee-b5b1-005056013b0c",
        "divisionCode": "8",
        "divisionHistory": [
            
        ],
        "comment": "",
        "ogrn": "",
        "dateRegistration": "0001-01-01T00:00:00Z",
        "okpo": "",
        "okved": "00000000-0000-0000-0000-000000000000",
        "okvedCode": "",
        "ifnsCode": "",
        "ifnsName": "",
        "taxCode": "",
        "taxName": "",
        "certificateCode": "",
        "certificateDate": "0001-01-01T00:00:00Z",
        "contactInformation": [
            
        ]
    },
    {
        "guid": "b5bf5268-8aaa-11ee-b5b1-005056013b0c",
        "archive": false,
        "dateOutputArchive": "0001-01-01T00:00:00Z",
        "code": "",
        "codeMSFO": "11133",
        "partner": "00000000-0000-0000-0000-000000000000",
        "virtual": false,
        "name": "Вагон АО",
        "nameAbbreviated": "Вагон АО",
        "nameFull": "Вагон АО",
        "nameEnglish": "",
        "type": 1,
        "noResident": false,
        "inn": "2128701370",
        "kpp": "212301001",
        "kppAdditional": "212305001",
        "registrationNumber": "",
        "separateUnit": false,
        "organizationHead": "00000000-0000-0000-0000-000000000000",
        "concernType": "78f12e4b-8aa4-11ee-b5b1-005056013b0c",
        "concernTypeCode": "000000005",
        "concernTypeHistory": [
            
        ],
        "basis": "не применимо",
        "division": "45c669b4-894e-11ee-b5b1-005056013b0c",
        "divisionCode": "8",
        "divisionHistory": [
            
        ],
        "comment": "",
        "ogrn": "",
        "dateRegistration": "0001-01-01T00:00:00Z",
        "okpo": "",
        "okved": "00000000-0000-0000-0000-000000000000",
        "okvedCode": "",
        "ifnsCode": "",
        "ifnsName": "",
        "taxCode": "",
        "taxName": "",
        "certificateCode": "",
        "certificateDate": "0001-01-01T00:00:00Z",
        "contactInformation": [
            
        ]
    },
    {
        "guid": "b5bf5269-8aaa-11ee-b5b1-005056013b0c",
        "archive": false,
        "dateOutputArchive": "0001-01-01T00:00:00Z",
        "code": "",
        "codeMSFO": "11300",
        "partner": "00000000-0000-0000-0000-000000000000",
        "virtual": false,
        "name": "Сервис Промышленных Машин ООО",
        "nameAbbreviated": "СПМ ООО",
        "nameFull": "Сервис Промышленных Машин ООО",
        "nameEnglish": "",
        "type": 1,
        "noResident": false,
        "inn": "2130050888",
        "kpp": "213001001",
        "kppAdditional": "",
        "registrationNumber": "",
        "separateUnit": false,
        "organizationHead": "00000000-0000-0000-0000-000000000000",
        "concernType": "78f12e4b-8aa4-11ee-b5b1-005056013b0c",
        "concernTypeCode": "000000005",
        "concernTypeHistory": [
            
        ],
        "basis": "не применимо",
        "division": "45c669b2-894e-11ee-b5b1-005056013b0c",
        "divisionCode": "6",
        "divisionHistory": [
            
        ],
        "comment": "",
        "ogrn": "",
        "dateRegistration": "0001-01-01T00:00:00Z",
        "okpo": "",
        "okved": "00000000-0000-0000-0000-000000000000",
        "okvedCode": "",
        "ifnsCode": "",
        "ifnsName": "",
        "taxCode": "",
        "taxName": "",
        "certificateCode": "",
        "certificateDate": "0001-01-01T00:00:00Z",
        "contactInformation": [
            
        ]
    },
    {
        "guid": "b5bf526a-8aaa-11ee-b5b1-005056013b0c",
        "archive": false,
        "dateOutputArchive": "0001-01-01T00:00:00Z",
        "code": "",
        "codeMSFO": "11651    ",
        "partner": "00000000-0000-0000-0000-000000000000",
        "virtual": false,
        "name": "НПК ЕВА ООО",
        "nameAbbreviated": "НПК ЕВА ООО",
        "nameFull": "НПК ЕВА ООО",
        "nameEnglish": "",
        "type": 1,
        "noResident": false,
        "inn": "3328475498",
        "kpp": "332801001",
        "kppAdditional": "",
        "registrationNumber": "",
        "separateUnit": false,
        "organizationHead": "00000000-0000-0000-0000-000000000000",
        "concernType": "1eb22324-8aa6-11ee-b5b1-005056013b0c",
        "concernTypeCode": "000000007",
        "concernTypeHistory": [
            
        ],
        "basis": "связанная с 2015г.на основании ожидаемых существенных операций (производство). ",
        "division": "45c669b4-894e-11ee-b5b1-005056013b0c",
        "divisionCode": "8",
        "divisionHistory": [
            
        ],
        "comment": "",
        "ogrn": "",
        "dateRegistration": "0001-01-01T00:00:00Z",
        "okpo": "",
        "okved": "00000000-0000-0000-0000-000000000000",
        "okvedCode": "",
        "ifnsCode": "",
        "ifnsName": "",
        "taxCode": "",
        "taxName": "",
        "certificateCode": "",
        "certificateDate": "0001-01-01T00:00:00Z",
        "contactInformation": [
            
        ]
    },
    {
        "guid": "b5bf526b-8aaa-11ee-b5b1-005056013b0c",
        "archive": false,
        "dateOutputArchive": "0001-01-01T00:00:00Z",
        "code": "",
        "codeMSFO": "11652",
        "partner": "00000000-0000-0000-0000-000000000000",
        "virtual": false,
        "name": "Автоспецоборудование ООО",
        "nameAbbreviated": "АСО ООО",
        "nameFull": "Автоспецоборудование ООО",
        "nameEnglish": "",
        "type": 1,
        "noResident": false,
        "inn": "5321165780",
        "kpp": "532101001",
        "kppAdditional": "",
        "registrationNumber": "",
        "separateUnit": false,
        "organizationHead": "00000000-0000-0000-0000-000000000000",
        "concernType": "1eb22324-8aa6-11ee-b5b1-005056013b0c",
        "concernTypeCode": "000000007",
        "concernTypeHistory": [
            
        ],
        "basis": "связанная с 2015г.на основании ожидаемых существенных операций (купла-продажа активов). ",
        "division": "45c669b4-894e-11ee-b5b1-005056013b0c",
        "divisionCode": "8",
        "divisionHistory": [
            
        ],
        "comment": "",
        "ogrn": "",
        "dateRegistration": "0001-01-01T00:00:00Z",
        "okpo": "",
        "okved": "00000000-0000-0000-0000-000000000000",
        "okvedCode": "",
        "ifnsCode": "",
        "ifnsName": "",
        "taxCode": "",
        "taxName": "",
        "certificateCode": "",
        "certificateDate": "0001-01-01T00:00:00Z",
        "contactInformation": [
            
        ]
    },
    {
        "guid": "b5bf526c-8aaa-11ee-b5b1-005056013b0c",
        "archive": false,
        "dateOutputArchive": "0001-01-01T00:00:00Z",
        "code": "",
        "codeMSFO": "11656",
        "partner": "00000000-0000-0000-0000-000000000000",
        "virtual": false,
        "name": "Продовольственная база Урожай ООО",
        "nameAbbreviated": "ПБ Урожай ООО",
        "nameFull": "Продовольственная база Урожай ООО",
        "nameEnglish": "",
        "type": 1,
        "noResident": false,
        "inn": "2130010170",
        "kpp": "213001001",
        "kppAdditional": "",
        "registrationNumber": "",
        "separateUnit": false,
        "organizationHead": "00000000-0000-0000-0000-000000000000",
        "concernType": "00000000-0000-0000-0000-000000000000",
        "concernTypeCode": "",
        "concernTypeHistory": [
            
        ],
        "basis": "не применимо",
        "division": "45c669b4-894e-11ee-b5b1-005056013b0c",
        "divisionCode": "8",
        "divisionHistory": [
            
        ],
        "comment": "",
        "ogrn": "",
        "dateRegistration": "0001-01-01T00:00:00Z",
        "okpo": "",
        "okved": "00000000-0000-0000-0000-000000000000",
        "okvedCode": "",
        "ifnsCode": "",
        "ifnsName": "",
        "taxCode": "",
        "taxName": "",
        "certificateCode": "",
        "certificateDate": "0001-01-01T00:00:00Z",
        "contactInformation": [
            
        ]
    },
    {
        "guid": "b5bf527b-8aaa-11ee-b5b1-005056013b0c",
        "archive": false,
        "dateOutputArchive": "0001-01-01T00:00:00Z",
        "code": "",
        "codeMSFO": "12802",
        "partner": "00000000-0000-0000-0000-000000000000",
        "virtual": false,
        "name": "Актив ООО",
        "nameAbbreviated": "Актив  ООО",
        "nameFull": "Актив ООО",
        "nameEnglish": "",
        "type": 1,
        "noResident": false,
        "inn": "9704000317",
        "kpp": "210001001",
        "kppAdditional": "",
        "registrationNumber": "",
        "separateUnit": false,
        "organizationHead": "00000000-0000-0000-0000-000000000000",
        "concernType": "1eb22324-8aa6-11ee-b5b1-005056013b0c",
        "concernTypeCode": "000000007",
        "concernTypeHistory": [
            
        ],
        "basis": "связанная с 01.01.2022",
        "division": "45c669b4-894e-11ee-b5b1-005056013b0c",
        "divisionCode": "8",
        "divisionHistory": [
            
        ],
        "comment": "",
        "ogrn": "",
        "dateRegistration": "0001-01-01T00:00:00Z",
        "okpo": "",
        "okved": "00000000-0000-0000-0000-000000000000",
        "okvedCode": "",
        "ifnsCode": "",
        "ifnsName": "",
        "taxCode": "",
        "taxName": "",
        "certificateCode": "",
        "certificateDate": "0001-01-01T00:00:00Z",
        "contactInformation": [
            
        ]
    },
    {
        "guid": "b5bf526d-8aaa-11ee-b5b1-005056013b0c",
        "archive": false,
        "dateOutputArchive": "0001-01-01T00:00:00Z",
        "code": "000000003",
        "codeMSFO": "11958",
        "partner": "acc28298-8e8b-11ee-b5b1-005056013b0c",
        "virtual": false,
        "name": "Промлит ООО",
        "nameAbbreviated": "Промлит ООО",
        "nameFull": "Промлит ООО",
        "nameEnglish": "Промлит ООО",
        "type": 1,
        "noResident": false,
        "inn": "2130211126",
        "kpp": "213001001",
        "kppAdditional": "",
        "registrationNumber": "",
        "separateUnit": false,
        "organizationHead": "00000000-0000-0000-0000-000000000000",
        "concernType": "78f12e4b-8aa4-11ee-b5b1-005056013b0c",
        "concernTypeCode": "000000005",
        "concernTypeHistory": [
            
        ],
        "basis": "не применимо",
        "division": "45c669b4-894e-11ee-b5b1-005056013b0c",
        "divisionCode": "8",
        "divisionHistory": [
            
        ],
        "comment": "",
        "ogrn": "",
        "dateRegistration": "0001-01-01T00:00:00Z",
        "okpo": "",
        "okved": "00000000-0000-0000-0000-000000000000",
        "okvedCode": "",
        "ifnsCode": "",
        "ifnsName": "",
        "taxCode": "",
        "taxName": "",
        "certificateCode": "",
        "certificateDate": "0001-01-01T00:00:00Z",
        "contactInformation": [
            
        ]
    },
    {
        "guid": "b5bf526e-8aaa-11ee-b5b1-005056013b0c",
        "archive": false,
        "dateOutputArchive": "0001-01-01T00:00:00Z",
        "code": "",
        "codeMSFO": "11960",
        "partner": "00000000-0000-0000-0000-000000000000",
        "virtual": false,
        "name": "АСК ООО",
        "nameAbbreviated": "АСК ООО",
        "nameFull": "АСК ООО",
        "nameEnglish": "",
        "type": 1,
        "noResident": false,
        "inn": "2130211528",
        "kpp": "213001001",
        "kppAdditional": "",
        "registrationNumber": "",
        "separateUnit": false,
        "organizationHead": "00000000-0000-0000-0000-000000000000",
        "concernType": "78f12e4b-8aa4-11ee-b5b1-005056013b0c",
        "concernTypeCode": "000000005",
        "concernTypeHistory": [
            
        ],
        "basis": "не применимо",
        "division": "45c669b2-894e-11ee-b5b1-005056013b0c",
        "divisionCode": "6",
        "divisionHistory": [
            
        ],
        "comment": "",
        "ogrn": "",
        "dateRegistration": "0001-01-01T00:00:00Z",
        "okpo": "",
        "okved": "00000000-0000-0000-0000-000000000000",
        "okvedCode": "",
        "ifnsCode": "",
        "ifnsName": "",
        "taxCode": "",
        "taxName": "",
        "certificateCode": "",
        "certificateDate": "0001-01-01T00:00:00Z",
        "contactInformation": [
            
        ]
    },
    {
        "guid": "b5bf526f-8aaa-11ee-b5b1-005056013b0c",
        "archive": false,
        "dateOutputArchive": "0001-01-01T00:00:00Z",
        "code": "",
        "codeMSFO": "11964",
        "partner": "00000000-0000-0000-0000-000000000000",
        "virtual": false,
        "name": "ПК ЧАЗ ООО",
        "nameAbbreviated": "ПК ЧАЗ ООО",
        "nameFull": "ПК ЧАЗ ООО",
        "nameEnglish": "",
        "type": 1,
        "noResident": false,
        "inn": "2130212659",
        "kpp": "213001001",
        "kppAdditional": "",
        "registrationNumber": "",
        "separateUnit": false,
        "organizationHead": "00000000-0000-0000-0000-000000000000",
        "concernType": "78f12e4b-8aa4-11ee-b5b1-005056013b0c",
        "concernTypeCode": "000000005",
        "concernTypeHistory": [
            
        ],
        "basis": "не применимо",
        "division": "45c669b2-894e-11ee-b5b1-005056013b0c",
        "divisionCode": "6",
        "divisionHistory": [
            
        ],
        "comment": "",
        "ogrn": "",
        "dateRegistration": "0001-01-01T00:00:00Z",
        "okpo": "",
        "okved": "00000000-0000-0000-0000-000000000000",
        "okvedCode": "",
        "ifnsCode": "",
        "ifnsName": "",
        "taxCode": "",
        "taxName": "",
        "certificateCode": "",
        "certificateDate": "0001-01-01T00:00:00Z",
        "contactInformation": [
            
        ]
    },
    {
        "guid": "b5bf5270-8aaa-11ee-b5b1-005056013b0c",
        "archive": false,
        "dateOutputArchive": "0001-01-01T00:00:00Z",
        "code": "",
        "codeMSFO": "11975",
        "partner": "00000000-0000-0000-0000-000000000000",
        "virtual": false,
        "name": "ЧЕТРА-КУЗБАСС ООО",
        "nameAbbreviated": "ЧЕТРА-КУЗБАСС ООО",
        "nameFull": "ЧЕТРА-КУЗБАСС ООО",
        "nameEnglish": "",
        "type": 1,
        "noResident": false,
        "inn": "4252015309",
        "kpp": "425201001",
        "kppAdditional": "",
        "registrationNumber": "",
        "separateUnit": false,
        "organizationHead": "00000000-0000-0000-0000-000000000000",
        "concernType": "1eb22324-8aa6-11ee-b5b1-005056013b0c",
        "concernTypeCode": "000000007",
        "concernTypeHistory": [
            
        ],
        "basis": "связанная с 21.03.2019",
        "division": "45c669b4-894e-11ee-b5b1-005056013b0c",
        "divisionCode": "8",
        "divisionHistory": [
            
        ],
        "comment": "",
        "ogrn": "",
        "dateRegistration": "0001-01-01T00:00:00Z",
        "okpo": "",
        "okved": "00000000-0000-0000-0000-000000000000",
        "okvedCode": "",
        "ifnsCode": "",
        "ifnsName": "",
        "taxCode": "",
        "taxName": "",
        "certificateCode": "",
        "certificateDate": "0001-01-01T00:00:00Z",
        "contactInformation": [
            
        ]
    },
    {
        "guid": "b5bf5271-8aaa-11ee-b5b1-005056013b0c",
        "archive": false,
        "dateOutputArchive": "0001-01-01T00:00:00Z",
        "code": "",
        "codeMSFO": "11991",
        "partner": "00000000-0000-0000-0000-000000000000",
        "virtual": false,
        "name": "Канашский вагоностроительный завод ООО",
        "nameAbbreviated": "КАВАЗ ООО",
        "nameFull": "Канашский вагоностроительный завод ООО",
        "nameEnglish": "",
        "type": 1,
        "noResident": false,
        "inn": "2123023410",
        "kpp": "212301001",
        "kppAdditional": "",
        "registrationNumber": "",
        "separateUnit": false,
        "organizationHead": "00000000-0000-0000-0000-000000000000",
        "concernType": "78f12e4b-8aa4-11ee-b5b1-005056013b0c",
        "concernTypeCode": "000000005",
        "concernTypeHistory": [
            
        ],
        "basis": "не применимо",
        "division": "00000000-0000-0000-0000-000000000000",
        "divisionCode": "",
        "divisionHistory": [
            
        ],
        "comment": "",
        "ogrn": "",
        "dateRegistration": "0001-01-01T00:00:00Z",
        "okpo": "",
        "okved": "00000000-0000-0000-0000-000000000000",
        "okvedCode": "",
        "ifnsCode": "",
        "ifnsName": "",
        "taxCode": "",
        "taxName": "",
        "certificateCode": "",
        "certificateDate": "0001-01-01T00:00:00Z",
        "contactInformation": [
            
        ]
    },
    {
        "guid": "b5bf5272-8aaa-11ee-b5b1-005056013b0c",
        "archive": false,
        "dateOutputArchive": "0001-01-01T00:00:00Z",
        "code": "",
        "codeMSFO": "11992",
        "partner": "00000000-0000-0000-0000-000000000000",
        "virtual": false,
        "name": "Энергосетьремонт ООО",
        "nameAbbreviated": "ЭСР ООО",
        "nameFull": "Энергосетьремонт ООО",
        "nameEnglish": "",
        "type": 1,
        "noResident": false,
        "inn": "2130218121",
        "kpp": "213001001",
        "kppAdditional": "",
        "registrationNumber": "",
        "separateUnit": false,
        "organizationHead": "00000000-0000-0000-0000-000000000000",
        "concernType": "78f12e4b-8aa4-11ee-b5b1-005056013b0c",
        "concernTypeCode": "000000005",
        "concernTypeHistory": [
            
        ],
        "basis": "не применимо",
        "division": "45c669b1-894e-11ee-b5b1-005056013b0c",
        "divisionCode": "5",
        "divisionHistory": [
            
        ],
        "comment": "",
        "ogrn": "",
        "dateRegistration": "0001-01-01T00:00:00Z",
        "okpo": "",
        "okved": "00000000-0000-0000-0000-000000000000",
        "okvedCode": "",
        "ifnsCode": "",
        "ifnsName": "",
        "taxCode": "",
        "taxName": "",
        "certificateCode": "",
        "certificateDate": "0001-01-01T00:00:00Z",
        "contactInformation": [
            
        ]
    },
    {
        "guid": "b5bf5273-8aaa-11ee-b5b1-005056013b0c",
        "archive": false,
        "dateOutputArchive": "0001-01-01T00:00:00Z",
        "code": "",
        "codeMSFO": "12008",
        "partner": "00000000-0000-0000-0000-000000000000",
        "virtual": false,
        "name": "ЧУВАШСКАЯ  СЕТЕВАЯ КОМПАНИЯ ООО",
        "nameAbbreviated": "ЧСК ООО",
        "nameFull": "ЧУВАШСКАЯ  СЕТЕВАЯ КОМПАНИЯ ООО",
        "nameEnglish": "",
        "type": 1,
        "noResident": false,
        "inn": "2130217456",
        "kpp": "213001001",
        "kppAdditional": "",
        "registrationNumber": "",
        "separateUnit": false,
        "organizationHead": "00000000-0000-0000-0000-000000000000",
        "concernType": "1eb22324-8aa6-11ee-b5b1-005056013b0c",
        "concernTypeCode": "000000007",
        "concernTypeHistory": [
            
        ],
        "basis": "связанная с 05.03.2020",
        "division": "45c669b4-894e-11ee-b5b1-005056013b0c",
        "divisionCode": "8",
        "divisionHistory": [
            
        ],
        "comment": "",
        "ogrn": "",
        "dateRegistration": "0001-01-01T00:00:00Z",
        "okpo": "",
        "okved": "00000000-0000-0000-0000-000000000000",
        "okvedCode": "",
        "ifnsCode": "",
        "ifnsName": "",
        "taxCode": "",
        "taxName": "",
        "certificateCode": "",
        "certificateDate": "0001-01-01T00:00:00Z",
        "contactInformation": [
            
        ]
    },
    {
        "guid": "b5bf5274-8aaa-11ee-b5b1-005056013b0c",
        "archive": false,
        "dateOutputArchive": "0001-01-01T00:00:00Z",
        "code": "",
        "codeMSFO": "11121",
        "partner": "00000000-0000-0000-0000-000000000000",
        "virtual": false,
        "name": "Отель-ДИС ООО",
        "nameAbbreviated": "Отель-ДИС ООО",
        "nameFull": "Отель-ДИС ООО",
        "nameEnglish": "",
        "type": 1,
        "noResident": false,
        "inn": "2127318687",
        "kpp": "213001001",
        "kppAdditional": "",
        "registrationNumber": "",
        "separateUnit": false,
        "organizationHead": "00000000-0000-0000-0000-000000000000",
        "concernType": "1eb22324-8aa6-11ee-b5b1-005056013b0c",
        "concernTypeCode": "000000007",
        "concernTypeHistory": [
            
        ],
        "basis": "связанная с 01.10.2021",
        "division": "45c669b4-894e-11ee-b5b1-005056013b0c",
        "divisionCode": "8",
        "divisionHistory": [
            
        ],
        "comment": "",
        "ogrn": "",
        "dateRegistration": "0001-01-01T00:00:00Z",
        "okpo": "",
        "okved": "00000000-0000-0000-0000-000000000000",
        "okvedCode": "",
        "ifnsCode": "",
        "ifnsName": "",
        "taxCode": "",
        "taxName": "",
        "certificateCode": "",
        "certificateDate": "0001-01-01T00:00:00Z",
        "contactInformation": [
            
        ]
    },
    {
        "guid": "b5bf5275-8aaa-11ee-b5b1-005056013b0c",
        "archive": false,
        "dateOutputArchive": "0001-01-01T00:00:00Z",
        "code": "",
        "codeMSFO": "12046",
        "partner": "00000000-0000-0000-0000-000000000000",
        "virtual": false,
        "name": "Парадис ООО",
        "nameAbbreviated": "Парадис ООО ",
        "nameFull": "Парадис ООО",
        "nameEnglish": "",
        "type": 1,
        "noResident": false,
        "inn": "2130221639",
        "kpp": "213001001",
        "kppAdditional": "",
        "registrationNumber": "",
        "separateUnit": false,
        "organizationHead": "00000000-0000-0000-0000-000000000000",
        "concernType": "1eb22324-8aa6-11ee-b5b1-005056013b0c",
        "concernTypeCode": "000000007",
        "concernTypeHistory": [
            
        ],
        "basis": "связанная с 01.10.2021",
        "division": "45c669b4-894e-11ee-b5b1-005056013b0c",
        "divisionCode": "8",
        "divisionHistory": [
            
        ],
        "comment": "",
        "ogrn": "",
        "dateRegistration": "0001-01-01T00:00:00Z",
        "okpo": "",
        "okved": "00000000-0000-0000-0000-000000000000",
        "okvedCode": "",
        "ifnsCode": "",
        "ifnsName": "",
        "taxCode": "",
        "taxName": "",
        "certificateCode": "",
        "certificateDate": "0001-01-01T00:00:00Z",
        "contactInformation": [
            
        ]
    },
    {
        "guid": "b5bf5276-8aaa-11ee-b5b1-005056013b0c",
        "archive": false,
        "dateOutputArchive": "0001-01-01T00:00:00Z",
        "code": "",
        "codeMSFO": "12047",
        "partner": "00000000-0000-0000-0000-000000000000",
        "virtual": false,
        "name": "Технологии производства ООО",
        "nameAbbreviated": "Технологии производства ООО",
        "nameFull": "Технологии производства ООО",
        "nameEnglish": "",
        "type": 1,
        "noResident": false,
        "inn": "2123026186",
        "kpp": "212301001",
        "kppAdditional": "",
        "registrationNumber": "",
        "separateUnit": false,
        "organizationHead": "00000000-0000-0000-0000-000000000000",
        "concernType": "1eb22324-8aa6-11ee-b5b1-005056013b0c",
        "concernTypeCode": "000000007",
        "concernTypeHistory": [
            
        ],
        "basis": "связанная с 01.10.2021",
        "division": "00000000-0000-0000-0000-000000000000",
        "divisionCode": "",
        "divisionHistory": [
            
        ],
        "comment": "",
        "ogrn": "",
        "dateRegistration": "0001-01-01T00:00:00Z",
        "okpo": "",
        "okved": "00000000-0000-0000-0000-000000000000",
        "okvedCode": "",
        "ifnsCode": "",
        "ifnsName": "",
        "taxCode": "",
        "taxName": "",
        "certificateCode": "",
        "certificateDate": "0001-01-01T00:00:00Z",
        "contactInformation": [
            
        ]
    },
    {
        "guid": "b5bf5277-8aaa-11ee-b5b1-005056013b0c",
        "archive": false,
        "dateOutputArchive": "0001-01-01T00:00:00Z",
        "code": "",
        "codeMSFO": "12810",
        "partner": "00000000-0000-0000-0000-000000000000",
        "virtual": false,
        "name": "РЕЙЛ ТМ ООО",
        "nameAbbreviated": "РЕЙЛ ТМ ООО",
        "nameFull": "РЕЙЛ ТМ ООО",
        "nameEnglish": "",
        "type": 1,
        "noResident": false,
        "inn": "9704097073",
        "kpp": "770301001",
        "kppAdditional": "",
        "registrationNumber": "",
        "separateUnit": false,
        "organizationHead": "00000000-0000-0000-0000-000000000000",
        "concernType": "1eb22324-8aa6-11ee-b5b1-005056013b0c",
        "concernTypeCode": "000000007",
        "concernTypeHistory": [
            
        ],
        "basis": "связанная с 01.01.2022",
        "division": "00000000-0000-0000-0000-000000000000",
        "divisionCode": "",
        "divisionHistory": [
            
        ],
        "comment": "",
        "ogrn": "",
        "dateRegistration": "0001-01-01T00:00:00Z",
        "okpo": "",
        "okved": "00000000-0000-0000-0000-000000000000",
        "okvedCode": "",
        "ifnsCode": "",
        "ifnsName": "",
        "taxCode": "",
        "taxName": "",
        "certificateCode": "",
        "certificateDate": "0001-01-01T00:00:00Z",
        "contactInformation": [
            
        ]
    },
    {
        "guid": "b5bf5278-8aaa-11ee-b5b1-005056013b0c",
        "archive": false,
        "dateOutputArchive": "0001-01-01T00:00:00Z",
        "code": "",
        "codeMSFO": "12800",
        "partner": "00000000-0000-0000-0000-000000000000",
        "virtual": false,
        "name": "Отраслевая Инфраструктурная Компания ООО ",
        "nameAbbreviated": "ОИК ООО ",
        "nameFull": "Отраслевая Инфраструктурная Компания ООО ",
        "nameEnglish": "",
        "type": 1,
        "noResident": false,
        "inn": "2130227856",
        "kpp": "213001001",
        "kppAdditional": "",
        "registrationNumber": "",
        "separateUnit": false,
        "organizationHead": "00000000-0000-0000-0000-000000000000",
        "concernType": "1eb22324-8aa6-11ee-b5b1-005056013b0c",
        "concernTypeCode": "000000007",
        "concernTypeHistory": [
            
        ],
        "basis": "связанная с 01.01.2022",
        "division": "45c669b1-894e-11ee-b5b1-005056013b0c",
        "divisionCode": "5",
        "divisionHistory": [
            
        ],
        "comment": "",
        "ogrn": "",
        "dateRegistration": "0001-01-01T00:00:00Z",
        "okpo": "",
        "okved": "00000000-0000-0000-0000-000000000000",
        "okvedCode": "",
        "ifnsCode": "",
        "ifnsName": "",
        "taxCode": "",
        "taxName": "",
        "certificateCode": "",
        "certificateDate": "0001-01-01T00:00:00Z",
        "contactInformation": [
            
        ]
    },
    {
        "guid": "b5bf5279-8aaa-11ee-b5b1-005056013b0c",
        "archive": false,
        "dateOutputArchive": "0001-01-01T00:00:00Z",
        "code": "",
        "codeMSFO": "12801",
        "partner": "00000000-0000-0000-0000-000000000000",
        "virtual": false,
        "name": "ИТ-Софт ООО ",
        "nameAbbreviated": "ИТС ООО ",
        "nameFull": "ИТ-Софт ООО ",
        "nameEnglish": "",
        "type": 1,
        "noResident": false,
        "inn": "2130227743",
        "kpp": "213001001",
        "kppAdditional": "",
        "registrationNumber": "",
        "separateUnit": false,
        "organizationHead": "00000000-0000-0000-0000-000000000000",
        "concernType": "1eb22324-8aa6-11ee-b5b1-005056013b0c",
        "concernTypeCode": "000000007",
        "concernTypeHistory": [
            
        ],
        "basis": "связанная с 01.01.2022",
        "division": "45c669b1-894e-11ee-b5b1-005056013b0c",
        "divisionCode": "5",
        "divisionHistory": [
            
        ],
        "comment": "",
        "ogrn": "",
        "dateRegistration": "0001-01-01T00:00:00Z",
        "okpo": "",
        "okved": "00000000-0000-0000-0000-000000000000",
        "okvedCode": "",
        "ifnsCode": "",
        "ifnsName": "",
        "taxCode": "",
        "taxName": "",
        "certificateCode": "",
        "certificateDate": "0001-01-01T00:00:00Z",
        "contactInformation": [
            
        ]
    },
    {
        "guid": "b5bf527a-8aaa-11ee-b5b1-005056013b0c",
        "archive": false,
        "dateOutputArchive": "0001-01-01T00:00:00Z",
        "code": "",
        "codeMSFO": "12809",
        "partner": "00000000-0000-0000-0000-000000000000",
        "virtual": false,
        "name": "Управляющая Компания Транспортное Машиностроение ООО",
        "nameAbbreviated": "УК ТМ ООО",
        "nameFull": "Управляющая Компания Транспортное Машиностроение ООО",
        "nameEnglish": "",
        "type": 1,
        "noResident": false,
        "inn": "9704082895",
        "kpp": "210001001",
        "kppAdditional": "",
        "registrationNumber": "",
        "separateUnit": false,
        "organizationHead": "00000000-0000-0000-0000-000000000000",
        "concernType": "1eb22324-8aa6-11ee-b5b1-005056013b0c",
        "concernTypeCode": "000000007",
        "concernTypeHistory": [
            
        ],
        "basis": "связанная с 01.01.2022",
        "division": "45c669b4-894e-11ee-b5b1-005056013b0c",
        "divisionCode": "8",
        "divisionHistory": [
            
        ],
        "comment": "",
        "ogrn": "",
        "dateRegistration": "0001-01-01T00:00:00Z",
        "okpo": "",
        "okved": "00000000-0000-0000-0000-000000000000",
        "okvedCode": "",
        "ifnsCode": "",
        "ifnsName": "",
        "taxCode": "",
        "taxName": "",
        "certificateCode": "",
        "certificateDate": "0001-01-01T00:00:00Z",
        "contactInformation": [
            
        ]
    },
    {
        "guid": "b5bf527c-8aaa-11ee-b5b1-005056013b0c",
        "archive": false,
        "dateOutputArchive": "0001-01-01T00:00:00Z",
        "code": "",
        "codeMSFO": "12826",
        "partner": "00000000-0000-0000-0000-000000000000",
        "virtual": false,
        "name": "Торговый дом Транспортное машиностроение ООО",
        "nameAbbreviated": "ТД ТМ ООО ",
        "nameFull": "Торговый дом Транспортное машиностроение ООО",
        "nameEnglish": "",
        "type": 1,
        "noResident": false,
        "inn": "2130230898",
        "kpp": "213001001",
        "kppAdditional": "",
        "registrationNumber": "",
        "separateUnit": false,
        "organizationHead": "00000000-0000-0000-0000-000000000000",
        "concernType": "1eb22324-8aa6-11ee-b5b1-005056013b0c",
        "concernTypeCode": "000000007",
        "concernTypeHistory": [
            
        ],
        "basis": "связанная с 15.03.2022",
        "division": "45c669b1-894e-11ee-b5b1-005056013b0c",
        "divisionCode": "5",
        "divisionHistory": [
            
        ],
        "comment": "",
        "ogrn": "",
        "dateRegistration": "0001-01-01T00:00:00Z",
        "okpo": "",
        "okved": "00000000-0000-0000-0000-000000000000",
        "okvedCode": "",
        "ifnsCode": "",
        "ifnsName": "",
        "taxCode": "",
        "taxName": "",
        "certificateCode": "",
        "certificateDate": "0001-01-01T00:00:00Z",
        "contactInformation": [
            
        ]
    },
    {
        "guid": "b5bf527d-8aaa-11ee-b5b1-005056013b0c",
        "archive": false,
        "dateOutputArchive": "0001-01-01T00:00:00Z",
        "code": "",
        "codeMSFO": "12805",
        "partner": "00000000-0000-0000-0000-000000000000",
        "virtual": false,
        "name": "ХК Транспортное Машиностроение ООО",
        "nameAbbreviated": "ХК ТМ ООО",
        "nameFull": "ХК Транспортное Машиностроение ООО",
        "nameEnglish": "",
        "type": 1,
        "noResident": false,
        "inn": "7714436282",
        "kpp": "210001001",
        "kppAdditional": "",
        "registrationNumber": "",
        "separateUnit": false,
        "organizationHead": "00000000-0000-0000-0000-000000000000",
        "concernType": "1eb22324-8aa6-11ee-b5b1-005056013b0c",
        "concernTypeCode": "000000007",
        "concernTypeHistory": [
            
        ],
        "basis": "связанная с 01.03.2022",
        "division": "45c669b4-894e-11ee-b5b1-005056013b0c",
        "divisionCode": "8",
        "divisionHistory": [
            
        ],
        "comment": "",
        "ogrn": "",
        "dateRegistration": "0001-01-01T00:00:00Z",
        "okpo": "",
        "okved": "00000000-0000-0000-0000-000000000000",
        "okvedCode": "",
        "ifnsCode": "",
        "ifnsName": "",
        "taxCode": "",
        "taxName": "",
        "certificateCode": "",
        "certificateDate": "0001-01-01T00:00:00Z",
        "contactInformation": [
            
        ]
    },
    {
        "guid": "b5bf527e-8aaa-11ee-b5b1-005056013b0c",
        "archive": false,
        "dateOutputArchive": "0001-01-01T00:00:00Z",
        "code": "000000002",
        "codeMSFO": "12833",
        "partner": "a3b2b07a-1448-11ee-b5ab-a0dc07f9a67b",
        "virtual": false,
        "name": "УК ТЕХНОПАРК АГРЕГАТНЫЙ ООО",
        "nameAbbreviated": "УК ТЕХНОПАРК АГРЕГАТНЫЙ ООО",
        "nameFull": "УК ТЕХНОПАРК АГРЕГАТНЫЙ ООО",
        "nameEnglish": "234",
        "type": 1,
        "noResident": false,
        "inn": "2130231901",
        "kpp": "213001001",
        "kppAdditional": "",
        "registrationNumber": "",
        "separateUnit": false,
        "organizationHead": "00000000-0000-0000-0000-000000000000",
        "concernType": "1eb22324-8aa6-11ee-b5b1-005056013b0c",
        "concernTypeCode": "000000007",
        "concernTypeHistory": [
            
        ],
        "basis": "связанная с 29.04.2022",
        "division": "45c669b4-894e-11ee-b5b1-005056013b0c",
        "divisionCode": "8",
        "divisionHistory": [
            
        ],
        "comment": "",
        "ogrn": "",
        "dateRegistration": "0001-01-01T00:00:00Z",
        "okpo": "",
        "okved": "00000000-0000-0000-0000-000000000000",
        "okvedCode": "",
        "ifnsCode": "",
        "ifnsName": "",
        "taxCode": "",
        "taxName": "",
        "certificateCode": "",
        "certificateDate": "0001-01-01T00:00:00Z",
        "contactInformation": [
            
        ]
    },
    {
        "guid": "b5bf527f-8aaa-11ee-b5b1-005056013b0c",
        "archive": false,
        "dateOutputArchive": "0001-01-01T00:00:00Z",
        "code": "",
        "codeMSFO": "12838",
        "partner": "00000000-0000-0000-0000-000000000000",
        "virtual": false,
        "name": "ПК ЧТЗ ООО",
        "nameAbbreviated": "ПК ЧТЗ ООО",
        "nameFull": "ПК ЧТЗ ООО",
        "nameEnglish": "",
        "type": 1,
        "noResident": false,
        "inn": "7452159624",
        "kpp": "745201001",
        "kppAdditional": "",
        "registrationNumber": "",
        "separateUnit": false,
        "organizationHead": "00000000-0000-0000-0000-000000000000",
        "concernType": "1eb22324-8aa6-11ee-b5b1-005056013b0c",
        "concernTypeCode": "000000007",
        "concernTypeHistory": [
            
        ],
        "basis": "связанная с 30.05.2022",
        "division": "45c669b2-894e-11ee-b5b1-005056013b0c",
        "divisionCode": "6",
        "divisionHistory": [
            
        ],
        "comment": "",
        "ogrn": "",
        "dateRegistration": "0001-01-01T00:00:00Z",
        "okpo": "",
        "okved": "00000000-0000-0000-0000-000000000000",
        "okvedCode": "",
        "ifnsCode": "",
        "ifnsName": "",
        "taxCode": "",
        "taxName": "",
        "certificateCode": "",
        "certificateDate": "0001-01-01T00:00:00Z",
        "contactInformation": [
            
        ]
    },
    {
        "guid": "b5bf5280-8aaa-11ee-b5b1-005056013b0c",
        "archive": false,
        "dateOutputArchive": "0001-01-01T00:00:00Z",
        "code": "",
        "codeMSFO": "12843",
        "partner": "00000000-0000-0000-0000-000000000000",
        "virtual": false,
        "name": "СТРОЙМАШИНВЕСТ АКЦИОНЕРНОЕ ОБЩЕСТВО",
        "nameAbbreviated": "СМИ АО",
        "nameFull": "СТРОЙМАШИНВЕСТ АКЦИОНЕРНОЕ ОБЩЕСТВО",
        "nameEnglish": "",
        "type": 1,
        "noResident": false,
        "inn": "9704129511",
        "kpp": "770401001",
        "kppAdditional": "",
        "registrationNumber": "",
        "separateUnit": false,
        "organizationHead": "00000000-0000-0000-0000-000000000000",
        "concernType": "1eb22324-8aa6-11ee-b5b1-005056013b0c",
        "concernTypeCode": "000000007",
        "concernTypeHistory": [
            
        ],
        "basis": "связанная с 20.04.2022",
        "division": "45c669b4-894e-11ee-b5b1-005056013b0c",
        "divisionCode": "8",
        "divisionHistory": [
            
        ],
        "comment": "",
        "ogrn": "",
        "dateRegistration": "0001-01-01T00:00:00Z",
        "okpo": "",
        "okved": "00000000-0000-0000-0000-000000000000",
        "okvedCode": "",
        "ifnsCode": "",
        "ifnsName": "",
        "taxCode": "",
        "taxName": "",
        "certificateCode": "",
        "certificateDate": "0001-01-01T00:00:00Z",
        "contactInformation": [
            
        ]
    },
    {
        "guid": "b5bf5281-8aaa-11ee-b5b1-005056013b0c",
        "archive": false,
        "dateOutputArchive": "0001-01-01T00:00:00Z",
        "code": "",
        "codeMSFO": "12898",
        "partner": "00000000-0000-0000-0000-000000000000",
        "virtual": false,
        "name": "РУССКИЙ ТРАКТОР АО",
        "nameAbbreviated": "РУСТРАКТОР АО",
        "nameFull": "РУССКИЙ ТРАКТОР АО",
        "nameEnglish": "",
        "type": 1,
        "noResident": false,
        "inn": "2100009681",
        "kpp": "210001001",
        "kppAdditional": "",
        "registrationNumber": "",
        "separateUnit": false,
        "organizationHead": "00000000-0000-0000-0000-000000000000",
        "concernType": "1eb22324-8aa6-11ee-b5b1-005056013b0c",
        "concernTypeCode": "000000007",
        "concernTypeHistory": [
            
        ],
        "basis": "связанная с 01.09.2023",
        "division": "45c669b4-894e-11ee-b5b1-005056013b0c",
        "divisionCode": "8",
        "divisionHistory": [
            
        ],
        "comment": "",
        "ogrn": "",
        "dateRegistration": "0001-01-01T00:00:00Z",
        "okpo": "",
        "okved": "00000000-0000-0000-0000-000000000000",
        "okvedCode": "",
        "ifnsCode": "",
        "ifnsName": "",
        "taxCode": "",
        "taxName": "",
        "certificateCode": "",
        "certificateDate": "0001-01-01T00:00:00Z",
        "contactInformation": [
            
        ]
    },
    {
        "guid": "b5bf5253-8aaa-11ee-b5b1-005056013b0c",
        "archive": false,
        "dateOutputArchive": "0001-01-01T00:00:00Z",
        "code": "000000006",
        "codeMSFO": "11361",
        "partner": "d8708a56-8a97-11ee-b5b1-005056013b0c",
        "virtual": false,
        "name": "Chetra Machinery Trade ТОО",
        "nameAbbreviated": "Сокращенное название",
        "nameFull": "Chetra Machinery Trade ТОО",
        "nameEnglish": "",
        "type": 1,
        "noResident": true,
        "inn": "",
        "kpp": "",
        "kppAdditional": "",
        "registrationNumber": "600900605591",
        "separateUnit": false,
        "organizationHead": "00000000-0000-0000-0000-000000000000",
        "concernType": "78f12e4b-8aa4-11ee-b5b1-005056013b0c",
        "concernTypeCode": "000000005",
        "concernTypeHistory": [
            
        ],
        "basis": "не применимо",
        "division": "45c669b4-894e-11ee-b5b1-005056013b0c",
        "divisionCode": "8",
        "divisionHistory": [
            
        ],
        "comment": "",
        "ogrn": "",
        "dateRegistration": "0001-01-01T00:00:00Z",
        "okpo": "",
        "okved": "00000000-0000-0000-0000-000000000000",
        "okvedCode": "",
        "ifnsCode": "",
        "ifnsName": "",
        "taxCode": "",
        "taxName": "",
        "certificateCode": "",
        "certificateDate": "0001-01-01T00:00:00Z",
        "contactInformation": [
            
        ]
    },
    {
        "guid": "b5bf5256-8aaa-11ee-b5b1-005056013b0c",
        "archive": false,
        "dateOutputArchive": "0001-01-01T00:00:00Z",
        "code": "000000004",
        "codeMSFO": "11346",
        "partner": "e214f965-8f47-11ee-b5b1-005056013b0c",
        "virtual": false,
        "name": "Metallic Commodities Inc.",
        "nameAbbreviated": "234",
        "nameFull": "Metallic Commodities Inc.",
        "nameEnglish": "",
        "type": 1,
        "noResident": true,
        "inn": "",
        "kpp": "",
        "kppAdditional": "",
        "registrationNumber": "1471388",
        "separateUnit": false,
        "organizationHead": "00000000-0000-0000-0000-000000000000",
        "concernType": "9aae7a0f-8dc2-11ee-b5b1-005056013b0c",
        "concernTypeCode": "000000008",
        "concernTypeHistory": [
            
        ],
        "basis": "связанная сторона с 2009г., на основании существенных сделок и доли владения (финансы). На текущую дату Группа имеет существенные размеры вклада в уст.капитал компании",
        "division": "45c669b4-894e-11ee-b5b1-005056013b0c",
        "divisionCode": "8",
        "divisionHistory": [
            
        ],
        "comment": "",
        "ogrn": "",
        "dateRegistration": "0001-01-01T00:00:00Z",
        "okpo": "",
        "okved": "00000000-0000-0000-0000-000000000000",
        "okvedCode": "",
        "ifnsCode": "",
        "ifnsName": "",
        "taxCode": "",
        "taxName": "",
        "certificateCode": "",
        "certificateDate": "0001-01-01T00:00:00Z",
        "contactInformation": [
            
        ]
    },
    {
        "guid": "b5bf5266-8aaa-11ee-b5b1-005056013b0c",
        "archive": false,
        "dateOutputArchive": "0001-01-01T00:00:00Z",
        "code": "000000008",
        "codeMSFO": "11364",
        "partner": "00000000-0000-0000-0000-000000000000",
        "virtual": false,
        "name": "НИИ стали АО",
        "nameAbbreviated": "НИИ стали АО",
        "nameFull": "НИИ стали АО",
        "nameEnglish": "",
        "type": 1,
        "noResident": false,
        "inn": "7713070243",
        "kpp": "771301001",
        "kppAdditional": "",
        "registrationNumber": "",
        "separateUnit": false,
        "organizationHead": "00000000-0000-0000-0000-000000000000",
        "concernType": "9aae7a0f-8dc2-11ee-b5b1-005056013b0c",
        "concernTypeCode": "000000008",
        "concernTypeHistory": [
            
        ],
        "basis": "не применимо",
        "division": "45c669b4-894e-11ee-b5b1-005056013b0c",
        "divisionCode": "8",
        "divisionHistory": [
            
        ],
        "comment": "",
        "ogrn": "",
        "dateRegistration": "0001-01-01T00:00:00Z",
        "okpo": "",
        "okved": "00000000-0000-0000-0000-000000000000",
        "okvedCode": "",
        "ifnsCode": "",
        "ifnsName": "",
        "taxCode": "",
        "taxName": "",
        "certificateCode": "",
        "certificateDate": "0001-01-01T00:00:00Z",
        "contactInformation": [
            
        ]
    }
]
]]></system-out>
  </testcase>
  <testcase name="getOrganizationList" classname="AutoTest.StructureTest" time="0.945">
    <failure message="1 expectation failed.&#10;JSON path size() doesn&apos;t match.&#10;Expected: is &lt;199&gt;&#10;  Actual: &lt;47&gt;&#10;" type="java.lang.AssertionError"><![CDATA[java.lang.AssertionError: 
1 expectation failed.
JSON path size() doesn't match.
Expected: is <199>
  Actual: <47>

	at AutoTest.StructureTest.getOrganizationList(StructureTest.java:30)
]]></failure>
    <system-out><![CDATA[HTTP/1.1 200 OK
Date: Wed, 13 Dec 2023 08:23:01 GMT
Server: Apache/2.4.23 (Win64)
Content-Length: 56468
Keep-Alive: timeout=5, max=99
Connection: Keep-Alive
Content-Type: application/json; charset=utf-8

[
    {
        "guid": "b5bf5255-8aaa-11ee-b5b1-005056013b0c",
        "archive": false,
        "dateOutputArchive": "0001-01-01T00:00:00Z",
        "code": "",
        "codeMSFO": "11360",
        "partner": "00000000-0000-0000-0000-000000000000",
        "virtual": false,
        "name": "IHB Beteiligungs GmbH ",
        "nameAbbreviated": "",
        "nameFull": "IHB Beteiligungs GmbH ",
        "nameEnglish": "",
        "type": 1,
        "noResident": true,
        "inn": "",
        "kpp": "",
        "kppAdditional": "",
        "registrationNumber": "116/3818",
        "separateUnit": false,
        "organizationHead": "00000000-0000-0000-0000-000000000000",
        "concernType": "1eb22324-8aa6-11ee-b5b1-005056013b0c",
        "concernTypeCode": "000000007",
        "concernTypeHistory": [
            
        ],
        "basis": "связанная сторона с 15.03.2016г., на основании существенных сделок",
        "division": "45c669b4-894e-11ee-b5b1-005056013b0c",
        "divisionCode": "8",
        "divisionHistory": [
            
        ],
        "comment": "",
        "ogrn": "",
        "dateRegistration": "0001-01-01T00:00:00Z",
        "okpo": "",
        "okved": "00000000-0000-0000-0000-000000000000",
        "okvedCode": "",
        "ifnsCode": "",
        "ifnsName": "",
        "taxCode": "",
        "taxName": "",
        "certificateCode": "",
        "certificateDate": "0001-01-01T00:00:00Z",
        "contactInformation": [
            
        ]
    },
    {
        "guid": "b5bf5257-8aaa-11ee-b5b1-005056013b0c",
        "archive": false,
        "dateOutputArchive": "0001-01-01T00:00:00Z",
        "code": "",
        "codeMSFO": "11355",
        "partner": "00000000-0000-0000-0000-000000000000",
        "virtual": false,
        "name": "New Technologies Holding B.V",
        "nameAbbreviated": "",
        "nameFull": "New Technologies Holding B.V",
        "nameEnglish": "",
        "type": 1,
        "noResident": true,
        "inn": "",
        "kpp": "",
        "kppAdditional": "",
        "registrationNumber": "8199.44.907",
        "separateUnit": false,
        "organizationHead": "00000000-0000-0000-0000-000000000000",
        "concernType": "0ad69fbe-8aa6-11ee-b5b1-005056013b0c",
        "concernTypeCode": "000000006",
        "concernTypeHistory": [
            
        ],
        "basis": "не применимо",
        "division": "45c669b4-894e-11ee-b5b1-005056013b0c",
        "divisionCode": "8",
        "divisionHistory": [
            
        ],
        "comment": "",
        "ogrn": "",
        "dateRegistration": "0001-01-01T00:00:00Z",
        "okpo": "",
        "okved": "00000000-0000-0000-0000-000000000000",
        "okvedCode": "",
        "ifnsCode": "",
        "ifnsName": "",
        "taxCode": "",
        "taxName": "",
        "certificateCode": "",
        "certificateDate": "0001-01-01T00:00:00Z",
        "contactInformation": [
            
        ]
    },
    {
        "guid": "b5bf5258-8aaa-11ee-b5b1-005056013b0c",
        "archive": false,
        "dateOutputArchive": "0001-01-01T00:00:00Z",
        "code": "",
        "codeMSFO": "11380",
        "partner": "00000000-0000-0000-0000-000000000000",
        "virtual": false,
        "name": "Premium Parts Produktions GmbH ",
        "nameAbbreviated": "",
        "nameFull": "Premium Parts Produktions GmbH ",
        "nameEnglish": "",
        "type": 1,
        "noResident": true,
        "inn": "",
        "kpp": "",
        "kppAdditional": "",
        "registrationNumber": "015/1839",
        "separateUnit": false,
        "organizationHead": "00000000-0000-0000-0000-000000000000",
        "concernType": "1eb22324-8aa6-11ee-b5b1-005056013b0c",
        "concernTypeCode": "000000007",
        "concernTypeHistory": [
            
        ],
        "basis": "связанная сторона с 15.03.2016г., на основании существенных сделок",
        "division": "45c669b4-894e-11ee-b5b1-005056013b0c",
        "divisionCode": "8",
        "divisionHistory": [
            
        ],
        "comment": "",
        "ogrn": "",
        "dateRegistration": "0001-01-01T00:00:00Z",
        "okpo": "",
        "okved": "00000000-0000-0000-0000-000000000000",
        "okvedCode": "",
        "ifnsCode": "",
        "ifnsName": "",
        "taxCode": "",
        "taxName": "",
        "certificateCode": "",
        "certificateDate": "0001-01-01T00:00:00Z",
        "contactInformation": [
            
        ]
    },
    {
        "guid": "b5bf5259-8aaa-11ee-b5b1-005056013b0c",
        "archive": false,
        "dateOutputArchive": "0001-01-01T00:00:00Z",
        "code": "",
        "codeMSFO": "11368",
        "partner": "00000000-0000-0000-0000-000000000000",
        "virtual": false,
        "name": "Vogel&Noot AgroSrb ad (Сербия)",
        "nameAbbreviated": "",
        "nameFull": "Vogel&Noot AgroSrb ad (Сербия)",
        "nameEnglish": "",
        "type": 1,
        "noResident": true,
        "inn": "",
        "kpp": "",
        "kppAdditional": "",
        "registrationNumber": "101430854",
        "separateUnit": false,
        "organizationHead": "00000000-0000-0000-0000-000000000000",
        "concernType": "78f12e4b-8aa4-11ee-b5b1-005056013b0c",
        "concernTypeCode": "000000005",
        "concernTypeHistory": [
            
        ],
        "basis": "не применимо",
        "division": "45c669b4-894e-11ee-b5b1-005056013b0c",
        "divisionCode": "8",
        "divisionHistory": [
            
        ],
        "comment": "",
        "ogrn": "",
        "dateRegistration": "0001-01-01T00:00:00Z",
        "okpo": "",
        "okved": "00000000-0000-0000-0000-000000000000",
        "okvedCode": "",
        "ifnsCode": "",
        "ifnsName": "",
        "taxCode": "",
        "taxName": "",
        "certificateCode": "",
        "certificateDate": "0001-01-01T00:00:00Z",
        "contactInformation": [
            
        ]
    },
    {
        "guid": "b5bf525a-8aaa-11ee-b5b1-005056013b0c",
        "archive": false,
        "dateOutputArchive": "0001-01-01T00:00:00Z",
        "code": "",
        "codeMSFO": "11118",
        "partner": "00000000-0000-0000-0000-000000000000",
        "virtual": false,
        "name": "Аверс ООО",
        "nameAbbreviated": "Аверс ООО",
        "nameFull": "Аверс ООО",
        "nameEnglish": "",
        "type": 1,
        "noResident": false,
        "inn": "2127330349",
        "kpp": "213001001",
        "kppAdditional": "",
        "registrationNumber": "",
        "separateUnit": false,
        "organizationHead": "00000000-0000-0000-0000-000000000000",
        "concernType": "78f12e4b-8aa4-11ee-b5b1-005056013b0c",
        "concernTypeCode": "000000005",
        "concernTypeHistory": [
            
        ],
        "basis": "не применимо",
        "division": "45c669b1-894e-11ee-b5b1-005056013b0c",
        "divisionCode": "5",
        "divisionHistory": [
            
        ],
        "comment": "",
        "ogrn": "",
        "dateRegistration": "0001-01-01T00:00:00Z",
        "okpo": "",
        "okved": "00000000-0000-0000-0000-000000000000",
        "okvedCode": "",
        "ifnsCode": "",
        "ifnsName": "",
        "taxCode": "",
        "taxName": "",
        "certificateCode": "",
        "certificateDate": "0001-01-01T00:00:00Z",
        "contactInformation": [
            
        ]
    },
    {
        "guid": "b5bf525b-8aaa-11ee-b5b1-005056013b0c",
        "archive": false,
        "dateOutputArchive": "0001-01-01T00:00:00Z",
        "code": "",
        "codeMSFO": "11226",
        "partner": "00000000-0000-0000-0000-000000000000",
        "virtual": false,
        "name": "ЗАВОД АГРОМАШ ООО",
        "nameAbbreviated": "ЗАВОД АГРОМАШ ООО",
        "nameFull": "ЗАВОД АГРОМАШ ООО",
        "nameEnglish": "",
        "type": 1,
        "noResident": false,
        "inn": "2456012447",
        "kpp": "213001001",
        "kppAdditional": "",
        "registrationNumber": "",
        "separateUnit": false,
        "organizationHead": "00000000-0000-0000-0000-000000000000",
        "concernType": "78f12e4b-8aa4-11ee-b5b1-005056013b0c",
        "concernTypeCode": "000000005",
        "concernTypeHistory": [
            
        ],
        "basis": "не применимо",
        "division": "00000000-0000-0000-0000-000000000000",
        "divisionCode": "",
        "divisionHistory": [
            
        ],
        "comment": "",
        "ogrn": "",
        "dateRegistration": "0001-01-01T00:00:00Z",
        "okpo": "",
        "okved": "00000000-0000-0000-0000-000000000000",
        "okvedCode": "",
        "ifnsCode": "",
        "ifnsName": "",
        "taxCode": "",
        "taxName": "",
        "certificateCode": "",
        "certificateDate": "0001-01-01T00:00:00Z",
        "contactInformation": [
            
        ]
    },
    {
        "guid": "b5bf525c-8aaa-11ee-b5b1-005056013b0c",
        "archive": false,
        "dateOutputArchive": "0001-01-01T00:00:00Z",
        "code": "",
        "codeMSFO": "11124",
        "partner": "00000000-0000-0000-0000-000000000000",
        "virtual": false,
        "name": "ПК ПРОМТРАКТОР ООО",
        "nameAbbreviated": "ПК ПТ ООО",
        "nameFull": "ПК ПРОМТРАКТОР ООО",
        "nameEnglish": "",
        "type": 1,
        "noResident": false,
        "inn": "2130006695",
        "kpp": "213001001",
        "kppAdditional": "",
        "registrationNumber": "",
        "separateUnit": false,
        "organizationHead": "00000000-0000-0000-0000-000000000000",
        "concernType": "78f12e4b-8aa4-11ee-b5b1-005056013b0c",
        "concernTypeCode": "000000005",
        "concernTypeHistory": [
            
        ],
        "basis": "не применимо",
        "division": "45c669b2-894e-11ee-b5b1-005056013b0c",
        "divisionCode": "6",
        "divisionHistory": [
            
        ],
        "comment": "",
        "ogrn": "",
        "dateRegistration": "0001-01-01T00:00:00Z",
        "okpo": "",
        "okved": "00000000-0000-0000-0000-000000000000",
        "okvedCode": "",
        "ifnsCode": "",
        "ifnsName": "",
        "taxCode": "",
        "taxName": "",
        "certificateCode": "",
        "certificateDate": "0001-01-01T00:00:00Z",
        "contactInformation": [
            
        ]
    },
    {
        "guid": "b5bf525d-8aaa-11ee-b5b1-005056013b0c",
        "archive": false,
        "dateOutputArchive": "0001-01-01T00:00:00Z",
        "code": "",
        "codeMSFO": "11134",
        "partner": "00000000-0000-0000-0000-000000000000",
        "virtual": false,
        "name": "ЧЕТРА ООО",
        "nameAbbreviated": "ЧЕТРА ООО",
        "nameFull": "ЧЕТРА ООО",
        "nameEnglish": "",
        "type": 1,
        "noResident": false,
        "inn": "2130007530",
        "kpp": "213001001",
        "kppAdditional": "",
        "registrationNumber": "",
        "separateUnit": false,
        "organizationHead": "00000000-0000-0000-0000-000000000000",
        "concernType": "78f12e4b-8aa4-11ee-b5b1-005056013b0c",
        "concernTypeCode": "000000005",
        "concernTypeHistory": [
            
        ],
        "basis": "не применимо",
        "division": "45c669b2-894e-11ee-b5b1-005056013b0c",
        "divisionCode": "6",
        "divisionHistory": [
            
        ],
        "comment": "",
        "ogrn": "",
        "dateRegistration": "0001-01-01T00:00:00Z",
        "okpo": "",
        "okved": "00000000-0000-0000-0000-000000000000",
        "okvedCode": "",
        "ifnsCode": "",
        "ifnsName": "",
        "taxCode": "",
        "taxName": "",
        "certificateCode": "",
        "certificateDate": "0001-01-01T00:00:00Z",
        "contactInformation": [
            
        ]
    },
    {
        "guid": "b5bf525e-8aaa-11ee-b5b1-005056013b0c",
        "archive": false,
        "dateOutputArchive": "0001-01-01T00:00:00Z",
        "code": "",
        "codeMSFO": "11566",
        "partner": "00000000-0000-0000-0000-000000000000",
        "virtual": false,
        "name": "Железнодорожные услуги ООО",
        "nameAbbreviated": "ЖДУ ООО",
        "nameFull": "Железнодорожные услуги ООО",
        "nameEnglish": "",
        "type": 1,
        "noResident": false,
        "inn": "2130109884",
        "kpp": "213001001",
        "kppAdditional": "",
        "registrationNumber": "",
        "separateUnit": false,
        "organizationHead": "00000000-0000-0000-0000-000000000000",
        "concernType": "1eb22324-8aa6-11ee-b5b1-005056013b0c",
        "concernTypeCode": "000000007",
        "concernTypeHistory": [
            
        ],
        "basis": "связанная с 2012г.на основании существенных операций (обслуживание). На текущую дату имеются отношения с Группой",
        "division": "45c669b4-894e-11ee-b5b1-005056013b0c",
        "divisionCode": "8",
        "divisionHistory": [
            
        ],
        "comment": "",
        "ogrn": "",
        "dateRegistration": "0001-01-01T00:00:00Z",
        "okpo": "",
        "okved": "00000000-0000-0000-0000-000000000000",
        "okvedCode": "",
        "ifnsCode": "",
        "ifnsName": "",
        "taxCode": "",
        "taxName": "",
        "certificateCode": "",
        "certificateDate": "0001-01-01T00:00:00Z",
        "contactInformation": [
            
        ]
    },
    {
        "guid": "b5bf5254-8aaa-11ee-b5b1-005056013b0c",
        "archive": false,
        "dateOutputArchive": "0001-01-01T00:00:00Z",
        "code": "000000007",
        "codeMSFO": "11367",
        "partner": "d8708a56-8a97-11ee-b5b1-005056013b0c",
        "virtual": false,
        "name": "Concern Tractor Plants Deutschland GmbH",
        "nameAbbreviated": "123",
        "nameFull": "Concern Tractor Plants Deutschland GmbH",
        "nameEnglish": "",
        "type": 1,
        "noResident": true,
        "inn": "",
        "kpp": "",
        "kppAdditional": "",
        "registrationNumber": "132/5916/1441",
        "separateUnit": false,
        "organizationHead": "00000000-0000-0000-0000-000000000000",
        "concernType": "78f12e4b-8aa4-11ee-b5b1-005056013b0c",
        "concernTypeCode": "000000005",
        "concernTypeHistory": [
            
        ],
        "basis": "не применимо",
        "division": "45c669b4-894e-11ee-b5b1-005056013b0c",
        "divisionCode": "8",
        "divisionHistory": [
            
        ],
        "comment": "",
        "ogrn": "",
        "dateRegistration": "0001-01-01T00:00:00Z",
        "okpo": "",
        "okved": "00000000-0000-0000-0000-000000000000",
        "okvedCode": "",
        "ifnsCode": "",
        "ifnsName": "",
        "taxCode": "",
        "taxName": "",
        "certificateCode": "",
        "certificateDate": "0001-01-01T00:00:00Z",
        "contactInformation": [
            
        ]
    },
    {
        "guid": "b5bf525f-8aaa-11ee-b5b1-005056013b0c",
        "archive": false,
        "dateOutputArchive": "0001-01-01T00:00:00Z",
        "code": "",
        "codeMSFO": "11305",
        "partner": "00000000-0000-0000-0000-000000000000",
        "virtual": false,
        "name": "ИП ООО AGROMASHHOLDING-TASHKENT",
        "nameAbbreviated": "",
        "nameFull": "ИП ООО AGROMASHHOLDING-TASHKENT",
        "nameEnglish": "",
        "type": 1,
        "noResident": true,
        "inn": "",
        "kpp": "",
        "kppAdditional": "",
        "registrationNumber": "206858630",
        "separateUnit": false,
        "organizationHead": "00000000-0000-0000-0000-000000000000",
        "concernType": "78f12e4b-8aa4-11ee-b5b1-005056013b0c",
        "concernTypeCode": "000000005",
        "concernTypeHistory": [
            
        ],
        "basis": "не применимо",
        "division": "45c669b4-894e-11ee-b5b1-005056013b0c",
        "divisionCode": "8",
        "divisionHistory": [
            
        ],
        "comment": "",
        "ogrn": "",
        "dateRegistration": "0001-01-01T00:00:00Z",
        "okpo": "",
        "okved": "00000000-0000-0000-0000-000000000000",
        "okvedCode": "",
        "ifnsCode": "",
        "ifnsName": "",
        "taxCode": "",
        "taxName": "",
        "certificateCode": "",
        "certificateDate": "0001-01-01T00:00:00Z",
        "contactInformation": [
            
        ]
    },
    {
        "guid": "b5bf5260-8aaa-11ee-b5b1-005056013b0c",
        "archive": false,
        "dateOutputArchive": "0001-01-01T00:00:00Z",
        "code": "",
        "codeMSFO": "11164",
        "partner": "00000000-0000-0000-0000-000000000000",
        "virtual": false,
        "name": "АРХИВНЫЙ ЦЕНТР КТЗ АО",
        "nameAbbreviated": "Архивный центр КТЗ АО",
        "nameFull": "АРХИВНЫЙ ЦЕНТР КТЗ АО",
        "nameEnglish": "",
        "type": 1,
        "noResident": false,
        "inn": "2460002970",
        "kpp": "213001001",
        "kppAdditional": "",
        "registrationNumber": "",
        "separateUnit": false,
        "organizationHead": "00000000-0000-0000-0000-000000000000",
        "concernType": "78f12e4b-8aa4-11ee-b5b1-005056013b0c",
        "concernTypeCode": "000000005",
        "concernTypeHistory": [
            
        ],
        "basis": "не применимо",
        "division": "45c669b4-894e-11ee-b5b1-005056013b0c",
        "divisionCode": "8",
        "divisionHistory": [
            
        ],
        "comment": "",
        "ogrn": "",
        "dateRegistration": "0001-01-01T00:00:00Z",
        "okpo": "",
        "okved": "00000000-0000-0000-0000-000000000000",
        "okvedCode": "",
        "ifnsCode": "",
        "ifnsName": "",
        "taxCode": "",
        "taxName": "",
        "certificateCode": "",
        "certificateDate": "0001-01-01T00:00:00Z",
        "contactInformation": [
            
        ]
    },
    {
        "guid": "b5bf5261-8aaa-11ee-b5b1-005056013b0c",
        "archive": false,
        "dateOutputArchive": "0001-01-01T00:00:00Z",
        "code": "",
        "codeMSFO": "11225",
        "partner": "00000000-0000-0000-0000-000000000000",
        "virtual": false,
        "name": "Липецкое торгово-промышленное объединение АО",
        "nameAbbreviated": "ЛТПО АО",
        "nameFull": "Липецкое торгово-промышленное объединение АО",
        "nameEnglish": "",
        "type": 1,
        "noResident": false,
        "inn": "4824022970",
        "kpp": "482401001",
        "kppAdditional": "",
        "registrationNumber": "",
        "separateUnit": false,
        "organizationHead": "00000000-0000-0000-0000-000000000000",
        "concernType": "78f12e4b-8aa4-11ee-b5b1-005056013b0c",
        "concernTypeCode": "000000005",
        "concernTypeHistory": [
            
        ],
        "basis": "не применимо",
        "division": "45c669b4-894e-11ee-b5b1-005056013b0c",
        "divisionCode": "8",
        "divisionHistory": [
            
        ],
        "comment": "",
        "ogrn": "",
        "dateRegistration": "0001-01-01T00:00:00Z",
        "okpo": "",
        "okved": "00000000-0000-0000-0000-000000000000",
        "okvedCode": "",
        "ifnsCode": "",
        "ifnsName": "",
        "taxCode": "",
        "taxName": "",
        "certificateCode": "",
        "certificateDate": "0001-01-01T00:00:00Z",
        "contactInformation": [
            
        ]
    },
    {
        "guid": "b5bf5262-8aaa-11ee-b5b1-005056013b0c",
        "archive": false,
        "dateOutputArchive": "0001-01-01T00:00:00Z",
        "code": "",
        "codeMSFO": "11119",
        "partner": "00000000-0000-0000-0000-000000000000",
        "virtual": false,
        "name": "Сервисно-логистический центр ТМ ООО",
        "nameAbbreviated": "СЛЦ ТМ ООО",
        "nameFull": "Сервисно-логистический центр ТМ ООО",
        "nameEnglish": "",
        "type": 1,
        "noResident": false,
        "inn": "2127309097",
        "kpp": "213001001",
        "kppAdditional": "",
        "registrationNumber": "",
        "separateUnit": false,
        "organizationHead": "00000000-0000-0000-0000-000000000000",
        "concernType": "78f12e4b-8aa4-11ee-b5b1-005056013b0c",
        "concernTypeCode": "000000005",
        "concernTypeHistory": [
            
        ],
        "basis": "не применимо",
        "division": "45c669b1-894e-11ee-b5b1-005056013b0c",
        "divisionCode": "5",
        "divisionHistory": [
            
        ],
        "comment": "",
        "ogrn": "",
        "dateRegistration": "0001-01-01T00:00:00Z",
        "okpo": "",
        "okved": "00000000-0000-0000-0000-000000000000",
        "okvedCode": "",
        "ifnsCode": "",
        "ifnsName": "",
        "taxCode": "",
        "taxName": "",
        "certificateCode": "",
        "certificateDate": "0001-01-01T00:00:00Z",
        "contactInformation": [
            
        ]
    },
    {
        "guid": "b5bf5263-8aaa-11ee-b5b1-005056013b0c",
        "archive": false,
        "dateOutputArchive": "0001-01-01T00:00:00Z",
        "code": "",
        "codeMSFO": "11721",
        "partner": "00000000-0000-0000-0000-000000000000",
        "virtual": false,
        "name": "МИГ КТЗ ООО",
        "nameAbbreviated": "МИГ КТЗ ООО",
        "nameFull": "МИГ КТЗ ООО",
        "nameEnglish": "",
        "type": 1,
        "noResident": false,
        "inn": "2130181337",
        "kpp": "213001001",
        "kppAdditional": "",
        "registrationNumber": "",
        "separateUnit": false,
        "organizationHead": "00000000-0000-0000-0000-000000000000",
        "concernType": "78f12e4b-8aa4-11ee-b5b1-005056013b0c",
        "concernTypeCode": "000000005",
        "concernTypeHistory": [
            
        ],
        "basis": "не применимо",
        "division": "45c669b4-894e-11ee-b5b1-005056013b0c",
        "divisionCode": "8",
        "divisionHistory": [
            
        ],
        "comment": "",
        "ogrn": "",
        "dateRegistration": "0001-01-01T00:00:00Z",
        "okpo": "",
        "okved": "00000000-0000-0000-0000-000000000000",
        "okvedCode": "",
        "ifnsCode": "",
        "ifnsName": "",
        "taxCode": "",
        "taxName": "",
        "certificateCode": "",
        "certificateDate": "0001-01-01T00:00:00Z",
        "contactInformation": [
            
        ]
    },
    {
        "guid": "b5bf5264-8aaa-11ee-b5b1-005056013b0c",
        "archive": false,
        "dateOutputArchive": "0001-01-01T00:00:00Z",
        "code": "",
        "codeMSFO": "11494",
        "partner": "00000000-0000-0000-0000-000000000000",
        "virtual": false,
        "name": "МИКОНТ ООО",
        "nameAbbreviated": "МИКОНТ ООО",
        "nameFull": "МИКОНТ ООО",
        "nameEnglish": "",
        "type": 1,
        "noResident": false,
        "inn": "2130083668",
        "kpp": "213001001",
        "kppAdditional": "",
        "registrationNumber": "",
        "separateUnit": false,
        "organizationHead": "00000000-0000-0000-0000-000000000000",
        "concernType": "78f12e4b-8aa4-11ee-b5b1-005056013b0c",
        "concernTypeCode": "000000005",
        "concernTypeHistory": [
            
        ],
        "basis": "не применимо",
        "division": "45c669b2-894e-11ee-b5b1-005056013b0c",
        "divisionCode": "6",
        "divisionHistory": [
            
        ],
        "comment": "",
        "ogrn": "",
        "dateRegistration": "0001-01-01T00:00:00Z",
        "okpo": "",
        "okved": "00000000-0000-0000-0000-000000000000",
        "okvedCode": "",
        "ifnsCode": "",
        "ifnsName": "",
        "taxCode": "",
        "taxName": "",
        "certificateCode": "",
        "certificateDate": "0001-01-01T00:00:00Z",
        "contactInformation": [
            
        ]
    },
    {
        "guid": "b5bf5265-8aaa-11ee-b5b1-005056013b0c",
        "archive": false,
        "dateOutputArchive": "0001-01-01T00:00:00Z",
        "code": "",
        "codeMSFO": "11462",
        "partner": "00000000-0000-0000-0000-000000000000",
        "virtual": false,
        "name": "Научно - технический музей истории трактора ЧУК",
        "nameAbbreviated": "Музей истории трактора ЧУК",
        "nameFull": "Научно - технический музей истории трактора ЧУК",
        "nameEnglish": "",
        "type": 1,
        "noResident": false,
        "inn": "2130077551",
        "kpp": "213001001",
        "kppAdditional": "",
        "registrationNumber": "",
        "separateUnit": false,
        "organizationHead": "00000000-0000-0000-0000-000000000000",
        "concernType": "78f12e4b-8aa4-11ee-b5b1-005056013b0c",
        "concernTypeCode": "000000005",
        "concernTypeHistory": [
            
        ],
        "basis": "не применимо",
        "division": "45c669b1-894e-11ee-b5b1-005056013b0c",
        "divisionCode": "5",
        "divisionHistory": [
            
        ],
        "comment": "",
        "ogrn": "",
        "dateRegistration": "0001-01-01T00:00:00Z",
        "okpo": "",
        "okved": "00000000-0000-0000-0000-000000000000",
        "okvedCode": "",
        "ifnsCode": "",
        "ifnsName": "",
        "taxCode": "",
        "taxName": "",
        "certificateCode": "",
        "certificateDate": "0001-01-01T00:00:00Z",
        "contactInformation": [
            
        ]
    },
    {
        "guid": "b5bf5267-8aaa-11ee-b5b1-005056013b0c",
        "archive": false,
        "dateOutputArchive": "0001-01-01T00:00:00Z",
        "code": "",
        "codeMSFO": "11308",
        "partner": "00000000-0000-0000-0000-000000000000",
        "virtual": false,
        "name": "ПО Белоцерковский комбайно-тракторный завод ООО",
        "nameAbbreviated": "ПО БКТЗ ООО",
        "nameFull": "ПО Белоцерковский комбайно-тракторный завод ООО",
        "nameEnglish": "",
        "type": 1,
        "noResident": true,
        "inn": "",
        "kpp": "",
        "kppAdditional": "",
        "registrationNumber": "323018820272",
        "separateUnit": false,
        "organizationHead": "00000000-0000-0000-0000-000000000000",
        "concernType": "78f12e4b-8aa4-11ee-b5b1-005056013b0c",
        "concernTypeCode": "000000005",
        "concernTypeHistory": [
            
        ],
        "basis": "не применимо",
        "division": "45c669b4-894e-11ee-b5b1-005056013b0c",
        "divisionCode": "8",
        "divisionHistory": [
            
        ],
        "comment": "",
        "ogrn": "",
        "dateRegistration": "0001-01-01T00:00:00Z",
        "okpo": "",
        "okved": "00000000-0000-0000-0000-000000000000",
        "okvedCode": "",
        "ifnsCode": "",
        "ifnsName": "",
        "taxCode": "",
        "taxName": "",
        "certificateCode": "",
        "certificateDate": "0001-01-01T00:00:00Z",
        "contactInformation": [
            
        ]
    },
    {
        "guid": "b5bf5268-8aaa-11ee-b5b1-005056013b0c",
        "archive": false,
        "dateOutputArchive": "0001-01-01T00:00:00Z",
        "code": "",
        "codeMSFO": "11133",
        "partner": "00000000-0000-0000-0000-000000000000",
        "virtual": false,
        "name": "Вагон АО",
        "nameAbbreviated": "Вагон АО",
        "nameFull": "Вагон АО",
        "nameEnglish": "",
        "type": 1,
        "noResident": false,
        "inn": "2128701370",
        "kpp": "212301001",
        "kppAdditional": "212305001",
        "registrationNumber": "",
        "separateUnit": false,
        "organizationHead": "00000000-0000-0000-0000-000000000000",
        "concernType": "78f12e4b-8aa4-11ee-b5b1-005056013b0c",
        "concernTypeCode": "000000005",
        "concernTypeHistory": [
            
        ],
        "basis": "не применимо",
        "division": "45c669b4-894e-11ee-b5b1-005056013b0c",
        "divisionCode": "8",
        "divisionHistory": [
            
        ],
        "comment": "",
        "ogrn": "",
        "dateRegistration": "0001-01-01T00:00:00Z",
        "okpo": "",
        "okved": "00000000-0000-0000-0000-000000000000",
        "okvedCode": "",
        "ifnsCode": "",
        "ifnsName": "",
        "taxCode": "",
        "taxName": "",
        "certificateCode": "",
        "certificateDate": "0001-01-01T00:00:00Z",
        "contactInformation": [
            
        ]
    },
    {
        "guid": "b5bf5269-8aaa-11ee-b5b1-005056013b0c",
        "archive": false,
        "dateOutputArchive": "0001-01-01T00:00:00Z",
        "code": "",
        "codeMSFO": "11300",
        "partner": "00000000-0000-0000-0000-000000000000",
        "virtual": false,
        "name": "Сервис Промышленных Машин ООО",
        "nameAbbreviated": "СПМ ООО",
        "nameFull": "Сервис Промышленных Машин ООО",
        "nameEnglish": "",
        "type": 1,
        "noResident": false,
        "inn": "2130050888",
        "kpp": "213001001",
        "kppAdditional": "",
        "registrationNumber": "",
        "separateUnit": false,
        "organizationHead": "00000000-0000-0000-0000-000000000000",
        "concernType": "78f12e4b-8aa4-11ee-b5b1-005056013b0c",
        "concernTypeCode": "000000005",
        "concernTypeHistory": [
            
        ],
        "basis": "не применимо",
        "division": "45c669b2-894e-11ee-b5b1-005056013b0c",
        "divisionCode": "6",
        "divisionHistory": [
            
        ],
        "comment": "",
        "ogrn": "",
        "dateRegistration": "0001-01-01T00:00:00Z",
        "okpo": "",
        "okved": "00000000-0000-0000-0000-000000000000",
        "okvedCode": "",
        "ifnsCode": "",
        "ifnsName": "",
        "taxCode": "",
        "taxName": "",
        "certificateCode": "",
        "certificateDate": "0001-01-01T00:00:00Z",
        "contactInformation": [
            
        ]
    },
    {
        "guid": "b5bf526a-8aaa-11ee-b5b1-005056013b0c",
        "archive": false,
        "dateOutputArchive": "0001-01-01T00:00:00Z",
        "code": "",
        "codeMSFO": "11651    ",
        "partner": "00000000-0000-0000-0000-000000000000",
        "virtual": false,
        "name": "НПК ЕВА ООО",
        "nameAbbreviated": "НПК ЕВА ООО",
        "nameFull": "НПК ЕВА ООО",
        "nameEnglish": "",
        "type": 1,
        "noResident": false,
        "inn": "3328475498",
        "kpp": "332801001",
        "kppAdditional": "",
        "registrationNumber": "",
        "separateUnit": false,
        "organizationHead": "00000000-0000-0000-0000-000000000000",
        "concernType": "1eb22324-8aa6-11ee-b5b1-005056013b0c",
        "concernTypeCode": "000000007",
        "concernTypeHistory": [
            
        ],
        "basis": "связанная с 2015г.на основании ожидаемых существенных операций (производство). ",
        "division": "45c669b4-894e-11ee-b5b1-005056013b0c",
        "divisionCode": "8",
        "divisionHistory": [
            
        ],
        "comment": "",
        "ogrn": "",
        "dateRegistration": "0001-01-01T00:00:00Z",
        "okpo": "",
        "okved": "00000000-0000-0000-0000-000000000000",
        "okvedCode": "",
        "ifnsCode": "",
        "ifnsName": "",
        "taxCode": "",
        "taxName": "",
        "certificateCode": "",
        "certificateDate": "0001-01-01T00:00:00Z",
        "contactInformation": [
            
        ]
    },
    {
        "guid": "b5bf526b-8aaa-11ee-b5b1-005056013b0c",
        "archive": false,
        "dateOutputArchive": "0001-01-01T00:00:00Z",
        "code": "",
        "codeMSFO": "11652",
        "partner": "00000000-0000-0000-0000-000000000000",
        "virtual": false,
        "name": "Автоспецоборудование ООО",
        "nameAbbreviated": "АСО ООО",
        "nameFull": "Автоспецоборудование ООО",
        "nameEnglish": "",
        "type": 1,
        "noResident": false,
        "inn": "5321165780",
        "kpp": "532101001",
        "kppAdditional": "",
        "registrationNumber": "",
        "separateUnit": false,
        "organizationHead": "00000000-0000-0000-0000-000000000000",
        "concernType": "1eb22324-8aa6-11ee-b5b1-005056013b0c",
        "concernTypeCode": "000000007",
        "concernTypeHistory": [
            
        ],
        "basis": "связанная с 2015г.на основании ожидаемых существенных операций (купла-продажа активов). ",
        "division": "45c669b4-894e-11ee-b5b1-005056013b0c",
        "divisionCode": "8",
        "divisionHistory": [
            
        ],
        "comment": "",
        "ogrn": "",
        "dateRegistration": "0001-01-01T00:00:00Z",
        "okpo": "",
        "okved": "00000000-0000-0000-0000-000000000000",
        "okvedCode": "",
        "ifnsCode": "",
        "ifnsName": "",
        "taxCode": "",
        "taxName": "",
        "certificateCode": "",
        "certificateDate": "0001-01-01T00:00:00Z",
        "contactInformation": [
            
        ]
    },
    {
        "guid": "b5bf526c-8aaa-11ee-b5b1-005056013b0c",
        "archive": false,
        "dateOutputArchive": "0001-01-01T00:00:00Z",
        "code": "",
        "codeMSFO": "11656",
        "partner": "00000000-0000-0000-0000-000000000000",
        "virtual": false,
        "name": "Продовольственная база Урожай ООО",
        "nameAbbreviated": "ПБ Урожай ООО",
        "nameFull": "Продовольственная база Урожай ООО",
        "nameEnglish": "",
        "type": 1,
        "noResident": false,
        "inn": "2130010170",
        "kpp": "213001001",
        "kppAdditional": "",
        "registrationNumber": "",
        "separateUnit": false,
        "organizationHead": "00000000-0000-0000-0000-000000000000",
        "concernType": "00000000-0000-0000-0000-000000000000",
        "concernTypeCode": "",
        "concernTypeHistory": [
            
        ],
        "basis": "не применимо",
        "division": "45c669b4-894e-11ee-b5b1-005056013b0c",
        "divisionCode": "8",
        "divisionHistory": [
            
        ],
        "comment": "",
        "ogrn": "",
        "dateRegistration": "0001-01-01T00:00:00Z",
        "okpo": "",
        "okved": "00000000-0000-0000-0000-000000000000",
        "okvedCode": "",
        "ifnsCode": "",
        "ifnsName": "",
        "taxCode": "",
        "taxName": "",
        "certificateCode": "",
        "certificateDate": "0001-01-01T00:00:00Z",
        "contactInformation": [
            
        ]
    },
    {
        "guid": "b5bf527b-8aaa-11ee-b5b1-005056013b0c",
        "archive": false,
        "dateOutputArchive": "0001-01-01T00:00:00Z",
        "code": "",
        "codeMSFO": "12802",
        "partner": "00000000-0000-0000-0000-000000000000",
        "virtual": false,
        "name": "Актив ООО",
        "nameAbbreviated": "Актив  ООО",
        "nameFull": "Актив ООО",
        "nameEnglish": "",
        "type": 1,
        "noResident": false,
        "inn": "9704000317",
        "kpp": "210001001",
        "kppAdditional": "",
        "registrationNumber": "",
        "separateUnit": false,
        "organizationHead": "00000000-0000-0000-0000-000000000000",
        "concernType": "1eb22324-8aa6-11ee-b5b1-005056013b0c",
        "concernTypeCode": "000000007",
        "concernTypeHistory": [
            
        ],
        "basis": "связанная с 01.01.2022",
        "division": "45c669b4-894e-11ee-b5b1-005056013b0c",
        "divisionCode": "8",
        "divisionHistory": [
            
        ],
        "comment": "",
        "ogrn": "",
        "dateRegistration": "0001-01-01T00:00:00Z",
        "okpo": "",
        "okved": "00000000-0000-0000-0000-000000000000",
        "okvedCode": "",
        "ifnsCode": "",
        "ifnsName": "",
        "taxCode": "",
        "taxName": "",
        "certificateCode": "",
        "certificateDate": "0001-01-01T00:00:00Z",
        "contactInformation": [
            
        ]
    },
    {
        "guid": "b5bf526d-8aaa-11ee-b5b1-005056013b0c",
        "archive": false,
        "dateOutputArchive": "0001-01-01T00:00:00Z",
        "code": "000000003",
        "codeMSFO": "11958",
        "partner": "acc28298-8e8b-11ee-b5b1-005056013b0c",
        "virtual": false,
        "name": "Промлит ООО",
        "nameAbbreviated": "Промлит ООО",
        "nameFull": "Промлит ООО",
        "nameEnglish": "Промлит ООО",
        "type": 1,
        "noResident": false,
        "inn": "2130211126",
        "kpp": "213001001",
        "kppAdditional": "",
        "registrationNumber": "",
        "separateUnit": false,
        "organizationHead": "00000000-0000-0000-0000-000000000000",
        "concernType": "78f12e4b-8aa4-11ee-b5b1-005056013b0c",
        "concernTypeCode": "000000005",
        "concernTypeHistory": [
            
        ],
        "basis": "не применимо",
        "division": "45c669b4-894e-11ee-b5b1-005056013b0c",
        "divisionCode": "8",
        "divisionHistory": [
            
        ],
        "comment": "",
        "ogrn": "",
        "dateRegistration": "0001-01-01T00:00:00Z",
        "okpo": "",
        "okved": "00000000-0000-0000-0000-000000000000",
        "okvedCode": "",
        "ifnsCode": "",
        "ifnsName": "",
        "taxCode": "",
        "taxName": "",
        "certificateCode": "",
        "certificateDate": "0001-01-01T00:00:00Z",
        "contactInformation": [
            
        ]
    },
    {
        "guid": "b5bf526e-8aaa-11ee-b5b1-005056013b0c",
        "archive": false,
        "dateOutputArchive": "0001-01-01T00:00:00Z",
        "code": "",
        "codeMSFO": "11960",
        "partner": "00000000-0000-0000-0000-000000000000",
        "virtual": false,
        "name": "АСК ООО",
        "nameAbbreviated": "АСК ООО",
        "nameFull": "АСК ООО",
        "nameEnglish": "",
        "type": 1,
        "noResident": false,
        "inn": "2130211528",
        "kpp": "213001001",
        "kppAdditional": "",
        "registrationNumber": "",
        "separateUnit": false,
        "organizationHead": "00000000-0000-0000-0000-000000000000",
        "concernType": "78f12e4b-8aa4-11ee-b5b1-005056013b0c",
        "concernTypeCode": "000000005",
        "concernTypeHistory": [
            
        ],
        "basis": "не применимо",
        "division": "45c669b2-894e-11ee-b5b1-005056013b0c",
        "divisionCode": "6",
        "divisionHistory": [
            
        ],
        "comment": "",
        "ogrn": "",
        "dateRegistration": "0001-01-01T00:00:00Z",
        "okpo": "",
        "okved": "00000000-0000-0000-0000-000000000000",
        "okvedCode": "",
        "ifnsCode": "",
        "ifnsName": "",
        "taxCode": "",
        "taxName": "",
        "certificateCode": "",
        "certificateDate": "0001-01-01T00:00:00Z",
        "contactInformation": [
            
        ]
    },
    {
        "guid": "b5bf526f-8aaa-11ee-b5b1-005056013b0c",
        "archive": false,
        "dateOutputArchive": "0001-01-01T00:00:00Z",
        "code": "",
        "codeMSFO": "11964",
        "partner": "00000000-0000-0000-0000-000000000000",
        "virtual": false,
        "name": "ПК ЧАЗ ООО",
        "nameAbbreviated": "ПК ЧАЗ ООО",
        "nameFull": "ПК ЧАЗ ООО",
        "nameEnglish": "",
        "type": 1,
        "noResident": false,
        "inn": "2130212659",
        "kpp": "213001001",
        "kppAdditional": "",
        "registrationNumber": "",
        "separateUnit": false,
        "organizationHead": "00000000-0000-0000-0000-000000000000",
        "concernType": "78f12e4b-8aa4-11ee-b5b1-005056013b0c",
        "concernTypeCode": "000000005",
        "concernTypeHistory": [
            
        ],
        "basis": "не применимо",
        "division": "45c669b2-894e-11ee-b5b1-005056013b0c",
        "divisionCode": "6",
        "divisionHistory": [
            
        ],
        "comment": "",
        "ogrn": "",
        "dateRegistration": "0001-01-01T00:00:00Z",
        "okpo": "",
        "okved": "00000000-0000-0000-0000-000000000000",
        "okvedCode": "",
        "ifnsCode": "",
        "ifnsName": "",
        "taxCode": "",
        "taxName": "",
        "certificateCode": "",
        "certificateDate": "0001-01-01T00:00:00Z",
        "contactInformation": [
            
        ]
    },
    {
        "guid": "b5bf5270-8aaa-11ee-b5b1-005056013b0c",
        "archive": false,
        "dateOutputArchive": "0001-01-01T00:00:00Z",
        "code": "",
        "codeMSFO": "11975",
        "partner": "00000000-0000-0000-0000-000000000000",
        "virtual": false,
        "name": "ЧЕТРА-КУЗБАСС ООО",
        "nameAbbreviated": "ЧЕТРА-КУЗБАСС ООО",
        "nameFull": "ЧЕТРА-КУЗБАСС ООО",
        "nameEnglish": "",
        "type": 1,
        "noResident": false,
        "inn": "4252015309",
        "kpp": "425201001",
        "kppAdditional": "",
        "registrationNumber": "",
        "separateUnit": false,
        "organizationHead": "00000000-0000-0000-0000-000000000000",
        "concernType": "1eb22324-8aa6-11ee-b5b1-005056013b0c",
        "concernTypeCode": "000000007",
        "concernTypeHistory": [
            
        ],
        "basis": "связанная с 21.03.2019",
        "division": "45c669b4-894e-11ee-b5b1-005056013b0c",
        "divisionCode": "8",
        "divisionHistory": [
            
        ],
        "comment": "",
        "ogrn": "",
        "dateRegistration": "0001-01-01T00:00:00Z",
        "okpo": "",
        "okved": "00000000-0000-0000-0000-000000000000",
        "okvedCode": "",
        "ifnsCode": "",
        "ifnsName": "",
        "taxCode": "",
        "taxName": "",
        "certificateCode": "",
        "certificateDate": "0001-01-01T00:00:00Z",
        "contactInformation": [
            
        ]
    },
    {
        "guid": "b5bf5271-8aaa-11ee-b5b1-005056013b0c",
        "archive": false,
        "dateOutputArchive": "0001-01-01T00:00:00Z",
        "code": "",
        "codeMSFO": "11991",
        "partner": "00000000-0000-0000-0000-000000000000",
        "virtual": false,
        "name": "Канашский вагоностроительный завод ООО",
        "nameAbbreviated": "КАВАЗ ООО",
        "nameFull": "Канашский вагоностроительный завод ООО",
        "nameEnglish": "",
        "type": 1,
        "noResident": false,
        "inn": "2123023410",
        "kpp": "212301001",
        "kppAdditional": "",
        "registrationNumber": "",
        "separateUnit": false,
        "organizationHead": "00000000-0000-0000-0000-000000000000",
        "concernType": "78f12e4b-8aa4-11ee-b5b1-005056013b0c",
        "concernTypeCode": "000000005",
        "concernTypeHistory": [
            
        ],
        "basis": "не применимо",
        "division": "00000000-0000-0000-0000-000000000000",
        "divisionCode": "",
        "divisionHistory": [
            
        ],
        "comment": "",
        "ogrn": "",
        "dateRegistration": "0001-01-01T00:00:00Z",
        "okpo": "",
        "okved": "00000000-0000-0000-0000-000000000000",
        "okvedCode": "",
        "ifnsCode": "",
        "ifnsName": "",
        "taxCode": "",
        "taxName": "",
        "certificateCode": "",
        "certificateDate": "0001-01-01T00:00:00Z",
        "contactInformation": [
            
        ]
    },
    {
        "guid": "b5bf5272-8aaa-11ee-b5b1-005056013b0c",
        "archive": false,
        "dateOutputArchive": "0001-01-01T00:00:00Z",
        "code": "",
        "codeMSFO": "11992",
        "partner": "00000000-0000-0000-0000-000000000000",
        "virtual": false,
        "name": "Энергосетьремонт ООО",
        "nameAbbreviated": "ЭСР ООО",
        "nameFull": "Энергосетьремонт ООО",
        "nameEnglish": "",
        "type": 1,
        "noResident": false,
        "inn": "2130218121",
        "kpp": "213001001",
        "kppAdditional": "",
        "registrationNumber": "",
        "separateUnit": false,
        "organizationHead": "00000000-0000-0000-0000-000000000000",
        "concernType": "78f12e4b-8aa4-11ee-b5b1-005056013b0c",
        "concernTypeCode": "000000005",
        "concernTypeHistory": [
            
        ],
        "basis": "не применимо",
        "division": "45c669b1-894e-11ee-b5b1-005056013b0c",
        "divisionCode": "5",
        "divisionHistory": [
            
        ],
        "comment": "",
        "ogrn": "",
        "dateRegistration": "0001-01-01T00:00:00Z",
        "okpo": "",
        "okved": "00000000-0000-0000-0000-000000000000",
        "okvedCode": "",
        "ifnsCode": "",
        "ifnsName": "",
        "taxCode": "",
        "taxName": "",
        "certificateCode": "",
        "certificateDate": "0001-01-01T00:00:00Z",
        "contactInformation": [
            
        ]
    },
    {
        "guid": "b5bf5273-8aaa-11ee-b5b1-005056013b0c",
        "archive": false,
        "dateOutputArchive": "0001-01-01T00:00:00Z",
        "code": "",
        "codeMSFO": "12008",
        "partner": "00000000-0000-0000-0000-000000000000",
        "virtual": false,
        "name": "ЧУВАШСКАЯ  СЕТЕВАЯ КОМПАНИЯ ООО",
        "nameAbbreviated": "ЧСК ООО",
        "nameFull": "ЧУВАШСКАЯ  СЕТЕВАЯ КОМПАНИЯ ООО",
        "nameEnglish": "",
        "type": 1,
        "noResident": false,
        "inn": "2130217456",
        "kpp": "213001001",
        "kppAdditional": "",
        "registrationNumber": "",
        "separateUnit": false,
        "organizationHead": "00000000-0000-0000-0000-000000000000",
        "concernType": "1eb22324-8aa6-11ee-b5b1-005056013b0c",
        "concernTypeCode": "000000007",
        "concernTypeHistory": [
            
        ],
        "basis": "связанная с 05.03.2020",
        "division": "45c669b4-894e-11ee-b5b1-005056013b0c",
        "divisionCode": "8",
        "divisionHistory": [
            
        ],
        "comment": "",
        "ogrn": "",
        "dateRegistration": "0001-01-01T00:00:00Z",
        "okpo": "",
        "okved": "00000000-0000-0000-0000-000000000000",
        "okvedCode": "",
        "ifnsCode": "",
        "ifnsName": "",
        "taxCode": "",
        "taxName": "",
        "certificateCode": "",
        "certificateDate": "0001-01-01T00:00:00Z",
        "contactInformation": [
            
        ]
    },
    {
        "guid": "b5bf5274-8aaa-11ee-b5b1-005056013b0c",
        "archive": false,
        "dateOutputArchive": "0001-01-01T00:00:00Z",
        "code": "",
        "codeMSFO": "11121",
        "partner": "00000000-0000-0000-0000-000000000000",
        "virtual": false,
        "name": "Отель-ДИС ООО",
        "nameAbbreviated": "Отель-ДИС ООО",
        "nameFull": "Отель-ДИС ООО",
        "nameEnglish": "",
        "type": 1,
        "noResident": false,
        "inn": "2127318687",
        "kpp": "213001001",
        "kppAdditional": "",
        "registrationNumber": "",
        "separateUnit": false,
        "organizationHead": "00000000-0000-0000-0000-000000000000",
        "concernType": "1eb22324-8aa6-11ee-b5b1-005056013b0c",
        "concernTypeCode": "000000007",
        "concernTypeHistory": [
            
        ],
        "basis": "связанная с 01.10.2021",
        "division": "45c669b4-894e-11ee-b5b1-005056013b0c",
        "divisionCode": "8",
        "divisionHistory": [
            
        ],
        "comment": "",
        "ogrn": "",
        "dateRegistration": "0001-01-01T00:00:00Z",
        "okpo": "",
        "okved": "00000000-0000-0000-0000-000000000000",
        "okvedCode": "",
        "ifnsCode": "",
        "ifnsName": "",
        "taxCode": "",
        "taxName": "",
        "certificateCode": "",
        "certificateDate": "0001-01-01T00:00:00Z",
        "contactInformation": [
            
        ]
    },
    {
        "guid": "b5bf5275-8aaa-11ee-b5b1-005056013b0c",
        "archive": false,
        "dateOutputArchive": "0001-01-01T00:00:00Z",
        "code": "",
        "codeMSFO": "12046",
        "partner": "00000000-0000-0000-0000-000000000000",
        "virtual": false,
        "name": "Парадис ООО",
        "nameAbbreviated": "Парадис ООО ",
        "nameFull": "Парадис ООО",
        "nameEnglish": "",
        "type": 1,
        "noResident": false,
        "inn": "2130221639",
        "kpp": "213001001",
        "kppAdditional": "",
        "registrationNumber": "",
        "separateUnit": false,
        "organizationHead": "00000000-0000-0000-0000-000000000000",
        "concernType": "1eb22324-8aa6-11ee-b5b1-005056013b0c",
        "concernTypeCode": "000000007",
        "concernTypeHistory": [
            
        ],
        "basis": "связанная с 01.10.2021",
        "division": "45c669b4-894e-11ee-b5b1-005056013b0c",
        "divisionCode": "8",
        "divisionHistory": [
            
        ],
        "comment": "",
        "ogrn": "",
        "dateRegistration": "0001-01-01T00:00:00Z",
        "okpo": "",
        "okved": "00000000-0000-0000-0000-000000000000",
        "okvedCode": "",
        "ifnsCode": "",
        "ifnsName": "",
        "taxCode": "",
        "taxName": "",
        "certificateCode": "",
        "certificateDate": "0001-01-01T00:00:00Z",
        "contactInformation": [
            
        ]
    },
    {
        "guid": "b5bf5276-8aaa-11ee-b5b1-005056013b0c",
        "archive": false,
        "dateOutputArchive": "0001-01-01T00:00:00Z",
        "code": "",
        "codeMSFO": "12047",
        "partner": "00000000-0000-0000-0000-000000000000",
        "virtual": false,
        "name": "Технологии производства ООО",
        "nameAbbreviated": "Технологии производства ООО",
        "nameFull": "Технологии производства ООО",
        "nameEnglish": "",
        "type": 1,
        "noResident": false,
        "inn": "2123026186",
        "kpp": "212301001",
        "kppAdditional": "",
        "registrationNumber": "",
        "separateUnit": false,
        "organizationHead": "00000000-0000-0000-0000-000000000000",
        "concernType": "1eb22324-8aa6-11ee-b5b1-005056013b0c",
        "concernTypeCode": "000000007",
        "concernTypeHistory": [
            
        ],
        "basis": "связанная с 01.10.2021",
        "division": "00000000-0000-0000-0000-000000000000",
        "divisionCode": "",
        "divisionHistory": [
            
        ],
        "comment": "",
        "ogrn": "",
        "dateRegistration": "0001-01-01T00:00:00Z",
        "okpo": "",
        "okved": "00000000-0000-0000-0000-000000000000",
        "okvedCode": "",
        "ifnsCode": "",
        "ifnsName": "",
        "taxCode": "",
        "taxName": "",
        "certificateCode": "",
        "certificateDate": "0001-01-01T00:00:00Z",
        "contactInformation": [
            
        ]
    },
    {
        "guid": "b5bf5277-8aaa-11ee-b5b1-005056013b0c",
        "archive": false,
        "dateOutputArchive": "0001-01-01T00:00:00Z",
        "code": "",
        "codeMSFO": "12810",
        "partner": "00000000-0000-0000-0000-000000000000",
        "virtual": false,
        "name": "РЕЙЛ ТМ ООО",
        "nameAbbreviated": "РЕЙЛ ТМ ООО",
        "nameFull": "РЕЙЛ ТМ ООО",
        "nameEnglish": "",
        "type": 1,
        "noResident": false,
        "inn": "9704097073",
        "kpp": "770301001",
        "kppAdditional": "",
        "registrationNumber": "",
        "separateUnit": false,
        "organizationHead": "00000000-0000-0000-0000-000000000000",
        "concernType": "1eb22324-8aa6-11ee-b5b1-005056013b0c",
        "concernTypeCode": "000000007",
        "concernTypeHistory": [
            
        ],
        "basis": "связанная с 01.01.2022",
        "division": "00000000-0000-0000-0000-000000000000",
        "divisionCode": "",
        "divisionHistory": [
            
        ],
        "comment": "",
        "ogrn": "",
        "dateRegistration": "0001-01-01T00:00:00Z",
        "okpo": "",
        "okved": "00000000-0000-0000-0000-000000000000",
        "okvedCode": "",
        "ifnsCode": "",
        "ifnsName": "",
        "taxCode": "",
        "taxName": "",
        "certificateCode": "",
        "certificateDate": "0001-01-01T00:00:00Z",
        "contactInformation": [
            
        ]
    },
    {
        "guid": "b5bf5278-8aaa-11ee-b5b1-005056013b0c",
        "archive": false,
        "dateOutputArchive": "0001-01-01T00:00:00Z",
        "code": "",
        "codeMSFO": "12800",
        "partner": "00000000-0000-0000-0000-000000000000",
        "virtual": false,
        "name": "Отраслевая Инфраструктурная Компания ООО ",
        "nameAbbreviated": "ОИК ООО ",
        "nameFull": "Отраслевая Инфраструктурная Компания ООО ",
        "nameEnglish": "",
        "type": 1,
        "noResident": false,
        "inn": "2130227856",
        "kpp": "213001001",
        "kppAdditional": "",
        "registrationNumber": "",
        "separateUnit": false,
        "organizationHead": "00000000-0000-0000-0000-000000000000",
        "concernType": "1eb22324-8aa6-11ee-b5b1-005056013b0c",
        "concernTypeCode": "000000007",
        "concernTypeHistory": [
            
        ],
        "basis": "связанная с 01.01.2022",
        "division": "45c669b1-894e-11ee-b5b1-005056013b0c",
        "divisionCode": "5",
        "divisionHistory": [
            
        ],
        "comment": "",
        "ogrn": "",
        "dateRegistration": "0001-01-01T00:00:00Z",
        "okpo": "",
        "okved": "00000000-0000-0000-0000-000000000000",
        "okvedCode": "",
        "ifnsCode": "",
        "ifnsName": "",
        "taxCode": "",
        "taxName": "",
        "certificateCode": "",
        "certificateDate": "0001-01-01T00:00:00Z",
        "contactInformation": [
            
        ]
    },
    {
        "guid": "b5bf5279-8aaa-11ee-b5b1-005056013b0c",
        "archive": false,
        "dateOutputArchive": "0001-01-01T00:00:00Z",
        "code": "",
        "codeMSFO": "12801",
        "partner": "00000000-0000-0000-0000-000000000000",
        "virtual": false,
        "name": "ИТ-Софт ООО ",
        "nameAbbreviated": "ИТС ООО ",
        "nameFull": "ИТ-Софт ООО ",
        "nameEnglish": "",
        "type": 1,
        "noResident": false,
        "inn": "2130227743",
        "kpp": "213001001",
        "kppAdditional": "",
        "registrationNumber": "",
        "separateUnit": false,
        "organizationHead": "00000000-0000-0000-0000-000000000000",
        "concernType": "1eb22324-8aa6-11ee-b5b1-005056013b0c",
        "concernTypeCode": "000000007",
        "concernTypeHistory": [
            
        ],
        "basis": "связанная с 01.01.2022",
        "division": "45c669b1-894e-11ee-b5b1-005056013b0c",
        "divisionCode": "5",
        "divisionHistory": [
            
        ],
        "comment": "",
        "ogrn": "",
        "dateRegistration": "0001-01-01T00:00:00Z",
        "okpo": "",
        "okved": "00000000-0000-0000-0000-000000000000",
        "okvedCode": "",
        "ifnsCode": "",
        "ifnsName": "",
        "taxCode": "",
        "taxName": "",
        "certificateCode": "",
        "certificateDate": "0001-01-01T00:00:00Z",
        "contactInformation": [
            
        ]
    },
    {
        "guid": "b5bf527a-8aaa-11ee-b5b1-005056013b0c",
        "archive": false,
        "dateOutputArchive": "0001-01-01T00:00:00Z",
        "code": "",
        "codeMSFO": "12809",
        "partner": "00000000-0000-0000-0000-000000000000",
        "virtual": false,
        "name": "Управляющая Компания Транспортное Машиностроение ООО",
        "nameAbbreviated": "УК ТМ ООО",
        "nameFull": "Управляющая Компания Транспортное Машиностроение ООО",
        "nameEnglish": "",
        "type": 1,
        "noResident": false,
        "inn": "9704082895",
        "kpp": "210001001",
        "kppAdditional": "",
        "registrationNumber": "",
        "separateUnit": false,
        "organizationHead": "00000000-0000-0000-0000-000000000000",
        "concernType": "1eb22324-8aa6-11ee-b5b1-005056013b0c",
        "concernTypeCode": "000000007",
        "concernTypeHistory": [
            
        ],
        "basis": "связанная с 01.01.2022",
        "division": "45c669b4-894e-11ee-b5b1-005056013b0c",
        "divisionCode": "8",
        "divisionHistory": [
            
        ],
        "comment": "",
        "ogrn": "",
        "dateRegistration": "0001-01-01T00:00:00Z",
        "okpo": "",
        "okved": "00000000-0000-0000-0000-000000000000",
        "okvedCode": "",
        "ifnsCode": "",
        "ifnsName": "",
        "taxCode": "",
        "taxName": "",
        "certificateCode": "",
        "certificateDate": "0001-01-01T00:00:00Z",
        "contactInformation": [
            
        ]
    },
    {
        "guid": "b5bf527c-8aaa-11ee-b5b1-005056013b0c",
        "archive": false,
        "dateOutputArchive": "0001-01-01T00:00:00Z",
        "code": "",
        "codeMSFO": "12826",
        "partner": "00000000-0000-0000-0000-000000000000",
        "virtual": false,
        "name": "Торговый дом Транспортное машиностроение ООО",
        "nameAbbreviated": "ТД ТМ ООО ",
        "nameFull": "Торговый дом Транспортное машиностроение ООО",
        "nameEnglish": "",
        "type": 1,
        "noResident": false,
        "inn": "2130230898",
        "kpp": "213001001",
        "kppAdditional": "",
        "registrationNumber": "",
        "separateUnit": false,
        "organizationHead": "00000000-0000-0000-0000-000000000000",
        "concernType": "1eb22324-8aa6-11ee-b5b1-005056013b0c",
        "concernTypeCode": "000000007",
        "concernTypeHistory": [
            
        ],
        "basis": "связанная с 15.03.2022",
        "division": "45c669b1-894e-11ee-b5b1-005056013b0c",
        "divisionCode": "5",
        "divisionHistory": [
            
        ],
        "comment": "",
        "ogrn": "",
        "dateRegistration": "0001-01-01T00:00:00Z",
        "okpo": "",
        "okved": "00000000-0000-0000-0000-000000000000",
        "okvedCode": "",
        "ifnsCode": "",
        "ifnsName": "",
        "taxCode": "",
        "taxName": "",
        "certificateCode": "",
        "certificateDate": "0001-01-01T00:00:00Z",
        "contactInformation": [
            
        ]
    },
    {
        "guid": "b5bf527d-8aaa-11ee-b5b1-005056013b0c",
        "archive": false,
        "dateOutputArchive": "0001-01-01T00:00:00Z",
        "code": "",
        "codeMSFO": "12805",
        "partner": "00000000-0000-0000-0000-000000000000",
        "virtual": false,
        "name": "ХК Транспортное Машиностроение ООО",
        "nameAbbreviated": "ХК ТМ ООО",
        "nameFull": "ХК Транспортное Машиностроение ООО",
        "nameEnglish": "",
        "type": 1,
        "noResident": false,
        "inn": "7714436282",
        "kpp": "210001001",
        "kppAdditional": "",
        "registrationNumber": "",
        "separateUnit": false,
        "organizationHead": "00000000-0000-0000-0000-000000000000",
        "concernType": "1eb22324-8aa6-11ee-b5b1-005056013b0c",
        "concernTypeCode": "000000007",
        "concernTypeHistory": [
            
        ],
        "basis": "связанная с 01.03.2022",
        "division": "45c669b4-894e-11ee-b5b1-005056013b0c",
        "divisionCode": "8",
        "divisionHistory": [
            
        ],
        "comment": "",
        "ogrn": "",
        "dateRegistration": "0001-01-01T00:00:00Z",
        "okpo": "",
        "okved": "00000000-0000-0000-0000-000000000000",
        "okvedCode": "",
        "ifnsCode": "",
        "ifnsName": "",
        "taxCode": "",
        "taxName": "",
        "certificateCode": "",
        "certificateDate": "0001-01-01T00:00:00Z",
        "contactInformation": [
            
        ]
    },
    {
        "guid": "b5bf527e-8aaa-11ee-b5b1-005056013b0c",
        "archive": false,
        "dateOutputArchive": "0001-01-01T00:00:00Z",
        "code": "000000002",
        "codeMSFO": "12833",
        "partner": "a3b2b07a-1448-11ee-b5ab-a0dc07f9a67b",
        "virtual": false,
        "name": "УК ТЕХНОПАРК АГРЕГАТНЫЙ ООО",
        "nameAbbreviated": "УК ТЕХНОПАРК АГРЕГАТНЫЙ ООО",
        "nameFull": "УК ТЕХНОПАРК АГРЕГАТНЫЙ ООО",
        "nameEnglish": "234",
        "type": 1,
        "noResident": false,
        "inn": "2130231901",
        "kpp": "213001001",
        "kppAdditional": "",
        "registrationNumber": "",
        "separateUnit": false,
        "organizationHead": "00000000-0000-0000-0000-000000000000",
        "concernType": "1eb22324-8aa6-11ee-b5b1-005056013b0c",
        "concernTypeCode": "000000007",
        "concernTypeHistory": [
            
        ],
        "basis": "связанная с 29.04.2022",
        "division": "45c669b4-894e-11ee-b5b1-005056013b0c",
        "divisionCode": "8",
        "divisionHistory": [
            
        ],
        "comment": "",
        "ogrn": "",
        "dateRegistration": "0001-01-01T00:00:00Z",
        "okpo": "",
        "okved": "00000000-0000-0000-0000-000000000000",
        "okvedCode": "",
        "ifnsCode": "",
        "ifnsName": "",
        "taxCode": "",
        "taxName": "",
        "certificateCode": "",
        "certificateDate": "0001-01-01T00:00:00Z",
        "contactInformation": [
            
        ]
    },
    {
        "guid": "b5bf527f-8aaa-11ee-b5b1-005056013b0c",
        "archive": false,
        "dateOutputArchive": "0001-01-01T00:00:00Z",
        "code": "",
        "codeMSFO": "12838",
        "partner": "00000000-0000-0000-0000-000000000000",
        "virtual": false,
        "name": "ПК ЧТЗ ООО",
        "nameAbbreviated": "ПК ЧТЗ ООО",
        "nameFull": "ПК ЧТЗ ООО",
        "nameEnglish": "",
        "type": 1,
        "noResident": false,
        "inn": "7452159624",
        "kpp": "745201001",
        "kppAdditional": "",
        "registrationNumber": "",
        "separateUnit": false,
        "organizationHead": "00000000-0000-0000-0000-000000000000",
        "concernType": "1eb22324-8aa6-11ee-b5b1-005056013b0c",
        "concernTypeCode": "000000007",
        "concernTypeHistory": [
            
        ],
        "basis": "связанная с 30.05.2022",
        "division": "45c669b2-894e-11ee-b5b1-005056013b0c",
        "divisionCode": "6",
        "divisionHistory": [
            
        ],
        "comment": "",
        "ogrn": "",
        "dateRegistration": "0001-01-01T00:00:00Z",
        "okpo": "",
        "okved": "00000000-0000-0000-0000-000000000000",
        "okvedCode": "",
        "ifnsCode": "",
        "ifnsName": "",
        "taxCode": "",
        "taxName": "",
        "certificateCode": "",
        "certificateDate": "0001-01-01T00:00:00Z",
        "contactInformation": [
            
        ]
    },
    {
        "guid": "b5bf5280-8aaa-11ee-b5b1-005056013b0c",
        "archive": false,
        "dateOutputArchive": "0001-01-01T00:00:00Z",
        "code": "",
        "codeMSFO": "12843",
        "partner": "00000000-0000-0000-0000-000000000000",
        "virtual": false,
        "name": "СТРОЙМАШИНВЕСТ АКЦИОНЕРНОЕ ОБЩЕСТВО",
        "nameAbbreviated": "СМИ АО",
        "nameFull": "СТРОЙМАШИНВЕСТ АКЦИОНЕРНОЕ ОБЩЕСТВО",
        "nameEnglish": "",
        "type": 1,
        "noResident": false,
        "inn": "9704129511",
        "kpp": "770401001",
        "kppAdditional": "",
        "registrationNumber": "",
        "separateUnit": false,
        "organizationHead": "00000000-0000-0000-0000-000000000000",
        "concernType": "1eb22324-8aa6-11ee-b5b1-005056013b0c",
        "concernTypeCode": "000000007",
        "concernTypeHistory": [
            
        ],
        "basis": "связанная с 20.04.2022",
        "division": "45c669b4-894e-11ee-b5b1-005056013b0c",
        "divisionCode": "8",
        "divisionHistory": [
            
        ],
        "comment": "",
        "ogrn": "",
        "dateRegistration": "0001-01-01T00:00:00Z",
        "okpo": "",
        "okved": "00000000-0000-0000-0000-000000000000",
        "okvedCode": "",
        "ifnsCode": "",
        "ifnsName": "",
        "taxCode": "",
        "taxName": "",
        "certificateCode": "",
        "certificateDate": "0001-01-01T00:00:00Z",
        "contactInformation": [
            
        ]
    },
    {
        "guid": "b5bf5281-8aaa-11ee-b5b1-005056013b0c",
        "archive": false,
        "dateOutputArchive": "0001-01-01T00:00:00Z",
        "code": "",
        "codeMSFO": "12898",
        "partner": "00000000-0000-0000-0000-000000000000",
        "virtual": false,
        "name": "РУССКИЙ ТРАКТОР АО",
        "nameAbbreviated": "РУСТРАКТОР АО",
        "nameFull": "РУССКИЙ ТРАКТОР АО",
        "nameEnglish": "",
        "type": 1,
        "noResident": false,
        "inn": "2100009681",
        "kpp": "210001001",
        "kppAdditional": "",
        "registrationNumber": "",
        "separateUnit": false,
        "organizationHead": "00000000-0000-0000-0000-000000000000",
        "concernType": "1eb22324-8aa6-11ee-b5b1-005056013b0c",
        "concernTypeCode": "000000007",
        "concernTypeHistory": [
            
        ],
        "basis": "связанная с 01.09.2023",
        "division": "45c669b4-894e-11ee-b5b1-005056013b0c",
        "divisionCode": "8",
        "divisionHistory": [
            
        ],
        "comment": "",
        "ogrn": "",
        "dateRegistration": "0001-01-01T00:00:00Z",
        "okpo": "",
        "okved": "00000000-0000-0000-0000-000000000000",
        "okvedCode": "",
        "ifnsCode": "",
        "ifnsName": "",
        "taxCode": "",
        "taxName": "",
        "certificateCode": "",
        "certificateDate": "0001-01-01T00:00:00Z",
        "contactInformation": [
            
        ]
    },
    {
        "guid": "b5bf5253-8aaa-11ee-b5b1-005056013b0c",
        "archive": false,
        "dateOutputArchive": "0001-01-01T00:00:00Z",
        "code": "000000006",
        "codeMSFO": "11361",
        "partner": "d8708a56-8a97-11ee-b5b1-005056013b0c",
        "virtual": false,
        "name": "Chetra Machinery Trade ТОО",
        "nameAbbreviated": "Сокращенное название",
        "nameFull": "Chetra Machinery Trade ТОО",
        "nameEnglish": "",
        "type": 1,
        "noResident": true,
        "inn": "",
        "kpp": "",
        "kppAdditional": "",
        "registrationNumber": "600900605591",
        "separateUnit": false,
        "organizationHead": "00000000-0000-0000-0000-000000000000",
        "concernType": "78f12e4b-8aa4-11ee-b5b1-005056013b0c",
        "concernTypeCode": "000000005",
        "concernTypeHistory": [
            
        ],
        "basis": "не применимо",
        "division": "45c669b4-894e-11ee-b5b1-005056013b0c",
        "divisionCode": "8",
        "divisionHistory": [
            
        ],
        "comment": "",
        "ogrn": "",
        "dateRegistration": "0001-01-01T00:00:00Z",
        "okpo": "",
        "okved": "00000000-0000-0000-0000-000000000000",
        "okvedCode": "",
        "ifnsCode": "",
        "ifnsName": "",
        "taxCode": "",
        "taxName": "",
        "certificateCode": "",
        "certificateDate": "0001-01-01T00:00:00Z",
        "contactInformation": [
            
        ]
    },
    {
        "guid": "b5bf5256-8aaa-11ee-b5b1-005056013b0c",
        "archive": false,
        "dateOutputArchive": "0001-01-01T00:00:00Z",
        "code": "000000004",
        "codeMSFO": "11346",
        "partner": "e214f965-8f47-11ee-b5b1-005056013b0c",
        "virtual": false,
        "name": "Metallic Commodities Inc.",
        "nameAbbreviated": "234",
        "nameFull": "Metallic Commodities Inc.",
        "nameEnglish": "",
        "type": 1,
        "noResident": true,
        "inn": "",
        "kpp": "",
        "kppAdditional": "",
        "registrationNumber": "1471388",
        "separateUnit": false,
        "organizationHead": "00000000-0000-0000-0000-000000000000",
        "concernType": "9aae7a0f-8dc2-11ee-b5b1-005056013b0c",
        "concernTypeCode": "000000008",
        "concernTypeHistory": [
            
        ],
        "basis": "связанная сторона с 2009г., на основании существенных сделок и доли владения (финансы). На текущую дату Группа имеет существенные размеры вклада в уст.капитал компании",
        "division": "45c669b4-894e-11ee-b5b1-005056013b0c",
        "divisionCode": "8",
        "divisionHistory": [
            
        ],
        "comment": "",
        "ogrn": "",
        "dateRegistration": "0001-01-01T00:00:00Z",
        "okpo": "",
        "okved": "00000000-0000-0000-0000-000000000000",
        "okvedCode": "",
        "ifnsCode": "",
        "ifnsName": "",
        "taxCode": "",
        "taxName": "",
        "certificateCode": "",
        "certificateDate": "0001-01-01T00:00:00Z",
        "contactInformation": [
            
        ]
    },
    {
        "guid": "b5bf5266-8aaa-11ee-b5b1-005056013b0c",
        "archive": false,
        "dateOutputArchive": "0001-01-01T00:00:00Z",
        "code": "000000008",
        "codeMSFO": "11364",
        "partner": "00000000-0000-0000-0000-000000000000",
        "virtual": false,
        "name": "НИИ стали АО",
        "nameAbbreviated": "НИИ стали АО",
        "nameFull": "НИИ стали АО",
        "nameEnglish": "",
        "type": 1,
        "noResident": false,
        "inn": "7713070243",
        "kpp": "771301001",
        "kppAdditional": "",
        "registrationNumber": "",
        "separateUnit": false,
        "organizationHead": "00000000-0000-0000-0000-000000000000",
        "concernType": "9aae7a0f-8dc2-11ee-b5b1-005056013b0c",
        "concernTypeCode": "000000008",
        "concernTypeHistory": [
            
        ],
        "basis": "не применимо",
        "division": "45c669b4-894e-11ee-b5b1-005056013b0c",
        "divisionCode": "8",
        "divisionHistory": [
            
        ],
        "comment": "",
        "ogrn": "",
        "dateRegistration": "0001-01-01T00:00:00Z",
        "okpo": "",
        "okved": "00000000-0000-0000-0000-000000000000",
        "okvedCode": "",
        "ifnsCode": "",
        "ifnsName": "",
        "taxCode": "",
        "taxName": "",
        "certificateCode": "",
        "certificateDate": "0001-01-01T00:00:00Z",
        "contactInformation": [
            
        ]
    }
]
]]></system-out>
  </testcase>
  <testcase name="getOrganizationList" classname="AutoTest.StructureTest" time="1.022">
    <failure message="1 expectation failed.&#10;JSON path size() doesn&apos;t match.&#10;Expected: is &lt;200&gt;&#10;  Actual: &lt;47&gt;&#10;" type="java.lang.AssertionError"><![CDATA[java.lang.AssertionError: 
1 expectation failed.
JSON path size() doesn't match.
Expected: is <200>
  Actual: <47>

	at AutoTest.StructureTest.getOrganizationList(StructureTest.java:30)
]]></failure>
    <system-out><![CDATA[HTTP/1.1 200 OK
Date: Wed, 13 Dec 2023 08:23:02 GMT
Server: Apache/2.4.23 (Win64)
Content-Length: 56468
Keep-Alive: timeout=5, max=99
Connection: Keep-Alive
Content-Type: application/json; charset=utf-8

[
    {
        "guid": "b5bf5255-8aaa-11ee-b5b1-005056013b0c",
        "archive": false,
        "dateOutputArchive": "0001-01-01T00:00:00Z",
        "code": "",
        "codeMSFO": "11360",
        "partner": "00000000-0000-0000-0000-000000000000",
        "virtual": false,
        "name": "IHB Beteiligungs GmbH ",
        "nameAbbreviated": "",
        "nameFull": "IHB Beteiligungs GmbH ",
        "nameEnglish": "",
        "type": 1,
        "noResident": true,
        "inn": "",
        "kpp": "",
        "kppAdditional": "",
        "registrationNumber": "116/3818",
        "separateUnit": false,
        "organizationHead": "00000000-0000-0000-0000-000000000000",
        "concernType": "1eb22324-8aa6-11ee-b5b1-005056013b0c",
        "concernTypeCode": "000000007",
        "concernTypeHistory": [
            
        ],
        "basis": "связанная сторона с 15.03.2016г., на основании существенных сделок",
        "division": "45c669b4-894e-11ee-b5b1-005056013b0c",
        "divisionCode": "8",
        "divisionHistory": [
            
        ],
        "comment": "",
        "ogrn": "",
        "dateRegistration": "0001-01-01T00:00:00Z",
        "okpo": "",
        "okved": "00000000-0000-0000-0000-000000000000",
        "okvedCode": "",
        "ifnsCode": "",
        "ifnsName": "",
        "taxCode": "",
        "taxName": "",
        "certificateCode": "",
        "certificateDate": "0001-01-01T00:00:00Z",
        "contactInformation": [
            
        ]
    },
    {
        "guid": "b5bf5257-8aaa-11ee-b5b1-005056013b0c",
        "archive": false,
        "dateOutputArchive": "0001-01-01T00:00:00Z",
        "code": "",
        "codeMSFO": "11355",
        "partner": "00000000-0000-0000-0000-000000000000",
        "virtual": false,
        "name": "New Technologies Holding B.V",
        "nameAbbreviated": "",
        "nameFull": "New Technologies Holding B.V",
        "nameEnglish": "",
        "type": 1,
        "noResident": true,
        "inn": "",
        "kpp": "",
        "kppAdditional": "",
        "registrationNumber": "8199.44.907",
        "separateUnit": false,
        "organizationHead": "00000000-0000-0000-0000-000000000000",
        "concernType": "0ad69fbe-8aa6-11ee-b5b1-005056013b0c",
        "concernTypeCode": "000000006",
        "concernTypeHistory": [
            
        ],
        "basis": "не применимо",
        "division": "45c669b4-894e-11ee-b5b1-005056013b0c",
        "divisionCode": "8",
        "divisionHistory": [
            
        ],
        "comment": "",
        "ogrn": "",
        "dateRegistration": "0001-01-01T00:00:00Z",
        "okpo": "",
        "okved": "00000000-0000-0000-0000-000000000000",
        "okvedCode": "",
        "ifnsCode": "",
        "ifnsName": "",
        "taxCode": "",
        "taxName": "",
        "certificateCode": "",
        "certificateDate": "0001-01-01T00:00:00Z",
        "contactInformation": [
            
        ]
    },
    {
        "guid": "b5bf5258-8aaa-11ee-b5b1-005056013b0c",
        "archive": false,
        "dateOutputArchive": "0001-01-01T00:00:00Z",
        "code": "",
        "codeMSFO": "11380",
        "partner": "00000000-0000-0000-0000-000000000000",
        "virtual": false,
        "name": "Premium Parts Produktions GmbH ",
        "nameAbbreviated": "",
        "nameFull": "Premium Parts Produktions GmbH ",
        "nameEnglish": "",
        "type": 1,
        "noResident": true,
        "inn": "",
        "kpp": "",
        "kppAdditional": "",
        "registrationNumber": "015/1839",
        "separateUnit": false,
        "organizationHead": "00000000-0000-0000-0000-000000000000",
        "concernType": "1eb22324-8aa6-11ee-b5b1-005056013b0c",
        "concernTypeCode": "000000007",
        "concernTypeHistory": [
            
        ],
        "basis": "связанная сторона с 15.03.2016г., на основании существенных сделок",
        "division": "45c669b4-894e-11ee-b5b1-005056013b0c",
        "divisionCode": "8",
        "divisionHistory": [
            
        ],
        "comment": "",
        "ogrn": "",
        "dateRegistration": "0001-01-01T00:00:00Z",
        "okpo": "",
        "okved": "00000000-0000-0000-0000-000000000000",
        "okvedCode": "",
        "ifnsCode": "",
        "ifnsName": "",
        "taxCode": "",
        "taxName": "",
        "certificateCode": "",
        "certificateDate": "0001-01-01T00:00:00Z",
        "contactInformation": [
            
        ]
    },
    {
        "guid": "b5bf5259-8aaa-11ee-b5b1-005056013b0c",
        "archive": false,
        "dateOutputArchive": "0001-01-01T00:00:00Z",
        "code": "",
        "codeMSFO": "11368",
        "partner": "00000000-0000-0000-0000-000000000000",
        "virtual": false,
        "name": "Vogel&Noot AgroSrb ad (Сербия)",
        "nameAbbreviated": "",
        "nameFull": "Vogel&Noot AgroSrb ad (Сербия)",
        "nameEnglish": "",
        "type": 1,
        "noResident": true,
        "inn": "",
        "kpp": "",
        "kppAdditional": "",
        "registrationNumber": "101430854",
        "separateUnit": false,
        "organizationHead": "00000000-0000-0000-0000-000000000000",
        "concernType": "78f12e4b-8aa4-11ee-b5b1-005056013b0c",
        "concernTypeCode": "000000005",
        "concernTypeHistory": [
            
        ],
        "basis": "не применимо",
        "division": "45c669b4-894e-11ee-b5b1-005056013b0c",
        "divisionCode": "8",
        "divisionHistory": [
            
        ],
        "comment": "",
        "ogrn": "",
        "dateRegistration": "0001-01-01T00:00:00Z",
        "okpo": "",
        "okved": "00000000-0000-0000-0000-000000000000",
        "okvedCode": "",
        "ifnsCode": "",
        "ifnsName": "",
        "taxCode": "",
        "taxName": "",
        "certificateCode": "",
        "certificateDate": "0001-01-01T00:00:00Z",
        "contactInformation": [
            
        ]
    },
    {
        "guid": "b5bf525a-8aaa-11ee-b5b1-005056013b0c",
        "archive": false,
        "dateOutputArchive": "0001-01-01T00:00:00Z",
        "code": "",
        "codeMSFO": "11118",
        "partner": "00000000-0000-0000-0000-000000000000",
        "virtual": false,
        "name": "Аверс ООО",
        "nameAbbreviated": "Аверс ООО",
        "nameFull": "Аверс ООО",
        "nameEnglish": "",
        "type": 1,
        "noResident": false,
        "inn": "2127330349",
        "kpp": "213001001",
        "kppAdditional": "",
        "registrationNumber": "",
        "separateUnit": false,
        "organizationHead": "00000000-0000-0000-0000-000000000000",
        "concernType": "78f12e4b-8aa4-11ee-b5b1-005056013b0c",
        "concernTypeCode": "000000005",
        "concernTypeHistory": [
            
        ],
        "basis": "не применимо",
        "division": "45c669b1-894e-11ee-b5b1-005056013b0c",
        "divisionCode": "5",
        "divisionHistory": [
            
        ],
        "comment": "",
        "ogrn": "",
        "dateRegistration": "0001-01-01T00:00:00Z",
        "okpo": "",
        "okved": "00000000-0000-0000-0000-000000000000",
        "okvedCode": "",
        "ifnsCode": "",
        "ifnsName": "",
        "taxCode": "",
        "taxName": "",
        "certificateCode": "",
        "certificateDate": "0001-01-01T00:00:00Z",
        "contactInformation": [
            
        ]
    },
    {
        "guid": "b5bf525b-8aaa-11ee-b5b1-005056013b0c",
        "archive": false,
        "dateOutputArchive": "0001-01-01T00:00:00Z",
        "code": "",
        "codeMSFO": "11226",
        "partner": "00000000-0000-0000-0000-000000000000",
        "virtual": false,
        "name": "ЗАВОД АГРОМАШ ООО",
        "nameAbbreviated": "ЗАВОД АГРОМАШ ООО",
        "nameFull": "ЗАВОД АГРОМАШ ООО",
        "nameEnglish": "",
        "type": 1,
        "noResident": false,
        "inn": "2456012447",
        "kpp": "213001001",
        "kppAdditional": "",
        "registrationNumber": "",
        "separateUnit": false,
        "organizationHead": "00000000-0000-0000-0000-000000000000",
        "concernType": "78f12e4b-8aa4-11ee-b5b1-005056013b0c",
        "concernTypeCode": "000000005",
        "concernTypeHistory": [
            
        ],
        "basis": "не применимо",
        "division": "00000000-0000-0000-0000-000000000000",
        "divisionCode": "",
        "divisionHistory": [
            
        ],
        "comment": "",
        "ogrn": "",
        "dateRegistration": "0001-01-01T00:00:00Z",
        "okpo": "",
        "okved": "00000000-0000-0000-0000-000000000000",
        "okvedCode": "",
        "ifnsCode": "",
        "ifnsName": "",
        "taxCode": "",
        "taxName": "",
        "certificateCode": "",
        "certificateDate": "0001-01-01T00:00:00Z",
        "contactInformation": [
            
        ]
    },
    {
        "guid": "b5bf525c-8aaa-11ee-b5b1-005056013b0c",
        "archive": false,
        "dateOutputArchive": "0001-01-01T00:00:00Z",
        "code": "",
        "codeMSFO": "11124",
        "partner": "00000000-0000-0000-0000-000000000000",
        "virtual": false,
        "name": "ПК ПРОМТРАКТОР ООО",
        "nameAbbreviated": "ПК ПТ ООО",
        "nameFull": "ПК ПРОМТРАКТОР ООО",
        "nameEnglish": "",
        "type": 1,
        "noResident": false,
        "inn": "2130006695",
        "kpp": "213001001",
        "kppAdditional": "",
        "registrationNumber": "",
        "separateUnit": false,
        "organizationHead": "00000000-0000-0000-0000-000000000000",
        "concernType": "78f12e4b-8aa4-11ee-b5b1-005056013b0c",
        "concernTypeCode": "000000005",
        "concernTypeHistory": [
            
        ],
        "basis": "не применимо",
        "division": "45c669b2-894e-11ee-b5b1-005056013b0c",
        "divisionCode": "6",
        "divisionHistory": [
            
        ],
        "comment": "",
        "ogrn": "",
        "dateRegistration": "0001-01-01T00:00:00Z",
        "okpo": "",
        "okved": "00000000-0000-0000-0000-000000000000",
        "okvedCode": "",
        "ifnsCode": "",
        "ifnsName": "",
        "taxCode": "",
        "taxName": "",
        "certificateCode": "",
        "certificateDate": "0001-01-01T00:00:00Z",
        "contactInformation": [
            
        ]
    },
    {
        "guid": "b5bf525d-8aaa-11ee-b5b1-005056013b0c",
        "archive": false,
        "dateOutputArchive": "0001-01-01T00:00:00Z",
        "code": "",
        "codeMSFO": "11134",
        "partner": "00000000-0000-0000-0000-000000000000",
        "virtual": false,
        "name": "ЧЕТРА ООО",
        "nameAbbreviated": "ЧЕТРА ООО",
        "nameFull": "ЧЕТРА ООО",
        "nameEnglish": "",
        "type": 1,
        "noResident": false,
        "inn": "2130007530",
        "kpp": "213001001",
        "kppAdditional": "",
        "registrationNumber": "",
        "separateUnit": false,
        "organizationHead": "00000000-0000-0000-0000-000000000000",
        "concernType": "78f12e4b-8aa4-11ee-b5b1-005056013b0c",
        "concernTypeCode": "000000005",
        "concernTypeHistory": [
            
        ],
        "basis": "не применимо",
        "division": "45c669b2-894e-11ee-b5b1-005056013b0c",
        "divisionCode": "6",
        "divisionHistory": [
            
        ],
        "comment": "",
        "ogrn": "",
        "dateRegistration": "0001-01-01T00:00:00Z",
        "okpo": "",
        "okved": "00000000-0000-0000-0000-000000000000",
        "okvedCode": "",
        "ifnsCode": "",
        "ifnsName": "",
        "taxCode": "",
        "taxName": "",
        "certificateCode": "",
        "certificateDate": "0001-01-01T00:00:00Z",
        "contactInformation": [
            
        ]
    },
    {
        "guid": "b5bf525e-8aaa-11ee-b5b1-005056013b0c",
        "archive": false,
        "dateOutputArchive": "0001-01-01T00:00:00Z",
        "code": "",
        "codeMSFO": "11566",
        "partner": "00000000-0000-0000-0000-000000000000",
        "virtual": false,
        "name": "Железнодорожные услуги ООО",
        "nameAbbreviated": "ЖДУ ООО",
        "nameFull": "Железнодорожные услуги ООО",
        "nameEnglish": "",
        "type": 1,
        "noResident": false,
        "inn": "2130109884",
        "kpp": "213001001",
        "kppAdditional": "",
        "registrationNumber": "",
        "separateUnit": false,
        "organizationHead": "00000000-0000-0000-0000-000000000000",
        "concernType": "1eb22324-8aa6-11ee-b5b1-005056013b0c",
        "concernTypeCode": "000000007",
        "concernTypeHistory": [
            
        ],
        "basis": "связанная с 2012г.на основании существенных операций (обслуживание). На текущую дату имеются отношения с Группой",
        "division": "45c669b4-894e-11ee-b5b1-005056013b0c",
        "divisionCode": "8",
        "divisionHistory": [
            
        ],
        "comment": "",
        "ogrn": "",
        "dateRegistration": "0001-01-01T00:00:00Z",
        "okpo": "",
        "okved": "00000000-0000-0000-0000-000000000000",
        "okvedCode": "",
        "ifnsCode": "",
        "ifnsName": "",
        "taxCode": "",
        "taxName": "",
        "certificateCode": "",
        "certificateDate": "0001-01-01T00:00:00Z",
        "contactInformation": [
            
        ]
    },
    {
        "guid": "b5bf5254-8aaa-11ee-b5b1-005056013b0c",
        "archive": false,
        "dateOutputArchive": "0001-01-01T00:00:00Z",
        "code": "000000007",
        "codeMSFO": "11367",
        "partner": "d8708a56-8a97-11ee-b5b1-005056013b0c",
        "virtual": false,
        "name": "Concern Tractor Plants Deutschland GmbH",
        "nameAbbreviated": "123",
        "nameFull": "Concern Tractor Plants Deutschland GmbH",
        "nameEnglish": "",
        "type": 1,
        "noResident": true,
        "inn": "",
        "kpp": "",
        "kppAdditional": "",
        "registrationNumber": "132/5916/1441",
        "separateUnit": false,
        "organizationHead": "00000000-0000-0000-0000-000000000000",
        "concernType": "78f12e4b-8aa4-11ee-b5b1-005056013b0c",
        "concernTypeCode": "000000005",
        "concernTypeHistory": [
            
        ],
        "basis": "не применимо",
        "division": "45c669b4-894e-11ee-b5b1-005056013b0c",
        "divisionCode": "8",
        "divisionHistory": [
            
        ],
        "comment": "",
        "ogrn": "",
        "dateRegistration": "0001-01-01T00:00:00Z",
        "okpo": "",
        "okved": "00000000-0000-0000-0000-000000000000",
        "okvedCode": "",
        "ifnsCode": "",
        "ifnsName": "",
        "taxCode": "",
        "taxName": "",
        "certificateCode": "",
        "certificateDate": "0001-01-01T00:00:00Z",
        "contactInformation": [
            
        ]
    },
    {
        "guid": "b5bf525f-8aaa-11ee-b5b1-005056013b0c",
        "archive": false,
        "dateOutputArchive": "0001-01-01T00:00:00Z",
        "code": "",
        "codeMSFO": "11305",
        "partner": "00000000-0000-0000-0000-000000000000",
        "virtual": false,
        "name": "ИП ООО AGROMASHHOLDING-TASHKENT",
        "nameAbbreviated": "",
        "nameFull": "ИП ООО AGROMASHHOLDING-TASHKENT",
        "nameEnglish": "",
        "type": 1,
        "noResident": true,
        "inn": "",
        "kpp": "",
        "kppAdditional": "",
        "registrationNumber": "206858630",
        "separateUnit": false,
        "organizationHead": "00000000-0000-0000-0000-000000000000",
        "concernType": "78f12e4b-8aa4-11ee-b5b1-005056013b0c",
        "concernTypeCode": "000000005",
        "concernTypeHistory": [
            
        ],
        "basis": "не применимо",
        "division": "45c669b4-894e-11ee-b5b1-005056013b0c",
        "divisionCode": "8",
        "divisionHistory": [
            
        ],
        "comment": "",
        "ogrn": "",
        "dateRegistration": "0001-01-01T00:00:00Z",
        "okpo": "",
        "okved": "00000000-0000-0000-0000-000000000000",
        "okvedCode": "",
        "ifnsCode": "",
        "ifnsName": "",
        "taxCode": "",
        "taxName": "",
        "certificateCode": "",
        "certificateDate": "0001-01-01T00:00:00Z",
        "contactInformation": [
            
        ]
    },
    {
        "guid": "b5bf5260-8aaa-11ee-b5b1-005056013b0c",
        "archive": false,
        "dateOutputArchive": "0001-01-01T00:00:00Z",
        "code": "",
        "codeMSFO": "11164",
        "partner": "00000000-0000-0000-0000-000000000000",
        "virtual": false,
        "name": "АРХИВНЫЙ ЦЕНТР КТЗ АО",
        "nameAbbreviated": "Архивный центр КТЗ АО",
        "nameFull": "АРХИВНЫЙ ЦЕНТР КТЗ АО",
        "nameEnglish": "",
        "type": 1,
        "noResident": false,
        "inn": "2460002970",
        "kpp": "213001001",
        "kppAdditional": "",
        "registrationNumber": "",
        "separateUnit": false,
        "organizationHead": "00000000-0000-0000-0000-000000000000",
        "concernType": "78f12e4b-8aa4-11ee-b5b1-005056013b0c",
        "concernTypeCode": "000000005",
        "concernTypeHistory": [
            
        ],
        "basis": "не применимо",
        "division": "45c669b4-894e-11ee-b5b1-005056013b0c",
        "divisionCode": "8",
        "divisionHistory": [
            
        ],
        "comment": "",
        "ogrn": "",
        "dateRegistration": "0001-01-01T00:00:00Z",
        "okpo": "",
        "okved": "00000000-0000-0000-0000-000000000000",
        "okvedCode": "",
        "ifnsCode": "",
        "ifnsName": "",
        "taxCode": "",
        "taxName": "",
        "certificateCode": "",
        "certificateDate": "0001-01-01T00:00:00Z",
        "contactInformation": [
            
        ]
    },
    {
        "guid": "b5bf5261-8aaa-11ee-b5b1-005056013b0c",
        "archive": false,
        "dateOutputArchive": "0001-01-01T00:00:00Z",
        "code": "",
        "codeMSFO": "11225",
        "partner": "00000000-0000-0000-0000-000000000000",
        "virtual": false,
        "name": "Липецкое торгово-промышленное объединение АО",
        "nameAbbreviated": "ЛТПО АО",
        "nameFull": "Липецкое торгово-промышленное объединение АО",
        "nameEnglish": "",
        "type": 1,
        "noResident": false,
        "inn": "4824022970",
        "kpp": "482401001",
        "kppAdditional": "",
        "registrationNumber": "",
        "separateUnit": false,
        "organizationHead": "00000000-0000-0000-0000-000000000000",
        "concernType": "78f12e4b-8aa4-11ee-b5b1-005056013b0c",
        "concernTypeCode": "000000005",
        "concernTypeHistory": [
            
        ],
        "basis": "не применимо",
        "division": "45c669b4-894e-11ee-b5b1-005056013b0c",
        "divisionCode": "8",
        "divisionHistory": [
            
        ],
        "comment": "",
        "ogrn": "",
        "dateRegistration": "0001-01-01T00:00:00Z",
        "okpo": "",
        "okved": "00000000-0000-0000-0000-000000000000",
        "okvedCode": "",
        "ifnsCode": "",
        "ifnsName": "",
        "taxCode": "",
        "taxName": "",
        "certificateCode": "",
        "certificateDate": "0001-01-01T00:00:00Z",
        "contactInformation": [
            
        ]
    },
    {
        "guid": "b5bf5262-8aaa-11ee-b5b1-005056013b0c",
        "archive": false,
        "dateOutputArchive": "0001-01-01T00:00:00Z",
        "code": "",
        "codeMSFO": "11119",
        "partner": "00000000-0000-0000-0000-000000000000",
        "virtual": false,
        "name": "Сервисно-логистический центр ТМ ООО",
        "nameAbbreviated": "СЛЦ ТМ ООО",
        "nameFull": "Сервисно-логистический центр ТМ ООО",
        "nameEnglish": "",
        "type": 1,
        "noResident": false,
        "inn": "2127309097",
        "kpp": "213001001",
        "kppAdditional": "",
        "registrationNumber": "",
        "separateUnit": false,
        "organizationHead": "00000000-0000-0000-0000-000000000000",
        "concernType": "78f12e4b-8aa4-11ee-b5b1-005056013b0c",
        "concernTypeCode": "000000005",
        "concernTypeHistory": [
            
        ],
        "basis": "не применимо",
        "division": "45c669b1-894e-11ee-b5b1-005056013b0c",
        "divisionCode": "5",
        "divisionHistory": [
            
        ],
        "comment": "",
        "ogrn": "",
        "dateRegistration": "0001-01-01T00:00:00Z",
        "okpo": "",
        "okved": "00000000-0000-0000-0000-000000000000",
        "okvedCode": "",
        "ifnsCode": "",
        "ifnsName": "",
        "taxCode": "",
        "taxName": "",
        "certificateCode": "",
        "certificateDate": "0001-01-01T00:00:00Z",
        "contactInformation": [
            
        ]
    },
    {
        "guid": "b5bf5263-8aaa-11ee-b5b1-005056013b0c",
        "archive": false,
        "dateOutputArchive": "0001-01-01T00:00:00Z",
        "code": "",
        "codeMSFO": "11721",
        "partner": "00000000-0000-0000-0000-000000000000",
        "virtual": false,
        "name": "МИГ КТЗ ООО",
        "nameAbbreviated": "МИГ КТЗ ООО",
        "nameFull": "МИГ КТЗ ООО",
        "nameEnglish": "",
        "type": 1,
        "noResident": false,
        "inn": "2130181337",
        "kpp": "213001001",
        "kppAdditional": "",
        "registrationNumber": "",
        "separateUnit": false,
        "organizationHead": "00000000-0000-0000-0000-000000000000",
        "concernType": "78f12e4b-8aa4-11ee-b5b1-005056013b0c",
        "concernTypeCode": "000000005",
        "concernTypeHistory": [
            
        ],
        "basis": "не применимо",
        "division": "45c669b4-894e-11ee-b5b1-005056013b0c",
        "divisionCode": "8",
        "divisionHistory": [
            
        ],
        "comment": "",
        "ogrn": "",
        "dateRegistration": "0001-01-01T00:00:00Z",
        "okpo": "",
        "okved": "00000000-0000-0000-0000-000000000000",
        "okvedCode": "",
        "ifnsCode": "",
        "ifnsName": "",
        "taxCode": "",
        "taxName": "",
        "certificateCode": "",
        "certificateDate": "0001-01-01T00:00:00Z",
        "contactInformation": [
            
        ]
    },
    {
        "guid": "b5bf5264-8aaa-11ee-b5b1-005056013b0c",
        "archive": false,
        "dateOutputArchive": "0001-01-01T00:00:00Z",
        "code": "",
        "codeMSFO": "11494",
        "partner": "00000000-0000-0000-0000-000000000000",
        "virtual": false,
        "name": "МИКОНТ ООО",
        "nameAbbreviated": "МИКОНТ ООО",
        "nameFull": "МИКОНТ ООО",
        "nameEnglish": "",
        "type": 1,
        "noResident": false,
        "inn": "2130083668",
        "kpp": "213001001",
        "kppAdditional": "",
        "registrationNumber": "",
        "separateUnit": false,
        "organizationHead": "00000000-0000-0000-0000-000000000000",
        "concernType": "78f12e4b-8aa4-11ee-b5b1-005056013b0c",
        "concernTypeCode": "000000005",
        "concernTypeHistory": [
            
        ],
        "basis": "не применимо",
        "division": "45c669b2-894e-11ee-b5b1-005056013b0c",
        "divisionCode": "6",
        "divisionHistory": [
            
        ],
        "comment": "",
        "ogrn": "",
        "dateRegistration": "0001-01-01T00:00:00Z",
        "okpo": "",
        "okved": "00000000-0000-0000-0000-000000000000",
        "okvedCode": "",
        "ifnsCode": "",
        "ifnsName": "",
        "taxCode": "",
        "taxName": "",
        "certificateCode": "",
        "certificateDate": "0001-01-01T00:00:00Z",
        "contactInformation": [
            
        ]
    },
    {
        "guid": "b5bf5265-8aaa-11ee-b5b1-005056013b0c",
        "archive": false,
        "dateOutputArchive": "0001-01-01T00:00:00Z",
        "code": "",
        "codeMSFO": "11462",
        "partner": "00000000-0000-0000-0000-000000000000",
        "virtual": false,
        "name": "Научно - технический музей истории трактора ЧУК",
        "nameAbbreviated": "Музей истории трактора ЧУК",
        "nameFull": "Научно - технический музей истории трактора ЧУК",
        "nameEnglish": "",
        "type": 1,
        "noResident": false,
        "inn": "2130077551",
        "kpp": "213001001",
        "kppAdditional": "",
        "registrationNumber": "",
        "separateUnit": false,
        "organizationHead": "00000000-0000-0000-0000-000000000000",
        "concernType": "78f12e4b-8aa4-11ee-b5b1-005056013b0c",
        "concernTypeCode": "000000005",
        "concernTypeHistory": [
            
        ],
        "basis": "не применимо",
        "division": "45c669b1-894e-11ee-b5b1-005056013b0c",
        "divisionCode": "5",
        "divisionHistory": [
            
        ],
        "comment": "",
        "ogrn": "",
        "dateRegistration": "0001-01-01T00:00:00Z",
        "okpo": "",
        "okved": "00000000-0000-0000-0000-000000000000",
        "okvedCode": "",
        "ifnsCode": "",
        "ifnsName": "",
        "taxCode": "",
        "taxName": "",
        "certificateCode": "",
        "certificateDate": "0001-01-01T00:00:00Z",
        "contactInformation": [
            
        ]
    },
    {
        "guid": "b5bf5267-8aaa-11ee-b5b1-005056013b0c",
        "archive": false,
        "dateOutputArchive": "0001-01-01T00:00:00Z",
        "code": "",
        "codeMSFO": "11308",
        "partner": "00000000-0000-0000-0000-000000000000",
        "virtual": false,
        "name": "ПО Белоцерковский комбайно-тракторный завод ООО",
        "nameAbbreviated": "ПО БКТЗ ООО",
        "nameFull": "ПО Белоцерковский комбайно-тракторный завод ООО",
        "nameEnglish": "",
        "type": 1,
        "noResident": true,
        "inn": "",
        "kpp": "",
        "kppAdditional": "",
        "registrationNumber": "323018820272",
        "separateUnit": false,
        "organizationHead": "00000000-0000-0000-0000-000000000000",
        "concernType": "78f12e4b-8aa4-11ee-b5b1-005056013b0c",
        "concernTypeCode": "000000005",
        "concernTypeHistory": [
            
        ],
        "basis": "не применимо",
        "division": "45c669b4-894e-11ee-b5b1-005056013b0c",
        "divisionCode": "8",
        "divisionHistory": [
            
        ],
        "comment": "",
        "ogrn": "",
        "dateRegistration": "0001-01-01T00:00:00Z",
        "okpo": "",
        "okved": "00000000-0000-0000-0000-000000000000",
        "okvedCode": "",
        "ifnsCode": "",
        "ifnsName": "",
        "taxCode": "",
        "taxName": "",
        "certificateCode": "",
        "certificateDate": "0001-01-01T00:00:00Z",
        "contactInformation": [
            
        ]
    },
    {
        "guid": "b5bf5268-8aaa-11ee-b5b1-005056013b0c",
        "archive": false,
        "dateOutputArchive": "0001-01-01T00:00:00Z",
        "code": "",
        "codeMSFO": "11133",
        "partner": "00000000-0000-0000-0000-000000000000",
        "virtual": false,
        "name": "Вагон АО",
        "nameAbbreviated": "Вагон АО",
        "nameFull": "Вагон АО",
        "nameEnglish": "",
        "type": 1,
        "noResident": false,
        "inn": "2128701370",
        "kpp": "212301001",
        "kppAdditional": "212305001",
        "registrationNumber": "",
        "separateUnit": false,
        "organizationHead": "00000000-0000-0000-0000-000000000000",
        "concernType": "78f12e4b-8aa4-11ee-b5b1-005056013b0c",
        "concernTypeCode": "000000005",
        "concernTypeHistory": [
            
        ],
        "basis": "не применимо",
        "division": "45c669b4-894e-11ee-b5b1-005056013b0c",
        "divisionCode": "8",
        "divisionHistory": [
            
        ],
        "comment": "",
        "ogrn": "",
        "dateRegistration": "0001-01-01T00:00:00Z",
        "okpo": "",
        "okved": "00000000-0000-0000-0000-000000000000",
        "okvedCode": "",
        "ifnsCode": "",
        "ifnsName": "",
        "taxCode": "",
        "taxName": "",
        "certificateCode": "",
        "certificateDate": "0001-01-01T00:00:00Z",
        "contactInformation": [
            
        ]
    },
    {
        "guid": "b5bf5269-8aaa-11ee-b5b1-005056013b0c",
        "archive": false,
        "dateOutputArchive": "0001-01-01T00:00:00Z",
        "code": "",
        "codeMSFO": "11300",
        "partner": "00000000-0000-0000-0000-000000000000",
        "virtual": false,
        "name": "Сервис Промышленных Машин ООО",
        "nameAbbreviated": "СПМ ООО",
        "nameFull": "Сервис Промышленных Машин ООО",
        "nameEnglish": "",
        "type": 1,
        "noResident": false,
        "inn": "2130050888",
        "kpp": "213001001",
        "kppAdditional": "",
        "registrationNumber": "",
        "separateUnit": false,
        "organizationHead": "00000000-0000-0000-0000-000000000000",
        "concernType": "78f12e4b-8aa4-11ee-b5b1-005056013b0c",
        "concernTypeCode": "000000005",
        "concernTypeHistory": [
            
        ],
        "basis": "не применимо",
        "division": "45c669b2-894e-11ee-b5b1-005056013b0c",
        "divisionCode": "6",
        "divisionHistory": [
            
        ],
        "comment": "",
        "ogrn": "",
        "dateRegistration": "0001-01-01T00:00:00Z",
        "okpo": "",
        "okved": "00000000-0000-0000-0000-000000000000",
        "okvedCode": "",
        "ifnsCode": "",
        "ifnsName": "",
        "taxCode": "",
        "taxName": "",
        "certificateCode": "",
        "certificateDate": "0001-01-01T00:00:00Z",
        "contactInformation": [
            
        ]
    },
    {
        "guid": "b5bf526a-8aaa-11ee-b5b1-005056013b0c",
        "archive": false,
        "dateOutputArchive": "0001-01-01T00:00:00Z",
        "code": "",
        "codeMSFO": "11651    ",
        "partner": "00000000-0000-0000-0000-000000000000",
        "virtual": false,
        "name": "НПК ЕВА ООО",
        "nameAbbreviated": "НПК ЕВА ООО",
        "nameFull": "НПК ЕВА ООО",
        "nameEnglish": "",
        "type": 1,
        "noResident": false,
        "inn": "3328475498",
        "kpp": "332801001",
        "kppAdditional": "",
        "registrationNumber": "",
        "separateUnit": false,
        "organizationHead": "00000000-0000-0000-0000-000000000000",
        "concernType": "1eb22324-8aa6-11ee-b5b1-005056013b0c",
        "concernTypeCode": "000000007",
        "concernTypeHistory": [
            
        ],
        "basis": "связанная с 2015г.на основании ожидаемых существенных операций (производство). ",
        "division": "45c669b4-894e-11ee-b5b1-005056013b0c",
        "divisionCode": "8",
        "divisionHistory": [
            
        ],
        "comment": "",
        "ogrn": "",
        "dateRegistration": "0001-01-01T00:00:00Z",
        "okpo": "",
        "okved": "00000000-0000-0000-0000-000000000000",
        "okvedCode": "",
        "ifnsCode": "",
        "ifnsName": "",
        "taxCode": "",
        "taxName": "",
        "certificateCode": "",
        "certificateDate": "0001-01-01T00:00:00Z",
        "contactInformation": [
            
        ]
    },
    {
        "guid": "b5bf526b-8aaa-11ee-b5b1-005056013b0c",
        "archive": false,
        "dateOutputArchive": "0001-01-01T00:00:00Z",
        "code": "",
        "codeMSFO": "11652",
        "partner": "00000000-0000-0000-0000-000000000000",
        "virtual": false,
        "name": "Автоспецоборудование ООО",
        "nameAbbreviated": "АСО ООО",
        "nameFull": "Автоспецоборудование ООО",
        "nameEnglish": "",
        "type": 1,
        "noResident": false,
        "inn": "5321165780",
        "kpp": "532101001",
        "kppAdditional": "",
        "registrationNumber": "",
        "separateUnit": false,
        "organizationHead": "00000000-0000-0000-0000-000000000000",
        "concernType": "1eb22324-8aa6-11ee-b5b1-005056013b0c",
        "concernTypeCode": "000000007",
        "concernTypeHistory": [
            
        ],
        "basis": "связанная с 2015г.на основании ожидаемых существенных операций (купла-продажа активов). ",
        "division": "45c669b4-894e-11ee-b5b1-005056013b0c",
        "divisionCode": "8",
        "divisionHistory": [
            
        ],
        "comment": "",
        "ogrn": "",
        "dateRegistration": "0001-01-01T00:00:00Z",
        "okpo": "",
        "okved": "00000000-0000-0000-0000-000000000000",
        "okvedCode": "",
        "ifnsCode": "",
        "ifnsName": "",
        "taxCode": "",
        "taxName": "",
        "certificateCode": "",
        "certificateDate": "0001-01-01T00:00:00Z",
        "contactInformation": [
            
        ]
    },
    {
        "guid": "b5bf526c-8aaa-11ee-b5b1-005056013b0c",
        "archive": false,
        "dateOutputArchive": "0001-01-01T00:00:00Z",
        "code": "",
        "codeMSFO": "11656",
        "partner": "00000000-0000-0000-0000-000000000000",
        "virtual": false,
        "name": "Продовольственная база Урожай ООО",
        "nameAbbreviated": "ПБ Урожай ООО",
        "nameFull": "Продовольственная база Урожай ООО",
        "nameEnglish": "",
        "type": 1,
        "noResident": false,
        "inn": "2130010170",
        "kpp": "213001001",
        "kppAdditional": "",
        "registrationNumber": "",
        "separateUnit": false,
        "organizationHead": "00000000-0000-0000-0000-000000000000",
        "concernType": "00000000-0000-0000-0000-000000000000",
        "concernTypeCode": "",
        "concernTypeHistory": [
            
        ],
        "basis": "не применимо",
        "division": "45c669b4-894e-11ee-b5b1-005056013b0c",
        "divisionCode": "8",
        "divisionHistory": [
            
        ],
        "comment": "",
        "ogrn": "",
        "dateRegistration": "0001-01-01T00:00:00Z",
        "okpo": "",
        "okved": "00000000-0000-0000-0000-000000000000",
        "okvedCode": "",
        "ifnsCode": "",
        "ifnsName": "",
        "taxCode": "",
        "taxName": "",
        "certificateCode": "",
        "certificateDate": "0001-01-01T00:00:00Z",
        "contactInformation": [
            
        ]
    },
    {
        "guid": "b5bf527b-8aaa-11ee-b5b1-005056013b0c",
        "archive": false,
        "dateOutputArchive": "0001-01-01T00:00:00Z",
        "code": "",
        "codeMSFO": "12802",
        "partner": "00000000-0000-0000-0000-000000000000",
        "virtual": false,
        "name": "Актив ООО",
        "nameAbbreviated": "Актив  ООО",
        "nameFull": "Актив ООО",
        "nameEnglish": "",
        "type": 1,
        "noResident": false,
        "inn": "9704000317",
        "kpp": "210001001",
        "kppAdditional": "",
        "registrationNumber": "",
        "separateUnit": false,
        "organizationHead": "00000000-0000-0000-0000-000000000000",
        "concernType": "1eb22324-8aa6-11ee-b5b1-005056013b0c",
        "concernTypeCode": "000000007",
        "concernTypeHistory": [
            
        ],
        "basis": "связанная с 01.01.2022",
        "division": "45c669b4-894e-11ee-b5b1-005056013b0c",
        "divisionCode": "8",
        "divisionHistory": [
            
        ],
        "comment": "",
        "ogrn": "",
        "dateRegistration": "0001-01-01T00:00:00Z",
        "okpo": "",
        "okved": "00000000-0000-0000-0000-000000000000",
        "okvedCode": "",
        "ifnsCode": "",
        "ifnsName": "",
        "taxCode": "",
        "taxName": "",
        "certificateCode": "",
        "certificateDate": "0001-01-01T00:00:00Z",
        "contactInformation": [
            
        ]
    },
    {
        "guid": "b5bf526d-8aaa-11ee-b5b1-005056013b0c",
        "archive": false,
        "dateOutputArchive": "0001-01-01T00:00:00Z",
        "code": "000000003",
        "codeMSFO": "11958",
        "partner": "acc28298-8e8b-11ee-b5b1-005056013b0c",
        "virtual": false,
        "name": "Промлит ООО",
        "nameAbbreviated": "Промлит ООО",
        "nameFull": "Промлит ООО",
        "nameEnglish": "Промлит ООО",
        "type": 1,
        "noResident": false,
        "inn": "2130211126",
        "kpp": "213001001",
        "kppAdditional": "",
        "registrationNumber": "",
        "separateUnit": false,
        "organizationHead": "00000000-0000-0000-0000-000000000000",
        "concernType": "78f12e4b-8aa4-11ee-b5b1-005056013b0c",
        "concernTypeCode": "000000005",
        "concernTypeHistory": [
            
        ],
        "basis": "не применимо",
        "division": "45c669b4-894e-11ee-b5b1-005056013b0c",
        "divisionCode": "8",
        "divisionHistory": [
            
        ],
        "comment": "",
        "ogrn": "",
        "dateRegistration": "0001-01-01T00:00:00Z",
        "okpo": "",
        "okved": "00000000-0000-0000-0000-000000000000",
        "okvedCode": "",
        "ifnsCode": "",
        "ifnsName": "",
        "taxCode": "",
        "taxName": "",
        "certificateCode": "",
        "certificateDate": "0001-01-01T00:00:00Z",
        "contactInformation": [
            
        ]
    },
    {
        "guid": "b5bf526e-8aaa-11ee-b5b1-005056013b0c",
        "archive": false,
        "dateOutputArchive": "0001-01-01T00:00:00Z",
        "code": "",
        "codeMSFO": "11960",
        "partner": "00000000-0000-0000-0000-000000000000",
        "virtual": false,
        "name": "АСК ООО",
        "nameAbbreviated": "АСК ООО",
        "nameFull": "АСК ООО",
        "nameEnglish": "",
        "type": 1,
        "noResident": false,
        "inn": "2130211528",
        "kpp": "213001001",
        "kppAdditional": "",
        "registrationNumber": "",
        "separateUnit": false,
        "organizationHead": "00000000-0000-0000-0000-000000000000",
        "concernType": "78f12e4b-8aa4-11ee-b5b1-005056013b0c",
        "concernTypeCode": "000000005",
        "concernTypeHistory": [
            
        ],
        "basis": "не применимо",
        "division": "45c669b2-894e-11ee-b5b1-005056013b0c",
        "divisionCode": "6",
        "divisionHistory": [
            
        ],
        "comment": "",
        "ogrn": "",
        "dateRegistration": "0001-01-01T00:00:00Z",
        "okpo": "",
        "okved": "00000000-0000-0000-0000-000000000000",
        "okvedCode": "",
        "ifnsCode": "",
        "ifnsName": "",
        "taxCode": "",
        "taxName": "",
        "certificateCode": "",
        "certificateDate": "0001-01-01T00:00:00Z",
        "contactInformation": [
            
        ]
    },
    {
        "guid": "b5bf526f-8aaa-11ee-b5b1-005056013b0c",
        "archive": false,
        "dateOutputArchive": "0001-01-01T00:00:00Z",
        "code": "",
        "codeMSFO": "11964",
        "partner": "00000000-0000-0000-0000-000000000000",
        "virtual": false,
        "name": "ПК ЧАЗ ООО",
        "nameAbbreviated": "ПК ЧАЗ ООО",
        "nameFull": "ПК ЧАЗ ООО",
        "nameEnglish": "",
        "type": 1,
        "noResident": false,
        "inn": "2130212659",
        "kpp": "213001001",
        "kppAdditional": "",
        "registrationNumber": "",
        "separateUnit": false,
        "organizationHead": "00000000-0000-0000-0000-000000000000",
        "concernType": "78f12e4b-8aa4-11ee-b5b1-005056013b0c",
        "concernTypeCode": "000000005",
        "concernTypeHistory": [
            
        ],
        "basis": "не применимо",
        "division": "45c669b2-894e-11ee-b5b1-005056013b0c",
        "divisionCode": "6",
        "divisionHistory": [
            
        ],
        "comment": "",
        "ogrn": "",
        "dateRegistration": "0001-01-01T00:00:00Z",
        "okpo": "",
        "okved": "00000000-0000-0000-0000-000000000000",
        "okvedCode": "",
        "ifnsCode": "",
        "ifnsName": "",
        "taxCode": "",
        "taxName": "",
        "certificateCode": "",
        "certificateDate": "0001-01-01T00:00:00Z",
        "contactInformation": [
            
        ]
    },
    {
        "guid": "b5bf5270-8aaa-11ee-b5b1-005056013b0c",
        "archive": false,
        "dateOutputArchive": "0001-01-01T00:00:00Z",
        "code": "",
        "codeMSFO": "11975",
        "partner": "00000000-0000-0000-0000-000000000000",
        "virtual": false,
        "name": "ЧЕТРА-КУЗБАСС ООО",
        "nameAbbreviated": "ЧЕТРА-КУЗБАСС ООО",
        "nameFull": "ЧЕТРА-КУЗБАСС ООО",
        "nameEnglish": "",
        "type": 1,
        "noResident": false,
        "inn": "4252015309",
        "kpp": "425201001",
        "kppAdditional": "",
        "registrationNumber": "",
        "separateUnit": false,
        "organizationHead": "00000000-0000-0000-0000-000000000000",
        "concernType": "1eb22324-8aa6-11ee-b5b1-005056013b0c",
        "concernTypeCode": "000000007",
        "concernTypeHistory": [
            
        ],
        "basis": "связанная с 21.03.2019",
        "division": "45c669b4-894e-11ee-b5b1-005056013b0c",
        "divisionCode": "8",
        "divisionHistory": [
            
        ],
        "comment": "",
        "ogrn": "",
        "dateRegistration": "0001-01-01T00:00:00Z",
        "okpo": "",
        "okved": "00000000-0000-0000-0000-000000000000",
        "okvedCode": "",
        "ifnsCode": "",
        "ifnsName": "",
        "taxCode": "",
        "taxName": "",
        "certificateCode": "",
        "certificateDate": "0001-01-01T00:00:00Z",
        "contactInformation": [
            
        ]
    },
    {
        "guid": "b5bf5271-8aaa-11ee-b5b1-005056013b0c",
        "archive": false,
        "dateOutputArchive": "0001-01-01T00:00:00Z",
        "code": "",
        "codeMSFO": "11991",
        "partner": "00000000-0000-0000-0000-000000000000",
        "virtual": false,
        "name": "Канашский вагоностроительный завод ООО",
        "nameAbbreviated": "КАВАЗ ООО",
        "nameFull": "Канашский вагоностроительный завод ООО",
        "nameEnglish": "",
        "type": 1,
        "noResident": false,
        "inn": "2123023410",
        "kpp": "212301001",
        "kppAdditional": "",
        "registrationNumber": "",
        "separateUnit": false,
        "organizationHead": "00000000-0000-0000-0000-000000000000",
        "concernType": "78f12e4b-8aa4-11ee-b5b1-005056013b0c",
        "concernTypeCode": "000000005",
        "concernTypeHistory": [
            
        ],
        "basis": "не применимо",
        "division": "00000000-0000-0000-0000-000000000000",
        "divisionCode": "",
        "divisionHistory": [
            
        ],
        "comment": "",
        "ogrn": "",
        "dateRegistration": "0001-01-01T00:00:00Z",
        "okpo": "",
        "okved": "00000000-0000-0000-0000-000000000000",
        "okvedCode": "",
        "ifnsCode": "",
        "ifnsName": "",
        "taxCode": "",
        "taxName": "",
        "certificateCode": "",
        "certificateDate": "0001-01-01T00:00:00Z",
        "contactInformation": [
            
        ]
    },
    {
        "guid": "b5bf5272-8aaa-11ee-b5b1-005056013b0c",
        "archive": false,
        "dateOutputArchive": "0001-01-01T00:00:00Z",
        "code": "",
        "codeMSFO": "11992",
        "partner": "00000000-0000-0000-0000-000000000000",
        "virtual": false,
        "name": "Энергосетьремонт ООО",
        "nameAbbreviated": "ЭСР ООО",
        "nameFull": "Энергосетьремонт ООО",
        "nameEnglish": "",
        "type": 1,
        "noResident": false,
        "inn": "2130218121",
        "kpp": "213001001",
        "kppAdditional": "",
        "registrationNumber": "",
        "separateUnit": false,
        "organizationHead": "00000000-0000-0000-0000-000000000000",
        "concernType": "78f12e4b-8aa4-11ee-b5b1-005056013b0c",
        "concernTypeCode": "000000005",
        "concernTypeHistory": [
            
        ],
        "basis": "не применимо",
        "division": "45c669b1-894e-11ee-b5b1-005056013b0c",
        "divisionCode": "5",
        "divisionHistory": [
            
        ],
        "comment": "",
        "ogrn": "",
        "dateRegistration": "0001-01-01T00:00:00Z",
        "okpo": "",
        "okved": "00000000-0000-0000-0000-000000000000",
        "okvedCode": "",
        "ifnsCode": "",
        "ifnsName": "",
        "taxCode": "",
        "taxName": "",
        "certificateCode": "",
        "certificateDate": "0001-01-01T00:00:00Z",
        "contactInformation": [
            
        ]
    },
    {
        "guid": "b5bf5273-8aaa-11ee-b5b1-005056013b0c",
        "archive": false,
        "dateOutputArchive": "0001-01-01T00:00:00Z",
        "code": "",
        "codeMSFO": "12008",
        "partner": "00000000-0000-0000-0000-000000000000",
        "virtual": false,
        "name": "ЧУВАШСКАЯ  СЕТЕВАЯ КОМПАНИЯ ООО",
        "nameAbbreviated": "ЧСК ООО",
        "nameFull": "ЧУВАШСКАЯ  СЕТЕВАЯ КОМПАНИЯ ООО",
        "nameEnglish": "",
        "type": 1,
        "noResident": false,
        "inn": "2130217456",
        "kpp": "213001001",
        "kppAdditional": "",
        "registrationNumber": "",
        "separateUnit": false,
        "organizationHead": "00000000-0000-0000-0000-000000000000",
        "concernType": "1eb22324-8aa6-11ee-b5b1-005056013b0c",
        "concernTypeCode": "000000007",
        "concernTypeHistory": [
            
        ],
        "basis": "связанная с 05.03.2020",
        "division": "45c669b4-894e-11ee-b5b1-005056013b0c",
        "divisionCode": "8",
        "divisionHistory": [
            
        ],
        "comment": "",
        "ogrn": "",
        "dateRegistration": "0001-01-01T00:00:00Z",
        "okpo": "",
        "okved": "00000000-0000-0000-0000-000000000000",
        "okvedCode": "",
        "ifnsCode": "",
        "ifnsName": "",
        "taxCode": "",
        "taxName": "",
        "certificateCode": "",
        "certificateDate": "0001-01-01T00:00:00Z",
        "contactInformation": [
            
        ]
    },
    {
        "guid": "b5bf5274-8aaa-11ee-b5b1-005056013b0c",
        "archive": false,
        "dateOutputArchive": "0001-01-01T00:00:00Z",
        "code": "",
        "codeMSFO": "11121",
        "partner": "00000000-0000-0000-0000-000000000000",
        "virtual": false,
        "name": "Отель-ДИС ООО",
        "nameAbbreviated": "Отель-ДИС ООО",
        "nameFull": "Отель-ДИС ООО",
        "nameEnglish": "",
        "type": 1,
        "noResident": false,
        "inn": "2127318687",
        "kpp": "213001001",
        "kppAdditional": "",
        "registrationNumber": "",
        "separateUnit": false,
        "organizationHead": "00000000-0000-0000-0000-000000000000",
        "concernType": "1eb22324-8aa6-11ee-b5b1-005056013b0c",
        "concernTypeCode": "000000007",
        "concernTypeHistory": [
            
        ],
        "basis": "связанная с 01.10.2021",
        "division": "45c669b4-894e-11ee-b5b1-005056013b0c",
        "divisionCode": "8",
        "divisionHistory": [
            
        ],
        "comment": "",
        "ogrn": "",
        "dateRegistration": "0001-01-01T00:00:00Z",
        "okpo": "",
        "okved": "00000000-0000-0000-0000-000000000000",
        "okvedCode": "",
        "ifnsCode": "",
        "ifnsName": "",
        "taxCode": "",
        "taxName": "",
        "certificateCode": "",
        "certificateDate": "0001-01-01T00:00:00Z",
        "contactInformation": [
            
        ]
    },
    {
        "guid": "b5bf5275-8aaa-11ee-b5b1-005056013b0c",
        "archive": false,
        "dateOutputArchive": "0001-01-01T00:00:00Z",
        "code": "",
        "codeMSFO": "12046",
        "partner": "00000000-0000-0000-0000-000000000000",
        "virtual": false,
        "name": "Парадис ООО",
        "nameAbbreviated": "Парадис ООО ",
        "nameFull": "Парадис ООО",
        "nameEnglish": "",
        "type": 1,
        "noResident": false,
        "inn": "2130221639",
        "kpp": "213001001",
        "kppAdditional": "",
        "registrationNumber": "",
        "separateUnit": false,
        "organizationHead": "00000000-0000-0000-0000-000000000000",
        "concernType": "1eb22324-8aa6-11ee-b5b1-005056013b0c",
        "concernTypeCode": "000000007",
        "concernTypeHistory": [
            
        ],
        "basis": "связанная с 01.10.2021",
        "division": "45c669b4-894e-11ee-b5b1-005056013b0c",
        "divisionCode": "8",
        "divisionHistory": [
            
        ],
        "comment": "",
        "ogrn": "",
        "dateRegistration": "0001-01-01T00:00:00Z",
        "okpo": "",
        "okved": "00000000-0000-0000-0000-000000000000",
        "okvedCode": "",
        "ifnsCode": "",
        "ifnsName": "",
        "taxCode": "",
        "taxName": "",
        "certificateCode": "",
        "certificateDate": "0001-01-01T00:00:00Z",
        "contactInformation": [
            
        ]
    },
    {
        "guid": "b5bf5276-8aaa-11ee-b5b1-005056013b0c",
        "archive": false,
        "dateOutputArchive": "0001-01-01T00:00:00Z",
        "code": "",
        "codeMSFO": "12047",
        "partner": "00000000-0000-0000-0000-000000000000",
        "virtual": false,
        "name": "Технологии производства ООО",
        "nameAbbreviated": "Технологии производства ООО",
        "nameFull": "Технологии производства ООО",
        "nameEnglish": "",
        "type": 1,
        "noResident": false,
        "inn": "2123026186",
        "kpp": "212301001",
        "kppAdditional": "",
        "registrationNumber": "",
        "separateUnit": false,
        "organizationHead": "00000000-0000-0000-0000-000000000000",
        "concernType": "1eb22324-8aa6-11ee-b5b1-005056013b0c",
        "concernTypeCode": "000000007",
        "concernTypeHistory": [
            
        ],
        "basis": "связанная с 01.10.2021",
        "division": "00000000-0000-0000-0000-000000000000",
        "divisionCode": "",
        "divisionHistory": [
            
        ],
        "comment": "",
        "ogrn": "",
        "dateRegistration": "0001-01-01T00:00:00Z",
        "okpo": "",
        "okved": "00000000-0000-0000-0000-000000000000",
        "okvedCode": "",
        "ifnsCode": "",
        "ifnsName": "",
        "taxCode": "",
        "taxName": "",
        "certificateCode": "",
        "certificateDate": "0001-01-01T00:00:00Z",
        "contactInformation": [
            
        ]
    },
    {
        "guid": "b5bf5277-8aaa-11ee-b5b1-005056013b0c",
        "archive": false,
        "dateOutputArchive": "0001-01-01T00:00:00Z",
        "code": "",
        "codeMSFO": "12810",
        "partner": "00000000-0000-0000-0000-000000000000",
        "virtual": false,
        "name": "РЕЙЛ ТМ ООО",
        "nameAbbreviated": "РЕЙЛ ТМ ООО",
        "nameFull": "РЕЙЛ ТМ ООО",
        "nameEnglish": "",
        "type": 1,
        "noResident": false,
        "inn": "9704097073",
        "kpp": "770301001",
        "kppAdditional": "",
        "registrationNumber": "",
        "separateUnit": false,
        "organizationHead": "00000000-0000-0000-0000-000000000000",
        "concernType": "1eb22324-8aa6-11ee-b5b1-005056013b0c",
        "concernTypeCode": "000000007",
        "concernTypeHistory": [
            
        ],
        "basis": "связанная с 01.01.2022",
        "division": "00000000-0000-0000-0000-000000000000",
        "divisionCode": "",
        "divisionHistory": [
            
        ],
        "comment": "",
        "ogrn": "",
        "dateRegistration": "0001-01-01T00:00:00Z",
        "okpo": "",
        "okved": "00000000-0000-0000-0000-000000000000",
        "okvedCode": "",
        "ifnsCode": "",
        "ifnsName": "",
        "taxCode": "",
        "taxName": "",
        "certificateCode": "",
        "certificateDate": "0001-01-01T00:00:00Z",
        "contactInformation": [
            
        ]
    },
    {
        "guid": "b5bf5278-8aaa-11ee-b5b1-005056013b0c",
        "archive": false,
        "dateOutputArchive": "0001-01-01T00:00:00Z",
        "code": "",
        "codeMSFO": "12800",
        "partner": "00000000-0000-0000-0000-000000000000",
        "virtual": false,
        "name": "Отраслевая Инфраструктурная Компания ООО ",
        "nameAbbreviated": "ОИК ООО ",
        "nameFull": "Отраслевая Инфраструктурная Компания ООО ",
        "nameEnglish": "",
        "type": 1,
        "noResident": false,
        "inn": "2130227856",
        "kpp": "213001001",
        "kppAdditional": "",
        "registrationNumber": "",
        "separateUnit": false,
        "organizationHead": "00000000-0000-0000-0000-000000000000",
        "concernType": "1eb22324-8aa6-11ee-b5b1-005056013b0c",
        "concernTypeCode": "000000007",
        "concernTypeHistory": [
            
        ],
        "basis": "связанная с 01.01.2022",
        "division": "45c669b1-894e-11ee-b5b1-005056013b0c",
        "divisionCode": "5",
        "divisionHistory": [
            
        ],
        "comment": "",
        "ogrn": "",
        "dateRegistration": "0001-01-01T00:00:00Z",
        "okpo": "",
        "okved": "00000000-0000-0000-0000-000000000000",
        "okvedCode": "",
        "ifnsCode": "",
        "ifnsName": "",
        "taxCode": "",
        "taxName": "",
        "certificateCode": "",
        "certificateDate": "0001-01-01T00:00:00Z",
        "contactInformation": [
            
        ]
    },
    {
        "guid": "b5bf5279-8aaa-11ee-b5b1-005056013b0c",
        "archive": false,
        "dateOutputArchive": "0001-01-01T00:00:00Z",
        "code": "",
        "codeMSFO": "12801",
        "partner": "00000000-0000-0000-0000-000000000000",
        "virtual": false,
        "name": "ИТ-Софт ООО ",
        "nameAbbreviated": "ИТС ООО ",
        "nameFull": "ИТ-Софт ООО ",
        "nameEnglish": "",
        "type": 1,
        "noResident": false,
        "inn": "2130227743",
        "kpp": "213001001",
        "kppAdditional": "",
        "registrationNumber": "",
        "separateUnit": false,
        "organizationHead": "00000000-0000-0000-0000-000000000000",
        "concernType": "1eb22324-8aa6-11ee-b5b1-005056013b0c",
        "concernTypeCode": "000000007",
        "concernTypeHistory": [
            
        ],
        "basis": "связанная с 01.01.2022",
        "division": "45c669b1-894e-11ee-b5b1-005056013b0c",
        "divisionCode": "5",
        "divisionHistory": [
            
        ],
        "comment": "",
        "ogrn": "",
        "dateRegistration": "0001-01-01T00:00:00Z",
        "okpo": "",
        "okved": "00000000-0000-0000-0000-000000000000",
        "okvedCode": "",
        "ifnsCode": "",
        "ifnsName": "",
        "taxCode": "",
        "taxName": "",
        "certificateCode": "",
        "certificateDate": "0001-01-01T00:00:00Z",
        "contactInformation": [
            
        ]
    },
    {
        "guid": "b5bf527a-8aaa-11ee-b5b1-005056013b0c",
        "archive": false,
        "dateOutputArchive": "0001-01-01T00:00:00Z",
        "code": "",
        "codeMSFO": "12809",
        "partner": "00000000-0000-0000-0000-000000000000",
        "virtual": false,
        "name": "Управляющая Компания Транспортное Машиностроение ООО",
        "nameAbbreviated": "УК ТМ ООО",
        "nameFull": "Управляющая Компания Транспортное Машиностроение ООО",
        "nameEnglish": "",
        "type": 1,
        "noResident": false,
        "inn": "9704082895",
        "kpp": "210001001",
        "kppAdditional": "",
        "registrationNumber": "",
        "separateUnit": false,
        "organizationHead": "00000000-0000-0000-0000-000000000000",
        "concernType": "1eb22324-8aa6-11ee-b5b1-005056013b0c",
        "concernTypeCode": "000000007",
        "concernTypeHistory": [
            
        ],
        "basis": "связанная с 01.01.2022",
        "division": "45c669b4-894e-11ee-b5b1-005056013b0c",
        "divisionCode": "8",
        "divisionHistory": [
            
        ],
        "comment": "",
        "ogrn": "",
        "dateRegistration": "0001-01-01T00:00:00Z",
        "okpo": "",
        "okved": "00000000-0000-0000-0000-000000000000",
        "okvedCode": "",
        "ifnsCode": "",
        "ifnsName": "",
        "taxCode": "",
        "taxName": "",
        "certificateCode": "",
        "certificateDate": "0001-01-01T00:00:00Z",
        "contactInformation": [
            
        ]
    },
    {
        "guid": "b5bf527c-8aaa-11ee-b5b1-005056013b0c",
        "archive": false,
        "dateOutputArchive": "0001-01-01T00:00:00Z",
        "code": "",
        "codeMSFO": "12826",
        "partner": "00000000-0000-0000-0000-000000000000",
        "virtual": false,
        "name": "Торговый дом Транспортное машиностроение ООО",
        "nameAbbreviated": "ТД ТМ ООО ",
        "nameFull": "Торговый дом Транспортное машиностроение ООО",
        "nameEnglish": "",
        "type": 1,
        "noResident": false,
        "inn": "2130230898",
        "kpp": "213001001",
        "kppAdditional": "",
        "registrationNumber": "",
        "separateUnit": false,
        "organizationHead": "00000000-0000-0000-0000-000000000000",
        "concernType": "1eb22324-8aa6-11ee-b5b1-005056013b0c",
        "concernTypeCode": "000000007",
        "concernTypeHistory": [
            
        ],
        "basis": "связанная с 15.03.2022",
        "division": "45c669b1-894e-11ee-b5b1-005056013b0c",
        "divisionCode": "5",
        "divisionHistory": [
            
        ],
        "comment": "",
        "ogrn": "",
        "dateRegistration": "0001-01-01T00:00:00Z",
        "okpo": "",
        "okved": "00000000-0000-0000-0000-000000000000",
        "okvedCode": "",
        "ifnsCode": "",
        "ifnsName": "",
        "taxCode": "",
        "taxName": "",
        "certificateCode": "",
        "certificateDate": "0001-01-01T00:00:00Z",
        "contactInformation": [
            
        ]
    },
    {
        "guid": "b5bf527d-8aaa-11ee-b5b1-005056013b0c",
        "archive": false,
        "dateOutputArchive": "0001-01-01T00:00:00Z",
        "code": "",
        "codeMSFO": "12805",
        "partner": "00000000-0000-0000-0000-000000000000",
        "virtual": false,
        "name": "ХК Транспортное Машиностроение ООО",
        "nameAbbreviated": "ХК ТМ ООО",
        "nameFull": "ХК Транспортное Машиностроение ООО",
        "nameEnglish": "",
        "type": 1,
        "noResident": false,
        "inn": "7714436282",
        "kpp": "210001001",
        "kppAdditional": "",
        "registrationNumber": "",
        "separateUnit": false,
        "organizationHead": "00000000-0000-0000-0000-000000000000",
        "concernType": "1eb22324-8aa6-11ee-b5b1-005056013b0c",
        "concernTypeCode": "000000007",
        "concernTypeHistory": [
            
        ],
        "basis": "связанная с 01.03.2022",
        "division": "45c669b4-894e-11ee-b5b1-005056013b0c",
        "divisionCode": "8",
        "divisionHistory": [
            
        ],
        "comment": "",
        "ogrn": "",
        "dateRegistration": "0001-01-01T00:00:00Z",
        "okpo": "",
        "okved": "00000000-0000-0000-0000-000000000000",
        "okvedCode": "",
        "ifnsCode": "",
        "ifnsName": "",
        "taxCode": "",
        "taxName": "",
        "certificateCode": "",
        "certificateDate": "0001-01-01T00:00:00Z",
        "contactInformation": [
            
        ]
    },
    {
        "guid": "b5bf527e-8aaa-11ee-b5b1-005056013b0c",
        "archive": false,
        "dateOutputArchive": "0001-01-01T00:00:00Z",
        "code": "000000002",
        "codeMSFO": "12833",
        "partner": "a3b2b07a-1448-11ee-b5ab-a0dc07f9a67b",
        "virtual": false,
        "name": "УК ТЕХНОПАРК АГРЕГАТНЫЙ ООО",
        "nameAbbreviated": "УК ТЕХНОПАРК АГРЕГАТНЫЙ ООО",
        "nameFull": "УК ТЕХНОПАРК АГРЕГАТНЫЙ ООО",
        "nameEnglish": "234",
        "type": 1,
        "noResident": false,
        "inn": "2130231901",
        "kpp": "213001001",
        "kppAdditional": "",
        "registrationNumber": "",
        "separateUnit": false,
        "organizationHead": "00000000-0000-0000-0000-000000000000",
        "concernType": "1eb22324-8aa6-11ee-b5b1-005056013b0c",
        "concernTypeCode": "000000007",
        "concernTypeHistory": [
            
        ],
        "basis": "связанная с 29.04.2022",
        "division": "45c669b4-894e-11ee-b5b1-005056013b0c",
        "divisionCode": "8",
        "divisionHistory": [
            
        ],
        "comment": "",
        "ogrn": "",
        "dateRegistration": "0001-01-01T00:00:00Z",
        "okpo": "",
        "okved": "00000000-0000-0000-0000-000000000000",
        "okvedCode": "",
        "ifnsCode": "",
        "ifnsName": "",
        "taxCode": "",
        "taxName": "",
        "certificateCode": "",
        "certificateDate": "0001-01-01T00:00:00Z",
        "contactInformation": [
            
        ]
    },
    {
        "guid": "b5bf527f-8aaa-11ee-b5b1-005056013b0c",
        "archive": false,
        "dateOutputArchive": "0001-01-01T00:00:00Z",
        "code": "",
        "codeMSFO": "12838",
        "partner": "00000000-0000-0000-0000-000000000000",
        "virtual": false,
        "name": "ПК ЧТЗ ООО",
        "nameAbbreviated": "ПК ЧТЗ ООО",
        "nameFull": "ПК ЧТЗ ООО",
        "nameEnglish": "",
        "type": 1,
        "noResident": false,
        "inn": "7452159624",
        "kpp": "745201001",
        "kppAdditional": "",
        "registrationNumber": "",
        "separateUnit": false,
        "organizationHead": "00000000-0000-0000-0000-000000000000",
        "concernType": "1eb22324-8aa6-11ee-b5b1-005056013b0c",
        "concernTypeCode": "000000007",
        "concernTypeHistory": [
            
        ],
        "basis": "связанная с 30.05.2022",
        "division": "45c669b2-894e-11ee-b5b1-005056013b0c",
        "divisionCode": "6",
        "divisionHistory": [
            
        ],
        "comment": "",
        "ogrn": "",
        "dateRegistration": "0001-01-01T00:00:00Z",
        "okpo": "",
        "okved": "00000000-0000-0000-0000-000000000000",
        "okvedCode": "",
        "ifnsCode": "",
        "ifnsName": "",
        "taxCode": "",
        "taxName": "",
        "certificateCode": "",
        "certificateDate": "0001-01-01T00:00:00Z",
        "contactInformation": [
            
        ]
    },
    {
        "guid": "b5bf5280-8aaa-11ee-b5b1-005056013b0c",
        "archive": false,
        "dateOutputArchive": "0001-01-01T00:00:00Z",
        "code": "",
        "codeMSFO": "12843",
        "partner": "00000000-0000-0000-0000-000000000000",
        "virtual": false,
        "name": "СТРОЙМАШИНВЕСТ АКЦИОНЕРНОЕ ОБЩЕСТВО",
        "nameAbbreviated": "СМИ АО",
        "nameFull": "СТРОЙМАШИНВЕСТ АКЦИОНЕРНОЕ ОБЩЕСТВО",
        "nameEnglish": "",
        "type": 1,
        "noResident": false,
        "inn": "9704129511",
        "kpp": "770401001",
        "kppAdditional": "",
        "registrationNumber": "",
        "separateUnit": false,
        "organizationHead": "00000000-0000-0000-0000-000000000000",
        "concernType": "1eb22324-8aa6-11ee-b5b1-005056013b0c",
        "concernTypeCode": "000000007",
        "concernTypeHistory": [
            
        ],
        "basis": "связанная с 20.04.2022",
        "division": "45c669b4-894e-11ee-b5b1-005056013b0c",
        "divisionCode": "8",
        "divisionHistory": [
            
        ],
        "comment": "",
        "ogrn": "",
        "dateRegistration": "0001-01-01T00:00:00Z",
        "okpo": "",
        "okved": "00000000-0000-0000-0000-000000000000",
        "okvedCode": "",
        "ifnsCode": "",
        "ifnsName": "",
        "taxCode": "",
        "taxName": "",
        "certificateCode": "",
        "certificateDate": "0001-01-01T00:00:00Z",
        "contactInformation": [
            
        ]
    },
    {
        "guid": "b5bf5281-8aaa-11ee-b5b1-005056013b0c",
        "archive": false,
        "dateOutputArchive": "0001-01-01T00:00:00Z",
        "code": "",
        "codeMSFO": "12898",
        "partner": "00000000-0000-0000-0000-000000000000",
        "virtual": false,
        "name": "РУССКИЙ ТРАКТОР АО",
        "nameAbbreviated": "РУСТРАКТОР АО",
        "nameFull": "РУССКИЙ ТРАКТОР АО",
        "nameEnglish": "",
        "type": 1,
        "noResident": false,
        "inn": "2100009681",
        "kpp": "210001001",
        "kppAdditional": "",
        "registrationNumber": "",
        "separateUnit": false,
        "organizationHead": "00000000-0000-0000-0000-000000000000",
        "concernType": "1eb22324-8aa6-11ee-b5b1-005056013b0c",
        "concernTypeCode": "000000007",
        "concernTypeHistory": [
            
        ],
        "basis": "связанная с 01.09.2023",
        "division": "45c669b4-894e-11ee-b5b1-005056013b0c",
        "divisionCode": "8",
        "divisionHistory": [
            
        ],
        "comment": "",
        "ogrn": "",
        "dateRegistration": "0001-01-01T00:00:00Z",
        "okpo": "",
        "okved": "00000000-0000-0000-0000-000000000000",
        "okvedCode": "",
        "ifnsCode": "",
        "ifnsName": "",
        "taxCode": "",
        "taxName": "",
        "certificateCode": "",
        "certificateDate": "0001-01-01T00:00:00Z",
        "contactInformation": [
            
        ]
    },
    {
        "guid": "b5bf5253-8aaa-11ee-b5b1-005056013b0c",
        "archive": false,
        "dateOutputArchive": "0001-01-01T00:00:00Z",
        "code": "000000006",
        "codeMSFO": "11361",
        "partner": "d8708a56-8a97-11ee-b5b1-005056013b0c",
        "virtual": false,
        "name": "Chetra Machinery Trade ТОО",
        "nameAbbreviated": "Сокращенное название",
        "nameFull": "Chetra Machinery Trade ТОО",
        "nameEnglish": "",
        "type": 1,
        "noResident": true,
        "inn": "",
        "kpp": "",
        "kppAdditional": "",
        "registrationNumber": "600900605591",
        "separateUnit": false,
        "organizationHead": "00000000-0000-0000-0000-000000000000",
        "concernType": "78f12e4b-8aa4-11ee-b5b1-005056013b0c",
        "concernTypeCode": "000000005",
        "concernTypeHistory": [
            
        ],
        "basis": "не применимо",
        "division": "45c669b4-894e-11ee-b5b1-005056013b0c",
        "divisionCode": "8",
        "divisionHistory": [
            
        ],
        "comment": "",
        "ogrn": "",
        "dateRegistration": "0001-01-01T00:00:00Z",
        "okpo": "",
        "okved": "00000000-0000-0000-0000-000000000000",
        "okvedCode": "",
        "ifnsCode": "",
        "ifnsName": "",
        "taxCode": "",
        "taxName": "",
        "certificateCode": "",
        "certificateDate": "0001-01-01T00:00:00Z",
        "contactInformation": [
            
        ]
    },
    {
        "guid": "b5bf5256-8aaa-11ee-b5b1-005056013b0c",
        "archive": false,
        "dateOutputArchive": "0001-01-01T00:00:00Z",
        "code": "000000004",
        "codeMSFO": "11346",
        "partner": "e214f965-8f47-11ee-b5b1-005056013b0c",
        "virtual": false,
        "name": "Metallic Commodities Inc.",
        "nameAbbreviated": "234",
        "nameFull": "Metallic Commodities Inc.",
        "nameEnglish": "",
        "type": 1,
        "noResident": true,
        "inn": "",
        "kpp": "",
        "kppAdditional": "",
        "registrationNumber": "1471388",
        "separateUnit": false,
        "organizationHead": "00000000-0000-0000-0000-000000000000",
        "concernType": "9aae7a0f-8dc2-11ee-b5b1-005056013b0c",
        "concernTypeCode": "000000008",
        "concernTypeHistory": [
            
        ],
        "basis": "связанная сторона с 2009г., на основании существенных сделок и доли владения (финансы). На текущую дату Группа имеет существенные размеры вклада в уст.капитал компании",
        "division": "45c669b4-894e-11ee-b5b1-005056013b0c",
        "divisionCode": "8",
        "divisionHistory": [
            
        ],
        "comment": "",
        "ogrn": "",
        "dateRegistration": "0001-01-01T00:00:00Z",
        "okpo": "",
        "okved": "00000000-0000-0000-0000-000000000000",
        "okvedCode": "",
        "ifnsCode": "",
        "ifnsName": "",
        "taxCode": "",
        "taxName": "",
        "certificateCode": "",
        "certificateDate": "0001-01-01T00:00:00Z",
        "contactInformation": [
            
        ]
    },
    {
        "guid": "b5bf5266-8aaa-11ee-b5b1-005056013b0c",
        "archive": false,
        "dateOutputArchive": "0001-01-01T00:00:00Z",
        "code": "000000008",
        "codeMSFO": "11364",
        "partner": "00000000-0000-0000-0000-000000000000",
        "virtual": false,
        "name": "НИИ стали АО",
        "nameAbbreviated": "НИИ стали АО",
        "nameFull": "НИИ стали АО",
        "nameEnglish": "",
        "type": 1,
        "noResident": false,
        "inn": "7713070243",
        "kpp": "771301001",
        "kppAdditional": "",
        "registrationNumber": "",
        "separateUnit": false,
        "organizationHead": "00000000-0000-0000-0000-000000000000",
        "concernType": "9aae7a0f-8dc2-11ee-b5b1-005056013b0c",
        "concernTypeCode": "000000008",
        "concernTypeHistory": [
            
        ],
        "basis": "не применимо",
        "division": "45c669b4-894e-11ee-b5b1-005056013b0c",
        "divisionCode": "8",
        "divisionHistory": [
            
        ],
        "comment": "",
        "ogrn": "",
        "dateRegistration": "0001-01-01T00:00:00Z",
        "okpo": "",
        "okved": "00000000-0000-0000-0000-000000000000",
        "okvedCode": "",
        "ifnsCode": "",
        "ifnsName": "",
        "taxCode": "",
        "taxName": "",
        "certificateCode": "",
        "certificateDate": "0001-01-01T00:00:00Z",
        "contactInformation": [
            
        ]
    }
]
]]></system-out>
  </testcase>
  <testcase name="getOrganizationListStepIsEmpty" classname="AutoTest.StructureTest" time="1.012"/>
  <testcase name="getOrganizationListStepMaxPlus" classname="AutoTest.StructureTest" time="0.776"/>
  <testcase name="getOrganizationListStepMaxPlus" classname="AutoTest.StructureTest" time="1.008"/>
  <testcase name="getOrganizationListStepMaxPlus" classname="AutoTest.StructureTest" time="1.007"/>
  <testcase name="getOrganizationListStepMaxPlus" classname="AutoTest.StructureTest" time="0.964"/>
  <testcase name="getOrganizationListStepMaxPlus" classname="AutoTest.StructureTest" time="0.985"/>
  <testcase name="getOrganizationListStepMaxPlus" classname="AutoTest.StructureTest" time="1.044"/>
  <testcase name="getOrganizationListStepMaxPlus" classname="AutoTest.StructureTest" time="1.027"/>
  <testcase name="getOrganizationListStepMaxPlus" classname="AutoTest.StructureTest" time="0.948"/>
  <testcase name="getOrganizationListStepMaxPlus" classname="AutoTest.StructureTest" time="1.037"/>
  <testcase name="getOrganizationListStepMaxPlus" classname="AutoTest.StructureTest" time="1.092"/>
  <testcase name="getOrganizationListStepMaxPlus" classname="AutoTest.StructureTest" time="0.895"/>
  <testcase name="getOrganizationListStepMaxPlus" classname="AutoTest.StructureTest" time="1.019"/>
  <testcase name="getOrganizationListStepMaxPlus" classname="AutoTest.StructureTest" time="1.105"/>
  <testcase name="getOrganizationListStepMaxPlus" classname="AutoTest.StructureTest" time="0.897"/>
  <testcase name="getOrganizationListStepMaxPlus" classname="AutoTest.StructureTest" time="0.992"/>
  <testcase name="getOrganizationMsfo" classname="AutoTest.StructureTest" time="1.38"/>
  <testcase name="getSfoGuid" classname="AutoTest.StructureTest" time="0.653"/>
  <testcase name="getSfoGuidNotExist" classname="AutoTest.StructureTest" time="0.956"/>
  <testcase name="getSfoGuidNotExist" classname="AutoTest.StructureTest" time="1.022"/>
  <testcase name="getSfoGuidNotExist" classname="AutoTest.StructureTest" time="1.069"/>
  <testcase name="getSfoGuidNotExist" classname="AutoTest.StructureTest" time="0.964"/>
  <testcase name="getSfoGuidNotExist" classname="AutoTest.StructureTest" time="0.975"/>
  <testcase name="getSfoGuidNotExist" classname="AutoTest.StructureTest" time="1.089"/>
  <testcase name="getSfoGuidNotExist" classname="AutoTest.StructureTest" time="0.928"/>
  <testcase name="getSfoGuidNotExist" classname="AutoTest.StructureTest" time="0.973"/>
  <testcase name="getSfoGuidNotExist" classname="AutoTest.StructureTest" time="1.037"/>
  <testcase name="getSfoGuidNotExist" classname="AutoTest.StructureTest" time="0.992"/>
  <testcase name="getSfoGuidNotExist" classname="AutoTest.StructureTest" time="0.985"/>
  <testcase name="getSfoList" classname="AutoTest.StructureTest" time="1.042"/>
  <testcase name="getSfoList" classname="AutoTest.StructureTest" time="0.991"/>
  <testcase name="getSfoList" classname="AutoTest.StructureTest" time="1.033"/>
  <testcase name="getSfoList" classname="AutoTest.StructureTest" time="1.119"/>
  <testcase name="getSfoList" classname="AutoTest.StructureTest" time="0.969"/>
  <testcase name="getSfoList" classname="AutoTest.StructureTest" time="1.018"/>
  <testcase name="getSfoListStepIsEmpty" classname="AutoTest.StructureTest" time="0.968"/>
  <testcase name="getSfoListStepMaxPlus" classname="AutoTest.StructureTest" time="0.914"/>
  <testcase name="getSfoListStepMaxPlus" classname="AutoTest.StructureTest" time="0.99"/>
  <testcase name="getSfoListStepMaxPlus" classname="AutoTest.StructureTest" time="1.079"/>
  <testcase name="getSfoListStepMaxPlus" classname="AutoTest.StructureTest" time="0.921"/>
  <testcase name="getSfoListStepMaxPlus" classname="AutoTest.StructureTest" time="1.008"/>
  <testcase name="getSfoListStepMaxPlus" classname="AutoTest.StructureTest" time="1.115"/>
  <testcase name="getSfoListStepMaxPlus" classname="AutoTest.StructureTest" time="0.867"/>
  <testcase name="getSfoListStepMaxPlus" classname="AutoTest.StructureTest" time="1.016"/>
  <testcase name="getSfoListStepMaxPlus" classname="AutoTest.StructureTest" time="0.978"/>
  <testcase name="getSfoListStepMaxPlus" classname="AutoTest.StructureTest" time="0.996"/>
  <testcase name="getSfoListStepMaxPlus" classname="AutoTest.StructureTest" time="1.038"/>
  <testcase name="getSfoListStepMaxPlus" classname="AutoTest.StructureTest" time="0.987"/>
  <testcase name="getSfoListStepMaxPlus" classname="AutoTest.StructureTest" time="1.027"/>
  <testcase name="getSfoListStepMaxPlus" classname="AutoTest.StructureTest" time="1.002"/>
  <testcase name="getSfoListStepMaxPlus" classname="AutoTest.StructureTest" time="0.958"/>
</testsuite>