<?xml version="1.0" encoding="UTF-8"?>
<!-- Generated by org.testng.reporters.JUnitReportReporter -->
<testsuite hostname="DESKTOP-EKIHJ54" failures="0" tests="272" name="AutoTest.ClassifireIsAllRussianTest" time="271.925" errors="0" timestamp="2024-01-24T09:05:30 MSK" skipped="0">
  <testcase classname="AutoTest.ClassifireIsAllRussianTest" name="getOkvedGuidNotExist" time="1.013"/>
  <system-out/>
  <testcase classname="AutoTest.ClassifireIsAllRussianTest" name="getOkpdList" time="0.909"/>
  <system-out/>
  <testcase classname="AutoTest.ClassifireIsAllRussianTest" name="getTnvedGuidNotExist" time="0.945"/>
  <system-out/>
  <testcase classname="AutoTest.ClassifireIsAllRussianTest" name="getCountryListStepMaxPlus" time="0.973"/>
  <system-out/>
  <testcase classname="AutoTest.ClassifireIsAllRussianTest" name="getCurrencyGuidNotExist" time="1.180"/>
  <system-out/>
  <testcase classname="AutoTest.ClassifireIsAllRussianTest" name="getOkopfListStepMaxPlus" time="1.096"/>
  <system-out/>
  <testcase classname="AutoTest.ClassifireIsAllRussianTest" name="getTnvedListStepMaxPlus" time="1.023"/>
  <system-out/>
  <testcase classname="AutoTest.ClassifireIsAllRussianTest" name="getCurrencyList" time="1.023"/>
  <system-out/>
  <testcase classname="AutoTest.ClassifireIsAllRussianTest" name="getOkopfList" time="1.009"/>
  <system-out/>
  <testcase classname="AutoTest.ClassifireIsAllRussianTest" name="getOkvedListStepMaxPlus" time="0.830"/>
  <system-out/>
  <testcase classname="AutoTest.ClassifireIsAllRussianTest" name="getRegionListStepMaxPlus" time="1.047"/>
  <system-out/>
  <testcase classname="AutoTest.ClassifireIsAllRussianTest" name="getOkopfListStepMaxPlus" time="1.000"/>
  <system-out/>
  <testcase classname="AutoTest.ClassifireIsAllRussianTest" name="getCurrencyGuidNotExist" time="0.966"/>
  <system-out/>
  <testcase classname="AutoTest.ClassifireIsAllRussianTest" name="getBankGuidNotExist" time="0.998"/>
  <system-out/>
  <testcase classname="AutoTest.ClassifireIsAllRussianTest" name="getRegionListStepMaxPlus" time="0.880"/>
  <system-out/>
  <testcase classname="AutoTest.ClassifireIsAllRussianTest" name="getTnvedGuidNotExist" time="0.780"/>
  <system-out/>
  <testcase classname="AutoTest.ClassifireIsAllRussianTest" name="getBankListStepMaxPlus" time="1.034"/>
  <system-out/>
  <testcase classname="AutoTest.ClassifireIsAllRussianTest" name="getTnvedList" time="1.235"/>
  <system-out/>
  <testcase classname="AutoTest.ClassifireIsAllRussianTest" name="getOkopfList" time="0.892"/>
  <system-out/>
  <testcase classname="AutoTest.ClassifireIsAllRussianTest" name="getRegionGuidNotExist" time="0.929"/>
  <system-out/>
  <testcase classname="AutoTest.ClassifireIsAllRussianTest" name="getCountryGuidNotExist" time="1.037"/>
  <system-out/>
  <testcase classname="AutoTest.ClassifireIsAllRussianTest" name="getTnvedListStepMaxPlus" time="0.827"/>
  <system-out/>
  <testcase classname="AutoTest.ClassifireIsAllRussianTest" name="getCurrencyGuidNotExist" time="1.180"/>
  <system-out/>
  <testcase classname="AutoTest.ClassifireIsAllRussianTest" name="getCurrencyList" time="0.895"/>
  <system-out/>
  <testcase classname="AutoTest.ClassifireIsAllRussianTest" name="getCountryGuidNotExist" time="1.021"/>
  <system-out/>
  <testcase classname="AutoTest.ClassifireIsAllRussianTest" name="getCurrencyListStepMaxPlus" time="0.970"/>
  <system-out/>
  <testcase classname="AutoTest.ClassifireIsAllRussianTest" name="getTnvedListStepMaxPlus" time="0.888"/>
  <system-out/>
  <testcase classname="AutoTest.ClassifireIsAllRussianTest" name="getRegionGuid" time="1.192"/>
  <system-out/>
  <testcase classname="AutoTest.ClassifireIsAllRussianTest" name="getOkvedList" time="1.010"/>
  <system-out/>
  <testcase classname="AutoTest.ClassifireIsAllRussianTest" name="getOkopfGuidNotExist" time="0.982"/>
  <system-out/>
  <testcase classname="AutoTest.ClassifireIsAllRussianTest" name="getCountryListStepMaxPlus" time="1.032"/>
  <system-out/>
  <testcase classname="AutoTest.ClassifireIsAllRussianTest" name="getCountryGuidNotExist" time="0.859"/>
  <system-out/>
  <testcase classname="AutoTest.ClassifireIsAllRussianTest" name="getCountryListStepMaxPlus" time="1.061"/>
  <system-out/>
  <testcase classname="AutoTest.ClassifireIsAllRussianTest" name="getOkopfGuidNotExist" time="0.980"/>
  <system-out/>
  <testcase classname="AutoTest.ClassifireIsAllRussianTest" name="getOkopfList" time="0.988"/>
  <system-out/>
  <testcase classname="AutoTest.ClassifireIsAllRussianTest" name="getCurrencyListStepMaxPlus" time="1.007"/>
  <system-out/>
  <testcase classname="AutoTest.ClassifireIsAllRussianTest" name="getCurrencyGuidNotExist" time="0.859"/>
  <system-out/>
  <testcase classname="AutoTest.ClassifireIsAllRussianTest" name="getOkopfGuidNotExist" time="0.858"/>
  <system-out/>
  <testcase classname="AutoTest.ClassifireIsAllRussianTest" name="getBankList" time="1.403"/>
  <system-out/>
  <testcase classname="AutoTest.ClassifireIsAllRussianTest" name="getOkopfListStepMaxPlus" time="1.094"/>
  <system-out/>
  <testcase classname="AutoTest.ClassifireIsAllRussianTest" name="getBankListStepMaxPlus" time="0.991"/>
  <system-out/>
  <testcase classname="AutoTest.ClassifireIsAllRussianTest" name="getOkopfGuidNotExist" time="0.897"/>
  <system-out/>
  <testcase classname="AutoTest.ClassifireIsAllRussianTest" name="getBankGuidNotExist" time="1.215"/>
  <system-out/>
  <testcase classname="AutoTest.ClassifireIsAllRussianTest" name="getCountryListStepMaxPlus" time="0.912"/>
  <system-out/>
  <testcase classname="AutoTest.ClassifireIsAllRussianTest" name="getOkvedGuidNotExist" time="0.912"/>
  <system-out/>
  <testcase classname="AutoTest.ClassifireIsAllRussianTest" name="getBankGuid" time="0.904"/>
  <system-out/>
  <testcase classname="AutoTest.ClassifireIsAllRussianTest" name="getOkvedGuidNotExist" time="0.997"/>
  <system-out/>
  <testcase classname="AutoTest.ClassifireIsAllRussianTest" name="getRegionGuidNotExist" time="1.026"/>
  <system-out/>
  <testcase classname="AutoTest.ClassifireIsAllRussianTest" name="getOkvedListStepMaxPlus" time="0.954"/>
  <system-out/>
  <testcase classname="AutoTest.ClassifireIsAllRussianTest" name="getCurrencyGuidNotExist" time="0.957"/>
  <system-out/>
  <testcase classname="AutoTest.ClassifireIsAllRussianTest" name="getOkpdListStepMaxPlus" time="1.106"/>
  <system-out/>
  <testcase classname="AutoTest.ClassifireIsAllRussianTest" name="getOkvedGuidNotExist" time="0.999"/>
  <system-out/>
  <testcase classname="AutoTest.ClassifireIsAllRussianTest" name="getBankListStepMaxPlus" time="0.984"/>
  <system-out/>
  <testcase classname="AutoTest.ClassifireIsAllRussianTest" name="getCurrencyListStepMaxPlus" time="1.063"/>
  <system-out/>
  <testcase classname="AutoTest.ClassifireIsAllRussianTest" name="getCurrencyGuid" time="0.982"/>
  <system-out/>
  <testcase classname="AutoTest.ClassifireIsAllRussianTest" name="getOkvedGuidNotExist" time="0.884"/>
  <system-out/>
  <testcase classname="AutoTest.ClassifireIsAllRussianTest" name="getCountryListStepIsEmpty" time="1.005"/>
  <system-out/>
  <testcase classname="AutoTest.ClassifireIsAllRussianTest" name="getTnvedListStepMaxPlus" time="0.588"/>
  <system-out/>
  <testcase classname="AutoTest.ClassifireIsAllRussianTest" name="getRegionListStepMaxPlus" time="1.263"/>
  <system-out/>
  <testcase classname="AutoTest.ClassifireIsAllRussianTest" name="getCountryListStepMaxPlus" time="0.962"/>
  <system-out/>
  <testcase classname="AutoTest.ClassifireIsAllRussianTest" name="getOkopfListStepIsEmpty" time="0.978"/>
  <system-out/>
  <testcase classname="AutoTest.ClassifireIsAllRussianTest" name="getBankGuidNotExist" time="1.011"/>
  <system-out/>
  <testcase classname="AutoTest.ClassifireIsAllRussianTest" name="getOkvedListStepMaxPlus" time="1.038"/>
  <system-out/>
  <testcase classname="AutoTest.ClassifireIsAllRussianTest" name="getRegionListStepMaxPlus" time="0.885"/>
  <system-out/>
  <testcase classname="AutoTest.ClassifireIsAllRussianTest" name="getRegionGuidNotExist" time="0.916"/>
  <system-out/>
  <testcase classname="AutoTest.ClassifireIsAllRussianTest" name="getOkpdGuidNotExist" time="0.999"/>
  <system-out/>
  <testcase classname="AutoTest.ClassifireIsAllRussianTest" name="getTnvedList" time="0.990"/>
  <system-out/>
  <testcase classname="AutoTest.ClassifireIsAllRussianTest" name="getOkpdListStepMaxPlus" time="0.941"/>
  <system-out/>
  <testcase classname="AutoTest.ClassifireIsAllRussianTest" name="getCountryList" time="0.889"/>
  <system-out/>
  <testcase classname="AutoTest.ClassifireIsAllRussianTest" name="getRegionListStepMaxPlus" time="1.192"/>
  <system-out/>
  <testcase classname="AutoTest.ClassifireIsAllRussianTest" name="getRegionListStepMaxPlus" time="1.180"/>
  <system-out/>
  <testcase classname="AutoTest.ClassifireIsAllRussianTest" name="getRegionListStepMaxPlus" time="1.001"/>
  <system-out/>
  <testcase classname="AutoTest.ClassifireIsAllRussianTest" name="getCurrencyGuidNotExist" time="0.987"/>
  <system-out/>
  <testcase classname="AutoTest.ClassifireIsAllRussianTest" name="getOkpdListStepMaxPlus" time="0.791"/>
  <system-out/>
  <testcase classname="AutoTest.ClassifireIsAllRussianTest" name="getOkopfListStepMaxPlus" time="1.037"/>
  <system-out/>
  <testcase classname="AutoTest.ClassifireIsAllRussianTest" name="getOkopfListStepMaxPlus" time="0.983"/>
  <system-out/>
  <testcase classname="AutoTest.ClassifireIsAllRussianTest" name="getCountryListStepMaxPlus" time="1.045"/>
  <system-out/>
  <testcase classname="AutoTest.ClassifireIsAllRussianTest" name="getOkvedList" time="0.994"/>
  <system-out/>
  <testcase classname="AutoTest.ClassifireIsAllRussianTest" name="getOkvedListStepMaxPlus" time="1.024"/>
  <system-out/>
  <testcase classname="AutoTest.ClassifireIsAllRussianTest" name="getTnvedGuid" time="1.003"/>
  <system-out/>
  <testcase classname="AutoTest.ClassifireIsAllRussianTest" name="getRegionGuidNotExist" time="1.031"/>
  <system-out/>
  <testcase classname="AutoTest.ClassifireIsAllRussianTest" name="getCurrencyListStepMaxPlus" time="1.121"/>
  <system-out/>
  <testcase classname="AutoTest.ClassifireIsAllRussianTest" name="getOkpdGuidNotExist" time="1.218"/>
  <system-out/>
  <testcase classname="AutoTest.ClassifireIsAllRussianTest" name="getCountryListStepMaxPlus" time="0.867"/>
  <system-out/>
  <testcase classname="AutoTest.ClassifireIsAllRussianTest" name="getRegionListStepMaxPlus" time="0.970"/>
  <system-out/>
  <testcase classname="AutoTest.ClassifireIsAllRussianTest" name="getTnvedGuidNotExist" time="0.898"/>
  <system-out/>
  <testcase classname="AutoTest.ClassifireIsAllRussianTest" name="getTnvedGuidNotExist" time="0.960"/>
  <system-out/>
  <testcase classname="AutoTest.ClassifireIsAllRussianTest" name="getOkvedGuid" time="0.976"/>
  <system-out/>
  <testcase classname="AutoTest.ClassifireIsAllRussianTest" name="getBankList" time="0.992"/>
  <system-out/>
  <testcase classname="AutoTest.ClassifireIsAllRussianTest" name="getCurrencyListStepIsEmpty" time="0.872"/>
  <system-out/>
  <testcase classname="AutoTest.ClassifireIsAllRussianTest" name="getCurrencyList" time="1.156"/>
  <system-out/>
  <testcase classname="AutoTest.ClassifireIsAllRussianTest" name="getOkpdListStepMaxPlus" time="1.106"/>
  <system-out/>
  <testcase classname="AutoTest.ClassifireIsAllRussianTest" name="getOkopfListStepMaxPlus" time="1.024"/>
  <system-out/>
  <testcase classname="AutoTest.ClassifireIsAllRussianTest" name="getCountryList" time="0.990"/>
  <system-out/>
  <testcase classname="AutoTest.ClassifireIsAllRussianTest" name="getOkpdListStepMaxPlus" time="1.001"/>
  <system-out/>
  <testcase classname="AutoTest.ClassifireIsAllRussianTest" name="getOkopfListStepMaxPlus" time="0.924"/>
  <system-out/>
  <testcase classname="AutoTest.ClassifireIsAllRussianTest" name="getOkopfGuidNotExist" time="1.047"/>
  <system-out/>
  <testcase classname="AutoTest.ClassifireIsAllRussianTest" name="getTnvedGuidNotExist" time="1.004"/>
  <system-out/>
  <testcase classname="AutoTest.ClassifireIsAllRussianTest" name="getTnvedGuidNotExist" time="1.106"/>
  <system-out/>
  <testcase classname="AutoTest.ClassifireIsAllRussianTest" name="getOkpdList" time="1.249"/>
  <system-out/>
  <testcase classname="AutoTest.ClassifireIsAllRussianTest" name="getOkvedGuidNotExist" time="0.918"/>
  <system-out/>
  <testcase classname="AutoTest.ClassifireIsAllRussianTest" name="getRegionList" time="0.976"/>
  <system-out/>
  <testcase classname="AutoTest.ClassifireIsAllRussianTest" name="getTnvedGuidNotExist" time="1.211"/>
  <system-out/>
  <testcase classname="AutoTest.ClassifireIsAllRussianTest" name="getCurrencyListStepMaxPlus" time="1.045"/>
  <system-out/>
  <testcase classname="AutoTest.ClassifireIsAllRussianTest" name="getOkopfListStepMaxPlus" time="1.151"/>
  <system-out/>
  <testcase classname="AutoTest.ClassifireIsAllRussianTest" name="getOkvedGuidNotExist" time="1.002"/>
  <system-out/>
  <testcase classname="AutoTest.ClassifireIsAllRussianTest" name="getCountryListStepMaxPlus" time="1.125"/>
  <system-out/>
  <testcase classname="AutoTest.ClassifireIsAllRussianTest" name="getOkpdList" time="0.953"/>
  <system-out/>
  <testcase classname="AutoTest.ClassifireIsAllRussianTest" name="getOkopfListStepMaxPlus" time="1.007"/>
  <system-out/>
  <testcase classname="AutoTest.ClassifireIsAllRussianTest" name="getRegionListStepMaxPlus" time="0.774"/>
  <system-out/>
  <testcase classname="AutoTest.ClassifireIsAllRussianTest" name="getRegionListStepMaxPlus" time="0.969"/>
  <system-out/>
  <testcase classname="AutoTest.ClassifireIsAllRussianTest" name="getOkpdList" time="1.256"/>
  <system-out/>
  <testcase classname="AutoTest.ClassifireIsAllRussianTest" name="getOkpdGuidNotExist" time="1.040"/>
  <system-out/>
  <testcase classname="AutoTest.ClassifireIsAllRussianTest" name="getOkopfGuid" time="0.910"/>
  <system-out/>
  <testcase classname="AutoTest.ClassifireIsAllRussianTest" name="getRegionList" time="0.865"/>
  <system-out/>
  <testcase classname="AutoTest.ClassifireIsAllRussianTest" name="getRegionListStepMaxPlus" time="0.989"/>
  <system-out/>
  <testcase classname="AutoTest.ClassifireIsAllRussianTest" name="getCountryGuid" time="1.296"/>
  <system-out/>
  <testcase classname="AutoTest.ClassifireIsAllRussianTest" name="getCountryListStepMaxPlus" time="0.951"/>
  <system-out/>
  <testcase classname="AutoTest.ClassifireIsAllRussianTest" name="getCurrencyListStepMaxPlus" time="0.885"/>
  <system-out/>
  <testcase classname="AutoTest.ClassifireIsAllRussianTest" name="getCountryList" time="1.136"/>
  <system-out/>
  <testcase classname="AutoTest.ClassifireIsAllRussianTest" name="getBankGuidNotExist" time="0.906"/>
  <system-out/>
  <testcase classname="AutoTest.ClassifireIsAllRussianTest" name="getTnvedListStepMaxPlus" time="0.989"/>
  <system-out/>
  <testcase classname="AutoTest.ClassifireIsAllRussianTest" name="getCurrencyListStepMaxPlus" time="1.126"/>
  <system-out/>
  <testcase classname="AutoTest.ClassifireIsAllRussianTest" name="getOkvedGuidNotExist" time="1.100"/>
  <system-out/>
  <testcase classname="AutoTest.ClassifireIsAllRussianTest" name="getCurrencyListStepMaxPlus" time="0.949"/>
  <system-out/>
  <testcase classname="AutoTest.ClassifireIsAllRussianTest" name="getOkpdListStepMaxPlus" time="0.976"/>
  <system-out/>
  <testcase classname="AutoTest.ClassifireIsAllRussianTest" name="getOkvedList" time="0.952"/>
  <system-out/>
  <testcase classname="AutoTest.ClassifireIsAllRussianTest" name="getOkopfGuidNotExist" time="1.081"/>
  <system-out/>
  <testcase classname="AutoTest.ClassifireIsAllRussianTest" name="getCurrencyListStepMaxPlus" time="1.146"/>
  <system-out/>
  <testcase classname="AutoTest.ClassifireIsAllRussianTest" name="getCountryListStepMaxPlus" time="1.018"/>
  <system-out/>
  <testcase classname="AutoTest.ClassifireIsAllRussianTest" name="getOkpdGuidNotExist" time="0.998"/>
  <system-out/>
  <testcase classname="AutoTest.ClassifireIsAllRussianTest" name="getBankListStepMaxPlus" time="0.997"/>
  <system-out/>
  <testcase classname="AutoTest.ClassifireIsAllRussianTest" name="getBankListStepMaxPlus" time="0.977"/>
  <system-out/>
  <testcase classname="AutoTest.ClassifireIsAllRussianTest" name="getOkpdGuidNotExist" time="0.834"/>
  <system-out/>
  <testcase classname="AutoTest.ClassifireIsAllRussianTest" name="getOkvedGuidNotExist" time="1.098"/>
  <system-out/>
  <testcase classname="AutoTest.ClassifireIsAllRussianTest" name="getOkpdGuidNotExist" time="1.109"/>
  <system-out/>
  <testcase classname="AutoTest.ClassifireIsAllRussianTest" name="getOkpdListStepMaxPlus" time="0.877"/>
  <system-out/>
  <testcase classname="AutoTest.ClassifireIsAllRussianTest" name="getBankList" time="0.994"/>
  <system-out/>
  <testcase classname="AutoTest.ClassifireIsAllRussianTest" name="getCountryListStepMaxPlus" time="0.953"/>
  <system-out/>
  <testcase classname="AutoTest.ClassifireIsAllRussianTest" name="getRegionListStepMaxPlus" time="1.143"/>
  <system-out/>
  <testcase classname="AutoTest.ClassifireIsAllRussianTest" name="getTnvedList" time="1.222"/>
  <system-out/>
  <testcase classname="AutoTest.ClassifireIsAllRussianTest" name="getOkopfGuidNotExist" time="1.033"/>
  <system-out/>
  <testcase classname="AutoTest.ClassifireIsAllRussianTest" name="getRegionGuidNotExist" time="1.021"/>
  <system-out/>
  <testcase classname="AutoTest.ClassifireIsAllRussianTest" name="getTnvedListStepIsEmpty" time="0.785"/>
  <system-out/>
  <testcase classname="AutoTest.ClassifireIsAllRussianTest" name="getOkpdListStepMaxPlus" time="0.994"/>
  <system-out/>
  <testcase classname="AutoTest.ClassifireIsAllRussianTest" name="getBankListStepMaxPlus" time="0.860"/>
  <system-out/>
  <testcase classname="AutoTest.ClassifireIsAllRussianTest" name="getOkpdListStepMaxPlus" time="0.998"/>
  <system-out/>
  <testcase classname="AutoTest.ClassifireIsAllRussianTest" name="getTnvedListStepMaxPlus" time="0.989"/>
  <system-out/>
  <testcase classname="AutoTest.ClassifireIsAllRussianTest" name="getTnvedListStepMaxPlus" time="1.095"/>
  <system-out/>
  <testcase classname="AutoTest.ClassifireIsAllRussianTest" name="getOkvedListStepMaxPlus" time="0.994"/>
  <system-out/>
  <testcase classname="AutoTest.ClassifireIsAllRussianTest" name="getOkvedList" time="1.012"/>
  <system-out/>
  <testcase classname="AutoTest.ClassifireIsAllRussianTest" name="getOkvedListStepMaxPlus" time="0.926"/>
  <system-out/>
  <testcase classname="AutoTest.ClassifireIsAllRussianTest" name="getOkpdGuidNotExist" time="1.005"/>
  <system-out/>
  <testcase classname="AutoTest.ClassifireIsAllRussianTest" name="getTnvedListStepMaxPlus" time="1.032"/>
  <system-out/>
  <testcase classname="AutoTest.ClassifireIsAllRussianTest" name="getRegionList" time="1.183"/>
  <system-out/>
  <testcase classname="AutoTest.ClassifireIsAllRussianTest" name="getRegionListStepMaxPlus" time="0.776"/>
  <system-out/>
  <testcase classname="AutoTest.ClassifireIsAllRussianTest" name="getRegionListStepIsEmpty" time="0.956"/>
  <system-out/>
  <testcase classname="AutoTest.ClassifireIsAllRussianTest" name="getCountryGuidNotExist" time="1.044"/>
  <system-out/>
  <testcase classname="AutoTest.ClassifireIsAllRussianTest" name="getTnvedListStepMaxPlus" time="0.972"/>
  <system-out/>
  <testcase classname="AutoTest.ClassifireIsAllRussianTest" name="getRegionListStepMaxPlus" time="0.865"/>
  <system-out/>
  <testcase classname="AutoTest.ClassifireIsAllRussianTest" name="getBankGuidNotExist" time="1.196"/>
  <system-out/>
  <testcase classname="AutoTest.ClassifireIsAllRussianTest" name="getRegionGuidNotExist" time="0.964"/>
  <system-out/>
  <testcase classname="AutoTest.ClassifireIsAllRussianTest" name="getCurrencyList" time="1.153"/>
  <system-out/>
  <testcase classname="AutoTest.ClassifireIsAllRussianTest" name="getCountryList" time="0.870"/>
  <system-out/>
  <testcase classname="AutoTest.ClassifireIsAllRussianTest" name="getOkvedListStepMaxPlus" time="0.887"/>
  <system-out/>
  <testcase classname="AutoTest.ClassifireIsAllRussianTest" name="getTnvedGuidNotExist" time="1.001"/>
  <system-out/>
  <testcase classname="AutoTest.ClassifireIsAllRussianTest" name="getOkpdGuidNotExist" time="1.155"/>
  <system-out/>
  <testcase classname="AutoTest.ClassifireIsAllRussianTest" name="getOkopfGuidNotExist" time="1.013"/>
  <system-out/>
  <testcase classname="AutoTest.ClassifireIsAllRussianTest" name="getOkpdGuidNotExist" time="0.969"/>
  <system-out/>
  <testcase classname="AutoTest.ClassifireIsAllRussianTest" name="getCountryGuidNotExist" time="1.007"/>
  <system-out/>
  <testcase classname="AutoTest.ClassifireIsAllRussianTest" name="getRegionGuidNotExist" time="0.994"/>
  <system-out/>
  <testcase classname="AutoTest.ClassifireIsAllRussianTest" name="getOkvedListStepMaxPlus" time="0.881"/>
  <system-out/>
  <testcase classname="AutoTest.ClassifireIsAllRussianTest" name="getOkvedListStepMaxPlus" time="1.021"/>
  <system-out/>
  <testcase classname="AutoTest.ClassifireIsAllRussianTest" name="getOkpdListStepMaxPlus" time="1.134"/>
  <system-out/>
  <testcase classname="AutoTest.ClassifireIsAllRussianTest" name="getTnvedListStepMaxPlus" time="1.021"/>
  <system-out/>
  <testcase classname="AutoTest.ClassifireIsAllRussianTest" name="getCountryListStepMaxPlus" time="1.081"/>
  <system-out/>
  <testcase classname="AutoTest.ClassifireIsAllRussianTest" name="getOkvedGuidNotExist" time="1.070"/>
  <system-out/>
  <testcase classname="AutoTest.ClassifireIsAllRussianTest" name="getRegionGuidNotExist" time="1.154"/>
  <system-out/>
  <testcase classname="AutoTest.ClassifireIsAllRussianTest" name="getOkpdGuidNotExist" time="0.834"/>
  <system-out/>
  <testcase classname="AutoTest.ClassifireIsAllRussianTest" name="getCountryGuidNotExist" time="0.911"/>
  <system-out/>
  <testcase classname="AutoTest.ClassifireIsAllRussianTest" name="getBankListStepMaxPlus" time="0.476"/>
  <system-out/>
  <testcase classname="AutoTest.ClassifireIsAllRussianTest" name="getBankListStepMaxPlus" time="0.998"/>
  <system-out/>
  <testcase classname="AutoTest.ClassifireIsAllRussianTest" name="getCountryList" time="1.190"/>
  <system-out/>
  <testcase classname="AutoTest.ClassifireIsAllRussianTest" name="getRegionGuidNotExist" time="0.914"/>
  <system-out/>
  <testcase classname="AutoTest.ClassifireIsAllRussianTest" name="getCurrencyListStepMaxPlus" time="0.895"/>
  <system-out/>
  <testcase classname="AutoTest.ClassifireIsAllRussianTest" name="getTnvedGuidNotExist" time="1.130"/>
  <system-out/>
  <testcase classname="AutoTest.ClassifireIsAllRussianTest" name="getCountryGuidNotExist" time="1.139"/>
  <system-out/>
  <testcase classname="AutoTest.ClassifireIsAllRussianTest" name="getTnvedListStepMaxPlus" time="1.154"/>
  <system-out/>
  <testcase classname="AutoTest.ClassifireIsAllRussianTest" name="getRegionGuidNotExist" time="0.875"/>
  <system-out/>
  <testcase classname="AutoTest.ClassifireIsAllRussianTest" name="getBankListStepMaxPlus" time="1.127"/>
  <system-out/>
  <testcase classname="AutoTest.ClassifireIsAllRussianTest" name="getCurrencyList" time="0.980"/>
  <system-out/>
  <testcase classname="AutoTest.ClassifireIsAllRussianTest" name="getTnvedList" time="0.964"/>
  <system-out/>
  <testcase classname="AutoTest.ClassifireIsAllRussianTest" name="getCurrencyGuidNotExist" time="0.963"/>
  <system-out/>
  <testcase classname="AutoTest.ClassifireIsAllRussianTest" name="getTnvedList" time="0.975"/>
  <system-out/>
  <testcase classname="AutoTest.ClassifireIsAllRussianTest" name="getOkpdListStepMaxPlus" time="1.195"/>
  <system-out/>
  <testcase classname="AutoTest.ClassifireIsAllRussianTest" name="getBankListStepMaxPlus" time="1.132"/>
  <system-out/>
  <testcase classname="AutoTest.ClassifireIsAllRussianTest" name="getOkopfListStepMaxPlus" time="0.997"/>
  <system-out/>
  <testcase classname="AutoTest.ClassifireIsAllRussianTest" name="getCountryListStepMaxPlus" time="0.984"/>
  <system-out/>
  <testcase classname="AutoTest.ClassifireIsAllRussianTest" name="getCurrencyList" time="0.976"/>
  <system-out/>
  <testcase classname="AutoTest.ClassifireIsAllRussianTest" name="getBankGuidNotExist" time="1.177"/>
  <system-out/>
  <testcase classname="AutoTest.ClassifireIsAllRussianTest" name="getOkvedListStepMaxPlus" time="1.016"/>
  <system-out/>
  <testcase classname="AutoTest.ClassifireIsAllRussianTest" name="getOkopfListStepMaxPlus" time="0.817"/>
  <system-out/>
  <testcase classname="AutoTest.ClassifireIsAllRussianTest" name="getOkopfListStepMaxPlus" time="1.013"/>
  <system-out/>
  <testcase classname="AutoTest.ClassifireIsAllRussianTest" name="getBankGuidNotExist" time="0.830"/>
  <system-out/>
  <testcase classname="AutoTest.ClassifireIsAllRussianTest" name="getBankListStepMaxPlus" time="1.019"/>
  <system-out/>
  <testcase classname="AutoTest.ClassifireIsAllRussianTest" name="getCountryGuidNotExist" time="0.697"/>
  <system-out/>
  <testcase classname="AutoTest.ClassifireIsAllRussianTest" name="getCurrencyGuidNotExist" time="1.084"/>
  <system-out/>
  <testcase classname="AutoTest.ClassifireIsAllRussianTest" name="getBankList" time="1.158"/>
  <system-out/>
  <testcase classname="AutoTest.ClassifireIsAllRussianTest" name="getCurrencyListStepMaxPlus" time="0.973"/>
  <system-out/>
  <testcase classname="AutoTest.ClassifireIsAllRussianTest" name="getOkvedListStepMaxPlus" time="1.012"/>
  <system-out/>
  <testcase classname="AutoTest.ClassifireIsAllRussianTest" name="getOkpdListStepMaxPlus" time="1.026"/>
  <system-out/>
  <testcase classname="AutoTest.ClassifireIsAllRussianTest" name="getCountryGuidNotExist" time="0.951"/>
  <system-out/>
  <testcase classname="AutoTest.ClassifireIsAllRussianTest" name="getTnvedListStepMaxPlus" time="1.001"/>
  <system-out/>
  <testcase classname="AutoTest.ClassifireIsAllRussianTest" name="getCountryGuidNotExist" time="0.954"/>
  <system-out/>
  <testcase classname="AutoTest.ClassifireIsAllRussianTest" name="getOkvedList" time="0.996"/>
  <system-out/>
  <testcase classname="AutoTest.ClassifireIsAllRussianTest" name="getTnvedListStepMaxPlus" time="0.992"/>
  <system-out/>
  <testcase classname="AutoTest.ClassifireIsAllRussianTest" name="getCountryList" time="0.916"/>
  <system-out/>
  <testcase classname="AutoTest.ClassifireIsAllRussianTest" name="getOkopfList" time="0.912"/>
  <system-out/>
  <testcase classname="AutoTest.ClassifireIsAllRussianTest" name="getBankList" time="1.048"/>
  <system-out/>
  <testcase classname="AutoTest.ClassifireIsAllRussianTest" name="getOkopfList" time="1.166"/>
  <system-out/>
  <testcase classname="AutoTest.ClassifireIsAllRussianTest" name="getTnvedGuidNotExist" time="1.000"/>
  <system-out/>
  <testcase classname="AutoTest.ClassifireIsAllRussianTest" name="getCurrencyListStepMaxPlus" time="0.863"/>
  <system-out/>
  <testcase classname="AutoTest.ClassifireIsAllRussianTest" name="getBankListStepMaxPlus" time="1.151"/>
  <system-out/>
  <testcase classname="AutoTest.ClassifireIsAllRussianTest" name="getOkvedList" time="1.164"/>
  <system-out/>
  <testcase classname="AutoTest.ClassifireIsAllRussianTest" name="getRegionList" time="1.016"/>
  <system-out/>
  <testcase classname="AutoTest.ClassifireIsAllRussianTest" name="getRegionList" time="0.958"/>
  <system-out/>
  <testcase classname="AutoTest.ClassifireIsAllRussianTest" name="getCurrencyGuidNotExist" time="0.865"/>
  <system-out/>
  <testcase classname="AutoTest.ClassifireIsAllRussianTest" name="getOkopfListStepMaxPlus" time="0.892"/>
  <system-out/>
  <testcase classname="AutoTest.ClassifireIsAllRussianTest" name="getOkvedListStepMaxPlus" time="0.967"/>
  <system-out/>
  <testcase classname="AutoTest.ClassifireIsAllRussianTest" name="getOkpdListStepIsEmpty" time="0.815"/>
  <system-out/>
  <testcase classname="AutoTest.ClassifireIsAllRussianTest" name="getRegionGuidNotExist" time="1.015"/>
  <system-out/>
  <testcase classname="AutoTest.ClassifireIsAllRussianTest" name="getTnvedList" time="1.160"/>
  <system-out/>
  <testcase classname="AutoTest.ClassifireIsAllRussianTest" name="getOkpdGuidNotExist" time="0.801"/>
  <system-out/>
  <testcase classname="AutoTest.ClassifireIsAllRussianTest" name="getOkopfList" time="1.010"/>
  <system-out/>
  <testcase classname="AutoTest.ClassifireIsAllRussianTest" name="getCurrencyGuidNotExist" time="0.903"/>
  <system-out/>
  <testcase classname="AutoTest.ClassifireIsAllRussianTest" name="getOkopfListStepMaxPlus" time="1.026"/>
  <system-out/>
  <testcase classname="AutoTest.ClassifireIsAllRussianTest" name="getCountryListStepMaxPlus" time="1.053"/>
  <system-out/>
  <testcase classname="AutoTest.ClassifireIsAllRussianTest" name="getOkvedListStepIsEmpty" time="1.203"/>
  <system-out/>
  <testcase classname="AutoTest.ClassifireIsAllRussianTest" name="getTnvedListStepMaxPlus" time="0.882"/>
  <system-out/>
  <testcase classname="AutoTest.ClassifireIsAllRussianTest" name="getBankGuidNotExist" time="1.005"/>
  <system-out/>
  <testcase classname="AutoTest.ClassifireIsAllRussianTest" name="getOkopfListStepMaxPlus" time="0.894"/>
  <system-out/>
  <testcase classname="AutoTest.ClassifireIsAllRussianTest" name="getCountryGuidNotExist" time="1.130"/>
  <system-out/>
  <testcase classname="AutoTest.ClassifireIsAllRussianTest" name="getOkvedListStepMaxPlus" time="1.191"/>
  <system-out/>
  <testcase classname="AutoTest.ClassifireIsAllRussianTest" name="getOkpdList" time="1.124"/>
  <system-out/>
  <testcase classname="AutoTest.ClassifireIsAllRussianTest" name="getBankGuidNotExist" time="1.011"/>
  <system-out/>
  <testcase classname="AutoTest.ClassifireIsAllRussianTest" name="getBankListStepMaxPlus" time="1.001"/>
  <system-out/>
  <testcase classname="AutoTest.ClassifireIsAllRussianTest" name="getBankListStepIsEmpty" time="0.983"/>
  <system-out/>
  <testcase classname="AutoTest.ClassifireIsAllRussianTest" name="getBankList" time="0.944"/>
  <system-out/>
  <testcase classname="AutoTest.ClassifireIsAllRussianTest" name="getCurrencyListStepMaxPlus" time="0.980"/>
  <system-out/>
  <testcase classname="AutoTest.ClassifireIsAllRussianTest" name="getCurrencyListStepMaxPlus" time="0.958"/>
  <system-out/>
  <testcase classname="AutoTest.ClassifireIsAllRussianTest" name="getTnvedGuidNotExist" time="0.988"/>
  <system-out/>
  <testcase classname="AutoTest.ClassifireIsAllRussianTest" name="getBankListStepMaxPlus" time="0.844"/>
  <system-out/>
  <testcase classname="AutoTest.ClassifireIsAllRussianTest" name="getOkopfGuidNotExist" time="1.135"/>
  <system-out/>
  <testcase classname="AutoTest.ClassifireIsAllRussianTest" name="getOkpdListStepMaxPlus" time="1.009"/>
  <system-out/>
  <testcase classname="AutoTest.ClassifireIsAllRussianTest" name="getCurrencyListStepMaxPlus" time="1.142"/>
  <system-out/>
  <testcase classname="AutoTest.ClassifireIsAllRussianTest" name="getOkopfGuidNotExist" time="1.095"/>
  <system-out/>
  <testcase classname="AutoTest.ClassifireIsAllRussianTest" name="getOkpdListStepMaxPlus" time="0.820"/>
  <system-out/>
  <testcase classname="AutoTest.ClassifireIsAllRussianTest" name="getCountryListStepMaxPlus" time="1.068"/>
  <system-out/>
  <testcase classname="AutoTest.ClassifireIsAllRussianTest" name="getBankGuidNotExist" time="0.766"/>
  <system-out/>
  <testcase classname="AutoTest.ClassifireIsAllRussianTest" name="getBankListStepMaxPlus" time="0.891"/>
  <system-out/>
  <testcase classname="AutoTest.ClassifireIsAllRussianTest" name="getOkvedGuidNotExist" time="1.012"/>
  <system-out/>
  <testcase classname="AutoTest.ClassifireIsAllRussianTest" name="getOkvedListStepMaxPlus" time="1.082"/>
  <system-out/>
  <testcase classname="AutoTest.ClassifireIsAllRussianTest" name="getTnvedListStepMaxPlus" time="1.143"/>
  <system-out/>
  <testcase classname="AutoTest.ClassifireIsAllRussianTest" name="getRegionList" time="1.177"/>
  <system-out/>
  <testcase classname="AutoTest.ClassifireIsAllRussianTest" name="getCurrencyGuidNotExist" time="0.964"/>
  <system-out/>
  <testcase classname="AutoTest.ClassifireIsAllRussianTest" name="getBankGuidNotExist" time="0.805"/>
  <system-out/>
  <testcase classname="AutoTest.ClassifireIsAllRussianTest" name="getOkpdGuid" time="1.050"/>
  <system-out/>
  <testcase classname="AutoTest.ClassifireIsAllRussianTest" name="getOkvedListStepMaxPlus" time="0.757"/>
  <system-out/>
  <testcase classname="AutoTest.ClassifireIsAllRussianTest" name="getOkpdListStepMaxPlus" time="0.924"/>
  <system-out/>
  <testcase classname="AutoTest.ClassifireIsAllRussianTest" name="getOkpdList" time="0.889"/>
  <system-out/>
  <testcase classname="AutoTest.ClassifireIsAllRussianTest" name="getRegionListStepMaxPlus" time="0.992"/>
  <system-out/>
  <testcase classname="AutoTest.ClassifireIsAllRussianTest" name="getOkopfGuidNotExist" time="0.923"/>
  <system-out/>
</testsuite> <!-- AutoTest.ClassifireIsAllRussianTest -->
