<?xml version="1.0" encoding="UTF-8"?>
<!-- Generated by org.testng.reporters.JUnitReportReporter -->
<testsuite hostname="DESKTOP-EKIHJ54" failures="0" tests="61" name="AutoTest.NomenclatureTest" time="65.881" errors="0" timestamp="2023-10-30T17:55:06 MSK" skipped="0">
  <testcase classname="AutoTest.NomenclatureTest" name="getNomenclatureSearchDataProvider" time="1.097"/>
  <system-out/>
  <testcase classname="AutoTest.NomenclatureTest" name="getNomenclatureSearchSpacies" time="0.472"/>
  <system-out/>
  <testcase classname="AutoTest.NomenclatureTest" name="getBasicServicesGuidDataProvider" time="1.007"/>
  <system-out/>
  <testcase classname="AutoTest.NomenclatureTest" name="getNomenclatureGuidDataProvider" time="0.800"/>
  <system-out/>
  <testcase classname="AutoTest.NomenclatureTest" name="getNomenclatureSearchTypePositiveDouble" time="1.128"/>
  <system-out/>
  <testcase classname="AutoTest.NomenclatureTest" name="getNomenclatureSearchStepNegativeDouble" time="1.012"/>
  <system-out/>
  <testcase classname="AutoTest.NomenclatureTest" name="getNomenclatureSearchType5Step4" time="0.632"/>
  <system-out/>
  <testcase classname="AutoTest.NomenclatureTest" name="getNomenclatureGuid" time="1.195"/>
  <system-out/>
  <testcase classname="AutoTest.NomenclatureTest" name="getNomenclatureSearchDataProvider" time="0.883"/>
  <system-out/>
  <testcase classname="AutoTest.NomenclatureTest" name="getNomenclatureSearchSpecialSymbolsString" time="0.986"/>
  <system-out/>
  <testcase classname="AutoTest.NomenclatureTest" name="getNomenclatureSearchType1" time="2.788"/>
  <system-out/>
  <testcase classname="AutoTest.NomenclatureTest" name="getBasicServicesGuidDataProvider" time="1.025"/>
  <system-out/>
  <testcase classname="AutoTest.NomenclatureTest" name="getNomenclatureSearchType2Step0" time="1.096"/>
  <system-out/>
  <testcase classname="AutoTest.NomenclatureTest" name="getNomenclatureSearchDataProvider" time="1.091"/>
  <system-out/>
  <testcase classname="AutoTest.NomenclatureTest" name="getNomenclatureSearchStep201" time="0.992"/>
  <system-out/>
  <testcase classname="AutoTest.NomenclatureTest" name="getBasicServicesGuidDataProvider" time="0.891"/>
  <system-out/>
  <testcase classname="AutoTest.NomenclatureTest" name="getNomenclatureSearchType5" time="1.533"/>
  <system-out/>
  <testcase classname="AutoTest.NomenclatureTest" name="getNomenclatureSearchTypeInjection" time="0.820"/>
  <system-out/>
  <testcase classname="AutoTest.NomenclatureTest" name="getNomenclatureSearchSpecialSymbols" time="0.942"/>
  <system-out/>
  <testcase classname="AutoTest.NomenclatureTest" name="getNomenclatureGuidDataProvider" time="0.901"/>
  <system-out/>
  <testcase classname="AutoTest.NomenclatureTest" name="getNomenclatureGuidDataProvider" time="0.980"/>
  <system-out/>
  <testcase classname="AutoTest.NomenclatureTest" name="getNomenclatureSearchStepZero" time="0.956"/>
  <system-out/>
  <testcase classname="AutoTest.NomenclatureTest" name="getBasicServicesGuidDataProvider" time="0.839"/>
  <system-out/>
  <testcase classname="AutoTest.NomenclatureTest" name="getNomenclatureSearchTypeIsEmpty" time="1.017"/>
  <system-out/>
  <testcase classname="AutoTest.NomenclatureTest" name="getNomenclatureSearchBodyIsEmpty3" time="0.990"/>
  <system-out/>
  <testcase classname="AutoTest.NomenclatureTest" name="getBasicServicesGuidDataProvider" time="1.017"/>
  <system-out/>
  <testcase classname="AutoTest.NomenclatureTest" name="getNomenclatureGuidTest" time="0.965"/>
  <system-out/>
  <testcase classname="AutoTest.NomenclatureTest" name="getBasicServicesGuidDataProvider" time="1.082"/>
  <system-out/>
  <testcase classname="AutoTest.NomenclatureTest" name="getNomenclatureSearchStepNegative" time="1.030"/>
  <system-out/>
  <testcase classname="AutoTest.NomenclatureTest" name="getNomenclatureSearchTypeNegativeDouble" time="0.946"/>
  <system-out/>
  <testcase classname="AutoTest.NomenclatureTest" name="getNomenclatureSearchType" time="1.039"/>
  <system-out/>
  <testcase classname="AutoTest.NomenclatureTest" name="getBasicServicesGuid" time="1.034"/>
  <system-out/>
  <testcase classname="AutoTest.NomenclatureTest" name="getNomenclatureSearchType2" time="1.326"/>
  <system-out/>
  <testcase classname="AutoTest.NomenclatureTest" name="getNomenclatureSearchType3_TwoObjects" time="1.025"/>
  <system-out/>
  <testcase classname="AutoTest.NomenclatureTest" name="getBasicServicesGuidDataProvider" time="1.052"/>
  <system-out/>
  <testcase classname="AutoTest.NomenclatureTest" name="getNomenclatureSearchType4" time="1.218"/>
  <system-out/>
  <testcase classname="AutoTest.NomenclatureTest" name="getNomenclatureGuidDataProvider" time="1.024"/>
  <system-out/>
  <testcase classname="AutoTest.NomenclatureTest" name="getNomenclatureGuidDataProvider" time="0.985"/>
  <system-out/>
  <testcase classname="AutoTest.NomenclatureTest" name="getNomenclatureSearchTypeMaxInteger" time="1.120"/>
  <system-out/>
  <testcase classname="AutoTest.NomenclatureTest" name="getNomenclatureSearchBodyIsEmpty1" time="0.956"/>
  <system-out/>
  <testcase classname="AutoTest.NomenclatureTest" name="getNomenclatureGuidDataProvider" time="1.010"/>
  <system-out/>
  <testcase classname="AutoTest.NomenclatureTest" name="getNomenclatureSearchBodyIsEmpty2" time="0.996"/>
  <system-out/>
  <testcase classname="AutoTest.NomenclatureTest" name="getBasicServicesGuidDataProvider" time="1.088"/>
  <system-out/>
  <testcase classname="AutoTest.NomenclatureTest" name="getNomenclatureGuidDataProvider" time="0.991"/>
  <system-out/>
  <testcase classname="AutoTest.NomenclatureTest" name="getNomenclatureSearchStep201Double" time="0.994"/>
  <system-out/>
  <testcase classname="AutoTest.NomenclatureTest" name="getNomenclatureSearchType3Step4" time="0.745"/>
  <system-out/>
  <testcase classname="AutoTest.NomenclatureTest" name="getNomenclatureSearchDataProvider" time="1.329"/>
  <system-out/>
  <testcase classname="AutoTest.NomenclatureTest" name="getNomenclatureGuidDataProvider" time="1.010"/>
  <system-out/>
  <testcase classname="AutoTest.NomenclatureTest" name="getNomenclatureSearchBodyIsEmpty5" time="2.005"/>
  <system-out/>
  <testcase classname="AutoTest.NomenclatureTest" name="getNomenclatureSearchTypeMinMinus" time="0.914"/>
  <system-out/>
  <testcase classname="AutoTest.NomenclatureTest" name="getNomenclatureGuidDataProvider" time="0.994"/>
  <system-out/>
  <testcase classname="AutoTest.NomenclatureTest" name="getNomenclatureSearchDataIsEmpty" time="1.013"/>
  <system-out/>
  <testcase classname="AutoTest.NomenclatureTest" name="getNomenclatureSearchBodyIsEmpty4" time="1.001"/>
  <system-out/>
  <testcase classname="AutoTest.NomenclatureTest" name="getNomenclatureSearchDataProvider" time="2.157"/>
  <system-out/>
  <testcase classname="AutoTest.NomenclatureTest" name="getNomenclatureSearchTypePositiveMaxPlus1" time="0.863"/>
  <system-out/>
  <testcase classname="AutoTest.NomenclatureTest" name="getNomenclatureSearchType4Step4" time="0.766"/>
  <system-out/>
  <testcase classname="AutoTest.NomenclatureTest" name="getNomenclatureSearch" time="2.700"/>
  <system-out/>
  <testcase classname="AutoTest.NomenclatureTest" name="getBasicServicesGuidDataProvider" time="0.998"/>
  <system-out/>
  <testcase classname="AutoTest.NomenclatureTest" name="getNomenclatureGuidDataProvider" time="1.114"/>
  <system-out/>
  <testcase classname="AutoTest.NomenclatureTest" name="getBasicServicesGuidDataProvider" time="0.923"/>
  <system-out/>
  <testcase classname="AutoTest.NomenclatureTest" name="getNomenclatureSearchBodyIsEmpty" time="0.378"/>
  <system-out/>
</testsuite> <!-- AutoTest.NomenclatureTest -->
