<?xml version="1.0" encoding="UTF-8"?>
<!-- Generated by org.testng.reporters.JUnitReportReporter -->
<testsuite hostname="DESKTOP-EKIHJ54" failures="0" tests="102" name="AutoTest.ClassifierTest" time="103.406" errors="0" timestamp="2024-02-05T09:00:35 MSK" skipped="0">
  <testcase classname="AutoTest.ClassifierTest" name="getUnitsListNegativeStep" time="1.003"/>
  <system-out/>
  <testcase classname="AutoTest.ClassifierTest" name="getUnifiedClassifierListPositiveStep" time="1.303"/>
  <system-out/>
  <testcase classname="AutoTest.ClassifierTest" name="getEopListNegativeStep" time="0.985"/>
  <system-out/>
  <testcase classname="AutoTest.ClassifierTest" name="getUnitsList" time="1.075"/>
  <system-out/>
  <testcase classname="AutoTest.ClassifierTest" name="getUnitsListNegativeStep" time="1.001"/>
  <system-out/>
  <testcase classname="AutoTest.ClassifierTest" name="getUnifiedClassifierList" time="1.606"/>
  <system-out/>
  <testcase classname="AutoTest.ClassifierTest" name="getUnitsListNegativeStep" time="0.983"/>
  <system-out/>
  <testcase classname="AutoTest.ClassifierTest" name="getUnifiedClassifierListNegativeData" time="1.001"/>
  <system-out/>
  <testcase classname="AutoTest.ClassifierTest" name="getEopList" time="0.983"/>
  <system-out/>
  <testcase classname="AutoTest.ClassifierTest" name="getEopListNegativeStep" time="1.004"/>
  <system-out/>
  <testcase classname="AutoTest.ClassifierTest" name="getUnitsListNegativeStep" time="0.983"/>
  <system-out/>
  <testcase classname="AutoTest.ClassifierTest" name="getEopListNegativeStep" time="0.961"/>
  <system-out/>
  <testcase classname="AutoTest.ClassifierTest" name="getEopList" time="1.085"/>
  <system-out/>
  <testcase classname="AutoTest.ClassifierTest" name="getUnitsListNegativeStep" time="0.954"/>
  <system-out/>
  <testcase classname="AutoTest.ClassifierTest" name="getEopGuidNegativeData" time="1.007"/>
  <system-out/>
  <testcase classname="AutoTest.ClassifierTest" name="getEopList" time="1.147"/>
  <system-out/>
  <testcase classname="AutoTest.ClassifierTest" name="getUnitsGuidNegativeData" time="1.052"/>
  <system-out/>
  <testcase classname="AutoTest.ClassifierTest" name="getUnitsList" time="1.307"/>
  <system-out/>
  <testcase classname="AutoTest.ClassifierTest" name="getEopGuidNegativeData" time="0.996"/>
  <system-out/>
  <testcase classname="AutoTest.ClassifierTest" name="getEopGuidNegativeData" time="1.029"/>
  <system-out/>
  <testcase classname="AutoTest.ClassifierTest" name="getEopListNegativeStep" time="1.000"/>
  <system-out/>
  <testcase classname="AutoTest.ClassifierTest" name="getUnifiedClassifierGuidNegativeData" time="0.957"/>
  <system-out/>
  <testcase classname="AutoTest.ClassifierTest" name="getUnifiedClassifierGuidNegativeData" time="1.099"/>
  <system-out/>
  <testcase classname="AutoTest.ClassifierTest" name="getUnitsListNegativeStep" time="0.936"/>
  <system-out/>
  <testcase classname="AutoTest.ClassifierTest" name="getUnitsGuidNegativeData" time="0.892"/>
  <system-out/>
  <testcase classname="AutoTest.ClassifierTest" name="getUnitsGuidNegativeData" time="1.050"/>
  <system-out/>
  <testcase classname="AutoTest.ClassifierTest" name="getUnitsGuidNegativeData" time="0.979"/>
  <system-out/>
  <testcase classname="AutoTest.ClassifierTest" name="getUnifiedClassifierListNegativeData" time="1.303"/>
  <system-out/>
  <testcase classname="AutoTest.ClassifierTest" name="getEopList" time="1.010"/>
  <system-out/>
  <testcase classname="AutoTest.ClassifierTest" name="getUnifiedClassifierGuid" time="0.717"/>
  <system-out/>
  <testcase classname="AutoTest.ClassifierTest" name="getEopListNegativeStep" time="1.031"/>
  <system-out/>
  <testcase classname="AutoTest.ClassifierTest" name="getUnitsListNegativeStep" time="1.034"/>
  <system-out/>
  <testcase classname="AutoTest.ClassifierTest" name="getEopGuidNegativeData" time="1.028"/>
  <system-out/>
  <testcase classname="AutoTest.ClassifierTest" name="getUnifiedClassifierListPositiveStep" time="0.935"/>
  <system-out/>
  <testcase classname="AutoTest.ClassifierTest" name="getEopGuidNegativeData" time="0.956"/>
  <system-out/>
  <testcase classname="AutoTest.ClassifierTest" name="getEopListStepIsEmpty" time="1.332"/>
  <system-out/>
  <testcase classname="AutoTest.ClassifierTest" name="getUnifiedClassifierGuidNegativeData" time="1.014"/>
  <system-out/>
  <testcase classname="AutoTest.ClassifierTest" name="getEopList" time="0.956"/>
  <system-out/>
  <testcase classname="AutoTest.ClassifierTest" name="getUnifiedClassifierListNegativeData" time="1.020"/>
  <system-out/>
  <testcase classname="AutoTest.ClassifierTest" name="getUnifiedClassifierGuidNegativeData" time="0.882"/>
  <system-out/>
  <testcase classname="AutoTest.ClassifierTest" name="getUnifiedClassifierListPositiveStep" time="0.897"/>
  <system-out/>
  <testcase classname="AutoTest.ClassifierTest" name="getEopList" time="1.077"/>
  <system-out/>
  <testcase classname="AutoTest.ClassifierTest" name="getEopListNegativeStep" time="1.012"/>
  <system-out/>
  <testcase classname="AutoTest.ClassifierTest" name="getEopGuidNegativeData" time="0.999"/>
  <system-out/>
  <testcase classname="AutoTest.ClassifierTest" name="getUnitsGuidNegativeData" time="0.964"/>
  <system-out/>
  <testcase classname="AutoTest.ClassifierTest" name="getUnifiedClassifierGuidNegativeData" time="0.986"/>
  <system-out/>
  <testcase classname="AutoTest.ClassifierTest" name="getUnifiedClassifierGuidNegativeData" time="0.986"/>
  <system-out/>
  <testcase classname="AutoTest.ClassifierTest" name="getUnifiedClassifierGuidNegativeData" time="1.042"/>
  <system-out/>
  <testcase classname="AutoTest.ClassifierTest" name="getUnitsListStepEqual199" time="1.188"/>
  <system-out/>
  <testcase classname="AutoTest.ClassifierTest" name="getUnifiedClassifierListNegativeData" time="1.047"/>
  <system-out/>
  <testcase classname="AutoTest.ClassifierTest" name="getUnitsListNegativeStep" time="1.027"/>
  <system-out/>
  <testcase classname="AutoTest.ClassifierTest" name="getEopGuidNegativeData" time="0.987"/>
  <system-out/>
  <testcase classname="AutoTest.ClassifierTest" name="getUnitsListStepEqual100" time="1.104"/>
  <system-out/>
  <testcase classname="AutoTest.ClassifierTest" name="getEopListNegativeStep" time="1.017"/>
  <system-out/>
  <testcase classname="AutoTest.ClassifierTest" name="getEopListNegativeStep" time="1.038"/>
  <system-out/>
  <testcase classname="AutoTest.ClassifierTest" name="getUnifiedClassifierGuidNegativeData" time="1.054"/>
  <system-out/>
  <testcase classname="AutoTest.ClassifierTest" name="getUnitsGuidNegativeData" time="0.842"/>
  <system-out/>
  <testcase classname="AutoTest.ClassifierTest" name="getUnifiedClassifierListNegativeData" time="0.982"/>
  <system-out/>
  <testcase classname="AutoTest.ClassifierTest" name="getUnifiedClassifierListNegativeData" time="0.981"/>
  <system-out/>
  <testcase classname="AutoTest.ClassifierTest" name="getUnitsGuid" time="0.653"/>
  <system-out/>
  <testcase classname="AutoTest.ClassifierTest" name="getUnifiedClassifierListNegativeData" time="0.958"/>
  <system-out/>
  <testcase classname="AutoTest.ClassifierTest" name="getEopGuidNegativeData" time="1.019"/>
  <system-out/>
  <testcase classname="AutoTest.ClassifierTest" name="getEopGuidNegativeData" time="1.009"/>
  <system-out/>
  <testcase classname="AutoTest.ClassifierTest" name="getUnitsGuidNegativeData" time="1.002"/>
  <system-out/>
  <testcase classname="AutoTest.ClassifierTest" name="getUnitsListNegativeStep" time="0.963"/>
  <system-out/>
  <testcase classname="AutoTest.ClassifierTest" name="getEopListNegativeStep" time="1.031"/>
  <system-out/>
  <testcase classname="AutoTest.ClassifierTest" name="getUnitsGuidNegativeData" time="0.993"/>
  <system-out/>
  <testcase classname="AutoTest.ClassifierTest" name="getUnifiedClassifierListNegativeData" time="0.996"/>
  <system-out/>
  <testcase classname="AutoTest.ClassifierTest" name="getEopListNegativeStep" time="1.024"/>
  <system-out/>
  <testcase classname="AutoTest.ClassifierTest" name="getUnifiedClassifierGuidNegativeData" time="0.945"/>
  <system-out/>
  <testcase classname="AutoTest.ClassifierTest" name="getEopGuidNegativeData" time="0.923"/>
  <system-out/>
  <testcase classname="AutoTest.ClassifierTest" name="getUnifiedClassifierListNegativeData" time="0.998"/>
  <system-out/>
  <testcase classname="AutoTest.ClassifierTest" name="getUnitsListStepIsEmpty" time="0.993"/>
  <system-out/>
  <testcase classname="AutoTest.ClassifierTest" name="getUnifiedClassifierListNegativeData" time="1.037"/>
  <system-out/>
  <testcase classname="AutoTest.ClassifierTest" name="getUnifiedClassifierListPositiveStep" time="1.066"/>
  <system-out/>
  <testcase classname="AutoTest.ClassifierTest" name="getEopListNegativeStep" time="1.007"/>
  <system-out/>
  <testcase classname="AutoTest.ClassifierTest" name="getEopListNegativeStep" time="1.023"/>
  <system-out/>
  <testcase classname="AutoTest.ClassifierTest" name="getEopListNegativeStep" time="0.705"/>
  <system-out/>
  <testcase classname="AutoTest.ClassifierTest" name="getUnitsGuidNegativeData" time="1.070"/>
  <system-out/>
  <testcase classname="AutoTest.ClassifierTest" name="getEopListNegativeStep" time="1.040"/>
  <system-out/>
  <testcase classname="AutoTest.ClassifierTest" name="getUnifiedClassifierListNegativeData" time="0.791"/>
  <system-out/>
  <testcase classname="AutoTest.ClassifierTest" name="getUnifiedClassifierListPositiveStep" time="1.106"/>
  <system-out/>
  <testcase classname="AutoTest.ClassifierTest" name="getUnifiedClassifierListStepIsEmpty" time="1.037"/>
  <system-out/>
  <testcase classname="AutoTest.ClassifierTest" name="getUnifiedClassifierListNegativeData" time="1.207"/>
  <system-out/>
  <testcase classname="AutoTest.ClassifierTest" name="getUnitsListNegativeStep" time="1.004"/>
  <system-out/>
  <testcase classname="AutoTest.ClassifierTest" name="getEopGuid" time="1.027"/>
  <system-out/>
  <testcase classname="AutoTest.ClassifierTest" name="getUnitsListNegativeStep" time="1.029"/>
  <system-out/>
  <testcase classname="AutoTest.ClassifierTest" name="getUnifiedClassifierListNegativeData" time="1.015"/>
  <system-out/>
  <testcase classname="AutoTest.ClassifierTest" name="getUnifiedClassifierListNegativeData" time="0.997"/>
  <system-out/>
  <testcase classname="AutoTest.ClassifierTest" name="getUnitsList" time="0.576"/>
  <system-out/>
  <testcase classname="AutoTest.ClassifierTest" name="getUnitsListNegativeStep" time="1.022"/>
  <system-out/>
  <testcase classname="AutoTest.ClassifierTest" name="getUnifiedClassifierGuidNegativeData" time="1.106"/>
  <system-out/>
  <testcase classname="AutoTest.ClassifierTest" name="getUnifiedClassifierListPositiveStep" time="1.089"/>
  <system-out/>
  <testcase classname="AutoTest.ClassifierTest" name="getUnitsGuidNegativeData" time="1.058"/>
  <system-out/>
  <testcase classname="AutoTest.ClassifierTest" name="getUnitsListNegativeStep" time="1.026"/>
  <system-out/>
  <testcase classname="AutoTest.ClassifierTest" name="getUnitsListNegativeStep" time="0.977"/>
  <system-out/>
  <testcase classname="AutoTest.ClassifierTest" name="getUnifiedClassifierListNegativeData" time="1.051"/>
  <system-out/>
  <testcase classname="AutoTest.ClassifierTest" name="getEopGuidNegativeData" time="1.045"/>
  <system-out/>
  <testcase classname="AutoTest.ClassifierTest" name="getUnifiedClassifierGuidNegativeData" time="0.964"/>
  <system-out/>
  <testcase classname="AutoTest.ClassifierTest" name="getEopListNegativeStep" time="0.905"/>
  <system-out/>
  <testcase classname="AutoTest.ClassifierTest" name="getUnitsListNegativeStep" time="1.025"/>
  <system-out/>
  <testcase classname="AutoTest.ClassifierTest" name="getUnitsGuidNegativeData" time="1.068"/>
  <system-out/>
</testsuite> <!-- AutoTest.ClassifierTest -->
