<?xml version="1.0" encoding="UTF-8"?>
<!-- Generated by org.testng.reporters.JUnitReportReporter -->
<testsuite hostname="DESKTOP-EKIHJ54" failures="2" tests="12" name="AutoTest.ApplicationTest" time="14.283" errors="0" timestamp="2023-10-30T17:55:06 MSK" skipped="0">
  <testcase classname="AutoTest.ApplicationTest" name="getChangeRequestGuidNegative" time="1.066"/>
  <system-out/>
  <testcase classname="AutoTest.ApplicationTest" name="getChangeRequestGuidNegative" time="1.083"/>
  <system-out/>
  <testcase classname="AutoTest.ApplicationTest" name="getChangeRequestGuidNegative" time="1.017"/>
  <system-out/>
  <testcase classname="AutoTest.ApplicationTest" name="getChangeRequestGuid" time="3.230">
    <failure message="1 expectation failed.
Response body doesn&#039;t match expectation.
Expected: The content to match the given JSON schema.
error: string &quot;&quot; is too short (length: 0, required minimum: 1)
    level: &quot;error&quot;
    schema: {&quot;loadingURI&quot;:&quot;file:/C:/Users/Sasha/Api/target/test-classes/getChangeRequest.json#&quot;,&quot;pointer&quot;:&quot;/properties/data/properties/code&quot;}
    instance: {&quot;pointer&quot;:&quot;/data/code&quot;}
    domain: &quot;validation&quot;
    keyword: &quot;minLength&quot;
    value: &quot;&quot;
    found: 0
    minLength: 1
error: string &quot;&quot; is too short (length: 0, required minimum: 1)
    level: &quot;error&quot;
    schema: {&quot;loadingURI&quot;:&quot;file:/C:/Users/Sasha/Api/target/test-classes/getChangeRequest.json#&quot;,&quot;pointer&quot;:&quot;/properties/data/properties/codeEOP&quot;}
    instance: {&quot;pointer&quot;:&quot;/data/codeEOP&quot;}
    domain: &quot;validation&quot;
    keyword: &quot;minLength&quot;
    value: &quot;&quot;
    found: 0
    minLength: 1
error: string &quot;&quot; is too short (length: 0, required minimum: 1)
    level: &quot;error&quot;
    schema: {&quot;loadingURI&quot;:&quot;file:/C:/Users/Sasha/Api/target/test-classes/getChangeRequest.json#&quot;,&quot;pointer&quot;:&quot;/properties/data/properties/codeUC&quot;}
    instance: {&quot;pointer&quot;:&quot;/data/codeUC&quot;}
    domain: &quot;validation&quot;
    keyword: &quot;minLength&quot;
    value: &quot;&quot;
    found: 0
    minLength: 1
error: string &quot;&quot; is too short (length: 0, required minimum: 1)
    level: &quot;error&quot;
    schema: {&quot;loadingURI&quot;:&quot;file:/C:/Users/Sasha/Api/target/test-classes/getChangeRequest.json#&quot;,&quot;pointer&quot;:&quot;/properties/data/properties/image&quot;}
    instance: {&quot;pointer&quot;:&quot;/data/image&quot;}
    domain: &quot;validation&quot;
    keyword: &quot;minLength&quot;
    value: &quot;&quot;
    found: 0
    minLength: 1
error: string &quot;&quot; is too short (length: 0, required minimum: 1)
    level: &quot;error&quot;
    schema: {&quot;loadingURI&quot;:&quot;file:/C:/Users/Sasha/Api/target/test-classes/getChangeRequest.json#&quot;,&quot;pointer&quot;:&quot;/properties/data/properties/material&quot;}
    instance: {&quot;pointer&quot;:&quot;/data/material&quot;}
    domain: &quot;validation&quot;
    keyword: &quot;minLength&quot;
    value: &quot;&quot;
    found: 0
    minLength: 1
error: string &quot;&quot; is too short (length: 0, required minimum: 1)
    level: &quot;error&quot;
    schema: {&quot;loadingURI&quot;:&quot;file:/C:/Users/Sasha/Api/target/test-classes/getChangeRequest.json#&quot;,&quot;pointer&quot;:&quot;/properties/data/properties/name&quot;}
    instance: {&quot;pointer&quot;:&quot;/data/name&quot;}
    domain: &quot;validation&quot;
    keyword: &quot;minLength&quot;
    value: &quot;&quot;
    found: 0
    minLength: 1
error: string &quot;&quot; is too short (length: 0, required minimum: 1)
    level: &quot;error&quot;
    schema: {&quot;loadingURI&quot;:&quot;file:/C:/Users/Sasha/Api/target/test-classes/getChangeRequest.json#&quot;,&quot;pointer&quot;:&quot;/properties/data/properties/nameFull&quot;}
    instance: {&quot;pointer&quot;:&quot;/data/nameFull&quot;}
    domain: &quot;validation&quot;
    keyword: &quot;minLength&quot;
    value: &quot;&quot;
    found: 0
    minLength: 1
error: string &quot;&quot; is too short (length: 0, required minimum: 36)
    level: &quot;error&quot;
    schema: {&quot;loadingURI&quot;:&quot;file:/C:/Users/Sasha/Api/target/test-classes/getChangeRequest.json#&quot;,&quot;pointer&quot;:&quot;/properties/data/properties/referencePosition&quot;}
    instance: {&quot;pointer&quot;:&quot;/data/referencePosition&quot;}
    domain: &quot;validation&quot;
    keyword: &quot;minLength&quot;
    value: &quot;&quot;
    found: 0
    minLength: 36
error: instance value (0) not found in enum (possible values: [1,2,3,5])
    level: &quot;error&quot;
    schema: {&quot;loadingURI&quot;:&quot;file:/C:/Users/Sasha/Api/target/test-classes/getChangeRequest.json#&quot;,&quot;pointer&quot;:&quot;/properties/data/properties/seriality&quot;}
    instance: {&quot;pointer&quot;:&quot;/data/seriality&quot;}
    domain: &quot;validation&quot;
    keyword: &quot;enum&quot;
    value: 0
    enum: [1,2,3,5]
error: string &quot;&quot; is too short (length: 0, required minimum: 1)
    level: &quot;error&quot;
    schema: {&quot;loadingURI&quot;:&quot;file:/C:/Users/Sasha/Api/target/test-classes/getChangeRequest.json#&quot;,&quot;pointer&quot;:&quot;/properties/data/properties/sortament&quot;}
    instance: {&quot;pointer&quot;:&quot;/data/sortament&quot;}
    domain: &quot;validation&quot;
    keyword: &quot;minLength&quot;
    value: &quot;&quot;
    found: 0
    minLength: 1
error: string &quot;&quot; is too short (length: 0, required minimum: 1)
    level: &quot;error&quot;
    schema: {&quot;loadingURI&quot;:&quot;file:/C:/Users/Sasha/Api/target/test-classes/getChangeRequest.json#&quot;,&quot;pointer&quot;:&quot;/properties/data/properties/sortamentGOST&quot;}
    instance: {&quot;pointer&quot;:&quot;/data/sortamentGOST&quot;}
    domain: &quot;validation&quot;
    keyword: &quot;minLength&quot;
    value: &quot;&quot;
    found: 0
    minLength: 1

  Actual: {
&quot;guid&quot;: &quot;31c9ca2a-b120-41f8-aa86-8cffb2627492&quot;,
&quot;be&quot;: &quot;&quot;,
&quot;status&quot;: 5,
&quot;code&quot;: &quot;000000014&quot;,
&quot;autor&quot;: {
&quot;fio&quot;: &quot;&quot;,
&quot;email&quot;: &quot;&quot;
},
&quot;responsible&quot;: {
&quot;fio&quot;: &quot;&quot;,
&quot;email&quot;: &quot;&quot;
},
&quot;date&quot;: &quot;2023-07-25T15:22:04&quot;,
&quot;periodExecution&quot;: &quot;2023-07-25T15:28:04&quot;,
&quot;comment&quot;: &quot;&quot;,
&quot;data&quot;: {
&quot;guid&quot;: &quot;00000000-0000-0000-0000-000000000000&quot;,
&quot;code&quot;: &quot;&quot;,
&quot;name&quot;: &quot;&quot;,
&quot;comment&quot;: &quot;&quot;,
&quot;archive&quot;: false,
&quot;dateOutputArchive&quot;: &quot;0001-01-01T00:00:00&quot;,
&quot;nameFull&quot;: &quot;&quot;,
&quot;namePurchasing&quot;: &quot;&quot;,
&quot;nameSale&quot;: &quot;&quot;,
&quot;baseUnit&quot;: &quot;00000000-0000-0000-0000-000000000000&quot;,
&quot;baseUnitCode&quot;: 0,
&quot;materialGOST&quot;: &quot;&quot;,
&quot;tnved&quot;: &quot;00000000-0000-0000-0000-000000000000&quot;,
&quot;okved&quot;: &quot;00000000-0000-0000-0000-000000000000&quot;,
&quot;okpd2&quot;: &quot;00000000-0000-0000-0000-000000000000&quot;,
&quot;classifierEOP&quot;: &quot;00000000-0000-0000-0000-000000000000&quot;,
&quot;codeEOP&quot;: &quot;&quot;,
&quot;material&quot;: &quot;&quot;,
&quot;sortament&quot;: &quot;&quot;,
&quot;image&quot;: &quot;&quot;,
&quot;electronicCatalog&quot;: false,
&quot;service&quot;: false,
&quot;sortamentGOST&quot;: &quot;&quot;,
&quot;consolidatedRecord&quot;: false,
&quot;drawingDenotation&quot;: &quot;&quot;,
&quot;seriality&quot;: 0,
&quot;obsolete&quot;: false,
&quot;analyticsPurchasable&quot;: &quot;00000000-0000-0000-0000-000000000000&quot;,
&quot;referencePosition&quot;: &quot;&quot;,
&quot;ownershipSign&quot;: 0,
&quot;unifiedClassifier&quot;: &quot;00000000-0000-0000-0000-000000000000&quot;,
&quot;codeUC&quot;: &quot;&quot;,
&quot;height&quot;: 0,
&quot;width&quot;: 0,
&quot;length&quot;: 0,
&quot;dimensionsUnit&quot;: &quot;00000000-0000-0000-0000-000000000000&quot;,
&quot;dimensionsUnitCode&quot;: 0,
&quot;weight&quot;: 0,
&quot;weightUnit&quot;: &quot;00000000-0000-0000-0000-000000000000&quot;,
&quot;weightUnitCode&quot;: 0,
&quot;groupCost&quot;: &quot;00000000-0000-0000-0000-000000000000&quot;,
&quot;oneTimePurchase&quot;: false,
&quot;includedEOP&quot;: false,
&quot;properties&quot;: [],
&quot;alternativeUnit&quot;: [],
&quot;analogue&quot;: [],
&quot;spares&quot;: [],
&quot;suppliers&quot;: [],
&quot;occurrences&quot;: []
}
}
" type="java.lang.AssertionError">
      <![CDATA[java.lang.AssertionError: 1 expectation failed.
Response body doesn't match expectation.
Expected: The content to match the given JSON schema.
error: string "" is too short (length: 0, required minimum: 1)
    level: "error"
    schema: {"loadingURI":"file:/C:/Users/Sasha/Api/target/test-classes/getChangeRequest.json#","pointer":"/properties/data/properties/code"}
    instance: {"pointer":"/data/code"}
    domain: "validation"
    keyword: "minLength"
    value: ""
    found: 0
    minLength: 1
error: string "" is too short (length: 0, required minimum: 1)
    level: "error"
    schema: {"loadingURI":"file:/C:/Users/Sasha/Api/target/test-classes/getChangeRequest.json#","pointer":"/properties/data/properties/codeEOP"}
    instance: {"pointer":"/data/codeEOP"}
    domain: "validation"
    keyword: "minLength"
    value: ""
    found: 0
    minLength: 1
error: string "" is too short (length: 0, required minimum: 1)
    level: "error"
    schema: {"loadingURI":"file:/C:/Users/Sasha/Api/target/test-classes/getChangeRequest.json#","pointer":"/properties/data/properties/codeUC"}
    instance: {"pointer":"/data/codeUC"}
    domain: "validation"
    keyword: "minLength"
    value: ""
    found: 0
    minLength: 1
error: string "" is too short (length: 0, required minimum: 1)
    level: "error"
    schema: {"loadingURI":"file:/C:/Users/Sasha/Api/target/test-classes/getChangeRequest.json#","pointer":"/properties/data/properties/image"}
    instance: {"pointer":"/data/image"}
    domain: "validation"
    keyword: "minLength"
    value: ""
    found: 0
    minLength: 1
error: string "" is too short (length: 0, required minimum: 1)
    level: "error"
    schema: {"loadingURI":"file:/C:/Users/Sasha/Api/target/test-classes/getChangeRequest.json#","pointer":"/properties/data/properties/material"}
    instance: {"pointer":"/data/material"}
    domain: "validation"
    keyword: "minLength"
    value: ""
    found: 0
    minLength: 1
error: string "" is too short (length: 0, required minimum: 1)
    level: "error"
    schema: {"loadingURI":"file:/C:/Users/Sasha/Api/target/test-classes/getChangeRequest.json#","pointer":"/properties/data/properties/name"}
    instance: {"pointer":"/data/name"}
    domain: "validation"
    keyword: "minLength"
    value: ""
    found: 0
    minLength: 1
error: string "" is too short (length: 0, required minimum: 1)
    level: "error"
    schema: {"loadingURI":"file:/C:/Users/Sasha/Api/target/test-classes/getChangeRequest.json#","pointer":"/properties/data/properties/nameFull"}
    instance: {"pointer":"/data/nameFull"}
    domain: "validation"
    keyword: "minLength"
    value: ""
    found: 0
    minLength: 1
error: string "" is too short (length: 0, required minimum: 36)
    level: "error"
    schema: {"loadingURI":"file:/C:/Users/Sasha/Api/target/test-classes/getChangeRequest.json#","pointer":"/properties/data/properties/referencePosition"}
    instance: {"pointer":"/data/referencePosition"}
    domain: "validation"
    keyword: "minLength"
    value: ""
    found: 0
    minLength: 36
error: instance value (0) not found in enum (possible values: [1,2,3,5])
    level: "error"
    schema: {"loadingURI":"file:/C:/Users/Sasha/Api/target/test-classes/getChangeRequest.json#","pointer":"/properties/data/properties/seriality"}
    instance: {"pointer":"/data/seriality"}
    domain: "validation"
    keyword: "enum"
    value: 0
    enum: [1,2,3,5]
error: string "" is too short (length: 0, required minimum: 1)
    level: "error"
    schema: {"loadingURI":"file:/C:/Users/Sasha/Api/target/test-classes/getChangeRequest.json#","pointer":"/properties/data/properties/sortament"}
    instance: {"pointer":"/data/sortament"}
    domain: "validation"
    keyword: "minLength"
    value: ""
    found: 0
    minLength: 1
error: string "" is too short (length: 0, required minimum: 1)
    level: "error"
    schema: {"loadingURI":"file:/C:/Users/Sasha/Api/target/test-classes/getChangeRequest.json#","pointer":"/properties/data/properties/sortamentGOST"}
    instance: {"pointer":"/data/sortamentGOST"}
    domain: "validation"
    keyword: "minLength"
    value: ""
    found: 0
    minLength: 1

  Actual: {
"guid": "31c9ca2a-b120-41f8-aa86-8cffb2627492",
"be": "",
"status": 5,
"code": "000000014",
"autor": {
"fio": "",
"email": ""
},
"responsible": {
"fio": "",
"email": ""
},
"date": "2023-07-25T15:22:04",
"periodExecution": "2023-07-25T15:28:04",
"comment": "",
"data": {
"guid": "00000000-0000-0000-0000-000000000000",
"code": "",
"name": "",
"comment": "",
"archive": false,
"dateOutputArchive": "0001-01-01T00:00:00",
"nameFull": "",
"namePurchasing": "",
"nameSale": "",
"baseUnit": "00000000-0000-0000-0000-000000000000",
"baseUnitCode": 0,
"materialGOST": "",
"tnved": "00000000-0000-0000-0000-000000000000",
"okved": "00000000-0000-0000-0000-000000000000",
"okpd2": "00000000-0000-0000-0000-000000000000",
"classifierEOP": "00000000-0000-0000-0000-000000000000",
"codeEOP": "",
"material": "",
"sortament": "",
"image": "",
"electronicCatalog": false,
"service": false,
"sortamentGOST": "",
"consolidatedRecord": false,
"drawingDenotation": "",
"seriality": 0,
"obsolete": false,
"analyticsPurchasable": "00000000-0000-0000-0000-000000000000",
"referencePosition": "",
"ownershipSign": 0,
"unifiedClassifier": "00000000-0000-0000-0000-000000000000",
"codeUC": "",
"height": 0,
"width": 0,
"length": 0,
"dimensionsUnit": "00000000-0000-0000-0000-000000000000",
"dimensionsUnitCode": 0,
"weight": 0,
"weightUnit": "00000000-0000-0000-0000-000000000000",
"weightUnitCode": 0,
"groupCost": "00000000-0000-0000-0000-000000000000",
"oneTimePurchase": false,
"includedEOP": false,
"properties": [],
"alternativeUnit": [],
"analogue": [],
"spares": [],
"suppliers": [],
"occurrences": []
}
}

at java.base/jdk.internal.reflect.DirectConstructorHandleAccessor.newInstance(DirectConstructorHandleAccessor.java:67)
at java.base/java.lang.reflect.Constructor.newInstanceWithCaller(Constructor.java:500)
at java.base/java.lang.reflect.Constructor.newInstance(Constructor.java:484)
at org.codehaus.groovy.reflection.CachedConstructor.invoke(CachedConstructor.java:73)
at org.codehaus.groovy.runtime.callsite.ConstructorSite$ConstructorSiteNoUnwrapNoCoerce.callConstructor(ConstructorSite.java:108)
at org.codehaus.groovy.runtime.callsite.CallSiteArray.defaultCallConstructor(CallSiteArray.java:57)
at org.codehaus.groovy.runtime.callsite.AbstractCallSite.callConstructor(AbstractCallSite.java:263)
at org.codehaus.groovy.runtime.callsite.AbstractCallSite.callConstructor(AbstractCallSite.java:277)
at io.restassured.internal.ResponseSpecificationImpl$HamcrestAssertionClosure.validate(ResponseSpecificationImpl.groovy:512)
at io.restassured.internal.ResponseSpecificationImpl$HamcrestAssertionClosure$validate$1.call(Unknown Source)
at org.codehaus.groovy.runtime.callsite.CallSiteArray.defaultCall(CallSiteArray.java:45)
at org.codehaus.groovy.runtime.callsite.AbstractCallSite.call(AbstractCallSite.java:125)
at org.codehaus.groovy.runtime.callsite.AbstractCallSite.call(AbstractCallSite.java:139)
at io.restassured.internal.ResponseSpecificationImpl.validateResponseIfRequired(ResponseSpecificationImpl.groovy:696)
at io.restassured.internal.ResponseSpecificationImpl.this$2$validateResponseIfRequired(ResponseSpecificationImpl.groovy)
at java.base/jdk.internal.reflect.DirectMethodHandleAccessor.invoke(DirectMethodHandleAccessor.java:104)
at java.base/java.lang.reflect.Method.invoke(Method.java:578)
at org.codehaus.groovy.runtime.callsite.PlainObjectMetaMethodSite.doInvoke(PlainObjectMetaMethodSite.java:43)
at org.codehaus.groovy.runtime.callsite.PogoMetaMethodSite$PogoCachedMethodSiteNoUnwrapNoCoerce.invoke(PogoMetaMethodSite.java:198)
at org.codehaus.groovy.runtime.callsite.PogoMetaMethodSite.callCurrent(PogoMetaMethodSite.java:62)
at org.codehaus.groovy.runtime.callsite.CallSiteArray.defaultCallCurrent(CallSiteArray.java:49)
at org.codehaus.groovy.runtime.callsite.AbstractCallSite.callCurrent(AbstractCallSite.java:171)
at org.codehaus.groovy.runtime.callsite.AbstractCallSite.callCurrent(AbstractCallSite.java:185)
at io.restassured.internal.ResponseSpecificationImpl.body(ResponseSpecificationImpl.groovy:107)
at io.restassured.internal.ValidatableResponseOptionsImpl.body(ValidatableResponseOptionsImpl.java:238)
at AutoTest.ApplicationTest.getChangeRequestGuid(ApplicationTest.java:27)
at java.base/jdk.internal.reflect.DirectMethodHandleAccessor.invoke(DirectMethodHandleAccessor.java:104)
at java.base/java.lang.reflect.Method.invoke(Method.java:578)
at org.testng.internal.invokers.MethodInvocationHelper.invokeMethod(MethodInvocationHelper.java:139)
at org.testng.internal.invokers.TestInvoker.invokeMethod(TestInvoker.java:677)
at org.testng.internal.invokers.TestInvoker.invokeTestMethod(TestInvoker.java:221)
at org.testng.internal.invokers.MethodRunner.runInSequence(MethodRunner.java:50)
at org.testng.internal.invokers.TestInvoker$MethodInvocationAgent.invoke(TestInvoker.java:969)
at org.testng.internal.invokers.TestInvoker.invokeTestMethods(TestInvoker.java:194)
at org.testng.internal.invokers.TestMethodWorker.invokeTestMethods(TestMethodWorker.java:148)
at org.testng.internal.invokers.TestMethodWorker.run(TestMethodWorker.java:128)
at java.base/java.util.ArrayList.forEach(ArrayList.java:1511)
at org.testng.TestRunner.privateRun(TestRunner.java:829)
at org.testng.TestRunner.run(TestRunner.java:602)
at org.testng.SuiteRunner.runTest(SuiteRunner.java:437)
at org.testng.SuiteRunner.runSequentially(SuiteRunner.java:431)
at org.testng.SuiteRunner.privateRun(SuiteRunner.java:391)
at org.testng.SuiteRunner.run(SuiteRunner.java:330)
at org.testng.SuiteRunnerWorker.runSuite(SuiteRunnerWorker.java:52)
at org.testng.SuiteRunnerWorker.run(SuiteRunnerWorker.java:95)
at org.testng.TestNG.runSuitesSequentially(TestNG.java:1256)
at org.testng.TestNG.runSuitesLocally(TestNG.java:1176)
at org.testng.TestNG.runSuites(TestNG.java:1099)
at org.testng.TestNG.run(TestNG.java:1067)
at org.apache.maven.surefire.testng.TestNGExecutor.run(TestNGExecutor.java:132)
at org.apache.maven.surefire.testng.TestNGDirectoryTestSuite.executeMulti(TestNGDirectoryTestSuite.java:193)
at org.apache.maven.surefire.testng.TestNGDirectoryTestSuite.execute(TestNGDirectoryTestSuite.java:94)
at org.apache.maven.surefire.testng.TestNGProvider.invoke(TestNGProvider.java:147)
at org.apache.maven.surefire.booter.ForkedBooter.invokeProviderInSameClassLoader(ForkedBooter.java:290)
at org.apache.maven.surefire.booter.ForkedBooter.runSuitesInProcess(ForkedBooter.java:242)
at org.apache.maven.surefire.booter.ForkedBooter.main(ForkedBooter.java:121)
]]>
    </failure>
  </testcase> <!-- getChangeRequestGuid -->
  <system-out/>
  <testcase classname="AutoTest.ApplicationTest" name="getChangeRequestGuidNegative" time="0.995"/>
  <system-out/>
  <testcase classname="AutoTest.ApplicationTest" name="getChangeRequestGuidNegative" time="1.031"/>
  <system-out/>
  <testcase classname="AutoTest.ApplicationTest" name="getChangeRequestGuidNegative" time="0.899"/>
  <system-out/>
  <testcase classname="AutoTest.ApplicationTest" name="getChangeRequestGuidNegative" time="1.014"/>
  <system-out/>
  <testcase classname="AutoTest.ApplicationTest" name="getChangeRequestGuidNegative" time="1.032"/>
  <system-out/>
  <testcase classname="AutoTest.ApplicationTest" name="getChangeRequestGuidNegative" time="0.967"/>
  <system-out/>
  <testcase classname="AutoTest.ApplicationTest" name="getTestChangeRequestGuid5" time="1.001">
    <failure message="1 expectation failed.
Expected status code &lt;200&gt; but was &lt;400&gt;.
" type="java.lang.AssertionError">
      <![CDATA[java.lang.AssertionError: 1 expectation failed.
Expected status code <200> but was <400>.

at java.base/jdk.internal.reflect.DirectConstructorHandleAccessor.newInstance(DirectConstructorHandleAccessor.java:67)
at java.base/java.lang.reflect.Constructor.newInstanceWithCaller(Constructor.java:500)
at java.base/java.lang.reflect.Constructor.newInstance(Constructor.java:484)
at org.codehaus.groovy.reflection.CachedConstructor.invoke(CachedConstructor.java:73)
at org.codehaus.groovy.runtime.callsite.ConstructorSite$ConstructorSiteNoUnwrapNoCoerce.callConstructor(ConstructorSite.java:108)
at org.codehaus.groovy.runtime.callsite.AbstractCallSite.callConstructor(AbstractCallSite.java:277)
at io.restassured.internal.ResponseSpecificationImpl$HamcrestAssertionClosure.validate(ResponseSpecificationImpl.groovy:512)
at io.restassured.internal.ResponseSpecificationImpl$HamcrestAssertionClosure$validate$1.call(Unknown Source)
at io.restassured.internal.RequestSpecificationImpl.applyPathParamsAndSendRequest(RequestSpecificationImpl.groovy:1705)
at io.restassured.internal.RequestSpecificationImpl.this$2$applyPathParamsAndSendRequest(RequestSpecificationImpl.groovy)
at java.base/jdk.internal.reflect.DirectMethodHandleAccessor.invoke(DirectMethodHandleAccessor.java:104)
at java.base/java.lang.reflect.Method.invoke(Method.java:578)
at org.codehaus.groovy.reflection.CachedMethod.invoke(CachedMethod.java:343)
at groovy.lang.MetaMethod.doMethodInvoke(MetaMethod.java:328)
at groovy.lang.MetaClassImpl.doInvokeMethod(MetaClassImpl.java:1348)
at groovy.lang.MetaClassImpl.invokeMethod(MetaClassImpl.java:1103)
at groovy.lang.MetaClassImpl.invokeMethod(MetaClassImpl.java:1009)
at groovy.lang.MetaClassImpl.invokeMethod(MetaClassImpl.java:792)
at io.restassured.internal.RequestSpecificationImpl.invokeMethod(RequestSpecificationImpl.groovy)
at org.codehaus.groovy.runtime.callsite.PogoInterceptableSite.call(PogoInterceptableSite.java:46)
at org.codehaus.groovy.runtime.callsite.PogoInterceptableSite.callCurrent(PogoInterceptableSite.java:57)
at org.codehaus.groovy.runtime.callsite.AbstractCallSite.callCurrent(AbstractCallSite.java:203)
at io.restassured.internal.RequestSpecificationImpl.applyPathParamsAndSendRequest(RequestSpecificationImpl.groovy:1710)
at io.restassured.internal.RequestSpecificationImpl.this$2$applyPathParamsAndSendRequest(RequestSpecificationImpl.groovy)
at java.base/jdk.internal.reflect.DirectMethodHandleAccessor.invoke(DirectMethodHandleAccessor.java:104)
at java.base/java.lang.reflect.Method.invoke(Method.java:578)
at org.codehaus.groovy.reflection.CachedMethod.invoke(CachedMethod.java:343)
at groovy.lang.MetaMethod.doMethodInvoke(MetaMethod.java:328)
at groovy.lang.MetaClassImpl.doInvokeMethod(MetaClassImpl.java:1348)
at groovy.lang.MetaClassImpl.invokeMethod(MetaClassImpl.java:1103)
at groovy.lang.MetaClassImpl.invokeMethod(MetaClassImpl.java:1009)
at groovy.lang.MetaClassImpl.invokeMethod(MetaClassImpl.java:792)
at io.restassured.internal.RequestSpecificationImpl.invokeMethod(RequestSpecificationImpl.groovy)
at org.codehaus.groovy.runtime.callsite.PogoInterceptableSite.call(PogoInterceptableSite.java:46)
at org.codehaus.groovy.runtime.callsite.PogoInterceptableSite.callCurrent(PogoInterceptableSite.java:57)
at org.codehaus.groovy.runtime.callsite.AbstractCallSite.callCurrent(AbstractCallSite.java:203)
at io.restassured.internal.RequestSpecificationImpl.get(RequestSpecificationImpl.groovy:172)
at io.restassured.internal.RequestSpecificationImpl.get(RequestSpecificationImpl.groovy)
at AutoTest.ApplicationTest.getTestChangeRequestGuid5(ApplicationTest.java:38)
at java.base/jdk.internal.reflect.DirectMethodHandleAccessor.invoke(DirectMethodHandleAccessor.java:104)
at java.base/java.lang.reflect.Method.invoke(Method.java:578)
at org.testng.internal.invokers.MethodInvocationHelper.invokeMethod(MethodInvocationHelper.java:139)
at org.testng.internal.invokers.TestInvoker.invokeMethod(TestInvoker.java:677)
at org.testng.internal.invokers.TestInvoker.invokeTestMethod(TestInvoker.java:221)
at org.testng.internal.invokers.MethodRunner.runInSequence(MethodRunner.java:50)
at org.testng.internal.invokers.TestInvoker$MethodInvocationAgent.invoke(TestInvoker.java:969)
at org.testng.internal.invokers.TestInvoker.invokeTestMethods(TestInvoker.java:194)
at org.testng.internal.invokers.TestMethodWorker.invokeTestMethods(TestMethodWorker.java:148)
at org.testng.internal.invokers.TestMethodWorker.run(TestMethodWorker.java:128)
at java.base/java.util.ArrayList.forEach(ArrayList.java:1511)
at org.testng.TestRunner.privateRun(TestRunner.java:829)
at org.testng.TestRunner.run(TestRunner.java:602)
at org.testng.SuiteRunner.runTest(SuiteRunner.java:437)
at org.testng.SuiteRunner.runSequentially(SuiteRunner.java:431)
at org.testng.SuiteRunner.privateRun(SuiteRunner.java:391)
at org.testng.SuiteRunner.run(SuiteRunner.java:330)
at org.testng.SuiteRunnerWorker.runSuite(SuiteRunnerWorker.java:52)
at org.testng.SuiteRunnerWorker.run(SuiteRunnerWorker.java:95)
at org.testng.TestNG.runSuitesSequentially(TestNG.java:1256)
at org.testng.TestNG.runSuitesLocally(TestNG.java:1176)
at org.testng.TestNG.runSuites(TestNG.java:1099)
at org.testng.TestNG.run(TestNG.java:1067)
at org.apache.maven.surefire.testng.TestNGExecutor.run(TestNGExecutor.java:132)
at org.apache.maven.surefire.testng.TestNGDirectoryTestSuite.executeMulti(TestNGDirectoryTestSuite.java:193)
at org.apache.maven.surefire.testng.TestNGDirectoryTestSuite.execute(TestNGDirectoryTestSuite.java:94)
at org.apache.maven.surefire.testng.TestNGProvider.invoke(TestNGProvider.java:147)
at org.apache.maven.surefire.booter.ForkedBooter.invokeProviderInSameClassLoader(ForkedBooter.java:290)
at org.apache.maven.surefire.booter.ForkedBooter.runSuitesInProcess(ForkedBooter.java:242)
at org.apache.maven.surefire.booter.ForkedBooter.main(ForkedBooter.java:121)
]]>
    </failure>
  </testcase> <!-- getTestChangeRequestGuid5 -->
  <system-out/>
  <testcase classname="AutoTest.ApplicationTest" name="getChangeRequestGuidNegative" time="0.948"/>
  <system-out/>
</testsuite> <!-- AutoTest.ApplicationTest -->
