<?xml version="1.0" encoding="UTF-8"?>
<!-- Generated by org.testng.reporters.JUnitReportReporter -->
<testsuite hostname="DESKTOP-EKIHJ54" failures="0" tests="210" name="AutoTest.PartnerTest" time="219.317" errors="0" timestamp="2024-02-05T09:00:35 MSK" skipped="0">
  <testcase classname="AutoTest.PartnerTest" name="getBankAccountTypeGuidNotExist" time="0.968"/>
  <system-out/>
  <testcase classname="AutoTest.PartnerTest" name="getBankAccountMaxPlus" time="0.943"/>
  <system-out/>
  <testcase classname="AutoTest.PartnerTest" name="getPartnerGuidNotExist" time="1.028"/>
  <system-out/>
  <testcase classname="AutoTest.PartnerTest" name="getPartnerConcernTypeListStepIsEmpty" time="1.007"/>
  <system-out/>
  <testcase classname="AutoTest.PartnerTest" name="getContactGuidNotExist" time="1.061"/>
  <system-out/>
  <testcase classname="AutoTest.PartnerTest" name="getContactRolesGuidNotExist" time="1.062"/>
  <system-out/>
  <testcase classname="AutoTest.PartnerTest" name="getPartnerConcernTypeListStepMaxPlus" time="1.029"/>
  <system-out/>
  <testcase classname="AutoTest.PartnerTest" name="getBankAccountMaxPlus" time="0.975"/>
  <system-out/>
  <testcase classname="AutoTest.PartnerTest" name="getBankAccountTypeGuidNotExist" time="0.987"/>
  <system-out/>
  <testcase classname="AutoTest.PartnerTest" name="getPartnerConcernTypeListStepMaxPlus" time="1.044"/>
  <system-out/>
  <testcase classname="AutoTest.PartnerTest" name="getBankAccountMaxPlus" time="1.093"/>
  <system-out/>
  <testcase classname="AutoTest.PartnerTest" name="getBankAccountTypeMaxPlus" time="0.873"/>
  <system-out/>
  <testcase classname="AutoTest.PartnerTest" name="getPartnerGuidNotExist" time="0.969"/>
  <system-out/>
  <testcase classname="AutoTest.PartnerTest" name="getPartnerSearchCodeMdm" time="1.277"/>
  <system-out/>
  <testcase classname="AutoTest.PartnerTest" name="getBankAccountMaxPlus" time="0.961"/>
  <system-out/>
  <testcase classname="AutoTest.PartnerTest" name="getBankAccountList" time="0.987"/>
  <system-out/>
  <testcase classname="AutoTest.PartnerTest" name="getBankAccountTypeList" time="0.969"/>
  <system-out/>
  <testcase classname="AutoTest.PartnerTest" name="getBankAccountTypeGuidNotExist" time="1.015"/>
  <system-out/>
  <testcase classname="AutoTest.PartnerTest" name="getBankAccountMaxPlus" time="1.032"/>
  <system-out/>
  <testcase classname="AutoTest.PartnerTest" name="getBankAccountTypeList" time="1.011"/>
  <system-out/>
  <testcase classname="AutoTest.PartnerTest" name="getContactRolesList" time="0.988"/>
  <system-out/>
  <testcase classname="AutoTest.PartnerTest" name="getBankAccountTypeGuidNotExist" time="0.933"/>
  <system-out/>
  <testcase classname="AutoTest.PartnerTest" name="getContactRolesList" time="0.977"/>
  <system-out/>
  <testcase classname="AutoTest.PartnerTest" name="getBankAccountGuidNotExist" time="1.098"/>
  <system-out/>
  <testcase classname="AutoTest.PartnerTest" name="getPartnerListStepMaxPlus" time="1.012"/>
  <system-out/>
  <testcase classname="AutoTest.PartnerTest" name="getPartnerGuid" time="1.166"/>
  <system-out/>
  <testcase classname="AutoTest.PartnerTest" name="getPartnerGuidNotExist" time="0.994"/>
  <system-out/>
  <testcase classname="AutoTest.PartnerTest" name="getBankAccountGuidNotExist" time="0.756"/>
  <system-out/>
  <testcase classname="AutoTest.PartnerTest" name="getBankAccountMaxPlus" time="1.042"/>
  <system-out/>
  <testcase classname="AutoTest.PartnerTest" name="getContactMaxPlus" time="0.948"/>
  <system-out/>
  <testcase classname="AutoTest.PartnerTest" name="getContactMaxPlus" time="0.984"/>
  <system-out/>
  <testcase classname="AutoTest.PartnerTest" name="getBankAccountMaxPlus" time="1.011"/>
  <system-out/>
  <testcase classname="AutoTest.PartnerTest" name="getPartnerListStepMaxPlus" time="1.072"/>
  <system-out/>
  <testcase classname="AutoTest.PartnerTest" name="getContactListStepIsEmpty" time="0.912"/>
  <system-out/>
  <testcase classname="AutoTest.PartnerTest" name="getPartnerConcernTypeGuidNotExist" time="1.002"/>
  <system-out/>
  <testcase classname="AutoTest.PartnerTest" name="getBankAccountMaxPlus" time="1.000"/>
  <system-out/>
  <testcase classname="AutoTest.PartnerTest" name="getPartnerListStepMaxPlus" time="1.080"/>
  <system-out/>
  <testcase classname="AutoTest.PartnerTest" name="getContactRolesMaxPlus" time="1.051"/>
  <system-out/>
  <testcase classname="AutoTest.PartnerTest" name="getPartnerConcernTypeGuidNotExist" time="0.991"/>
  <system-out/>
  <testcase classname="AutoTest.PartnerTest" name="getContactGuidNotExist" time="0.996"/>
  <system-out/>
  <testcase classname="AutoTest.PartnerTest" name="getPartnerConcernTypeListStepMaxPlus" time="0.927"/>
  <system-out/>
  <testcase classname="AutoTest.PartnerTest" name="getBankAccountGuidNotExist" time="0.916"/>
  <system-out/>
  <testcase classname="AutoTest.PartnerTest" name="getPartnerConcernTypeGuidNotExist" time="0.887"/>
  <system-out/>
  <testcase classname="AutoTest.PartnerTest" name="getContactRolesGuidNotExist" time="1.288"/>
  <system-out/>
  <testcase classname="AutoTest.PartnerTest" name="getBankAccountList" time="1.041"/>
  <system-out/>
  <testcase classname="AutoTest.PartnerTest" name="getContactMaxPlus" time="0.960"/>
  <system-out/>
  <testcase classname="AutoTest.PartnerTest" name="getBankAccountGuidNotExist" time="1.064"/>
  <system-out/>
  <testcase classname="AutoTest.PartnerTest" name="getPartnerSearchCodeNoResident" time="0.918"/>
  <system-out/>
  <testcase classname="AutoTest.PartnerTest" name="getPartnerList" time="1.777"/>
  <system-out/>
  <testcase classname="AutoTest.PartnerTest" name="getPartnerConcernTypeListStepMaxPlus" time="0.995"/>
  <system-out/>
  <testcase classname="AutoTest.PartnerTest" name="getBankAccountTypeList" time="1.045"/>
  <system-out/>
  <testcase classname="AutoTest.PartnerTest" name="getPartnerListStepMaxPlus" time="1.005"/>
  <system-out/>
  <testcase classname="AutoTest.PartnerTest" name="getContactRolesList" time="1.013"/>
  <system-out/>
  <testcase classname="AutoTest.PartnerTest" name="getContactRolesMaxPlus" time="0.993"/>
  <system-out/>
  <testcase classname="AutoTest.PartnerTest" name="getBankAccountList" time="1.025"/>
  <system-out/>
  <testcase classname="AutoTest.PartnerTest" name="getContactGuidNotExist" time="1.008"/>
  <system-out/>
  <testcase classname="AutoTest.PartnerTest" name="getPartnerListStepMaxPlus" time="0.931"/>
  <system-out/>
  <testcase classname="AutoTest.PartnerTest" name="getBankAccountTypeGuidNotExist" time="1.004"/>
  <system-out/>
  <testcase classname="AutoTest.PartnerTest" name="getContactRolesMaxPlus" time="0.963"/>
  <system-out/>
  <testcase classname="AutoTest.PartnerTest" name="getBankAccountTypeMaxPlus" time="1.133"/>
  <system-out/>
  <testcase classname="AutoTest.PartnerTest" name="getContactRolesGuid" time="1.437"/>
  <system-out/>
  <testcase classname="AutoTest.PartnerTest" name="getPartnerSearchEmptyParametr" time="0.832"/>
  <system-out/>
  <testcase classname="AutoTest.PartnerTest" name="getContactMaxPlus" time="0.981"/>
  <system-out/>
  <testcase classname="AutoTest.PartnerTest" name="getContactRolesMaxPlus" time="0.994"/>
  <system-out/>
  <testcase classname="AutoTest.PartnerTest" name="getBankAccountTypeGuidNotExist" time="1.026"/>
  <system-out/>
  <testcase classname="AutoTest.PartnerTest" name="getPartnerList" time="1.024"/>
  <system-out/>
  <testcase classname="AutoTest.PartnerTest" name="getContactGuidNotExist" time="0.875"/>
  <system-out/>
  <testcase classname="AutoTest.PartnerTest" name="getPartnerList" time="1.175"/>
  <system-out/>
  <testcase classname="AutoTest.PartnerTest" name="getPartnerSearchInnKppList" time="1.075"/>
  <system-out/>
  <testcase classname="AutoTest.PartnerTest" name="getPartnerConcernTypeGuidNotExist" time="0.968"/>
  <system-out/>
  <testcase classname="AutoTest.PartnerTest" name="getContactRolesListStepIsEmpty" time="1.003"/>
  <system-out/>
  <testcase classname="AutoTest.PartnerTest" name="getPartnerSearchName" time="2.044"/>
  <system-out/>
  <testcase classname="AutoTest.PartnerTest" name="getPartnerListStepMaxPlus" time="0.978"/>
  <system-out/>
  <testcase classname="AutoTest.PartnerTest" name="getContactRolesMaxPlus" time="0.978"/>
  <system-out/>
  <testcase classname="AutoTest.PartnerTest" name="getContactList" time="0.982"/>
  <system-out/>
  <testcase classname="AutoTest.PartnerTest" name="getPartnerConcernTypeList" time="0.991"/>
  <system-out/>
  <testcase classname="AutoTest.PartnerTest" name="getBankAccountTypeMaxPlus" time="1.053"/>
  <system-out/>
  <testcase classname="AutoTest.PartnerTest" name="getBankAccountTypeMaxPlus" time="1.001"/>
  <system-out/>
  <testcase classname="AutoTest.PartnerTest" name="getContactRolesGuidNotExist" time="0.724"/>
  <system-out/>
  <testcase classname="AutoTest.PartnerTest" name="getPartnerConcernTypeListStepMaxPlus" time="0.986"/>
  <system-out/>
  <testcase classname="AutoTest.PartnerTest" name="getContactMaxPlus" time="0.981"/>
  <system-out/>
  <testcase classname="AutoTest.PartnerTest" name="getPartnerGuidNotExist" time="0.831"/>
  <system-out/>
  <testcase classname="AutoTest.PartnerTest" name="getContactGuidNotExist" time="1.080"/>
  <system-out/>
  <testcase classname="AutoTest.PartnerTest" name="getContactList" time="0.937"/>
  <system-out/>
  <testcase classname="AutoTest.PartnerTest" name="getContactRolesGuidNotExist" time="1.130"/>
  <system-out/>
  <testcase classname="AutoTest.PartnerTest" name="getContactRolesGuidNotExist" time="0.966"/>
  <system-out/>
  <testcase classname="AutoTest.PartnerTest" name="getContactRolesMaxPlus" time="1.006"/>
  <system-out/>
  <testcase classname="AutoTest.PartnerTest" name="getBankAccountTypeMaxPlus" time="0.998"/>
  <system-out/>
  <testcase classname="AutoTest.PartnerTest" name="getPartnerConcernTypeList" time="0.969"/>
  <system-out/>
  <testcase classname="AutoTest.PartnerTest" name="getPartnerConcernTypeList" time="1.021"/>
  <system-out/>
  <testcase classname="AutoTest.PartnerTest" name="getBankAccountStepIsEmpty" time="0.966"/>
  <system-out/>
  <testcase classname="AutoTest.PartnerTest" name="getPartnerConcernTypeListStepMaxPlus" time="1.034"/>
  <system-out/>
  <testcase classname="AutoTest.PartnerTest" name="getContactRolesGuidNotExist" time="0.988"/>
  <system-out/>
  <testcase classname="AutoTest.PartnerTest" name="getBankAccountGuidNotExist" time="1.017"/>
  <system-out/>
  <testcase classname="AutoTest.PartnerTest" name="getPartnerListStepMaxPlus" time="1.014"/>
  <system-out/>
  <testcase classname="AutoTest.PartnerTest" name="getBankAccountTypeGuidNotExist" time="0.988"/>
  <system-out/>
  <testcase classname="AutoTest.PartnerTest" name="getContactRolesMaxPlus" time="1.029"/>
  <system-out/>
  <testcase classname="AutoTest.PartnerTest" name="getPartnerGuidNotExist" time="1.009"/>
  <system-out/>
  <testcase classname="AutoTest.PartnerTest" name="getPartnerList" time="1.433"/>
  <system-out/>
  <testcase classname="AutoTest.PartnerTest" name="getBankAccountTypeGuidNotExist" time="1.005"/>
  <system-out/>
  <testcase classname="AutoTest.PartnerTest" name="getPartnerGuidNotExist" time="1.035"/>
  <system-out/>
  <testcase classname="AutoTest.PartnerTest" name="getContactMaxPlus" time="1.004"/>
  <system-out/>
  <testcase classname="AutoTest.PartnerTest" name="getContactRolesGuidNotExist" time="0.981"/>
  <system-out/>
  <testcase classname="AutoTest.PartnerTest" name="getBankAccountMaxPlus" time="1.013"/>
  <system-out/>
  <testcase classname="AutoTest.PartnerTest" name="getPartnerConcernTypeListStepMaxPlus" time="0.941"/>
  <system-out/>
  <testcase classname="AutoTest.PartnerTest" name="getBankAccountTypeMaxPlus" time="1.013"/>
  <system-out/>
  <testcase classname="AutoTest.PartnerTest" name="getBankAccountMaxPlus" time="1.014"/>
  <system-out/>
  <testcase classname="AutoTest.PartnerTest" name="getPartnerConcernTypeListStepMaxPlus" time="0.991"/>
  <system-out/>
  <testcase classname="AutoTest.PartnerTest" name="getContactRolesGuidNotExist" time="0.540"/>
  <system-out/>
  <testcase classname="AutoTest.PartnerTest" name="getPartnerGuidNotExist" time="2.502"/>
  <system-out/>
  <testcase classname="AutoTest.PartnerTest" name="getPartnerConcernTypeList" time="1.045"/>
  <system-out/>
  <testcase classname="AutoTest.PartnerTest" name="getBankAccountTypeMaxPlus" time="1.015"/>
  <system-out/>
  <testcase classname="AutoTest.PartnerTest" name="getContactGuidNotExist" time="1.067"/>
  <system-out/>
  <testcase classname="AutoTest.PartnerTest" name="getBankAccountGuidNotExist" time="0.988"/>
  <system-out/>
  <testcase classname="AutoTest.PartnerTest" name="getContactMaxPlus" time="1.005"/>
  <system-out/>
  <testcase classname="AutoTest.PartnerTest" name="getContactMaxPlus" time="0.956"/>
  <system-out/>
  <testcase classname="AutoTest.PartnerTest" name="getPartnerListStepMaxPlus" time="0.903"/>
  <system-out/>
  <testcase classname="AutoTest.PartnerTest" name="getBankAccountTypeGuidNotExist" time="0.995"/>
  <system-out/>
  <testcase classname="AutoTest.PartnerTest" name="getContactGuidNotExist" time="0.999"/>
  <system-out/>
  <testcase classname="AutoTest.PartnerTest" name="getContactMaxPlus" time="1.018"/>
  <system-out/>
  <testcase classname="AutoTest.PartnerTest" name="getContactList" time="1.084"/>
  <system-out/>
  <testcase classname="AutoTest.PartnerTest" name="getBankAccountTypeMaxPlus" time="1.012"/>
  <system-out/>
  <testcase classname="AutoTest.PartnerTest" name="getBankAccountTypeMaxPlus" time="0.957"/>
  <system-out/>
  <testcase classname="AutoTest.PartnerTest" name="getBankAccountGuidNotExist" time="0.928"/>
  <system-out/>
  <testcase classname="AutoTest.PartnerTest" name="getContactRolesList" time="1.027"/>
  <system-out/>
  <testcase classname="AutoTest.PartnerTest" name="getBankAccountMaxPlus" time="1.074"/>
  <system-out/>
  <testcase classname="AutoTest.PartnerTest" name="getContactGuidNotExist" time="0.933"/>
  <system-out/>
  <testcase classname="AutoTest.PartnerTest" name="getBankAccountTypeList" time="1.006"/>
  <system-out/>
  <testcase classname="AutoTest.PartnerTest" name="getContactMaxPlus" time="1.014"/>
  <system-out/>
  <testcase classname="AutoTest.PartnerTest" name="getContactRolesMaxPlus" time="1.007"/>
  <system-out/>
  <testcase classname="AutoTest.PartnerTest" name="getPartnerConcernTypeListStepMaxPlus" time="0.989"/>
  <system-out/>
  <testcase classname="AutoTest.PartnerTest" name="getContactGuidNotExist" time="0.950"/>
  <system-out/>
  <testcase classname="AutoTest.PartnerTest" name="getBankAccountGuidNotExist" time="0.931"/>
  <system-out/>
  <testcase classname="AutoTest.PartnerTest" name="getBankAccountTypeGuid" time="0.973"/>
  <system-out/>
  <testcase classname="AutoTest.PartnerTest" name="getContactRolesGuidNotExist" time="0.932"/>
  <system-out/>
  <testcase classname="AutoTest.PartnerTest" name="getContactMaxPlus" time="1.075"/>
  <system-out/>
  <testcase classname="AutoTest.PartnerTest" name="getPartnerConcernTypeListStepMaxPlus" time="0.973"/>
  <system-out/>
  <testcase classname="AutoTest.PartnerTest" name="getPartnerConcernTypeList" time="1.008"/>
  <system-out/>
  <testcase classname="AutoTest.PartnerTest" name="getBankAccountTypeMaxPlus" time="1.051"/>
  <system-out/>
  <testcase classname="AutoTest.PartnerTest" name="getPartnerGuidNotExist" time="0.975"/>
  <system-out/>
  <testcase classname="AutoTest.PartnerTest" name="getBankAccountTypeMaxPlus" time="1.103"/>
  <system-out/>
  <testcase classname="AutoTest.PartnerTest" name="getContactList" time="1.119"/>
  <system-out/>
  <testcase classname="AutoTest.PartnerTest" name="getBankAccountTypeGuidNotExist" time="0.975"/>
  <system-out/>
  <testcase classname="AutoTest.PartnerTest" name="getBankAccountMaxPlus" time="1.012"/>
  <system-out/>
  <testcase classname="AutoTest.PartnerTest" name="getBankAccountGuid" time="1.101"/>
  <system-out/>
  <testcase classname="AutoTest.PartnerTest" name="getContactList" time="0.988"/>
  <system-out/>
  <testcase classname="AutoTest.PartnerTest" name="getPartnerConcernTypeGuid" time="1.113"/>
  <system-out/>
  <testcase classname="AutoTest.PartnerTest" name="getContactRolesGuidNotExist" time="1.013"/>
  <system-out/>
  <testcase classname="AutoTest.PartnerTest" name="getBankAccountTypeList" time="1.027"/>
  <system-out/>
  <testcase classname="AutoTest.PartnerTest" name="getPartnerConcernTypeGuidNotExist" time="1.051"/>
  <system-out/>
  <testcase classname="AutoTest.PartnerTest" name="getContactGuid" time="1.120"/>
  <system-out/>
  <testcase classname="AutoTest.PartnerTest" name="getPartnerList" time="2.806"/>
  <system-out/>
  <testcase classname="AutoTest.PartnerTest" name="getContactRolesMaxPlus" time="0.982"/>
  <system-out/>
  <testcase classname="AutoTest.PartnerTest" name="getBankAccountList" time="1.008"/>
  <system-out/>
  <testcase classname="AutoTest.PartnerTest" name="getPartnerConcernTypeListStepMaxPlus" time="0.997"/>
  <system-out/>
  <testcase classname="AutoTest.PartnerTest" name="getBankAccountTypeGuidNotExist" time="1.069"/>
  <system-out/>
  <testcase classname="AutoTest.PartnerTest" name="getPartnerListStepMaxPlus" time="1.001"/>
  <system-out/>
  <testcase classname="AutoTest.PartnerTest" name="getContactRolesMaxPlus" time="0.993"/>
  <system-out/>
  <testcase classname="AutoTest.PartnerTest" name="getPartnerListStepMaxPlus" time="0.962"/>
  <system-out/>
  <testcase classname="AutoTest.PartnerTest" name="getPartnerConcernTypeList" time="1.059"/>
  <system-out/>
  <testcase classname="AutoTest.PartnerTest" name="getPartnerGuidNotExist" time="1.029"/>
  <system-out/>
  <testcase classname="AutoTest.PartnerTest" name="getBankAccountList" time="0.990"/>
  <system-out/>
  <testcase classname="AutoTest.PartnerTest" name="getContactRolesList" time="0.984"/>
  <system-out/>
  <testcase classname="AutoTest.PartnerTest" name="getBankAccountList" time="1.011"/>
  <system-out/>
  <testcase classname="AutoTest.PartnerTest" name="getBankAccountTypeMaxPlus" time="0.872"/>
  <system-out/>
  <testcase classname="AutoTest.PartnerTest" name="getBankAccountTypeMaxPlus" time="0.963"/>
  <system-out/>
  <testcase classname="AutoTest.PartnerTest" name="getBankAccountGuidNotExist" time="1.014"/>
  <system-out/>
  <testcase classname="AutoTest.PartnerTest" name="getPartnerListStepIsEmpty" time="1.809"/>
  <system-out/>
  <testcase classname="AutoTest.PartnerTest" name="getContactList" time="0.956"/>
  <system-out/>
  <testcase classname="AutoTest.PartnerTest" name="getContactMaxPlus" time="0.992"/>
  <system-out/>
  <testcase classname="AutoTest.PartnerTest" name="getPartnerListStepMaxPlus" time="0.631"/>
  <system-out/>
  <testcase classname="AutoTest.PartnerTest" name="getBankAccountMaxPlus" time="1.045"/>
  <system-out/>
  <testcase classname="AutoTest.PartnerTest" name="getPartnerConcernTypeListStepMaxPlus" time="0.992"/>
  <system-out/>
  <testcase classname="AutoTest.PartnerTest" name="getContactRolesList" time="1.002"/>
  <system-out/>
  <testcase classname="AutoTest.PartnerTest" name="getBankAccountGuidNotExist" time="1.020"/>
  <system-out/>
  <testcase classname="AutoTest.PartnerTest" name="getBankAccountTypeList" time="1.021"/>
  <system-out/>
  <testcase classname="AutoTest.PartnerTest" name="getPartnerGuidNotExist" time="0.989"/>
  <system-out/>
  <testcase classname="AutoTest.PartnerTest" name="getPartnerConcernTypeGuidNotExist" time="1.001"/>
  <system-out/>
  <testcase classname="AutoTest.PartnerTest" name="getContactMaxPlus" time="0.994"/>
  <system-out/>
  <testcase classname="AutoTest.PartnerTest" name="getPartnerConcernTypeListStepMaxPlus" time="1.016"/>
  <system-out/>
  <testcase classname="AutoTest.PartnerTest" name="getPartnerConcernTypeGuidNotExist" time="1.027"/>
  <system-out/>
  <testcase classname="AutoTest.PartnerTest" name="getPartnerConcernTypeGuidNotExist" time="1.036"/>
  <system-out/>
  <testcase classname="AutoTest.PartnerTest" name="getBankAccountMaxPlus" time="0.979"/>
  <system-out/>
  <testcase classname="AutoTest.PartnerTest" name="getContactRolesMaxPlus" time="0.990"/>
  <system-out/>
  <testcase classname="AutoTest.PartnerTest" name="getContactRolesMaxPlus" time="1.000"/>
  <system-out/>
  <testcase classname="AutoTest.PartnerTest" name="getBankAccountTypeStepIsEmpty" time="1.033"/>
  <system-out/>
  <testcase classname="AutoTest.PartnerTest" name="getPartnerConcernTypeGuidNotExist" time="1.002"/>
  <system-out/>
  <testcase classname="AutoTest.PartnerTest" name="getContactRolesMaxPlus" time="1.023"/>
  <system-out/>
  <testcase classname="AutoTest.PartnerTest" name="getPartnerConcernTypeListStepMaxPlus" time="1.069"/>
  <system-out/>
  <testcase classname="AutoTest.PartnerTest" name="getPartnerListStepMaxPlus" time="1.052"/>
  <system-out/>
  <testcase classname="AutoTest.PartnerTest" name="getPartnerConcernTypeGuidNotExist" time="0.961"/>
  <system-out/>
  <testcase classname="AutoTest.PartnerTest" name="getPartnerConcernTypeGuidNotExist" time="0.993"/>
  <system-out/>
  <testcase classname="AutoTest.PartnerTest" name="getBankAccountMaxPlus" time="0.902"/>
  <system-out/>
  <testcase classname="AutoTest.PartnerTest" name="getPartnerListStepMaxPlus" time="0.959"/>
  <system-out/>
  <testcase classname="AutoTest.PartnerTest" name="getContactRolesGuidNotExist" time="0.991"/>
  <system-out/>
  <testcase classname="AutoTest.PartnerTest" name="getBankAccountTypeMaxPlus" time="0.966"/>
  <system-out/>
  <testcase classname="AutoTest.PartnerTest" name="getContactMaxPlus" time="1.027"/>
  <system-out/>
  <testcase classname="AutoTest.PartnerTest" name="getPartnerConcernTypeListStepMaxPlus" time="1.011"/>
  <system-out/>
  <testcase classname="AutoTest.PartnerTest" name="getPartnerGuidNotExist" time="0.998"/>
  <system-out/>
  <testcase classname="AutoTest.PartnerTest" name="getPartnerList" time="2.872"/>
  <system-out/>
  <testcase classname="AutoTest.PartnerTest" name="getContactRolesMaxPlus" time="0.991"/>
  <system-out/>
  <testcase classname="AutoTest.PartnerTest" name="getContactGuidNotExist" time="0.961"/>
  <system-out/>
  <testcase classname="AutoTest.PartnerTest" name="getContactMaxPlus" time="1.011"/>
  <system-out/>
  <testcase classname="AutoTest.PartnerTest" name="getPartnerListStepMaxPlus" time="1.998"/>
  <system-out/>
  <testcase classname="AutoTest.PartnerTest" name="getBankAccountGuidNotExist" time="1.011"/>
  <system-out/>
  <testcase classname="AutoTest.PartnerTest" name="getContactRolesMaxPlus" time="0.981"/>
  <system-out/>
  <testcase classname="AutoTest.PartnerTest" name="getPartnerSearchInnList" time="1.023"/>
  <system-out/>
  <testcase classname="AutoTest.PartnerTest" name="getBankAccountTypeMaxPlus" time="0.881"/>
  <system-out/>
  <testcase classname="AutoTest.PartnerTest" name="getContactGuidNotExist" time="1.046"/>
  <system-out/>
  <testcase classname="AutoTest.PartnerTest" name="getPartnerListStepMaxPlus" time="1.043"/>
  <system-out/>
</testsuite> <!-- AutoTest.PartnerTest -->
