<?xml version="1.0" encoding="UTF-8"?>
<!-- Generated by org.testng.reporters.JUnitReportReporter -->
<testsuite hostname="DESKTOP-EKIHJ54" failures="0" tests="204" name="AutoTest.FinanceTest" time="212.416" errors="0" timestamp="2024-02-05T09:00:35 MSK" skipped="0">
  <testcase classname="AutoTest.FinanceTest" name="getSubcontoListStepMaxPlus" time="1.010"/>
  <system-out/>
  <testcase classname="AutoTest.FinanceTest" name="getExpensesArticlesStepMaxPlus" time="1.062"/>
  <system-out/>
  <testcase classname="AutoTest.FinanceTest" name="getDdsVidGuidNotExist" time="1.008"/>
  <system-out/>
  <testcase classname="AutoTest.FinanceTest" name="getSubcontoGuidNotExist" time="1.015"/>
  <system-out/>
  <testcase classname="AutoTest.FinanceTest" name="getDdsVidListStepMaxPlus" time="1.022"/>
  <system-out/>
  <testcase classname="AutoTest.FinanceTest" name="getExpensesArticlesGuidNotExist" time="1.011"/>
  <system-out/>
  <testcase classname="AutoTest.FinanceTest" name="getOtherSubcontoList" time="1.024"/>
  <system-out/>
  <testcase classname="AutoTest.FinanceTest" name="getOtherSubcontoList" time="0.968"/>
  <system-out/>
  <testcase classname="AutoTest.FinanceTest" name="getSubcontoListStepMaxPlus" time="1.002"/>
  <system-out/>
  <testcase classname="AutoTest.FinanceTest" name="getOtherIncomeExpensesList" time="1.116"/>
  <system-out/>
  <testcase classname="AutoTest.FinanceTest" name="getDdsArticlesList" time="1.098"/>
  <system-out/>
  <testcase classname="AutoTest.FinanceTest" name="getExpensesArticlesGuidNotExist" time="0.988"/>
  <system-out/>
  <testcase classname="AutoTest.FinanceTest" name="getPlanSchetovListStepMaxPlus" time="1.025"/>
  <system-out/>
  <testcase classname="AutoTest.FinanceTest" name="getOtherIncomeExpensesList" time="1.017"/>
  <system-out/>
  <testcase classname="AutoTest.FinanceTest" name="getDdsVidGuidNotExist" time="1.018"/>
  <system-out/>
  <testcase classname="AutoTest.FinanceTest" name="getPlanSchetovListStepMaxPlus" time="1.045"/>
  <system-out/>
  <testcase classname="AutoTest.FinanceTest" name="getSubcontoListStepMaxPlus" time="0.996"/>
  <system-out/>
  <testcase classname="AutoTest.FinanceTest" name="getPlanSchetovListStepMaxPlus" time="1.019"/>
  <system-out/>
  <testcase classname="AutoTest.FinanceTest" name="getSubcontoListStepMaxPlus" time="0.995"/>
  <system-out/>
  <testcase classname="AutoTest.FinanceTest" name="getPlanSchetovGuidNotExist" time="0.978"/>
  <system-out/>
  <testcase classname="AutoTest.FinanceTest" name="getDdsArticlesListStepMaxPlus" time="0.998"/>
  <system-out/>
  <testcase classname="AutoTest.FinanceTest" name="getExpensesArticlesStepMaxPlus" time="0.862"/>
  <system-out/>
  <testcase classname="AutoTest.FinanceTest" name="getExpensesArticlesGuidNotExist" time="1.049"/>
  <system-out/>
  <testcase classname="AutoTest.FinanceTest" name="getDdsArticlesGuidNotExist" time="1.046"/>
  <system-out/>
  <testcase classname="AutoTest.FinanceTest" name="getDdsVidGuidNotExist" time="1.029"/>
  <system-out/>
  <testcase classname="AutoTest.FinanceTest" name="getExpensesArticlesList" time="1.135"/>
  <system-out/>
  <testcase classname="AutoTest.FinanceTest" name="getDdsVidListStepMaxPlus" time="1.054"/>
  <system-out/>
  <testcase classname="AutoTest.FinanceTest" name="getOtherIncomeExpensesListStepMaxPlus" time="0.979"/>
  <system-out/>
  <testcase classname="AutoTest.FinanceTest" name="getDdsArticlesListStepMaxPlus" time="1.036"/>
  <system-out/>
  <testcase classname="AutoTest.FinanceTest" name="getPlanSchetovGuidNotExist" time="1.104"/>
  <system-out/>
  <testcase classname="AutoTest.FinanceTest" name="getPlanSchetovListStepMaxPlus" time="0.962"/>
  <system-out/>
  <testcase classname="AutoTest.FinanceTest" name="getPlanSchetovList" time="3.983"/>
  <system-out/>
  <testcase classname="AutoTest.FinanceTest" name="getOtherIncomeExpensesListStepMaxPlus" time="0.986"/>
  <system-out/>
  <testcase classname="AutoTest.FinanceTest" name="getExpensesArticlesStepMaxPlus" time="0.993"/>
  <system-out/>
  <testcase classname="AutoTest.FinanceTest" name="getDdsArticlesListStepMaxPlus" time="1.056"/>
  <system-out/>
  <testcase classname="AutoTest.FinanceTest" name="getOtherIncomeExpensesListStepMaxPlus" time="1.043"/>
  <system-out/>
  <testcase classname="AutoTest.FinanceTest" name="getOtherIncomeExpensesListStepMaxPlus" time="0.679"/>
  <system-out/>
  <testcase classname="AutoTest.FinanceTest" name="getDdsArticlesListStepMaxPlus" time="1.012"/>
  <system-out/>
  <testcase classname="AutoTest.FinanceTest" name="getDdsVidListStepMaxPlus" time="0.845"/>
  <system-out/>
  <testcase classname="AutoTest.FinanceTest" name="getExpensesArticlesStepMaxPlus" time="0.992"/>
  <system-out/>
  <testcase classname="AutoTest.FinanceTest" name="getOtherIncomeExpensesListStepMaxPlus" time="1.052"/>
  <system-out/>
  <testcase classname="AutoTest.FinanceTest" name="getSubcontoListStepMaxPlus" time="0.996"/>
  <system-out/>
  <testcase classname="AutoTest.FinanceTest" name="getDdsVidList" time="1.000"/>
  <system-out/>
  <testcase classname="AutoTest.FinanceTest" name="getDdsArticlesListStepMaxPlus" time="1.004"/>
  <system-out/>
  <testcase classname="AutoTest.FinanceTest" name="getExpensesArticlesStepMaxPlus" time="0.989"/>
  <system-out/>
  <testcase classname="AutoTest.FinanceTest" name="getDdsArticlesGuidNotExist" time="0.991"/>
  <system-out/>
  <testcase classname="AutoTest.FinanceTest" name="getDdsVidListStepIsEmpty" time="0.951"/>
  <system-out/>
  <testcase classname="AutoTest.FinanceTest" name="getSubcontoListStepIsEmpty" time="1.061"/>
  <system-out/>
  <testcase classname="AutoTest.FinanceTest" name="getOtherIncomeExpensesListStepMaxPlus" time="1.081"/>
  <system-out/>
  <testcase classname="AutoTest.FinanceTest" name="getSubcontoListStepMaxPlus" time="1.263"/>
  <system-out/>
  <testcase classname="AutoTest.FinanceTest" name="getPlanSchetovListStepMaxPlus" time="0.956"/>
  <system-out/>
  <testcase classname="AutoTest.FinanceTest" name="getDdsVidGuidNotExist" time="0.970"/>
  <system-out/>
  <testcase classname="AutoTest.FinanceTest" name="getOtherIncomeExpensesGuidNotExist" time="0.997"/>
  <system-out/>
  <testcase classname="AutoTest.FinanceTest" name="getDdsArticlesListStepMaxPlus" time="0.989"/>
  <system-out/>
  <testcase classname="AutoTest.FinanceTest" name="getPlanSchetovGuidNotExist" time="0.899"/>
  <system-out/>
  <testcase classname="AutoTest.FinanceTest" name="getPlanSchetovGuidNotExist" time="0.938"/>
  <system-out/>
  <testcase classname="AutoTest.FinanceTest" name="getDdsArticlesList" time="1.506"/>
  <system-out/>
  <testcase classname="AutoTest.FinanceTest" name="getPlanSchetovGuidNotExist" time="1.006"/>
  <system-out/>
  <testcase classname="AutoTest.FinanceTest" name="getOtherIncomeExpensesGuidNotExist" time="0.438"/>
  <system-out/>
  <testcase classname="AutoTest.FinanceTest" name="getPlanSchetovListStepMaxPlus" time="1.025"/>
  <system-out/>
  <testcase classname="AutoTest.FinanceTest" name="getSubcontoListStepMaxPlus" time="0.851"/>
  <system-out/>
  <testcase classname="AutoTest.FinanceTest" name="getDdsVidGuidNotExist" time="0.979"/>
  <system-out/>
  <testcase classname="AutoTest.FinanceTest" name="getExpensesArticlesStepMaxPlus" time="1.098"/>
  <system-out/>
  <testcase classname="AutoTest.FinanceTest" name="getDdsArticlesGuidNotExist" time="1.042"/>
  <system-out/>
  <testcase classname="AutoTest.FinanceTest" name="getPlanSchetovListStepMaxPlus" time="0.985"/>
  <system-out/>
  <testcase classname="AutoTest.FinanceTest" name="getDdsVidList" time="1.120"/>
  <system-out/>
  <testcase classname="AutoTest.FinanceTest" name="getDdsVidGuidNotExist" time="1.004"/>
  <system-out/>
  <testcase classname="AutoTest.FinanceTest" name="getExpensesArticlesGuidNotExist" time="1.012"/>
  <system-out/>
  <testcase classname="AutoTest.FinanceTest" name="getDdsVidGuidNotExist" time="0.979"/>
  <system-out/>
  <testcase classname="AutoTest.FinanceTest" name="getExpensesArticlesList" time="1.296"/>
  <system-out/>
  <testcase classname="AutoTest.FinanceTest" name="getOtherIncomeExpensesListStepMaxPlus" time="1.003"/>
  <system-out/>
  <testcase classname="AutoTest.FinanceTest" name="getPlanSchetovListStepMaxPlus" time="1.046"/>
  <system-out/>
  <testcase classname="AutoTest.FinanceTest" name="getSubcontoGuid" time="0.994"/>
  <system-out/>
  <testcase classname="AutoTest.FinanceTest" name="getDdsVidListStepMaxPlus" time="0.982"/>
  <system-out/>
  <testcase classname="AutoTest.FinanceTest" name="getDdsArticlesListStepMaxPlus" time="1.008"/>
  <system-out/>
  <testcase classname="AutoTest.FinanceTest" name="getOtherIncomeExpensesList" time="0.977"/>
  <system-out/>
  <testcase classname="AutoTest.FinanceTest" name="getDdsArticlesList" time="1.271"/>
  <system-out/>
  <testcase classname="AutoTest.FinanceTest" name="getOtherIncomeExpensesGuidNotExist" time="1.010"/>
  <system-out/>
  <testcase classname="AutoTest.FinanceTest" name="getOtherIncomeExpensesListStepMaxPlus" time="1.011"/>
  <system-out/>
  <testcase classname="AutoTest.FinanceTest" name="getPlanSchetovListStepMaxPlus" time="0.999"/>
  <system-out/>
  <testcase classname="AutoTest.FinanceTest" name="getDdsArticlesListStepMaxPlus" time="1.045"/>
  <system-out/>
  <testcase classname="AutoTest.FinanceTest" name="getDdsArticlesList" time="1.123"/>
  <system-out/>
  <testcase classname="AutoTest.FinanceTest" name="getExpensesArticlesGuidNotExist" time="1.052"/>
  <system-out/>
  <testcase classname="AutoTest.FinanceTest" name="getDdsArticlesList" time="0.959"/>
  <system-out/>
  <testcase classname="AutoTest.FinanceTest" name="getOtherIncomeExpensesGuidNotExist" time="1.013"/>
  <system-out/>
  <testcase classname="AutoTest.FinanceTest" name="getOtherIncomeExpensesGuidNotExist" time="0.914"/>
  <system-out/>
  <testcase classname="AutoTest.FinanceTest" name="getOtherIncomeExpensesGuidNotExist" time="0.981"/>
  <system-out/>
  <testcase classname="AutoTest.FinanceTest" name="getExpensesArticlesList" time="1.013"/>
  <system-out/>
  <testcase classname="AutoTest.FinanceTest" name="getSubcontoGuidNotExist" time="1.020"/>
  <system-out/>
  <testcase classname="AutoTest.FinanceTest" name="getDdsVidGuidNotExist" time="1.046"/>
  <system-out/>
  <testcase classname="AutoTest.FinanceTest" name="getDdsVidListStepMaxPlus" time="1.031"/>
  <system-out/>
  <testcase classname="AutoTest.FinanceTest" name="getPlanSchetovList" time="1.067"/>
  <system-out/>
  <testcase classname="AutoTest.FinanceTest" name="getDdsVidListStepMaxPlus" time="0.953"/>
  <system-out/>
  <testcase classname="AutoTest.FinanceTest" name="getOtherIncomeExpensesListStepMaxPlus" time="0.910"/>
  <system-out/>
  <testcase classname="AutoTest.FinanceTest" name="getOtherIncomeExpensesList" time="1.182"/>
  <system-out/>
  <testcase classname="AutoTest.FinanceTest" name="getOtherIncomeExpensesListStepMaxPlus" time="0.995"/>
  <system-out/>
  <testcase classname="AutoTest.FinanceTest" name="getOtherIncomeExpensesGuidNotExist" time="1.031"/>
  <system-out/>
  <testcase classname="AutoTest.FinanceTest" name="getExpensesArticlesStepMaxPlus" time="0.995"/>
  <system-out/>
  <testcase classname="AutoTest.FinanceTest" name="getSubcontoListStepMaxPlus" time="0.993"/>
  <system-out/>
  <testcase classname="AutoTest.FinanceTest" name="getDdsArticlesListStepIsEmpty" time="1.498"/>
  <system-out/>
  <testcase classname="AutoTest.FinanceTest" name="getSubcontoGuidNotExist" time="0.992"/>
  <system-out/>
  <testcase classname="AutoTest.FinanceTest" name="getPlanSchetovListStepMaxPlus" time="0.984"/>
  <system-out/>
  <testcase classname="AutoTest.FinanceTest" name="getOtherSubcontoList" time="1.124"/>
  <system-out/>
  <testcase classname="AutoTest.FinanceTest" name="getDdsVidListStepMaxPlus" time="0.991"/>
  <system-out/>
  <testcase classname="AutoTest.FinanceTest" name="getPlanSchetovListStepMaxPlus" time="1.016"/>
  <system-out/>
  <testcase classname="AutoTest.FinanceTest" name="getDdsVidListStepMaxPlus" time="1.167"/>
  <system-out/>
  <testcase classname="AutoTest.FinanceTest" name="getPlanSchetovGuid" time="1.045"/>
  <system-out/>
  <testcase classname="AutoTest.FinanceTest" name="getDdsArticlesListStepMaxPlus" time="0.951"/>
  <system-out/>
  <testcase classname="AutoTest.FinanceTest" name="getDdsArticlesGuidNotExist" time="0.991"/>
  <system-out/>
  <testcase classname="AutoTest.FinanceTest" name="getExpensesArticlesStepMaxPlus" time="0.997"/>
  <system-out/>
  <testcase classname="AutoTest.FinanceTest" name="getPlanSchetovListStepMaxPlus" time="0.993"/>
  <system-out/>
  <testcase classname="AutoTest.FinanceTest" name="getSubcontoGuidNotExist" time="1.032"/>
  <system-out/>
  <testcase classname="AutoTest.FinanceTest" name="getExpensesArticlesGuidNotExist" time="1.012"/>
  <system-out/>
  <testcase classname="AutoTest.FinanceTest" name="getPlanSchetovListStepMaxPlus" time="0.987"/>
  <system-out/>
  <testcase classname="AutoTest.FinanceTest" name="getOtherIncomeExpensesGuidNotExist" time="1.090"/>
  <system-out/>
  <testcase classname="AutoTest.FinanceTest" name="getExpensesArticlesList" time="0.897"/>
  <system-out/>
  <testcase classname="AutoTest.FinanceTest" name="getOtherIncomeExpensesListStepMaxPlus" time="0.934"/>
  <system-out/>
  <testcase classname="AutoTest.FinanceTest" name="getExpensesArticlesStepMaxPlus" time="1.058"/>
  <system-out/>
  <testcase classname="AutoTest.FinanceTest" name="getDdsVidListStepMaxPlus" time="1.048"/>
  <system-out/>
  <testcase classname="AutoTest.FinanceTest" name="getExpensesArticlesGuidNotExist" time="0.962"/>
  <system-out/>
  <testcase classname="AutoTest.FinanceTest" name="getOtherIncomeExpensesListStepMaxPlus" time="1.019"/>
  <system-out/>
  <testcase classname="AutoTest.FinanceTest" name="getOtherIncomeExpensesListStepMaxPlus" time="1.025"/>
  <system-out/>
  <testcase classname="AutoTest.FinanceTest" name="getDdsArticlesGuidNotExist" time="0.973"/>
  <system-out/>
  <testcase classname="AutoTest.FinanceTest" name="getExpensesArticlesGuidNotExist" time="1.074"/>
  <system-out/>
  <testcase classname="AutoTest.FinanceTest" name="getPlanSchetovGuidNotExist" time="1.048"/>
  <system-out/>
  <testcase classname="AutoTest.FinanceTest" name="getDdsArticlesListStepMaxPlus" time="1.015"/>
  <system-out/>
  <testcase classname="AutoTest.FinanceTest" name="getDdsArticlesGuidNotExist" time="0.991"/>
  <system-out/>
  <testcase classname="AutoTest.FinanceTest" name="getPlanSchetovList" time="0.967"/>
  <system-out/>
  <testcase classname="AutoTest.FinanceTest" name="getDdsArticlesListStepMaxPlus" time="0.980"/>
  <system-out/>
  <testcase classname="AutoTest.FinanceTest" name="getExpensesArticlesGuidNotExist" time="0.996"/>
  <system-out/>
  <testcase classname="AutoTest.FinanceTest" name="getSubcontoGuidNotExist" time="0.978"/>
  <system-out/>
  <testcase classname="AutoTest.FinanceTest" name="getDdsArticlesList" time="0.975"/>
  <system-out/>
  <testcase classname="AutoTest.FinanceTest" name="getExpensesArticlesStepMaxPlus" time="1.023"/>
  <system-out/>
  <testcase classname="AutoTest.FinanceTest" name="getOtherIncomeExpensesGuid" time="1.078"/>
  <system-out/>
  <testcase classname="AutoTest.FinanceTest" name="getSubcontoListStepMaxPlus" time="4.045"/>
  <system-out/>
  <testcase classname="AutoTest.FinanceTest" name="getDdsArticlesGuidNotExist" time="1.015"/>
  <system-out/>
  <testcase classname="AutoTest.FinanceTest" name="getDdsVidListStepMaxPlus" time="1.008"/>
  <system-out/>
  <testcase classname="AutoTest.FinanceTest" name="getOtherSubcontoList" time="1.067"/>
  <system-out/>
  <testcase classname="AutoTest.FinanceTest" name="getExpensesArticlesStepMaxPlus" time="0.686"/>
  <system-out/>
  <testcase classname="AutoTest.FinanceTest" name="getDdsArticlesGuid" time="1.083"/>
  <system-out/>
  <testcase classname="AutoTest.FinanceTest" name="getSubcontoListStepMaxPlus" time="0.990"/>
  <system-out/>
  <testcase classname="AutoTest.FinanceTest" name="getOtherIncomeExpensesListStepMaxPlus" time="0.996"/>
  <system-out/>
  <testcase classname="AutoTest.FinanceTest" name="getOtherIncomeExpensesList" time="1.029"/>
  <system-out/>
  <testcase classname="AutoTest.FinanceTest" name="getDdsArticlesGuidNotExist" time="0.993"/>
  <system-out/>
  <testcase classname="AutoTest.FinanceTest" name="getSubcontoListStepMaxPlus" time="1.072"/>
  <system-out/>
  <testcase classname="AutoTest.FinanceTest" name="getDdsVidListStepMaxPlus" time="0.950"/>
  <system-out/>
  <testcase classname="AutoTest.FinanceTest" name="getOtherIncomeExpensesList" time="0.980"/>
  <system-out/>
  <testcase classname="AutoTest.FinanceTest" name="getSubcontoListStepMaxPlus" time="0.779"/>
  <system-out/>
  <testcase classname="AutoTest.FinanceTest" name="getSubcontoGuidNotExist" time="1.055"/>
  <system-out/>
  <testcase classname="AutoTest.FinanceTest" name="getOtherIncomeExpensesGuidNotExist" time="1.465"/>
  <system-out/>
  <testcase classname="AutoTest.FinanceTest" name="getPlanSchetovGuidNotExist" time="0.980"/>
  <system-out/>
  <testcase classname="AutoTest.FinanceTest" name="getPlanSchetovList" time="1.018"/>
  <system-out/>
  <testcase classname="AutoTest.FinanceTest" name="getOtherSubcontoList" time="0.992"/>
  <system-out/>
  <testcase classname="AutoTest.FinanceTest" name="getExpensesArticlesStepMaxPlus" time="1.008"/>
  <system-out/>
  <testcase classname="AutoTest.FinanceTest" name="getOtherSubcontoList" time="0.879"/>
  <system-out/>
  <testcase classname="AutoTest.FinanceTest" name="getSubcontoGuidNotExist" time="0.968"/>
  <system-out/>
  <testcase classname="AutoTest.FinanceTest" name="getPlanSchetovGuidNotExist" time="0.979"/>
  <system-out/>
  <testcase classname="AutoTest.FinanceTest" name="getSubcontoGuidNotExist" time="1.003"/>
  <system-out/>
  <testcase classname="AutoTest.FinanceTest" name="getPlanSchetovListStepIsEmpty" time="1.657"/>
  <system-out/>
  <testcase classname="AutoTest.FinanceTest" name="getDdsVidListStepMaxPlus" time="0.960"/>
  <system-out/>
  <testcase classname="AutoTest.FinanceTest" name="getDdsVidGuidNotExist" time="0.993"/>
  <system-out/>
  <testcase classname="AutoTest.FinanceTest" name="getDdsArticlesGuidNotExist" time="0.908"/>
  <system-out/>
  <testcase classname="AutoTest.FinanceTest" name="getSubcontoListStepMaxPlus" time="1.022"/>
  <system-out/>
  <testcase classname="AutoTest.FinanceTest" name="getPlanSchetovList" time="1.439"/>
  <system-out/>
  <testcase classname="AutoTest.FinanceTest" name="getPlanSchetovListStepMaxPlus" time="1.026"/>
  <system-out/>
  <testcase classname="AutoTest.FinanceTest" name="getOtherIncomeExpensesListStepMaxPlus" time="0.956"/>
  <system-out/>
  <testcase classname="AutoTest.FinanceTest" name="getDdsVidListStepMaxPlus" time="0.956"/>
  <system-out/>
  <testcase classname="AutoTest.FinanceTest" name="getDdsVidGuid" time="0.977"/>
  <system-out/>
  <testcase classname="AutoTest.FinanceTest" name="getOtherIncomeExpensesListStepIsEmpty" time="1.048"/>
  <system-out/>
  <testcase classname="AutoTest.FinanceTest" name="getSubcontoListStepMaxPlus" time="0.989"/>
  <system-out/>
  <testcase classname="AutoTest.FinanceTest" name="getPlanSchetovGuidNotExist" time="0.937"/>
  <system-out/>
  <testcase classname="AutoTest.FinanceTest" name="getDdsArticlesGuidNotExist" time="1.034"/>
  <system-out/>
  <testcase classname="AutoTest.FinanceTest" name="getDdsVidList" time="1.043"/>
  <system-out/>
  <testcase classname="AutoTest.FinanceTest" name="getDdsVidListStepMaxPlus" time="1.023"/>
  <system-out/>
  <testcase classname="AutoTest.FinanceTest" name="getSubcontoGuidNotExist" time="0.987"/>
  <system-out/>
  <testcase classname="AutoTest.FinanceTest" name="getExpensesArticlesStepMaxPlus" time="0.912"/>
  <system-out/>
  <testcase classname="AutoTest.FinanceTest" name="getExpensesArticlesList" time="1.019"/>
  <system-out/>
  <testcase classname="AutoTest.FinanceTest" name="getDdsVidListStepMaxPlus" time="0.974"/>
  <system-out/>
  <testcase classname="AutoTest.FinanceTest" name="getPlanSchetovGuidNotExist" time="0.992"/>
  <system-out/>
  <testcase classname="AutoTest.FinanceTest" name="getSubcontoListStepMaxPlus" time="0.972"/>
  <system-out/>
  <testcase classname="AutoTest.FinanceTest" name="getExpensesArticlesGuid" time="1.090"/>
  <system-out/>
  <testcase classname="AutoTest.FinanceTest" name="getDdsArticlesListStepMaxPlus" time="0.956"/>
  <system-out/>
  <testcase classname="AutoTest.FinanceTest" name="getDdsVidGuidNotExist" time="0.972"/>
  <system-out/>
  <testcase classname="AutoTest.FinanceTest" name="getPlanSchetovGuidNotExist" time="1.097"/>
  <system-out/>
  <testcase classname="AutoTest.FinanceTest" name="getExpensesArticlesStepMaxPlus" time="0.950"/>
  <system-out/>
  <testcase classname="AutoTest.FinanceTest" name="getPlanSchetovList" time="1.046"/>
  <system-out/>
  <testcase classname="AutoTest.FinanceTest" name="getOtherIncomeExpensesGuidNotExist" time="1.008"/>
  <system-out/>
  <testcase classname="AutoTest.FinanceTest" name="getDdsVidList" time="1.032"/>
  <system-out/>
  <testcase classname="AutoTest.FinanceTest" name="getSubcontoGuidNotExist" time="1.089"/>
  <system-out/>
  <testcase classname="AutoTest.FinanceTest" name="getExpensesArticlesGuidNotExist" time="0.922"/>
  <system-out/>
  <testcase classname="AutoTest.FinanceTest" name="getDdsArticlesListStepMaxPlus" time="0.996"/>
  <system-out/>
  <testcase classname="AutoTest.FinanceTest" name="getOtherIncomeExpensesGuidNotExist" time="1.013"/>
  <system-out/>
  <testcase classname="AutoTest.FinanceTest" name="getDdsArticlesListStepMaxPlus" time="0.529"/>
  <system-out/>
  <testcase classname="AutoTest.FinanceTest" name="getExpensesArticlesGuidNotExist" time="0.896"/>
  <system-out/>
  <testcase classname="AutoTest.FinanceTest" name="getSubcontoGuidNotExist" time="0.997"/>
  <system-out/>
  <testcase classname="AutoTest.FinanceTest" name="getPlanSchetovListStepMaxPlus" time="0.778"/>
  <system-out/>
  <testcase classname="AutoTest.FinanceTest" name="getDdsVidList" time="0.980"/>
  <system-out/>
  <testcase classname="AutoTest.FinanceTest" name="getExpensesArticlesList" time="0.970"/>
  <system-out/>
  <testcase classname="AutoTest.FinanceTest" name="getExpensesArticlesStepMaxPlus" time="1.042"/>
  <system-out/>
  <testcase classname="AutoTest.FinanceTest" name="getDdsVidList" time="0.929"/>
  <system-out/>
  <testcase classname="AutoTest.FinanceTest" name="getDdsVidGuidNotExist" time="1.008"/>
  <system-out/>
  <testcase classname="AutoTest.FinanceTest" name="getDdsArticlesListStepMaxPlus" time="1.037"/>
  <system-out/>
  <testcase classname="AutoTest.FinanceTest" name="getDdsArticlesGuidNotExist" time="0.969"/>
  <system-out/>
  <testcase classname="AutoTest.FinanceTest" name="getExpensesArticlesStepIsEmpty" time="0.973"/>
  <system-out/>
</testsuite> <!-- AutoTest.FinanceTest -->
