<?xml version="1.0" encoding="UTF-8"?>
<!-- Generated by org.testng.reporters.JUnitReportReporter -->
<testsuite hostname="DESKTOP-EKIHJ54" failures="0" tests="96" name="AutoTest.ClassifireIsAllRussianTest" time="96.813" errors="0" timestamp="2023-11-08T17:50:20 MSK" skipped="0">
  <testcase classname="AutoTest.ClassifireIsAllRussianTest" name="getOkpdGuidNotExist" time="0.982"/>
  <system-out/>
  <testcase classname="AutoTest.ClassifireIsAllRussianTest" name="getOkpdGuidNotExist" time="1.026"/>
  <system-out/>
  <testcase classname="AutoTest.ClassifireIsAllRussianTest" name="getTnvedList" time="1.003"/>
  <system-out/>
  <testcase classname="AutoTest.ClassifireIsAllRussianTest" name="getOkpdList" time="0.913"/>
  <system-out/>
  <testcase classname="AutoTest.ClassifireIsAllRussianTest" name="getOkvedListStepMaxPlus" time="0.874"/>
  <system-out/>
  <testcase classname="AutoTest.ClassifireIsAllRussianTest" name="getOkpdListStepMaxPlus" time="0.992"/>
  <system-out/>
  <testcase classname="AutoTest.ClassifireIsAllRussianTest" name="getTnvedList" time="1.012"/>
  <system-out/>
  <testcase classname="AutoTest.ClassifireIsAllRussianTest" name="getTnvedListStepMaxPlus" time="0.990"/>
  <system-out/>
  <testcase classname="AutoTest.ClassifireIsAllRussianTest" name="getOkvedListStepMaxPlus" time="1.050"/>
  <system-out/>
  <testcase classname="AutoTest.ClassifireIsAllRussianTest" name="getOkvedListStepIsEmpty" time="0.788"/>
  <system-out/>
  <testcase classname="AutoTest.ClassifireIsAllRussianTest" name="getTnvedGuidNotExist" time="0.981"/>
  <system-out/>
  <testcase classname="AutoTest.ClassifireIsAllRussianTest" name="getTnvedGuidNotExist" time="1.078"/>
  <system-out/>
  <testcase classname="AutoTest.ClassifireIsAllRussianTest" name="getOkvedList" time="1.244"/>
  <system-out/>
  <testcase classname="AutoTest.ClassifireIsAllRussianTest" name="getTnvedList" time="1.330"/>
  <system-out/>
  <testcase classname="AutoTest.ClassifireIsAllRussianTest" name="getTnvedList" time="1.059"/>
  <system-out/>
  <testcase classname="AutoTest.ClassifireIsAllRussianTest" name="getOkpdListStepMaxPlus" time="1.059"/>
  <system-out/>
  <testcase classname="AutoTest.ClassifireIsAllRussianTest" name="getOkvedList" time="1.113"/>
  <system-out/>
  <testcase classname="AutoTest.ClassifireIsAllRussianTest" name="getOkvedGuidNotExist" time="0.849"/>
  <system-out/>
  <testcase classname="AutoTest.ClassifireIsAllRussianTest" name="getOkvedList" time="1.004"/>
  <system-out/>
  <testcase classname="AutoTest.ClassifireIsAllRussianTest" name="getOkvedListStepMaxPlus" time="0.822"/>
  <system-out/>
  <testcase classname="AutoTest.ClassifireIsAllRussianTest" name="getOkvedListStepMaxPlus" time="0.974"/>
  <system-out/>
  <testcase classname="AutoTest.ClassifireIsAllRussianTest" name="getOkpdGuidNotExist" time="0.969"/>
  <system-out/>
  <testcase classname="AutoTest.ClassifireIsAllRussianTest" name="getOkpdListStepMaxPlus" time="1.027"/>
  <system-out/>
  <testcase classname="AutoTest.ClassifireIsAllRussianTest" name="getOkpdListStepMaxPlus" time="1.001"/>
  <system-out/>
  <testcase classname="AutoTest.ClassifireIsAllRussianTest" name="getOkpdListStepMaxPlus" time="0.998"/>
  <system-out/>
  <testcase classname="AutoTest.ClassifireIsAllRussianTest" name="getOkvedList" time="1.046"/>
  <system-out/>
  <testcase classname="AutoTest.ClassifireIsAllRussianTest" name="getOkpdGuidNotExist" time="1.002"/>
  <system-out/>
  <testcase classname="AutoTest.ClassifireIsAllRussianTest" name="getOkpdListStepMaxPlus" time="0.907"/>
  <system-out/>
  <testcase classname="AutoTest.ClassifireIsAllRussianTest" name="getTnvedListStepMaxPlus" time="1.019"/>
  <system-out/>
  <testcase classname="AutoTest.ClassifireIsAllRussianTest" name="getOkpdGuidNotExist" time="1.036"/>
  <system-out/>
  <testcase classname="AutoTest.ClassifireIsAllRussianTest" name="getOkvedGuidNotExist" time="0.990"/>
  <system-out/>
  <testcase classname="AutoTest.ClassifireIsAllRussianTest" name="getOkvedListStepMaxPlus" time="1.126"/>
  <system-out/>
  <testcase classname="AutoTest.ClassifireIsAllRussianTest" name="getOkpdListStepMaxPlus" time="0.950"/>
  <system-out/>
  <testcase classname="AutoTest.ClassifireIsAllRussianTest" name="getOkpdList" time="1.000"/>
  <system-out/>
  <testcase classname="AutoTest.ClassifireIsAllRussianTest" name="getTnvedGuidNotExist" time="1.008"/>
  <system-out/>
  <testcase classname="AutoTest.ClassifireIsAllRussianTest" name="getOkvedListStepMaxPlus" time="1.002"/>
  <system-out/>
  <testcase classname="AutoTest.ClassifireIsAllRussianTest" name="getTnvedListStepIsEmpty" time="0.933"/>
  <system-out/>
  <testcase classname="AutoTest.ClassifireIsAllRussianTest" name="getTnvedListStepMaxPlus" time="1.078"/>
  <system-out/>
  <testcase classname="AutoTest.ClassifireIsAllRussianTest" name="getOkpdGuidNotExist" time="0.983"/>
  <system-out/>
  <testcase classname="AutoTest.ClassifireIsAllRussianTest" name="getOkvedListStepMaxPlus" time="0.984"/>
  <system-out/>
  <testcase classname="AutoTest.ClassifireIsAllRussianTest" name="getOkvedGuidNotExist" time="0.990"/>
  <system-out/>
  <testcase classname="AutoTest.ClassifireIsAllRussianTest" name="getTnvedList" time="0.897"/>
  <system-out/>
  <testcase classname="AutoTest.ClassifireIsAllRussianTest" name="getOkpdGuidNotExist" time="0.990"/>
  <system-out/>
  <testcase classname="AutoTest.ClassifireIsAllRussianTest" name="getOkpdListStepMaxPlus" time="1.080"/>
  <system-out/>
  <testcase classname="AutoTest.ClassifireIsAllRussianTest" name="getOkvedGuidNotExist" time="1.125"/>
  <system-out/>
  <testcase classname="AutoTest.ClassifireIsAllRussianTest" name="getOkvedListStepMaxPlus" time="0.948"/>
  <system-out/>
  <testcase classname="AutoTest.ClassifireIsAllRussianTest" name="getOkvedGuidNotExist" time="0.998"/>
  <system-out/>
  <testcase classname="AutoTest.ClassifireIsAllRussianTest" name="getOkvedListStepMaxPlus" time="1.007"/>
  <system-out/>
  <testcase classname="AutoTest.ClassifireIsAllRussianTest" name="getOkvedListStepMaxPlus" time="1.180"/>
  <system-out/>
  <testcase classname="AutoTest.ClassifireIsAllRussianTest" name="getOkpdGuidNotExist" time="0.995"/>
  <system-out/>
  <testcase classname="AutoTest.ClassifireIsAllRussianTest" name="getTnvedGuidNotExist" time="0.992"/>
  <system-out/>
  <testcase classname="AutoTest.ClassifireIsAllRussianTest" name="getTnvedListStepMaxPlus" time="1.000"/>
  <system-out/>
  <testcase classname="AutoTest.ClassifireIsAllRussianTest" name="getOkvedGuidNotExist" time="1.106"/>
  <system-out/>
  <testcase classname="AutoTest.ClassifireIsAllRussianTest" name="getOkvedListStepMaxPlus" time="1.188"/>
  <system-out/>
  <testcase classname="AutoTest.ClassifireIsAllRussianTest" name="getTnvedGuidNotExist" time="0.950"/>
  <system-out/>
  <testcase classname="AutoTest.ClassifireIsAllRussianTest" name="getTnvedGuid" time="0.857"/>
  <system-out/>
  <testcase classname="AutoTest.ClassifireIsAllRussianTest" name="getTnvedListStepMaxPlus" time="1.000"/>
  <system-out/>
  <testcase classname="AutoTest.ClassifireIsAllRussianTest" name="getOkvedGuidNotExist" time="2.017"/>
  <system-out/>
  <testcase classname="AutoTest.ClassifireIsAllRussianTest" name="getOkpdListStepMaxPlus" time="0.612"/>
  <system-out/>
  <testcase classname="AutoTest.ClassifireIsAllRussianTest" name="getTnvedListStepMaxPlus" time="1.157"/>
  <system-out/>
  <testcase classname="AutoTest.ClassifireIsAllRussianTest" name="getOkvedGuid" time="1.005"/>
  <system-out/>
  <testcase classname="AutoTest.ClassifireIsAllRussianTest" name="getTnvedListStepMaxPlus" time="0.923"/>
  <system-out/>
  <testcase classname="AutoTest.ClassifireIsAllRussianTest" name="getOkpdGuidNotExist" time="1.035"/>
  <system-out/>
  <testcase classname="AutoTest.ClassifireIsAllRussianTest" name="getOkvedListStepMaxPlus" time="1.016"/>
  <system-out/>
  <testcase classname="AutoTest.ClassifireIsAllRussianTest" name="getTnvedListStepMaxPlus" time="0.988"/>
  <system-out/>
  <testcase classname="AutoTest.ClassifireIsAllRussianTest" name="getOkpdList" time="1.070"/>
  <system-out/>
  <testcase classname="AutoTest.ClassifireIsAllRussianTest" name="getOkpdList" time="0.893"/>
  <system-out/>
  <testcase classname="AutoTest.ClassifireIsAllRussianTest" name="getOkpdListStepMaxPlus" time="0.982"/>
  <system-out/>
  <testcase classname="AutoTest.ClassifireIsAllRussianTest" name="getOkpdListStepMaxPlus" time="1.008"/>
  <system-out/>
  <testcase classname="AutoTest.ClassifireIsAllRussianTest" name="getTnvedListStepMaxPlus" time="0.839"/>
  <system-out/>
  <testcase classname="AutoTest.ClassifireIsAllRussianTest" name="getOkvedGuidNotExist" time="1.152"/>
  <system-out/>
  <testcase classname="AutoTest.ClassifireIsAllRussianTest" name="getTnvedListStepMaxPlus" time="0.846"/>
  <system-out/>
  <testcase classname="AutoTest.ClassifireIsAllRussianTest" name="getOkvedList" time="1.093"/>
  <system-out/>
  <testcase classname="AutoTest.ClassifireIsAllRussianTest" name="getOkpdGuidNotExist" time="0.970"/>
  <system-out/>
  <testcase classname="AutoTest.ClassifireIsAllRussianTest" name="getOkvedGuidNotExist" time="0.861"/>
  <system-out/>
  <testcase classname="AutoTest.ClassifireIsAllRussianTest" name="getOkpdListStepMaxPlus" time="0.997"/>
  <system-out/>
  <testcase classname="AutoTest.ClassifireIsAllRussianTest" name="getOkvedList" time="0.937"/>
  <system-out/>
  <testcase classname="AutoTest.ClassifireIsAllRussianTest" name="getTnvedList" time="1.186"/>
  <system-out/>
  <testcase classname="AutoTest.ClassifireIsAllRussianTest" name="getOkvedListStepMaxPlus" time="0.985"/>
  <system-out/>
  <testcase classname="AutoTest.ClassifireIsAllRussianTest" name="getTnvedGuidNotExist" time="0.999"/>
  <system-out/>
  <testcase classname="AutoTest.ClassifireIsAllRussianTest" name="getOkvedGuidNotExist" time="0.907"/>
  <system-out/>
  <testcase classname="AutoTest.ClassifireIsAllRussianTest" name="getOkpdListStepIsEmpty" time="1.101"/>
  <system-out/>
  <testcase classname="AutoTest.ClassifireIsAllRussianTest" name="getTnvedGuidNotExist" time="1.020"/>
  <system-out/>
  <testcase classname="AutoTest.ClassifireIsAllRussianTest" name="getOkpdListStepMaxPlus" time="1.006"/>
  <system-out/>
  <testcase classname="AutoTest.ClassifireIsAllRussianTest" name="getOkpdListStepMaxPlus" time="0.991"/>
  <system-out/>
  <testcase classname="AutoTest.ClassifireIsAllRussianTest" name="getOkpdList" time="1.262"/>
  <system-out/>
  <testcase classname="AutoTest.ClassifireIsAllRussianTest" name="getTnvedGuidNotExist" time="0.922"/>
  <system-out/>
  <testcase classname="AutoTest.ClassifireIsAllRussianTest" name="getOkvedListStepMaxPlus" time="0.747"/>
  <system-out/>
  <testcase classname="AutoTest.ClassifireIsAllRussianTest" name="getTnvedListStepMaxPlus" time="1.000"/>
  <system-out/>
  <testcase classname="AutoTest.ClassifireIsAllRussianTest" name="getTnvedGuidNotExist" time="1.005"/>
  <system-out/>
  <testcase classname="AutoTest.ClassifireIsAllRussianTest" name="getTnvedGuidNotExist" time="0.993"/>
  <system-out/>
  <testcase classname="AutoTest.ClassifireIsAllRussianTest" name="getTnvedListStepMaxPlus" time="1.007"/>
  <system-out/>
  <testcase classname="AutoTest.ClassifireIsAllRussianTest" name="getTnvedListStepMaxPlus" time="0.995"/>
  <system-out/>
  <testcase classname="AutoTest.ClassifireIsAllRussianTest" name="getOkpdGuid" time="0.952"/>
  <system-out/>
  <testcase classname="AutoTest.ClassifireIsAllRussianTest" name="getOkpdList" time="1.119"/>
  <system-out/>
  <testcase classname="AutoTest.ClassifireIsAllRussianTest" name="getTnvedListStepMaxPlus" time="0.710"/>
  <system-out/>
</testsuite> <!-- AutoTest.ClassifireIsAllRussianTest -->
