<?xml version="1.0" encoding="UTF-8"?>
<!-- Generated by org.testng.reporters.JUnitReportReporter -->
<testsuite hostname="DESKTOP-EKIHJ54" failures="9" tests="102" name="AutoTest.ClassifierTest" time="108.695" errors="1" timestamp="2023-12-13T11:23:53 MSK" skipped="0">
  <testcase classname="AutoTest.ClassifierTest" name="getUnifiedClassifierListPositiveStep" time="1.051"/>
  <system-out/>
  <testcase classname="AutoTest.ClassifierTest" name="getUnifiedClassifierListNegativeData" time="1.119"/>
  <system-out/>
  <testcase classname="AutoTest.ClassifierTest" name="getUnitsGuidNegativeData" time="1.025"/>
  <system-out/>
  <testcase classname="AutoTest.ClassifierTest" name="getUnifiedClassifierListStepIsEmpty" time="0.713"/>
  <system-out/>
  <testcase classname="AutoTest.ClassifierTest" name="getEopGuidNegativeData" time="1.023"/>
  <system-out/>
  <testcase classname="AutoTest.ClassifierTest" name="getUnitsListNegativeStep" time="1.020"/>
  <system-out/>
  <testcase classname="AutoTest.ClassifierTest" name="getUnifiedClassifierListNegativeData" time="0.965"/>
  <system-out/>
  <testcase classname="AutoTest.ClassifierTest" name="getEopList" time="1.084">
    <failure message="1 expectation failed.
Response body doesn&#039;t match expectation.
Expected: The content to match the given JSON schema.
error: instance type (integer) does not match any allowed primitive type (allowed: [&quot;string&quot;])
    level: &quot;error&quot;
    schema: {&quot;loadingURI&quot;:&quot;file:/C:/Users/Sasha/Api/target/test-classes/getEopList.json#&quot;,&quot;pointer&quot;:&quot;/items/properties/code&quot;}
    instance: {&quot;pointer&quot;:&quot;/0/code&quot;}
    domain: &quot;validation&quot;
    keyword: &quot;type&quot;
    found: &quot;integer&quot;
    expected: [&quot;string&quot;]

  Actual: [{guid=806b27a5-36d2-11ee-b5b0-005056013b0c, code=1, name=Прокат толстолистовой горячекатаный из стали повышенной прочности ГОСТ 19903-74, parent=806b26da-36d2-11ee-b5b0-005056013b0c, archive=false, dateOutputArchive=0001-01-01T00:00:00Z}, {guid=806b284d-36d2-11ee-b5b0-005056013b0c, code=2, name=Листы просечно-вытяжные, parent=806b26da-36d2-11ee-b5b0-005056013b0c, archive=false, dateOutputArchive=0001-01-01T00:00:00Z}, {guid=806b28f5-36d2-11ee-b5b0-005056013b0c, code=3, name=Прокат листовой горячекатаный из высококачественной стали повышенной прочности (Швеция), parent=806b26da-36d2-11ee-b5b0-005056013b0c, archive=false, dateOutputArchive=0001-01-01T00:00:00Z}, {guid=806b2977-36d2-11ee-b5b0-005056013b0c, code=72, name=Листы стальные с ромбическим и чечевичным рифлением, parent=806b267e-36d2-11ee-b5b0-005056013b0c, archive=false, dateOutputArchive=0001-01-01T00:00:00Z}, {guid=806b2a42-36d2-11ee-b5b0-005056013b0c, code=1, name=Листы стальные с ромбическим и чечевичным рифлением ГОСТ 8568-77, parent=806b2977-36d2-11ee-b5b0-005056013b0c, archive=false, dateOutputArchive=0001-01-01T00:00:00Z}, {guid=806b2ae9-36d2-11ee-b5b0-005056013b0c, code=81, name=Прокат листовой горячекатаный, parent=806b267e-36d2-11ee-b5b0-005056013b0c, archive=false, dateOutputArchive=0001-01-01T00:00:00Z}, {guid=806b2bb4-36d2-11ee-b5b0-005056013b0c, code=1, name=Прокат листовой горячекатаный из легированной конструкционной стали общего назначения ГОСТ 19903-74, parent=806b2ae9-36d2-11ee-b5b0-005056013b0c, archive=false, dateOutputArchive=0001-01-01T00:00:00Z}, {guid=806b2c5b-36d2-11ee-b5b0-005056013b0c, code=2, name=Прокат листовой горячекатаный из стали углеродистой обыкновенного качества ГОСТ 19903-74, parent=806b2ae9-36d2-11ee-b5b0-005056013b0c, archive=false, dateOutputArchive=0001-01-01T00:00:00Z}, {guid=806b2d02-36d2-11ee-b5b0-005056013b0c, code=3, name=Прокат листовой горячекатаный из конструкционной качественной стали ГОСТ 19903-74, parent=806b2ae9-36d2-11ee-b5b0-005056013b0c, archive=false, dateOutputArchive=0001-01-01T00:00:00Z}, {guid=806b2da9-36d2-11ee-b5b0-005056013b0c, code=4, name=Прокат толстолистовой горячекатаный из легированной стали ГОСТ 19903-74, parent=806b2ae9-36d2-11ee-b5b0-005056013b0c, archive=false, dateOutputArchive=0001-01-01T00:00:00Z}, {guid=806b2e50-36d2-11ee-b5b0-005056013b0c, code=5, name=Прокат толстолистовой горячекатаный из легированной стали, parent=806b2ae9-36d2-11ee-b5b0-005056013b0c, archive=false, dateOutputArchive=0001-01-01T00:00:00Z}, {guid=806b2ef7-36d2-11ee-b5b0-005056013b0c, code=6, name=Прокат горячекатанный ТУ 1-9-1021-84, parent=806b2ae9-36d2-11ee-b5b0-005056013b0c, archive=false, dateOutputArchive=0001-01-01T00:00:00Z}, {guid=806b2f9e-36d2-11ee-b5b0-005056013b0c, code=7, name=Листы спецстали АК, parent=806b2ae9-36d2-11ee-b5b0-005056013b0c, archive=false, dateOutputArchive=0001-01-01T00:00:00Z}, {guid=806b3045-36d2-11ee-b5b0-005056013b0c, code=86, name=Прокат толстолистовой горячекатаный коррозионно-стойкий, жаростойкий и жаропрочный, parent=806b267e-36d2-11ee-b5b0-005056013b0c, archive=false, dateOutputArchive=0001-01-01T00:00:00Z}, {guid=806b3110-36d2-11ee-b5b0-005056013b0c, code=1, name=Прокат листовой горячекатаный коррозионно-стойкий, жаростойкий и жаропрочный ГОСТ 19903-74, parent=806b3045-36d2-11ee-b5b0-005056013b0c, archive=false, dateOutputArchive=0001-01-01T00:00:00Z}, {guid=806b2622-36d2-11ee-b5b0-005056013b0c, code=1, name=Листы, parent=806b25a2-36d2-11ee-b5b0-005056013b0c, archive=false, dateOutputArchive=0001-01-01T00:00:00Z}, {guid=806b267e-36d2-11ee-b5b0-005056013b0c, code=9, name=Прокат черных металлов, parent=806b2622-36d2-11ee-b5b0-005056013b0c, archive=false, dateOutputArchive=0001-01-01T00:00:00Z}, {guid=806b25a2-36d2-11ee-b5b0-005056013b0c, code=1, name=Металлы черные, parent=00000000-0000-0000-0000-000000000000, archive=false, dateOutputArchive=0001-01-01T00:00:00Z}, {guid=806b31b7-36d2-11ee-b5b0-005056013b0c, code=89, name=Листы спецстали, parent=806b267e-36d2-11ee-b5b0-005056013b0c, archive=false, dateOutputArchive=0001-01-01T00:00:00Z}, {guid=806b3282-36d2-11ee-b5b0-005056013b0c, code=1, name=Листы спецстали, parent=806b31b7-36d2-11ee-b5b0-005056013b0c, archive=false, dateOutputArchive=0001-01-01T00:00:00Z}, {guid=806b3329-36d2-11ee-b5b0-005056013b0c, code=91, name=Прокат тонколистовой холоднокатаный, parent=806b267e-36d2-11ee-b5b0-005056013b0c, archive=false, dateOutputArchive=0001-01-01T00:00:00Z}, {guid=806b3385-36d2-11ee-b5b0-005056013b0c, code=1, name=Прокат тонколистовой холоднокатаный из углеродистой стали качественной и обыкновенного качества общего назначения ГОСТ 19904-90, parent=806b3329-36d2-11ee-b5b0-005056013b0c, archive=false, dateOutputArchive=0001-01-01T00:00:00Z}, {guid=806b342c-36d2-11ee-b5b0-005056013b0c, code=2, name=Прокат тонколистовой холоднокатаный из низкоуглеродистой качественной стали для холодной штамповки ГОСТ 19904-90, parent=806b3329-36d2-11ee-b5b0-005056013b0c, archive=false, dateOutputArchive=0001-01-01T00:00:00Z}, {guid=806b34d3-36d2-11ee-b5b0-005056013b0c, code=3, name=Прокат листовой холоднокатаный из легированной конструкционной стали общего назначения ГОСТ 19904-90, parent=806b3329-36d2-11ee-b5b0-005056013b0c, archive=false, dateOutputArchive=0001-01-01T00:00:00Z}, {guid=806b357a-36d2-11ee-b5b0-005056013b0c, code=4, name=Листы перфорированные «ПЕРФОКОМ», parent=806b3329-36d2-11ee-b5b0-005056013b0c, archive=false, dateOutputArchive=0001-01-01T00:00:00Z}, {guid=806b3623-36d2-11ee-b5b0-005056013b0c, code=5, name=Листы перфорированные, parent=806b3329-36d2-11ee-b5b0-005056013b0c, archive=false, dateOutputArchive=0001-01-01T00:00:00Z}, {guid=806b36cb-36d2-11ee-b5b0-005056013b0c, code=93, name=Прокат тонколистовой из коррозионно-стойкой, жаростойкой и жаропрочной стали, parent=806b267e-36d2-11ee-b5b0-005056013b0c, archive=false, dateOutputArchive=0001-01-01T00:00:00Z}, {guid=806b3796-36d2-11ee-b5b0-005056013b0c, code=1, name=Прокат тонколистовой из коррозионно-стойкой, жаростойкой и жаропрочной стали ГОСТ 19904-90, parent=806b36cb-36d2-11ee-b5b0-005056013b0c, archive=false, dateOutputArchive=0001-01-01T00:00:00Z}, {guid=806b383d-36d2-11ee-b5b0-005056013b0c, code=11, name=Изделия дальнейшего передела, parent=806b2622-36d2-11ee-b5b0-005056013b0c, archive=false, dateOutputArchive=0001-01-01T00:00:00Z}, {guid=806b3908-36d2-11ee-b5b0-005056013b0c, code=11, name=Прокат холоднокатаный из тонколистовой оцинкованной стали, parent=806b383d-36d2-11ee-b5b0-005056013b0c, archive=false, dateOutputArchive=0001-01-01T00:00:00Z}, {guid=806b39d3-36d2-11ee-b5b0-005056013b0c, code=1, name=Прокат холоднокатаный из тонколистовой оцинкованной стали ГОСТ 19904-90, parent=806b3908-36d2-11ee-b5b0-005056013b0c, archive=false, dateOutputArchive=0001-01-01T00:00:00Z}, {guid=806b3a7a-36d2-11ee-b5b0-005056013b0c, code=15, name=Жесть, parent=806b383d-36d2-11ee-b5b0-005056013b0c, archive=false, dateOutputArchive=0001-01-01T00:00:00Z}, {guid=806b3b45-36d2-11ee-b5b0-005056013b0c, code=1, name=Жесть белая, parent=806b3a7a-36d2-11ee-b5b0-005056013b0c, archive=false, dateOutputArchive=0001-01-01T00:00:00Z}, {guid=806b3bec-36d2-11ee-b5b0-005056013b0c, code=99, name=Листы, временно используемые в производстве (доработка складских остатков), parent=806b2622-36d2-11ee-b5b0-005056013b0c, archive=false, dateOutputArchive=0001-01-01T00:00:00Z}, {guid=806b3ca6-36d2-11ee-b5b0-005056013b0c, code=9, name=Прокат черных металлов, parent=806b3c24-36d2-11ee-b5b0-005056013b0c, archive=false, dateOutputArchive=0001-01-01T00:00:00Z}, {guid=806b3d27-36d2-11ee-b5b0-005056013b0c, code=50, name=Прокат стальной горячекатаный, parent=806b3ca6-36d2-11ee-b5b0-005056013b0c, archive=false, dateOutputArchive=0001-01-01T00:00:00Z}, {guid=806b3da8-36d2-11ee-b5b0-005056013b0c, code=1, name=Прокат сортовой стальной горячекатаный квадратный ГОСТ 2591-2006, parent=806b3d27-36d2-11ee-b5b0-005056013b0c, archive=false, dateOutputArchive=0001-01-01T00:00:00Z}, {guid=806b3c24-36d2-11ee-b5b0-005056013b0c, code=2, name=Квадраты, parent=806b25a2-36d2-11ee-b5b0-005056013b0c, archive=false, dateOutputArchive=0001-01-01T00:00:00Z}, {guid=806b3e05-36d2-11ee-b5b0-005056013b0c, code=11, name=Изделия дальнейшего передела, parent=806b3c24-36d2-11ee-b5b0-005056013b0c, archive=false, dateOutputArchive=0001-01-01T00:00:00Z}, {guid=806b3e86-36d2-11ee-b5b0-005056013b0c, code=40, name=Прокат калиброванный, parent=806b3e05-36d2-11ee-b5b0-005056013b0c, archive=false, dateOutputArchive=0001-01-01T00:00:00Z}, {guid=806b3f07-36d2-11ee-b5b0-005056013b0c, code=1, name=Прокат калиброванный квадратный ГОСТ 8559-75, parent=806b3e86-36d2-11ee-b5b0-005056013b0c, archive=false, dateOutputArchive=0001-01-01T00:00:00Z}, {guid=806b3f64-36d2-11ee-b5b0-005056013b0c, code=99, name=Квадраты, временно используемые в производстве (доработка складских остатков), parent=806b3c24-36d2-11ee-b5b0-005056013b0c, archive=false, dateOutputArchive=0001-01-01T00:00:00Z}, {guid=806b3fc1-36d2-11ee-b5b0-005056013b0c, code=3, name=Шестигранники, parent=806b25a2-36d2-11ee-b5b0-005056013b0c, archive=false, dateOutputArchive=0001-01-01T00:00:00Z}, {guid=806b4043-36d2-11ee-b5b0-005056013b0c, code=9, name=Прокат черных металлов, parent=806b3fc1-36d2-11ee-b5b0-005056013b0c, archive=false, dateOutputArchive=0001-01-01T00:00:00Z}, {guid=806b40c4-36d2-11ee-b5b0-005056013b0c, code=50, name=Прокат стальной горячекатаный, parent=806b4043-36d2-11ee-b5b0-005056013b0c, archive=false, dateOutputArchive=0001-01-01T00:00:00Z}, {guid=806b4145-36d2-11ee-b5b0-005056013b0c, code=1, name=Прокат сортовой стальной горячекатаный шестигранный ГОСТ 2879-2006, parent=806b40c4-36d2-11ee-b5b0-005056013b0c, archive=false, dateOutputArchive=0001-01-01T00:00:00Z}, {guid=806b41a2-36d2-11ee-b5b0-005056013b0c, code=11, name=Изделия дальнейшего передела, parent=806b3fc1-36d2-11ee-b5b0-005056013b0c, archive=false, dateOutputArchive=0001-01-01T00:00:00Z}, {guid=806b4223-36d2-11ee-b5b0-005056013b0c, code=40, name=Прокат калиброванный, parent=806b41a2-36d2-11ee-b5b0-005056013b0c, archive=false, dateOutputArchive=0001-01-01T00:00:00Z}, {guid=806b42a4-36d2-11ee-b5b0-005056013b0c, code=1, name=Прокат калиброванный шестигранный ГОСТ 8560-78, parent=806b4223-36d2-11ee-b5b0-005056013b0c, archive=false, dateOutputArchive=0001-01-01T00:00:00Z}, {guid=806b4301-36d2-11ee-b5b0-005056013b0c, code=99, name=Шестигранники, временно используемые в производстве (доработка складских остатков), parent=806b3fc1-36d2-11ee-b5b0-005056013b0c, archive=false, dateOutputArchive=0001-01-01T00:00:00Z}, {guid=806b435e-36d2-11ee-b5b0-005056013b0c, code=4, name=Круги, parent=806b25a2-36d2-11ee-b5b0-005056013b0c, archive=false, dateOutputArchive=0001-01-01T00:00:00Z}, {guid=806b43ba-36d2-11ee-b5b0-005056013b0c, code=9, name=Прокат черных металлов, parent=806b435e-36d2-11ee-b5b0-005056013b0c, archive=false, dateOutputArchive=0001-01-01T00:00:00Z}, {guid=806b443c-36d2-11ee-b5b0-005056013b0c, code=30, name=Прокат стальной горячекатаный низколегированный, parent=806b43ba-36d2-11ee-b5b0-005056013b0c, archive=false, dateOutputArchive=0001-01-01T00:00:00Z}, {guid=806b44bd-36d2-11ee-b5b0-005056013b0c, code=1, name=Прокат сортовой стальной горячекатаный конструкционный низколегированный ГОСТ 2590-2006, parent=806b443c-36d2-11ee-b5b0-005056013b0c, archive=false, dateOutputArchive=0001-01-01T00:00:00Z}, {guid=806b451a-36d2-11ee-b5b0-005056013b0c, code=34, name=Прокат горячекатаный круглый обыкновенного качества, parent=806b43ba-36d2-11ee-b5b0-005056013b0c, archive=false, dateOutputArchive=0001-01-01T00:00:00Z}, {guid=806b459b-36d2-11ee-b5b0-005056013b0c, code=1, name=Прокат сортовой стальной горячекатаный круглый обыкновенного качества ГОСТ 2590-2006, parent=806b451a-36d2-11ee-b5b0-005056013b0c, archive=false, dateOutputArchive=0001-01-01T00:00:00Z}, {guid=806b45f8-36d2-11ee-b5b0-005056013b0c, code=50, name=Прокат стальной горячекатаный, parent=806b43ba-36d2-11ee-b5b0-005056013b0c, archive=false, dateOutputArchive=0001-01-01T00:00:00Z}, {guid=806b4679-36d2-11ee-b5b0-005056013b0c, code=1, name=Прокат сортовой стальной горячекатаный конструкционный углеродистый ГОСТ 2590-2006, parent=806b45f8-36d2-11ee-b5b0-005056013b0c, archive=false, dateOutputArchive=0001-01-01T00:00:00Z}, {guid=806b46d6-36d2-11ee-b5b0-005056013b0c, code=2, name=Прокат сортовой стальной горячекатаный конструкционный легированный ГОСТ 2590-2006, parent=806b45f8-36d2-11ee-b5b0-005056013b0c, archive=false, dateOutputArchive=0001-01-01T00:00:00Z}, {guid=806b4733-36d2-11ee-b5b0-005056013b0c, code=3, name=Прокат сортовой стальной горячекатаный конструкционной по ТУ 14-1-4566-89, parent=806b45f8-36d2-11ee-b5b0-005056013b0c, archive=false, dateOutputArchive=0001-01-01T00:00:00Z}, {guid=806b4790-36d2-11ee-b5b0-005056013b0c, code=4, name=Прокат круглый из рессорно-пружинной углеродистой и легированной стали ГОСТ 2590-2006, parent=806b45f8-36d2-11ee-b5b0-005056013b0c, archive=false, dateOutputArchive=0001-01-01T00:00:00Z}, {guid=806b47ed-36d2-11ee-b5b0-005056013b0c, code=51, name=Прокат для холодного выдавливания и высадки, parent=806b43ba-36d2-11ee-b5b0-005056013b0c, archive=false, dateOutputArchive=0001-01-01T00:00:00Z}, {guid=806b486e-36d2-11ee-b5b0-005056013b0c, code=1, name=Прокат качественный конструкционный углеродистый и легированный для холодного выдавливания и высадки ГОСТ 10702-78, parent=806b47ed-36d2-11ee-b5b0-005056013b0c, archive=false, dateOutputArchive=0001-01-01T00:00:00Z}, {guid=806b48cb-36d2-11ee-b5b0-005056013b0c, code=56, name=Прокат горячекатаный сортовой конструкционный подшипниковый, parent=806b43ba-36d2-11ee-b5b0-005056013b0c, archive=false, dateOutputArchive=0001-01-01T00:00:00Z}, {guid=806b494c-36d2-11ee-b5b0-005056013b0c, code=1, name=Прокат сортовой стальной горячекатаный конструкционный подшипниковый ГОСТ 2590-2006, parent=806b48cb-36d2-11ee-b5b0-005056013b0c, archive=false, dateOutputArchive=0001-01-01T00:00:00Z}, {guid=806b49a9-36d2-11ee-b5b0-005056013b0c, code=58, name=Прокат горячекатаный сортовой конструкционный никельсодержащий, parent=806b43ba-36d2-11ee-b5b0-005056013b0c, archive=false, dateOutputArchive=0001-01-01T00:00:00Z}, {guid=806b4a2a-36d2-11ee-b5b0-005056013b0c, code=1, name=Прокат сортовой стальной горячекатаный конструкционный по ТУ 14-1-1725-76, parent=806b49a9-36d2-11ee-b5b0-005056013b0c, archive=false, dateOutputArchive=0001-01-01T00:00:00Z}, {guid=806b4a87-36d2-11ee-b5b0-005056013b0c, code=61, name=Прокат горячекатаный сортовой инструментальный, parent=806b43ba-36d2-11ee-b5b0-005056013b0c, archive=false, dateOutputArchive=0001-01-01T00:00:00Z}, {guid=806b4b08-36d2-11ee-b5b0-005056013b0c, code=1, name=Прокат сортовой стальной горячекатаный инструментальный нелегированный ГОСТ 2590-2006, parent=806b4a87-36d2-11ee-b5b0-005056013b0c, archive=false, dateOutputArchive=0001-01-01T00:00:00Z}, {guid=806b4b65-36d2-11ee-b5b0-005056013b0c, code=63, name=Прокат горячекатаный сортовой конструкционный коррозионно-стойкий, жаропрочный, parent=806b43ba-36d2-11ee-b5b0-005056013b0c, archive=false, dateOutputArchive=0001-01-01T00:00:00Z}, {guid=806b4be6-36d2-11ee-b5b0-005056013b0c, code=1, name=Прокат сортовой стальной горячекатаный конструкционный коррозионностойкий, жаропрочный ГОСТ 2590-2006, parent=806b4b65-36d2-11ee-b5b0-005056013b0c, archive=false, dateOutputArchive=0001-01-01T00:00:00Z}, {guid=84f01c49-36d2-11ee-b5b0-005056013b0c, code=13, name=Трубы стальные, parent=84f01bed-36d2-11ee-b5b0-005056013b0c, archive=false, dateOutputArchive=0001-01-01T00:00:00Z}, {guid=806b4c43-36d2-11ee-b5b0-005056013b0c, code=66, name=Прокат сортовой из прецизионных сплавов с высоким электрическим сопротивлением, parent=806b43ba-36d2-11ee-b5b0-005056013b0c, archive=false, dateOutputArchive=0001-01-01T00:00:00Z}, {guid=84f014af-36d2-11ee-b5b0-005056013b0c, code=1, name=Прокат сортовой из прецизионных сплавов с высоким электрическим сопротивлением ГОСТ 12766.4-90, parent=806b4c43-36d2-11ee-b5b0-005056013b0c, archive=false, dateOutputArchive=0001-01-01T00:00:00Z}, {guid=84f0150c-36d2-11ee-b5b0-005056013b0c, code=70, name=Поковки, parent=806b43ba-36d2-11ee-b5b0-005056013b0c, archive=false, dateOutputArchive=0001-01-01T00:00:00Z}, {guid=84f0158d-36d2-11ee-b5b0-005056013b0c, code=1, name=Поковки, parent=84f0150c-36d2-11ee-b5b0-005056013b0c, archive=false, dateOutputArchive=0001-01-01T00:00:00Z}, {guid=84f015ea-36d2-11ee-b5b0-005056013b0c, code=11, name=Изделия дальнейшего передела, parent=806b435e-36d2-11ee-b5b0-005056013b0c, archive=false, dateOutputArchive=0001-01-01T00:00:00Z}, {guid=84f01646-36d2-11ee-b5b0-005056013b0c, code=40, name=Прокат калиброванный круглый, parent=84f015ea-36d2-11ee-b5b0-005056013b0c, archive=false, dateOutputArchive=0001-01-01T00:00:00Z}, {guid=84f016c7-36d2-11ee-b5b0-005056013b0c, code=1, name=Прокат калиброванный круглый углеродистый ГОСТ 7417-75, parent=84f01646-36d2-11ee-b5b0-005056013b0c, archive=false, dateOutputArchive=0001-01-01T00:00:00Z}, {guid=84f01724-36d2-11ee-b5b0-005056013b0c, code=2, name=Прокат калиброванный круглый легированный ГОСТ 7417-75, parent=84f01646-36d2-11ee-b5b0-005056013b0c, archive=false, dateOutputArchive=0001-01-01T00:00:00Z}, {guid=84f01781-36d2-11ee-b5b0-005056013b0c, code=3, name=Прокат калиброванный круглый коррозионно-стойкий, жаропрочный ГОСТ 7417-75, parent=84f01646-36d2-11ee-b5b0-005056013b0c, archive=false, dateOutputArchive=0001-01-01T00:00:00Z}, {guid=84f017de-36d2-11ee-b5b0-005056013b0c, code=4, name=Прокат калиброванный круглый из рессорно-пружинной углеродистой и легированной стали ГОСТ 7417-75, parent=84f01646-36d2-11ee-b5b0-005056013b0c, archive=false, dateOutputArchive=0001-01-01T00:00:00Z}, {guid=84f0183b-36d2-11ee-b5b0-005056013b0c, code=5, name=Сталь качественная круглая со специальной отделкой поверхности ГОСТ 14955-77, parent=84f01646-36d2-11ee-b5b0-005056013b0c, archive=false, dateOutputArchive=0001-01-01T00:00:00Z}, {guid=84f01898-36d2-11ee-b5b0-005056013b0c, code=6, name=Прокат калиброванный для холодной высадки, parent=84f01646-36d2-11ee-b5b0-005056013b0c, archive=false, dateOutputArchive=0001-01-01T00:00:00Z}, {guid=84f018f5-36d2-11ee-b5b0-005056013b0c, code=7, name=Шток хромированный, parent=84f01646-36d2-11ee-b5b0-005056013b0c, archive=false, dateOutputArchive=0001-01-01T00:00:00Z}, {guid=84f01952-36d2-11ee-b5b0-005056013b0c, code=8, name=Прокат сортовой холоднотянутый подшипниковый ГОСТ 7417-75, parent=84f01646-36d2-11ee-b5b0-005056013b0c, archive=false, dateOutputArchive=0001-01-01T00:00:00Z}, {guid=84f019af-36d2-11ee-b5b0-005056013b0c, code=50, name=Прокат термически обработанный шлифованный, parent=84f015ea-36d2-11ee-b5b0-005056013b0c, archive=false, dateOutputArchive=0001-01-01T00:00:00Z}, {guid=84f01a30-36d2-11ee-b5b0-005056013b0c, code=1, name=Прутки нагартованные, термически обработанные шлифованные из высоколегированной и коррозионностойкой стали ГОСТ 18907-73, parent=84f019af-36d2-11ee-b5b0-005056013b0c, archive=false, dateOutputArchive=0001-01-01T00:00:00Z}, {guid=84f01a8d-36d2-11ee-b5b0-005056013b0c, code=60, name=Прокат высокой точности, parent=84f015ea-36d2-11ee-b5b0-005056013b0c, archive=false, dateOutputArchive=0001-01-01T00:00:00Z}, {guid=84f01b33-36d2-11ee-b5b0-005056013b0c, code=1, name=Сталь чистотянутая для шпонок ГОСТ 8787-68, parent=84f01a8d-36d2-11ee-b5b0-005056013b0c, archive=false, dateOutputArchive=0001-01-01T00:00:00Z}, {guid=84f01bb5-36d2-11ee-b5b0-005056013b0c, code=99, name=Круги, временно используемые в производстве (доработка складских остатков), parent=806b435e-36d2-11ee-b5b0-005056013b0c, archive=false, dateOutputArchive=0001-01-01T00:00:00Z}, {guid=84f01bed-36d2-11ee-b5b0-005056013b0c, code=5, name=Трубы, parent=806b25a2-36d2-11ee-b5b0-005056013b0c, archive=false, dateOutputArchive=0001-01-01T00:00:00Z}, {guid=84f01ca5-36d2-11ee-b5b0-005056013b0c, code=14, name=Трубы подшипниковые, parent=84f01c49-36d2-11ee-b5b0-005056013b0c, archive=false, dateOutputArchive=0001-01-01T00:00:00Z}, {guid=84f01d4d-36d2-11ee-b5b0-005056013b0c, code=1, name=Трубы подшипниковые ГОСТ 800-78, parent=84f01ca5-36d2-11ee-b5b0-005056013b0c, archive=false, dateOutputArchive=0001-01-01T00:00:00Z}, {guid=84f01dcf-36d2-11ee-b5b0-005056013b0c, code=19, name=Трубы катаные, parent=84f01c49-36d2-11ee-b5b0-005056013b0c, archive=false, dateOutputArchive=0001-01-01T00:00:00Z}, {guid=84f01e2b-36d2-11ee-b5b0-005056013b0c, code=1, name=Трубы стальные бесшовные горячедеформированные ГОСТ 8732-78, parent=84f01dcf-36d2-11ee-b5b0-005056013b0c, archive=false, dateOutputArchive=0001-01-01T00:00:00Z}, {guid=84f01ead-36d2-11ee-b5b0-005056013b0c, code=2, name=Трубы горячекатаные ТС 257-07, parent=84f01dcf-36d2-11ee-b5b0-005056013b0c, archive=false, dateOutputArchive=0001-01-01T00:00:00Z}, {guid=84f01f30-36d2-11ee-b5b0-005056013b0c, code=3, name=Трубы горячекатаные ТС 77-02, parent=84f01dcf-36d2-11ee-b5b0-005056013b0c, archive=false, dateOutputArchive=0001-01-01T00:00:00Z}, {guid=8c5aea59-36d2-11ee-b5b0-005056013b0c, code=1, name=Профиль ножа, parent=8c5ae9fd-36d2-11ee-b5b0-005056013b0c, archive=false, dateOutputArchive=0001-01-01T00:00:00Z}, {guid=84f01fb2-36d2-11ee-b5b0-005056013b0c, code=4, name=Трубы стальные бесшовные горячекатаные толстостенные из литого слитка ТУ 14-3Р-50-2001, parent=84f01dcf-36d2-11ee-b5b0-005056013b0c, archive=false, dateOutputArchive=0001-01-01T00:00:00Z}]
" type="java.lang.AssertionError">
      <![CDATA[java.lang.AssertionError: 1 expectation failed.
Response body doesn't match expectation.
Expected: The content to match the given JSON schema.
error: instance type (integer) does not match any allowed primitive type (allowed: ["string"])
    level: "error"
    schema: {"loadingURI":"file:/C:/Users/Sasha/Api/target/test-classes/getEopList.json#","pointer":"/items/properties/code"}
    instance: {"pointer":"/0/code"}
    domain: "validation"
    keyword: "type"
    found: "integer"
    expected: ["string"]

  Actual: [{guid=806b27a5-36d2-11ee-b5b0-005056013b0c, code=1, name=Прокат толстолистовой горячекатаный из стали повышенной прочности ГОСТ 19903-74, parent=806b26da-36d2-11ee-b5b0-005056013b0c, archive=false, dateOutputArchive=0001-01-01T00:00:00Z}, {guid=806b284d-36d2-11ee-b5b0-005056013b0c, code=2, name=Листы просечно-вытяжные, parent=806b26da-36d2-11ee-b5b0-005056013b0c, archive=false, dateOutputArchive=0001-01-01T00:00:00Z}, {guid=806b28f5-36d2-11ee-b5b0-005056013b0c, code=3, name=Прокат листовой горячекатаный из высококачественной стали повышенной прочности (Швеция), parent=806b26da-36d2-11ee-b5b0-005056013b0c, archive=false, dateOutputArchive=0001-01-01T00:00:00Z}, {guid=806b2977-36d2-11ee-b5b0-005056013b0c, code=72, name=Листы стальные с ромбическим и чечевичным рифлением, parent=806b267e-36d2-11ee-b5b0-005056013b0c, archive=false, dateOutputArchive=0001-01-01T00:00:00Z}, {guid=806b2a42-36d2-11ee-b5b0-005056013b0c, code=1, name=Листы стальные с ромбическим и чечевичным рифлением ГОСТ 8568-77, parent=806b2977-36d2-11ee-b5b0-005056013b0c, archive=false, dateOutputArchive=0001-01-01T00:00:00Z}, {guid=806b2ae9-36d2-11ee-b5b0-005056013b0c, code=81, name=Прокат листовой горячекатаный, parent=806b267e-36d2-11ee-b5b0-005056013b0c, archive=false, dateOutputArchive=0001-01-01T00:00:00Z}, {guid=806b2bb4-36d2-11ee-b5b0-005056013b0c, code=1, name=Прокат листовой горячекатаный из легированной конструкционной стали общего назначения ГОСТ 19903-74, parent=806b2ae9-36d2-11ee-b5b0-005056013b0c, archive=false, dateOutputArchive=0001-01-01T00:00:00Z}, {guid=806b2c5b-36d2-11ee-b5b0-005056013b0c, code=2, name=Прокат листовой горячекатаный из стали углеродистой обыкновенного качества ГОСТ 19903-74, parent=806b2ae9-36d2-11ee-b5b0-005056013b0c, archive=false, dateOutputArchive=0001-01-01T00:00:00Z}, {guid=806b2d02-36d2-11ee-b5b0-005056013b0c, code=3, name=Прокат листовой горячекатаный из конструкционной качественной стали ГОСТ 19903-74, parent=806b2ae9-36d2-11ee-b5b0-005056013b0c, archive=false, dateOutputArchive=0001-01-01T00:00:00Z}, {guid=806b2da9-36d2-11ee-b5b0-005056013b0c, code=4, name=Прокат толстолистовой горячекатаный из легированной стали ГОСТ 19903-74, parent=806b2ae9-36d2-11ee-b5b0-005056013b0c, archive=false, dateOutputArchive=0001-01-01T00:00:00Z}, {guid=806b2e50-36d2-11ee-b5b0-005056013b0c, code=5, name=Прокат толстолистовой горячекатаный из легированной стали, parent=806b2ae9-36d2-11ee-b5b0-005056013b0c, archive=false, dateOutputArchive=0001-01-01T00:00:00Z}, {guid=806b2ef7-36d2-11ee-b5b0-005056013b0c, code=6, name=Прокат горячекатанный ТУ 1-9-1021-84, parent=806b2ae9-36d2-11ee-b5b0-005056013b0c, archive=false, dateOutputArchive=0001-01-01T00:00:00Z}, {guid=806b2f9e-36d2-11ee-b5b0-005056013b0c, code=7, name=Листы спецстали АК, parent=806b2ae9-36d2-11ee-b5b0-005056013b0c, archive=false, dateOutputArchive=0001-01-01T00:00:00Z}, {guid=806b3045-36d2-11ee-b5b0-005056013b0c, code=86, name=Прокат толстолистовой горячекатаный коррозионно-стойкий, жаростойкий и жаропрочный, parent=806b267e-36d2-11ee-b5b0-005056013b0c, archive=false, dateOutputArchive=0001-01-01T00:00:00Z}, {guid=806b3110-36d2-11ee-b5b0-005056013b0c, code=1, name=Прокат листовой горячекатаный коррозионно-стойкий, жаростойкий и жаропрочный ГОСТ 19903-74, parent=806b3045-36d2-11ee-b5b0-005056013b0c, archive=false, dateOutputArchive=0001-01-01T00:00:00Z}, {guid=806b2622-36d2-11ee-b5b0-005056013b0c, code=1, name=Листы, parent=806b25a2-36d2-11ee-b5b0-005056013b0c, archive=false, dateOutputArchive=0001-01-01T00:00:00Z}, {guid=806b267e-36d2-11ee-b5b0-005056013b0c, code=9, name=Прокат черных металлов, parent=806b2622-36d2-11ee-b5b0-005056013b0c, archive=false, dateOutputArchive=0001-01-01T00:00:00Z}, {guid=806b25a2-36d2-11ee-b5b0-005056013b0c, code=1, name=Металлы черные, parent=00000000-0000-0000-0000-000000000000, archive=false, dateOutputArchive=0001-01-01T00:00:00Z}, {guid=806b31b7-36d2-11ee-b5b0-005056013b0c, code=89, name=Листы спецстали, parent=806b267e-36d2-11ee-b5b0-005056013b0c, archive=false, dateOutputArchive=0001-01-01T00:00:00Z}, {guid=806b3282-36d2-11ee-b5b0-005056013b0c, code=1, name=Листы спецстали, parent=806b31b7-36d2-11ee-b5b0-005056013b0c, archive=false, dateOutputArchive=0001-01-01T00:00:00Z}, {guid=806b3329-36d2-11ee-b5b0-005056013b0c, code=91, name=Прокат тонколистовой холоднокатаный, parent=806b267e-36d2-11ee-b5b0-005056013b0c, archive=false, dateOutputArchive=0001-01-01T00:00:00Z}, {guid=806b3385-36d2-11ee-b5b0-005056013b0c, code=1, name=Прокат тонколистовой холоднокатаный из углеродистой стали качественной и обыкновенного качества общего назначения ГОСТ 19904-90, parent=806b3329-36d2-11ee-b5b0-005056013b0c, archive=false, dateOutputArchive=0001-01-01T00:00:00Z}, {guid=806b342c-36d2-11ee-b5b0-005056013b0c, code=2, name=Прокат тонколистовой холоднокатаный из низкоуглеродистой качественной стали для холодной штамповки ГОСТ 19904-90, parent=806b3329-36d2-11ee-b5b0-005056013b0c, archive=false, dateOutputArchive=0001-01-01T00:00:00Z}, {guid=806b34d3-36d2-11ee-b5b0-005056013b0c, code=3, name=Прокат листовой холоднокатаный из легированной конструкционной стали общего назначения ГОСТ 19904-90, parent=806b3329-36d2-11ee-b5b0-005056013b0c, archive=false, dateOutputArchive=0001-01-01T00:00:00Z}, {guid=806b357a-36d2-11ee-b5b0-005056013b0c, code=4, name=Листы перфорированные «ПЕРФОКОМ», parent=806b3329-36d2-11ee-b5b0-005056013b0c, archive=false, dateOutputArchive=0001-01-01T00:00:00Z}, {guid=806b3623-36d2-11ee-b5b0-005056013b0c, code=5, name=Листы перфорированные, parent=806b3329-36d2-11ee-b5b0-005056013b0c, archive=false, dateOutputArchive=0001-01-01T00:00:00Z}, {guid=806b36cb-36d2-11ee-b5b0-005056013b0c, code=93, name=Прокат тонколистовой из коррозионно-стойкой, жаростойкой и жаропрочной стали, parent=806b267e-36d2-11ee-b5b0-005056013b0c, archive=false, dateOutputArchive=0001-01-01T00:00:00Z}, {guid=806b3796-36d2-11ee-b5b0-005056013b0c, code=1, name=Прокат тонколистовой из коррозионно-стойкой, жаростойкой и жаропрочной стали ГОСТ 19904-90, parent=806b36cb-36d2-11ee-b5b0-005056013b0c, archive=false, dateOutputArchive=0001-01-01T00:00:00Z}, {guid=806b383d-36d2-11ee-b5b0-005056013b0c, code=11, name=Изделия дальнейшего передела, parent=806b2622-36d2-11ee-b5b0-005056013b0c, archive=false, dateOutputArchive=0001-01-01T00:00:00Z}, {guid=806b3908-36d2-11ee-b5b0-005056013b0c, code=11, name=Прокат холоднокатаный из тонколистовой оцинкованной стали, parent=806b383d-36d2-11ee-b5b0-005056013b0c, archive=false, dateOutputArchive=0001-01-01T00:00:00Z}, {guid=806b39d3-36d2-11ee-b5b0-005056013b0c, code=1, name=Прокат холоднокатаный из тонколистовой оцинкованной стали ГОСТ 19904-90, parent=806b3908-36d2-11ee-b5b0-005056013b0c, archive=false, dateOutputArchive=0001-01-01T00:00:00Z}, {guid=806b3a7a-36d2-11ee-b5b0-005056013b0c, code=15, name=Жесть, parent=806b383d-36d2-11ee-b5b0-005056013b0c, archive=false, dateOutputArchive=0001-01-01T00:00:00Z}, {guid=806b3b45-36d2-11ee-b5b0-005056013b0c, code=1, name=Жесть белая, parent=806b3a7a-36d2-11ee-b5b0-005056013b0c, archive=false, dateOutputArchive=0001-01-01T00:00:00Z}, {guid=806b3bec-36d2-11ee-b5b0-005056013b0c, code=99, name=Листы, временно используемые в производстве (доработка складских остатков), parent=806b2622-36d2-11ee-b5b0-005056013b0c, archive=false, dateOutputArchive=0001-01-01T00:00:00Z}, {guid=806b3ca6-36d2-11ee-b5b0-005056013b0c, code=9, name=Прокат черных металлов, parent=806b3c24-36d2-11ee-b5b0-005056013b0c, archive=false, dateOutputArchive=0001-01-01T00:00:00Z}, {guid=806b3d27-36d2-11ee-b5b0-005056013b0c, code=50, name=Прокат стальной горячекатаный, parent=806b3ca6-36d2-11ee-b5b0-005056013b0c, archive=false, dateOutputArchive=0001-01-01T00:00:00Z}, {guid=806b3da8-36d2-11ee-b5b0-005056013b0c, code=1, name=Прокат сортовой стальной горячекатаный квадратный ГОСТ 2591-2006, parent=806b3d27-36d2-11ee-b5b0-005056013b0c, archive=false, dateOutputArchive=0001-01-01T00:00:00Z}, {guid=806b3c24-36d2-11ee-b5b0-005056013b0c, code=2, name=Квадраты, parent=806b25a2-36d2-11ee-b5b0-005056013b0c, archive=false, dateOutputArchive=0001-01-01T00:00:00Z}, {guid=806b3e05-36d2-11ee-b5b0-005056013b0c, code=11, name=Изделия дальнейшего передела, parent=806b3c24-36d2-11ee-b5b0-005056013b0c, archive=false, dateOutputArchive=0001-01-01T00:00:00Z}, {guid=806b3e86-36d2-11ee-b5b0-005056013b0c, code=40, name=Прокат калиброванный, parent=806b3e05-36d2-11ee-b5b0-005056013b0c, archive=false, dateOutputArchive=0001-01-01T00:00:00Z}, {guid=806b3f07-36d2-11ee-b5b0-005056013b0c, code=1, name=Прокат калиброванный квадратный ГОСТ 8559-75, parent=806b3e86-36d2-11ee-b5b0-005056013b0c, archive=false, dateOutputArchive=0001-01-01T00:00:00Z}, {guid=806b3f64-36d2-11ee-b5b0-005056013b0c, code=99, name=Квадраты, временно используемые в производстве (доработка складских остатков), parent=806b3c24-36d2-11ee-b5b0-005056013b0c, archive=false, dateOutputArchive=0001-01-01T00:00:00Z}, {guid=806b3fc1-36d2-11ee-b5b0-005056013b0c, code=3, name=Шестигранники, parent=806b25a2-36d2-11ee-b5b0-005056013b0c, archive=false, dateOutputArchive=0001-01-01T00:00:00Z}, {guid=806b4043-36d2-11ee-b5b0-005056013b0c, code=9, name=Прокат черных металлов, parent=806b3fc1-36d2-11ee-b5b0-005056013b0c, archive=false, dateOutputArchive=0001-01-01T00:00:00Z}, {guid=806b40c4-36d2-11ee-b5b0-005056013b0c, code=50, name=Прокат стальной горячекатаный, parent=806b4043-36d2-11ee-b5b0-005056013b0c, archive=false, dateOutputArchive=0001-01-01T00:00:00Z}, {guid=806b4145-36d2-11ee-b5b0-005056013b0c, code=1, name=Прокат сортовой стальной горячекатаный шестигранный ГОСТ 2879-2006, parent=806b40c4-36d2-11ee-b5b0-005056013b0c, archive=false, dateOutputArchive=0001-01-01T00:00:00Z}, {guid=806b41a2-36d2-11ee-b5b0-005056013b0c, code=11, name=Изделия дальнейшего передела, parent=806b3fc1-36d2-11ee-b5b0-005056013b0c, archive=false, dateOutputArchive=0001-01-01T00:00:00Z}, {guid=806b4223-36d2-11ee-b5b0-005056013b0c, code=40, name=Прокат калиброванный, parent=806b41a2-36d2-11ee-b5b0-005056013b0c, archive=false, dateOutputArchive=0001-01-01T00:00:00Z}, {guid=806b42a4-36d2-11ee-b5b0-005056013b0c, code=1, name=Прокат калиброванный шестигранный ГОСТ 8560-78, parent=806b4223-36d2-11ee-b5b0-005056013b0c, archive=false, dateOutputArchive=0001-01-01T00:00:00Z}, {guid=806b4301-36d2-11ee-b5b0-005056013b0c, code=99, name=Шестигранники, временно используемые в производстве (доработка складских остатков), parent=806b3fc1-36d2-11ee-b5b0-005056013b0c, archive=false, dateOutputArchive=0001-01-01T00:00:00Z}, {guid=806b435e-36d2-11ee-b5b0-005056013b0c, code=4, name=Круги, parent=806b25a2-36d2-11ee-b5b0-005056013b0c, archive=false, dateOutputArchive=0001-01-01T00:00:00Z}, {guid=806b43ba-36d2-11ee-b5b0-005056013b0c, code=9, name=Прокат черных металлов, parent=806b435e-36d2-11ee-b5b0-005056013b0c, archive=false, dateOutputArchive=0001-01-01T00:00:00Z}, {guid=806b443c-36d2-11ee-b5b0-005056013b0c, code=30, name=Прокат стальной горячекатаный низколегированный, parent=806b43ba-36d2-11ee-b5b0-005056013b0c, archive=false, dateOutputArchive=0001-01-01T00:00:00Z}, {guid=806b44bd-36d2-11ee-b5b0-005056013b0c, code=1, name=Прокат сортовой стальной горячекатаный конструкционный низколегированный ГОСТ 2590-2006, parent=806b443c-36d2-11ee-b5b0-005056013b0c, archive=false, dateOutputArchive=0001-01-01T00:00:00Z}, {guid=806b451a-36d2-11ee-b5b0-005056013b0c, code=34, name=Прокат горячекатаный круглый обыкновенного качества, parent=806b43ba-36d2-11ee-b5b0-005056013b0c, archive=false, dateOutputArchive=0001-01-01T00:00:00Z}, {guid=806b459b-36d2-11ee-b5b0-005056013b0c, code=1, name=Прокат сортовой стальной горячекатаный круглый обыкновенного качества ГОСТ 2590-2006, parent=806b451a-36d2-11ee-b5b0-005056013b0c, archive=false, dateOutputArchive=0001-01-01T00:00:00Z}, {guid=806b45f8-36d2-11ee-b5b0-005056013b0c, code=50, name=Прокат стальной горячекатаный, parent=806b43ba-36d2-11ee-b5b0-005056013b0c, archive=false, dateOutputArchive=0001-01-01T00:00:00Z}, {guid=806b4679-36d2-11ee-b5b0-005056013b0c, code=1, name=Прокат сортовой стальной горячекатаный конструкционный углеродистый ГОСТ 2590-2006, parent=806b45f8-36d2-11ee-b5b0-005056013b0c, archive=false, dateOutputArchive=0001-01-01T00:00:00Z}, {guid=806b46d6-36d2-11ee-b5b0-005056013b0c, code=2, name=Прокат сортовой стальной горячекатаный конструкционный легированный ГОСТ 2590-2006, parent=806b45f8-36d2-11ee-b5b0-005056013b0c, archive=false, dateOutputArchive=0001-01-01T00:00:00Z}, {guid=806b4733-36d2-11ee-b5b0-005056013b0c, code=3, name=Прокат сортовой стальной горячекатаный конструкционной по ТУ 14-1-4566-89, parent=806b45f8-36d2-11ee-b5b0-005056013b0c, archive=false, dateOutputArchive=0001-01-01T00:00:00Z}, {guid=806b4790-36d2-11ee-b5b0-005056013b0c, code=4, name=Прокат круглый из рессорно-пружинной углеродистой и легированной стали ГОСТ 2590-2006, parent=806b45f8-36d2-11ee-b5b0-005056013b0c, archive=false, dateOutputArchive=0001-01-01T00:00:00Z}, {guid=806b47ed-36d2-11ee-b5b0-005056013b0c, code=51, name=Прокат для холодного выдавливания и высадки, parent=806b43ba-36d2-11ee-b5b0-005056013b0c, archive=false, dateOutputArchive=0001-01-01T00:00:00Z}, {guid=806b486e-36d2-11ee-b5b0-005056013b0c, code=1, name=Прокат качественный конструкционный углеродистый и легированный для холодного выдавливания и высадки ГОСТ 10702-78, parent=806b47ed-36d2-11ee-b5b0-005056013b0c, archive=false, dateOutputArchive=0001-01-01T00:00:00Z}, {guid=806b48cb-36d2-11ee-b5b0-005056013b0c, code=56, name=Прокат горячекатаный сортовой конструкционный подшипниковый, parent=806b43ba-36d2-11ee-b5b0-005056013b0c, archive=false, dateOutputArchive=0001-01-01T00:00:00Z}, {guid=806b494c-36d2-11ee-b5b0-005056013b0c, code=1, name=Прокат сортовой стальной горячекатаный конструкционный подшипниковый ГОСТ 2590-2006, parent=806b48cb-36d2-11ee-b5b0-005056013b0c, archive=false, dateOutputArchive=0001-01-01T00:00:00Z}, {guid=806b49a9-36d2-11ee-b5b0-005056013b0c, code=58, name=Прокат горячекатаный сортовой конструкционный никельсодержащий, parent=806b43ba-36d2-11ee-b5b0-005056013b0c, archive=false, dateOutputArchive=0001-01-01T00:00:00Z}, {guid=806b4a2a-36d2-11ee-b5b0-005056013b0c, code=1, name=Прокат сортовой стальной горячекатаный конструкционный по ТУ 14-1-1725-76, parent=806b49a9-36d2-11ee-b5b0-005056013b0c, archive=false, dateOutputArchive=0001-01-01T00:00:00Z}, {guid=806b4a87-36d2-11ee-b5b0-005056013b0c, code=61, name=Прокат горячекатаный сортовой инструментальный, parent=806b43ba-36d2-11ee-b5b0-005056013b0c, archive=false, dateOutputArchive=0001-01-01T00:00:00Z}, {guid=806b4b08-36d2-11ee-b5b0-005056013b0c, code=1, name=Прокат сортовой стальной горячекатаный инструментальный нелегированный ГОСТ 2590-2006, parent=806b4a87-36d2-11ee-b5b0-005056013b0c, archive=false, dateOutputArchive=0001-01-01T00:00:00Z}, {guid=806b4b65-36d2-11ee-b5b0-005056013b0c, code=63, name=Прокат горячекатаный сортовой конструкционный коррозионно-стойкий, жаропрочный, parent=806b43ba-36d2-11ee-b5b0-005056013b0c, archive=false, dateOutputArchive=0001-01-01T00:00:00Z}, {guid=806b4be6-36d2-11ee-b5b0-005056013b0c, code=1, name=Прокат сортовой стальной горячекатаный конструкционный коррозионностойкий, жаропрочный ГОСТ 2590-2006, parent=806b4b65-36d2-11ee-b5b0-005056013b0c, archive=false, dateOutputArchive=0001-01-01T00:00:00Z}, {guid=84f01c49-36d2-11ee-b5b0-005056013b0c, code=13, name=Трубы стальные, parent=84f01bed-36d2-11ee-b5b0-005056013b0c, archive=false, dateOutputArchive=0001-01-01T00:00:00Z}, {guid=806b4c43-36d2-11ee-b5b0-005056013b0c, code=66, name=Прокат сортовой из прецизионных сплавов с высоким электрическим сопротивлением, parent=806b43ba-36d2-11ee-b5b0-005056013b0c, archive=false, dateOutputArchive=0001-01-01T00:00:00Z}, {guid=84f014af-36d2-11ee-b5b0-005056013b0c, code=1, name=Прокат сортовой из прецизионных сплавов с высоким электрическим сопротивлением ГОСТ 12766.4-90, parent=806b4c43-36d2-11ee-b5b0-005056013b0c, archive=false, dateOutputArchive=0001-01-01T00:00:00Z}, {guid=84f0150c-36d2-11ee-b5b0-005056013b0c, code=70, name=Поковки, parent=806b43ba-36d2-11ee-b5b0-005056013b0c, archive=false, dateOutputArchive=0001-01-01T00:00:00Z}, {guid=84f0158d-36d2-11ee-b5b0-005056013b0c, code=1, name=Поковки, parent=84f0150c-36d2-11ee-b5b0-005056013b0c, archive=false, dateOutputArchive=0001-01-01T00:00:00Z}, {guid=84f015ea-36d2-11ee-b5b0-005056013b0c, code=11, name=Изделия дальнейшего передела, parent=806b435e-36d2-11ee-b5b0-005056013b0c, archive=false, dateOutputArchive=0001-01-01T00:00:00Z}, {guid=84f01646-36d2-11ee-b5b0-005056013b0c, code=40, name=Прокат калиброванный круглый, parent=84f015ea-36d2-11ee-b5b0-005056013b0c, archive=false, dateOutputArchive=0001-01-01T00:00:00Z}, {guid=84f016c7-36d2-11ee-b5b0-005056013b0c, code=1, name=Прокат калиброванный круглый углеродистый ГОСТ 7417-75, parent=84f01646-36d2-11ee-b5b0-005056013b0c, archive=false, dateOutputArchive=0001-01-01T00:00:00Z}, {guid=84f01724-36d2-11ee-b5b0-005056013b0c, code=2, name=Прокат калиброванный круглый легированный ГОСТ 7417-75, parent=84f01646-36d2-11ee-b5b0-005056013b0c, archive=false, dateOutputArchive=0001-01-01T00:00:00Z}, {guid=84f01781-36d2-11ee-b5b0-005056013b0c, code=3, name=Прокат калиброванный круглый коррозионно-стойкий, жаропрочный ГОСТ 7417-75, parent=84f01646-36d2-11ee-b5b0-005056013b0c, archive=false, dateOutputArchive=0001-01-01T00:00:00Z}, {guid=84f017de-36d2-11ee-b5b0-005056013b0c, code=4, name=Прокат калиброванный круглый из рессорно-пружинной углеродистой и легированной стали ГОСТ 7417-75, parent=84f01646-36d2-11ee-b5b0-005056013b0c, archive=false, dateOutputArchive=0001-01-01T00:00:00Z}, {guid=84f0183b-36d2-11ee-b5b0-005056013b0c, code=5, name=Сталь качественная круглая со специальной отделкой поверхности ГОСТ 14955-77, parent=84f01646-36d2-11ee-b5b0-005056013b0c, archive=false, dateOutputArchive=0001-01-01T00:00:00Z}, {guid=84f01898-36d2-11ee-b5b0-005056013b0c, code=6, name=Прокат калиброванный для холодной высадки, parent=84f01646-36d2-11ee-b5b0-005056013b0c, archive=false, dateOutputArchive=0001-01-01T00:00:00Z}, {guid=84f018f5-36d2-11ee-b5b0-005056013b0c, code=7, name=Шток хромированный, parent=84f01646-36d2-11ee-b5b0-005056013b0c, archive=false, dateOutputArchive=0001-01-01T00:00:00Z}, {guid=84f01952-36d2-11ee-b5b0-005056013b0c, code=8, name=Прокат сортовой холоднотянутый подшипниковый ГОСТ 7417-75, parent=84f01646-36d2-11ee-b5b0-005056013b0c, archive=false, dateOutputArchive=0001-01-01T00:00:00Z}, {guid=84f019af-36d2-11ee-b5b0-005056013b0c, code=50, name=Прокат термически обработанный шлифованный, parent=84f015ea-36d2-11ee-b5b0-005056013b0c, archive=false, dateOutputArchive=0001-01-01T00:00:00Z}, {guid=84f01a30-36d2-11ee-b5b0-005056013b0c, code=1, name=Прутки нагартованные, термически обработанные шлифованные из высоколегированной и коррозионностойкой стали ГОСТ 18907-73, parent=84f019af-36d2-11ee-b5b0-005056013b0c, archive=false, dateOutputArchive=0001-01-01T00:00:00Z}, {guid=84f01a8d-36d2-11ee-b5b0-005056013b0c, code=60, name=Прокат высокой точности, parent=84f015ea-36d2-11ee-b5b0-005056013b0c, archive=false, dateOutputArchive=0001-01-01T00:00:00Z}, {guid=84f01b33-36d2-11ee-b5b0-005056013b0c, code=1, name=Сталь чистотянутая для шпонок ГОСТ 8787-68, parent=84f01a8d-36d2-11ee-b5b0-005056013b0c, archive=false, dateOutputArchive=0001-01-01T00:00:00Z}, {guid=84f01bb5-36d2-11ee-b5b0-005056013b0c, code=99, name=Круги, временно используемые в производстве (доработка складских остатков), parent=806b435e-36d2-11ee-b5b0-005056013b0c, archive=false, dateOutputArchive=0001-01-01T00:00:00Z}, {guid=84f01bed-36d2-11ee-b5b0-005056013b0c, code=5, name=Трубы, parent=806b25a2-36d2-11ee-b5b0-005056013b0c, archive=false, dateOutputArchive=0001-01-01T00:00:00Z}, {guid=84f01ca5-36d2-11ee-b5b0-005056013b0c, code=14, name=Трубы подшипниковые, parent=84f01c49-36d2-11ee-b5b0-005056013b0c, archive=false, dateOutputArchive=0001-01-01T00:00:00Z}, {guid=84f01d4d-36d2-11ee-b5b0-005056013b0c, code=1, name=Трубы подшипниковые ГОСТ 800-78, parent=84f01ca5-36d2-11ee-b5b0-005056013b0c, archive=false, dateOutputArchive=0001-01-01T00:00:00Z}, {guid=84f01dcf-36d2-11ee-b5b0-005056013b0c, code=19, name=Трубы катаные, parent=84f01c49-36d2-11ee-b5b0-005056013b0c, archive=false, dateOutputArchive=0001-01-01T00:00:00Z}, {guid=84f01e2b-36d2-11ee-b5b0-005056013b0c, code=1, name=Трубы стальные бесшовные горячедеформированные ГОСТ 8732-78, parent=84f01dcf-36d2-11ee-b5b0-005056013b0c, archive=false, dateOutputArchive=0001-01-01T00:00:00Z}, {guid=84f01ead-36d2-11ee-b5b0-005056013b0c, code=2, name=Трубы горячекатаные ТС 257-07, parent=84f01dcf-36d2-11ee-b5b0-005056013b0c, archive=false, dateOutputArchive=0001-01-01T00:00:00Z}, {guid=84f01f30-36d2-11ee-b5b0-005056013b0c, code=3, name=Трубы горячекатаные ТС 77-02, parent=84f01dcf-36d2-11ee-b5b0-005056013b0c, archive=false, dateOutputArchive=0001-01-01T00:00:00Z}, {guid=8c5aea59-36d2-11ee-b5b0-005056013b0c, code=1, name=Профиль ножа, parent=8c5ae9fd-36d2-11ee-b5b0-005056013b0c, archive=false, dateOutputArchive=0001-01-01T00:00:00Z}, {guid=84f01fb2-36d2-11ee-b5b0-005056013b0c, code=4, name=Трубы стальные бесшовные горячекатаные толстостенные из литого слитка ТУ 14-3Р-50-2001, parent=84f01dcf-36d2-11ee-b5b0-005056013b0c, archive=false, dateOutputArchive=0001-01-01T00:00:00Z}]

at java.base/jdk.internal.reflect.DirectConstructorHandleAccessor.newInstance(DirectConstructorHandleAccessor.java:67)
at java.base/java.lang.reflect.Constructor.newInstanceWithCaller(Constructor.java:500)
at java.base/java.lang.reflect.Constructor.newInstance(Constructor.java:484)
at org.codehaus.groovy.reflection.CachedConstructor.invoke(CachedConstructor.java:73)
at org.codehaus.groovy.runtime.callsite.ConstructorSite$ConstructorSiteNoUnwrapNoCoerce.callConstructor(ConstructorSite.java:108)
at org.codehaus.groovy.runtime.callsite.AbstractCallSite.callConstructor(AbstractCallSite.java:277)
at io.restassured.internal.ResponseSpecificationImpl$HamcrestAssertionClosure.validate(ResponseSpecificationImpl.groovy:512)
at io.restassured.internal.ResponseSpecificationImpl$HamcrestAssertionClosure$validate$1.call(Unknown Source)
at io.restassured.internal.ResponseSpecificationImpl.validateResponseIfRequired(ResponseSpecificationImpl.groovy:696)
at io.restassured.internal.ResponseSpecificationImpl.this$2$validateResponseIfRequired(ResponseSpecificationImpl.groovy)
at java.base/jdk.internal.reflect.DirectMethodHandleAccessor.invoke(DirectMethodHandleAccessor.java:104)
at java.base/java.lang.reflect.Method.invoke(Method.java:578)
at org.codehaus.groovy.runtime.callsite.PlainObjectMetaMethodSite.doInvoke(PlainObjectMetaMethodSite.java:43)
at org.codehaus.groovy.runtime.callsite.PogoMetaMethodSite$PogoCachedMethodSiteNoUnwrapNoCoerce.invoke(PogoMetaMethodSite.java:198)
at org.codehaus.groovy.runtime.callsite.PogoMetaMethodSite.callCurrent(PogoMetaMethodSite.java:62)
at org.codehaus.groovy.runtime.callsite.AbstractCallSite.callCurrent(AbstractCallSite.java:185)
at io.restassured.internal.ResponseSpecificationImpl.body(ResponseSpecificationImpl.groovy:107)
at io.restassured.internal.ValidatableResponseOptionsImpl.body(ValidatableResponseOptionsImpl.java:238)
at AutoTest.ClassifierTest.getEopList(ClassifierTest.java:208)
at java.base/jdk.internal.reflect.DirectMethodHandleAccessor.invoke(DirectMethodHandleAccessor.java:104)
at java.base/java.lang.reflect.Method.invoke(Method.java:578)
at org.testng.internal.invokers.MethodInvocationHelper.invokeMethod(MethodInvocationHelper.java:139)
at org.testng.internal.invokers.TestInvoker.invokeMethod(TestInvoker.java:677)
at org.testng.internal.invokers.TestInvoker.invokeTestMethod(TestInvoker.java:221)
at org.testng.internal.invokers.MethodRunner.runInSequence(MethodRunner.java:50)
at org.testng.internal.invokers.TestInvoker$MethodInvocationAgent.invoke(TestInvoker.java:969)
at org.testng.internal.invokers.TestInvoker.invokeTestMethods(TestInvoker.java:194)
at org.testng.internal.invokers.TestMethodWorker.invokeTestMethods(TestMethodWorker.java:148)
at org.testng.internal.invokers.TestMethodWorker.run(TestMethodWorker.java:128)
at java.base/java.util.ArrayList.forEach(ArrayList.java:1511)
at org.testng.TestRunner.privateRun(TestRunner.java:829)
at org.testng.TestRunner.run(TestRunner.java:602)
at org.testng.SuiteRunner.runTest(SuiteRunner.java:437)
at org.testng.SuiteRunner.runSequentially(SuiteRunner.java:431)
at org.testng.SuiteRunner.privateRun(SuiteRunner.java:391)
at org.testng.SuiteRunner.run(SuiteRunner.java:330)
at org.testng.SuiteRunnerWorker.runSuite(SuiteRunnerWorker.java:52)
at org.testng.SuiteRunnerWorker.run(SuiteRunnerWorker.java:95)
at org.testng.TestNG.runSuitesSequentially(TestNG.java:1256)
at org.testng.TestNG.runSuitesLocally(TestNG.java:1176)
at org.testng.TestNG.runSuites(TestNG.java:1099)
at org.testng.TestNG.run(TestNG.java:1067)
at org.apache.maven.surefire.testng.TestNGExecutor.run(TestNGExecutor.java:132)
at org.apache.maven.surefire.testng.TestNGDirectoryTestSuite.executeMulti(TestNGDirectoryTestSuite.java:193)
at org.apache.maven.surefire.testng.TestNGDirectoryTestSuite.execute(TestNGDirectoryTestSuite.java:94)
at org.apache.maven.surefire.testng.TestNGProvider.invoke(TestNGProvider.java:147)
at org.apache.maven.surefire.booter.ForkedBooter.invokeProviderInSameClassLoader(ForkedBooter.java:290)
at org.apache.maven.surefire.booter.ForkedBooter.runSuitesInProcess(ForkedBooter.java:242)
at org.apache.maven.surefire.booter.ForkedBooter.main(ForkedBooter.java:121)
]]>
    </failure>
  </testcase> <!-- getEopList -->
  <system-out/>
  <testcase classname="AutoTest.ClassifierTest" name="getEopListNegativeStep" time="0.640"/>
  <system-out/>
  <testcase classname="AutoTest.ClassifierTest" name="getEopList" time="1.014">
    <failure message="1 expectation failed.
Response body doesn&#039;t match expectation.
Expected: The content to match the given JSON schema.
error: instance type (integer) does not match any allowed primitive type (allowed: [&quot;string&quot;])
    level: &quot;error&quot;
    schema: {&quot;loadingURI&quot;:&quot;file:/C:/Users/Sasha/Api/target/test-classes/getEopList.json#&quot;,&quot;pointer&quot;:&quot;/items/properties/code&quot;}
    instance: {&quot;pointer&quot;:&quot;/0/code&quot;}
    domain: &quot;validation&quot;
    keyword: &quot;type&quot;
    found: &quot;integer&quot;
    expected: [&quot;string&quot;]

  Actual: [{guid=806b27a5-36d2-11ee-b5b0-005056013b0c, code=1, name=Прокат толстолистовой горячекатаный из стали повышенной прочности ГОСТ 19903-74, parent=806b26da-36d2-11ee-b5b0-005056013b0c, archive=false, dateOutputArchive=0001-01-01T00:00:00Z}, {guid=806b284d-36d2-11ee-b5b0-005056013b0c, code=2, name=Листы просечно-вытяжные, parent=806b26da-36d2-11ee-b5b0-005056013b0c, archive=false, dateOutputArchive=0001-01-01T00:00:00Z}]
" type="java.lang.AssertionError">
      <![CDATA[java.lang.AssertionError: 1 expectation failed.
Response body doesn't match expectation.
Expected: The content to match the given JSON schema.
error: instance type (integer) does not match any allowed primitive type (allowed: ["string"])
    level: "error"
    schema: {"loadingURI":"file:/C:/Users/Sasha/Api/target/test-classes/getEopList.json#","pointer":"/items/properties/code"}
    instance: {"pointer":"/0/code"}
    domain: "validation"
    keyword: "type"
    found: "integer"
    expected: ["string"]

  Actual: [{guid=806b27a5-36d2-11ee-b5b0-005056013b0c, code=1, name=Прокат толстолистовой горячекатаный из стали повышенной прочности ГОСТ 19903-74, parent=806b26da-36d2-11ee-b5b0-005056013b0c, archive=false, dateOutputArchive=0001-01-01T00:00:00Z}, {guid=806b284d-36d2-11ee-b5b0-005056013b0c, code=2, name=Листы просечно-вытяжные, parent=806b26da-36d2-11ee-b5b0-005056013b0c, archive=false, dateOutputArchive=0001-01-01T00:00:00Z}]

at java.base/jdk.internal.reflect.DirectConstructorHandleAccessor.newInstance(DirectConstructorHandleAccessor.java:67)
at java.base/java.lang.reflect.Constructor.newInstanceWithCaller(Constructor.java:500)
at java.base/java.lang.reflect.Constructor.newInstance(Constructor.java:484)
at org.codehaus.groovy.reflection.CachedConstructor.invoke(CachedConstructor.java:73)
at org.codehaus.groovy.runtime.callsite.ConstructorSite$ConstructorSiteNoUnwrapNoCoerce.callConstructor(ConstructorSite.java:108)
at org.codehaus.groovy.runtime.callsite.AbstractCallSite.callConstructor(AbstractCallSite.java:277)
at io.restassured.internal.ResponseSpecificationImpl$HamcrestAssertionClosure.validate(ResponseSpecificationImpl.groovy:512)
at io.restassured.internal.ResponseSpecificationImpl$HamcrestAssertionClosure$validate$1.call(Unknown Source)
at io.restassured.internal.ResponseSpecificationImpl.validateResponseIfRequired(ResponseSpecificationImpl.groovy:696)
at io.restassured.internal.ResponseSpecificationImpl.this$2$validateResponseIfRequired(ResponseSpecificationImpl.groovy)
at java.base/jdk.internal.reflect.DirectMethodHandleAccessor.invoke(DirectMethodHandleAccessor.java:104)
at java.base/java.lang.reflect.Method.invoke(Method.java:578)
at org.codehaus.groovy.runtime.callsite.PlainObjectMetaMethodSite.doInvoke(PlainObjectMetaMethodSite.java:43)
at org.codehaus.groovy.runtime.callsite.PogoMetaMethodSite$PogoCachedMethodSiteNoUnwrapNoCoerce.invoke(PogoMetaMethodSite.java:198)
at org.codehaus.groovy.runtime.callsite.PogoMetaMethodSite.callCurrent(PogoMetaMethodSite.java:62)
at org.codehaus.groovy.runtime.callsite.AbstractCallSite.callCurrent(AbstractCallSite.java:185)
at io.restassured.internal.ResponseSpecificationImpl.body(ResponseSpecificationImpl.groovy:107)
at io.restassured.internal.ValidatableResponseOptionsImpl.body(ValidatableResponseOptionsImpl.java:238)
at AutoTest.ClassifierTest.getEopList(ClassifierTest.java:208)
at java.base/jdk.internal.reflect.DirectMethodHandleAccessor.invoke(DirectMethodHandleAccessor.java:104)
at java.base/java.lang.reflect.Method.invoke(Method.java:578)
at org.testng.internal.invokers.MethodInvocationHelper.invokeMethod(MethodInvocationHelper.java:139)
at org.testng.internal.invokers.TestInvoker.invokeMethod(TestInvoker.java:677)
at org.testng.internal.invokers.TestInvoker.invokeTestMethod(TestInvoker.java:221)
at org.testng.internal.invokers.MethodRunner.runInSequence(MethodRunner.java:50)
at org.testng.internal.invokers.TestInvoker$MethodInvocationAgent.invoke(TestInvoker.java:969)
at org.testng.internal.invokers.TestInvoker.invokeTestMethods(TestInvoker.java:194)
at org.testng.internal.invokers.TestMethodWorker.invokeTestMethods(TestMethodWorker.java:148)
at org.testng.internal.invokers.TestMethodWorker.run(TestMethodWorker.java:128)
at java.base/java.util.ArrayList.forEach(ArrayList.java:1511)
at org.testng.TestRunner.privateRun(TestRunner.java:829)
at org.testng.TestRunner.run(TestRunner.java:602)
at org.testng.SuiteRunner.runTest(SuiteRunner.java:437)
at org.testng.SuiteRunner.runSequentially(SuiteRunner.java:431)
at org.testng.SuiteRunner.privateRun(SuiteRunner.java:391)
at org.testng.SuiteRunner.run(SuiteRunner.java:330)
at org.testng.SuiteRunnerWorker.runSuite(SuiteRunnerWorker.java:52)
at org.testng.SuiteRunnerWorker.run(SuiteRunnerWorker.java:95)
at org.testng.TestNG.runSuitesSequentially(TestNG.java:1256)
at org.testng.TestNG.runSuitesLocally(TestNG.java:1176)
at org.testng.TestNG.runSuites(TestNG.java:1099)
at org.testng.TestNG.run(TestNG.java:1067)
at org.apache.maven.surefire.testng.TestNGExecutor.run(TestNGExecutor.java:132)
at org.apache.maven.surefire.testng.TestNGDirectoryTestSuite.executeMulti(TestNGDirectoryTestSuite.java:193)
at org.apache.maven.surefire.testng.TestNGDirectoryTestSuite.execute(TestNGDirectoryTestSuite.java:94)
at org.apache.maven.surefire.testng.TestNGProvider.invoke(TestNGProvider.java:147)
at org.apache.maven.surefire.booter.ForkedBooter.invokeProviderInSameClassLoader(ForkedBooter.java:290)
at org.apache.maven.surefire.booter.ForkedBooter.runSuitesInProcess(ForkedBooter.java:242)
at org.apache.maven.surefire.booter.ForkedBooter.main(ForkedBooter.java:121)
]]>
    </failure>
  </testcase> <!-- getEopList -->
  <system-out/>
  <testcase classname="AutoTest.ClassifierTest" name="getUnitsGuidNegativeData" time="0.838"/>
  <system-out/>
  <testcase classname="AutoTest.ClassifierTest" name="getEopGuidNegativeData" time="1.002"/>
  <system-out/>
  <testcase classname="AutoTest.ClassifierTest" name="getEopGuidNegativeData" time="0.861"/>
  <system-out/>
  <testcase classname="AutoTest.ClassifierTest" name="getUnifiedClassifierGuidNegativeData" time="1.035"/>
  <system-out/>
  <testcase classname="AutoTest.ClassifierTest" name="getUnitsGuidNegativeData" time="0.990"/>
  <system-out/>
  <testcase classname="AutoTest.ClassifierTest" name="getUnifiedClassifierListNegativeData" time="1.038"/>
  <system-out/>
  <testcase classname="AutoTest.ClassifierTest" name="getUnifiedClassifierGuidNegativeData" time="1.004"/>
  <system-out/>
  <testcase classname="AutoTest.ClassifierTest" name="getUnifiedClassifierListPositiveStep" time="0.845"/>
  <system-out/>
  <testcase classname="AutoTest.ClassifierTest" name="getUnifiedClassifierListNegativeData" time="1.003"/>
  <system-out/>
  <testcase classname="AutoTest.ClassifierTest" name="getUnifiedClassifierGuidNegativeData" time="1.005"/>
  <system-out/>
  <testcase classname="AutoTest.ClassifierTest" name="getUnitsGuidNegativeData" time="0.990"/>
  <system-out/>
  <testcase classname="AutoTest.ClassifierTest" name="getUnifiedClassifierGuidNegativeData" time="0.953"/>
  <system-out/>
  <testcase classname="AutoTest.ClassifierTest" name="getUnitsListStepEqual199" time="1.200"/>
  <system-out/>
  <testcase classname="AutoTest.ClassifierTest" name="getUnifiedClassifierGuidNegativeData" time="0.774"/>
  <system-out/>
  <testcase classname="AutoTest.ClassifierTest" name="getUnitsListNegativeStep" time="4.052"/>
  <system-out/>
  <testcase classname="AutoTest.ClassifierTest" name="getUnitsGuidNegativeData" time="0.974"/>
  <system-out/>
  <testcase classname="AutoTest.ClassifierTest" name="getEopListNegativeStep" time="1.043"/>
  <system-out/>
  <testcase classname="AutoTest.ClassifierTest" name="getUnifiedClassifierListNegativeData" time="0.968"/>
  <system-out/>
  <testcase classname="AutoTest.ClassifierTest" name="getEopListNegativeStep" time="1.132"/>
  <system-out/>
  <testcase classname="AutoTest.ClassifierTest" name="getEopListNegativeStep" time="0.996"/>
  <system-out/>
  <testcase classname="AutoTest.ClassifierTest" name="getUnifiedClassifierGuidNegativeData" time="1.217"/>
  <system-out/>
  <testcase classname="AutoTest.ClassifierTest" name="getEopListNegativeStep" time="0.899"/>
  <system-out/>
  <testcase classname="AutoTest.ClassifierTest" name="getEopGuidNegativeData" time="1.016"/>
  <system-out/>
  <testcase classname="AutoTest.ClassifierTest" name="getEopListNegativeStep" time="1.016"/>
  <system-out/>
  <testcase classname="AutoTest.ClassifierTest" name="getEopListNegativeStep" time="1.054"/>
  <system-out/>
  <testcase classname="AutoTest.ClassifierTest" name="getEopListStepIsEmpty" time="1.346">
    <failure message="1 expectation failed.
Response body doesn&#039;t match expectation.
Expected: The content to match the given JSON schema.
error: instance type (integer) does not match any allowed primitive type (allowed: [&quot;string&quot;])
    level: &quot;error&quot;
    schema: {&quot;loadingURI&quot;:&quot;file:/C:/Users/Sasha/Api/target/test-classes/getEopList.json#&quot;,&quot;pointer&quot;:&quot;/items/properties/code&quot;}
    instance: {&quot;pointer&quot;:&quot;/0/code&quot;}
    domain: &quot;validation&quot;
    keyword: &quot;type&quot;
    found: &quot;integer&quot;
    expected: [&quot;string&quot;]

  Actual: [{guid=806b27a5-36d2-11ee-b5b0-005056013b0c, code=1, name=Прокат толстолистовой горячекатаный из стали повышенной прочности ГОСТ 19903-74, parent=806b26da-36d2-11ee-b5b0-005056013b0c, archive=false, dateOutputArchive=0001-01-01T00:00:00Z}, {guid=806b284d-36d2-11ee-b5b0-005056013b0c, code=2, name=Листы просечно-вытяжные, parent=806b26da-36d2-11ee-b5b0-005056013b0c, archive=false, dateOutputArchive=0001-01-01T00:00:00Z}, {guid=806b28f5-36d2-11ee-b5b0-005056013b0c, code=3, name=Прокат листовой горячекатаный из высококачественной стали повышенной прочности (Швеция), parent=806b26da-36d2-11ee-b5b0-005056013b0c, archive=false, dateOutputArchive=0001-01-01T00:00:00Z}, {guid=806b2977-36d2-11ee-b5b0-005056013b0c, code=72, name=Листы стальные с ромбическим и чечевичным рифлением, parent=806b267e-36d2-11ee-b5b0-005056013b0c, archive=false, dateOutputArchive=0001-01-01T00:00:00Z}, {guid=806b2a42-36d2-11ee-b5b0-005056013b0c, code=1, name=Листы стальные с ромбическим и чечевичным рифлением ГОСТ 8568-77, parent=806b2977-36d2-11ee-b5b0-005056013b0c, archive=false, dateOutputArchive=0001-01-01T00:00:00Z}, {guid=806b2ae9-36d2-11ee-b5b0-005056013b0c, code=81, name=Прокат листовой горячекатаный, parent=806b267e-36d2-11ee-b5b0-005056013b0c, archive=false, dateOutputArchive=0001-01-01T00:00:00Z}, {guid=806b2bb4-36d2-11ee-b5b0-005056013b0c, code=1, name=Прокат листовой горячекатаный из легированной конструкционной стали общего назначения ГОСТ 19903-74, parent=806b2ae9-36d2-11ee-b5b0-005056013b0c, archive=false, dateOutputArchive=0001-01-01T00:00:00Z}, {guid=806b2c5b-36d2-11ee-b5b0-005056013b0c, code=2, name=Прокат листовой горячекатаный из стали углеродистой обыкновенного качества ГОСТ 19903-74, parent=806b2ae9-36d2-11ee-b5b0-005056013b0c, archive=false, dateOutputArchive=0001-01-01T00:00:00Z}, {guid=806b2d02-36d2-11ee-b5b0-005056013b0c, code=3, name=Прокат листовой горячекатаный из конструкционной качественной стали ГОСТ 19903-74, parent=806b2ae9-36d2-11ee-b5b0-005056013b0c, archive=false, dateOutputArchive=0001-01-01T00:00:00Z}, {guid=806b2da9-36d2-11ee-b5b0-005056013b0c, code=4, name=Прокат толстолистовой горячекатаный из легированной стали ГОСТ 19903-74, parent=806b2ae9-36d2-11ee-b5b0-005056013b0c, archive=false, dateOutputArchive=0001-01-01T00:00:00Z}, {guid=806b2e50-36d2-11ee-b5b0-005056013b0c, code=5, name=Прокат толстолистовой горячекатаный из легированной стали, parent=806b2ae9-36d2-11ee-b5b0-005056013b0c, archive=false, dateOutputArchive=0001-01-01T00:00:00Z}, {guid=806b2ef7-36d2-11ee-b5b0-005056013b0c, code=6, name=Прокат горячекатанный ТУ 1-9-1021-84, parent=806b2ae9-36d2-11ee-b5b0-005056013b0c, archive=false, dateOutputArchive=0001-01-01T00:00:00Z}, {guid=806b2f9e-36d2-11ee-b5b0-005056013b0c, code=7, name=Листы спецстали АК, parent=806b2ae9-36d2-11ee-b5b0-005056013b0c, archive=false, dateOutputArchive=0001-01-01T00:00:00Z}, {guid=806b3045-36d2-11ee-b5b0-005056013b0c, code=86, name=Прокат толстолистовой горячекатаный коррозионно-стойкий, жаростойкий и жаропрочный, parent=806b267e-36d2-11ee-b5b0-005056013b0c, archive=false, dateOutputArchive=0001-01-01T00:00:00Z}, {guid=806b3110-36d2-11ee-b5b0-005056013b0c, code=1, name=Прокат листовой горячекатаный коррозионно-стойкий, жаростойкий и жаропрочный ГОСТ 19903-74, parent=806b3045-36d2-11ee-b5b0-005056013b0c, archive=false, dateOutputArchive=0001-01-01T00:00:00Z}, {guid=806b2622-36d2-11ee-b5b0-005056013b0c, code=1, name=Листы, parent=806b25a2-36d2-11ee-b5b0-005056013b0c, archive=false, dateOutputArchive=0001-01-01T00:00:00Z}, {guid=806b267e-36d2-11ee-b5b0-005056013b0c, code=9, name=Прокат черных металлов, parent=806b2622-36d2-11ee-b5b0-005056013b0c, archive=false, dateOutputArchive=0001-01-01T00:00:00Z}, {guid=806b25a2-36d2-11ee-b5b0-005056013b0c, code=1, name=Металлы черные, parent=00000000-0000-0000-0000-000000000000, archive=false, dateOutputArchive=0001-01-01T00:00:00Z}, {guid=806b31b7-36d2-11ee-b5b0-005056013b0c, code=89, name=Листы спецстали, parent=806b267e-36d2-11ee-b5b0-005056013b0c, archive=false, dateOutputArchive=0001-01-01T00:00:00Z}, {guid=806b3282-36d2-11ee-b5b0-005056013b0c, code=1, name=Листы спецстали, parent=806b31b7-36d2-11ee-b5b0-005056013b0c, archive=false, dateOutputArchive=0001-01-01T00:00:00Z}, {guid=806b3329-36d2-11ee-b5b0-005056013b0c, code=91, name=Прокат тонколистовой холоднокатаный, parent=806b267e-36d2-11ee-b5b0-005056013b0c, archive=false, dateOutputArchive=0001-01-01T00:00:00Z}, {guid=806b3385-36d2-11ee-b5b0-005056013b0c, code=1, name=Прокат тонколистовой холоднокатаный из углеродистой стали качественной и обыкновенного качества общего назначения ГОСТ 19904-90, parent=806b3329-36d2-11ee-b5b0-005056013b0c, archive=false, dateOutputArchive=0001-01-01T00:00:00Z}, {guid=806b342c-36d2-11ee-b5b0-005056013b0c, code=2, name=Прокат тонколистовой холоднокатаный из низкоуглеродистой качественной стали для холодной штамповки ГОСТ 19904-90, parent=806b3329-36d2-11ee-b5b0-005056013b0c, archive=false, dateOutputArchive=0001-01-01T00:00:00Z}, {guid=806b34d3-36d2-11ee-b5b0-005056013b0c, code=3, name=Прокат листовой холоднокатаный из легированной конструкционной стали общего назначения ГОСТ 19904-90, parent=806b3329-36d2-11ee-b5b0-005056013b0c, archive=false, dateOutputArchive=0001-01-01T00:00:00Z}, {guid=806b357a-36d2-11ee-b5b0-005056013b0c, code=4, name=Листы перфорированные «ПЕРФОКОМ», parent=806b3329-36d2-11ee-b5b0-005056013b0c, archive=false, dateOutputArchive=0001-01-01T00:00:00Z}, {guid=806b3623-36d2-11ee-b5b0-005056013b0c, code=5, name=Листы перфорированные, parent=806b3329-36d2-11ee-b5b0-005056013b0c, archive=false, dateOutputArchive=0001-01-01T00:00:00Z}, {guid=806b36cb-36d2-11ee-b5b0-005056013b0c, code=93, name=Прокат тонколистовой из коррозионно-стойкой, жаростойкой и жаропрочной стали, parent=806b267e-36d2-11ee-b5b0-005056013b0c, archive=false, dateOutputArchive=0001-01-01T00:00:00Z}, {guid=806b3796-36d2-11ee-b5b0-005056013b0c, code=1, name=Прокат тонколистовой из коррозионно-стойкой, жаростойкой и жаропрочной стали ГОСТ 19904-90, parent=806b36cb-36d2-11ee-b5b0-005056013b0c, archive=false, dateOutputArchive=0001-01-01T00:00:00Z}, {guid=806b383d-36d2-11ee-b5b0-005056013b0c, code=11, name=Изделия дальнейшего передела, parent=806b2622-36d2-11ee-b5b0-005056013b0c, archive=false, dateOutputArchive=0001-01-01T00:00:00Z}, {guid=806b3908-36d2-11ee-b5b0-005056013b0c, code=11, name=Прокат холоднокатаный из тонколистовой оцинкованной стали, parent=806b383d-36d2-11ee-b5b0-005056013b0c, archive=false, dateOutputArchive=0001-01-01T00:00:00Z}, {guid=806b39d3-36d2-11ee-b5b0-005056013b0c, code=1, name=Прокат холоднокатаный из тонколистовой оцинкованной стали ГОСТ 19904-90, parent=806b3908-36d2-11ee-b5b0-005056013b0c, archive=false, dateOutputArchive=0001-01-01T00:00:00Z}, {guid=806b3a7a-36d2-11ee-b5b0-005056013b0c, code=15, name=Жесть, parent=806b383d-36d2-11ee-b5b0-005056013b0c, archive=false, dateOutputArchive=0001-01-01T00:00:00Z}, {guid=806b3b45-36d2-11ee-b5b0-005056013b0c, code=1, name=Жесть белая, parent=806b3a7a-36d2-11ee-b5b0-005056013b0c, archive=false, dateOutputArchive=0001-01-01T00:00:00Z}, {guid=806b3bec-36d2-11ee-b5b0-005056013b0c, code=99, name=Листы, временно используемые в производстве (доработка складских остатков), parent=806b2622-36d2-11ee-b5b0-005056013b0c, archive=false, dateOutputArchive=0001-01-01T00:00:00Z}, {guid=806b3ca6-36d2-11ee-b5b0-005056013b0c, code=9, name=Прокат черных металлов, parent=806b3c24-36d2-11ee-b5b0-005056013b0c, archive=false, dateOutputArchive=0001-01-01T00:00:00Z}, {guid=806b3d27-36d2-11ee-b5b0-005056013b0c, code=50, name=Прокат стальной горячекатаный, parent=806b3ca6-36d2-11ee-b5b0-005056013b0c, archive=false, dateOutputArchive=0001-01-01T00:00:00Z}, {guid=806b3da8-36d2-11ee-b5b0-005056013b0c, code=1, name=Прокат сортовой стальной горячекатаный квадратный ГОСТ 2591-2006, parent=806b3d27-36d2-11ee-b5b0-005056013b0c, archive=false, dateOutputArchive=0001-01-01T00:00:00Z}, {guid=806b3c24-36d2-11ee-b5b0-005056013b0c, code=2, name=Квадраты, parent=806b25a2-36d2-11ee-b5b0-005056013b0c, archive=false, dateOutputArchive=0001-01-01T00:00:00Z}, {guid=806b3e05-36d2-11ee-b5b0-005056013b0c, code=11, name=Изделия дальнейшего передела, parent=806b3c24-36d2-11ee-b5b0-005056013b0c, archive=false, dateOutputArchive=0001-01-01T00:00:00Z}, {guid=806b3e86-36d2-11ee-b5b0-005056013b0c, code=40, name=Прокат калиброванный, parent=806b3e05-36d2-11ee-b5b0-005056013b0c, archive=false, dateOutputArchive=0001-01-01T00:00:00Z}, {guid=806b3f07-36d2-11ee-b5b0-005056013b0c, code=1, name=Прокат калиброванный квадратный ГОСТ 8559-75, parent=806b3e86-36d2-11ee-b5b0-005056013b0c, archive=false, dateOutputArchive=0001-01-01T00:00:00Z}, {guid=806b3f64-36d2-11ee-b5b0-005056013b0c, code=99, name=Квадраты, временно используемые в производстве (доработка складских остатков), parent=806b3c24-36d2-11ee-b5b0-005056013b0c, archive=false, dateOutputArchive=0001-01-01T00:00:00Z}, {guid=806b3fc1-36d2-11ee-b5b0-005056013b0c, code=3, name=Шестигранники, parent=806b25a2-36d2-11ee-b5b0-005056013b0c, archive=false, dateOutputArchive=0001-01-01T00:00:00Z}, {guid=806b4043-36d2-11ee-b5b0-005056013b0c, code=9, name=Прокат черных металлов, parent=806b3fc1-36d2-11ee-b5b0-005056013b0c, archive=false, dateOutputArchive=0001-01-01T00:00:00Z}, {guid=806b40c4-36d2-11ee-b5b0-005056013b0c, code=50, name=Прокат стальной горячекатаный, parent=806b4043-36d2-11ee-b5b0-005056013b0c, archive=false, dateOutputArchive=0001-01-01T00:00:00Z}, {guid=806b4145-36d2-11ee-b5b0-005056013b0c, code=1, name=Прокат сортовой стальной горячекатаный шестигранный ГОСТ 2879-2006, parent=806b40c4-36d2-11ee-b5b0-005056013b0c, archive=false, dateOutputArchive=0001-01-01T00:00:00Z}, {guid=806b41a2-36d2-11ee-b5b0-005056013b0c, code=11, name=Изделия дальнейшего передела, parent=806b3fc1-36d2-11ee-b5b0-005056013b0c, archive=false, dateOutputArchive=0001-01-01T00:00:00Z}, {guid=806b4223-36d2-11ee-b5b0-005056013b0c, code=40, name=Прокат калиброванный, parent=806b41a2-36d2-11ee-b5b0-005056013b0c, archive=false, dateOutputArchive=0001-01-01T00:00:00Z}, {guid=806b42a4-36d2-11ee-b5b0-005056013b0c, code=1, name=Прокат калиброванный шестигранный ГОСТ 8560-78, parent=806b4223-36d2-11ee-b5b0-005056013b0c, archive=false, dateOutputArchive=0001-01-01T00:00:00Z}, {guid=806b4301-36d2-11ee-b5b0-005056013b0c, code=99, name=Шестигранники, временно используемые в производстве (доработка складских остатков), parent=806b3fc1-36d2-11ee-b5b0-005056013b0c, archive=false, dateOutputArchive=0001-01-01T00:00:00Z}, {guid=806b435e-36d2-11ee-b5b0-005056013b0c, code=4, name=Круги, parent=806b25a2-36d2-11ee-b5b0-005056013b0c, archive=false, dateOutputArchive=0001-01-01T00:00:00Z}, {guid=806b43ba-36d2-11ee-b5b0-005056013b0c, code=9, name=Прокат черных металлов, parent=806b435e-36d2-11ee-b5b0-005056013b0c, archive=false, dateOutputArchive=0001-01-01T00:00:00Z}, {guid=806b443c-36d2-11ee-b5b0-005056013b0c, code=30, name=Прокат стальной горячекатаный низколегированный, parent=806b43ba-36d2-11ee-b5b0-005056013b0c, archive=false, dateOutputArchive=0001-01-01T00:00:00Z}, {guid=806b44bd-36d2-11ee-b5b0-005056013b0c, code=1, name=Прокат сортовой стальной горячекатаный конструкционный низколегированный ГОСТ 2590-2006, parent=806b443c-36d2-11ee-b5b0-005056013b0c, archive=false, dateOutputArchive=0001-01-01T00:00:00Z}, {guid=806b451a-36d2-11ee-b5b0-005056013b0c, code=34, name=Прокат горячекатаный круглый обыкновенного качества, parent=806b43ba-36d2-11ee-b5b0-005056013b0c, archive=false, dateOutputArchive=0001-01-01T00:00:00Z}, {guid=806b459b-36d2-11ee-b5b0-005056013b0c, code=1, name=Прокат сортовой стальной горячекатаный круглый обыкновенного качества ГОСТ 2590-2006, parent=806b451a-36d2-11ee-b5b0-005056013b0c, archive=false, dateOutputArchive=0001-01-01T00:00:00Z}, {guid=806b45f8-36d2-11ee-b5b0-005056013b0c, code=50, name=Прокат стальной горячекатаный, parent=806b43ba-36d2-11ee-b5b0-005056013b0c, archive=false, dateOutputArchive=0001-01-01T00:00:00Z}, {guid=806b4679-36d2-11ee-b5b0-005056013b0c, code=1, name=Прокат сортовой стальной горячекатаный конструкционный углеродистый ГОСТ 2590-2006, parent=806b45f8-36d2-11ee-b5b0-005056013b0c, archive=false, dateOutputArchive=0001-01-01T00:00:00Z}, {guid=806b46d6-36d2-11ee-b5b0-005056013b0c, code=2, name=Прокат сортовой стальной горячекатаный конструкционный легированный ГОСТ 2590-2006, parent=806b45f8-36d2-11ee-b5b0-005056013b0c, archive=false, dateOutputArchive=0001-01-01T00:00:00Z}, {guid=806b4733-36d2-11ee-b5b0-005056013b0c, code=3, name=Прокат сортовой стальной горячекатаный конструкционной по ТУ 14-1-4566-89, parent=806b45f8-36d2-11ee-b5b0-005056013b0c, archive=false, dateOutputArchive=0001-01-01T00:00:00Z}, {guid=806b4790-36d2-11ee-b5b0-005056013b0c, code=4, name=Прокат круглый из рессорно-пружинной углеродистой и легированной стали ГОСТ 2590-2006, parent=806b45f8-36d2-11ee-b5b0-005056013b0c, archive=false, dateOutputArchive=0001-01-01T00:00:00Z}, {guid=806b47ed-36d2-11ee-b5b0-005056013b0c, code=51, name=Прокат для холодного выдавливания и высадки, parent=806b43ba-36d2-11ee-b5b0-005056013b0c, archive=false, dateOutputArchive=0001-01-01T00:00:00Z}, {guid=806b486e-36d2-11ee-b5b0-005056013b0c, code=1, name=Прокат качественный конструкционный углеродистый и легированный для холодного выдавливания и высадки ГОСТ 10702-78, parent=806b47ed-36d2-11ee-b5b0-005056013b0c, archive=false, dateOutputArchive=0001-01-01T00:00:00Z}, {guid=806b48cb-36d2-11ee-b5b0-005056013b0c, code=56, name=Прокат горячекатаный сортовой конструкционный подшипниковый, parent=806b43ba-36d2-11ee-b5b0-005056013b0c, archive=false, dateOutputArchive=0001-01-01T00:00:00Z}, {guid=806b494c-36d2-11ee-b5b0-005056013b0c, code=1, name=Прокат сортовой стальной горячекатаный конструкционный подшипниковый ГОСТ 2590-2006, parent=806b48cb-36d2-11ee-b5b0-005056013b0c, archive=false, dateOutputArchive=0001-01-01T00:00:00Z}, {guid=806b49a9-36d2-11ee-b5b0-005056013b0c, code=58, name=Прокат горячекатаный сортовой конструкционный никельсодержащий, parent=806b43ba-36d2-11ee-b5b0-005056013b0c, archive=false, dateOutputArchive=0001-01-01T00:00:00Z}, {guid=806b4a2a-36d2-11ee-b5b0-005056013b0c, code=1, name=Прокат сортовой стальной горячекатаный конструкционный по ТУ 14-1-1725-76, parent=806b49a9-36d2-11ee-b5b0-005056013b0c, archive=false, dateOutputArchive=0001-01-01T00:00:00Z}, {guid=806b4a87-36d2-11ee-b5b0-005056013b0c, code=61, name=Прокат горячекатаный сортовой инструментальный, parent=806b43ba-36d2-11ee-b5b0-005056013b0c, archive=false, dateOutputArchive=0001-01-01T00:00:00Z}, {guid=806b4b08-36d2-11ee-b5b0-005056013b0c, code=1, name=Прокат сортовой стальной горячекатаный инструментальный нелегированный ГОСТ 2590-2006, parent=806b4a87-36d2-11ee-b5b0-005056013b0c, archive=false, dateOutputArchive=0001-01-01T00:00:00Z}, {guid=806b4b65-36d2-11ee-b5b0-005056013b0c, code=63, name=Прокат горячекатаный сортовой конструкционный коррозионно-стойкий, жаропрочный, parent=806b43ba-36d2-11ee-b5b0-005056013b0c, archive=false, dateOutputArchive=0001-01-01T00:00:00Z}, {guid=806b4be6-36d2-11ee-b5b0-005056013b0c, code=1, name=Прокат сортовой стальной горячекатаный конструкционный коррозионностойкий, жаропрочный ГОСТ 2590-2006, parent=806b4b65-36d2-11ee-b5b0-005056013b0c, archive=false, dateOutputArchive=0001-01-01T00:00:00Z}, {guid=84f01c49-36d2-11ee-b5b0-005056013b0c, code=13, name=Трубы стальные, parent=84f01bed-36d2-11ee-b5b0-005056013b0c, archive=false, dateOutputArchive=0001-01-01T00:00:00Z}, {guid=806b4c43-36d2-11ee-b5b0-005056013b0c, code=66, name=Прокат сортовой из прецизионных сплавов с высоким электрическим сопротивлением, parent=806b43ba-36d2-11ee-b5b0-005056013b0c, archive=false, dateOutputArchive=0001-01-01T00:00:00Z}, {guid=84f014af-36d2-11ee-b5b0-005056013b0c, code=1, name=Прокат сортовой из прецизионных сплавов с высоким электрическим сопротивлением ГОСТ 12766.4-90, parent=806b4c43-36d2-11ee-b5b0-005056013b0c, archive=false, dateOutputArchive=0001-01-01T00:00:00Z}, {guid=84f0150c-36d2-11ee-b5b0-005056013b0c, code=70, name=Поковки, parent=806b43ba-36d2-11ee-b5b0-005056013b0c, archive=false, dateOutputArchive=0001-01-01T00:00:00Z}, {guid=84f0158d-36d2-11ee-b5b0-005056013b0c, code=1, name=Поковки, parent=84f0150c-36d2-11ee-b5b0-005056013b0c, archive=false, dateOutputArchive=0001-01-01T00:00:00Z}, {guid=84f015ea-36d2-11ee-b5b0-005056013b0c, code=11, name=Изделия дальнейшего передела, parent=806b435e-36d2-11ee-b5b0-005056013b0c, archive=false, dateOutputArchive=0001-01-01T00:00:00Z}, {guid=84f01646-36d2-11ee-b5b0-005056013b0c, code=40, name=Прокат калиброванный круглый, parent=84f015ea-36d2-11ee-b5b0-005056013b0c, archive=false, dateOutputArchive=0001-01-01T00:00:00Z}, {guid=84f016c7-36d2-11ee-b5b0-005056013b0c, code=1, name=Прокат калиброванный круглый углеродистый ГОСТ 7417-75, parent=84f01646-36d2-11ee-b5b0-005056013b0c, archive=false, dateOutputArchive=0001-01-01T00:00:00Z}, {guid=84f01724-36d2-11ee-b5b0-005056013b0c, code=2, name=Прокат калиброванный круглый легированный ГОСТ 7417-75, parent=84f01646-36d2-11ee-b5b0-005056013b0c, archive=false, dateOutputArchive=0001-01-01T00:00:00Z}, {guid=84f01781-36d2-11ee-b5b0-005056013b0c, code=3, name=Прокат калиброванный круглый коррозионно-стойкий, жаропрочный ГОСТ 7417-75, parent=84f01646-36d2-11ee-b5b0-005056013b0c, archive=false, dateOutputArchive=0001-01-01T00:00:00Z}, {guid=84f017de-36d2-11ee-b5b0-005056013b0c, code=4, name=Прокат калиброванный круглый из рессорно-пружинной углеродистой и легированной стали ГОСТ 7417-75, parent=84f01646-36d2-11ee-b5b0-005056013b0c, archive=false, dateOutputArchive=0001-01-01T00:00:00Z}, {guid=84f0183b-36d2-11ee-b5b0-005056013b0c, code=5, name=Сталь качественная круглая со специальной отделкой поверхности ГОСТ 14955-77, parent=84f01646-36d2-11ee-b5b0-005056013b0c, archive=false, dateOutputArchive=0001-01-01T00:00:00Z}, {guid=84f01898-36d2-11ee-b5b0-005056013b0c, code=6, name=Прокат калиброванный для холодной высадки, parent=84f01646-36d2-11ee-b5b0-005056013b0c, archive=false, dateOutputArchive=0001-01-01T00:00:00Z}, {guid=84f018f5-36d2-11ee-b5b0-005056013b0c, code=7, name=Шток хромированный, parent=84f01646-36d2-11ee-b5b0-005056013b0c, archive=false, dateOutputArchive=0001-01-01T00:00:00Z}, {guid=84f01952-36d2-11ee-b5b0-005056013b0c, code=8, name=Прокат сортовой холоднотянутый подшипниковый ГОСТ 7417-75, parent=84f01646-36d2-11ee-b5b0-005056013b0c, archive=false, dateOutputArchive=0001-01-01T00:00:00Z}, {guid=84f019af-36d2-11ee-b5b0-005056013b0c, code=50, name=Прокат термически обработанный шлифованный, parent=84f015ea-36d2-11ee-b5b0-005056013b0c, archive=false, dateOutputArchive=0001-01-01T00:00:00Z}, {guid=84f01a30-36d2-11ee-b5b0-005056013b0c, code=1, name=Прутки нагартованные, термически обработанные шлифованные из высоколегированной и коррозионностойкой стали ГОСТ 18907-73, parent=84f019af-36d2-11ee-b5b0-005056013b0c, archive=false, dateOutputArchive=0001-01-01T00:00:00Z}, {guid=84f01a8d-36d2-11ee-b5b0-005056013b0c, code=60, name=Прокат высокой точности, parent=84f015ea-36d2-11ee-b5b0-005056013b0c, archive=false, dateOutputArchive=0001-01-01T00:00:00Z}, {guid=84f01b33-36d2-11ee-b5b0-005056013b0c, code=1, name=Сталь чистотянутая для шпонок ГОСТ 8787-68, parent=84f01a8d-36d2-11ee-b5b0-005056013b0c, archive=false, dateOutputArchive=0001-01-01T00:00:00Z}, {guid=84f01bb5-36d2-11ee-b5b0-005056013b0c, code=99, name=Круги, временно используемые в производстве (доработка складских остатков), parent=806b435e-36d2-11ee-b5b0-005056013b0c, archive=false, dateOutputArchive=0001-01-01T00:00:00Z}, {guid=84f01bed-36d2-11ee-b5b0-005056013b0c, code=5, name=Трубы, parent=806b25a2-36d2-11ee-b5b0-005056013b0c, archive=false, dateOutputArchive=0001-01-01T00:00:00Z}, {guid=84f01ca5-36d2-11ee-b5b0-005056013b0c, code=14, name=Трубы подшипниковые, parent=84f01c49-36d2-11ee-b5b0-005056013b0c, archive=false, dateOutputArchive=0001-01-01T00:00:00Z}, {guid=84f01d4d-36d2-11ee-b5b0-005056013b0c, code=1, name=Трубы подшипниковые ГОСТ 800-78, parent=84f01ca5-36d2-11ee-b5b0-005056013b0c, archive=false, dateOutputArchive=0001-01-01T00:00:00Z}, {guid=84f01dcf-36d2-11ee-b5b0-005056013b0c, code=19, name=Трубы катаные, parent=84f01c49-36d2-11ee-b5b0-005056013b0c, archive=false, dateOutputArchive=0001-01-01T00:00:00Z}, {guid=84f01e2b-36d2-11ee-b5b0-005056013b0c, code=1, name=Трубы стальные бесшовные горячедеформированные ГОСТ 8732-78, parent=84f01dcf-36d2-11ee-b5b0-005056013b0c, archive=false, dateOutputArchive=0001-01-01T00:00:00Z}, {guid=84f01ead-36d2-11ee-b5b0-005056013b0c, code=2, name=Трубы горячекатаные ТС 257-07, parent=84f01dcf-36d2-11ee-b5b0-005056013b0c, archive=false, dateOutputArchive=0001-01-01T00:00:00Z}, {guid=84f01f30-36d2-11ee-b5b0-005056013b0c, code=3, name=Трубы горячекатаные ТС 77-02, parent=84f01dcf-36d2-11ee-b5b0-005056013b0c, archive=false, dateOutputArchive=0001-01-01T00:00:00Z}, {guid=8c5aea59-36d2-11ee-b5b0-005056013b0c, code=1, name=Профиль ножа, parent=8c5ae9fd-36d2-11ee-b5b0-005056013b0c, archive=false, dateOutputArchive=0001-01-01T00:00:00Z}, {guid=84f01fb2-36d2-11ee-b5b0-005056013b0c, code=4, name=Трубы стальные бесшовные горячекатаные толстостенные из литого слитка ТУ 14-3Р-50-2001, parent=84f01dcf-36d2-11ee-b5b0-005056013b0c, archive=false, dateOutputArchive=0001-01-01T00:00:00Z}, {guid=84f02034-36d2-11ee-b5b0-005056013b0c, code=5, name=Трубы стальные бесшовные горячедеформированные для нефтегазопроводов ТУ 14-3Р-44-2001, parent=84f01dcf-36d2-11ee-b5b0-005056013b0c, archive=false, dateOutputArchive=0001-01-01T00:00:00Z}, {guid=84f020b6-36d2-11ee-b5b0-005056013b0c, code=6, name=Трубы бесшовные горячедеформированные из коррозионностойкой стали ГОСТ 9940-81, parent=84f01dcf-36d2-11ee-b5b0-005056013b0c, archive=false, dateOutputArchive=0001-01-01T00:00:00Z}, {guid=84f02138-36d2-11ee-b5b0-005056013b0c, code=40, name=Трубы тянутые, parent=84f01c49-36d2-11ee-b5b0-005056013b0c, archive=false, dateOutputArchive=0001-01-01T00:00:00Z}, {guid=84f02194-36d2-11ee-b5b0-005056013b0c, code=1, name=Трубы стальные бесшовные холоднодеформированные ГОСТ 8734-75, parent=84f02138-36d2-11ee-b5b0-005056013b0c, archive=false, dateOutputArchive=0001-01-01T00:00:00Z}, {guid=86635496-36d2-11ee-b5b0-005056013b0c, code=2, name=Трубы стальные электросварные прямошовные ГОСТ 10704-91, parent=84f02138-36d2-11ee-b5b0-005056013b0c, archive=false, dateOutputArchive=0001-01-01T00:00:00Z}, {guid=86635518-36d2-11ee-b5b0-005056013b0c, code=3, name=Трубы стальные электросварные холоднодеформированные для карданных валов ГОСТ 5005-82, parent=84f02138-36d2-11ee-b5b0-005056013b0c, archive=false, dateOutputArchive=0001-01-01T00:00:00Z}, {guid=8663559a-36d2-11ee-b5b0-005056013b0c, code=4, name=Трубы холоднодеформированные ТУ 14-3-575-90, ПР890-2002, parent=84f02138-36d2-11ee-b5b0-005056013b0c, archive=false, dateOutputArchive=0001-01-01T00:00:00Z}, {guid=8663561c-36d2-11ee-b5b0-005056013b0c, code=5, name=Трубы стальные бесшовные высокого давления ГОСТ 11017-80, parent=84f02138-36d2-11ee-b5b0-005056013b0c, archive=false, dateOutputArchive=0001-01-01T00:00:00Z}, {guid=8663569e-36d2-11ee-b5b0-005056013b0c, code=6, name=Трубы стальные бесшовные холоднодеформируемые производства фирмы ШТАУФФ, parent=84f02138-36d2-11ee-b5b0-005056013b0c, archive=false, dateOutputArchive=0001-01-01T00:00:00Z}, {guid=86635720-36d2-11ee-b5b0-005056013b0c, code=44, name=Трубы тянутые прецизионные, прямоугольные, квадратные, parent=84f01c49-36d2-11ee-b5b0-005056013b0c, archive=false, dateOutputArchive=0001-01-01T00:00:00Z}, {guid=8663577c-36d2-11ee-b5b0-005056013b0c, code=1, name=Трубы стальные прецизионные ГОСТ 9567-75, parent=86635720-36d2-11ee-b5b0-005056013b0c, archive=false, dateOutputArchive=0001-01-01T00:00:00Z}, {guid=866357fe-36d2-11ee-b5b0-005056013b0c, code=2, name=Трубы стальные прямоугольные ГОСТ 8645-68, parent=86635720-36d2-11ee-b5b0-005056013b0c, archive=false, dateOutputArchive=0001-01-01T00:00:00Z}, {guid=866358a7-36d2-11ee-b5b0-005056013b0c, code=3, name=Трубы стальные квадратные ГОСТ 8639-82, parent=86635720-36d2-11ee-b5b0-005056013b0c, archive=false, dateOutputArchive=0001-01-01T00:00:00Z}, {guid=86636371-36d2-11ee-b5b0-005056013b0c, code=99, name=Полосы, временно используемые в производстве (доработка складских остатков), parent=86635f07-36d2-11ee-b5b0-005056013b0c, archive=false, dateOutputArchive=0001-01-01T00:00:00Z}, {guid=86635929-36d2-11ee-b5b0-005056013b0c, code=4, name=Профили стальные гнутые замкнутые сварные квадратные и прямоугольные для строительных конструкций, parent=86635720-36d2-11ee-b5b0-005056013b0c, archive=false, dateOutputArchive=0001-01-01T00:00:00Z}, {guid=866359d0-36d2-11ee-b5b0-005056013b0c, code=5, name=Трубы стальные электросварные прямоугольного и квадратного сечения ТУ 14-3-462-76, parent=86635720-36d2-11ee-b5b0-005056013b0c, archive=false, dateOutputArchive=0001-01-01T00:00:00Z}, {guid=86635a77-36d2-11ee-b5b0-005056013b0c, code=6, name=Профили стальные гнутые замкнутые сварные квадратные и прямоугольные ГОСТ 25577-83, parent=86635720-36d2-11ee-b5b0-005056013b0c, archive=false, dateOutputArchive=0001-01-01T00:00:00Z}, {guid=86635b1e-36d2-11ee-b5b0-005056013b0c, code=51, name=Трубы тонкостенные углерод, parent=84f01c49-36d2-11ee-b5b0-005056013b0c, archive=false, dateOutputArchive=0001-01-01T00:00:00Z}, {guid=86635bc4-36d2-11ee-b5b0-005056013b0c, code=1, name=Трубы стальные бесшовные холоднодеформированные для судостроения ГОСТ 1060-83, parent=86635b1e-36d2-11ee-b5b0-005056013b0c, archive=false, dateOutputArchive=0001-01-01T00:00:00Z}, {guid=86635c46-36d2-11ee-b5b0-005056013b0c, code=60, name=Трубы тонкостенные нерж, parent=84f01c49-36d2-11ee-b5b0-005056013b0c, archive=false, dateOutputArchive=0001-01-01T00:00:00Z}, {guid=86635cec-36d2-11ee-b5b0-005056013b0c, code=1, name=Трубы бесшовные холодно и теплодеформированные из коррозионной стали ГОСТ 9941-81, parent=86635c46-36d2-11ee-b5b0-005056013b0c, archive=false, dateOutputArchive=0001-01-01T00:00:00Z}, {guid=86635d6e-36d2-11ee-b5b0-005056013b0c, code=2, name=Трубы стальные бесшовные для маслопроводов и топливопроводов ГОСТ 19277-73, parent=86635c46-36d2-11ee-b5b0-005056013b0c, archive=false, dateOutputArchive=0001-01-01T00:00:00Z}, {guid=86635df0-36d2-11ee-b5b0-005056013b0c, code=85, name=Трубы стальные водогазопроводные, parent=84f01c49-36d2-11ee-b5b0-005056013b0c, archive=false, dateOutputArchive=0001-01-01T00:00:00Z}, {guid=86635e4c-36d2-11ee-b5b0-005056013b0c, code=1, name=Трубы стальные водогазопроводные ГОСТ 3262-75, parent=86635df0-36d2-11ee-b5b0-005056013b0c, archive=false, dateOutputArchive=0001-01-01T00:00:00Z}, {guid=86635f07-36d2-11ee-b5b0-005056013b0c, code=6, name=Полоса, parent=806b25a2-36d2-11ee-b5b0-005056013b0c, archive=false, dateOutputArchive=0001-01-01T00:00:00Z}, {guid=86635f63-36d2-11ee-b5b0-005056013b0c, code=9, name=Прокат черных металлов, parent=86635f07-36d2-11ee-b5b0-005056013b0c, archive=false, dateOutputArchive=0001-01-01T00:00:00Z}, {guid=86635fbf-36d2-11ee-b5b0-005056013b0c, code=50, name=Полоса стальная, parent=86635f63-36d2-11ee-b5b0-005056013b0c, archive=false, dateOutputArchive=0001-01-01T00:00:00Z}, {guid=86636065-36d2-11ee-b5b0-005056013b0c, code=1, name=Прокат сортовой стальной горячекатаный полосовой ГОСТ 103-2006, parent=86635fbf-36d2-11ee-b5b0-005056013b0c, archive=false, dateOutputArchive=0001-01-01T00:00:00Z}, {guid=866360e7-36d2-11ee-b5b0-005056013b0c, code=2, name=Профили стальные холоднодеформированные высокой точности ТУ 14-11-245-88, parent=86635fbf-36d2-11ee-b5b0-005056013b0c, archive=false, dateOutputArchive=0001-01-01T00:00:00Z}, {guid=86636169-36d2-11ee-b5b0-005056013b0c, code=3, name=Прокат сортовой стальной горячекатаный полосовой рессорно-пружинный ГОСТ 7419-90, parent=86635fbf-36d2-11ee-b5b0-005056013b0c, archive=false, dateOutputArchive=0001-01-01T00:00:00Z}, {guid=866361eb-36d2-11ee-b5b0-005056013b0c, code=4, name=Прокат сортовой стальной горячекатаный полосовой ТУ 14-1-5240-93, parent=86635fbf-36d2-11ee-b5b0-005056013b0c, archive=false, dateOutputArchive=0001-01-01T00:00:00Z}, {guid=8663626d-36d2-11ee-b5b0-005056013b0c, code=5, name=Прокат широкополосный универсальный ГОСТ 82-70, parent=86635fbf-36d2-11ee-b5b0-005056013b0c, archive=false, dateOutputArchive=0001-01-01T00:00:00Z}, {guid=866362ef-36d2-11ee-b5b0-005056013b0c, code=6, name=Прокат листовой и полосовой термообработанный повышенного качества ТУ 14-1-4632-93, parent=86635fbf-36d2-11ee-b5b0-005056013b0c, archive=false, dateOutputArchive=0001-01-01T00:00:00Z}, {guid=866363a9-36d2-11ee-b5b0-005056013b0c, code=7, name=Уголки, parent=806b25a2-36d2-11ee-b5b0-005056013b0c, archive=false, dateOutputArchive=0001-01-01T00:00:00Z}, {guid=86636405-36d2-11ee-b5b0-005056013b0c, code=9, name=Прокат черных металлов, parent=866363a9-36d2-11ee-b5b0-005056013b0c, archive=false, dateOutputArchive=0001-01-01T00:00:00Z}, {guid=86636461-36d2-11ee-b5b0-005056013b0c, code=30, name=Уголки стальные, parent=86636405-36d2-11ee-b5b0-005056013b0c, archive=false, dateOutputArchive=0001-01-01T00:00:00Z}, {guid=86636509-36d2-11ee-b5b0-005056013b0c, code=1, name=Уголки стальные горячекатанные равнополочные ГОСТ 8509-93, parent=86636461-36d2-11ee-b5b0-005056013b0c, archive=false, dateOutputArchive=0001-01-01T00:00:00Z}, {guid=8c5aeadb-36d2-11ee-b5b0-005056013b0c, code=2, name=Полоса башмачная для тракторов, parent=8c5ae9fd-36d2-11ee-b5b0-005056013b0c, archive=false, dateOutputArchive=0001-01-01T00:00:00Z}, {guid=866365b1-36d2-11ee-b5b0-005056013b0c, code=2, name=Уголки стальные горячекатанные неравнополочные ГОСТ 8510-86, parent=86636461-36d2-11ee-b5b0-005056013b0c, archive=false, dateOutputArchive=0001-01-01T00:00:00Z}, {guid=86636659-36d2-11ee-b5b0-005056013b0c, code=8, name=Ленты, parent=806b25a2-36d2-11ee-b5b0-005056013b0c, archive=false, dateOutputArchive=0001-01-01T00:00:00Z}, {guid=866366ff-36d2-11ee-b5b0-005056013b0c, code=9, name=Прокат черных металлов, parent=86636659-36d2-11ee-b5b0-005056013b0c, archive=false, dateOutputArchive=0001-01-01T00:00:00Z}, {guid=866367a5-36d2-11ee-b5b0-005056013b0c, code=35, name=Лента стальная горячекатаная, parent=866366ff-36d2-11ee-b5b0-005056013b0c, archive=false, dateOutputArchive=0001-01-01T00:00:00Z}, {guid=8663684b-36d2-11ee-b5b0-005056013b0c, code=1, name=Лента стальная горячекатаная ГОСТ 6009-74, parent=866367a5-36d2-11ee-b5b0-005056013b0c, archive=false, dateOutputArchive=0001-01-01T00:00:00Z}, {guid=866368cd-36d2-11ee-b5b0-005056013b0c, code=12, name=Метизы, parent=86636659-36d2-11ee-b5b0-005056013b0c, archive=false, dateOutputArchive=0001-01-01T00:00:00Z}, {guid=86636973-36d2-11ee-b5b0-005056013b0c, code=30, name=Лента холоднокатаная, parent=866368cd-36d2-11ee-b5b0-005056013b0c, archive=false, dateOutputArchive=0001-01-01T00:00:00Z}, {guid=8c5aeeb4-36d2-11ee-b5b0-005056013b0c, code=9, name=Прокат черных металлов, parent=8c5aee58-36d2-11ee-b5b0-005056013b0c, archive=false, dateOutputArchive=0001-01-01T00:00:00Z}, {guid=86636a19-36d2-11ee-b5b0-005056013b0c, code=1, name=Лента холоднокатаная из низкоуглеродистой стали ГОСТ 503-81, parent=86636973-36d2-11ee-b5b0-005056013b0c, archive=false, dateOutputArchive=0001-01-01T00:00:00Z}, {guid=86636a9b-36d2-11ee-b5b0-005056013b0c, code=2, name=Лента холоднокатаная из инструментальной и пружинной стали ГОСТ 2283-79, parent=86636973-36d2-11ee-b5b0-005056013b0c, archive=false, dateOutputArchive=0001-01-01T00:00:00Z}, {guid=86636b1d-36d2-11ee-b5b0-005056013b0c, code=3, name=Лента холоднокатаная термообработанная ГОСТ 21996-76, parent=86636973-36d2-11ee-b5b0-005056013b0c, archive=false, dateOutputArchive=0001-01-01T00:00:00Z}, {guid=86636b9f-36d2-11ee-b5b0-005056013b0c, code=4, name=Лента стальная упаковочная ГОСТ 3560-73, parent=86636973-36d2-11ee-b5b0-005056013b0c, archive=false, dateOutputArchive=0001-01-01T00:00:00Z}, {guid=86636c21-36d2-11ee-b5b0-005056013b0c, code=5, name=Лента холоднокатаная повышенной точности ГОСТ 19851-74, parent=86636973-36d2-11ee-b5b0-005056013b0c, archive=false, dateOutputArchive=0001-01-01T00:00:00Z}, {guid=86636ca3-36d2-11ee-b5b0-005056013b0c, code=6, name=Лента холоднокатаная ТУ 14-550-6-94, parent=86636973-36d2-11ee-b5b0-005056013b0c, archive=false, dateOutputArchive=0001-01-01T00:00:00Z}, {guid=86636d25-36d2-11ee-b5b0-005056013b0c, code=7, name=Лента холоднокатаная ТУ 14-1-258-72, parent=86636973-36d2-11ee-b5b0-005056013b0c, archive=false, dateOutputArchive=0001-01-01T00:00:00Z}, {guid=86636da7-36d2-11ee-b5b0-005056013b0c, code=8, name=Лента холоднокатаная из углеродистой конструкционной стали ГОСТ 2284-79, parent=86636973-36d2-11ee-b5b0-005056013b0c, archive=false, dateOutputArchive=0001-01-01T00:00:00Z}, {guid=86636e29-36d2-11ee-b5b0-005056013b0c, code=33, name=Лента холоднокатаная нерж, parent=866368cd-36d2-11ee-b5b0-005056013b0c, archive=false, dateOutputArchive=0001-01-01T00:00:00Z}, {guid=86636ecf-36d2-11ee-b5b0-005056013b0c, code=1, name=Лента холоднокатаная из коррозионно-стойкой и жаростойкой стали ГОСТ 4986-79, parent=86636e29-36d2-11ee-b5b0-005056013b0c, archive=false, dateOutputArchive=0001-01-01T00:00:00Z}, {guid=86636f51-36d2-11ee-b5b0-005056013b0c, code=35, name=Лента из сплавов высокого омического сопротивления, parent=866368cd-36d2-11ee-b5b0-005056013b0c, archive=false, dateOutputArchive=0001-01-01T00:00:00Z}, {guid=86636ff7-36d2-11ee-b5b0-005056013b0c, code=1, name=Лента из прецизионных сплавов с высоким электрическим сопротивлением ГОСТ 12766.2-90, parent=86636f51-36d2-11ee-b5b0-005056013b0c, archive=false, dateOutputArchive=0001-01-01T00:00:00Z}, {guid=86637079-36d2-11ee-b5b0-005056013b0c, code=61, name=Лента холоднокатаная из термобиметаллов, parent=866368cd-36d2-11ee-b5b0-005056013b0c, archive=false, dateOutputArchive=0001-01-01T00:00:00Z}, {guid=8663711f-36d2-11ee-b5b0-005056013b0c, code=1, name=Лента холоднокатаная из термобиметаллов ГОСТ 10533-86, parent=86637079-36d2-11ee-b5b0-005056013b0c, archive=false, dateOutputArchive=0001-01-01T00:00:00Z}, {guid=866371a1-36d2-11ee-b5b0-005056013b0c, code=99, name=Ленты, временно используемые в производстве (доработка складских остатков), parent=86636659-36d2-11ee-b5b0-005056013b0c, archive=false, dateOutputArchive=0001-01-01T00:00:00Z}, {guid=86637223-36d2-11ee-b5b0-005056013b0c, code=9, name=Швеллеры, parent=806b25a2-36d2-11ee-b5b0-005056013b0c, archive=false, dateOutputArchive=0001-01-01T00:00:00Z}, {guid=8663727f-36d2-11ee-b5b0-005056013b0c, code=9, name=Прокат черных металлов, parent=86637223-36d2-11ee-b5b0-005056013b0c, archive=false, dateOutputArchive=0001-01-01T00:00:00Z}, {guid=866372db-36d2-11ee-b5b0-005056013b0c, code=25, name=Швеллеры, parent=8663727f-36d2-11ee-b5b0-005056013b0c, archive=false, dateOutputArchive=0001-01-01T00:00:00Z}, {guid=86637337-36d2-11ee-b5b0-005056013b0c, code=1, name=Швеллеры стальные горячекатаные ГОСТ 8240-97, parent=866372db-36d2-11ee-b5b0-005056013b0c, archive=false, dateOutputArchive=0001-01-01T00:00:00Z}, {guid=866373bb-36d2-11ee-b5b0-005056013b0c, code=2, name=Двутавры стальные горячекатанные ГОСТ 8239-89, parent=866372db-36d2-11ee-b5b0-005056013b0c, archive=false, dateOutputArchive=0001-01-01T00:00:00Z}, {guid=8663743d-36d2-11ee-b5b0-005056013b0c, code=3, name=Швеллеры стальные гнутые равнополочные ГОСТ 8278-83, parent=866372db-36d2-11ee-b5b0-005056013b0c, archive=false, dateOutputArchive=0001-01-01T00:00:00Z}, {guid=866374e5-36d2-11ee-b5b0-005056013b0c, code=4, name=Швеллеры стальные гнутые неравнополочные ГОСТ 8281-80, parent=866372db-36d2-11ee-b5b0-005056013b0c, archive=false, dateOutputArchive=0001-01-01T00:00:00Z}, {guid=8663758c-36d2-11ee-b5b0-005056013b0c, code=5, name=Балки двутавровые и швеллеры стальные специальные ГОСТ 19425-74, parent=866372db-36d2-11ee-b5b0-005056013b0c, archive=false, dateOutputArchive=0001-01-01T00:00:00Z}, {guid=8663766a-36d2-11ee-b5b0-005056013b0c, code=12, name=Метизы, parent=8663760e-36d2-11ee-b5b0-005056013b0c, archive=false, dateOutputArchive=0001-01-01T00:00:00Z}, {guid=866376c6-36d2-11ee-b5b0-005056013b0c, code=50, name=Канаты, parent=8663766a-36d2-11ee-b5b0-005056013b0c, archive=false, dateOutputArchive=0001-01-01T00:00:00Z}, {guid=86637747-36d2-11ee-b5b0-005056013b0c, code=1, name=Канат одинарной свивки ТК конструкции 1х19(1+6+12) ГОСТ 3063-80, parent=866376c6-36d2-11ee-b5b0-005056013b0c, archive=false, dateOutputArchive=0001-01-01T00:00:00Z}, {guid=866377a4-36d2-11ee-b5b0-005056013b0c, code=2, name=Канат двойной свивки типа конструкции 6х37(1+6+12+18)+1 о.с. ГОСТ 3071-88, parent=866376c6-36d2-11ee-b5b0-005056013b0c, archive=false, dateOutputArchive=0001-01-01T00:00:00Z}, {guid=86637801-36d2-11ee-b5b0-005056013b0c, code=3, name=Канат двойной свивки типа ЛК-РО конструкции 6х36(1+7+7/7+14)+7х7(1+6) ГОСТ 7669-80, parent=866376c6-36d2-11ee-b5b0-005056013b0c, archive=false, dateOutputArchive=0001-01-01T00:00:00Z}, {guid=8663785e-36d2-11ee-b5b0-005056013b0c, code=4, name=Канат двойной свивки типа ЛК-РО конструкции 6х36(1+7+7/7+14)+ 1 о.с. ГОСТ 7668-80, parent=866376c6-36d2-11ee-b5b0-005056013b0c, archive=false, dateOutputArchive=0001-01-01T00:00:00Z}, {guid=866378bb-36d2-11ee-b5b0-005056013b0c, code=5, name=Канаты стальные авиационные ГОСТ 3241-80, parent=866376c6-36d2-11ee-b5b0-005056013b0c, archive=false, dateOutputArchive=0001-01-01T00:00:00Z}, {guid=86637918-36d2-11ee-b5b0-005056013b0c, code=6, name=Канат стальной ТУ 14-4-412-73, parent=866376c6-36d2-11ee-b5b0-005056013b0c, archive=false, dateOutputArchive=0001-01-01T00:00:00Z}, {guid=86637975-36d2-11ee-b5b0-005056013b0c, code=7, name=Канат стальной двойной свивки типа ТК конструкции 6х19(1+6+12)+1о.с. ГОСТ 3070-80, parent=866376c6-36d2-11ee-b5b0-005056013b0c, archive=false, dateOutputArchive=0001-01-01T00:00:00Z}, {guid=866379d2-36d2-11ee-b5b0-005056013b0c, code=8, name=Канат стальной двойной свивки типа ТК конструкции 6х19(1+6+12)+1х19(1+6+12) ГОСТ 3067-88, parent=866376c6-36d2-11ee-b5b0-005056013b0c, archive=false, dateOutputArchive=0001-01-01T00:00:00Z}, {guid=86637a2f-36d2-11ee-b5b0-005056013b0c, code=9, name=Канат двойной свивки типа ЛК-О конструкции 6х7(1+6)+1х7(1+6) ГОСТ 3066-80, parent=866376c6-36d2-11ee-b5b0-005056013b0c, archive=false, dateOutputArchive=0001-01-01T00:00:00Z}, {guid=86637ae9-36d2-11ee-b5b0-005056013b0c, code=11, name=Канат двойной свивки типа ЛК-Р конструкции 6х19(1+6+6/6)+1о.с. ГОСТ2688-80, parent=866376c6-36d2-11ee-b5b0-005056013b0c, archive=false, dateOutputArchive=0001-01-01T00:00:00Z}, {guid=86637b46-36d2-11ee-b5b0-005056013b0c, code=12, name=Канат двойной свивки типа ЛК-О конструкции 6х19(1+9+9)+1о.с.ГОСТ3077-80, parent=866376c6-36d2-11ee-b5b0-005056013b0c, archive=false, dateOutputArchive=0001-01-01T00:00:00Z}, {guid=8acaf7ed-36d2-11ee-b5b0-005056013b0c, code=13, name=Канат двойной свивки типа ЛК-3 конструкции 6х25 (1+6; 6+12)+1о.с ГОСТ 7665-80, parent=866376c6-36d2-11ee-b5b0-005056013b0c, archive=false, dateOutputArchive=0001-01-01T00:00:00Z}, {guid=8acaf84a-36d2-11ee-b5b0-005056013b0c, code=14, name=Канат одинарной свивки типа ЛК-О конструкции 1х7(1+6) ГОСТ 3062-80, parent=866376c6-36d2-11ee-b5b0-005056013b0c, archive=false, dateOutputArchive=0001-01-01T00:00:00Z}, {guid=8acaf8a7-36d2-11ee-b5b0-005056013b0c, code=15, name=Канат двойной свивки типа ТЛК-О конструкции 6х37(1+6+15+15)+1 о.с. ГОСТ 3079-80, parent=866376c6-36d2-11ee-b5b0-005056013b0c, archive=false, dateOutputArchive=0001-01-01T00:00:00Z}, {guid=8acaf904-36d2-11ee-b5b0-005056013b0c, code=16, name=Канат двойной свивки типа ЛК-Р конструкции 6х19(1+6+6/6)+7х7(1+6) ГОСТ 14954-80, parent=866376c6-36d2-11ee-b5b0-005056013b0c, archive=false, dateOutputArchive=0001-01-01T00:00:00Z}, {guid=8acaf961-36d2-11ee-b5b0-005056013b0c, code=99, name=Канаты, временно используемые в производстве (доработка складских остатков), parent=8663760e-36d2-11ee-b5b0-005056013b0c, archive=false, dateOutputArchive=0001-01-01T00:00:00Z}, {guid=8acaf999-36d2-11ee-b5b0-005056013b0c, code=11, name=Проволока, parent=806b25a2-36d2-11ee-b5b0-005056013b0c, archive=false, dateOutputArchive=0001-01-01T00:00:00Z}, {guid=8acaf9f5-36d2-11ee-b5b0-005056013b0c, code=12, name=Метизы, parent=8acaf999-36d2-11ee-b5b0-005056013b0c, archive=false, dateOutputArchive=0001-01-01T00:00:00Z}, {guid=8acafa51-36d2-11ee-b5b0-005056013b0c, code=10, name=Проволока обыкновенного качества, parent=8acaf9f5-36d2-11ee-b5b0-005056013b0c, archive=false, dateOutputArchive=0001-01-01T00:00:00Z}, {guid=8acafad2-36d2-11ee-b5b0-005056013b0c, code=1, name=Проволока низкоуглеродистая качественная ГОСТ 792-67, parent=8acafa51-36d2-11ee-b5b0-005056013b0c, archive=false, dateOutputArchive=0001-01-01T00:00:00Z}, {guid=8acafb2f-36d2-11ee-b5b0-005056013b0c, code=2, name=Проволока стальная низкоуглеродистая общего назначения ГОСТ 3282-74, parent=8acafa51-36d2-11ee-b5b0-005056013b0c, archive=false, dateOutputArchive=0001-01-01T00:00:00Z}, {guid=8acafb8c-36d2-11ee-b5b0-005056013b0c, code=20, name=Проволока из углеродистых и легированных марок сталей, parent=8acaf9f5-36d2-11ee-b5b0-005056013b0c, archive=false, dateOutputArchive=0001-01-01T00:00:00Z}, {guid=8acafc45-36d2-11ee-b5b0-005056013b0c, code=2, name=Проволока стальная углеродистая пружинная ГОСТ 9389-75, parent=8acafb8c-36d2-11ee-b5b0-005056013b0c, archive=false, dateOutputArchive=0001-01-01T00:00:00Z}, {guid=8acafca2-36d2-11ee-b5b0-005056013b0c, code=3, name=Проволока стальная легированная пружинная ГОСТ 14963-78, parent=8acafb8c-36d2-11ee-b5b0-005056013b0c, archive=false, dateOutputArchive=0001-01-01T00:00:00Z}, {guid=8acafcff-36d2-11ee-b5b0-005056013b0c, code=4, name=Проволока стальная для пружинных шайб ГОСТ 11850-72, parent=8acafb8c-36d2-11ee-b5b0-005056013b0c, archive=false, dateOutputArchive=0001-01-01T00:00:00Z}, {guid=86637a8c-36d2-11ee-b5b0-005056013b0c, code=10, name=Канат двойной свивки многопрядный типа ЛК-Р конструкции 18х19(1+6+6/6)+1о.с. ГОСТ 3088-80, parent=866376c6-36d2-11ee-b5b0-005056013b0c, archive=false, dateOutputArchive=0001-01-01T00:00:00Z}, {guid=8acafbe8-36d2-11ee-b5b0-005056013b0c, code=1, name=Проволока из углеродистой конструкционной стали ГОСТ 17305-91, parent=8acafb8c-36d2-11ee-b5b0-005056013b0c, archive=false, dateOutputArchive=0001-01-01T00:00:00Z}, {guid=8acafd6f-36d2-11ee-b5b0-005056013b0c, code=5, name=Проволока стальная углеродистая для холодной высадки и выдавливания, parent=8acafb8c-36d2-11ee-b5b0-005056013b0c, archive=false, dateOutputArchive=0001-01-01T00:00:00Z}, {guid=8acafdcc-36d2-11ee-b5b0-005056013b0c, code=22, name=Проволока из нержавеющей стали, parent=8acaf9f5-36d2-11ee-b5b0-005056013b0c, archive=false, dateOutputArchive=0001-01-01T00:00:00Z}]
" type="java.lang.AssertionError">
      <![CDATA[java.lang.AssertionError: 1 expectation failed.
Response body doesn't match expectation.
Expected: The content to match the given JSON schema.
error: instance type (integer) does not match any allowed primitive type (allowed: ["string"])
    level: "error"
    schema: {"loadingURI":"file:/C:/Users/Sasha/Api/target/test-classes/getEopList.json#","pointer":"/items/properties/code"}
    instance: {"pointer":"/0/code"}
    domain: "validation"
    keyword: "type"
    found: "integer"
    expected: ["string"]

  Actual: [{guid=806b27a5-36d2-11ee-b5b0-005056013b0c, code=1, name=Прокат толстолистовой горячекатаный из стали повышенной прочности ГОСТ 19903-74, parent=806b26da-36d2-11ee-b5b0-005056013b0c, archive=false, dateOutputArchive=0001-01-01T00:00:00Z}, {guid=806b284d-36d2-11ee-b5b0-005056013b0c, code=2, name=Листы просечно-вытяжные, parent=806b26da-36d2-11ee-b5b0-005056013b0c, archive=false, dateOutputArchive=0001-01-01T00:00:00Z}, {guid=806b28f5-36d2-11ee-b5b0-005056013b0c, code=3, name=Прокат листовой горячекатаный из высококачественной стали повышенной прочности (Швеция), parent=806b26da-36d2-11ee-b5b0-005056013b0c, archive=false, dateOutputArchive=0001-01-01T00:00:00Z}, {guid=806b2977-36d2-11ee-b5b0-005056013b0c, code=72, name=Листы стальные с ромбическим и чечевичным рифлением, parent=806b267e-36d2-11ee-b5b0-005056013b0c, archive=false, dateOutputArchive=0001-01-01T00:00:00Z}, {guid=806b2a42-36d2-11ee-b5b0-005056013b0c, code=1, name=Листы стальные с ромбическим и чечевичным рифлением ГОСТ 8568-77, parent=806b2977-36d2-11ee-b5b0-005056013b0c, archive=false, dateOutputArchive=0001-01-01T00:00:00Z}, {guid=806b2ae9-36d2-11ee-b5b0-005056013b0c, code=81, name=Прокат листовой горячекатаный, parent=806b267e-36d2-11ee-b5b0-005056013b0c, archive=false, dateOutputArchive=0001-01-01T00:00:00Z}, {guid=806b2bb4-36d2-11ee-b5b0-005056013b0c, code=1, name=Прокат листовой горячекатаный из легированной конструкционной стали общего назначения ГОСТ 19903-74, parent=806b2ae9-36d2-11ee-b5b0-005056013b0c, archive=false, dateOutputArchive=0001-01-01T00:00:00Z}, {guid=806b2c5b-36d2-11ee-b5b0-005056013b0c, code=2, name=Прокат листовой горячекатаный из стали углеродистой обыкновенного качества ГОСТ 19903-74, parent=806b2ae9-36d2-11ee-b5b0-005056013b0c, archive=false, dateOutputArchive=0001-01-01T00:00:00Z}, {guid=806b2d02-36d2-11ee-b5b0-005056013b0c, code=3, name=Прокат листовой горячекатаный из конструкционной качественной стали ГОСТ 19903-74, parent=806b2ae9-36d2-11ee-b5b0-005056013b0c, archive=false, dateOutputArchive=0001-01-01T00:00:00Z}, {guid=806b2da9-36d2-11ee-b5b0-005056013b0c, code=4, name=Прокат толстолистовой горячекатаный из легированной стали ГОСТ 19903-74, parent=806b2ae9-36d2-11ee-b5b0-005056013b0c, archive=false, dateOutputArchive=0001-01-01T00:00:00Z}, {guid=806b2e50-36d2-11ee-b5b0-005056013b0c, code=5, name=Прокат толстолистовой горячекатаный из легированной стали, parent=806b2ae9-36d2-11ee-b5b0-005056013b0c, archive=false, dateOutputArchive=0001-01-01T00:00:00Z}, {guid=806b2ef7-36d2-11ee-b5b0-005056013b0c, code=6, name=Прокат горячекатанный ТУ 1-9-1021-84, parent=806b2ae9-36d2-11ee-b5b0-005056013b0c, archive=false, dateOutputArchive=0001-01-01T00:00:00Z}, {guid=806b2f9e-36d2-11ee-b5b0-005056013b0c, code=7, name=Листы спецстали АК, parent=806b2ae9-36d2-11ee-b5b0-005056013b0c, archive=false, dateOutputArchive=0001-01-01T00:00:00Z}, {guid=806b3045-36d2-11ee-b5b0-005056013b0c, code=86, name=Прокат толстолистовой горячекатаный коррозионно-стойкий, жаростойкий и жаропрочный, parent=806b267e-36d2-11ee-b5b0-005056013b0c, archive=false, dateOutputArchive=0001-01-01T00:00:00Z}, {guid=806b3110-36d2-11ee-b5b0-005056013b0c, code=1, name=Прокат листовой горячекатаный коррозионно-стойкий, жаростойкий и жаропрочный ГОСТ 19903-74, parent=806b3045-36d2-11ee-b5b0-005056013b0c, archive=false, dateOutputArchive=0001-01-01T00:00:00Z}, {guid=806b2622-36d2-11ee-b5b0-005056013b0c, code=1, name=Листы, parent=806b25a2-36d2-11ee-b5b0-005056013b0c, archive=false, dateOutputArchive=0001-01-01T00:00:00Z}, {guid=806b267e-36d2-11ee-b5b0-005056013b0c, code=9, name=Прокат черных металлов, parent=806b2622-36d2-11ee-b5b0-005056013b0c, archive=false, dateOutputArchive=0001-01-01T00:00:00Z}, {guid=806b25a2-36d2-11ee-b5b0-005056013b0c, code=1, name=Металлы черные, parent=00000000-0000-0000-0000-000000000000, archive=false, dateOutputArchive=0001-01-01T00:00:00Z}, {guid=806b31b7-36d2-11ee-b5b0-005056013b0c, code=89, name=Листы спецстали, parent=806b267e-36d2-11ee-b5b0-005056013b0c, archive=false, dateOutputArchive=0001-01-01T00:00:00Z}, {guid=806b3282-36d2-11ee-b5b0-005056013b0c, code=1, name=Листы спецстали, parent=806b31b7-36d2-11ee-b5b0-005056013b0c, archive=false, dateOutputArchive=0001-01-01T00:00:00Z}, {guid=806b3329-36d2-11ee-b5b0-005056013b0c, code=91, name=Прокат тонколистовой холоднокатаный, parent=806b267e-36d2-11ee-b5b0-005056013b0c, archive=false, dateOutputArchive=0001-01-01T00:00:00Z}, {guid=806b3385-36d2-11ee-b5b0-005056013b0c, code=1, name=Прокат тонколистовой холоднокатаный из углеродистой стали качественной и обыкновенного качества общего назначения ГОСТ 19904-90, parent=806b3329-36d2-11ee-b5b0-005056013b0c, archive=false, dateOutputArchive=0001-01-01T00:00:00Z}, {guid=806b342c-36d2-11ee-b5b0-005056013b0c, code=2, name=Прокат тонколистовой холоднокатаный из низкоуглеродистой качественной стали для холодной штамповки ГОСТ 19904-90, parent=806b3329-36d2-11ee-b5b0-005056013b0c, archive=false, dateOutputArchive=0001-01-01T00:00:00Z}, {guid=806b34d3-36d2-11ee-b5b0-005056013b0c, code=3, name=Прокат листовой холоднокатаный из легированной конструкционной стали общего назначения ГОСТ 19904-90, parent=806b3329-36d2-11ee-b5b0-005056013b0c, archive=false, dateOutputArchive=0001-01-01T00:00:00Z}, {guid=806b357a-36d2-11ee-b5b0-005056013b0c, code=4, name=Листы перфорированные «ПЕРФОКОМ», parent=806b3329-36d2-11ee-b5b0-005056013b0c, archive=false, dateOutputArchive=0001-01-01T00:00:00Z}, {guid=806b3623-36d2-11ee-b5b0-005056013b0c, code=5, name=Листы перфорированные, parent=806b3329-36d2-11ee-b5b0-005056013b0c, archive=false, dateOutputArchive=0001-01-01T00:00:00Z}, {guid=806b36cb-36d2-11ee-b5b0-005056013b0c, code=93, name=Прокат тонколистовой из коррозионно-стойкой, жаростойкой и жаропрочной стали, parent=806b267e-36d2-11ee-b5b0-005056013b0c, archive=false, dateOutputArchive=0001-01-01T00:00:00Z}, {guid=806b3796-36d2-11ee-b5b0-005056013b0c, code=1, name=Прокат тонколистовой из коррозионно-стойкой, жаростойкой и жаропрочной стали ГОСТ 19904-90, parent=806b36cb-36d2-11ee-b5b0-005056013b0c, archive=false, dateOutputArchive=0001-01-01T00:00:00Z}, {guid=806b383d-36d2-11ee-b5b0-005056013b0c, code=11, name=Изделия дальнейшего передела, parent=806b2622-36d2-11ee-b5b0-005056013b0c, archive=false, dateOutputArchive=0001-01-01T00:00:00Z}, {guid=806b3908-36d2-11ee-b5b0-005056013b0c, code=11, name=Прокат холоднокатаный из тонколистовой оцинкованной стали, parent=806b383d-36d2-11ee-b5b0-005056013b0c, archive=false, dateOutputArchive=0001-01-01T00:00:00Z}, {guid=806b39d3-36d2-11ee-b5b0-005056013b0c, code=1, name=Прокат холоднокатаный из тонколистовой оцинкованной стали ГОСТ 19904-90, parent=806b3908-36d2-11ee-b5b0-005056013b0c, archive=false, dateOutputArchive=0001-01-01T00:00:00Z}, {guid=806b3a7a-36d2-11ee-b5b0-005056013b0c, code=15, name=Жесть, parent=806b383d-36d2-11ee-b5b0-005056013b0c, archive=false, dateOutputArchive=0001-01-01T00:00:00Z}, {guid=806b3b45-36d2-11ee-b5b0-005056013b0c, code=1, name=Жесть белая, parent=806b3a7a-36d2-11ee-b5b0-005056013b0c, archive=false, dateOutputArchive=0001-01-01T00:00:00Z}, {guid=806b3bec-36d2-11ee-b5b0-005056013b0c, code=99, name=Листы, временно используемые в производстве (доработка складских остатков), parent=806b2622-36d2-11ee-b5b0-005056013b0c, archive=false, dateOutputArchive=0001-01-01T00:00:00Z}, {guid=806b3ca6-36d2-11ee-b5b0-005056013b0c, code=9, name=Прокат черных металлов, parent=806b3c24-36d2-11ee-b5b0-005056013b0c, archive=false, dateOutputArchive=0001-01-01T00:00:00Z}, {guid=806b3d27-36d2-11ee-b5b0-005056013b0c, code=50, name=Прокат стальной горячекатаный, parent=806b3ca6-36d2-11ee-b5b0-005056013b0c, archive=false, dateOutputArchive=0001-01-01T00:00:00Z}, {guid=806b3da8-36d2-11ee-b5b0-005056013b0c, code=1, name=Прокат сортовой стальной горячекатаный квадратный ГОСТ 2591-2006, parent=806b3d27-36d2-11ee-b5b0-005056013b0c, archive=false, dateOutputArchive=0001-01-01T00:00:00Z}, {guid=806b3c24-36d2-11ee-b5b0-005056013b0c, code=2, name=Квадраты, parent=806b25a2-36d2-11ee-b5b0-005056013b0c, archive=false, dateOutputArchive=0001-01-01T00:00:00Z}, {guid=806b3e05-36d2-11ee-b5b0-005056013b0c, code=11, name=Изделия дальнейшего передела, parent=806b3c24-36d2-11ee-b5b0-005056013b0c, archive=false, dateOutputArchive=0001-01-01T00:00:00Z}, {guid=806b3e86-36d2-11ee-b5b0-005056013b0c, code=40, name=Прокат калиброванный, parent=806b3e05-36d2-11ee-b5b0-005056013b0c, archive=false, dateOutputArchive=0001-01-01T00:00:00Z}, {guid=806b3f07-36d2-11ee-b5b0-005056013b0c, code=1, name=Прокат калиброванный квадратный ГОСТ 8559-75, parent=806b3e86-36d2-11ee-b5b0-005056013b0c, archive=false, dateOutputArchive=0001-01-01T00:00:00Z}, {guid=806b3f64-36d2-11ee-b5b0-005056013b0c, code=99, name=Квадраты, временно используемые в производстве (доработка складских остатков), parent=806b3c24-36d2-11ee-b5b0-005056013b0c, archive=false, dateOutputArchive=0001-01-01T00:00:00Z}, {guid=806b3fc1-36d2-11ee-b5b0-005056013b0c, code=3, name=Шестигранники, parent=806b25a2-36d2-11ee-b5b0-005056013b0c, archive=false, dateOutputArchive=0001-01-01T00:00:00Z}, {guid=806b4043-36d2-11ee-b5b0-005056013b0c, code=9, name=Прокат черных металлов, parent=806b3fc1-36d2-11ee-b5b0-005056013b0c, archive=false, dateOutputArchive=0001-01-01T00:00:00Z}, {guid=806b40c4-36d2-11ee-b5b0-005056013b0c, code=50, name=Прокат стальной горячекатаный, parent=806b4043-36d2-11ee-b5b0-005056013b0c, archive=false, dateOutputArchive=0001-01-01T00:00:00Z}, {guid=806b4145-36d2-11ee-b5b0-005056013b0c, code=1, name=Прокат сортовой стальной горячекатаный шестигранный ГОСТ 2879-2006, parent=806b40c4-36d2-11ee-b5b0-005056013b0c, archive=false, dateOutputArchive=0001-01-01T00:00:00Z}, {guid=806b41a2-36d2-11ee-b5b0-005056013b0c, code=11, name=Изделия дальнейшего передела, parent=806b3fc1-36d2-11ee-b5b0-005056013b0c, archive=false, dateOutputArchive=0001-01-01T00:00:00Z}, {guid=806b4223-36d2-11ee-b5b0-005056013b0c, code=40, name=Прокат калиброванный, parent=806b41a2-36d2-11ee-b5b0-005056013b0c, archive=false, dateOutputArchive=0001-01-01T00:00:00Z}, {guid=806b42a4-36d2-11ee-b5b0-005056013b0c, code=1, name=Прокат калиброванный шестигранный ГОСТ 8560-78, parent=806b4223-36d2-11ee-b5b0-005056013b0c, archive=false, dateOutputArchive=0001-01-01T00:00:00Z}, {guid=806b4301-36d2-11ee-b5b0-005056013b0c, code=99, name=Шестигранники, временно используемые в производстве (доработка складских остатков), parent=806b3fc1-36d2-11ee-b5b0-005056013b0c, archive=false, dateOutputArchive=0001-01-01T00:00:00Z}, {guid=806b435e-36d2-11ee-b5b0-005056013b0c, code=4, name=Круги, parent=806b25a2-36d2-11ee-b5b0-005056013b0c, archive=false, dateOutputArchive=0001-01-01T00:00:00Z}, {guid=806b43ba-36d2-11ee-b5b0-005056013b0c, code=9, name=Прокат черных металлов, parent=806b435e-36d2-11ee-b5b0-005056013b0c, archive=false, dateOutputArchive=0001-01-01T00:00:00Z}, {guid=806b443c-36d2-11ee-b5b0-005056013b0c, code=30, name=Прокат стальной горячекатаный низколегированный, parent=806b43ba-36d2-11ee-b5b0-005056013b0c, archive=false, dateOutputArchive=0001-01-01T00:00:00Z}, {guid=806b44bd-36d2-11ee-b5b0-005056013b0c, code=1, name=Прокат сортовой стальной горячекатаный конструкционный низколегированный ГОСТ 2590-2006, parent=806b443c-36d2-11ee-b5b0-005056013b0c, archive=false, dateOutputArchive=0001-01-01T00:00:00Z}, {guid=806b451a-36d2-11ee-b5b0-005056013b0c, code=34, name=Прокат горячекатаный круглый обыкновенного качества, parent=806b43ba-36d2-11ee-b5b0-005056013b0c, archive=false, dateOutputArchive=0001-01-01T00:00:00Z}, {guid=806b459b-36d2-11ee-b5b0-005056013b0c, code=1, name=Прокат сортовой стальной горячекатаный круглый обыкновенного качества ГОСТ 2590-2006, parent=806b451a-36d2-11ee-b5b0-005056013b0c, archive=false, dateOutputArchive=0001-01-01T00:00:00Z}, {guid=806b45f8-36d2-11ee-b5b0-005056013b0c, code=50, name=Прокат стальной горячекатаный, parent=806b43ba-36d2-11ee-b5b0-005056013b0c, archive=false, dateOutputArchive=0001-01-01T00:00:00Z}, {guid=806b4679-36d2-11ee-b5b0-005056013b0c, code=1, name=Прокат сортовой стальной горячекатаный конструкционный углеродистый ГОСТ 2590-2006, parent=806b45f8-36d2-11ee-b5b0-005056013b0c, archive=false, dateOutputArchive=0001-01-01T00:00:00Z}, {guid=806b46d6-36d2-11ee-b5b0-005056013b0c, code=2, name=Прокат сортовой стальной горячекатаный конструкционный легированный ГОСТ 2590-2006, parent=806b45f8-36d2-11ee-b5b0-005056013b0c, archive=false, dateOutputArchive=0001-01-01T00:00:00Z}, {guid=806b4733-36d2-11ee-b5b0-005056013b0c, code=3, name=Прокат сортовой стальной горячекатаный конструкционной по ТУ 14-1-4566-89, parent=806b45f8-36d2-11ee-b5b0-005056013b0c, archive=false, dateOutputArchive=0001-01-01T00:00:00Z}, {guid=806b4790-36d2-11ee-b5b0-005056013b0c, code=4, name=Прокат круглый из рессорно-пружинной углеродистой и легированной стали ГОСТ 2590-2006, parent=806b45f8-36d2-11ee-b5b0-005056013b0c, archive=false, dateOutputArchive=0001-01-01T00:00:00Z}, {guid=806b47ed-36d2-11ee-b5b0-005056013b0c, code=51, name=Прокат для холодного выдавливания и высадки, parent=806b43ba-36d2-11ee-b5b0-005056013b0c, archive=false, dateOutputArchive=0001-01-01T00:00:00Z}, {guid=806b486e-36d2-11ee-b5b0-005056013b0c, code=1, name=Прокат качественный конструкционный углеродистый и легированный для холодного выдавливания и высадки ГОСТ 10702-78, parent=806b47ed-36d2-11ee-b5b0-005056013b0c, archive=false, dateOutputArchive=0001-01-01T00:00:00Z}, {guid=806b48cb-36d2-11ee-b5b0-005056013b0c, code=56, name=Прокат горячекатаный сортовой конструкционный подшипниковый, parent=806b43ba-36d2-11ee-b5b0-005056013b0c, archive=false, dateOutputArchive=0001-01-01T00:00:00Z}, {guid=806b494c-36d2-11ee-b5b0-005056013b0c, code=1, name=Прокат сортовой стальной горячекатаный конструкционный подшипниковый ГОСТ 2590-2006, parent=806b48cb-36d2-11ee-b5b0-005056013b0c, archive=false, dateOutputArchive=0001-01-01T00:00:00Z}, {guid=806b49a9-36d2-11ee-b5b0-005056013b0c, code=58, name=Прокат горячекатаный сортовой конструкционный никельсодержащий, parent=806b43ba-36d2-11ee-b5b0-005056013b0c, archive=false, dateOutputArchive=0001-01-01T00:00:00Z}, {guid=806b4a2a-36d2-11ee-b5b0-005056013b0c, code=1, name=Прокат сортовой стальной горячекатаный конструкционный по ТУ 14-1-1725-76, parent=806b49a9-36d2-11ee-b5b0-005056013b0c, archive=false, dateOutputArchive=0001-01-01T00:00:00Z}, {guid=806b4a87-36d2-11ee-b5b0-005056013b0c, code=61, name=Прокат горячекатаный сортовой инструментальный, parent=806b43ba-36d2-11ee-b5b0-005056013b0c, archive=false, dateOutputArchive=0001-01-01T00:00:00Z}, {guid=806b4b08-36d2-11ee-b5b0-005056013b0c, code=1, name=Прокат сортовой стальной горячекатаный инструментальный нелегированный ГОСТ 2590-2006, parent=806b4a87-36d2-11ee-b5b0-005056013b0c, archive=false, dateOutputArchive=0001-01-01T00:00:00Z}, {guid=806b4b65-36d2-11ee-b5b0-005056013b0c, code=63, name=Прокат горячекатаный сортовой конструкционный коррозионно-стойкий, жаропрочный, parent=806b43ba-36d2-11ee-b5b0-005056013b0c, archive=false, dateOutputArchive=0001-01-01T00:00:00Z}, {guid=806b4be6-36d2-11ee-b5b0-005056013b0c, code=1, name=Прокат сортовой стальной горячекатаный конструкционный коррозионностойкий, жаропрочный ГОСТ 2590-2006, parent=806b4b65-36d2-11ee-b5b0-005056013b0c, archive=false, dateOutputArchive=0001-01-01T00:00:00Z}, {guid=84f01c49-36d2-11ee-b5b0-005056013b0c, code=13, name=Трубы стальные, parent=84f01bed-36d2-11ee-b5b0-005056013b0c, archive=false, dateOutputArchive=0001-01-01T00:00:00Z}, {guid=806b4c43-36d2-11ee-b5b0-005056013b0c, code=66, name=Прокат сортовой из прецизионных сплавов с высоким электрическим сопротивлением, parent=806b43ba-36d2-11ee-b5b0-005056013b0c, archive=false, dateOutputArchive=0001-01-01T00:00:00Z}, {guid=84f014af-36d2-11ee-b5b0-005056013b0c, code=1, name=Прокат сортовой из прецизионных сплавов с высоким электрическим сопротивлением ГОСТ 12766.4-90, parent=806b4c43-36d2-11ee-b5b0-005056013b0c, archive=false, dateOutputArchive=0001-01-01T00:00:00Z}, {guid=84f0150c-36d2-11ee-b5b0-005056013b0c, code=70, name=Поковки, parent=806b43ba-36d2-11ee-b5b0-005056013b0c, archive=false, dateOutputArchive=0001-01-01T00:00:00Z}, {guid=84f0158d-36d2-11ee-b5b0-005056013b0c, code=1, name=Поковки, parent=84f0150c-36d2-11ee-b5b0-005056013b0c, archive=false, dateOutputArchive=0001-01-01T00:00:00Z}, {guid=84f015ea-36d2-11ee-b5b0-005056013b0c, code=11, name=Изделия дальнейшего передела, parent=806b435e-36d2-11ee-b5b0-005056013b0c, archive=false, dateOutputArchive=0001-01-01T00:00:00Z}, {guid=84f01646-36d2-11ee-b5b0-005056013b0c, code=40, name=Прокат калиброванный круглый, parent=84f015ea-36d2-11ee-b5b0-005056013b0c, archive=false, dateOutputArchive=0001-01-01T00:00:00Z}, {guid=84f016c7-36d2-11ee-b5b0-005056013b0c, code=1, name=Прокат калиброванный круглый углеродистый ГОСТ 7417-75, parent=84f01646-36d2-11ee-b5b0-005056013b0c, archive=false, dateOutputArchive=0001-01-01T00:00:00Z}, {guid=84f01724-36d2-11ee-b5b0-005056013b0c, code=2, name=Прокат калиброванный круглый легированный ГОСТ 7417-75, parent=84f01646-36d2-11ee-b5b0-005056013b0c, archive=false, dateOutputArchive=0001-01-01T00:00:00Z}, {guid=84f01781-36d2-11ee-b5b0-005056013b0c, code=3, name=Прокат калиброванный круглый коррозионно-стойкий, жаропрочный ГОСТ 7417-75, parent=84f01646-36d2-11ee-b5b0-005056013b0c, archive=false, dateOutputArchive=0001-01-01T00:00:00Z}, {guid=84f017de-36d2-11ee-b5b0-005056013b0c, code=4, name=Прокат калиброванный круглый из рессорно-пружинной углеродистой и легированной стали ГОСТ 7417-75, parent=84f01646-36d2-11ee-b5b0-005056013b0c, archive=false, dateOutputArchive=0001-01-01T00:00:00Z}, {guid=84f0183b-36d2-11ee-b5b0-005056013b0c, code=5, name=Сталь качественная круглая со специальной отделкой поверхности ГОСТ 14955-77, parent=84f01646-36d2-11ee-b5b0-005056013b0c, archive=false, dateOutputArchive=0001-01-01T00:00:00Z}, {guid=84f01898-36d2-11ee-b5b0-005056013b0c, code=6, name=Прокат калиброванный для холодной высадки, parent=84f01646-36d2-11ee-b5b0-005056013b0c, archive=false, dateOutputArchive=0001-01-01T00:00:00Z}, {guid=84f018f5-36d2-11ee-b5b0-005056013b0c, code=7, name=Шток хромированный, parent=84f01646-36d2-11ee-b5b0-005056013b0c, archive=false, dateOutputArchive=0001-01-01T00:00:00Z}, {guid=84f01952-36d2-11ee-b5b0-005056013b0c, code=8, name=Прокат сортовой холоднотянутый подшипниковый ГОСТ 7417-75, parent=84f01646-36d2-11ee-b5b0-005056013b0c, archive=false, dateOutputArchive=0001-01-01T00:00:00Z}, {guid=84f019af-36d2-11ee-b5b0-005056013b0c, code=50, name=Прокат термически обработанный шлифованный, parent=84f015ea-36d2-11ee-b5b0-005056013b0c, archive=false, dateOutputArchive=0001-01-01T00:00:00Z}, {guid=84f01a30-36d2-11ee-b5b0-005056013b0c, code=1, name=Прутки нагартованные, термически обработанные шлифованные из высоколегированной и коррозионностойкой стали ГОСТ 18907-73, parent=84f019af-36d2-11ee-b5b0-005056013b0c, archive=false, dateOutputArchive=0001-01-01T00:00:00Z}, {guid=84f01a8d-36d2-11ee-b5b0-005056013b0c, code=60, name=Прокат высокой точности, parent=84f015ea-36d2-11ee-b5b0-005056013b0c, archive=false, dateOutputArchive=0001-01-01T00:00:00Z}, {guid=84f01b33-36d2-11ee-b5b0-005056013b0c, code=1, name=Сталь чистотянутая для шпонок ГОСТ 8787-68, parent=84f01a8d-36d2-11ee-b5b0-005056013b0c, archive=false, dateOutputArchive=0001-01-01T00:00:00Z}, {guid=84f01bb5-36d2-11ee-b5b0-005056013b0c, code=99, name=Круги, временно используемые в производстве (доработка складских остатков), parent=806b435e-36d2-11ee-b5b0-005056013b0c, archive=false, dateOutputArchive=0001-01-01T00:00:00Z}, {guid=84f01bed-36d2-11ee-b5b0-005056013b0c, code=5, name=Трубы, parent=806b25a2-36d2-11ee-b5b0-005056013b0c, archive=false, dateOutputArchive=0001-01-01T00:00:00Z}, {guid=84f01ca5-36d2-11ee-b5b0-005056013b0c, code=14, name=Трубы подшипниковые, parent=84f01c49-36d2-11ee-b5b0-005056013b0c, archive=false, dateOutputArchive=0001-01-01T00:00:00Z}, {guid=84f01d4d-36d2-11ee-b5b0-005056013b0c, code=1, name=Трубы подшипниковые ГОСТ 800-78, parent=84f01ca5-36d2-11ee-b5b0-005056013b0c, archive=false, dateOutputArchive=0001-01-01T00:00:00Z}, {guid=84f01dcf-36d2-11ee-b5b0-005056013b0c, code=19, name=Трубы катаные, parent=84f01c49-36d2-11ee-b5b0-005056013b0c, archive=false, dateOutputArchive=0001-01-01T00:00:00Z}, {guid=84f01e2b-36d2-11ee-b5b0-005056013b0c, code=1, name=Трубы стальные бесшовные горячедеформированные ГОСТ 8732-78, parent=84f01dcf-36d2-11ee-b5b0-005056013b0c, archive=false, dateOutputArchive=0001-01-01T00:00:00Z}, {guid=84f01ead-36d2-11ee-b5b0-005056013b0c, code=2, name=Трубы горячекатаные ТС 257-07, parent=84f01dcf-36d2-11ee-b5b0-005056013b0c, archive=false, dateOutputArchive=0001-01-01T00:00:00Z}, {guid=84f01f30-36d2-11ee-b5b0-005056013b0c, code=3, name=Трубы горячекатаные ТС 77-02, parent=84f01dcf-36d2-11ee-b5b0-005056013b0c, archive=false, dateOutputArchive=0001-01-01T00:00:00Z}, {guid=8c5aea59-36d2-11ee-b5b0-005056013b0c, code=1, name=Профиль ножа, parent=8c5ae9fd-36d2-11ee-b5b0-005056013b0c, archive=false, dateOutputArchive=0001-01-01T00:00:00Z}, {guid=84f01fb2-36d2-11ee-b5b0-005056013b0c, code=4, name=Трубы стальные бесшовные горячекатаные толстостенные из литого слитка ТУ 14-3Р-50-2001, parent=84f01dcf-36d2-11ee-b5b0-005056013b0c, archive=false, dateOutputArchive=0001-01-01T00:00:00Z}, {guid=84f02034-36d2-11ee-b5b0-005056013b0c, code=5, name=Трубы стальные бесшовные горячедеформированные для нефтегазопроводов ТУ 14-3Р-44-2001, parent=84f01dcf-36d2-11ee-b5b0-005056013b0c, archive=false, dateOutputArchive=0001-01-01T00:00:00Z}, {guid=84f020b6-36d2-11ee-b5b0-005056013b0c, code=6, name=Трубы бесшовные горячедеформированные из коррозионностойкой стали ГОСТ 9940-81, parent=84f01dcf-36d2-11ee-b5b0-005056013b0c, archive=false, dateOutputArchive=0001-01-01T00:00:00Z}, {guid=84f02138-36d2-11ee-b5b0-005056013b0c, code=40, name=Трубы тянутые, parent=84f01c49-36d2-11ee-b5b0-005056013b0c, archive=false, dateOutputArchive=0001-01-01T00:00:00Z}, {guid=84f02194-36d2-11ee-b5b0-005056013b0c, code=1, name=Трубы стальные бесшовные холоднодеформированные ГОСТ 8734-75, parent=84f02138-36d2-11ee-b5b0-005056013b0c, archive=false, dateOutputArchive=0001-01-01T00:00:00Z}, {guid=86635496-36d2-11ee-b5b0-005056013b0c, code=2, name=Трубы стальные электросварные прямошовные ГОСТ 10704-91, parent=84f02138-36d2-11ee-b5b0-005056013b0c, archive=false, dateOutputArchive=0001-01-01T00:00:00Z}, {guid=86635518-36d2-11ee-b5b0-005056013b0c, code=3, name=Трубы стальные электросварные холоднодеформированные для карданных валов ГОСТ 5005-82, parent=84f02138-36d2-11ee-b5b0-005056013b0c, archive=false, dateOutputArchive=0001-01-01T00:00:00Z}, {guid=8663559a-36d2-11ee-b5b0-005056013b0c, code=4, name=Трубы холоднодеформированные ТУ 14-3-575-90, ПР890-2002, parent=84f02138-36d2-11ee-b5b0-005056013b0c, archive=false, dateOutputArchive=0001-01-01T00:00:00Z}, {guid=8663561c-36d2-11ee-b5b0-005056013b0c, code=5, name=Трубы стальные бесшовные высокого давления ГОСТ 11017-80, parent=84f02138-36d2-11ee-b5b0-005056013b0c, archive=false, dateOutputArchive=0001-01-01T00:00:00Z}, {guid=8663569e-36d2-11ee-b5b0-005056013b0c, code=6, name=Трубы стальные бесшовные холоднодеформируемые производства фирмы ШТАУФФ, parent=84f02138-36d2-11ee-b5b0-005056013b0c, archive=false, dateOutputArchive=0001-01-01T00:00:00Z}, {guid=86635720-36d2-11ee-b5b0-005056013b0c, code=44, name=Трубы тянутые прецизионные, прямоугольные, квадратные, parent=84f01c49-36d2-11ee-b5b0-005056013b0c, archive=false, dateOutputArchive=0001-01-01T00:00:00Z}, {guid=8663577c-36d2-11ee-b5b0-005056013b0c, code=1, name=Трубы стальные прецизионные ГОСТ 9567-75, parent=86635720-36d2-11ee-b5b0-005056013b0c, archive=false, dateOutputArchive=0001-01-01T00:00:00Z}, {guid=866357fe-36d2-11ee-b5b0-005056013b0c, code=2, name=Трубы стальные прямоугольные ГОСТ 8645-68, parent=86635720-36d2-11ee-b5b0-005056013b0c, archive=false, dateOutputArchive=0001-01-01T00:00:00Z}, {guid=866358a7-36d2-11ee-b5b0-005056013b0c, code=3, name=Трубы стальные квадратные ГОСТ 8639-82, parent=86635720-36d2-11ee-b5b0-005056013b0c, archive=false, dateOutputArchive=0001-01-01T00:00:00Z}, {guid=86636371-36d2-11ee-b5b0-005056013b0c, code=99, name=Полосы, временно используемые в производстве (доработка складских остатков), parent=86635f07-36d2-11ee-b5b0-005056013b0c, archive=false, dateOutputArchive=0001-01-01T00:00:00Z}, {guid=86635929-36d2-11ee-b5b0-005056013b0c, code=4, name=Профили стальные гнутые замкнутые сварные квадратные и прямоугольные для строительных конструкций, parent=86635720-36d2-11ee-b5b0-005056013b0c, archive=false, dateOutputArchive=0001-01-01T00:00:00Z}, {guid=866359d0-36d2-11ee-b5b0-005056013b0c, code=5, name=Трубы стальные электросварные прямоугольного и квадратного сечения ТУ 14-3-462-76, parent=86635720-36d2-11ee-b5b0-005056013b0c, archive=false, dateOutputArchive=0001-01-01T00:00:00Z}, {guid=86635a77-36d2-11ee-b5b0-005056013b0c, code=6, name=Профили стальные гнутые замкнутые сварные квадратные и прямоугольные ГОСТ 25577-83, parent=86635720-36d2-11ee-b5b0-005056013b0c, archive=false, dateOutputArchive=0001-01-01T00:00:00Z}, {guid=86635b1e-36d2-11ee-b5b0-005056013b0c, code=51, name=Трубы тонкостенные углерод, parent=84f01c49-36d2-11ee-b5b0-005056013b0c, archive=false, dateOutputArchive=0001-01-01T00:00:00Z}, {guid=86635bc4-36d2-11ee-b5b0-005056013b0c, code=1, name=Трубы стальные бесшовные холоднодеформированные для судостроения ГОСТ 1060-83, parent=86635b1e-36d2-11ee-b5b0-005056013b0c, archive=false, dateOutputArchive=0001-01-01T00:00:00Z}, {guid=86635c46-36d2-11ee-b5b0-005056013b0c, code=60, name=Трубы тонкостенные нерж, parent=84f01c49-36d2-11ee-b5b0-005056013b0c, archive=false, dateOutputArchive=0001-01-01T00:00:00Z}, {guid=86635cec-36d2-11ee-b5b0-005056013b0c, code=1, name=Трубы бесшовные холодно и теплодеформированные из коррозионной стали ГОСТ 9941-81, parent=86635c46-36d2-11ee-b5b0-005056013b0c, archive=false, dateOutputArchive=0001-01-01T00:00:00Z}, {guid=86635d6e-36d2-11ee-b5b0-005056013b0c, code=2, name=Трубы стальные бесшовные для маслопроводов и топливопроводов ГОСТ 19277-73, parent=86635c46-36d2-11ee-b5b0-005056013b0c, archive=false, dateOutputArchive=0001-01-01T00:00:00Z}, {guid=86635df0-36d2-11ee-b5b0-005056013b0c, code=85, name=Трубы стальные водогазопроводные, parent=84f01c49-36d2-11ee-b5b0-005056013b0c, archive=false, dateOutputArchive=0001-01-01T00:00:00Z}, {guid=86635e4c-36d2-11ee-b5b0-005056013b0c, code=1, name=Трубы стальные водогазопроводные ГОСТ 3262-75, parent=86635df0-36d2-11ee-b5b0-005056013b0c, archive=false, dateOutputArchive=0001-01-01T00:00:00Z}, {guid=86635f07-36d2-11ee-b5b0-005056013b0c, code=6, name=Полоса, parent=806b25a2-36d2-11ee-b5b0-005056013b0c, archive=false, dateOutputArchive=0001-01-01T00:00:00Z}, {guid=86635f63-36d2-11ee-b5b0-005056013b0c, code=9, name=Прокат черных металлов, parent=86635f07-36d2-11ee-b5b0-005056013b0c, archive=false, dateOutputArchive=0001-01-01T00:00:00Z}, {guid=86635fbf-36d2-11ee-b5b0-005056013b0c, code=50, name=Полоса стальная, parent=86635f63-36d2-11ee-b5b0-005056013b0c, archive=false, dateOutputArchive=0001-01-01T00:00:00Z}, {guid=86636065-36d2-11ee-b5b0-005056013b0c, code=1, name=Прокат сортовой стальной горячекатаный полосовой ГОСТ 103-2006, parent=86635fbf-36d2-11ee-b5b0-005056013b0c, archive=false, dateOutputArchive=0001-01-01T00:00:00Z}, {guid=866360e7-36d2-11ee-b5b0-005056013b0c, code=2, name=Профили стальные холоднодеформированные высокой точности ТУ 14-11-245-88, parent=86635fbf-36d2-11ee-b5b0-005056013b0c, archive=false, dateOutputArchive=0001-01-01T00:00:00Z}, {guid=86636169-36d2-11ee-b5b0-005056013b0c, code=3, name=Прокат сортовой стальной горячекатаный полосовой рессорно-пружинный ГОСТ 7419-90, parent=86635fbf-36d2-11ee-b5b0-005056013b0c, archive=false, dateOutputArchive=0001-01-01T00:00:00Z}, {guid=866361eb-36d2-11ee-b5b0-005056013b0c, code=4, name=Прокат сортовой стальной горячекатаный полосовой ТУ 14-1-5240-93, parent=86635fbf-36d2-11ee-b5b0-005056013b0c, archive=false, dateOutputArchive=0001-01-01T00:00:00Z}, {guid=8663626d-36d2-11ee-b5b0-005056013b0c, code=5, name=Прокат широкополосный универсальный ГОСТ 82-70, parent=86635fbf-36d2-11ee-b5b0-005056013b0c, archive=false, dateOutputArchive=0001-01-01T00:00:00Z}, {guid=866362ef-36d2-11ee-b5b0-005056013b0c, code=6, name=Прокат листовой и полосовой термообработанный повышенного качества ТУ 14-1-4632-93, parent=86635fbf-36d2-11ee-b5b0-005056013b0c, archive=false, dateOutputArchive=0001-01-01T00:00:00Z}, {guid=866363a9-36d2-11ee-b5b0-005056013b0c, code=7, name=Уголки, parent=806b25a2-36d2-11ee-b5b0-005056013b0c, archive=false, dateOutputArchive=0001-01-01T00:00:00Z}, {guid=86636405-36d2-11ee-b5b0-005056013b0c, code=9, name=Прокат черных металлов, parent=866363a9-36d2-11ee-b5b0-005056013b0c, archive=false, dateOutputArchive=0001-01-01T00:00:00Z}, {guid=86636461-36d2-11ee-b5b0-005056013b0c, code=30, name=Уголки стальные, parent=86636405-36d2-11ee-b5b0-005056013b0c, archive=false, dateOutputArchive=0001-01-01T00:00:00Z}, {guid=86636509-36d2-11ee-b5b0-005056013b0c, code=1, name=Уголки стальные горячекатанные равнополочные ГОСТ 8509-93, parent=86636461-36d2-11ee-b5b0-005056013b0c, archive=false, dateOutputArchive=0001-01-01T00:00:00Z}, {guid=8c5aeadb-36d2-11ee-b5b0-005056013b0c, code=2, name=Полоса башмачная для тракторов, parent=8c5ae9fd-36d2-11ee-b5b0-005056013b0c, archive=false, dateOutputArchive=0001-01-01T00:00:00Z}, {guid=866365b1-36d2-11ee-b5b0-005056013b0c, code=2, name=Уголки стальные горячекатанные неравнополочные ГОСТ 8510-86, parent=86636461-36d2-11ee-b5b0-005056013b0c, archive=false, dateOutputArchive=0001-01-01T00:00:00Z}, {guid=86636659-36d2-11ee-b5b0-005056013b0c, code=8, name=Ленты, parent=806b25a2-36d2-11ee-b5b0-005056013b0c, archive=false, dateOutputArchive=0001-01-01T00:00:00Z}, {guid=866366ff-36d2-11ee-b5b0-005056013b0c, code=9, name=Прокат черных металлов, parent=86636659-36d2-11ee-b5b0-005056013b0c, archive=false, dateOutputArchive=0001-01-01T00:00:00Z}, {guid=866367a5-36d2-11ee-b5b0-005056013b0c, code=35, name=Лента стальная горячекатаная, parent=866366ff-36d2-11ee-b5b0-005056013b0c, archive=false, dateOutputArchive=0001-01-01T00:00:00Z}, {guid=8663684b-36d2-11ee-b5b0-005056013b0c, code=1, name=Лента стальная горячекатаная ГОСТ 6009-74, parent=866367a5-36d2-11ee-b5b0-005056013b0c, archive=false, dateOutputArchive=0001-01-01T00:00:00Z}, {guid=866368cd-36d2-11ee-b5b0-005056013b0c, code=12, name=Метизы, parent=86636659-36d2-11ee-b5b0-005056013b0c, archive=false, dateOutputArchive=0001-01-01T00:00:00Z}, {guid=86636973-36d2-11ee-b5b0-005056013b0c, code=30, name=Лента холоднокатаная, parent=866368cd-36d2-11ee-b5b0-005056013b0c, archive=false, dateOutputArchive=0001-01-01T00:00:00Z}, {guid=8c5aeeb4-36d2-11ee-b5b0-005056013b0c, code=9, name=Прокат черных металлов, parent=8c5aee58-36d2-11ee-b5b0-005056013b0c, archive=false, dateOutputArchive=0001-01-01T00:00:00Z}, {guid=86636a19-36d2-11ee-b5b0-005056013b0c, code=1, name=Лента холоднокатаная из низкоуглеродистой стали ГОСТ 503-81, parent=86636973-36d2-11ee-b5b0-005056013b0c, archive=false, dateOutputArchive=0001-01-01T00:00:00Z}, {guid=86636a9b-36d2-11ee-b5b0-005056013b0c, code=2, name=Лента холоднокатаная из инструментальной и пружинной стали ГОСТ 2283-79, parent=86636973-36d2-11ee-b5b0-005056013b0c, archive=false, dateOutputArchive=0001-01-01T00:00:00Z}, {guid=86636b1d-36d2-11ee-b5b0-005056013b0c, code=3, name=Лента холоднокатаная термообработанная ГОСТ 21996-76, parent=86636973-36d2-11ee-b5b0-005056013b0c, archive=false, dateOutputArchive=0001-01-01T00:00:00Z}, {guid=86636b9f-36d2-11ee-b5b0-005056013b0c, code=4, name=Лента стальная упаковочная ГОСТ 3560-73, parent=86636973-36d2-11ee-b5b0-005056013b0c, archive=false, dateOutputArchive=0001-01-01T00:00:00Z}, {guid=86636c21-36d2-11ee-b5b0-005056013b0c, code=5, name=Лента холоднокатаная повышенной точности ГОСТ 19851-74, parent=86636973-36d2-11ee-b5b0-005056013b0c, archive=false, dateOutputArchive=0001-01-01T00:00:00Z}, {guid=86636ca3-36d2-11ee-b5b0-005056013b0c, code=6, name=Лента холоднокатаная ТУ 14-550-6-94, parent=86636973-36d2-11ee-b5b0-005056013b0c, archive=false, dateOutputArchive=0001-01-01T00:00:00Z}, {guid=86636d25-36d2-11ee-b5b0-005056013b0c, code=7, name=Лента холоднокатаная ТУ 14-1-258-72, parent=86636973-36d2-11ee-b5b0-005056013b0c, archive=false, dateOutputArchive=0001-01-01T00:00:00Z}, {guid=86636da7-36d2-11ee-b5b0-005056013b0c, code=8, name=Лента холоднокатаная из углеродистой конструкционной стали ГОСТ 2284-79, parent=86636973-36d2-11ee-b5b0-005056013b0c, archive=false, dateOutputArchive=0001-01-01T00:00:00Z}, {guid=86636e29-36d2-11ee-b5b0-005056013b0c, code=33, name=Лента холоднокатаная нерж, parent=866368cd-36d2-11ee-b5b0-005056013b0c, archive=false, dateOutputArchive=0001-01-01T00:00:00Z}, {guid=86636ecf-36d2-11ee-b5b0-005056013b0c, code=1, name=Лента холоднокатаная из коррозионно-стойкой и жаростойкой стали ГОСТ 4986-79, parent=86636e29-36d2-11ee-b5b0-005056013b0c, archive=false, dateOutputArchive=0001-01-01T00:00:00Z}, {guid=86636f51-36d2-11ee-b5b0-005056013b0c, code=35, name=Лента из сплавов высокого омического сопротивления, parent=866368cd-36d2-11ee-b5b0-005056013b0c, archive=false, dateOutputArchive=0001-01-01T00:00:00Z}, {guid=86636ff7-36d2-11ee-b5b0-005056013b0c, code=1, name=Лента из прецизионных сплавов с высоким электрическим сопротивлением ГОСТ 12766.2-90, parent=86636f51-36d2-11ee-b5b0-005056013b0c, archive=false, dateOutputArchive=0001-01-01T00:00:00Z}, {guid=86637079-36d2-11ee-b5b0-005056013b0c, code=61, name=Лента холоднокатаная из термобиметаллов, parent=866368cd-36d2-11ee-b5b0-005056013b0c, archive=false, dateOutputArchive=0001-01-01T00:00:00Z}, {guid=8663711f-36d2-11ee-b5b0-005056013b0c, code=1, name=Лента холоднокатаная из термобиметаллов ГОСТ 10533-86, parent=86637079-36d2-11ee-b5b0-005056013b0c, archive=false, dateOutputArchive=0001-01-01T00:00:00Z}, {guid=866371a1-36d2-11ee-b5b0-005056013b0c, code=99, name=Ленты, временно используемые в производстве (доработка складских остатков), parent=86636659-36d2-11ee-b5b0-005056013b0c, archive=false, dateOutputArchive=0001-01-01T00:00:00Z}, {guid=86637223-36d2-11ee-b5b0-005056013b0c, code=9, name=Швеллеры, parent=806b25a2-36d2-11ee-b5b0-005056013b0c, archive=false, dateOutputArchive=0001-01-01T00:00:00Z}, {guid=8663727f-36d2-11ee-b5b0-005056013b0c, code=9, name=Прокат черных металлов, parent=86637223-36d2-11ee-b5b0-005056013b0c, archive=false, dateOutputArchive=0001-01-01T00:00:00Z}, {guid=866372db-36d2-11ee-b5b0-005056013b0c, code=25, name=Швеллеры, parent=8663727f-36d2-11ee-b5b0-005056013b0c, archive=false, dateOutputArchive=0001-01-01T00:00:00Z}, {guid=86637337-36d2-11ee-b5b0-005056013b0c, code=1, name=Швеллеры стальные горячекатаные ГОСТ 8240-97, parent=866372db-36d2-11ee-b5b0-005056013b0c, archive=false, dateOutputArchive=0001-01-01T00:00:00Z}, {guid=866373bb-36d2-11ee-b5b0-005056013b0c, code=2, name=Двутавры стальные горячекатанные ГОСТ 8239-89, parent=866372db-36d2-11ee-b5b0-005056013b0c, archive=false, dateOutputArchive=0001-01-01T00:00:00Z}, {guid=8663743d-36d2-11ee-b5b0-005056013b0c, code=3, name=Швеллеры стальные гнутые равнополочные ГОСТ 8278-83, parent=866372db-36d2-11ee-b5b0-005056013b0c, archive=false, dateOutputArchive=0001-01-01T00:00:00Z}, {guid=866374e5-36d2-11ee-b5b0-005056013b0c, code=4, name=Швеллеры стальные гнутые неравнополочные ГОСТ 8281-80, parent=866372db-36d2-11ee-b5b0-005056013b0c, archive=false, dateOutputArchive=0001-01-01T00:00:00Z}, {guid=8663758c-36d2-11ee-b5b0-005056013b0c, code=5, name=Балки двутавровые и швеллеры стальные специальные ГОСТ 19425-74, parent=866372db-36d2-11ee-b5b0-005056013b0c, archive=false, dateOutputArchive=0001-01-01T00:00:00Z}, {guid=8663766a-36d2-11ee-b5b0-005056013b0c, code=12, name=Метизы, parent=8663760e-36d2-11ee-b5b0-005056013b0c, archive=false, dateOutputArchive=0001-01-01T00:00:00Z}, {guid=866376c6-36d2-11ee-b5b0-005056013b0c, code=50, name=Канаты, parent=8663766a-36d2-11ee-b5b0-005056013b0c, archive=false, dateOutputArchive=0001-01-01T00:00:00Z}, {guid=86637747-36d2-11ee-b5b0-005056013b0c, code=1, name=Канат одинарной свивки ТК конструкции 1х19(1+6+12) ГОСТ 3063-80, parent=866376c6-36d2-11ee-b5b0-005056013b0c, archive=false, dateOutputArchive=0001-01-01T00:00:00Z}, {guid=866377a4-36d2-11ee-b5b0-005056013b0c, code=2, name=Канат двойной свивки типа конструкции 6х37(1+6+12+18)+1 о.с. ГОСТ 3071-88, parent=866376c6-36d2-11ee-b5b0-005056013b0c, archive=false, dateOutputArchive=0001-01-01T00:00:00Z}, {guid=86637801-36d2-11ee-b5b0-005056013b0c, code=3, name=Канат двойной свивки типа ЛК-РО конструкции 6х36(1+7+7/7+14)+7х7(1+6) ГОСТ 7669-80, parent=866376c6-36d2-11ee-b5b0-005056013b0c, archive=false, dateOutputArchive=0001-01-01T00:00:00Z}, {guid=8663785e-36d2-11ee-b5b0-005056013b0c, code=4, name=Канат двойной свивки типа ЛК-РО конструкции 6х36(1+7+7/7+14)+ 1 о.с. ГОСТ 7668-80, parent=866376c6-36d2-11ee-b5b0-005056013b0c, archive=false, dateOutputArchive=0001-01-01T00:00:00Z}, {guid=866378bb-36d2-11ee-b5b0-005056013b0c, code=5, name=Канаты стальные авиационные ГОСТ 3241-80, parent=866376c6-36d2-11ee-b5b0-005056013b0c, archive=false, dateOutputArchive=0001-01-01T00:00:00Z}, {guid=86637918-36d2-11ee-b5b0-005056013b0c, code=6, name=Канат стальной ТУ 14-4-412-73, parent=866376c6-36d2-11ee-b5b0-005056013b0c, archive=false, dateOutputArchive=0001-01-01T00:00:00Z}, {guid=86637975-36d2-11ee-b5b0-005056013b0c, code=7, name=Канат стальной двойной свивки типа ТК конструкции 6х19(1+6+12)+1о.с. ГОСТ 3070-80, parent=866376c6-36d2-11ee-b5b0-005056013b0c, archive=false, dateOutputArchive=0001-01-01T00:00:00Z}, {guid=866379d2-36d2-11ee-b5b0-005056013b0c, code=8, name=Канат стальной двойной свивки типа ТК конструкции 6х19(1+6+12)+1х19(1+6+12) ГОСТ 3067-88, parent=866376c6-36d2-11ee-b5b0-005056013b0c, archive=false, dateOutputArchive=0001-01-01T00:00:00Z}, {guid=86637a2f-36d2-11ee-b5b0-005056013b0c, code=9, name=Канат двойной свивки типа ЛК-О конструкции 6х7(1+6)+1х7(1+6) ГОСТ 3066-80, parent=866376c6-36d2-11ee-b5b0-005056013b0c, archive=false, dateOutputArchive=0001-01-01T00:00:00Z}, {guid=86637ae9-36d2-11ee-b5b0-005056013b0c, code=11, name=Канат двойной свивки типа ЛК-Р конструкции 6х19(1+6+6/6)+1о.с. ГОСТ2688-80, parent=866376c6-36d2-11ee-b5b0-005056013b0c, archive=false, dateOutputArchive=0001-01-01T00:00:00Z}, {guid=86637b46-36d2-11ee-b5b0-005056013b0c, code=12, name=Канат двойной свивки типа ЛК-О конструкции 6х19(1+9+9)+1о.с.ГОСТ3077-80, parent=866376c6-36d2-11ee-b5b0-005056013b0c, archive=false, dateOutputArchive=0001-01-01T00:00:00Z}, {guid=8acaf7ed-36d2-11ee-b5b0-005056013b0c, code=13, name=Канат двойной свивки типа ЛК-3 конструкции 6х25 (1+6; 6+12)+1о.с ГОСТ 7665-80, parent=866376c6-36d2-11ee-b5b0-005056013b0c, archive=false, dateOutputArchive=0001-01-01T00:00:00Z}, {guid=8acaf84a-36d2-11ee-b5b0-005056013b0c, code=14, name=Канат одинарной свивки типа ЛК-О конструкции 1х7(1+6) ГОСТ 3062-80, parent=866376c6-36d2-11ee-b5b0-005056013b0c, archive=false, dateOutputArchive=0001-01-01T00:00:00Z}, {guid=8acaf8a7-36d2-11ee-b5b0-005056013b0c, code=15, name=Канат двойной свивки типа ТЛК-О конструкции 6х37(1+6+15+15)+1 о.с. ГОСТ 3079-80, parent=866376c6-36d2-11ee-b5b0-005056013b0c, archive=false, dateOutputArchive=0001-01-01T00:00:00Z}, {guid=8acaf904-36d2-11ee-b5b0-005056013b0c, code=16, name=Канат двойной свивки типа ЛК-Р конструкции 6х19(1+6+6/6)+7х7(1+6) ГОСТ 14954-80, parent=866376c6-36d2-11ee-b5b0-005056013b0c, archive=false, dateOutputArchive=0001-01-01T00:00:00Z}, {guid=8acaf961-36d2-11ee-b5b0-005056013b0c, code=99, name=Канаты, временно используемые в производстве (доработка складских остатков), parent=8663760e-36d2-11ee-b5b0-005056013b0c, archive=false, dateOutputArchive=0001-01-01T00:00:00Z}, {guid=8acaf999-36d2-11ee-b5b0-005056013b0c, code=11, name=Проволока, parent=806b25a2-36d2-11ee-b5b0-005056013b0c, archive=false, dateOutputArchive=0001-01-01T00:00:00Z}, {guid=8acaf9f5-36d2-11ee-b5b0-005056013b0c, code=12, name=Метизы, parent=8acaf999-36d2-11ee-b5b0-005056013b0c, archive=false, dateOutputArchive=0001-01-01T00:00:00Z}, {guid=8acafa51-36d2-11ee-b5b0-005056013b0c, code=10, name=Проволока обыкновенного качества, parent=8acaf9f5-36d2-11ee-b5b0-005056013b0c, archive=false, dateOutputArchive=0001-01-01T00:00:00Z}, {guid=8acafad2-36d2-11ee-b5b0-005056013b0c, code=1, name=Проволока низкоуглеродистая качественная ГОСТ 792-67, parent=8acafa51-36d2-11ee-b5b0-005056013b0c, archive=false, dateOutputArchive=0001-01-01T00:00:00Z}, {guid=8acafb2f-36d2-11ee-b5b0-005056013b0c, code=2, name=Проволока стальная низкоуглеродистая общего назначения ГОСТ 3282-74, parent=8acafa51-36d2-11ee-b5b0-005056013b0c, archive=false, dateOutputArchive=0001-01-01T00:00:00Z}, {guid=8acafb8c-36d2-11ee-b5b0-005056013b0c, code=20, name=Проволока из углеродистых и легированных марок сталей, parent=8acaf9f5-36d2-11ee-b5b0-005056013b0c, archive=false, dateOutputArchive=0001-01-01T00:00:00Z}, {guid=8acafc45-36d2-11ee-b5b0-005056013b0c, code=2, name=Проволока стальная углеродистая пружинная ГОСТ 9389-75, parent=8acafb8c-36d2-11ee-b5b0-005056013b0c, archive=false, dateOutputArchive=0001-01-01T00:00:00Z}, {guid=8acafca2-36d2-11ee-b5b0-005056013b0c, code=3, name=Проволока стальная легированная пружинная ГОСТ 14963-78, parent=8acafb8c-36d2-11ee-b5b0-005056013b0c, archive=false, dateOutputArchive=0001-01-01T00:00:00Z}, {guid=8acafcff-36d2-11ee-b5b0-005056013b0c, code=4, name=Проволока стальная для пружинных шайб ГОСТ 11850-72, parent=8acafb8c-36d2-11ee-b5b0-005056013b0c, archive=false, dateOutputArchive=0001-01-01T00:00:00Z}, {guid=86637a8c-36d2-11ee-b5b0-005056013b0c, code=10, name=Канат двойной свивки многопрядный типа ЛК-Р конструкции 18х19(1+6+6/6)+1о.с. ГОСТ 3088-80, parent=866376c6-36d2-11ee-b5b0-005056013b0c, archive=false, dateOutputArchive=0001-01-01T00:00:00Z}, {guid=8acafbe8-36d2-11ee-b5b0-005056013b0c, code=1, name=Проволока из углеродистой конструкционной стали ГОСТ 17305-91, parent=8acafb8c-36d2-11ee-b5b0-005056013b0c, archive=false, dateOutputArchive=0001-01-01T00:00:00Z}, {guid=8acafd6f-36d2-11ee-b5b0-005056013b0c, code=5, name=Проволока стальная углеродистая для холодной высадки и выдавливания, parent=8acafb8c-36d2-11ee-b5b0-005056013b0c, archive=false, dateOutputArchive=0001-01-01T00:00:00Z}, {guid=8acafdcc-36d2-11ee-b5b0-005056013b0c, code=22, name=Проволока из нержавеющей стали, parent=8acaf9f5-36d2-11ee-b5b0-005056013b0c, archive=false, dateOutputArchive=0001-01-01T00:00:00Z}]

at java.base/jdk.internal.reflect.DirectConstructorHandleAccessor.newInstance(DirectConstructorHandleAccessor.java:67)
at java.base/java.lang.reflect.Constructor.newInstanceWithCaller(Constructor.java:500)
at java.base/java.lang.reflect.Constructor.newInstance(Constructor.java:484)
at org.codehaus.groovy.reflection.CachedConstructor.invoke(CachedConstructor.java:73)
at org.codehaus.groovy.runtime.callsite.ConstructorSite$ConstructorSiteNoUnwrapNoCoerce.callConstructor(ConstructorSite.java:108)
at org.codehaus.groovy.runtime.callsite.AbstractCallSite.callConstructor(AbstractCallSite.java:277)
at io.restassured.internal.ResponseSpecificationImpl$HamcrestAssertionClosure.validate(ResponseSpecificationImpl.groovy:512)
at io.restassured.internal.ResponseSpecificationImpl$HamcrestAssertionClosure$validate$1.call(Unknown Source)
at io.restassured.internal.ResponseSpecificationImpl.validateResponseIfRequired(ResponseSpecificationImpl.groovy:696)
at io.restassured.internal.ResponseSpecificationImpl.this$2$validateResponseIfRequired(ResponseSpecificationImpl.groovy)
at java.base/jdk.internal.reflect.DirectMethodHandleAccessor.invoke(DirectMethodHandleAccessor.java:104)
at java.base/java.lang.reflect.Method.invoke(Method.java:578)
at org.codehaus.groovy.runtime.callsite.PlainObjectMetaMethodSite.doInvoke(PlainObjectMetaMethodSite.java:43)
at org.codehaus.groovy.runtime.callsite.PogoMetaMethodSite$PogoCachedMethodSiteNoUnwrapNoCoerce.invoke(PogoMetaMethodSite.java:198)
at org.codehaus.groovy.runtime.callsite.PogoMetaMethodSite.callCurrent(PogoMetaMethodSite.java:62)
at org.codehaus.groovy.runtime.callsite.AbstractCallSite.callCurrent(AbstractCallSite.java:185)
at io.restassured.internal.ResponseSpecificationImpl.body(ResponseSpecificationImpl.groovy:107)
at io.restassured.internal.ValidatableResponseOptionsImpl.body(ValidatableResponseOptionsImpl.java:238)
at AutoTest.ClassifierTest.getEopListStepIsEmpty(ClassifierTest.java:222)
at java.base/jdk.internal.reflect.DirectMethodHandleAccessor.invoke(DirectMethodHandleAccessor.java:104)
at java.base/java.lang.reflect.Method.invoke(Method.java:578)
at org.testng.internal.invokers.MethodInvocationHelper.invokeMethod(MethodInvocationHelper.java:139)
at org.testng.internal.invokers.TestInvoker.invokeMethod(TestInvoker.java:677)
at org.testng.internal.invokers.TestInvoker.invokeTestMethod(TestInvoker.java:221)
at org.testng.internal.invokers.MethodRunner.runInSequence(MethodRunner.java:50)
at org.testng.internal.invokers.TestInvoker$MethodInvocationAgent.invoke(TestInvoker.java:969)
at org.testng.internal.invokers.TestInvoker.invokeTestMethods(TestInvoker.java:194)
at org.testng.internal.invokers.TestMethodWorker.invokeTestMethods(TestMethodWorker.java:148)
at org.testng.internal.invokers.TestMethodWorker.run(TestMethodWorker.java:128)
at java.base/java.util.ArrayList.forEach(ArrayList.java:1511)
at org.testng.TestRunner.privateRun(TestRunner.java:829)
at org.testng.TestRunner.run(TestRunner.java:602)
at org.testng.SuiteRunner.runTest(SuiteRunner.java:437)
at org.testng.SuiteRunner.runSequentially(SuiteRunner.java:431)
at org.testng.SuiteRunner.privateRun(SuiteRunner.java:391)
at org.testng.SuiteRunner.run(SuiteRunner.java:330)
at org.testng.SuiteRunnerWorker.runSuite(SuiteRunnerWorker.java:52)
at org.testng.SuiteRunnerWorker.run(SuiteRunnerWorker.java:95)
at org.testng.TestNG.runSuitesSequentially(TestNG.java:1256)
at org.testng.TestNG.runSuitesLocally(TestNG.java:1176)
at org.testng.TestNG.runSuites(TestNG.java:1099)
at org.testng.TestNG.run(TestNG.java:1067)
at org.apache.maven.surefire.testng.TestNGExecutor.run(TestNGExecutor.java:132)
at org.apache.maven.surefire.testng.TestNGDirectoryTestSuite.executeMulti(TestNGDirectoryTestSuite.java:193)
at org.apache.maven.surefire.testng.TestNGDirectoryTestSuite.execute(TestNGDirectoryTestSuite.java:94)
at org.apache.maven.surefire.testng.TestNGProvider.invoke(TestNGProvider.java:147)
at org.apache.maven.surefire.booter.ForkedBooter.invokeProviderInSameClassLoader(ForkedBooter.java:290)
at org.apache.maven.surefire.booter.ForkedBooter.runSuitesInProcess(ForkedBooter.java:242)
at org.apache.maven.surefire.booter.ForkedBooter.main(ForkedBooter.java:121)
]]>
    </failure>
  </testcase> <!-- getEopListStepIsEmpty -->
  <system-out/>
  <testcase classname="AutoTest.ClassifierTest" name="getUnitsListNegativeStep" time="1.256"/>
  <system-out/>
  <testcase classname="AutoTest.ClassifierTest" name="getEopGuidNegativeData" time="0.997"/>
  <system-out/>
  <testcase classname="AutoTest.ClassifierTest" name="getEopGuidNegativeData" time="1.164"/>
  <system-out/>
  <testcase classname="AutoTest.ClassifierTest" name="getUnitsListNegativeStep" time="0.986"/>
  <system-out/>
  <testcase classname="AutoTest.ClassifierTest" name="getUnitsGuidNegativeData" time="1.020"/>
  <system-out/>
  <testcase classname="AutoTest.ClassifierTest" name="getUnifiedClassifierListPositiveStep" time="1.237"/>
  <system-out/>
  <testcase classname="AutoTest.ClassifierTest" name="getUnifiedClassifierGuidNegativeData" time="1.031"/>
  <system-out/>
  <testcase classname="AutoTest.ClassifierTest" name="getEopGuidNegativeData" time="0.790"/>
  <system-out/>
  <testcase classname="AutoTest.ClassifierTest" name="getUnifiedClassifierListPositiveStep" time="4.239"/>
  <system-out/>
  <testcase classname="AutoTest.ClassifierTest" name="getUnitsListNegativeStep" time="0.965"/>
  <system-out/>
  <testcase classname="AutoTest.ClassifierTest" name="getUnifiedClassifierListNegativeData" time="1.022"/>
  <system-out/>
  <testcase classname="AutoTest.ClassifierTest" name="getEopList" time="1.122">
    <failure message="1 expectation failed.
Response body doesn&#039;t match expectation.
Expected: The content to match the given JSON schema.
error: instance type (integer) does not match any allowed primitive type (allowed: [&quot;string&quot;])
    level: &quot;error&quot;
    schema: {&quot;loadingURI&quot;:&quot;file:/C:/Users/Sasha/Api/target/test-classes/getEopList.json#&quot;,&quot;pointer&quot;:&quot;/items/properties/code&quot;}
    instance: {&quot;pointer&quot;:&quot;/0/code&quot;}
    domain: &quot;validation&quot;
    keyword: &quot;type&quot;
    found: &quot;integer&quot;
    expected: [&quot;string&quot;]

  Actual: [{guid=806b27a5-36d2-11ee-b5b0-005056013b0c, code=1, name=Прокат толстолистовой горячекатаный из стали повышенной прочности ГОСТ 19903-74, parent=806b26da-36d2-11ee-b5b0-005056013b0c, archive=false, dateOutputArchive=0001-01-01T00:00:00Z}, {guid=806b284d-36d2-11ee-b5b0-005056013b0c, code=2, name=Листы просечно-вытяжные, parent=806b26da-36d2-11ee-b5b0-005056013b0c, archive=false, dateOutputArchive=0001-01-01T00:00:00Z}, {guid=806b28f5-36d2-11ee-b5b0-005056013b0c, code=3, name=Прокат листовой горячекатаный из высококачественной стали повышенной прочности (Швеция), parent=806b26da-36d2-11ee-b5b0-005056013b0c, archive=false, dateOutputArchive=0001-01-01T00:00:00Z}, {guid=806b2977-36d2-11ee-b5b0-005056013b0c, code=72, name=Листы стальные с ромбическим и чечевичным рифлением, parent=806b267e-36d2-11ee-b5b0-005056013b0c, archive=false, dateOutputArchive=0001-01-01T00:00:00Z}, {guid=806b2a42-36d2-11ee-b5b0-005056013b0c, code=1, name=Листы стальные с ромбическим и чечевичным рифлением ГОСТ 8568-77, parent=806b2977-36d2-11ee-b5b0-005056013b0c, archive=false, dateOutputArchive=0001-01-01T00:00:00Z}, {guid=806b2ae9-36d2-11ee-b5b0-005056013b0c, code=81, name=Прокат листовой горячекатаный, parent=806b267e-36d2-11ee-b5b0-005056013b0c, archive=false, dateOutputArchive=0001-01-01T00:00:00Z}, {guid=806b2bb4-36d2-11ee-b5b0-005056013b0c, code=1, name=Прокат листовой горячекатаный из легированной конструкционной стали общего назначения ГОСТ 19903-74, parent=806b2ae9-36d2-11ee-b5b0-005056013b0c, archive=false, dateOutputArchive=0001-01-01T00:00:00Z}, {guid=806b2c5b-36d2-11ee-b5b0-005056013b0c, code=2, name=Прокат листовой горячекатаный из стали углеродистой обыкновенного качества ГОСТ 19903-74, parent=806b2ae9-36d2-11ee-b5b0-005056013b0c, archive=false, dateOutputArchive=0001-01-01T00:00:00Z}, {guid=806b2d02-36d2-11ee-b5b0-005056013b0c, code=3, name=Прокат листовой горячекатаный из конструкционной качественной стали ГОСТ 19903-74, parent=806b2ae9-36d2-11ee-b5b0-005056013b0c, archive=false, dateOutputArchive=0001-01-01T00:00:00Z}, {guid=806b2da9-36d2-11ee-b5b0-005056013b0c, code=4, name=Прокат толстолистовой горячекатаный из легированной стали ГОСТ 19903-74, parent=806b2ae9-36d2-11ee-b5b0-005056013b0c, archive=false, dateOutputArchive=0001-01-01T00:00:00Z}, {guid=806b2e50-36d2-11ee-b5b0-005056013b0c, code=5, name=Прокат толстолистовой горячекатаный из легированной стали, parent=806b2ae9-36d2-11ee-b5b0-005056013b0c, archive=false, dateOutputArchive=0001-01-01T00:00:00Z}, {guid=806b2ef7-36d2-11ee-b5b0-005056013b0c, code=6, name=Прокат горячекатанный ТУ 1-9-1021-84, parent=806b2ae9-36d2-11ee-b5b0-005056013b0c, archive=false, dateOutputArchive=0001-01-01T00:00:00Z}, {guid=806b2f9e-36d2-11ee-b5b0-005056013b0c, code=7, name=Листы спецстали АК, parent=806b2ae9-36d2-11ee-b5b0-005056013b0c, archive=false, dateOutputArchive=0001-01-01T00:00:00Z}, {guid=806b3045-36d2-11ee-b5b0-005056013b0c, code=86, name=Прокат толстолистовой горячекатаный коррозионно-стойкий, жаростойкий и жаропрочный, parent=806b267e-36d2-11ee-b5b0-005056013b0c, archive=false, dateOutputArchive=0001-01-01T00:00:00Z}, {guid=806b3110-36d2-11ee-b5b0-005056013b0c, code=1, name=Прокат листовой горячекатаный коррозионно-стойкий, жаростойкий и жаропрочный ГОСТ 19903-74, parent=806b3045-36d2-11ee-b5b0-005056013b0c, archive=false, dateOutputArchive=0001-01-01T00:00:00Z}, {guid=806b2622-36d2-11ee-b5b0-005056013b0c, code=1, name=Листы, parent=806b25a2-36d2-11ee-b5b0-005056013b0c, archive=false, dateOutputArchive=0001-01-01T00:00:00Z}, {guid=806b267e-36d2-11ee-b5b0-005056013b0c, code=9, name=Прокат черных металлов, parent=806b2622-36d2-11ee-b5b0-005056013b0c, archive=false, dateOutputArchive=0001-01-01T00:00:00Z}, {guid=806b25a2-36d2-11ee-b5b0-005056013b0c, code=1, name=Металлы черные, parent=00000000-0000-0000-0000-000000000000, archive=false, dateOutputArchive=0001-01-01T00:00:00Z}, {guid=806b31b7-36d2-11ee-b5b0-005056013b0c, code=89, name=Листы спецстали, parent=806b267e-36d2-11ee-b5b0-005056013b0c, archive=false, dateOutputArchive=0001-01-01T00:00:00Z}, {guid=806b3282-36d2-11ee-b5b0-005056013b0c, code=1, name=Листы спецстали, parent=806b31b7-36d2-11ee-b5b0-005056013b0c, archive=false, dateOutputArchive=0001-01-01T00:00:00Z}, {guid=806b3329-36d2-11ee-b5b0-005056013b0c, code=91, name=Прокат тонколистовой холоднокатаный, parent=806b267e-36d2-11ee-b5b0-005056013b0c, archive=false, dateOutputArchive=0001-01-01T00:00:00Z}, {guid=806b3385-36d2-11ee-b5b0-005056013b0c, code=1, name=Прокат тонколистовой холоднокатаный из углеродистой стали качественной и обыкновенного качества общего назначения ГОСТ 19904-90, parent=806b3329-36d2-11ee-b5b0-005056013b0c, archive=false, dateOutputArchive=0001-01-01T00:00:00Z}, {guid=806b342c-36d2-11ee-b5b0-005056013b0c, code=2, name=Прокат тонколистовой холоднокатаный из низкоуглеродистой качественной стали для холодной штамповки ГОСТ 19904-90, parent=806b3329-36d2-11ee-b5b0-005056013b0c, archive=false, dateOutputArchive=0001-01-01T00:00:00Z}, {guid=806b34d3-36d2-11ee-b5b0-005056013b0c, code=3, name=Прокат листовой холоднокатаный из легированной конструкционной стали общего назначения ГОСТ 19904-90, parent=806b3329-36d2-11ee-b5b0-005056013b0c, archive=false, dateOutputArchive=0001-01-01T00:00:00Z}, {guid=806b357a-36d2-11ee-b5b0-005056013b0c, code=4, name=Листы перфорированные «ПЕРФОКОМ», parent=806b3329-36d2-11ee-b5b0-005056013b0c, archive=false, dateOutputArchive=0001-01-01T00:00:00Z}, {guid=806b3623-36d2-11ee-b5b0-005056013b0c, code=5, name=Листы перфорированные, parent=806b3329-36d2-11ee-b5b0-005056013b0c, archive=false, dateOutputArchive=0001-01-01T00:00:00Z}, {guid=806b36cb-36d2-11ee-b5b0-005056013b0c, code=93, name=Прокат тонколистовой из коррозионно-стойкой, жаростойкой и жаропрочной стали, parent=806b267e-36d2-11ee-b5b0-005056013b0c, archive=false, dateOutputArchive=0001-01-01T00:00:00Z}, {guid=806b3796-36d2-11ee-b5b0-005056013b0c, code=1, name=Прокат тонколистовой из коррозионно-стойкой, жаростойкой и жаропрочной стали ГОСТ 19904-90, parent=806b36cb-36d2-11ee-b5b0-005056013b0c, archive=false, dateOutputArchive=0001-01-01T00:00:00Z}, {guid=806b383d-36d2-11ee-b5b0-005056013b0c, code=11, name=Изделия дальнейшего передела, parent=806b2622-36d2-11ee-b5b0-005056013b0c, archive=false, dateOutputArchive=0001-01-01T00:00:00Z}, {guid=806b3908-36d2-11ee-b5b0-005056013b0c, code=11, name=Прокат холоднокатаный из тонколистовой оцинкованной стали, parent=806b383d-36d2-11ee-b5b0-005056013b0c, archive=false, dateOutputArchive=0001-01-01T00:00:00Z}, {guid=806b39d3-36d2-11ee-b5b0-005056013b0c, code=1, name=Прокат холоднокатаный из тонколистовой оцинкованной стали ГОСТ 19904-90, parent=806b3908-36d2-11ee-b5b0-005056013b0c, archive=false, dateOutputArchive=0001-01-01T00:00:00Z}, {guid=806b3a7a-36d2-11ee-b5b0-005056013b0c, code=15, name=Жесть, parent=806b383d-36d2-11ee-b5b0-005056013b0c, archive=false, dateOutputArchive=0001-01-01T00:00:00Z}, {guid=806b3b45-36d2-11ee-b5b0-005056013b0c, code=1, name=Жесть белая, parent=806b3a7a-36d2-11ee-b5b0-005056013b0c, archive=false, dateOutputArchive=0001-01-01T00:00:00Z}, {guid=806b3bec-36d2-11ee-b5b0-005056013b0c, code=99, name=Листы, временно используемые в производстве (доработка складских остатков), parent=806b2622-36d2-11ee-b5b0-005056013b0c, archive=false, dateOutputArchive=0001-01-01T00:00:00Z}, {guid=806b3ca6-36d2-11ee-b5b0-005056013b0c, code=9, name=Прокат черных металлов, parent=806b3c24-36d2-11ee-b5b0-005056013b0c, archive=false, dateOutputArchive=0001-01-01T00:00:00Z}, {guid=806b3d27-36d2-11ee-b5b0-005056013b0c, code=50, name=Прокат стальной горячекатаный, parent=806b3ca6-36d2-11ee-b5b0-005056013b0c, archive=false, dateOutputArchive=0001-01-01T00:00:00Z}, {guid=806b3da8-36d2-11ee-b5b0-005056013b0c, code=1, name=Прокат сортовой стальной горячекатаный квадратный ГОСТ 2591-2006, parent=806b3d27-36d2-11ee-b5b0-005056013b0c, archive=false, dateOutputArchive=0001-01-01T00:00:00Z}, {guid=806b3c24-36d2-11ee-b5b0-005056013b0c, code=2, name=Квадраты, parent=806b25a2-36d2-11ee-b5b0-005056013b0c, archive=false, dateOutputArchive=0001-01-01T00:00:00Z}, {guid=806b3e05-36d2-11ee-b5b0-005056013b0c, code=11, name=Изделия дальнейшего передела, parent=806b3c24-36d2-11ee-b5b0-005056013b0c, archive=false, dateOutputArchive=0001-01-01T00:00:00Z}, {guid=806b3e86-36d2-11ee-b5b0-005056013b0c, code=40, name=Прокат калиброванный, parent=806b3e05-36d2-11ee-b5b0-005056013b0c, archive=false, dateOutputArchive=0001-01-01T00:00:00Z}, {guid=806b3f07-36d2-11ee-b5b0-005056013b0c, code=1, name=Прокат калиброванный квадратный ГОСТ 8559-75, parent=806b3e86-36d2-11ee-b5b0-005056013b0c, archive=false, dateOutputArchive=0001-01-01T00:00:00Z}, {guid=806b3f64-36d2-11ee-b5b0-005056013b0c, code=99, name=Квадраты, временно используемые в производстве (доработка складских остатков), parent=806b3c24-36d2-11ee-b5b0-005056013b0c, archive=false, dateOutputArchive=0001-01-01T00:00:00Z}, {guid=806b3fc1-36d2-11ee-b5b0-005056013b0c, code=3, name=Шестигранники, parent=806b25a2-36d2-11ee-b5b0-005056013b0c, archive=false, dateOutputArchive=0001-01-01T00:00:00Z}, {guid=806b4043-36d2-11ee-b5b0-005056013b0c, code=9, name=Прокат черных металлов, parent=806b3fc1-36d2-11ee-b5b0-005056013b0c, archive=false, dateOutputArchive=0001-01-01T00:00:00Z}, {guid=806b40c4-36d2-11ee-b5b0-005056013b0c, code=50, name=Прокат стальной горячекатаный, parent=806b4043-36d2-11ee-b5b0-005056013b0c, archive=false, dateOutputArchive=0001-01-01T00:00:00Z}, {guid=806b4145-36d2-11ee-b5b0-005056013b0c, code=1, name=Прокат сортовой стальной горячекатаный шестигранный ГОСТ 2879-2006, parent=806b40c4-36d2-11ee-b5b0-005056013b0c, archive=false, dateOutputArchive=0001-01-01T00:00:00Z}, {guid=806b41a2-36d2-11ee-b5b0-005056013b0c, code=11, name=Изделия дальнейшего передела, parent=806b3fc1-36d2-11ee-b5b0-005056013b0c, archive=false, dateOutputArchive=0001-01-01T00:00:00Z}, {guid=806b4223-36d2-11ee-b5b0-005056013b0c, code=40, name=Прокат калиброванный, parent=806b41a2-36d2-11ee-b5b0-005056013b0c, archive=false, dateOutputArchive=0001-01-01T00:00:00Z}, {guid=806b42a4-36d2-11ee-b5b0-005056013b0c, code=1, name=Прокат калиброванный шестигранный ГОСТ 8560-78, parent=806b4223-36d2-11ee-b5b0-005056013b0c, archive=false, dateOutputArchive=0001-01-01T00:00:00Z}, {guid=806b4301-36d2-11ee-b5b0-005056013b0c, code=99, name=Шестигранники, временно используемые в производстве (доработка складских остатков), parent=806b3fc1-36d2-11ee-b5b0-005056013b0c, archive=false, dateOutputArchive=0001-01-01T00:00:00Z}, {guid=806b435e-36d2-11ee-b5b0-005056013b0c, code=4, name=Круги, parent=806b25a2-36d2-11ee-b5b0-005056013b0c, archive=false, dateOutputArchive=0001-01-01T00:00:00Z}, {guid=806b43ba-36d2-11ee-b5b0-005056013b0c, code=9, name=Прокат черных металлов, parent=806b435e-36d2-11ee-b5b0-005056013b0c, archive=false, dateOutputArchive=0001-01-01T00:00:00Z}, {guid=806b443c-36d2-11ee-b5b0-005056013b0c, code=30, name=Прокат стальной горячекатаный низколегированный, parent=806b43ba-36d2-11ee-b5b0-005056013b0c, archive=false, dateOutputArchive=0001-01-01T00:00:00Z}, {guid=806b44bd-36d2-11ee-b5b0-005056013b0c, code=1, name=Прокат сортовой стальной горячекатаный конструкционный низколегированный ГОСТ 2590-2006, parent=806b443c-36d2-11ee-b5b0-005056013b0c, archive=false, dateOutputArchive=0001-01-01T00:00:00Z}, {guid=806b451a-36d2-11ee-b5b0-005056013b0c, code=34, name=Прокат горячекатаный круглый обыкновенного качества, parent=806b43ba-36d2-11ee-b5b0-005056013b0c, archive=false, dateOutputArchive=0001-01-01T00:00:00Z}, {guid=806b459b-36d2-11ee-b5b0-005056013b0c, code=1, name=Прокат сортовой стальной горячекатаный круглый обыкновенного качества ГОСТ 2590-2006, parent=806b451a-36d2-11ee-b5b0-005056013b0c, archive=false, dateOutputArchive=0001-01-01T00:00:00Z}, {guid=806b45f8-36d2-11ee-b5b0-005056013b0c, code=50, name=Прокат стальной горячекатаный, parent=806b43ba-36d2-11ee-b5b0-005056013b0c, archive=false, dateOutputArchive=0001-01-01T00:00:00Z}, {guid=806b4679-36d2-11ee-b5b0-005056013b0c, code=1, name=Прокат сортовой стальной горячекатаный конструкционный углеродистый ГОСТ 2590-2006, parent=806b45f8-36d2-11ee-b5b0-005056013b0c, archive=false, dateOutputArchive=0001-01-01T00:00:00Z}, {guid=806b46d6-36d2-11ee-b5b0-005056013b0c, code=2, name=Прокат сортовой стальной горячекатаный конструкционный легированный ГОСТ 2590-2006, parent=806b45f8-36d2-11ee-b5b0-005056013b0c, archive=false, dateOutputArchive=0001-01-01T00:00:00Z}, {guid=806b4733-36d2-11ee-b5b0-005056013b0c, code=3, name=Прокат сортовой стальной горячекатаный конструкционной по ТУ 14-1-4566-89, parent=806b45f8-36d2-11ee-b5b0-005056013b0c, archive=false, dateOutputArchive=0001-01-01T00:00:00Z}, {guid=806b4790-36d2-11ee-b5b0-005056013b0c, code=4, name=Прокат круглый из рессорно-пружинной углеродистой и легированной стали ГОСТ 2590-2006, parent=806b45f8-36d2-11ee-b5b0-005056013b0c, archive=false, dateOutputArchive=0001-01-01T00:00:00Z}, {guid=806b47ed-36d2-11ee-b5b0-005056013b0c, code=51, name=Прокат для холодного выдавливания и высадки, parent=806b43ba-36d2-11ee-b5b0-005056013b0c, archive=false, dateOutputArchive=0001-01-01T00:00:00Z}, {guid=806b486e-36d2-11ee-b5b0-005056013b0c, code=1, name=Прокат качественный конструкционный углеродистый и легированный для холодного выдавливания и высадки ГОСТ 10702-78, parent=806b47ed-36d2-11ee-b5b0-005056013b0c, archive=false, dateOutputArchive=0001-01-01T00:00:00Z}, {guid=806b48cb-36d2-11ee-b5b0-005056013b0c, code=56, name=Прокат горячекатаный сортовой конструкционный подшипниковый, parent=806b43ba-36d2-11ee-b5b0-005056013b0c, archive=false, dateOutputArchive=0001-01-01T00:00:00Z}, {guid=806b494c-36d2-11ee-b5b0-005056013b0c, code=1, name=Прокат сортовой стальной горячекатаный конструкционный подшипниковый ГОСТ 2590-2006, parent=806b48cb-36d2-11ee-b5b0-005056013b0c, archive=false, dateOutputArchive=0001-01-01T00:00:00Z}, {guid=806b49a9-36d2-11ee-b5b0-005056013b0c, code=58, name=Прокат горячекатаный сортовой конструкционный никельсодержащий, parent=806b43ba-36d2-11ee-b5b0-005056013b0c, archive=false, dateOutputArchive=0001-01-01T00:00:00Z}, {guid=806b4a2a-36d2-11ee-b5b0-005056013b0c, code=1, name=Прокат сортовой стальной горячекатаный конструкционный по ТУ 14-1-1725-76, parent=806b49a9-36d2-11ee-b5b0-005056013b0c, archive=false, dateOutputArchive=0001-01-01T00:00:00Z}, {guid=806b4a87-36d2-11ee-b5b0-005056013b0c, code=61, name=Прокат горячекатаный сортовой инструментальный, parent=806b43ba-36d2-11ee-b5b0-005056013b0c, archive=false, dateOutputArchive=0001-01-01T00:00:00Z}, {guid=806b4b08-36d2-11ee-b5b0-005056013b0c, code=1, name=Прокат сортовой стальной горячекатаный инструментальный нелегированный ГОСТ 2590-2006, parent=806b4a87-36d2-11ee-b5b0-005056013b0c, archive=false, dateOutputArchive=0001-01-01T00:00:00Z}, {guid=806b4b65-36d2-11ee-b5b0-005056013b0c, code=63, name=Прокат горячекатаный сортовой конструкционный коррозионно-стойкий, жаропрочный, parent=806b43ba-36d2-11ee-b5b0-005056013b0c, archive=false, dateOutputArchive=0001-01-01T00:00:00Z}, {guid=806b4be6-36d2-11ee-b5b0-005056013b0c, code=1, name=Прокат сортовой стальной горячекатаный конструкционный коррозионностойкий, жаропрочный ГОСТ 2590-2006, parent=806b4b65-36d2-11ee-b5b0-005056013b0c, archive=false, dateOutputArchive=0001-01-01T00:00:00Z}, {guid=84f01c49-36d2-11ee-b5b0-005056013b0c, code=13, name=Трубы стальные, parent=84f01bed-36d2-11ee-b5b0-005056013b0c, archive=false, dateOutputArchive=0001-01-01T00:00:00Z}, {guid=806b4c43-36d2-11ee-b5b0-005056013b0c, code=66, name=Прокат сортовой из прецизионных сплавов с высоким электрическим сопротивлением, parent=806b43ba-36d2-11ee-b5b0-005056013b0c, archive=false, dateOutputArchive=0001-01-01T00:00:00Z}, {guid=84f014af-36d2-11ee-b5b0-005056013b0c, code=1, name=Прокат сортовой из прецизионных сплавов с высоким электрическим сопротивлением ГОСТ 12766.4-90, parent=806b4c43-36d2-11ee-b5b0-005056013b0c, archive=false, dateOutputArchive=0001-01-01T00:00:00Z}, {guid=84f0150c-36d2-11ee-b5b0-005056013b0c, code=70, name=Поковки, parent=806b43ba-36d2-11ee-b5b0-005056013b0c, archive=false, dateOutputArchive=0001-01-01T00:00:00Z}, {guid=84f0158d-36d2-11ee-b5b0-005056013b0c, code=1, name=Поковки, parent=84f0150c-36d2-11ee-b5b0-005056013b0c, archive=false, dateOutputArchive=0001-01-01T00:00:00Z}, {guid=84f015ea-36d2-11ee-b5b0-005056013b0c, code=11, name=Изделия дальнейшего передела, parent=806b435e-36d2-11ee-b5b0-005056013b0c, archive=false, dateOutputArchive=0001-01-01T00:00:00Z}, {guid=84f01646-36d2-11ee-b5b0-005056013b0c, code=40, name=Прокат калиброванный круглый, parent=84f015ea-36d2-11ee-b5b0-005056013b0c, archive=false, dateOutputArchive=0001-01-01T00:00:00Z}, {guid=84f016c7-36d2-11ee-b5b0-005056013b0c, code=1, name=Прокат калиброванный круглый углеродистый ГОСТ 7417-75, parent=84f01646-36d2-11ee-b5b0-005056013b0c, archive=false, dateOutputArchive=0001-01-01T00:00:00Z}, {guid=84f01724-36d2-11ee-b5b0-005056013b0c, code=2, name=Прокат калиброванный круглый легированный ГОСТ 7417-75, parent=84f01646-36d2-11ee-b5b0-005056013b0c, archive=false, dateOutputArchive=0001-01-01T00:00:00Z}, {guid=84f01781-36d2-11ee-b5b0-005056013b0c, code=3, name=Прокат калиброванный круглый коррозионно-стойкий, жаропрочный ГОСТ 7417-75, parent=84f01646-36d2-11ee-b5b0-005056013b0c, archive=false, dateOutputArchive=0001-01-01T00:00:00Z}, {guid=84f017de-36d2-11ee-b5b0-005056013b0c, code=4, name=Прокат калиброванный круглый из рессорно-пружинной углеродистой и легированной стали ГОСТ 7417-75, parent=84f01646-36d2-11ee-b5b0-005056013b0c, archive=false, dateOutputArchive=0001-01-01T00:00:00Z}, {guid=84f0183b-36d2-11ee-b5b0-005056013b0c, code=5, name=Сталь качественная круглая со специальной отделкой поверхности ГОСТ 14955-77, parent=84f01646-36d2-11ee-b5b0-005056013b0c, archive=false, dateOutputArchive=0001-01-01T00:00:00Z}, {guid=84f01898-36d2-11ee-b5b0-005056013b0c, code=6, name=Прокат калиброванный для холодной высадки, parent=84f01646-36d2-11ee-b5b0-005056013b0c, archive=false, dateOutputArchive=0001-01-01T00:00:00Z}, {guid=84f018f5-36d2-11ee-b5b0-005056013b0c, code=7, name=Шток хромированный, parent=84f01646-36d2-11ee-b5b0-005056013b0c, archive=false, dateOutputArchive=0001-01-01T00:00:00Z}, {guid=84f01952-36d2-11ee-b5b0-005056013b0c, code=8, name=Прокат сортовой холоднотянутый подшипниковый ГОСТ 7417-75, parent=84f01646-36d2-11ee-b5b0-005056013b0c, archive=false, dateOutputArchive=0001-01-01T00:00:00Z}, {guid=84f019af-36d2-11ee-b5b0-005056013b0c, code=50, name=Прокат термически обработанный шлифованный, parent=84f015ea-36d2-11ee-b5b0-005056013b0c, archive=false, dateOutputArchive=0001-01-01T00:00:00Z}, {guid=84f01a30-36d2-11ee-b5b0-005056013b0c, code=1, name=Прутки нагартованные, термически обработанные шлифованные из высоколегированной и коррозионностойкой стали ГОСТ 18907-73, parent=84f019af-36d2-11ee-b5b0-005056013b0c, archive=false, dateOutputArchive=0001-01-01T00:00:00Z}, {guid=84f01a8d-36d2-11ee-b5b0-005056013b0c, code=60, name=Прокат высокой точности, parent=84f015ea-36d2-11ee-b5b0-005056013b0c, archive=false, dateOutputArchive=0001-01-01T00:00:00Z}, {guid=84f01b33-36d2-11ee-b5b0-005056013b0c, code=1, name=Сталь чистотянутая для шпонок ГОСТ 8787-68, parent=84f01a8d-36d2-11ee-b5b0-005056013b0c, archive=false, dateOutputArchive=0001-01-01T00:00:00Z}, {guid=84f01bb5-36d2-11ee-b5b0-005056013b0c, code=99, name=Круги, временно используемые в производстве (доработка складских остатков), parent=806b435e-36d2-11ee-b5b0-005056013b0c, archive=false, dateOutputArchive=0001-01-01T00:00:00Z}, {guid=84f01bed-36d2-11ee-b5b0-005056013b0c, code=5, name=Трубы, parent=806b25a2-36d2-11ee-b5b0-005056013b0c, archive=false, dateOutputArchive=0001-01-01T00:00:00Z}, {guid=84f01ca5-36d2-11ee-b5b0-005056013b0c, code=14, name=Трубы подшипниковые, parent=84f01c49-36d2-11ee-b5b0-005056013b0c, archive=false, dateOutputArchive=0001-01-01T00:00:00Z}, {guid=84f01d4d-36d2-11ee-b5b0-005056013b0c, code=1, name=Трубы подшипниковые ГОСТ 800-78, parent=84f01ca5-36d2-11ee-b5b0-005056013b0c, archive=false, dateOutputArchive=0001-01-01T00:00:00Z}, {guid=84f01dcf-36d2-11ee-b5b0-005056013b0c, code=19, name=Трубы катаные, parent=84f01c49-36d2-11ee-b5b0-005056013b0c, archive=false, dateOutputArchive=0001-01-01T00:00:00Z}, {guid=84f01e2b-36d2-11ee-b5b0-005056013b0c, code=1, name=Трубы стальные бесшовные горячедеформированные ГОСТ 8732-78, parent=84f01dcf-36d2-11ee-b5b0-005056013b0c, archive=false, dateOutputArchive=0001-01-01T00:00:00Z}, {guid=84f01ead-36d2-11ee-b5b0-005056013b0c, code=2, name=Трубы горячекатаные ТС 257-07, parent=84f01dcf-36d2-11ee-b5b0-005056013b0c, archive=false, dateOutputArchive=0001-01-01T00:00:00Z}, {guid=84f01f30-36d2-11ee-b5b0-005056013b0c, code=3, name=Трубы горячекатаные ТС 77-02, parent=84f01dcf-36d2-11ee-b5b0-005056013b0c, archive=false, dateOutputArchive=0001-01-01T00:00:00Z}, {guid=8c5aea59-36d2-11ee-b5b0-005056013b0c, code=1, name=Профиль ножа, parent=8c5ae9fd-36d2-11ee-b5b0-005056013b0c, archive=false, dateOutputArchive=0001-01-01T00:00:00Z}, {guid=84f01fb2-36d2-11ee-b5b0-005056013b0c, code=4, name=Трубы стальные бесшовные горячекатаные толстостенные из литого слитка ТУ 14-3Р-50-2001, parent=84f01dcf-36d2-11ee-b5b0-005056013b0c, archive=false, dateOutputArchive=0001-01-01T00:00:00Z}, {guid=84f02034-36d2-11ee-b5b0-005056013b0c, code=5, name=Трубы стальные бесшовные горячедеформированные для нефтегазопроводов ТУ 14-3Р-44-2001, parent=84f01dcf-36d2-11ee-b5b0-005056013b0c, archive=false, dateOutputArchive=0001-01-01T00:00:00Z}, {guid=84f020b6-36d2-11ee-b5b0-005056013b0c, code=6, name=Трубы бесшовные горячедеформированные из коррозионностойкой стали ГОСТ 9940-81, parent=84f01dcf-36d2-11ee-b5b0-005056013b0c, archive=false, dateOutputArchive=0001-01-01T00:00:00Z}, {guid=84f02138-36d2-11ee-b5b0-005056013b0c, code=40, name=Трубы тянутые, parent=84f01c49-36d2-11ee-b5b0-005056013b0c, archive=false, dateOutputArchive=0001-01-01T00:00:00Z}, {guid=84f02194-36d2-11ee-b5b0-005056013b0c, code=1, name=Трубы стальные бесшовные холоднодеформированные ГОСТ 8734-75, parent=84f02138-36d2-11ee-b5b0-005056013b0c, archive=false, dateOutputArchive=0001-01-01T00:00:00Z}, {guid=86635496-36d2-11ee-b5b0-005056013b0c, code=2, name=Трубы стальные электросварные прямошовные ГОСТ 10704-91, parent=84f02138-36d2-11ee-b5b0-005056013b0c, archive=false, dateOutputArchive=0001-01-01T00:00:00Z}, {guid=86635518-36d2-11ee-b5b0-005056013b0c, code=3, name=Трубы стальные электросварные холоднодеформированные для карданных валов ГОСТ 5005-82, parent=84f02138-36d2-11ee-b5b0-005056013b0c, archive=false, dateOutputArchive=0001-01-01T00:00:00Z}, {guid=8663559a-36d2-11ee-b5b0-005056013b0c, code=4, name=Трубы холоднодеформированные ТУ 14-3-575-90, ПР890-2002, parent=84f02138-36d2-11ee-b5b0-005056013b0c, archive=false, dateOutputArchive=0001-01-01T00:00:00Z}, {guid=8663561c-36d2-11ee-b5b0-005056013b0c, code=5, name=Трубы стальные бесшовные высокого давления ГОСТ 11017-80, parent=84f02138-36d2-11ee-b5b0-005056013b0c, archive=false, dateOutputArchive=0001-01-01T00:00:00Z}, {guid=8663569e-36d2-11ee-b5b0-005056013b0c, code=6, name=Трубы стальные бесшовные холоднодеформируемые производства фирмы ШТАУФФ, parent=84f02138-36d2-11ee-b5b0-005056013b0c, archive=false, dateOutputArchive=0001-01-01T00:00:00Z}, {guid=86635720-36d2-11ee-b5b0-005056013b0c, code=44, name=Трубы тянутые прецизионные, прямоугольные, квадратные, parent=84f01c49-36d2-11ee-b5b0-005056013b0c, archive=false, dateOutputArchive=0001-01-01T00:00:00Z}, {guid=8663577c-36d2-11ee-b5b0-005056013b0c, code=1, name=Трубы стальные прецизионные ГОСТ 9567-75, parent=86635720-36d2-11ee-b5b0-005056013b0c, archive=false, dateOutputArchive=0001-01-01T00:00:00Z}, {guid=866357fe-36d2-11ee-b5b0-005056013b0c, code=2, name=Трубы стальные прямоугольные ГОСТ 8645-68, parent=86635720-36d2-11ee-b5b0-005056013b0c, archive=false, dateOutputArchive=0001-01-01T00:00:00Z}, {guid=866358a7-36d2-11ee-b5b0-005056013b0c, code=3, name=Трубы стальные квадратные ГОСТ 8639-82, parent=86635720-36d2-11ee-b5b0-005056013b0c, archive=false, dateOutputArchive=0001-01-01T00:00:00Z}, {guid=86636371-36d2-11ee-b5b0-005056013b0c, code=99, name=Полосы, временно используемые в производстве (доработка складских остатков), parent=86635f07-36d2-11ee-b5b0-005056013b0c, archive=false, dateOutputArchive=0001-01-01T00:00:00Z}, {guid=86635929-36d2-11ee-b5b0-005056013b0c, code=4, name=Профили стальные гнутые замкнутые сварные квадратные и прямоугольные для строительных конструкций, parent=86635720-36d2-11ee-b5b0-005056013b0c, archive=false, dateOutputArchive=0001-01-01T00:00:00Z}, {guid=866359d0-36d2-11ee-b5b0-005056013b0c, code=5, name=Трубы стальные электросварные прямоугольного и квадратного сечения ТУ 14-3-462-76, parent=86635720-36d2-11ee-b5b0-005056013b0c, archive=false, dateOutputArchive=0001-01-01T00:00:00Z}, {guid=86635a77-36d2-11ee-b5b0-005056013b0c, code=6, name=Профили стальные гнутые замкнутые сварные квадратные и прямоугольные ГОСТ 25577-83, parent=86635720-36d2-11ee-b5b0-005056013b0c, archive=false, dateOutputArchive=0001-01-01T00:00:00Z}, {guid=86635b1e-36d2-11ee-b5b0-005056013b0c, code=51, name=Трубы тонкостенные углерод, parent=84f01c49-36d2-11ee-b5b0-005056013b0c, archive=false, dateOutputArchive=0001-01-01T00:00:00Z}, {guid=86635bc4-36d2-11ee-b5b0-005056013b0c, code=1, name=Трубы стальные бесшовные холоднодеформированные для судостроения ГОСТ 1060-83, parent=86635b1e-36d2-11ee-b5b0-005056013b0c, archive=false, dateOutputArchive=0001-01-01T00:00:00Z}, {guid=86635c46-36d2-11ee-b5b0-005056013b0c, code=60, name=Трубы тонкостенные нерж, parent=84f01c49-36d2-11ee-b5b0-005056013b0c, archive=false, dateOutputArchive=0001-01-01T00:00:00Z}, {guid=86635cec-36d2-11ee-b5b0-005056013b0c, code=1, name=Трубы бесшовные холодно и теплодеформированные из коррозионной стали ГОСТ 9941-81, parent=86635c46-36d2-11ee-b5b0-005056013b0c, archive=false, dateOutputArchive=0001-01-01T00:00:00Z}, {guid=86635d6e-36d2-11ee-b5b0-005056013b0c, code=2, name=Трубы стальные бесшовные для маслопроводов и топливопроводов ГОСТ 19277-73, parent=86635c46-36d2-11ee-b5b0-005056013b0c, archive=false, dateOutputArchive=0001-01-01T00:00:00Z}, {guid=86635df0-36d2-11ee-b5b0-005056013b0c, code=85, name=Трубы стальные водогазопроводные, parent=84f01c49-36d2-11ee-b5b0-005056013b0c, archive=false, dateOutputArchive=0001-01-01T00:00:00Z}, {guid=86635e4c-36d2-11ee-b5b0-005056013b0c, code=1, name=Трубы стальные водогазопроводные ГОСТ 3262-75, parent=86635df0-36d2-11ee-b5b0-005056013b0c, archive=false, dateOutputArchive=0001-01-01T00:00:00Z}, {guid=86635f07-36d2-11ee-b5b0-005056013b0c, code=6, name=Полоса, parent=806b25a2-36d2-11ee-b5b0-005056013b0c, archive=false, dateOutputArchive=0001-01-01T00:00:00Z}, {guid=86635f63-36d2-11ee-b5b0-005056013b0c, code=9, name=Прокат черных металлов, parent=86635f07-36d2-11ee-b5b0-005056013b0c, archive=false, dateOutputArchive=0001-01-01T00:00:00Z}, {guid=86635fbf-36d2-11ee-b5b0-005056013b0c, code=50, name=Полоса стальная, parent=86635f63-36d2-11ee-b5b0-005056013b0c, archive=false, dateOutputArchive=0001-01-01T00:00:00Z}, {guid=86636065-36d2-11ee-b5b0-005056013b0c, code=1, name=Прокат сортовой стальной горячекатаный полосовой ГОСТ 103-2006, parent=86635fbf-36d2-11ee-b5b0-005056013b0c, archive=false, dateOutputArchive=0001-01-01T00:00:00Z}, {guid=866360e7-36d2-11ee-b5b0-005056013b0c, code=2, name=Профили стальные холоднодеформированные высокой точности ТУ 14-11-245-88, parent=86635fbf-36d2-11ee-b5b0-005056013b0c, archive=false, dateOutputArchive=0001-01-01T00:00:00Z}, {guid=86636169-36d2-11ee-b5b0-005056013b0c, code=3, name=Прокат сортовой стальной горячекатаный полосовой рессорно-пружинный ГОСТ 7419-90, parent=86635fbf-36d2-11ee-b5b0-005056013b0c, archive=false, dateOutputArchive=0001-01-01T00:00:00Z}, {guid=866361eb-36d2-11ee-b5b0-005056013b0c, code=4, name=Прокат сортовой стальной горячекатаный полосовой ТУ 14-1-5240-93, parent=86635fbf-36d2-11ee-b5b0-005056013b0c, archive=false, dateOutputArchive=0001-01-01T00:00:00Z}, {guid=8663626d-36d2-11ee-b5b0-005056013b0c, code=5, name=Прокат широкополосный универсальный ГОСТ 82-70, parent=86635fbf-36d2-11ee-b5b0-005056013b0c, archive=false, dateOutputArchive=0001-01-01T00:00:00Z}, {guid=866362ef-36d2-11ee-b5b0-005056013b0c, code=6, name=Прокат листовой и полосовой термообработанный повышенного качества ТУ 14-1-4632-93, parent=86635fbf-36d2-11ee-b5b0-005056013b0c, archive=false, dateOutputArchive=0001-01-01T00:00:00Z}, {guid=866363a9-36d2-11ee-b5b0-005056013b0c, code=7, name=Уголки, parent=806b25a2-36d2-11ee-b5b0-005056013b0c, archive=false, dateOutputArchive=0001-01-01T00:00:00Z}, {guid=86636405-36d2-11ee-b5b0-005056013b0c, code=9, name=Прокат черных металлов, parent=866363a9-36d2-11ee-b5b0-005056013b0c, archive=false, dateOutputArchive=0001-01-01T00:00:00Z}, {guid=86636461-36d2-11ee-b5b0-005056013b0c, code=30, name=Уголки стальные, parent=86636405-36d2-11ee-b5b0-005056013b0c, archive=false, dateOutputArchive=0001-01-01T00:00:00Z}, {guid=86636509-36d2-11ee-b5b0-005056013b0c, code=1, name=Уголки стальные горячекатанные равнополочные ГОСТ 8509-93, parent=86636461-36d2-11ee-b5b0-005056013b0c, archive=false, dateOutputArchive=0001-01-01T00:00:00Z}, {guid=8c5aeadb-36d2-11ee-b5b0-005056013b0c, code=2, name=Полоса башмачная для тракторов, parent=8c5ae9fd-36d2-11ee-b5b0-005056013b0c, archive=false, dateOutputArchive=0001-01-01T00:00:00Z}, {guid=866365b1-36d2-11ee-b5b0-005056013b0c, code=2, name=Уголки стальные горячекатанные неравнополочные ГОСТ 8510-86, parent=86636461-36d2-11ee-b5b0-005056013b0c, archive=false, dateOutputArchive=0001-01-01T00:00:00Z}, {guid=86636659-36d2-11ee-b5b0-005056013b0c, code=8, name=Ленты, parent=806b25a2-36d2-11ee-b5b0-005056013b0c, archive=false, dateOutputArchive=0001-01-01T00:00:00Z}, {guid=866366ff-36d2-11ee-b5b0-005056013b0c, code=9, name=Прокат черных металлов, parent=86636659-36d2-11ee-b5b0-005056013b0c, archive=false, dateOutputArchive=0001-01-01T00:00:00Z}, {guid=866367a5-36d2-11ee-b5b0-005056013b0c, code=35, name=Лента стальная горячекатаная, parent=866366ff-36d2-11ee-b5b0-005056013b0c, archive=false, dateOutputArchive=0001-01-01T00:00:00Z}, {guid=8663684b-36d2-11ee-b5b0-005056013b0c, code=1, name=Лента стальная горячекатаная ГОСТ 6009-74, parent=866367a5-36d2-11ee-b5b0-005056013b0c, archive=false, dateOutputArchive=0001-01-01T00:00:00Z}, {guid=866368cd-36d2-11ee-b5b0-005056013b0c, code=12, name=Метизы, parent=86636659-36d2-11ee-b5b0-005056013b0c, archive=false, dateOutputArchive=0001-01-01T00:00:00Z}, {guid=86636973-36d2-11ee-b5b0-005056013b0c, code=30, name=Лента холоднокатаная, parent=866368cd-36d2-11ee-b5b0-005056013b0c, archive=false, dateOutputArchive=0001-01-01T00:00:00Z}, {guid=8c5aeeb4-36d2-11ee-b5b0-005056013b0c, code=9, name=Прокат черных металлов, parent=8c5aee58-36d2-11ee-b5b0-005056013b0c, archive=false, dateOutputArchive=0001-01-01T00:00:00Z}, {guid=86636a19-36d2-11ee-b5b0-005056013b0c, code=1, name=Лента холоднокатаная из низкоуглеродистой стали ГОСТ 503-81, parent=86636973-36d2-11ee-b5b0-005056013b0c, archive=false, dateOutputArchive=0001-01-01T00:00:00Z}, {guid=86636a9b-36d2-11ee-b5b0-005056013b0c, code=2, name=Лента холоднокатаная из инструментальной и пружинной стали ГОСТ 2283-79, parent=86636973-36d2-11ee-b5b0-005056013b0c, archive=false, dateOutputArchive=0001-01-01T00:00:00Z}, {guid=86636b1d-36d2-11ee-b5b0-005056013b0c, code=3, name=Лента холоднокатаная термообработанная ГОСТ 21996-76, parent=86636973-36d2-11ee-b5b0-005056013b0c, archive=false, dateOutputArchive=0001-01-01T00:00:00Z}, {guid=86636b9f-36d2-11ee-b5b0-005056013b0c, code=4, name=Лента стальная упаковочная ГОСТ 3560-73, parent=86636973-36d2-11ee-b5b0-005056013b0c, archive=false, dateOutputArchive=0001-01-01T00:00:00Z}, {guid=86636c21-36d2-11ee-b5b0-005056013b0c, code=5, name=Лента холоднокатаная повышенной точности ГОСТ 19851-74, parent=86636973-36d2-11ee-b5b0-005056013b0c, archive=false, dateOutputArchive=0001-01-01T00:00:00Z}, {guid=86636ca3-36d2-11ee-b5b0-005056013b0c, code=6, name=Лента холоднокатаная ТУ 14-550-6-94, parent=86636973-36d2-11ee-b5b0-005056013b0c, archive=false, dateOutputArchive=0001-01-01T00:00:00Z}, {guid=86636d25-36d2-11ee-b5b0-005056013b0c, code=7, name=Лента холоднокатаная ТУ 14-1-258-72, parent=86636973-36d2-11ee-b5b0-005056013b0c, archive=false, dateOutputArchive=0001-01-01T00:00:00Z}, {guid=86636da7-36d2-11ee-b5b0-005056013b0c, code=8, name=Лента холоднокатаная из углеродистой конструкционной стали ГОСТ 2284-79, parent=86636973-36d2-11ee-b5b0-005056013b0c, archive=false, dateOutputArchive=0001-01-01T00:00:00Z}, {guid=86636e29-36d2-11ee-b5b0-005056013b0c, code=33, name=Лента холоднокатаная нерж, parent=866368cd-36d2-11ee-b5b0-005056013b0c, archive=false, dateOutputArchive=0001-01-01T00:00:00Z}, {guid=86636ecf-36d2-11ee-b5b0-005056013b0c, code=1, name=Лента холоднокатаная из коррозионно-стойкой и жаростойкой стали ГОСТ 4986-79, parent=86636e29-36d2-11ee-b5b0-005056013b0c, archive=false, dateOutputArchive=0001-01-01T00:00:00Z}, {guid=86636f51-36d2-11ee-b5b0-005056013b0c, code=35, name=Лента из сплавов высокого омического сопротивления, parent=866368cd-36d2-11ee-b5b0-005056013b0c, archive=false, dateOutputArchive=0001-01-01T00:00:00Z}, {guid=86636ff7-36d2-11ee-b5b0-005056013b0c, code=1, name=Лента из прецизионных сплавов с высоким электрическим сопротивлением ГОСТ 12766.2-90, parent=86636f51-36d2-11ee-b5b0-005056013b0c, archive=false, dateOutputArchive=0001-01-01T00:00:00Z}, {guid=86637079-36d2-11ee-b5b0-005056013b0c, code=61, name=Лента холоднокатаная из термобиметаллов, parent=866368cd-36d2-11ee-b5b0-005056013b0c, archive=false, dateOutputArchive=0001-01-01T00:00:00Z}, {guid=8663711f-36d2-11ee-b5b0-005056013b0c, code=1, name=Лента холоднокатаная из термобиметаллов ГОСТ 10533-86, parent=86637079-36d2-11ee-b5b0-005056013b0c, archive=false, dateOutputArchive=0001-01-01T00:00:00Z}, {guid=866371a1-36d2-11ee-b5b0-005056013b0c, code=99, name=Ленты, временно используемые в производстве (доработка складских остатков), parent=86636659-36d2-11ee-b5b0-005056013b0c, archive=false, dateOutputArchive=0001-01-01T00:00:00Z}, {guid=86637223-36d2-11ee-b5b0-005056013b0c, code=9, name=Швеллеры, parent=806b25a2-36d2-11ee-b5b0-005056013b0c, archive=false, dateOutputArchive=0001-01-01T00:00:00Z}, {guid=8663727f-36d2-11ee-b5b0-005056013b0c, code=9, name=Прокат черных металлов, parent=86637223-36d2-11ee-b5b0-005056013b0c, archive=false, dateOutputArchive=0001-01-01T00:00:00Z}, {guid=866372db-36d2-11ee-b5b0-005056013b0c, code=25, name=Швеллеры, parent=8663727f-36d2-11ee-b5b0-005056013b0c, archive=false, dateOutputArchive=0001-01-01T00:00:00Z}, {guid=86637337-36d2-11ee-b5b0-005056013b0c, code=1, name=Швеллеры стальные горячекатаные ГОСТ 8240-97, parent=866372db-36d2-11ee-b5b0-005056013b0c, archive=false, dateOutputArchive=0001-01-01T00:00:00Z}, {guid=866373bb-36d2-11ee-b5b0-005056013b0c, code=2, name=Двутавры стальные горячекатанные ГОСТ 8239-89, parent=866372db-36d2-11ee-b5b0-005056013b0c, archive=false, dateOutputArchive=0001-01-01T00:00:00Z}, {guid=8663743d-36d2-11ee-b5b0-005056013b0c, code=3, name=Швеллеры стальные гнутые равнополочные ГОСТ 8278-83, parent=866372db-36d2-11ee-b5b0-005056013b0c, archive=false, dateOutputArchive=0001-01-01T00:00:00Z}, {guid=866374e5-36d2-11ee-b5b0-005056013b0c, code=4, name=Швеллеры стальные гнутые неравнополочные ГОСТ 8281-80, parent=866372db-36d2-11ee-b5b0-005056013b0c, archive=false, dateOutputArchive=0001-01-01T00:00:00Z}, {guid=8663758c-36d2-11ee-b5b0-005056013b0c, code=5, name=Балки двутавровые и швеллеры стальные специальные ГОСТ 19425-74, parent=866372db-36d2-11ee-b5b0-005056013b0c, archive=false, dateOutputArchive=0001-01-01T00:00:00Z}, {guid=8663766a-36d2-11ee-b5b0-005056013b0c, code=12, name=Метизы, parent=8663760e-36d2-11ee-b5b0-005056013b0c, archive=false, dateOutputArchive=0001-01-01T00:00:00Z}, {guid=866376c6-36d2-11ee-b5b0-005056013b0c, code=50, name=Канаты, parent=8663766a-36d2-11ee-b5b0-005056013b0c, archive=false, dateOutputArchive=0001-01-01T00:00:00Z}, {guid=86637747-36d2-11ee-b5b0-005056013b0c, code=1, name=Канат одинарной свивки ТК конструкции 1х19(1+6+12) ГОСТ 3063-80, parent=866376c6-36d2-11ee-b5b0-005056013b0c, archive=false, dateOutputArchive=0001-01-01T00:00:00Z}, {guid=866377a4-36d2-11ee-b5b0-005056013b0c, code=2, name=Канат двойной свивки типа конструкции 6х37(1+6+12+18)+1 о.с. ГОСТ 3071-88, parent=866376c6-36d2-11ee-b5b0-005056013b0c, archive=false, dateOutputArchive=0001-01-01T00:00:00Z}, {guid=86637801-36d2-11ee-b5b0-005056013b0c, code=3, name=Канат двойной свивки типа ЛК-РО конструкции 6х36(1+7+7/7+14)+7х7(1+6) ГОСТ 7669-80, parent=866376c6-36d2-11ee-b5b0-005056013b0c, archive=false, dateOutputArchive=0001-01-01T00:00:00Z}, {guid=8663785e-36d2-11ee-b5b0-005056013b0c, code=4, name=Канат двойной свивки типа ЛК-РО конструкции 6х36(1+7+7/7+14)+ 1 о.с. ГОСТ 7668-80, parent=866376c6-36d2-11ee-b5b0-005056013b0c, archive=false, dateOutputArchive=0001-01-01T00:00:00Z}, {guid=866378bb-36d2-11ee-b5b0-005056013b0c, code=5, name=Канаты стальные авиационные ГОСТ 3241-80, parent=866376c6-36d2-11ee-b5b0-005056013b0c, archive=false, dateOutputArchive=0001-01-01T00:00:00Z}, {guid=86637918-36d2-11ee-b5b0-005056013b0c, code=6, name=Канат стальной ТУ 14-4-412-73, parent=866376c6-36d2-11ee-b5b0-005056013b0c, archive=false, dateOutputArchive=0001-01-01T00:00:00Z}, {guid=86637975-36d2-11ee-b5b0-005056013b0c, code=7, name=Канат стальной двойной свивки типа ТК конструкции 6х19(1+6+12)+1о.с. ГОСТ 3070-80, parent=866376c6-36d2-11ee-b5b0-005056013b0c, archive=false, dateOutputArchive=0001-01-01T00:00:00Z}, {guid=866379d2-36d2-11ee-b5b0-005056013b0c, code=8, name=Канат стальной двойной свивки типа ТК конструкции 6х19(1+6+12)+1х19(1+6+12) ГОСТ 3067-88, parent=866376c6-36d2-11ee-b5b0-005056013b0c, archive=false, dateOutputArchive=0001-01-01T00:00:00Z}, {guid=86637a2f-36d2-11ee-b5b0-005056013b0c, code=9, name=Канат двойной свивки типа ЛК-О конструкции 6х7(1+6)+1х7(1+6) ГОСТ 3066-80, parent=866376c6-36d2-11ee-b5b0-005056013b0c, archive=false, dateOutputArchive=0001-01-01T00:00:00Z}, {guid=86637ae9-36d2-11ee-b5b0-005056013b0c, code=11, name=Канат двойной свивки типа ЛК-Р конструкции 6х19(1+6+6/6)+1о.с. ГОСТ2688-80, parent=866376c6-36d2-11ee-b5b0-005056013b0c, archive=false, dateOutputArchive=0001-01-01T00:00:00Z}, {guid=86637b46-36d2-11ee-b5b0-005056013b0c, code=12, name=Канат двойной свивки типа ЛК-О конструкции 6х19(1+9+9)+1о.с.ГОСТ3077-80, parent=866376c6-36d2-11ee-b5b0-005056013b0c, archive=false, dateOutputArchive=0001-01-01T00:00:00Z}, {guid=8acaf7ed-36d2-11ee-b5b0-005056013b0c, code=13, name=Канат двойной свивки типа ЛК-3 конструкции 6х25 (1+6; 6+12)+1о.с ГОСТ 7665-80, parent=866376c6-36d2-11ee-b5b0-005056013b0c, archive=false, dateOutputArchive=0001-01-01T00:00:00Z}, {guid=8acaf84a-36d2-11ee-b5b0-005056013b0c, code=14, name=Канат одинарной свивки типа ЛК-О конструкции 1х7(1+6) ГОСТ 3062-80, parent=866376c6-36d2-11ee-b5b0-005056013b0c, archive=false, dateOutputArchive=0001-01-01T00:00:00Z}, {guid=8acaf8a7-36d2-11ee-b5b0-005056013b0c, code=15, name=Канат двойной свивки типа ТЛК-О конструкции 6х37(1+6+15+15)+1 о.с. ГОСТ 3079-80, parent=866376c6-36d2-11ee-b5b0-005056013b0c, archive=false, dateOutputArchive=0001-01-01T00:00:00Z}, {guid=8acaf904-36d2-11ee-b5b0-005056013b0c, code=16, name=Канат двойной свивки типа ЛК-Р конструкции 6х19(1+6+6/6)+7х7(1+6) ГОСТ 14954-80, parent=866376c6-36d2-11ee-b5b0-005056013b0c, archive=false, dateOutputArchive=0001-01-01T00:00:00Z}, {guid=8acaf961-36d2-11ee-b5b0-005056013b0c, code=99, name=Канаты, временно используемые в производстве (доработка складских остатков), parent=8663760e-36d2-11ee-b5b0-005056013b0c, archive=false, dateOutputArchive=0001-01-01T00:00:00Z}, {guid=8acaf999-36d2-11ee-b5b0-005056013b0c, code=11, name=Проволока, parent=806b25a2-36d2-11ee-b5b0-005056013b0c, archive=false, dateOutputArchive=0001-01-01T00:00:00Z}, {guid=8acaf9f5-36d2-11ee-b5b0-005056013b0c, code=12, name=Метизы, parent=8acaf999-36d2-11ee-b5b0-005056013b0c, archive=false, dateOutputArchive=0001-01-01T00:00:00Z}, {guid=8acafa51-36d2-11ee-b5b0-005056013b0c, code=10, name=Проволока обыкновенного качества, parent=8acaf9f5-36d2-11ee-b5b0-005056013b0c, archive=false, dateOutputArchive=0001-01-01T00:00:00Z}, {guid=8acafad2-36d2-11ee-b5b0-005056013b0c, code=1, name=Проволока низкоуглеродистая качественная ГОСТ 792-67, parent=8acafa51-36d2-11ee-b5b0-005056013b0c, archive=false, dateOutputArchive=0001-01-01T00:00:00Z}, {guid=8acafb2f-36d2-11ee-b5b0-005056013b0c, code=2, name=Проволока стальная низкоуглеродистая общего назначения ГОСТ 3282-74, parent=8acafa51-36d2-11ee-b5b0-005056013b0c, archive=false, dateOutputArchive=0001-01-01T00:00:00Z}, {guid=8acafb8c-36d2-11ee-b5b0-005056013b0c, code=20, name=Проволока из углеродистых и легированных марок сталей, parent=8acaf9f5-36d2-11ee-b5b0-005056013b0c, archive=false, dateOutputArchive=0001-01-01T00:00:00Z}, {guid=8acafc45-36d2-11ee-b5b0-005056013b0c, code=2, name=Проволока стальная углеродистая пружинная ГОСТ 9389-75, parent=8acafb8c-36d2-11ee-b5b0-005056013b0c, archive=false, dateOutputArchive=0001-01-01T00:00:00Z}, {guid=8acafca2-36d2-11ee-b5b0-005056013b0c, code=3, name=Проволока стальная легированная пружинная ГОСТ 14963-78, parent=8acafb8c-36d2-11ee-b5b0-005056013b0c, archive=false, dateOutputArchive=0001-01-01T00:00:00Z}, {guid=8acafcff-36d2-11ee-b5b0-005056013b0c, code=4, name=Проволока стальная для пружинных шайб ГОСТ 11850-72, parent=8acafb8c-36d2-11ee-b5b0-005056013b0c, archive=false, dateOutputArchive=0001-01-01T00:00:00Z}, {guid=86637a8c-36d2-11ee-b5b0-005056013b0c, code=10, name=Канат двойной свивки многопрядный типа ЛК-Р конструкции 18х19(1+6+6/6)+1о.с. ГОСТ 3088-80, parent=866376c6-36d2-11ee-b5b0-005056013b0c, archive=false, dateOutputArchive=0001-01-01T00:00:00Z}, {guid=8acafbe8-36d2-11ee-b5b0-005056013b0c, code=1, name=Проволока из углеродистой конструкционной стали ГОСТ 17305-91, parent=8acafb8c-36d2-11ee-b5b0-005056013b0c, archive=false, dateOutputArchive=0001-01-01T00:00:00Z}, {guid=8acafd6f-36d2-11ee-b5b0-005056013b0c, code=5, name=Проволока стальная углеродистая для холодной высадки и выдавливания, parent=8acafb8c-36d2-11ee-b5b0-005056013b0c, archive=false, dateOutputArchive=0001-01-01T00:00:00Z}, {guid=8acafdcc-36d2-11ee-b5b0-005056013b0c, code=22, name=Проволока из нержавеющей стали, parent=8acaf9f5-36d2-11ee-b5b0-005056013b0c, archive=false, dateOutputArchive=0001-01-01T00:00:00Z}]
" type="java.lang.AssertionError">
      <![CDATA[java.lang.AssertionError: 1 expectation failed.
Response body doesn't match expectation.
Expected: The content to match the given JSON schema.
error: instance type (integer) does not match any allowed primitive type (allowed: ["string"])
    level: "error"
    schema: {"loadingURI":"file:/C:/Users/Sasha/Api/target/test-classes/getEopList.json#","pointer":"/items/properties/code"}
    instance: {"pointer":"/0/code"}
    domain: "validation"
    keyword: "type"
    found: "integer"
    expected: ["string"]

  Actual: [{guid=806b27a5-36d2-11ee-b5b0-005056013b0c, code=1, name=Прокат толстолистовой горячекатаный из стали повышенной прочности ГОСТ 19903-74, parent=806b26da-36d2-11ee-b5b0-005056013b0c, archive=false, dateOutputArchive=0001-01-01T00:00:00Z}, {guid=806b284d-36d2-11ee-b5b0-005056013b0c, code=2, name=Листы просечно-вытяжные, parent=806b26da-36d2-11ee-b5b0-005056013b0c, archive=false, dateOutputArchive=0001-01-01T00:00:00Z}, {guid=806b28f5-36d2-11ee-b5b0-005056013b0c, code=3, name=Прокат листовой горячекатаный из высококачественной стали повышенной прочности (Швеция), parent=806b26da-36d2-11ee-b5b0-005056013b0c, archive=false, dateOutputArchive=0001-01-01T00:00:00Z}, {guid=806b2977-36d2-11ee-b5b0-005056013b0c, code=72, name=Листы стальные с ромбическим и чечевичным рифлением, parent=806b267e-36d2-11ee-b5b0-005056013b0c, archive=false, dateOutputArchive=0001-01-01T00:00:00Z}, {guid=806b2a42-36d2-11ee-b5b0-005056013b0c, code=1, name=Листы стальные с ромбическим и чечевичным рифлением ГОСТ 8568-77, parent=806b2977-36d2-11ee-b5b0-005056013b0c, archive=false, dateOutputArchive=0001-01-01T00:00:00Z}, {guid=806b2ae9-36d2-11ee-b5b0-005056013b0c, code=81, name=Прокат листовой горячекатаный, parent=806b267e-36d2-11ee-b5b0-005056013b0c, archive=false, dateOutputArchive=0001-01-01T00:00:00Z}, {guid=806b2bb4-36d2-11ee-b5b0-005056013b0c, code=1, name=Прокат листовой горячекатаный из легированной конструкционной стали общего назначения ГОСТ 19903-74, parent=806b2ae9-36d2-11ee-b5b0-005056013b0c, archive=false, dateOutputArchive=0001-01-01T00:00:00Z}, {guid=806b2c5b-36d2-11ee-b5b0-005056013b0c, code=2, name=Прокат листовой горячекатаный из стали углеродистой обыкновенного качества ГОСТ 19903-74, parent=806b2ae9-36d2-11ee-b5b0-005056013b0c, archive=false, dateOutputArchive=0001-01-01T00:00:00Z}, {guid=806b2d02-36d2-11ee-b5b0-005056013b0c, code=3, name=Прокат листовой горячекатаный из конструкционной качественной стали ГОСТ 19903-74, parent=806b2ae9-36d2-11ee-b5b0-005056013b0c, archive=false, dateOutputArchive=0001-01-01T00:00:00Z}, {guid=806b2da9-36d2-11ee-b5b0-005056013b0c, code=4, name=Прокат толстолистовой горячекатаный из легированной стали ГОСТ 19903-74, parent=806b2ae9-36d2-11ee-b5b0-005056013b0c, archive=false, dateOutputArchive=0001-01-01T00:00:00Z}, {guid=806b2e50-36d2-11ee-b5b0-005056013b0c, code=5, name=Прокат толстолистовой горячекатаный из легированной стали, parent=806b2ae9-36d2-11ee-b5b0-005056013b0c, archive=false, dateOutputArchive=0001-01-01T00:00:00Z}, {guid=806b2ef7-36d2-11ee-b5b0-005056013b0c, code=6, name=Прокат горячекатанный ТУ 1-9-1021-84, parent=806b2ae9-36d2-11ee-b5b0-005056013b0c, archive=false, dateOutputArchive=0001-01-01T00:00:00Z}, {guid=806b2f9e-36d2-11ee-b5b0-005056013b0c, code=7, name=Листы спецстали АК, parent=806b2ae9-36d2-11ee-b5b0-005056013b0c, archive=false, dateOutputArchive=0001-01-01T00:00:00Z}, {guid=806b3045-36d2-11ee-b5b0-005056013b0c, code=86, name=Прокат толстолистовой горячекатаный коррозионно-стойкий, жаростойкий и жаропрочный, parent=806b267e-36d2-11ee-b5b0-005056013b0c, archive=false, dateOutputArchive=0001-01-01T00:00:00Z}, {guid=806b3110-36d2-11ee-b5b0-005056013b0c, code=1, name=Прокат листовой горячекатаный коррозионно-стойкий, жаростойкий и жаропрочный ГОСТ 19903-74, parent=806b3045-36d2-11ee-b5b0-005056013b0c, archive=false, dateOutputArchive=0001-01-01T00:00:00Z}, {guid=806b2622-36d2-11ee-b5b0-005056013b0c, code=1, name=Листы, parent=806b25a2-36d2-11ee-b5b0-005056013b0c, archive=false, dateOutputArchive=0001-01-01T00:00:00Z}, {guid=806b267e-36d2-11ee-b5b0-005056013b0c, code=9, name=Прокат черных металлов, parent=806b2622-36d2-11ee-b5b0-005056013b0c, archive=false, dateOutputArchive=0001-01-01T00:00:00Z}, {guid=806b25a2-36d2-11ee-b5b0-005056013b0c, code=1, name=Металлы черные, parent=00000000-0000-0000-0000-000000000000, archive=false, dateOutputArchive=0001-01-01T00:00:00Z}, {guid=806b31b7-36d2-11ee-b5b0-005056013b0c, code=89, name=Листы спецстали, parent=806b267e-36d2-11ee-b5b0-005056013b0c, archive=false, dateOutputArchive=0001-01-01T00:00:00Z}, {guid=806b3282-36d2-11ee-b5b0-005056013b0c, code=1, name=Листы спецстали, parent=806b31b7-36d2-11ee-b5b0-005056013b0c, archive=false, dateOutputArchive=0001-01-01T00:00:00Z}, {guid=806b3329-36d2-11ee-b5b0-005056013b0c, code=91, name=Прокат тонколистовой холоднокатаный, parent=806b267e-36d2-11ee-b5b0-005056013b0c, archive=false, dateOutputArchive=0001-01-01T00:00:00Z}, {guid=806b3385-36d2-11ee-b5b0-005056013b0c, code=1, name=Прокат тонколистовой холоднокатаный из углеродистой стали качественной и обыкновенного качества общего назначения ГОСТ 19904-90, parent=806b3329-36d2-11ee-b5b0-005056013b0c, archive=false, dateOutputArchive=0001-01-01T00:00:00Z}, {guid=806b342c-36d2-11ee-b5b0-005056013b0c, code=2, name=Прокат тонколистовой холоднокатаный из низкоуглеродистой качественной стали для холодной штамповки ГОСТ 19904-90, parent=806b3329-36d2-11ee-b5b0-005056013b0c, archive=false, dateOutputArchive=0001-01-01T00:00:00Z}, {guid=806b34d3-36d2-11ee-b5b0-005056013b0c, code=3, name=Прокат листовой холоднокатаный из легированной конструкционной стали общего назначения ГОСТ 19904-90, parent=806b3329-36d2-11ee-b5b0-005056013b0c, archive=false, dateOutputArchive=0001-01-01T00:00:00Z}, {guid=806b357a-36d2-11ee-b5b0-005056013b0c, code=4, name=Листы перфорированные «ПЕРФОКОМ», parent=806b3329-36d2-11ee-b5b0-005056013b0c, archive=false, dateOutputArchive=0001-01-01T00:00:00Z}, {guid=806b3623-36d2-11ee-b5b0-005056013b0c, code=5, name=Листы перфорированные, parent=806b3329-36d2-11ee-b5b0-005056013b0c, archive=false, dateOutputArchive=0001-01-01T00:00:00Z}, {guid=806b36cb-36d2-11ee-b5b0-005056013b0c, code=93, name=Прокат тонколистовой из коррозионно-стойкой, жаростойкой и жаропрочной стали, parent=806b267e-36d2-11ee-b5b0-005056013b0c, archive=false, dateOutputArchive=0001-01-01T00:00:00Z}, {guid=806b3796-36d2-11ee-b5b0-005056013b0c, code=1, name=Прокат тонколистовой из коррозионно-стойкой, жаростойкой и жаропрочной стали ГОСТ 19904-90, parent=806b36cb-36d2-11ee-b5b0-005056013b0c, archive=false, dateOutputArchive=0001-01-01T00:00:00Z}, {guid=806b383d-36d2-11ee-b5b0-005056013b0c, code=11, name=Изделия дальнейшего передела, parent=806b2622-36d2-11ee-b5b0-005056013b0c, archive=false, dateOutputArchive=0001-01-01T00:00:00Z}, {guid=806b3908-36d2-11ee-b5b0-005056013b0c, code=11, name=Прокат холоднокатаный из тонколистовой оцинкованной стали, parent=806b383d-36d2-11ee-b5b0-005056013b0c, archive=false, dateOutputArchive=0001-01-01T00:00:00Z}, {guid=806b39d3-36d2-11ee-b5b0-005056013b0c, code=1, name=Прокат холоднокатаный из тонколистовой оцинкованной стали ГОСТ 19904-90, parent=806b3908-36d2-11ee-b5b0-005056013b0c, archive=false, dateOutputArchive=0001-01-01T00:00:00Z}, {guid=806b3a7a-36d2-11ee-b5b0-005056013b0c, code=15, name=Жесть, parent=806b383d-36d2-11ee-b5b0-005056013b0c, archive=false, dateOutputArchive=0001-01-01T00:00:00Z}, {guid=806b3b45-36d2-11ee-b5b0-005056013b0c, code=1, name=Жесть белая, parent=806b3a7a-36d2-11ee-b5b0-005056013b0c, archive=false, dateOutputArchive=0001-01-01T00:00:00Z}, {guid=806b3bec-36d2-11ee-b5b0-005056013b0c, code=99, name=Листы, временно используемые в производстве (доработка складских остатков), parent=806b2622-36d2-11ee-b5b0-005056013b0c, archive=false, dateOutputArchive=0001-01-01T00:00:00Z}, {guid=806b3ca6-36d2-11ee-b5b0-005056013b0c, code=9, name=Прокат черных металлов, parent=806b3c24-36d2-11ee-b5b0-005056013b0c, archive=false, dateOutputArchive=0001-01-01T00:00:00Z}, {guid=806b3d27-36d2-11ee-b5b0-005056013b0c, code=50, name=Прокат стальной горячекатаный, parent=806b3ca6-36d2-11ee-b5b0-005056013b0c, archive=false, dateOutputArchive=0001-01-01T00:00:00Z}, {guid=806b3da8-36d2-11ee-b5b0-005056013b0c, code=1, name=Прокат сортовой стальной горячекатаный квадратный ГОСТ 2591-2006, parent=806b3d27-36d2-11ee-b5b0-005056013b0c, archive=false, dateOutputArchive=0001-01-01T00:00:00Z}, {guid=806b3c24-36d2-11ee-b5b0-005056013b0c, code=2, name=Квадраты, parent=806b25a2-36d2-11ee-b5b0-005056013b0c, archive=false, dateOutputArchive=0001-01-01T00:00:00Z}, {guid=806b3e05-36d2-11ee-b5b0-005056013b0c, code=11, name=Изделия дальнейшего передела, parent=806b3c24-36d2-11ee-b5b0-005056013b0c, archive=false, dateOutputArchive=0001-01-01T00:00:00Z}, {guid=806b3e86-36d2-11ee-b5b0-005056013b0c, code=40, name=Прокат калиброванный, parent=806b3e05-36d2-11ee-b5b0-005056013b0c, archive=false, dateOutputArchive=0001-01-01T00:00:00Z}, {guid=806b3f07-36d2-11ee-b5b0-005056013b0c, code=1, name=Прокат калиброванный квадратный ГОСТ 8559-75, parent=806b3e86-36d2-11ee-b5b0-005056013b0c, archive=false, dateOutputArchive=0001-01-01T00:00:00Z}, {guid=806b3f64-36d2-11ee-b5b0-005056013b0c, code=99, name=Квадраты, временно используемые в производстве (доработка складских остатков), parent=806b3c24-36d2-11ee-b5b0-005056013b0c, archive=false, dateOutputArchive=0001-01-01T00:00:00Z}, {guid=806b3fc1-36d2-11ee-b5b0-005056013b0c, code=3, name=Шестигранники, parent=806b25a2-36d2-11ee-b5b0-005056013b0c, archive=false, dateOutputArchive=0001-01-01T00:00:00Z}, {guid=806b4043-36d2-11ee-b5b0-005056013b0c, code=9, name=Прокат черных металлов, parent=806b3fc1-36d2-11ee-b5b0-005056013b0c, archive=false, dateOutputArchive=0001-01-01T00:00:00Z}, {guid=806b40c4-36d2-11ee-b5b0-005056013b0c, code=50, name=Прокат стальной горячекатаный, parent=806b4043-36d2-11ee-b5b0-005056013b0c, archive=false, dateOutputArchive=0001-01-01T00:00:00Z}, {guid=806b4145-36d2-11ee-b5b0-005056013b0c, code=1, name=Прокат сортовой стальной горячекатаный шестигранный ГОСТ 2879-2006, parent=806b40c4-36d2-11ee-b5b0-005056013b0c, archive=false, dateOutputArchive=0001-01-01T00:00:00Z}, {guid=806b41a2-36d2-11ee-b5b0-005056013b0c, code=11, name=Изделия дальнейшего передела, parent=806b3fc1-36d2-11ee-b5b0-005056013b0c, archive=false, dateOutputArchive=0001-01-01T00:00:00Z}, {guid=806b4223-36d2-11ee-b5b0-005056013b0c, code=40, name=Прокат калиброванный, parent=806b41a2-36d2-11ee-b5b0-005056013b0c, archive=false, dateOutputArchive=0001-01-01T00:00:00Z}, {guid=806b42a4-36d2-11ee-b5b0-005056013b0c, code=1, name=Прокат калиброванный шестигранный ГОСТ 8560-78, parent=806b4223-36d2-11ee-b5b0-005056013b0c, archive=false, dateOutputArchive=0001-01-01T00:00:00Z}, {guid=806b4301-36d2-11ee-b5b0-005056013b0c, code=99, name=Шестигранники, временно используемые в производстве (доработка складских остатков), parent=806b3fc1-36d2-11ee-b5b0-005056013b0c, archive=false, dateOutputArchive=0001-01-01T00:00:00Z}, {guid=806b435e-36d2-11ee-b5b0-005056013b0c, code=4, name=Круги, parent=806b25a2-36d2-11ee-b5b0-005056013b0c, archive=false, dateOutputArchive=0001-01-01T00:00:00Z}, {guid=806b43ba-36d2-11ee-b5b0-005056013b0c, code=9, name=Прокат черных металлов, parent=806b435e-36d2-11ee-b5b0-005056013b0c, archive=false, dateOutputArchive=0001-01-01T00:00:00Z}, {guid=806b443c-36d2-11ee-b5b0-005056013b0c, code=30, name=Прокат стальной горячекатаный низколегированный, parent=806b43ba-36d2-11ee-b5b0-005056013b0c, archive=false, dateOutputArchive=0001-01-01T00:00:00Z}, {guid=806b44bd-36d2-11ee-b5b0-005056013b0c, code=1, name=Прокат сортовой стальной горячекатаный конструкционный низколегированный ГОСТ 2590-2006, parent=806b443c-36d2-11ee-b5b0-005056013b0c, archive=false, dateOutputArchive=0001-01-01T00:00:00Z}, {guid=806b451a-36d2-11ee-b5b0-005056013b0c, code=34, name=Прокат горячекатаный круглый обыкновенного качества, parent=806b43ba-36d2-11ee-b5b0-005056013b0c, archive=false, dateOutputArchive=0001-01-01T00:00:00Z}, {guid=806b459b-36d2-11ee-b5b0-005056013b0c, code=1, name=Прокат сортовой стальной горячекатаный круглый обыкновенного качества ГОСТ 2590-2006, parent=806b451a-36d2-11ee-b5b0-005056013b0c, archive=false, dateOutputArchive=0001-01-01T00:00:00Z}, {guid=806b45f8-36d2-11ee-b5b0-005056013b0c, code=50, name=Прокат стальной горячекатаный, parent=806b43ba-36d2-11ee-b5b0-005056013b0c, archive=false, dateOutputArchive=0001-01-01T00:00:00Z}, {guid=806b4679-36d2-11ee-b5b0-005056013b0c, code=1, name=Прокат сортовой стальной горячекатаный конструкционный углеродистый ГОСТ 2590-2006, parent=806b45f8-36d2-11ee-b5b0-005056013b0c, archive=false, dateOutputArchive=0001-01-01T00:00:00Z}, {guid=806b46d6-36d2-11ee-b5b0-005056013b0c, code=2, name=Прокат сортовой стальной горячекатаный конструкционный легированный ГОСТ 2590-2006, parent=806b45f8-36d2-11ee-b5b0-005056013b0c, archive=false, dateOutputArchive=0001-01-01T00:00:00Z}, {guid=806b4733-36d2-11ee-b5b0-005056013b0c, code=3, name=Прокат сортовой стальной горячекатаный конструкционной по ТУ 14-1-4566-89, parent=806b45f8-36d2-11ee-b5b0-005056013b0c, archive=false, dateOutputArchive=0001-01-01T00:00:00Z}, {guid=806b4790-36d2-11ee-b5b0-005056013b0c, code=4, name=Прокат круглый из рессорно-пружинной углеродистой и легированной стали ГОСТ 2590-2006, parent=806b45f8-36d2-11ee-b5b0-005056013b0c, archive=false, dateOutputArchive=0001-01-01T00:00:00Z}, {guid=806b47ed-36d2-11ee-b5b0-005056013b0c, code=51, name=Прокат для холодного выдавливания и высадки, parent=806b43ba-36d2-11ee-b5b0-005056013b0c, archive=false, dateOutputArchive=0001-01-01T00:00:00Z}, {guid=806b486e-36d2-11ee-b5b0-005056013b0c, code=1, name=Прокат качественный конструкционный углеродистый и легированный для холодного выдавливания и высадки ГОСТ 10702-78, parent=806b47ed-36d2-11ee-b5b0-005056013b0c, archive=false, dateOutputArchive=0001-01-01T00:00:00Z}, {guid=806b48cb-36d2-11ee-b5b0-005056013b0c, code=56, name=Прокат горячекатаный сортовой конструкционный подшипниковый, parent=806b43ba-36d2-11ee-b5b0-005056013b0c, archive=false, dateOutputArchive=0001-01-01T00:00:00Z}, {guid=806b494c-36d2-11ee-b5b0-005056013b0c, code=1, name=Прокат сортовой стальной горячекатаный конструкционный подшипниковый ГОСТ 2590-2006, parent=806b48cb-36d2-11ee-b5b0-005056013b0c, archive=false, dateOutputArchive=0001-01-01T00:00:00Z}, {guid=806b49a9-36d2-11ee-b5b0-005056013b0c, code=58, name=Прокат горячекатаный сортовой конструкционный никельсодержащий, parent=806b43ba-36d2-11ee-b5b0-005056013b0c, archive=false, dateOutputArchive=0001-01-01T00:00:00Z}, {guid=806b4a2a-36d2-11ee-b5b0-005056013b0c, code=1, name=Прокат сортовой стальной горячекатаный конструкционный по ТУ 14-1-1725-76, parent=806b49a9-36d2-11ee-b5b0-005056013b0c, archive=false, dateOutputArchive=0001-01-01T00:00:00Z}, {guid=806b4a87-36d2-11ee-b5b0-005056013b0c, code=61, name=Прокат горячекатаный сортовой инструментальный, parent=806b43ba-36d2-11ee-b5b0-005056013b0c, archive=false, dateOutputArchive=0001-01-01T00:00:00Z}, {guid=806b4b08-36d2-11ee-b5b0-005056013b0c, code=1, name=Прокат сортовой стальной горячекатаный инструментальный нелегированный ГОСТ 2590-2006, parent=806b4a87-36d2-11ee-b5b0-005056013b0c, archive=false, dateOutputArchive=0001-01-01T00:00:00Z}, {guid=806b4b65-36d2-11ee-b5b0-005056013b0c, code=63, name=Прокат горячекатаный сортовой конструкционный коррозионно-стойкий, жаропрочный, parent=806b43ba-36d2-11ee-b5b0-005056013b0c, archive=false, dateOutputArchive=0001-01-01T00:00:00Z}, {guid=806b4be6-36d2-11ee-b5b0-005056013b0c, code=1, name=Прокат сортовой стальной горячекатаный конструкционный коррозионностойкий, жаропрочный ГОСТ 2590-2006, parent=806b4b65-36d2-11ee-b5b0-005056013b0c, archive=false, dateOutputArchive=0001-01-01T00:00:00Z}, {guid=84f01c49-36d2-11ee-b5b0-005056013b0c, code=13, name=Трубы стальные, parent=84f01bed-36d2-11ee-b5b0-005056013b0c, archive=false, dateOutputArchive=0001-01-01T00:00:00Z}, {guid=806b4c43-36d2-11ee-b5b0-005056013b0c, code=66, name=Прокат сортовой из прецизионных сплавов с высоким электрическим сопротивлением, parent=806b43ba-36d2-11ee-b5b0-005056013b0c, archive=false, dateOutputArchive=0001-01-01T00:00:00Z}, {guid=84f014af-36d2-11ee-b5b0-005056013b0c, code=1, name=Прокат сортовой из прецизионных сплавов с высоким электрическим сопротивлением ГОСТ 12766.4-90, parent=806b4c43-36d2-11ee-b5b0-005056013b0c, archive=false, dateOutputArchive=0001-01-01T00:00:00Z}, {guid=84f0150c-36d2-11ee-b5b0-005056013b0c, code=70, name=Поковки, parent=806b43ba-36d2-11ee-b5b0-005056013b0c, archive=false, dateOutputArchive=0001-01-01T00:00:00Z}, {guid=84f0158d-36d2-11ee-b5b0-005056013b0c, code=1, name=Поковки, parent=84f0150c-36d2-11ee-b5b0-005056013b0c, archive=false, dateOutputArchive=0001-01-01T00:00:00Z}, {guid=84f015ea-36d2-11ee-b5b0-005056013b0c, code=11, name=Изделия дальнейшего передела, parent=806b435e-36d2-11ee-b5b0-005056013b0c, archive=false, dateOutputArchive=0001-01-01T00:00:00Z}, {guid=84f01646-36d2-11ee-b5b0-005056013b0c, code=40, name=Прокат калиброванный круглый, parent=84f015ea-36d2-11ee-b5b0-005056013b0c, archive=false, dateOutputArchive=0001-01-01T00:00:00Z}, {guid=84f016c7-36d2-11ee-b5b0-005056013b0c, code=1, name=Прокат калиброванный круглый углеродистый ГОСТ 7417-75, parent=84f01646-36d2-11ee-b5b0-005056013b0c, archive=false, dateOutputArchive=0001-01-01T00:00:00Z}, {guid=84f01724-36d2-11ee-b5b0-005056013b0c, code=2, name=Прокат калиброванный круглый легированный ГОСТ 7417-75, parent=84f01646-36d2-11ee-b5b0-005056013b0c, archive=false, dateOutputArchive=0001-01-01T00:00:00Z}, {guid=84f01781-36d2-11ee-b5b0-005056013b0c, code=3, name=Прокат калиброванный круглый коррозионно-стойкий, жаропрочный ГОСТ 7417-75, parent=84f01646-36d2-11ee-b5b0-005056013b0c, archive=false, dateOutputArchive=0001-01-01T00:00:00Z}, {guid=84f017de-36d2-11ee-b5b0-005056013b0c, code=4, name=Прокат калиброванный круглый из рессорно-пружинной углеродистой и легированной стали ГОСТ 7417-75, parent=84f01646-36d2-11ee-b5b0-005056013b0c, archive=false, dateOutputArchive=0001-01-01T00:00:00Z}, {guid=84f0183b-36d2-11ee-b5b0-005056013b0c, code=5, name=Сталь качественная круглая со специальной отделкой поверхности ГОСТ 14955-77, parent=84f01646-36d2-11ee-b5b0-005056013b0c, archive=false, dateOutputArchive=0001-01-01T00:00:00Z}, {guid=84f01898-36d2-11ee-b5b0-005056013b0c, code=6, name=Прокат калиброванный для холодной высадки, parent=84f01646-36d2-11ee-b5b0-005056013b0c, archive=false, dateOutputArchive=0001-01-01T00:00:00Z}, {guid=84f018f5-36d2-11ee-b5b0-005056013b0c, code=7, name=Шток хромированный, parent=84f01646-36d2-11ee-b5b0-005056013b0c, archive=false, dateOutputArchive=0001-01-01T00:00:00Z}, {guid=84f01952-36d2-11ee-b5b0-005056013b0c, code=8, name=Прокат сортовой холоднотянутый подшипниковый ГОСТ 7417-75, parent=84f01646-36d2-11ee-b5b0-005056013b0c, archive=false, dateOutputArchive=0001-01-01T00:00:00Z}, {guid=84f019af-36d2-11ee-b5b0-005056013b0c, code=50, name=Прокат термически обработанный шлифованный, parent=84f015ea-36d2-11ee-b5b0-005056013b0c, archive=false, dateOutputArchive=0001-01-01T00:00:00Z}, {guid=84f01a30-36d2-11ee-b5b0-005056013b0c, code=1, name=Прутки нагартованные, термически обработанные шлифованные из высоколегированной и коррозионностойкой стали ГОСТ 18907-73, parent=84f019af-36d2-11ee-b5b0-005056013b0c, archive=false, dateOutputArchive=0001-01-01T00:00:00Z}, {guid=84f01a8d-36d2-11ee-b5b0-005056013b0c, code=60, name=Прокат высокой точности, parent=84f015ea-36d2-11ee-b5b0-005056013b0c, archive=false, dateOutputArchive=0001-01-01T00:00:00Z}, {guid=84f01b33-36d2-11ee-b5b0-005056013b0c, code=1, name=Сталь чистотянутая для шпонок ГОСТ 8787-68, parent=84f01a8d-36d2-11ee-b5b0-005056013b0c, archive=false, dateOutputArchive=0001-01-01T00:00:00Z}, {guid=84f01bb5-36d2-11ee-b5b0-005056013b0c, code=99, name=Круги, временно используемые в производстве (доработка складских остатков), parent=806b435e-36d2-11ee-b5b0-005056013b0c, archive=false, dateOutputArchive=0001-01-01T00:00:00Z}, {guid=84f01bed-36d2-11ee-b5b0-005056013b0c, code=5, name=Трубы, parent=806b25a2-36d2-11ee-b5b0-005056013b0c, archive=false, dateOutputArchive=0001-01-01T00:00:00Z}, {guid=84f01ca5-36d2-11ee-b5b0-005056013b0c, code=14, name=Трубы подшипниковые, parent=84f01c49-36d2-11ee-b5b0-005056013b0c, archive=false, dateOutputArchive=0001-01-01T00:00:00Z}, {guid=84f01d4d-36d2-11ee-b5b0-005056013b0c, code=1, name=Трубы подшипниковые ГОСТ 800-78, parent=84f01ca5-36d2-11ee-b5b0-005056013b0c, archive=false, dateOutputArchive=0001-01-01T00:00:00Z}, {guid=84f01dcf-36d2-11ee-b5b0-005056013b0c, code=19, name=Трубы катаные, parent=84f01c49-36d2-11ee-b5b0-005056013b0c, archive=false, dateOutputArchive=0001-01-01T00:00:00Z}, {guid=84f01e2b-36d2-11ee-b5b0-005056013b0c, code=1, name=Трубы стальные бесшовные горячедеформированные ГОСТ 8732-78, parent=84f01dcf-36d2-11ee-b5b0-005056013b0c, archive=false, dateOutputArchive=0001-01-01T00:00:00Z}, {guid=84f01ead-36d2-11ee-b5b0-005056013b0c, code=2, name=Трубы горячекатаные ТС 257-07, parent=84f01dcf-36d2-11ee-b5b0-005056013b0c, archive=false, dateOutputArchive=0001-01-01T00:00:00Z}, {guid=84f01f30-36d2-11ee-b5b0-005056013b0c, code=3, name=Трубы горячекатаные ТС 77-02, parent=84f01dcf-36d2-11ee-b5b0-005056013b0c, archive=false, dateOutputArchive=0001-01-01T00:00:00Z}, {guid=8c5aea59-36d2-11ee-b5b0-005056013b0c, code=1, name=Профиль ножа, parent=8c5ae9fd-36d2-11ee-b5b0-005056013b0c, archive=false, dateOutputArchive=0001-01-01T00:00:00Z}, {guid=84f01fb2-36d2-11ee-b5b0-005056013b0c, code=4, name=Трубы стальные бесшовные горячекатаные толстостенные из литого слитка ТУ 14-3Р-50-2001, parent=84f01dcf-36d2-11ee-b5b0-005056013b0c, archive=false, dateOutputArchive=0001-01-01T00:00:00Z}, {guid=84f02034-36d2-11ee-b5b0-005056013b0c, code=5, name=Трубы стальные бесшовные горячедеформированные для нефтегазопроводов ТУ 14-3Р-44-2001, parent=84f01dcf-36d2-11ee-b5b0-005056013b0c, archive=false, dateOutputArchive=0001-01-01T00:00:00Z}, {guid=84f020b6-36d2-11ee-b5b0-005056013b0c, code=6, name=Трубы бесшовные горячедеформированные из коррозионностойкой стали ГОСТ 9940-81, parent=84f01dcf-36d2-11ee-b5b0-005056013b0c, archive=false, dateOutputArchive=0001-01-01T00:00:00Z}, {guid=84f02138-36d2-11ee-b5b0-005056013b0c, code=40, name=Трубы тянутые, parent=84f01c49-36d2-11ee-b5b0-005056013b0c, archive=false, dateOutputArchive=0001-01-01T00:00:00Z}, {guid=84f02194-36d2-11ee-b5b0-005056013b0c, code=1, name=Трубы стальные бесшовные холоднодеформированные ГОСТ 8734-75, parent=84f02138-36d2-11ee-b5b0-005056013b0c, archive=false, dateOutputArchive=0001-01-01T00:00:00Z}, {guid=86635496-36d2-11ee-b5b0-005056013b0c, code=2, name=Трубы стальные электросварные прямошовные ГОСТ 10704-91, parent=84f02138-36d2-11ee-b5b0-005056013b0c, archive=false, dateOutputArchive=0001-01-01T00:00:00Z}, {guid=86635518-36d2-11ee-b5b0-005056013b0c, code=3, name=Трубы стальные электросварные холоднодеформированные для карданных валов ГОСТ 5005-82, parent=84f02138-36d2-11ee-b5b0-005056013b0c, archive=false, dateOutputArchive=0001-01-01T00:00:00Z}, {guid=8663559a-36d2-11ee-b5b0-005056013b0c, code=4, name=Трубы холоднодеформированные ТУ 14-3-575-90, ПР890-2002, parent=84f02138-36d2-11ee-b5b0-005056013b0c, archive=false, dateOutputArchive=0001-01-01T00:00:00Z}, {guid=8663561c-36d2-11ee-b5b0-005056013b0c, code=5, name=Трубы стальные бесшовные высокого давления ГОСТ 11017-80, parent=84f02138-36d2-11ee-b5b0-005056013b0c, archive=false, dateOutputArchive=0001-01-01T00:00:00Z}, {guid=8663569e-36d2-11ee-b5b0-005056013b0c, code=6, name=Трубы стальные бесшовные холоднодеформируемые производства фирмы ШТАУФФ, parent=84f02138-36d2-11ee-b5b0-005056013b0c, archive=false, dateOutputArchive=0001-01-01T00:00:00Z}, {guid=86635720-36d2-11ee-b5b0-005056013b0c, code=44, name=Трубы тянутые прецизионные, прямоугольные, квадратные, parent=84f01c49-36d2-11ee-b5b0-005056013b0c, archive=false, dateOutputArchive=0001-01-01T00:00:00Z}, {guid=8663577c-36d2-11ee-b5b0-005056013b0c, code=1, name=Трубы стальные прецизионные ГОСТ 9567-75, parent=86635720-36d2-11ee-b5b0-005056013b0c, archive=false, dateOutputArchive=0001-01-01T00:00:00Z}, {guid=866357fe-36d2-11ee-b5b0-005056013b0c, code=2, name=Трубы стальные прямоугольные ГОСТ 8645-68, parent=86635720-36d2-11ee-b5b0-005056013b0c, archive=false, dateOutputArchive=0001-01-01T00:00:00Z}, {guid=866358a7-36d2-11ee-b5b0-005056013b0c, code=3, name=Трубы стальные квадратные ГОСТ 8639-82, parent=86635720-36d2-11ee-b5b0-005056013b0c, archive=false, dateOutputArchive=0001-01-01T00:00:00Z}, {guid=86636371-36d2-11ee-b5b0-005056013b0c, code=99, name=Полосы, временно используемые в производстве (доработка складских остатков), parent=86635f07-36d2-11ee-b5b0-005056013b0c, archive=false, dateOutputArchive=0001-01-01T00:00:00Z}, {guid=86635929-36d2-11ee-b5b0-005056013b0c, code=4, name=Профили стальные гнутые замкнутые сварные квадратные и прямоугольные для строительных конструкций, parent=86635720-36d2-11ee-b5b0-005056013b0c, archive=false, dateOutputArchive=0001-01-01T00:00:00Z}, {guid=866359d0-36d2-11ee-b5b0-005056013b0c, code=5, name=Трубы стальные электросварные прямоугольного и квадратного сечения ТУ 14-3-462-76, parent=86635720-36d2-11ee-b5b0-005056013b0c, archive=false, dateOutputArchive=0001-01-01T00:00:00Z}, {guid=86635a77-36d2-11ee-b5b0-005056013b0c, code=6, name=Профили стальные гнутые замкнутые сварные квадратные и прямоугольные ГОСТ 25577-83, parent=86635720-36d2-11ee-b5b0-005056013b0c, archive=false, dateOutputArchive=0001-01-01T00:00:00Z}, {guid=86635b1e-36d2-11ee-b5b0-005056013b0c, code=51, name=Трубы тонкостенные углерод, parent=84f01c49-36d2-11ee-b5b0-005056013b0c, archive=false, dateOutputArchive=0001-01-01T00:00:00Z}, {guid=86635bc4-36d2-11ee-b5b0-005056013b0c, code=1, name=Трубы стальные бесшовные холоднодеформированные для судостроения ГОСТ 1060-83, parent=86635b1e-36d2-11ee-b5b0-005056013b0c, archive=false, dateOutputArchive=0001-01-01T00:00:00Z}, {guid=86635c46-36d2-11ee-b5b0-005056013b0c, code=60, name=Трубы тонкостенные нерж, parent=84f01c49-36d2-11ee-b5b0-005056013b0c, archive=false, dateOutputArchive=0001-01-01T00:00:00Z}, {guid=86635cec-36d2-11ee-b5b0-005056013b0c, code=1, name=Трубы бесшовные холодно и теплодеформированные из коррозионной стали ГОСТ 9941-81, parent=86635c46-36d2-11ee-b5b0-005056013b0c, archive=false, dateOutputArchive=0001-01-01T00:00:00Z}, {guid=86635d6e-36d2-11ee-b5b0-005056013b0c, code=2, name=Трубы стальные бесшовные для маслопроводов и топливопроводов ГОСТ 19277-73, parent=86635c46-36d2-11ee-b5b0-005056013b0c, archive=false, dateOutputArchive=0001-01-01T00:00:00Z}, {guid=86635df0-36d2-11ee-b5b0-005056013b0c, code=85, name=Трубы стальные водогазопроводные, parent=84f01c49-36d2-11ee-b5b0-005056013b0c, archive=false, dateOutputArchive=0001-01-01T00:00:00Z}, {guid=86635e4c-36d2-11ee-b5b0-005056013b0c, code=1, name=Трубы стальные водогазопроводные ГОСТ 3262-75, parent=86635df0-36d2-11ee-b5b0-005056013b0c, archive=false, dateOutputArchive=0001-01-01T00:00:00Z}, {guid=86635f07-36d2-11ee-b5b0-005056013b0c, code=6, name=Полоса, parent=806b25a2-36d2-11ee-b5b0-005056013b0c, archive=false, dateOutputArchive=0001-01-01T00:00:00Z}, {guid=86635f63-36d2-11ee-b5b0-005056013b0c, code=9, name=Прокат черных металлов, parent=86635f07-36d2-11ee-b5b0-005056013b0c, archive=false, dateOutputArchive=0001-01-01T00:00:00Z}, {guid=86635fbf-36d2-11ee-b5b0-005056013b0c, code=50, name=Полоса стальная, parent=86635f63-36d2-11ee-b5b0-005056013b0c, archive=false, dateOutputArchive=0001-01-01T00:00:00Z}, {guid=86636065-36d2-11ee-b5b0-005056013b0c, code=1, name=Прокат сортовой стальной горячекатаный полосовой ГОСТ 103-2006, parent=86635fbf-36d2-11ee-b5b0-005056013b0c, archive=false, dateOutputArchive=0001-01-01T00:00:00Z}, {guid=866360e7-36d2-11ee-b5b0-005056013b0c, code=2, name=Профили стальные холоднодеформированные высокой точности ТУ 14-11-245-88, parent=86635fbf-36d2-11ee-b5b0-005056013b0c, archive=false, dateOutputArchive=0001-01-01T00:00:00Z}, {guid=86636169-36d2-11ee-b5b0-005056013b0c, code=3, name=Прокат сортовой стальной горячекатаный полосовой рессорно-пружинный ГОСТ 7419-90, parent=86635fbf-36d2-11ee-b5b0-005056013b0c, archive=false, dateOutputArchive=0001-01-01T00:00:00Z}, {guid=866361eb-36d2-11ee-b5b0-005056013b0c, code=4, name=Прокат сортовой стальной горячекатаный полосовой ТУ 14-1-5240-93, parent=86635fbf-36d2-11ee-b5b0-005056013b0c, archive=false, dateOutputArchive=0001-01-01T00:00:00Z}, {guid=8663626d-36d2-11ee-b5b0-005056013b0c, code=5, name=Прокат широкополосный универсальный ГОСТ 82-70, parent=86635fbf-36d2-11ee-b5b0-005056013b0c, archive=false, dateOutputArchive=0001-01-01T00:00:00Z}, {guid=866362ef-36d2-11ee-b5b0-005056013b0c, code=6, name=Прокат листовой и полосовой термообработанный повышенного качества ТУ 14-1-4632-93, parent=86635fbf-36d2-11ee-b5b0-005056013b0c, archive=false, dateOutputArchive=0001-01-01T00:00:00Z}, {guid=866363a9-36d2-11ee-b5b0-005056013b0c, code=7, name=Уголки, parent=806b25a2-36d2-11ee-b5b0-005056013b0c, archive=false, dateOutputArchive=0001-01-01T00:00:00Z}, {guid=86636405-36d2-11ee-b5b0-005056013b0c, code=9, name=Прокат черных металлов, parent=866363a9-36d2-11ee-b5b0-005056013b0c, archive=false, dateOutputArchive=0001-01-01T00:00:00Z}, {guid=86636461-36d2-11ee-b5b0-005056013b0c, code=30, name=Уголки стальные, parent=86636405-36d2-11ee-b5b0-005056013b0c, archive=false, dateOutputArchive=0001-01-01T00:00:00Z}, {guid=86636509-36d2-11ee-b5b0-005056013b0c, code=1, name=Уголки стальные горячекатанные равнополочные ГОСТ 8509-93, parent=86636461-36d2-11ee-b5b0-005056013b0c, archive=false, dateOutputArchive=0001-01-01T00:00:00Z}, {guid=8c5aeadb-36d2-11ee-b5b0-005056013b0c, code=2, name=Полоса башмачная для тракторов, parent=8c5ae9fd-36d2-11ee-b5b0-005056013b0c, archive=false, dateOutputArchive=0001-01-01T00:00:00Z}, {guid=866365b1-36d2-11ee-b5b0-005056013b0c, code=2, name=Уголки стальные горячекатанные неравнополочные ГОСТ 8510-86, parent=86636461-36d2-11ee-b5b0-005056013b0c, archive=false, dateOutputArchive=0001-01-01T00:00:00Z}, {guid=86636659-36d2-11ee-b5b0-005056013b0c, code=8, name=Ленты, parent=806b25a2-36d2-11ee-b5b0-005056013b0c, archive=false, dateOutputArchive=0001-01-01T00:00:00Z}, {guid=866366ff-36d2-11ee-b5b0-005056013b0c, code=9, name=Прокат черных металлов, parent=86636659-36d2-11ee-b5b0-005056013b0c, archive=false, dateOutputArchive=0001-01-01T00:00:00Z}, {guid=866367a5-36d2-11ee-b5b0-005056013b0c, code=35, name=Лента стальная горячекатаная, parent=866366ff-36d2-11ee-b5b0-005056013b0c, archive=false, dateOutputArchive=0001-01-01T00:00:00Z}, {guid=8663684b-36d2-11ee-b5b0-005056013b0c, code=1, name=Лента стальная горячекатаная ГОСТ 6009-74, parent=866367a5-36d2-11ee-b5b0-005056013b0c, archive=false, dateOutputArchive=0001-01-01T00:00:00Z}, {guid=866368cd-36d2-11ee-b5b0-005056013b0c, code=12, name=Метизы, parent=86636659-36d2-11ee-b5b0-005056013b0c, archive=false, dateOutputArchive=0001-01-01T00:00:00Z}, {guid=86636973-36d2-11ee-b5b0-005056013b0c, code=30, name=Лента холоднокатаная, parent=866368cd-36d2-11ee-b5b0-005056013b0c, archive=false, dateOutputArchive=0001-01-01T00:00:00Z}, {guid=8c5aeeb4-36d2-11ee-b5b0-005056013b0c, code=9, name=Прокат черных металлов, parent=8c5aee58-36d2-11ee-b5b0-005056013b0c, archive=false, dateOutputArchive=0001-01-01T00:00:00Z}, {guid=86636a19-36d2-11ee-b5b0-005056013b0c, code=1, name=Лента холоднокатаная из низкоуглеродистой стали ГОСТ 503-81, parent=86636973-36d2-11ee-b5b0-005056013b0c, archive=false, dateOutputArchive=0001-01-01T00:00:00Z}, {guid=86636a9b-36d2-11ee-b5b0-005056013b0c, code=2, name=Лента холоднокатаная из инструментальной и пружинной стали ГОСТ 2283-79, parent=86636973-36d2-11ee-b5b0-005056013b0c, archive=false, dateOutputArchive=0001-01-01T00:00:00Z}, {guid=86636b1d-36d2-11ee-b5b0-005056013b0c, code=3, name=Лента холоднокатаная термообработанная ГОСТ 21996-76, parent=86636973-36d2-11ee-b5b0-005056013b0c, archive=false, dateOutputArchive=0001-01-01T00:00:00Z}, {guid=86636b9f-36d2-11ee-b5b0-005056013b0c, code=4, name=Лента стальная упаковочная ГОСТ 3560-73, parent=86636973-36d2-11ee-b5b0-005056013b0c, archive=false, dateOutputArchive=0001-01-01T00:00:00Z}, {guid=86636c21-36d2-11ee-b5b0-005056013b0c, code=5, name=Лента холоднокатаная повышенной точности ГОСТ 19851-74, parent=86636973-36d2-11ee-b5b0-005056013b0c, archive=false, dateOutputArchive=0001-01-01T00:00:00Z}, {guid=86636ca3-36d2-11ee-b5b0-005056013b0c, code=6, name=Лента холоднокатаная ТУ 14-550-6-94, parent=86636973-36d2-11ee-b5b0-005056013b0c, archive=false, dateOutputArchive=0001-01-01T00:00:00Z}, {guid=86636d25-36d2-11ee-b5b0-005056013b0c, code=7, name=Лента холоднокатаная ТУ 14-1-258-72, parent=86636973-36d2-11ee-b5b0-005056013b0c, archive=false, dateOutputArchive=0001-01-01T00:00:00Z}, {guid=86636da7-36d2-11ee-b5b0-005056013b0c, code=8, name=Лента холоднокатаная из углеродистой конструкционной стали ГОСТ 2284-79, parent=86636973-36d2-11ee-b5b0-005056013b0c, archive=false, dateOutputArchive=0001-01-01T00:00:00Z}, {guid=86636e29-36d2-11ee-b5b0-005056013b0c, code=33, name=Лента холоднокатаная нерж, parent=866368cd-36d2-11ee-b5b0-005056013b0c, archive=false, dateOutputArchive=0001-01-01T00:00:00Z}, {guid=86636ecf-36d2-11ee-b5b0-005056013b0c, code=1, name=Лента холоднокатаная из коррозионно-стойкой и жаростойкой стали ГОСТ 4986-79, parent=86636e29-36d2-11ee-b5b0-005056013b0c, archive=false, dateOutputArchive=0001-01-01T00:00:00Z}, {guid=86636f51-36d2-11ee-b5b0-005056013b0c, code=35, name=Лента из сплавов высокого омического сопротивления, parent=866368cd-36d2-11ee-b5b0-005056013b0c, archive=false, dateOutputArchive=0001-01-01T00:00:00Z}, {guid=86636ff7-36d2-11ee-b5b0-005056013b0c, code=1, name=Лента из прецизионных сплавов с высоким электрическим сопротивлением ГОСТ 12766.2-90, parent=86636f51-36d2-11ee-b5b0-005056013b0c, archive=false, dateOutputArchive=0001-01-01T00:00:00Z}, {guid=86637079-36d2-11ee-b5b0-005056013b0c, code=61, name=Лента холоднокатаная из термобиметаллов, parent=866368cd-36d2-11ee-b5b0-005056013b0c, archive=false, dateOutputArchive=0001-01-01T00:00:00Z}, {guid=8663711f-36d2-11ee-b5b0-005056013b0c, code=1, name=Лента холоднокатаная из термобиметаллов ГОСТ 10533-86, parent=86637079-36d2-11ee-b5b0-005056013b0c, archive=false, dateOutputArchive=0001-01-01T00:00:00Z}, {guid=866371a1-36d2-11ee-b5b0-005056013b0c, code=99, name=Ленты, временно используемые в производстве (доработка складских остатков), parent=86636659-36d2-11ee-b5b0-005056013b0c, archive=false, dateOutputArchive=0001-01-01T00:00:00Z}, {guid=86637223-36d2-11ee-b5b0-005056013b0c, code=9, name=Швеллеры, parent=806b25a2-36d2-11ee-b5b0-005056013b0c, archive=false, dateOutputArchive=0001-01-01T00:00:00Z}, {guid=8663727f-36d2-11ee-b5b0-005056013b0c, code=9, name=Прокат черных металлов, parent=86637223-36d2-11ee-b5b0-005056013b0c, archive=false, dateOutputArchive=0001-01-01T00:00:00Z}, {guid=866372db-36d2-11ee-b5b0-005056013b0c, code=25, name=Швеллеры, parent=8663727f-36d2-11ee-b5b0-005056013b0c, archive=false, dateOutputArchive=0001-01-01T00:00:00Z}, {guid=86637337-36d2-11ee-b5b0-005056013b0c, code=1, name=Швеллеры стальные горячекатаные ГОСТ 8240-97, parent=866372db-36d2-11ee-b5b0-005056013b0c, archive=false, dateOutputArchive=0001-01-01T00:00:00Z}, {guid=866373bb-36d2-11ee-b5b0-005056013b0c, code=2, name=Двутавры стальные горячекатанные ГОСТ 8239-89, parent=866372db-36d2-11ee-b5b0-005056013b0c, archive=false, dateOutputArchive=0001-01-01T00:00:00Z}, {guid=8663743d-36d2-11ee-b5b0-005056013b0c, code=3, name=Швеллеры стальные гнутые равнополочные ГОСТ 8278-83, parent=866372db-36d2-11ee-b5b0-005056013b0c, archive=false, dateOutputArchive=0001-01-01T00:00:00Z}, {guid=866374e5-36d2-11ee-b5b0-005056013b0c, code=4, name=Швеллеры стальные гнутые неравнополочные ГОСТ 8281-80, parent=866372db-36d2-11ee-b5b0-005056013b0c, archive=false, dateOutputArchive=0001-01-01T00:00:00Z}, {guid=8663758c-36d2-11ee-b5b0-005056013b0c, code=5, name=Балки двутавровые и швеллеры стальные специальные ГОСТ 19425-74, parent=866372db-36d2-11ee-b5b0-005056013b0c, archive=false, dateOutputArchive=0001-01-01T00:00:00Z}, {guid=8663766a-36d2-11ee-b5b0-005056013b0c, code=12, name=Метизы, parent=8663760e-36d2-11ee-b5b0-005056013b0c, archive=false, dateOutputArchive=0001-01-01T00:00:00Z}, {guid=866376c6-36d2-11ee-b5b0-005056013b0c, code=50, name=Канаты, parent=8663766a-36d2-11ee-b5b0-005056013b0c, archive=false, dateOutputArchive=0001-01-01T00:00:00Z}, {guid=86637747-36d2-11ee-b5b0-005056013b0c, code=1, name=Канат одинарной свивки ТК конструкции 1х19(1+6+12) ГОСТ 3063-80, parent=866376c6-36d2-11ee-b5b0-005056013b0c, archive=false, dateOutputArchive=0001-01-01T00:00:00Z}, {guid=866377a4-36d2-11ee-b5b0-005056013b0c, code=2, name=Канат двойной свивки типа конструкции 6х37(1+6+12+18)+1 о.с. ГОСТ 3071-88, parent=866376c6-36d2-11ee-b5b0-005056013b0c, archive=false, dateOutputArchive=0001-01-01T00:00:00Z}, {guid=86637801-36d2-11ee-b5b0-005056013b0c, code=3, name=Канат двойной свивки типа ЛК-РО конструкции 6х36(1+7+7/7+14)+7х7(1+6) ГОСТ 7669-80, parent=866376c6-36d2-11ee-b5b0-005056013b0c, archive=false, dateOutputArchive=0001-01-01T00:00:00Z}, {guid=8663785e-36d2-11ee-b5b0-005056013b0c, code=4, name=Канат двойной свивки типа ЛК-РО конструкции 6х36(1+7+7/7+14)+ 1 о.с. ГОСТ 7668-80, parent=866376c6-36d2-11ee-b5b0-005056013b0c, archive=false, dateOutputArchive=0001-01-01T00:00:00Z}, {guid=866378bb-36d2-11ee-b5b0-005056013b0c, code=5, name=Канаты стальные авиационные ГОСТ 3241-80, parent=866376c6-36d2-11ee-b5b0-005056013b0c, archive=false, dateOutputArchive=0001-01-01T00:00:00Z}, {guid=86637918-36d2-11ee-b5b0-005056013b0c, code=6, name=Канат стальной ТУ 14-4-412-73, parent=866376c6-36d2-11ee-b5b0-005056013b0c, archive=false, dateOutputArchive=0001-01-01T00:00:00Z}, {guid=86637975-36d2-11ee-b5b0-005056013b0c, code=7, name=Канат стальной двойной свивки типа ТК конструкции 6х19(1+6+12)+1о.с. ГОСТ 3070-80, parent=866376c6-36d2-11ee-b5b0-005056013b0c, archive=false, dateOutputArchive=0001-01-01T00:00:00Z}, {guid=866379d2-36d2-11ee-b5b0-005056013b0c, code=8, name=Канат стальной двойной свивки типа ТК конструкции 6х19(1+6+12)+1х19(1+6+12) ГОСТ 3067-88, parent=866376c6-36d2-11ee-b5b0-005056013b0c, archive=false, dateOutputArchive=0001-01-01T00:00:00Z}, {guid=86637a2f-36d2-11ee-b5b0-005056013b0c, code=9, name=Канат двойной свивки типа ЛК-О конструкции 6х7(1+6)+1х7(1+6) ГОСТ 3066-80, parent=866376c6-36d2-11ee-b5b0-005056013b0c, archive=false, dateOutputArchive=0001-01-01T00:00:00Z}, {guid=86637ae9-36d2-11ee-b5b0-005056013b0c, code=11, name=Канат двойной свивки типа ЛК-Р конструкции 6х19(1+6+6/6)+1о.с. ГОСТ2688-80, parent=866376c6-36d2-11ee-b5b0-005056013b0c, archive=false, dateOutputArchive=0001-01-01T00:00:00Z}, {guid=86637b46-36d2-11ee-b5b0-005056013b0c, code=12, name=Канат двойной свивки типа ЛК-О конструкции 6х19(1+9+9)+1о.с.ГОСТ3077-80, parent=866376c6-36d2-11ee-b5b0-005056013b0c, archive=false, dateOutputArchive=0001-01-01T00:00:00Z}, {guid=8acaf7ed-36d2-11ee-b5b0-005056013b0c, code=13, name=Канат двойной свивки типа ЛК-3 конструкции 6х25 (1+6; 6+12)+1о.с ГОСТ 7665-80, parent=866376c6-36d2-11ee-b5b0-005056013b0c, archive=false, dateOutputArchive=0001-01-01T00:00:00Z}, {guid=8acaf84a-36d2-11ee-b5b0-005056013b0c, code=14, name=Канат одинарной свивки типа ЛК-О конструкции 1х7(1+6) ГОСТ 3062-80, parent=866376c6-36d2-11ee-b5b0-005056013b0c, archive=false, dateOutputArchive=0001-01-01T00:00:00Z}, {guid=8acaf8a7-36d2-11ee-b5b0-005056013b0c, code=15, name=Канат двойной свивки типа ТЛК-О конструкции 6х37(1+6+15+15)+1 о.с. ГОСТ 3079-80, parent=866376c6-36d2-11ee-b5b0-005056013b0c, archive=false, dateOutputArchive=0001-01-01T00:00:00Z}, {guid=8acaf904-36d2-11ee-b5b0-005056013b0c, code=16, name=Канат двойной свивки типа ЛК-Р конструкции 6х19(1+6+6/6)+7х7(1+6) ГОСТ 14954-80, parent=866376c6-36d2-11ee-b5b0-005056013b0c, archive=false, dateOutputArchive=0001-01-01T00:00:00Z}, {guid=8acaf961-36d2-11ee-b5b0-005056013b0c, code=99, name=Канаты, временно используемые в производстве (доработка складских остатков), parent=8663760e-36d2-11ee-b5b0-005056013b0c, archive=false, dateOutputArchive=0001-01-01T00:00:00Z}, {guid=8acaf999-36d2-11ee-b5b0-005056013b0c, code=11, name=Проволока, parent=806b25a2-36d2-11ee-b5b0-005056013b0c, archive=false, dateOutputArchive=0001-01-01T00:00:00Z}, {guid=8acaf9f5-36d2-11ee-b5b0-005056013b0c, code=12, name=Метизы, parent=8acaf999-36d2-11ee-b5b0-005056013b0c, archive=false, dateOutputArchive=0001-01-01T00:00:00Z}, {guid=8acafa51-36d2-11ee-b5b0-005056013b0c, code=10, name=Проволока обыкновенного качества, parent=8acaf9f5-36d2-11ee-b5b0-005056013b0c, archive=false, dateOutputArchive=0001-01-01T00:00:00Z}, {guid=8acafad2-36d2-11ee-b5b0-005056013b0c, code=1, name=Проволока низкоуглеродистая качественная ГОСТ 792-67, parent=8acafa51-36d2-11ee-b5b0-005056013b0c, archive=false, dateOutputArchive=0001-01-01T00:00:00Z}, {guid=8acafb2f-36d2-11ee-b5b0-005056013b0c, code=2, name=Проволока стальная низкоуглеродистая общего назначения ГОСТ 3282-74, parent=8acafa51-36d2-11ee-b5b0-005056013b0c, archive=false, dateOutputArchive=0001-01-01T00:00:00Z}, {guid=8acafb8c-36d2-11ee-b5b0-005056013b0c, code=20, name=Проволока из углеродистых и легированных марок сталей, parent=8acaf9f5-36d2-11ee-b5b0-005056013b0c, archive=false, dateOutputArchive=0001-01-01T00:00:00Z}, {guid=8acafc45-36d2-11ee-b5b0-005056013b0c, code=2, name=Проволока стальная углеродистая пружинная ГОСТ 9389-75, parent=8acafb8c-36d2-11ee-b5b0-005056013b0c, archive=false, dateOutputArchive=0001-01-01T00:00:00Z}, {guid=8acafca2-36d2-11ee-b5b0-005056013b0c, code=3, name=Проволока стальная легированная пружинная ГОСТ 14963-78, parent=8acafb8c-36d2-11ee-b5b0-005056013b0c, archive=false, dateOutputArchive=0001-01-01T00:00:00Z}, {guid=8acafcff-36d2-11ee-b5b0-005056013b0c, code=4, name=Проволока стальная для пружинных шайб ГОСТ 11850-72, parent=8acafb8c-36d2-11ee-b5b0-005056013b0c, archive=false, dateOutputArchive=0001-01-01T00:00:00Z}, {guid=86637a8c-36d2-11ee-b5b0-005056013b0c, code=10, name=Канат двойной свивки многопрядный типа ЛК-Р конструкции 18х19(1+6+6/6)+1о.с. ГОСТ 3088-80, parent=866376c6-36d2-11ee-b5b0-005056013b0c, archive=false, dateOutputArchive=0001-01-01T00:00:00Z}, {guid=8acafbe8-36d2-11ee-b5b0-005056013b0c, code=1, name=Проволока из углеродистой конструкционной стали ГОСТ 17305-91, parent=8acafb8c-36d2-11ee-b5b0-005056013b0c, archive=false, dateOutputArchive=0001-01-01T00:00:00Z}, {guid=8acafd6f-36d2-11ee-b5b0-005056013b0c, code=5, name=Проволока стальная углеродистая для холодной высадки и выдавливания, parent=8acafb8c-36d2-11ee-b5b0-005056013b0c, archive=false, dateOutputArchive=0001-01-01T00:00:00Z}, {guid=8acafdcc-36d2-11ee-b5b0-005056013b0c, code=22, name=Проволока из нержавеющей стали, parent=8acaf9f5-36d2-11ee-b5b0-005056013b0c, archive=false, dateOutputArchive=0001-01-01T00:00:00Z}]

at java.base/jdk.internal.reflect.DirectConstructorHandleAccessor.newInstance(DirectConstructorHandleAccessor.java:67)
at java.base/java.lang.reflect.Constructor.newInstanceWithCaller(Constructor.java:500)
at java.base/java.lang.reflect.Constructor.newInstance(Constructor.java:484)
at org.codehaus.groovy.reflection.CachedConstructor.invoke(CachedConstructor.java:73)
at org.codehaus.groovy.runtime.callsite.ConstructorSite$ConstructorSiteNoUnwrapNoCoerce.callConstructor(ConstructorSite.java:108)
at org.codehaus.groovy.runtime.callsite.AbstractCallSite.callConstructor(AbstractCallSite.java:277)
at io.restassured.internal.ResponseSpecificationImpl$HamcrestAssertionClosure.validate(ResponseSpecificationImpl.groovy:512)
at io.restassured.internal.ResponseSpecificationImpl$HamcrestAssertionClosure$validate$1.call(Unknown Source)
at io.restassured.internal.ResponseSpecificationImpl.validateResponseIfRequired(ResponseSpecificationImpl.groovy:696)
at io.restassured.internal.ResponseSpecificationImpl.this$2$validateResponseIfRequired(ResponseSpecificationImpl.groovy)
at java.base/jdk.internal.reflect.DirectMethodHandleAccessor.invoke(DirectMethodHandleAccessor.java:104)
at java.base/java.lang.reflect.Method.invoke(Method.java:578)
at org.codehaus.groovy.runtime.callsite.PlainObjectMetaMethodSite.doInvoke(PlainObjectMetaMethodSite.java:43)
at org.codehaus.groovy.runtime.callsite.PogoMetaMethodSite$PogoCachedMethodSiteNoUnwrapNoCoerce.invoke(PogoMetaMethodSite.java:198)
at org.codehaus.groovy.runtime.callsite.PogoMetaMethodSite.callCurrent(PogoMetaMethodSite.java:62)
at org.codehaus.groovy.runtime.callsite.AbstractCallSite.callCurrent(AbstractCallSite.java:185)
at io.restassured.internal.ResponseSpecificationImpl.body(ResponseSpecificationImpl.groovy:107)
at io.restassured.internal.ValidatableResponseOptionsImpl.body(ValidatableResponseOptionsImpl.java:238)
at AutoTest.ClassifierTest.getEopList(ClassifierTest.java:208)
at java.base/jdk.internal.reflect.DirectMethodHandleAccessor.invoke(DirectMethodHandleAccessor.java:104)
at java.base/java.lang.reflect.Method.invoke(Method.java:578)
at org.testng.internal.invokers.MethodInvocationHelper.invokeMethod(MethodInvocationHelper.java:139)
at org.testng.internal.invokers.TestInvoker.invokeMethod(TestInvoker.java:677)
at org.testng.internal.invokers.TestInvoker.invokeTestMethod(TestInvoker.java:221)
at org.testng.internal.invokers.MethodRunner.runInSequence(MethodRunner.java:50)
at org.testng.internal.invokers.TestInvoker$MethodInvocationAgent.invoke(TestInvoker.java:969)
at org.testng.internal.invokers.TestInvoker.invokeTestMethods(TestInvoker.java:194)
at org.testng.internal.invokers.TestMethodWorker.invokeTestMethods(TestMethodWorker.java:148)
at org.testng.internal.invokers.TestMethodWorker.run(TestMethodWorker.java:128)
at java.base/java.util.ArrayList.forEach(ArrayList.java:1511)
at org.testng.TestRunner.privateRun(TestRunner.java:829)
at org.testng.TestRunner.run(TestRunner.java:602)
at org.testng.SuiteRunner.runTest(SuiteRunner.java:437)
at org.testng.SuiteRunner.runSequentially(SuiteRunner.java:431)
at org.testng.SuiteRunner.privateRun(SuiteRunner.java:391)
at org.testng.SuiteRunner.run(SuiteRunner.java:330)
at org.testng.SuiteRunnerWorker.runSuite(SuiteRunnerWorker.java:52)
at org.testng.SuiteRunnerWorker.run(SuiteRunnerWorker.java:95)
at org.testng.TestNG.runSuitesSequentially(TestNG.java:1256)
at org.testng.TestNG.runSuitesLocally(TestNG.java:1176)
at org.testng.TestNG.runSuites(TestNG.java:1099)
at org.testng.TestNG.run(TestNG.java:1067)
at org.apache.maven.surefire.testng.TestNGExecutor.run(TestNGExecutor.java:132)
at org.apache.maven.surefire.testng.TestNGDirectoryTestSuite.executeMulti(TestNGDirectoryTestSuite.java:193)
at org.apache.maven.surefire.testng.TestNGDirectoryTestSuite.execute(TestNGDirectoryTestSuite.java:94)
at org.apache.maven.surefire.testng.TestNGProvider.invoke(TestNGProvider.java:147)
at org.apache.maven.surefire.booter.ForkedBooter.invokeProviderInSameClassLoader(ForkedBooter.java:290)
at org.apache.maven.surefire.booter.ForkedBooter.runSuitesInProcess(ForkedBooter.java:242)
at org.apache.maven.surefire.booter.ForkedBooter.main(ForkedBooter.java:121)
]]>
    </failure>
  </testcase> <!-- getEopList -->
  <system-out/>
  <testcase classname="AutoTest.ClassifierTest" name="getUnitsListNegativeStep" time="0.988"/>
  <system-out/>
  <testcase classname="AutoTest.ClassifierTest" name="getUnifiedClassifierGuidNegativeData" time="0.993"/>
  <system-out/>
  <testcase classname="AutoTest.ClassifierTest" name="getUnitsList" time="1.020"/>
  <system-out/>
  <testcase classname="AutoTest.ClassifierTest" name="getUnifiedClassifierGuid" time="0.674">
    <failure message="1 expectation failed.
Response body doesn&#039;t match expectation.
Expected: The content to match the given JSON schema.
error: object has missing required properties ([&quot;okp&quot;,&quot;okpd2&quot;,&quot;okved&quot;,&quot;tnved&quot;])
    level: &quot;error&quot;
    schema: {&quot;loadingURI&quot;:&quot;file:/C:/Users/Sasha/Api/target/test-classes/getUnifiedClassifierGuid.json#&quot;,&quot;pointer&quot;:&quot;&quot;}
    instance: {&quot;pointer&quot;:&quot;&quot;}
    domain: &quot;validation&quot;
    keyword: &quot;required&quot;
    required: [&quot;archive&quot;,&quot;code&quot;,&quot;consolidatedGroup&quot;,&quot;dateOutputArchive&quot;,&quot;guid&quot;,&quot;name&quot;,&quot;okp&quot;,&quot;okpd2&quot;,&quot;okved&quot;,&quot;owner&quot;,&quot;parent&quot;,&quot;tnved&quot;]
    missing: [&quot;okp&quot;,&quot;okpd2&quot;,&quot;okved&quot;,&quot;tnved&quot;]

  Actual: {
&quot;guid&quot;: &quot;513916c8-1677-11ee-b5ab-a0dc07f9a67b&quot;,
&quot;code&quot;: &quot;03&quot;,
&quot;parent&quot;: &quot;00000000-0000-0000-0000-000000000000&quot;,
&quot;name&quot;: &quot;Кран - Трубоукладчики&quot;,
&quot;owner&quot;: &quot;00000000-0000-0000-0000-000000000000&quot;,
&quot;consolidatedGroup&quot;: &quot;&quot;,
&quot;OKP&quot;: &quot;&quot;,
&quot;TNVED&quot;: &quot;00000000-0000-0000-0000-000000000000&quot;,
&quot;OKVED&quot;: &quot;00000000-0000-0000-0000-000000000000&quot;,
&quot;OKPD2&quot;: &quot;15841c5e-1973-11ee-b5ac-005056013b0c&quot;,
&quot;archive&quot;: false,
&quot;dateOutputArchive&quot;: &quot;0001-01-01T00:00:00Z&quot;
}
" type="java.lang.AssertionError">
      <![CDATA[java.lang.AssertionError: 1 expectation failed.
Response body doesn't match expectation.
Expected: The content to match the given JSON schema.
error: object has missing required properties (["okp","okpd2","okved","tnved"])
    level: "error"
    schema: {"loadingURI":"file:/C:/Users/Sasha/Api/target/test-classes/getUnifiedClassifierGuid.json#","pointer":""}
    instance: {"pointer":""}
    domain: "validation"
    keyword: "required"
    required: ["archive","code","consolidatedGroup","dateOutputArchive","guid","name","okp","okpd2","okved","owner","parent","tnved"]
    missing: ["okp","okpd2","okved","tnved"]

  Actual: {
"guid": "513916c8-1677-11ee-b5ab-a0dc07f9a67b",
"code": "03",
"parent": "00000000-0000-0000-0000-000000000000",
"name": "Кран - Трубоукладчики",
"owner": "00000000-0000-0000-0000-000000000000",
"consolidatedGroup": "",
"OKP": "",
"TNVED": "00000000-0000-0000-0000-000000000000",
"OKVED": "00000000-0000-0000-0000-000000000000",
"OKPD2": "15841c5e-1973-11ee-b5ac-005056013b0c",
"archive": false,
"dateOutputArchive": "0001-01-01T00:00:00Z"
}

at java.base/jdk.internal.reflect.DirectConstructorHandleAccessor.newInstance(DirectConstructorHandleAccessor.java:67)
at java.base/java.lang.reflect.Constructor.newInstanceWithCaller(Constructor.java:500)
at java.base/java.lang.reflect.Constructor.newInstance(Constructor.java:484)
at org.codehaus.groovy.reflection.CachedConstructor.invoke(CachedConstructor.java:73)
at org.codehaus.groovy.runtime.callsite.ConstructorSite$ConstructorSiteNoUnwrapNoCoerce.callConstructor(ConstructorSite.java:108)
at org.codehaus.groovy.runtime.callsite.AbstractCallSite.callConstructor(AbstractCallSite.java:277)
at io.restassured.internal.ResponseSpecificationImpl$HamcrestAssertionClosure.validate(ResponseSpecificationImpl.groovy:512)
at io.restassured.internal.ResponseSpecificationImpl$HamcrestAssertionClosure$validate$1.call(Unknown Source)
at io.restassured.internal.ResponseSpecificationImpl.validateResponseIfRequired(ResponseSpecificationImpl.groovy:696)
at io.restassured.internal.ResponseSpecificationImpl.this$2$validateResponseIfRequired(ResponseSpecificationImpl.groovy)
at java.base/jdk.internal.reflect.DirectMethodHandleAccessor.invoke(DirectMethodHandleAccessor.java:104)
at java.base/java.lang.reflect.Method.invoke(Method.java:578)
at org.codehaus.groovy.runtime.callsite.PlainObjectMetaMethodSite.doInvoke(PlainObjectMetaMethodSite.java:43)
at org.codehaus.groovy.runtime.callsite.PogoMetaMethodSite$PogoCachedMethodSiteNoUnwrapNoCoerce.invoke(PogoMetaMethodSite.java:198)
at org.codehaus.groovy.runtime.callsite.PogoMetaMethodSite.callCurrent(PogoMetaMethodSite.java:62)
at org.codehaus.groovy.runtime.callsite.AbstractCallSite.callCurrent(AbstractCallSite.java:185)
at io.restassured.internal.ResponseSpecificationImpl.body(ResponseSpecificationImpl.groovy:107)
at io.restassured.internal.ValidatableResponseOptionsImpl.body(ValidatableResponseOptionsImpl.java:238)
at AutoTest.ClassifierTest.getUnifiedClassifierGuid(ClassifierTest.java:177)
at java.base/jdk.internal.reflect.DirectMethodHandleAccessor.invoke(DirectMethodHandleAccessor.java:104)
at java.base/java.lang.reflect.Method.invoke(Method.java:578)
at org.testng.internal.invokers.MethodInvocationHelper.invokeMethod(MethodInvocationHelper.java:139)
at org.testng.internal.invokers.TestInvoker.invokeMethod(TestInvoker.java:677)
at org.testng.internal.invokers.TestInvoker.invokeTestMethod(TestInvoker.java:221)
at org.testng.internal.invokers.MethodRunner.runInSequence(MethodRunner.java:50)
at org.testng.internal.invokers.TestInvoker$MethodInvocationAgent.invoke(TestInvoker.java:969)
at org.testng.internal.invokers.TestInvoker.invokeTestMethods(TestInvoker.java:194)
at org.testng.internal.invokers.TestMethodWorker.invokeTestMethods(TestMethodWorker.java:148)
at org.testng.internal.invokers.TestMethodWorker.run(TestMethodWorker.java:128)
at java.base/java.util.ArrayList.forEach(ArrayList.java:1511)
at org.testng.TestRunner.privateRun(TestRunner.java:829)
at org.testng.TestRunner.run(TestRunner.java:602)
at org.testng.SuiteRunner.runTest(SuiteRunner.java:437)
at org.testng.SuiteRunner.runSequentially(SuiteRunner.java:431)
at org.testng.SuiteRunner.privateRun(SuiteRunner.java:391)
at org.testng.SuiteRunner.run(SuiteRunner.java:330)
at org.testng.SuiteRunnerWorker.runSuite(SuiteRunnerWorker.java:52)
at org.testng.SuiteRunnerWorker.run(SuiteRunnerWorker.java:95)
at org.testng.TestNG.runSuitesSequentially(TestNG.java:1256)
at org.testng.TestNG.runSuitesLocally(TestNG.java:1176)
at org.testng.TestNG.runSuites(TestNG.java:1099)
at org.testng.TestNG.run(TestNG.java:1067)
at org.apache.maven.surefire.testng.TestNGExecutor.run(TestNGExecutor.java:132)
at org.apache.maven.surefire.testng.TestNGDirectoryTestSuite.executeMulti(TestNGDirectoryTestSuite.java:193)
at org.apache.maven.surefire.testng.TestNGDirectoryTestSuite.execute(TestNGDirectoryTestSuite.java:94)
at org.apache.maven.surefire.testng.TestNGProvider.invoke(TestNGProvider.java:147)
at org.apache.maven.surefire.booter.ForkedBooter.invokeProviderInSameClassLoader(ForkedBooter.java:290)
at org.apache.maven.surefire.booter.ForkedBooter.runSuitesInProcess(ForkedBooter.java:242)
at org.apache.maven.surefire.booter.ForkedBooter.main(ForkedBooter.java:121)
]]>
    </failure>
  </testcase> <!-- getUnifiedClassifierGuid -->
  <system-out/>
  <testcase classname="AutoTest.ClassifierTest" name="getEopGuid" time="1.024">
    <failure message="1 expectation failed.
Response body doesn&#039;t match expectation.
Expected: The content to match the given JSON schema.
error: instance type (integer) does not match any allowed primitive type (allowed: [&quot;string&quot;])
    level: &quot;error&quot;
    schema: {&quot;loadingURI&quot;:&quot;file:/C:/Users/Sasha/Api/target/test-classes/getEopGuid.json#&quot;,&quot;pointer&quot;:&quot;/properties/code&quot;}
    instance: {&quot;pointer&quot;:&quot;/code&quot;}
    domain: &quot;validation&quot;
    keyword: &quot;type&quot;
    found: &quot;integer&quot;
    expected: [&quot;string&quot;]

  Actual: {
&quot;guid&quot;: &quot;698688ac-1c9f-11ee-b5ac-005056013b0c&quot;,
&quot;code&quot;: 999,
&quot;name&quot;: &quot;Не включен в ЕОП&quot;,
&quot;parent&quot;: &quot;00000000-0000-0000-0000-000000000000&quot;,
&quot;archive&quot;: false,
&quot;dateOutputArchive&quot;: &quot;0001-01-01T00:00:00Z&quot;
}
" type="java.lang.AssertionError">
      <![CDATA[java.lang.AssertionError: 1 expectation failed.
Response body doesn't match expectation.
Expected: The content to match the given JSON schema.
error: instance type (integer) does not match any allowed primitive type (allowed: ["string"])
    level: "error"
    schema: {"loadingURI":"file:/C:/Users/Sasha/Api/target/test-classes/getEopGuid.json#","pointer":"/properties/code"}
    instance: {"pointer":"/code"}
    domain: "validation"
    keyword: "type"
    found: "integer"
    expected: ["string"]

  Actual: {
"guid": "698688ac-1c9f-11ee-b5ac-005056013b0c",
"code": 999,
"name": "Не включен в ЕОП",
"parent": "00000000-0000-0000-0000-000000000000",
"archive": false,
"dateOutputArchive": "0001-01-01T00:00:00Z"
}

at java.base/jdk.internal.reflect.DirectConstructorHandleAccessor.newInstance(DirectConstructorHandleAccessor.java:67)
at java.base/java.lang.reflect.Constructor.newInstanceWithCaller(Constructor.java:500)
at java.base/java.lang.reflect.Constructor.newInstance(Constructor.java:484)
at org.codehaus.groovy.reflection.CachedConstructor.invoke(CachedConstructor.java:73)
at org.codehaus.groovy.runtime.callsite.ConstructorSite$ConstructorSiteNoUnwrapNoCoerce.callConstructor(ConstructorSite.java:108)
at org.codehaus.groovy.runtime.callsite.AbstractCallSite.callConstructor(AbstractCallSite.java:277)
at io.restassured.internal.ResponseSpecificationImpl$HamcrestAssertionClosure.validate(ResponseSpecificationImpl.groovy:512)
at io.restassured.internal.ResponseSpecificationImpl$HamcrestAssertionClosure$validate$1.call(Unknown Source)
at io.restassured.internal.ResponseSpecificationImpl.validateResponseIfRequired(ResponseSpecificationImpl.groovy:696)
at io.restassured.internal.ResponseSpecificationImpl.this$2$validateResponseIfRequired(ResponseSpecificationImpl.groovy)
at java.base/jdk.internal.reflect.DirectMethodHandleAccessor.invoke(DirectMethodHandleAccessor.java:104)
at java.base/java.lang.reflect.Method.invoke(Method.java:578)
at org.codehaus.groovy.runtime.callsite.PlainObjectMetaMethodSite.doInvoke(PlainObjectMetaMethodSite.java:43)
at org.codehaus.groovy.runtime.callsite.PogoMetaMethodSite$PogoCachedMethodSiteNoUnwrapNoCoerce.invoke(PogoMetaMethodSite.java:198)
at org.codehaus.groovy.runtime.callsite.PogoMetaMethodSite.callCurrent(PogoMetaMethodSite.java:62)
at org.codehaus.groovy.runtime.callsite.AbstractCallSite.callCurrent(AbstractCallSite.java:185)
at io.restassured.internal.ResponseSpecificationImpl.body(ResponseSpecificationImpl.groovy:107)
at io.restassured.internal.ValidatableResponseOptionsImpl.body(ValidatableResponseOptionsImpl.java:238)
at AutoTest.ClassifierTest.getEopGuid(ClassifierTest.java:256)
at java.base/jdk.internal.reflect.DirectMethodHandleAccessor.invoke(DirectMethodHandleAccessor.java:104)
at java.base/java.lang.reflect.Method.invoke(Method.java:578)
at org.testng.internal.invokers.MethodInvocationHelper.invokeMethod(MethodInvocationHelper.java:139)
at org.testng.internal.invokers.TestInvoker.invokeMethod(TestInvoker.java:677)
at org.testng.internal.invokers.TestInvoker.invokeTestMethod(TestInvoker.java:221)
at org.testng.internal.invokers.MethodRunner.runInSequence(MethodRunner.java:50)
at org.testng.internal.invokers.TestInvoker$MethodInvocationAgent.invoke(TestInvoker.java:969)
at org.testng.internal.invokers.TestInvoker.invokeTestMethods(TestInvoker.java:194)
at org.testng.internal.invokers.TestMethodWorker.invokeTestMethods(TestMethodWorker.java:148)
at org.testng.internal.invokers.TestMethodWorker.run(TestMethodWorker.java:128)
at java.base/java.util.ArrayList.forEach(ArrayList.java:1511)
at org.testng.TestRunner.privateRun(TestRunner.java:829)
at org.testng.TestRunner.run(TestRunner.java:602)
at org.testng.SuiteRunner.runTest(SuiteRunner.java:437)
at org.testng.SuiteRunner.runSequentially(SuiteRunner.java:431)
at org.testng.SuiteRunner.privateRun(SuiteRunner.java:391)
at org.testng.SuiteRunner.run(SuiteRunner.java:330)
at org.testng.SuiteRunnerWorker.runSuite(SuiteRunnerWorker.java:52)
at org.testng.SuiteRunnerWorker.run(SuiteRunnerWorker.java:95)
at org.testng.TestNG.runSuitesSequentially(TestNG.java:1256)
at org.testng.TestNG.runSuitesLocally(TestNG.java:1176)
at org.testng.TestNG.runSuites(TestNG.java:1099)
at org.testng.TestNG.run(TestNG.java:1067)
at org.apache.maven.surefire.testng.TestNGExecutor.run(TestNGExecutor.java:132)
at org.apache.maven.surefire.testng.TestNGDirectoryTestSuite.executeMulti(TestNGDirectoryTestSuite.java:193)
at org.apache.maven.surefire.testng.TestNGDirectoryTestSuite.execute(TestNGDirectoryTestSuite.java:94)
at org.apache.maven.surefire.testng.TestNGProvider.invoke(TestNGProvider.java:147)
at org.apache.maven.surefire.booter.ForkedBooter.invokeProviderInSameClassLoader(ForkedBooter.java:290)
at org.apache.maven.surefire.booter.ForkedBooter.runSuitesInProcess(ForkedBooter.java:242)
at org.apache.maven.surefire.booter.ForkedBooter.main(ForkedBooter.java:121)
]]>
    </failure>
  </testcase> <!-- getEopGuid -->
  <system-out/>
  <testcase classname="AutoTest.ClassifierTest" name="getEopListNegativeStep" time="0.944"/>
  <system-out/>
  <testcase classname="AutoTest.ClassifierTest" name="getEopList" time="1.040">
    <failure message="1 expectation failed.
Response body doesn&#039;t match expectation.
Expected: The content to match the given JSON schema.
error: instance type (integer) does not match any allowed primitive type (allowed: [&quot;string&quot;])
    level: &quot;error&quot;
    schema: {&quot;loadingURI&quot;:&quot;file:/C:/Users/Sasha/Api/target/test-classes/getEopList.json#&quot;,&quot;pointer&quot;:&quot;/items/properties/code&quot;}
    instance: {&quot;pointer&quot;:&quot;/0/code&quot;}
    domain: &quot;validation&quot;
    keyword: &quot;type&quot;
    found: &quot;integer&quot;
    expected: [&quot;string&quot;]

  Actual: [{guid=806b27a5-36d2-11ee-b5b0-005056013b0c, code=1, name=Прокат толстолистовой горячекатаный из стали повышенной прочности ГОСТ 19903-74, parent=806b26da-36d2-11ee-b5b0-005056013b0c, archive=false, dateOutputArchive=0001-01-01T00:00:00Z}]
" type="java.lang.AssertionError">
      <![CDATA[java.lang.AssertionError: 1 expectation failed.
Response body doesn't match expectation.
Expected: The content to match the given JSON schema.
error: instance type (integer) does not match any allowed primitive type (allowed: ["string"])
    level: "error"
    schema: {"loadingURI":"file:/C:/Users/Sasha/Api/target/test-classes/getEopList.json#","pointer":"/items/properties/code"}
    instance: {"pointer":"/0/code"}
    domain: "validation"
    keyword: "type"
    found: "integer"
    expected: ["string"]

  Actual: [{guid=806b27a5-36d2-11ee-b5b0-005056013b0c, code=1, name=Прокат толстолистовой горячекатаный из стали повышенной прочности ГОСТ 19903-74, parent=806b26da-36d2-11ee-b5b0-005056013b0c, archive=false, dateOutputArchive=0001-01-01T00:00:00Z}]

at java.base/jdk.internal.reflect.DirectConstructorHandleAccessor.newInstance(DirectConstructorHandleAccessor.java:67)
at java.base/java.lang.reflect.Constructor.newInstanceWithCaller(Constructor.java:500)
at java.base/java.lang.reflect.Constructor.newInstance(Constructor.java:484)
at org.codehaus.groovy.reflection.CachedConstructor.invoke(CachedConstructor.java:73)
at org.codehaus.groovy.runtime.callsite.ConstructorSite$ConstructorSiteNoUnwrapNoCoerce.callConstructor(ConstructorSite.java:108)
at org.codehaus.groovy.runtime.callsite.AbstractCallSite.callConstructor(AbstractCallSite.java:277)
at io.restassured.internal.ResponseSpecificationImpl$HamcrestAssertionClosure.validate(ResponseSpecificationImpl.groovy:512)
at io.restassured.internal.ResponseSpecificationImpl$HamcrestAssertionClosure$validate$1.call(Unknown Source)
at io.restassured.internal.ResponseSpecificationImpl.validateResponseIfRequired(ResponseSpecificationImpl.groovy:696)
at io.restassured.internal.ResponseSpecificationImpl.this$2$validateResponseIfRequired(ResponseSpecificationImpl.groovy)
at java.base/jdk.internal.reflect.DirectMethodHandleAccessor.invoke(DirectMethodHandleAccessor.java:104)
at java.base/java.lang.reflect.Method.invoke(Method.java:578)
at org.codehaus.groovy.runtime.callsite.PlainObjectMetaMethodSite.doInvoke(PlainObjectMetaMethodSite.java:43)
at org.codehaus.groovy.runtime.callsite.PogoMetaMethodSite$PogoCachedMethodSiteNoUnwrapNoCoerce.invoke(PogoMetaMethodSite.java:198)
at org.codehaus.groovy.runtime.callsite.PogoMetaMethodSite.callCurrent(PogoMetaMethodSite.java:62)
at org.codehaus.groovy.runtime.callsite.AbstractCallSite.callCurrent(AbstractCallSite.java:185)
at io.restassured.internal.ResponseSpecificationImpl.body(ResponseSpecificationImpl.groovy:107)
at io.restassured.internal.ValidatableResponseOptionsImpl.body(ValidatableResponseOptionsImpl.java:238)
at AutoTest.ClassifierTest.getEopList(ClassifierTest.java:208)
at java.base/jdk.internal.reflect.DirectMethodHandleAccessor.invoke(DirectMethodHandleAccessor.java:104)
at java.base/java.lang.reflect.Method.invoke(Method.java:578)
at org.testng.internal.invokers.MethodInvocationHelper.invokeMethod(MethodInvocationHelper.java:139)
at org.testng.internal.invokers.TestInvoker.invokeMethod(TestInvoker.java:677)
at org.testng.internal.invokers.TestInvoker.invokeTestMethod(TestInvoker.java:221)
at org.testng.internal.invokers.MethodRunner.runInSequence(MethodRunner.java:50)
at org.testng.internal.invokers.TestInvoker$MethodInvocationAgent.invoke(TestInvoker.java:969)
at org.testng.internal.invokers.TestInvoker.invokeTestMethods(TestInvoker.java:194)
at org.testng.internal.invokers.TestMethodWorker.invokeTestMethods(TestMethodWorker.java:148)
at org.testng.internal.invokers.TestMethodWorker.run(TestMethodWorker.java:128)
at java.base/java.util.ArrayList.forEach(ArrayList.java:1511)
at org.testng.TestRunner.privateRun(TestRunner.java:829)
at org.testng.TestRunner.run(TestRunner.java:602)
at org.testng.SuiteRunner.runTest(SuiteRunner.java:437)
at org.testng.SuiteRunner.runSequentially(SuiteRunner.java:431)
at org.testng.SuiteRunner.privateRun(SuiteRunner.java:391)
at org.testng.SuiteRunner.run(SuiteRunner.java:330)
at org.testng.SuiteRunnerWorker.runSuite(SuiteRunnerWorker.java:52)
at org.testng.SuiteRunnerWorker.run(SuiteRunnerWorker.java:95)
at org.testng.TestNG.runSuitesSequentially(TestNG.java:1256)
at org.testng.TestNG.runSuitesLocally(TestNG.java:1176)
at org.testng.TestNG.runSuites(TestNG.java:1099)
at org.testng.TestNG.run(TestNG.java:1067)
at org.apache.maven.surefire.testng.TestNGExecutor.run(TestNGExecutor.java:132)
at org.apache.maven.surefire.testng.TestNGDirectoryTestSuite.executeMulti(TestNGDirectoryTestSuite.java:193)
at org.apache.maven.surefire.testng.TestNGDirectoryTestSuite.execute(TestNGDirectoryTestSuite.java:94)
at org.apache.maven.surefire.testng.TestNGProvider.invoke(TestNGProvider.java:147)
at org.apache.maven.surefire.booter.ForkedBooter.invokeProviderInSameClassLoader(ForkedBooter.java:290)
at org.apache.maven.surefire.booter.ForkedBooter.runSuitesInProcess(ForkedBooter.java:242)
at org.apache.maven.surefire.booter.ForkedBooter.main(ForkedBooter.java:121)
]]>
    </failure>
  </testcase> <!-- getEopList -->
  <system-out/>
  <testcase classname="AutoTest.ClassifierTest" name="getUnifiedClassifierGuidNegativeData" time="1.019"/>
  <system-out/>
  <testcase classname="AutoTest.ClassifierTest" name="getEopList" time="0.998">
    <failure message="1 expectation failed.
Response body doesn&#039;t match expectation.
Expected: The content to match the given JSON schema.
error: instance type (integer) does not match any allowed primitive type (allowed: [&quot;string&quot;])
    level: &quot;error&quot;
    schema: {&quot;loadingURI&quot;:&quot;file:/C:/Users/Sasha/Api/target/test-classes/getEopList.json#&quot;,&quot;pointer&quot;:&quot;/items/properties/code&quot;}
    instance: {&quot;pointer&quot;:&quot;/0/code&quot;}
    domain: &quot;validation&quot;
    keyword: &quot;type&quot;
    found: &quot;integer&quot;
    expected: [&quot;string&quot;]

  Actual: [{guid=806b27a5-36d2-11ee-b5b0-005056013b0c, code=1, name=Прокат толстолистовой горячекатаный из стали повышенной прочности ГОСТ 19903-74, parent=806b26da-36d2-11ee-b5b0-005056013b0c, archive=false, dateOutputArchive=0001-01-01T00:00:00Z}, {guid=806b284d-36d2-11ee-b5b0-005056013b0c, code=2, name=Листы просечно-вытяжные, parent=806b26da-36d2-11ee-b5b0-005056013b0c, archive=false, dateOutputArchive=0001-01-01T00:00:00Z}, {guid=806b28f5-36d2-11ee-b5b0-005056013b0c, code=3, name=Прокат листовой горячекатаный из высококачественной стали повышенной прочности (Швеция), parent=806b26da-36d2-11ee-b5b0-005056013b0c, archive=false, dateOutputArchive=0001-01-01T00:00:00Z}, {guid=806b2977-36d2-11ee-b5b0-005056013b0c, code=72, name=Листы стальные с ромбическим и чечевичным рифлением, parent=806b267e-36d2-11ee-b5b0-005056013b0c, archive=false, dateOutputArchive=0001-01-01T00:00:00Z}, {guid=806b2a42-36d2-11ee-b5b0-005056013b0c, code=1, name=Листы стальные с ромбическим и чечевичным рифлением ГОСТ 8568-77, parent=806b2977-36d2-11ee-b5b0-005056013b0c, archive=false, dateOutputArchive=0001-01-01T00:00:00Z}, {guid=806b2ae9-36d2-11ee-b5b0-005056013b0c, code=81, name=Прокат листовой горячекатаный, parent=806b267e-36d2-11ee-b5b0-005056013b0c, archive=false, dateOutputArchive=0001-01-01T00:00:00Z}, {guid=806b2bb4-36d2-11ee-b5b0-005056013b0c, code=1, name=Прокат листовой горячекатаный из легированной конструкционной стали общего назначения ГОСТ 19903-74, parent=806b2ae9-36d2-11ee-b5b0-005056013b0c, archive=false, dateOutputArchive=0001-01-01T00:00:00Z}, {guid=806b2c5b-36d2-11ee-b5b0-005056013b0c, code=2, name=Прокат листовой горячекатаный из стали углеродистой обыкновенного качества ГОСТ 19903-74, parent=806b2ae9-36d2-11ee-b5b0-005056013b0c, archive=false, dateOutputArchive=0001-01-01T00:00:00Z}, {guid=806b2d02-36d2-11ee-b5b0-005056013b0c, code=3, name=Прокат листовой горячекатаный из конструкционной качественной стали ГОСТ 19903-74, parent=806b2ae9-36d2-11ee-b5b0-005056013b0c, archive=false, dateOutputArchive=0001-01-01T00:00:00Z}, {guid=806b2da9-36d2-11ee-b5b0-005056013b0c, code=4, name=Прокат толстолистовой горячекатаный из легированной стали ГОСТ 19903-74, parent=806b2ae9-36d2-11ee-b5b0-005056013b0c, archive=false, dateOutputArchive=0001-01-01T00:00:00Z}]
" type="java.lang.AssertionError">
      <![CDATA[java.lang.AssertionError: 1 expectation failed.
Response body doesn't match expectation.
Expected: The content to match the given JSON schema.
error: instance type (integer) does not match any allowed primitive type (allowed: ["string"])
    level: "error"
    schema: {"loadingURI":"file:/C:/Users/Sasha/Api/target/test-classes/getEopList.json#","pointer":"/items/properties/code"}
    instance: {"pointer":"/0/code"}
    domain: "validation"
    keyword: "type"
    found: "integer"
    expected: ["string"]

  Actual: [{guid=806b27a5-36d2-11ee-b5b0-005056013b0c, code=1, name=Прокат толстолистовой горячекатаный из стали повышенной прочности ГОСТ 19903-74, parent=806b26da-36d2-11ee-b5b0-005056013b0c, archive=false, dateOutputArchive=0001-01-01T00:00:00Z}, {guid=806b284d-36d2-11ee-b5b0-005056013b0c, code=2, name=Листы просечно-вытяжные, parent=806b26da-36d2-11ee-b5b0-005056013b0c, archive=false, dateOutputArchive=0001-01-01T00:00:00Z}, {guid=806b28f5-36d2-11ee-b5b0-005056013b0c, code=3, name=Прокат листовой горячекатаный из высококачественной стали повышенной прочности (Швеция), parent=806b26da-36d2-11ee-b5b0-005056013b0c, archive=false, dateOutputArchive=0001-01-01T00:00:00Z}, {guid=806b2977-36d2-11ee-b5b0-005056013b0c, code=72, name=Листы стальные с ромбическим и чечевичным рифлением, parent=806b267e-36d2-11ee-b5b0-005056013b0c, archive=false, dateOutputArchive=0001-01-01T00:00:00Z}, {guid=806b2a42-36d2-11ee-b5b0-005056013b0c, code=1, name=Листы стальные с ромбическим и чечевичным рифлением ГОСТ 8568-77, parent=806b2977-36d2-11ee-b5b0-005056013b0c, archive=false, dateOutputArchive=0001-01-01T00:00:00Z}, {guid=806b2ae9-36d2-11ee-b5b0-005056013b0c, code=81, name=Прокат листовой горячекатаный, parent=806b267e-36d2-11ee-b5b0-005056013b0c, archive=false, dateOutputArchive=0001-01-01T00:00:00Z}, {guid=806b2bb4-36d2-11ee-b5b0-005056013b0c, code=1, name=Прокат листовой горячекатаный из легированной конструкционной стали общего назначения ГОСТ 19903-74, parent=806b2ae9-36d2-11ee-b5b0-005056013b0c, archive=false, dateOutputArchive=0001-01-01T00:00:00Z}, {guid=806b2c5b-36d2-11ee-b5b0-005056013b0c, code=2, name=Прокат листовой горячекатаный из стали углеродистой обыкновенного качества ГОСТ 19903-74, parent=806b2ae9-36d2-11ee-b5b0-005056013b0c, archive=false, dateOutputArchive=0001-01-01T00:00:00Z}, {guid=806b2d02-36d2-11ee-b5b0-005056013b0c, code=3, name=Прокат листовой горячекатаный из конструкционной качественной стали ГОСТ 19903-74, parent=806b2ae9-36d2-11ee-b5b0-005056013b0c, archive=false, dateOutputArchive=0001-01-01T00:00:00Z}, {guid=806b2da9-36d2-11ee-b5b0-005056013b0c, code=4, name=Прокат толстолистовой горячекатаный из легированной стали ГОСТ 19903-74, parent=806b2ae9-36d2-11ee-b5b0-005056013b0c, archive=false, dateOutputArchive=0001-01-01T00:00:00Z}]

at java.base/jdk.internal.reflect.DirectConstructorHandleAccessor.newInstance(DirectConstructorHandleAccessor.java:67)
at java.base/java.lang.reflect.Constructor.newInstanceWithCaller(Constructor.java:500)
at java.base/java.lang.reflect.Constructor.newInstance(Constructor.java:484)
at org.codehaus.groovy.reflection.CachedConstructor.invoke(CachedConstructor.java:73)
at org.codehaus.groovy.runtime.callsite.ConstructorSite$ConstructorSiteNoUnwrapNoCoerce.callConstructor(ConstructorSite.java:108)
at org.codehaus.groovy.runtime.callsite.AbstractCallSite.callConstructor(AbstractCallSite.java:277)
at io.restassured.internal.ResponseSpecificationImpl$HamcrestAssertionClosure.validate(ResponseSpecificationImpl.groovy:512)
at io.restassured.internal.ResponseSpecificationImpl$HamcrestAssertionClosure$validate$1.call(Unknown Source)
at io.restassured.internal.ResponseSpecificationImpl.validateResponseIfRequired(ResponseSpecificationImpl.groovy:696)
at io.restassured.internal.ResponseSpecificationImpl.this$2$validateResponseIfRequired(ResponseSpecificationImpl.groovy)
at java.base/jdk.internal.reflect.DirectMethodHandleAccessor.invoke(DirectMethodHandleAccessor.java:104)
at java.base/java.lang.reflect.Method.invoke(Method.java:578)
at org.codehaus.groovy.runtime.callsite.PlainObjectMetaMethodSite.doInvoke(PlainObjectMetaMethodSite.java:43)
at org.codehaus.groovy.runtime.callsite.PogoMetaMethodSite$PogoCachedMethodSiteNoUnwrapNoCoerce.invoke(PogoMetaMethodSite.java:198)
at org.codehaus.groovy.runtime.callsite.PogoMetaMethodSite.callCurrent(PogoMetaMethodSite.java:62)
at org.codehaus.groovy.runtime.callsite.AbstractCallSite.callCurrent(AbstractCallSite.java:185)
at io.restassured.internal.ResponseSpecificationImpl.body(ResponseSpecificationImpl.groovy:107)
at io.restassured.internal.ValidatableResponseOptionsImpl.body(ValidatableResponseOptionsImpl.java:238)
at AutoTest.ClassifierTest.getEopList(ClassifierTest.java:208)
at java.base/jdk.internal.reflect.DirectMethodHandleAccessor.invoke(DirectMethodHandleAccessor.java:104)
at java.base/java.lang.reflect.Method.invoke(Method.java:578)
at org.testng.internal.invokers.MethodInvocationHelper.invokeMethod(MethodInvocationHelper.java:139)
at org.testng.internal.invokers.TestInvoker.invokeMethod(TestInvoker.java:677)
at org.testng.internal.invokers.TestInvoker.invokeTestMethod(TestInvoker.java:221)
at org.testng.internal.invokers.MethodRunner.runInSequence(MethodRunner.java:50)
at org.testng.internal.invokers.TestInvoker$MethodInvocationAgent.invoke(TestInvoker.java:969)
at org.testng.internal.invokers.TestInvoker.invokeTestMethods(TestInvoker.java:194)
at org.testng.internal.invokers.TestMethodWorker.invokeTestMethods(TestMethodWorker.java:148)
at org.testng.internal.invokers.TestMethodWorker.run(TestMethodWorker.java:128)
at java.base/java.util.ArrayList.forEach(ArrayList.java:1511)
at org.testng.TestRunner.privateRun(TestRunner.java:829)
at org.testng.TestRunner.run(TestRunner.java:602)
at org.testng.SuiteRunner.runTest(SuiteRunner.java:437)
at org.testng.SuiteRunner.runSequentially(SuiteRunner.java:431)
at org.testng.SuiteRunner.privateRun(SuiteRunner.java:391)
at org.testng.SuiteRunner.run(SuiteRunner.java:330)
at org.testng.SuiteRunnerWorker.runSuite(SuiteRunnerWorker.java:52)
at org.testng.SuiteRunnerWorker.run(SuiteRunnerWorker.java:95)
at org.testng.TestNG.runSuitesSequentially(TestNG.java:1256)
at org.testng.TestNG.runSuitesLocally(TestNG.java:1176)
at org.testng.TestNG.runSuites(TestNG.java:1099)
at org.testng.TestNG.run(TestNG.java:1067)
at org.apache.maven.surefire.testng.TestNGExecutor.run(TestNGExecutor.java:132)
at org.apache.maven.surefire.testng.TestNGDirectoryTestSuite.executeMulti(TestNGDirectoryTestSuite.java:193)
at org.apache.maven.surefire.testng.TestNGDirectoryTestSuite.execute(TestNGDirectoryTestSuite.java:94)
at org.apache.maven.surefire.testng.TestNGProvider.invoke(TestNGProvider.java:147)
at org.apache.maven.surefire.booter.ForkedBooter.invokeProviderInSameClassLoader(ForkedBooter.java:290)
at org.apache.maven.surefire.booter.ForkedBooter.runSuitesInProcess(ForkedBooter.java:242)
at org.apache.maven.surefire.booter.ForkedBooter.main(ForkedBooter.java:121)
]]>
    </failure>
  </testcase> <!-- getEopList -->
  <system-out/>
  <testcase classname="AutoTest.ClassifierTest" name="getUnifiedClassifierGuidNegativeData" time="1.009"/>
  <system-out/>
  <testcase classname="AutoTest.ClassifierTest" name="getUnitsGuidNegativeData" time="1.129"/>
  <system-out/>
  <testcase classname="AutoTest.ClassifierTest" name="getUnitsList" time="1.016"/>
  <system-out/>
  <testcase classname="AutoTest.ClassifierTest" name="getUnitsListNegativeStep" time="1.000"/>
  <system-out/>
  <testcase classname="AutoTest.ClassifierTest" name="getUnitsListStepEqual100" time="1.122"/>
  <system-out/>
  <testcase classname="AutoTest.ClassifierTest" name="getUnitsListNegativeStep" time="1.016"/>
  <system-out/>
  <testcase classname="AutoTest.ClassifierTest" name="getUnifiedClassifierListNegativeData" time="0.977"/>
  <system-out/>
  <testcase classname="AutoTest.ClassifierTest" name="getUnitsGuidNegativeData" time="1.000"/>
  <system-out/>
  <testcase classname="AutoTest.ClassifierTest" name="getUnitsGuidNegativeData" time="0.972"/>
  <system-out/>
  <testcase classname="AutoTest.ClassifierTest" name="getEopListNegativeStep" time="0.990"/>
  <system-out/>
  <testcase classname="AutoTest.ClassifierTest" name="getUnifiedClassifierListNegativeData" time="0.255"/>
  <system-out/>
  <testcase classname="AutoTest.ClassifierTest" name="getUnifiedClassifierListNegativeData" time="0.909"/>
  <system-out/>
  <testcase classname="AutoTest.ClassifierTest" name="getUnitsListNegativeStep" time="0.679"/>
  <system-out/>
  <testcase classname="AutoTest.ClassifierTest" name="getUnifiedClassifierListNegativeData" time="0.989"/>
  <system-out/>
  <testcase classname="AutoTest.ClassifierTest" name="getUnifiedClassifierGuidNegativeData" time="0.978"/>
  <system-out/>
  <testcase classname="AutoTest.ClassifierTest" name="getUnitsListNegativeStep" time="1.072"/>
  <system-out/>
  <testcase classname="AutoTest.ClassifierTest" name="getEopListNegativeStep" time="1.052"/>
  <system-out/>
  <testcase classname="AutoTest.ClassifierTest" name="getEopListNegativeStep" time="1.083"/>
  <system-out/>
  <testcase classname="AutoTest.ClassifierTest" name="getUnitsGuidNegativeData" time="0.999"/>
  <system-out/>
  <testcase classname="AutoTest.ClassifierTest" name="getUnifiedClassifierListPositiveStep" time="1.068"/>
  <system-out/>
  <testcase classname="AutoTest.ClassifierTest" name="getUnitsListNegativeStep" time="0.926"/>
  <system-out/>
  <testcase classname="AutoTest.ClassifierTest" name="getEopGuidNegativeData" time="1.185"/>
  <system-out/>
  <testcase classname="AutoTest.ClassifierTest" name="getEopGuidNegativeData" time="1.023"/>
  <system-out/>
  <testcase classname="AutoTest.ClassifierTest" name="getUnitsListNegativeStep" time="0.773"/>
  <system-out/>
  <testcase classname="AutoTest.ClassifierTest" name="getUnitsListStepIsEmpty" time="1.245"/>
  <system-out/>
  <testcase classname="AutoTest.ClassifierTest" name="getUnifiedClassifierListNegativeData" time="1.100"/>
  <system-out/>
  <testcase classname="AutoTest.ClassifierTest" name="getUnifiedClassifierListNegativeData" time="0.981"/>
  <system-out/>
  <testcase classname="AutoTest.ClassifierTest" name="getUnifiedClassifierListNegativeData" time="0.964"/>
  <system-out/>
  <testcase classname="AutoTest.ClassifierTest" name="getUnitsListNegativeStep" time="0.984"/>
  <system-out/>
  <testcase classname="AutoTest.ClassifierTest" name="getEopList" time="1.082">
    <failure message="1 expectation failed.
Response body doesn&#039;t match expectation.
Expected: The content to match the given JSON schema.
error: instance type (integer) does not match any allowed primitive type (allowed: [&quot;string&quot;])
    level: &quot;error&quot;
    schema: {&quot;loadingURI&quot;:&quot;file:/C:/Users/Sasha/Api/target/test-classes/getEopList.json#&quot;,&quot;pointer&quot;:&quot;/items/properties/code&quot;}
    instance: {&quot;pointer&quot;:&quot;/0/code&quot;}
    domain: &quot;validation&quot;
    keyword: &quot;type&quot;
    found: &quot;integer&quot;
    expected: [&quot;string&quot;]

  Actual: [{guid=806b27a5-36d2-11ee-b5b0-005056013b0c, code=1, name=Прокат толстолистовой горячекатаный из стали повышенной прочности ГОСТ 19903-74, parent=806b26da-36d2-11ee-b5b0-005056013b0c, archive=false, dateOutputArchive=0001-01-01T00:00:00Z}, {guid=806b284d-36d2-11ee-b5b0-005056013b0c, code=2, name=Листы просечно-вытяжные, parent=806b26da-36d2-11ee-b5b0-005056013b0c, archive=false, dateOutputArchive=0001-01-01T00:00:00Z}, {guid=806b28f5-36d2-11ee-b5b0-005056013b0c, code=3, name=Прокат листовой горячекатаный из высококачественной стали повышенной прочности (Швеция), parent=806b26da-36d2-11ee-b5b0-005056013b0c, archive=false, dateOutputArchive=0001-01-01T00:00:00Z}, {guid=806b2977-36d2-11ee-b5b0-005056013b0c, code=72, name=Листы стальные с ромбическим и чечевичным рифлением, parent=806b267e-36d2-11ee-b5b0-005056013b0c, archive=false, dateOutputArchive=0001-01-01T00:00:00Z}, {guid=806b2a42-36d2-11ee-b5b0-005056013b0c, code=1, name=Листы стальные с ромбическим и чечевичным рифлением ГОСТ 8568-77, parent=806b2977-36d2-11ee-b5b0-005056013b0c, archive=false, dateOutputArchive=0001-01-01T00:00:00Z}, {guid=806b2ae9-36d2-11ee-b5b0-005056013b0c, code=81, name=Прокат листовой горячекатаный, parent=806b267e-36d2-11ee-b5b0-005056013b0c, archive=false, dateOutputArchive=0001-01-01T00:00:00Z}, {guid=806b2bb4-36d2-11ee-b5b0-005056013b0c, code=1, name=Прокат листовой горячекатаный из легированной конструкционной стали общего назначения ГОСТ 19903-74, parent=806b2ae9-36d2-11ee-b5b0-005056013b0c, archive=false, dateOutputArchive=0001-01-01T00:00:00Z}, {guid=806b2c5b-36d2-11ee-b5b0-005056013b0c, code=2, name=Прокат листовой горячекатаный из стали углеродистой обыкновенного качества ГОСТ 19903-74, parent=806b2ae9-36d2-11ee-b5b0-005056013b0c, archive=false, dateOutputArchive=0001-01-01T00:00:00Z}, {guid=806b2d02-36d2-11ee-b5b0-005056013b0c, code=3, name=Прокат листовой горячекатаный из конструкционной качественной стали ГОСТ 19903-74, parent=806b2ae9-36d2-11ee-b5b0-005056013b0c, archive=false, dateOutputArchive=0001-01-01T00:00:00Z}, {guid=806b2da9-36d2-11ee-b5b0-005056013b0c, code=4, name=Прокат толстолистовой горячекатаный из легированной стали ГОСТ 19903-74, parent=806b2ae9-36d2-11ee-b5b0-005056013b0c, archive=false, dateOutputArchive=0001-01-01T00:00:00Z}, {guid=806b2e50-36d2-11ee-b5b0-005056013b0c, code=5, name=Прокат толстолистовой горячекатаный из легированной стали, parent=806b2ae9-36d2-11ee-b5b0-005056013b0c, archive=false, dateOutputArchive=0001-01-01T00:00:00Z}, {guid=806b2ef7-36d2-11ee-b5b0-005056013b0c, code=6, name=Прокат горячекатанный ТУ 1-9-1021-84, parent=806b2ae9-36d2-11ee-b5b0-005056013b0c, archive=false, dateOutputArchive=0001-01-01T00:00:00Z}, {guid=806b2f9e-36d2-11ee-b5b0-005056013b0c, code=7, name=Листы спецстали АК, parent=806b2ae9-36d2-11ee-b5b0-005056013b0c, archive=false, dateOutputArchive=0001-01-01T00:00:00Z}, {guid=806b3045-36d2-11ee-b5b0-005056013b0c, code=86, name=Прокат толстолистовой горячекатаный коррозионно-стойкий, жаростойкий и жаропрочный, parent=806b267e-36d2-11ee-b5b0-005056013b0c, archive=false, dateOutputArchive=0001-01-01T00:00:00Z}, {guid=806b3110-36d2-11ee-b5b0-005056013b0c, code=1, name=Прокат листовой горячекатаный коррозионно-стойкий, жаростойкий и жаропрочный ГОСТ 19903-74, parent=806b3045-36d2-11ee-b5b0-005056013b0c, archive=false, dateOutputArchive=0001-01-01T00:00:00Z}, {guid=806b2622-36d2-11ee-b5b0-005056013b0c, code=1, name=Листы, parent=806b25a2-36d2-11ee-b5b0-005056013b0c, archive=false, dateOutputArchive=0001-01-01T00:00:00Z}, {guid=806b267e-36d2-11ee-b5b0-005056013b0c, code=9, name=Прокат черных металлов, parent=806b2622-36d2-11ee-b5b0-005056013b0c, archive=false, dateOutputArchive=0001-01-01T00:00:00Z}, {guid=806b25a2-36d2-11ee-b5b0-005056013b0c, code=1, name=Металлы черные, parent=00000000-0000-0000-0000-000000000000, archive=false, dateOutputArchive=0001-01-01T00:00:00Z}, {guid=806b31b7-36d2-11ee-b5b0-005056013b0c, code=89, name=Листы спецстали, parent=806b267e-36d2-11ee-b5b0-005056013b0c, archive=false, dateOutputArchive=0001-01-01T00:00:00Z}, {guid=806b3282-36d2-11ee-b5b0-005056013b0c, code=1, name=Листы спецстали, parent=806b31b7-36d2-11ee-b5b0-005056013b0c, archive=false, dateOutputArchive=0001-01-01T00:00:00Z}, {guid=806b3329-36d2-11ee-b5b0-005056013b0c, code=91, name=Прокат тонколистовой холоднокатаный, parent=806b267e-36d2-11ee-b5b0-005056013b0c, archive=false, dateOutputArchive=0001-01-01T00:00:00Z}, {guid=806b3385-36d2-11ee-b5b0-005056013b0c, code=1, name=Прокат тонколистовой холоднокатаный из углеродистой стали качественной и обыкновенного качества общего назначения ГОСТ 19904-90, parent=806b3329-36d2-11ee-b5b0-005056013b0c, archive=false, dateOutputArchive=0001-01-01T00:00:00Z}, {guid=806b342c-36d2-11ee-b5b0-005056013b0c, code=2, name=Прокат тонколистовой холоднокатаный из низкоуглеродистой качественной стали для холодной штамповки ГОСТ 19904-90, parent=806b3329-36d2-11ee-b5b0-005056013b0c, archive=false, dateOutputArchive=0001-01-01T00:00:00Z}, {guid=806b34d3-36d2-11ee-b5b0-005056013b0c, code=3, name=Прокат листовой холоднокатаный из легированной конструкционной стали общего назначения ГОСТ 19904-90, parent=806b3329-36d2-11ee-b5b0-005056013b0c, archive=false, dateOutputArchive=0001-01-01T00:00:00Z}, {guid=806b357a-36d2-11ee-b5b0-005056013b0c, code=4, name=Листы перфорированные «ПЕРФОКОМ», parent=806b3329-36d2-11ee-b5b0-005056013b0c, archive=false, dateOutputArchive=0001-01-01T00:00:00Z}, {guid=806b3623-36d2-11ee-b5b0-005056013b0c, code=5, name=Листы перфорированные, parent=806b3329-36d2-11ee-b5b0-005056013b0c, archive=false, dateOutputArchive=0001-01-01T00:00:00Z}, {guid=806b36cb-36d2-11ee-b5b0-005056013b0c, code=93, name=Прокат тонколистовой из коррозионно-стойкой, жаростойкой и жаропрочной стали, parent=806b267e-36d2-11ee-b5b0-005056013b0c, archive=false, dateOutputArchive=0001-01-01T00:00:00Z}, {guid=806b3796-36d2-11ee-b5b0-005056013b0c, code=1, name=Прокат тонколистовой из коррозионно-стойкой, жаростойкой и жаропрочной стали ГОСТ 19904-90, parent=806b36cb-36d2-11ee-b5b0-005056013b0c, archive=false, dateOutputArchive=0001-01-01T00:00:00Z}, {guid=806b383d-36d2-11ee-b5b0-005056013b0c, code=11, name=Изделия дальнейшего передела, parent=806b2622-36d2-11ee-b5b0-005056013b0c, archive=false, dateOutputArchive=0001-01-01T00:00:00Z}, {guid=806b3908-36d2-11ee-b5b0-005056013b0c, code=11, name=Прокат холоднокатаный из тонколистовой оцинкованной стали, parent=806b383d-36d2-11ee-b5b0-005056013b0c, archive=false, dateOutputArchive=0001-01-01T00:00:00Z}, {guid=806b39d3-36d2-11ee-b5b0-005056013b0c, code=1, name=Прокат холоднокатаный из тонколистовой оцинкованной стали ГОСТ 19904-90, parent=806b3908-36d2-11ee-b5b0-005056013b0c, archive=false, dateOutputArchive=0001-01-01T00:00:00Z}, {guid=806b3a7a-36d2-11ee-b5b0-005056013b0c, code=15, name=Жесть, parent=806b383d-36d2-11ee-b5b0-005056013b0c, archive=false, dateOutputArchive=0001-01-01T00:00:00Z}, {guid=806b3b45-36d2-11ee-b5b0-005056013b0c, code=1, name=Жесть белая, parent=806b3a7a-36d2-11ee-b5b0-005056013b0c, archive=false, dateOutputArchive=0001-01-01T00:00:00Z}, {guid=806b3bec-36d2-11ee-b5b0-005056013b0c, code=99, name=Листы, временно используемые в производстве (доработка складских остатков), parent=806b2622-36d2-11ee-b5b0-005056013b0c, archive=false, dateOutputArchive=0001-01-01T00:00:00Z}, {guid=806b3ca6-36d2-11ee-b5b0-005056013b0c, code=9, name=Прокат черных металлов, parent=806b3c24-36d2-11ee-b5b0-005056013b0c, archive=false, dateOutputArchive=0001-01-01T00:00:00Z}, {guid=806b3d27-36d2-11ee-b5b0-005056013b0c, code=50, name=Прокат стальной горячекатаный, parent=806b3ca6-36d2-11ee-b5b0-005056013b0c, archive=false, dateOutputArchive=0001-01-01T00:00:00Z}, {guid=806b3da8-36d2-11ee-b5b0-005056013b0c, code=1, name=Прокат сортовой стальной горячекатаный квадратный ГОСТ 2591-2006, parent=806b3d27-36d2-11ee-b5b0-005056013b0c, archive=false, dateOutputArchive=0001-01-01T00:00:00Z}, {guid=806b3c24-36d2-11ee-b5b0-005056013b0c, code=2, name=Квадраты, parent=806b25a2-36d2-11ee-b5b0-005056013b0c, archive=false, dateOutputArchive=0001-01-01T00:00:00Z}, {guid=806b3e05-36d2-11ee-b5b0-005056013b0c, code=11, name=Изделия дальнейшего передела, parent=806b3c24-36d2-11ee-b5b0-005056013b0c, archive=false, dateOutputArchive=0001-01-01T00:00:00Z}, {guid=806b3e86-36d2-11ee-b5b0-005056013b0c, code=40, name=Прокат калиброванный, parent=806b3e05-36d2-11ee-b5b0-005056013b0c, archive=false, dateOutputArchive=0001-01-01T00:00:00Z}, {guid=806b3f07-36d2-11ee-b5b0-005056013b0c, code=1, name=Прокат калиброванный квадратный ГОСТ 8559-75, parent=806b3e86-36d2-11ee-b5b0-005056013b0c, archive=false, dateOutputArchive=0001-01-01T00:00:00Z}, {guid=806b3f64-36d2-11ee-b5b0-005056013b0c, code=99, name=Квадраты, временно используемые в производстве (доработка складских остатков), parent=806b3c24-36d2-11ee-b5b0-005056013b0c, archive=false, dateOutputArchive=0001-01-01T00:00:00Z}, {guid=806b3fc1-36d2-11ee-b5b0-005056013b0c, code=3, name=Шестигранники, parent=806b25a2-36d2-11ee-b5b0-005056013b0c, archive=false, dateOutputArchive=0001-01-01T00:00:00Z}, {guid=806b4043-36d2-11ee-b5b0-005056013b0c, code=9, name=Прокат черных металлов, parent=806b3fc1-36d2-11ee-b5b0-005056013b0c, archive=false, dateOutputArchive=0001-01-01T00:00:00Z}, {guid=806b40c4-36d2-11ee-b5b0-005056013b0c, code=50, name=Прокат стальной горячекатаный, parent=806b4043-36d2-11ee-b5b0-005056013b0c, archive=false, dateOutputArchive=0001-01-01T00:00:00Z}, {guid=806b4145-36d2-11ee-b5b0-005056013b0c, code=1, name=Прокат сортовой стальной горячекатаный шестигранный ГОСТ 2879-2006, parent=806b40c4-36d2-11ee-b5b0-005056013b0c, archive=false, dateOutputArchive=0001-01-01T00:00:00Z}, {guid=806b41a2-36d2-11ee-b5b0-005056013b0c, code=11, name=Изделия дальнейшего передела, parent=806b3fc1-36d2-11ee-b5b0-005056013b0c, archive=false, dateOutputArchive=0001-01-01T00:00:00Z}, {guid=806b4223-36d2-11ee-b5b0-005056013b0c, code=40, name=Прокат калиброванный, parent=806b41a2-36d2-11ee-b5b0-005056013b0c, archive=false, dateOutputArchive=0001-01-01T00:00:00Z}, {guid=806b42a4-36d2-11ee-b5b0-005056013b0c, code=1, name=Прокат калиброванный шестигранный ГОСТ 8560-78, parent=806b4223-36d2-11ee-b5b0-005056013b0c, archive=false, dateOutputArchive=0001-01-01T00:00:00Z}, {guid=806b4301-36d2-11ee-b5b0-005056013b0c, code=99, name=Шестигранники, временно используемые в производстве (доработка складских остатков), parent=806b3fc1-36d2-11ee-b5b0-005056013b0c, archive=false, dateOutputArchive=0001-01-01T00:00:00Z}, {guid=806b435e-36d2-11ee-b5b0-005056013b0c, code=4, name=Круги, parent=806b25a2-36d2-11ee-b5b0-005056013b0c, archive=false, dateOutputArchive=0001-01-01T00:00:00Z}, {guid=806b43ba-36d2-11ee-b5b0-005056013b0c, code=9, name=Прокат черных металлов, parent=806b435e-36d2-11ee-b5b0-005056013b0c, archive=false, dateOutputArchive=0001-01-01T00:00:00Z}, {guid=806b443c-36d2-11ee-b5b0-005056013b0c, code=30, name=Прокат стальной горячекатаный низколегированный, parent=806b43ba-36d2-11ee-b5b0-005056013b0c, archive=false, dateOutputArchive=0001-01-01T00:00:00Z}, {guid=806b44bd-36d2-11ee-b5b0-005056013b0c, code=1, name=Прокат сортовой стальной горячекатаный конструкционный низколегированный ГОСТ 2590-2006, parent=806b443c-36d2-11ee-b5b0-005056013b0c, archive=false, dateOutputArchive=0001-01-01T00:00:00Z}, {guid=806b451a-36d2-11ee-b5b0-005056013b0c, code=34, name=Прокат горячекатаный круглый обыкновенного качества, parent=806b43ba-36d2-11ee-b5b0-005056013b0c, archive=false, dateOutputArchive=0001-01-01T00:00:00Z}, {guid=806b459b-36d2-11ee-b5b0-005056013b0c, code=1, name=Прокат сортовой стальной горячекатаный круглый обыкновенного качества ГОСТ 2590-2006, parent=806b451a-36d2-11ee-b5b0-005056013b0c, archive=false, dateOutputArchive=0001-01-01T00:00:00Z}, {guid=806b45f8-36d2-11ee-b5b0-005056013b0c, code=50, name=Прокат стальной горячекатаный, parent=806b43ba-36d2-11ee-b5b0-005056013b0c, archive=false, dateOutputArchive=0001-01-01T00:00:00Z}, {guid=806b4679-36d2-11ee-b5b0-005056013b0c, code=1, name=Прокат сортовой стальной горячекатаный конструкционный углеродистый ГОСТ 2590-2006, parent=806b45f8-36d2-11ee-b5b0-005056013b0c, archive=false, dateOutputArchive=0001-01-01T00:00:00Z}, {guid=806b46d6-36d2-11ee-b5b0-005056013b0c, code=2, name=Прокат сортовой стальной горячекатаный конструкционный легированный ГОСТ 2590-2006, parent=806b45f8-36d2-11ee-b5b0-005056013b0c, archive=false, dateOutputArchive=0001-01-01T00:00:00Z}, {guid=806b4733-36d2-11ee-b5b0-005056013b0c, code=3, name=Прокат сортовой стальной горячекатаный конструкционной по ТУ 14-1-4566-89, parent=806b45f8-36d2-11ee-b5b0-005056013b0c, archive=false, dateOutputArchive=0001-01-01T00:00:00Z}, {guid=806b4790-36d2-11ee-b5b0-005056013b0c, code=4, name=Прокат круглый из рессорно-пружинной углеродистой и легированной стали ГОСТ 2590-2006, parent=806b45f8-36d2-11ee-b5b0-005056013b0c, archive=false, dateOutputArchive=0001-01-01T00:00:00Z}, {guid=806b47ed-36d2-11ee-b5b0-005056013b0c, code=51, name=Прокат для холодного выдавливания и высадки, parent=806b43ba-36d2-11ee-b5b0-005056013b0c, archive=false, dateOutputArchive=0001-01-01T00:00:00Z}, {guid=806b486e-36d2-11ee-b5b0-005056013b0c, code=1, name=Прокат качественный конструкционный углеродистый и легированный для холодного выдавливания и высадки ГОСТ 10702-78, parent=806b47ed-36d2-11ee-b5b0-005056013b0c, archive=false, dateOutputArchive=0001-01-01T00:00:00Z}, {guid=806b48cb-36d2-11ee-b5b0-005056013b0c, code=56, name=Прокат горячекатаный сортовой конструкционный подшипниковый, parent=806b43ba-36d2-11ee-b5b0-005056013b0c, archive=false, dateOutputArchive=0001-01-01T00:00:00Z}, {guid=806b494c-36d2-11ee-b5b0-005056013b0c, code=1, name=Прокат сортовой стальной горячекатаный конструкционный подшипниковый ГОСТ 2590-2006, parent=806b48cb-36d2-11ee-b5b0-005056013b0c, archive=false, dateOutputArchive=0001-01-01T00:00:00Z}, {guid=806b49a9-36d2-11ee-b5b0-005056013b0c, code=58, name=Прокат горячекатаный сортовой конструкционный никельсодержащий, parent=806b43ba-36d2-11ee-b5b0-005056013b0c, archive=false, dateOutputArchive=0001-01-01T00:00:00Z}, {guid=806b4a2a-36d2-11ee-b5b0-005056013b0c, code=1, name=Прокат сортовой стальной горячекатаный конструкционный по ТУ 14-1-1725-76, parent=806b49a9-36d2-11ee-b5b0-005056013b0c, archive=false, dateOutputArchive=0001-01-01T00:00:00Z}, {guid=806b4a87-36d2-11ee-b5b0-005056013b0c, code=61, name=Прокат горячекатаный сортовой инструментальный, parent=806b43ba-36d2-11ee-b5b0-005056013b0c, archive=false, dateOutputArchive=0001-01-01T00:00:00Z}, {guid=806b4b08-36d2-11ee-b5b0-005056013b0c, code=1, name=Прокат сортовой стальной горячекатаный инструментальный нелегированный ГОСТ 2590-2006, parent=806b4a87-36d2-11ee-b5b0-005056013b0c, archive=false, dateOutputArchive=0001-01-01T00:00:00Z}, {guid=806b4b65-36d2-11ee-b5b0-005056013b0c, code=63, name=Прокат горячекатаный сортовой конструкционный коррозионно-стойкий, жаропрочный, parent=806b43ba-36d2-11ee-b5b0-005056013b0c, archive=false, dateOutputArchive=0001-01-01T00:00:00Z}, {guid=806b4be6-36d2-11ee-b5b0-005056013b0c, code=1, name=Прокат сортовой стальной горячекатаный конструкционный коррозионностойкий, жаропрочный ГОСТ 2590-2006, parent=806b4b65-36d2-11ee-b5b0-005056013b0c, archive=false, dateOutputArchive=0001-01-01T00:00:00Z}, {guid=84f01c49-36d2-11ee-b5b0-005056013b0c, code=13, name=Трубы стальные, parent=84f01bed-36d2-11ee-b5b0-005056013b0c, archive=false, dateOutputArchive=0001-01-01T00:00:00Z}, {guid=806b4c43-36d2-11ee-b5b0-005056013b0c, code=66, name=Прокат сортовой из прецизионных сплавов с высоким электрическим сопротивлением, parent=806b43ba-36d2-11ee-b5b0-005056013b0c, archive=false, dateOutputArchive=0001-01-01T00:00:00Z}, {guid=84f014af-36d2-11ee-b5b0-005056013b0c, code=1, name=Прокат сортовой из прецизионных сплавов с высоким электрическим сопротивлением ГОСТ 12766.4-90, parent=806b4c43-36d2-11ee-b5b0-005056013b0c, archive=false, dateOutputArchive=0001-01-01T00:00:00Z}, {guid=84f0150c-36d2-11ee-b5b0-005056013b0c, code=70, name=Поковки, parent=806b43ba-36d2-11ee-b5b0-005056013b0c, archive=false, dateOutputArchive=0001-01-01T00:00:00Z}, {guid=84f0158d-36d2-11ee-b5b0-005056013b0c, code=1, name=Поковки, parent=84f0150c-36d2-11ee-b5b0-005056013b0c, archive=false, dateOutputArchive=0001-01-01T00:00:00Z}, {guid=84f015ea-36d2-11ee-b5b0-005056013b0c, code=11, name=Изделия дальнейшего передела, parent=806b435e-36d2-11ee-b5b0-005056013b0c, archive=false, dateOutputArchive=0001-01-01T00:00:00Z}, {guid=84f01646-36d2-11ee-b5b0-005056013b0c, code=40, name=Прокат калиброванный круглый, parent=84f015ea-36d2-11ee-b5b0-005056013b0c, archive=false, dateOutputArchive=0001-01-01T00:00:00Z}, {guid=84f016c7-36d2-11ee-b5b0-005056013b0c, code=1, name=Прокат калиброванный круглый углеродистый ГОСТ 7417-75, parent=84f01646-36d2-11ee-b5b0-005056013b0c, archive=false, dateOutputArchive=0001-01-01T00:00:00Z}, {guid=84f01724-36d2-11ee-b5b0-005056013b0c, code=2, name=Прокат калиброванный круглый легированный ГОСТ 7417-75, parent=84f01646-36d2-11ee-b5b0-005056013b0c, archive=false, dateOutputArchive=0001-01-01T00:00:00Z}, {guid=84f01781-36d2-11ee-b5b0-005056013b0c, code=3, name=Прокат калиброванный круглый коррозионно-стойкий, жаропрочный ГОСТ 7417-75, parent=84f01646-36d2-11ee-b5b0-005056013b0c, archive=false, dateOutputArchive=0001-01-01T00:00:00Z}, {guid=84f017de-36d2-11ee-b5b0-005056013b0c, code=4, name=Прокат калиброванный круглый из рессорно-пружинной углеродистой и легированной стали ГОСТ 7417-75, parent=84f01646-36d2-11ee-b5b0-005056013b0c, archive=false, dateOutputArchive=0001-01-01T00:00:00Z}, {guid=84f0183b-36d2-11ee-b5b0-005056013b0c, code=5, name=Сталь качественная круглая со специальной отделкой поверхности ГОСТ 14955-77, parent=84f01646-36d2-11ee-b5b0-005056013b0c, archive=false, dateOutputArchive=0001-01-01T00:00:00Z}, {guid=84f01898-36d2-11ee-b5b0-005056013b0c, code=6, name=Прокат калиброванный для холодной высадки, parent=84f01646-36d2-11ee-b5b0-005056013b0c, archive=false, dateOutputArchive=0001-01-01T00:00:00Z}, {guid=84f018f5-36d2-11ee-b5b0-005056013b0c, code=7, name=Шток хромированный, parent=84f01646-36d2-11ee-b5b0-005056013b0c, archive=false, dateOutputArchive=0001-01-01T00:00:00Z}, {guid=84f01952-36d2-11ee-b5b0-005056013b0c, code=8, name=Прокат сортовой холоднотянутый подшипниковый ГОСТ 7417-75, parent=84f01646-36d2-11ee-b5b0-005056013b0c, archive=false, dateOutputArchive=0001-01-01T00:00:00Z}, {guid=84f019af-36d2-11ee-b5b0-005056013b0c, code=50, name=Прокат термически обработанный шлифованный, parent=84f015ea-36d2-11ee-b5b0-005056013b0c, archive=false, dateOutputArchive=0001-01-01T00:00:00Z}, {guid=84f01a30-36d2-11ee-b5b0-005056013b0c, code=1, name=Прутки нагартованные, термически обработанные шлифованные из высоколегированной и коррозионностойкой стали ГОСТ 18907-73, parent=84f019af-36d2-11ee-b5b0-005056013b0c, archive=false, dateOutputArchive=0001-01-01T00:00:00Z}, {guid=84f01a8d-36d2-11ee-b5b0-005056013b0c, code=60, name=Прокат высокой точности, parent=84f015ea-36d2-11ee-b5b0-005056013b0c, archive=false, dateOutputArchive=0001-01-01T00:00:00Z}, {guid=84f01b33-36d2-11ee-b5b0-005056013b0c, code=1, name=Сталь чистотянутая для шпонок ГОСТ 8787-68, parent=84f01a8d-36d2-11ee-b5b0-005056013b0c, archive=false, dateOutputArchive=0001-01-01T00:00:00Z}, {guid=84f01bb5-36d2-11ee-b5b0-005056013b0c, code=99, name=Круги, временно используемые в производстве (доработка складских остатков), parent=806b435e-36d2-11ee-b5b0-005056013b0c, archive=false, dateOutputArchive=0001-01-01T00:00:00Z}, {guid=84f01bed-36d2-11ee-b5b0-005056013b0c, code=5, name=Трубы, parent=806b25a2-36d2-11ee-b5b0-005056013b0c, archive=false, dateOutputArchive=0001-01-01T00:00:00Z}, {guid=84f01ca5-36d2-11ee-b5b0-005056013b0c, code=14, name=Трубы подшипниковые, parent=84f01c49-36d2-11ee-b5b0-005056013b0c, archive=false, dateOutputArchive=0001-01-01T00:00:00Z}, {guid=84f01d4d-36d2-11ee-b5b0-005056013b0c, code=1, name=Трубы подшипниковые ГОСТ 800-78, parent=84f01ca5-36d2-11ee-b5b0-005056013b0c, archive=false, dateOutputArchive=0001-01-01T00:00:00Z}, {guid=84f01dcf-36d2-11ee-b5b0-005056013b0c, code=19, name=Трубы катаные, parent=84f01c49-36d2-11ee-b5b0-005056013b0c, archive=false, dateOutputArchive=0001-01-01T00:00:00Z}, {guid=84f01e2b-36d2-11ee-b5b0-005056013b0c, code=1, name=Трубы стальные бесшовные горячедеформированные ГОСТ 8732-78, parent=84f01dcf-36d2-11ee-b5b0-005056013b0c, archive=false, dateOutputArchive=0001-01-01T00:00:00Z}, {guid=84f01ead-36d2-11ee-b5b0-005056013b0c, code=2, name=Трубы горячекатаные ТС 257-07, parent=84f01dcf-36d2-11ee-b5b0-005056013b0c, archive=false, dateOutputArchive=0001-01-01T00:00:00Z}, {guid=84f01f30-36d2-11ee-b5b0-005056013b0c, code=3, name=Трубы горячекатаные ТС 77-02, parent=84f01dcf-36d2-11ee-b5b0-005056013b0c, archive=false, dateOutputArchive=0001-01-01T00:00:00Z}, {guid=8c5aea59-36d2-11ee-b5b0-005056013b0c, code=1, name=Профиль ножа, parent=8c5ae9fd-36d2-11ee-b5b0-005056013b0c, archive=false, dateOutputArchive=0001-01-01T00:00:00Z}, {guid=84f01fb2-36d2-11ee-b5b0-005056013b0c, code=4, name=Трубы стальные бесшовные горячекатаные толстостенные из литого слитка ТУ 14-3Р-50-2001, parent=84f01dcf-36d2-11ee-b5b0-005056013b0c, archive=false, dateOutputArchive=0001-01-01T00:00:00Z}, {guid=84f02034-36d2-11ee-b5b0-005056013b0c, code=5, name=Трубы стальные бесшовные горячедеформированные для нефтегазопроводов ТУ 14-3Р-44-2001, parent=84f01dcf-36d2-11ee-b5b0-005056013b0c, archive=false, dateOutputArchive=0001-01-01T00:00:00Z}, {guid=84f020b6-36d2-11ee-b5b0-005056013b0c, code=6, name=Трубы бесшовные горячедеформированные из коррозионностойкой стали ГОСТ 9940-81, parent=84f01dcf-36d2-11ee-b5b0-005056013b0c, archive=false, dateOutputArchive=0001-01-01T00:00:00Z}, {guid=84f02138-36d2-11ee-b5b0-005056013b0c, code=40, name=Трубы тянутые, parent=84f01c49-36d2-11ee-b5b0-005056013b0c, archive=false, dateOutputArchive=0001-01-01T00:00:00Z}, {guid=84f02194-36d2-11ee-b5b0-005056013b0c, code=1, name=Трубы стальные бесшовные холоднодеформированные ГОСТ 8734-75, parent=84f02138-36d2-11ee-b5b0-005056013b0c, archive=false, dateOutputArchive=0001-01-01T00:00:00Z}, {guid=86635496-36d2-11ee-b5b0-005056013b0c, code=2, name=Трубы стальные электросварные прямошовные ГОСТ 10704-91, parent=84f02138-36d2-11ee-b5b0-005056013b0c, archive=false, dateOutputArchive=0001-01-01T00:00:00Z}, {guid=86635518-36d2-11ee-b5b0-005056013b0c, code=3, name=Трубы стальные электросварные холоднодеформированные для карданных валов ГОСТ 5005-82, parent=84f02138-36d2-11ee-b5b0-005056013b0c, archive=false, dateOutputArchive=0001-01-01T00:00:00Z}, {guid=8663559a-36d2-11ee-b5b0-005056013b0c, code=4, name=Трубы холоднодеформированные ТУ 14-3-575-90, ПР890-2002, parent=84f02138-36d2-11ee-b5b0-005056013b0c, archive=false, dateOutputArchive=0001-01-01T00:00:00Z}, {guid=8663561c-36d2-11ee-b5b0-005056013b0c, code=5, name=Трубы стальные бесшовные высокого давления ГОСТ 11017-80, parent=84f02138-36d2-11ee-b5b0-005056013b0c, archive=false, dateOutputArchive=0001-01-01T00:00:00Z}, {guid=8663569e-36d2-11ee-b5b0-005056013b0c, code=6, name=Трубы стальные бесшовные холоднодеформируемые производства фирмы ШТАУФФ, parent=84f02138-36d2-11ee-b5b0-005056013b0c, archive=false, dateOutputArchive=0001-01-01T00:00:00Z}, {guid=86635720-36d2-11ee-b5b0-005056013b0c, code=44, name=Трубы тянутые прецизионные, прямоугольные, квадратные, parent=84f01c49-36d2-11ee-b5b0-005056013b0c, archive=false, dateOutputArchive=0001-01-01T00:00:00Z}, {guid=8663577c-36d2-11ee-b5b0-005056013b0c, code=1, name=Трубы стальные прецизионные ГОСТ 9567-75, parent=86635720-36d2-11ee-b5b0-005056013b0c, archive=false, dateOutputArchive=0001-01-01T00:00:00Z}, {guid=866357fe-36d2-11ee-b5b0-005056013b0c, code=2, name=Трубы стальные прямоугольные ГОСТ 8645-68, parent=86635720-36d2-11ee-b5b0-005056013b0c, archive=false, dateOutputArchive=0001-01-01T00:00:00Z}, {guid=866358a7-36d2-11ee-b5b0-005056013b0c, code=3, name=Трубы стальные квадратные ГОСТ 8639-82, parent=86635720-36d2-11ee-b5b0-005056013b0c, archive=false, dateOutputArchive=0001-01-01T00:00:00Z}, {guid=86636371-36d2-11ee-b5b0-005056013b0c, code=99, name=Полосы, временно используемые в производстве (доработка складских остатков), parent=86635f07-36d2-11ee-b5b0-005056013b0c, archive=false, dateOutputArchive=0001-01-01T00:00:00Z}, {guid=86635929-36d2-11ee-b5b0-005056013b0c, code=4, name=Профили стальные гнутые замкнутые сварные квадратные и прямоугольные для строительных конструкций, parent=86635720-36d2-11ee-b5b0-005056013b0c, archive=false, dateOutputArchive=0001-01-01T00:00:00Z}, {guid=866359d0-36d2-11ee-b5b0-005056013b0c, code=5, name=Трубы стальные электросварные прямоугольного и квадратного сечения ТУ 14-3-462-76, parent=86635720-36d2-11ee-b5b0-005056013b0c, archive=false, dateOutputArchive=0001-01-01T00:00:00Z}, {guid=86635a77-36d2-11ee-b5b0-005056013b0c, code=6, name=Профили стальные гнутые замкнутые сварные квадратные и прямоугольные ГОСТ 25577-83, parent=86635720-36d2-11ee-b5b0-005056013b0c, archive=false, dateOutputArchive=0001-01-01T00:00:00Z}, {guid=86635b1e-36d2-11ee-b5b0-005056013b0c, code=51, name=Трубы тонкостенные углерод, parent=84f01c49-36d2-11ee-b5b0-005056013b0c, archive=false, dateOutputArchive=0001-01-01T00:00:00Z}, {guid=86635bc4-36d2-11ee-b5b0-005056013b0c, code=1, name=Трубы стальные бесшовные холоднодеформированные для судостроения ГОСТ 1060-83, parent=86635b1e-36d2-11ee-b5b0-005056013b0c, archive=false, dateOutputArchive=0001-01-01T00:00:00Z}, {guid=86635c46-36d2-11ee-b5b0-005056013b0c, code=60, name=Трубы тонкостенные нерж, parent=84f01c49-36d2-11ee-b5b0-005056013b0c, archive=false, dateOutputArchive=0001-01-01T00:00:00Z}, {guid=86635cec-36d2-11ee-b5b0-005056013b0c, code=1, name=Трубы бесшовные холодно и теплодеформированные из коррозионной стали ГОСТ 9941-81, parent=86635c46-36d2-11ee-b5b0-005056013b0c, archive=false, dateOutputArchive=0001-01-01T00:00:00Z}, {guid=86635d6e-36d2-11ee-b5b0-005056013b0c, code=2, name=Трубы стальные бесшовные для маслопроводов и топливопроводов ГОСТ 19277-73, parent=86635c46-36d2-11ee-b5b0-005056013b0c, archive=false, dateOutputArchive=0001-01-01T00:00:00Z}, {guid=86635df0-36d2-11ee-b5b0-005056013b0c, code=85, name=Трубы стальные водогазопроводные, parent=84f01c49-36d2-11ee-b5b0-005056013b0c, archive=false, dateOutputArchive=0001-01-01T00:00:00Z}, {guid=86635e4c-36d2-11ee-b5b0-005056013b0c, code=1, name=Трубы стальные водогазопроводные ГОСТ 3262-75, parent=86635df0-36d2-11ee-b5b0-005056013b0c, archive=false, dateOutputArchive=0001-01-01T00:00:00Z}, {guid=86635f07-36d2-11ee-b5b0-005056013b0c, code=6, name=Полоса, parent=806b25a2-36d2-11ee-b5b0-005056013b0c, archive=false, dateOutputArchive=0001-01-01T00:00:00Z}, {guid=86635f63-36d2-11ee-b5b0-005056013b0c, code=9, name=Прокат черных металлов, parent=86635f07-36d2-11ee-b5b0-005056013b0c, archive=false, dateOutputArchive=0001-01-01T00:00:00Z}, {guid=86635fbf-36d2-11ee-b5b0-005056013b0c, code=50, name=Полоса стальная, parent=86635f63-36d2-11ee-b5b0-005056013b0c, archive=false, dateOutputArchive=0001-01-01T00:00:00Z}, {guid=86636065-36d2-11ee-b5b0-005056013b0c, code=1, name=Прокат сортовой стальной горячекатаный полосовой ГОСТ 103-2006, parent=86635fbf-36d2-11ee-b5b0-005056013b0c, archive=false, dateOutputArchive=0001-01-01T00:00:00Z}, {guid=866360e7-36d2-11ee-b5b0-005056013b0c, code=2, name=Профили стальные холоднодеформированные высокой точности ТУ 14-11-245-88, parent=86635fbf-36d2-11ee-b5b0-005056013b0c, archive=false, dateOutputArchive=0001-01-01T00:00:00Z}, {guid=86636169-36d2-11ee-b5b0-005056013b0c, code=3, name=Прокат сортовой стальной горячекатаный полосовой рессорно-пружинный ГОСТ 7419-90, parent=86635fbf-36d2-11ee-b5b0-005056013b0c, archive=false, dateOutputArchive=0001-01-01T00:00:00Z}, {guid=866361eb-36d2-11ee-b5b0-005056013b0c, code=4, name=Прокат сортовой стальной горячекатаный полосовой ТУ 14-1-5240-93, parent=86635fbf-36d2-11ee-b5b0-005056013b0c, archive=false, dateOutputArchive=0001-01-01T00:00:00Z}, {guid=8663626d-36d2-11ee-b5b0-005056013b0c, code=5, name=Прокат широкополосный универсальный ГОСТ 82-70, parent=86635fbf-36d2-11ee-b5b0-005056013b0c, archive=false, dateOutputArchive=0001-01-01T00:00:00Z}, {guid=866362ef-36d2-11ee-b5b0-005056013b0c, code=6, name=Прокат листовой и полосовой термообработанный повышенного качества ТУ 14-1-4632-93, parent=86635fbf-36d2-11ee-b5b0-005056013b0c, archive=false, dateOutputArchive=0001-01-01T00:00:00Z}, {guid=866363a9-36d2-11ee-b5b0-005056013b0c, code=7, name=Уголки, parent=806b25a2-36d2-11ee-b5b0-005056013b0c, archive=false, dateOutputArchive=0001-01-01T00:00:00Z}, {guid=86636405-36d2-11ee-b5b0-005056013b0c, code=9, name=Прокат черных металлов, parent=866363a9-36d2-11ee-b5b0-005056013b0c, archive=false, dateOutputArchive=0001-01-01T00:00:00Z}, {guid=86636461-36d2-11ee-b5b0-005056013b0c, code=30, name=Уголки стальные, parent=86636405-36d2-11ee-b5b0-005056013b0c, archive=false, dateOutputArchive=0001-01-01T00:00:00Z}, {guid=86636509-36d2-11ee-b5b0-005056013b0c, code=1, name=Уголки стальные горячекатанные равнополочные ГОСТ 8509-93, parent=86636461-36d2-11ee-b5b0-005056013b0c, archive=false, dateOutputArchive=0001-01-01T00:00:00Z}, {guid=8c5aeadb-36d2-11ee-b5b0-005056013b0c, code=2, name=Полоса башмачная для тракторов, parent=8c5ae9fd-36d2-11ee-b5b0-005056013b0c, archive=false, dateOutputArchive=0001-01-01T00:00:00Z}, {guid=866365b1-36d2-11ee-b5b0-005056013b0c, code=2, name=Уголки стальные горячекатанные неравнополочные ГОСТ 8510-86, parent=86636461-36d2-11ee-b5b0-005056013b0c, archive=false, dateOutputArchive=0001-01-01T00:00:00Z}, {guid=86636659-36d2-11ee-b5b0-005056013b0c, code=8, name=Ленты, parent=806b25a2-36d2-11ee-b5b0-005056013b0c, archive=false, dateOutputArchive=0001-01-01T00:00:00Z}, {guid=866366ff-36d2-11ee-b5b0-005056013b0c, code=9, name=Прокат черных металлов, parent=86636659-36d2-11ee-b5b0-005056013b0c, archive=false, dateOutputArchive=0001-01-01T00:00:00Z}, {guid=866367a5-36d2-11ee-b5b0-005056013b0c, code=35, name=Лента стальная горячекатаная, parent=866366ff-36d2-11ee-b5b0-005056013b0c, archive=false, dateOutputArchive=0001-01-01T00:00:00Z}, {guid=8663684b-36d2-11ee-b5b0-005056013b0c, code=1, name=Лента стальная горячекатаная ГОСТ 6009-74, parent=866367a5-36d2-11ee-b5b0-005056013b0c, archive=false, dateOutputArchive=0001-01-01T00:00:00Z}, {guid=866368cd-36d2-11ee-b5b0-005056013b0c, code=12, name=Метизы, parent=86636659-36d2-11ee-b5b0-005056013b0c, archive=false, dateOutputArchive=0001-01-01T00:00:00Z}, {guid=86636973-36d2-11ee-b5b0-005056013b0c, code=30, name=Лента холоднокатаная, parent=866368cd-36d2-11ee-b5b0-005056013b0c, archive=false, dateOutputArchive=0001-01-01T00:00:00Z}, {guid=8c5aeeb4-36d2-11ee-b5b0-005056013b0c, code=9, name=Прокат черных металлов, parent=8c5aee58-36d2-11ee-b5b0-005056013b0c, archive=false, dateOutputArchive=0001-01-01T00:00:00Z}, {guid=86636a19-36d2-11ee-b5b0-005056013b0c, code=1, name=Лента холоднокатаная из низкоуглеродистой стали ГОСТ 503-81, parent=86636973-36d2-11ee-b5b0-005056013b0c, archive=false, dateOutputArchive=0001-01-01T00:00:00Z}, {guid=86636a9b-36d2-11ee-b5b0-005056013b0c, code=2, name=Лента холоднокатаная из инструментальной и пружинной стали ГОСТ 2283-79, parent=86636973-36d2-11ee-b5b0-005056013b0c, archive=false, dateOutputArchive=0001-01-01T00:00:00Z}, {guid=86636b1d-36d2-11ee-b5b0-005056013b0c, code=3, name=Лента холоднокатаная термообработанная ГОСТ 21996-76, parent=86636973-36d2-11ee-b5b0-005056013b0c, archive=false, dateOutputArchive=0001-01-01T00:00:00Z}, {guid=86636b9f-36d2-11ee-b5b0-005056013b0c, code=4, name=Лента стальная упаковочная ГОСТ 3560-73, parent=86636973-36d2-11ee-b5b0-005056013b0c, archive=false, dateOutputArchive=0001-01-01T00:00:00Z}, {guid=86636c21-36d2-11ee-b5b0-005056013b0c, code=5, name=Лента холоднокатаная повышенной точности ГОСТ 19851-74, parent=86636973-36d2-11ee-b5b0-005056013b0c, archive=false, dateOutputArchive=0001-01-01T00:00:00Z}, {guid=86636ca3-36d2-11ee-b5b0-005056013b0c, code=6, name=Лента холоднокатаная ТУ 14-550-6-94, parent=86636973-36d2-11ee-b5b0-005056013b0c, archive=false, dateOutputArchive=0001-01-01T00:00:00Z}, {guid=86636d25-36d2-11ee-b5b0-005056013b0c, code=7, name=Лента холоднокатаная ТУ 14-1-258-72, parent=86636973-36d2-11ee-b5b0-005056013b0c, archive=false, dateOutputArchive=0001-01-01T00:00:00Z}, {guid=86636da7-36d2-11ee-b5b0-005056013b0c, code=8, name=Лента холоднокатаная из углеродистой конструкционной стали ГОСТ 2284-79, parent=86636973-36d2-11ee-b5b0-005056013b0c, archive=false, dateOutputArchive=0001-01-01T00:00:00Z}, {guid=86636e29-36d2-11ee-b5b0-005056013b0c, code=33, name=Лента холоднокатаная нерж, parent=866368cd-36d2-11ee-b5b0-005056013b0c, archive=false, dateOutputArchive=0001-01-01T00:00:00Z}, {guid=86636ecf-36d2-11ee-b5b0-005056013b0c, code=1, name=Лента холоднокатаная из коррозионно-стойкой и жаростойкой стали ГОСТ 4986-79, parent=86636e29-36d2-11ee-b5b0-005056013b0c, archive=false, dateOutputArchive=0001-01-01T00:00:00Z}, {guid=86636f51-36d2-11ee-b5b0-005056013b0c, code=35, name=Лента из сплавов высокого омического сопротивления, parent=866368cd-36d2-11ee-b5b0-005056013b0c, archive=false, dateOutputArchive=0001-01-01T00:00:00Z}, {guid=86636ff7-36d2-11ee-b5b0-005056013b0c, code=1, name=Лента из прецизионных сплавов с высоким электрическим сопротивлением ГОСТ 12766.2-90, parent=86636f51-36d2-11ee-b5b0-005056013b0c, archive=false, dateOutputArchive=0001-01-01T00:00:00Z}, {guid=86637079-36d2-11ee-b5b0-005056013b0c, code=61, name=Лента холоднокатаная из термобиметаллов, parent=866368cd-36d2-11ee-b5b0-005056013b0c, archive=false, dateOutputArchive=0001-01-01T00:00:00Z}, {guid=8663711f-36d2-11ee-b5b0-005056013b0c, code=1, name=Лента холоднокатаная из термобиметаллов ГОСТ 10533-86, parent=86637079-36d2-11ee-b5b0-005056013b0c, archive=false, dateOutputArchive=0001-01-01T00:00:00Z}, {guid=866371a1-36d2-11ee-b5b0-005056013b0c, code=99, name=Ленты, временно используемые в производстве (доработка складских остатков), parent=86636659-36d2-11ee-b5b0-005056013b0c, archive=false, dateOutputArchive=0001-01-01T00:00:00Z}, {guid=86637223-36d2-11ee-b5b0-005056013b0c, code=9, name=Швеллеры, parent=806b25a2-36d2-11ee-b5b0-005056013b0c, archive=false, dateOutputArchive=0001-01-01T00:00:00Z}, {guid=8663727f-36d2-11ee-b5b0-005056013b0c, code=9, name=Прокат черных металлов, parent=86637223-36d2-11ee-b5b0-005056013b0c, archive=false, dateOutputArchive=0001-01-01T00:00:00Z}, {guid=866372db-36d2-11ee-b5b0-005056013b0c, code=25, name=Швеллеры, parent=8663727f-36d2-11ee-b5b0-005056013b0c, archive=false, dateOutputArchive=0001-01-01T00:00:00Z}, {guid=86637337-36d2-11ee-b5b0-005056013b0c, code=1, name=Швеллеры стальные горячекатаные ГОСТ 8240-97, parent=866372db-36d2-11ee-b5b0-005056013b0c, archive=false, dateOutputArchive=0001-01-01T00:00:00Z}, {guid=866373bb-36d2-11ee-b5b0-005056013b0c, code=2, name=Двутавры стальные горячекатанные ГОСТ 8239-89, parent=866372db-36d2-11ee-b5b0-005056013b0c, archive=false, dateOutputArchive=0001-01-01T00:00:00Z}, {guid=8663743d-36d2-11ee-b5b0-005056013b0c, code=3, name=Швеллеры стальные гнутые равнополочные ГОСТ 8278-83, parent=866372db-36d2-11ee-b5b0-005056013b0c, archive=false, dateOutputArchive=0001-01-01T00:00:00Z}, {guid=866374e5-36d2-11ee-b5b0-005056013b0c, code=4, name=Швеллеры стальные гнутые неравнополочные ГОСТ 8281-80, parent=866372db-36d2-11ee-b5b0-005056013b0c, archive=false, dateOutputArchive=0001-01-01T00:00:00Z}, {guid=8663758c-36d2-11ee-b5b0-005056013b0c, code=5, name=Балки двутавровые и швеллеры стальные специальные ГОСТ 19425-74, parent=866372db-36d2-11ee-b5b0-005056013b0c, archive=false, dateOutputArchive=0001-01-01T00:00:00Z}, {guid=8663766a-36d2-11ee-b5b0-005056013b0c, code=12, name=Метизы, parent=8663760e-36d2-11ee-b5b0-005056013b0c, archive=false, dateOutputArchive=0001-01-01T00:00:00Z}, {guid=866376c6-36d2-11ee-b5b0-005056013b0c, code=50, name=Канаты, parent=8663766a-36d2-11ee-b5b0-005056013b0c, archive=false, dateOutputArchive=0001-01-01T00:00:00Z}, {guid=86637747-36d2-11ee-b5b0-005056013b0c, code=1, name=Канат одинарной свивки ТК конструкции 1х19(1+6+12) ГОСТ 3063-80, parent=866376c6-36d2-11ee-b5b0-005056013b0c, archive=false, dateOutputArchive=0001-01-01T00:00:00Z}, {guid=866377a4-36d2-11ee-b5b0-005056013b0c, code=2, name=Канат двойной свивки типа конструкции 6х37(1+6+12+18)+1 о.с. ГОСТ 3071-88, parent=866376c6-36d2-11ee-b5b0-005056013b0c, archive=false, dateOutputArchive=0001-01-01T00:00:00Z}, {guid=86637801-36d2-11ee-b5b0-005056013b0c, code=3, name=Канат двойной свивки типа ЛК-РО конструкции 6х36(1+7+7/7+14)+7х7(1+6) ГОСТ 7669-80, parent=866376c6-36d2-11ee-b5b0-005056013b0c, archive=false, dateOutputArchive=0001-01-01T00:00:00Z}, {guid=8663785e-36d2-11ee-b5b0-005056013b0c, code=4, name=Канат двойной свивки типа ЛК-РО конструкции 6х36(1+7+7/7+14)+ 1 о.с. ГОСТ 7668-80, parent=866376c6-36d2-11ee-b5b0-005056013b0c, archive=false, dateOutputArchive=0001-01-01T00:00:00Z}, {guid=866378bb-36d2-11ee-b5b0-005056013b0c, code=5, name=Канаты стальные авиационные ГОСТ 3241-80, parent=866376c6-36d2-11ee-b5b0-005056013b0c, archive=false, dateOutputArchive=0001-01-01T00:00:00Z}, {guid=86637918-36d2-11ee-b5b0-005056013b0c, code=6, name=Канат стальной ТУ 14-4-412-73, parent=866376c6-36d2-11ee-b5b0-005056013b0c, archive=false, dateOutputArchive=0001-01-01T00:00:00Z}, {guid=86637975-36d2-11ee-b5b0-005056013b0c, code=7, name=Канат стальной двойной свивки типа ТК конструкции 6х19(1+6+12)+1о.с. ГОСТ 3070-80, parent=866376c6-36d2-11ee-b5b0-005056013b0c, archive=false, dateOutputArchive=0001-01-01T00:00:00Z}, {guid=866379d2-36d2-11ee-b5b0-005056013b0c, code=8, name=Канат стальной двойной свивки типа ТК конструкции 6х19(1+6+12)+1х19(1+6+12) ГОСТ 3067-88, parent=866376c6-36d2-11ee-b5b0-005056013b0c, archive=false, dateOutputArchive=0001-01-01T00:00:00Z}, {guid=86637a2f-36d2-11ee-b5b0-005056013b0c, code=9, name=Канат двойной свивки типа ЛК-О конструкции 6х7(1+6)+1х7(1+6) ГОСТ 3066-80, parent=866376c6-36d2-11ee-b5b0-005056013b0c, archive=false, dateOutputArchive=0001-01-01T00:00:00Z}, {guid=86637ae9-36d2-11ee-b5b0-005056013b0c, code=11, name=Канат двойной свивки типа ЛК-Р конструкции 6х19(1+6+6/6)+1о.с. ГОСТ2688-80, parent=866376c6-36d2-11ee-b5b0-005056013b0c, archive=false, dateOutputArchive=0001-01-01T00:00:00Z}, {guid=86637b46-36d2-11ee-b5b0-005056013b0c, code=12, name=Канат двойной свивки типа ЛК-О конструкции 6х19(1+9+9)+1о.с.ГОСТ3077-80, parent=866376c6-36d2-11ee-b5b0-005056013b0c, archive=false, dateOutputArchive=0001-01-01T00:00:00Z}, {guid=8acaf7ed-36d2-11ee-b5b0-005056013b0c, code=13, name=Канат двойной свивки типа ЛК-3 конструкции 6х25 (1+6; 6+12)+1о.с ГОСТ 7665-80, parent=866376c6-36d2-11ee-b5b0-005056013b0c, archive=false, dateOutputArchive=0001-01-01T00:00:00Z}, {guid=8acaf84a-36d2-11ee-b5b0-005056013b0c, code=14, name=Канат одинарной свивки типа ЛК-О конструкции 1х7(1+6) ГОСТ 3062-80, parent=866376c6-36d2-11ee-b5b0-005056013b0c, archive=false, dateOutputArchive=0001-01-01T00:00:00Z}, {guid=8acaf8a7-36d2-11ee-b5b0-005056013b0c, code=15, name=Канат двойной свивки типа ТЛК-О конструкции 6х37(1+6+15+15)+1 о.с. ГОСТ 3079-80, parent=866376c6-36d2-11ee-b5b0-005056013b0c, archive=false, dateOutputArchive=0001-01-01T00:00:00Z}, {guid=8acaf904-36d2-11ee-b5b0-005056013b0c, code=16, name=Канат двойной свивки типа ЛК-Р конструкции 6х19(1+6+6/6)+7х7(1+6) ГОСТ 14954-80, parent=866376c6-36d2-11ee-b5b0-005056013b0c, archive=false, dateOutputArchive=0001-01-01T00:00:00Z}, {guid=8acaf961-36d2-11ee-b5b0-005056013b0c, code=99, name=Канаты, временно используемые в производстве (доработка складских остатков), parent=8663760e-36d2-11ee-b5b0-005056013b0c, archive=false, dateOutputArchive=0001-01-01T00:00:00Z}, {guid=8acaf999-36d2-11ee-b5b0-005056013b0c, code=11, name=Проволока, parent=806b25a2-36d2-11ee-b5b0-005056013b0c, archive=false, dateOutputArchive=0001-01-01T00:00:00Z}, {guid=8acaf9f5-36d2-11ee-b5b0-005056013b0c, code=12, name=Метизы, parent=8acaf999-36d2-11ee-b5b0-005056013b0c, archive=false, dateOutputArchive=0001-01-01T00:00:00Z}, {guid=8acafa51-36d2-11ee-b5b0-005056013b0c, code=10, name=Проволока обыкновенного качества, parent=8acaf9f5-36d2-11ee-b5b0-005056013b0c, archive=false, dateOutputArchive=0001-01-01T00:00:00Z}, {guid=8acafad2-36d2-11ee-b5b0-005056013b0c, code=1, name=Проволока низкоуглеродистая качественная ГОСТ 792-67, parent=8acafa51-36d2-11ee-b5b0-005056013b0c, archive=false, dateOutputArchive=0001-01-01T00:00:00Z}, {guid=8acafb2f-36d2-11ee-b5b0-005056013b0c, code=2, name=Проволока стальная низкоуглеродистая общего назначения ГОСТ 3282-74, parent=8acafa51-36d2-11ee-b5b0-005056013b0c, archive=false, dateOutputArchive=0001-01-01T00:00:00Z}, {guid=8acafb8c-36d2-11ee-b5b0-005056013b0c, code=20, name=Проволока из углеродистых и легированных марок сталей, parent=8acaf9f5-36d2-11ee-b5b0-005056013b0c, archive=false, dateOutputArchive=0001-01-01T00:00:00Z}, {guid=8acafc45-36d2-11ee-b5b0-005056013b0c, code=2, name=Проволока стальная углеродистая пружинная ГОСТ 9389-75, parent=8acafb8c-36d2-11ee-b5b0-005056013b0c, archive=false, dateOutputArchive=0001-01-01T00:00:00Z}, {guid=8acafca2-36d2-11ee-b5b0-005056013b0c, code=3, name=Проволока стальная легированная пружинная ГОСТ 14963-78, parent=8acafb8c-36d2-11ee-b5b0-005056013b0c, archive=false, dateOutputArchive=0001-01-01T00:00:00Z}, {guid=8acafcff-36d2-11ee-b5b0-005056013b0c, code=4, name=Проволока стальная для пружинных шайб ГОСТ 11850-72, parent=8acafb8c-36d2-11ee-b5b0-005056013b0c, archive=false, dateOutputArchive=0001-01-01T00:00:00Z}, {guid=86637a8c-36d2-11ee-b5b0-005056013b0c, code=10, name=Канат двойной свивки многопрядный типа ЛК-Р конструкции 18х19(1+6+6/6)+1о.с. ГОСТ 3088-80, parent=866376c6-36d2-11ee-b5b0-005056013b0c, archive=false, dateOutputArchive=0001-01-01T00:00:00Z}, {guid=8acafbe8-36d2-11ee-b5b0-005056013b0c, code=1, name=Проволока из углеродистой конструкционной стали ГОСТ 17305-91, parent=8acafb8c-36d2-11ee-b5b0-005056013b0c, archive=false, dateOutputArchive=0001-01-01T00:00:00Z}, {guid=8acafd6f-36d2-11ee-b5b0-005056013b0c, code=5, name=Проволока стальная углеродистая для холодной высадки и выдавливания, parent=8acafb8c-36d2-11ee-b5b0-005056013b0c, archive=false, dateOutputArchive=0001-01-01T00:00:00Z}]
" type="java.lang.AssertionError">
      <![CDATA[java.lang.AssertionError: 1 expectation failed.
Response body doesn't match expectation.
Expected: The content to match the given JSON schema.
error: instance type (integer) does not match any allowed primitive type (allowed: ["string"])
    level: "error"
    schema: {"loadingURI":"file:/C:/Users/Sasha/Api/target/test-classes/getEopList.json#","pointer":"/items/properties/code"}
    instance: {"pointer":"/0/code"}
    domain: "validation"
    keyword: "type"
    found: "integer"
    expected: ["string"]

  Actual: [{guid=806b27a5-36d2-11ee-b5b0-005056013b0c, code=1, name=Прокат толстолистовой горячекатаный из стали повышенной прочности ГОСТ 19903-74, parent=806b26da-36d2-11ee-b5b0-005056013b0c, archive=false, dateOutputArchive=0001-01-01T00:00:00Z}, {guid=806b284d-36d2-11ee-b5b0-005056013b0c, code=2, name=Листы просечно-вытяжные, parent=806b26da-36d2-11ee-b5b0-005056013b0c, archive=false, dateOutputArchive=0001-01-01T00:00:00Z}, {guid=806b28f5-36d2-11ee-b5b0-005056013b0c, code=3, name=Прокат листовой горячекатаный из высококачественной стали повышенной прочности (Швеция), parent=806b26da-36d2-11ee-b5b0-005056013b0c, archive=false, dateOutputArchive=0001-01-01T00:00:00Z}, {guid=806b2977-36d2-11ee-b5b0-005056013b0c, code=72, name=Листы стальные с ромбическим и чечевичным рифлением, parent=806b267e-36d2-11ee-b5b0-005056013b0c, archive=false, dateOutputArchive=0001-01-01T00:00:00Z}, {guid=806b2a42-36d2-11ee-b5b0-005056013b0c, code=1, name=Листы стальные с ромбическим и чечевичным рифлением ГОСТ 8568-77, parent=806b2977-36d2-11ee-b5b0-005056013b0c, archive=false, dateOutputArchive=0001-01-01T00:00:00Z}, {guid=806b2ae9-36d2-11ee-b5b0-005056013b0c, code=81, name=Прокат листовой горячекатаный, parent=806b267e-36d2-11ee-b5b0-005056013b0c, archive=false, dateOutputArchive=0001-01-01T00:00:00Z}, {guid=806b2bb4-36d2-11ee-b5b0-005056013b0c, code=1, name=Прокат листовой горячекатаный из легированной конструкционной стали общего назначения ГОСТ 19903-74, parent=806b2ae9-36d2-11ee-b5b0-005056013b0c, archive=false, dateOutputArchive=0001-01-01T00:00:00Z}, {guid=806b2c5b-36d2-11ee-b5b0-005056013b0c, code=2, name=Прокат листовой горячекатаный из стали углеродистой обыкновенного качества ГОСТ 19903-74, parent=806b2ae9-36d2-11ee-b5b0-005056013b0c, archive=false, dateOutputArchive=0001-01-01T00:00:00Z}, {guid=806b2d02-36d2-11ee-b5b0-005056013b0c, code=3, name=Прокат листовой горячекатаный из конструкционной качественной стали ГОСТ 19903-74, parent=806b2ae9-36d2-11ee-b5b0-005056013b0c, archive=false, dateOutputArchive=0001-01-01T00:00:00Z}, {guid=806b2da9-36d2-11ee-b5b0-005056013b0c, code=4, name=Прокат толстолистовой горячекатаный из легированной стали ГОСТ 19903-74, parent=806b2ae9-36d2-11ee-b5b0-005056013b0c, archive=false, dateOutputArchive=0001-01-01T00:00:00Z}, {guid=806b2e50-36d2-11ee-b5b0-005056013b0c, code=5, name=Прокат толстолистовой горячекатаный из легированной стали, parent=806b2ae9-36d2-11ee-b5b0-005056013b0c, archive=false, dateOutputArchive=0001-01-01T00:00:00Z}, {guid=806b2ef7-36d2-11ee-b5b0-005056013b0c, code=6, name=Прокат горячекатанный ТУ 1-9-1021-84, parent=806b2ae9-36d2-11ee-b5b0-005056013b0c, archive=false, dateOutputArchive=0001-01-01T00:00:00Z}, {guid=806b2f9e-36d2-11ee-b5b0-005056013b0c, code=7, name=Листы спецстали АК, parent=806b2ae9-36d2-11ee-b5b0-005056013b0c, archive=false, dateOutputArchive=0001-01-01T00:00:00Z}, {guid=806b3045-36d2-11ee-b5b0-005056013b0c, code=86, name=Прокат толстолистовой горячекатаный коррозионно-стойкий, жаростойкий и жаропрочный, parent=806b267e-36d2-11ee-b5b0-005056013b0c, archive=false, dateOutputArchive=0001-01-01T00:00:00Z}, {guid=806b3110-36d2-11ee-b5b0-005056013b0c, code=1, name=Прокат листовой горячекатаный коррозионно-стойкий, жаростойкий и жаропрочный ГОСТ 19903-74, parent=806b3045-36d2-11ee-b5b0-005056013b0c, archive=false, dateOutputArchive=0001-01-01T00:00:00Z}, {guid=806b2622-36d2-11ee-b5b0-005056013b0c, code=1, name=Листы, parent=806b25a2-36d2-11ee-b5b0-005056013b0c, archive=false, dateOutputArchive=0001-01-01T00:00:00Z}, {guid=806b267e-36d2-11ee-b5b0-005056013b0c, code=9, name=Прокат черных металлов, parent=806b2622-36d2-11ee-b5b0-005056013b0c, archive=false, dateOutputArchive=0001-01-01T00:00:00Z}, {guid=806b25a2-36d2-11ee-b5b0-005056013b0c, code=1, name=Металлы черные, parent=00000000-0000-0000-0000-000000000000, archive=false, dateOutputArchive=0001-01-01T00:00:00Z}, {guid=806b31b7-36d2-11ee-b5b0-005056013b0c, code=89, name=Листы спецстали, parent=806b267e-36d2-11ee-b5b0-005056013b0c, archive=false, dateOutputArchive=0001-01-01T00:00:00Z}, {guid=806b3282-36d2-11ee-b5b0-005056013b0c, code=1, name=Листы спецстали, parent=806b31b7-36d2-11ee-b5b0-005056013b0c, archive=false, dateOutputArchive=0001-01-01T00:00:00Z}, {guid=806b3329-36d2-11ee-b5b0-005056013b0c, code=91, name=Прокат тонколистовой холоднокатаный, parent=806b267e-36d2-11ee-b5b0-005056013b0c, archive=false, dateOutputArchive=0001-01-01T00:00:00Z}, {guid=806b3385-36d2-11ee-b5b0-005056013b0c, code=1, name=Прокат тонколистовой холоднокатаный из углеродистой стали качественной и обыкновенного качества общего назначения ГОСТ 19904-90, parent=806b3329-36d2-11ee-b5b0-005056013b0c, archive=false, dateOutputArchive=0001-01-01T00:00:00Z}, {guid=806b342c-36d2-11ee-b5b0-005056013b0c, code=2, name=Прокат тонколистовой холоднокатаный из низкоуглеродистой качественной стали для холодной штамповки ГОСТ 19904-90, parent=806b3329-36d2-11ee-b5b0-005056013b0c, archive=false, dateOutputArchive=0001-01-01T00:00:00Z}, {guid=806b34d3-36d2-11ee-b5b0-005056013b0c, code=3, name=Прокат листовой холоднокатаный из легированной конструкционной стали общего назначения ГОСТ 19904-90, parent=806b3329-36d2-11ee-b5b0-005056013b0c, archive=false, dateOutputArchive=0001-01-01T00:00:00Z}, {guid=806b357a-36d2-11ee-b5b0-005056013b0c, code=4, name=Листы перфорированные «ПЕРФОКОМ», parent=806b3329-36d2-11ee-b5b0-005056013b0c, archive=false, dateOutputArchive=0001-01-01T00:00:00Z}, {guid=806b3623-36d2-11ee-b5b0-005056013b0c, code=5, name=Листы перфорированные, parent=806b3329-36d2-11ee-b5b0-005056013b0c, archive=false, dateOutputArchive=0001-01-01T00:00:00Z}, {guid=806b36cb-36d2-11ee-b5b0-005056013b0c, code=93, name=Прокат тонколистовой из коррозионно-стойкой, жаростойкой и жаропрочной стали, parent=806b267e-36d2-11ee-b5b0-005056013b0c, archive=false, dateOutputArchive=0001-01-01T00:00:00Z}, {guid=806b3796-36d2-11ee-b5b0-005056013b0c, code=1, name=Прокат тонколистовой из коррозионно-стойкой, жаростойкой и жаропрочной стали ГОСТ 19904-90, parent=806b36cb-36d2-11ee-b5b0-005056013b0c, archive=false, dateOutputArchive=0001-01-01T00:00:00Z}, {guid=806b383d-36d2-11ee-b5b0-005056013b0c, code=11, name=Изделия дальнейшего передела, parent=806b2622-36d2-11ee-b5b0-005056013b0c, archive=false, dateOutputArchive=0001-01-01T00:00:00Z}, {guid=806b3908-36d2-11ee-b5b0-005056013b0c, code=11, name=Прокат холоднокатаный из тонколистовой оцинкованной стали, parent=806b383d-36d2-11ee-b5b0-005056013b0c, archive=false, dateOutputArchive=0001-01-01T00:00:00Z}, {guid=806b39d3-36d2-11ee-b5b0-005056013b0c, code=1, name=Прокат холоднокатаный из тонколистовой оцинкованной стали ГОСТ 19904-90, parent=806b3908-36d2-11ee-b5b0-005056013b0c, archive=false, dateOutputArchive=0001-01-01T00:00:00Z}, {guid=806b3a7a-36d2-11ee-b5b0-005056013b0c, code=15, name=Жесть, parent=806b383d-36d2-11ee-b5b0-005056013b0c, archive=false, dateOutputArchive=0001-01-01T00:00:00Z}, {guid=806b3b45-36d2-11ee-b5b0-005056013b0c, code=1, name=Жесть белая, parent=806b3a7a-36d2-11ee-b5b0-005056013b0c, archive=false, dateOutputArchive=0001-01-01T00:00:00Z}, {guid=806b3bec-36d2-11ee-b5b0-005056013b0c, code=99, name=Листы, временно используемые в производстве (доработка складских остатков), parent=806b2622-36d2-11ee-b5b0-005056013b0c, archive=false, dateOutputArchive=0001-01-01T00:00:00Z}, {guid=806b3ca6-36d2-11ee-b5b0-005056013b0c, code=9, name=Прокат черных металлов, parent=806b3c24-36d2-11ee-b5b0-005056013b0c, archive=false, dateOutputArchive=0001-01-01T00:00:00Z}, {guid=806b3d27-36d2-11ee-b5b0-005056013b0c, code=50, name=Прокат стальной горячекатаный, parent=806b3ca6-36d2-11ee-b5b0-005056013b0c, archive=false, dateOutputArchive=0001-01-01T00:00:00Z}, {guid=806b3da8-36d2-11ee-b5b0-005056013b0c, code=1, name=Прокат сортовой стальной горячекатаный квадратный ГОСТ 2591-2006, parent=806b3d27-36d2-11ee-b5b0-005056013b0c, archive=false, dateOutputArchive=0001-01-01T00:00:00Z}, {guid=806b3c24-36d2-11ee-b5b0-005056013b0c, code=2, name=Квадраты, parent=806b25a2-36d2-11ee-b5b0-005056013b0c, archive=false, dateOutputArchive=0001-01-01T00:00:00Z}, {guid=806b3e05-36d2-11ee-b5b0-005056013b0c, code=11, name=Изделия дальнейшего передела, parent=806b3c24-36d2-11ee-b5b0-005056013b0c, archive=false, dateOutputArchive=0001-01-01T00:00:00Z}, {guid=806b3e86-36d2-11ee-b5b0-005056013b0c, code=40, name=Прокат калиброванный, parent=806b3e05-36d2-11ee-b5b0-005056013b0c, archive=false, dateOutputArchive=0001-01-01T00:00:00Z}, {guid=806b3f07-36d2-11ee-b5b0-005056013b0c, code=1, name=Прокат калиброванный квадратный ГОСТ 8559-75, parent=806b3e86-36d2-11ee-b5b0-005056013b0c, archive=false, dateOutputArchive=0001-01-01T00:00:00Z}, {guid=806b3f64-36d2-11ee-b5b0-005056013b0c, code=99, name=Квадраты, временно используемые в производстве (доработка складских остатков), parent=806b3c24-36d2-11ee-b5b0-005056013b0c, archive=false, dateOutputArchive=0001-01-01T00:00:00Z}, {guid=806b3fc1-36d2-11ee-b5b0-005056013b0c, code=3, name=Шестигранники, parent=806b25a2-36d2-11ee-b5b0-005056013b0c, archive=false, dateOutputArchive=0001-01-01T00:00:00Z}, {guid=806b4043-36d2-11ee-b5b0-005056013b0c, code=9, name=Прокат черных металлов, parent=806b3fc1-36d2-11ee-b5b0-005056013b0c, archive=false, dateOutputArchive=0001-01-01T00:00:00Z}, {guid=806b40c4-36d2-11ee-b5b0-005056013b0c, code=50, name=Прокат стальной горячекатаный, parent=806b4043-36d2-11ee-b5b0-005056013b0c, archive=false, dateOutputArchive=0001-01-01T00:00:00Z}, {guid=806b4145-36d2-11ee-b5b0-005056013b0c, code=1, name=Прокат сортовой стальной горячекатаный шестигранный ГОСТ 2879-2006, parent=806b40c4-36d2-11ee-b5b0-005056013b0c, archive=false, dateOutputArchive=0001-01-01T00:00:00Z}, {guid=806b41a2-36d2-11ee-b5b0-005056013b0c, code=11, name=Изделия дальнейшего передела, parent=806b3fc1-36d2-11ee-b5b0-005056013b0c, archive=false, dateOutputArchive=0001-01-01T00:00:00Z}, {guid=806b4223-36d2-11ee-b5b0-005056013b0c, code=40, name=Прокат калиброванный, parent=806b41a2-36d2-11ee-b5b0-005056013b0c, archive=false, dateOutputArchive=0001-01-01T00:00:00Z}, {guid=806b42a4-36d2-11ee-b5b0-005056013b0c, code=1, name=Прокат калиброванный шестигранный ГОСТ 8560-78, parent=806b4223-36d2-11ee-b5b0-005056013b0c, archive=false, dateOutputArchive=0001-01-01T00:00:00Z}, {guid=806b4301-36d2-11ee-b5b0-005056013b0c, code=99, name=Шестигранники, временно используемые в производстве (доработка складских остатков), parent=806b3fc1-36d2-11ee-b5b0-005056013b0c, archive=false, dateOutputArchive=0001-01-01T00:00:00Z}, {guid=806b435e-36d2-11ee-b5b0-005056013b0c, code=4, name=Круги, parent=806b25a2-36d2-11ee-b5b0-005056013b0c, archive=false, dateOutputArchive=0001-01-01T00:00:00Z}, {guid=806b43ba-36d2-11ee-b5b0-005056013b0c, code=9, name=Прокат черных металлов, parent=806b435e-36d2-11ee-b5b0-005056013b0c, archive=false, dateOutputArchive=0001-01-01T00:00:00Z}, {guid=806b443c-36d2-11ee-b5b0-005056013b0c, code=30, name=Прокат стальной горячекатаный низколегированный, parent=806b43ba-36d2-11ee-b5b0-005056013b0c, archive=false, dateOutputArchive=0001-01-01T00:00:00Z}, {guid=806b44bd-36d2-11ee-b5b0-005056013b0c, code=1, name=Прокат сортовой стальной горячекатаный конструкционный низколегированный ГОСТ 2590-2006, parent=806b443c-36d2-11ee-b5b0-005056013b0c, archive=false, dateOutputArchive=0001-01-01T00:00:00Z}, {guid=806b451a-36d2-11ee-b5b0-005056013b0c, code=34, name=Прокат горячекатаный круглый обыкновенного качества, parent=806b43ba-36d2-11ee-b5b0-005056013b0c, archive=false, dateOutputArchive=0001-01-01T00:00:00Z}, {guid=806b459b-36d2-11ee-b5b0-005056013b0c, code=1, name=Прокат сортовой стальной горячекатаный круглый обыкновенного качества ГОСТ 2590-2006, parent=806b451a-36d2-11ee-b5b0-005056013b0c, archive=false, dateOutputArchive=0001-01-01T00:00:00Z}, {guid=806b45f8-36d2-11ee-b5b0-005056013b0c, code=50, name=Прокат стальной горячекатаный, parent=806b43ba-36d2-11ee-b5b0-005056013b0c, archive=false, dateOutputArchive=0001-01-01T00:00:00Z}, {guid=806b4679-36d2-11ee-b5b0-005056013b0c, code=1, name=Прокат сортовой стальной горячекатаный конструкционный углеродистый ГОСТ 2590-2006, parent=806b45f8-36d2-11ee-b5b0-005056013b0c, archive=false, dateOutputArchive=0001-01-01T00:00:00Z}, {guid=806b46d6-36d2-11ee-b5b0-005056013b0c, code=2, name=Прокат сортовой стальной горячекатаный конструкционный легированный ГОСТ 2590-2006, parent=806b45f8-36d2-11ee-b5b0-005056013b0c, archive=false, dateOutputArchive=0001-01-01T00:00:00Z}, {guid=806b4733-36d2-11ee-b5b0-005056013b0c, code=3, name=Прокат сортовой стальной горячекатаный конструкционной по ТУ 14-1-4566-89, parent=806b45f8-36d2-11ee-b5b0-005056013b0c, archive=false, dateOutputArchive=0001-01-01T00:00:00Z}, {guid=806b4790-36d2-11ee-b5b0-005056013b0c, code=4, name=Прокат круглый из рессорно-пружинной углеродистой и легированной стали ГОСТ 2590-2006, parent=806b45f8-36d2-11ee-b5b0-005056013b0c, archive=false, dateOutputArchive=0001-01-01T00:00:00Z}, {guid=806b47ed-36d2-11ee-b5b0-005056013b0c, code=51, name=Прокат для холодного выдавливания и высадки, parent=806b43ba-36d2-11ee-b5b0-005056013b0c, archive=false, dateOutputArchive=0001-01-01T00:00:00Z}, {guid=806b486e-36d2-11ee-b5b0-005056013b0c, code=1, name=Прокат качественный конструкционный углеродистый и легированный для холодного выдавливания и высадки ГОСТ 10702-78, parent=806b47ed-36d2-11ee-b5b0-005056013b0c, archive=false, dateOutputArchive=0001-01-01T00:00:00Z}, {guid=806b48cb-36d2-11ee-b5b0-005056013b0c, code=56, name=Прокат горячекатаный сортовой конструкционный подшипниковый, parent=806b43ba-36d2-11ee-b5b0-005056013b0c, archive=false, dateOutputArchive=0001-01-01T00:00:00Z}, {guid=806b494c-36d2-11ee-b5b0-005056013b0c, code=1, name=Прокат сортовой стальной горячекатаный конструкционный подшипниковый ГОСТ 2590-2006, parent=806b48cb-36d2-11ee-b5b0-005056013b0c, archive=false, dateOutputArchive=0001-01-01T00:00:00Z}, {guid=806b49a9-36d2-11ee-b5b0-005056013b0c, code=58, name=Прокат горячекатаный сортовой конструкционный никельсодержащий, parent=806b43ba-36d2-11ee-b5b0-005056013b0c, archive=false, dateOutputArchive=0001-01-01T00:00:00Z}, {guid=806b4a2a-36d2-11ee-b5b0-005056013b0c, code=1, name=Прокат сортовой стальной горячекатаный конструкционный по ТУ 14-1-1725-76, parent=806b49a9-36d2-11ee-b5b0-005056013b0c, archive=false, dateOutputArchive=0001-01-01T00:00:00Z}, {guid=806b4a87-36d2-11ee-b5b0-005056013b0c, code=61, name=Прокат горячекатаный сортовой инструментальный, parent=806b43ba-36d2-11ee-b5b0-005056013b0c, archive=false, dateOutputArchive=0001-01-01T00:00:00Z}, {guid=806b4b08-36d2-11ee-b5b0-005056013b0c, code=1, name=Прокат сортовой стальной горячекатаный инструментальный нелегированный ГОСТ 2590-2006, parent=806b4a87-36d2-11ee-b5b0-005056013b0c, archive=false, dateOutputArchive=0001-01-01T00:00:00Z}, {guid=806b4b65-36d2-11ee-b5b0-005056013b0c, code=63, name=Прокат горячекатаный сортовой конструкционный коррозионно-стойкий, жаропрочный, parent=806b43ba-36d2-11ee-b5b0-005056013b0c, archive=false, dateOutputArchive=0001-01-01T00:00:00Z}, {guid=806b4be6-36d2-11ee-b5b0-005056013b0c, code=1, name=Прокат сортовой стальной горячекатаный конструкционный коррозионностойкий, жаропрочный ГОСТ 2590-2006, parent=806b4b65-36d2-11ee-b5b0-005056013b0c, archive=false, dateOutputArchive=0001-01-01T00:00:00Z}, {guid=84f01c49-36d2-11ee-b5b0-005056013b0c, code=13, name=Трубы стальные, parent=84f01bed-36d2-11ee-b5b0-005056013b0c, archive=false, dateOutputArchive=0001-01-01T00:00:00Z}, {guid=806b4c43-36d2-11ee-b5b0-005056013b0c, code=66, name=Прокат сортовой из прецизионных сплавов с высоким электрическим сопротивлением, parent=806b43ba-36d2-11ee-b5b0-005056013b0c, archive=false, dateOutputArchive=0001-01-01T00:00:00Z}, {guid=84f014af-36d2-11ee-b5b0-005056013b0c, code=1, name=Прокат сортовой из прецизионных сплавов с высоким электрическим сопротивлением ГОСТ 12766.4-90, parent=806b4c43-36d2-11ee-b5b0-005056013b0c, archive=false, dateOutputArchive=0001-01-01T00:00:00Z}, {guid=84f0150c-36d2-11ee-b5b0-005056013b0c, code=70, name=Поковки, parent=806b43ba-36d2-11ee-b5b0-005056013b0c, archive=false, dateOutputArchive=0001-01-01T00:00:00Z}, {guid=84f0158d-36d2-11ee-b5b0-005056013b0c, code=1, name=Поковки, parent=84f0150c-36d2-11ee-b5b0-005056013b0c, archive=false, dateOutputArchive=0001-01-01T00:00:00Z}, {guid=84f015ea-36d2-11ee-b5b0-005056013b0c, code=11, name=Изделия дальнейшего передела, parent=806b435e-36d2-11ee-b5b0-005056013b0c, archive=false, dateOutputArchive=0001-01-01T00:00:00Z}, {guid=84f01646-36d2-11ee-b5b0-005056013b0c, code=40, name=Прокат калиброванный круглый, parent=84f015ea-36d2-11ee-b5b0-005056013b0c, archive=false, dateOutputArchive=0001-01-01T00:00:00Z}, {guid=84f016c7-36d2-11ee-b5b0-005056013b0c, code=1, name=Прокат калиброванный круглый углеродистый ГОСТ 7417-75, parent=84f01646-36d2-11ee-b5b0-005056013b0c, archive=false, dateOutputArchive=0001-01-01T00:00:00Z}, {guid=84f01724-36d2-11ee-b5b0-005056013b0c, code=2, name=Прокат калиброванный круглый легированный ГОСТ 7417-75, parent=84f01646-36d2-11ee-b5b0-005056013b0c, archive=false, dateOutputArchive=0001-01-01T00:00:00Z}, {guid=84f01781-36d2-11ee-b5b0-005056013b0c, code=3, name=Прокат калиброванный круглый коррозионно-стойкий, жаропрочный ГОСТ 7417-75, parent=84f01646-36d2-11ee-b5b0-005056013b0c, archive=false, dateOutputArchive=0001-01-01T00:00:00Z}, {guid=84f017de-36d2-11ee-b5b0-005056013b0c, code=4, name=Прокат калиброванный круглый из рессорно-пружинной углеродистой и легированной стали ГОСТ 7417-75, parent=84f01646-36d2-11ee-b5b0-005056013b0c, archive=false, dateOutputArchive=0001-01-01T00:00:00Z}, {guid=84f0183b-36d2-11ee-b5b0-005056013b0c, code=5, name=Сталь качественная круглая со специальной отделкой поверхности ГОСТ 14955-77, parent=84f01646-36d2-11ee-b5b0-005056013b0c, archive=false, dateOutputArchive=0001-01-01T00:00:00Z}, {guid=84f01898-36d2-11ee-b5b0-005056013b0c, code=6, name=Прокат калиброванный для холодной высадки, parent=84f01646-36d2-11ee-b5b0-005056013b0c, archive=false, dateOutputArchive=0001-01-01T00:00:00Z}, {guid=84f018f5-36d2-11ee-b5b0-005056013b0c, code=7, name=Шток хромированный, parent=84f01646-36d2-11ee-b5b0-005056013b0c, archive=false, dateOutputArchive=0001-01-01T00:00:00Z}, {guid=84f01952-36d2-11ee-b5b0-005056013b0c, code=8, name=Прокат сортовой холоднотянутый подшипниковый ГОСТ 7417-75, parent=84f01646-36d2-11ee-b5b0-005056013b0c, archive=false, dateOutputArchive=0001-01-01T00:00:00Z}, {guid=84f019af-36d2-11ee-b5b0-005056013b0c, code=50, name=Прокат термически обработанный шлифованный, parent=84f015ea-36d2-11ee-b5b0-005056013b0c, archive=false, dateOutputArchive=0001-01-01T00:00:00Z}, {guid=84f01a30-36d2-11ee-b5b0-005056013b0c, code=1, name=Прутки нагартованные, термически обработанные шлифованные из высоколегированной и коррозионностойкой стали ГОСТ 18907-73, parent=84f019af-36d2-11ee-b5b0-005056013b0c, archive=false, dateOutputArchive=0001-01-01T00:00:00Z}, {guid=84f01a8d-36d2-11ee-b5b0-005056013b0c, code=60, name=Прокат высокой точности, parent=84f015ea-36d2-11ee-b5b0-005056013b0c, archive=false, dateOutputArchive=0001-01-01T00:00:00Z}, {guid=84f01b33-36d2-11ee-b5b0-005056013b0c, code=1, name=Сталь чистотянутая для шпонок ГОСТ 8787-68, parent=84f01a8d-36d2-11ee-b5b0-005056013b0c, archive=false, dateOutputArchive=0001-01-01T00:00:00Z}, {guid=84f01bb5-36d2-11ee-b5b0-005056013b0c, code=99, name=Круги, временно используемые в производстве (доработка складских остатков), parent=806b435e-36d2-11ee-b5b0-005056013b0c, archive=false, dateOutputArchive=0001-01-01T00:00:00Z}, {guid=84f01bed-36d2-11ee-b5b0-005056013b0c, code=5, name=Трубы, parent=806b25a2-36d2-11ee-b5b0-005056013b0c, archive=false, dateOutputArchive=0001-01-01T00:00:00Z}, {guid=84f01ca5-36d2-11ee-b5b0-005056013b0c, code=14, name=Трубы подшипниковые, parent=84f01c49-36d2-11ee-b5b0-005056013b0c, archive=false, dateOutputArchive=0001-01-01T00:00:00Z}, {guid=84f01d4d-36d2-11ee-b5b0-005056013b0c, code=1, name=Трубы подшипниковые ГОСТ 800-78, parent=84f01ca5-36d2-11ee-b5b0-005056013b0c, archive=false, dateOutputArchive=0001-01-01T00:00:00Z}, {guid=84f01dcf-36d2-11ee-b5b0-005056013b0c, code=19, name=Трубы катаные, parent=84f01c49-36d2-11ee-b5b0-005056013b0c, archive=false, dateOutputArchive=0001-01-01T00:00:00Z}, {guid=84f01e2b-36d2-11ee-b5b0-005056013b0c, code=1, name=Трубы стальные бесшовные горячедеформированные ГОСТ 8732-78, parent=84f01dcf-36d2-11ee-b5b0-005056013b0c, archive=false, dateOutputArchive=0001-01-01T00:00:00Z}, {guid=84f01ead-36d2-11ee-b5b0-005056013b0c, code=2, name=Трубы горячекатаные ТС 257-07, parent=84f01dcf-36d2-11ee-b5b0-005056013b0c, archive=false, dateOutputArchive=0001-01-01T00:00:00Z}, {guid=84f01f30-36d2-11ee-b5b0-005056013b0c, code=3, name=Трубы горячекатаные ТС 77-02, parent=84f01dcf-36d2-11ee-b5b0-005056013b0c, archive=false, dateOutputArchive=0001-01-01T00:00:00Z}, {guid=8c5aea59-36d2-11ee-b5b0-005056013b0c, code=1, name=Профиль ножа, parent=8c5ae9fd-36d2-11ee-b5b0-005056013b0c, archive=false, dateOutputArchive=0001-01-01T00:00:00Z}, {guid=84f01fb2-36d2-11ee-b5b0-005056013b0c, code=4, name=Трубы стальные бесшовные горячекатаные толстостенные из литого слитка ТУ 14-3Р-50-2001, parent=84f01dcf-36d2-11ee-b5b0-005056013b0c, archive=false, dateOutputArchive=0001-01-01T00:00:00Z}, {guid=84f02034-36d2-11ee-b5b0-005056013b0c, code=5, name=Трубы стальные бесшовные горячедеформированные для нефтегазопроводов ТУ 14-3Р-44-2001, parent=84f01dcf-36d2-11ee-b5b0-005056013b0c, archive=false, dateOutputArchive=0001-01-01T00:00:00Z}, {guid=84f020b6-36d2-11ee-b5b0-005056013b0c, code=6, name=Трубы бесшовные горячедеформированные из коррозионностойкой стали ГОСТ 9940-81, parent=84f01dcf-36d2-11ee-b5b0-005056013b0c, archive=false, dateOutputArchive=0001-01-01T00:00:00Z}, {guid=84f02138-36d2-11ee-b5b0-005056013b0c, code=40, name=Трубы тянутые, parent=84f01c49-36d2-11ee-b5b0-005056013b0c, archive=false, dateOutputArchive=0001-01-01T00:00:00Z}, {guid=84f02194-36d2-11ee-b5b0-005056013b0c, code=1, name=Трубы стальные бесшовные холоднодеформированные ГОСТ 8734-75, parent=84f02138-36d2-11ee-b5b0-005056013b0c, archive=false, dateOutputArchive=0001-01-01T00:00:00Z}, {guid=86635496-36d2-11ee-b5b0-005056013b0c, code=2, name=Трубы стальные электросварные прямошовные ГОСТ 10704-91, parent=84f02138-36d2-11ee-b5b0-005056013b0c, archive=false, dateOutputArchive=0001-01-01T00:00:00Z}, {guid=86635518-36d2-11ee-b5b0-005056013b0c, code=3, name=Трубы стальные электросварные холоднодеформированные для карданных валов ГОСТ 5005-82, parent=84f02138-36d2-11ee-b5b0-005056013b0c, archive=false, dateOutputArchive=0001-01-01T00:00:00Z}, {guid=8663559a-36d2-11ee-b5b0-005056013b0c, code=4, name=Трубы холоднодеформированные ТУ 14-3-575-90, ПР890-2002, parent=84f02138-36d2-11ee-b5b0-005056013b0c, archive=false, dateOutputArchive=0001-01-01T00:00:00Z}, {guid=8663561c-36d2-11ee-b5b0-005056013b0c, code=5, name=Трубы стальные бесшовные высокого давления ГОСТ 11017-80, parent=84f02138-36d2-11ee-b5b0-005056013b0c, archive=false, dateOutputArchive=0001-01-01T00:00:00Z}, {guid=8663569e-36d2-11ee-b5b0-005056013b0c, code=6, name=Трубы стальные бесшовные холоднодеформируемые производства фирмы ШТАУФФ, parent=84f02138-36d2-11ee-b5b0-005056013b0c, archive=false, dateOutputArchive=0001-01-01T00:00:00Z}, {guid=86635720-36d2-11ee-b5b0-005056013b0c, code=44, name=Трубы тянутые прецизионные, прямоугольные, квадратные, parent=84f01c49-36d2-11ee-b5b0-005056013b0c, archive=false, dateOutputArchive=0001-01-01T00:00:00Z}, {guid=8663577c-36d2-11ee-b5b0-005056013b0c, code=1, name=Трубы стальные прецизионные ГОСТ 9567-75, parent=86635720-36d2-11ee-b5b0-005056013b0c, archive=false, dateOutputArchive=0001-01-01T00:00:00Z}, {guid=866357fe-36d2-11ee-b5b0-005056013b0c, code=2, name=Трубы стальные прямоугольные ГОСТ 8645-68, parent=86635720-36d2-11ee-b5b0-005056013b0c, archive=false, dateOutputArchive=0001-01-01T00:00:00Z}, {guid=866358a7-36d2-11ee-b5b0-005056013b0c, code=3, name=Трубы стальные квадратные ГОСТ 8639-82, parent=86635720-36d2-11ee-b5b0-005056013b0c, archive=false, dateOutputArchive=0001-01-01T00:00:00Z}, {guid=86636371-36d2-11ee-b5b0-005056013b0c, code=99, name=Полосы, временно используемые в производстве (доработка складских остатков), parent=86635f07-36d2-11ee-b5b0-005056013b0c, archive=false, dateOutputArchive=0001-01-01T00:00:00Z}, {guid=86635929-36d2-11ee-b5b0-005056013b0c, code=4, name=Профили стальные гнутые замкнутые сварные квадратные и прямоугольные для строительных конструкций, parent=86635720-36d2-11ee-b5b0-005056013b0c, archive=false, dateOutputArchive=0001-01-01T00:00:00Z}, {guid=866359d0-36d2-11ee-b5b0-005056013b0c, code=5, name=Трубы стальные электросварные прямоугольного и квадратного сечения ТУ 14-3-462-76, parent=86635720-36d2-11ee-b5b0-005056013b0c, archive=false, dateOutputArchive=0001-01-01T00:00:00Z}, {guid=86635a77-36d2-11ee-b5b0-005056013b0c, code=6, name=Профили стальные гнутые замкнутые сварные квадратные и прямоугольные ГОСТ 25577-83, parent=86635720-36d2-11ee-b5b0-005056013b0c, archive=false, dateOutputArchive=0001-01-01T00:00:00Z}, {guid=86635b1e-36d2-11ee-b5b0-005056013b0c, code=51, name=Трубы тонкостенные углерод, parent=84f01c49-36d2-11ee-b5b0-005056013b0c, archive=false, dateOutputArchive=0001-01-01T00:00:00Z}, {guid=86635bc4-36d2-11ee-b5b0-005056013b0c, code=1, name=Трубы стальные бесшовные холоднодеформированные для судостроения ГОСТ 1060-83, parent=86635b1e-36d2-11ee-b5b0-005056013b0c, archive=false, dateOutputArchive=0001-01-01T00:00:00Z}, {guid=86635c46-36d2-11ee-b5b0-005056013b0c, code=60, name=Трубы тонкостенные нерж, parent=84f01c49-36d2-11ee-b5b0-005056013b0c, archive=false, dateOutputArchive=0001-01-01T00:00:00Z}, {guid=86635cec-36d2-11ee-b5b0-005056013b0c, code=1, name=Трубы бесшовные холодно и теплодеформированные из коррозионной стали ГОСТ 9941-81, parent=86635c46-36d2-11ee-b5b0-005056013b0c, archive=false, dateOutputArchive=0001-01-01T00:00:00Z}, {guid=86635d6e-36d2-11ee-b5b0-005056013b0c, code=2, name=Трубы стальные бесшовные для маслопроводов и топливопроводов ГОСТ 19277-73, parent=86635c46-36d2-11ee-b5b0-005056013b0c, archive=false, dateOutputArchive=0001-01-01T00:00:00Z}, {guid=86635df0-36d2-11ee-b5b0-005056013b0c, code=85, name=Трубы стальные водогазопроводные, parent=84f01c49-36d2-11ee-b5b0-005056013b0c, archive=false, dateOutputArchive=0001-01-01T00:00:00Z}, {guid=86635e4c-36d2-11ee-b5b0-005056013b0c, code=1, name=Трубы стальные водогазопроводные ГОСТ 3262-75, parent=86635df0-36d2-11ee-b5b0-005056013b0c, archive=false, dateOutputArchive=0001-01-01T00:00:00Z}, {guid=86635f07-36d2-11ee-b5b0-005056013b0c, code=6, name=Полоса, parent=806b25a2-36d2-11ee-b5b0-005056013b0c, archive=false, dateOutputArchive=0001-01-01T00:00:00Z}, {guid=86635f63-36d2-11ee-b5b0-005056013b0c, code=9, name=Прокат черных металлов, parent=86635f07-36d2-11ee-b5b0-005056013b0c, archive=false, dateOutputArchive=0001-01-01T00:00:00Z}, {guid=86635fbf-36d2-11ee-b5b0-005056013b0c, code=50, name=Полоса стальная, parent=86635f63-36d2-11ee-b5b0-005056013b0c, archive=false, dateOutputArchive=0001-01-01T00:00:00Z}, {guid=86636065-36d2-11ee-b5b0-005056013b0c, code=1, name=Прокат сортовой стальной горячекатаный полосовой ГОСТ 103-2006, parent=86635fbf-36d2-11ee-b5b0-005056013b0c, archive=false, dateOutputArchive=0001-01-01T00:00:00Z}, {guid=866360e7-36d2-11ee-b5b0-005056013b0c, code=2, name=Профили стальные холоднодеформированные высокой точности ТУ 14-11-245-88, parent=86635fbf-36d2-11ee-b5b0-005056013b0c, archive=false, dateOutputArchive=0001-01-01T00:00:00Z}, {guid=86636169-36d2-11ee-b5b0-005056013b0c, code=3, name=Прокат сортовой стальной горячекатаный полосовой рессорно-пружинный ГОСТ 7419-90, parent=86635fbf-36d2-11ee-b5b0-005056013b0c, archive=false, dateOutputArchive=0001-01-01T00:00:00Z}, {guid=866361eb-36d2-11ee-b5b0-005056013b0c, code=4, name=Прокат сортовой стальной горячекатаный полосовой ТУ 14-1-5240-93, parent=86635fbf-36d2-11ee-b5b0-005056013b0c, archive=false, dateOutputArchive=0001-01-01T00:00:00Z}, {guid=8663626d-36d2-11ee-b5b0-005056013b0c, code=5, name=Прокат широкополосный универсальный ГОСТ 82-70, parent=86635fbf-36d2-11ee-b5b0-005056013b0c, archive=false, dateOutputArchive=0001-01-01T00:00:00Z}, {guid=866362ef-36d2-11ee-b5b0-005056013b0c, code=6, name=Прокат листовой и полосовой термообработанный повышенного качества ТУ 14-1-4632-93, parent=86635fbf-36d2-11ee-b5b0-005056013b0c, archive=false, dateOutputArchive=0001-01-01T00:00:00Z}, {guid=866363a9-36d2-11ee-b5b0-005056013b0c, code=7, name=Уголки, parent=806b25a2-36d2-11ee-b5b0-005056013b0c, archive=false, dateOutputArchive=0001-01-01T00:00:00Z}, {guid=86636405-36d2-11ee-b5b0-005056013b0c, code=9, name=Прокат черных металлов, parent=866363a9-36d2-11ee-b5b0-005056013b0c, archive=false, dateOutputArchive=0001-01-01T00:00:00Z}, {guid=86636461-36d2-11ee-b5b0-005056013b0c, code=30, name=Уголки стальные, parent=86636405-36d2-11ee-b5b0-005056013b0c, archive=false, dateOutputArchive=0001-01-01T00:00:00Z}, {guid=86636509-36d2-11ee-b5b0-005056013b0c, code=1, name=Уголки стальные горячекатанные равнополочные ГОСТ 8509-93, parent=86636461-36d2-11ee-b5b0-005056013b0c, archive=false, dateOutputArchive=0001-01-01T00:00:00Z}, {guid=8c5aeadb-36d2-11ee-b5b0-005056013b0c, code=2, name=Полоса башмачная для тракторов, parent=8c5ae9fd-36d2-11ee-b5b0-005056013b0c, archive=false, dateOutputArchive=0001-01-01T00:00:00Z}, {guid=866365b1-36d2-11ee-b5b0-005056013b0c, code=2, name=Уголки стальные горячекатанные неравнополочные ГОСТ 8510-86, parent=86636461-36d2-11ee-b5b0-005056013b0c, archive=false, dateOutputArchive=0001-01-01T00:00:00Z}, {guid=86636659-36d2-11ee-b5b0-005056013b0c, code=8, name=Ленты, parent=806b25a2-36d2-11ee-b5b0-005056013b0c, archive=false, dateOutputArchive=0001-01-01T00:00:00Z}, {guid=866366ff-36d2-11ee-b5b0-005056013b0c, code=9, name=Прокат черных металлов, parent=86636659-36d2-11ee-b5b0-005056013b0c, archive=false, dateOutputArchive=0001-01-01T00:00:00Z}, {guid=866367a5-36d2-11ee-b5b0-005056013b0c, code=35, name=Лента стальная горячекатаная, parent=866366ff-36d2-11ee-b5b0-005056013b0c, archive=false, dateOutputArchive=0001-01-01T00:00:00Z}, {guid=8663684b-36d2-11ee-b5b0-005056013b0c, code=1, name=Лента стальная горячекатаная ГОСТ 6009-74, parent=866367a5-36d2-11ee-b5b0-005056013b0c, archive=false, dateOutputArchive=0001-01-01T00:00:00Z}, {guid=866368cd-36d2-11ee-b5b0-005056013b0c, code=12, name=Метизы, parent=86636659-36d2-11ee-b5b0-005056013b0c, archive=false, dateOutputArchive=0001-01-01T00:00:00Z}, {guid=86636973-36d2-11ee-b5b0-005056013b0c, code=30, name=Лента холоднокатаная, parent=866368cd-36d2-11ee-b5b0-005056013b0c, archive=false, dateOutputArchive=0001-01-01T00:00:00Z}, {guid=8c5aeeb4-36d2-11ee-b5b0-005056013b0c, code=9, name=Прокат черных металлов, parent=8c5aee58-36d2-11ee-b5b0-005056013b0c, archive=false, dateOutputArchive=0001-01-01T00:00:00Z}, {guid=86636a19-36d2-11ee-b5b0-005056013b0c, code=1, name=Лента холоднокатаная из низкоуглеродистой стали ГОСТ 503-81, parent=86636973-36d2-11ee-b5b0-005056013b0c, archive=false, dateOutputArchive=0001-01-01T00:00:00Z}, {guid=86636a9b-36d2-11ee-b5b0-005056013b0c, code=2, name=Лента холоднокатаная из инструментальной и пружинной стали ГОСТ 2283-79, parent=86636973-36d2-11ee-b5b0-005056013b0c, archive=false, dateOutputArchive=0001-01-01T00:00:00Z}, {guid=86636b1d-36d2-11ee-b5b0-005056013b0c, code=3, name=Лента холоднокатаная термообработанная ГОСТ 21996-76, parent=86636973-36d2-11ee-b5b0-005056013b0c, archive=false, dateOutputArchive=0001-01-01T00:00:00Z}, {guid=86636b9f-36d2-11ee-b5b0-005056013b0c, code=4, name=Лента стальная упаковочная ГОСТ 3560-73, parent=86636973-36d2-11ee-b5b0-005056013b0c, archive=false, dateOutputArchive=0001-01-01T00:00:00Z}, {guid=86636c21-36d2-11ee-b5b0-005056013b0c, code=5, name=Лента холоднокатаная повышенной точности ГОСТ 19851-74, parent=86636973-36d2-11ee-b5b0-005056013b0c, archive=false, dateOutputArchive=0001-01-01T00:00:00Z}, {guid=86636ca3-36d2-11ee-b5b0-005056013b0c, code=6, name=Лента холоднокатаная ТУ 14-550-6-94, parent=86636973-36d2-11ee-b5b0-005056013b0c, archive=false, dateOutputArchive=0001-01-01T00:00:00Z}, {guid=86636d25-36d2-11ee-b5b0-005056013b0c, code=7, name=Лента холоднокатаная ТУ 14-1-258-72, parent=86636973-36d2-11ee-b5b0-005056013b0c, archive=false, dateOutputArchive=0001-01-01T00:00:00Z}, {guid=86636da7-36d2-11ee-b5b0-005056013b0c, code=8, name=Лента холоднокатаная из углеродистой конструкционной стали ГОСТ 2284-79, parent=86636973-36d2-11ee-b5b0-005056013b0c, archive=false, dateOutputArchive=0001-01-01T00:00:00Z}, {guid=86636e29-36d2-11ee-b5b0-005056013b0c, code=33, name=Лента холоднокатаная нерж, parent=866368cd-36d2-11ee-b5b0-005056013b0c, archive=false, dateOutputArchive=0001-01-01T00:00:00Z}, {guid=86636ecf-36d2-11ee-b5b0-005056013b0c, code=1, name=Лента холоднокатаная из коррозионно-стойкой и жаростойкой стали ГОСТ 4986-79, parent=86636e29-36d2-11ee-b5b0-005056013b0c, archive=false, dateOutputArchive=0001-01-01T00:00:00Z}, {guid=86636f51-36d2-11ee-b5b0-005056013b0c, code=35, name=Лента из сплавов высокого омического сопротивления, parent=866368cd-36d2-11ee-b5b0-005056013b0c, archive=false, dateOutputArchive=0001-01-01T00:00:00Z}, {guid=86636ff7-36d2-11ee-b5b0-005056013b0c, code=1, name=Лента из прецизионных сплавов с высоким электрическим сопротивлением ГОСТ 12766.2-90, parent=86636f51-36d2-11ee-b5b0-005056013b0c, archive=false, dateOutputArchive=0001-01-01T00:00:00Z}, {guid=86637079-36d2-11ee-b5b0-005056013b0c, code=61, name=Лента холоднокатаная из термобиметаллов, parent=866368cd-36d2-11ee-b5b0-005056013b0c, archive=false, dateOutputArchive=0001-01-01T00:00:00Z}, {guid=8663711f-36d2-11ee-b5b0-005056013b0c, code=1, name=Лента холоднокатаная из термобиметаллов ГОСТ 10533-86, parent=86637079-36d2-11ee-b5b0-005056013b0c, archive=false, dateOutputArchive=0001-01-01T00:00:00Z}, {guid=866371a1-36d2-11ee-b5b0-005056013b0c, code=99, name=Ленты, временно используемые в производстве (доработка складских остатков), parent=86636659-36d2-11ee-b5b0-005056013b0c, archive=false, dateOutputArchive=0001-01-01T00:00:00Z}, {guid=86637223-36d2-11ee-b5b0-005056013b0c, code=9, name=Швеллеры, parent=806b25a2-36d2-11ee-b5b0-005056013b0c, archive=false, dateOutputArchive=0001-01-01T00:00:00Z}, {guid=8663727f-36d2-11ee-b5b0-005056013b0c, code=9, name=Прокат черных металлов, parent=86637223-36d2-11ee-b5b0-005056013b0c, archive=false, dateOutputArchive=0001-01-01T00:00:00Z}, {guid=866372db-36d2-11ee-b5b0-005056013b0c, code=25, name=Швеллеры, parent=8663727f-36d2-11ee-b5b0-005056013b0c, archive=false, dateOutputArchive=0001-01-01T00:00:00Z}, {guid=86637337-36d2-11ee-b5b0-005056013b0c, code=1, name=Швеллеры стальные горячекатаные ГОСТ 8240-97, parent=866372db-36d2-11ee-b5b0-005056013b0c, archive=false, dateOutputArchive=0001-01-01T00:00:00Z}, {guid=866373bb-36d2-11ee-b5b0-005056013b0c, code=2, name=Двутавры стальные горячекатанные ГОСТ 8239-89, parent=866372db-36d2-11ee-b5b0-005056013b0c, archive=false, dateOutputArchive=0001-01-01T00:00:00Z}, {guid=8663743d-36d2-11ee-b5b0-005056013b0c, code=3, name=Швеллеры стальные гнутые равнополочные ГОСТ 8278-83, parent=866372db-36d2-11ee-b5b0-005056013b0c, archive=false, dateOutputArchive=0001-01-01T00:00:00Z}, {guid=866374e5-36d2-11ee-b5b0-005056013b0c, code=4, name=Швеллеры стальные гнутые неравнополочные ГОСТ 8281-80, parent=866372db-36d2-11ee-b5b0-005056013b0c, archive=false, dateOutputArchive=0001-01-01T00:00:00Z}, {guid=8663758c-36d2-11ee-b5b0-005056013b0c, code=5, name=Балки двутавровые и швеллеры стальные специальные ГОСТ 19425-74, parent=866372db-36d2-11ee-b5b0-005056013b0c, archive=false, dateOutputArchive=0001-01-01T00:00:00Z}, {guid=8663766a-36d2-11ee-b5b0-005056013b0c, code=12, name=Метизы, parent=8663760e-36d2-11ee-b5b0-005056013b0c, archive=false, dateOutputArchive=0001-01-01T00:00:00Z}, {guid=866376c6-36d2-11ee-b5b0-005056013b0c, code=50, name=Канаты, parent=8663766a-36d2-11ee-b5b0-005056013b0c, archive=false, dateOutputArchive=0001-01-01T00:00:00Z}, {guid=86637747-36d2-11ee-b5b0-005056013b0c, code=1, name=Канат одинарной свивки ТК конструкции 1х19(1+6+12) ГОСТ 3063-80, parent=866376c6-36d2-11ee-b5b0-005056013b0c, archive=false, dateOutputArchive=0001-01-01T00:00:00Z}, {guid=866377a4-36d2-11ee-b5b0-005056013b0c, code=2, name=Канат двойной свивки типа конструкции 6х37(1+6+12+18)+1 о.с. ГОСТ 3071-88, parent=866376c6-36d2-11ee-b5b0-005056013b0c, archive=false, dateOutputArchive=0001-01-01T00:00:00Z}, {guid=86637801-36d2-11ee-b5b0-005056013b0c, code=3, name=Канат двойной свивки типа ЛК-РО конструкции 6х36(1+7+7/7+14)+7х7(1+6) ГОСТ 7669-80, parent=866376c6-36d2-11ee-b5b0-005056013b0c, archive=false, dateOutputArchive=0001-01-01T00:00:00Z}, {guid=8663785e-36d2-11ee-b5b0-005056013b0c, code=4, name=Канат двойной свивки типа ЛК-РО конструкции 6х36(1+7+7/7+14)+ 1 о.с. ГОСТ 7668-80, parent=866376c6-36d2-11ee-b5b0-005056013b0c, archive=false, dateOutputArchive=0001-01-01T00:00:00Z}, {guid=866378bb-36d2-11ee-b5b0-005056013b0c, code=5, name=Канаты стальные авиационные ГОСТ 3241-80, parent=866376c6-36d2-11ee-b5b0-005056013b0c, archive=false, dateOutputArchive=0001-01-01T00:00:00Z}, {guid=86637918-36d2-11ee-b5b0-005056013b0c, code=6, name=Канат стальной ТУ 14-4-412-73, parent=866376c6-36d2-11ee-b5b0-005056013b0c, archive=false, dateOutputArchive=0001-01-01T00:00:00Z}, {guid=86637975-36d2-11ee-b5b0-005056013b0c, code=7, name=Канат стальной двойной свивки типа ТК конструкции 6х19(1+6+12)+1о.с. ГОСТ 3070-80, parent=866376c6-36d2-11ee-b5b0-005056013b0c, archive=false, dateOutputArchive=0001-01-01T00:00:00Z}, {guid=866379d2-36d2-11ee-b5b0-005056013b0c, code=8, name=Канат стальной двойной свивки типа ТК конструкции 6х19(1+6+12)+1х19(1+6+12) ГОСТ 3067-88, parent=866376c6-36d2-11ee-b5b0-005056013b0c, archive=false, dateOutputArchive=0001-01-01T00:00:00Z}, {guid=86637a2f-36d2-11ee-b5b0-005056013b0c, code=9, name=Канат двойной свивки типа ЛК-О конструкции 6х7(1+6)+1х7(1+6) ГОСТ 3066-80, parent=866376c6-36d2-11ee-b5b0-005056013b0c, archive=false, dateOutputArchive=0001-01-01T00:00:00Z}, {guid=86637ae9-36d2-11ee-b5b0-005056013b0c, code=11, name=Канат двойной свивки типа ЛК-Р конструкции 6х19(1+6+6/6)+1о.с. ГОСТ2688-80, parent=866376c6-36d2-11ee-b5b0-005056013b0c, archive=false, dateOutputArchive=0001-01-01T00:00:00Z}, {guid=86637b46-36d2-11ee-b5b0-005056013b0c, code=12, name=Канат двойной свивки типа ЛК-О конструкции 6х19(1+9+9)+1о.с.ГОСТ3077-80, parent=866376c6-36d2-11ee-b5b0-005056013b0c, archive=false, dateOutputArchive=0001-01-01T00:00:00Z}, {guid=8acaf7ed-36d2-11ee-b5b0-005056013b0c, code=13, name=Канат двойной свивки типа ЛК-3 конструкции 6х25 (1+6; 6+12)+1о.с ГОСТ 7665-80, parent=866376c6-36d2-11ee-b5b0-005056013b0c, archive=false, dateOutputArchive=0001-01-01T00:00:00Z}, {guid=8acaf84a-36d2-11ee-b5b0-005056013b0c, code=14, name=Канат одинарной свивки типа ЛК-О конструкции 1х7(1+6) ГОСТ 3062-80, parent=866376c6-36d2-11ee-b5b0-005056013b0c, archive=false, dateOutputArchive=0001-01-01T00:00:00Z}, {guid=8acaf8a7-36d2-11ee-b5b0-005056013b0c, code=15, name=Канат двойной свивки типа ТЛК-О конструкции 6х37(1+6+15+15)+1 о.с. ГОСТ 3079-80, parent=866376c6-36d2-11ee-b5b0-005056013b0c, archive=false, dateOutputArchive=0001-01-01T00:00:00Z}, {guid=8acaf904-36d2-11ee-b5b0-005056013b0c, code=16, name=Канат двойной свивки типа ЛК-Р конструкции 6х19(1+6+6/6)+7х7(1+6) ГОСТ 14954-80, parent=866376c6-36d2-11ee-b5b0-005056013b0c, archive=false, dateOutputArchive=0001-01-01T00:00:00Z}, {guid=8acaf961-36d2-11ee-b5b0-005056013b0c, code=99, name=Канаты, временно используемые в производстве (доработка складских остатков), parent=8663760e-36d2-11ee-b5b0-005056013b0c, archive=false, dateOutputArchive=0001-01-01T00:00:00Z}, {guid=8acaf999-36d2-11ee-b5b0-005056013b0c, code=11, name=Проволока, parent=806b25a2-36d2-11ee-b5b0-005056013b0c, archive=false, dateOutputArchive=0001-01-01T00:00:00Z}, {guid=8acaf9f5-36d2-11ee-b5b0-005056013b0c, code=12, name=Метизы, parent=8acaf999-36d2-11ee-b5b0-005056013b0c, archive=false, dateOutputArchive=0001-01-01T00:00:00Z}, {guid=8acafa51-36d2-11ee-b5b0-005056013b0c, code=10, name=Проволока обыкновенного качества, parent=8acaf9f5-36d2-11ee-b5b0-005056013b0c, archive=false, dateOutputArchive=0001-01-01T00:00:00Z}, {guid=8acafad2-36d2-11ee-b5b0-005056013b0c, code=1, name=Проволока низкоуглеродистая качественная ГОСТ 792-67, parent=8acafa51-36d2-11ee-b5b0-005056013b0c, archive=false, dateOutputArchive=0001-01-01T00:00:00Z}, {guid=8acafb2f-36d2-11ee-b5b0-005056013b0c, code=2, name=Проволока стальная низкоуглеродистая общего назначения ГОСТ 3282-74, parent=8acafa51-36d2-11ee-b5b0-005056013b0c, archive=false, dateOutputArchive=0001-01-01T00:00:00Z}, {guid=8acafb8c-36d2-11ee-b5b0-005056013b0c, code=20, name=Проволока из углеродистых и легированных марок сталей, parent=8acaf9f5-36d2-11ee-b5b0-005056013b0c, archive=false, dateOutputArchive=0001-01-01T00:00:00Z}, {guid=8acafc45-36d2-11ee-b5b0-005056013b0c, code=2, name=Проволока стальная углеродистая пружинная ГОСТ 9389-75, parent=8acafb8c-36d2-11ee-b5b0-005056013b0c, archive=false, dateOutputArchive=0001-01-01T00:00:00Z}, {guid=8acafca2-36d2-11ee-b5b0-005056013b0c, code=3, name=Проволока стальная легированная пружинная ГОСТ 14963-78, parent=8acafb8c-36d2-11ee-b5b0-005056013b0c, archive=false, dateOutputArchive=0001-01-01T00:00:00Z}, {guid=8acafcff-36d2-11ee-b5b0-005056013b0c, code=4, name=Проволока стальная для пружинных шайб ГОСТ 11850-72, parent=8acafb8c-36d2-11ee-b5b0-005056013b0c, archive=false, dateOutputArchive=0001-01-01T00:00:00Z}, {guid=86637a8c-36d2-11ee-b5b0-005056013b0c, code=10, name=Канат двойной свивки многопрядный типа ЛК-Р конструкции 18х19(1+6+6/6)+1о.с. ГОСТ 3088-80, parent=866376c6-36d2-11ee-b5b0-005056013b0c, archive=false, dateOutputArchive=0001-01-01T00:00:00Z}, {guid=8acafbe8-36d2-11ee-b5b0-005056013b0c, code=1, name=Проволока из углеродистой конструкционной стали ГОСТ 17305-91, parent=8acafb8c-36d2-11ee-b5b0-005056013b0c, archive=false, dateOutputArchive=0001-01-01T00:00:00Z}, {guid=8acafd6f-36d2-11ee-b5b0-005056013b0c, code=5, name=Проволока стальная углеродистая для холодной высадки и выдавливания, parent=8acafb8c-36d2-11ee-b5b0-005056013b0c, archive=false, dateOutputArchive=0001-01-01T00:00:00Z}]

at java.base/jdk.internal.reflect.DirectConstructorHandleAccessor.newInstance(DirectConstructorHandleAccessor.java:67)
at java.base/java.lang.reflect.Constructor.newInstanceWithCaller(Constructor.java:500)
at java.base/java.lang.reflect.Constructor.newInstance(Constructor.java:484)
at org.codehaus.groovy.reflection.CachedConstructor.invoke(CachedConstructor.java:73)
at org.codehaus.groovy.runtime.callsite.ConstructorSite$ConstructorSiteNoUnwrapNoCoerce.callConstructor(ConstructorSite.java:108)
at org.codehaus.groovy.runtime.callsite.AbstractCallSite.callConstructor(AbstractCallSite.java:277)
at io.restassured.internal.ResponseSpecificationImpl$HamcrestAssertionClosure.validate(ResponseSpecificationImpl.groovy:512)
at io.restassured.internal.ResponseSpecificationImpl$HamcrestAssertionClosure$validate$1.call(Unknown Source)
at io.restassured.internal.ResponseSpecificationImpl.validateResponseIfRequired(ResponseSpecificationImpl.groovy:696)
at io.restassured.internal.ResponseSpecificationImpl.this$2$validateResponseIfRequired(ResponseSpecificationImpl.groovy)
at java.base/jdk.internal.reflect.DirectMethodHandleAccessor.invoke(DirectMethodHandleAccessor.java:104)
at java.base/java.lang.reflect.Method.invoke(Method.java:578)
at org.codehaus.groovy.runtime.callsite.PlainObjectMetaMethodSite.doInvoke(PlainObjectMetaMethodSite.java:43)
at org.codehaus.groovy.runtime.callsite.PogoMetaMethodSite$PogoCachedMethodSiteNoUnwrapNoCoerce.invoke(PogoMetaMethodSite.java:198)
at org.codehaus.groovy.runtime.callsite.PogoMetaMethodSite.callCurrent(PogoMetaMethodSite.java:62)
at org.codehaus.groovy.runtime.callsite.AbstractCallSite.callCurrent(AbstractCallSite.java:185)
at io.restassured.internal.ResponseSpecificationImpl.body(ResponseSpecificationImpl.groovy:107)
at io.restassured.internal.ValidatableResponseOptionsImpl.body(ValidatableResponseOptionsImpl.java:238)
at AutoTest.ClassifierTest.getEopList(ClassifierTest.java:208)
at java.base/jdk.internal.reflect.DirectMethodHandleAccessor.invoke(DirectMethodHandleAccessor.java:104)
at java.base/java.lang.reflect.Method.invoke(Method.java:578)
at org.testng.internal.invokers.MethodInvocationHelper.invokeMethod(MethodInvocationHelper.java:139)
at org.testng.internal.invokers.TestInvoker.invokeMethod(TestInvoker.java:677)
at org.testng.internal.invokers.TestInvoker.invokeTestMethod(TestInvoker.java:221)
at org.testng.internal.invokers.MethodRunner.runInSequence(MethodRunner.java:50)
at org.testng.internal.invokers.TestInvoker$MethodInvocationAgent.invoke(TestInvoker.java:969)
at org.testng.internal.invokers.TestInvoker.invokeTestMethods(TestInvoker.java:194)
at org.testng.internal.invokers.TestMethodWorker.invokeTestMethods(TestMethodWorker.java:148)
at org.testng.internal.invokers.TestMethodWorker.run(TestMethodWorker.java:128)
at java.base/java.util.ArrayList.forEach(ArrayList.java:1511)
at org.testng.TestRunner.privateRun(TestRunner.java:829)
at org.testng.TestRunner.run(TestRunner.java:602)
at org.testng.SuiteRunner.runTest(SuiteRunner.java:437)
at org.testng.SuiteRunner.runSequentially(SuiteRunner.java:431)
at org.testng.SuiteRunner.privateRun(SuiteRunner.java:391)
at org.testng.SuiteRunner.run(SuiteRunner.java:330)
at org.testng.SuiteRunnerWorker.runSuite(SuiteRunnerWorker.java:52)
at org.testng.SuiteRunnerWorker.run(SuiteRunnerWorker.java:95)
at org.testng.TestNG.runSuitesSequentially(TestNG.java:1256)
at org.testng.TestNG.runSuitesLocally(TestNG.java:1176)
at org.testng.TestNG.runSuites(TestNG.java:1099)
at org.testng.TestNG.run(TestNG.java:1067)
at org.apache.maven.surefire.testng.TestNGExecutor.run(TestNGExecutor.java:132)
at org.apache.maven.surefire.testng.TestNGDirectoryTestSuite.executeMulti(TestNGDirectoryTestSuite.java:193)
at org.apache.maven.surefire.testng.TestNGDirectoryTestSuite.execute(TestNGDirectoryTestSuite.java:94)
at org.apache.maven.surefire.testng.TestNGProvider.invoke(TestNGProvider.java:147)
at org.apache.maven.surefire.booter.ForkedBooter.invokeProviderInSameClassLoader(ForkedBooter.java:290)
at org.apache.maven.surefire.booter.ForkedBooter.runSuitesInProcess(ForkedBooter.java:242)
at org.apache.maven.surefire.booter.ForkedBooter.main(ForkedBooter.java:121)
]]>
    </failure>
  </testcase> <!-- getEopList -->
  <system-out/>
  <testcase classname="AutoTest.ClassifierTest" name="getUnitsListNegativeStep" time="1.281"/>
  <system-out/>
  <testcase classname="AutoTest.ClassifierTest" name="getUnifiedClassifierList" time="1.741">
    <error message="com.fasterxml.jackson.databind.exc.MismatchedInputException: Missing required creator property &#039;okp&#039; (index 6)
 at [Source: (String)&quot;{&quot;guid&quot;:&quot;360eaafc-1677-11ee-b5ab-a0dc07f9a67b&quot;,&quot;code&quot;:&quot;01&quot;,&quot;parent&quot;:&quot;00000000-0000-0000-0000-000000000000&quot;,&quot;name&quot;:&quot;\u0411\u0443\u043b\u044c\u0434\u043e\u0437\u0435\u0440\u044b&quot;,&quot;owner&quot;:&quot;00000000-0000-0000-0000-000000000000&quot;,&quot;consolidatedGroup&quot;:&quot;&quot;,&quot;OKP&quot;:&quot;&quot;,&quot;TNVED&quot;:&quot;00000000-0000-0000-0000-000000000000&quot;,&quot;OKVED&quot;:&quot;377593d9-168f-11ee-b5ab-a0dc07f9a67b&quot;,&quot;OKPD2&quot;:&quot;15841c5e-1973-11ee-b5ac-005056013b0c&quot;,&quot;archive&quot;:false,&quot;dateOutputArchive&quot;:&quot;0001-01-01T00:00:00Z&quot;}&quot;; line: 1, column: 456]" type="java.lang.RuntimeException">
      <![CDATA[java.lang.RuntimeException: com.fasterxml.jackson.databind.exc.MismatchedInputException: Missing required creator property 'okp' (index 6)
 at [Source: (String)"{"guid":"360eaafc-1677-11ee-b5ab-a0dc07f9a67b","code":"01","parent":"00000000-0000-0000-0000-000000000000","name":"\u0411\u0443\u043b\u044c\u0434\u043e\u0437\u0435\u0440\u044b","owner":"00000000-0000-0000-0000-000000000000","consolidatedGroup":"","OKP":"","TNVED":"00000000-0000-0000-0000-000000000000","OKVED":"377593d9-168f-11ee-b5ab-a0dc07f9a67b","OKPD2":"15841c5e-1973-11ee-b5ac-005056013b0c","archive":false,"dateOutputArchive":"0001-01-01T00:00:00Z"}"; line: 1, column: 456]
at io.restassured.internal.path.json.mapping.JsonPathJackson2ObjectDeserializer.deserialize(JsonPathJackson2ObjectDeserializer.java:30)
at io.restassured.internal.path.json.mapping.JsonObjectDeserializer.deserializeWithJackson2(JsonObjectDeserializer.java:93)
at io.restassured.internal.path.json.mapping.JsonObjectDeserializer.deserialize(JsonObjectDeserializer.java:53)
at io.restassured.path.json.JsonPath.jsonStringToObject(JsonPath.java:1093)
at io.restassured.path.json.JsonPath.getList(JsonPath.java:400)
at AutoTest.ClassifierTest.getUnifiedClassifierList(ClassifierTest.java:99)
at java.base/jdk.internal.reflect.DirectMethodHandleAccessor.invoke(DirectMethodHandleAccessor.java:104)
at java.base/java.lang.reflect.Method.invoke(Method.java:578)
at org.testng.internal.invokers.MethodInvocationHelper.invokeMethod(MethodInvocationHelper.java:139)
at org.testng.internal.invokers.TestInvoker.invokeMethod(TestInvoker.java:677)
at org.testng.internal.invokers.TestInvoker.invokeTestMethod(TestInvoker.java:221)
at org.testng.internal.invokers.MethodRunner.runInSequence(MethodRunner.java:50)
at org.testng.internal.invokers.TestInvoker$MethodInvocationAgent.invoke(TestInvoker.java:969)
at org.testng.internal.invokers.TestInvoker.invokeTestMethods(TestInvoker.java:194)
at org.testng.internal.invokers.TestMethodWorker.invokeTestMethods(TestMethodWorker.java:148)
at org.testng.internal.invokers.TestMethodWorker.run(TestMethodWorker.java:128)
at java.base/java.util.ArrayList.forEach(ArrayList.java:1511)
at org.testng.TestRunner.privateRun(TestRunner.java:829)
at org.testng.TestRunner.run(TestRunner.java:602)
at org.testng.SuiteRunner.runTest(SuiteRunner.java:437)
at org.testng.SuiteRunner.runSequentially(SuiteRunner.java:431)
at org.testng.SuiteRunner.privateRun(SuiteRunner.java:391)
at org.testng.SuiteRunner.run(SuiteRunner.java:330)
at org.testng.SuiteRunnerWorker.runSuite(SuiteRunnerWorker.java:52)
at org.testng.SuiteRunnerWorker.run(SuiteRunnerWorker.java:95)
at org.testng.TestNG.runSuitesSequentially(TestNG.java:1256)
at org.testng.TestNG.runSuitesLocally(TestNG.java:1176)
at org.testng.TestNG.runSuites(TestNG.java:1099)
at org.testng.TestNG.run(TestNG.java:1067)
at org.apache.maven.surefire.testng.TestNGExecutor.run(TestNGExecutor.java:132)
at org.apache.maven.surefire.testng.TestNGDirectoryTestSuite.executeMulti(TestNGDirectoryTestSuite.java:193)
at org.apache.maven.surefire.testng.TestNGDirectoryTestSuite.execute(TestNGDirectoryTestSuite.java:94)
at org.apache.maven.surefire.testng.TestNGProvider.invoke(TestNGProvider.java:147)
at org.apache.maven.surefire.booter.ForkedBooter.invokeProviderInSameClassLoader(ForkedBooter.java:290)
at org.apache.maven.surefire.booter.ForkedBooter.runSuitesInProcess(ForkedBooter.java:242)
at org.apache.maven.surefire.booter.ForkedBooter.main(ForkedBooter.java:121)
Caused by: com.fasterxml.jackson.databind.exc.MismatchedInputException: Missing required creator property 'okp' (index 6)
 at [Source: (String)"{"guid":"360eaafc-1677-11ee-b5ab-a0dc07f9a67b","code":"01","parent":"00000000-0000-0000-0000-000000000000","name":"\u0411\u0443\u043b\u044c\u0434\u043e\u0437\u0435\u0440\u044b","owner":"00000000-0000-0000-0000-000000000000","consolidatedGroup":"","OKP":"","TNVED":"00000000-0000-0000-0000-000000000000","OKVED":"377593d9-168f-11ee-b5ab-a0dc07f9a67b","OKPD2":"15841c5e-1973-11ee-b5ac-005056013b0c","archive":false,"dateOutputArchive":"0001-01-01T00:00:00Z"}"; line: 1, column: 456]
at com.fasterxml.jackson.databind.exc.MismatchedInputException.from(MismatchedInputException.java:59)
at com.fasterxml.jackson.databind.DeserializationContext.reportInputMismatch(DeserializationContext.java:1317)
at com.fasterxml.jackson.databind.deser.impl.PropertyValueBuffer._findMissing(PropertyValueBuffer.java:193)
at com.fasterxml.jackson.databind.deser.impl.PropertyValueBuffer.getParameters(PropertyValueBuffer.java:159)
at com.fasterxml.jackson.databind.deser.ValueInstantiator.createFromObjectWith(ValueInstantiator.java:229)
at com.fasterxml.jackson.databind.deser.impl.PropertyBasedCreator.build(PropertyBasedCreator.java:195)
at com.fasterxml.jackson.databind.deser.BeanDeserializer._deserializeUsingPropertyBased(BeanDeserializer.java:488)
at com.fasterxml.jackson.databind.deser.BeanDeserializerBase.deserializeFromObjectUsingNonDefault(BeanDeserializerBase.java:1287)
at com.fasterxml.jackson.databind.deser.BeanDeserializer.deserializeFromObject(BeanDeserializer.java:326)
at com.fasterxml.jackson.databind.deser.BeanDeserializer.deserialize(BeanDeserializer.java:159)
at com.fasterxml.jackson.databind.ObjectMapper._readMapAndClose(ObjectMapper.java:4013)
at com.fasterxml.jackson.databind.ObjectMapper.readValue(ObjectMapper.java:3042)
at io.restassured.internal.path.json.mapping.JsonPathJackson2ObjectDeserializer.deserialize(JsonPathJackson2ObjectDeserializer.java:28)
... 35 more
]]>
    </error>
  </testcase> <!-- getUnifiedClassifierList -->
  <system-out/>
  <testcase classname="AutoTest.ClassifierTest" name="getUnitsListNegativeStep" time="1.000"/>
  <system-out/>
  <testcase classname="AutoTest.ClassifierTest" name="getEopGuidNegativeData" time="0.750"/>
  <system-out/>
  <testcase classname="AutoTest.ClassifierTest" name="getEopGuidNegativeData" time="1.185"/>
  <system-out/>
  <testcase classname="AutoTest.ClassifierTest" name="getUnitsGuidNegativeData" time="1.020"/>
  <system-out/>
  <testcase classname="AutoTest.ClassifierTest" name="getEopListNegativeStep" time="0.821"/>
  <system-out/>
  <testcase classname="AutoTest.ClassifierTest" name="getUnifiedClassifierListNegativeData" time="0.943"/>
  <system-out/>
  <testcase classname="AutoTest.ClassifierTest" name="getUnitsList" time="1.007"/>
  <system-out/>
  <testcase classname="AutoTest.ClassifierTest" name="getEopListNegativeStep" time="0.937"/>
  <system-out/>
  <testcase classname="AutoTest.ClassifierTest" name="getUnitsGuid" time="0.764"/>
  <system-out/>
  <testcase classname="AutoTest.ClassifierTest" name="getUnifiedClassifierListNegativeData" time="1.009"/>
  <system-out/>
  <testcase classname="AutoTest.ClassifierTest" name="getEopListNegativeStep" time="1.001"/>
  <system-out/>
  <testcase classname="AutoTest.ClassifierTest" name="getEopListNegativeStep" time="1.056"/>
  <system-out/>
  <testcase classname="AutoTest.ClassifierTest" name="getUnifiedClassifierListPositiveStep" time="1.168"/>
  <system-out/>
</testsuite> <!-- AutoTest.ClassifierTest -->
