<?xml version="1.0" encoding="UTF-8"?>
<!-- Generated by org.testng.reporters.JUnitReportReporter -->
<testsuite hostname="DESKTOP-EKIHJ54" failures="0" tests="93" name="AutoTest.ClassifierTest" time="95.967" errors="0" timestamp="2023-11-08T17:50:20 MSK" skipped="0">
  <testcase classname="AutoTest.ClassifierTest" name="getUnitsGuidNegativeData" time="1.030"/>
  <system-out/>
  <testcase classname="AutoTest.ClassifierTest" name="getUnitsListNegativeStep" time="0.862"/>
  <system-out/>
  <testcase classname="AutoTest.ClassifierTest" name="getEopGuidNegativeData" time="1.040"/>
  <system-out/>
  <testcase classname="AutoTest.ClassifierTest" name="getUnifiedClassifierGuid" time="0.782"/>
  <system-out/>
  <testcase classname="AutoTest.ClassifierTest" name="getUnitsGuidNegativeData" time="0.846"/>
  <system-out/>
  <testcase classname="AutoTest.ClassifierTest" name="getUnitsGuidNegativeData" time="1.003"/>
  <system-out/>
  <testcase classname="AutoTest.ClassifierTest" name="getEopList" time="0.783"/>
  <system-out/>
  <testcase classname="AutoTest.ClassifierTest" name="getEopListNegativeStep" time="0.959"/>
  <system-out/>
  <testcase classname="AutoTest.ClassifierTest" name="getUnitsGuidNegativeData" time="0.924"/>
  <system-out/>
  <testcase classname="AutoTest.ClassifierTest" name="getEopListNegativeStep" time="0.985"/>
  <system-out/>
  <testcase classname="AutoTest.ClassifierTest" name="getUnifiedClassifierList" time="1.775"/>
  <system-out/>
  <testcase classname="AutoTest.ClassifierTest" name="getUnifiedClassifierGuidNegativeData" time="1.999"/>
  <system-out/>
  <testcase classname="AutoTest.ClassifierTest" name="getUnitsListNegativeStep" time="0.850"/>
  <system-out/>
  <testcase classname="AutoTest.ClassifierTest" name="getUnifiedClassifierListPositiveStep" time="1.125"/>
  <system-out/>
  <testcase classname="AutoTest.ClassifierTest" name="getEopListNegativeStep" time="1.176"/>
  <system-out/>
  <testcase classname="AutoTest.ClassifierTest" name="getUnifiedClassifierListNegativeData" time="0.986"/>
  <system-out/>
  <testcase classname="AutoTest.ClassifierTest" name="getEopGuidNegativeData" time="0.971"/>
  <system-out/>
  <testcase classname="AutoTest.ClassifierTest" name="getUnifiedClassifierListNegativeData" time="0.971"/>
  <system-out/>
  <testcase classname="AutoTest.ClassifierTest" name="getUnifiedClassifierListNegativeData" time="0.985"/>
  <system-out/>
  <testcase classname="AutoTest.ClassifierTest" name="getUnitsListNegativeStep" time="1.000"/>
  <system-out/>
  <testcase classname="AutoTest.ClassifierTest" name="getEopListNegativeStep" time="1.077"/>
  <system-out/>
  <testcase classname="AutoTest.ClassifierTest" name="getEopGuid" time="1.077"/>
  <system-out/>
  <testcase classname="AutoTest.ClassifierTest" name="getEopListNegativeStep" time="1.012"/>
  <system-out/>
  <testcase classname="AutoTest.ClassifierTest" name="getEopListNegativeStep" time="0.930"/>
  <system-out/>
  <testcase classname="AutoTest.ClassifierTest" name="getEopGuidNegativeData" time="0.961"/>
  <system-out/>
  <testcase classname="AutoTest.ClassifierTest" name="getUnifiedClassifierGuidNegativeData" time="2.205"/>
  <system-out/>
  <testcase classname="AutoTest.ClassifierTest" name="getUnitsListNegativeStep" time="0.967"/>
  <system-out/>
  <testcase classname="AutoTest.ClassifierTest" name="getUnitsListNegativeStep" time="0.949"/>
  <system-out/>
  <testcase classname="AutoTest.ClassifierTest" name="getUnifiedClassifierListPositiveStep" time="1.140"/>
  <system-out/>
  <testcase classname="AutoTest.ClassifierTest" name="getUnifiedClassifierListPositiveStep" time="1.103"/>
  <system-out/>
  <testcase classname="AutoTest.ClassifierTest" name="getUnifiedClassifierListNegativeData" time="1.036"/>
  <system-out/>
  <testcase classname="AutoTest.ClassifierTest" name="getUnitsListNegativeStep" time="1.138"/>
  <system-out/>
  <testcase classname="AutoTest.ClassifierTest" name="getUnitsListNegativeStep" time="1.042"/>
  <system-out/>
  <testcase classname="AutoTest.ClassifierTest" name="getEopGuidNegativeData" time="1.034"/>
  <system-out/>
  <testcase classname="AutoTest.ClassifierTest" name="getUnitsListNegativeStep" time="1.111"/>
  <system-out/>
  <testcase classname="AutoTest.ClassifierTest" name="getUnifiedClassifierGuidNegativeData" time="1.067"/>
  <system-out/>
  <testcase classname="AutoTest.ClassifierTest" name="getEopList" time="1.072"/>
  <system-out/>
  <testcase classname="AutoTest.ClassifierTest" name="getUnitsListStepIsEmpty" time="0.981"/>
  <system-out/>
  <testcase classname="AutoTest.ClassifierTest" name="getEopListNegativeStep" time="0.963"/>
  <system-out/>
  <testcase classname="AutoTest.ClassifierTest" name="getUnifiedClassifierGuidNegativeData" time="0.963"/>
  <system-out/>
  <testcase classname="AutoTest.ClassifierTest" name="getUnitsGuidNegativeData" time="1.009"/>
  <system-out/>
  <testcase classname="AutoTest.ClassifierTest" name="getUnifiedClassifierGuidNegativeData" time="1.107"/>
  <system-out/>
  <testcase classname="AutoTest.ClassifierTest" name="getUnifiedClassifierListNegativeData" time="0.960"/>
  <system-out/>
  <testcase classname="AutoTest.ClassifierTest" name="getUnifiedClassifierListPositiveStep" time="1.010"/>
  <system-out/>
  <testcase classname="AutoTest.ClassifierTest" name="getUnifiedClassifierListNegativeData" time="0.987"/>
  <system-out/>
  <testcase classname="AutoTest.ClassifierTest" name="getUnifiedClassifierListNegativeData" time="0.997"/>
  <system-out/>
  <testcase classname="AutoTest.ClassifierTest" name="getEopGuidNegativeData" time="0.996"/>
  <system-out/>
  <testcase classname="AutoTest.ClassifierTest" name="getUnifiedClassifierGuidNegativeData" time="0.969"/>
  <system-out/>
  <testcase classname="AutoTest.ClassifierTest" name="getEopListNegativeStep" time="0.996"/>
  <system-out/>
  <testcase classname="AutoTest.ClassifierTest" name="getUnifiedClassifierGuidNegativeData" time="0.907"/>
  <system-out/>
  <testcase classname="AutoTest.ClassifierTest" name="getEopList" time="0.959"/>
  <system-out/>
  <testcase classname="AutoTest.ClassifierTest" name="getUnifiedClassifierGuidNegativeData" time="1.011"/>
  <system-out/>
  <testcase classname="AutoTest.ClassifierTest" name="getEopListNegativeStep" time="1.006"/>
  <system-out/>
  <testcase classname="AutoTest.ClassifierTest" name="getUnifiedClassifierListNegativeData" time="0.998"/>
  <system-out/>
  <testcase classname="AutoTest.ClassifierTest" name="getUnitsListNegativeStep" time="1.044"/>
  <system-out/>
  <testcase classname="AutoTest.ClassifierTest" name="getUnitsGuidNegativeData" time="1.017"/>
  <system-out/>
  <testcase classname="AutoTest.ClassifierTest" name="getEopListNegativeStep" time="1.020"/>
  <system-out/>
  <testcase classname="AutoTest.ClassifierTest" name="getEopGuidNegativeData" time="1.047"/>
  <system-out/>
  <testcase classname="AutoTest.ClassifierTest" name="getUnitsListNegativeStep" time="1.149"/>
  <system-out/>
  <testcase classname="AutoTest.ClassifierTest" name="getUnifiedClassifierListStepIsEmpty" time="0.519"/>
  <system-out/>
  <testcase classname="AutoTest.ClassifierTest" name="getEopList" time="1.519"/>
  <system-out/>
  <testcase classname="AutoTest.ClassifierTest" name="getUnifiedClassifierListNegativeData" time="1.030"/>
  <system-out/>
  <testcase classname="AutoTest.ClassifierTest" name="getUnifiedClassifierListNegativeData" time="0.935"/>
  <system-out/>
  <testcase classname="AutoTest.ClassifierTest" name="getUnitsListNegativeStep" time="1.017"/>
  <system-out/>
  <testcase classname="AutoTest.ClassifierTest" name="getUnifiedClassifierListNegativeData" time="1.017"/>
  <system-out/>
  <testcase classname="AutoTest.ClassifierTest" name="getUnitsGuid" time="0.707"/>
  <system-out/>
  <testcase classname="AutoTest.ClassifierTest" name="getUnitsGuidNegativeData" time="0.987"/>
  <system-out/>
  <testcase classname="AutoTest.ClassifierTest" name="getUnifiedClassifierListNegativeData" time="1.041"/>
  <system-out/>
  <testcase classname="AutoTest.ClassifierTest" name="getEopGuidNegativeData" time="0.927"/>
  <system-out/>
  <testcase classname="AutoTest.ClassifierTest" name="getEopListNegativeStep" time="1.027"/>
  <system-out/>
  <testcase classname="AutoTest.ClassifierTest" name="getUnifiedClassifierListNegativeData" time="1.007"/>
  <system-out/>
  <testcase classname="AutoTest.ClassifierTest" name="getEopGuidNegativeData" time="1.029"/>
  <system-out/>
  <testcase classname="AutoTest.ClassifierTest" name="getUnitsListNegativeStep" time="1.001"/>
  <system-out/>
  <testcase classname="AutoTest.ClassifierTest" name="getEopGuidNegativeData" time="0.967"/>
  <system-out/>
  <testcase classname="AutoTest.ClassifierTest" name="getUnifiedClassifierGuidNegativeData" time="0.981"/>
  <system-out/>
  <testcase classname="AutoTest.ClassifierTest" name="getUnitsGuidNegativeData" time="1.062"/>
  <system-out/>
  <testcase classname="AutoTest.ClassifierTest" name="getEopGuidNegativeData" time="0.988"/>
  <system-out/>
  <testcase classname="AutoTest.ClassifierTest" name="getUnitsListNegativeStep" time="0.854"/>
  <system-out/>
  <testcase classname="AutoTest.ClassifierTest" name="getEopListStepIsEmpty" time="1.229"/>
  <system-out/>
  <testcase classname="AutoTest.ClassifierTest" name="getUnitsListStepEqual100" time="1.114"/>
  <system-out/>
  <testcase classname="AutoTest.ClassifierTest" name="getUnifiedClassifierListPositiveStep" time="1.371"/>
  <system-out/>
  <testcase classname="AutoTest.ClassifierTest" name="getEopList" time="0.996"/>
  <system-out/>
  <testcase classname="AutoTest.ClassifierTest" name="getUnifiedClassifierListPositiveStep" time="1.041"/>
  <system-out/>
  <testcase classname="AutoTest.ClassifierTest" name="getUnitsListStepEqual199" time="0.979"/>
  <system-out/>
  <testcase classname="AutoTest.ClassifierTest" name="getUnifiedClassifierGuidNegativeData" time="0.988"/>
  <system-out/>
  <testcase classname="AutoTest.ClassifierTest" name="getEopListNegativeStep" time="0.995"/>
  <system-out/>
  <testcase classname="AutoTest.ClassifierTest" name="getEopListNegativeStep" time="0.638"/>
  <system-out/>
  <testcase classname="AutoTest.ClassifierTest" name="getUnifiedClassifierListNegativeData" time="1.014"/>
  <system-out/>
  <testcase classname="AutoTest.ClassifierTest" name="getEopListNegativeStep" time="0.820"/>
  <system-out/>
  <testcase classname="AutoTest.ClassifierTest" name="getUnitsGuidNegativeData" time="0.990"/>
  <system-out/>
  <testcase classname="AutoTest.ClassifierTest" name="getUnitsGuidNegativeData" time="1.107"/>
  <system-out/>
  <testcase classname="AutoTest.ClassifierTest" name="getEopList" time="1.022"/>
  <system-out/>
  <testcase classname="AutoTest.ClassifierTest" name="getUnitsListNegativeStep" time="0.979"/>
  <system-out/>
</testsuite> <!-- AutoTest.ClassifierTest -->
