<?xml version="1.0" encoding="UTF-8"?>
<!-- Generated by org.testng.reporters.JUnitReportReporter -->
<testsuite hostname="DESKTOP-EKIHJ54" failures="0" tests="12" name="AutoTest.ApplicationTest" time="14.373" errors="0" timestamp="2024-01-24T09:05:30 MSK" skipped="0">
  <testcase classname="AutoTest.ApplicationTest" name="getChangeRequestGuidNegative" time="0.839"/>
  <system-out/>
  <testcase classname="AutoTest.ApplicationTest" name="getChangeRequestGuidNegative" time="1.003"/>
  <system-out/>
  <testcase classname="AutoTest.ApplicationTest" name="getChangeRequestGuidNegative" time="0.894"/>
  <system-out/>
  <testcase classname="AutoTest.ApplicationTest" name="getChangeRequestGuidNegative" time="0.984"/>
  <system-out/>
  <testcase classname="AutoTest.ApplicationTest" name="getChangeRequestGuidNegative" time="1.037"/>
  <system-out/>
  <testcase classname="AutoTest.ApplicationTest" name="getChangeRequestGuidNegative" time="1.159"/>
  <system-out/>
  <testcase classname="AutoTest.ApplicationTest" name="getChangeRequestGuidNegative" time="0.972"/>
  <system-out/>
  <testcase classname="AutoTest.ApplicationTest" name="getChangeRequestGuidNegative" time="1.110"/>
  <system-out/>
  <testcase classname="AutoTest.ApplicationTest" name="getChangeRequestGuidNegative" time="1.119"/>
  <system-out/>
  <testcase classname="AutoTest.ApplicationTest" name="getChangeRequestGuidNegative" time="1.151"/>
  <system-out/>
  <testcase classname="AutoTest.ApplicationTest" name="getChangeRequestGuid" time="3.244"/>
  <system-out/>
  <testcase classname="AutoTest.ApplicationTest" name="getChangeRequestGuidNegative" time="0.861"/>
  <system-out/>
</testsuite> <!-- AutoTest.ApplicationTest -->
