<?xml version="1.0" encoding="UTF-8"?>
<!-- Generated by org.testng.reporters.JUnitReportReporter -->
<testsuite hostname="DESKTOP-EKIHJ54" failures="0" tests="209" name="AutoTest.PartnerTest" time="214.771" errors="0" timestamp="2024-01-24T09:05:30 MSK" skipped="0">
  <testcase classname="AutoTest.PartnerTest" name="getBankAccountList" time="1.027"/>
  <system-out/>
  <testcase classname="AutoTest.PartnerTest" name="getContactGuidNotExist" time="0.969"/>
  <system-out/>
  <testcase classname="AutoTest.PartnerTest" name="getContactList" time="1.003"/>
  <system-out/>
  <testcase classname="AutoTest.PartnerTest" name="getContactGuid" time="1.086"/>
  <system-out/>
  <testcase classname="AutoTest.PartnerTest" name="getPartnerList" time="1.920"/>
  <system-out/>
  <testcase classname="AutoTest.PartnerTest" name="getBankAccountGuidNotExist" time="1.006"/>
  <system-out/>
  <testcase classname="AutoTest.PartnerTest" name="getPartnerConcernTypeListStepMaxPlus" time="1.007"/>
  <system-out/>
  <testcase classname="AutoTest.PartnerTest" name="getPartnerListStepMaxPlus" time="1.007"/>
  <system-out/>
  <testcase classname="AutoTest.PartnerTest" name="getPartnerGuidNotExist" time="1.018"/>
  <system-out/>
  <testcase classname="AutoTest.PartnerTest" name="getBankAccountMaxPlus" time="0.974"/>
  <system-out/>
  <testcase classname="AutoTest.PartnerTest" name="getBankAccountGuidNotExist" time="0.988"/>
  <system-out/>
  <testcase classname="AutoTest.PartnerTest" name="getPartnerSearchName" time="2.134"/>
  <system-out/>
  <testcase classname="AutoTest.PartnerTest" name="getPartnerConcernTypeList" time="1.183"/>
  <system-out/>
  <testcase classname="AutoTest.PartnerTest" name="getPartnerList" time="2.296"/>
  <system-out/>
  <testcase classname="AutoTest.PartnerTest" name="getPartnerConcernTypeListStepMaxPlus" time="0.998"/>
  <system-out/>
  <testcase classname="AutoTest.PartnerTest" name="getBankAccountTypeMaxPlus" time="1.057"/>
  <system-out/>
  <testcase classname="AutoTest.PartnerTest" name="getPartnerGuidNotExist" time="1.049"/>
  <system-out/>
  <testcase classname="AutoTest.PartnerTest" name="getPartnerList" time="1.125"/>
  <system-out/>
  <testcase classname="AutoTest.PartnerTest" name="getPartnerConcernTypeListStepMaxPlus" time="1.049"/>
  <system-out/>
  <testcase classname="AutoTest.PartnerTest" name="getPartnerConcernTypeGuid" time="1.043"/>
  <system-out/>
  <testcase classname="AutoTest.PartnerTest" name="getBankAccountTypeGuid" time="1.019"/>
  <system-out/>
  <testcase classname="AutoTest.PartnerTest" name="getBankAccountGuidNotExist" time="0.980"/>
  <system-out/>
  <testcase classname="AutoTest.PartnerTest" name="getPartnerConcernTypeListStepMaxPlus" time="0.962"/>
  <system-out/>
  <testcase classname="AutoTest.PartnerTest" name="getBankAccountMaxPlus" time="1.039"/>
  <system-out/>
  <testcase classname="AutoTest.PartnerTest" name="getContactGuidNotExist" time="0.934"/>
  <system-out/>
  <testcase classname="AutoTest.PartnerTest" name="getContactMaxPlus" time="1.015"/>
  <system-out/>
  <testcase classname="AutoTest.PartnerTest" name="getPartnerConcernTypeList" time="0.910"/>
  <system-out/>
  <testcase classname="AutoTest.PartnerTest" name="getContactRolesMaxPlus" time="1.000"/>
  <system-out/>
  <testcase classname="AutoTest.PartnerTest" name="getPartnerListStepMaxPlus" time="1.049"/>
  <system-out/>
  <testcase classname="AutoTest.PartnerTest" name="getContactRolesMaxPlus" time="0.994"/>
  <system-out/>
  <testcase classname="AutoTest.PartnerTest" name="getContactRolesList" time="1.027"/>
  <system-out/>
  <testcase classname="AutoTest.PartnerTest" name="getPartnerList" time="1.962"/>
  <system-out/>
  <testcase classname="AutoTest.PartnerTest" name="getContactList" time="1.029"/>
  <system-out/>
  <testcase classname="AutoTest.PartnerTest" name="getContactRolesGuidNotExist" time="0.950"/>
  <system-out/>
  <testcase classname="AutoTest.PartnerTest" name="getContactRolesMaxPlus" time="1.052"/>
  <system-out/>
  <testcase classname="AutoTest.PartnerTest" name="getContactGuidNotExist" time="1.043"/>
  <system-out/>
  <testcase classname="AutoTest.PartnerTest" name="getPartnerSearchInnKppList" time="1.119"/>
  <system-out/>
  <testcase classname="AutoTest.PartnerTest" name="getBankAccountMaxPlus" time="1.012"/>
  <system-out/>
  <testcase classname="AutoTest.PartnerTest" name="getContactList" time="1.011"/>
  <system-out/>
  <testcase classname="AutoTest.PartnerTest" name="getBankAccountGuidNotExist" time="0.991"/>
  <system-out/>
  <testcase classname="AutoTest.PartnerTest" name="getPartnerConcernTypeGuidNotExist" time="1.012"/>
  <system-out/>
  <testcase classname="AutoTest.PartnerTest" name="getContactMaxPlus" time="0.985"/>
  <system-out/>
  <testcase classname="AutoTest.PartnerTest" name="getContactMaxPlus" time="1.005"/>
  <system-out/>
  <testcase classname="AutoTest.PartnerTest" name="getPartnerConcernTypeGuidNotExist" time="0.919"/>
  <system-out/>
  <testcase classname="AutoTest.PartnerTest" name="getBankAccountTypeMaxPlus" time="1.045"/>
  <system-out/>
  <testcase classname="AutoTest.PartnerTest" name="getBankAccountTypeGuidNotExist" time="0.994"/>
  <system-out/>
  <testcase classname="AutoTest.PartnerTest" name="getBankAccountTypeGuidNotExist" time="1.054"/>
  <system-out/>
  <testcase classname="AutoTest.PartnerTest" name="getContactRolesList" time="1.014"/>
  <system-out/>
  <testcase classname="AutoTest.PartnerTest" name="getPartnerConcernTypeList" time="0.964"/>
  <system-out/>
  <testcase classname="AutoTest.PartnerTest" name="getContactRolesMaxPlus" time="0.975"/>
  <system-out/>
  <testcase classname="AutoTest.PartnerTest" name="getContactMaxPlus" time="0.999"/>
  <system-out/>
  <testcase classname="AutoTest.PartnerTest" name="getContactRolesGuidNotExist" time="0.980"/>
  <system-out/>
  <testcase classname="AutoTest.PartnerTest" name="getBankAccountMaxPlus" time="0.958"/>
  <system-out/>
  <testcase classname="AutoTest.PartnerTest" name="getPartnerListStepMaxPlus" time="0.993"/>
  <system-out/>
  <testcase classname="AutoTest.PartnerTest" name="getContactMaxPlus" time="1.005"/>
  <system-out/>
  <testcase classname="AutoTest.PartnerTest" name="getBankAccountMaxPlus" time="1.033"/>
  <system-out/>
  <testcase classname="AutoTest.PartnerTest" name="getPartnerConcernTypeListStepMaxPlus" time="1.005"/>
  <system-out/>
  <testcase classname="AutoTest.PartnerTest" name="getBankAccountGuidNotExist" time="1.032"/>
  <system-out/>
  <testcase classname="AutoTest.PartnerTest" name="getContactRolesMaxPlus" time="1.124"/>
  <system-out/>
  <testcase classname="AutoTest.PartnerTest" name="getBankAccountMaxPlus" time="1.034"/>
  <system-out/>
  <testcase classname="AutoTest.PartnerTest" name="getPartnerGuidNotExist" time="1.166"/>
  <system-out/>
  <testcase classname="AutoTest.PartnerTest" name="getPartnerList" time="0.959"/>
  <system-out/>
  <testcase classname="AutoTest.PartnerTest" name="getBankAccountTypeList" time="0.636"/>
  <system-out/>
  <testcase classname="AutoTest.PartnerTest" name="getBankAccountGuidNotExist" time="1.040"/>
  <system-out/>
  <testcase classname="AutoTest.PartnerTest" name="getBankAccountTypeMaxPlus" time="1.058"/>
  <system-out/>
  <testcase classname="AutoTest.PartnerTest" name="getContactMaxPlus" time="0.917"/>
  <system-out/>
  <testcase classname="AutoTest.PartnerTest" name="getBankAccountTypeGuidNotExist" time="1.007"/>
  <system-out/>
  <testcase classname="AutoTest.PartnerTest" name="getPartnerGuidNotExist" time="0.980"/>
  <system-out/>
  <testcase classname="AutoTest.PartnerTest" name="getContactRolesMaxPlus" time="0.964"/>
  <system-out/>
  <testcase classname="AutoTest.PartnerTest" name="getBankAccountList" time="0.978"/>
  <system-out/>
  <testcase classname="AutoTest.PartnerTest" name="getPartnerConcernTypeListStepMaxPlus" time="0.990"/>
  <system-out/>
  <testcase classname="AutoTest.PartnerTest" name="getBankAccountMaxPlus" time="0.994"/>
  <system-out/>
  <testcase classname="AutoTest.PartnerTest" name="getContactRolesMaxPlus" time="1.022"/>
  <system-out/>
  <testcase classname="AutoTest.PartnerTest" name="getBankAccountGuidNotExist" time="0.946"/>
  <system-out/>
  <testcase classname="AutoTest.PartnerTest" name="getContactRolesGuidNotExist" time="1.007"/>
  <system-out/>
  <testcase classname="AutoTest.PartnerTest" name="getBankAccountTypeGuidNotExist" time="0.995"/>
  <system-out/>
  <testcase classname="AutoTest.PartnerTest" name="getPartnerSearchInnList" time="0.933"/>
  <system-out/>
  <testcase classname="AutoTest.PartnerTest" name="getBankAccountGuidNotExist" time="1.001"/>
  <system-out/>
  <testcase classname="AutoTest.PartnerTest" name="getPartnerConcernTypeGuidNotExist" time="1.019"/>
  <system-out/>
  <testcase classname="AutoTest.PartnerTest" name="getContactList" time="1.029"/>
  <system-out/>
  <testcase classname="AutoTest.PartnerTest" name="getPartnerConcernTypeList" time="1.072"/>
  <system-out/>
  <testcase classname="AutoTest.PartnerTest" name="getPartnerListStepMaxPlus" time="1.005"/>
  <system-out/>
  <testcase classname="AutoTest.PartnerTest" name="getBankAccountMaxPlus" time="0.983"/>
  <system-out/>
  <testcase classname="AutoTest.PartnerTest" name="getContactRolesGuidNotExist" time="1.038"/>
  <system-out/>
  <testcase classname="AutoTest.PartnerTest" name="getPartnerGuidNotExist" time="1.055"/>
  <system-out/>
  <testcase classname="AutoTest.PartnerTest" name="getPartnerListStepMaxPlus" time="1.031"/>
  <system-out/>
  <testcase classname="AutoTest.PartnerTest" name="getPartnerGuidNotExist" time="0.886"/>
  <system-out/>
  <testcase classname="AutoTest.PartnerTest" name="getContactRolesGuidNotExist" time="1.040"/>
  <system-out/>
  <testcase classname="AutoTest.PartnerTest" name="getPartnerConcernTypeListStepMaxPlus" time="0.997"/>
  <system-out/>
  <testcase classname="AutoTest.PartnerTest" name="getPartnerListStepMaxPlus" time="0.995"/>
  <system-out/>
  <testcase classname="AutoTest.PartnerTest" name="getContactMaxPlus" time="0.964"/>
  <system-out/>
  <testcase classname="AutoTest.PartnerTest" name="getBankAccountTypeGuidNotExist" time="0.935"/>
  <system-out/>
  <testcase classname="AutoTest.PartnerTest" name="getContactRolesMaxPlus" time="0.853"/>
  <system-out/>
  <testcase classname="AutoTest.PartnerTest" name="getBankAccountGuidNotExist" time="0.967"/>
  <system-out/>
  <testcase classname="AutoTest.PartnerTest" name="getContactMaxPlus" time="0.977"/>
  <system-out/>
  <testcase classname="AutoTest.PartnerTest" name="getContactRolesMaxPlus" time="1.006"/>
  <system-out/>
  <testcase classname="AutoTest.PartnerTest" name="getPartnerSearchCodeList" time="1.116"/>
  <system-out/>
  <testcase classname="AutoTest.PartnerTest" name="getBankAccountMaxPlus" time="1.028"/>
  <system-out/>
  <testcase classname="AutoTest.PartnerTest" name="getBankAccountTypeList" time="1.003"/>
  <system-out/>
  <testcase classname="AutoTest.PartnerTest" name="getContactList" time="0.994"/>
  <system-out/>
  <testcase classname="AutoTest.PartnerTest" name="getBankAccountMaxPlus" time="0.991"/>
  <system-out/>
  <testcase classname="AutoTest.PartnerTest" name="getBankAccountTypeMaxPlus" time="0.997"/>
  <system-out/>
  <testcase classname="AutoTest.PartnerTest" name="getContactRolesListStepIsEmpty" time="0.954"/>
  <system-out/>
  <testcase classname="AutoTest.PartnerTest" name="getPartnerListStepMaxPlus" time="0.964"/>
  <system-out/>
  <testcase classname="AutoTest.PartnerTest" name="getPartnerListStepMaxPlus" time="0.945"/>
  <system-out/>
  <testcase classname="AutoTest.PartnerTest" name="getBankAccountTypeMaxPlus" time="1.088"/>
  <system-out/>
  <testcase classname="AutoTest.PartnerTest" name="getPartnerConcernTypeGuidNotExist" time="1.001"/>
  <system-out/>
  <testcase classname="AutoTest.PartnerTest" name="getContactRolesGuid" time="1.005"/>
  <system-out/>
  <testcase classname="AutoTest.PartnerTest" name="getContactRolesList" time="1.020"/>
  <system-out/>
  <testcase classname="AutoTest.PartnerTest" name="getPartnerConcernTypeList" time="0.992"/>
  <system-out/>
  <testcase classname="AutoTest.PartnerTest" name="getPartnerListStepMaxPlus" time="1.011"/>
  <system-out/>
  <testcase classname="AutoTest.PartnerTest" name="getBankAccountMaxPlus" time="1.077"/>
  <system-out/>
  <testcase classname="AutoTest.PartnerTest" name="getPartnerConcernTypeGuidNotExist" time="1.085"/>
  <system-out/>
  <testcase classname="AutoTest.PartnerTest" name="getContactRolesGuidNotExist" time="0.995"/>
  <system-out/>
  <testcase classname="AutoTest.PartnerTest" name="getPartnerConcernTypeGuidNotExist" time="0.953"/>
  <system-out/>
  <testcase classname="AutoTest.PartnerTest" name="getPartnerSearchEmptyParametr" time="0.997"/>
  <system-out/>
  <testcase classname="AutoTest.PartnerTest" name="getContactRolesGuidNotExist" time="1.007"/>
  <system-out/>
  <testcase classname="AutoTest.PartnerTest" name="getBankAccountGuidNotExist" time="0.956"/>
  <system-out/>
  <testcase classname="AutoTest.PartnerTest" name="getBankAccountList" time="1.089"/>
  <system-out/>
  <testcase classname="AutoTest.PartnerTest" name="getContactRolesGuidNotExist" time="1.003"/>
  <system-out/>
  <testcase classname="AutoTest.PartnerTest" name="getContactRolesMaxPlus" time="1.009"/>
  <system-out/>
  <testcase classname="AutoTest.PartnerTest" name="getBankAccountTypeMaxPlus" time="1.012"/>
  <system-out/>
  <testcase classname="AutoTest.PartnerTest" name="getBankAccountTypeMaxPlus" time="0.933"/>
  <system-out/>
  <testcase classname="AutoTest.PartnerTest" name="getPartnerListStepMaxPlus" time="1.030"/>
  <system-out/>
  <testcase classname="AutoTest.PartnerTest" name="getPartnerConcernTypeListStepMaxPlus" time="0.946"/>
  <system-out/>
  <testcase classname="AutoTest.PartnerTest" name="getBankAccountList" time="1.032"/>
  <system-out/>
  <testcase classname="AutoTest.PartnerTest" name="getContactRolesGuidNotExist" time="1.031"/>
  <system-out/>
  <testcase classname="AutoTest.PartnerTest" name="getBankAccountTypeMaxPlus" time="0.932"/>
  <system-out/>
  <testcase classname="AutoTest.PartnerTest" name="getPartnerGuidNotExist" time="0.991"/>
  <system-out/>
  <testcase classname="AutoTest.PartnerTest" name="getBankAccountTypeStepIsEmpty" time="1.016"/>
  <system-out/>
  <testcase classname="AutoTest.PartnerTest" name="getBankAccountTypeMaxPlus" time="0.948"/>
  <system-out/>
  <testcase classname="AutoTest.PartnerTest" name="getContactGuidNotExist" time="1.004"/>
  <system-out/>
  <testcase classname="AutoTest.PartnerTest" name="getContactMaxPlus" time="1.028"/>
  <system-out/>
  <testcase classname="AutoTest.PartnerTest" name="getBankAccountTypeGuidNotExist" time="0.985"/>
  <system-out/>
  <testcase classname="AutoTest.PartnerTest" name="getBankAccountGuidNotExist" time="1.032"/>
  <system-out/>
  <testcase classname="AutoTest.PartnerTest" name="getPartnerListStepMaxPlus" time="1.053"/>
  <system-out/>
  <testcase classname="AutoTest.PartnerTest" name="getPartnerConcernTypeGuidNotExist" time="0.955"/>
  <system-out/>
  <testcase classname="AutoTest.PartnerTest" name="getPartnerConcernTypeGuidNotExist" time="1.076"/>
  <system-out/>
  <testcase classname="AutoTest.PartnerTest" name="getPartnerConcernTypeListStepMaxPlus" time="1.009"/>
  <system-out/>
  <testcase classname="AutoTest.PartnerTest" name="getPartnerList" time="1.372"/>
  <system-out/>
  <testcase classname="AutoTest.PartnerTest" name="getPartnerConcernTypeListStepMaxPlus" time="0.989"/>
  <system-out/>
  <testcase classname="AutoTest.PartnerTest" name="getPartnerConcernTypeListStepMaxPlus" time="1.081"/>
  <system-out/>
  <testcase classname="AutoTest.PartnerTest" name="getBankAccountTypeMaxPlus" time="0.999"/>
  <system-out/>
  <testcase classname="AutoTest.PartnerTest" name="getContactGuidNotExist" time="0.952"/>
  <system-out/>
  <testcase classname="AutoTest.PartnerTest" name="getPartnerConcernTypeGuidNotExist" time="1.001"/>
  <system-out/>
  <testcase classname="AutoTest.PartnerTest" name="getContactRolesMaxPlus" time="0.990"/>
  <system-out/>
  <testcase classname="AutoTest.PartnerTest" name="getContactGuidNotExist" time="1.115"/>
  <system-out/>
  <testcase classname="AutoTest.PartnerTest" name="getBankAccountMaxPlus" time="0.926"/>
  <system-out/>
  <testcase classname="AutoTest.PartnerTest" name="getBankAccountMaxPlus" time="1.003"/>
  <system-out/>
  <testcase classname="AutoTest.PartnerTest" name="getPartnerConcernTypeListStepMaxPlus" time="1.054"/>
  <system-out/>
  <testcase classname="AutoTest.PartnerTest" name="getBankAccountTypeMaxPlus" time="0.973"/>
  <system-out/>
  <testcase classname="AutoTest.PartnerTest" name="getPartnerConcernTypeListStepMaxPlus" time="1.024"/>
  <system-out/>
  <testcase classname="AutoTest.PartnerTest" name="getContactRolesList" time="1.051"/>
  <system-out/>
  <testcase classname="AutoTest.PartnerTest" name="getPartnerConcernTypeListStepIsEmpty" time="1.029"/>
  <system-out/>
  <testcase classname="AutoTest.PartnerTest" name="getContactMaxPlus" time="1.007"/>
  <system-out/>
  <testcase classname="AutoTest.PartnerTest" name="getPartnerConcernTypeListStepMaxPlus" time="0.954"/>
  <system-out/>
  <testcase classname="AutoTest.PartnerTest" name="getContactRolesMaxPlus" time="1.009"/>
  <system-out/>
  <testcase classname="AutoTest.PartnerTest" name="getContactMaxPlus" time="1.025"/>
  <system-out/>
  <testcase classname="AutoTest.PartnerTest" name="getPartnerListStepMaxPlus" time="0.989"/>
  <system-out/>
  <testcase classname="AutoTest.PartnerTest" name="getBankAccountMaxPlus" time="0.949"/>
  <system-out/>
  <testcase classname="AutoTest.PartnerTest" name="getContactGuidNotExist" time="0.863"/>
  <system-out/>
  <testcase classname="AutoTest.PartnerTest" name="getContactList" time="1.004"/>
  <system-out/>
  <testcase classname="AutoTest.PartnerTest" name="getBankAccountTypeMaxPlus" time="1.031"/>
  <system-out/>
  <testcase classname="AutoTest.PartnerTest" name="getContactRolesMaxPlus" time="0.995"/>
  <system-out/>
  <testcase classname="AutoTest.PartnerTest" name="getContactMaxPlus" time="0.996"/>
  <system-out/>
  <testcase classname="AutoTest.PartnerTest" name="getPartnerConcernTypeList" time="0.897"/>
  <system-out/>
  <testcase classname="AutoTest.PartnerTest" name="getBankAccountTypeMaxPlus" time="1.049"/>
  <system-out/>
  <testcase classname="AutoTest.PartnerTest" name="getPartnerListStepMaxPlus" time="1.101"/>
  <system-out/>
  <testcase classname="AutoTest.PartnerTest" name="getBankAccountTypeMaxPlus" time="0.879"/>
  <system-out/>
  <testcase classname="AutoTest.PartnerTest" name="getBankAccountTypeMaxPlus" time="0.991"/>
  <system-out/>
  <testcase classname="AutoTest.PartnerTest" name="getContactRolesList" time="1.051"/>
  <system-out/>
  <testcase classname="AutoTest.PartnerTest" name="getBankAccountTypeList" time="1.011"/>
  <system-out/>
  <testcase classname="AutoTest.PartnerTest" name="getBankAccountGuid" time="0.663"/>
  <system-out/>
  <testcase classname="AutoTest.PartnerTest" name="getContactRolesMaxPlus" time="1.025"/>
  <system-out/>
  <testcase classname="AutoTest.PartnerTest" name="getPartnerGuidNotExist" time="0.865"/>
  <system-out/>
  <testcase classname="AutoTest.PartnerTest" name="getBankAccountList" time="0.983"/>
  <system-out/>
  <testcase classname="AutoTest.PartnerTest" name="getBankAccountTypeList" time="1.019"/>
  <system-out/>
  <testcase classname="AutoTest.PartnerTest" name="getContactMaxPlus" time="1.088"/>
  <system-out/>
  <testcase classname="AutoTest.PartnerTest" name="getPartnerConcernTypeListStepMaxPlus" time="0.952"/>
  <system-out/>
  <testcase classname="AutoTest.PartnerTest" name="getBankAccountTypeGuidNotExist" time="1.016"/>
  <system-out/>
  <testcase classname="AutoTest.PartnerTest" name="getContactListStepIsEmpty" time="1.029"/>
  <system-out/>
  <testcase classname="AutoTest.PartnerTest" name="getBankAccountTypeGuidNotExist" time="1.015"/>
  <system-out/>
  <testcase classname="AutoTest.PartnerTest" name="getContactGuidNotExist" time="1.116"/>
  <system-out/>
  <testcase classname="AutoTest.PartnerTest" name="getBankAccountTypeList" time="1.328"/>
  <system-out/>
  <testcase classname="AutoTest.PartnerTest" name="getContactGuidNotExist" time="1.049"/>
  <system-out/>
  <testcase classname="AutoTest.PartnerTest" name="getPartnerGuidNotExist" time="0.987"/>
  <system-out/>
  <testcase classname="AutoTest.PartnerTest" name="getContactRolesMaxPlus" time="0.986"/>
  <system-out/>
  <testcase classname="AutoTest.PartnerTest" name="getBankAccountMaxPlus" time="1.012"/>
  <system-out/>
  <testcase classname="AutoTest.PartnerTest" name="getPartnerListStepIsEmpty" time="1.552"/>
  <system-out/>
  <testcase classname="AutoTest.PartnerTest" name="getContactMaxPlus" time="1.015"/>
  <system-out/>
  <testcase classname="AutoTest.PartnerTest" name="getBankAccountTypeGuidNotExist" time="0.985"/>
  <system-out/>
  <testcase classname="AutoTest.PartnerTest" name="getPartnerGuid" time="1.082"/>
  <system-out/>
  <testcase classname="AutoTest.PartnerTest" name="getPartnerGuidNotExist" time="0.950"/>
  <system-out/>
  <testcase classname="AutoTest.PartnerTest" name="getBankAccountTypeGuidNotExist" time="1.004"/>
  <system-out/>
  <testcase classname="AutoTest.PartnerTest" name="getPartnerListStepMaxPlus" time="1.110"/>
  <system-out/>
  <testcase classname="AutoTest.PartnerTest" name="getPartnerConcernTypeGuidNotExist" time="1.021"/>
  <system-out/>
  <testcase classname="AutoTest.PartnerTest" name="getContactRolesGuidNotExist" time="0.996"/>
  <system-out/>
  <testcase classname="AutoTest.PartnerTest" name="getContactMaxPlus" time="0.989"/>
  <system-out/>
  <testcase classname="AutoTest.PartnerTest" name="getContactGuidNotExist" time="0.894"/>
  <system-out/>
  <testcase classname="AutoTest.PartnerTest" name="getBankAccountList" time="0.943"/>
  <system-out/>
  <testcase classname="AutoTest.PartnerTest" name="getContactGuidNotExist" time="0.991"/>
  <system-out/>
  <testcase classname="AutoTest.PartnerTest" name="getBankAccountTypeList" time="0.974"/>
  <system-out/>
  <testcase classname="AutoTest.PartnerTest" name="getBankAccountTypeGuidNotExist" time="0.991"/>
  <system-out/>
  <testcase classname="AutoTest.PartnerTest" name="getPartnerGuidNotExist" time="1.000"/>
  <system-out/>
  <testcase classname="AutoTest.PartnerTest" name="getPartnerListStepMaxPlus" time="0.868"/>
  <system-out/>
  <testcase classname="AutoTest.PartnerTest" name="getContactRolesGuidNotExist" time="0.963"/>
  <system-out/>
  <testcase classname="AutoTest.PartnerTest" name="getContactRolesList" time="0.988"/>
  <system-out/>
  <testcase classname="AutoTest.PartnerTest" name="getPartnerConcernTypeGuidNotExist" time="1.072"/>
  <system-out/>
  <testcase classname="AutoTest.PartnerTest" name="getBankAccountStepIsEmpty" time="0.985"/>
  <system-out/>
</testsuite> <!-- AutoTest.PartnerTest -->
