<?xml version="1.0" encoding="UTF-8"?>
<!-- Generated by org.testng.reporters.JUnitReportReporter -->
<testsuite hostname="DESKTOP-EKIHJ54" failures="13" tests="272" name="AutoTest.ClassifireIsAllRussianTest" time="285.693" errors="0" timestamp="2023-12-13T11:23:53 MSK" skipped="0">
  <testcase classname="AutoTest.ClassifireIsAllRussianTest" name="getTnvedList" time="1.065"/>
  <system-out/>
  <testcase classname="AutoTest.ClassifireIsAllRussianTest" name="getCountryGuidNotExist" time="1.128"/>
  <system-out/>
  <testcase classname="AutoTest.ClassifireIsAllRussianTest" name="getTnvedGuidNotExist" time="0.993"/>
  <system-out/>
  <testcase classname="AutoTest.ClassifireIsAllRussianTest" name="getOkvedListStepMaxPlus" time="0.714"/>
  <system-out/>
  <testcase classname="AutoTest.ClassifireIsAllRussianTest" name="getBankListStepMaxPlus" time="0.996"/>
  <system-out/>
  <testcase classname="AutoTest.ClassifireIsAllRussianTest" name="getCountryGuidNotExist" time="1.015"/>
  <system-out/>
  <testcase classname="AutoTest.ClassifireIsAllRussianTest" name="getOkopfListStepMaxPlus" time="0.877"/>
  <system-out/>
  <testcase classname="AutoTest.ClassifireIsAllRussianTest" name="getOkopfListStepMaxPlus" time="1.010"/>
  <system-out/>
  <testcase classname="AutoTest.ClassifireIsAllRussianTest" name="getOkpdListStepMaxPlus" time="0.765"/>
  <system-out/>
  <testcase classname="AutoTest.ClassifireIsAllRussianTest" name="getOkpdGuid" time="0.999"/>
  <system-out/>
  <testcase classname="AutoTest.ClassifireIsAllRussianTest" name="getOkvedListStepMaxPlus" time="1.328"/>
  <system-out/>
  <testcase classname="AutoTest.ClassifireIsAllRussianTest" name="getRegionListStepMaxPlus" time="0.939"/>
  <system-out/>
  <testcase classname="AutoTest.ClassifireIsAllRussianTest" name="getCountryGuidNotExist" time="0.858"/>
  <system-out/>
  <testcase classname="AutoTest.ClassifireIsAllRussianTest" name="getTnvedGuidNotExist" time="0.997"/>
  <system-out/>
  <testcase classname="AutoTest.ClassifireIsAllRussianTest" name="getCountryListStepMaxPlus" time="0.990"/>
  <system-out/>
  <testcase classname="AutoTest.ClassifireIsAllRussianTest" name="getOkpdListStepMaxPlus" time="1.005"/>
  <system-out/>
  <testcase classname="AutoTest.ClassifireIsAllRussianTest" name="getOkopfListStepMaxPlus" time="1.164"/>
  <system-out/>
  <testcase classname="AutoTest.ClassifireIsAllRussianTest" name="getCurrencyListStepMaxPlus" time="1.015"/>
  <system-out/>
  <testcase classname="AutoTest.ClassifireIsAllRussianTest" name="getBankGuidNotExist" time="1.021"/>
  <system-out/>
  <testcase classname="AutoTest.ClassifireIsAllRussianTest" name="getCurrencyGuidNotExist" time="1.018"/>
  <system-out/>
  <testcase classname="AutoTest.ClassifireIsAllRussianTest" name="getOkopfGuidNotExist" time="1.028"/>
  <system-out/>
  <testcase classname="AutoTest.ClassifireIsAllRussianTest" name="getRegionGuidNotExist" time="1.002"/>
  <system-out/>
  <testcase classname="AutoTest.ClassifireIsAllRussianTest" name="getBankList" time="2.265">
    <failure message="1 expectation failed.
Response body doesn&#039;t match expectation.
Expected: The content to match the given JSON schema.
error: instance type (string) does not match any allowed primitive type (allowed: [&quot;boolean&quot;])
    level: &quot;error&quot;
    schema: {&quot;loadingURI&quot;:&quot;file:/C:/Users/Sasha/Api/target/test-classes/getBankList.json#&quot;,&quot;pointer&quot;:&quot;/items/properties/activityDiscontinued&quot;}
    instance: {&quot;pointer&quot;:&quot;/13/activityDiscontinued&quot;}
    domain: &quot;validation&quot;
    keyword: &quot;type&quot;
    found: &quot;string&quot;
    expected: [&quot;boolean&quot;]
error: string &quot;&quot; is too short (length: 0, required minimum: 1)
    level: &quot;error&quot;
    schema: {&quot;loadingURI&quot;:&quot;file:/C:/Users/Sasha/Api/target/test-classes/getBankList.json#&quot;,&quot;pointer&quot;:&quot;/items/properties/address&quot;}
    instance: {&quot;pointer&quot;:&quot;/13/address&quot;}
    domain: &quot;validation&quot;
    keyword: &quot;minLength&quot;
    value: &quot;&quot;
    found: 0
    minLength: 1
error: instance type (string) does not match any allowed primitive type (allowed: [&quot;boolean&quot;])
    level: &quot;error&quot;
    schema: {&quot;loadingURI&quot;:&quot;file:/C:/Users/Sasha/Api/target/test-classes/getBankList.json#&quot;,&quot;pointer&quot;:&quot;/items/properties/archive&quot;}
    instance: {&quot;pointer&quot;:&quot;/13/archive&quot;}
    domain: &quot;validation&quot;
    keyword: &quot;type&quot;
    found: &quot;string&quot;
    expected: [&quot;boolean&quot;]
error: string &quot;&quot; is too short (length: 0, required minimum: 1)
    level: &quot;error&quot;
    schema: {&quot;loadingURI&quot;:&quot;file:/C:/Users/Sasha/Api/target/test-classes/getBankList.json#&quot;,&quot;pointer&quot;:&quot;/items/properties/city&quot;}
    instance: {&quot;pointer&quot;:&quot;/13/city&quot;}
    domain: &quot;validation&quot;
    keyword: &quot;minLength&quot;
    value: &quot;&quot;
    found: 0
    minLength: 1
error: string &quot;&quot; is too short (length: 0, required minimum: 20)
    level: &quot;error&quot;
    schema: {&quot;loadingURI&quot;:&quot;file:/C:/Users/Sasha/Api/target/test-classes/getBankList.json#&quot;,&quot;pointer&quot;:&quot;/items/properties/corrAccount&quot;}
    instance: {&quot;pointer&quot;:&quot;/13/corrAccount&quot;}
    domain: &quot;validation&quot;
    keyword: &quot;minLength&quot;
    value: &quot;&quot;
    found: 0
    minLength: 20
error: string &quot;&quot; is too short (length: 0, required minimum: 36)
    level: &quot;error&quot;
    schema: {&quot;loadingURI&quot;:&quot;file:/C:/Users/Sasha/Api/target/test-classes/getBankList.json#&quot;,&quot;pointer&quot;:&quot;/items/properties/country&quot;}
    instance: {&quot;pointer&quot;:&quot;/13/country&quot;}
    domain: &quot;validation&quot;
    keyword: &quot;minLength&quot;
    value: &quot;&quot;
    found: 0
    minLength: 36
error: string &quot;&quot; is too short (length: 0, required minimum: 3)
    level: &quot;error&quot;
    schema: {&quot;loadingURI&quot;:&quot;file:/C:/Users/Sasha/Api/target/test-classes/getBankList.json#&quot;,&quot;pointer&quot;:&quot;/items/properties/countryCode&quot;}
    instance: {&quot;pointer&quot;:&quot;/13/countryCode&quot;}
    domain: &quot;validation&quot;
    keyword: &quot;minLength&quot;
    value: &quot;&quot;
    found: 0
    minLength: 3
error: string &quot;&quot; is too short (length: 0, required minimum: 10)
    level: &quot;error&quot;
    schema: {&quot;loadingURI&quot;:&quot;file:/C:/Users/Sasha/Api/target/test-classes/getBankList.json#&quot;,&quot;pointer&quot;:&quot;/items/properties/dateOutputArchive&quot;}
    instance: {&quot;pointer&quot;:&quot;/13/dateOutputArchive&quot;}
    domain: &quot;validation&quot;
    keyword: &quot;minLength&quot;
    value: &quot;&quot;
    found: 0
    minLength: 10

  Actual: [{guid=979300ab-d82b-11e8-80bb-08002789bf51, archive=false, dateOutputArchive=0001-01-01T00:00:00Z, thisGroup=false, parent=78ddabf2-ca67-11e5-826c-605718cb5baa, bic=043601707, swift=, name=ФИЛИАЛ &quot;САМАРСКИЙ&quot; АО &quot;ОТП БАНК&quot;, corrAccount=30101810722023601707, address=УЛ АВРОРЫ, 150, city=Г. САМАРА, phones=(846)3425312,3425313, country=4e127564-d74f-4dd9-bced-0327f0f4e061, countryCode=643, activityDiscontinued=false}, {guid=979300ac-d82b-11e8-80bb-08002789bf51, archive=false, dateOutputArchive=0001-01-01T00:00:00Z, thisGroup=false, parent=78ddabe1-ca67-11e5-826c-605718cb5baa, bic=044030792, swift=, name=ФИЛИАЛ &quot;СЕВЕРО-ЗАПАДНЫЙ&quot; &quot;УМ-БАНК&quot; ООО, corrAccount=30101810640300000792, address=КАМЕННООСТРОВСКИЙ ПР-Т, 61 ПОМ, city=Г. САНКТ-ПЕТЕРБУРГ, phones=(812)4560720, country=4e127564-d74f-4dd9-bced-0327f0f4e061, countryCode=643, activityDiscontinued=false}, {guid=979300ad-d82b-11e8-80bb-08002789bf51, archive=false, dateOutputArchive=0001-01-01T00:00:00Z, thisGroup=false, parent=78ddac07-ca67-11e5-826c-605718cb5baa, bic=045004711, swift=, name=Куйбышевский филиал АКБ &quot;Ланта-Банк&quot; (АО), corrAccount=30101810750045004711, address=КВАРТАЛ 1, ДОМ 29 &quot;ВСТАВКА&quot;, city=Г. КУЙБЫШЕВ, phones=, country=4e127564-d74f-4dd9-bced-0327f0f4e061, countryCode=643, activityDiscontinued=false}, {guid=979300ae-d82b-11e8-80bb-08002789bf51, archive=false, dateOutputArchive=0001-01-01T00:00:00Z, thisGroup=false, parent=78ddac07-ca67-11e5-826c-605718cb5baa, bic=045004719, swift=, name=ФИЛИАЛ № 5440 БАНКА ВТБ (ПАО), corrAccount=30101810450040000719, address=УЛ ФРУНЗЕ, 232, 234, 234/1, city=Г. НОВОСИБИРСК, phones=(383)2492424,2492425, country=4e127564-d74f-4dd9-bced-0327f0f4e061, countryCode=643, activityDiscontinued=false}, {guid=979300af-d82b-11e8-80bb-08002789bf51, archive=false, dateOutputArchive=0001-01-01T00:00:00Z, thisGroup=false, parent=78ddac07-ca67-11e5-826c-605718cb5baa, bic=045004701, swift=, name=НОВОСИБИРСКИЙ ФИЛИАЛ АБ &quot;РОССИЯ&quot;, corrAccount=30101810950040000701, address=УЛ СЕМЬИ ШАМШИНЫХ, 26, 26/1, city=Г. НОВОСИБИРСК, phones=(383)3670691,3670692, country=4e127564-d74f-4dd9-bced-0327f0f4e061, countryCode=643, activityDiscontinued=false}, {guid=979300b0-d82b-11e8-80bb-08002789bf51, archive=false, dateOutputArchive=0001-01-01T00:00:00Z, thisGroup=false, parent=78ddac09-ca67-11e5-826c-605718cb5baa, bic=046577459, swift=, name=ФИЛИАЛ &quot;УРАЛЬСКИЙ&quot; &quot;УМ-БАНК&quot; ООО, corrAccount=30101810165770000459, address=УЛ БЕЛИНСКОГО, 86, city=Г. ЕКАТЕРИНБУРГ, phones=(343)2871010,3452644, country=4e127564-d74f-4dd9-bced-0327f0f4e061, countryCode=643, activityDiscontinued=false}, {guid=979300b1-d82b-11e8-80bb-08002789bf51, archive=false, dateOutputArchive=0001-01-01T00:00:00Z, thisGroup=false, parent=78ddabe5-ca67-11e5-826c-605718cb5baa, bic=044525745, swift=VTBRRUM2MS3, name=ФИЛИАЛ № 7701 БАНКА ВТБ (ПАО), corrAccount=30101810345250000745, address=УЛ КУЗНЕЦКИЙ МОСТ, 17, СТР 1, city=Г. МОСКВА, phones=(495)9258000, country=4e127564-d74f-4dd9-bced-0327f0f4e061, countryCode=643, activityDiscontinued=false}, {guid=979300b2-d82b-11e8-80bb-08002789bf51, archive=false, dateOutputArchive=0001-01-01T00:00:00Z, thisGroup=false, parent=78ddabe9-ca67-11e5-826c-605718cb5baa, bic=042520842, swift=, name=&quot;Братский АНКБ&quot; ПАО, corrAccount=30101810850042520842, address=УЛ. КОМСОМОЛЬСКАЯ, Д. 43, city=Г. БРАТСК, phones=, country=4e127564-d74f-4dd9-bced-0327f0f4e061, countryCode=643, activityDiscontinued=false}, {guid=979300b3-d82b-11e8-80bb-08002789bf51, archive=false, dateOutputArchive=0001-01-01T00:00:00Z, thisGroup=false, parent=78ddabe9-ca67-11e5-826c-605718cb5baa, bic=042520811, swift=, name=АО &quot;ГРИНКОМБАНК&quot;, corrAccount=30101810950040000811, address=УЛ ФРАНК-КАМЕНЕЦКОГО, 8, city=Г. ИРКУТСК, phones=(3952)255196,240197, country=4e127564-d74f-4dd9-bced-0327f0f4e061, countryCode=643, activityDiscontinued=false}, {guid=979300b4-d82b-11e8-80bb-08002789bf51, archive=false, dateOutputArchive=0001-01-01T00:00:00Z, thisGroup=false, parent=78ddac9c-ca67-11e5-826c-605718cb5baa, bic=040407523, swift=, name=АО АИКБ &quot;ЕНИСЕЙСКИЙ ОБЪЕДИНЕННЫЙ БАНК&quot;, corrAccount=30101810650040000523, address=УЛ КАРЛА МАРКСА, 62, city=Г. КРАСНОЯРСК, phones=(391)2770000, country=4e127564-d74f-4dd9-bced-0327f0f4e061, countryCode=643, activityDiscontinued=false}, {guid=979300b5-d82b-11e8-80bb-08002789bf51, archive=false, dateOutputArchive=0001-01-01T00:00:00Z, thisGroup=false, parent=e8b01830-ca8b-11e5-826c-605718cb5baa, bic=041403725, swift=, name=ООО &quot;Осколбанк&quot;, corrAccount=30101810745250000725, address=Г. СТАРЫЙ ОСКОЛ, М-Н ОЛИМПИЙСК, city=Г. СТАРЫЙ ОСКОЛ, phones=, country=4e127564-d74f-4dd9-bced-0327f0f4e061, countryCode=643, activityDiscontinued=false}, {guid=979300b6-d82b-11e8-80bb-08002789bf51, archive=false, dateOutputArchive=0001-01-01T00:00:00Z, thisGroup=false, parent=78ddabe1-ca67-11e5-826c-605718cb5baa, bic=044030707, swift=VTBRRUM2SP3, name=ФИЛИАЛ № 7806 БАНКА ВТБ (ПАО), corrAccount=30101810240300000707, address=УЛ Б. МОРСКАЯ, 29 ЛИТ А, city=Г. САНКТ-ПЕТЕРБУРГ, phones=(812)3241214, country=4e127564-d74f-4dd9-bced-0327f0f4e061, countryCode=643, activityDiscontinued=false}, {guid=979300b7-d82b-11e8-80bb-08002789bf51, archive=false, dateOutputArchive=0001-01-01T00:00:00Z, thisGroup=false, parent=78ddac09-ca67-11e5-826c-605718cb5baa, bic=046577916, swift=, name=ФИЛИАЛ &quot;НОВОУРАЛЬСКИЙ&quot; ПАО КБ &quot;УБРИР&quot;, corrAccount=30101810365770000916, address=УЛ ДЗЕРЖИНСКОГО, 16, city=Г. НОВОУРАЛЬСК, phones=(34370)25591, country=4e127564-d74f-4dd9-bced-0327f0f4e061, countryCode=643, activityDiscontinued=false}, {guid=78ddabd9-ca67-11e5-826c-605718cb5baa, archive=, dateOutputArchive=, thisGroup=true, parent=00000000-0000-0000-0000-000000000000, bic=90       , swift=, name=РЕСПУБЛИКА СЕВЕРНАЯ ОСЕТИЯ-АЛАНИЯ, corrAccount=, address=, city=, phones=, country=, countryCode=, activityDiscontinued=}, {guid=979300b8-d82b-11e8-80bb-08002789bf51, archive=false, dateOutputArchive=0001-01-01T00:00:00Z, thisGroup=false, parent=78ddabdf-ca67-11e5-826c-605718cb5baa, bic=049246691, swift=, name=АБ &quot;ДЕВОН-КРЕДИТ&quot; (ПАО), corrAccount=30101810722029246691, address=УЛ ЛЕНИНА, 77, city=Г. АЛЬМЕТЬЕВСК, phones=(8553)456777, country=4e127564-d74f-4dd9-bced-0327f0f4e061, countryCode=643, activityDiscontinued=false}, {guid=979300b9-d82b-11e8-80bb-08002789bf51, archive=false, dateOutputArchive=0001-01-01T00:00:00Z, thisGroup=false, parent=78ddabe5-ca67-11e5-826c-605718cb5baa, bic=044525806, swift=, name=ФИЛИАЛ &quot;МОСКОВСКИЙ&quot; КБ &quot;СПУТНИК&quot; (ПАО), corrAccount=30101810145250000806, address=ЛЯЛИН ПЕР, 19-1, city=Г. МОСКВА, phones=(495)5891084, country=4e127564-d74f-4dd9-bced-0327f0f4e061, countryCode=643, activityDiscontinued=false}, {guid=979300ba-d82b-11e8-80bb-08002789bf51, archive=false, dateOutputArchive=0001-01-01T00:00:00Z, thisGroup=false, parent=78ddaccd-ca67-11e5-826c-605718cb5baa, bic=045209702, swift=, name=АО &quot;ИТ Банк&quot;, corrAccount=30101810750045209702, address=УЛ. ДУМСКАЯ, 7, city=Г. ОМСК, phones=, country=4e127564-d74f-4dd9-bced-0327f0f4e061, countryCode=643, activityDiscontinued=false}, {guid=979300bb-d82b-11e8-80bb-08002789bf51, archive=false, dateOutputArchive=0001-01-01T00:00:00Z, thisGroup=false, parent=78ddaccd-ca67-11e5-826c-605718cb5baa, bic=045209701, swift=, name=АО &quot;Эксперт Банк&quot;, corrAccount=30101810450045209701, address=УЛ. МАРШАЛА ЖУКОВА, ДОМ 107, city=Г. ОМСК, phones=, country=4e127564-d74f-4dd9-bced-0327f0f4e061, countryCode=643, activityDiscontinued=false}, {guid=979300bc-d82b-11e8-80bb-08002789bf51, archive=false, dateOutputArchive=0001-01-01T00:00:00Z, thisGroup=false, parent=78ddac09-ca67-11e5-826c-605718cb5baa, bic=046577743, swift=, name=ФИЛИАЛ &quot;ДЕЛО&quot; ПАО &quot;СКБ-БАНК&quot;, corrAccount=30101810965770000743, address=УЛ КУЙБЫШЕВА, 58, city=Г. ЕКАТЕРИНБУРГ, phones=(343)3557000, country=4e127564-d74f-4dd9-bced-0327f0f4e061, countryCode=643, activityDiscontinued=false}, {guid=979300bd-d82b-11e8-80bb-08002789bf51, archive=false, dateOutputArchive=0001-01-01T00:00:00Z, thisGroup=false, parent=78ddaccd-ca67-11e5-826c-605718cb5baa, bic=045209703, swift=, name=КУ АО &quot;Мираф-Банк&quot; - ГК &quot;АСВ&quot;, corrAccount=30101810050045209703, address=УЛ. ФРУНЗЕ, Д.54, city=Г. ОМСК, phones=, country=4e127564-d74f-4dd9-bced-0327f0f4e061, countryCode=643, activityDiscontinued=false}, {guid=9d8e68cb-d82b-11e8-80bb-08002789bf51, archive=false, dateOutputArchive=0001-01-01T00:00:00Z, thisGroup=false, parent=78ddac21-ca67-11e5-826c-605718cb5baa, bic=042202761, swift=, name=Ф. АКБ &quot;ФОРА-БАНК&quot; (АО) В Г. НИЖНИЙ НОВГОРОД, corrAccount=30101810822020000761, address=УЛ КОВАЛИХИНСКАЯ, 8, city=Г. НИЖНИЙ НОВГОРОД, phones=(831)2161801,2161802, country=4e127564-d74f-4dd9-bced-0327f0f4e061, countryCode=643, activityDiscontinued=false}, {guid=9d8e68cc-d82b-11e8-80bb-08002789bf51, archive=false, dateOutputArchive=0001-01-01T00:00:00Z, thisGroup=false, parent=78ddac67-ca67-11e5-826c-605718cb5baa, bic=045773804, swift=, name=ФИЛИАЛ &quot;ЛЫСЬВА&quot; АО АКБ &quot;АЛЕФ-БАНК&quot;, corrAccount=30101810965775700804, address=ПОЖАРСКОГО, Д.8, city=Г. ЛЫСЬВА, phones=, country=4e127564-d74f-4dd9-bced-0327f0f4e061, countryCode=643, activityDiscontinued=false}, {guid=9d8e68cd-d82b-11e8-80bb-08002789bf51, archive=false, dateOutputArchive=0001-01-01T00:00:00Z, thisGroup=false, parent=78ddac21-ca67-11e5-826c-605718cb5baa, bic=042202717, swift=, name=ФИЛИАЛ №10 ПАО КБ &quot;ЦЕНТР-ИНВЕСТ&quot;, corrAccount=30101810122020000717, address=УЛ КОМИНТЕРНА, 139, city=Г. НИЖНИЙ НОВГОРОД, phones=(831)4391708, country=4e127564-d74f-4dd9-bced-0327f0f4e061, countryCode=643, activityDiscontinued=false}, {guid=9d8e68ce-d82b-11e8-80bb-08002789bf51, archive=false, dateOutputArchive=0001-01-01T00:00:00Z, thisGroup=false, parent=78ddac21-ca67-11e5-826c-605718cb5baa, bic=042202716, swift=, name=НИЖЕГОРОДСКИЙ Ф БАНКА&quot;ВОЗРОЖДЕНИЕ&quot;(ПАО), corrAccount=30101810822020000716, address=УЛ БЕЛИНСКОГО, 106 А, city=Г. НИЖНИЙ НОВГОРОД, phones=(831)2787662,2783935, country=4e127564-d74f-4dd9-bced-0327f0f4e061, countryCode=643, activityDiscontinued=false}, {guid=9d8e68cf-d82b-11e8-80bb-08002789bf51, archive=false, dateOutputArchive=0001-01-01T00:00:00Z, thisGroup=false, parent=78ddac21-ca67-11e5-826c-605718cb5baa, bic=042202712, swift=, name=НИЖЕГОРОДСКИЙ ФИЛИАЛ АКБ &quot;ЛАНТА-БАНК&quot; (АО), corrAccount=30101810622020000712, address=МЕЩЕРСКИЙ Б-Р, 3, К 1, city=Г. НИЖНИЙ НОВГОРОД, phones=(831)2208322,2208320, country=4e127564-d74f-4dd9-bced-0327f0f4e061, countryCode=643, activityDiscontinued=false}, {guid=9d8e68d0-d82b-11e8-80bb-08002789bf51, archive=false, dateOutputArchive=0001-01-01T00:00:00Z, thisGroup=false, parent=78ddac17-ca67-11e5-826c-605718cb5baa, bic=046015707, swift=, name=ВОЛГОДОНСКИЙ ф Банка &quot;Возрождение&quot; (ПАО), corrAccount=30101810060150000707, address=БУЛ. ВЕЛИКОЙ ПОБЕДЫ, ДОМ №38А, city=Г. ВОЛГОДОНСК, phones=, country=4e127564-d74f-4dd9-bced-0327f0f4e061, countryCode=643, activityDiscontinued=false}, {guid=9d8e68d1-d82b-11e8-80bb-08002789bf51, archive=false, dateOutputArchive=0001-01-01T00:00:00Z, thisGroup=false, parent=78ddac21-ca67-11e5-826c-605718cb5baa, bic=042202718, swift=, name=ПАО &quot;САРОВБИЗНЕСБАНК&quot;, corrAccount=30101810422020000718, address=УЛ СИЛКИНА, 13, city=Г. САРОВ, phones=(831)4307478,(83130)33640, country=4e127564-d74f-4dd9-bced-0327f0f4e061, countryCode=643, activityDiscontinued=false}, {guid=9d8e68d2-d82b-11e8-80bb-08002789bf51, archive=false, dateOutputArchive=0001-01-01T00:00:00Z, thisGroup=false, parent=78ddac21-ca67-11e5-826c-605718cb5baa, bic=042202727, swift=, name=ПАО КОМБАНК &quot;ХИМИК&quot;, corrAccount=30101810222020000727, address=УЛ УРИЦКОГО, 10 Б, city=Г. ДЗЕРЖИНСК, phones=(8313)261608,251126, country=4e127564-d74f-4dd9-bced-0327f0f4e061, countryCode=643, activityDiscontinued=false}, {guid=9d8e68d3-d82b-11e8-80bb-08002789bf51, archive=false, dateOutputArchive=0001-01-01T00:00:00Z, thisGroup=false, parent=78ddabe5-ca67-11e5-826c-605718cb5baa, bic=044525420, swift=, name=Ф РОКЕТБАНК КИВИ БАНК (АО), corrAccount=30101810945250000420, address=УЛ ПАЛИХА, 10, СТР 5, city=Г. МОСКВА, phones=(495)2313645, country=4e127564-d74f-4dd9-bced-0327f0f4e061, countryCode=643, activityDiscontinued=false}, {guid=78ddabda-ca67-11e5-826c-605718cb5baa, archive=false, dateOutputArchive=0001-01-01T00:00:00Z, thisGroup=false, parent=78ddabd9-ca67-11e5-826c-605718cb5baa, bic=049033736, swift=, name=СКФ ПАО АКБ &quot;ИРОНБАНК&quot;, corrAccount=30101810800000000736, address=, city=Г. ВЛАДИКАВКАЗ, phones=, country=00000000-0000-0000-0000-000000000000, countryCode=, activityDiscontinued=true}, {guid=9d8e68d4-d82b-11e8-80bb-08002789bf51, archive=false, dateOutputArchive=0001-01-01T00:00:00Z, thisGroup=false, parent=78ddac21-ca67-11e5-826c-605718cb5baa, bic=042202731, swift=, name=АО КОМБАНК &quot;АРЗАМАС&quot;, corrAccount=30101810522020000731, address=УЛ КИРОВА, 33, city=Г. АРЗАМАС, phones=(83147)70224,70177, country=4e127564-d74f-4dd9-bced-0327f0f4e061, countryCode=643, activityDiscontinued=false}, {guid=9d8e68d5-d82b-11e8-80bb-08002789bf51, archive=false, dateOutputArchive=0001-01-01T00:00:00Z, thisGroup=false, parent=78ddabe5-ca67-11e5-826c-605718cb5baa, bic=044525864, swift=, name=МОСКОВСКИЙ ФИЛИАЛ АО АКБ &quot;ГАЗБАНК&quot;, corrAccount=30101810145250000864, address=УЛ БРЯНСКАЯ, 5, city=Г. МОСКВА, phones=(495)3639438, country=4e127564-d74f-4dd9-bced-0327f0f4e061, countryCode=643, activityDiscontinued=true}, {guid=9d8e68d6-d82b-11e8-80bb-08002789bf51, archive=false, dateOutputArchive=0001-01-01T00:00:00Z, thisGroup=false, parent=78ddabe5-ca67-11e5-826c-605718cb5baa, bic=044525797, swift=, name=Ф ТОЧКА БАНК КИВИ БАНК (АО), corrAccount=30101810445250000797, address=УЛ СПИРИДОНОВКА, 4, СТР 2, city=Г. МОСКВА, phones=(495)2313645, country=4e127564-d74f-4dd9-bced-0327f0f4e061, countryCode=643, activityDiscontinued=false}, {guid=9d8e68d7-d82b-11e8-80bb-08002789bf51, archive=false, dateOutputArchive=0001-01-01T00:00:00Z, thisGroup=false, parent=78ddac9c-ca67-11e5-826c-605718cb5baa, bic=040407404, swift=, name=ФПАО &quot;ДАЛЬНЕВОСТОЧНЫЙ БАНК&quot; &quot;КРАСНОЯРСКИЙ&quot;, corrAccount=30101810850040000404, address=УЛ МОЛОКОВА, 1, К 4, city=Г. КРАСНОЯРСК, phones=(391)2773071, country=4e127564-d74f-4dd9-bced-0327f0f4e061, countryCode=643, activityDiscontinued=false}, {guid=9d8e68d8-d82b-11e8-80bb-08002789bf51, archive=false, dateOutputArchive=0001-01-01T00:00:00Z, thisGroup=false, parent=78ddad0a-ca67-11e5-826c-605718cb5baa, bic=047144778, swift=, name=СФ АО БАНК &quot;СНГБ&quot;, corrAccount=30101810165777100778, address=УЛ ГУБКИНА, 15 А, city=Г. СУРГУТ, phones=(3462)398700, country=4e127564-d74f-4dd9-bced-0327f0f4e061, countryCode=643, activityDiscontinued=false}, {guid=9d8e68d9-d82b-11e8-80bb-08002789bf51, archive=false, dateOutputArchive=0001-01-01T00:00:00Z, thisGroup=false, parent=78ddabf2-ca67-11e5-826c-605718cb5baa, bic=043601968, swift=VTBRRUM2SA3, name=ФИЛИАЛ № 6318 БАНКА ВТБ (ПАО), corrAccount=30101810422023601968, address=УЛ МОЛОДОГВАРДЕЙСКАЯ, 204, city=Г. САМАРА, phones=(846)2696824,2696834, country=4e127564-d74f-4dd9-bced-0327f0f4e061, countryCode=643, activityDiscontinued=false}, {guid=9d8e68da-d82b-11e8-80bb-08002789bf51, archive=false, dateOutputArchive=0001-01-01T00:00:00Z, thisGroup=false, parent=78ddabf2-ca67-11e5-826c-605718cb5baa, bic=043601975, swift=, name=ООО &quot;РУСФИНАНС БАНК&quot;, corrAccount=30101810622023601975, address=УЛ ЧЕРНОРЕЧЕНСКАЯ, 42 А, city=Г. САМАРА, phones=(846)2696911,2694411, country=4e127564-d74f-4dd9-bced-0327f0f4e061, countryCode=643, activityDiscontinued=false}, {guid=9d8e68db-d82b-11e8-80bb-08002789bf51, archive=false, dateOutputArchive=0001-01-01T00:00:00Z, thisGroup=false, parent=78ddabf7-ca67-11e5-826c-605718cb5baa, bic=045354880, swift=, name=ГК &quot;АСВ&quot; - КУ АО &quot;НСТ-БАНК&quot;, corrAccount=30101810265775300880, address=ВИЛОНОВСКАЯ УЛ, 138, city=Г. САМАРА, phones=, country=4e127564-d74f-4dd9-bced-0327f0f4e061, countryCode=643, activityDiscontinued=false}, {guid=9d8e68dc-d82b-11e8-80bb-08002789bf51, archive=false, dateOutputArchive=0001-01-01T00:00:00Z, thisGroup=false, parent=78ddabe7-ca67-11e5-826c-605718cb5baa, bic=040507595, swift=, name=АО &quot;СОЛИД БАНК&quot;, corrAccount=30101810205070000595, address=УЛ АДМИРАЛА ФОКИНА, 25, city=Г. ВЛАДИВОСТОК, phones=(423)2265722,(423)2469293, country=4e127564-d74f-4dd9-bced-0327f0f4e061, countryCode=643, activityDiscontinued=false}, {guid=9d8e68dd-d82b-11e8-80bb-08002789bf51, archive=false, dateOutputArchive=0001-01-01T00:00:00Z, thisGroup=false, parent=78ddabe1-ca67-11e5-826c-605718cb5baa, bic=044030830, swift=, name=СПБ. Ф. АО БАНК &quot;НАЦИОНАЛЬНЫЙ СТАНДАРТ&quot;, corrAccount=30101810340300000830, address=УЛ. ЧАЙКОВСКОГО, Д. 39, ЛИТ А, city=Г. САНКТ-ПЕТЕРБУРГ, phones=(812)4493155, country=4e127564-d74f-4dd9-bced-0327f0f4e061, countryCode=643, activityDiscontinued=false}, {guid=9d8e68de-d82b-11e8-80bb-08002789bf51, archive=false, dateOutputArchive=0001-01-01T00:00:00Z, thisGroup=false, parent=78ddabeb-ca67-11e5-826c-605718cb5baa, bic=040708735, swift=, name=ФИЛИАЛ В Г. ЕССЕНТУКИ АКБ &quot;ЛАНТА-БАНК&quot; (АО), corrAccount=30101810007080000735, address=УЛ СОВЕТСКАЯ, 20 Б, city=Г. ЕССЕНТУКИ, phones=(87934)54547,54371, country=4e127564-d74f-4dd9-bced-0327f0f4e061, countryCode=643, activityDiscontinued=false}, {guid=9d8e68df-d82b-11e8-80bb-08002789bf51, archive=false, dateOutputArchive=0001-01-01T00:00:00Z, thisGroup=false, parent=78ddac72-ca67-11e5-826c-605718cb5baa, bic=041806745, swift=, name=Урюпинский филиал ПАО КБ &quot;Сельмашбанк&quot;, corrAccount=30101810518060000745, address=УЛ. ШТЕМЕНКО, 47/3, city=Г. УРЮПИНСК, phones=, country=4e127564-d74f-4dd9-bced-0327f0f4e061, countryCode=643, activityDiscontinued=false}, {guid=9d8e68e0-d82b-11e8-80bb-08002789bf51, archive=false, dateOutputArchive=0001-01-01T00:00:00Z, thisGroup=false, parent=78ddac72-ca67-11e5-826c-605718cb5baa, bic=041806730, swift=, name=Ликвидатор АО КБ &quot;Михайловский ПЖСБ&quot;, corrAccount=30101810918060000730, address=УЛИЦА ОБОРОНЫ, 44 &quot;А&quot;, city=Г. МИХАЙЛОВКА, phones=, country=4e127564-d74f-4dd9-bced-0327f0f4e061, countryCode=643, activityDiscontinued=false}, {guid=9d8e68e1-d82b-11e8-80bb-08002789bf51, archive=false, dateOutputArchive=0001-01-01T00:00:00Z, thisGroup=false, parent=78ddabe5-ca67-11e5-826c-605718cb5baa, bic=044525941, swift=, name=&quot;УМ-БАНК&quot; ООО, corrAccount=30101810945250000941, address=УЛ Б. ОРДЫНКА, 59, СТР 2, city=Г. МОСКВА, phones=(495)2123020, country=4e127564-d74f-4dd9-bced-0327f0f4e061, countryCode=643, activityDiscontinued=false}, {guid=9d8e68e2-d82b-11e8-80bb-08002789bf51, archive=false, dateOutputArchive=0001-01-01T00:00:00Z, thisGroup=false, parent=78ddac72-ca67-11e5-826c-605718cb5baa, bic=041806717, swift=, name=ЮЖНЫЙ ФИЛИАЛ АО БАНК &quot;НАЦИОНАЛЬНЫЙ СТАНДАРТ&quot;, corrAccount=30101810818060000717, address=УЛ ИМ. ГАГАРИНА, 7, city=Г. ВОЛГОГРАД, phones=(8442)995000, country=4e127564-d74f-4dd9-bced-0327f0f4e061, countryCode=643, activityDiscontinued=true}, {guid=78ddabdb-ca67-11e5-826c-605718cb5baa, archive=, dateOutputArchive=, thisGroup=true, parent=00000000-0000-0000-0000-000000000000, bic=32       , swift=, name=КЕМЕРОВСКАЯ ОБЛАСТЬ, corrAccount=, address=, city=, phones=, country=, countryCode=, activityDiscontinued=}, {guid=a38a1a95-d82b-11e8-80bb-08002789bf51, archive=false, dateOutputArchive=0001-01-01T00:00:00Z, thisGroup=false, parent=78ddac17-ca67-11e5-826c-605718cb5baa, bic=046015846, swift=, name=КУ ОАО КБ &quot;МАКСИМУМ&quot; - ГК &quot;АСВ&quot;, corrAccount=30101810060150000846, address=УЛ. ВЫСОЦКОГО, Д.4, city=Г. МОСКВА, phones=, country=4e127564-d74f-4dd9-bced-0327f0f4e061, countryCode=643, activityDiscontinued=false}, {guid=a38a1a96-d82b-11e8-80bb-08002789bf51, archive=false, dateOutputArchive=0001-01-01T00:00:00Z, thisGroup=false, parent=78ddac14-ca67-11e5-826c-605718cb5baa, bic=047601205, swift=, name=ООО КБ &quot;ЦЕНТРАЛЬНО-ЕВРОПЕЙСКИЙ БАНК&quot;, corrAccount=30101810950040000205, address=УЛ БАБУШКИНА, 108, city=Г. ЧИТА, phones=(3022)211502, country=4e127564-d74f-4dd9-bced-0327f0f4e061, countryCode=643, activityDiscontinued=false}, {guid=78ddabf7-ca67-11e5-826c-605718cb5baa, archive=, dateOutputArchive=, thisGroup=true, parent=00000000-0000-0000-0000-000000000000, bic=53       , swift=, name=ОРЕНБУРГСКАЯ ОБЛАСТЬ, corrAccount=, address=, city=, phones=, country=, countryCode=, activityDiscontinued=}, {guid=a38a1a97-d82b-11e8-80bb-08002789bf51, archive=false, dateOutputArchive=0001-01-01T00:00:00Z, thisGroup=false, parent=78ddac17-ca67-11e5-826c-605718cb5baa, bic=046015835, swift=, name=КУ ООО &quot;РУССКИЙ НАЦИОНАЛЬНЫЙ БАНК&quot; - ГК &quot;АСВ&quot;, corrAccount=30101810660150000835, address=УЛ ВЫСОЦКОГО, 4 ТЕЛ.(495)96125, city=Г. МОСКВА, phones=(863)2999413,2999418, country=4e127564-d74f-4dd9-bced-0327f0f4e061, countryCode=643, activityDiscontinued=false}, {guid=a38a1a98-d82b-11e8-80bb-08002789bf51, archive=false, dateOutputArchive=0001-01-01T00:00:00Z, thisGroup=false, parent=78ddabe5-ca67-11e5-826c-605718cb5baa, bic=044525535, swift=, name=КУ АБ &quot;АЛДАНЗОЛОТОБАНК&quot; АО - ГК &quot;АСВ&quot;, corrAccount=30101810445250000535, address=УЛ. ВЫСОЦКОГО, Д. 4, city=Г. МОСКВА, phones=, country=4e127564-d74f-4dd9-bced-0327f0f4e061, countryCode=643, activityDiscontinued=false}, {guid=a38a1a99-d82b-11e8-80bb-08002789bf51, archive=false, dateOutputArchive=0001-01-01T00:00:00Z, thisGroup=false, parent=78ddac21-ca67-11e5-826c-605718cb5baa, bic=042202812, swift=, name=ВЫКСУНСКИЙ Ф-Л ПАО АКБ &quot;МЕТАЛЛИНВЕСТБАНК&quot;, corrAccount=30101810522020000812, address=ПЛ ОКТЯБРЬСКОЙ РЕВОЛЮЦИИ, 48, city=Г. ВЫКСА, phones=(83177)35825,31157, country=4e127564-d74f-4dd9-bced-0327f0f4e061, countryCode=643, activityDiscontinued=false}, {guid=a38a1a9a-d82b-11e8-80bb-08002789bf51, archive=false, dateOutputArchive=0001-01-01T00:00:00Z, thisGroup=false, parent=78ddac07-ca67-11e5-826c-605718cb5baa, bic=045004893, swift=, name=НОВОСИБИРСКИЙ Ф-Л НКО &quot;ИНКАХРАН&quot;(АО), corrAccount=30103810950040000893, address=УЛ 2-Я СОЮЗА МОЛОДЕЖИ, 31, city=Г. НОВОСИБИРСК, phones=(383)2260797,2269768, country=4e127564-d74f-4dd9-bced-0327f0f4e061, countryCode=643, activityDiscontinued=false}, {guid=a38a1a9b-d82b-11e8-80bb-08002789bf51, archive=false, dateOutputArchive=0001-01-01T00:00:00Z, thisGroup=false, parent=78ddac07-ca67-11e5-826c-605718cb5baa, bic=045004883, swift=, name=СИБИРСКИЙ ФИЛИАЛ АО &quot;БАНК ИНТЕЗА&quot;, corrAccount=30101810250040000883, address=УЛ ОКТЯБРЬСКАЯ, 49, city=Г. НОВОСИБИРСК, phones=(383)2278193, country=4e127564-d74f-4dd9-bced-0327f0f4e061, countryCode=643, activityDiscontinued=false}, {guid=a38a1a9c-d82b-11e8-80bb-08002789bf51, archive=false, dateOutputArchive=0001-01-01T00:00:00Z, thisGroup=false, parent=78ddac07-ca67-11e5-826c-605718cb5baa, bic=045004876, swift=, name=НОВОСИБИРСКИЙ ФИЛИАЛ ПАО &quot;МТС-БАНК&quot;, corrAccount=30101810050040000876, address=УЛ. НИЖЕГОРОДСКАЯ, 4, city=Г. НОВОСИБИРСК, phones=(383)3251781, country=4e127564-d74f-4dd9-bced-0327f0f4e061, countryCode=643, activityDiscontinued=false}, {guid=a38a1a9d-d82b-11e8-80bb-08002789bf51, archive=false, dateOutputArchive=0001-01-01T00:00:00Z, thisGroup=false, parent=78ddac07-ca67-11e5-826c-605718cb5baa, bic=045004861, swift=, name=ФИЛИАЛ ООО &quot;ЭКСПОБАНК&quot; В Г.НОВОСИБИРСКЕ, corrAccount=30101810450040000861, address=КРАСНЫЙ ПР-Т, 25, city=Г. НОВОСИБИРСК, phones=(383)2105207, country=4e127564-d74f-4dd9-bced-0327f0f4e061, countryCode=643, activityDiscontinued=false}, {guid=a38a1a9e-d82b-11e8-80bb-08002789bf51, archive=false, dateOutputArchive=0001-01-01T00:00:00Z, thisGroup=false, parent=78ddac07-ca67-11e5-826c-605718cb5baa, bic=045004864, swift=, name=СИБИРСКИЙ ФИЛИАЛ АО КБ &quot;МОДУЛЬБАНК&quot;, corrAccount=30101810350040000864, address=УЛ ПЛАНЕТНАЯ, 30, city=Г. НОВОСИБИРСК, phones=(383)3250606,3251575, country=4e127564-d74f-4dd9-bced-0327f0f4e061, countryCode=643, activityDiscontinued=false}, {guid=a38a1a9f-d82b-11e8-80bb-08002789bf51, archive=false, dateOutputArchive=0001-01-01T00:00:00Z, thisGroup=false, parent=78ddabf2-ca67-11e5-826c-605718cb5baa, bic=043601875, swift=, name=САМАРСКИЙ ФИЛИАЛ ТКБ БАНК ПАО, corrAccount=30101810722023601875, address=УЛ СТАРА ЗАГОРА, 52, city=Г. САМАРА, phones=(846)9338233,2280135, country=4e127564-d74f-4dd9-bced-0327f0f4e061, countryCode=643, activityDiscontinued=false}, {guid=a38a1aa0-d82b-11e8-80bb-08002789bf51, archive=false, dateOutputArchive=0001-01-01T00:00:00Z, thisGroup=false, parent=78ddabf2-ca67-11e5-826c-605718cb5baa, bic=043601845, swift=, name=САМАРСКИЙ ФИЛИАЛ БАНКА СОЮЗ (АО), corrAccount=30101810422023601845, address=УЛ КРАСНОАРМЕЙСКАЯ, 75, city=Г. САМАРА, phones=(846)2311251,2311259, country=4e127564-d74f-4dd9-bced-0327f0f4e061, countryCode=643, activityDiscontinued=false}, {guid=a38a1aa1-d82b-11e8-80bb-08002789bf51, archive=false, dateOutputArchive=0001-01-01T00:00:00Z, thisGroup=false, parent=78ddabf2-ca67-11e5-826c-605718cb5baa, bic=043601842, swift=, name=АО КБ &quot;НИБ&quot;, corrAccount=30101810522023601842, address=УЛ ФРУНЗЕ, 102, city=Г. САМАРА, phones=(846)3425750,3425751, country=4e127564-d74f-4dd9-bced-0327f0f4e061, countryCode=643, activityDiscontinued=false}, {guid=a38a1aa2-d82b-11e8-80bb-08002789bf51, archive=false, dateOutputArchive=0001-01-01T00:00:00Z, thisGroup=false, parent=78ddac2f-ca67-11e5-826c-605718cb5baa, bic=040813708, swift=, name=ХАБАРОВСКИЙ ФИЛИАЛ ТКБ БАНК ПАО, corrAccount=30101810108130000708, address=УЛ КОМСОМОЛЬСКАЯ, 102, city=Г. ХАБАРОВСК, phones=(4212)910702, country=4e127564-d74f-4dd9-bced-0327f0f4e061, countryCode=643, activityDiscontinued=false}, {guid=78ddac1c-ca67-11e5-826c-605718cb5baa, archive=false, dateOutputArchive=0001-01-01T00:00:00Z, thisGroup=false, parent=78ddabe5-ca67-11e5-826c-605718cb5baa, bic=044525150, swift=, name=ФИЛИАЛ &quot;МОСКОВСКИЙ&quot; АО &quot;ФИА-БАНК&quot;, corrAccount=30101810545250000150, address=, city=Г. МОСКВА, phones=, country=00000000-0000-0000-0000-000000000000, countryCode=, activityDiscontinued=true}, {guid=a38a1aa3-d82b-11e8-80bb-08002789bf51, archive=false, dateOutputArchive=0001-01-01T00:00:00Z, thisGroup=false, parent=78ddac2f-ca67-11e5-826c-605718cb5baa, bic=040813713, swift=VTBRRUM2KH3, name=ФИЛИАЛ № 2754 БАНКА ВТБ (ПАО), corrAccount=30101810708130000713, address=УЛ МУРАВЬЁВА-АМУРСКОГО, 18, city=Г. ХАБАРОВСК, phones=(4212)455455, country=4e127564-d74f-4dd9-bced-0327f0f4e061, countryCode=643, activityDiscontinued=false}, {guid=a38a1aa4-d82b-11e8-80bb-08002789bf51, archive=false, dateOutputArchive=0001-01-01T00:00:00Z, thisGroup=false, parent=78ddac09-ca67-11e5-826c-605718cb5baa, bic=046577501, swift=VTBRRUM2EK3, name=ФИЛИАЛ № 6602 БАНКА ВТБ (ПАО), corrAccount=30101810165770000501, address=ПР-Т ЛЕНИНА, 27, city=Г. ЕКАТЕРИНБУРГ, phones=(343)3862400, country=4e127564-d74f-4dd9-bced-0327f0f4e061, countryCode=643, activityDiscontinued=false}, {guid=a38a1aa5-d82b-11e8-80bb-08002789bf51, archive=false, dateOutputArchive=0001-01-01T00:00:00Z, thisGroup=false, parent=78ddac09-ca67-11e5-826c-605718cb5baa, bic=046577507, swift=, name=ЕКАТЕРИНБУРГСКИЙ ФИЛИАЛ АБ &quot;РОССИЯ&quot;, corrAccount=30101810965770000507, address=УЛ МАМИНА-СИБИРЯКА, 145, city=Г. ЕКАТЕРИНБУРГ, phones=(343)2863760, country=4e127564-d74f-4dd9-bced-0327f0f4e061, countryCode=643, activityDiscontinued=false}, {guid=a38a1aa6-d82b-11e8-80bb-08002789bf51, archive=false, dateOutputArchive=0001-01-01T00:00:00Z, thisGroup=false, parent=78ddabf2-ca67-11e5-826c-605718cb5baa, bic=043601811, swift=, name=ООО &quot;ЗЕМСКИЙ БАНК&quot;, corrAccount=30101810922023601811, address=УЛ УЛЬЯНОВСКАЯ, 79, city=Г. СЫЗРАНЬ, phones=(8464)985454, country=4e127564-d74f-4dd9-bced-0327f0f4e061, countryCode=643, activityDiscontinued=false}, {guid=a38a1aa7-d82b-11e8-80bb-08002789bf51, archive=false, dateOutputArchive=0001-01-01T00:00:00Z, thisGroup=false, parent=78ddabfd-ca67-11e5-826c-605718cb5baa, bic=046311890, swift=, name=АО &quot;БАЛАКОВО-БАНК&quot;, corrAccount=30101810022026311890, address=УЛ ФАКЕЛ СОЦИАЛИЗМА, 21, city=Г. БАЛАКОВО, phones=(8453)444166,447007, country=4e127564-d74f-4dd9-bced-0327f0f4e061, countryCode=643, activityDiscontinued=false}, {guid=a38a1aa8-d82b-11e8-80bb-08002789bf51, archive=false, dateOutputArchive=0001-01-01T00:00:00Z, thisGroup=false, parent=78ddabe5-ca67-11e5-826c-605718cb5baa, bic=044525641, swift=, name=ФИЛИАЛ 1 ООО КБ &quot;ЦЕНТРАЛЬНО-ЕВРОПЕЙСКИЙ БАНК&quot;, corrAccount=30101810245250000641, address=ПРОЕКТ-Й 4062Й ПР-Д, 6, СТР 16, city=Г. МОСКВА, phones=(495)6625665, country=4e127564-d74f-4dd9-bced-0327f0f4e061, countryCode=643, activityDiscontinued=false}, {guid=a38a1aa9-d82b-11e8-80bb-08002789bf51, archive=false, dateOutputArchive=0001-01-01T00:00:00Z, thisGroup=false, parent=78ddac17-ca67-11e5-826c-605718cb5baa, bic=046015946, swift=, name=ПАО &quot;ТАГАНРОГБАНК&quot;, corrAccount=30101810960150000946, address=УЛ. ГРЕЧЕСКАЯ, 71 ТЕЛ.(8634)31, city=Г. ТАГАНРОГ, phones=, country=4e127564-d74f-4dd9-bced-0327f0f4e061, countryCode=643, activityDiscontinued=false}, {guid=a38a1aaa-d82b-11e8-80bb-08002789bf51, archive=false, dateOutputArchive=0001-01-01T00:00:00Z, thisGroup=false, parent=78ddabe5-ca67-11e5-826c-605718cb5baa, bic=044525646, swift=, name=НКО НКЦ (АО), corrAccount=30103810345250000646, address=Б. КИСЛОВСКИЙ ПЕР, 13, city=Г. МОСКВА, phones=(495)7829794, country=4e127564-d74f-4dd9-bced-0327f0f4e061, countryCode=643, activityDiscontinued=false}, {guid=a38a1aab-d82b-11e8-80bb-08002789bf51, archive=false, dateOutputArchive=0001-01-01T00:00:00Z, thisGroup=false, parent=78ddac07-ca67-11e5-826c-605718cb5baa, bic=045004841, swift=, name=НОВОСИБИРСКИЙ ФИЛИАЛ ТКБ БАНК ПАО, corrAccount=30101810250040000841, address=УЛ КОММУНИСТИЧЕСКАЯ, 35, city=Г. НОВОСИБИРСК, phones=(383)3252500,3252660, country=4e127564-d74f-4dd9-bced-0327f0f4e061, countryCode=643, activityDiscontinued=false}, {guid=a38a1aac-d82b-11e8-80bb-08002789bf51, archive=false, dateOutputArchive=0001-01-01T00:00:00Z, thisGroup=false, parent=78ddac07-ca67-11e5-826c-605718cb5baa, bic=045004846, swift=, name=Ф-Л &quot;НОВОСИБИРСК&quot; АКБ &quot;РОСЕВРОБАНК&quot; (АО), corrAccount=30101810750040000846, address=УЛ ФРУНЗЕ, 5, city=Г. НОВОСИБИРСК, phones=(383)2020750, country=4e127564-d74f-4dd9-bced-0327f0f4e061, countryCode=643, activityDiscontinued=false}, {guid=a38a1aad-d82b-11e8-80bb-08002789bf51, archive=false, dateOutputArchive=0001-01-01T00:00:00Z, thisGroup=false, parent=78ddac07-ca67-11e5-826c-605718cb5baa, bic=045004845, swift=, name=ФИЛИАЛ &quot;НОВОСИБИРСКИЙ&quot; ПАО КБ &quot;УБРИР&quot;, corrAccount=30101810450040000845, address=УЛ ВОКЗАЛЬНАЯ МАГИСТРАЛЬ, 1, city=Г. НОВОСИБИРСК, phones=(383)2201141,2201181, country=4e127564-d74f-4dd9-bced-0327f0f4e061, countryCode=643, activityDiscontinued=false}, {guid=a38a1aae-d82b-11e8-80bb-08002789bf51, archive=false, dateOutputArchive=0001-01-01T00:00:00Z, thisGroup=false, parent=78ddac07-ca67-11e5-826c-605718cb5baa, bic=045004833, swift=, name=НОВОСИБИРСКИЙ ФИЛИАЛ ООО &quot;БАНК БКФ&quot;, corrAccount=30101810750040000833, address=ПР-Т ДИМИТРОВА, 4/1, city=Г. НОВОСИБИРСК, phones=(383)3191118,3191116, country=4e127564-d74f-4dd9-bced-0327f0f4e061, countryCode=643, activityDiscontinued=false}, {guid=aaaf21b4-d82b-11e8-80bb-08002789bf51, archive=false, dateOutputArchive=0001-01-01T00:00:00Z, thisGroup=false, parent=78ddac07-ca67-11e5-826c-605718cb5baa, bic=045004818, swift=, name=НОВОСИБИРСКИЙ ФИЛИАЛ АО ЮНИКРЕДИТ БАНКА, corrAccount=30101810050040000818, address=УЛ МАКСИМА ГОРЬКОГО, 53, city=Г. НОВОСИБИРСК, phones=(383)2300163, country=4e127564-d74f-4dd9-bced-0327f0f4e061, countryCode=643, activityDiscontinued=false}, {guid=aaaf21b5-d82b-11e8-80bb-08002789bf51, archive=false, dateOutputArchive=0001-01-01T00:00:00Z, thisGroup=false, parent=78ddabeb-ca67-11e5-826c-605718cb5baa, bic=040715725, swift=, name=ООО &quot;РУСБС&quot;, corrAccount=30101810107150000725, address=УЛ ГАГАРИНА, 148, city=СТ-ЦА ЕССЕНТУКСКАЯ, phones=(87961)51171,24177,50987, country=4e127564-d74f-4dd9-bced-0327f0f4e061, countryCode=643, activityDiscontinued=false}, {guid=aaaf21b6-d82b-11e8-80bb-08002789bf51, archive=false, dateOutputArchive=0001-01-01T00:00:00Z, thisGroup=false, parent=78ddac0f-ca67-11e5-826c-605718cb5baa, bic=040349789, swift=, name=ООО КБ &quot;ГТ БАНК&quot;, corrAccount=30101810303490000789, address=УЛ СЕВЕРНАЯ, 321, city=Г. КРАСНОДАР, phones=(861)2790305,2791744, country=4e127564-d74f-4dd9-bced-0327f0f4e061, countryCode=643, activityDiscontinued=false}, {guid=aaaf21b7-d82b-11e8-80bb-08002789bf51, archive=false, dateOutputArchive=0001-01-01T00:00:00Z, thisGroup=false, parent=78ddac00-ca67-11e5-826c-605718cb5baa, bic=048209848, swift=, name=КУ ООО КБ &quot;ПРЕСТИЖКРЕДИТБАНК&quot; ГК &quot;АСВ&quot;, corrAccount=30101810282090000848, address=УЛ КАММАЕВА, 19, К &quot;Ж&quot;, city=Г. МАХАЧКАЛА, phones=(8722)561920,561921, country=4e127564-d74f-4dd9-bced-0327f0f4e061, countryCode=643, activityDiscontinued=false}, {guid=aaaf21b8-d82b-11e8-80bb-08002789bf51, archive=false, dateOutputArchive=0001-01-01T00:00:00Z, thisGroup=false, parent=78ddac98-ca67-11e5-826c-605718cb5baa, bic=041117785, swift=, name=Ф-л &quot;Космодром-Плесецк&quot; АО &quot;ФОНДСЕРВИСБАНК&quot;, corrAccount=30101810540300011785, address=УЛ. ПУШКИНА, Д. 3, city=Г. МИРНЫЙ, phones=, country=4e127564-d74f-4dd9-bced-0327f0f4e061, countryCode=643, activityDiscontinued=false}, {guid=aaaf21b9-d82b-11e8-80bb-08002789bf51, archive=false, dateOutputArchive=0001-01-01T00:00:00Z, thisGroup=false, parent=78ddac34-ca67-11e5-826c-605718cb5baa, bic=046489002, swift=, name=ПУ БАНКА РОССИИ ОХОТСКОЕ, corrAccount=, address=УЛ ГНЕЧКО, 1, city=ПГТ ЮЖНО-КУРИЛЬСК, phones=, country=4e127564-d74f-4dd9-bced-0327f0f4e061, countryCode=643, activityDiscontinued=false}, {guid=78ddac57-ca67-11e5-826c-605718cb5baa, archive=, dateOutputArchive=, thisGroup=true, parent=00000000-0000-0000-0000-000000000000, bic=27       , swift=, name=КАЛИНИНГРАДСКАЯ ОБЛАСТЬ, corrAccount=, address=, city=, phones=, country=, countryCode=, activityDiscontinued=}, {guid=aaaf21ba-d82b-11e8-80bb-08002789bf51, archive=false, dateOutputArchive=0001-01-01T00:00:00Z, thisGroup=false, parent=78ddabfd-ca67-11e5-826c-605718cb5baa, bic=046311926, swift=, name=АО РНКО &quot;СИНЕРГИЯ&quot;, corrAccount=30103810622026311926, address=Г. САРАТОВ, УЛ. РАБОЧАЯ, 27, city=Г. САРАТОВ, phones=, country=4e127564-d74f-4dd9-bced-0327f0f4e061, countryCode=643, activityDiscontinued=false}, {guid=aaaf21bb-d82b-11e8-80bb-08002789bf51, archive=false, dateOutputArchive=0001-01-01T00:00:00Z, thisGroup=false, parent=78ddac0f-ca67-11e5-826c-605718cb5baa, bic=040349744, swift=, name=КРАСНОДАРСКИЙ ФИЛИАЛ ПАО РОСБАНК, corrAccount=30101810403490000744, address=УЛ ОЛИМПИЙСКАЯ, 8, city=Г. КРАСНОДАР, phones=(861)2739730,2739731, country=4e127564-d74f-4dd9-bced-0327f0f4e061, countryCode=643, activityDiscontinued=false}, {guid=aaaf21bc-d82b-11e8-80bb-08002789bf51, archive=false, dateOutputArchive=0001-01-01T00:00:00Z, thisGroup=false, parent=78ddac07-ca67-11e5-826c-605718cb5baa, bic=045004796, swift=, name=ФИЛИАЛ &quot;НОВОСИБИРСК&quot; КБ &quot;ЛОКО-БАНК&quot; (АО), corrAccount=30101810350040000796, address=УЛ ЛЕНИНА, 52, city=Г. НОВОСИБИРСК, phones=(383)2380740,2380750, country=4e127564-d74f-4dd9-bced-0327f0f4e061, countryCode=643, activityDiscontinued=false}, {guid=aaaf21bd-d82b-11e8-80bb-08002789bf51, archive=false, dateOutputArchive=0001-01-01T00:00:00Z, thisGroup=false, parent=78ddac17-ca67-11e5-826c-605718cb5baa, bic=046015080, swift=, name=РОСТОВСКИЙ ФИЛИАЛ ПАО &quot;РГС БАНК&quot;, corrAccount=30101810460150000080, address=УЛ ГОРОДА ВОЛОС, 11/81-83/34, city=Г. РОСТОВ-НА-ДОНУ, phones=(863)2370660, country=4e127564-d74f-4dd9-bced-0327f0f4e061, countryCode=643, activityDiscontinued=false}, {guid=aaaf21be-d82b-11e8-80bb-08002789bf51, archive=false, dateOutputArchive=0001-01-01T00:00:00Z, thisGroup=false, parent=78ddac07-ca67-11e5-826c-605718cb5baa, bic=045004785, swift=, name=НОВОСИБИРСКИЙ Ф-Л ПАО АКБ &quot;МЕТАЛЛИНВЕСТБАНК&quot;, corrAccount=30101810950040000785, address=УЛ СОВЕТСКАЯ, 8, city=Г. НОВОСИБИРСК, phones=(383)2091447,2091446, country=4e127564-d74f-4dd9-bced-0327f0f4e061, countryCode=643, activityDiscontinued=false}, {guid=aaaf21bf-d82b-11e8-80bb-08002789bf51, archive=false, dateOutputArchive=0001-01-01T00:00:00Z, thisGroup=false, parent=78ddac17-ca67-11e5-826c-605718cb5baa, bic=046015081, swift=, name=РОСТОВСКИЙ ФИЛИАЛ АО ЮНИКРЕДИТ БАНКА, corrAccount=30101810760150000081, address=УЛ СОЦИАЛИСТИЧЕСКАЯ, 58/51, city=Г. РОСТОВ-НА-ДОНУ, phones=(863)2630900,2630906, country=4e127564-d74f-4dd9-bced-0327f0f4e061, countryCode=643, activityDiscontinued=false}, {guid=aaaf21c0-d82b-11e8-80bb-08002789bf51, archive=false, dateOutputArchive=0001-01-01T00:00:00Z, thisGroup=false, parent=78ddac07-ca67-11e5-826c-605718cb5baa, bic=045004789, swift=, name=ФИЛИАЛ БАНКА МБСП (АО) В НОВОСИБИРСКЕ, corrAccount=30101810150040000789, address=ПР-Т ДИМИТРОВА, 12, city=Г. НОВОСИБИРСК, phones=(383)3734340,3734341, country=4e127564-d74f-4dd9-bced-0327f0f4e061, countryCode=643, activityDiscontinued=false}, {guid=aaaf21c1-d82b-11e8-80bb-08002789bf51, archive=false, dateOutputArchive=0001-01-01T00:00:00Z, thisGroup=false, parent=78ddac17-ca67-11e5-826c-605718cb5baa, bic=046015088, swift=SJSCRUMMRND, name=ФИЛИАЛ &quot;СДМ-БАНК&quot; (ПАО) В Г. РОСТОВ-НА-ДОНУ, corrAccount=30101810860150000088, address=УЛ КАТАЕВА, 293, city=Г. РОСТОВ-НА-ДОНУ, phones=(863)2197712,2197714, country=4e127564-d74f-4dd9-bced-0327f0f4e061, countryCode=643, activityDiscontinued=false}, {guid=aaaf21c2-d82b-11e8-80bb-08002789bf51, archive=false, dateOutputArchive=0001-01-01T00:00:00Z, thisGroup=false, parent=78ddac07-ca67-11e5-826c-605718cb5baa, bic=045004778, swift=, name=ФИЛИАЛ БАНКА &quot;ВБРР&quot; (АО) В Г.НОВОСИБИРСКЕ, corrAccount=30101810750040000778, address=УЛ СИБРЕВКОМА, 2, city=Г. НОВОСИБИРСК, phones=(383)2302201, country=4e127564-d74f-4dd9-bced-0327f0f4e061, countryCode=643, activityDiscontinued=false}, {guid=aaaf21c3-d82b-11e8-80bb-08002789bf51, archive=false, dateOutputArchive=0001-01-01T00:00:00Z, thisGroup=false, parent=78ddac0f-ca67-11e5-826c-605718cb5baa, bic=040349758, swift=VTBRRUM2KD3, name=ФИЛИАЛ № 2351 БАНКА ВТБ (ПАО), corrAccount=30101810703490000758, address=УЛ ИМ. ГОГОЛЯ, 68, city=Г. КРАСНОДАР, phones=(861)2126424,2125627, country=4e127564-d74f-4dd9-bced-0327f0f4e061, countryCode=643, activityDiscontinued=false}, {guid=aaaf21c4-d82b-11e8-80bb-08002789bf51, archive=false, dateOutputArchive=0001-01-01T00:00:00Z, thisGroup=false, parent=78ddac17-ca67-11e5-826c-605718cb5baa, bic=046015094, swift=, name=НОВОЧЕРКАССКИЙ ФИЛИАЛ АО &quot;ФОНДСЕРВИСБАНК&quot;, corrAccount=30101810760150000094, address=ПЛАТОВСКИЙ ПР-Т, 59 Б, city=Г. НОВОЧЕРКАССК, phones=(8635)240550, country=4e127564-d74f-4dd9-bced-0327f0f4e061, countryCode=643, activityDiscontinued=false}, {guid=aaaf21c5-d82b-11e8-80bb-08002789bf51, archive=false, dateOutputArchive=0001-01-01T00:00:00Z, thisGroup=false, parent=78ddac17-ca67-11e5-826c-605718cb5baa, bic=046015068, swift=, name=ДОНСКОЙ ФИЛИАЛ АО КБ &quot;СИТИБАНК&quot;, corrAccount=30101810660150000068, address=УЛ Б. САДОВАЯ, 124, city=Г. РОСТОВ-НА-ДОНУ, phones=(863)2040043,2040002, country=4e127564-d74f-4dd9-bced-0327f0f4e061, countryCode=643, activityDiscontinued=false}, {guid=aaaf21c6-d82b-11e8-80bb-08002789bf51, archive=false, dateOutputArchive=0001-01-01T00:00:00Z, thisGroup=false, parent=78ddac07-ca67-11e5-826c-605718cb5baa, bic=045004763, swift=, name=ФИЛИАЛ &quot;ЦЕНТРАЛЬНЫЙ&quot; ПАО &quot;СОВКОМБАНК&quot;, corrAccount=30101810150040000763, address=УЛ ПОПОВА, 11, city=Г. БЕРДСК, phones=(383)3340606, country=4e127564-d74f-4dd9-bced-0327f0f4e061, countryCode=643, activityDiscontinued=false}, {guid=aaaf21c7-d82b-11e8-80bb-08002789bf51, archive=false, dateOutputArchive=0001-01-01T00:00:00Z, thisGroup=false, parent=78ddac17-ca67-11e5-826c-605718cb5baa, bic=046015066, swift=, name=Ф-Л АО АКБ &quot;НОВИКОМБАНК&quot; В Г.РОСТОВЕ-НА-ДОНУ, corrAccount=30101810060150000066, address=УЛ КРАСНОАРМЕЙСКАЯ, 170/84, city=Г. РОСТОВ-НА-ДОНУ, phones=(863)2017777, country=4e127564-d74f-4dd9-bced-0327f0f4e061, countryCode=643, activityDiscontinued=false}, {guid=78ddabe0-ca67-11e5-826c-605718cb5baa, archive=false, dateOutputArchive=0001-01-01T00:00:00Z, thisGroup=false, parent=78ddabdf-ca67-11e5-826c-605718cb5baa, bic=049246920, swift=, name=НИЖНЕКАМСКИЙ ФАБ &quot;ДЕВОН-КРЕДИТ&quot; (ПАО), corrAccount=30101810700000000920, address=, city=Г. НИЖНЕКАМСК, phones=, country=00000000-0000-0000-0000-000000000000, countryCode=, activityDiscontinued=true}, {guid=aaaf21c8-d82b-11e8-80bb-08002789bf51, archive=false, dateOutputArchive=0001-01-01T00:00:00Z, thisGroup=false, parent=78ddac17-ca67-11e5-826c-605718cb5baa, bic=046015064, swift=, name=ЮЖНЫЙ ФИЛИАЛ АО &quot;БАНК ИНТЕЗА&quot;, corrAccount=30101810460150000064, address=ВОРОШИЛОВСКИЙ ПР-Т, 48, city=Г. РОСТОВ-НА-ДОНУ, phones=(863)2318377,2318388, country=4e127564-d74f-4dd9-bced-0327f0f4e061, countryCode=643, activityDiscontinued=false}, {guid=aaaf21c9-d82b-11e8-80bb-08002789bf51, archive=false, dateOutputArchive=0001-01-01T00:00:00Z, thisGroup=false, parent=78ddac17-ca67-11e5-826c-605718cb5baa, bic=046015065, swift=JSNMRUMMRND, name=РОСТОВСКИЙ ФИЛИАЛ ПАО БАНКА &quot;ФК ОТКРЫТИЕ&quot;, corrAccount=30101810760150000065, address=УЛ ТЕКУЧЕВА, 234, city=Г. РОСТОВ-НА-ДОНУ, phones=(863)2009099, country=4e127564-d74f-4dd9-bced-0327f0f4e061, countryCode=643, activityDiscontinued=true}, {guid=aaaf21ca-d82b-11e8-80bb-08002789bf51, archive=false, dateOutputArchive=0001-01-01T00:00:00Z, thisGroup=false, parent=78ddac17-ca67-11e5-826c-605718cb5baa, bic=046015060, swift=, name=ФИЛИАЛ АО &quot;ГЕНБАНК&quot; В Г.РОСТОВ-НА-ДОНУ, corrAccount=30101810260150000060, address=УЛ ПУШКИНСКАЯ, 94, city=Г. РОСТОВ-НА-ДОНУ, phones=(863)2999333, country=4e127564-d74f-4dd9-bced-0327f0f4e061, countryCode=643, activityDiscontinued=false}, {guid=aaaf21cb-d82b-11e8-80bb-08002789bf51, archive=false, dateOutputArchive=0001-01-01T00:00:00Z, thisGroup=false, parent=78ddac17-ca67-11e5-826c-605718cb5baa, bic=046015061, swift=, name=ФИЛИАЛ ЮЖНЫЙ ПАО БАНКА &quot;ФК ОТКРЫТИЕ&quot;, corrAccount=30101810560150000061, address=УЛ ГОРОДА ВОЛОС, 112/130, city=Г. РОСТОВ-НА-ДОНУ, phones=(863)2688901, country=4e127564-d74f-4dd9-bced-0327f0f4e061, countryCode=643, activityDiscontinued=false}]
" type="java.lang.AssertionError">
      <![CDATA[java.lang.AssertionError: 1 expectation failed.
Response body doesn't match expectation.
Expected: The content to match the given JSON schema.
error: instance type (string) does not match any allowed primitive type (allowed: ["boolean"])
    level: "error"
    schema: {"loadingURI":"file:/C:/Users/Sasha/Api/target/test-classes/getBankList.json#","pointer":"/items/properties/activityDiscontinued"}
    instance: {"pointer":"/13/activityDiscontinued"}
    domain: "validation"
    keyword: "type"
    found: "string"
    expected: ["boolean"]
error: string "" is too short (length: 0, required minimum: 1)
    level: "error"
    schema: {"loadingURI":"file:/C:/Users/Sasha/Api/target/test-classes/getBankList.json#","pointer":"/items/properties/address"}
    instance: {"pointer":"/13/address"}
    domain: "validation"
    keyword: "minLength"
    value: ""
    found: 0
    minLength: 1
error: instance type (string) does not match any allowed primitive type (allowed: ["boolean"])
    level: "error"
    schema: {"loadingURI":"file:/C:/Users/Sasha/Api/target/test-classes/getBankList.json#","pointer":"/items/properties/archive"}
    instance: {"pointer":"/13/archive"}
    domain: "validation"
    keyword: "type"
    found: "string"
    expected: ["boolean"]
error: string "" is too short (length: 0, required minimum: 1)
    level: "error"
    schema: {"loadingURI":"file:/C:/Users/Sasha/Api/target/test-classes/getBankList.json#","pointer":"/items/properties/city"}
    instance: {"pointer":"/13/city"}
    domain: "validation"
    keyword: "minLength"
    value: ""
    found: 0
    minLength: 1
error: string "" is too short (length: 0, required minimum: 20)
    level: "error"
    schema: {"loadingURI":"file:/C:/Users/Sasha/Api/target/test-classes/getBankList.json#","pointer":"/items/properties/corrAccount"}
    instance: {"pointer":"/13/corrAccount"}
    domain: "validation"
    keyword: "minLength"
    value: ""
    found: 0
    minLength: 20
error: string "" is too short (length: 0, required minimum: 36)
    level: "error"
    schema: {"loadingURI":"file:/C:/Users/Sasha/Api/target/test-classes/getBankList.json#","pointer":"/items/properties/country"}
    instance: {"pointer":"/13/country"}
    domain: "validation"
    keyword: "minLength"
    value: ""
    found: 0
    minLength: 36
error: string "" is too short (length: 0, required minimum: 3)
    level: "error"
    schema: {"loadingURI":"file:/C:/Users/Sasha/Api/target/test-classes/getBankList.json#","pointer":"/items/properties/countryCode"}
    instance: {"pointer":"/13/countryCode"}
    domain: "validation"
    keyword: "minLength"
    value: ""
    found: 0
    minLength: 3
error: string "" is too short (length: 0, required minimum: 10)
    level: "error"
    schema: {"loadingURI":"file:/C:/Users/Sasha/Api/target/test-classes/getBankList.json#","pointer":"/items/properties/dateOutputArchive"}
    instance: {"pointer":"/13/dateOutputArchive"}
    domain: "validation"
    keyword: "minLength"
    value: ""
    found: 0
    minLength: 10

  Actual: [{guid=979300ab-d82b-11e8-80bb-08002789bf51, archive=false, dateOutputArchive=0001-01-01T00:00:00Z, thisGroup=false, parent=78ddabf2-ca67-11e5-826c-605718cb5baa, bic=043601707, swift=, name=ФИЛИАЛ "САМАРСКИЙ" АО "ОТП БАНК", corrAccount=30101810722023601707, address=УЛ АВРОРЫ, 150, city=Г. САМАРА, phones=(846)3425312,3425313, country=4e127564-d74f-4dd9-bced-0327f0f4e061, countryCode=643, activityDiscontinued=false}, {guid=979300ac-d82b-11e8-80bb-08002789bf51, archive=false, dateOutputArchive=0001-01-01T00:00:00Z, thisGroup=false, parent=78ddabe1-ca67-11e5-826c-605718cb5baa, bic=044030792, swift=, name=ФИЛИАЛ "СЕВЕРО-ЗАПАДНЫЙ" "УМ-БАНК" ООО, corrAccount=30101810640300000792, address=КАМЕННООСТРОВСКИЙ ПР-Т, 61 ПОМ, city=Г. САНКТ-ПЕТЕРБУРГ, phones=(812)4560720, country=4e127564-d74f-4dd9-bced-0327f0f4e061, countryCode=643, activityDiscontinued=false}, {guid=979300ad-d82b-11e8-80bb-08002789bf51, archive=false, dateOutputArchive=0001-01-01T00:00:00Z, thisGroup=false, parent=78ddac07-ca67-11e5-826c-605718cb5baa, bic=045004711, swift=, name=Куйбышевский филиал АКБ "Ланта-Банк" (АО), corrAccount=30101810750045004711, address=КВАРТАЛ 1, ДОМ 29 "ВСТАВКА", city=Г. КУЙБЫШЕВ, phones=, country=4e127564-d74f-4dd9-bced-0327f0f4e061, countryCode=643, activityDiscontinued=false}, {guid=979300ae-d82b-11e8-80bb-08002789bf51, archive=false, dateOutputArchive=0001-01-01T00:00:00Z, thisGroup=false, parent=78ddac07-ca67-11e5-826c-605718cb5baa, bic=045004719, swift=, name=ФИЛИАЛ № 5440 БАНКА ВТБ (ПАО), corrAccount=30101810450040000719, address=УЛ ФРУНЗЕ, 232, 234, 234/1, city=Г. НОВОСИБИРСК, phones=(383)2492424,2492425, country=4e127564-d74f-4dd9-bced-0327f0f4e061, countryCode=643, activityDiscontinued=false}, {guid=979300af-d82b-11e8-80bb-08002789bf51, archive=false, dateOutputArchive=0001-01-01T00:00:00Z, thisGroup=false, parent=78ddac07-ca67-11e5-826c-605718cb5baa, bic=045004701, swift=, name=НОВОСИБИРСКИЙ ФИЛИАЛ АБ "РОССИЯ", corrAccount=30101810950040000701, address=УЛ СЕМЬИ ШАМШИНЫХ, 26, 26/1, city=Г. НОВОСИБИРСК, phones=(383)3670691,3670692, country=4e127564-d74f-4dd9-bced-0327f0f4e061, countryCode=643, activityDiscontinued=false}, {guid=979300b0-d82b-11e8-80bb-08002789bf51, archive=false, dateOutputArchive=0001-01-01T00:00:00Z, thisGroup=false, parent=78ddac09-ca67-11e5-826c-605718cb5baa, bic=046577459, swift=, name=ФИЛИАЛ "УРАЛЬСКИЙ" "УМ-БАНК" ООО, corrAccount=30101810165770000459, address=УЛ БЕЛИНСКОГО, 86, city=Г. ЕКАТЕРИНБУРГ, phones=(343)2871010,3452644, country=4e127564-d74f-4dd9-bced-0327f0f4e061, countryCode=643, activityDiscontinued=false}, {guid=979300b1-d82b-11e8-80bb-08002789bf51, archive=false, dateOutputArchive=0001-01-01T00:00:00Z, thisGroup=false, parent=78ddabe5-ca67-11e5-826c-605718cb5baa, bic=044525745, swift=VTBRRUM2MS3, name=ФИЛИАЛ № 7701 БАНКА ВТБ (ПАО), corrAccount=30101810345250000745, address=УЛ КУЗНЕЦКИЙ МОСТ, 17, СТР 1, city=Г. МОСКВА, phones=(495)9258000, country=4e127564-d74f-4dd9-bced-0327f0f4e061, countryCode=643, activityDiscontinued=false}, {guid=979300b2-d82b-11e8-80bb-08002789bf51, archive=false, dateOutputArchive=0001-01-01T00:00:00Z, thisGroup=false, parent=78ddabe9-ca67-11e5-826c-605718cb5baa, bic=042520842, swift=, name="Братский АНКБ" ПАО, corrAccount=30101810850042520842, address=УЛ. КОМСОМОЛЬСКАЯ, Д. 43, city=Г. БРАТСК, phones=, country=4e127564-d74f-4dd9-bced-0327f0f4e061, countryCode=643, activityDiscontinued=false}, {guid=979300b3-d82b-11e8-80bb-08002789bf51, archive=false, dateOutputArchive=0001-01-01T00:00:00Z, thisGroup=false, parent=78ddabe9-ca67-11e5-826c-605718cb5baa, bic=042520811, swift=, name=АО "ГРИНКОМБАНК", corrAccount=30101810950040000811, address=УЛ ФРАНК-КАМЕНЕЦКОГО, 8, city=Г. ИРКУТСК, phones=(3952)255196,240197, country=4e127564-d74f-4dd9-bced-0327f0f4e061, countryCode=643, activityDiscontinued=false}, {guid=979300b4-d82b-11e8-80bb-08002789bf51, archive=false, dateOutputArchive=0001-01-01T00:00:00Z, thisGroup=false, parent=78ddac9c-ca67-11e5-826c-605718cb5baa, bic=040407523, swift=, name=АО АИКБ "ЕНИСЕЙСКИЙ ОБЪЕДИНЕННЫЙ БАНК", corrAccount=30101810650040000523, address=УЛ КАРЛА МАРКСА, 62, city=Г. КРАСНОЯРСК, phones=(391)2770000, country=4e127564-d74f-4dd9-bced-0327f0f4e061, countryCode=643, activityDiscontinued=false}, {guid=979300b5-d82b-11e8-80bb-08002789bf51, archive=false, dateOutputArchive=0001-01-01T00:00:00Z, thisGroup=false, parent=e8b01830-ca8b-11e5-826c-605718cb5baa, bic=041403725, swift=, name=ООО "Осколбанк", corrAccount=30101810745250000725, address=Г. СТАРЫЙ ОСКОЛ, М-Н ОЛИМПИЙСК, city=Г. СТАРЫЙ ОСКОЛ, phones=, country=4e127564-d74f-4dd9-bced-0327f0f4e061, countryCode=643, activityDiscontinued=false}, {guid=979300b6-d82b-11e8-80bb-08002789bf51, archive=false, dateOutputArchive=0001-01-01T00:00:00Z, thisGroup=false, parent=78ddabe1-ca67-11e5-826c-605718cb5baa, bic=044030707, swift=VTBRRUM2SP3, name=ФИЛИАЛ № 7806 БАНКА ВТБ (ПАО), corrAccount=30101810240300000707, address=УЛ Б. МОРСКАЯ, 29 ЛИТ А, city=Г. САНКТ-ПЕТЕРБУРГ, phones=(812)3241214, country=4e127564-d74f-4dd9-bced-0327f0f4e061, countryCode=643, activityDiscontinued=false}, {guid=979300b7-d82b-11e8-80bb-08002789bf51, archive=false, dateOutputArchive=0001-01-01T00:00:00Z, thisGroup=false, parent=78ddac09-ca67-11e5-826c-605718cb5baa, bic=046577916, swift=, name=ФИЛИАЛ "НОВОУРАЛЬСКИЙ" ПАО КБ "УБРИР", corrAccount=30101810365770000916, address=УЛ ДЗЕРЖИНСКОГО, 16, city=Г. НОВОУРАЛЬСК, phones=(34370)25591, country=4e127564-d74f-4dd9-bced-0327f0f4e061, countryCode=643, activityDiscontinued=false}, {guid=78ddabd9-ca67-11e5-826c-605718cb5baa, archive=, dateOutputArchive=, thisGroup=true, parent=00000000-0000-0000-0000-000000000000, bic=90       , swift=, name=РЕСПУБЛИКА СЕВЕРНАЯ ОСЕТИЯ-АЛАНИЯ, corrAccount=, address=, city=, phones=, country=, countryCode=, activityDiscontinued=}, {guid=979300b8-d82b-11e8-80bb-08002789bf51, archive=false, dateOutputArchive=0001-01-01T00:00:00Z, thisGroup=false, parent=78ddabdf-ca67-11e5-826c-605718cb5baa, bic=049246691, swift=, name=АБ "ДЕВОН-КРЕДИТ" (ПАО), corrAccount=30101810722029246691, address=УЛ ЛЕНИНА, 77, city=Г. АЛЬМЕТЬЕВСК, phones=(8553)456777, country=4e127564-d74f-4dd9-bced-0327f0f4e061, countryCode=643, activityDiscontinued=false}, {guid=979300b9-d82b-11e8-80bb-08002789bf51, archive=false, dateOutputArchive=0001-01-01T00:00:00Z, thisGroup=false, parent=78ddabe5-ca67-11e5-826c-605718cb5baa, bic=044525806, swift=, name=ФИЛИАЛ "МОСКОВСКИЙ" КБ "СПУТНИК" (ПАО), corrAccount=30101810145250000806, address=ЛЯЛИН ПЕР, 19-1, city=Г. МОСКВА, phones=(495)5891084, country=4e127564-d74f-4dd9-bced-0327f0f4e061, countryCode=643, activityDiscontinued=false}, {guid=979300ba-d82b-11e8-80bb-08002789bf51, archive=false, dateOutputArchive=0001-01-01T00:00:00Z, thisGroup=false, parent=78ddaccd-ca67-11e5-826c-605718cb5baa, bic=045209702, swift=, name=АО "ИТ Банк", corrAccount=30101810750045209702, address=УЛ. ДУМСКАЯ, 7, city=Г. ОМСК, phones=, country=4e127564-d74f-4dd9-bced-0327f0f4e061, countryCode=643, activityDiscontinued=false}, {guid=979300bb-d82b-11e8-80bb-08002789bf51, archive=false, dateOutputArchive=0001-01-01T00:00:00Z, thisGroup=false, parent=78ddaccd-ca67-11e5-826c-605718cb5baa, bic=045209701, swift=, name=АО "Эксперт Банк", corrAccount=30101810450045209701, address=УЛ. МАРШАЛА ЖУКОВА, ДОМ 107, city=Г. ОМСК, phones=, country=4e127564-d74f-4dd9-bced-0327f0f4e061, countryCode=643, activityDiscontinued=false}, {guid=979300bc-d82b-11e8-80bb-08002789bf51, archive=false, dateOutputArchive=0001-01-01T00:00:00Z, thisGroup=false, parent=78ddac09-ca67-11e5-826c-605718cb5baa, bic=046577743, swift=, name=ФИЛИАЛ "ДЕЛО" ПАО "СКБ-БАНК", corrAccount=30101810965770000743, address=УЛ КУЙБЫШЕВА, 58, city=Г. ЕКАТЕРИНБУРГ, phones=(343)3557000, country=4e127564-d74f-4dd9-bced-0327f0f4e061, countryCode=643, activityDiscontinued=false}, {guid=979300bd-d82b-11e8-80bb-08002789bf51, archive=false, dateOutputArchive=0001-01-01T00:00:00Z, thisGroup=false, parent=78ddaccd-ca67-11e5-826c-605718cb5baa, bic=045209703, swift=, name=КУ АО "Мираф-Банк" - ГК "АСВ", corrAccount=30101810050045209703, address=УЛ. ФРУНЗЕ, Д.54, city=Г. ОМСК, phones=, country=4e127564-d74f-4dd9-bced-0327f0f4e061, countryCode=643, activityDiscontinued=false}, {guid=9d8e68cb-d82b-11e8-80bb-08002789bf51, archive=false, dateOutputArchive=0001-01-01T00:00:00Z, thisGroup=false, parent=78ddac21-ca67-11e5-826c-605718cb5baa, bic=042202761, swift=, name=Ф. АКБ "ФОРА-БАНК" (АО) В Г. НИЖНИЙ НОВГОРОД, corrAccount=30101810822020000761, address=УЛ КОВАЛИХИНСКАЯ, 8, city=Г. НИЖНИЙ НОВГОРОД, phones=(831)2161801,2161802, country=4e127564-d74f-4dd9-bced-0327f0f4e061, countryCode=643, activityDiscontinued=false}, {guid=9d8e68cc-d82b-11e8-80bb-08002789bf51, archive=false, dateOutputArchive=0001-01-01T00:00:00Z, thisGroup=false, parent=78ddac67-ca67-11e5-826c-605718cb5baa, bic=045773804, swift=, name=ФИЛИАЛ "ЛЫСЬВА" АО АКБ "АЛЕФ-БАНК", corrAccount=30101810965775700804, address=ПОЖАРСКОГО, Д.8, city=Г. ЛЫСЬВА, phones=, country=4e127564-d74f-4dd9-bced-0327f0f4e061, countryCode=643, activityDiscontinued=false}, {guid=9d8e68cd-d82b-11e8-80bb-08002789bf51, archive=false, dateOutputArchive=0001-01-01T00:00:00Z, thisGroup=false, parent=78ddac21-ca67-11e5-826c-605718cb5baa, bic=042202717, swift=, name=ФИЛИАЛ №10 ПАО КБ "ЦЕНТР-ИНВЕСТ", corrAccount=30101810122020000717, address=УЛ КОМИНТЕРНА, 139, city=Г. НИЖНИЙ НОВГОРОД, phones=(831)4391708, country=4e127564-d74f-4dd9-bced-0327f0f4e061, countryCode=643, activityDiscontinued=false}, {guid=9d8e68ce-d82b-11e8-80bb-08002789bf51, archive=false, dateOutputArchive=0001-01-01T00:00:00Z, thisGroup=false, parent=78ddac21-ca67-11e5-826c-605718cb5baa, bic=042202716, swift=, name=НИЖЕГОРОДСКИЙ Ф БАНКА"ВОЗРОЖДЕНИЕ"(ПАО), corrAccount=30101810822020000716, address=УЛ БЕЛИНСКОГО, 106 А, city=Г. НИЖНИЙ НОВГОРОД, phones=(831)2787662,2783935, country=4e127564-d74f-4dd9-bced-0327f0f4e061, countryCode=643, activityDiscontinued=false}, {guid=9d8e68cf-d82b-11e8-80bb-08002789bf51, archive=false, dateOutputArchive=0001-01-01T00:00:00Z, thisGroup=false, parent=78ddac21-ca67-11e5-826c-605718cb5baa, bic=042202712, swift=, name=НИЖЕГОРОДСКИЙ ФИЛИАЛ АКБ "ЛАНТА-БАНК" (АО), corrAccount=30101810622020000712, address=МЕЩЕРСКИЙ Б-Р, 3, К 1, city=Г. НИЖНИЙ НОВГОРОД, phones=(831)2208322,2208320, country=4e127564-d74f-4dd9-bced-0327f0f4e061, countryCode=643, activityDiscontinued=false}, {guid=9d8e68d0-d82b-11e8-80bb-08002789bf51, archive=false, dateOutputArchive=0001-01-01T00:00:00Z, thisGroup=false, parent=78ddac17-ca67-11e5-826c-605718cb5baa, bic=046015707, swift=, name=ВОЛГОДОНСКИЙ ф Банка "Возрождение" (ПАО), corrAccount=30101810060150000707, address=БУЛ. ВЕЛИКОЙ ПОБЕДЫ, ДОМ №38А, city=Г. ВОЛГОДОНСК, phones=, country=4e127564-d74f-4dd9-bced-0327f0f4e061, countryCode=643, activityDiscontinued=false}, {guid=9d8e68d1-d82b-11e8-80bb-08002789bf51, archive=false, dateOutputArchive=0001-01-01T00:00:00Z, thisGroup=false, parent=78ddac21-ca67-11e5-826c-605718cb5baa, bic=042202718, swift=, name=ПАО "САРОВБИЗНЕСБАНК", corrAccount=30101810422020000718, address=УЛ СИЛКИНА, 13, city=Г. САРОВ, phones=(831)4307478,(83130)33640, country=4e127564-d74f-4dd9-bced-0327f0f4e061, countryCode=643, activityDiscontinued=false}, {guid=9d8e68d2-d82b-11e8-80bb-08002789bf51, archive=false, dateOutputArchive=0001-01-01T00:00:00Z, thisGroup=false, parent=78ddac21-ca67-11e5-826c-605718cb5baa, bic=042202727, swift=, name=ПАО КОМБАНК "ХИМИК", corrAccount=30101810222020000727, address=УЛ УРИЦКОГО, 10 Б, city=Г. ДЗЕРЖИНСК, phones=(8313)261608,251126, country=4e127564-d74f-4dd9-bced-0327f0f4e061, countryCode=643, activityDiscontinued=false}, {guid=9d8e68d3-d82b-11e8-80bb-08002789bf51, archive=false, dateOutputArchive=0001-01-01T00:00:00Z, thisGroup=false, parent=78ddabe5-ca67-11e5-826c-605718cb5baa, bic=044525420, swift=, name=Ф РОКЕТБАНК КИВИ БАНК (АО), corrAccount=30101810945250000420, address=УЛ ПАЛИХА, 10, СТР 5, city=Г. МОСКВА, phones=(495)2313645, country=4e127564-d74f-4dd9-bced-0327f0f4e061, countryCode=643, activityDiscontinued=false}, {guid=78ddabda-ca67-11e5-826c-605718cb5baa, archive=false, dateOutputArchive=0001-01-01T00:00:00Z, thisGroup=false, parent=78ddabd9-ca67-11e5-826c-605718cb5baa, bic=049033736, swift=, name=СКФ ПАО АКБ "ИРОНБАНК", corrAccount=30101810800000000736, address=, city=Г. ВЛАДИКАВКАЗ, phones=, country=00000000-0000-0000-0000-000000000000, countryCode=, activityDiscontinued=true}, {guid=9d8e68d4-d82b-11e8-80bb-08002789bf51, archive=false, dateOutputArchive=0001-01-01T00:00:00Z, thisGroup=false, parent=78ddac21-ca67-11e5-826c-605718cb5baa, bic=042202731, swift=, name=АО КОМБАНК "АРЗАМАС", corrAccount=30101810522020000731, address=УЛ КИРОВА, 33, city=Г. АРЗАМАС, phones=(83147)70224,70177, country=4e127564-d74f-4dd9-bced-0327f0f4e061, countryCode=643, activityDiscontinued=false}, {guid=9d8e68d5-d82b-11e8-80bb-08002789bf51, archive=false, dateOutputArchive=0001-01-01T00:00:00Z, thisGroup=false, parent=78ddabe5-ca67-11e5-826c-605718cb5baa, bic=044525864, swift=, name=МОСКОВСКИЙ ФИЛИАЛ АО АКБ "ГАЗБАНК", corrAccount=30101810145250000864, address=УЛ БРЯНСКАЯ, 5, city=Г. МОСКВА, phones=(495)3639438, country=4e127564-d74f-4dd9-bced-0327f0f4e061, countryCode=643, activityDiscontinued=true}, {guid=9d8e68d6-d82b-11e8-80bb-08002789bf51, archive=false, dateOutputArchive=0001-01-01T00:00:00Z, thisGroup=false, parent=78ddabe5-ca67-11e5-826c-605718cb5baa, bic=044525797, swift=, name=Ф ТОЧКА БАНК КИВИ БАНК (АО), corrAccount=30101810445250000797, address=УЛ СПИРИДОНОВКА, 4, СТР 2, city=Г. МОСКВА, phones=(495)2313645, country=4e127564-d74f-4dd9-bced-0327f0f4e061, countryCode=643, activityDiscontinued=false}, {guid=9d8e68d7-d82b-11e8-80bb-08002789bf51, archive=false, dateOutputArchive=0001-01-01T00:00:00Z, thisGroup=false, parent=78ddac9c-ca67-11e5-826c-605718cb5baa, bic=040407404, swift=, name=ФПАО "ДАЛЬНЕВОСТОЧНЫЙ БАНК" "КРАСНОЯРСКИЙ", corrAccount=30101810850040000404, address=УЛ МОЛОКОВА, 1, К 4, city=Г. КРАСНОЯРСК, phones=(391)2773071, country=4e127564-d74f-4dd9-bced-0327f0f4e061, countryCode=643, activityDiscontinued=false}, {guid=9d8e68d8-d82b-11e8-80bb-08002789bf51, archive=false, dateOutputArchive=0001-01-01T00:00:00Z, thisGroup=false, parent=78ddad0a-ca67-11e5-826c-605718cb5baa, bic=047144778, swift=, name=СФ АО БАНК "СНГБ", corrAccount=30101810165777100778, address=УЛ ГУБКИНА, 15 А, city=Г. СУРГУТ, phones=(3462)398700, country=4e127564-d74f-4dd9-bced-0327f0f4e061, countryCode=643, activityDiscontinued=false}, {guid=9d8e68d9-d82b-11e8-80bb-08002789bf51, archive=false, dateOutputArchive=0001-01-01T00:00:00Z, thisGroup=false, parent=78ddabf2-ca67-11e5-826c-605718cb5baa, bic=043601968, swift=VTBRRUM2SA3, name=ФИЛИАЛ № 6318 БАНКА ВТБ (ПАО), corrAccount=30101810422023601968, address=УЛ МОЛОДОГВАРДЕЙСКАЯ, 204, city=Г. САМАРА, phones=(846)2696824,2696834, country=4e127564-d74f-4dd9-bced-0327f0f4e061, countryCode=643, activityDiscontinued=false}, {guid=9d8e68da-d82b-11e8-80bb-08002789bf51, archive=false, dateOutputArchive=0001-01-01T00:00:00Z, thisGroup=false, parent=78ddabf2-ca67-11e5-826c-605718cb5baa, bic=043601975, swift=, name=ООО "РУСФИНАНС БАНК", corrAccount=30101810622023601975, address=УЛ ЧЕРНОРЕЧЕНСКАЯ, 42 А, city=Г. САМАРА, phones=(846)2696911,2694411, country=4e127564-d74f-4dd9-bced-0327f0f4e061, countryCode=643, activityDiscontinued=false}, {guid=9d8e68db-d82b-11e8-80bb-08002789bf51, archive=false, dateOutputArchive=0001-01-01T00:00:00Z, thisGroup=false, parent=78ddabf7-ca67-11e5-826c-605718cb5baa, bic=045354880, swift=, name=ГК "АСВ" - КУ АО "НСТ-БАНК", corrAccount=30101810265775300880, address=ВИЛОНОВСКАЯ УЛ, 138, city=Г. САМАРА, phones=, country=4e127564-d74f-4dd9-bced-0327f0f4e061, countryCode=643, activityDiscontinued=false}, {guid=9d8e68dc-d82b-11e8-80bb-08002789bf51, archive=false, dateOutputArchive=0001-01-01T00:00:00Z, thisGroup=false, parent=78ddabe7-ca67-11e5-826c-605718cb5baa, bic=040507595, swift=, name=АО "СОЛИД БАНК", corrAccount=30101810205070000595, address=УЛ АДМИРАЛА ФОКИНА, 25, city=Г. ВЛАДИВОСТОК, phones=(423)2265722,(423)2469293, country=4e127564-d74f-4dd9-bced-0327f0f4e061, countryCode=643, activityDiscontinued=false}, {guid=9d8e68dd-d82b-11e8-80bb-08002789bf51, archive=false, dateOutputArchive=0001-01-01T00:00:00Z, thisGroup=false, parent=78ddabe1-ca67-11e5-826c-605718cb5baa, bic=044030830, swift=, name=СПБ. Ф. АО БАНК "НАЦИОНАЛЬНЫЙ СТАНДАРТ", corrAccount=30101810340300000830, address=УЛ. ЧАЙКОВСКОГО, Д. 39, ЛИТ А, city=Г. САНКТ-ПЕТЕРБУРГ, phones=(812)4493155, country=4e127564-d74f-4dd9-bced-0327f0f4e061, countryCode=643, activityDiscontinued=false}, {guid=9d8e68de-d82b-11e8-80bb-08002789bf51, archive=false, dateOutputArchive=0001-01-01T00:00:00Z, thisGroup=false, parent=78ddabeb-ca67-11e5-826c-605718cb5baa, bic=040708735, swift=, name=ФИЛИАЛ В Г. ЕССЕНТУКИ АКБ "ЛАНТА-БАНК" (АО), corrAccount=30101810007080000735, address=УЛ СОВЕТСКАЯ, 20 Б, city=Г. ЕССЕНТУКИ, phones=(87934)54547,54371, country=4e127564-d74f-4dd9-bced-0327f0f4e061, countryCode=643, activityDiscontinued=false}, {guid=9d8e68df-d82b-11e8-80bb-08002789bf51, archive=false, dateOutputArchive=0001-01-01T00:00:00Z, thisGroup=false, parent=78ddac72-ca67-11e5-826c-605718cb5baa, bic=041806745, swift=, name=Урюпинский филиал ПАО КБ "Сельмашбанк", corrAccount=30101810518060000745, address=УЛ. ШТЕМЕНКО, 47/3, city=Г. УРЮПИНСК, phones=, country=4e127564-d74f-4dd9-bced-0327f0f4e061, countryCode=643, activityDiscontinued=false}, {guid=9d8e68e0-d82b-11e8-80bb-08002789bf51, archive=false, dateOutputArchive=0001-01-01T00:00:00Z, thisGroup=false, parent=78ddac72-ca67-11e5-826c-605718cb5baa, bic=041806730, swift=, name=Ликвидатор АО КБ "Михайловский ПЖСБ", corrAccount=30101810918060000730, address=УЛИЦА ОБОРОНЫ, 44 "А", city=Г. МИХАЙЛОВКА, phones=, country=4e127564-d74f-4dd9-bced-0327f0f4e061, countryCode=643, activityDiscontinued=false}, {guid=9d8e68e1-d82b-11e8-80bb-08002789bf51, archive=false, dateOutputArchive=0001-01-01T00:00:00Z, thisGroup=false, parent=78ddabe5-ca67-11e5-826c-605718cb5baa, bic=044525941, swift=, name="УМ-БАНК" ООО, corrAccount=30101810945250000941, address=УЛ Б. ОРДЫНКА, 59, СТР 2, city=Г. МОСКВА, phones=(495)2123020, country=4e127564-d74f-4dd9-bced-0327f0f4e061, countryCode=643, activityDiscontinued=false}, {guid=9d8e68e2-d82b-11e8-80bb-08002789bf51, archive=false, dateOutputArchive=0001-01-01T00:00:00Z, thisGroup=false, parent=78ddac72-ca67-11e5-826c-605718cb5baa, bic=041806717, swift=, name=ЮЖНЫЙ ФИЛИАЛ АО БАНК "НАЦИОНАЛЬНЫЙ СТАНДАРТ", corrAccount=30101810818060000717, address=УЛ ИМ. ГАГАРИНА, 7, city=Г. ВОЛГОГРАД, phones=(8442)995000, country=4e127564-d74f-4dd9-bced-0327f0f4e061, countryCode=643, activityDiscontinued=true}, {guid=78ddabdb-ca67-11e5-826c-605718cb5baa, archive=, dateOutputArchive=, thisGroup=true, parent=00000000-0000-0000-0000-000000000000, bic=32       , swift=, name=КЕМЕРОВСКАЯ ОБЛАСТЬ, corrAccount=, address=, city=, phones=, country=, countryCode=, activityDiscontinued=}, {guid=a38a1a95-d82b-11e8-80bb-08002789bf51, archive=false, dateOutputArchive=0001-01-01T00:00:00Z, thisGroup=false, parent=78ddac17-ca67-11e5-826c-605718cb5baa, bic=046015846, swift=, name=КУ ОАО КБ "МАКСИМУМ" - ГК "АСВ", corrAccount=30101810060150000846, address=УЛ. ВЫСОЦКОГО, Д.4, city=Г. МОСКВА, phones=, country=4e127564-d74f-4dd9-bced-0327f0f4e061, countryCode=643, activityDiscontinued=false}, {guid=a38a1a96-d82b-11e8-80bb-08002789bf51, archive=false, dateOutputArchive=0001-01-01T00:00:00Z, thisGroup=false, parent=78ddac14-ca67-11e5-826c-605718cb5baa, bic=047601205, swift=, name=ООО КБ "ЦЕНТРАЛЬНО-ЕВРОПЕЙСКИЙ БАНК", corrAccount=30101810950040000205, address=УЛ БАБУШКИНА, 108, city=Г. ЧИТА, phones=(3022)211502, country=4e127564-d74f-4dd9-bced-0327f0f4e061, countryCode=643, activityDiscontinued=false}, {guid=78ddabf7-ca67-11e5-826c-605718cb5baa, archive=, dateOutputArchive=, thisGroup=true, parent=00000000-0000-0000-0000-000000000000, bic=53       , swift=, name=ОРЕНБУРГСКАЯ ОБЛАСТЬ, corrAccount=, address=, city=, phones=, country=, countryCode=, activityDiscontinued=}, {guid=a38a1a97-d82b-11e8-80bb-08002789bf51, archive=false, dateOutputArchive=0001-01-01T00:00:00Z, thisGroup=false, parent=78ddac17-ca67-11e5-826c-605718cb5baa, bic=046015835, swift=, name=КУ ООО "РУССКИЙ НАЦИОНАЛЬНЫЙ БАНК" - ГК "АСВ", corrAccount=30101810660150000835, address=УЛ ВЫСОЦКОГО, 4 ТЕЛ.(495)96125, city=Г. МОСКВА, phones=(863)2999413,2999418, country=4e127564-d74f-4dd9-bced-0327f0f4e061, countryCode=643, activityDiscontinued=false}, {guid=a38a1a98-d82b-11e8-80bb-08002789bf51, archive=false, dateOutputArchive=0001-01-01T00:00:00Z, thisGroup=false, parent=78ddabe5-ca67-11e5-826c-605718cb5baa, bic=044525535, swift=, name=КУ АБ "АЛДАНЗОЛОТОБАНК" АО - ГК "АСВ", corrAccount=30101810445250000535, address=УЛ. ВЫСОЦКОГО, Д. 4, city=Г. МОСКВА, phones=, country=4e127564-d74f-4dd9-bced-0327f0f4e061, countryCode=643, activityDiscontinued=false}, {guid=a38a1a99-d82b-11e8-80bb-08002789bf51, archive=false, dateOutputArchive=0001-01-01T00:00:00Z, thisGroup=false, parent=78ddac21-ca67-11e5-826c-605718cb5baa, bic=042202812, swift=, name=ВЫКСУНСКИЙ Ф-Л ПАО АКБ "МЕТАЛЛИНВЕСТБАНК", corrAccount=30101810522020000812, address=ПЛ ОКТЯБРЬСКОЙ РЕВОЛЮЦИИ, 48, city=Г. ВЫКСА, phones=(83177)35825,31157, country=4e127564-d74f-4dd9-bced-0327f0f4e061, countryCode=643, activityDiscontinued=false}, {guid=a38a1a9a-d82b-11e8-80bb-08002789bf51, archive=false, dateOutputArchive=0001-01-01T00:00:00Z, thisGroup=false, parent=78ddac07-ca67-11e5-826c-605718cb5baa, bic=045004893, swift=, name=НОВОСИБИРСКИЙ Ф-Л НКО "ИНКАХРАН"(АО), corrAccount=30103810950040000893, address=УЛ 2-Я СОЮЗА МОЛОДЕЖИ, 31, city=Г. НОВОСИБИРСК, phones=(383)2260797,2269768, country=4e127564-d74f-4dd9-bced-0327f0f4e061, countryCode=643, activityDiscontinued=false}, {guid=a38a1a9b-d82b-11e8-80bb-08002789bf51, archive=false, dateOutputArchive=0001-01-01T00:00:00Z, thisGroup=false, parent=78ddac07-ca67-11e5-826c-605718cb5baa, bic=045004883, swift=, name=СИБИРСКИЙ ФИЛИАЛ АО "БАНК ИНТЕЗА", corrAccount=30101810250040000883, address=УЛ ОКТЯБРЬСКАЯ, 49, city=Г. НОВОСИБИРСК, phones=(383)2278193, country=4e127564-d74f-4dd9-bced-0327f0f4e061, countryCode=643, activityDiscontinued=false}, {guid=a38a1a9c-d82b-11e8-80bb-08002789bf51, archive=false, dateOutputArchive=0001-01-01T00:00:00Z, thisGroup=false, parent=78ddac07-ca67-11e5-826c-605718cb5baa, bic=045004876, swift=, name=НОВОСИБИРСКИЙ ФИЛИАЛ ПАО "МТС-БАНК", corrAccount=30101810050040000876, address=УЛ. НИЖЕГОРОДСКАЯ, 4, city=Г. НОВОСИБИРСК, phones=(383)3251781, country=4e127564-d74f-4dd9-bced-0327f0f4e061, countryCode=643, activityDiscontinued=false}, {guid=a38a1a9d-d82b-11e8-80bb-08002789bf51, archive=false, dateOutputArchive=0001-01-01T00:00:00Z, thisGroup=false, parent=78ddac07-ca67-11e5-826c-605718cb5baa, bic=045004861, swift=, name=ФИЛИАЛ ООО "ЭКСПОБАНК" В Г.НОВОСИБИРСКЕ, corrAccount=30101810450040000861, address=КРАСНЫЙ ПР-Т, 25, city=Г. НОВОСИБИРСК, phones=(383)2105207, country=4e127564-d74f-4dd9-bced-0327f0f4e061, countryCode=643, activityDiscontinued=false}, {guid=a38a1a9e-d82b-11e8-80bb-08002789bf51, archive=false, dateOutputArchive=0001-01-01T00:00:00Z, thisGroup=false, parent=78ddac07-ca67-11e5-826c-605718cb5baa, bic=045004864, swift=, name=СИБИРСКИЙ ФИЛИАЛ АО КБ "МОДУЛЬБАНК", corrAccount=30101810350040000864, address=УЛ ПЛАНЕТНАЯ, 30, city=Г. НОВОСИБИРСК, phones=(383)3250606,3251575, country=4e127564-d74f-4dd9-bced-0327f0f4e061, countryCode=643, activityDiscontinued=false}, {guid=a38a1a9f-d82b-11e8-80bb-08002789bf51, archive=false, dateOutputArchive=0001-01-01T00:00:00Z, thisGroup=false, parent=78ddabf2-ca67-11e5-826c-605718cb5baa, bic=043601875, swift=, name=САМАРСКИЙ ФИЛИАЛ ТКБ БАНК ПАО, corrAccount=30101810722023601875, address=УЛ СТАРА ЗАГОРА, 52, city=Г. САМАРА, phones=(846)9338233,2280135, country=4e127564-d74f-4dd9-bced-0327f0f4e061, countryCode=643, activityDiscontinued=false}, {guid=a38a1aa0-d82b-11e8-80bb-08002789bf51, archive=false, dateOutputArchive=0001-01-01T00:00:00Z, thisGroup=false, parent=78ddabf2-ca67-11e5-826c-605718cb5baa, bic=043601845, swift=, name=САМАРСКИЙ ФИЛИАЛ БАНКА СОЮЗ (АО), corrAccount=30101810422023601845, address=УЛ КРАСНОАРМЕЙСКАЯ, 75, city=Г. САМАРА, phones=(846)2311251,2311259, country=4e127564-d74f-4dd9-bced-0327f0f4e061, countryCode=643, activityDiscontinued=false}, {guid=a38a1aa1-d82b-11e8-80bb-08002789bf51, archive=false, dateOutputArchive=0001-01-01T00:00:00Z, thisGroup=false, parent=78ddabf2-ca67-11e5-826c-605718cb5baa, bic=043601842, swift=, name=АО КБ "НИБ", corrAccount=30101810522023601842, address=УЛ ФРУНЗЕ, 102, city=Г. САМАРА, phones=(846)3425750,3425751, country=4e127564-d74f-4dd9-bced-0327f0f4e061, countryCode=643, activityDiscontinued=false}, {guid=a38a1aa2-d82b-11e8-80bb-08002789bf51, archive=false, dateOutputArchive=0001-01-01T00:00:00Z, thisGroup=false, parent=78ddac2f-ca67-11e5-826c-605718cb5baa, bic=040813708, swift=, name=ХАБАРОВСКИЙ ФИЛИАЛ ТКБ БАНК ПАО, corrAccount=30101810108130000708, address=УЛ КОМСОМОЛЬСКАЯ, 102, city=Г. ХАБАРОВСК, phones=(4212)910702, country=4e127564-d74f-4dd9-bced-0327f0f4e061, countryCode=643, activityDiscontinued=false}, {guid=78ddac1c-ca67-11e5-826c-605718cb5baa, archive=false, dateOutputArchive=0001-01-01T00:00:00Z, thisGroup=false, parent=78ddabe5-ca67-11e5-826c-605718cb5baa, bic=044525150, swift=, name=ФИЛИАЛ "МОСКОВСКИЙ" АО "ФИА-БАНК", corrAccount=30101810545250000150, address=, city=Г. МОСКВА, phones=, country=00000000-0000-0000-0000-000000000000, countryCode=, activityDiscontinued=true}, {guid=a38a1aa3-d82b-11e8-80bb-08002789bf51, archive=false, dateOutputArchive=0001-01-01T00:00:00Z, thisGroup=false, parent=78ddac2f-ca67-11e5-826c-605718cb5baa, bic=040813713, swift=VTBRRUM2KH3, name=ФИЛИАЛ № 2754 БАНКА ВТБ (ПАО), corrAccount=30101810708130000713, address=УЛ МУРАВЬЁВА-АМУРСКОГО, 18, city=Г. ХАБАРОВСК, phones=(4212)455455, country=4e127564-d74f-4dd9-bced-0327f0f4e061, countryCode=643, activityDiscontinued=false}, {guid=a38a1aa4-d82b-11e8-80bb-08002789bf51, archive=false, dateOutputArchive=0001-01-01T00:00:00Z, thisGroup=false, parent=78ddac09-ca67-11e5-826c-605718cb5baa, bic=046577501, swift=VTBRRUM2EK3, name=ФИЛИАЛ № 6602 БАНКА ВТБ (ПАО), corrAccount=30101810165770000501, address=ПР-Т ЛЕНИНА, 27, city=Г. ЕКАТЕРИНБУРГ, phones=(343)3862400, country=4e127564-d74f-4dd9-bced-0327f0f4e061, countryCode=643, activityDiscontinued=false}, {guid=a38a1aa5-d82b-11e8-80bb-08002789bf51, archive=false, dateOutputArchive=0001-01-01T00:00:00Z, thisGroup=false, parent=78ddac09-ca67-11e5-826c-605718cb5baa, bic=046577507, swift=, name=ЕКАТЕРИНБУРГСКИЙ ФИЛИАЛ АБ "РОССИЯ", corrAccount=30101810965770000507, address=УЛ МАМИНА-СИБИРЯКА, 145, city=Г. ЕКАТЕРИНБУРГ, phones=(343)2863760, country=4e127564-d74f-4dd9-bced-0327f0f4e061, countryCode=643, activityDiscontinued=false}, {guid=a38a1aa6-d82b-11e8-80bb-08002789bf51, archive=false, dateOutputArchive=0001-01-01T00:00:00Z, thisGroup=false, parent=78ddabf2-ca67-11e5-826c-605718cb5baa, bic=043601811, swift=, name=ООО "ЗЕМСКИЙ БАНК", corrAccount=30101810922023601811, address=УЛ УЛЬЯНОВСКАЯ, 79, city=Г. СЫЗРАНЬ, phones=(8464)985454, country=4e127564-d74f-4dd9-bced-0327f0f4e061, countryCode=643, activityDiscontinued=false}, {guid=a38a1aa7-d82b-11e8-80bb-08002789bf51, archive=false, dateOutputArchive=0001-01-01T00:00:00Z, thisGroup=false, parent=78ddabfd-ca67-11e5-826c-605718cb5baa, bic=046311890, swift=, name=АО "БАЛАКОВО-БАНК", corrAccount=30101810022026311890, address=УЛ ФАКЕЛ СОЦИАЛИЗМА, 21, city=Г. БАЛАКОВО, phones=(8453)444166,447007, country=4e127564-d74f-4dd9-bced-0327f0f4e061, countryCode=643, activityDiscontinued=false}, {guid=a38a1aa8-d82b-11e8-80bb-08002789bf51, archive=false, dateOutputArchive=0001-01-01T00:00:00Z, thisGroup=false, parent=78ddabe5-ca67-11e5-826c-605718cb5baa, bic=044525641, swift=, name=ФИЛИАЛ 1 ООО КБ "ЦЕНТРАЛЬНО-ЕВРОПЕЙСКИЙ БАНК", corrAccount=30101810245250000641, address=ПРОЕКТ-Й 4062Й ПР-Д, 6, СТР 16, city=Г. МОСКВА, phones=(495)6625665, country=4e127564-d74f-4dd9-bced-0327f0f4e061, countryCode=643, activityDiscontinued=false}, {guid=a38a1aa9-d82b-11e8-80bb-08002789bf51, archive=false, dateOutputArchive=0001-01-01T00:00:00Z, thisGroup=false, parent=78ddac17-ca67-11e5-826c-605718cb5baa, bic=046015946, swift=, name=ПАО "ТАГАНРОГБАНК", corrAccount=30101810960150000946, address=УЛ. ГРЕЧЕСКАЯ, 71 ТЕЛ.(8634)31, city=Г. ТАГАНРОГ, phones=, country=4e127564-d74f-4dd9-bced-0327f0f4e061, countryCode=643, activityDiscontinued=false}, {guid=a38a1aaa-d82b-11e8-80bb-08002789bf51, archive=false, dateOutputArchive=0001-01-01T00:00:00Z, thisGroup=false, parent=78ddabe5-ca67-11e5-826c-605718cb5baa, bic=044525646, swift=, name=НКО НКЦ (АО), corrAccount=30103810345250000646, address=Б. КИСЛОВСКИЙ ПЕР, 13, city=Г. МОСКВА, phones=(495)7829794, country=4e127564-d74f-4dd9-bced-0327f0f4e061, countryCode=643, activityDiscontinued=false}, {guid=a38a1aab-d82b-11e8-80bb-08002789bf51, archive=false, dateOutputArchive=0001-01-01T00:00:00Z, thisGroup=false, parent=78ddac07-ca67-11e5-826c-605718cb5baa, bic=045004841, swift=, name=НОВОСИБИРСКИЙ ФИЛИАЛ ТКБ БАНК ПАО, corrAccount=30101810250040000841, address=УЛ КОММУНИСТИЧЕСКАЯ, 35, city=Г. НОВОСИБИРСК, phones=(383)3252500,3252660, country=4e127564-d74f-4dd9-bced-0327f0f4e061, countryCode=643, activityDiscontinued=false}, {guid=a38a1aac-d82b-11e8-80bb-08002789bf51, archive=false, dateOutputArchive=0001-01-01T00:00:00Z, thisGroup=false, parent=78ddac07-ca67-11e5-826c-605718cb5baa, bic=045004846, swift=, name=Ф-Л "НОВОСИБИРСК" АКБ "РОСЕВРОБАНК" (АО), corrAccount=30101810750040000846, address=УЛ ФРУНЗЕ, 5, city=Г. НОВОСИБИРСК, phones=(383)2020750, country=4e127564-d74f-4dd9-bced-0327f0f4e061, countryCode=643, activityDiscontinued=false}, {guid=a38a1aad-d82b-11e8-80bb-08002789bf51, archive=false, dateOutputArchive=0001-01-01T00:00:00Z, thisGroup=false, parent=78ddac07-ca67-11e5-826c-605718cb5baa, bic=045004845, swift=, name=ФИЛИАЛ "НОВОСИБИРСКИЙ" ПАО КБ "УБРИР", corrAccount=30101810450040000845, address=УЛ ВОКЗАЛЬНАЯ МАГИСТРАЛЬ, 1, city=Г. НОВОСИБИРСК, phones=(383)2201141,2201181, country=4e127564-d74f-4dd9-bced-0327f0f4e061, countryCode=643, activityDiscontinued=false}, {guid=a38a1aae-d82b-11e8-80bb-08002789bf51, archive=false, dateOutputArchive=0001-01-01T00:00:00Z, thisGroup=false, parent=78ddac07-ca67-11e5-826c-605718cb5baa, bic=045004833, swift=, name=НОВОСИБИРСКИЙ ФИЛИАЛ ООО "БАНК БКФ", corrAccount=30101810750040000833, address=ПР-Т ДИМИТРОВА, 4/1, city=Г. НОВОСИБИРСК, phones=(383)3191118,3191116, country=4e127564-d74f-4dd9-bced-0327f0f4e061, countryCode=643, activityDiscontinued=false}, {guid=aaaf21b4-d82b-11e8-80bb-08002789bf51, archive=false, dateOutputArchive=0001-01-01T00:00:00Z, thisGroup=false, parent=78ddac07-ca67-11e5-826c-605718cb5baa, bic=045004818, swift=, name=НОВОСИБИРСКИЙ ФИЛИАЛ АО ЮНИКРЕДИТ БАНКА, corrAccount=30101810050040000818, address=УЛ МАКСИМА ГОРЬКОГО, 53, city=Г. НОВОСИБИРСК, phones=(383)2300163, country=4e127564-d74f-4dd9-bced-0327f0f4e061, countryCode=643, activityDiscontinued=false}, {guid=aaaf21b5-d82b-11e8-80bb-08002789bf51, archive=false, dateOutputArchive=0001-01-01T00:00:00Z, thisGroup=false, parent=78ddabeb-ca67-11e5-826c-605718cb5baa, bic=040715725, swift=, name=ООО "РУСБС", corrAccount=30101810107150000725, address=УЛ ГАГАРИНА, 148, city=СТ-ЦА ЕССЕНТУКСКАЯ, phones=(87961)51171,24177,50987, country=4e127564-d74f-4dd9-bced-0327f0f4e061, countryCode=643, activityDiscontinued=false}, {guid=aaaf21b6-d82b-11e8-80bb-08002789bf51, archive=false, dateOutputArchive=0001-01-01T00:00:00Z, thisGroup=false, parent=78ddac0f-ca67-11e5-826c-605718cb5baa, bic=040349789, swift=, name=ООО КБ "ГТ БАНК", corrAccount=30101810303490000789, address=УЛ СЕВЕРНАЯ, 321, city=Г. КРАСНОДАР, phones=(861)2790305,2791744, country=4e127564-d74f-4dd9-bced-0327f0f4e061, countryCode=643, activityDiscontinued=false}, {guid=aaaf21b7-d82b-11e8-80bb-08002789bf51, archive=false, dateOutputArchive=0001-01-01T00:00:00Z, thisGroup=false, parent=78ddac00-ca67-11e5-826c-605718cb5baa, bic=048209848, swift=, name=КУ ООО КБ "ПРЕСТИЖКРЕДИТБАНК" ГК "АСВ", corrAccount=30101810282090000848, address=УЛ КАММАЕВА, 19, К "Ж", city=Г. МАХАЧКАЛА, phones=(8722)561920,561921, country=4e127564-d74f-4dd9-bced-0327f0f4e061, countryCode=643, activityDiscontinued=false}, {guid=aaaf21b8-d82b-11e8-80bb-08002789bf51, archive=false, dateOutputArchive=0001-01-01T00:00:00Z, thisGroup=false, parent=78ddac98-ca67-11e5-826c-605718cb5baa, bic=041117785, swift=, name=Ф-л "Космодром-Плесецк" АО "ФОНДСЕРВИСБАНК", corrAccount=30101810540300011785, address=УЛ. ПУШКИНА, Д. 3, city=Г. МИРНЫЙ, phones=, country=4e127564-d74f-4dd9-bced-0327f0f4e061, countryCode=643, activityDiscontinued=false}, {guid=aaaf21b9-d82b-11e8-80bb-08002789bf51, archive=false, dateOutputArchive=0001-01-01T00:00:00Z, thisGroup=false, parent=78ddac34-ca67-11e5-826c-605718cb5baa, bic=046489002, swift=, name=ПУ БАНКА РОССИИ ОХОТСКОЕ, corrAccount=, address=УЛ ГНЕЧКО, 1, city=ПГТ ЮЖНО-КУРИЛЬСК, phones=, country=4e127564-d74f-4dd9-bced-0327f0f4e061, countryCode=643, activityDiscontinued=false}, {guid=78ddac57-ca67-11e5-826c-605718cb5baa, archive=, dateOutputArchive=, thisGroup=true, parent=00000000-0000-0000-0000-000000000000, bic=27       , swift=, name=КАЛИНИНГРАДСКАЯ ОБЛАСТЬ, corrAccount=, address=, city=, phones=, country=, countryCode=, activityDiscontinued=}, {guid=aaaf21ba-d82b-11e8-80bb-08002789bf51, archive=false, dateOutputArchive=0001-01-01T00:00:00Z, thisGroup=false, parent=78ddabfd-ca67-11e5-826c-605718cb5baa, bic=046311926, swift=, name=АО РНКО "СИНЕРГИЯ", corrAccount=30103810622026311926, address=Г. САРАТОВ, УЛ. РАБОЧАЯ, 27, city=Г. САРАТОВ, phones=, country=4e127564-d74f-4dd9-bced-0327f0f4e061, countryCode=643, activityDiscontinued=false}, {guid=aaaf21bb-d82b-11e8-80bb-08002789bf51, archive=false, dateOutputArchive=0001-01-01T00:00:00Z, thisGroup=false, parent=78ddac0f-ca67-11e5-826c-605718cb5baa, bic=040349744, swift=, name=КРАСНОДАРСКИЙ ФИЛИАЛ ПАО РОСБАНК, corrAccount=30101810403490000744, address=УЛ ОЛИМПИЙСКАЯ, 8, city=Г. КРАСНОДАР, phones=(861)2739730,2739731, country=4e127564-d74f-4dd9-bced-0327f0f4e061, countryCode=643, activityDiscontinued=false}, {guid=aaaf21bc-d82b-11e8-80bb-08002789bf51, archive=false, dateOutputArchive=0001-01-01T00:00:00Z, thisGroup=false, parent=78ddac07-ca67-11e5-826c-605718cb5baa, bic=045004796, swift=, name=ФИЛИАЛ "НОВОСИБИРСК" КБ "ЛОКО-БАНК" (АО), corrAccount=30101810350040000796, address=УЛ ЛЕНИНА, 52, city=Г. НОВОСИБИРСК, phones=(383)2380740,2380750, country=4e127564-d74f-4dd9-bced-0327f0f4e061, countryCode=643, activityDiscontinued=false}, {guid=aaaf21bd-d82b-11e8-80bb-08002789bf51, archive=false, dateOutputArchive=0001-01-01T00:00:00Z, thisGroup=false, parent=78ddac17-ca67-11e5-826c-605718cb5baa, bic=046015080, swift=, name=РОСТОВСКИЙ ФИЛИАЛ ПАО "РГС БАНК", corrAccount=30101810460150000080, address=УЛ ГОРОДА ВОЛОС, 11/81-83/34, city=Г. РОСТОВ-НА-ДОНУ, phones=(863)2370660, country=4e127564-d74f-4dd9-bced-0327f0f4e061, countryCode=643, activityDiscontinued=false}, {guid=aaaf21be-d82b-11e8-80bb-08002789bf51, archive=false, dateOutputArchive=0001-01-01T00:00:00Z, thisGroup=false, parent=78ddac07-ca67-11e5-826c-605718cb5baa, bic=045004785, swift=, name=НОВОСИБИРСКИЙ Ф-Л ПАО АКБ "МЕТАЛЛИНВЕСТБАНК", corrAccount=30101810950040000785, address=УЛ СОВЕТСКАЯ, 8, city=Г. НОВОСИБИРСК, phones=(383)2091447,2091446, country=4e127564-d74f-4dd9-bced-0327f0f4e061, countryCode=643, activityDiscontinued=false}, {guid=aaaf21bf-d82b-11e8-80bb-08002789bf51, archive=false, dateOutputArchive=0001-01-01T00:00:00Z, thisGroup=false, parent=78ddac17-ca67-11e5-826c-605718cb5baa, bic=046015081, swift=, name=РОСТОВСКИЙ ФИЛИАЛ АО ЮНИКРЕДИТ БАНКА, corrAccount=30101810760150000081, address=УЛ СОЦИАЛИСТИЧЕСКАЯ, 58/51, city=Г. РОСТОВ-НА-ДОНУ, phones=(863)2630900,2630906, country=4e127564-d74f-4dd9-bced-0327f0f4e061, countryCode=643, activityDiscontinued=false}, {guid=aaaf21c0-d82b-11e8-80bb-08002789bf51, archive=false, dateOutputArchive=0001-01-01T00:00:00Z, thisGroup=false, parent=78ddac07-ca67-11e5-826c-605718cb5baa, bic=045004789, swift=, name=ФИЛИАЛ БАНКА МБСП (АО) В НОВОСИБИРСКЕ, corrAccount=30101810150040000789, address=ПР-Т ДИМИТРОВА, 12, city=Г. НОВОСИБИРСК, phones=(383)3734340,3734341, country=4e127564-d74f-4dd9-bced-0327f0f4e061, countryCode=643, activityDiscontinued=false}, {guid=aaaf21c1-d82b-11e8-80bb-08002789bf51, archive=false, dateOutputArchive=0001-01-01T00:00:00Z, thisGroup=false, parent=78ddac17-ca67-11e5-826c-605718cb5baa, bic=046015088, swift=SJSCRUMMRND, name=ФИЛИАЛ "СДМ-БАНК" (ПАО) В Г. РОСТОВ-НА-ДОНУ, corrAccount=30101810860150000088, address=УЛ КАТАЕВА, 293, city=Г. РОСТОВ-НА-ДОНУ, phones=(863)2197712,2197714, country=4e127564-d74f-4dd9-bced-0327f0f4e061, countryCode=643, activityDiscontinued=false}, {guid=aaaf21c2-d82b-11e8-80bb-08002789bf51, archive=false, dateOutputArchive=0001-01-01T00:00:00Z, thisGroup=false, parent=78ddac07-ca67-11e5-826c-605718cb5baa, bic=045004778, swift=, name=ФИЛИАЛ БАНКА "ВБРР" (АО) В Г.НОВОСИБИРСКЕ, corrAccount=30101810750040000778, address=УЛ СИБРЕВКОМА, 2, city=Г. НОВОСИБИРСК, phones=(383)2302201, country=4e127564-d74f-4dd9-bced-0327f0f4e061, countryCode=643, activityDiscontinued=false}, {guid=aaaf21c3-d82b-11e8-80bb-08002789bf51, archive=false, dateOutputArchive=0001-01-01T00:00:00Z, thisGroup=false, parent=78ddac0f-ca67-11e5-826c-605718cb5baa, bic=040349758, swift=VTBRRUM2KD3, name=ФИЛИАЛ № 2351 БАНКА ВТБ (ПАО), corrAccount=30101810703490000758, address=УЛ ИМ. ГОГОЛЯ, 68, city=Г. КРАСНОДАР, phones=(861)2126424,2125627, country=4e127564-d74f-4dd9-bced-0327f0f4e061, countryCode=643, activityDiscontinued=false}, {guid=aaaf21c4-d82b-11e8-80bb-08002789bf51, archive=false, dateOutputArchive=0001-01-01T00:00:00Z, thisGroup=false, parent=78ddac17-ca67-11e5-826c-605718cb5baa, bic=046015094, swift=, name=НОВОЧЕРКАССКИЙ ФИЛИАЛ АО "ФОНДСЕРВИСБАНК", corrAccount=30101810760150000094, address=ПЛАТОВСКИЙ ПР-Т, 59 Б, city=Г. НОВОЧЕРКАССК, phones=(8635)240550, country=4e127564-d74f-4dd9-bced-0327f0f4e061, countryCode=643, activityDiscontinued=false}, {guid=aaaf21c5-d82b-11e8-80bb-08002789bf51, archive=false, dateOutputArchive=0001-01-01T00:00:00Z, thisGroup=false, parent=78ddac17-ca67-11e5-826c-605718cb5baa, bic=046015068, swift=, name=ДОНСКОЙ ФИЛИАЛ АО КБ "СИТИБАНК", corrAccount=30101810660150000068, address=УЛ Б. САДОВАЯ, 124, city=Г. РОСТОВ-НА-ДОНУ, phones=(863)2040043,2040002, country=4e127564-d74f-4dd9-bced-0327f0f4e061, countryCode=643, activityDiscontinued=false}, {guid=aaaf21c6-d82b-11e8-80bb-08002789bf51, archive=false, dateOutputArchive=0001-01-01T00:00:00Z, thisGroup=false, parent=78ddac07-ca67-11e5-826c-605718cb5baa, bic=045004763, swift=, name=ФИЛИАЛ "ЦЕНТРАЛЬНЫЙ" ПАО "СОВКОМБАНК", corrAccount=30101810150040000763, address=УЛ ПОПОВА, 11, city=Г. БЕРДСК, phones=(383)3340606, country=4e127564-d74f-4dd9-bced-0327f0f4e061, countryCode=643, activityDiscontinued=false}, {guid=aaaf21c7-d82b-11e8-80bb-08002789bf51, archive=false, dateOutputArchive=0001-01-01T00:00:00Z, thisGroup=false, parent=78ddac17-ca67-11e5-826c-605718cb5baa, bic=046015066, swift=, name=Ф-Л АО АКБ "НОВИКОМБАНК" В Г.РОСТОВЕ-НА-ДОНУ, corrAccount=30101810060150000066, address=УЛ КРАСНОАРМЕЙСКАЯ, 170/84, city=Г. РОСТОВ-НА-ДОНУ, phones=(863)2017777, country=4e127564-d74f-4dd9-bced-0327f0f4e061, countryCode=643, activityDiscontinued=false}, {guid=78ddabe0-ca67-11e5-826c-605718cb5baa, archive=false, dateOutputArchive=0001-01-01T00:00:00Z, thisGroup=false, parent=78ddabdf-ca67-11e5-826c-605718cb5baa, bic=049246920, swift=, name=НИЖНЕКАМСКИЙ ФАБ "ДЕВОН-КРЕДИТ" (ПАО), corrAccount=30101810700000000920, address=, city=Г. НИЖНЕКАМСК, phones=, country=00000000-0000-0000-0000-000000000000, countryCode=, activityDiscontinued=true}, {guid=aaaf21c8-d82b-11e8-80bb-08002789bf51, archive=false, dateOutputArchive=0001-01-01T00:00:00Z, thisGroup=false, parent=78ddac17-ca67-11e5-826c-605718cb5baa, bic=046015064, swift=, name=ЮЖНЫЙ ФИЛИАЛ АО "БАНК ИНТЕЗА", corrAccount=30101810460150000064, address=ВОРОШИЛОВСКИЙ ПР-Т, 48, city=Г. РОСТОВ-НА-ДОНУ, phones=(863)2318377,2318388, country=4e127564-d74f-4dd9-bced-0327f0f4e061, countryCode=643, activityDiscontinued=false}, {guid=aaaf21c9-d82b-11e8-80bb-08002789bf51, archive=false, dateOutputArchive=0001-01-01T00:00:00Z, thisGroup=false, parent=78ddac17-ca67-11e5-826c-605718cb5baa, bic=046015065, swift=JSNMRUMMRND, name=РОСТОВСКИЙ ФИЛИАЛ ПАО БАНКА "ФК ОТКРЫТИЕ", corrAccount=30101810760150000065, address=УЛ ТЕКУЧЕВА, 234, city=Г. РОСТОВ-НА-ДОНУ, phones=(863)2009099, country=4e127564-d74f-4dd9-bced-0327f0f4e061, countryCode=643, activityDiscontinued=true}, {guid=aaaf21ca-d82b-11e8-80bb-08002789bf51, archive=false, dateOutputArchive=0001-01-01T00:00:00Z, thisGroup=false, parent=78ddac17-ca67-11e5-826c-605718cb5baa, bic=046015060, swift=, name=ФИЛИАЛ АО "ГЕНБАНК" В Г.РОСТОВ-НА-ДОНУ, corrAccount=30101810260150000060, address=УЛ ПУШКИНСКАЯ, 94, city=Г. РОСТОВ-НА-ДОНУ, phones=(863)2999333, country=4e127564-d74f-4dd9-bced-0327f0f4e061, countryCode=643, activityDiscontinued=false}, {guid=aaaf21cb-d82b-11e8-80bb-08002789bf51, archive=false, dateOutputArchive=0001-01-01T00:00:00Z, thisGroup=false, parent=78ddac17-ca67-11e5-826c-605718cb5baa, bic=046015061, swift=, name=ФИЛИАЛ ЮЖНЫЙ ПАО БАНКА "ФК ОТКРЫТИЕ", corrAccount=30101810560150000061, address=УЛ ГОРОДА ВОЛОС, 112/130, city=Г. РОСТОВ-НА-ДОНУ, phones=(863)2688901, country=4e127564-d74f-4dd9-bced-0327f0f4e061, countryCode=643, activityDiscontinued=false}]

at java.base/jdk.internal.reflect.DirectConstructorHandleAccessor.newInstance(DirectConstructorHandleAccessor.java:67)
at java.base/java.lang.reflect.Constructor.newInstanceWithCaller(Constructor.java:500)
at java.base/java.lang.reflect.Constructor.newInstance(Constructor.java:484)
at org.codehaus.groovy.reflection.CachedConstructor.invoke(CachedConstructor.java:73)
at org.codehaus.groovy.runtime.callsite.ConstructorSite$ConstructorSiteNoUnwrapNoCoerce.callConstructor(ConstructorSite.java:108)
at org.codehaus.groovy.runtime.callsite.AbstractCallSite.callConstructor(AbstractCallSite.java:277)
at io.restassured.internal.ResponseSpecificationImpl$HamcrestAssertionClosure.validate(ResponseSpecificationImpl.groovy:512)
at io.restassured.internal.ResponseSpecificationImpl$HamcrestAssertionClosure$validate$1.call(Unknown Source)
at io.restassured.internal.ResponseSpecificationImpl.validateResponseIfRequired(ResponseSpecificationImpl.groovy:696)
at io.restassured.internal.ResponseSpecificationImpl.this$2$validateResponseIfRequired(ResponseSpecificationImpl.groovy)
at java.base/jdk.internal.reflect.DirectMethodHandleAccessor.invoke(DirectMethodHandleAccessor.java:104)
at java.base/java.lang.reflect.Method.invoke(Method.java:578)
at org.codehaus.groovy.runtime.callsite.PlainObjectMetaMethodSite.doInvoke(PlainObjectMetaMethodSite.java:43)
at org.codehaus.groovy.runtime.callsite.PogoMetaMethodSite$PogoCachedMethodSiteNoUnwrapNoCoerce.invoke(PogoMetaMethodSite.java:198)
at org.codehaus.groovy.runtime.callsite.PogoMetaMethodSite.callCurrent(PogoMetaMethodSite.java:62)
at org.codehaus.groovy.runtime.callsite.AbstractCallSite.callCurrent(AbstractCallSite.java:185)
at io.restassured.internal.ResponseSpecificationImpl.body(ResponseSpecificationImpl.groovy:107)
at io.restassured.internal.ValidatableResponseOptionsImpl.body(ValidatableResponseOptionsImpl.java:238)
at AutoTest.ClassifireIsAllRussianTest.getBankList(ClassifireIsAllRussianTest.java:536)
at java.base/jdk.internal.reflect.DirectMethodHandleAccessor.invoke(DirectMethodHandleAccessor.java:104)
at java.base/java.lang.reflect.Method.invoke(Method.java:578)
at org.testng.internal.invokers.MethodInvocationHelper.invokeMethod(MethodInvocationHelper.java:139)
at org.testng.internal.invokers.TestInvoker.invokeMethod(TestInvoker.java:677)
at org.testng.internal.invokers.TestInvoker.invokeTestMethod(TestInvoker.java:221)
at org.testng.internal.invokers.MethodRunner.runInSequence(MethodRunner.java:50)
at org.testng.internal.invokers.TestInvoker$MethodInvocationAgent.invoke(TestInvoker.java:969)
at org.testng.internal.invokers.TestInvoker.invokeTestMethods(TestInvoker.java:194)
at org.testng.internal.invokers.TestMethodWorker.invokeTestMethods(TestMethodWorker.java:148)
at org.testng.internal.invokers.TestMethodWorker.run(TestMethodWorker.java:128)
at java.base/java.util.ArrayList.forEach(ArrayList.java:1511)
at org.testng.TestRunner.privateRun(TestRunner.java:829)
at org.testng.TestRunner.run(TestRunner.java:602)
at org.testng.SuiteRunner.runTest(SuiteRunner.java:437)
at org.testng.SuiteRunner.runSequentially(SuiteRunner.java:431)
at org.testng.SuiteRunner.privateRun(SuiteRunner.java:391)
at org.testng.SuiteRunner.run(SuiteRunner.java:330)
at org.testng.SuiteRunnerWorker.runSuite(SuiteRunnerWorker.java:52)
at org.testng.SuiteRunnerWorker.run(SuiteRunnerWorker.java:95)
at org.testng.TestNG.runSuitesSequentially(TestNG.java:1256)
at org.testng.TestNG.runSuitesLocally(TestNG.java:1176)
at org.testng.TestNG.runSuites(TestNG.java:1099)
at org.testng.TestNG.run(TestNG.java:1067)
at org.apache.maven.surefire.testng.TestNGExecutor.run(TestNGExecutor.java:132)
at org.apache.maven.surefire.testng.TestNGDirectoryTestSuite.executeMulti(TestNGDirectoryTestSuite.java:193)
at org.apache.maven.surefire.testng.TestNGDirectoryTestSuite.execute(TestNGDirectoryTestSuite.java:94)
at org.apache.maven.surefire.testng.TestNGProvider.invoke(TestNGProvider.java:147)
at org.apache.maven.surefire.booter.ForkedBooter.invokeProviderInSameClassLoader(ForkedBooter.java:290)
at org.apache.maven.surefire.booter.ForkedBooter.runSuitesInProcess(ForkedBooter.java:242)
at org.apache.maven.surefire.booter.ForkedBooter.main(ForkedBooter.java:121)
]]>
    </failure>
  </testcase> <!-- getBankList -->
  <system-out/>
  <testcase classname="AutoTest.ClassifireIsAllRussianTest" name="getCountryListStepMaxPlus" time="1.006"/>
  <system-out/>
  <testcase classname="AutoTest.ClassifireIsAllRussianTest" name="getCurrencyListStepMaxPlus" time="0.867"/>
  <system-out/>
  <testcase classname="AutoTest.ClassifireIsAllRussianTest" name="getOkpdListStepMaxPlus" time="1.044"/>
  <system-out/>
  <testcase classname="AutoTest.ClassifireIsAllRussianTest" name="getRegionListStepMaxPlus" time="0.993"/>
  <system-out/>
  <testcase classname="AutoTest.ClassifireIsAllRussianTest" name="getOkvedListStepIsEmpty" time="0.965"/>
  <system-out/>
  <testcase classname="AutoTest.ClassifireIsAllRussianTest" name="getCountryList" time="0.998"/>
  <system-out/>
  <testcase classname="AutoTest.ClassifireIsAllRussianTest" name="getBankGuidNotExist" time="1.059"/>
  <system-out/>
  <testcase classname="AutoTest.ClassifireIsAllRussianTest" name="getOkopfGuid" time="1.024"/>
  <system-out/>
  <testcase classname="AutoTest.ClassifireIsAllRussianTest" name="getOkvedGuidNotExist" time="1.017"/>
  <system-out/>
  <testcase classname="AutoTest.ClassifireIsAllRussianTest" name="getTnvedGuidNotExist" time="1.004"/>
  <system-out/>
  <testcase classname="AutoTest.ClassifireIsAllRussianTest" name="getCountryGuidNotExist" time="1.083"/>
  <system-out/>
  <testcase classname="AutoTest.ClassifireIsAllRussianTest" name="getTnvedGuidNotExist" time="1.041"/>
  <system-out/>
  <testcase classname="AutoTest.ClassifireIsAllRussianTest" name="getTnvedListStepMaxPlus" time="1.081"/>
  <system-out/>
  <testcase classname="AutoTest.ClassifireIsAllRussianTest" name="getTnvedListStepMaxPlus" time="1.024"/>
  <system-out/>
  <testcase classname="AutoTest.ClassifireIsAllRussianTest" name="getOkopfList" time="1.006"/>
  <system-out/>
  <testcase classname="AutoTest.ClassifireIsAllRussianTest" name="getOkopfListStepIsEmpty" time="1.059"/>
  <system-out/>
  <testcase classname="AutoTest.ClassifireIsAllRussianTest" name="getTnvedGuid" time="1.048"/>
  <system-out/>
  <testcase classname="AutoTest.ClassifireIsAllRussianTest" name="getCountryListStepMaxPlus" time="0.996"/>
  <system-out/>
  <testcase classname="AutoTest.ClassifireIsAllRussianTest" name="getCurrencyGuidNotExist" time="0.967"/>
  <system-out/>
  <testcase classname="AutoTest.ClassifireIsAllRussianTest" name="getCurrencyListStepMaxPlus" time="3.982"/>
  <system-out/>
  <testcase classname="AutoTest.ClassifireIsAllRussianTest" name="getCountryGuidNotExist" time="0.932"/>
  <system-out/>
  <testcase classname="AutoTest.ClassifireIsAllRussianTest" name="getRegionListStepMaxPlus" time="0.948"/>
  <system-out/>
  <testcase classname="AutoTest.ClassifireIsAllRussianTest" name="getTnvedList" time="1.061">
    <failure message="expected: &lt;18&gt; but was: &lt;199&gt;" type="org.opentest4j.AssertionFailedError">
      <![CDATA[org.opentest4j.AssertionFailedError: expected: <18> but was: <199>
at org.junit.jupiter.api.AssertionFailureBuilder.build(AssertionFailureBuilder.java:151)
at org.junit.jupiter.api.AssertionFailureBuilder.buildAndThrow(AssertionFailureBuilder.java:132)
at org.junit.jupiter.api.AssertEquals.failNotEqual(AssertEquals.java:197)
at org.junit.jupiter.api.AssertEquals.assertEquals(AssertEquals.java:150)
at org.junit.jupiter.api.AssertEquals.assertEquals(AssertEquals.java:145)
at org.junit.jupiter.api.Assertions.assertEquals(Assertions.java:528)
at AutoTest.ClassifireIsAllRussianTest.getTnvedList(ClassifireIsAllRussianTest.java:208)
at java.base/jdk.internal.reflect.DirectMethodHandleAccessor.invoke(DirectMethodHandleAccessor.java:104)
at java.base/java.lang.reflect.Method.invoke(Method.java:578)
at org.testng.internal.invokers.MethodInvocationHelper.invokeMethod(MethodInvocationHelper.java:139)
at org.testng.internal.invokers.TestInvoker.invokeMethod(TestInvoker.java:677)
at org.testng.internal.invokers.TestInvoker.invokeTestMethod(TestInvoker.java:221)
at org.testng.internal.invokers.MethodRunner.runInSequence(MethodRunner.java:50)
at org.testng.internal.invokers.TestInvoker$MethodInvocationAgent.invoke(TestInvoker.java:969)
at org.testng.internal.invokers.TestInvoker.invokeTestMethods(TestInvoker.java:194)
at org.testng.internal.invokers.TestMethodWorker.invokeTestMethods(TestMethodWorker.java:148)
at org.testng.internal.invokers.TestMethodWorker.run(TestMethodWorker.java:128)
at java.base/java.util.ArrayList.forEach(ArrayList.java:1511)
at org.testng.TestRunner.privateRun(TestRunner.java:829)
at org.testng.TestRunner.run(TestRunner.java:602)
at org.testng.SuiteRunner.runTest(SuiteRunner.java:437)
at org.testng.SuiteRunner.runSequentially(SuiteRunner.java:431)
at org.testng.SuiteRunner.privateRun(SuiteRunner.java:391)
at org.testng.SuiteRunner.run(SuiteRunner.java:330)
at org.testng.SuiteRunnerWorker.runSuite(SuiteRunnerWorker.java:52)
at org.testng.SuiteRunnerWorker.run(SuiteRunnerWorker.java:95)
at org.testng.TestNG.runSuitesSequentially(TestNG.java:1256)
at org.testng.TestNG.runSuitesLocally(TestNG.java:1176)
at org.testng.TestNG.runSuites(TestNG.java:1099)
at org.testng.TestNG.run(TestNG.java:1067)
at org.apache.maven.surefire.testng.TestNGExecutor.run(TestNGExecutor.java:132)
at org.apache.maven.surefire.testng.TestNGDirectoryTestSuite.executeMulti(TestNGDirectoryTestSuite.java:193)
at org.apache.maven.surefire.testng.TestNGDirectoryTestSuite.execute(TestNGDirectoryTestSuite.java:94)
at org.apache.maven.surefire.testng.TestNGProvider.invoke(TestNGProvider.java:147)
at org.apache.maven.surefire.booter.ForkedBooter.invokeProviderInSameClassLoader(ForkedBooter.java:290)
at org.apache.maven.surefire.booter.ForkedBooter.runSuitesInProcess(ForkedBooter.java:242)
at org.apache.maven.surefire.booter.ForkedBooter.main(ForkedBooter.java:121)
]]>
    </failure>
  </testcase> <!-- getTnvedList -->
  <system-out/>
  <testcase classname="AutoTest.ClassifireIsAllRussianTest" name="getOkpdGuidNotExist" time="1.036"/>
  <system-out/>
  <testcase classname="AutoTest.ClassifireIsAllRussianTest" name="getRegionListStepMaxPlus" time="1.015"/>
  <system-out/>
  <testcase classname="AutoTest.ClassifireIsAllRussianTest" name="getOkpdList" time="0.710">
    <failure message="expected: &lt;17&gt; but was: &lt;100&gt;" type="org.opentest4j.AssertionFailedError">
      <![CDATA[org.opentest4j.AssertionFailedError: expected: <17> but was: <100>
at org.junit.jupiter.api.AssertionFailureBuilder.build(AssertionFailureBuilder.java:151)
at org.junit.jupiter.api.AssertionFailureBuilder.buildAndThrow(AssertionFailureBuilder.java:132)
at org.junit.jupiter.api.AssertEquals.failNotEqual(AssertEquals.java:197)
at org.junit.jupiter.api.AssertEquals.assertEquals(AssertEquals.java:150)
at org.junit.jupiter.api.AssertEquals.assertEquals(AssertEquals.java:145)
at org.junit.jupiter.api.Assertions.assertEquals(Assertions.java:528)
at AutoTest.ClassifireIsAllRussianTest.getOkpdList(ClassifireIsAllRussianTest.java:40)
at java.base/jdk.internal.reflect.DirectMethodHandleAccessor.invoke(DirectMethodHandleAccessor.java:104)
at java.base/java.lang.reflect.Method.invoke(Method.java:578)
at org.testng.internal.invokers.MethodInvocationHelper.invokeMethod(MethodInvocationHelper.java:139)
at org.testng.internal.invokers.TestInvoker.invokeMethod(TestInvoker.java:677)
at org.testng.internal.invokers.TestInvoker.invokeTestMethod(TestInvoker.java:221)
at org.testng.internal.invokers.MethodRunner.runInSequence(MethodRunner.java:50)
at org.testng.internal.invokers.TestInvoker$MethodInvocationAgent.invoke(TestInvoker.java:969)
at org.testng.internal.invokers.TestInvoker.invokeTestMethods(TestInvoker.java:194)
at org.testng.internal.invokers.TestMethodWorker.invokeTestMethods(TestMethodWorker.java:148)
at org.testng.internal.invokers.TestMethodWorker.run(TestMethodWorker.java:128)
at java.base/java.util.ArrayList.forEach(ArrayList.java:1511)
at org.testng.TestRunner.privateRun(TestRunner.java:829)
at org.testng.TestRunner.run(TestRunner.java:602)
at org.testng.SuiteRunner.runTest(SuiteRunner.java:437)
at org.testng.SuiteRunner.runSequentially(SuiteRunner.java:431)
at org.testng.SuiteRunner.privateRun(SuiteRunner.java:391)
at org.testng.SuiteRunner.run(SuiteRunner.java:330)
at org.testng.SuiteRunnerWorker.runSuite(SuiteRunnerWorker.java:52)
at org.testng.SuiteRunnerWorker.run(SuiteRunnerWorker.java:95)
at org.testng.TestNG.runSuitesSequentially(TestNG.java:1256)
at org.testng.TestNG.runSuitesLocally(TestNG.java:1176)
at org.testng.TestNG.runSuites(TestNG.java:1099)
at org.testng.TestNG.run(TestNG.java:1067)
at org.apache.maven.surefire.testng.TestNGExecutor.run(TestNGExecutor.java:132)
at org.apache.maven.surefire.testng.TestNGDirectoryTestSuite.executeMulti(TestNGDirectoryTestSuite.java:193)
at org.apache.maven.surefire.testng.TestNGDirectoryTestSuite.execute(TestNGDirectoryTestSuite.java:94)
at org.apache.maven.surefire.testng.TestNGProvider.invoke(TestNGProvider.java:147)
at org.apache.maven.surefire.booter.ForkedBooter.invokeProviderInSameClassLoader(ForkedBooter.java:290)
at org.apache.maven.surefire.booter.ForkedBooter.runSuitesInProcess(ForkedBooter.java:242)
at org.apache.maven.surefire.booter.ForkedBooter.main(ForkedBooter.java:121)
]]>
    </failure>
  </testcase> <!-- getOkpdList -->
  <system-out/>
  <testcase classname="AutoTest.ClassifireIsAllRussianTest" name="getOkvedListStepMaxPlus" time="1.304"/>
  <system-out/>
  <testcase classname="AutoTest.ClassifireIsAllRussianTest" name="getTnvedGuidNotExist" time="0.990"/>
  <system-out/>
  <testcase classname="AutoTest.ClassifireIsAllRussianTest" name="getOkopfListStepMaxPlus" time="0.987"/>
  <system-out/>
  <testcase classname="AutoTest.ClassifireIsAllRussianTest" name="getBankList" time="1.019">
    <failure message="1 expectation failed.
Response body doesn&#039;t match expectation.
Expected: The content to match the given JSON schema.
error: instance type (string) does not match any allowed primitive type (allowed: [&quot;boolean&quot;])
    level: &quot;error&quot;
    schema: {&quot;loadingURI&quot;:&quot;file:/C:/Users/Sasha/Api/target/test-classes/getBankList.json#&quot;,&quot;pointer&quot;:&quot;/items/properties/activityDiscontinued&quot;}
    instance: {&quot;pointer&quot;:&quot;/13/activityDiscontinued&quot;}
    domain: &quot;validation&quot;
    keyword: &quot;type&quot;
    found: &quot;string&quot;
    expected: [&quot;boolean&quot;]
error: string &quot;&quot; is too short (length: 0, required minimum: 1)
    level: &quot;error&quot;
    schema: {&quot;loadingURI&quot;:&quot;file:/C:/Users/Sasha/Api/target/test-classes/getBankList.json#&quot;,&quot;pointer&quot;:&quot;/items/properties/address&quot;}
    instance: {&quot;pointer&quot;:&quot;/13/address&quot;}
    domain: &quot;validation&quot;
    keyword: &quot;minLength&quot;
    value: &quot;&quot;
    found: 0
    minLength: 1
error: instance type (string) does not match any allowed primitive type (allowed: [&quot;boolean&quot;])
    level: &quot;error&quot;
    schema: {&quot;loadingURI&quot;:&quot;file:/C:/Users/Sasha/Api/target/test-classes/getBankList.json#&quot;,&quot;pointer&quot;:&quot;/items/properties/archive&quot;}
    instance: {&quot;pointer&quot;:&quot;/13/archive&quot;}
    domain: &quot;validation&quot;
    keyword: &quot;type&quot;
    found: &quot;string&quot;
    expected: [&quot;boolean&quot;]
error: string &quot;&quot; is too short (length: 0, required minimum: 1)
    level: &quot;error&quot;
    schema: {&quot;loadingURI&quot;:&quot;file:/C:/Users/Sasha/Api/target/test-classes/getBankList.json#&quot;,&quot;pointer&quot;:&quot;/items/properties/city&quot;}
    instance: {&quot;pointer&quot;:&quot;/13/city&quot;}
    domain: &quot;validation&quot;
    keyword: &quot;minLength&quot;
    value: &quot;&quot;
    found: 0
    minLength: 1
error: string &quot;&quot; is too short (length: 0, required minimum: 20)
    level: &quot;error&quot;
    schema: {&quot;loadingURI&quot;:&quot;file:/C:/Users/Sasha/Api/target/test-classes/getBankList.json#&quot;,&quot;pointer&quot;:&quot;/items/properties/corrAccount&quot;}
    instance: {&quot;pointer&quot;:&quot;/13/corrAccount&quot;}
    domain: &quot;validation&quot;
    keyword: &quot;minLength&quot;
    value: &quot;&quot;
    found: 0
    minLength: 20
error: string &quot;&quot; is too short (length: 0, required minimum: 36)
    level: &quot;error&quot;
    schema: {&quot;loadingURI&quot;:&quot;file:/C:/Users/Sasha/Api/target/test-classes/getBankList.json#&quot;,&quot;pointer&quot;:&quot;/items/properties/country&quot;}
    instance: {&quot;pointer&quot;:&quot;/13/country&quot;}
    domain: &quot;validation&quot;
    keyword: &quot;minLength&quot;
    value: &quot;&quot;
    found: 0
    minLength: 36
error: string &quot;&quot; is too short (length: 0, required minimum: 3)
    level: &quot;error&quot;
    schema: {&quot;loadingURI&quot;:&quot;file:/C:/Users/Sasha/Api/target/test-classes/getBankList.json#&quot;,&quot;pointer&quot;:&quot;/items/properties/countryCode&quot;}
    instance: {&quot;pointer&quot;:&quot;/13/countryCode&quot;}
    domain: &quot;validation&quot;
    keyword: &quot;minLength&quot;
    value: &quot;&quot;
    found: 0
    minLength: 3
error: string &quot;&quot; is too short (length: 0, required minimum: 10)
    level: &quot;error&quot;
    schema: {&quot;loadingURI&quot;:&quot;file:/C:/Users/Sasha/Api/target/test-classes/getBankList.json#&quot;,&quot;pointer&quot;:&quot;/items/properties/dateOutputArchive&quot;}
    instance: {&quot;pointer&quot;:&quot;/13/dateOutputArchive&quot;}
    domain: &quot;validation&quot;
    keyword: &quot;minLength&quot;
    value: &quot;&quot;
    found: 0
    minLength: 10

  Actual: [{guid=979300ab-d82b-11e8-80bb-08002789bf51, archive=false, dateOutputArchive=0001-01-01T00:00:00Z, thisGroup=false, parent=78ddabf2-ca67-11e5-826c-605718cb5baa, bic=043601707, swift=, name=ФИЛИАЛ &quot;САМАРСКИЙ&quot; АО &quot;ОТП БАНК&quot;, corrAccount=30101810722023601707, address=УЛ АВРОРЫ, 150, city=Г. САМАРА, phones=(846)3425312,3425313, country=4e127564-d74f-4dd9-bced-0327f0f4e061, countryCode=643, activityDiscontinued=false}, {guid=979300ac-d82b-11e8-80bb-08002789bf51, archive=false, dateOutputArchive=0001-01-01T00:00:00Z, thisGroup=false, parent=78ddabe1-ca67-11e5-826c-605718cb5baa, bic=044030792, swift=, name=ФИЛИАЛ &quot;СЕВЕРО-ЗАПАДНЫЙ&quot; &quot;УМ-БАНК&quot; ООО, corrAccount=30101810640300000792, address=КАМЕННООСТРОВСКИЙ ПР-Т, 61 ПОМ, city=Г. САНКТ-ПЕТЕРБУРГ, phones=(812)4560720, country=4e127564-d74f-4dd9-bced-0327f0f4e061, countryCode=643, activityDiscontinued=false}, {guid=979300ad-d82b-11e8-80bb-08002789bf51, archive=false, dateOutputArchive=0001-01-01T00:00:00Z, thisGroup=false, parent=78ddac07-ca67-11e5-826c-605718cb5baa, bic=045004711, swift=, name=Куйбышевский филиал АКБ &quot;Ланта-Банк&quot; (АО), corrAccount=30101810750045004711, address=КВАРТАЛ 1, ДОМ 29 &quot;ВСТАВКА&quot;, city=Г. КУЙБЫШЕВ, phones=, country=4e127564-d74f-4dd9-bced-0327f0f4e061, countryCode=643, activityDiscontinued=false}, {guid=979300ae-d82b-11e8-80bb-08002789bf51, archive=false, dateOutputArchive=0001-01-01T00:00:00Z, thisGroup=false, parent=78ddac07-ca67-11e5-826c-605718cb5baa, bic=045004719, swift=, name=ФИЛИАЛ № 5440 БАНКА ВТБ (ПАО), corrAccount=30101810450040000719, address=УЛ ФРУНЗЕ, 232, 234, 234/1, city=Г. НОВОСИБИРСК, phones=(383)2492424,2492425, country=4e127564-d74f-4dd9-bced-0327f0f4e061, countryCode=643, activityDiscontinued=false}, {guid=979300af-d82b-11e8-80bb-08002789bf51, archive=false, dateOutputArchive=0001-01-01T00:00:00Z, thisGroup=false, parent=78ddac07-ca67-11e5-826c-605718cb5baa, bic=045004701, swift=, name=НОВОСИБИРСКИЙ ФИЛИАЛ АБ &quot;РОССИЯ&quot;, corrAccount=30101810950040000701, address=УЛ СЕМЬИ ШАМШИНЫХ, 26, 26/1, city=Г. НОВОСИБИРСК, phones=(383)3670691,3670692, country=4e127564-d74f-4dd9-bced-0327f0f4e061, countryCode=643, activityDiscontinued=false}, {guid=979300b0-d82b-11e8-80bb-08002789bf51, archive=false, dateOutputArchive=0001-01-01T00:00:00Z, thisGroup=false, parent=78ddac09-ca67-11e5-826c-605718cb5baa, bic=046577459, swift=, name=ФИЛИАЛ &quot;УРАЛЬСКИЙ&quot; &quot;УМ-БАНК&quot; ООО, corrAccount=30101810165770000459, address=УЛ БЕЛИНСКОГО, 86, city=Г. ЕКАТЕРИНБУРГ, phones=(343)2871010,3452644, country=4e127564-d74f-4dd9-bced-0327f0f4e061, countryCode=643, activityDiscontinued=false}, {guid=979300b1-d82b-11e8-80bb-08002789bf51, archive=false, dateOutputArchive=0001-01-01T00:00:00Z, thisGroup=false, parent=78ddabe5-ca67-11e5-826c-605718cb5baa, bic=044525745, swift=VTBRRUM2MS3, name=ФИЛИАЛ № 7701 БАНКА ВТБ (ПАО), corrAccount=30101810345250000745, address=УЛ КУЗНЕЦКИЙ МОСТ, 17, СТР 1, city=Г. МОСКВА, phones=(495)9258000, country=4e127564-d74f-4dd9-bced-0327f0f4e061, countryCode=643, activityDiscontinued=false}, {guid=979300b2-d82b-11e8-80bb-08002789bf51, archive=false, dateOutputArchive=0001-01-01T00:00:00Z, thisGroup=false, parent=78ddabe9-ca67-11e5-826c-605718cb5baa, bic=042520842, swift=, name=&quot;Братский АНКБ&quot; ПАО, corrAccount=30101810850042520842, address=УЛ. КОМСОМОЛЬСКАЯ, Д. 43, city=Г. БРАТСК, phones=, country=4e127564-d74f-4dd9-bced-0327f0f4e061, countryCode=643, activityDiscontinued=false}, {guid=979300b3-d82b-11e8-80bb-08002789bf51, archive=false, dateOutputArchive=0001-01-01T00:00:00Z, thisGroup=false, parent=78ddabe9-ca67-11e5-826c-605718cb5baa, bic=042520811, swift=, name=АО &quot;ГРИНКОМБАНК&quot;, corrAccount=30101810950040000811, address=УЛ ФРАНК-КАМЕНЕЦКОГО, 8, city=Г. ИРКУТСК, phones=(3952)255196,240197, country=4e127564-d74f-4dd9-bced-0327f0f4e061, countryCode=643, activityDiscontinued=false}, {guid=979300b4-d82b-11e8-80bb-08002789bf51, archive=false, dateOutputArchive=0001-01-01T00:00:00Z, thisGroup=false, parent=78ddac9c-ca67-11e5-826c-605718cb5baa, bic=040407523, swift=, name=АО АИКБ &quot;ЕНИСЕЙСКИЙ ОБЪЕДИНЕННЫЙ БАНК&quot;, corrAccount=30101810650040000523, address=УЛ КАРЛА МАРКСА, 62, city=Г. КРАСНОЯРСК, phones=(391)2770000, country=4e127564-d74f-4dd9-bced-0327f0f4e061, countryCode=643, activityDiscontinued=false}, {guid=979300b5-d82b-11e8-80bb-08002789bf51, archive=false, dateOutputArchive=0001-01-01T00:00:00Z, thisGroup=false, parent=e8b01830-ca8b-11e5-826c-605718cb5baa, bic=041403725, swift=, name=ООО &quot;Осколбанк&quot;, corrAccount=30101810745250000725, address=Г. СТАРЫЙ ОСКОЛ, М-Н ОЛИМПИЙСК, city=Г. СТАРЫЙ ОСКОЛ, phones=, country=4e127564-d74f-4dd9-bced-0327f0f4e061, countryCode=643, activityDiscontinued=false}, {guid=979300b6-d82b-11e8-80bb-08002789bf51, archive=false, dateOutputArchive=0001-01-01T00:00:00Z, thisGroup=false, parent=78ddabe1-ca67-11e5-826c-605718cb5baa, bic=044030707, swift=VTBRRUM2SP3, name=ФИЛИАЛ № 7806 БАНКА ВТБ (ПАО), corrAccount=30101810240300000707, address=УЛ Б. МОРСКАЯ, 29 ЛИТ А, city=Г. САНКТ-ПЕТЕРБУРГ, phones=(812)3241214, country=4e127564-d74f-4dd9-bced-0327f0f4e061, countryCode=643, activityDiscontinued=false}, {guid=979300b7-d82b-11e8-80bb-08002789bf51, archive=false, dateOutputArchive=0001-01-01T00:00:00Z, thisGroup=false, parent=78ddac09-ca67-11e5-826c-605718cb5baa, bic=046577916, swift=, name=ФИЛИАЛ &quot;НОВОУРАЛЬСКИЙ&quot; ПАО КБ &quot;УБРИР&quot;, corrAccount=30101810365770000916, address=УЛ ДЗЕРЖИНСКОГО, 16, city=Г. НОВОУРАЛЬСК, phones=(34370)25591, country=4e127564-d74f-4dd9-bced-0327f0f4e061, countryCode=643, activityDiscontinued=false}, {guid=78ddabd9-ca67-11e5-826c-605718cb5baa, archive=, dateOutputArchive=, thisGroup=true, parent=00000000-0000-0000-0000-000000000000, bic=90       , swift=, name=РЕСПУБЛИКА СЕВЕРНАЯ ОСЕТИЯ-АЛАНИЯ, corrAccount=, address=, city=, phones=, country=, countryCode=, activityDiscontinued=}, {guid=979300b8-d82b-11e8-80bb-08002789bf51, archive=false, dateOutputArchive=0001-01-01T00:00:00Z, thisGroup=false, parent=78ddabdf-ca67-11e5-826c-605718cb5baa, bic=049246691, swift=, name=АБ &quot;ДЕВОН-КРЕДИТ&quot; (ПАО), corrAccount=30101810722029246691, address=УЛ ЛЕНИНА, 77, city=Г. АЛЬМЕТЬЕВСК, phones=(8553)456777, country=4e127564-d74f-4dd9-bced-0327f0f4e061, countryCode=643, activityDiscontinued=false}, {guid=979300b9-d82b-11e8-80bb-08002789bf51, archive=false, dateOutputArchive=0001-01-01T00:00:00Z, thisGroup=false, parent=78ddabe5-ca67-11e5-826c-605718cb5baa, bic=044525806, swift=, name=ФИЛИАЛ &quot;МОСКОВСКИЙ&quot; КБ &quot;СПУТНИК&quot; (ПАО), corrAccount=30101810145250000806, address=ЛЯЛИН ПЕР, 19-1, city=Г. МОСКВА, phones=(495)5891084, country=4e127564-d74f-4dd9-bced-0327f0f4e061, countryCode=643, activityDiscontinued=false}, {guid=979300ba-d82b-11e8-80bb-08002789bf51, archive=false, dateOutputArchive=0001-01-01T00:00:00Z, thisGroup=false, parent=78ddaccd-ca67-11e5-826c-605718cb5baa, bic=045209702, swift=, name=АО &quot;ИТ Банк&quot;, corrAccount=30101810750045209702, address=УЛ. ДУМСКАЯ, 7, city=Г. ОМСК, phones=, country=4e127564-d74f-4dd9-bced-0327f0f4e061, countryCode=643, activityDiscontinued=false}, {guid=979300bb-d82b-11e8-80bb-08002789bf51, archive=false, dateOutputArchive=0001-01-01T00:00:00Z, thisGroup=false, parent=78ddaccd-ca67-11e5-826c-605718cb5baa, bic=045209701, swift=, name=АО &quot;Эксперт Банк&quot;, corrAccount=30101810450045209701, address=УЛ. МАРШАЛА ЖУКОВА, ДОМ 107, city=Г. ОМСК, phones=, country=4e127564-d74f-4dd9-bced-0327f0f4e061, countryCode=643, activityDiscontinued=false}, {guid=979300bc-d82b-11e8-80bb-08002789bf51, archive=false, dateOutputArchive=0001-01-01T00:00:00Z, thisGroup=false, parent=78ddac09-ca67-11e5-826c-605718cb5baa, bic=046577743, swift=, name=ФИЛИАЛ &quot;ДЕЛО&quot; ПАО &quot;СКБ-БАНК&quot;, corrAccount=30101810965770000743, address=УЛ КУЙБЫШЕВА, 58, city=Г. ЕКАТЕРИНБУРГ, phones=(343)3557000, country=4e127564-d74f-4dd9-bced-0327f0f4e061, countryCode=643, activityDiscontinued=false}, {guid=979300bd-d82b-11e8-80bb-08002789bf51, archive=false, dateOutputArchive=0001-01-01T00:00:00Z, thisGroup=false, parent=78ddaccd-ca67-11e5-826c-605718cb5baa, bic=045209703, swift=, name=КУ АО &quot;Мираф-Банк&quot; - ГК &quot;АСВ&quot;, corrAccount=30101810050045209703, address=УЛ. ФРУНЗЕ, Д.54, city=Г. ОМСК, phones=, country=4e127564-d74f-4dd9-bced-0327f0f4e061, countryCode=643, activityDiscontinued=false}, {guid=9d8e68cb-d82b-11e8-80bb-08002789bf51, archive=false, dateOutputArchive=0001-01-01T00:00:00Z, thisGroup=false, parent=78ddac21-ca67-11e5-826c-605718cb5baa, bic=042202761, swift=, name=Ф. АКБ &quot;ФОРА-БАНК&quot; (АО) В Г. НИЖНИЙ НОВГОРОД, corrAccount=30101810822020000761, address=УЛ КОВАЛИХИНСКАЯ, 8, city=Г. НИЖНИЙ НОВГОРОД, phones=(831)2161801,2161802, country=4e127564-d74f-4dd9-bced-0327f0f4e061, countryCode=643, activityDiscontinued=false}, {guid=9d8e68cc-d82b-11e8-80bb-08002789bf51, archive=false, dateOutputArchive=0001-01-01T00:00:00Z, thisGroup=false, parent=78ddac67-ca67-11e5-826c-605718cb5baa, bic=045773804, swift=, name=ФИЛИАЛ &quot;ЛЫСЬВА&quot; АО АКБ &quot;АЛЕФ-БАНК&quot;, corrAccount=30101810965775700804, address=ПОЖАРСКОГО, Д.8, city=Г. ЛЫСЬВА, phones=, country=4e127564-d74f-4dd9-bced-0327f0f4e061, countryCode=643, activityDiscontinued=false}, {guid=9d8e68cd-d82b-11e8-80bb-08002789bf51, archive=false, dateOutputArchive=0001-01-01T00:00:00Z, thisGroup=false, parent=78ddac21-ca67-11e5-826c-605718cb5baa, bic=042202717, swift=, name=ФИЛИАЛ №10 ПАО КБ &quot;ЦЕНТР-ИНВЕСТ&quot;, corrAccount=30101810122020000717, address=УЛ КОМИНТЕРНА, 139, city=Г. НИЖНИЙ НОВГОРОД, phones=(831)4391708, country=4e127564-d74f-4dd9-bced-0327f0f4e061, countryCode=643, activityDiscontinued=false}, {guid=9d8e68ce-d82b-11e8-80bb-08002789bf51, archive=false, dateOutputArchive=0001-01-01T00:00:00Z, thisGroup=false, parent=78ddac21-ca67-11e5-826c-605718cb5baa, bic=042202716, swift=, name=НИЖЕГОРОДСКИЙ Ф БАНКА&quot;ВОЗРОЖДЕНИЕ&quot;(ПАО), corrAccount=30101810822020000716, address=УЛ БЕЛИНСКОГО, 106 А, city=Г. НИЖНИЙ НОВГОРОД, phones=(831)2787662,2783935, country=4e127564-d74f-4dd9-bced-0327f0f4e061, countryCode=643, activityDiscontinued=false}, {guid=9d8e68cf-d82b-11e8-80bb-08002789bf51, archive=false, dateOutputArchive=0001-01-01T00:00:00Z, thisGroup=false, parent=78ddac21-ca67-11e5-826c-605718cb5baa, bic=042202712, swift=, name=НИЖЕГОРОДСКИЙ ФИЛИАЛ АКБ &quot;ЛАНТА-БАНК&quot; (АО), corrAccount=30101810622020000712, address=МЕЩЕРСКИЙ Б-Р, 3, К 1, city=Г. НИЖНИЙ НОВГОРОД, phones=(831)2208322,2208320, country=4e127564-d74f-4dd9-bced-0327f0f4e061, countryCode=643, activityDiscontinued=false}, {guid=9d8e68d0-d82b-11e8-80bb-08002789bf51, archive=false, dateOutputArchive=0001-01-01T00:00:00Z, thisGroup=false, parent=78ddac17-ca67-11e5-826c-605718cb5baa, bic=046015707, swift=, name=ВОЛГОДОНСКИЙ ф Банка &quot;Возрождение&quot; (ПАО), corrAccount=30101810060150000707, address=БУЛ. ВЕЛИКОЙ ПОБЕДЫ, ДОМ №38А, city=Г. ВОЛГОДОНСК, phones=, country=4e127564-d74f-4dd9-bced-0327f0f4e061, countryCode=643, activityDiscontinued=false}, {guid=9d8e68d1-d82b-11e8-80bb-08002789bf51, archive=false, dateOutputArchive=0001-01-01T00:00:00Z, thisGroup=false, parent=78ddac21-ca67-11e5-826c-605718cb5baa, bic=042202718, swift=, name=ПАО &quot;САРОВБИЗНЕСБАНК&quot;, corrAccount=30101810422020000718, address=УЛ СИЛКИНА, 13, city=Г. САРОВ, phones=(831)4307478,(83130)33640, country=4e127564-d74f-4dd9-bced-0327f0f4e061, countryCode=643, activityDiscontinued=false}, {guid=9d8e68d2-d82b-11e8-80bb-08002789bf51, archive=false, dateOutputArchive=0001-01-01T00:00:00Z, thisGroup=false, parent=78ddac21-ca67-11e5-826c-605718cb5baa, bic=042202727, swift=, name=ПАО КОМБАНК &quot;ХИМИК&quot;, corrAccount=30101810222020000727, address=УЛ УРИЦКОГО, 10 Б, city=Г. ДЗЕРЖИНСК, phones=(8313)261608,251126, country=4e127564-d74f-4dd9-bced-0327f0f4e061, countryCode=643, activityDiscontinued=false}, {guid=9d8e68d3-d82b-11e8-80bb-08002789bf51, archive=false, dateOutputArchive=0001-01-01T00:00:00Z, thisGroup=false, parent=78ddabe5-ca67-11e5-826c-605718cb5baa, bic=044525420, swift=, name=Ф РОКЕТБАНК КИВИ БАНК (АО), corrAccount=30101810945250000420, address=УЛ ПАЛИХА, 10, СТР 5, city=Г. МОСКВА, phones=(495)2313645, country=4e127564-d74f-4dd9-bced-0327f0f4e061, countryCode=643, activityDiscontinued=false}, {guid=78ddabda-ca67-11e5-826c-605718cb5baa, archive=false, dateOutputArchive=0001-01-01T00:00:00Z, thisGroup=false, parent=78ddabd9-ca67-11e5-826c-605718cb5baa, bic=049033736, swift=, name=СКФ ПАО АКБ &quot;ИРОНБАНК&quot;, corrAccount=30101810800000000736, address=, city=Г. ВЛАДИКАВКАЗ, phones=, country=00000000-0000-0000-0000-000000000000, countryCode=, activityDiscontinued=true}, {guid=9d8e68d4-d82b-11e8-80bb-08002789bf51, archive=false, dateOutputArchive=0001-01-01T00:00:00Z, thisGroup=false, parent=78ddac21-ca67-11e5-826c-605718cb5baa, bic=042202731, swift=, name=АО КОМБАНК &quot;АРЗАМАС&quot;, corrAccount=30101810522020000731, address=УЛ КИРОВА, 33, city=Г. АРЗАМАС, phones=(83147)70224,70177, country=4e127564-d74f-4dd9-bced-0327f0f4e061, countryCode=643, activityDiscontinued=false}, {guid=9d8e68d5-d82b-11e8-80bb-08002789bf51, archive=false, dateOutputArchive=0001-01-01T00:00:00Z, thisGroup=false, parent=78ddabe5-ca67-11e5-826c-605718cb5baa, bic=044525864, swift=, name=МОСКОВСКИЙ ФИЛИАЛ АО АКБ &quot;ГАЗБАНК&quot;, corrAccount=30101810145250000864, address=УЛ БРЯНСКАЯ, 5, city=Г. МОСКВА, phones=(495)3639438, country=4e127564-d74f-4dd9-bced-0327f0f4e061, countryCode=643, activityDiscontinued=true}, {guid=9d8e68d6-d82b-11e8-80bb-08002789bf51, archive=false, dateOutputArchive=0001-01-01T00:00:00Z, thisGroup=false, parent=78ddabe5-ca67-11e5-826c-605718cb5baa, bic=044525797, swift=, name=Ф ТОЧКА БАНК КИВИ БАНК (АО), corrAccount=30101810445250000797, address=УЛ СПИРИДОНОВКА, 4, СТР 2, city=Г. МОСКВА, phones=(495)2313645, country=4e127564-d74f-4dd9-bced-0327f0f4e061, countryCode=643, activityDiscontinued=false}, {guid=9d8e68d7-d82b-11e8-80bb-08002789bf51, archive=false, dateOutputArchive=0001-01-01T00:00:00Z, thisGroup=false, parent=78ddac9c-ca67-11e5-826c-605718cb5baa, bic=040407404, swift=, name=ФПАО &quot;ДАЛЬНЕВОСТОЧНЫЙ БАНК&quot; &quot;КРАСНОЯРСКИЙ&quot;, corrAccount=30101810850040000404, address=УЛ МОЛОКОВА, 1, К 4, city=Г. КРАСНОЯРСК, phones=(391)2773071, country=4e127564-d74f-4dd9-bced-0327f0f4e061, countryCode=643, activityDiscontinued=false}, {guid=9d8e68d8-d82b-11e8-80bb-08002789bf51, archive=false, dateOutputArchive=0001-01-01T00:00:00Z, thisGroup=false, parent=78ddad0a-ca67-11e5-826c-605718cb5baa, bic=047144778, swift=, name=СФ АО БАНК &quot;СНГБ&quot;, corrAccount=30101810165777100778, address=УЛ ГУБКИНА, 15 А, city=Г. СУРГУТ, phones=(3462)398700, country=4e127564-d74f-4dd9-bced-0327f0f4e061, countryCode=643, activityDiscontinued=false}, {guid=9d8e68d9-d82b-11e8-80bb-08002789bf51, archive=false, dateOutputArchive=0001-01-01T00:00:00Z, thisGroup=false, parent=78ddabf2-ca67-11e5-826c-605718cb5baa, bic=043601968, swift=VTBRRUM2SA3, name=ФИЛИАЛ № 6318 БАНКА ВТБ (ПАО), corrAccount=30101810422023601968, address=УЛ МОЛОДОГВАРДЕЙСКАЯ, 204, city=Г. САМАРА, phones=(846)2696824,2696834, country=4e127564-d74f-4dd9-bced-0327f0f4e061, countryCode=643, activityDiscontinued=false}, {guid=9d8e68da-d82b-11e8-80bb-08002789bf51, archive=false, dateOutputArchive=0001-01-01T00:00:00Z, thisGroup=false, parent=78ddabf2-ca67-11e5-826c-605718cb5baa, bic=043601975, swift=, name=ООО &quot;РУСФИНАНС БАНК&quot;, corrAccount=30101810622023601975, address=УЛ ЧЕРНОРЕЧЕНСКАЯ, 42 А, city=Г. САМАРА, phones=(846)2696911,2694411, country=4e127564-d74f-4dd9-bced-0327f0f4e061, countryCode=643, activityDiscontinued=false}, {guid=9d8e68db-d82b-11e8-80bb-08002789bf51, archive=false, dateOutputArchive=0001-01-01T00:00:00Z, thisGroup=false, parent=78ddabf7-ca67-11e5-826c-605718cb5baa, bic=045354880, swift=, name=ГК &quot;АСВ&quot; - КУ АО &quot;НСТ-БАНК&quot;, corrAccount=30101810265775300880, address=ВИЛОНОВСКАЯ УЛ, 138, city=Г. САМАРА, phones=, country=4e127564-d74f-4dd9-bced-0327f0f4e061, countryCode=643, activityDiscontinued=false}, {guid=9d8e68dc-d82b-11e8-80bb-08002789bf51, archive=false, dateOutputArchive=0001-01-01T00:00:00Z, thisGroup=false, parent=78ddabe7-ca67-11e5-826c-605718cb5baa, bic=040507595, swift=, name=АО &quot;СОЛИД БАНК&quot;, corrAccount=30101810205070000595, address=УЛ АДМИРАЛА ФОКИНА, 25, city=Г. ВЛАДИВОСТОК, phones=(423)2265722,(423)2469293, country=4e127564-d74f-4dd9-bced-0327f0f4e061, countryCode=643, activityDiscontinued=false}, {guid=9d8e68dd-d82b-11e8-80bb-08002789bf51, archive=false, dateOutputArchive=0001-01-01T00:00:00Z, thisGroup=false, parent=78ddabe1-ca67-11e5-826c-605718cb5baa, bic=044030830, swift=, name=СПБ. Ф. АО БАНК &quot;НАЦИОНАЛЬНЫЙ СТАНДАРТ&quot;, corrAccount=30101810340300000830, address=УЛ. ЧАЙКОВСКОГО, Д. 39, ЛИТ А, city=Г. САНКТ-ПЕТЕРБУРГ, phones=(812)4493155, country=4e127564-d74f-4dd9-bced-0327f0f4e061, countryCode=643, activityDiscontinued=false}, {guid=9d8e68de-d82b-11e8-80bb-08002789bf51, archive=false, dateOutputArchive=0001-01-01T00:00:00Z, thisGroup=false, parent=78ddabeb-ca67-11e5-826c-605718cb5baa, bic=040708735, swift=, name=ФИЛИАЛ В Г. ЕССЕНТУКИ АКБ &quot;ЛАНТА-БАНК&quot; (АО), corrAccount=30101810007080000735, address=УЛ СОВЕТСКАЯ, 20 Б, city=Г. ЕССЕНТУКИ, phones=(87934)54547,54371, country=4e127564-d74f-4dd9-bced-0327f0f4e061, countryCode=643, activityDiscontinued=false}, {guid=9d8e68df-d82b-11e8-80bb-08002789bf51, archive=false, dateOutputArchive=0001-01-01T00:00:00Z, thisGroup=false, parent=78ddac72-ca67-11e5-826c-605718cb5baa, bic=041806745, swift=, name=Урюпинский филиал ПАО КБ &quot;Сельмашбанк&quot;, corrAccount=30101810518060000745, address=УЛ. ШТЕМЕНКО, 47/3, city=Г. УРЮПИНСК, phones=, country=4e127564-d74f-4dd9-bced-0327f0f4e061, countryCode=643, activityDiscontinued=false}, {guid=9d8e68e0-d82b-11e8-80bb-08002789bf51, archive=false, dateOutputArchive=0001-01-01T00:00:00Z, thisGroup=false, parent=78ddac72-ca67-11e5-826c-605718cb5baa, bic=041806730, swift=, name=Ликвидатор АО КБ &quot;Михайловский ПЖСБ&quot;, corrAccount=30101810918060000730, address=УЛИЦА ОБОРОНЫ, 44 &quot;А&quot;, city=Г. МИХАЙЛОВКА, phones=, country=4e127564-d74f-4dd9-bced-0327f0f4e061, countryCode=643, activityDiscontinued=false}, {guid=9d8e68e1-d82b-11e8-80bb-08002789bf51, archive=false, dateOutputArchive=0001-01-01T00:00:00Z, thisGroup=false, parent=78ddabe5-ca67-11e5-826c-605718cb5baa, bic=044525941, swift=, name=&quot;УМ-БАНК&quot; ООО, corrAccount=30101810945250000941, address=УЛ Б. ОРДЫНКА, 59, СТР 2, city=Г. МОСКВА, phones=(495)2123020, country=4e127564-d74f-4dd9-bced-0327f0f4e061, countryCode=643, activityDiscontinued=false}, {guid=9d8e68e2-d82b-11e8-80bb-08002789bf51, archive=false, dateOutputArchive=0001-01-01T00:00:00Z, thisGroup=false, parent=78ddac72-ca67-11e5-826c-605718cb5baa, bic=041806717, swift=, name=ЮЖНЫЙ ФИЛИАЛ АО БАНК &quot;НАЦИОНАЛЬНЫЙ СТАНДАРТ&quot;, corrAccount=30101810818060000717, address=УЛ ИМ. ГАГАРИНА, 7, city=Г. ВОЛГОГРАД, phones=(8442)995000, country=4e127564-d74f-4dd9-bced-0327f0f4e061, countryCode=643, activityDiscontinued=true}, {guid=78ddabdb-ca67-11e5-826c-605718cb5baa, archive=, dateOutputArchive=, thisGroup=true, parent=00000000-0000-0000-0000-000000000000, bic=32       , swift=, name=КЕМЕРОВСКАЯ ОБЛАСТЬ, corrAccount=, address=, city=, phones=, country=, countryCode=, activityDiscontinued=}, {guid=a38a1a95-d82b-11e8-80bb-08002789bf51, archive=false, dateOutputArchive=0001-01-01T00:00:00Z, thisGroup=false, parent=78ddac17-ca67-11e5-826c-605718cb5baa, bic=046015846, swift=, name=КУ ОАО КБ &quot;МАКСИМУМ&quot; - ГК &quot;АСВ&quot;, corrAccount=30101810060150000846, address=УЛ. ВЫСОЦКОГО, Д.4, city=Г. МОСКВА, phones=, country=4e127564-d74f-4dd9-bced-0327f0f4e061, countryCode=643, activityDiscontinued=false}, {guid=a38a1a96-d82b-11e8-80bb-08002789bf51, archive=false, dateOutputArchive=0001-01-01T00:00:00Z, thisGroup=false, parent=78ddac14-ca67-11e5-826c-605718cb5baa, bic=047601205, swift=, name=ООО КБ &quot;ЦЕНТРАЛЬНО-ЕВРОПЕЙСКИЙ БАНК&quot;, corrAccount=30101810950040000205, address=УЛ БАБУШКИНА, 108, city=Г. ЧИТА, phones=(3022)211502, country=4e127564-d74f-4dd9-bced-0327f0f4e061, countryCode=643, activityDiscontinued=false}, {guid=78ddabf7-ca67-11e5-826c-605718cb5baa, archive=, dateOutputArchive=, thisGroup=true, parent=00000000-0000-0000-0000-000000000000, bic=53       , swift=, name=ОРЕНБУРГСКАЯ ОБЛАСТЬ, corrAccount=, address=, city=, phones=, country=, countryCode=, activityDiscontinued=}, {guid=a38a1a97-d82b-11e8-80bb-08002789bf51, archive=false, dateOutputArchive=0001-01-01T00:00:00Z, thisGroup=false, parent=78ddac17-ca67-11e5-826c-605718cb5baa, bic=046015835, swift=, name=КУ ООО &quot;РУССКИЙ НАЦИОНАЛЬНЫЙ БАНК&quot; - ГК &quot;АСВ&quot;, corrAccount=30101810660150000835, address=УЛ ВЫСОЦКОГО, 4 ТЕЛ.(495)96125, city=Г. МОСКВА, phones=(863)2999413,2999418, country=4e127564-d74f-4dd9-bced-0327f0f4e061, countryCode=643, activityDiscontinued=false}, {guid=a38a1a98-d82b-11e8-80bb-08002789bf51, archive=false, dateOutputArchive=0001-01-01T00:00:00Z, thisGroup=false, parent=78ddabe5-ca67-11e5-826c-605718cb5baa, bic=044525535, swift=, name=КУ АБ &quot;АЛДАНЗОЛОТОБАНК&quot; АО - ГК &quot;АСВ&quot;, corrAccount=30101810445250000535, address=УЛ. ВЫСОЦКОГО, Д. 4, city=Г. МОСКВА, phones=, country=4e127564-d74f-4dd9-bced-0327f0f4e061, countryCode=643, activityDiscontinued=false}, {guid=a38a1a99-d82b-11e8-80bb-08002789bf51, archive=false, dateOutputArchive=0001-01-01T00:00:00Z, thisGroup=false, parent=78ddac21-ca67-11e5-826c-605718cb5baa, bic=042202812, swift=, name=ВЫКСУНСКИЙ Ф-Л ПАО АКБ &quot;МЕТАЛЛИНВЕСТБАНК&quot;, corrAccount=30101810522020000812, address=ПЛ ОКТЯБРЬСКОЙ РЕВОЛЮЦИИ, 48, city=Г. ВЫКСА, phones=(83177)35825,31157, country=4e127564-d74f-4dd9-bced-0327f0f4e061, countryCode=643, activityDiscontinued=false}, {guid=a38a1a9a-d82b-11e8-80bb-08002789bf51, archive=false, dateOutputArchive=0001-01-01T00:00:00Z, thisGroup=false, parent=78ddac07-ca67-11e5-826c-605718cb5baa, bic=045004893, swift=, name=НОВОСИБИРСКИЙ Ф-Л НКО &quot;ИНКАХРАН&quot;(АО), corrAccount=30103810950040000893, address=УЛ 2-Я СОЮЗА МОЛОДЕЖИ, 31, city=Г. НОВОСИБИРСК, phones=(383)2260797,2269768, country=4e127564-d74f-4dd9-bced-0327f0f4e061, countryCode=643, activityDiscontinued=false}, {guid=a38a1a9b-d82b-11e8-80bb-08002789bf51, archive=false, dateOutputArchive=0001-01-01T00:00:00Z, thisGroup=false, parent=78ddac07-ca67-11e5-826c-605718cb5baa, bic=045004883, swift=, name=СИБИРСКИЙ ФИЛИАЛ АО &quot;БАНК ИНТЕЗА&quot;, corrAccount=30101810250040000883, address=УЛ ОКТЯБРЬСКАЯ, 49, city=Г. НОВОСИБИРСК, phones=(383)2278193, country=4e127564-d74f-4dd9-bced-0327f0f4e061, countryCode=643, activityDiscontinued=false}, {guid=a38a1a9c-d82b-11e8-80bb-08002789bf51, archive=false, dateOutputArchive=0001-01-01T00:00:00Z, thisGroup=false, parent=78ddac07-ca67-11e5-826c-605718cb5baa, bic=045004876, swift=, name=НОВОСИБИРСКИЙ ФИЛИАЛ ПАО &quot;МТС-БАНК&quot;, corrAccount=30101810050040000876, address=УЛ. НИЖЕГОРОДСКАЯ, 4, city=Г. НОВОСИБИРСК, phones=(383)3251781, country=4e127564-d74f-4dd9-bced-0327f0f4e061, countryCode=643, activityDiscontinued=false}, {guid=a38a1a9d-d82b-11e8-80bb-08002789bf51, archive=false, dateOutputArchive=0001-01-01T00:00:00Z, thisGroup=false, parent=78ddac07-ca67-11e5-826c-605718cb5baa, bic=045004861, swift=, name=ФИЛИАЛ ООО &quot;ЭКСПОБАНК&quot; В Г.НОВОСИБИРСКЕ, corrAccount=30101810450040000861, address=КРАСНЫЙ ПР-Т, 25, city=Г. НОВОСИБИРСК, phones=(383)2105207, country=4e127564-d74f-4dd9-bced-0327f0f4e061, countryCode=643, activityDiscontinued=false}, {guid=a38a1a9e-d82b-11e8-80bb-08002789bf51, archive=false, dateOutputArchive=0001-01-01T00:00:00Z, thisGroup=false, parent=78ddac07-ca67-11e5-826c-605718cb5baa, bic=045004864, swift=, name=СИБИРСКИЙ ФИЛИАЛ АО КБ &quot;МОДУЛЬБАНК&quot;, corrAccount=30101810350040000864, address=УЛ ПЛАНЕТНАЯ, 30, city=Г. НОВОСИБИРСК, phones=(383)3250606,3251575, country=4e127564-d74f-4dd9-bced-0327f0f4e061, countryCode=643, activityDiscontinued=false}, {guid=a38a1a9f-d82b-11e8-80bb-08002789bf51, archive=false, dateOutputArchive=0001-01-01T00:00:00Z, thisGroup=false, parent=78ddabf2-ca67-11e5-826c-605718cb5baa, bic=043601875, swift=, name=САМАРСКИЙ ФИЛИАЛ ТКБ БАНК ПАО, corrAccount=30101810722023601875, address=УЛ СТАРА ЗАГОРА, 52, city=Г. САМАРА, phones=(846)9338233,2280135, country=4e127564-d74f-4dd9-bced-0327f0f4e061, countryCode=643, activityDiscontinued=false}, {guid=a38a1aa0-d82b-11e8-80bb-08002789bf51, archive=false, dateOutputArchive=0001-01-01T00:00:00Z, thisGroup=false, parent=78ddabf2-ca67-11e5-826c-605718cb5baa, bic=043601845, swift=, name=САМАРСКИЙ ФИЛИАЛ БАНКА СОЮЗ (АО), corrAccount=30101810422023601845, address=УЛ КРАСНОАРМЕЙСКАЯ, 75, city=Г. САМАРА, phones=(846)2311251,2311259, country=4e127564-d74f-4dd9-bced-0327f0f4e061, countryCode=643, activityDiscontinued=false}, {guid=a38a1aa1-d82b-11e8-80bb-08002789bf51, archive=false, dateOutputArchive=0001-01-01T00:00:00Z, thisGroup=false, parent=78ddabf2-ca67-11e5-826c-605718cb5baa, bic=043601842, swift=, name=АО КБ &quot;НИБ&quot;, corrAccount=30101810522023601842, address=УЛ ФРУНЗЕ, 102, city=Г. САМАРА, phones=(846)3425750,3425751, country=4e127564-d74f-4dd9-bced-0327f0f4e061, countryCode=643, activityDiscontinued=false}, {guid=a38a1aa2-d82b-11e8-80bb-08002789bf51, archive=false, dateOutputArchive=0001-01-01T00:00:00Z, thisGroup=false, parent=78ddac2f-ca67-11e5-826c-605718cb5baa, bic=040813708, swift=, name=ХАБАРОВСКИЙ ФИЛИАЛ ТКБ БАНК ПАО, corrAccount=30101810108130000708, address=УЛ КОМСОМОЛЬСКАЯ, 102, city=Г. ХАБАРОВСК, phones=(4212)910702, country=4e127564-d74f-4dd9-bced-0327f0f4e061, countryCode=643, activityDiscontinued=false}, {guid=78ddac1c-ca67-11e5-826c-605718cb5baa, archive=false, dateOutputArchive=0001-01-01T00:00:00Z, thisGroup=false, parent=78ddabe5-ca67-11e5-826c-605718cb5baa, bic=044525150, swift=, name=ФИЛИАЛ &quot;МОСКОВСКИЙ&quot; АО &quot;ФИА-БАНК&quot;, corrAccount=30101810545250000150, address=, city=Г. МОСКВА, phones=, country=00000000-0000-0000-0000-000000000000, countryCode=, activityDiscontinued=true}, {guid=a38a1aa3-d82b-11e8-80bb-08002789bf51, archive=false, dateOutputArchive=0001-01-01T00:00:00Z, thisGroup=false, parent=78ddac2f-ca67-11e5-826c-605718cb5baa, bic=040813713, swift=VTBRRUM2KH3, name=ФИЛИАЛ № 2754 БАНКА ВТБ (ПАО), corrAccount=30101810708130000713, address=УЛ МУРАВЬЁВА-АМУРСКОГО, 18, city=Г. ХАБАРОВСК, phones=(4212)455455, country=4e127564-d74f-4dd9-bced-0327f0f4e061, countryCode=643, activityDiscontinued=false}, {guid=a38a1aa4-d82b-11e8-80bb-08002789bf51, archive=false, dateOutputArchive=0001-01-01T00:00:00Z, thisGroup=false, parent=78ddac09-ca67-11e5-826c-605718cb5baa, bic=046577501, swift=VTBRRUM2EK3, name=ФИЛИАЛ № 6602 БАНКА ВТБ (ПАО), corrAccount=30101810165770000501, address=ПР-Т ЛЕНИНА, 27, city=Г. ЕКАТЕРИНБУРГ, phones=(343)3862400, country=4e127564-d74f-4dd9-bced-0327f0f4e061, countryCode=643, activityDiscontinued=false}, {guid=a38a1aa5-d82b-11e8-80bb-08002789bf51, archive=false, dateOutputArchive=0001-01-01T00:00:00Z, thisGroup=false, parent=78ddac09-ca67-11e5-826c-605718cb5baa, bic=046577507, swift=, name=ЕКАТЕРИНБУРГСКИЙ ФИЛИАЛ АБ &quot;РОССИЯ&quot;, corrAccount=30101810965770000507, address=УЛ МАМИНА-СИБИРЯКА, 145, city=Г. ЕКАТЕРИНБУРГ, phones=(343)2863760, country=4e127564-d74f-4dd9-bced-0327f0f4e061, countryCode=643, activityDiscontinued=false}, {guid=a38a1aa6-d82b-11e8-80bb-08002789bf51, archive=false, dateOutputArchive=0001-01-01T00:00:00Z, thisGroup=false, parent=78ddabf2-ca67-11e5-826c-605718cb5baa, bic=043601811, swift=, name=ООО &quot;ЗЕМСКИЙ БАНК&quot;, corrAccount=30101810922023601811, address=УЛ УЛЬЯНОВСКАЯ, 79, city=Г. СЫЗРАНЬ, phones=(8464)985454, country=4e127564-d74f-4dd9-bced-0327f0f4e061, countryCode=643, activityDiscontinued=false}, {guid=a38a1aa7-d82b-11e8-80bb-08002789bf51, archive=false, dateOutputArchive=0001-01-01T00:00:00Z, thisGroup=false, parent=78ddabfd-ca67-11e5-826c-605718cb5baa, bic=046311890, swift=, name=АО &quot;БАЛАКОВО-БАНК&quot;, corrAccount=30101810022026311890, address=УЛ ФАКЕЛ СОЦИАЛИЗМА, 21, city=Г. БАЛАКОВО, phones=(8453)444166,447007, country=4e127564-d74f-4dd9-bced-0327f0f4e061, countryCode=643, activityDiscontinued=false}, {guid=a38a1aa8-d82b-11e8-80bb-08002789bf51, archive=false, dateOutputArchive=0001-01-01T00:00:00Z, thisGroup=false, parent=78ddabe5-ca67-11e5-826c-605718cb5baa, bic=044525641, swift=, name=ФИЛИАЛ 1 ООО КБ &quot;ЦЕНТРАЛЬНО-ЕВРОПЕЙСКИЙ БАНК&quot;, corrAccount=30101810245250000641, address=ПРОЕКТ-Й 4062Й ПР-Д, 6, СТР 16, city=Г. МОСКВА, phones=(495)6625665, country=4e127564-d74f-4dd9-bced-0327f0f4e061, countryCode=643, activityDiscontinued=false}, {guid=a38a1aa9-d82b-11e8-80bb-08002789bf51, archive=false, dateOutputArchive=0001-01-01T00:00:00Z, thisGroup=false, parent=78ddac17-ca67-11e5-826c-605718cb5baa, bic=046015946, swift=, name=ПАО &quot;ТАГАНРОГБАНК&quot;, corrAccount=30101810960150000946, address=УЛ. ГРЕЧЕСКАЯ, 71 ТЕЛ.(8634)31, city=Г. ТАГАНРОГ, phones=, country=4e127564-d74f-4dd9-bced-0327f0f4e061, countryCode=643, activityDiscontinued=false}, {guid=a38a1aaa-d82b-11e8-80bb-08002789bf51, archive=false, dateOutputArchive=0001-01-01T00:00:00Z, thisGroup=false, parent=78ddabe5-ca67-11e5-826c-605718cb5baa, bic=044525646, swift=, name=НКО НКЦ (АО), corrAccount=30103810345250000646, address=Б. КИСЛОВСКИЙ ПЕР, 13, city=Г. МОСКВА, phones=(495)7829794, country=4e127564-d74f-4dd9-bced-0327f0f4e061, countryCode=643, activityDiscontinued=false}, {guid=a38a1aab-d82b-11e8-80bb-08002789bf51, archive=false, dateOutputArchive=0001-01-01T00:00:00Z, thisGroup=false, parent=78ddac07-ca67-11e5-826c-605718cb5baa, bic=045004841, swift=, name=НОВОСИБИРСКИЙ ФИЛИАЛ ТКБ БАНК ПАО, corrAccount=30101810250040000841, address=УЛ КОММУНИСТИЧЕСКАЯ, 35, city=Г. НОВОСИБИРСК, phones=(383)3252500,3252660, country=4e127564-d74f-4dd9-bced-0327f0f4e061, countryCode=643, activityDiscontinued=false}, {guid=a38a1aac-d82b-11e8-80bb-08002789bf51, archive=false, dateOutputArchive=0001-01-01T00:00:00Z, thisGroup=false, parent=78ddac07-ca67-11e5-826c-605718cb5baa, bic=045004846, swift=, name=Ф-Л &quot;НОВОСИБИРСК&quot; АКБ &quot;РОСЕВРОБАНК&quot; (АО), corrAccount=30101810750040000846, address=УЛ ФРУНЗЕ, 5, city=Г. НОВОСИБИРСК, phones=(383)2020750, country=4e127564-d74f-4dd9-bced-0327f0f4e061, countryCode=643, activityDiscontinued=false}, {guid=a38a1aad-d82b-11e8-80bb-08002789bf51, archive=false, dateOutputArchive=0001-01-01T00:00:00Z, thisGroup=false, parent=78ddac07-ca67-11e5-826c-605718cb5baa, bic=045004845, swift=, name=ФИЛИАЛ &quot;НОВОСИБИРСКИЙ&quot; ПАО КБ &quot;УБРИР&quot;, corrAccount=30101810450040000845, address=УЛ ВОКЗАЛЬНАЯ МАГИСТРАЛЬ, 1, city=Г. НОВОСИБИРСК, phones=(383)2201141,2201181, country=4e127564-d74f-4dd9-bced-0327f0f4e061, countryCode=643, activityDiscontinued=false}, {guid=a38a1aae-d82b-11e8-80bb-08002789bf51, archive=false, dateOutputArchive=0001-01-01T00:00:00Z, thisGroup=false, parent=78ddac07-ca67-11e5-826c-605718cb5baa, bic=045004833, swift=, name=НОВОСИБИРСКИЙ ФИЛИАЛ ООО &quot;БАНК БКФ&quot;, corrAccount=30101810750040000833, address=ПР-Т ДИМИТРОВА, 4/1, city=Г. НОВОСИБИРСК, phones=(383)3191118,3191116, country=4e127564-d74f-4dd9-bced-0327f0f4e061, countryCode=643, activityDiscontinued=false}, {guid=aaaf21b4-d82b-11e8-80bb-08002789bf51, archive=false, dateOutputArchive=0001-01-01T00:00:00Z, thisGroup=false, parent=78ddac07-ca67-11e5-826c-605718cb5baa, bic=045004818, swift=, name=НОВОСИБИРСКИЙ ФИЛИАЛ АО ЮНИКРЕДИТ БАНКА, corrAccount=30101810050040000818, address=УЛ МАКСИМА ГОРЬКОГО, 53, city=Г. НОВОСИБИРСК, phones=(383)2300163, country=4e127564-d74f-4dd9-bced-0327f0f4e061, countryCode=643, activityDiscontinued=false}, {guid=aaaf21b5-d82b-11e8-80bb-08002789bf51, archive=false, dateOutputArchive=0001-01-01T00:00:00Z, thisGroup=false, parent=78ddabeb-ca67-11e5-826c-605718cb5baa, bic=040715725, swift=, name=ООО &quot;РУСБС&quot;, corrAccount=30101810107150000725, address=УЛ ГАГАРИНА, 148, city=СТ-ЦА ЕССЕНТУКСКАЯ, phones=(87961)51171,24177,50987, country=4e127564-d74f-4dd9-bced-0327f0f4e061, countryCode=643, activityDiscontinued=false}, {guid=aaaf21b6-d82b-11e8-80bb-08002789bf51, archive=false, dateOutputArchive=0001-01-01T00:00:00Z, thisGroup=false, parent=78ddac0f-ca67-11e5-826c-605718cb5baa, bic=040349789, swift=, name=ООО КБ &quot;ГТ БАНК&quot;, corrAccount=30101810303490000789, address=УЛ СЕВЕРНАЯ, 321, city=Г. КРАСНОДАР, phones=(861)2790305,2791744, country=4e127564-d74f-4dd9-bced-0327f0f4e061, countryCode=643, activityDiscontinued=false}, {guid=aaaf21b7-d82b-11e8-80bb-08002789bf51, archive=false, dateOutputArchive=0001-01-01T00:00:00Z, thisGroup=false, parent=78ddac00-ca67-11e5-826c-605718cb5baa, bic=048209848, swift=, name=КУ ООО КБ &quot;ПРЕСТИЖКРЕДИТБАНК&quot; ГК &quot;АСВ&quot;, corrAccount=30101810282090000848, address=УЛ КАММАЕВА, 19, К &quot;Ж&quot;, city=Г. МАХАЧКАЛА, phones=(8722)561920,561921, country=4e127564-d74f-4dd9-bced-0327f0f4e061, countryCode=643, activityDiscontinued=false}, {guid=aaaf21b8-d82b-11e8-80bb-08002789bf51, archive=false, dateOutputArchive=0001-01-01T00:00:00Z, thisGroup=false, parent=78ddac98-ca67-11e5-826c-605718cb5baa, bic=041117785, swift=, name=Ф-л &quot;Космодром-Плесецк&quot; АО &quot;ФОНДСЕРВИСБАНК&quot;, corrAccount=30101810540300011785, address=УЛ. ПУШКИНА, Д. 3, city=Г. МИРНЫЙ, phones=, country=4e127564-d74f-4dd9-bced-0327f0f4e061, countryCode=643, activityDiscontinued=false}, {guid=aaaf21b9-d82b-11e8-80bb-08002789bf51, archive=false, dateOutputArchive=0001-01-01T00:00:00Z, thisGroup=false, parent=78ddac34-ca67-11e5-826c-605718cb5baa, bic=046489002, swift=, name=ПУ БАНКА РОССИИ ОХОТСКОЕ, corrAccount=, address=УЛ ГНЕЧКО, 1, city=ПГТ ЮЖНО-КУРИЛЬСК, phones=, country=4e127564-d74f-4dd9-bced-0327f0f4e061, countryCode=643, activityDiscontinued=false}, {guid=78ddac57-ca67-11e5-826c-605718cb5baa, archive=, dateOutputArchive=, thisGroup=true, parent=00000000-0000-0000-0000-000000000000, bic=27       , swift=, name=КАЛИНИНГРАДСКАЯ ОБЛАСТЬ, corrAccount=, address=, city=, phones=, country=, countryCode=, activityDiscontinued=}, {guid=aaaf21ba-d82b-11e8-80bb-08002789bf51, archive=false, dateOutputArchive=0001-01-01T00:00:00Z, thisGroup=false, parent=78ddabfd-ca67-11e5-826c-605718cb5baa, bic=046311926, swift=, name=АО РНКО &quot;СИНЕРГИЯ&quot;, corrAccount=30103810622026311926, address=Г. САРАТОВ, УЛ. РАБОЧАЯ, 27, city=Г. САРАТОВ, phones=, country=4e127564-d74f-4dd9-bced-0327f0f4e061, countryCode=643, activityDiscontinued=false}, {guid=aaaf21bb-d82b-11e8-80bb-08002789bf51, archive=false, dateOutputArchive=0001-01-01T00:00:00Z, thisGroup=false, parent=78ddac0f-ca67-11e5-826c-605718cb5baa, bic=040349744, swift=, name=КРАСНОДАРСКИЙ ФИЛИАЛ ПАО РОСБАНК, corrAccount=30101810403490000744, address=УЛ ОЛИМПИЙСКАЯ, 8, city=Г. КРАСНОДАР, phones=(861)2739730,2739731, country=4e127564-d74f-4dd9-bced-0327f0f4e061, countryCode=643, activityDiscontinued=false}, {guid=aaaf21bc-d82b-11e8-80bb-08002789bf51, archive=false, dateOutputArchive=0001-01-01T00:00:00Z, thisGroup=false, parent=78ddac07-ca67-11e5-826c-605718cb5baa, bic=045004796, swift=, name=ФИЛИАЛ &quot;НОВОСИБИРСК&quot; КБ &quot;ЛОКО-БАНК&quot; (АО), corrAccount=30101810350040000796, address=УЛ ЛЕНИНА, 52, city=Г. НОВОСИБИРСК, phones=(383)2380740,2380750, country=4e127564-d74f-4dd9-bced-0327f0f4e061, countryCode=643, activityDiscontinued=false}, {guid=aaaf21bd-d82b-11e8-80bb-08002789bf51, archive=false, dateOutputArchive=0001-01-01T00:00:00Z, thisGroup=false, parent=78ddac17-ca67-11e5-826c-605718cb5baa, bic=046015080, swift=, name=РОСТОВСКИЙ ФИЛИАЛ ПАО &quot;РГС БАНК&quot;, corrAccount=30101810460150000080, address=УЛ ГОРОДА ВОЛОС, 11/81-83/34, city=Г. РОСТОВ-НА-ДОНУ, phones=(863)2370660, country=4e127564-d74f-4dd9-bced-0327f0f4e061, countryCode=643, activityDiscontinued=false}, {guid=aaaf21be-d82b-11e8-80bb-08002789bf51, archive=false, dateOutputArchive=0001-01-01T00:00:00Z, thisGroup=false, parent=78ddac07-ca67-11e5-826c-605718cb5baa, bic=045004785, swift=, name=НОВОСИБИРСКИЙ Ф-Л ПАО АКБ &quot;МЕТАЛЛИНВЕСТБАНК&quot;, corrAccount=30101810950040000785, address=УЛ СОВЕТСКАЯ, 8, city=Г. НОВОСИБИРСК, phones=(383)2091447,2091446, country=4e127564-d74f-4dd9-bced-0327f0f4e061, countryCode=643, activityDiscontinued=false}, {guid=aaaf21bf-d82b-11e8-80bb-08002789bf51, archive=false, dateOutputArchive=0001-01-01T00:00:00Z, thisGroup=false, parent=78ddac17-ca67-11e5-826c-605718cb5baa, bic=046015081, swift=, name=РОСТОВСКИЙ ФИЛИАЛ АО ЮНИКРЕДИТ БАНКА, corrAccount=30101810760150000081, address=УЛ СОЦИАЛИСТИЧЕСКАЯ, 58/51, city=Г. РОСТОВ-НА-ДОНУ, phones=(863)2630900,2630906, country=4e127564-d74f-4dd9-bced-0327f0f4e061, countryCode=643, activityDiscontinued=false}, {guid=aaaf21c0-d82b-11e8-80bb-08002789bf51, archive=false, dateOutputArchive=0001-01-01T00:00:00Z, thisGroup=false, parent=78ddac07-ca67-11e5-826c-605718cb5baa, bic=045004789, swift=, name=ФИЛИАЛ БАНКА МБСП (АО) В НОВОСИБИРСКЕ, corrAccount=30101810150040000789, address=ПР-Т ДИМИТРОВА, 12, city=Г. НОВОСИБИРСК, phones=(383)3734340,3734341, country=4e127564-d74f-4dd9-bced-0327f0f4e061, countryCode=643, activityDiscontinued=false}, {guid=aaaf21c1-d82b-11e8-80bb-08002789bf51, archive=false, dateOutputArchive=0001-01-01T00:00:00Z, thisGroup=false, parent=78ddac17-ca67-11e5-826c-605718cb5baa, bic=046015088, swift=SJSCRUMMRND, name=ФИЛИАЛ &quot;СДМ-БАНК&quot; (ПАО) В Г. РОСТОВ-НА-ДОНУ, corrAccount=30101810860150000088, address=УЛ КАТАЕВА, 293, city=Г. РОСТОВ-НА-ДОНУ, phones=(863)2197712,2197714, country=4e127564-d74f-4dd9-bced-0327f0f4e061, countryCode=643, activityDiscontinued=false}, {guid=aaaf21c2-d82b-11e8-80bb-08002789bf51, archive=false, dateOutputArchive=0001-01-01T00:00:00Z, thisGroup=false, parent=78ddac07-ca67-11e5-826c-605718cb5baa, bic=045004778, swift=, name=ФИЛИАЛ БАНКА &quot;ВБРР&quot; (АО) В Г.НОВОСИБИРСКЕ, corrAccount=30101810750040000778, address=УЛ СИБРЕВКОМА, 2, city=Г. НОВОСИБИРСК, phones=(383)2302201, country=4e127564-d74f-4dd9-bced-0327f0f4e061, countryCode=643, activityDiscontinued=false}, {guid=aaaf21c3-d82b-11e8-80bb-08002789bf51, archive=false, dateOutputArchive=0001-01-01T00:00:00Z, thisGroup=false, parent=78ddac0f-ca67-11e5-826c-605718cb5baa, bic=040349758, swift=VTBRRUM2KD3, name=ФИЛИАЛ № 2351 БАНКА ВТБ (ПАО), corrAccount=30101810703490000758, address=УЛ ИМ. ГОГОЛЯ, 68, city=Г. КРАСНОДАР, phones=(861)2126424,2125627, country=4e127564-d74f-4dd9-bced-0327f0f4e061, countryCode=643, activityDiscontinued=false}, {guid=aaaf21c4-d82b-11e8-80bb-08002789bf51, archive=false, dateOutputArchive=0001-01-01T00:00:00Z, thisGroup=false, parent=78ddac17-ca67-11e5-826c-605718cb5baa, bic=046015094, swift=, name=НОВОЧЕРКАССКИЙ ФИЛИАЛ АО &quot;ФОНДСЕРВИСБАНК&quot;, corrAccount=30101810760150000094, address=ПЛАТОВСКИЙ ПР-Т, 59 Б, city=Г. НОВОЧЕРКАССК, phones=(8635)240550, country=4e127564-d74f-4dd9-bced-0327f0f4e061, countryCode=643, activityDiscontinued=false}, {guid=aaaf21c5-d82b-11e8-80bb-08002789bf51, archive=false, dateOutputArchive=0001-01-01T00:00:00Z, thisGroup=false, parent=78ddac17-ca67-11e5-826c-605718cb5baa, bic=046015068, swift=, name=ДОНСКОЙ ФИЛИАЛ АО КБ &quot;СИТИБАНК&quot;, corrAccount=30101810660150000068, address=УЛ Б. САДОВАЯ, 124, city=Г. РОСТОВ-НА-ДОНУ, phones=(863)2040043,2040002, country=4e127564-d74f-4dd9-bced-0327f0f4e061, countryCode=643, activityDiscontinued=false}, {guid=aaaf21c6-d82b-11e8-80bb-08002789bf51, archive=false, dateOutputArchive=0001-01-01T00:00:00Z, thisGroup=false, parent=78ddac07-ca67-11e5-826c-605718cb5baa, bic=045004763, swift=, name=ФИЛИАЛ &quot;ЦЕНТРАЛЬНЫЙ&quot; ПАО &quot;СОВКОМБАНК&quot;, corrAccount=30101810150040000763, address=УЛ ПОПОВА, 11, city=Г. БЕРДСК, phones=(383)3340606, country=4e127564-d74f-4dd9-bced-0327f0f4e061, countryCode=643, activityDiscontinued=false}, {guid=aaaf21c7-d82b-11e8-80bb-08002789bf51, archive=false, dateOutputArchive=0001-01-01T00:00:00Z, thisGroup=false, parent=78ddac17-ca67-11e5-826c-605718cb5baa, bic=046015066, swift=, name=Ф-Л АО АКБ &quot;НОВИКОМБАНК&quot; В Г.РОСТОВЕ-НА-ДОНУ, corrAccount=30101810060150000066, address=УЛ КРАСНОАРМЕЙСКАЯ, 170/84, city=Г. РОСТОВ-НА-ДОНУ, phones=(863)2017777, country=4e127564-d74f-4dd9-bced-0327f0f4e061, countryCode=643, activityDiscontinued=false}, {guid=78ddabe0-ca67-11e5-826c-605718cb5baa, archive=false, dateOutputArchive=0001-01-01T00:00:00Z, thisGroup=false, parent=78ddabdf-ca67-11e5-826c-605718cb5baa, bic=049246920, swift=, name=НИЖНЕКАМСКИЙ ФАБ &quot;ДЕВОН-КРЕДИТ&quot; (ПАО), corrAccount=30101810700000000920, address=, city=Г. НИЖНЕКАМСК, phones=, country=00000000-0000-0000-0000-000000000000, countryCode=, activityDiscontinued=true}, {guid=aaaf21c8-d82b-11e8-80bb-08002789bf51, archive=false, dateOutputArchive=0001-01-01T00:00:00Z, thisGroup=false, parent=78ddac17-ca67-11e5-826c-605718cb5baa, bic=046015064, swift=, name=ЮЖНЫЙ ФИЛИАЛ АО &quot;БАНК ИНТЕЗА&quot;, corrAccount=30101810460150000064, address=ВОРОШИЛОВСКИЙ ПР-Т, 48, city=Г. РОСТОВ-НА-ДОНУ, phones=(863)2318377,2318388, country=4e127564-d74f-4dd9-bced-0327f0f4e061, countryCode=643, activityDiscontinued=false}, {guid=aaaf21c9-d82b-11e8-80bb-08002789bf51, archive=false, dateOutputArchive=0001-01-01T00:00:00Z, thisGroup=false, parent=78ddac17-ca67-11e5-826c-605718cb5baa, bic=046015065, swift=JSNMRUMMRND, name=РОСТОВСКИЙ ФИЛИАЛ ПАО БАНКА &quot;ФК ОТКРЫТИЕ&quot;, corrAccount=30101810760150000065, address=УЛ ТЕКУЧЕВА, 234, city=Г. РОСТОВ-НА-ДОНУ, phones=(863)2009099, country=4e127564-d74f-4dd9-bced-0327f0f4e061, countryCode=643, activityDiscontinued=true}, {guid=aaaf21ca-d82b-11e8-80bb-08002789bf51, archive=false, dateOutputArchive=0001-01-01T00:00:00Z, thisGroup=false, parent=78ddac17-ca67-11e5-826c-605718cb5baa, bic=046015060, swift=, name=ФИЛИАЛ АО &quot;ГЕНБАНК&quot; В Г.РОСТОВ-НА-ДОНУ, corrAccount=30101810260150000060, address=УЛ ПУШКИНСКАЯ, 94, city=Г. РОСТОВ-НА-ДОНУ, phones=(863)2999333, country=4e127564-d74f-4dd9-bced-0327f0f4e061, countryCode=643, activityDiscontinued=false}, {guid=aaaf21cb-d82b-11e8-80bb-08002789bf51, archive=false, dateOutputArchive=0001-01-01T00:00:00Z, thisGroup=false, parent=78ddac17-ca67-11e5-826c-605718cb5baa, bic=046015061, swift=, name=ФИЛИАЛ ЮЖНЫЙ ПАО БАНКА &quot;ФК ОТКРЫТИЕ&quot;, corrAccount=30101810560150000061, address=УЛ ГОРОДА ВОЛОС, 112/130, city=Г. РОСТОВ-НА-ДОНУ, phones=(863)2688901, country=4e127564-d74f-4dd9-bced-0327f0f4e061, countryCode=643, activityDiscontinued=false}, {guid=aaaf21cc-d82b-11e8-80bb-08002789bf51, archive=false, dateOutputArchive=0001-01-01T00:00:00Z, thisGroup=false, parent=78ddabe7-ca67-11e5-826c-605718cb5baa, bic=040507750, swift=, name=АО &quot;РОЯЛ КРЕДИТ БАНК&quot;, corrAccount=30101810105070000750, address=ПР-Т 100ЛЕТ ВЛАДИ-КА, 155 - 1Б, city=Г. ВЛАДИВОСТОК, phones=(423)2308871,2308870, country=4e127564-d74f-4dd9-bced-0327f0f4e061, countryCode=643, activityDiscontinued=false}, {guid=aaaf21cd-d82b-11e8-80bb-08002789bf51, archive=false, dateOutputArchive=0001-01-01T00:00:00Z, thisGroup=false, parent=78ddac17-ca67-11e5-826c-605718cb5baa, bic=046015078, swift=ZEMCRU22XXX, name=ООО &quot;ЗЕМКОМБАНК&quot;, corrAccount=30101810760150000078, address=УЛ МАЛЮГИНОЙ, 233, city=Г. РОСТОВ-НА-ДОНУ, phones=(863)2800064, country=4e127564-d74f-4dd9-bced-0327f0f4e061, countryCode=643, activityDiscontinued=false}, {guid=aaaf21ce-d82b-11e8-80bb-08002789bf51, archive=false, dateOutputArchive=0001-01-01T00:00:00Z, thisGroup=false, parent=78ddac17-ca67-11e5-826c-605718cb5baa, bic=046015075, swift=, name=РОСТОВСКИЙ ФИЛИАЛ ЦМРБАНК (ООО), corrAccount=30101810860150000075, address=УЛ ПУШКИНСКАЯ, 105/79, city=Г. РОСТОВ-НА-ДОНУ, phones=(863)2695710, country=4e127564-d74f-4dd9-bced-0327f0f4e061, countryCode=643, activityDiscontinued=false}, {guid=aaaf21cf-d82b-11e8-80bb-08002789bf51, archive=false, dateOutputArchive=0001-01-01T00:00:00Z, thisGroup=false, parent=78ddac17-ca67-11e5-826c-605718cb5baa, bic=046015074, swift=, name=ФИЛИАЛ &quot;РОСТОВ-НА-ДОНУ&quot; КБ &quot;ЛОКО-БАНК&quot; (АО), corrAccount=30101810560150000074, address=УЛ МАКСИМА ГОРЬКОГО, 123/67, city=Г. РОСТОВ-НА-ДОНУ, phones=(863)2192772, country=4e127564-d74f-4dd9-bced-0327f0f4e061, countryCode=643, activityDiscontinued=false}, {guid=aaaf21d0-d82b-11e8-80bb-08002789bf51, archive=false, dateOutputArchive=0001-01-01T00:00:00Z, thisGroup=false, parent=78ddac17-ca67-11e5-826c-605718cb5baa, bic=046015051, swift=, name=Ф-Л АКБ &quot;ФОРА-БАНК&quot; (АО) В Г.РОСТОВ-НА-ДОНУ, corrAccount=30101810460150000051, address=УЛ ПУШКИНСКАЯ, 117, city=Г. РОСТОВ-НА-ДОНУ, phones=(863)2403640, country=4e127564-d74f-4dd9-bced-0327f0f4e061, countryCode=643, activityDiscontinued=false}, {guid=aaaf21d1-d82b-11e8-80bb-08002789bf51, archive=false, dateOutputArchive=0001-01-01T00:00:00Z, thisGroup=false, parent=78ddac17-ca67-11e5-826c-605718cb5baa, bic=046015052, swift=, name=ООО КБ &quot;РОСТФИНАНС&quot;, corrAccount=30101810760150000052, address=УЛ КРАСНОАРМЕЙСКАЯ, 166 А, city=Г. РОСТОВ-НА-ДОНУ, phones=(863)2870058, country=4e127564-d74f-4dd9-bced-0327f0f4e061, countryCode=643, activityDiscontinued=false}, {guid=78ddac7b-ca67-11e5-826c-605718cb5baa, archive=false, dateOutputArchive=0001-01-01T00:00:00Z, thisGroup=false, parent=78ddac02-ca67-11e5-826c-605718cb5baa, bic=042809974, swift=, name=ТВЕФ ПАО &quot;БИНБАНК&quot;, corrAccount=30101810900000000974, address=, city=Г. ТВЕРЬ, phones=, country=00000000-0000-0000-0000-000000000000, countryCode=, activityDiscontinued=true}, {guid=aaaf21d2-d82b-11e8-80bb-08002789bf51, archive=false, dateOutputArchive=0001-01-01T00:00:00Z, thisGroup=false, parent=78ddac17-ca67-11e5-826c-605718cb5baa, bic=046015050, swift=, name=ФИЛИАЛ № 1 ПАО МОСОБЛБАНК, corrAccount=30101810160150000050, address=КОММУНИСТИЧЕСКИЙ ПР-Т, 51, city=Г. РОСТОВ-НА-ДОНУ, phones=(863)3009637, country=4e127564-d74f-4dd9-bced-0327f0f4e061, countryCode=643, activityDiscontinued=false}, {guid=aaaf21d3-d82b-11e8-80bb-08002789bf51, archive=false, dateOutputArchive=0001-01-01T00:00:00Z, thisGroup=false, parent=78ddabf2-ca67-11e5-826c-605718cb5baa, bic=043601728, swift=, name=САМАРСКИЙ ФИЛИАЛ ПАО &quot;НЕВСКИЙ БАНК&quot;, corrAccount=30101810222023601728, address=6 ПРОСЕКА, 125, city=Г. САМАРА, phones=(846)2011100, country=4e127564-d74f-4dd9-bced-0327f0f4e061, countryCode=643, activityDiscontinued=false}, {guid=aaaf21d4-d82b-11e8-80bb-08002789bf51, archive=false, dateOutputArchive=0001-01-01T00:00:00Z, thisGroup=false, parent=78ddabe9-ca67-11e5-826c-605718cb5baa, bic=042520764, swift=, name=КОНКУРСНЫЙ УПРАВЛЯЮЩИЙ &quot;ВЛБАНК&quot; (АО)-ГК &quot;АСВ&quot;, corrAccount=30101810450040000764, address=УЛ КИРОВА, 85 А, city=Г. УСТЬ-КУТ, phones=(3952)289500, country=4e127564-d74f-4dd9-bced-0327f0f4e061, countryCode=643, activityDiscontinued=false}, {guid=aaaf21d5-d82b-11e8-80bb-08002789bf51, archive=false, dateOutputArchive=0001-01-01T00:00:00Z, thisGroup=false, parent=78ddabe9-ca67-11e5-826c-605718cb5baa, bic=042520767, swift=, name=АНГАРСКИЙ ФИЛИАЛ АО &quot;ИТ БАНК&quot;, corrAccount=30101810350040000767, address=29-ЫЙ МКР, 15 А, city=Г. АНГАРСК, phones=(3955)671921,564004, country=4e127564-d74f-4dd9-bced-0327f0f4e061, countryCode=643, activityDiscontinued=false}, {guid=78ddabe1-ca67-11e5-826c-605718cb5baa, archive=, dateOutputArchive=, thisGroup=true, parent=00000000-0000-0000-0000-000000000000, bic=40       , swift=, name=Г САНКТ-ПЕТЕРБУРГ, corrAccount=, address=, city=, phones=, country=, countryCode=, activityDiscontinued=}, {guid=aaaf21d6-d82b-11e8-80bb-08002789bf51, archive=false, dateOutputArchive=0001-01-01T00:00:00Z, thisGroup=false, parent=78ddac34-ca67-11e5-826c-605718cb5baa, bic=046401888, swift=KHZARU99XXX, name=АО &quot;БАНК ХОЛМСК&quot;, corrAccount=30101810064010000888, address=УЛ ЛЕНИНА, 304 Г, city=Г. ЮЖНО-САХАЛИНСК, phones=(4242)245858, country=4e127564-d74f-4dd9-bced-0327f0f4e061, countryCode=643, activityDiscontinued=false}, {guid=bbea4eb4-fc53-11e8-80c5-08002789bf51, archive=false, dateOutputArchive=0001-01-01T00:00:00Z, thisGroup=false, parent=78ddabe5-ca67-11e5-826c-605718cb5baa, bic=044525360, swift=, name=Филиал &quot;Корпоративный&quot; ПАО &quot;Совкомбанк&quot;, corrAccount=30101810445250000360, address=УЛ. ВАВИЛОВА, Д. 24, city=Г. МОСКВА, phones=, country=4e127564-d74f-4dd9-bced-0327f0f4e061, countryCode=643, activityDiscontinued=false}, {guid=bbea4eb5-fc53-11e8-80c5-08002789bf51, archive=false, dateOutputArchive=0001-01-01T00:00:00Z, thisGroup=false, parent=78ddabe1-ca67-11e5-826c-605718cb5baa, bic=044030800, swift=, name=Ф-Л СПБ № 2 ПАО БАНК &quot;ФК ОТКРЫТИЕ&quot;, corrAccount=30101810040300000800, address=НАБ. ОБВОДНОГО КАНАЛА, Д. 90,, city=Г. САНКТ-ПЕТЕРБУРГ, phones=, country=4e127564-d74f-4dd9-bced-0327f0f4e061, countryCode=643, activityDiscontinued=false}, {guid=bbea4eb6-fc53-11e8-80c5-08002789bf51, archive=false, dateOutputArchive=0001-01-01T00:00:00Z, thisGroup=false, parent=78ddac49-ca67-11e5-826c-605718cb5baa, bic=047308988, swift=, name=Ф-л Ульяновский № 2 ПАО Банк &quot;ФК Открытие&quot;, corrAccount=30101810122027300988, address=УЛ. АЛЕКСАНДРА МАТРОСОВА, Д 33, city=Г. УЛЬЯНОВСК, phones=, country=4e127564-d74f-4dd9-bced-0327f0f4e061, countryCode=643, activityDiscontinued=false}, {guid=bbea4eb7-fc53-11e8-80c5-08002789bf51, archive=false, dateOutputArchive=0001-01-01T00:00:00Z, thisGroup=false, parent=78ddac07-ca67-11e5-826c-605718cb5baa, bic=045004051, swift=, name=Новосибирский филиал РНКО &quot;Р-ИНКАС&quot; (ООО), corrAccount=30103810450045004051, address=УЛ. ДМИТРИЯ ДОНСКОГО, 11, city=Г. НОВОСИБИРСК, phones=, country=4e127564-d74f-4dd9-bced-0327f0f4e061, countryCode=643, activityDiscontinued=false}, {guid=bbea4eb8-fc53-11e8-80c5-08002789bf51, archive=false, dateOutputArchive=0001-01-01T00:00:00Z, thisGroup=false, parent=78ddabe5-ca67-11e5-826c-605718cb5baa, bic=044525980, swift=, name=Ф-л Мск (Диджитал) ПАО Банк &quot;ФК Открытие&quot;, corrAccount=30101810045250000980, address=УЛ. ПЕТРОВКА, Д. 24, СТР. 1, city=Г. МОСКВА, phones=, country=4e127564-d74f-4dd9-bced-0327f0f4e061, countryCode=643, activityDiscontinued=false}, {guid=bbea4eb9-fc53-11e8-80c5-08002789bf51, archive=false, dateOutputArchive=0001-01-01T00:00:00Z, thisGroup=false, parent=78ddabeb-ca67-11e5-826c-605718cb5baa, bic=040702751, swift=, name=Ф-Л СТАВРОПОЛЬСКИЙ №2 ПАО БАНК &quot;ФК ОТКРЫТИЕ&quot;, corrAccount=30101810007020000751, address=УЛ. ЛЕНИНА, 221, city=Г. СТАВРОПОЛЬ, phones=, country=4e127564-d74f-4dd9-bced-0327f0f4e061, countryCode=643, activityDiscontinued=false}, {guid=bbea4eba-fc53-11e8-80c5-08002789bf51, archive=false, dateOutputArchive=0001-01-01T00:00:00Z, thisGroup=false, parent=78ddac09-ca67-11e5-826c-605718cb5baa, bic=046577520, swift=, name=Ф-л Екб №2 ПАО Банк &quot;ФК Открытие&quot;, corrAccount=30101810065770000520, address=УЛ.ГОРЬКОГО, Д.45, city=Г. ЕКАТЕРИНБУРГ, phones=, country=4e127564-d74f-4dd9-bced-0327f0f4e061, countryCode=643, activityDiscontinued=false}, {guid=bbea4ebb-fc53-11e8-80c5-08002789bf51, archive=false, dateOutputArchive=0001-01-01T00:00:00Z, thisGroup=false, parent=78ddabe7-ca67-11e5-826c-605718cb5baa, bic=040507830, swift=, name=Ф-л Владивостокский №2 ПАО Банк &quot;ФК Открытие&quot;, corrAccount=30101810805070000830, address=ПР-КТ ОКЕАНСКИЙ, Д.123 Б, city=Г. ВЛАДИВОСТОК, phones=, country=4e127564-d74f-4dd9-bced-0327f0f4e061, countryCode=643, activityDiscontinued=false}, {guid=bbea4ebc-fc53-11e8-80c5-08002789bf51, archive=false, dateOutputArchive=0001-01-01T00:00:00Z, thisGroup=false, parent=78ddac17-ca67-11e5-826c-605718cb5baa, bic=046015084, swift=, name=Ф-л Ростовский №2 ПАО Банк &quot;ФК Открытие&quot;, corrAccount=30101810660150000084, address=ПР. ШОЛОХОВА, 32/65, city=Г. РОСТОВ-НА-ДОНУ, phones=, country=4e127564-d74f-4dd9-bced-0327f0f4e061, countryCode=643, activityDiscontinued=false}, {guid=bbea4ebd-fc53-11e8-80c5-08002789bf51, archive=false, dateOutputArchive=0001-01-01T00:00:00Z, thisGroup=false, parent=78ddac07-ca67-11e5-826c-605718cb5baa, bic=045004741, swift=, name=Ф-л Новосибирский №2 ПАО Банк &quot;ФК Открытие&quot;, corrAccount=30101810350040000741, address=УЛ. ЛЕНИНА, Д. 18, city=Г. НОВОСИБИРСК, phones=, country=4e127564-d74f-4dd9-bced-0327f0f4e061, countryCode=643, activityDiscontinued=false}, {guid=78ddabdc-ca67-11e5-826c-605718cb5baa, archive=false, dateOutputArchive=0001-01-01T00:00:00Z, thisGroup=false, parent=78ddabdb-ca67-11e5-826c-605718cb5baa, bic=043207757, swift=, name=ФИЛИАЛ N 11 ПАО МОСОБЛБАНК, corrAccount=30101810000000000757, address=УЛ ВЕСЕННЯЯ, 24, city=Г. КЕМЕРОВО, phones=(3842)363892, country=4e127564-d74f-4dd9-bced-0327f0f4e061, countryCode=643, activityDiscontinued=false}, {guid=78ddabdd-ca67-11e5-826c-605718cb5baa, archive=, dateOutputArchive=, thisGroup=true, parent=00000000-0000-0000-0000-000000000000, bic=66       , swift=, name=СМОЛЕНСКАЯ ОБЛАСТЬ, corrAccount=, address=, city=, phones=, country=, countryCode=, activityDiscontinued=}, {guid=78ddabde-ca67-11e5-826c-605718cb5baa, archive=false, dateOutputArchive=0001-01-01T00:00:00Z, thisGroup=false, parent=78ddabdd-ca67-11e5-826c-605718cb5baa, bic=046610000, swift=, name=РКЦ ВЯЗЬМА, corrAccount=, address=, city=Г. ВЯЗЬМА, phones=, country=00000000-0000-0000-0000-000000000000, countryCode=, activityDiscontinued=true}, {guid=78ddabdf-ca67-11e5-826c-605718cb5baa, archive=, dateOutputArchive=, thisGroup=true, parent=00000000-0000-0000-0000-000000000000, bic=92       , swift=, name=РЕСПУБЛИКА ТАТАРСТАН, corrAccount=, address=, city=, phones=, country=, countryCode=, activityDiscontinued=}, {guid=78ddabe2-ca67-11e5-826c-605718cb5baa, archive=false, dateOutputArchive=0001-01-01T00:00:00Z, thisGroup=false, parent=78ddabe1-ca67-11e5-826c-605718cb5baa, bic=044030743, swift=, name=САНКТ-ПЕТЕРБУРГСКИЙ ФИЛИАЛ ПАО &quot;АК БАНК&quot;, corrAccount=30101810300000000743, address=, city=Г. САНКТ-ПЕТЕРБУРГ, phones=, country=00000000-0000-0000-0000-000000000000, countryCode=, activityDiscontinued=true}, {guid=78ddabe3-ca67-11e5-826c-605718cb5baa, archive=false, dateOutputArchive=0001-01-01T00:00:00Z, thisGroup=false, parent=78ddabe1-ca67-11e5-826c-605718cb5baa, bic=044030708, swift=, name=САНКТ-ПЕТЕРБУРГСКИЙ ФИЛИАЛ АКБ &quot;НЗБАНК&quot;,ОАО, corrAccount=30101810400000000708, address=, city=Г. САНКТ-ПЕТЕРБУРГ, phones=, country=00000000-0000-0000-0000-000000000000, countryCode=, activityDiscontinued=true}, {guid=78ddabe4-ca67-11e5-826c-605718cb5baa, archive=false, dateOutputArchive=0001-01-01T00:00:00Z, thisGroup=false, parent=78ddabe1-ca67-11e5-826c-605718cb5baa, bic=044030821, swift=, name=ФСКБ ПРИМОРЬЯ &quot;ПРИМСОЦБАНК&quot; В Г С-ПЕТЕРБУРГЕ, corrAccount=30101810400000000821, address=УЛ САДОВАЯ, 40 ЛИТ Б, city=Г. САНКТ-ПЕТЕРБУРГ, phones=(812)4934900, country=4e127564-d74f-4dd9-bced-0327f0f4e061, countryCode=643, activityDiscontinued=false}, {guid=78ddabe5-ca67-11e5-826c-605718cb5baa, archive=, dateOutputArchive=, thisGroup=true, parent=00000000-0000-0000-0000-000000000000, bic=45       , swift=, name=Г МОСКВА, corrAccount=, address=, city=, phones=, country=, countryCode=, activityDiscontinued=}, {guid=78ddabe6-ca67-11e5-826c-605718cb5baa, archive=false, dateOutputArchive=0001-01-01T00:00:00Z, thisGroup=false, parent=78ddabe5-ca67-11e5-826c-605718cb5baa, bic=044525461, swift=, name=КУ АКБ &quot;БЕНИФИТ-БАНК&quot; (ЗАО) - ГК &quot;АСВ&quot;, corrAccount=30101810645250000461, address=УЛ ВЫСОЦКОГО, 4, city=Г. МОСКВА, phones=(495)9612526, country=4e127564-d74f-4dd9-bced-0327f0f4e061, countryCode=643, activityDiscontinued=false}, {guid=78ddabe7-ca67-11e5-826c-605718cb5baa, archive=, dateOutputArchive=, thisGroup=true, parent=00000000-0000-0000-0000-000000000000, bic=05       , swift=, name=ПРИМОРСКИЙ КРАЙ, corrAccount=, address=, city=, phones=, country=, countryCode=, activityDiscontinued=}, {guid=78ddabe8-ca67-11e5-826c-605718cb5baa, archive=false, dateOutputArchive=0001-01-01T00:00:00Z, thisGroup=false, parent=78ddabe7-ca67-11e5-826c-605718cb5baa, bic=040507001, swift=, name=ДАЛЬНЕВОСТОЧНОЕ ГУ БАНКА РОССИИ, corrAccount=, address=УЛ СВЕТЛАНСКАЯ, 71, city=Г. ВЛАДИВОСТОК, phones=(423)2406514,2406507, country=4e127564-d74f-4dd9-bced-0327f0f4e061, countryCode=643, activityDiscontinued=false}, {guid=78ddabe9-ca67-11e5-826c-605718cb5baa, archive=, dateOutputArchive=, thisGroup=true, parent=00000000-0000-0000-0000-000000000000, bic=25       , swift=, name=ИРКУТСКАЯ ОБЛАСТЬ, corrAccount=, address=, city=, phones=, country=, countryCode=, activityDiscontinued=}, {guid=78ddabea-ca67-11e5-826c-605718cb5baa, archive=false, dateOutputArchive=0001-01-01T00:00:00Z, thisGroup=false, parent=78ddabe9-ca67-11e5-826c-605718cb5baa, bic=042510000, swift=, name=РКЦ ЧУНСКИЙ, corrAccount=, address=, city=РП ЧУНСКИЙ, phones=, country=00000000-0000-0000-0000-000000000000, countryCode=, activityDiscontinued=true}, {guid=78ddabeb-ca67-11e5-826c-605718cb5baa, archive=, dateOutputArchive=, thisGroup=true, parent=00000000-0000-0000-0000-000000000000, bic=07       , swift=, name=СТАВРОПОЛЬСКИЙ КРАЙ, corrAccount=, address=, city=, phones=, country=, countryCode=, activityDiscontinued=}, {guid=78ddabec-ca67-11e5-826c-605718cb5baa, archive=false, dateOutputArchive=0001-01-01T00:00:00Z, thisGroup=false, parent=78ddabeb-ca67-11e5-826c-605718cb5baa, bic=040702001, swift=, name=ОТДЕЛЕНИЕ СТАВРОПОЛЬ, corrAccount=, address=УЛ ЛЕНИНА, 286, city=Г. СТАВРОПОЛЬ, phones=(8652)224803,224804, country=4e127564-d74f-4dd9-bced-0327f0f4e061, countryCode=643, activityDiscontinued=false}, {guid=78ddabed-ca67-11e5-826c-605718cb5baa, archive=false, dateOutputArchive=0001-01-01T00:00:00Z, thisGroup=false, parent=78ddabe5-ca67-11e5-826c-605718cb5baa, bic=044525212, swift=, name=КУ КБ &quot;ТРАНСИНВЕСТБАНК&quot; (ООО) - ГК &quot;АСВ&quot;, corrAccount=30101810645250000212, address=УЛ ВЫСОЦКОГО, 4, city=Г. МОСКВА, phones=(495)9612526, country=4e127564-d74f-4dd9-bced-0327f0f4e061, countryCode=643, activityDiscontinued=false}, {guid=78ddabee-ca67-11e5-826c-605718cb5baa, archive=, dateOutputArchive=, thisGroup=true, parent=00000000-0000-0000-0000-000000000000, bic=54       , swift=, name=ОРЛОВСКАЯ ОБЛАСТЬ, corrAccount=, address=, city=, phones=, country=, countryCode=, activityDiscontinued=}, {guid=78ddabef-ca67-11e5-826c-605718cb5baa, archive=false, dateOutputArchive=0001-01-01T00:00:00Z, thisGroup=false, parent=78ddabee-ca67-11e5-826c-605718cb5baa, bic=045402751, swift=, name=ОРЛОВСКИЙ РФ АО &quot;РОССЕЛЬХОЗБАНК&quot;, corrAccount=30101810700000000751, address=УЛ МОСКОВСКАЯ, 31 ЛИТ А, city=Г. ОРЁЛ, phones=(4862)541054,735788, country=4e127564-d74f-4dd9-bced-0327f0f4e061, countryCode=643, activityDiscontinued=false}, {guid=78ddabf0-ca67-11e5-826c-605718cb5baa, archive=, dateOutputArchive=, thisGroup=true, parent=00000000-0000-0000-0000-000000000000, bic=17       , swift=, name=ВЛАДИМИРСКАЯ ОБЛАСТЬ, corrAccount=, address=, city=, phones=, country=, countryCode=, activityDiscontinued=}, {guid=78ddabf1-ca67-11e5-826c-605718cb5baa, archive=false, dateOutputArchive=0001-01-01T00:00:00Z, thisGroup=false, parent=78ddabf0-ca67-11e5-826c-605718cb5baa, bic=041708717, swift=, name=ФИЛИАЛ АО &quot;РОСТ БАНК&quot; В Г.ВЛАДИМИРЕ, corrAccount=30101810517080000717, address=, city=Г. ВЛАДИМИР, phones=, country=00000000-0000-0000-0000-000000000000, countryCode=, activityDiscontinued=true}, {guid=78ddabf2-ca67-11e5-826c-605718cb5baa, archive=, dateOutputArchive=, thisGroup=true, parent=00000000-0000-0000-0000-000000000000, bic=36       , swift=, name=САМАРСКАЯ ОБЛАСТЬ, corrAccount=, address=, city=, phones=, country=, countryCode=, activityDiscontinued=}, {guid=78ddac7c-ca67-11e5-826c-605718cb5baa, archive=false, dateOutputArchive=0001-01-01T00:00:00Z, thisGroup=false, parent=78ddac17-ca67-11e5-826c-605718cb5baa, bic=046027835, swift=, name=ООО &quot;РУССКИЙ НАЦИОНАЛЬНЫЙ БАНК&quot;, corrAccount=30101810700000000835, address=, city=Г. РОСТОВ-НА-ДОНУ, phones=, country=00000000-0000-0000-0000-000000000000, countryCode=, activityDiscontinued=true}, {guid=78ddabf3-ca67-11e5-826c-605718cb5baa, archive=false, dateOutputArchive=0001-01-01T00:00:00Z, thisGroup=false, parent=78ddabf2-ca67-11e5-826c-605718cb5baa, bic=043601917, swift=GAZPRUMM037, name=Ф-Л БАНКА ГПБ (АО) &quot;ПОВОЛЖСКИЙ&quot;, corrAccount=30101810000000000917, address=УЛ НОВО-САДОВАЯ, 106 А, СТР 1, city=Г. САМАРА, phones=(846)3396945,3396946, country=4e127564-d74f-4dd9-bced-0327f0f4e061, countryCode=643, activityDiscontinued=false}, {guid=78ddabf4-ca67-11e5-826c-605718cb5baa, archive=false, dateOutputArchive=0001-01-01T00:00:00Z, thisGroup=false, parent=78ddabe5-ca67-11e5-826c-605718cb5baa, bic=044525225, swift=SABRRUMMXXX, name=ПАО СБЕРБАНК, corrAccount=30101810400000000225, address=УЛ ВАВИЛОВА, 19, city=Г. МОСКВА, phones=(495)5005550,88005555550, country=4e127564-d74f-4dd9-bced-0327f0f4e061, countryCode=643, activityDiscontinued=false}, {guid=78ddabf5-ca67-11e5-826c-605718cb5baa, archive=, dateOutputArchive=, thisGroup=true, parent=00000000-0000-0000-0000-000000000000, bic=87       , swift=, name=РЕСПУБЛИКА КОМИ, corrAccount=, address=, city=, phones=, country=, countryCode=, activityDiscontinued=}, {guid=78ddabf6-ca67-11e5-826c-605718cb5baa, archive=false, dateOutputArchive=0001-01-01T00:00:00Z, thisGroup=false, parent=78ddabf5-ca67-11e5-826c-605718cb5baa, bic=048723000, swift=, name=РКЦ УСИНСК, corrAccount=, address=УЛ НЕФТЯНИКОВ, 30, city=Г. УСИНСК, phones=(82144)41735,41445, country=4e127564-d74f-4dd9-bced-0327f0f4e061, countryCode=643, activityDiscontinued=false}, {guid=78ddabf8-ca67-11e5-826c-605718cb5baa, archive=false, dateOutputArchive=0001-01-01T00:00:00Z, thisGroup=false, parent=78ddabf7-ca67-11e5-826c-605718cb5baa, bic=045354860, swift=FORHRU33XXX, name=АКБ &quot;ФОРШТАДТ&quot; (АО), corrAccount=30101810700000000860, address=УЛ ЧКАЛОВА, 35/1, city=Г. ОРЕНБУРГ, phones=(3532)980486,980412, country=4e127564-d74f-4dd9-bced-0327f0f4e061, countryCode=643, activityDiscontinued=false}, {guid=78ddabf9-ca67-11e5-826c-605718cb5baa, archive=, dateOutputArchive=, thisGroup=true, parent=00000000-0000-0000-0000-000000000000, bic=69       , swift=, name=ТОМСКАЯ ОБЛАСТЬ, corrAccount=, address=, city=, phones=, country=, countryCode=, activityDiscontinued=}, {guid=78ddabfa-ca67-11e5-826c-605718cb5baa, archive=false, dateOutputArchive=0001-01-01T00:00:00Z, thisGroup=false, parent=78ddabf9-ca67-11e5-826c-605718cb5baa, bic=046900000, swift=, name=РКЦ КОЛПАШЕВО, corrAccount=, address=, city=Г. КОЛПАШЕВО, phones=, country=00000000-0000-0000-0000-000000000000, countryCode=, activityDiscontinued=true}, {guid=78ddabfb-ca67-11e5-826c-605718cb5baa, archive=false, dateOutputArchive=0001-01-01T00:00:00Z, thisGroup=false, parent=78ddabe1-ca67-11e5-826c-605718cb5baa, bic=044030752, swift=, name=САНКТ-ПЕТЕРБУРГСКИЙ ФИЛИАЛ &quot;БАНК СГБ&quot;, corrAccount=30101810100000000752, address=УЛ. МАРШАЛА ГОВОРОВА, 35 ЛИТ А, city=Г. САНКТ-ПЕТЕРБУРГ, phones=(812)3365900, country=4e127564-d74f-4dd9-bced-0327f0f4e061, countryCode=643, activityDiscontinued=false}, {guid=78ddabfc-ca67-11e5-826c-605718cb5baa, archive=false, dateOutputArchive=0001-01-01T00:00:00Z, thisGroup=false, parent=78ddabe5-ca67-11e5-826c-605718cb5baa, bic=044525102, swift=IKBARUMMXXX, name=АО &quot;ДЕНИЗБАНК МОСКВА&quot;, corrAccount=30101810400000000102, address=2-Я ЗВЕНИГОРОД УЛ, 13, СТР 42, city=Г. МОСКВА, phones=(495)7251020, country=4e127564-d74f-4dd9-bced-0327f0f4e061, countryCode=643, activityDiscontinued=false}, {guid=78ddabfd-ca67-11e5-826c-605718cb5baa, archive=, dateOutputArchive=, thisGroup=true, parent=00000000-0000-0000-0000-000000000000, bic=63       , swift=, name=САРАТОВСКАЯ ОБЛАСТЬ, corrAccount=, address=, city=, phones=, country=, countryCode=, activityDiscontinued=}, {guid=78ddabfe-ca67-11e5-826c-605718cb5baa, archive=false, dateOutputArchive=0001-01-01T00:00:00Z, thisGroup=false, parent=78ddabfd-ca67-11e5-826c-605718cb5baa, bic=046380002, swift=, name=ПУ БАНКА РОССИИ ВОЛЖСКОЕ, corrAccount=, address=, city=П. СВЕТЛЫЙ, phones=(84558)33215, country=4e127564-d74f-4dd9-bced-0327f0f4e061, countryCode=643, activityDiscontinued=false}, {guid=78ddabff-ca67-11e5-826c-605718cb5baa, archive=false, dateOutputArchive=0001-01-01T00:00:00Z, thisGroup=false, parent=78ddabe5-ca67-11e5-826c-605718cb5baa, bic=044583695, swift=, name=КУ ОАО БАНК &quot;СОДРУЖЕСТВО&quot;-ГК &quot;АСВ&quot;, corrAccount=30101810700000000695, address=, city=Г. МОСКВА, phones=, country=00000000-0000-0000-0000-000000000000, countryCode=, activityDiscontinued=true}, {guid=78ddac00-ca67-11e5-826c-605718cb5baa, archive=, dateOutputArchive=, thisGroup=true, parent=00000000-0000-0000-0000-000000000000, bic=82       , swift=, name=РЕСПУБЛИКА ДАГЕСТАН, corrAccount=, address=, city=, phones=, country=, countryCode=, activityDiscontinued=}, {guid=78ddac01-ca67-11e5-826c-605718cb5baa, archive=false, dateOutputArchive=0001-01-01T00:00:00Z, thisGroup=false, parent=78ddac00-ca67-11e5-826c-605718cb5baa, bic=048209870, swift=, name=ЛИКВ ООО РНКО &quot;УМУТ&quot;, corrAccount=30103810400000000870, address=УЛ КАЛИНИНА, 4, city=Г. ХАСАВЮРТ, phones=(87231)51268,51667, country=4e127564-d74f-4dd9-bced-0327f0f4e061, countryCode=643, activityDiscontinued=false}, {guid=78ddac02-ca67-11e5-826c-605718cb5baa, archive=, dateOutputArchive=, thisGroup=true, parent=00000000-0000-0000-0000-000000000000, bic=28       , swift=, name=ТВЕРСКАЯ ОБЛАСТЬ, corrAccount=, address=, city=, phones=, country=, countryCode=, activityDiscontinued=}, {guid=78ddac03-ca67-11e5-826c-605718cb5baa, archive=false, dateOutputArchive=0001-01-01T00:00:00Z, thisGroup=false, parent=78ddac02-ca67-11e5-826c-605718cb5baa, bic=042809909, swift=, name=ТВЕРСКОЙ ФИЛИАЛ АБ &quot;РОССИЯ&quot;, corrAccount=30101810700000000909, address=УЛ КРЫЛОВА, 40/29, city=Г. ТВЕРЬ, phones=(4822)347569, country=4e127564-d74f-4dd9-bced-0327f0f4e061, countryCode=643, activityDiscontinued=false}, {guid=78ddac04-ca67-11e5-826c-605718cb5baa, archive=false, dateOutputArchive=0001-01-01T00:00:00Z, thisGroup=false, parent=78ddac00-ca67-11e5-826c-605718cb5baa, bic=048209989, swift=, name=ФИЛИАЛ ИКБ &quot;ЭНТУЗИАСТБАНК&quot; ООО-КИЗЛЯР, corrAccount=30101810882090000989, address=, city=Г. КИЗЛЯР, phones=, country=00000000-0000-0000-0000-000000000000, countryCode=, activityDiscontinued=true}, {guid=78ddac05-ca67-11e5-826c-605718cb5baa, archive=false, dateOutputArchive=0001-01-01T00:00:00Z, thisGroup=false, parent=78ddabe5-ca67-11e5-826c-605718cb5baa, bic=044583844, swift=, name=КУ КОММЕРЧЕСКИЙ БАНК &quot;СДБ&quot; (ООО) ГК &quot;АСВ&quot;, corrAccount=30101810700000000844, address=, city=Г. МОСКВА, phones=, country=00000000-0000-0000-0000-000000000000, countryCode=, activityDiscontinued=true}, {guid=78ddac06-ca67-11e5-826c-605718cb5baa, archive=false, dateOutputArchive=0001-01-01T00:00:00Z, thisGroup=false, parent=78ddabe5-ca67-11e5-826c-605718cb5baa, bic=044525938, swift=, name=МОСКОВСКИЙ ФИЛИАЛ АО АКБ &quot;ТЕКСБАНК&quot;, corrAccount=30101810945250000938, address=ОЛИМПИЙСКИЙ ПР-Т, 26, СТР 1, city=Г. МОСКВА, phones=(495)6480048, country=4e127564-d74f-4dd9-bced-0327f0f4e061, countryCode=643, activityDiscontinued=false}, {guid=78ddac07-ca67-11e5-826c-605718cb5baa, archive=, dateOutputArchive=, thisGroup=true, parent=00000000-0000-0000-0000-000000000000, bic=50       , swift=, name=НОВОСИБИРСКАЯ ОБЛАСТЬ, corrAccount=, address=, city=, phones=, country=, countryCode=, activityDiscontinued=}, {guid=78ddac08-ca67-11e5-826c-605718cb5baa, archive=false, dateOutputArchive=0001-01-01T00:00:00Z, thisGroup=false, parent=78ddac07-ca67-11e5-826c-605718cb5baa, bic=045004747, swift=, name=ФИЛИАЛ &quot;НОВОСИБИРСКИЙ&quot; АО &quot;ГЛОБЭКСБАНК&quot;, corrAccount=30101810150040000747, address=УЛ ВОКЗАЛЬНАЯ МАГИСТРАЛЬ, 8 А, city=Г. НОВОСИБИРСК, phones=(383)2181508, country=4e127564-d74f-4dd9-bced-0327f0f4e061, countryCode=643, activityDiscontinued=false}, {guid=78ddac09-ca67-11e5-826c-605718cb5baa, archive=, dateOutputArchive=, thisGroup=true, parent=00000000-0000-0000-0000-000000000000, bic=65       , swift=, name=СВЕРДЛОВСКАЯ ОБЛАСТЬ, corrAccount=, address=, city=, phones=, country=, countryCode=, activityDiscontinued=}, {guid=78ddac0a-ca67-11e5-826c-605718cb5baa, archive=false, dateOutputArchive=0001-01-01T00:00:00Z, thisGroup=false, parent=78ddac09-ca67-11e5-826c-605718cb5baa, bic=046577907, swift=, name=ЕКАТЕРИНБУРГСКИЙ ФИЛИАЛ ПАО &quot;АК БАРС&quot; БАНК, corrAccount=30101810400000000907, address=ПР-Т ЛЕНИНА, 20, city=Г. ЕКАТЕРИНБУРГ, phones=(343)3556015, country=4e127564-d74f-4dd9-bced-0327f0f4e061, countryCode=643, activityDiscontinued=false}, {guid=78ddac0b-ca67-11e5-826c-605718cb5baa, archive=, dateOutputArchive=, thisGroup=true, parent=00000000-0000-0000-0000-000000000000, bic=47       , swift=, name=МУРМАНСКАЯ ОБЛАСТЬ, corrAccount=, address=, city=, phones=, country=, countryCode=, activityDiscontinued=}, {guid=78ddac0c-ca67-11e5-826c-605718cb5baa, archive=false, dateOutputArchive=0001-01-01T00:00:00Z, thisGroup=false, parent=78ddac0b-ca67-11e5-826c-605718cb5baa, bic=044705824, swift=, name=ФИЛИАЛ ПАО &quot;ОФК БАНК&quot; В МУРМАНСКЕ, corrAccount=30101810900000000824, address=, city=Г. МУРМАНСК, phones=, country=00000000-0000-0000-0000-000000000000, countryCode=, activityDiscontinued=true}, {guid=78ddac0d-ca67-11e5-826c-605718cb5baa, archive=, dateOutputArchive=, thisGroup=true, parent=00000000-0000-0000-0000-000000000000, bic=19       , swift=, name=ВОЛОГОДСКАЯ ОБЛАСТЬ, corrAccount=, address=, city=, phones=, country=, countryCode=, activityDiscontinued=}, {guid=78ddac0e-ca67-11e5-826c-605718cb5baa, archive=false, dateOutputArchive=0001-01-01T00:00:00Z, thisGroup=false, parent=78ddac0d-ca67-11e5-826c-605718cb5baa, bic=041909708, swift=, name=КУ НКО &quot;КРЕДИТАЛЬЯНС&quot; (ООО), corrAccount=30103810200000000708, address=, city=Г. ВОЛОГДА, phones=, country=00000000-0000-0000-0000-000000000000, countryCode=, activityDiscontinued=true}, {guid=78ddac0f-ca67-11e5-826c-605718cb5baa, archive=, dateOutputArchive=, thisGroup=true, parent=00000000-0000-0000-0000-000000000000, bic=03       , swift=, name=КРАСНОДАРСКИЙ КРАЙ, corrAccount=, address=, city=, phones=, country=, countryCode=, activityDiscontinued=}, {guid=78ddac10-ca67-11e5-826c-605718cb5baa, archive=false, dateOutputArchive=0001-01-01T00:00:00Z, thisGroup=false, parent=78ddac0f-ca67-11e5-826c-605718cb5baa, bic=040349749, swift=, name=КРАСНОДАРСКИЙ ФИЛИАЛ ТКБ БАНК ПАО, corrAccount=30101810500000000749, address=УЛ ФРУНЗЕ, 169, city=Г. КРАСНОДАР, phones=(861)2104542,2104546, country=4e127564-d74f-4dd9-bced-0327f0f4e061, countryCode=643, activityDiscontinued=false}, {guid=78ddac11-ca67-11e5-826c-605718cb5baa, archive=false, dateOutputArchive=0001-01-01T00:00:00Z, thisGroup=false, parent=78ddabf5-ca67-11e5-826c-605718cb5baa, bic=048702731, swift=, name=ФИЛИАЛ КБ &quot;РОСПРОМБАНК&quot; (ООО) В Г. СЫКТЫВКАРЕ, corrAccount=30101810500000000731, address=, city=Г. СЫКТЫВКАР, phones=, country=00000000-0000-0000-0000-000000000000, countryCode=, activityDiscontinued=true}, {guid=78ddac12-ca67-11e5-826c-605718cb5baa, archive=, dateOutputArchive=, thisGroup=true, parent=00000000-0000-0000-0000-000000000000, bic=20       , swift=, name=ВОРОНЕЖСКАЯ ОБЛАСТЬ, corrAccount=, address=, city=, phones=, country=, countryCode=, activityDiscontinued=}, {guid=78ddac13-ca67-11e5-826c-605718cb5baa, archive=false, dateOutputArchive=0001-01-01T00:00:00Z, thisGroup=false, parent=78ddac12-ca67-11e5-826c-605718cb5baa, bic=042007001, swift=, name=ОТДЕЛЕНИЕ ВОРОНЕЖ, corrAccount=, address=УЛ ТЕАТРАЛЬНАЯ, 36, city=Г. ВОРОНЕЖ, phones=(473)2555820,2699990, country=4e127564-d74f-4dd9-bced-0327f0f4e061, countryCode=643, activityDiscontinued=false}, {guid=78ddac14-ca67-11e5-826c-605718cb5baa, archive=, dateOutputArchive=, thisGroup=true, parent=00000000-0000-0000-0000-000000000000, bic=76       , swift=, name=ЗАБАЙКАЛЬСКИЙ КРАЙ, corrAccount=, address=, city=, phones=, country=, countryCode=, activityDiscontinued=}, {guid=78ddac15-ca67-11e5-826c-605718cb5baa, archive=false, dateOutputArchive=0001-01-01T00:00:00Z, thisGroup=false, parent=78ddac14-ca67-11e5-826c-605718cb5baa, bic=047601637, swift=SABRRU66CHT, name=ЧИТИНСКОЕ ОТДЕЛЕНИЕ  N8600 ПАО СБЕРБАНК, corrAccount=30101810500000000637, address=УЛ ПОЛИНЫ ОСИПЕНКО, 40, city=Г. ЧИТА, phones=(3022)336111, country=4e127564-d74f-4dd9-bced-0327f0f4e061, countryCode=643, activityDiscontinued=false}, {guid=78ddac16-ca67-11e5-826c-605718cb5baa, archive=false, dateOutputArchive=0001-01-01T00:00:00Z, thisGroup=false, parent=78ddabdb-ca67-11e5-826c-605718cb5baa, bic=043209770, swift=NOOBRU55XXX, name=ООО &quot;НОВОКИБ&quot;, corrAccount=30101810900000000770, address=УЛ КИРОВА, 69, city=Г. НОВОКУЗНЕЦК, phones=(3843)539698,459267, country=4e127564-d74f-4dd9-bced-0327f0f4e061, countryCode=643, activityDiscontinued=false}, {guid=78ddac17-ca67-11e5-826c-605718cb5baa, archive=, dateOutputArchive=, thisGroup=true, parent=00000000-0000-0000-0000-000000000000, bic=60       , swift=, name=РОСТОВСКАЯ ОБЛАСТЬ, corrAccount=, address=, city=, phones=, country=, countryCode=, activityDiscontinued=}, {guid=78ddac18-ca67-11e5-826c-605718cb5baa, archive=false, dateOutputArchive=0001-01-01T00:00:00Z, thisGroup=false, parent=78ddac17-ca67-11e5-826c-605718cb5baa, bic=046015293, swift=, name=РОСТОВСКИЙ ФИЛИАЛ НКО &quot;ИНКАХРАН&quot; (АО), corrAccount=30103810860150000293, address=, city=Г. РОСТОВ-НА-ДОНУ, phones=, country=00000000-0000-0000-0000-000000000000, countryCode=, activityDiscontinued=true}, {guid=78ddac19-ca67-11e5-826c-605718cb5baa, archive=false, dateOutputArchive=0001-01-01T00:00:00Z, thisGroup=false, parent=78ddac07-ca67-11e5-826c-605718cb5baa, bic=045004775, swift=, name=НОВОСИБИРСКИЙ ФИЛИАЛ ПАО &quot;БИНБАНК&quot;, corrAccount=30101810850040000775, address=, city=Г. НОВОСИБИРСК, phones=, country=00000000-0000-0000-0000-000000000000, countryCode=, activityDiscontinued=true}, {guid=78ddac1a-ca67-11e5-826c-605718cb5baa, archive=false, dateOutputArchive=0001-01-01T00:00:00Z, thisGroup=false, parent=78ddabe5-ca67-11e5-826c-605718cb5baa, bic=044583138, swift=, name=ООО КБ &quot;РАСЧЕТНЫЙ ДОМ&quot;, corrAccount=30101810500000000138, address=, city=Г. МОСКВА, phones=, country=00000000-0000-0000-0000-000000000000, countryCode=, activityDiscontinued=true}, {guid=78ddac1b-ca67-11e5-826c-605718cb5baa, archive=false, dateOutputArchive=0001-01-01T00:00:00Z, thisGroup=false, parent=78ddabe5-ca67-11e5-826c-605718cb5baa, bic=044525762, swift=, name=КУ КБ &quot;ЕВРОТРАСТ&quot; (ЗАО) ГК &quot;АСВ&quot;, corrAccount=30101810400000000762, address=УЛ ВЫСОЦКОГО, 4, city=Г. МОСКВА, phones=(495)9612526, country=4e127564-d74f-4dd9-bced-0327f0f4e061, countryCode=643, activityDiscontinued=false}, {guid=78ddaca1-ca67-11e5-826c-605718cb5baa, archive=, dateOutputArchive=, thisGroup=true, parent=00000000-0000-0000-0000-000000000000, bic=37       , swift=, name=КУРГАНСКАЯ ОБЛАСТЬ, corrAccount=, address=, city=, phones=, country=, countryCode=, activityDiscontinued=}, {guid=78ddac1d-ca67-11e5-826c-605718cb5baa, archive=false, dateOutputArchive=0001-01-01T00:00:00Z, thisGroup=false, parent=78ddabe5-ca67-11e5-826c-605718cb5baa, bic=044525235, swift=, name=КУ ООО &quot;М ПЛЮС&quot; ГК &quot;АСВ&quot;, corrAccount=30101810745250000235, address=УЛ ВЫСОЦКОГО, 4, city=Г. МОСКВА, phones=(495)9612526, country=4e127564-d74f-4dd9-bced-0327f0f4e061, countryCode=643, activityDiscontinued=false}, {guid=78ddac1e-ca67-11e5-826c-605718cb5baa, archive=false, dateOutputArchive=0001-01-01T00:00:00Z, thisGroup=false, parent=78ddabe5-ca67-11e5-826c-605718cb5baa, bic=044583701, swift=, name=ООО НКО &quot;ДЕНЬГИ.МЭЙЛ.РУ&quot;, corrAccount=30103810100000000701, address=, city=Г. МОСКВА, phones=, country=00000000-0000-0000-0000-000000000000, countryCode=, activityDiscontinued=true}, {guid=78ddac1f-ca67-11e5-826c-605718cb5baa, archive=false, dateOutputArchive=0001-01-01T00:00:00Z, thisGroup=false, parent=78ddabe1-ca67-11e5-826c-605718cb5baa, bic=044030769, swift=, name=КУ ОАО КБ &quot;ПЕТРО-АЭРО-БАНК&quot;-ГК &quot;АСВ&quot;, corrAccount=30101810300000000769, address=, city=Г. САНКТ-ПЕТЕРБУРГ, phones=, country=00000000-0000-0000-0000-000000000000, countryCode=, activityDiscontinued=true}, {guid=e8b018e6-ca8b-11e5-826c-605718cb5baa, archive=false, dateOutputArchive=0001-01-01T00:00:00Z, thisGroup=false, parent=78ddac9c-ca67-11e5-826c-605718cb5baa, bic=040481000, swift=, name=РКЦ АЧИНСК, corrAccount=, address=, city=Г. АЧИНСК, phones=, country=00000000-0000-0000-0000-000000000000, countryCode=, activityDiscontinued=true}, {guid=78ddac20-ca67-11e5-826c-605718cb5baa, archive=false, dateOutputArchive=0001-01-01T00:00:00Z, thisGroup=false, parent=78ddac0f-ca67-11e5-826c-605718cb5baa, bic=040396844, swift=, name=КОНКУРСНЫЙ УПРАВЛЯЮЩИЙ ООО КИИБ&quot;СОЧИ&quot;-ГК&quot;АСВ&quot;, corrAccount=30101810700000000844, address=УЛ ВЫСОЦКОГО, 4, city=Г. МОСКВА, phones=(495)7253117, country=4e127564-d74f-4dd9-bced-0327f0f4e061, countryCode=643, activityDiscontinued=false}, {guid=78ddac21-ca67-11e5-826c-605718cb5baa, archive=, dateOutputArchive=, thisGroup=true, parent=00000000-0000-0000-0000-000000000000, bic=22       , swift=, name=НИЖЕГОРОДСКАЯ ОБЛАСТЬ, corrAccount=, address=, city=, phones=, country=, countryCode=, activityDiscontinued=}, {guid=78ddac22-ca67-11e5-826c-605718cb5baa, archive=false, dateOutputArchive=0001-01-01T00:00:00Z, thisGroup=false, parent=78ddac21-ca67-11e5-826c-605718cb5baa, bic=042202821, swift=, name=ФАКБ &quot;РОССИЙСКИЙ КАПИТАЛ&quot; (АО) НИЖЕГОРОДСКИЙ, corrAccount=30101810300000000821, address=УЛ ОШАРСКАЯ, 52, city=Г. НИЖНИЙ НОВГОРОД, phones=(831)2816345, country=4e127564-d74f-4dd9-bced-0327f0f4e061, countryCode=643, activityDiscontinued=false}, {guid=78ddac23-ca67-11e5-826c-605718cb5baa, archive=false, dateOutputArchive=0001-01-01T00:00:00Z, thisGroup=false, parent=78ddabe5-ca67-11e5-826c-605718cb5baa, bic=044525551, swift=ICBKRUMMXXX, name=АЙСИБИСИ БАНК (АО), corrAccount=30101810200000000551, address=СЕРЕБРЯНИЧЕСКАЯ НАБ, 29, city=Г. МОСКВА, phones=(495)2873099, country=4e127564-d74f-4dd9-bced-0327f0f4e061, countryCode=643, activityDiscontinued=false}, {guid=78ddac24-ca67-11e5-826c-605718cb5baa, archive=false, dateOutputArchive=0001-01-01T00:00:00Z, thisGroup=false, parent=78ddabe5-ca67-11e5-826c-605718cb5baa, bic=044525476, swift=CBMWRUMMXXX, name=АО &quot;МОСКОМБАНК&quot;, corrAccount=30101810245250000476, address=УЛ 1-Я ФРУНЗЕНСКАЯ, 5, city=Г. МОСКВА, phones=(495)6091919, country=4e127564-d74f-4dd9-bced-0327f0f4e061, countryCode=643, activityDiscontinued=false}, {guid=78ddac25-ca67-11e5-826c-605718cb5baa, archive=, dateOutputArchive=, thisGroup=true, parent=00000000-0000-0000-0000-000000000000, bic=00       , swift=, name=ТЕРРИТОРИЯ НЕ ОПРЕДЕЛЕНА, corrAccount=, address=, city=, phones=, country=, countryCode=, activityDiscontinued=}, {guid=78ddac26-ca67-11e5-826c-605718cb5baa, archive=false, dateOutputArchive=0001-01-01T00:00:00Z, thisGroup=false, parent=78ddac25-ca67-11e5-826c-605718cb5baa, bic=040004002, swift=, name=ПУ БАНКА РОССИИ N 67903, corrAccount=, address=П/П 67903, city=, phones=, country=4e127564-d74f-4dd9-bced-0327f0f4e061, countryCode=643, activityDiscontinued=false}, {guid=78ddac27-ca67-11e5-826c-605718cb5baa, archive=false, dateOutputArchive=0001-01-01T00:00:00Z, thisGroup=false, parent=78ddac00-ca67-11e5-826c-605718cb5baa, bic=048209788, swift=, name=ФАКБ &quot;ИНВЕСТТОРГБАНК&quot; (ПАО) &quot;МАХАЧКАЛИНСКИЙ&quot;, corrAccount=30101810400000000788, address=, city=Г. МАХАЧКАЛА, phones=, country=00000000-0000-0000-0000-000000000000, countryCode=, activityDiscontinued=true}, {guid=78ddac28-ca67-11e5-826c-605718cb5baa, archive=, dateOutputArchive=, thisGroup=true, parent=00000000-0000-0000-0000-000000000000, bic=94       , swift=, name=УДМУРТСКАЯ РЕСПУБЛИКА, corrAccount=, address=, city=, phones=, country=, countryCode=, activityDiscontinued=}]
" type="java.lang.AssertionError">
      <![CDATA[java.lang.AssertionError: 1 expectation failed.
Response body doesn't match expectation.
Expected: The content to match the given JSON schema.
error: instance type (string) does not match any allowed primitive type (allowed: ["boolean"])
    level: "error"
    schema: {"loadingURI":"file:/C:/Users/Sasha/Api/target/test-classes/getBankList.json#","pointer":"/items/properties/activityDiscontinued"}
    instance: {"pointer":"/13/activityDiscontinued"}
    domain: "validation"
    keyword: "type"
    found: "string"
    expected: ["boolean"]
error: string "" is too short (length: 0, required minimum: 1)
    level: "error"
    schema: {"loadingURI":"file:/C:/Users/Sasha/Api/target/test-classes/getBankList.json#","pointer":"/items/properties/address"}
    instance: {"pointer":"/13/address"}
    domain: "validation"
    keyword: "minLength"
    value: ""
    found: 0
    minLength: 1
error: instance type (string) does not match any allowed primitive type (allowed: ["boolean"])
    level: "error"
    schema: {"loadingURI":"file:/C:/Users/Sasha/Api/target/test-classes/getBankList.json#","pointer":"/items/properties/archive"}
    instance: {"pointer":"/13/archive"}
    domain: "validation"
    keyword: "type"
    found: "string"
    expected: ["boolean"]
error: string "" is too short (length: 0, required minimum: 1)
    level: "error"
    schema: {"loadingURI":"file:/C:/Users/Sasha/Api/target/test-classes/getBankList.json#","pointer":"/items/properties/city"}
    instance: {"pointer":"/13/city"}
    domain: "validation"
    keyword: "minLength"
    value: ""
    found: 0
    minLength: 1
error: string "" is too short (length: 0, required minimum: 20)
    level: "error"
    schema: {"loadingURI":"file:/C:/Users/Sasha/Api/target/test-classes/getBankList.json#","pointer":"/items/properties/corrAccount"}
    instance: {"pointer":"/13/corrAccount"}
    domain: "validation"
    keyword: "minLength"
    value: ""
    found: 0
    minLength: 20
error: string "" is too short (length: 0, required minimum: 36)
    level: "error"
    schema: {"loadingURI":"file:/C:/Users/Sasha/Api/target/test-classes/getBankList.json#","pointer":"/items/properties/country"}
    instance: {"pointer":"/13/country"}
    domain: "validation"
    keyword: "minLength"
    value: ""
    found: 0
    minLength: 36
error: string "" is too short (length: 0, required minimum: 3)
    level: "error"
    schema: {"loadingURI":"file:/C:/Users/Sasha/Api/target/test-classes/getBankList.json#","pointer":"/items/properties/countryCode"}
    instance: {"pointer":"/13/countryCode"}
    domain: "validation"
    keyword: "minLength"
    value: ""
    found: 0
    minLength: 3
error: string "" is too short (length: 0, required minimum: 10)
    level: "error"
    schema: {"loadingURI":"file:/C:/Users/Sasha/Api/target/test-classes/getBankList.json#","pointer":"/items/properties/dateOutputArchive"}
    instance: {"pointer":"/13/dateOutputArchive"}
    domain: "validation"
    keyword: "minLength"
    value: ""
    found: 0
    minLength: 10

  Actual: [{guid=979300ab-d82b-11e8-80bb-08002789bf51, archive=false, dateOutputArchive=0001-01-01T00:00:00Z, thisGroup=false, parent=78ddabf2-ca67-11e5-826c-605718cb5baa, bic=043601707, swift=, name=ФИЛИАЛ "САМАРСКИЙ" АО "ОТП БАНК", corrAccount=30101810722023601707, address=УЛ АВРОРЫ, 150, city=Г. САМАРА, phones=(846)3425312,3425313, country=4e127564-d74f-4dd9-bced-0327f0f4e061, countryCode=643, activityDiscontinued=false}, {guid=979300ac-d82b-11e8-80bb-08002789bf51, archive=false, dateOutputArchive=0001-01-01T00:00:00Z, thisGroup=false, parent=78ddabe1-ca67-11e5-826c-605718cb5baa, bic=044030792, swift=, name=ФИЛИАЛ "СЕВЕРО-ЗАПАДНЫЙ" "УМ-БАНК" ООО, corrAccount=30101810640300000792, address=КАМЕННООСТРОВСКИЙ ПР-Т, 61 ПОМ, city=Г. САНКТ-ПЕТЕРБУРГ, phones=(812)4560720, country=4e127564-d74f-4dd9-bced-0327f0f4e061, countryCode=643, activityDiscontinued=false}, {guid=979300ad-d82b-11e8-80bb-08002789bf51, archive=false, dateOutputArchive=0001-01-01T00:00:00Z, thisGroup=false, parent=78ddac07-ca67-11e5-826c-605718cb5baa, bic=045004711, swift=, name=Куйбышевский филиал АКБ "Ланта-Банк" (АО), corrAccount=30101810750045004711, address=КВАРТАЛ 1, ДОМ 29 "ВСТАВКА", city=Г. КУЙБЫШЕВ, phones=, country=4e127564-d74f-4dd9-bced-0327f0f4e061, countryCode=643, activityDiscontinued=false}, {guid=979300ae-d82b-11e8-80bb-08002789bf51, archive=false, dateOutputArchive=0001-01-01T00:00:00Z, thisGroup=false, parent=78ddac07-ca67-11e5-826c-605718cb5baa, bic=045004719, swift=, name=ФИЛИАЛ № 5440 БАНКА ВТБ (ПАО), corrAccount=30101810450040000719, address=УЛ ФРУНЗЕ, 232, 234, 234/1, city=Г. НОВОСИБИРСК, phones=(383)2492424,2492425, country=4e127564-d74f-4dd9-bced-0327f0f4e061, countryCode=643, activityDiscontinued=false}, {guid=979300af-d82b-11e8-80bb-08002789bf51, archive=false, dateOutputArchive=0001-01-01T00:00:00Z, thisGroup=false, parent=78ddac07-ca67-11e5-826c-605718cb5baa, bic=045004701, swift=, name=НОВОСИБИРСКИЙ ФИЛИАЛ АБ "РОССИЯ", corrAccount=30101810950040000701, address=УЛ СЕМЬИ ШАМШИНЫХ, 26, 26/1, city=Г. НОВОСИБИРСК, phones=(383)3670691,3670692, country=4e127564-d74f-4dd9-bced-0327f0f4e061, countryCode=643, activityDiscontinued=false}, {guid=979300b0-d82b-11e8-80bb-08002789bf51, archive=false, dateOutputArchive=0001-01-01T00:00:00Z, thisGroup=false, parent=78ddac09-ca67-11e5-826c-605718cb5baa, bic=046577459, swift=, name=ФИЛИАЛ "УРАЛЬСКИЙ" "УМ-БАНК" ООО, corrAccount=30101810165770000459, address=УЛ БЕЛИНСКОГО, 86, city=Г. ЕКАТЕРИНБУРГ, phones=(343)2871010,3452644, country=4e127564-d74f-4dd9-bced-0327f0f4e061, countryCode=643, activityDiscontinued=false}, {guid=979300b1-d82b-11e8-80bb-08002789bf51, archive=false, dateOutputArchive=0001-01-01T00:00:00Z, thisGroup=false, parent=78ddabe5-ca67-11e5-826c-605718cb5baa, bic=044525745, swift=VTBRRUM2MS3, name=ФИЛИАЛ № 7701 БАНКА ВТБ (ПАО), corrAccount=30101810345250000745, address=УЛ КУЗНЕЦКИЙ МОСТ, 17, СТР 1, city=Г. МОСКВА, phones=(495)9258000, country=4e127564-d74f-4dd9-bced-0327f0f4e061, countryCode=643, activityDiscontinued=false}, {guid=979300b2-d82b-11e8-80bb-08002789bf51, archive=false, dateOutputArchive=0001-01-01T00:00:00Z, thisGroup=false, parent=78ddabe9-ca67-11e5-826c-605718cb5baa, bic=042520842, swift=, name="Братский АНКБ" ПАО, corrAccount=30101810850042520842, address=УЛ. КОМСОМОЛЬСКАЯ, Д. 43, city=Г. БРАТСК, phones=, country=4e127564-d74f-4dd9-bced-0327f0f4e061, countryCode=643, activityDiscontinued=false}, {guid=979300b3-d82b-11e8-80bb-08002789bf51, archive=false, dateOutputArchive=0001-01-01T00:00:00Z, thisGroup=false, parent=78ddabe9-ca67-11e5-826c-605718cb5baa, bic=042520811, swift=, name=АО "ГРИНКОМБАНК", corrAccount=30101810950040000811, address=УЛ ФРАНК-КАМЕНЕЦКОГО, 8, city=Г. ИРКУТСК, phones=(3952)255196,240197, country=4e127564-d74f-4dd9-bced-0327f0f4e061, countryCode=643, activityDiscontinued=false}, {guid=979300b4-d82b-11e8-80bb-08002789bf51, archive=false, dateOutputArchive=0001-01-01T00:00:00Z, thisGroup=false, parent=78ddac9c-ca67-11e5-826c-605718cb5baa, bic=040407523, swift=, name=АО АИКБ "ЕНИСЕЙСКИЙ ОБЪЕДИНЕННЫЙ БАНК", corrAccount=30101810650040000523, address=УЛ КАРЛА МАРКСА, 62, city=Г. КРАСНОЯРСК, phones=(391)2770000, country=4e127564-d74f-4dd9-bced-0327f0f4e061, countryCode=643, activityDiscontinued=false}, {guid=979300b5-d82b-11e8-80bb-08002789bf51, archive=false, dateOutputArchive=0001-01-01T00:00:00Z, thisGroup=false, parent=e8b01830-ca8b-11e5-826c-605718cb5baa, bic=041403725, swift=, name=ООО "Осколбанк", corrAccount=30101810745250000725, address=Г. СТАРЫЙ ОСКОЛ, М-Н ОЛИМПИЙСК, city=Г. СТАРЫЙ ОСКОЛ, phones=, country=4e127564-d74f-4dd9-bced-0327f0f4e061, countryCode=643, activityDiscontinued=false}, {guid=979300b6-d82b-11e8-80bb-08002789bf51, archive=false, dateOutputArchive=0001-01-01T00:00:00Z, thisGroup=false, parent=78ddabe1-ca67-11e5-826c-605718cb5baa, bic=044030707, swift=VTBRRUM2SP3, name=ФИЛИАЛ № 7806 БАНКА ВТБ (ПАО), corrAccount=30101810240300000707, address=УЛ Б. МОРСКАЯ, 29 ЛИТ А, city=Г. САНКТ-ПЕТЕРБУРГ, phones=(812)3241214, country=4e127564-d74f-4dd9-bced-0327f0f4e061, countryCode=643, activityDiscontinued=false}, {guid=979300b7-d82b-11e8-80bb-08002789bf51, archive=false, dateOutputArchive=0001-01-01T00:00:00Z, thisGroup=false, parent=78ddac09-ca67-11e5-826c-605718cb5baa, bic=046577916, swift=, name=ФИЛИАЛ "НОВОУРАЛЬСКИЙ" ПАО КБ "УБРИР", corrAccount=30101810365770000916, address=УЛ ДЗЕРЖИНСКОГО, 16, city=Г. НОВОУРАЛЬСК, phones=(34370)25591, country=4e127564-d74f-4dd9-bced-0327f0f4e061, countryCode=643, activityDiscontinued=false}, {guid=78ddabd9-ca67-11e5-826c-605718cb5baa, archive=, dateOutputArchive=, thisGroup=true, parent=00000000-0000-0000-0000-000000000000, bic=90       , swift=, name=РЕСПУБЛИКА СЕВЕРНАЯ ОСЕТИЯ-АЛАНИЯ, corrAccount=, address=, city=, phones=, country=, countryCode=, activityDiscontinued=}, {guid=979300b8-d82b-11e8-80bb-08002789bf51, archive=false, dateOutputArchive=0001-01-01T00:00:00Z, thisGroup=false, parent=78ddabdf-ca67-11e5-826c-605718cb5baa, bic=049246691, swift=, name=АБ "ДЕВОН-КРЕДИТ" (ПАО), corrAccount=30101810722029246691, address=УЛ ЛЕНИНА, 77, city=Г. АЛЬМЕТЬЕВСК, phones=(8553)456777, country=4e127564-d74f-4dd9-bced-0327f0f4e061, countryCode=643, activityDiscontinued=false}, {guid=979300b9-d82b-11e8-80bb-08002789bf51, archive=false, dateOutputArchive=0001-01-01T00:00:00Z, thisGroup=false, parent=78ddabe5-ca67-11e5-826c-605718cb5baa, bic=044525806, swift=, name=ФИЛИАЛ "МОСКОВСКИЙ" КБ "СПУТНИК" (ПАО), corrAccount=30101810145250000806, address=ЛЯЛИН ПЕР, 19-1, city=Г. МОСКВА, phones=(495)5891084, country=4e127564-d74f-4dd9-bced-0327f0f4e061, countryCode=643, activityDiscontinued=false}, {guid=979300ba-d82b-11e8-80bb-08002789bf51, archive=false, dateOutputArchive=0001-01-01T00:00:00Z, thisGroup=false, parent=78ddaccd-ca67-11e5-826c-605718cb5baa, bic=045209702, swift=, name=АО "ИТ Банк", corrAccount=30101810750045209702, address=УЛ. ДУМСКАЯ, 7, city=Г. ОМСК, phones=, country=4e127564-d74f-4dd9-bced-0327f0f4e061, countryCode=643, activityDiscontinued=false}, {guid=979300bb-d82b-11e8-80bb-08002789bf51, archive=false, dateOutputArchive=0001-01-01T00:00:00Z, thisGroup=false, parent=78ddaccd-ca67-11e5-826c-605718cb5baa, bic=045209701, swift=, name=АО "Эксперт Банк", corrAccount=30101810450045209701, address=УЛ. МАРШАЛА ЖУКОВА, ДОМ 107, city=Г. ОМСК, phones=, country=4e127564-d74f-4dd9-bced-0327f0f4e061, countryCode=643, activityDiscontinued=false}, {guid=979300bc-d82b-11e8-80bb-08002789bf51, archive=false, dateOutputArchive=0001-01-01T00:00:00Z, thisGroup=false, parent=78ddac09-ca67-11e5-826c-605718cb5baa, bic=046577743, swift=, name=ФИЛИАЛ "ДЕЛО" ПАО "СКБ-БАНК", corrAccount=30101810965770000743, address=УЛ КУЙБЫШЕВА, 58, city=Г. ЕКАТЕРИНБУРГ, phones=(343)3557000, country=4e127564-d74f-4dd9-bced-0327f0f4e061, countryCode=643, activityDiscontinued=false}, {guid=979300bd-d82b-11e8-80bb-08002789bf51, archive=false, dateOutputArchive=0001-01-01T00:00:00Z, thisGroup=false, parent=78ddaccd-ca67-11e5-826c-605718cb5baa, bic=045209703, swift=, name=КУ АО "Мираф-Банк" - ГК "АСВ", corrAccount=30101810050045209703, address=УЛ. ФРУНЗЕ, Д.54, city=Г. ОМСК, phones=, country=4e127564-d74f-4dd9-bced-0327f0f4e061, countryCode=643, activityDiscontinued=false}, {guid=9d8e68cb-d82b-11e8-80bb-08002789bf51, archive=false, dateOutputArchive=0001-01-01T00:00:00Z, thisGroup=false, parent=78ddac21-ca67-11e5-826c-605718cb5baa, bic=042202761, swift=, name=Ф. АКБ "ФОРА-БАНК" (АО) В Г. НИЖНИЙ НОВГОРОД, corrAccount=30101810822020000761, address=УЛ КОВАЛИХИНСКАЯ, 8, city=Г. НИЖНИЙ НОВГОРОД, phones=(831)2161801,2161802, country=4e127564-d74f-4dd9-bced-0327f0f4e061, countryCode=643, activityDiscontinued=false}, {guid=9d8e68cc-d82b-11e8-80bb-08002789bf51, archive=false, dateOutputArchive=0001-01-01T00:00:00Z, thisGroup=false, parent=78ddac67-ca67-11e5-826c-605718cb5baa, bic=045773804, swift=, name=ФИЛИАЛ "ЛЫСЬВА" АО АКБ "АЛЕФ-БАНК", corrAccount=30101810965775700804, address=ПОЖАРСКОГО, Д.8, city=Г. ЛЫСЬВА, phones=, country=4e127564-d74f-4dd9-bced-0327f0f4e061, countryCode=643, activityDiscontinued=false}, {guid=9d8e68cd-d82b-11e8-80bb-08002789bf51, archive=false, dateOutputArchive=0001-01-01T00:00:00Z, thisGroup=false, parent=78ddac21-ca67-11e5-826c-605718cb5baa, bic=042202717, swift=, name=ФИЛИАЛ №10 ПАО КБ "ЦЕНТР-ИНВЕСТ", corrAccount=30101810122020000717, address=УЛ КОМИНТЕРНА, 139, city=Г. НИЖНИЙ НОВГОРОД, phones=(831)4391708, country=4e127564-d74f-4dd9-bced-0327f0f4e061, countryCode=643, activityDiscontinued=false}, {guid=9d8e68ce-d82b-11e8-80bb-08002789bf51, archive=false, dateOutputArchive=0001-01-01T00:00:00Z, thisGroup=false, parent=78ddac21-ca67-11e5-826c-605718cb5baa, bic=042202716, swift=, name=НИЖЕГОРОДСКИЙ Ф БАНКА"ВОЗРОЖДЕНИЕ"(ПАО), corrAccount=30101810822020000716, address=УЛ БЕЛИНСКОГО, 106 А, city=Г. НИЖНИЙ НОВГОРОД, phones=(831)2787662,2783935, country=4e127564-d74f-4dd9-bced-0327f0f4e061, countryCode=643, activityDiscontinued=false}, {guid=9d8e68cf-d82b-11e8-80bb-08002789bf51, archive=false, dateOutputArchive=0001-01-01T00:00:00Z, thisGroup=false, parent=78ddac21-ca67-11e5-826c-605718cb5baa, bic=042202712, swift=, name=НИЖЕГОРОДСКИЙ ФИЛИАЛ АКБ "ЛАНТА-БАНК" (АО), corrAccount=30101810622020000712, address=МЕЩЕРСКИЙ Б-Р, 3, К 1, city=Г. НИЖНИЙ НОВГОРОД, phones=(831)2208322,2208320, country=4e127564-d74f-4dd9-bced-0327f0f4e061, countryCode=643, activityDiscontinued=false}, {guid=9d8e68d0-d82b-11e8-80bb-08002789bf51, archive=false, dateOutputArchive=0001-01-01T00:00:00Z, thisGroup=false, parent=78ddac17-ca67-11e5-826c-605718cb5baa, bic=046015707, swift=, name=ВОЛГОДОНСКИЙ ф Банка "Возрождение" (ПАО), corrAccount=30101810060150000707, address=БУЛ. ВЕЛИКОЙ ПОБЕДЫ, ДОМ №38А, city=Г. ВОЛГОДОНСК, phones=, country=4e127564-d74f-4dd9-bced-0327f0f4e061, countryCode=643, activityDiscontinued=false}, {guid=9d8e68d1-d82b-11e8-80bb-08002789bf51, archive=false, dateOutputArchive=0001-01-01T00:00:00Z, thisGroup=false, parent=78ddac21-ca67-11e5-826c-605718cb5baa, bic=042202718, swift=, name=ПАО "САРОВБИЗНЕСБАНК", corrAccount=30101810422020000718, address=УЛ СИЛКИНА, 13, city=Г. САРОВ, phones=(831)4307478,(83130)33640, country=4e127564-d74f-4dd9-bced-0327f0f4e061, countryCode=643, activityDiscontinued=false}, {guid=9d8e68d2-d82b-11e8-80bb-08002789bf51, archive=false, dateOutputArchive=0001-01-01T00:00:00Z, thisGroup=false, parent=78ddac21-ca67-11e5-826c-605718cb5baa, bic=042202727, swift=, name=ПАО КОМБАНК "ХИМИК", corrAccount=30101810222020000727, address=УЛ УРИЦКОГО, 10 Б, city=Г. ДЗЕРЖИНСК, phones=(8313)261608,251126, country=4e127564-d74f-4dd9-bced-0327f0f4e061, countryCode=643, activityDiscontinued=false}, {guid=9d8e68d3-d82b-11e8-80bb-08002789bf51, archive=false, dateOutputArchive=0001-01-01T00:00:00Z, thisGroup=false, parent=78ddabe5-ca67-11e5-826c-605718cb5baa, bic=044525420, swift=, name=Ф РОКЕТБАНК КИВИ БАНК (АО), corrAccount=30101810945250000420, address=УЛ ПАЛИХА, 10, СТР 5, city=Г. МОСКВА, phones=(495)2313645, country=4e127564-d74f-4dd9-bced-0327f0f4e061, countryCode=643, activityDiscontinued=false}, {guid=78ddabda-ca67-11e5-826c-605718cb5baa, archive=false, dateOutputArchive=0001-01-01T00:00:00Z, thisGroup=false, parent=78ddabd9-ca67-11e5-826c-605718cb5baa, bic=049033736, swift=, name=СКФ ПАО АКБ "ИРОНБАНК", corrAccount=30101810800000000736, address=, city=Г. ВЛАДИКАВКАЗ, phones=, country=00000000-0000-0000-0000-000000000000, countryCode=, activityDiscontinued=true}, {guid=9d8e68d4-d82b-11e8-80bb-08002789bf51, archive=false, dateOutputArchive=0001-01-01T00:00:00Z, thisGroup=false, parent=78ddac21-ca67-11e5-826c-605718cb5baa, bic=042202731, swift=, name=АО КОМБАНК "АРЗАМАС", corrAccount=30101810522020000731, address=УЛ КИРОВА, 33, city=Г. АРЗАМАС, phones=(83147)70224,70177, country=4e127564-d74f-4dd9-bced-0327f0f4e061, countryCode=643, activityDiscontinued=false}, {guid=9d8e68d5-d82b-11e8-80bb-08002789bf51, archive=false, dateOutputArchive=0001-01-01T00:00:00Z, thisGroup=false, parent=78ddabe5-ca67-11e5-826c-605718cb5baa, bic=044525864, swift=, name=МОСКОВСКИЙ ФИЛИАЛ АО АКБ "ГАЗБАНК", corrAccount=30101810145250000864, address=УЛ БРЯНСКАЯ, 5, city=Г. МОСКВА, phones=(495)3639438, country=4e127564-d74f-4dd9-bced-0327f0f4e061, countryCode=643, activityDiscontinued=true}, {guid=9d8e68d6-d82b-11e8-80bb-08002789bf51, archive=false, dateOutputArchive=0001-01-01T00:00:00Z, thisGroup=false, parent=78ddabe5-ca67-11e5-826c-605718cb5baa, bic=044525797, swift=, name=Ф ТОЧКА БАНК КИВИ БАНК (АО), corrAccount=30101810445250000797, address=УЛ СПИРИДОНОВКА, 4, СТР 2, city=Г. МОСКВА, phones=(495)2313645, country=4e127564-d74f-4dd9-bced-0327f0f4e061, countryCode=643, activityDiscontinued=false}, {guid=9d8e68d7-d82b-11e8-80bb-08002789bf51, archive=false, dateOutputArchive=0001-01-01T00:00:00Z, thisGroup=false, parent=78ddac9c-ca67-11e5-826c-605718cb5baa, bic=040407404, swift=, name=ФПАО "ДАЛЬНЕВОСТОЧНЫЙ БАНК" "КРАСНОЯРСКИЙ", corrAccount=30101810850040000404, address=УЛ МОЛОКОВА, 1, К 4, city=Г. КРАСНОЯРСК, phones=(391)2773071, country=4e127564-d74f-4dd9-bced-0327f0f4e061, countryCode=643, activityDiscontinued=false}, {guid=9d8e68d8-d82b-11e8-80bb-08002789bf51, archive=false, dateOutputArchive=0001-01-01T00:00:00Z, thisGroup=false, parent=78ddad0a-ca67-11e5-826c-605718cb5baa, bic=047144778, swift=, name=СФ АО БАНК "СНГБ", corrAccount=30101810165777100778, address=УЛ ГУБКИНА, 15 А, city=Г. СУРГУТ, phones=(3462)398700, country=4e127564-d74f-4dd9-bced-0327f0f4e061, countryCode=643, activityDiscontinued=false}, {guid=9d8e68d9-d82b-11e8-80bb-08002789bf51, archive=false, dateOutputArchive=0001-01-01T00:00:00Z, thisGroup=false, parent=78ddabf2-ca67-11e5-826c-605718cb5baa, bic=043601968, swift=VTBRRUM2SA3, name=ФИЛИАЛ № 6318 БАНКА ВТБ (ПАО), corrAccount=30101810422023601968, address=УЛ МОЛОДОГВАРДЕЙСКАЯ, 204, city=Г. САМАРА, phones=(846)2696824,2696834, country=4e127564-d74f-4dd9-bced-0327f0f4e061, countryCode=643, activityDiscontinued=false}, {guid=9d8e68da-d82b-11e8-80bb-08002789bf51, archive=false, dateOutputArchive=0001-01-01T00:00:00Z, thisGroup=false, parent=78ddabf2-ca67-11e5-826c-605718cb5baa, bic=043601975, swift=, name=ООО "РУСФИНАНС БАНК", corrAccount=30101810622023601975, address=УЛ ЧЕРНОРЕЧЕНСКАЯ, 42 А, city=Г. САМАРА, phones=(846)2696911,2694411, country=4e127564-d74f-4dd9-bced-0327f0f4e061, countryCode=643, activityDiscontinued=false}, {guid=9d8e68db-d82b-11e8-80bb-08002789bf51, archive=false, dateOutputArchive=0001-01-01T00:00:00Z, thisGroup=false, parent=78ddabf7-ca67-11e5-826c-605718cb5baa, bic=045354880, swift=, name=ГК "АСВ" - КУ АО "НСТ-БАНК", corrAccount=30101810265775300880, address=ВИЛОНОВСКАЯ УЛ, 138, city=Г. САМАРА, phones=, country=4e127564-d74f-4dd9-bced-0327f0f4e061, countryCode=643, activityDiscontinued=false}, {guid=9d8e68dc-d82b-11e8-80bb-08002789bf51, archive=false, dateOutputArchive=0001-01-01T00:00:00Z, thisGroup=false, parent=78ddabe7-ca67-11e5-826c-605718cb5baa, bic=040507595, swift=, name=АО "СОЛИД БАНК", corrAccount=30101810205070000595, address=УЛ АДМИРАЛА ФОКИНА, 25, city=Г. ВЛАДИВОСТОК, phones=(423)2265722,(423)2469293, country=4e127564-d74f-4dd9-bced-0327f0f4e061, countryCode=643, activityDiscontinued=false}, {guid=9d8e68dd-d82b-11e8-80bb-08002789bf51, archive=false, dateOutputArchive=0001-01-01T00:00:00Z, thisGroup=false, parent=78ddabe1-ca67-11e5-826c-605718cb5baa, bic=044030830, swift=, name=СПБ. Ф. АО БАНК "НАЦИОНАЛЬНЫЙ СТАНДАРТ", corrAccount=30101810340300000830, address=УЛ. ЧАЙКОВСКОГО, Д. 39, ЛИТ А, city=Г. САНКТ-ПЕТЕРБУРГ, phones=(812)4493155, country=4e127564-d74f-4dd9-bced-0327f0f4e061, countryCode=643, activityDiscontinued=false}, {guid=9d8e68de-d82b-11e8-80bb-08002789bf51, archive=false, dateOutputArchive=0001-01-01T00:00:00Z, thisGroup=false, parent=78ddabeb-ca67-11e5-826c-605718cb5baa, bic=040708735, swift=, name=ФИЛИАЛ В Г. ЕССЕНТУКИ АКБ "ЛАНТА-БАНК" (АО), corrAccount=30101810007080000735, address=УЛ СОВЕТСКАЯ, 20 Б, city=Г. ЕССЕНТУКИ, phones=(87934)54547,54371, country=4e127564-d74f-4dd9-bced-0327f0f4e061, countryCode=643, activityDiscontinued=false}, {guid=9d8e68df-d82b-11e8-80bb-08002789bf51, archive=false, dateOutputArchive=0001-01-01T00:00:00Z, thisGroup=false, parent=78ddac72-ca67-11e5-826c-605718cb5baa, bic=041806745, swift=, name=Урюпинский филиал ПАО КБ "Сельмашбанк", corrAccount=30101810518060000745, address=УЛ. ШТЕМЕНКО, 47/3, city=Г. УРЮПИНСК, phones=, country=4e127564-d74f-4dd9-bced-0327f0f4e061, countryCode=643, activityDiscontinued=false}, {guid=9d8e68e0-d82b-11e8-80bb-08002789bf51, archive=false, dateOutputArchive=0001-01-01T00:00:00Z, thisGroup=false, parent=78ddac72-ca67-11e5-826c-605718cb5baa, bic=041806730, swift=, name=Ликвидатор АО КБ "Михайловский ПЖСБ", corrAccount=30101810918060000730, address=УЛИЦА ОБОРОНЫ, 44 "А", city=Г. МИХАЙЛОВКА, phones=, country=4e127564-d74f-4dd9-bced-0327f0f4e061, countryCode=643, activityDiscontinued=false}, {guid=9d8e68e1-d82b-11e8-80bb-08002789bf51, archive=false, dateOutputArchive=0001-01-01T00:00:00Z, thisGroup=false, parent=78ddabe5-ca67-11e5-826c-605718cb5baa, bic=044525941, swift=, name="УМ-БАНК" ООО, corrAccount=30101810945250000941, address=УЛ Б. ОРДЫНКА, 59, СТР 2, city=Г. МОСКВА, phones=(495)2123020, country=4e127564-d74f-4dd9-bced-0327f0f4e061, countryCode=643, activityDiscontinued=false}, {guid=9d8e68e2-d82b-11e8-80bb-08002789bf51, archive=false, dateOutputArchive=0001-01-01T00:00:00Z, thisGroup=false, parent=78ddac72-ca67-11e5-826c-605718cb5baa, bic=041806717, swift=, name=ЮЖНЫЙ ФИЛИАЛ АО БАНК "НАЦИОНАЛЬНЫЙ СТАНДАРТ", corrAccount=30101810818060000717, address=УЛ ИМ. ГАГАРИНА, 7, city=Г. ВОЛГОГРАД, phones=(8442)995000, country=4e127564-d74f-4dd9-bced-0327f0f4e061, countryCode=643, activityDiscontinued=true}, {guid=78ddabdb-ca67-11e5-826c-605718cb5baa, archive=, dateOutputArchive=, thisGroup=true, parent=00000000-0000-0000-0000-000000000000, bic=32       , swift=, name=КЕМЕРОВСКАЯ ОБЛАСТЬ, corrAccount=, address=, city=, phones=, country=, countryCode=, activityDiscontinued=}, {guid=a38a1a95-d82b-11e8-80bb-08002789bf51, archive=false, dateOutputArchive=0001-01-01T00:00:00Z, thisGroup=false, parent=78ddac17-ca67-11e5-826c-605718cb5baa, bic=046015846, swift=, name=КУ ОАО КБ "МАКСИМУМ" - ГК "АСВ", corrAccount=30101810060150000846, address=УЛ. ВЫСОЦКОГО, Д.4, city=Г. МОСКВА, phones=, country=4e127564-d74f-4dd9-bced-0327f0f4e061, countryCode=643, activityDiscontinued=false}, {guid=a38a1a96-d82b-11e8-80bb-08002789bf51, archive=false, dateOutputArchive=0001-01-01T00:00:00Z, thisGroup=false, parent=78ddac14-ca67-11e5-826c-605718cb5baa, bic=047601205, swift=, name=ООО КБ "ЦЕНТРАЛЬНО-ЕВРОПЕЙСКИЙ БАНК", corrAccount=30101810950040000205, address=УЛ БАБУШКИНА, 108, city=Г. ЧИТА, phones=(3022)211502, country=4e127564-d74f-4dd9-bced-0327f0f4e061, countryCode=643, activityDiscontinued=false}, {guid=78ddabf7-ca67-11e5-826c-605718cb5baa, archive=, dateOutputArchive=, thisGroup=true, parent=00000000-0000-0000-0000-000000000000, bic=53       , swift=, name=ОРЕНБУРГСКАЯ ОБЛАСТЬ, corrAccount=, address=, city=, phones=, country=, countryCode=, activityDiscontinued=}, {guid=a38a1a97-d82b-11e8-80bb-08002789bf51, archive=false, dateOutputArchive=0001-01-01T00:00:00Z, thisGroup=false, parent=78ddac17-ca67-11e5-826c-605718cb5baa, bic=046015835, swift=, name=КУ ООО "РУССКИЙ НАЦИОНАЛЬНЫЙ БАНК" - ГК "АСВ", corrAccount=30101810660150000835, address=УЛ ВЫСОЦКОГО, 4 ТЕЛ.(495)96125, city=Г. МОСКВА, phones=(863)2999413,2999418, country=4e127564-d74f-4dd9-bced-0327f0f4e061, countryCode=643, activityDiscontinued=false}, {guid=a38a1a98-d82b-11e8-80bb-08002789bf51, archive=false, dateOutputArchive=0001-01-01T00:00:00Z, thisGroup=false, parent=78ddabe5-ca67-11e5-826c-605718cb5baa, bic=044525535, swift=, name=КУ АБ "АЛДАНЗОЛОТОБАНК" АО - ГК "АСВ", corrAccount=30101810445250000535, address=УЛ. ВЫСОЦКОГО, Д. 4, city=Г. МОСКВА, phones=, country=4e127564-d74f-4dd9-bced-0327f0f4e061, countryCode=643, activityDiscontinued=false}, {guid=a38a1a99-d82b-11e8-80bb-08002789bf51, archive=false, dateOutputArchive=0001-01-01T00:00:00Z, thisGroup=false, parent=78ddac21-ca67-11e5-826c-605718cb5baa, bic=042202812, swift=, name=ВЫКСУНСКИЙ Ф-Л ПАО АКБ "МЕТАЛЛИНВЕСТБАНК", corrAccount=30101810522020000812, address=ПЛ ОКТЯБРЬСКОЙ РЕВОЛЮЦИИ, 48, city=Г. ВЫКСА, phones=(83177)35825,31157, country=4e127564-d74f-4dd9-bced-0327f0f4e061, countryCode=643, activityDiscontinued=false}, {guid=a38a1a9a-d82b-11e8-80bb-08002789bf51, archive=false, dateOutputArchive=0001-01-01T00:00:00Z, thisGroup=false, parent=78ddac07-ca67-11e5-826c-605718cb5baa, bic=045004893, swift=, name=НОВОСИБИРСКИЙ Ф-Л НКО "ИНКАХРАН"(АО), corrAccount=30103810950040000893, address=УЛ 2-Я СОЮЗА МОЛОДЕЖИ, 31, city=Г. НОВОСИБИРСК, phones=(383)2260797,2269768, country=4e127564-d74f-4dd9-bced-0327f0f4e061, countryCode=643, activityDiscontinued=false}, {guid=a38a1a9b-d82b-11e8-80bb-08002789bf51, archive=false, dateOutputArchive=0001-01-01T00:00:00Z, thisGroup=false, parent=78ddac07-ca67-11e5-826c-605718cb5baa, bic=045004883, swift=, name=СИБИРСКИЙ ФИЛИАЛ АО "БАНК ИНТЕЗА", corrAccount=30101810250040000883, address=УЛ ОКТЯБРЬСКАЯ, 49, city=Г. НОВОСИБИРСК, phones=(383)2278193, country=4e127564-d74f-4dd9-bced-0327f0f4e061, countryCode=643, activityDiscontinued=false}, {guid=a38a1a9c-d82b-11e8-80bb-08002789bf51, archive=false, dateOutputArchive=0001-01-01T00:00:00Z, thisGroup=false, parent=78ddac07-ca67-11e5-826c-605718cb5baa, bic=045004876, swift=, name=НОВОСИБИРСКИЙ ФИЛИАЛ ПАО "МТС-БАНК", corrAccount=30101810050040000876, address=УЛ. НИЖЕГОРОДСКАЯ, 4, city=Г. НОВОСИБИРСК, phones=(383)3251781, country=4e127564-d74f-4dd9-bced-0327f0f4e061, countryCode=643, activityDiscontinued=false}, {guid=a38a1a9d-d82b-11e8-80bb-08002789bf51, archive=false, dateOutputArchive=0001-01-01T00:00:00Z, thisGroup=false, parent=78ddac07-ca67-11e5-826c-605718cb5baa, bic=045004861, swift=, name=ФИЛИАЛ ООО "ЭКСПОБАНК" В Г.НОВОСИБИРСКЕ, corrAccount=30101810450040000861, address=КРАСНЫЙ ПР-Т, 25, city=Г. НОВОСИБИРСК, phones=(383)2105207, country=4e127564-d74f-4dd9-bced-0327f0f4e061, countryCode=643, activityDiscontinued=false}, {guid=a38a1a9e-d82b-11e8-80bb-08002789bf51, archive=false, dateOutputArchive=0001-01-01T00:00:00Z, thisGroup=false, parent=78ddac07-ca67-11e5-826c-605718cb5baa, bic=045004864, swift=, name=СИБИРСКИЙ ФИЛИАЛ АО КБ "МОДУЛЬБАНК", corrAccount=30101810350040000864, address=УЛ ПЛАНЕТНАЯ, 30, city=Г. НОВОСИБИРСК, phones=(383)3250606,3251575, country=4e127564-d74f-4dd9-bced-0327f0f4e061, countryCode=643, activityDiscontinued=false}, {guid=a38a1a9f-d82b-11e8-80bb-08002789bf51, archive=false, dateOutputArchive=0001-01-01T00:00:00Z, thisGroup=false, parent=78ddabf2-ca67-11e5-826c-605718cb5baa, bic=043601875, swift=, name=САМАРСКИЙ ФИЛИАЛ ТКБ БАНК ПАО, corrAccount=30101810722023601875, address=УЛ СТАРА ЗАГОРА, 52, city=Г. САМАРА, phones=(846)9338233,2280135, country=4e127564-d74f-4dd9-bced-0327f0f4e061, countryCode=643, activityDiscontinued=false}, {guid=a38a1aa0-d82b-11e8-80bb-08002789bf51, archive=false, dateOutputArchive=0001-01-01T00:00:00Z, thisGroup=false, parent=78ddabf2-ca67-11e5-826c-605718cb5baa, bic=043601845, swift=, name=САМАРСКИЙ ФИЛИАЛ БАНКА СОЮЗ (АО), corrAccount=30101810422023601845, address=УЛ КРАСНОАРМЕЙСКАЯ, 75, city=Г. САМАРА, phones=(846)2311251,2311259, country=4e127564-d74f-4dd9-bced-0327f0f4e061, countryCode=643, activityDiscontinued=false}, {guid=a38a1aa1-d82b-11e8-80bb-08002789bf51, archive=false, dateOutputArchive=0001-01-01T00:00:00Z, thisGroup=false, parent=78ddabf2-ca67-11e5-826c-605718cb5baa, bic=043601842, swift=, name=АО КБ "НИБ", corrAccount=30101810522023601842, address=УЛ ФРУНЗЕ, 102, city=Г. САМАРА, phones=(846)3425750,3425751, country=4e127564-d74f-4dd9-bced-0327f0f4e061, countryCode=643, activityDiscontinued=false}, {guid=a38a1aa2-d82b-11e8-80bb-08002789bf51, archive=false, dateOutputArchive=0001-01-01T00:00:00Z, thisGroup=false, parent=78ddac2f-ca67-11e5-826c-605718cb5baa, bic=040813708, swift=, name=ХАБАРОВСКИЙ ФИЛИАЛ ТКБ БАНК ПАО, corrAccount=30101810108130000708, address=УЛ КОМСОМОЛЬСКАЯ, 102, city=Г. ХАБАРОВСК, phones=(4212)910702, country=4e127564-d74f-4dd9-bced-0327f0f4e061, countryCode=643, activityDiscontinued=false}, {guid=78ddac1c-ca67-11e5-826c-605718cb5baa, archive=false, dateOutputArchive=0001-01-01T00:00:00Z, thisGroup=false, parent=78ddabe5-ca67-11e5-826c-605718cb5baa, bic=044525150, swift=, name=ФИЛИАЛ "МОСКОВСКИЙ" АО "ФИА-БАНК", corrAccount=30101810545250000150, address=, city=Г. МОСКВА, phones=, country=00000000-0000-0000-0000-000000000000, countryCode=, activityDiscontinued=true}, {guid=a38a1aa3-d82b-11e8-80bb-08002789bf51, archive=false, dateOutputArchive=0001-01-01T00:00:00Z, thisGroup=false, parent=78ddac2f-ca67-11e5-826c-605718cb5baa, bic=040813713, swift=VTBRRUM2KH3, name=ФИЛИАЛ № 2754 БАНКА ВТБ (ПАО), corrAccount=30101810708130000713, address=УЛ МУРАВЬЁВА-АМУРСКОГО, 18, city=Г. ХАБАРОВСК, phones=(4212)455455, country=4e127564-d74f-4dd9-bced-0327f0f4e061, countryCode=643, activityDiscontinued=false}, {guid=a38a1aa4-d82b-11e8-80bb-08002789bf51, archive=false, dateOutputArchive=0001-01-01T00:00:00Z, thisGroup=false, parent=78ddac09-ca67-11e5-826c-605718cb5baa, bic=046577501, swift=VTBRRUM2EK3, name=ФИЛИАЛ № 6602 БАНКА ВТБ (ПАО), corrAccount=30101810165770000501, address=ПР-Т ЛЕНИНА, 27, city=Г. ЕКАТЕРИНБУРГ, phones=(343)3862400, country=4e127564-d74f-4dd9-bced-0327f0f4e061, countryCode=643, activityDiscontinued=false}, {guid=a38a1aa5-d82b-11e8-80bb-08002789bf51, archive=false, dateOutputArchive=0001-01-01T00:00:00Z, thisGroup=false, parent=78ddac09-ca67-11e5-826c-605718cb5baa, bic=046577507, swift=, name=ЕКАТЕРИНБУРГСКИЙ ФИЛИАЛ АБ "РОССИЯ", corrAccount=30101810965770000507, address=УЛ МАМИНА-СИБИРЯКА, 145, city=Г. ЕКАТЕРИНБУРГ, phones=(343)2863760, country=4e127564-d74f-4dd9-bced-0327f0f4e061, countryCode=643, activityDiscontinued=false}, {guid=a38a1aa6-d82b-11e8-80bb-08002789bf51, archive=false, dateOutputArchive=0001-01-01T00:00:00Z, thisGroup=false, parent=78ddabf2-ca67-11e5-826c-605718cb5baa, bic=043601811, swift=, name=ООО "ЗЕМСКИЙ БАНК", corrAccount=30101810922023601811, address=УЛ УЛЬЯНОВСКАЯ, 79, city=Г. СЫЗРАНЬ, phones=(8464)985454, country=4e127564-d74f-4dd9-bced-0327f0f4e061, countryCode=643, activityDiscontinued=false}, {guid=a38a1aa7-d82b-11e8-80bb-08002789bf51, archive=false, dateOutputArchive=0001-01-01T00:00:00Z, thisGroup=false, parent=78ddabfd-ca67-11e5-826c-605718cb5baa, bic=046311890, swift=, name=АО "БАЛАКОВО-БАНК", corrAccount=30101810022026311890, address=УЛ ФАКЕЛ СОЦИАЛИЗМА, 21, city=Г. БАЛАКОВО, phones=(8453)444166,447007, country=4e127564-d74f-4dd9-bced-0327f0f4e061, countryCode=643, activityDiscontinued=false}, {guid=a38a1aa8-d82b-11e8-80bb-08002789bf51, archive=false, dateOutputArchive=0001-01-01T00:00:00Z, thisGroup=false, parent=78ddabe5-ca67-11e5-826c-605718cb5baa, bic=044525641, swift=, name=ФИЛИАЛ 1 ООО КБ "ЦЕНТРАЛЬНО-ЕВРОПЕЙСКИЙ БАНК", corrAccount=30101810245250000641, address=ПРОЕКТ-Й 4062Й ПР-Д, 6, СТР 16, city=Г. МОСКВА, phones=(495)6625665, country=4e127564-d74f-4dd9-bced-0327f0f4e061, countryCode=643, activityDiscontinued=false}, {guid=a38a1aa9-d82b-11e8-80bb-08002789bf51, archive=false, dateOutputArchive=0001-01-01T00:00:00Z, thisGroup=false, parent=78ddac17-ca67-11e5-826c-605718cb5baa, bic=046015946, swift=, name=ПАО "ТАГАНРОГБАНК", corrAccount=30101810960150000946, address=УЛ. ГРЕЧЕСКАЯ, 71 ТЕЛ.(8634)31, city=Г. ТАГАНРОГ, phones=, country=4e127564-d74f-4dd9-bced-0327f0f4e061, countryCode=643, activityDiscontinued=false}, {guid=a38a1aaa-d82b-11e8-80bb-08002789bf51, archive=false, dateOutputArchive=0001-01-01T00:00:00Z, thisGroup=false, parent=78ddabe5-ca67-11e5-826c-605718cb5baa, bic=044525646, swift=, name=НКО НКЦ (АО), corrAccount=30103810345250000646, address=Б. КИСЛОВСКИЙ ПЕР, 13, city=Г. МОСКВА, phones=(495)7829794, country=4e127564-d74f-4dd9-bced-0327f0f4e061, countryCode=643, activityDiscontinued=false}, {guid=a38a1aab-d82b-11e8-80bb-08002789bf51, archive=false, dateOutputArchive=0001-01-01T00:00:00Z, thisGroup=false, parent=78ddac07-ca67-11e5-826c-605718cb5baa, bic=045004841, swift=, name=НОВОСИБИРСКИЙ ФИЛИАЛ ТКБ БАНК ПАО, corrAccount=30101810250040000841, address=УЛ КОММУНИСТИЧЕСКАЯ, 35, city=Г. НОВОСИБИРСК, phones=(383)3252500,3252660, country=4e127564-d74f-4dd9-bced-0327f0f4e061, countryCode=643, activityDiscontinued=false}, {guid=a38a1aac-d82b-11e8-80bb-08002789bf51, archive=false, dateOutputArchive=0001-01-01T00:00:00Z, thisGroup=false, parent=78ddac07-ca67-11e5-826c-605718cb5baa, bic=045004846, swift=, name=Ф-Л "НОВОСИБИРСК" АКБ "РОСЕВРОБАНК" (АО), corrAccount=30101810750040000846, address=УЛ ФРУНЗЕ, 5, city=Г. НОВОСИБИРСК, phones=(383)2020750, country=4e127564-d74f-4dd9-bced-0327f0f4e061, countryCode=643, activityDiscontinued=false}, {guid=a38a1aad-d82b-11e8-80bb-08002789bf51, archive=false, dateOutputArchive=0001-01-01T00:00:00Z, thisGroup=false, parent=78ddac07-ca67-11e5-826c-605718cb5baa, bic=045004845, swift=, name=ФИЛИАЛ "НОВОСИБИРСКИЙ" ПАО КБ "УБРИР", corrAccount=30101810450040000845, address=УЛ ВОКЗАЛЬНАЯ МАГИСТРАЛЬ, 1, city=Г. НОВОСИБИРСК, phones=(383)2201141,2201181, country=4e127564-d74f-4dd9-bced-0327f0f4e061, countryCode=643, activityDiscontinued=false}, {guid=a38a1aae-d82b-11e8-80bb-08002789bf51, archive=false, dateOutputArchive=0001-01-01T00:00:00Z, thisGroup=false, parent=78ddac07-ca67-11e5-826c-605718cb5baa, bic=045004833, swift=, name=НОВОСИБИРСКИЙ ФИЛИАЛ ООО "БАНК БКФ", corrAccount=30101810750040000833, address=ПР-Т ДИМИТРОВА, 4/1, city=Г. НОВОСИБИРСК, phones=(383)3191118,3191116, country=4e127564-d74f-4dd9-bced-0327f0f4e061, countryCode=643, activityDiscontinued=false}, {guid=aaaf21b4-d82b-11e8-80bb-08002789bf51, archive=false, dateOutputArchive=0001-01-01T00:00:00Z, thisGroup=false, parent=78ddac07-ca67-11e5-826c-605718cb5baa, bic=045004818, swift=, name=НОВОСИБИРСКИЙ ФИЛИАЛ АО ЮНИКРЕДИТ БАНКА, corrAccount=30101810050040000818, address=УЛ МАКСИМА ГОРЬКОГО, 53, city=Г. НОВОСИБИРСК, phones=(383)2300163, country=4e127564-d74f-4dd9-bced-0327f0f4e061, countryCode=643, activityDiscontinued=false}, {guid=aaaf21b5-d82b-11e8-80bb-08002789bf51, archive=false, dateOutputArchive=0001-01-01T00:00:00Z, thisGroup=false, parent=78ddabeb-ca67-11e5-826c-605718cb5baa, bic=040715725, swift=, name=ООО "РУСБС", corrAccount=30101810107150000725, address=УЛ ГАГАРИНА, 148, city=СТ-ЦА ЕССЕНТУКСКАЯ, phones=(87961)51171,24177,50987, country=4e127564-d74f-4dd9-bced-0327f0f4e061, countryCode=643, activityDiscontinued=false}, {guid=aaaf21b6-d82b-11e8-80bb-08002789bf51, archive=false, dateOutputArchive=0001-01-01T00:00:00Z, thisGroup=false, parent=78ddac0f-ca67-11e5-826c-605718cb5baa, bic=040349789, swift=, name=ООО КБ "ГТ БАНК", corrAccount=30101810303490000789, address=УЛ СЕВЕРНАЯ, 321, city=Г. КРАСНОДАР, phones=(861)2790305,2791744, country=4e127564-d74f-4dd9-bced-0327f0f4e061, countryCode=643, activityDiscontinued=false}, {guid=aaaf21b7-d82b-11e8-80bb-08002789bf51, archive=false, dateOutputArchive=0001-01-01T00:00:00Z, thisGroup=false, parent=78ddac00-ca67-11e5-826c-605718cb5baa, bic=048209848, swift=, name=КУ ООО КБ "ПРЕСТИЖКРЕДИТБАНК" ГК "АСВ", corrAccount=30101810282090000848, address=УЛ КАММАЕВА, 19, К "Ж", city=Г. МАХАЧКАЛА, phones=(8722)561920,561921, country=4e127564-d74f-4dd9-bced-0327f0f4e061, countryCode=643, activityDiscontinued=false}, {guid=aaaf21b8-d82b-11e8-80bb-08002789bf51, archive=false, dateOutputArchive=0001-01-01T00:00:00Z, thisGroup=false, parent=78ddac98-ca67-11e5-826c-605718cb5baa, bic=041117785, swift=, name=Ф-л "Космодром-Плесецк" АО "ФОНДСЕРВИСБАНК", corrAccount=30101810540300011785, address=УЛ. ПУШКИНА, Д. 3, city=Г. МИРНЫЙ, phones=, country=4e127564-d74f-4dd9-bced-0327f0f4e061, countryCode=643, activityDiscontinued=false}, {guid=aaaf21b9-d82b-11e8-80bb-08002789bf51, archive=false, dateOutputArchive=0001-01-01T00:00:00Z, thisGroup=false, parent=78ddac34-ca67-11e5-826c-605718cb5baa, bic=046489002, swift=, name=ПУ БАНКА РОССИИ ОХОТСКОЕ, corrAccount=, address=УЛ ГНЕЧКО, 1, city=ПГТ ЮЖНО-КУРИЛЬСК, phones=, country=4e127564-d74f-4dd9-bced-0327f0f4e061, countryCode=643, activityDiscontinued=false}, {guid=78ddac57-ca67-11e5-826c-605718cb5baa, archive=, dateOutputArchive=, thisGroup=true, parent=00000000-0000-0000-0000-000000000000, bic=27       , swift=, name=КАЛИНИНГРАДСКАЯ ОБЛАСТЬ, corrAccount=, address=, city=, phones=, country=, countryCode=, activityDiscontinued=}, {guid=aaaf21ba-d82b-11e8-80bb-08002789bf51, archive=false, dateOutputArchive=0001-01-01T00:00:00Z, thisGroup=false, parent=78ddabfd-ca67-11e5-826c-605718cb5baa, bic=046311926, swift=, name=АО РНКО "СИНЕРГИЯ", corrAccount=30103810622026311926, address=Г. САРАТОВ, УЛ. РАБОЧАЯ, 27, city=Г. САРАТОВ, phones=, country=4e127564-d74f-4dd9-bced-0327f0f4e061, countryCode=643, activityDiscontinued=false}, {guid=aaaf21bb-d82b-11e8-80bb-08002789bf51, archive=false, dateOutputArchive=0001-01-01T00:00:00Z, thisGroup=false, parent=78ddac0f-ca67-11e5-826c-605718cb5baa, bic=040349744, swift=, name=КРАСНОДАРСКИЙ ФИЛИАЛ ПАО РОСБАНК, corrAccount=30101810403490000744, address=УЛ ОЛИМПИЙСКАЯ, 8, city=Г. КРАСНОДАР, phones=(861)2739730,2739731, country=4e127564-d74f-4dd9-bced-0327f0f4e061, countryCode=643, activityDiscontinued=false}, {guid=aaaf21bc-d82b-11e8-80bb-08002789bf51, archive=false, dateOutputArchive=0001-01-01T00:00:00Z, thisGroup=false, parent=78ddac07-ca67-11e5-826c-605718cb5baa, bic=045004796, swift=, name=ФИЛИАЛ "НОВОСИБИРСК" КБ "ЛОКО-БАНК" (АО), corrAccount=30101810350040000796, address=УЛ ЛЕНИНА, 52, city=Г. НОВОСИБИРСК, phones=(383)2380740,2380750, country=4e127564-d74f-4dd9-bced-0327f0f4e061, countryCode=643, activityDiscontinued=false}, {guid=aaaf21bd-d82b-11e8-80bb-08002789bf51, archive=false, dateOutputArchive=0001-01-01T00:00:00Z, thisGroup=false, parent=78ddac17-ca67-11e5-826c-605718cb5baa, bic=046015080, swift=, name=РОСТОВСКИЙ ФИЛИАЛ ПАО "РГС БАНК", corrAccount=30101810460150000080, address=УЛ ГОРОДА ВОЛОС, 11/81-83/34, city=Г. РОСТОВ-НА-ДОНУ, phones=(863)2370660, country=4e127564-d74f-4dd9-bced-0327f0f4e061, countryCode=643, activityDiscontinued=false}, {guid=aaaf21be-d82b-11e8-80bb-08002789bf51, archive=false, dateOutputArchive=0001-01-01T00:00:00Z, thisGroup=false, parent=78ddac07-ca67-11e5-826c-605718cb5baa, bic=045004785, swift=, name=НОВОСИБИРСКИЙ Ф-Л ПАО АКБ "МЕТАЛЛИНВЕСТБАНК", corrAccount=30101810950040000785, address=УЛ СОВЕТСКАЯ, 8, city=Г. НОВОСИБИРСК, phones=(383)2091447,2091446, country=4e127564-d74f-4dd9-bced-0327f0f4e061, countryCode=643, activityDiscontinued=false}, {guid=aaaf21bf-d82b-11e8-80bb-08002789bf51, archive=false, dateOutputArchive=0001-01-01T00:00:00Z, thisGroup=false, parent=78ddac17-ca67-11e5-826c-605718cb5baa, bic=046015081, swift=, name=РОСТОВСКИЙ ФИЛИАЛ АО ЮНИКРЕДИТ БАНКА, corrAccount=30101810760150000081, address=УЛ СОЦИАЛИСТИЧЕСКАЯ, 58/51, city=Г. РОСТОВ-НА-ДОНУ, phones=(863)2630900,2630906, country=4e127564-d74f-4dd9-bced-0327f0f4e061, countryCode=643, activityDiscontinued=false}, {guid=aaaf21c0-d82b-11e8-80bb-08002789bf51, archive=false, dateOutputArchive=0001-01-01T00:00:00Z, thisGroup=false, parent=78ddac07-ca67-11e5-826c-605718cb5baa, bic=045004789, swift=, name=ФИЛИАЛ БАНКА МБСП (АО) В НОВОСИБИРСКЕ, corrAccount=30101810150040000789, address=ПР-Т ДИМИТРОВА, 12, city=Г. НОВОСИБИРСК, phones=(383)3734340,3734341, country=4e127564-d74f-4dd9-bced-0327f0f4e061, countryCode=643, activityDiscontinued=false}, {guid=aaaf21c1-d82b-11e8-80bb-08002789bf51, archive=false, dateOutputArchive=0001-01-01T00:00:00Z, thisGroup=false, parent=78ddac17-ca67-11e5-826c-605718cb5baa, bic=046015088, swift=SJSCRUMMRND, name=ФИЛИАЛ "СДМ-БАНК" (ПАО) В Г. РОСТОВ-НА-ДОНУ, corrAccount=30101810860150000088, address=УЛ КАТАЕВА, 293, city=Г. РОСТОВ-НА-ДОНУ, phones=(863)2197712,2197714, country=4e127564-d74f-4dd9-bced-0327f0f4e061, countryCode=643, activityDiscontinued=false}, {guid=aaaf21c2-d82b-11e8-80bb-08002789bf51, archive=false, dateOutputArchive=0001-01-01T00:00:00Z, thisGroup=false, parent=78ddac07-ca67-11e5-826c-605718cb5baa, bic=045004778, swift=, name=ФИЛИАЛ БАНКА "ВБРР" (АО) В Г.НОВОСИБИРСКЕ, corrAccount=30101810750040000778, address=УЛ СИБРЕВКОМА, 2, city=Г. НОВОСИБИРСК, phones=(383)2302201, country=4e127564-d74f-4dd9-bced-0327f0f4e061, countryCode=643, activityDiscontinued=false}, {guid=aaaf21c3-d82b-11e8-80bb-08002789bf51, archive=false, dateOutputArchive=0001-01-01T00:00:00Z, thisGroup=false, parent=78ddac0f-ca67-11e5-826c-605718cb5baa, bic=040349758, swift=VTBRRUM2KD3, name=ФИЛИАЛ № 2351 БАНКА ВТБ (ПАО), corrAccount=30101810703490000758, address=УЛ ИМ. ГОГОЛЯ, 68, city=Г. КРАСНОДАР, phones=(861)2126424,2125627, country=4e127564-d74f-4dd9-bced-0327f0f4e061, countryCode=643, activityDiscontinued=false}, {guid=aaaf21c4-d82b-11e8-80bb-08002789bf51, archive=false, dateOutputArchive=0001-01-01T00:00:00Z, thisGroup=false, parent=78ddac17-ca67-11e5-826c-605718cb5baa, bic=046015094, swift=, name=НОВОЧЕРКАССКИЙ ФИЛИАЛ АО "ФОНДСЕРВИСБАНК", corrAccount=30101810760150000094, address=ПЛАТОВСКИЙ ПР-Т, 59 Б, city=Г. НОВОЧЕРКАССК, phones=(8635)240550, country=4e127564-d74f-4dd9-bced-0327f0f4e061, countryCode=643, activityDiscontinued=false}, {guid=aaaf21c5-d82b-11e8-80bb-08002789bf51, archive=false, dateOutputArchive=0001-01-01T00:00:00Z, thisGroup=false, parent=78ddac17-ca67-11e5-826c-605718cb5baa, bic=046015068, swift=, name=ДОНСКОЙ ФИЛИАЛ АО КБ "СИТИБАНК", corrAccount=30101810660150000068, address=УЛ Б. САДОВАЯ, 124, city=Г. РОСТОВ-НА-ДОНУ, phones=(863)2040043,2040002, country=4e127564-d74f-4dd9-bced-0327f0f4e061, countryCode=643, activityDiscontinued=false}, {guid=aaaf21c6-d82b-11e8-80bb-08002789bf51, archive=false, dateOutputArchive=0001-01-01T00:00:00Z, thisGroup=false, parent=78ddac07-ca67-11e5-826c-605718cb5baa, bic=045004763, swift=, name=ФИЛИАЛ "ЦЕНТРАЛЬНЫЙ" ПАО "СОВКОМБАНК", corrAccount=30101810150040000763, address=УЛ ПОПОВА, 11, city=Г. БЕРДСК, phones=(383)3340606, country=4e127564-d74f-4dd9-bced-0327f0f4e061, countryCode=643, activityDiscontinued=false}, {guid=aaaf21c7-d82b-11e8-80bb-08002789bf51, archive=false, dateOutputArchive=0001-01-01T00:00:00Z, thisGroup=false, parent=78ddac17-ca67-11e5-826c-605718cb5baa, bic=046015066, swift=, name=Ф-Л АО АКБ "НОВИКОМБАНК" В Г.РОСТОВЕ-НА-ДОНУ, corrAccount=30101810060150000066, address=УЛ КРАСНОАРМЕЙСКАЯ, 170/84, city=Г. РОСТОВ-НА-ДОНУ, phones=(863)2017777, country=4e127564-d74f-4dd9-bced-0327f0f4e061, countryCode=643, activityDiscontinued=false}, {guid=78ddabe0-ca67-11e5-826c-605718cb5baa, archive=false, dateOutputArchive=0001-01-01T00:00:00Z, thisGroup=false, parent=78ddabdf-ca67-11e5-826c-605718cb5baa, bic=049246920, swift=, name=НИЖНЕКАМСКИЙ ФАБ "ДЕВОН-КРЕДИТ" (ПАО), corrAccount=30101810700000000920, address=, city=Г. НИЖНЕКАМСК, phones=, country=00000000-0000-0000-0000-000000000000, countryCode=, activityDiscontinued=true}, {guid=aaaf21c8-d82b-11e8-80bb-08002789bf51, archive=false, dateOutputArchive=0001-01-01T00:00:00Z, thisGroup=false, parent=78ddac17-ca67-11e5-826c-605718cb5baa, bic=046015064, swift=, name=ЮЖНЫЙ ФИЛИАЛ АО "БАНК ИНТЕЗА", corrAccount=30101810460150000064, address=ВОРОШИЛОВСКИЙ ПР-Т, 48, city=Г. РОСТОВ-НА-ДОНУ, phones=(863)2318377,2318388, country=4e127564-d74f-4dd9-bced-0327f0f4e061, countryCode=643, activityDiscontinued=false}, {guid=aaaf21c9-d82b-11e8-80bb-08002789bf51, archive=false, dateOutputArchive=0001-01-01T00:00:00Z, thisGroup=false, parent=78ddac17-ca67-11e5-826c-605718cb5baa, bic=046015065, swift=JSNMRUMMRND, name=РОСТОВСКИЙ ФИЛИАЛ ПАО БАНКА "ФК ОТКРЫТИЕ", corrAccount=30101810760150000065, address=УЛ ТЕКУЧЕВА, 234, city=Г. РОСТОВ-НА-ДОНУ, phones=(863)2009099, country=4e127564-d74f-4dd9-bced-0327f0f4e061, countryCode=643, activityDiscontinued=true}, {guid=aaaf21ca-d82b-11e8-80bb-08002789bf51, archive=false, dateOutputArchive=0001-01-01T00:00:00Z, thisGroup=false, parent=78ddac17-ca67-11e5-826c-605718cb5baa, bic=046015060, swift=, name=ФИЛИАЛ АО "ГЕНБАНК" В Г.РОСТОВ-НА-ДОНУ, corrAccount=30101810260150000060, address=УЛ ПУШКИНСКАЯ, 94, city=Г. РОСТОВ-НА-ДОНУ, phones=(863)2999333, country=4e127564-d74f-4dd9-bced-0327f0f4e061, countryCode=643, activityDiscontinued=false}, {guid=aaaf21cb-d82b-11e8-80bb-08002789bf51, archive=false, dateOutputArchive=0001-01-01T00:00:00Z, thisGroup=false, parent=78ddac17-ca67-11e5-826c-605718cb5baa, bic=046015061, swift=, name=ФИЛИАЛ ЮЖНЫЙ ПАО БАНКА "ФК ОТКРЫТИЕ", corrAccount=30101810560150000061, address=УЛ ГОРОДА ВОЛОС, 112/130, city=Г. РОСТОВ-НА-ДОНУ, phones=(863)2688901, country=4e127564-d74f-4dd9-bced-0327f0f4e061, countryCode=643, activityDiscontinued=false}, {guid=aaaf21cc-d82b-11e8-80bb-08002789bf51, archive=false, dateOutputArchive=0001-01-01T00:00:00Z, thisGroup=false, parent=78ddabe7-ca67-11e5-826c-605718cb5baa, bic=040507750, swift=, name=АО "РОЯЛ КРЕДИТ БАНК", corrAccount=30101810105070000750, address=ПР-Т 100ЛЕТ ВЛАДИ-КА, 155 - 1Б, city=Г. ВЛАДИВОСТОК, phones=(423)2308871,2308870, country=4e127564-d74f-4dd9-bced-0327f0f4e061, countryCode=643, activityDiscontinued=false}, {guid=aaaf21cd-d82b-11e8-80bb-08002789bf51, archive=false, dateOutputArchive=0001-01-01T00:00:00Z, thisGroup=false, parent=78ddac17-ca67-11e5-826c-605718cb5baa, bic=046015078, swift=ZEMCRU22XXX, name=ООО "ЗЕМКОМБАНК", corrAccount=30101810760150000078, address=УЛ МАЛЮГИНОЙ, 233, city=Г. РОСТОВ-НА-ДОНУ, phones=(863)2800064, country=4e127564-d74f-4dd9-bced-0327f0f4e061, countryCode=643, activityDiscontinued=false}, {guid=aaaf21ce-d82b-11e8-80bb-08002789bf51, archive=false, dateOutputArchive=0001-01-01T00:00:00Z, thisGroup=false, parent=78ddac17-ca67-11e5-826c-605718cb5baa, bic=046015075, swift=, name=РОСТОВСКИЙ ФИЛИАЛ ЦМРБАНК (ООО), corrAccount=30101810860150000075, address=УЛ ПУШКИНСКАЯ, 105/79, city=Г. РОСТОВ-НА-ДОНУ, phones=(863)2695710, country=4e127564-d74f-4dd9-bced-0327f0f4e061, countryCode=643, activityDiscontinued=false}, {guid=aaaf21cf-d82b-11e8-80bb-08002789bf51, archive=false, dateOutputArchive=0001-01-01T00:00:00Z, thisGroup=false, parent=78ddac17-ca67-11e5-826c-605718cb5baa, bic=046015074, swift=, name=ФИЛИАЛ "РОСТОВ-НА-ДОНУ" КБ "ЛОКО-БАНК" (АО), corrAccount=30101810560150000074, address=УЛ МАКСИМА ГОРЬКОГО, 123/67, city=Г. РОСТОВ-НА-ДОНУ, phones=(863)2192772, country=4e127564-d74f-4dd9-bced-0327f0f4e061, countryCode=643, activityDiscontinued=false}, {guid=aaaf21d0-d82b-11e8-80bb-08002789bf51, archive=false, dateOutputArchive=0001-01-01T00:00:00Z, thisGroup=false, parent=78ddac17-ca67-11e5-826c-605718cb5baa, bic=046015051, swift=, name=Ф-Л АКБ "ФОРА-БАНК" (АО) В Г.РОСТОВ-НА-ДОНУ, corrAccount=30101810460150000051, address=УЛ ПУШКИНСКАЯ, 117, city=Г. РОСТОВ-НА-ДОНУ, phones=(863)2403640, country=4e127564-d74f-4dd9-bced-0327f0f4e061, countryCode=643, activityDiscontinued=false}, {guid=aaaf21d1-d82b-11e8-80bb-08002789bf51, archive=false, dateOutputArchive=0001-01-01T00:00:00Z, thisGroup=false, parent=78ddac17-ca67-11e5-826c-605718cb5baa, bic=046015052, swift=, name=ООО КБ "РОСТФИНАНС", corrAccount=30101810760150000052, address=УЛ КРАСНОАРМЕЙСКАЯ, 166 А, city=Г. РОСТОВ-НА-ДОНУ, phones=(863)2870058, country=4e127564-d74f-4dd9-bced-0327f0f4e061, countryCode=643, activityDiscontinued=false}, {guid=78ddac7b-ca67-11e5-826c-605718cb5baa, archive=false, dateOutputArchive=0001-01-01T00:00:00Z, thisGroup=false, parent=78ddac02-ca67-11e5-826c-605718cb5baa, bic=042809974, swift=, name=ТВЕФ ПАО "БИНБАНК", corrAccount=30101810900000000974, address=, city=Г. ТВЕРЬ, phones=, country=00000000-0000-0000-0000-000000000000, countryCode=, activityDiscontinued=true}, {guid=aaaf21d2-d82b-11e8-80bb-08002789bf51, archive=false, dateOutputArchive=0001-01-01T00:00:00Z, thisGroup=false, parent=78ddac17-ca67-11e5-826c-605718cb5baa, bic=046015050, swift=, name=ФИЛИАЛ № 1 ПАО МОСОБЛБАНК, corrAccount=30101810160150000050, address=КОММУНИСТИЧЕСКИЙ ПР-Т, 51, city=Г. РОСТОВ-НА-ДОНУ, phones=(863)3009637, country=4e127564-d74f-4dd9-bced-0327f0f4e061, countryCode=643, activityDiscontinued=false}, {guid=aaaf21d3-d82b-11e8-80bb-08002789bf51, archive=false, dateOutputArchive=0001-01-01T00:00:00Z, thisGroup=false, parent=78ddabf2-ca67-11e5-826c-605718cb5baa, bic=043601728, swift=, name=САМАРСКИЙ ФИЛИАЛ ПАО "НЕВСКИЙ БАНК", corrAccount=30101810222023601728, address=6 ПРОСЕКА, 125, city=Г. САМАРА, phones=(846)2011100, country=4e127564-d74f-4dd9-bced-0327f0f4e061, countryCode=643, activityDiscontinued=false}, {guid=aaaf21d4-d82b-11e8-80bb-08002789bf51, archive=false, dateOutputArchive=0001-01-01T00:00:00Z, thisGroup=false, parent=78ddabe9-ca67-11e5-826c-605718cb5baa, bic=042520764, swift=, name=КОНКУРСНЫЙ УПРАВЛЯЮЩИЙ "ВЛБАНК" (АО)-ГК "АСВ", corrAccount=30101810450040000764, address=УЛ КИРОВА, 85 А, city=Г. УСТЬ-КУТ, phones=(3952)289500, country=4e127564-d74f-4dd9-bced-0327f0f4e061, countryCode=643, activityDiscontinued=false}, {guid=aaaf21d5-d82b-11e8-80bb-08002789bf51, archive=false, dateOutputArchive=0001-01-01T00:00:00Z, thisGroup=false, parent=78ddabe9-ca67-11e5-826c-605718cb5baa, bic=042520767, swift=, name=АНГАРСКИЙ ФИЛИАЛ АО "ИТ БАНК", corrAccount=30101810350040000767, address=29-ЫЙ МКР, 15 А, city=Г. АНГАРСК, phones=(3955)671921,564004, country=4e127564-d74f-4dd9-bced-0327f0f4e061, countryCode=643, activityDiscontinued=false}, {guid=78ddabe1-ca67-11e5-826c-605718cb5baa, archive=, dateOutputArchive=, thisGroup=true, parent=00000000-0000-0000-0000-000000000000, bic=40       , swift=, name=Г САНКТ-ПЕТЕРБУРГ, corrAccount=, address=, city=, phones=, country=, countryCode=, activityDiscontinued=}, {guid=aaaf21d6-d82b-11e8-80bb-08002789bf51, archive=false, dateOutputArchive=0001-01-01T00:00:00Z, thisGroup=false, parent=78ddac34-ca67-11e5-826c-605718cb5baa, bic=046401888, swift=KHZARU99XXX, name=АО "БАНК ХОЛМСК", corrAccount=30101810064010000888, address=УЛ ЛЕНИНА, 304 Г, city=Г. ЮЖНО-САХАЛИНСК, phones=(4242)245858, country=4e127564-d74f-4dd9-bced-0327f0f4e061, countryCode=643, activityDiscontinued=false}, {guid=bbea4eb4-fc53-11e8-80c5-08002789bf51, archive=false, dateOutputArchive=0001-01-01T00:00:00Z, thisGroup=false, parent=78ddabe5-ca67-11e5-826c-605718cb5baa, bic=044525360, swift=, name=Филиал "Корпоративный" ПАО "Совкомбанк", corrAccount=30101810445250000360, address=УЛ. ВАВИЛОВА, Д. 24, city=Г. МОСКВА, phones=, country=4e127564-d74f-4dd9-bced-0327f0f4e061, countryCode=643, activityDiscontinued=false}, {guid=bbea4eb5-fc53-11e8-80c5-08002789bf51, archive=false, dateOutputArchive=0001-01-01T00:00:00Z, thisGroup=false, parent=78ddabe1-ca67-11e5-826c-605718cb5baa, bic=044030800, swift=, name=Ф-Л СПБ № 2 ПАО БАНК "ФК ОТКРЫТИЕ", corrAccount=30101810040300000800, address=НАБ. ОБВОДНОГО КАНАЛА, Д. 90,, city=Г. САНКТ-ПЕТЕРБУРГ, phones=, country=4e127564-d74f-4dd9-bced-0327f0f4e061, countryCode=643, activityDiscontinued=false}, {guid=bbea4eb6-fc53-11e8-80c5-08002789bf51, archive=false, dateOutputArchive=0001-01-01T00:00:00Z, thisGroup=false, parent=78ddac49-ca67-11e5-826c-605718cb5baa, bic=047308988, swift=, name=Ф-л Ульяновский № 2 ПАО Банк "ФК Открытие", corrAccount=30101810122027300988, address=УЛ. АЛЕКСАНДРА МАТРОСОВА, Д 33, city=Г. УЛЬЯНОВСК, phones=, country=4e127564-d74f-4dd9-bced-0327f0f4e061, countryCode=643, activityDiscontinued=false}, {guid=bbea4eb7-fc53-11e8-80c5-08002789bf51, archive=false, dateOutputArchive=0001-01-01T00:00:00Z, thisGroup=false, parent=78ddac07-ca67-11e5-826c-605718cb5baa, bic=045004051, swift=, name=Новосибирский филиал РНКО "Р-ИНКАС" (ООО), corrAccount=30103810450045004051, address=УЛ. ДМИТРИЯ ДОНСКОГО, 11, city=Г. НОВОСИБИРСК, phones=, country=4e127564-d74f-4dd9-bced-0327f0f4e061, countryCode=643, activityDiscontinued=false}, {guid=bbea4eb8-fc53-11e8-80c5-08002789bf51, archive=false, dateOutputArchive=0001-01-01T00:00:00Z, thisGroup=false, parent=78ddabe5-ca67-11e5-826c-605718cb5baa, bic=044525980, swift=, name=Ф-л Мск (Диджитал) ПАО Банк "ФК Открытие", corrAccount=30101810045250000980, address=УЛ. ПЕТРОВКА, Д. 24, СТР. 1, city=Г. МОСКВА, phones=, country=4e127564-d74f-4dd9-bced-0327f0f4e061, countryCode=643, activityDiscontinued=false}, {guid=bbea4eb9-fc53-11e8-80c5-08002789bf51, archive=false, dateOutputArchive=0001-01-01T00:00:00Z, thisGroup=false, parent=78ddabeb-ca67-11e5-826c-605718cb5baa, bic=040702751, swift=, name=Ф-Л СТАВРОПОЛЬСКИЙ №2 ПАО БАНК "ФК ОТКРЫТИЕ", corrAccount=30101810007020000751, address=УЛ. ЛЕНИНА, 221, city=Г. СТАВРОПОЛЬ, phones=, country=4e127564-d74f-4dd9-bced-0327f0f4e061, countryCode=643, activityDiscontinued=false}, {guid=bbea4eba-fc53-11e8-80c5-08002789bf51, archive=false, dateOutputArchive=0001-01-01T00:00:00Z, thisGroup=false, parent=78ddac09-ca67-11e5-826c-605718cb5baa, bic=046577520, swift=, name=Ф-л Екб №2 ПАО Банк "ФК Открытие", corrAccount=30101810065770000520, address=УЛ.ГОРЬКОГО, Д.45, city=Г. ЕКАТЕРИНБУРГ, phones=, country=4e127564-d74f-4dd9-bced-0327f0f4e061, countryCode=643, activityDiscontinued=false}, {guid=bbea4ebb-fc53-11e8-80c5-08002789bf51, archive=false, dateOutputArchive=0001-01-01T00:00:00Z, thisGroup=false, parent=78ddabe7-ca67-11e5-826c-605718cb5baa, bic=040507830, swift=, name=Ф-л Владивостокский №2 ПАО Банк "ФК Открытие", corrAccount=30101810805070000830, address=ПР-КТ ОКЕАНСКИЙ, Д.123 Б, city=Г. ВЛАДИВОСТОК, phones=, country=4e127564-d74f-4dd9-bced-0327f0f4e061, countryCode=643, activityDiscontinued=false}, {guid=bbea4ebc-fc53-11e8-80c5-08002789bf51, archive=false, dateOutputArchive=0001-01-01T00:00:00Z, thisGroup=false, parent=78ddac17-ca67-11e5-826c-605718cb5baa, bic=046015084, swift=, name=Ф-л Ростовский №2 ПАО Банк "ФК Открытие", corrAccount=30101810660150000084, address=ПР. ШОЛОХОВА, 32/65, city=Г. РОСТОВ-НА-ДОНУ, phones=, country=4e127564-d74f-4dd9-bced-0327f0f4e061, countryCode=643, activityDiscontinued=false}, {guid=bbea4ebd-fc53-11e8-80c5-08002789bf51, archive=false, dateOutputArchive=0001-01-01T00:00:00Z, thisGroup=false, parent=78ddac07-ca67-11e5-826c-605718cb5baa, bic=045004741, swift=, name=Ф-л Новосибирский №2 ПАО Банк "ФК Открытие", corrAccount=30101810350040000741, address=УЛ. ЛЕНИНА, Д. 18, city=Г. НОВОСИБИРСК, phones=, country=4e127564-d74f-4dd9-bced-0327f0f4e061, countryCode=643, activityDiscontinued=false}, {guid=78ddabdc-ca67-11e5-826c-605718cb5baa, archive=false, dateOutputArchive=0001-01-01T00:00:00Z, thisGroup=false, parent=78ddabdb-ca67-11e5-826c-605718cb5baa, bic=043207757, swift=, name=ФИЛИАЛ N 11 ПАО МОСОБЛБАНК, corrAccount=30101810000000000757, address=УЛ ВЕСЕННЯЯ, 24, city=Г. КЕМЕРОВО, phones=(3842)363892, country=4e127564-d74f-4dd9-bced-0327f0f4e061, countryCode=643, activityDiscontinued=false}, {guid=78ddabdd-ca67-11e5-826c-605718cb5baa, archive=, dateOutputArchive=, thisGroup=true, parent=00000000-0000-0000-0000-000000000000, bic=66       , swift=, name=СМОЛЕНСКАЯ ОБЛАСТЬ, corrAccount=, address=, city=, phones=, country=, countryCode=, activityDiscontinued=}, {guid=78ddabde-ca67-11e5-826c-605718cb5baa, archive=false, dateOutputArchive=0001-01-01T00:00:00Z, thisGroup=false, parent=78ddabdd-ca67-11e5-826c-605718cb5baa, bic=046610000, swift=, name=РКЦ ВЯЗЬМА, corrAccount=, address=, city=Г. ВЯЗЬМА, phones=, country=00000000-0000-0000-0000-000000000000, countryCode=, activityDiscontinued=true}, {guid=78ddabdf-ca67-11e5-826c-605718cb5baa, archive=, dateOutputArchive=, thisGroup=true, parent=00000000-0000-0000-0000-000000000000, bic=92       , swift=, name=РЕСПУБЛИКА ТАТАРСТАН, corrAccount=, address=, city=, phones=, country=, countryCode=, activityDiscontinued=}, {guid=78ddabe2-ca67-11e5-826c-605718cb5baa, archive=false, dateOutputArchive=0001-01-01T00:00:00Z, thisGroup=false, parent=78ddabe1-ca67-11e5-826c-605718cb5baa, bic=044030743, swift=, name=САНКТ-ПЕТЕРБУРГСКИЙ ФИЛИАЛ ПАО "АК БАНК", corrAccount=30101810300000000743, address=, city=Г. САНКТ-ПЕТЕРБУРГ, phones=, country=00000000-0000-0000-0000-000000000000, countryCode=, activityDiscontinued=true}, {guid=78ddabe3-ca67-11e5-826c-605718cb5baa, archive=false, dateOutputArchive=0001-01-01T00:00:00Z, thisGroup=false, parent=78ddabe1-ca67-11e5-826c-605718cb5baa, bic=044030708, swift=, name=САНКТ-ПЕТЕРБУРГСКИЙ ФИЛИАЛ АКБ "НЗБАНК",ОАО, corrAccount=30101810400000000708, address=, city=Г. САНКТ-ПЕТЕРБУРГ, phones=, country=00000000-0000-0000-0000-000000000000, countryCode=, activityDiscontinued=true}, {guid=78ddabe4-ca67-11e5-826c-605718cb5baa, archive=false, dateOutputArchive=0001-01-01T00:00:00Z, thisGroup=false, parent=78ddabe1-ca67-11e5-826c-605718cb5baa, bic=044030821, swift=, name=ФСКБ ПРИМОРЬЯ "ПРИМСОЦБАНК" В Г С-ПЕТЕРБУРГЕ, corrAccount=30101810400000000821, address=УЛ САДОВАЯ, 40 ЛИТ Б, city=Г. САНКТ-ПЕТЕРБУРГ, phones=(812)4934900, country=4e127564-d74f-4dd9-bced-0327f0f4e061, countryCode=643, activityDiscontinued=false}, {guid=78ddabe5-ca67-11e5-826c-605718cb5baa, archive=, dateOutputArchive=, thisGroup=true, parent=00000000-0000-0000-0000-000000000000, bic=45       , swift=, name=Г МОСКВА, corrAccount=, address=, city=, phones=, country=, countryCode=, activityDiscontinued=}, {guid=78ddabe6-ca67-11e5-826c-605718cb5baa, archive=false, dateOutputArchive=0001-01-01T00:00:00Z, thisGroup=false, parent=78ddabe5-ca67-11e5-826c-605718cb5baa, bic=044525461, swift=, name=КУ АКБ "БЕНИФИТ-БАНК" (ЗАО) - ГК "АСВ", corrAccount=30101810645250000461, address=УЛ ВЫСОЦКОГО, 4, city=Г. МОСКВА, phones=(495)9612526, country=4e127564-d74f-4dd9-bced-0327f0f4e061, countryCode=643, activityDiscontinued=false}, {guid=78ddabe7-ca67-11e5-826c-605718cb5baa, archive=, dateOutputArchive=, thisGroup=true, parent=00000000-0000-0000-0000-000000000000, bic=05       , swift=, name=ПРИМОРСКИЙ КРАЙ, corrAccount=, address=, city=, phones=, country=, countryCode=, activityDiscontinued=}, {guid=78ddabe8-ca67-11e5-826c-605718cb5baa, archive=false, dateOutputArchive=0001-01-01T00:00:00Z, thisGroup=false, parent=78ddabe7-ca67-11e5-826c-605718cb5baa, bic=040507001, swift=, name=ДАЛЬНЕВОСТОЧНОЕ ГУ БАНКА РОССИИ, corrAccount=, address=УЛ СВЕТЛАНСКАЯ, 71, city=Г. ВЛАДИВОСТОК, phones=(423)2406514,2406507, country=4e127564-d74f-4dd9-bced-0327f0f4e061, countryCode=643, activityDiscontinued=false}, {guid=78ddabe9-ca67-11e5-826c-605718cb5baa, archive=, dateOutputArchive=, thisGroup=true, parent=00000000-0000-0000-0000-000000000000, bic=25       , swift=, name=ИРКУТСКАЯ ОБЛАСТЬ, corrAccount=, address=, city=, phones=, country=, countryCode=, activityDiscontinued=}, {guid=78ddabea-ca67-11e5-826c-605718cb5baa, archive=false, dateOutputArchive=0001-01-01T00:00:00Z, thisGroup=false, parent=78ddabe9-ca67-11e5-826c-605718cb5baa, bic=042510000, swift=, name=РКЦ ЧУНСКИЙ, corrAccount=, address=, city=РП ЧУНСКИЙ, phones=, country=00000000-0000-0000-0000-000000000000, countryCode=, activityDiscontinued=true}, {guid=78ddabeb-ca67-11e5-826c-605718cb5baa, archive=, dateOutputArchive=, thisGroup=true, parent=00000000-0000-0000-0000-000000000000, bic=07       , swift=, name=СТАВРОПОЛЬСКИЙ КРАЙ, corrAccount=, address=, city=, phones=, country=, countryCode=, activityDiscontinued=}, {guid=78ddabec-ca67-11e5-826c-605718cb5baa, archive=false, dateOutputArchive=0001-01-01T00:00:00Z, thisGroup=false, parent=78ddabeb-ca67-11e5-826c-605718cb5baa, bic=040702001, swift=, name=ОТДЕЛЕНИЕ СТАВРОПОЛЬ, corrAccount=, address=УЛ ЛЕНИНА, 286, city=Г. СТАВРОПОЛЬ, phones=(8652)224803,224804, country=4e127564-d74f-4dd9-bced-0327f0f4e061, countryCode=643, activityDiscontinued=false}, {guid=78ddabed-ca67-11e5-826c-605718cb5baa, archive=false, dateOutputArchive=0001-01-01T00:00:00Z, thisGroup=false, parent=78ddabe5-ca67-11e5-826c-605718cb5baa, bic=044525212, swift=, name=КУ КБ "ТРАНСИНВЕСТБАНК" (ООО) - ГК "АСВ", corrAccount=30101810645250000212, address=УЛ ВЫСОЦКОГО, 4, city=Г. МОСКВА, phones=(495)9612526, country=4e127564-d74f-4dd9-bced-0327f0f4e061, countryCode=643, activityDiscontinued=false}, {guid=78ddabee-ca67-11e5-826c-605718cb5baa, archive=, dateOutputArchive=, thisGroup=true, parent=00000000-0000-0000-0000-000000000000, bic=54       , swift=, name=ОРЛОВСКАЯ ОБЛАСТЬ, corrAccount=, address=, city=, phones=, country=, countryCode=, activityDiscontinued=}, {guid=78ddabef-ca67-11e5-826c-605718cb5baa, archive=false, dateOutputArchive=0001-01-01T00:00:00Z, thisGroup=false, parent=78ddabee-ca67-11e5-826c-605718cb5baa, bic=045402751, swift=, name=ОРЛОВСКИЙ РФ АО "РОССЕЛЬХОЗБАНК", corrAccount=30101810700000000751, address=УЛ МОСКОВСКАЯ, 31 ЛИТ А, city=Г. ОРЁЛ, phones=(4862)541054,735788, country=4e127564-d74f-4dd9-bced-0327f0f4e061, countryCode=643, activityDiscontinued=false}, {guid=78ddabf0-ca67-11e5-826c-605718cb5baa, archive=, dateOutputArchive=, thisGroup=true, parent=00000000-0000-0000-0000-000000000000, bic=17       , swift=, name=ВЛАДИМИРСКАЯ ОБЛАСТЬ, corrAccount=, address=, city=, phones=, country=, countryCode=, activityDiscontinued=}, {guid=78ddabf1-ca67-11e5-826c-605718cb5baa, archive=false, dateOutputArchive=0001-01-01T00:00:00Z, thisGroup=false, parent=78ddabf0-ca67-11e5-826c-605718cb5baa, bic=041708717, swift=, name=ФИЛИАЛ АО "РОСТ БАНК" В Г.ВЛАДИМИРЕ, corrAccount=30101810517080000717, address=, city=Г. ВЛАДИМИР, phones=, country=00000000-0000-0000-0000-000000000000, countryCode=, activityDiscontinued=true}, {guid=78ddabf2-ca67-11e5-826c-605718cb5baa, archive=, dateOutputArchive=, thisGroup=true, parent=00000000-0000-0000-0000-000000000000, bic=36       , swift=, name=САМАРСКАЯ ОБЛАСТЬ, corrAccount=, address=, city=, phones=, country=, countryCode=, activityDiscontinued=}, {guid=78ddac7c-ca67-11e5-826c-605718cb5baa, archive=false, dateOutputArchive=0001-01-01T00:00:00Z, thisGroup=false, parent=78ddac17-ca67-11e5-826c-605718cb5baa, bic=046027835, swift=, name=ООО "РУССКИЙ НАЦИОНАЛЬНЫЙ БАНК", corrAccount=30101810700000000835, address=, city=Г. РОСТОВ-НА-ДОНУ, phones=, country=00000000-0000-0000-0000-000000000000, countryCode=, activityDiscontinued=true}, {guid=78ddabf3-ca67-11e5-826c-605718cb5baa, archive=false, dateOutputArchive=0001-01-01T00:00:00Z, thisGroup=false, parent=78ddabf2-ca67-11e5-826c-605718cb5baa, bic=043601917, swift=GAZPRUMM037, name=Ф-Л БАНКА ГПБ (АО) "ПОВОЛЖСКИЙ", corrAccount=30101810000000000917, address=УЛ НОВО-САДОВАЯ, 106 А, СТР 1, city=Г. САМАРА, phones=(846)3396945,3396946, country=4e127564-d74f-4dd9-bced-0327f0f4e061, countryCode=643, activityDiscontinued=false}, {guid=78ddabf4-ca67-11e5-826c-605718cb5baa, archive=false, dateOutputArchive=0001-01-01T00:00:00Z, thisGroup=false, parent=78ddabe5-ca67-11e5-826c-605718cb5baa, bic=044525225, swift=SABRRUMMXXX, name=ПАО СБЕРБАНК, corrAccount=30101810400000000225, address=УЛ ВАВИЛОВА, 19, city=Г. МОСКВА, phones=(495)5005550,88005555550, country=4e127564-d74f-4dd9-bced-0327f0f4e061, countryCode=643, activityDiscontinued=false}, {guid=78ddabf5-ca67-11e5-826c-605718cb5baa, archive=, dateOutputArchive=, thisGroup=true, parent=00000000-0000-0000-0000-000000000000, bic=87       , swift=, name=РЕСПУБЛИКА КОМИ, corrAccount=, address=, city=, phones=, country=, countryCode=, activityDiscontinued=}, {guid=78ddabf6-ca67-11e5-826c-605718cb5baa, archive=false, dateOutputArchive=0001-01-01T00:00:00Z, thisGroup=false, parent=78ddabf5-ca67-11e5-826c-605718cb5baa, bic=048723000, swift=, name=РКЦ УСИНСК, corrAccount=, address=УЛ НЕФТЯНИКОВ, 30, city=Г. УСИНСК, phones=(82144)41735,41445, country=4e127564-d74f-4dd9-bced-0327f0f4e061, countryCode=643, activityDiscontinued=false}, {guid=78ddabf8-ca67-11e5-826c-605718cb5baa, archive=false, dateOutputArchive=0001-01-01T00:00:00Z, thisGroup=false, parent=78ddabf7-ca67-11e5-826c-605718cb5baa, bic=045354860, swift=FORHRU33XXX, name=АКБ "ФОРШТАДТ" (АО), corrAccount=30101810700000000860, address=УЛ ЧКАЛОВА, 35/1, city=Г. ОРЕНБУРГ, phones=(3532)980486,980412, country=4e127564-d74f-4dd9-bced-0327f0f4e061, countryCode=643, activityDiscontinued=false}, {guid=78ddabf9-ca67-11e5-826c-605718cb5baa, archive=, dateOutputArchive=, thisGroup=true, parent=00000000-0000-0000-0000-000000000000, bic=69       , swift=, name=ТОМСКАЯ ОБЛАСТЬ, corrAccount=, address=, city=, phones=, country=, countryCode=, activityDiscontinued=}, {guid=78ddabfa-ca67-11e5-826c-605718cb5baa, archive=false, dateOutputArchive=0001-01-01T00:00:00Z, thisGroup=false, parent=78ddabf9-ca67-11e5-826c-605718cb5baa, bic=046900000, swift=, name=РКЦ КОЛПАШЕВО, corrAccount=, address=, city=Г. КОЛПАШЕВО, phones=, country=00000000-0000-0000-0000-000000000000, countryCode=, activityDiscontinued=true}, {guid=78ddabfb-ca67-11e5-826c-605718cb5baa, archive=false, dateOutputArchive=0001-01-01T00:00:00Z, thisGroup=false, parent=78ddabe1-ca67-11e5-826c-605718cb5baa, bic=044030752, swift=, name=САНКТ-ПЕТЕРБУРГСКИЙ ФИЛИАЛ "БАНК СГБ", corrAccount=30101810100000000752, address=УЛ. МАРШАЛА ГОВОРОВА, 35 ЛИТ А, city=Г. САНКТ-ПЕТЕРБУРГ, phones=(812)3365900, country=4e127564-d74f-4dd9-bced-0327f0f4e061, countryCode=643, activityDiscontinued=false}, {guid=78ddabfc-ca67-11e5-826c-605718cb5baa, archive=false, dateOutputArchive=0001-01-01T00:00:00Z, thisGroup=false, parent=78ddabe5-ca67-11e5-826c-605718cb5baa, bic=044525102, swift=IKBARUMMXXX, name=АО "ДЕНИЗБАНК МОСКВА", corrAccount=30101810400000000102, address=2-Я ЗВЕНИГОРОД УЛ, 13, СТР 42, city=Г. МОСКВА, phones=(495)7251020, country=4e127564-d74f-4dd9-bced-0327f0f4e061, countryCode=643, activityDiscontinued=false}, {guid=78ddabfd-ca67-11e5-826c-605718cb5baa, archive=, dateOutputArchive=, thisGroup=true, parent=00000000-0000-0000-0000-000000000000, bic=63       , swift=, name=САРАТОВСКАЯ ОБЛАСТЬ, corrAccount=, address=, city=, phones=, country=, countryCode=, activityDiscontinued=}, {guid=78ddabfe-ca67-11e5-826c-605718cb5baa, archive=false, dateOutputArchive=0001-01-01T00:00:00Z, thisGroup=false, parent=78ddabfd-ca67-11e5-826c-605718cb5baa, bic=046380002, swift=, name=ПУ БАНКА РОССИИ ВОЛЖСКОЕ, corrAccount=, address=, city=П. СВЕТЛЫЙ, phones=(84558)33215, country=4e127564-d74f-4dd9-bced-0327f0f4e061, countryCode=643, activityDiscontinued=false}, {guid=78ddabff-ca67-11e5-826c-605718cb5baa, archive=false, dateOutputArchive=0001-01-01T00:00:00Z, thisGroup=false, parent=78ddabe5-ca67-11e5-826c-605718cb5baa, bic=044583695, swift=, name=КУ ОАО БАНК "СОДРУЖЕСТВО"-ГК "АСВ", corrAccount=30101810700000000695, address=, city=Г. МОСКВА, phones=, country=00000000-0000-0000-0000-000000000000, countryCode=, activityDiscontinued=true}, {guid=78ddac00-ca67-11e5-826c-605718cb5baa, archive=, dateOutputArchive=, thisGroup=true, parent=00000000-0000-0000-0000-000000000000, bic=82       , swift=, name=РЕСПУБЛИКА ДАГЕСТАН, corrAccount=, address=, city=, phones=, country=, countryCode=, activityDiscontinued=}, {guid=78ddac01-ca67-11e5-826c-605718cb5baa, archive=false, dateOutputArchive=0001-01-01T00:00:00Z, thisGroup=false, parent=78ddac00-ca67-11e5-826c-605718cb5baa, bic=048209870, swift=, name=ЛИКВ ООО РНКО "УМУТ", corrAccount=30103810400000000870, address=УЛ КАЛИНИНА, 4, city=Г. ХАСАВЮРТ, phones=(87231)51268,51667, country=4e127564-d74f-4dd9-bced-0327f0f4e061, countryCode=643, activityDiscontinued=false}, {guid=78ddac02-ca67-11e5-826c-605718cb5baa, archive=, dateOutputArchive=, thisGroup=true, parent=00000000-0000-0000-0000-000000000000, bic=28       , swift=, name=ТВЕРСКАЯ ОБЛАСТЬ, corrAccount=, address=, city=, phones=, country=, countryCode=, activityDiscontinued=}, {guid=78ddac03-ca67-11e5-826c-605718cb5baa, archive=false, dateOutputArchive=0001-01-01T00:00:00Z, thisGroup=false, parent=78ddac02-ca67-11e5-826c-605718cb5baa, bic=042809909, swift=, name=ТВЕРСКОЙ ФИЛИАЛ АБ "РОССИЯ", corrAccount=30101810700000000909, address=УЛ КРЫЛОВА, 40/29, city=Г. ТВЕРЬ, phones=(4822)347569, country=4e127564-d74f-4dd9-bced-0327f0f4e061, countryCode=643, activityDiscontinued=false}, {guid=78ddac04-ca67-11e5-826c-605718cb5baa, archive=false, dateOutputArchive=0001-01-01T00:00:00Z, thisGroup=false, parent=78ddac00-ca67-11e5-826c-605718cb5baa, bic=048209989, swift=, name=ФИЛИАЛ ИКБ "ЭНТУЗИАСТБАНК" ООО-КИЗЛЯР, corrAccount=30101810882090000989, address=, city=Г. КИЗЛЯР, phones=, country=00000000-0000-0000-0000-000000000000, countryCode=, activityDiscontinued=true}, {guid=78ddac05-ca67-11e5-826c-605718cb5baa, archive=false, dateOutputArchive=0001-01-01T00:00:00Z, thisGroup=false, parent=78ddabe5-ca67-11e5-826c-605718cb5baa, bic=044583844, swift=, name=КУ КОММЕРЧЕСКИЙ БАНК "СДБ" (ООО) ГК "АСВ", corrAccount=30101810700000000844, address=, city=Г. МОСКВА, phones=, country=00000000-0000-0000-0000-000000000000, countryCode=, activityDiscontinued=true}, {guid=78ddac06-ca67-11e5-826c-605718cb5baa, archive=false, dateOutputArchive=0001-01-01T00:00:00Z, thisGroup=false, parent=78ddabe5-ca67-11e5-826c-605718cb5baa, bic=044525938, swift=, name=МОСКОВСКИЙ ФИЛИАЛ АО АКБ "ТЕКСБАНК", corrAccount=30101810945250000938, address=ОЛИМПИЙСКИЙ ПР-Т, 26, СТР 1, city=Г. МОСКВА, phones=(495)6480048, country=4e127564-d74f-4dd9-bced-0327f0f4e061, countryCode=643, activityDiscontinued=false}, {guid=78ddac07-ca67-11e5-826c-605718cb5baa, archive=, dateOutputArchive=, thisGroup=true, parent=00000000-0000-0000-0000-000000000000, bic=50       , swift=, name=НОВОСИБИРСКАЯ ОБЛАСТЬ, corrAccount=, address=, city=, phones=, country=, countryCode=, activityDiscontinued=}, {guid=78ddac08-ca67-11e5-826c-605718cb5baa, archive=false, dateOutputArchive=0001-01-01T00:00:00Z, thisGroup=false, parent=78ddac07-ca67-11e5-826c-605718cb5baa, bic=045004747, swift=, name=ФИЛИАЛ "НОВОСИБИРСКИЙ" АО "ГЛОБЭКСБАНК", corrAccount=30101810150040000747, address=УЛ ВОКЗАЛЬНАЯ МАГИСТРАЛЬ, 8 А, city=Г. НОВОСИБИРСК, phones=(383)2181508, country=4e127564-d74f-4dd9-bced-0327f0f4e061, countryCode=643, activityDiscontinued=false}, {guid=78ddac09-ca67-11e5-826c-605718cb5baa, archive=, dateOutputArchive=, thisGroup=true, parent=00000000-0000-0000-0000-000000000000, bic=65       , swift=, name=СВЕРДЛОВСКАЯ ОБЛАСТЬ, corrAccount=, address=, city=, phones=, country=, countryCode=, activityDiscontinued=}, {guid=78ddac0a-ca67-11e5-826c-605718cb5baa, archive=false, dateOutputArchive=0001-01-01T00:00:00Z, thisGroup=false, parent=78ddac09-ca67-11e5-826c-605718cb5baa, bic=046577907, swift=, name=ЕКАТЕРИНБУРГСКИЙ ФИЛИАЛ ПАО "АК БАРС" БАНК, corrAccount=30101810400000000907, address=ПР-Т ЛЕНИНА, 20, city=Г. ЕКАТЕРИНБУРГ, phones=(343)3556015, country=4e127564-d74f-4dd9-bced-0327f0f4e061, countryCode=643, activityDiscontinued=false}, {guid=78ddac0b-ca67-11e5-826c-605718cb5baa, archive=, dateOutputArchive=, thisGroup=true, parent=00000000-0000-0000-0000-000000000000, bic=47       , swift=, name=МУРМАНСКАЯ ОБЛАСТЬ, corrAccount=, address=, city=, phones=, country=, countryCode=, activityDiscontinued=}, {guid=78ddac0c-ca67-11e5-826c-605718cb5baa, archive=false, dateOutputArchive=0001-01-01T00:00:00Z, thisGroup=false, parent=78ddac0b-ca67-11e5-826c-605718cb5baa, bic=044705824, swift=, name=ФИЛИАЛ ПАО "ОФК БАНК" В МУРМАНСКЕ, corrAccount=30101810900000000824, address=, city=Г. МУРМАНСК, phones=, country=00000000-0000-0000-0000-000000000000, countryCode=, activityDiscontinued=true}, {guid=78ddac0d-ca67-11e5-826c-605718cb5baa, archive=, dateOutputArchive=, thisGroup=true, parent=00000000-0000-0000-0000-000000000000, bic=19       , swift=, name=ВОЛОГОДСКАЯ ОБЛАСТЬ, corrAccount=, address=, city=, phones=, country=, countryCode=, activityDiscontinued=}, {guid=78ddac0e-ca67-11e5-826c-605718cb5baa, archive=false, dateOutputArchive=0001-01-01T00:00:00Z, thisGroup=false, parent=78ddac0d-ca67-11e5-826c-605718cb5baa, bic=041909708, swift=, name=КУ НКО "КРЕДИТАЛЬЯНС" (ООО), corrAccount=30103810200000000708, address=, city=Г. ВОЛОГДА, phones=, country=00000000-0000-0000-0000-000000000000, countryCode=, activityDiscontinued=true}, {guid=78ddac0f-ca67-11e5-826c-605718cb5baa, archive=, dateOutputArchive=, thisGroup=true, parent=00000000-0000-0000-0000-000000000000, bic=03       , swift=, name=КРАСНОДАРСКИЙ КРАЙ, corrAccount=, address=, city=, phones=, country=, countryCode=, activityDiscontinued=}, {guid=78ddac10-ca67-11e5-826c-605718cb5baa, archive=false, dateOutputArchive=0001-01-01T00:00:00Z, thisGroup=false, parent=78ddac0f-ca67-11e5-826c-605718cb5baa, bic=040349749, swift=, name=КРАСНОДАРСКИЙ ФИЛИАЛ ТКБ БАНК ПАО, corrAccount=30101810500000000749, address=УЛ ФРУНЗЕ, 169, city=Г. КРАСНОДАР, phones=(861)2104542,2104546, country=4e127564-d74f-4dd9-bced-0327f0f4e061, countryCode=643, activityDiscontinued=false}, {guid=78ddac11-ca67-11e5-826c-605718cb5baa, archive=false, dateOutputArchive=0001-01-01T00:00:00Z, thisGroup=false, parent=78ddabf5-ca67-11e5-826c-605718cb5baa, bic=048702731, swift=, name=ФИЛИАЛ КБ "РОСПРОМБАНК" (ООО) В Г. СЫКТЫВКАРЕ, corrAccount=30101810500000000731, address=, city=Г. СЫКТЫВКАР, phones=, country=00000000-0000-0000-0000-000000000000, countryCode=, activityDiscontinued=true}, {guid=78ddac12-ca67-11e5-826c-605718cb5baa, archive=, dateOutputArchive=, thisGroup=true, parent=00000000-0000-0000-0000-000000000000, bic=20       , swift=, name=ВОРОНЕЖСКАЯ ОБЛАСТЬ, corrAccount=, address=, city=, phones=, country=, countryCode=, activityDiscontinued=}, {guid=78ddac13-ca67-11e5-826c-605718cb5baa, archive=false, dateOutputArchive=0001-01-01T00:00:00Z, thisGroup=false, parent=78ddac12-ca67-11e5-826c-605718cb5baa, bic=042007001, swift=, name=ОТДЕЛЕНИЕ ВОРОНЕЖ, corrAccount=, address=УЛ ТЕАТРАЛЬНАЯ, 36, city=Г. ВОРОНЕЖ, phones=(473)2555820,2699990, country=4e127564-d74f-4dd9-bced-0327f0f4e061, countryCode=643, activityDiscontinued=false}, {guid=78ddac14-ca67-11e5-826c-605718cb5baa, archive=, dateOutputArchive=, thisGroup=true, parent=00000000-0000-0000-0000-000000000000, bic=76       , swift=, name=ЗАБАЙКАЛЬСКИЙ КРАЙ, corrAccount=, address=, city=, phones=, country=, countryCode=, activityDiscontinued=}, {guid=78ddac15-ca67-11e5-826c-605718cb5baa, archive=false, dateOutputArchive=0001-01-01T00:00:00Z, thisGroup=false, parent=78ddac14-ca67-11e5-826c-605718cb5baa, bic=047601637, swift=SABRRU66CHT, name=ЧИТИНСКОЕ ОТДЕЛЕНИЕ  N8600 ПАО СБЕРБАНК, corrAccount=30101810500000000637, address=УЛ ПОЛИНЫ ОСИПЕНКО, 40, city=Г. ЧИТА, phones=(3022)336111, country=4e127564-d74f-4dd9-bced-0327f0f4e061, countryCode=643, activityDiscontinued=false}, {guid=78ddac16-ca67-11e5-826c-605718cb5baa, archive=false, dateOutputArchive=0001-01-01T00:00:00Z, thisGroup=false, parent=78ddabdb-ca67-11e5-826c-605718cb5baa, bic=043209770, swift=NOOBRU55XXX, name=ООО "НОВОКИБ", corrAccount=30101810900000000770, address=УЛ КИРОВА, 69, city=Г. НОВОКУЗНЕЦК, phones=(3843)539698,459267, country=4e127564-d74f-4dd9-bced-0327f0f4e061, countryCode=643, activityDiscontinued=false}, {guid=78ddac17-ca67-11e5-826c-605718cb5baa, archive=, dateOutputArchive=, thisGroup=true, parent=00000000-0000-0000-0000-000000000000, bic=60       , swift=, name=РОСТОВСКАЯ ОБЛАСТЬ, corrAccount=, address=, city=, phones=, country=, countryCode=, activityDiscontinued=}, {guid=78ddac18-ca67-11e5-826c-605718cb5baa, archive=false, dateOutputArchive=0001-01-01T00:00:00Z, thisGroup=false, parent=78ddac17-ca67-11e5-826c-605718cb5baa, bic=046015293, swift=, name=РОСТОВСКИЙ ФИЛИАЛ НКО "ИНКАХРАН" (АО), corrAccount=30103810860150000293, address=, city=Г. РОСТОВ-НА-ДОНУ, phones=, country=00000000-0000-0000-0000-000000000000, countryCode=, activityDiscontinued=true}, {guid=78ddac19-ca67-11e5-826c-605718cb5baa, archive=false, dateOutputArchive=0001-01-01T00:00:00Z, thisGroup=false, parent=78ddac07-ca67-11e5-826c-605718cb5baa, bic=045004775, swift=, name=НОВОСИБИРСКИЙ ФИЛИАЛ ПАО "БИНБАНК", corrAccount=30101810850040000775, address=, city=Г. НОВОСИБИРСК, phones=, country=00000000-0000-0000-0000-000000000000, countryCode=, activityDiscontinued=true}, {guid=78ddac1a-ca67-11e5-826c-605718cb5baa, archive=false, dateOutputArchive=0001-01-01T00:00:00Z, thisGroup=false, parent=78ddabe5-ca67-11e5-826c-605718cb5baa, bic=044583138, swift=, name=ООО КБ "РАСЧЕТНЫЙ ДОМ", corrAccount=30101810500000000138, address=, city=Г. МОСКВА, phones=, country=00000000-0000-0000-0000-000000000000, countryCode=, activityDiscontinued=true}, {guid=78ddac1b-ca67-11e5-826c-605718cb5baa, archive=false, dateOutputArchive=0001-01-01T00:00:00Z, thisGroup=false, parent=78ddabe5-ca67-11e5-826c-605718cb5baa, bic=044525762, swift=, name=КУ КБ "ЕВРОТРАСТ" (ЗАО) ГК "АСВ", corrAccount=30101810400000000762, address=УЛ ВЫСОЦКОГО, 4, city=Г. МОСКВА, phones=(495)9612526, country=4e127564-d74f-4dd9-bced-0327f0f4e061, countryCode=643, activityDiscontinued=false}, {guid=78ddaca1-ca67-11e5-826c-605718cb5baa, archive=, dateOutputArchive=, thisGroup=true, parent=00000000-0000-0000-0000-000000000000, bic=37       , swift=, name=КУРГАНСКАЯ ОБЛАСТЬ, corrAccount=, address=, city=, phones=, country=, countryCode=, activityDiscontinued=}, {guid=78ddac1d-ca67-11e5-826c-605718cb5baa, archive=false, dateOutputArchive=0001-01-01T00:00:00Z, thisGroup=false, parent=78ddabe5-ca67-11e5-826c-605718cb5baa, bic=044525235, swift=, name=КУ ООО "М ПЛЮС" ГК "АСВ", corrAccount=30101810745250000235, address=УЛ ВЫСОЦКОГО, 4, city=Г. МОСКВА, phones=(495)9612526, country=4e127564-d74f-4dd9-bced-0327f0f4e061, countryCode=643, activityDiscontinued=false}, {guid=78ddac1e-ca67-11e5-826c-605718cb5baa, archive=false, dateOutputArchive=0001-01-01T00:00:00Z, thisGroup=false, parent=78ddabe5-ca67-11e5-826c-605718cb5baa, bic=044583701, swift=, name=ООО НКО "ДЕНЬГИ.МЭЙЛ.РУ", corrAccount=30103810100000000701, address=, city=Г. МОСКВА, phones=, country=00000000-0000-0000-0000-000000000000, countryCode=, activityDiscontinued=true}, {guid=78ddac1f-ca67-11e5-826c-605718cb5baa, archive=false, dateOutputArchive=0001-01-01T00:00:00Z, thisGroup=false, parent=78ddabe1-ca67-11e5-826c-605718cb5baa, bic=044030769, swift=, name=КУ ОАО КБ "ПЕТРО-АЭРО-БАНК"-ГК "АСВ", corrAccount=30101810300000000769, address=, city=Г. САНКТ-ПЕТЕРБУРГ, phones=, country=00000000-0000-0000-0000-000000000000, countryCode=, activityDiscontinued=true}, {guid=e8b018e6-ca8b-11e5-826c-605718cb5baa, archive=false, dateOutputArchive=0001-01-01T00:00:00Z, thisGroup=false, parent=78ddac9c-ca67-11e5-826c-605718cb5baa, bic=040481000, swift=, name=РКЦ АЧИНСК, corrAccount=, address=, city=Г. АЧИНСК, phones=, country=00000000-0000-0000-0000-000000000000, countryCode=, activityDiscontinued=true}, {guid=78ddac20-ca67-11e5-826c-605718cb5baa, archive=false, dateOutputArchive=0001-01-01T00:00:00Z, thisGroup=false, parent=78ddac0f-ca67-11e5-826c-605718cb5baa, bic=040396844, swift=, name=КОНКУРСНЫЙ УПРАВЛЯЮЩИЙ ООО КИИБ"СОЧИ"-ГК"АСВ", corrAccount=30101810700000000844, address=УЛ ВЫСОЦКОГО, 4, city=Г. МОСКВА, phones=(495)7253117, country=4e127564-d74f-4dd9-bced-0327f0f4e061, countryCode=643, activityDiscontinued=false}, {guid=78ddac21-ca67-11e5-826c-605718cb5baa, archive=, dateOutputArchive=, thisGroup=true, parent=00000000-0000-0000-0000-000000000000, bic=22       , swift=, name=НИЖЕГОРОДСКАЯ ОБЛАСТЬ, corrAccount=, address=, city=, phones=, country=, countryCode=, activityDiscontinued=}, {guid=78ddac22-ca67-11e5-826c-605718cb5baa, archive=false, dateOutputArchive=0001-01-01T00:00:00Z, thisGroup=false, parent=78ddac21-ca67-11e5-826c-605718cb5baa, bic=042202821, swift=, name=ФАКБ "РОССИЙСКИЙ КАПИТАЛ" (АО) НИЖЕГОРОДСКИЙ, corrAccount=30101810300000000821, address=УЛ ОШАРСКАЯ, 52, city=Г. НИЖНИЙ НОВГОРОД, phones=(831)2816345, country=4e127564-d74f-4dd9-bced-0327f0f4e061, countryCode=643, activityDiscontinued=false}, {guid=78ddac23-ca67-11e5-826c-605718cb5baa, archive=false, dateOutputArchive=0001-01-01T00:00:00Z, thisGroup=false, parent=78ddabe5-ca67-11e5-826c-605718cb5baa, bic=044525551, swift=ICBKRUMMXXX, name=АЙСИБИСИ БАНК (АО), corrAccount=30101810200000000551, address=СЕРЕБРЯНИЧЕСКАЯ НАБ, 29, city=Г. МОСКВА, phones=(495)2873099, country=4e127564-d74f-4dd9-bced-0327f0f4e061, countryCode=643, activityDiscontinued=false}, {guid=78ddac24-ca67-11e5-826c-605718cb5baa, archive=false, dateOutputArchive=0001-01-01T00:00:00Z, thisGroup=false, parent=78ddabe5-ca67-11e5-826c-605718cb5baa, bic=044525476, swift=CBMWRUMMXXX, name=АО "МОСКОМБАНК", corrAccount=30101810245250000476, address=УЛ 1-Я ФРУНЗЕНСКАЯ, 5, city=Г. МОСКВА, phones=(495)6091919, country=4e127564-d74f-4dd9-bced-0327f0f4e061, countryCode=643, activityDiscontinued=false}, {guid=78ddac25-ca67-11e5-826c-605718cb5baa, archive=, dateOutputArchive=, thisGroup=true, parent=00000000-0000-0000-0000-000000000000, bic=00       , swift=, name=ТЕРРИТОРИЯ НЕ ОПРЕДЕЛЕНА, corrAccount=, address=, city=, phones=, country=, countryCode=, activityDiscontinued=}, {guid=78ddac26-ca67-11e5-826c-605718cb5baa, archive=false, dateOutputArchive=0001-01-01T00:00:00Z, thisGroup=false, parent=78ddac25-ca67-11e5-826c-605718cb5baa, bic=040004002, swift=, name=ПУ БАНКА РОССИИ N 67903, corrAccount=, address=П/П 67903, city=, phones=, country=4e127564-d74f-4dd9-bced-0327f0f4e061, countryCode=643, activityDiscontinued=false}, {guid=78ddac27-ca67-11e5-826c-605718cb5baa, archive=false, dateOutputArchive=0001-01-01T00:00:00Z, thisGroup=false, parent=78ddac00-ca67-11e5-826c-605718cb5baa, bic=048209788, swift=, name=ФАКБ "ИНВЕСТТОРГБАНК" (ПАО) "МАХАЧКАЛИНСКИЙ", corrAccount=30101810400000000788, address=, city=Г. МАХАЧКАЛА, phones=, country=00000000-0000-0000-0000-000000000000, countryCode=, activityDiscontinued=true}, {guid=78ddac28-ca67-11e5-826c-605718cb5baa, archive=, dateOutputArchive=, thisGroup=true, parent=00000000-0000-0000-0000-000000000000, bic=94       , swift=, name=УДМУРТСКАЯ РЕСПУБЛИКА, corrAccount=, address=, city=, phones=, country=, countryCode=, activityDiscontinued=}]

at java.base/jdk.internal.reflect.DirectConstructorHandleAccessor.newInstance(DirectConstructorHandleAccessor.java:67)
at java.base/java.lang.reflect.Constructor.newInstanceWithCaller(Constructor.java:500)
at java.base/java.lang.reflect.Constructor.newInstance(Constructor.java:484)
at org.codehaus.groovy.reflection.CachedConstructor.invoke(CachedConstructor.java:73)
at org.codehaus.groovy.runtime.callsite.ConstructorSite$ConstructorSiteNoUnwrapNoCoerce.callConstructor(ConstructorSite.java:108)
at org.codehaus.groovy.runtime.callsite.AbstractCallSite.callConstructor(AbstractCallSite.java:277)
at io.restassured.internal.ResponseSpecificationImpl$HamcrestAssertionClosure.validate(ResponseSpecificationImpl.groovy:512)
at io.restassured.internal.ResponseSpecificationImpl$HamcrestAssertionClosure$validate$1.call(Unknown Source)
at io.restassured.internal.ResponseSpecificationImpl.validateResponseIfRequired(ResponseSpecificationImpl.groovy:696)
at io.restassured.internal.ResponseSpecificationImpl.this$2$validateResponseIfRequired(ResponseSpecificationImpl.groovy)
at java.base/jdk.internal.reflect.DirectMethodHandleAccessor.invoke(DirectMethodHandleAccessor.java:104)
at java.base/java.lang.reflect.Method.invoke(Method.java:578)
at org.codehaus.groovy.runtime.callsite.PlainObjectMetaMethodSite.doInvoke(PlainObjectMetaMethodSite.java:43)
at org.codehaus.groovy.runtime.callsite.PogoMetaMethodSite$PogoCachedMethodSiteNoUnwrapNoCoerce.invoke(PogoMetaMethodSite.java:198)
at org.codehaus.groovy.runtime.callsite.PogoMetaMethodSite.callCurrent(PogoMetaMethodSite.java:62)
at org.codehaus.groovy.runtime.callsite.AbstractCallSite.callCurrent(AbstractCallSite.java:185)
at io.restassured.internal.ResponseSpecificationImpl.body(ResponseSpecificationImpl.groovy:107)
at io.restassured.internal.ValidatableResponseOptionsImpl.body(ValidatableResponseOptionsImpl.java:238)
at AutoTest.ClassifireIsAllRussianTest.getBankList(ClassifireIsAllRussianTest.java:536)
at java.base/jdk.internal.reflect.DirectMethodHandleAccessor.invoke(DirectMethodHandleAccessor.java:104)
at java.base/java.lang.reflect.Method.invoke(Method.java:578)
at org.testng.internal.invokers.MethodInvocationHelper.invokeMethod(MethodInvocationHelper.java:139)
at org.testng.internal.invokers.TestInvoker.invokeMethod(TestInvoker.java:677)
at org.testng.internal.invokers.TestInvoker.invokeTestMethod(TestInvoker.java:221)
at org.testng.internal.invokers.MethodRunner.runInSequence(MethodRunner.java:50)
at org.testng.internal.invokers.TestInvoker$MethodInvocationAgent.invoke(TestInvoker.java:969)
at org.testng.internal.invokers.TestInvoker.invokeTestMethods(TestInvoker.java:194)
at org.testng.internal.invokers.TestMethodWorker.invokeTestMethods(TestMethodWorker.java:148)
at org.testng.internal.invokers.TestMethodWorker.run(TestMethodWorker.java:128)
at java.base/java.util.ArrayList.forEach(ArrayList.java:1511)
at org.testng.TestRunner.privateRun(TestRunner.java:829)
at org.testng.TestRunner.run(TestRunner.java:602)
at org.testng.SuiteRunner.runTest(SuiteRunner.java:437)
at org.testng.SuiteRunner.runSequentially(SuiteRunner.java:431)
at org.testng.SuiteRunner.privateRun(SuiteRunner.java:391)
at org.testng.SuiteRunner.run(SuiteRunner.java:330)
at org.testng.SuiteRunnerWorker.runSuite(SuiteRunnerWorker.java:52)
at org.testng.SuiteRunnerWorker.run(SuiteRunnerWorker.java:95)
at org.testng.TestNG.runSuitesSequentially(TestNG.java:1256)
at org.testng.TestNG.runSuitesLocally(TestNG.java:1176)
at org.testng.TestNG.runSuites(TestNG.java:1099)
at org.testng.TestNG.run(TestNG.java:1067)
at org.apache.maven.surefire.testng.TestNGExecutor.run(TestNGExecutor.java:132)
at org.apache.maven.surefire.testng.TestNGDirectoryTestSuite.executeMulti(TestNGDirectoryTestSuite.java:193)
at org.apache.maven.surefire.testng.TestNGDirectoryTestSuite.execute(TestNGDirectoryTestSuite.java:94)
at org.apache.maven.surefire.testng.TestNGProvider.invoke(TestNGProvider.java:147)
at org.apache.maven.surefire.booter.ForkedBooter.invokeProviderInSameClassLoader(ForkedBooter.java:290)
at org.apache.maven.surefire.booter.ForkedBooter.runSuitesInProcess(ForkedBooter.java:242)
at org.apache.maven.surefire.booter.ForkedBooter.main(ForkedBooter.java:121)
]]>
    </failure>
  </testcase> <!-- getBankList -->
  <system-out/>
  <testcase classname="AutoTest.ClassifireIsAllRussianTest" name="getBankGuidNotExist" time="1.004"/>
  <system-out/>
  <testcase classname="AutoTest.ClassifireIsAllRussianTest" name="getBankListStepIsEmpty" time="0.731">
    <failure message="1 expectation failed.
Response body doesn&#039;t match expectation.
Expected: The content to match the given JSON schema.
error: instance type (string) does not match any allowed primitive type (allowed: [&quot;boolean&quot;])
    level: &quot;error&quot;
    schema: {&quot;loadingURI&quot;:&quot;file:/C:/Users/Sasha/Api/target/test-classes/getBankList.json#&quot;,&quot;pointer&quot;:&quot;/items/properties/activityDiscontinued&quot;}
    instance: {&quot;pointer&quot;:&quot;/13/activityDiscontinued&quot;}
    domain: &quot;validation&quot;
    keyword: &quot;type&quot;
    found: &quot;string&quot;
    expected: [&quot;boolean&quot;]
error: string &quot;&quot; is too short (length: 0, required minimum: 1)
    level: &quot;error&quot;
    schema: {&quot;loadingURI&quot;:&quot;file:/C:/Users/Sasha/Api/target/test-classes/getBankList.json#&quot;,&quot;pointer&quot;:&quot;/items/properties/address&quot;}
    instance: {&quot;pointer&quot;:&quot;/13/address&quot;}
    domain: &quot;validation&quot;
    keyword: &quot;minLength&quot;
    value: &quot;&quot;
    found: 0
    minLength: 1
error: instance type (string) does not match any allowed primitive type (allowed: [&quot;boolean&quot;])
    level: &quot;error&quot;
    schema: {&quot;loadingURI&quot;:&quot;file:/C:/Users/Sasha/Api/target/test-classes/getBankList.json#&quot;,&quot;pointer&quot;:&quot;/items/properties/archive&quot;}
    instance: {&quot;pointer&quot;:&quot;/13/archive&quot;}
    domain: &quot;validation&quot;
    keyword: &quot;type&quot;
    found: &quot;string&quot;
    expected: [&quot;boolean&quot;]
error: string &quot;&quot; is too short (length: 0, required minimum: 1)
    level: &quot;error&quot;
    schema: {&quot;loadingURI&quot;:&quot;file:/C:/Users/Sasha/Api/target/test-classes/getBankList.json#&quot;,&quot;pointer&quot;:&quot;/items/properties/city&quot;}
    instance: {&quot;pointer&quot;:&quot;/13/city&quot;}
    domain: &quot;validation&quot;
    keyword: &quot;minLength&quot;
    value: &quot;&quot;
    found: 0
    minLength: 1
error: string &quot;&quot; is too short (length: 0, required minimum: 20)
    level: &quot;error&quot;
    schema: {&quot;loadingURI&quot;:&quot;file:/C:/Users/Sasha/Api/target/test-classes/getBankList.json#&quot;,&quot;pointer&quot;:&quot;/items/properties/corrAccount&quot;}
    instance: {&quot;pointer&quot;:&quot;/13/corrAccount&quot;}
    domain: &quot;validation&quot;
    keyword: &quot;minLength&quot;
    value: &quot;&quot;
    found: 0
    minLength: 20
error: string &quot;&quot; is too short (length: 0, required minimum: 36)
    level: &quot;error&quot;
    schema: {&quot;loadingURI&quot;:&quot;file:/C:/Users/Sasha/Api/target/test-classes/getBankList.json#&quot;,&quot;pointer&quot;:&quot;/items/properties/country&quot;}
    instance: {&quot;pointer&quot;:&quot;/13/country&quot;}
    domain: &quot;validation&quot;
    keyword: &quot;minLength&quot;
    value: &quot;&quot;
    found: 0
    minLength: 36
error: string &quot;&quot; is too short (length: 0, required minimum: 3)
    level: &quot;error&quot;
    schema: {&quot;loadingURI&quot;:&quot;file:/C:/Users/Sasha/Api/target/test-classes/getBankList.json#&quot;,&quot;pointer&quot;:&quot;/items/properties/countryCode&quot;}
    instance: {&quot;pointer&quot;:&quot;/13/countryCode&quot;}
    domain: &quot;validation&quot;
    keyword: &quot;minLength&quot;
    value: &quot;&quot;
    found: 0
    minLength: 3
error: string &quot;&quot; is too short (length: 0, required minimum: 10)
    level: &quot;error&quot;
    schema: {&quot;loadingURI&quot;:&quot;file:/C:/Users/Sasha/Api/target/test-classes/getBankList.json#&quot;,&quot;pointer&quot;:&quot;/items/properties/dateOutputArchive&quot;}
    instance: {&quot;pointer&quot;:&quot;/13/dateOutputArchive&quot;}
    domain: &quot;validation&quot;
    keyword: &quot;minLength&quot;
    value: &quot;&quot;
    found: 0
    minLength: 10

  Actual: [{guid=979300ab-d82b-11e8-80bb-08002789bf51, archive=false, dateOutputArchive=0001-01-01T00:00:00Z, thisGroup=false, parent=78ddabf2-ca67-11e5-826c-605718cb5baa, bic=043601707, swift=, name=ФИЛИАЛ &quot;САМАРСКИЙ&quot; АО &quot;ОТП БАНК&quot;, corrAccount=30101810722023601707, address=УЛ АВРОРЫ, 150, city=Г. САМАРА, phones=(846)3425312,3425313, country=4e127564-d74f-4dd9-bced-0327f0f4e061, countryCode=643, activityDiscontinued=false}, {guid=979300ac-d82b-11e8-80bb-08002789bf51, archive=false, dateOutputArchive=0001-01-01T00:00:00Z, thisGroup=false, parent=78ddabe1-ca67-11e5-826c-605718cb5baa, bic=044030792, swift=, name=ФИЛИАЛ &quot;СЕВЕРО-ЗАПАДНЫЙ&quot; &quot;УМ-БАНК&quot; ООО, corrAccount=30101810640300000792, address=КАМЕННООСТРОВСКИЙ ПР-Т, 61 ПОМ, city=Г. САНКТ-ПЕТЕРБУРГ, phones=(812)4560720, country=4e127564-d74f-4dd9-bced-0327f0f4e061, countryCode=643, activityDiscontinued=false}, {guid=979300ad-d82b-11e8-80bb-08002789bf51, archive=false, dateOutputArchive=0001-01-01T00:00:00Z, thisGroup=false, parent=78ddac07-ca67-11e5-826c-605718cb5baa, bic=045004711, swift=, name=Куйбышевский филиал АКБ &quot;Ланта-Банк&quot; (АО), corrAccount=30101810750045004711, address=КВАРТАЛ 1, ДОМ 29 &quot;ВСТАВКА&quot;, city=Г. КУЙБЫШЕВ, phones=, country=4e127564-d74f-4dd9-bced-0327f0f4e061, countryCode=643, activityDiscontinued=false}, {guid=979300ae-d82b-11e8-80bb-08002789bf51, archive=false, dateOutputArchive=0001-01-01T00:00:00Z, thisGroup=false, parent=78ddac07-ca67-11e5-826c-605718cb5baa, bic=045004719, swift=, name=ФИЛИАЛ № 5440 БАНКА ВТБ (ПАО), corrAccount=30101810450040000719, address=УЛ ФРУНЗЕ, 232, 234, 234/1, city=Г. НОВОСИБИРСК, phones=(383)2492424,2492425, country=4e127564-d74f-4dd9-bced-0327f0f4e061, countryCode=643, activityDiscontinued=false}, {guid=979300af-d82b-11e8-80bb-08002789bf51, archive=false, dateOutputArchive=0001-01-01T00:00:00Z, thisGroup=false, parent=78ddac07-ca67-11e5-826c-605718cb5baa, bic=045004701, swift=, name=НОВОСИБИРСКИЙ ФИЛИАЛ АБ &quot;РОССИЯ&quot;, corrAccount=30101810950040000701, address=УЛ СЕМЬИ ШАМШИНЫХ, 26, 26/1, city=Г. НОВОСИБИРСК, phones=(383)3670691,3670692, country=4e127564-d74f-4dd9-bced-0327f0f4e061, countryCode=643, activityDiscontinued=false}, {guid=979300b0-d82b-11e8-80bb-08002789bf51, archive=false, dateOutputArchive=0001-01-01T00:00:00Z, thisGroup=false, parent=78ddac09-ca67-11e5-826c-605718cb5baa, bic=046577459, swift=, name=ФИЛИАЛ &quot;УРАЛЬСКИЙ&quot; &quot;УМ-БАНК&quot; ООО, corrAccount=30101810165770000459, address=УЛ БЕЛИНСКОГО, 86, city=Г. ЕКАТЕРИНБУРГ, phones=(343)2871010,3452644, country=4e127564-d74f-4dd9-bced-0327f0f4e061, countryCode=643, activityDiscontinued=false}, {guid=979300b1-d82b-11e8-80bb-08002789bf51, archive=false, dateOutputArchive=0001-01-01T00:00:00Z, thisGroup=false, parent=78ddabe5-ca67-11e5-826c-605718cb5baa, bic=044525745, swift=VTBRRUM2MS3, name=ФИЛИАЛ № 7701 БАНКА ВТБ (ПАО), corrAccount=30101810345250000745, address=УЛ КУЗНЕЦКИЙ МОСТ, 17, СТР 1, city=Г. МОСКВА, phones=(495)9258000, country=4e127564-d74f-4dd9-bced-0327f0f4e061, countryCode=643, activityDiscontinued=false}, {guid=979300b2-d82b-11e8-80bb-08002789bf51, archive=false, dateOutputArchive=0001-01-01T00:00:00Z, thisGroup=false, parent=78ddabe9-ca67-11e5-826c-605718cb5baa, bic=042520842, swift=, name=&quot;Братский АНКБ&quot; ПАО, corrAccount=30101810850042520842, address=УЛ. КОМСОМОЛЬСКАЯ, Д. 43, city=Г. БРАТСК, phones=, country=4e127564-d74f-4dd9-bced-0327f0f4e061, countryCode=643, activityDiscontinued=false}, {guid=979300b3-d82b-11e8-80bb-08002789bf51, archive=false, dateOutputArchive=0001-01-01T00:00:00Z, thisGroup=false, parent=78ddabe9-ca67-11e5-826c-605718cb5baa, bic=042520811, swift=, name=АО &quot;ГРИНКОМБАНК&quot;, corrAccount=30101810950040000811, address=УЛ ФРАНК-КАМЕНЕЦКОГО, 8, city=Г. ИРКУТСК, phones=(3952)255196,240197, country=4e127564-d74f-4dd9-bced-0327f0f4e061, countryCode=643, activityDiscontinued=false}, {guid=979300b4-d82b-11e8-80bb-08002789bf51, archive=false, dateOutputArchive=0001-01-01T00:00:00Z, thisGroup=false, parent=78ddac9c-ca67-11e5-826c-605718cb5baa, bic=040407523, swift=, name=АО АИКБ &quot;ЕНИСЕЙСКИЙ ОБЪЕДИНЕННЫЙ БАНК&quot;, corrAccount=30101810650040000523, address=УЛ КАРЛА МАРКСА, 62, city=Г. КРАСНОЯРСК, phones=(391)2770000, country=4e127564-d74f-4dd9-bced-0327f0f4e061, countryCode=643, activityDiscontinued=false}, {guid=979300b5-d82b-11e8-80bb-08002789bf51, archive=false, dateOutputArchive=0001-01-01T00:00:00Z, thisGroup=false, parent=e8b01830-ca8b-11e5-826c-605718cb5baa, bic=041403725, swift=, name=ООО &quot;Осколбанк&quot;, corrAccount=30101810745250000725, address=Г. СТАРЫЙ ОСКОЛ, М-Н ОЛИМПИЙСК, city=Г. СТАРЫЙ ОСКОЛ, phones=, country=4e127564-d74f-4dd9-bced-0327f0f4e061, countryCode=643, activityDiscontinued=false}, {guid=979300b6-d82b-11e8-80bb-08002789bf51, archive=false, dateOutputArchive=0001-01-01T00:00:00Z, thisGroup=false, parent=78ddabe1-ca67-11e5-826c-605718cb5baa, bic=044030707, swift=VTBRRUM2SP3, name=ФИЛИАЛ № 7806 БАНКА ВТБ (ПАО), corrAccount=30101810240300000707, address=УЛ Б. МОРСКАЯ, 29 ЛИТ А, city=Г. САНКТ-ПЕТЕРБУРГ, phones=(812)3241214, country=4e127564-d74f-4dd9-bced-0327f0f4e061, countryCode=643, activityDiscontinued=false}, {guid=979300b7-d82b-11e8-80bb-08002789bf51, archive=false, dateOutputArchive=0001-01-01T00:00:00Z, thisGroup=false, parent=78ddac09-ca67-11e5-826c-605718cb5baa, bic=046577916, swift=, name=ФИЛИАЛ &quot;НОВОУРАЛЬСКИЙ&quot; ПАО КБ &quot;УБРИР&quot;, corrAccount=30101810365770000916, address=УЛ ДЗЕРЖИНСКОГО, 16, city=Г. НОВОУРАЛЬСК, phones=(34370)25591, country=4e127564-d74f-4dd9-bced-0327f0f4e061, countryCode=643, activityDiscontinued=false}, {guid=78ddabd9-ca67-11e5-826c-605718cb5baa, archive=, dateOutputArchive=, thisGroup=true, parent=00000000-0000-0000-0000-000000000000, bic=90       , swift=, name=РЕСПУБЛИКА СЕВЕРНАЯ ОСЕТИЯ-АЛАНИЯ, corrAccount=, address=, city=, phones=, country=, countryCode=, activityDiscontinued=}, {guid=979300b8-d82b-11e8-80bb-08002789bf51, archive=false, dateOutputArchive=0001-01-01T00:00:00Z, thisGroup=false, parent=78ddabdf-ca67-11e5-826c-605718cb5baa, bic=049246691, swift=, name=АБ &quot;ДЕВОН-КРЕДИТ&quot; (ПАО), corrAccount=30101810722029246691, address=УЛ ЛЕНИНА, 77, city=Г. АЛЬМЕТЬЕВСК, phones=(8553)456777, country=4e127564-d74f-4dd9-bced-0327f0f4e061, countryCode=643, activityDiscontinued=false}, {guid=979300b9-d82b-11e8-80bb-08002789bf51, archive=false, dateOutputArchive=0001-01-01T00:00:00Z, thisGroup=false, parent=78ddabe5-ca67-11e5-826c-605718cb5baa, bic=044525806, swift=, name=ФИЛИАЛ &quot;МОСКОВСКИЙ&quot; КБ &quot;СПУТНИК&quot; (ПАО), corrAccount=30101810145250000806, address=ЛЯЛИН ПЕР, 19-1, city=Г. МОСКВА, phones=(495)5891084, country=4e127564-d74f-4dd9-bced-0327f0f4e061, countryCode=643, activityDiscontinued=false}, {guid=979300ba-d82b-11e8-80bb-08002789bf51, archive=false, dateOutputArchive=0001-01-01T00:00:00Z, thisGroup=false, parent=78ddaccd-ca67-11e5-826c-605718cb5baa, bic=045209702, swift=, name=АО &quot;ИТ Банк&quot;, corrAccount=30101810750045209702, address=УЛ. ДУМСКАЯ, 7, city=Г. ОМСК, phones=, country=4e127564-d74f-4dd9-bced-0327f0f4e061, countryCode=643, activityDiscontinued=false}, {guid=979300bb-d82b-11e8-80bb-08002789bf51, archive=false, dateOutputArchive=0001-01-01T00:00:00Z, thisGroup=false, parent=78ddaccd-ca67-11e5-826c-605718cb5baa, bic=045209701, swift=, name=АО &quot;Эксперт Банк&quot;, corrAccount=30101810450045209701, address=УЛ. МАРШАЛА ЖУКОВА, ДОМ 107, city=Г. ОМСК, phones=, country=4e127564-d74f-4dd9-bced-0327f0f4e061, countryCode=643, activityDiscontinued=false}, {guid=979300bc-d82b-11e8-80bb-08002789bf51, archive=false, dateOutputArchive=0001-01-01T00:00:00Z, thisGroup=false, parent=78ddac09-ca67-11e5-826c-605718cb5baa, bic=046577743, swift=, name=ФИЛИАЛ &quot;ДЕЛО&quot; ПАО &quot;СКБ-БАНК&quot;, corrAccount=30101810965770000743, address=УЛ КУЙБЫШЕВА, 58, city=Г. ЕКАТЕРИНБУРГ, phones=(343)3557000, country=4e127564-d74f-4dd9-bced-0327f0f4e061, countryCode=643, activityDiscontinued=false}, {guid=979300bd-d82b-11e8-80bb-08002789bf51, archive=false, dateOutputArchive=0001-01-01T00:00:00Z, thisGroup=false, parent=78ddaccd-ca67-11e5-826c-605718cb5baa, bic=045209703, swift=, name=КУ АО &quot;Мираф-Банк&quot; - ГК &quot;АСВ&quot;, corrAccount=30101810050045209703, address=УЛ. ФРУНЗЕ, Д.54, city=Г. ОМСК, phones=, country=4e127564-d74f-4dd9-bced-0327f0f4e061, countryCode=643, activityDiscontinued=false}, {guid=9d8e68cb-d82b-11e8-80bb-08002789bf51, archive=false, dateOutputArchive=0001-01-01T00:00:00Z, thisGroup=false, parent=78ddac21-ca67-11e5-826c-605718cb5baa, bic=042202761, swift=, name=Ф. АКБ &quot;ФОРА-БАНК&quot; (АО) В Г. НИЖНИЙ НОВГОРОД, corrAccount=30101810822020000761, address=УЛ КОВАЛИХИНСКАЯ, 8, city=Г. НИЖНИЙ НОВГОРОД, phones=(831)2161801,2161802, country=4e127564-d74f-4dd9-bced-0327f0f4e061, countryCode=643, activityDiscontinued=false}, {guid=9d8e68cc-d82b-11e8-80bb-08002789bf51, archive=false, dateOutputArchive=0001-01-01T00:00:00Z, thisGroup=false, parent=78ddac67-ca67-11e5-826c-605718cb5baa, bic=045773804, swift=, name=ФИЛИАЛ &quot;ЛЫСЬВА&quot; АО АКБ &quot;АЛЕФ-БАНК&quot;, corrAccount=30101810965775700804, address=ПОЖАРСКОГО, Д.8, city=Г. ЛЫСЬВА, phones=, country=4e127564-d74f-4dd9-bced-0327f0f4e061, countryCode=643, activityDiscontinued=false}, {guid=9d8e68cd-d82b-11e8-80bb-08002789bf51, archive=false, dateOutputArchive=0001-01-01T00:00:00Z, thisGroup=false, parent=78ddac21-ca67-11e5-826c-605718cb5baa, bic=042202717, swift=, name=ФИЛИАЛ №10 ПАО КБ &quot;ЦЕНТР-ИНВЕСТ&quot;, corrAccount=30101810122020000717, address=УЛ КОМИНТЕРНА, 139, city=Г. НИЖНИЙ НОВГОРОД, phones=(831)4391708, country=4e127564-d74f-4dd9-bced-0327f0f4e061, countryCode=643, activityDiscontinued=false}, {guid=9d8e68ce-d82b-11e8-80bb-08002789bf51, archive=false, dateOutputArchive=0001-01-01T00:00:00Z, thisGroup=false, parent=78ddac21-ca67-11e5-826c-605718cb5baa, bic=042202716, swift=, name=НИЖЕГОРОДСКИЙ Ф БАНКА&quot;ВОЗРОЖДЕНИЕ&quot;(ПАО), corrAccount=30101810822020000716, address=УЛ БЕЛИНСКОГО, 106 А, city=Г. НИЖНИЙ НОВГОРОД, phones=(831)2787662,2783935, country=4e127564-d74f-4dd9-bced-0327f0f4e061, countryCode=643, activityDiscontinued=false}, {guid=9d8e68cf-d82b-11e8-80bb-08002789bf51, archive=false, dateOutputArchive=0001-01-01T00:00:00Z, thisGroup=false, parent=78ddac21-ca67-11e5-826c-605718cb5baa, bic=042202712, swift=, name=НИЖЕГОРОДСКИЙ ФИЛИАЛ АКБ &quot;ЛАНТА-БАНК&quot; (АО), corrAccount=30101810622020000712, address=МЕЩЕРСКИЙ Б-Р, 3, К 1, city=Г. НИЖНИЙ НОВГОРОД, phones=(831)2208322,2208320, country=4e127564-d74f-4dd9-bced-0327f0f4e061, countryCode=643, activityDiscontinued=false}, {guid=9d8e68d0-d82b-11e8-80bb-08002789bf51, archive=false, dateOutputArchive=0001-01-01T00:00:00Z, thisGroup=false, parent=78ddac17-ca67-11e5-826c-605718cb5baa, bic=046015707, swift=, name=ВОЛГОДОНСКИЙ ф Банка &quot;Возрождение&quot; (ПАО), corrAccount=30101810060150000707, address=БУЛ. ВЕЛИКОЙ ПОБЕДЫ, ДОМ №38А, city=Г. ВОЛГОДОНСК, phones=, country=4e127564-d74f-4dd9-bced-0327f0f4e061, countryCode=643, activityDiscontinued=false}, {guid=9d8e68d1-d82b-11e8-80bb-08002789bf51, archive=false, dateOutputArchive=0001-01-01T00:00:00Z, thisGroup=false, parent=78ddac21-ca67-11e5-826c-605718cb5baa, bic=042202718, swift=, name=ПАО &quot;САРОВБИЗНЕСБАНК&quot;, corrAccount=30101810422020000718, address=УЛ СИЛКИНА, 13, city=Г. САРОВ, phones=(831)4307478,(83130)33640, country=4e127564-d74f-4dd9-bced-0327f0f4e061, countryCode=643, activityDiscontinued=false}, {guid=9d8e68d2-d82b-11e8-80bb-08002789bf51, archive=false, dateOutputArchive=0001-01-01T00:00:00Z, thisGroup=false, parent=78ddac21-ca67-11e5-826c-605718cb5baa, bic=042202727, swift=, name=ПАО КОМБАНК &quot;ХИМИК&quot;, corrAccount=30101810222020000727, address=УЛ УРИЦКОГО, 10 Б, city=Г. ДЗЕРЖИНСК, phones=(8313)261608,251126, country=4e127564-d74f-4dd9-bced-0327f0f4e061, countryCode=643, activityDiscontinued=false}, {guid=9d8e68d3-d82b-11e8-80bb-08002789bf51, archive=false, dateOutputArchive=0001-01-01T00:00:00Z, thisGroup=false, parent=78ddabe5-ca67-11e5-826c-605718cb5baa, bic=044525420, swift=, name=Ф РОКЕТБАНК КИВИ БАНК (АО), corrAccount=30101810945250000420, address=УЛ ПАЛИХА, 10, СТР 5, city=Г. МОСКВА, phones=(495)2313645, country=4e127564-d74f-4dd9-bced-0327f0f4e061, countryCode=643, activityDiscontinued=false}, {guid=78ddabda-ca67-11e5-826c-605718cb5baa, archive=false, dateOutputArchive=0001-01-01T00:00:00Z, thisGroup=false, parent=78ddabd9-ca67-11e5-826c-605718cb5baa, bic=049033736, swift=, name=СКФ ПАО АКБ &quot;ИРОНБАНК&quot;, corrAccount=30101810800000000736, address=, city=Г. ВЛАДИКАВКАЗ, phones=, country=00000000-0000-0000-0000-000000000000, countryCode=, activityDiscontinued=true}, {guid=9d8e68d4-d82b-11e8-80bb-08002789bf51, archive=false, dateOutputArchive=0001-01-01T00:00:00Z, thisGroup=false, parent=78ddac21-ca67-11e5-826c-605718cb5baa, bic=042202731, swift=, name=АО КОМБАНК &quot;АРЗАМАС&quot;, corrAccount=30101810522020000731, address=УЛ КИРОВА, 33, city=Г. АРЗАМАС, phones=(83147)70224,70177, country=4e127564-d74f-4dd9-bced-0327f0f4e061, countryCode=643, activityDiscontinued=false}, {guid=9d8e68d5-d82b-11e8-80bb-08002789bf51, archive=false, dateOutputArchive=0001-01-01T00:00:00Z, thisGroup=false, parent=78ddabe5-ca67-11e5-826c-605718cb5baa, bic=044525864, swift=, name=МОСКОВСКИЙ ФИЛИАЛ АО АКБ &quot;ГАЗБАНК&quot;, corrAccount=30101810145250000864, address=УЛ БРЯНСКАЯ, 5, city=Г. МОСКВА, phones=(495)3639438, country=4e127564-d74f-4dd9-bced-0327f0f4e061, countryCode=643, activityDiscontinued=true}, {guid=9d8e68d6-d82b-11e8-80bb-08002789bf51, archive=false, dateOutputArchive=0001-01-01T00:00:00Z, thisGroup=false, parent=78ddabe5-ca67-11e5-826c-605718cb5baa, bic=044525797, swift=, name=Ф ТОЧКА БАНК КИВИ БАНК (АО), corrAccount=30101810445250000797, address=УЛ СПИРИДОНОВКА, 4, СТР 2, city=Г. МОСКВА, phones=(495)2313645, country=4e127564-d74f-4dd9-bced-0327f0f4e061, countryCode=643, activityDiscontinued=false}, {guid=9d8e68d7-d82b-11e8-80bb-08002789bf51, archive=false, dateOutputArchive=0001-01-01T00:00:00Z, thisGroup=false, parent=78ddac9c-ca67-11e5-826c-605718cb5baa, bic=040407404, swift=, name=ФПАО &quot;ДАЛЬНЕВОСТОЧНЫЙ БАНК&quot; &quot;КРАСНОЯРСКИЙ&quot;, corrAccount=30101810850040000404, address=УЛ МОЛОКОВА, 1, К 4, city=Г. КРАСНОЯРСК, phones=(391)2773071, country=4e127564-d74f-4dd9-bced-0327f0f4e061, countryCode=643, activityDiscontinued=false}, {guid=9d8e68d8-d82b-11e8-80bb-08002789bf51, archive=false, dateOutputArchive=0001-01-01T00:00:00Z, thisGroup=false, parent=78ddad0a-ca67-11e5-826c-605718cb5baa, bic=047144778, swift=, name=СФ АО БАНК &quot;СНГБ&quot;, corrAccount=30101810165777100778, address=УЛ ГУБКИНА, 15 А, city=Г. СУРГУТ, phones=(3462)398700, country=4e127564-d74f-4dd9-bced-0327f0f4e061, countryCode=643, activityDiscontinued=false}, {guid=9d8e68d9-d82b-11e8-80bb-08002789bf51, archive=false, dateOutputArchive=0001-01-01T00:00:00Z, thisGroup=false, parent=78ddabf2-ca67-11e5-826c-605718cb5baa, bic=043601968, swift=VTBRRUM2SA3, name=ФИЛИАЛ № 6318 БАНКА ВТБ (ПАО), corrAccount=30101810422023601968, address=УЛ МОЛОДОГВАРДЕЙСКАЯ, 204, city=Г. САМАРА, phones=(846)2696824,2696834, country=4e127564-d74f-4dd9-bced-0327f0f4e061, countryCode=643, activityDiscontinued=false}, {guid=9d8e68da-d82b-11e8-80bb-08002789bf51, archive=false, dateOutputArchive=0001-01-01T00:00:00Z, thisGroup=false, parent=78ddabf2-ca67-11e5-826c-605718cb5baa, bic=043601975, swift=, name=ООО &quot;РУСФИНАНС БАНК&quot;, corrAccount=30101810622023601975, address=УЛ ЧЕРНОРЕЧЕНСКАЯ, 42 А, city=Г. САМАРА, phones=(846)2696911,2694411, country=4e127564-d74f-4dd9-bced-0327f0f4e061, countryCode=643, activityDiscontinued=false}, {guid=9d8e68db-d82b-11e8-80bb-08002789bf51, archive=false, dateOutputArchive=0001-01-01T00:00:00Z, thisGroup=false, parent=78ddabf7-ca67-11e5-826c-605718cb5baa, bic=045354880, swift=, name=ГК &quot;АСВ&quot; - КУ АО &quot;НСТ-БАНК&quot;, corrAccount=30101810265775300880, address=ВИЛОНОВСКАЯ УЛ, 138, city=Г. САМАРА, phones=, country=4e127564-d74f-4dd9-bced-0327f0f4e061, countryCode=643, activityDiscontinued=false}, {guid=9d8e68dc-d82b-11e8-80bb-08002789bf51, archive=false, dateOutputArchive=0001-01-01T00:00:00Z, thisGroup=false, parent=78ddabe7-ca67-11e5-826c-605718cb5baa, bic=040507595, swift=, name=АО &quot;СОЛИД БАНК&quot;, corrAccount=30101810205070000595, address=УЛ АДМИРАЛА ФОКИНА, 25, city=Г. ВЛАДИВОСТОК, phones=(423)2265722,(423)2469293, country=4e127564-d74f-4dd9-bced-0327f0f4e061, countryCode=643, activityDiscontinued=false}, {guid=9d8e68dd-d82b-11e8-80bb-08002789bf51, archive=false, dateOutputArchive=0001-01-01T00:00:00Z, thisGroup=false, parent=78ddabe1-ca67-11e5-826c-605718cb5baa, bic=044030830, swift=, name=СПБ. Ф. АО БАНК &quot;НАЦИОНАЛЬНЫЙ СТАНДАРТ&quot;, corrAccount=30101810340300000830, address=УЛ. ЧАЙКОВСКОГО, Д. 39, ЛИТ А, city=Г. САНКТ-ПЕТЕРБУРГ, phones=(812)4493155, country=4e127564-d74f-4dd9-bced-0327f0f4e061, countryCode=643, activityDiscontinued=false}, {guid=9d8e68de-d82b-11e8-80bb-08002789bf51, archive=false, dateOutputArchive=0001-01-01T00:00:00Z, thisGroup=false, parent=78ddabeb-ca67-11e5-826c-605718cb5baa, bic=040708735, swift=, name=ФИЛИАЛ В Г. ЕССЕНТУКИ АКБ &quot;ЛАНТА-БАНК&quot; (АО), corrAccount=30101810007080000735, address=УЛ СОВЕТСКАЯ, 20 Б, city=Г. ЕССЕНТУКИ, phones=(87934)54547,54371, country=4e127564-d74f-4dd9-bced-0327f0f4e061, countryCode=643, activityDiscontinued=false}, {guid=9d8e68df-d82b-11e8-80bb-08002789bf51, archive=false, dateOutputArchive=0001-01-01T00:00:00Z, thisGroup=false, parent=78ddac72-ca67-11e5-826c-605718cb5baa, bic=041806745, swift=, name=Урюпинский филиал ПАО КБ &quot;Сельмашбанк&quot;, corrAccount=30101810518060000745, address=УЛ. ШТЕМЕНКО, 47/3, city=Г. УРЮПИНСК, phones=, country=4e127564-d74f-4dd9-bced-0327f0f4e061, countryCode=643, activityDiscontinued=false}, {guid=9d8e68e0-d82b-11e8-80bb-08002789bf51, archive=false, dateOutputArchive=0001-01-01T00:00:00Z, thisGroup=false, parent=78ddac72-ca67-11e5-826c-605718cb5baa, bic=041806730, swift=, name=Ликвидатор АО КБ &quot;Михайловский ПЖСБ&quot;, corrAccount=30101810918060000730, address=УЛИЦА ОБОРОНЫ, 44 &quot;А&quot;, city=Г. МИХАЙЛОВКА, phones=, country=4e127564-d74f-4dd9-bced-0327f0f4e061, countryCode=643, activityDiscontinued=false}, {guid=9d8e68e1-d82b-11e8-80bb-08002789bf51, archive=false, dateOutputArchive=0001-01-01T00:00:00Z, thisGroup=false, parent=78ddabe5-ca67-11e5-826c-605718cb5baa, bic=044525941, swift=, name=&quot;УМ-БАНК&quot; ООО, corrAccount=30101810945250000941, address=УЛ Б. ОРДЫНКА, 59, СТР 2, city=Г. МОСКВА, phones=(495)2123020, country=4e127564-d74f-4dd9-bced-0327f0f4e061, countryCode=643, activityDiscontinued=false}, {guid=9d8e68e2-d82b-11e8-80bb-08002789bf51, archive=false, dateOutputArchive=0001-01-01T00:00:00Z, thisGroup=false, parent=78ddac72-ca67-11e5-826c-605718cb5baa, bic=041806717, swift=, name=ЮЖНЫЙ ФИЛИАЛ АО БАНК &quot;НАЦИОНАЛЬНЫЙ СТАНДАРТ&quot;, corrAccount=30101810818060000717, address=УЛ ИМ. ГАГАРИНА, 7, city=Г. ВОЛГОГРАД, phones=(8442)995000, country=4e127564-d74f-4dd9-bced-0327f0f4e061, countryCode=643, activityDiscontinued=true}, {guid=78ddabdb-ca67-11e5-826c-605718cb5baa, archive=, dateOutputArchive=, thisGroup=true, parent=00000000-0000-0000-0000-000000000000, bic=32       , swift=, name=КЕМЕРОВСКАЯ ОБЛАСТЬ, corrAccount=, address=, city=, phones=, country=, countryCode=, activityDiscontinued=}, {guid=a38a1a95-d82b-11e8-80bb-08002789bf51, archive=false, dateOutputArchive=0001-01-01T00:00:00Z, thisGroup=false, parent=78ddac17-ca67-11e5-826c-605718cb5baa, bic=046015846, swift=, name=КУ ОАО КБ &quot;МАКСИМУМ&quot; - ГК &quot;АСВ&quot;, corrAccount=30101810060150000846, address=УЛ. ВЫСОЦКОГО, Д.4, city=Г. МОСКВА, phones=, country=4e127564-d74f-4dd9-bced-0327f0f4e061, countryCode=643, activityDiscontinued=false}, {guid=a38a1a96-d82b-11e8-80bb-08002789bf51, archive=false, dateOutputArchive=0001-01-01T00:00:00Z, thisGroup=false, parent=78ddac14-ca67-11e5-826c-605718cb5baa, bic=047601205, swift=, name=ООО КБ &quot;ЦЕНТРАЛЬНО-ЕВРОПЕЙСКИЙ БАНК&quot;, corrAccount=30101810950040000205, address=УЛ БАБУШКИНА, 108, city=Г. ЧИТА, phones=(3022)211502, country=4e127564-d74f-4dd9-bced-0327f0f4e061, countryCode=643, activityDiscontinued=false}, {guid=78ddabf7-ca67-11e5-826c-605718cb5baa, archive=, dateOutputArchive=, thisGroup=true, parent=00000000-0000-0000-0000-000000000000, bic=53       , swift=, name=ОРЕНБУРГСКАЯ ОБЛАСТЬ, corrAccount=, address=, city=, phones=, country=, countryCode=, activityDiscontinued=}, {guid=a38a1a97-d82b-11e8-80bb-08002789bf51, archive=false, dateOutputArchive=0001-01-01T00:00:00Z, thisGroup=false, parent=78ddac17-ca67-11e5-826c-605718cb5baa, bic=046015835, swift=, name=КУ ООО &quot;РУССКИЙ НАЦИОНАЛЬНЫЙ БАНК&quot; - ГК &quot;АСВ&quot;, corrAccount=30101810660150000835, address=УЛ ВЫСОЦКОГО, 4 ТЕЛ.(495)96125, city=Г. МОСКВА, phones=(863)2999413,2999418, country=4e127564-d74f-4dd9-bced-0327f0f4e061, countryCode=643, activityDiscontinued=false}, {guid=a38a1a98-d82b-11e8-80bb-08002789bf51, archive=false, dateOutputArchive=0001-01-01T00:00:00Z, thisGroup=false, parent=78ddabe5-ca67-11e5-826c-605718cb5baa, bic=044525535, swift=, name=КУ АБ &quot;АЛДАНЗОЛОТОБАНК&quot; АО - ГК &quot;АСВ&quot;, corrAccount=30101810445250000535, address=УЛ. ВЫСОЦКОГО, Д. 4, city=Г. МОСКВА, phones=, country=4e127564-d74f-4dd9-bced-0327f0f4e061, countryCode=643, activityDiscontinued=false}, {guid=a38a1a99-d82b-11e8-80bb-08002789bf51, archive=false, dateOutputArchive=0001-01-01T00:00:00Z, thisGroup=false, parent=78ddac21-ca67-11e5-826c-605718cb5baa, bic=042202812, swift=, name=ВЫКСУНСКИЙ Ф-Л ПАО АКБ &quot;МЕТАЛЛИНВЕСТБАНК&quot;, corrAccount=30101810522020000812, address=ПЛ ОКТЯБРЬСКОЙ РЕВОЛЮЦИИ, 48, city=Г. ВЫКСА, phones=(83177)35825,31157, country=4e127564-d74f-4dd9-bced-0327f0f4e061, countryCode=643, activityDiscontinued=false}, {guid=a38a1a9a-d82b-11e8-80bb-08002789bf51, archive=false, dateOutputArchive=0001-01-01T00:00:00Z, thisGroup=false, parent=78ddac07-ca67-11e5-826c-605718cb5baa, bic=045004893, swift=, name=НОВОСИБИРСКИЙ Ф-Л НКО &quot;ИНКАХРАН&quot;(АО), corrAccount=30103810950040000893, address=УЛ 2-Я СОЮЗА МОЛОДЕЖИ, 31, city=Г. НОВОСИБИРСК, phones=(383)2260797,2269768, country=4e127564-d74f-4dd9-bced-0327f0f4e061, countryCode=643, activityDiscontinued=false}, {guid=a38a1a9b-d82b-11e8-80bb-08002789bf51, archive=false, dateOutputArchive=0001-01-01T00:00:00Z, thisGroup=false, parent=78ddac07-ca67-11e5-826c-605718cb5baa, bic=045004883, swift=, name=СИБИРСКИЙ ФИЛИАЛ АО &quot;БАНК ИНТЕЗА&quot;, corrAccount=30101810250040000883, address=УЛ ОКТЯБРЬСКАЯ, 49, city=Г. НОВОСИБИРСК, phones=(383)2278193, country=4e127564-d74f-4dd9-bced-0327f0f4e061, countryCode=643, activityDiscontinued=false}, {guid=a38a1a9c-d82b-11e8-80bb-08002789bf51, archive=false, dateOutputArchive=0001-01-01T00:00:00Z, thisGroup=false, parent=78ddac07-ca67-11e5-826c-605718cb5baa, bic=045004876, swift=, name=НОВОСИБИРСКИЙ ФИЛИАЛ ПАО &quot;МТС-БАНК&quot;, corrAccount=30101810050040000876, address=УЛ. НИЖЕГОРОДСКАЯ, 4, city=Г. НОВОСИБИРСК, phones=(383)3251781, country=4e127564-d74f-4dd9-bced-0327f0f4e061, countryCode=643, activityDiscontinued=false}, {guid=a38a1a9d-d82b-11e8-80bb-08002789bf51, archive=false, dateOutputArchive=0001-01-01T00:00:00Z, thisGroup=false, parent=78ddac07-ca67-11e5-826c-605718cb5baa, bic=045004861, swift=, name=ФИЛИАЛ ООО &quot;ЭКСПОБАНК&quot; В Г.НОВОСИБИРСКЕ, corrAccount=30101810450040000861, address=КРАСНЫЙ ПР-Т, 25, city=Г. НОВОСИБИРСК, phones=(383)2105207, country=4e127564-d74f-4dd9-bced-0327f0f4e061, countryCode=643, activityDiscontinued=false}, {guid=a38a1a9e-d82b-11e8-80bb-08002789bf51, archive=false, dateOutputArchive=0001-01-01T00:00:00Z, thisGroup=false, parent=78ddac07-ca67-11e5-826c-605718cb5baa, bic=045004864, swift=, name=СИБИРСКИЙ ФИЛИАЛ АО КБ &quot;МОДУЛЬБАНК&quot;, corrAccount=30101810350040000864, address=УЛ ПЛАНЕТНАЯ, 30, city=Г. НОВОСИБИРСК, phones=(383)3250606,3251575, country=4e127564-d74f-4dd9-bced-0327f0f4e061, countryCode=643, activityDiscontinued=false}, {guid=a38a1a9f-d82b-11e8-80bb-08002789bf51, archive=false, dateOutputArchive=0001-01-01T00:00:00Z, thisGroup=false, parent=78ddabf2-ca67-11e5-826c-605718cb5baa, bic=043601875, swift=, name=САМАРСКИЙ ФИЛИАЛ ТКБ БАНК ПАО, corrAccount=30101810722023601875, address=УЛ СТАРА ЗАГОРА, 52, city=Г. САМАРА, phones=(846)9338233,2280135, country=4e127564-d74f-4dd9-bced-0327f0f4e061, countryCode=643, activityDiscontinued=false}, {guid=a38a1aa0-d82b-11e8-80bb-08002789bf51, archive=false, dateOutputArchive=0001-01-01T00:00:00Z, thisGroup=false, parent=78ddabf2-ca67-11e5-826c-605718cb5baa, bic=043601845, swift=, name=САМАРСКИЙ ФИЛИАЛ БАНКА СОЮЗ (АО), corrAccount=30101810422023601845, address=УЛ КРАСНОАРМЕЙСКАЯ, 75, city=Г. САМАРА, phones=(846)2311251,2311259, country=4e127564-d74f-4dd9-bced-0327f0f4e061, countryCode=643, activityDiscontinued=false}, {guid=a38a1aa1-d82b-11e8-80bb-08002789bf51, archive=false, dateOutputArchive=0001-01-01T00:00:00Z, thisGroup=false, parent=78ddabf2-ca67-11e5-826c-605718cb5baa, bic=043601842, swift=, name=АО КБ &quot;НИБ&quot;, corrAccount=30101810522023601842, address=УЛ ФРУНЗЕ, 102, city=Г. САМАРА, phones=(846)3425750,3425751, country=4e127564-d74f-4dd9-bced-0327f0f4e061, countryCode=643, activityDiscontinued=false}, {guid=a38a1aa2-d82b-11e8-80bb-08002789bf51, archive=false, dateOutputArchive=0001-01-01T00:00:00Z, thisGroup=false, parent=78ddac2f-ca67-11e5-826c-605718cb5baa, bic=040813708, swift=, name=ХАБАРОВСКИЙ ФИЛИАЛ ТКБ БАНК ПАО, corrAccount=30101810108130000708, address=УЛ КОМСОМОЛЬСКАЯ, 102, city=Г. ХАБАРОВСК, phones=(4212)910702, country=4e127564-d74f-4dd9-bced-0327f0f4e061, countryCode=643, activityDiscontinued=false}, {guid=78ddac1c-ca67-11e5-826c-605718cb5baa, archive=false, dateOutputArchive=0001-01-01T00:00:00Z, thisGroup=false, parent=78ddabe5-ca67-11e5-826c-605718cb5baa, bic=044525150, swift=, name=ФИЛИАЛ &quot;МОСКОВСКИЙ&quot; АО &quot;ФИА-БАНК&quot;, corrAccount=30101810545250000150, address=, city=Г. МОСКВА, phones=, country=00000000-0000-0000-0000-000000000000, countryCode=, activityDiscontinued=true}, {guid=a38a1aa3-d82b-11e8-80bb-08002789bf51, archive=false, dateOutputArchive=0001-01-01T00:00:00Z, thisGroup=false, parent=78ddac2f-ca67-11e5-826c-605718cb5baa, bic=040813713, swift=VTBRRUM2KH3, name=ФИЛИАЛ № 2754 БАНКА ВТБ (ПАО), corrAccount=30101810708130000713, address=УЛ МУРАВЬЁВА-АМУРСКОГО, 18, city=Г. ХАБАРОВСК, phones=(4212)455455, country=4e127564-d74f-4dd9-bced-0327f0f4e061, countryCode=643, activityDiscontinued=false}, {guid=a38a1aa4-d82b-11e8-80bb-08002789bf51, archive=false, dateOutputArchive=0001-01-01T00:00:00Z, thisGroup=false, parent=78ddac09-ca67-11e5-826c-605718cb5baa, bic=046577501, swift=VTBRRUM2EK3, name=ФИЛИАЛ № 6602 БАНКА ВТБ (ПАО), corrAccount=30101810165770000501, address=ПР-Т ЛЕНИНА, 27, city=Г. ЕКАТЕРИНБУРГ, phones=(343)3862400, country=4e127564-d74f-4dd9-bced-0327f0f4e061, countryCode=643, activityDiscontinued=false}, {guid=a38a1aa5-d82b-11e8-80bb-08002789bf51, archive=false, dateOutputArchive=0001-01-01T00:00:00Z, thisGroup=false, parent=78ddac09-ca67-11e5-826c-605718cb5baa, bic=046577507, swift=, name=ЕКАТЕРИНБУРГСКИЙ ФИЛИАЛ АБ &quot;РОССИЯ&quot;, corrAccount=30101810965770000507, address=УЛ МАМИНА-СИБИРЯКА, 145, city=Г. ЕКАТЕРИНБУРГ, phones=(343)2863760, country=4e127564-d74f-4dd9-bced-0327f0f4e061, countryCode=643, activityDiscontinued=false}, {guid=a38a1aa6-d82b-11e8-80bb-08002789bf51, archive=false, dateOutputArchive=0001-01-01T00:00:00Z, thisGroup=false, parent=78ddabf2-ca67-11e5-826c-605718cb5baa, bic=043601811, swift=, name=ООО &quot;ЗЕМСКИЙ БАНК&quot;, corrAccount=30101810922023601811, address=УЛ УЛЬЯНОВСКАЯ, 79, city=Г. СЫЗРАНЬ, phones=(8464)985454, country=4e127564-d74f-4dd9-bced-0327f0f4e061, countryCode=643, activityDiscontinued=false}, {guid=a38a1aa7-d82b-11e8-80bb-08002789bf51, archive=false, dateOutputArchive=0001-01-01T00:00:00Z, thisGroup=false, parent=78ddabfd-ca67-11e5-826c-605718cb5baa, bic=046311890, swift=, name=АО &quot;БАЛАКОВО-БАНК&quot;, corrAccount=30101810022026311890, address=УЛ ФАКЕЛ СОЦИАЛИЗМА, 21, city=Г. БАЛАКОВО, phones=(8453)444166,447007, country=4e127564-d74f-4dd9-bced-0327f0f4e061, countryCode=643, activityDiscontinued=false}, {guid=a38a1aa8-d82b-11e8-80bb-08002789bf51, archive=false, dateOutputArchive=0001-01-01T00:00:00Z, thisGroup=false, parent=78ddabe5-ca67-11e5-826c-605718cb5baa, bic=044525641, swift=, name=ФИЛИАЛ 1 ООО КБ &quot;ЦЕНТРАЛЬНО-ЕВРОПЕЙСКИЙ БАНК&quot;, corrAccount=30101810245250000641, address=ПРОЕКТ-Й 4062Й ПР-Д, 6, СТР 16, city=Г. МОСКВА, phones=(495)6625665, country=4e127564-d74f-4dd9-bced-0327f0f4e061, countryCode=643, activityDiscontinued=false}, {guid=a38a1aa9-d82b-11e8-80bb-08002789bf51, archive=false, dateOutputArchive=0001-01-01T00:00:00Z, thisGroup=false, parent=78ddac17-ca67-11e5-826c-605718cb5baa, bic=046015946, swift=, name=ПАО &quot;ТАГАНРОГБАНК&quot;, corrAccount=30101810960150000946, address=УЛ. ГРЕЧЕСКАЯ, 71 ТЕЛ.(8634)31, city=Г. ТАГАНРОГ, phones=, country=4e127564-d74f-4dd9-bced-0327f0f4e061, countryCode=643, activityDiscontinued=false}, {guid=a38a1aaa-d82b-11e8-80bb-08002789bf51, archive=false, dateOutputArchive=0001-01-01T00:00:00Z, thisGroup=false, parent=78ddabe5-ca67-11e5-826c-605718cb5baa, bic=044525646, swift=, name=НКО НКЦ (АО), corrAccount=30103810345250000646, address=Б. КИСЛОВСКИЙ ПЕР, 13, city=Г. МОСКВА, phones=(495)7829794, country=4e127564-d74f-4dd9-bced-0327f0f4e061, countryCode=643, activityDiscontinued=false}, {guid=a38a1aab-d82b-11e8-80bb-08002789bf51, archive=false, dateOutputArchive=0001-01-01T00:00:00Z, thisGroup=false, parent=78ddac07-ca67-11e5-826c-605718cb5baa, bic=045004841, swift=, name=НОВОСИБИРСКИЙ ФИЛИАЛ ТКБ БАНК ПАО, corrAccount=30101810250040000841, address=УЛ КОММУНИСТИЧЕСКАЯ, 35, city=Г. НОВОСИБИРСК, phones=(383)3252500,3252660, country=4e127564-d74f-4dd9-bced-0327f0f4e061, countryCode=643, activityDiscontinued=false}, {guid=a38a1aac-d82b-11e8-80bb-08002789bf51, archive=false, dateOutputArchive=0001-01-01T00:00:00Z, thisGroup=false, parent=78ddac07-ca67-11e5-826c-605718cb5baa, bic=045004846, swift=, name=Ф-Л &quot;НОВОСИБИРСК&quot; АКБ &quot;РОСЕВРОБАНК&quot; (АО), corrAccount=30101810750040000846, address=УЛ ФРУНЗЕ, 5, city=Г. НОВОСИБИРСК, phones=(383)2020750, country=4e127564-d74f-4dd9-bced-0327f0f4e061, countryCode=643, activityDiscontinued=false}, {guid=a38a1aad-d82b-11e8-80bb-08002789bf51, archive=false, dateOutputArchive=0001-01-01T00:00:00Z, thisGroup=false, parent=78ddac07-ca67-11e5-826c-605718cb5baa, bic=045004845, swift=, name=ФИЛИАЛ &quot;НОВОСИБИРСКИЙ&quot; ПАО КБ &quot;УБРИР&quot;, corrAccount=30101810450040000845, address=УЛ ВОКЗАЛЬНАЯ МАГИСТРАЛЬ, 1, city=Г. НОВОСИБИРСК, phones=(383)2201141,2201181, country=4e127564-d74f-4dd9-bced-0327f0f4e061, countryCode=643, activityDiscontinued=false}, {guid=a38a1aae-d82b-11e8-80bb-08002789bf51, archive=false, dateOutputArchive=0001-01-01T00:00:00Z, thisGroup=false, parent=78ddac07-ca67-11e5-826c-605718cb5baa, bic=045004833, swift=, name=НОВОСИБИРСКИЙ ФИЛИАЛ ООО &quot;БАНК БКФ&quot;, corrAccount=30101810750040000833, address=ПР-Т ДИМИТРОВА, 4/1, city=Г. НОВОСИБИРСК, phones=(383)3191118,3191116, country=4e127564-d74f-4dd9-bced-0327f0f4e061, countryCode=643, activityDiscontinued=false}, {guid=aaaf21b4-d82b-11e8-80bb-08002789bf51, archive=false, dateOutputArchive=0001-01-01T00:00:00Z, thisGroup=false, parent=78ddac07-ca67-11e5-826c-605718cb5baa, bic=045004818, swift=, name=НОВОСИБИРСКИЙ ФИЛИАЛ АО ЮНИКРЕДИТ БАНКА, corrAccount=30101810050040000818, address=УЛ МАКСИМА ГОРЬКОГО, 53, city=Г. НОВОСИБИРСК, phones=(383)2300163, country=4e127564-d74f-4dd9-bced-0327f0f4e061, countryCode=643, activityDiscontinued=false}, {guid=aaaf21b5-d82b-11e8-80bb-08002789bf51, archive=false, dateOutputArchive=0001-01-01T00:00:00Z, thisGroup=false, parent=78ddabeb-ca67-11e5-826c-605718cb5baa, bic=040715725, swift=, name=ООО &quot;РУСБС&quot;, corrAccount=30101810107150000725, address=УЛ ГАГАРИНА, 148, city=СТ-ЦА ЕССЕНТУКСКАЯ, phones=(87961)51171,24177,50987, country=4e127564-d74f-4dd9-bced-0327f0f4e061, countryCode=643, activityDiscontinued=false}, {guid=aaaf21b6-d82b-11e8-80bb-08002789bf51, archive=false, dateOutputArchive=0001-01-01T00:00:00Z, thisGroup=false, parent=78ddac0f-ca67-11e5-826c-605718cb5baa, bic=040349789, swift=, name=ООО КБ &quot;ГТ БАНК&quot;, corrAccount=30101810303490000789, address=УЛ СЕВЕРНАЯ, 321, city=Г. КРАСНОДАР, phones=(861)2790305,2791744, country=4e127564-d74f-4dd9-bced-0327f0f4e061, countryCode=643, activityDiscontinued=false}, {guid=aaaf21b7-d82b-11e8-80bb-08002789bf51, archive=false, dateOutputArchive=0001-01-01T00:00:00Z, thisGroup=false, parent=78ddac00-ca67-11e5-826c-605718cb5baa, bic=048209848, swift=, name=КУ ООО КБ &quot;ПРЕСТИЖКРЕДИТБАНК&quot; ГК &quot;АСВ&quot;, corrAccount=30101810282090000848, address=УЛ КАММАЕВА, 19, К &quot;Ж&quot;, city=Г. МАХАЧКАЛА, phones=(8722)561920,561921, country=4e127564-d74f-4dd9-bced-0327f0f4e061, countryCode=643, activityDiscontinued=false}, {guid=aaaf21b8-d82b-11e8-80bb-08002789bf51, archive=false, dateOutputArchive=0001-01-01T00:00:00Z, thisGroup=false, parent=78ddac98-ca67-11e5-826c-605718cb5baa, bic=041117785, swift=, name=Ф-л &quot;Космодром-Плесецк&quot; АО &quot;ФОНДСЕРВИСБАНК&quot;, corrAccount=30101810540300011785, address=УЛ. ПУШКИНА, Д. 3, city=Г. МИРНЫЙ, phones=, country=4e127564-d74f-4dd9-bced-0327f0f4e061, countryCode=643, activityDiscontinued=false}, {guid=aaaf21b9-d82b-11e8-80bb-08002789bf51, archive=false, dateOutputArchive=0001-01-01T00:00:00Z, thisGroup=false, parent=78ddac34-ca67-11e5-826c-605718cb5baa, bic=046489002, swift=, name=ПУ БАНКА РОССИИ ОХОТСКОЕ, corrAccount=, address=УЛ ГНЕЧКО, 1, city=ПГТ ЮЖНО-КУРИЛЬСК, phones=, country=4e127564-d74f-4dd9-bced-0327f0f4e061, countryCode=643, activityDiscontinued=false}, {guid=78ddac57-ca67-11e5-826c-605718cb5baa, archive=, dateOutputArchive=, thisGroup=true, parent=00000000-0000-0000-0000-000000000000, bic=27       , swift=, name=КАЛИНИНГРАДСКАЯ ОБЛАСТЬ, corrAccount=, address=, city=, phones=, country=, countryCode=, activityDiscontinued=}, {guid=aaaf21ba-d82b-11e8-80bb-08002789bf51, archive=false, dateOutputArchive=0001-01-01T00:00:00Z, thisGroup=false, parent=78ddabfd-ca67-11e5-826c-605718cb5baa, bic=046311926, swift=, name=АО РНКО &quot;СИНЕРГИЯ&quot;, corrAccount=30103810622026311926, address=Г. САРАТОВ, УЛ. РАБОЧАЯ, 27, city=Г. САРАТОВ, phones=, country=4e127564-d74f-4dd9-bced-0327f0f4e061, countryCode=643, activityDiscontinued=false}, {guid=aaaf21bb-d82b-11e8-80bb-08002789bf51, archive=false, dateOutputArchive=0001-01-01T00:00:00Z, thisGroup=false, parent=78ddac0f-ca67-11e5-826c-605718cb5baa, bic=040349744, swift=, name=КРАСНОДАРСКИЙ ФИЛИАЛ ПАО РОСБАНК, corrAccount=30101810403490000744, address=УЛ ОЛИМПИЙСКАЯ, 8, city=Г. КРАСНОДАР, phones=(861)2739730,2739731, country=4e127564-d74f-4dd9-bced-0327f0f4e061, countryCode=643, activityDiscontinued=false}, {guid=aaaf21bc-d82b-11e8-80bb-08002789bf51, archive=false, dateOutputArchive=0001-01-01T00:00:00Z, thisGroup=false, parent=78ddac07-ca67-11e5-826c-605718cb5baa, bic=045004796, swift=, name=ФИЛИАЛ &quot;НОВОСИБИРСК&quot; КБ &quot;ЛОКО-БАНК&quot; (АО), corrAccount=30101810350040000796, address=УЛ ЛЕНИНА, 52, city=Г. НОВОСИБИРСК, phones=(383)2380740,2380750, country=4e127564-d74f-4dd9-bced-0327f0f4e061, countryCode=643, activityDiscontinued=false}, {guid=aaaf21bd-d82b-11e8-80bb-08002789bf51, archive=false, dateOutputArchive=0001-01-01T00:00:00Z, thisGroup=false, parent=78ddac17-ca67-11e5-826c-605718cb5baa, bic=046015080, swift=, name=РОСТОВСКИЙ ФИЛИАЛ ПАО &quot;РГС БАНК&quot;, corrAccount=30101810460150000080, address=УЛ ГОРОДА ВОЛОС, 11/81-83/34, city=Г. РОСТОВ-НА-ДОНУ, phones=(863)2370660, country=4e127564-d74f-4dd9-bced-0327f0f4e061, countryCode=643, activityDiscontinued=false}, {guid=aaaf21be-d82b-11e8-80bb-08002789bf51, archive=false, dateOutputArchive=0001-01-01T00:00:00Z, thisGroup=false, parent=78ddac07-ca67-11e5-826c-605718cb5baa, bic=045004785, swift=, name=НОВОСИБИРСКИЙ Ф-Л ПАО АКБ &quot;МЕТАЛЛИНВЕСТБАНК&quot;, corrAccount=30101810950040000785, address=УЛ СОВЕТСКАЯ, 8, city=Г. НОВОСИБИРСК, phones=(383)2091447,2091446, country=4e127564-d74f-4dd9-bced-0327f0f4e061, countryCode=643, activityDiscontinued=false}, {guid=aaaf21bf-d82b-11e8-80bb-08002789bf51, archive=false, dateOutputArchive=0001-01-01T00:00:00Z, thisGroup=false, parent=78ddac17-ca67-11e5-826c-605718cb5baa, bic=046015081, swift=, name=РОСТОВСКИЙ ФИЛИАЛ АО ЮНИКРЕДИТ БАНКА, corrAccount=30101810760150000081, address=УЛ СОЦИАЛИСТИЧЕСКАЯ, 58/51, city=Г. РОСТОВ-НА-ДОНУ, phones=(863)2630900,2630906, country=4e127564-d74f-4dd9-bced-0327f0f4e061, countryCode=643, activityDiscontinued=false}, {guid=aaaf21c0-d82b-11e8-80bb-08002789bf51, archive=false, dateOutputArchive=0001-01-01T00:00:00Z, thisGroup=false, parent=78ddac07-ca67-11e5-826c-605718cb5baa, bic=045004789, swift=, name=ФИЛИАЛ БАНКА МБСП (АО) В НОВОСИБИРСКЕ, corrAccount=30101810150040000789, address=ПР-Т ДИМИТРОВА, 12, city=Г. НОВОСИБИРСК, phones=(383)3734340,3734341, country=4e127564-d74f-4dd9-bced-0327f0f4e061, countryCode=643, activityDiscontinued=false}, {guid=aaaf21c1-d82b-11e8-80bb-08002789bf51, archive=false, dateOutputArchive=0001-01-01T00:00:00Z, thisGroup=false, parent=78ddac17-ca67-11e5-826c-605718cb5baa, bic=046015088, swift=SJSCRUMMRND, name=ФИЛИАЛ &quot;СДМ-БАНК&quot; (ПАО) В Г. РОСТОВ-НА-ДОНУ, corrAccount=30101810860150000088, address=УЛ КАТАЕВА, 293, city=Г. РОСТОВ-НА-ДОНУ, phones=(863)2197712,2197714, country=4e127564-d74f-4dd9-bced-0327f0f4e061, countryCode=643, activityDiscontinued=false}, {guid=aaaf21c2-d82b-11e8-80bb-08002789bf51, archive=false, dateOutputArchive=0001-01-01T00:00:00Z, thisGroup=false, parent=78ddac07-ca67-11e5-826c-605718cb5baa, bic=045004778, swift=, name=ФИЛИАЛ БАНКА &quot;ВБРР&quot; (АО) В Г.НОВОСИБИРСКЕ, corrAccount=30101810750040000778, address=УЛ СИБРЕВКОМА, 2, city=Г. НОВОСИБИРСК, phones=(383)2302201, country=4e127564-d74f-4dd9-bced-0327f0f4e061, countryCode=643, activityDiscontinued=false}, {guid=aaaf21c3-d82b-11e8-80bb-08002789bf51, archive=false, dateOutputArchive=0001-01-01T00:00:00Z, thisGroup=false, parent=78ddac0f-ca67-11e5-826c-605718cb5baa, bic=040349758, swift=VTBRRUM2KD3, name=ФИЛИАЛ № 2351 БАНКА ВТБ (ПАО), corrAccount=30101810703490000758, address=УЛ ИМ. ГОГОЛЯ, 68, city=Г. КРАСНОДАР, phones=(861)2126424,2125627, country=4e127564-d74f-4dd9-bced-0327f0f4e061, countryCode=643, activityDiscontinued=false}, {guid=aaaf21c4-d82b-11e8-80bb-08002789bf51, archive=false, dateOutputArchive=0001-01-01T00:00:00Z, thisGroup=false, parent=78ddac17-ca67-11e5-826c-605718cb5baa, bic=046015094, swift=, name=НОВОЧЕРКАССКИЙ ФИЛИАЛ АО &quot;ФОНДСЕРВИСБАНК&quot;, corrAccount=30101810760150000094, address=ПЛАТОВСКИЙ ПР-Т, 59 Б, city=Г. НОВОЧЕРКАССК, phones=(8635)240550, country=4e127564-d74f-4dd9-bced-0327f0f4e061, countryCode=643, activityDiscontinued=false}, {guid=aaaf21c5-d82b-11e8-80bb-08002789bf51, archive=false, dateOutputArchive=0001-01-01T00:00:00Z, thisGroup=false, parent=78ddac17-ca67-11e5-826c-605718cb5baa, bic=046015068, swift=, name=ДОНСКОЙ ФИЛИАЛ АО КБ &quot;СИТИБАНК&quot;, corrAccount=30101810660150000068, address=УЛ Б. САДОВАЯ, 124, city=Г. РОСТОВ-НА-ДОНУ, phones=(863)2040043,2040002, country=4e127564-d74f-4dd9-bced-0327f0f4e061, countryCode=643, activityDiscontinued=false}, {guid=aaaf21c6-d82b-11e8-80bb-08002789bf51, archive=false, dateOutputArchive=0001-01-01T00:00:00Z, thisGroup=false, parent=78ddac07-ca67-11e5-826c-605718cb5baa, bic=045004763, swift=, name=ФИЛИАЛ &quot;ЦЕНТРАЛЬНЫЙ&quot; ПАО &quot;СОВКОМБАНК&quot;, corrAccount=30101810150040000763, address=УЛ ПОПОВА, 11, city=Г. БЕРДСК, phones=(383)3340606, country=4e127564-d74f-4dd9-bced-0327f0f4e061, countryCode=643, activityDiscontinued=false}, {guid=aaaf21c7-d82b-11e8-80bb-08002789bf51, archive=false, dateOutputArchive=0001-01-01T00:00:00Z, thisGroup=false, parent=78ddac17-ca67-11e5-826c-605718cb5baa, bic=046015066, swift=, name=Ф-Л АО АКБ &quot;НОВИКОМБАНК&quot; В Г.РОСТОВЕ-НА-ДОНУ, corrAccount=30101810060150000066, address=УЛ КРАСНОАРМЕЙСКАЯ, 170/84, city=Г. РОСТОВ-НА-ДОНУ, phones=(863)2017777, country=4e127564-d74f-4dd9-bced-0327f0f4e061, countryCode=643, activityDiscontinued=false}, {guid=78ddabe0-ca67-11e5-826c-605718cb5baa, archive=false, dateOutputArchive=0001-01-01T00:00:00Z, thisGroup=false, parent=78ddabdf-ca67-11e5-826c-605718cb5baa, bic=049246920, swift=, name=НИЖНЕКАМСКИЙ ФАБ &quot;ДЕВОН-КРЕДИТ&quot; (ПАО), corrAccount=30101810700000000920, address=, city=Г. НИЖНЕКАМСК, phones=, country=00000000-0000-0000-0000-000000000000, countryCode=, activityDiscontinued=true}, {guid=aaaf21c8-d82b-11e8-80bb-08002789bf51, archive=false, dateOutputArchive=0001-01-01T00:00:00Z, thisGroup=false, parent=78ddac17-ca67-11e5-826c-605718cb5baa, bic=046015064, swift=, name=ЮЖНЫЙ ФИЛИАЛ АО &quot;БАНК ИНТЕЗА&quot;, corrAccount=30101810460150000064, address=ВОРОШИЛОВСКИЙ ПР-Т, 48, city=Г. РОСТОВ-НА-ДОНУ, phones=(863)2318377,2318388, country=4e127564-d74f-4dd9-bced-0327f0f4e061, countryCode=643, activityDiscontinued=false}, {guid=aaaf21c9-d82b-11e8-80bb-08002789bf51, archive=false, dateOutputArchive=0001-01-01T00:00:00Z, thisGroup=false, parent=78ddac17-ca67-11e5-826c-605718cb5baa, bic=046015065, swift=JSNMRUMMRND, name=РОСТОВСКИЙ ФИЛИАЛ ПАО БАНКА &quot;ФК ОТКРЫТИЕ&quot;, corrAccount=30101810760150000065, address=УЛ ТЕКУЧЕВА, 234, city=Г. РОСТОВ-НА-ДОНУ, phones=(863)2009099, country=4e127564-d74f-4dd9-bced-0327f0f4e061, countryCode=643, activityDiscontinued=true}, {guid=aaaf21ca-d82b-11e8-80bb-08002789bf51, archive=false, dateOutputArchive=0001-01-01T00:00:00Z, thisGroup=false, parent=78ddac17-ca67-11e5-826c-605718cb5baa, bic=046015060, swift=, name=ФИЛИАЛ АО &quot;ГЕНБАНК&quot; В Г.РОСТОВ-НА-ДОНУ, corrAccount=30101810260150000060, address=УЛ ПУШКИНСКАЯ, 94, city=Г. РОСТОВ-НА-ДОНУ, phones=(863)2999333, country=4e127564-d74f-4dd9-bced-0327f0f4e061, countryCode=643, activityDiscontinued=false}, {guid=aaaf21cb-d82b-11e8-80bb-08002789bf51, archive=false, dateOutputArchive=0001-01-01T00:00:00Z, thisGroup=false, parent=78ddac17-ca67-11e5-826c-605718cb5baa, bic=046015061, swift=, name=ФИЛИАЛ ЮЖНЫЙ ПАО БАНКА &quot;ФК ОТКРЫТИЕ&quot;, corrAccount=30101810560150000061, address=УЛ ГОРОДА ВОЛОС, 112/130, city=Г. РОСТОВ-НА-ДОНУ, phones=(863)2688901, country=4e127564-d74f-4dd9-bced-0327f0f4e061, countryCode=643, activityDiscontinued=false}, {guid=aaaf21cc-d82b-11e8-80bb-08002789bf51, archive=false, dateOutputArchive=0001-01-01T00:00:00Z, thisGroup=false, parent=78ddabe7-ca67-11e5-826c-605718cb5baa, bic=040507750, swift=, name=АО &quot;РОЯЛ КРЕДИТ БАНК&quot;, corrAccount=30101810105070000750, address=ПР-Т 100ЛЕТ ВЛАДИ-КА, 155 - 1Б, city=Г. ВЛАДИВОСТОК, phones=(423)2308871,2308870, country=4e127564-d74f-4dd9-bced-0327f0f4e061, countryCode=643, activityDiscontinued=false}, {guid=aaaf21cd-d82b-11e8-80bb-08002789bf51, archive=false, dateOutputArchive=0001-01-01T00:00:00Z, thisGroup=false, parent=78ddac17-ca67-11e5-826c-605718cb5baa, bic=046015078, swift=ZEMCRU22XXX, name=ООО &quot;ЗЕМКОМБАНК&quot;, corrAccount=30101810760150000078, address=УЛ МАЛЮГИНОЙ, 233, city=Г. РОСТОВ-НА-ДОНУ, phones=(863)2800064, country=4e127564-d74f-4dd9-bced-0327f0f4e061, countryCode=643, activityDiscontinued=false}, {guid=aaaf21ce-d82b-11e8-80bb-08002789bf51, archive=false, dateOutputArchive=0001-01-01T00:00:00Z, thisGroup=false, parent=78ddac17-ca67-11e5-826c-605718cb5baa, bic=046015075, swift=, name=РОСТОВСКИЙ ФИЛИАЛ ЦМРБАНК (ООО), corrAccount=30101810860150000075, address=УЛ ПУШКИНСКАЯ, 105/79, city=Г. РОСТОВ-НА-ДОНУ, phones=(863)2695710, country=4e127564-d74f-4dd9-bced-0327f0f4e061, countryCode=643, activityDiscontinued=false}, {guid=aaaf21cf-d82b-11e8-80bb-08002789bf51, archive=false, dateOutputArchive=0001-01-01T00:00:00Z, thisGroup=false, parent=78ddac17-ca67-11e5-826c-605718cb5baa, bic=046015074, swift=, name=ФИЛИАЛ &quot;РОСТОВ-НА-ДОНУ&quot; КБ &quot;ЛОКО-БАНК&quot; (АО), corrAccount=30101810560150000074, address=УЛ МАКСИМА ГОРЬКОГО, 123/67, city=Г. РОСТОВ-НА-ДОНУ, phones=(863)2192772, country=4e127564-d74f-4dd9-bced-0327f0f4e061, countryCode=643, activityDiscontinued=false}, {guid=aaaf21d0-d82b-11e8-80bb-08002789bf51, archive=false, dateOutputArchive=0001-01-01T00:00:00Z, thisGroup=false, parent=78ddac17-ca67-11e5-826c-605718cb5baa, bic=046015051, swift=, name=Ф-Л АКБ &quot;ФОРА-БАНК&quot; (АО) В Г.РОСТОВ-НА-ДОНУ, corrAccount=30101810460150000051, address=УЛ ПУШКИНСКАЯ, 117, city=Г. РОСТОВ-НА-ДОНУ, phones=(863)2403640, country=4e127564-d74f-4dd9-bced-0327f0f4e061, countryCode=643, activityDiscontinued=false}, {guid=aaaf21d1-d82b-11e8-80bb-08002789bf51, archive=false, dateOutputArchive=0001-01-01T00:00:00Z, thisGroup=false, parent=78ddac17-ca67-11e5-826c-605718cb5baa, bic=046015052, swift=, name=ООО КБ &quot;РОСТФИНАНС&quot;, corrAccount=30101810760150000052, address=УЛ КРАСНОАРМЕЙСКАЯ, 166 А, city=Г. РОСТОВ-НА-ДОНУ, phones=(863)2870058, country=4e127564-d74f-4dd9-bced-0327f0f4e061, countryCode=643, activityDiscontinued=false}, {guid=78ddac7b-ca67-11e5-826c-605718cb5baa, archive=false, dateOutputArchive=0001-01-01T00:00:00Z, thisGroup=false, parent=78ddac02-ca67-11e5-826c-605718cb5baa, bic=042809974, swift=, name=ТВЕФ ПАО &quot;БИНБАНК&quot;, corrAccount=30101810900000000974, address=, city=Г. ТВЕРЬ, phones=, country=00000000-0000-0000-0000-000000000000, countryCode=, activityDiscontinued=true}, {guid=aaaf21d2-d82b-11e8-80bb-08002789bf51, archive=false, dateOutputArchive=0001-01-01T00:00:00Z, thisGroup=false, parent=78ddac17-ca67-11e5-826c-605718cb5baa, bic=046015050, swift=, name=ФИЛИАЛ № 1 ПАО МОСОБЛБАНК, corrAccount=30101810160150000050, address=КОММУНИСТИЧЕСКИЙ ПР-Т, 51, city=Г. РОСТОВ-НА-ДОНУ, phones=(863)3009637, country=4e127564-d74f-4dd9-bced-0327f0f4e061, countryCode=643, activityDiscontinued=false}, {guid=aaaf21d3-d82b-11e8-80bb-08002789bf51, archive=false, dateOutputArchive=0001-01-01T00:00:00Z, thisGroup=false, parent=78ddabf2-ca67-11e5-826c-605718cb5baa, bic=043601728, swift=, name=САМАРСКИЙ ФИЛИАЛ ПАО &quot;НЕВСКИЙ БАНК&quot;, corrAccount=30101810222023601728, address=6 ПРОСЕКА, 125, city=Г. САМАРА, phones=(846)2011100, country=4e127564-d74f-4dd9-bced-0327f0f4e061, countryCode=643, activityDiscontinued=false}, {guid=aaaf21d4-d82b-11e8-80bb-08002789bf51, archive=false, dateOutputArchive=0001-01-01T00:00:00Z, thisGroup=false, parent=78ddabe9-ca67-11e5-826c-605718cb5baa, bic=042520764, swift=, name=КОНКУРСНЫЙ УПРАВЛЯЮЩИЙ &quot;ВЛБАНК&quot; (АО)-ГК &quot;АСВ&quot;, corrAccount=30101810450040000764, address=УЛ КИРОВА, 85 А, city=Г. УСТЬ-КУТ, phones=(3952)289500, country=4e127564-d74f-4dd9-bced-0327f0f4e061, countryCode=643, activityDiscontinued=false}, {guid=aaaf21d5-d82b-11e8-80bb-08002789bf51, archive=false, dateOutputArchive=0001-01-01T00:00:00Z, thisGroup=false, parent=78ddabe9-ca67-11e5-826c-605718cb5baa, bic=042520767, swift=, name=АНГАРСКИЙ ФИЛИАЛ АО &quot;ИТ БАНК&quot;, corrAccount=30101810350040000767, address=29-ЫЙ МКР, 15 А, city=Г. АНГАРСК, phones=(3955)671921,564004, country=4e127564-d74f-4dd9-bced-0327f0f4e061, countryCode=643, activityDiscontinued=false}, {guid=78ddabe1-ca67-11e5-826c-605718cb5baa, archive=, dateOutputArchive=, thisGroup=true, parent=00000000-0000-0000-0000-000000000000, bic=40       , swift=, name=Г САНКТ-ПЕТЕРБУРГ, corrAccount=, address=, city=, phones=, country=, countryCode=, activityDiscontinued=}, {guid=aaaf21d6-d82b-11e8-80bb-08002789bf51, archive=false, dateOutputArchive=0001-01-01T00:00:00Z, thisGroup=false, parent=78ddac34-ca67-11e5-826c-605718cb5baa, bic=046401888, swift=KHZARU99XXX, name=АО &quot;БАНК ХОЛМСК&quot;, corrAccount=30101810064010000888, address=УЛ ЛЕНИНА, 304 Г, city=Г. ЮЖНО-САХАЛИНСК, phones=(4242)245858, country=4e127564-d74f-4dd9-bced-0327f0f4e061, countryCode=643, activityDiscontinued=false}, {guid=bbea4eb4-fc53-11e8-80c5-08002789bf51, archive=false, dateOutputArchive=0001-01-01T00:00:00Z, thisGroup=false, parent=78ddabe5-ca67-11e5-826c-605718cb5baa, bic=044525360, swift=, name=Филиал &quot;Корпоративный&quot; ПАО &quot;Совкомбанк&quot;, corrAccount=30101810445250000360, address=УЛ. ВАВИЛОВА, Д. 24, city=Г. МОСКВА, phones=, country=4e127564-d74f-4dd9-bced-0327f0f4e061, countryCode=643, activityDiscontinued=false}, {guid=bbea4eb5-fc53-11e8-80c5-08002789bf51, archive=false, dateOutputArchive=0001-01-01T00:00:00Z, thisGroup=false, parent=78ddabe1-ca67-11e5-826c-605718cb5baa, bic=044030800, swift=, name=Ф-Л СПБ № 2 ПАО БАНК &quot;ФК ОТКРЫТИЕ&quot;, corrAccount=30101810040300000800, address=НАБ. ОБВОДНОГО КАНАЛА, Д. 90,, city=Г. САНКТ-ПЕТЕРБУРГ, phones=, country=4e127564-d74f-4dd9-bced-0327f0f4e061, countryCode=643, activityDiscontinued=false}, {guid=bbea4eb6-fc53-11e8-80c5-08002789bf51, archive=false, dateOutputArchive=0001-01-01T00:00:00Z, thisGroup=false, parent=78ddac49-ca67-11e5-826c-605718cb5baa, bic=047308988, swift=, name=Ф-л Ульяновский № 2 ПАО Банк &quot;ФК Открытие&quot;, corrAccount=30101810122027300988, address=УЛ. АЛЕКСАНДРА МАТРОСОВА, Д 33, city=Г. УЛЬЯНОВСК, phones=, country=4e127564-d74f-4dd9-bced-0327f0f4e061, countryCode=643, activityDiscontinued=false}, {guid=bbea4eb7-fc53-11e8-80c5-08002789bf51, archive=false, dateOutputArchive=0001-01-01T00:00:00Z, thisGroup=false, parent=78ddac07-ca67-11e5-826c-605718cb5baa, bic=045004051, swift=, name=Новосибирский филиал РНКО &quot;Р-ИНКАС&quot; (ООО), corrAccount=30103810450045004051, address=УЛ. ДМИТРИЯ ДОНСКОГО, 11, city=Г. НОВОСИБИРСК, phones=, country=4e127564-d74f-4dd9-bced-0327f0f4e061, countryCode=643, activityDiscontinued=false}, {guid=bbea4eb8-fc53-11e8-80c5-08002789bf51, archive=false, dateOutputArchive=0001-01-01T00:00:00Z, thisGroup=false, parent=78ddabe5-ca67-11e5-826c-605718cb5baa, bic=044525980, swift=, name=Ф-л Мск (Диджитал) ПАО Банк &quot;ФК Открытие&quot;, corrAccount=30101810045250000980, address=УЛ. ПЕТРОВКА, Д. 24, СТР. 1, city=Г. МОСКВА, phones=, country=4e127564-d74f-4dd9-bced-0327f0f4e061, countryCode=643, activityDiscontinued=false}, {guid=bbea4eb9-fc53-11e8-80c5-08002789bf51, archive=false, dateOutputArchive=0001-01-01T00:00:00Z, thisGroup=false, parent=78ddabeb-ca67-11e5-826c-605718cb5baa, bic=040702751, swift=, name=Ф-Л СТАВРОПОЛЬСКИЙ №2 ПАО БАНК &quot;ФК ОТКРЫТИЕ&quot;, corrAccount=30101810007020000751, address=УЛ. ЛЕНИНА, 221, city=Г. СТАВРОПОЛЬ, phones=, country=4e127564-d74f-4dd9-bced-0327f0f4e061, countryCode=643, activityDiscontinued=false}, {guid=bbea4eba-fc53-11e8-80c5-08002789bf51, archive=false, dateOutputArchive=0001-01-01T00:00:00Z, thisGroup=false, parent=78ddac09-ca67-11e5-826c-605718cb5baa, bic=046577520, swift=, name=Ф-л Екб №2 ПАО Банк &quot;ФК Открытие&quot;, corrAccount=30101810065770000520, address=УЛ.ГОРЬКОГО, Д.45, city=Г. ЕКАТЕРИНБУРГ, phones=, country=4e127564-d74f-4dd9-bced-0327f0f4e061, countryCode=643, activityDiscontinued=false}, {guid=bbea4ebb-fc53-11e8-80c5-08002789bf51, archive=false, dateOutputArchive=0001-01-01T00:00:00Z, thisGroup=false, parent=78ddabe7-ca67-11e5-826c-605718cb5baa, bic=040507830, swift=, name=Ф-л Владивостокский №2 ПАО Банк &quot;ФК Открытие&quot;, corrAccount=30101810805070000830, address=ПР-КТ ОКЕАНСКИЙ, Д.123 Б, city=Г. ВЛАДИВОСТОК, phones=, country=4e127564-d74f-4dd9-bced-0327f0f4e061, countryCode=643, activityDiscontinued=false}, {guid=bbea4ebc-fc53-11e8-80c5-08002789bf51, archive=false, dateOutputArchive=0001-01-01T00:00:00Z, thisGroup=false, parent=78ddac17-ca67-11e5-826c-605718cb5baa, bic=046015084, swift=, name=Ф-л Ростовский №2 ПАО Банк &quot;ФК Открытие&quot;, corrAccount=30101810660150000084, address=ПР. ШОЛОХОВА, 32/65, city=Г. РОСТОВ-НА-ДОНУ, phones=, country=4e127564-d74f-4dd9-bced-0327f0f4e061, countryCode=643, activityDiscontinued=false}, {guid=bbea4ebd-fc53-11e8-80c5-08002789bf51, archive=false, dateOutputArchive=0001-01-01T00:00:00Z, thisGroup=false, parent=78ddac07-ca67-11e5-826c-605718cb5baa, bic=045004741, swift=, name=Ф-л Новосибирский №2 ПАО Банк &quot;ФК Открытие&quot;, corrAccount=30101810350040000741, address=УЛ. ЛЕНИНА, Д. 18, city=Г. НОВОСИБИРСК, phones=, country=4e127564-d74f-4dd9-bced-0327f0f4e061, countryCode=643, activityDiscontinued=false}, {guid=78ddabdc-ca67-11e5-826c-605718cb5baa, archive=false, dateOutputArchive=0001-01-01T00:00:00Z, thisGroup=false, parent=78ddabdb-ca67-11e5-826c-605718cb5baa, bic=043207757, swift=, name=ФИЛИАЛ N 11 ПАО МОСОБЛБАНК, corrAccount=30101810000000000757, address=УЛ ВЕСЕННЯЯ, 24, city=Г. КЕМЕРОВО, phones=(3842)363892, country=4e127564-d74f-4dd9-bced-0327f0f4e061, countryCode=643, activityDiscontinued=false}, {guid=78ddabdd-ca67-11e5-826c-605718cb5baa, archive=, dateOutputArchive=, thisGroup=true, parent=00000000-0000-0000-0000-000000000000, bic=66       , swift=, name=СМОЛЕНСКАЯ ОБЛАСТЬ, corrAccount=, address=, city=, phones=, country=, countryCode=, activityDiscontinued=}, {guid=78ddabde-ca67-11e5-826c-605718cb5baa, archive=false, dateOutputArchive=0001-01-01T00:00:00Z, thisGroup=false, parent=78ddabdd-ca67-11e5-826c-605718cb5baa, bic=046610000, swift=, name=РКЦ ВЯЗЬМА, corrAccount=, address=, city=Г. ВЯЗЬМА, phones=, country=00000000-0000-0000-0000-000000000000, countryCode=, activityDiscontinued=true}, {guid=78ddabdf-ca67-11e5-826c-605718cb5baa, archive=, dateOutputArchive=, thisGroup=true, parent=00000000-0000-0000-0000-000000000000, bic=92       , swift=, name=РЕСПУБЛИКА ТАТАРСТАН, corrAccount=, address=, city=, phones=, country=, countryCode=, activityDiscontinued=}, {guid=78ddabe2-ca67-11e5-826c-605718cb5baa, archive=false, dateOutputArchive=0001-01-01T00:00:00Z, thisGroup=false, parent=78ddabe1-ca67-11e5-826c-605718cb5baa, bic=044030743, swift=, name=САНКТ-ПЕТЕРБУРГСКИЙ ФИЛИАЛ ПАО &quot;АК БАНК&quot;, corrAccount=30101810300000000743, address=, city=Г. САНКТ-ПЕТЕРБУРГ, phones=, country=00000000-0000-0000-0000-000000000000, countryCode=, activityDiscontinued=true}, {guid=78ddabe3-ca67-11e5-826c-605718cb5baa, archive=false, dateOutputArchive=0001-01-01T00:00:00Z, thisGroup=false, parent=78ddabe1-ca67-11e5-826c-605718cb5baa, bic=044030708, swift=, name=САНКТ-ПЕТЕРБУРГСКИЙ ФИЛИАЛ АКБ &quot;НЗБАНК&quot;,ОАО, corrAccount=30101810400000000708, address=, city=Г. САНКТ-ПЕТЕРБУРГ, phones=, country=00000000-0000-0000-0000-000000000000, countryCode=, activityDiscontinued=true}, {guid=78ddabe4-ca67-11e5-826c-605718cb5baa, archive=false, dateOutputArchive=0001-01-01T00:00:00Z, thisGroup=false, parent=78ddabe1-ca67-11e5-826c-605718cb5baa, bic=044030821, swift=, name=ФСКБ ПРИМОРЬЯ &quot;ПРИМСОЦБАНК&quot; В Г С-ПЕТЕРБУРГЕ, corrAccount=30101810400000000821, address=УЛ САДОВАЯ, 40 ЛИТ Б, city=Г. САНКТ-ПЕТЕРБУРГ, phones=(812)4934900, country=4e127564-d74f-4dd9-bced-0327f0f4e061, countryCode=643, activityDiscontinued=false}, {guid=78ddabe5-ca67-11e5-826c-605718cb5baa, archive=, dateOutputArchive=, thisGroup=true, parent=00000000-0000-0000-0000-000000000000, bic=45       , swift=, name=Г МОСКВА, corrAccount=, address=, city=, phones=, country=, countryCode=, activityDiscontinued=}, {guid=78ddabe6-ca67-11e5-826c-605718cb5baa, archive=false, dateOutputArchive=0001-01-01T00:00:00Z, thisGroup=false, parent=78ddabe5-ca67-11e5-826c-605718cb5baa, bic=044525461, swift=, name=КУ АКБ &quot;БЕНИФИТ-БАНК&quot; (ЗАО) - ГК &quot;АСВ&quot;, corrAccount=30101810645250000461, address=УЛ ВЫСОЦКОГО, 4, city=Г. МОСКВА, phones=(495)9612526, country=4e127564-d74f-4dd9-bced-0327f0f4e061, countryCode=643, activityDiscontinued=false}, {guid=78ddabe7-ca67-11e5-826c-605718cb5baa, archive=, dateOutputArchive=, thisGroup=true, parent=00000000-0000-0000-0000-000000000000, bic=05       , swift=, name=ПРИМОРСКИЙ КРАЙ, corrAccount=, address=, city=, phones=, country=, countryCode=, activityDiscontinued=}, {guid=78ddabe8-ca67-11e5-826c-605718cb5baa, archive=false, dateOutputArchive=0001-01-01T00:00:00Z, thisGroup=false, parent=78ddabe7-ca67-11e5-826c-605718cb5baa, bic=040507001, swift=, name=ДАЛЬНЕВОСТОЧНОЕ ГУ БАНКА РОССИИ, corrAccount=, address=УЛ СВЕТЛАНСКАЯ, 71, city=Г. ВЛАДИВОСТОК, phones=(423)2406514,2406507, country=4e127564-d74f-4dd9-bced-0327f0f4e061, countryCode=643, activityDiscontinued=false}, {guid=78ddabe9-ca67-11e5-826c-605718cb5baa, archive=, dateOutputArchive=, thisGroup=true, parent=00000000-0000-0000-0000-000000000000, bic=25       , swift=, name=ИРКУТСКАЯ ОБЛАСТЬ, corrAccount=, address=, city=, phones=, country=, countryCode=, activityDiscontinued=}, {guid=78ddabea-ca67-11e5-826c-605718cb5baa, archive=false, dateOutputArchive=0001-01-01T00:00:00Z, thisGroup=false, parent=78ddabe9-ca67-11e5-826c-605718cb5baa, bic=042510000, swift=, name=РКЦ ЧУНСКИЙ, corrAccount=, address=, city=РП ЧУНСКИЙ, phones=, country=00000000-0000-0000-0000-000000000000, countryCode=, activityDiscontinued=true}, {guid=78ddabeb-ca67-11e5-826c-605718cb5baa, archive=, dateOutputArchive=, thisGroup=true, parent=00000000-0000-0000-0000-000000000000, bic=07       , swift=, name=СТАВРОПОЛЬСКИЙ КРАЙ, corrAccount=, address=, city=, phones=, country=, countryCode=, activityDiscontinued=}, {guid=78ddabec-ca67-11e5-826c-605718cb5baa, archive=false, dateOutputArchive=0001-01-01T00:00:00Z, thisGroup=false, parent=78ddabeb-ca67-11e5-826c-605718cb5baa, bic=040702001, swift=, name=ОТДЕЛЕНИЕ СТАВРОПОЛЬ, corrAccount=, address=УЛ ЛЕНИНА, 286, city=Г. СТАВРОПОЛЬ, phones=(8652)224803,224804, country=4e127564-d74f-4dd9-bced-0327f0f4e061, countryCode=643, activityDiscontinued=false}, {guid=78ddabed-ca67-11e5-826c-605718cb5baa, archive=false, dateOutputArchive=0001-01-01T00:00:00Z, thisGroup=false, parent=78ddabe5-ca67-11e5-826c-605718cb5baa, bic=044525212, swift=, name=КУ КБ &quot;ТРАНСИНВЕСТБАНК&quot; (ООО) - ГК &quot;АСВ&quot;, corrAccount=30101810645250000212, address=УЛ ВЫСОЦКОГО, 4, city=Г. МОСКВА, phones=(495)9612526, country=4e127564-d74f-4dd9-bced-0327f0f4e061, countryCode=643, activityDiscontinued=false}, {guid=78ddabee-ca67-11e5-826c-605718cb5baa, archive=, dateOutputArchive=, thisGroup=true, parent=00000000-0000-0000-0000-000000000000, bic=54       , swift=, name=ОРЛОВСКАЯ ОБЛАСТЬ, corrAccount=, address=, city=, phones=, country=, countryCode=, activityDiscontinued=}, {guid=78ddabef-ca67-11e5-826c-605718cb5baa, archive=false, dateOutputArchive=0001-01-01T00:00:00Z, thisGroup=false, parent=78ddabee-ca67-11e5-826c-605718cb5baa, bic=045402751, swift=, name=ОРЛОВСКИЙ РФ АО &quot;РОССЕЛЬХОЗБАНК&quot;, corrAccount=30101810700000000751, address=УЛ МОСКОВСКАЯ, 31 ЛИТ А, city=Г. ОРЁЛ, phones=(4862)541054,735788, country=4e127564-d74f-4dd9-bced-0327f0f4e061, countryCode=643, activityDiscontinued=false}, {guid=78ddabf0-ca67-11e5-826c-605718cb5baa, archive=, dateOutputArchive=, thisGroup=true, parent=00000000-0000-0000-0000-000000000000, bic=17       , swift=, name=ВЛАДИМИРСКАЯ ОБЛАСТЬ, corrAccount=, address=, city=, phones=, country=, countryCode=, activityDiscontinued=}, {guid=78ddabf1-ca67-11e5-826c-605718cb5baa, archive=false, dateOutputArchive=0001-01-01T00:00:00Z, thisGroup=false, parent=78ddabf0-ca67-11e5-826c-605718cb5baa, bic=041708717, swift=, name=ФИЛИАЛ АО &quot;РОСТ БАНК&quot; В Г.ВЛАДИМИРЕ, corrAccount=30101810517080000717, address=, city=Г. ВЛАДИМИР, phones=, country=00000000-0000-0000-0000-000000000000, countryCode=, activityDiscontinued=true}, {guid=78ddabf2-ca67-11e5-826c-605718cb5baa, archive=, dateOutputArchive=, thisGroup=true, parent=00000000-0000-0000-0000-000000000000, bic=36       , swift=, name=САМАРСКАЯ ОБЛАСТЬ, corrAccount=, address=, city=, phones=, country=, countryCode=, activityDiscontinued=}, {guid=78ddac7c-ca67-11e5-826c-605718cb5baa, archive=false, dateOutputArchive=0001-01-01T00:00:00Z, thisGroup=false, parent=78ddac17-ca67-11e5-826c-605718cb5baa, bic=046027835, swift=, name=ООО &quot;РУССКИЙ НАЦИОНАЛЬНЫЙ БАНК&quot;, corrAccount=30101810700000000835, address=, city=Г. РОСТОВ-НА-ДОНУ, phones=, country=00000000-0000-0000-0000-000000000000, countryCode=, activityDiscontinued=true}, {guid=78ddabf3-ca67-11e5-826c-605718cb5baa, archive=false, dateOutputArchive=0001-01-01T00:00:00Z, thisGroup=false, parent=78ddabf2-ca67-11e5-826c-605718cb5baa, bic=043601917, swift=GAZPRUMM037, name=Ф-Л БАНКА ГПБ (АО) &quot;ПОВОЛЖСКИЙ&quot;, corrAccount=30101810000000000917, address=УЛ НОВО-САДОВАЯ, 106 А, СТР 1, city=Г. САМАРА, phones=(846)3396945,3396946, country=4e127564-d74f-4dd9-bced-0327f0f4e061, countryCode=643, activityDiscontinued=false}, {guid=78ddabf4-ca67-11e5-826c-605718cb5baa, archive=false, dateOutputArchive=0001-01-01T00:00:00Z, thisGroup=false, parent=78ddabe5-ca67-11e5-826c-605718cb5baa, bic=044525225, swift=SABRRUMMXXX, name=ПАО СБЕРБАНК, corrAccount=30101810400000000225, address=УЛ ВАВИЛОВА, 19, city=Г. МОСКВА, phones=(495)5005550,88005555550, country=4e127564-d74f-4dd9-bced-0327f0f4e061, countryCode=643, activityDiscontinued=false}, {guid=78ddabf5-ca67-11e5-826c-605718cb5baa, archive=, dateOutputArchive=, thisGroup=true, parent=00000000-0000-0000-0000-000000000000, bic=87       , swift=, name=РЕСПУБЛИКА КОМИ, corrAccount=, address=, city=, phones=, country=, countryCode=, activityDiscontinued=}, {guid=78ddabf6-ca67-11e5-826c-605718cb5baa, archive=false, dateOutputArchive=0001-01-01T00:00:00Z, thisGroup=false, parent=78ddabf5-ca67-11e5-826c-605718cb5baa, bic=048723000, swift=, name=РКЦ УСИНСК, corrAccount=, address=УЛ НЕФТЯНИКОВ, 30, city=Г. УСИНСК, phones=(82144)41735,41445, country=4e127564-d74f-4dd9-bced-0327f0f4e061, countryCode=643, activityDiscontinued=false}, {guid=78ddabf8-ca67-11e5-826c-605718cb5baa, archive=false, dateOutputArchive=0001-01-01T00:00:00Z, thisGroup=false, parent=78ddabf7-ca67-11e5-826c-605718cb5baa, bic=045354860, swift=FORHRU33XXX, name=АКБ &quot;ФОРШТАДТ&quot; (АО), corrAccount=30101810700000000860, address=УЛ ЧКАЛОВА, 35/1, city=Г. ОРЕНБУРГ, phones=(3532)980486,980412, country=4e127564-d74f-4dd9-bced-0327f0f4e061, countryCode=643, activityDiscontinued=false}, {guid=78ddabf9-ca67-11e5-826c-605718cb5baa, archive=, dateOutputArchive=, thisGroup=true, parent=00000000-0000-0000-0000-000000000000, bic=69       , swift=, name=ТОМСКАЯ ОБЛАСТЬ, corrAccount=, address=, city=, phones=, country=, countryCode=, activityDiscontinued=}, {guid=78ddabfa-ca67-11e5-826c-605718cb5baa, archive=false, dateOutputArchive=0001-01-01T00:00:00Z, thisGroup=false, parent=78ddabf9-ca67-11e5-826c-605718cb5baa, bic=046900000, swift=, name=РКЦ КОЛПАШЕВО, corrAccount=, address=, city=Г. КОЛПАШЕВО, phones=, country=00000000-0000-0000-0000-000000000000, countryCode=, activityDiscontinued=true}, {guid=78ddabfb-ca67-11e5-826c-605718cb5baa, archive=false, dateOutputArchive=0001-01-01T00:00:00Z, thisGroup=false, parent=78ddabe1-ca67-11e5-826c-605718cb5baa, bic=044030752, swift=, name=САНКТ-ПЕТЕРБУРГСКИЙ ФИЛИАЛ &quot;БАНК СГБ&quot;, corrAccount=30101810100000000752, address=УЛ. МАРШАЛА ГОВОРОВА, 35 ЛИТ А, city=Г. САНКТ-ПЕТЕРБУРГ, phones=(812)3365900, country=4e127564-d74f-4dd9-bced-0327f0f4e061, countryCode=643, activityDiscontinued=false}, {guid=78ddabfc-ca67-11e5-826c-605718cb5baa, archive=false, dateOutputArchive=0001-01-01T00:00:00Z, thisGroup=false, parent=78ddabe5-ca67-11e5-826c-605718cb5baa, bic=044525102, swift=IKBARUMMXXX, name=АО &quot;ДЕНИЗБАНК МОСКВА&quot;, corrAccount=30101810400000000102, address=2-Я ЗВЕНИГОРОД УЛ, 13, СТР 42, city=Г. МОСКВА, phones=(495)7251020, country=4e127564-d74f-4dd9-bced-0327f0f4e061, countryCode=643, activityDiscontinued=false}, {guid=78ddabfd-ca67-11e5-826c-605718cb5baa, archive=, dateOutputArchive=, thisGroup=true, parent=00000000-0000-0000-0000-000000000000, bic=63       , swift=, name=САРАТОВСКАЯ ОБЛАСТЬ, corrAccount=, address=, city=, phones=, country=, countryCode=, activityDiscontinued=}, {guid=78ddabfe-ca67-11e5-826c-605718cb5baa, archive=false, dateOutputArchive=0001-01-01T00:00:00Z, thisGroup=false, parent=78ddabfd-ca67-11e5-826c-605718cb5baa, bic=046380002, swift=, name=ПУ БАНКА РОССИИ ВОЛЖСКОЕ, corrAccount=, address=, city=П. СВЕТЛЫЙ, phones=(84558)33215, country=4e127564-d74f-4dd9-bced-0327f0f4e061, countryCode=643, activityDiscontinued=false}, {guid=78ddabff-ca67-11e5-826c-605718cb5baa, archive=false, dateOutputArchive=0001-01-01T00:00:00Z, thisGroup=false, parent=78ddabe5-ca67-11e5-826c-605718cb5baa, bic=044583695, swift=, name=КУ ОАО БАНК &quot;СОДРУЖЕСТВО&quot;-ГК &quot;АСВ&quot;, corrAccount=30101810700000000695, address=, city=Г. МОСКВА, phones=, country=00000000-0000-0000-0000-000000000000, countryCode=, activityDiscontinued=true}, {guid=78ddac00-ca67-11e5-826c-605718cb5baa, archive=, dateOutputArchive=, thisGroup=true, parent=00000000-0000-0000-0000-000000000000, bic=82       , swift=, name=РЕСПУБЛИКА ДАГЕСТАН, corrAccount=, address=, city=, phones=, country=, countryCode=, activityDiscontinued=}, {guid=78ddac01-ca67-11e5-826c-605718cb5baa, archive=false, dateOutputArchive=0001-01-01T00:00:00Z, thisGroup=false, parent=78ddac00-ca67-11e5-826c-605718cb5baa, bic=048209870, swift=, name=ЛИКВ ООО РНКО &quot;УМУТ&quot;, corrAccount=30103810400000000870, address=УЛ КАЛИНИНА, 4, city=Г. ХАСАВЮРТ, phones=(87231)51268,51667, country=4e127564-d74f-4dd9-bced-0327f0f4e061, countryCode=643, activityDiscontinued=false}, {guid=78ddac02-ca67-11e5-826c-605718cb5baa, archive=, dateOutputArchive=, thisGroup=true, parent=00000000-0000-0000-0000-000000000000, bic=28       , swift=, name=ТВЕРСКАЯ ОБЛАСТЬ, corrAccount=, address=, city=, phones=, country=, countryCode=, activityDiscontinued=}, {guid=78ddac03-ca67-11e5-826c-605718cb5baa, archive=false, dateOutputArchive=0001-01-01T00:00:00Z, thisGroup=false, parent=78ddac02-ca67-11e5-826c-605718cb5baa, bic=042809909, swift=, name=ТВЕРСКОЙ ФИЛИАЛ АБ &quot;РОССИЯ&quot;, corrAccount=30101810700000000909, address=УЛ КРЫЛОВА, 40/29, city=Г. ТВЕРЬ, phones=(4822)347569, country=4e127564-d74f-4dd9-bced-0327f0f4e061, countryCode=643, activityDiscontinued=false}, {guid=78ddac04-ca67-11e5-826c-605718cb5baa, archive=false, dateOutputArchive=0001-01-01T00:00:00Z, thisGroup=false, parent=78ddac00-ca67-11e5-826c-605718cb5baa, bic=048209989, swift=, name=ФИЛИАЛ ИКБ &quot;ЭНТУЗИАСТБАНК&quot; ООО-КИЗЛЯР, corrAccount=30101810882090000989, address=, city=Г. КИЗЛЯР, phones=, country=00000000-0000-0000-0000-000000000000, countryCode=, activityDiscontinued=true}, {guid=78ddac05-ca67-11e5-826c-605718cb5baa, archive=false, dateOutputArchive=0001-01-01T00:00:00Z, thisGroup=false, parent=78ddabe5-ca67-11e5-826c-605718cb5baa, bic=044583844, swift=, name=КУ КОММЕРЧЕСКИЙ БАНК &quot;СДБ&quot; (ООО) ГК &quot;АСВ&quot;, corrAccount=30101810700000000844, address=, city=Г. МОСКВА, phones=, country=00000000-0000-0000-0000-000000000000, countryCode=, activityDiscontinued=true}, {guid=78ddac06-ca67-11e5-826c-605718cb5baa, archive=false, dateOutputArchive=0001-01-01T00:00:00Z, thisGroup=false, parent=78ddabe5-ca67-11e5-826c-605718cb5baa, bic=044525938, swift=, name=МОСКОВСКИЙ ФИЛИАЛ АО АКБ &quot;ТЕКСБАНК&quot;, corrAccount=30101810945250000938, address=ОЛИМПИЙСКИЙ ПР-Т, 26, СТР 1, city=Г. МОСКВА, phones=(495)6480048, country=4e127564-d74f-4dd9-bced-0327f0f4e061, countryCode=643, activityDiscontinued=false}, {guid=78ddac07-ca67-11e5-826c-605718cb5baa, archive=, dateOutputArchive=, thisGroup=true, parent=00000000-0000-0000-0000-000000000000, bic=50       , swift=, name=НОВОСИБИРСКАЯ ОБЛАСТЬ, corrAccount=, address=, city=, phones=, country=, countryCode=, activityDiscontinued=}, {guid=78ddac08-ca67-11e5-826c-605718cb5baa, archive=false, dateOutputArchive=0001-01-01T00:00:00Z, thisGroup=false, parent=78ddac07-ca67-11e5-826c-605718cb5baa, bic=045004747, swift=, name=ФИЛИАЛ &quot;НОВОСИБИРСКИЙ&quot; АО &quot;ГЛОБЭКСБАНК&quot;, corrAccount=30101810150040000747, address=УЛ ВОКЗАЛЬНАЯ МАГИСТРАЛЬ, 8 А, city=Г. НОВОСИБИРСК, phones=(383)2181508, country=4e127564-d74f-4dd9-bced-0327f0f4e061, countryCode=643, activityDiscontinued=false}, {guid=78ddac09-ca67-11e5-826c-605718cb5baa, archive=, dateOutputArchive=, thisGroup=true, parent=00000000-0000-0000-0000-000000000000, bic=65       , swift=, name=СВЕРДЛОВСКАЯ ОБЛАСТЬ, corrAccount=, address=, city=, phones=, country=, countryCode=, activityDiscontinued=}, {guid=78ddac0a-ca67-11e5-826c-605718cb5baa, archive=false, dateOutputArchive=0001-01-01T00:00:00Z, thisGroup=false, parent=78ddac09-ca67-11e5-826c-605718cb5baa, bic=046577907, swift=, name=ЕКАТЕРИНБУРГСКИЙ ФИЛИАЛ ПАО &quot;АК БАРС&quot; БАНК, corrAccount=30101810400000000907, address=ПР-Т ЛЕНИНА, 20, city=Г. ЕКАТЕРИНБУРГ, phones=(343)3556015, country=4e127564-d74f-4dd9-bced-0327f0f4e061, countryCode=643, activityDiscontinued=false}, {guid=78ddac0b-ca67-11e5-826c-605718cb5baa, archive=, dateOutputArchive=, thisGroup=true, parent=00000000-0000-0000-0000-000000000000, bic=47       , swift=, name=МУРМАНСКАЯ ОБЛАСТЬ, corrAccount=, address=, city=, phones=, country=, countryCode=, activityDiscontinued=}, {guid=78ddac0c-ca67-11e5-826c-605718cb5baa, archive=false, dateOutputArchive=0001-01-01T00:00:00Z, thisGroup=false, parent=78ddac0b-ca67-11e5-826c-605718cb5baa, bic=044705824, swift=, name=ФИЛИАЛ ПАО &quot;ОФК БАНК&quot; В МУРМАНСКЕ, corrAccount=30101810900000000824, address=, city=Г. МУРМАНСК, phones=, country=00000000-0000-0000-0000-000000000000, countryCode=, activityDiscontinued=true}, {guid=78ddac0d-ca67-11e5-826c-605718cb5baa, archive=, dateOutputArchive=, thisGroup=true, parent=00000000-0000-0000-0000-000000000000, bic=19       , swift=, name=ВОЛОГОДСКАЯ ОБЛАСТЬ, corrAccount=, address=, city=, phones=, country=, countryCode=, activityDiscontinued=}, {guid=78ddac0e-ca67-11e5-826c-605718cb5baa, archive=false, dateOutputArchive=0001-01-01T00:00:00Z, thisGroup=false, parent=78ddac0d-ca67-11e5-826c-605718cb5baa, bic=041909708, swift=, name=КУ НКО &quot;КРЕДИТАЛЬЯНС&quot; (ООО), corrAccount=30103810200000000708, address=, city=Г. ВОЛОГДА, phones=, country=00000000-0000-0000-0000-000000000000, countryCode=, activityDiscontinued=true}, {guid=78ddac0f-ca67-11e5-826c-605718cb5baa, archive=, dateOutputArchive=, thisGroup=true, parent=00000000-0000-0000-0000-000000000000, bic=03       , swift=, name=КРАСНОДАРСКИЙ КРАЙ, corrAccount=, address=, city=, phones=, country=, countryCode=, activityDiscontinued=}, {guid=78ddac10-ca67-11e5-826c-605718cb5baa, archive=false, dateOutputArchive=0001-01-01T00:00:00Z, thisGroup=false, parent=78ddac0f-ca67-11e5-826c-605718cb5baa, bic=040349749, swift=, name=КРАСНОДАРСКИЙ ФИЛИАЛ ТКБ БАНК ПАО, corrAccount=30101810500000000749, address=УЛ ФРУНЗЕ, 169, city=Г. КРАСНОДАР, phones=(861)2104542,2104546, country=4e127564-d74f-4dd9-bced-0327f0f4e061, countryCode=643, activityDiscontinued=false}, {guid=78ddac11-ca67-11e5-826c-605718cb5baa, archive=false, dateOutputArchive=0001-01-01T00:00:00Z, thisGroup=false, parent=78ddabf5-ca67-11e5-826c-605718cb5baa, bic=048702731, swift=, name=ФИЛИАЛ КБ &quot;РОСПРОМБАНК&quot; (ООО) В Г. СЫКТЫВКАРЕ, corrAccount=30101810500000000731, address=, city=Г. СЫКТЫВКАР, phones=, country=00000000-0000-0000-0000-000000000000, countryCode=, activityDiscontinued=true}, {guid=78ddac12-ca67-11e5-826c-605718cb5baa, archive=, dateOutputArchive=, thisGroup=true, parent=00000000-0000-0000-0000-000000000000, bic=20       , swift=, name=ВОРОНЕЖСКАЯ ОБЛАСТЬ, corrAccount=, address=, city=, phones=, country=, countryCode=, activityDiscontinued=}, {guid=78ddac13-ca67-11e5-826c-605718cb5baa, archive=false, dateOutputArchive=0001-01-01T00:00:00Z, thisGroup=false, parent=78ddac12-ca67-11e5-826c-605718cb5baa, bic=042007001, swift=, name=ОТДЕЛЕНИЕ ВОРОНЕЖ, corrAccount=, address=УЛ ТЕАТРАЛЬНАЯ, 36, city=Г. ВОРОНЕЖ, phones=(473)2555820,2699990, country=4e127564-d74f-4dd9-bced-0327f0f4e061, countryCode=643, activityDiscontinued=false}, {guid=78ddac14-ca67-11e5-826c-605718cb5baa, archive=, dateOutputArchive=, thisGroup=true, parent=00000000-0000-0000-0000-000000000000, bic=76       , swift=, name=ЗАБАЙКАЛЬСКИЙ КРАЙ, corrAccount=, address=, city=, phones=, country=, countryCode=, activityDiscontinued=}, {guid=78ddac15-ca67-11e5-826c-605718cb5baa, archive=false, dateOutputArchive=0001-01-01T00:00:00Z, thisGroup=false, parent=78ddac14-ca67-11e5-826c-605718cb5baa, bic=047601637, swift=SABRRU66CHT, name=ЧИТИНСКОЕ ОТДЕЛЕНИЕ  N8600 ПАО СБЕРБАНК, corrAccount=30101810500000000637, address=УЛ ПОЛИНЫ ОСИПЕНКО, 40, city=Г. ЧИТА, phones=(3022)336111, country=4e127564-d74f-4dd9-bced-0327f0f4e061, countryCode=643, activityDiscontinued=false}, {guid=78ddac16-ca67-11e5-826c-605718cb5baa, archive=false, dateOutputArchive=0001-01-01T00:00:00Z, thisGroup=false, parent=78ddabdb-ca67-11e5-826c-605718cb5baa, bic=043209770, swift=NOOBRU55XXX, name=ООО &quot;НОВОКИБ&quot;, corrAccount=30101810900000000770, address=УЛ КИРОВА, 69, city=Г. НОВОКУЗНЕЦК, phones=(3843)539698,459267, country=4e127564-d74f-4dd9-bced-0327f0f4e061, countryCode=643, activityDiscontinued=false}, {guid=78ddac17-ca67-11e5-826c-605718cb5baa, archive=, dateOutputArchive=, thisGroup=true, parent=00000000-0000-0000-0000-000000000000, bic=60       , swift=, name=РОСТОВСКАЯ ОБЛАСТЬ, corrAccount=, address=, city=, phones=, country=, countryCode=, activityDiscontinued=}, {guid=78ddac18-ca67-11e5-826c-605718cb5baa, archive=false, dateOutputArchive=0001-01-01T00:00:00Z, thisGroup=false, parent=78ddac17-ca67-11e5-826c-605718cb5baa, bic=046015293, swift=, name=РОСТОВСКИЙ ФИЛИАЛ НКО &quot;ИНКАХРАН&quot; (АО), corrAccount=30103810860150000293, address=, city=Г. РОСТОВ-НА-ДОНУ, phones=, country=00000000-0000-0000-0000-000000000000, countryCode=, activityDiscontinued=true}, {guid=78ddac19-ca67-11e5-826c-605718cb5baa, archive=false, dateOutputArchive=0001-01-01T00:00:00Z, thisGroup=false, parent=78ddac07-ca67-11e5-826c-605718cb5baa, bic=045004775, swift=, name=НОВОСИБИРСКИЙ ФИЛИАЛ ПАО &quot;БИНБАНК&quot;, corrAccount=30101810850040000775, address=, city=Г. НОВОСИБИРСК, phones=, country=00000000-0000-0000-0000-000000000000, countryCode=, activityDiscontinued=true}, {guid=78ddac1a-ca67-11e5-826c-605718cb5baa, archive=false, dateOutputArchive=0001-01-01T00:00:00Z, thisGroup=false, parent=78ddabe5-ca67-11e5-826c-605718cb5baa, bic=044583138, swift=, name=ООО КБ &quot;РАСЧЕТНЫЙ ДОМ&quot;, corrAccount=30101810500000000138, address=, city=Г. МОСКВА, phones=, country=00000000-0000-0000-0000-000000000000, countryCode=, activityDiscontinued=true}, {guid=78ddac1b-ca67-11e5-826c-605718cb5baa, archive=false, dateOutputArchive=0001-01-01T00:00:00Z, thisGroup=false, parent=78ddabe5-ca67-11e5-826c-605718cb5baa, bic=044525762, swift=, name=КУ КБ &quot;ЕВРОТРАСТ&quot; (ЗАО) ГК &quot;АСВ&quot;, corrAccount=30101810400000000762, address=УЛ ВЫСОЦКОГО, 4, city=Г. МОСКВА, phones=(495)9612526, country=4e127564-d74f-4dd9-bced-0327f0f4e061, countryCode=643, activityDiscontinued=false}, {guid=78ddaca1-ca67-11e5-826c-605718cb5baa, archive=, dateOutputArchive=, thisGroup=true, parent=00000000-0000-0000-0000-000000000000, bic=37       , swift=, name=КУРГАНСКАЯ ОБЛАСТЬ, corrAccount=, address=, city=, phones=, country=, countryCode=, activityDiscontinued=}, {guid=78ddac1d-ca67-11e5-826c-605718cb5baa, archive=false, dateOutputArchive=0001-01-01T00:00:00Z, thisGroup=false, parent=78ddabe5-ca67-11e5-826c-605718cb5baa, bic=044525235, swift=, name=КУ ООО &quot;М ПЛЮС&quot; ГК &quot;АСВ&quot;, corrAccount=30101810745250000235, address=УЛ ВЫСОЦКОГО, 4, city=Г. МОСКВА, phones=(495)9612526, country=4e127564-d74f-4dd9-bced-0327f0f4e061, countryCode=643, activityDiscontinued=false}, {guid=78ddac1e-ca67-11e5-826c-605718cb5baa, archive=false, dateOutputArchive=0001-01-01T00:00:00Z, thisGroup=false, parent=78ddabe5-ca67-11e5-826c-605718cb5baa, bic=044583701, swift=, name=ООО НКО &quot;ДЕНЬГИ.МЭЙЛ.РУ&quot;, corrAccount=30103810100000000701, address=, city=Г. МОСКВА, phones=, country=00000000-0000-0000-0000-000000000000, countryCode=, activityDiscontinued=true}, {guid=78ddac1f-ca67-11e5-826c-605718cb5baa, archive=false, dateOutputArchive=0001-01-01T00:00:00Z, thisGroup=false, parent=78ddabe1-ca67-11e5-826c-605718cb5baa, bic=044030769, swift=, name=КУ ОАО КБ &quot;ПЕТРО-АЭРО-БАНК&quot;-ГК &quot;АСВ&quot;, corrAccount=30101810300000000769, address=, city=Г. САНКТ-ПЕТЕРБУРГ, phones=, country=00000000-0000-0000-0000-000000000000, countryCode=, activityDiscontinued=true}, {guid=e8b018e6-ca8b-11e5-826c-605718cb5baa, archive=false, dateOutputArchive=0001-01-01T00:00:00Z, thisGroup=false, parent=78ddac9c-ca67-11e5-826c-605718cb5baa, bic=040481000, swift=, name=РКЦ АЧИНСК, corrAccount=, address=, city=Г. АЧИНСК, phones=, country=00000000-0000-0000-0000-000000000000, countryCode=, activityDiscontinued=true}, {guid=78ddac20-ca67-11e5-826c-605718cb5baa, archive=false, dateOutputArchive=0001-01-01T00:00:00Z, thisGroup=false, parent=78ddac0f-ca67-11e5-826c-605718cb5baa, bic=040396844, swift=, name=КОНКУРСНЫЙ УПРАВЛЯЮЩИЙ ООО КИИБ&quot;СОЧИ&quot;-ГК&quot;АСВ&quot;, corrAccount=30101810700000000844, address=УЛ ВЫСОЦКОГО, 4, city=Г. МОСКВА, phones=(495)7253117, country=4e127564-d74f-4dd9-bced-0327f0f4e061, countryCode=643, activityDiscontinued=false}, {guid=78ddac21-ca67-11e5-826c-605718cb5baa, archive=, dateOutputArchive=, thisGroup=true, parent=00000000-0000-0000-0000-000000000000, bic=22       , swift=, name=НИЖЕГОРОДСКАЯ ОБЛАСТЬ, corrAccount=, address=, city=, phones=, country=, countryCode=, activityDiscontinued=}, {guid=78ddac22-ca67-11e5-826c-605718cb5baa, archive=false, dateOutputArchive=0001-01-01T00:00:00Z, thisGroup=false, parent=78ddac21-ca67-11e5-826c-605718cb5baa, bic=042202821, swift=, name=ФАКБ &quot;РОССИЙСКИЙ КАПИТАЛ&quot; (АО) НИЖЕГОРОДСКИЙ, corrAccount=30101810300000000821, address=УЛ ОШАРСКАЯ, 52, city=Г. НИЖНИЙ НОВГОРОД, phones=(831)2816345, country=4e127564-d74f-4dd9-bced-0327f0f4e061, countryCode=643, activityDiscontinued=false}, {guid=78ddac23-ca67-11e5-826c-605718cb5baa, archive=false, dateOutputArchive=0001-01-01T00:00:00Z, thisGroup=false, parent=78ddabe5-ca67-11e5-826c-605718cb5baa, bic=044525551, swift=ICBKRUMMXXX, name=АЙСИБИСИ БАНК (АО), corrAccount=30101810200000000551, address=СЕРЕБРЯНИЧЕСКАЯ НАБ, 29, city=Г. МОСКВА, phones=(495)2873099, country=4e127564-d74f-4dd9-bced-0327f0f4e061, countryCode=643, activityDiscontinued=false}, {guid=78ddac24-ca67-11e5-826c-605718cb5baa, archive=false, dateOutputArchive=0001-01-01T00:00:00Z, thisGroup=false, parent=78ddabe5-ca67-11e5-826c-605718cb5baa, bic=044525476, swift=CBMWRUMMXXX, name=АО &quot;МОСКОМБАНК&quot;, corrAccount=30101810245250000476, address=УЛ 1-Я ФРУНЗЕНСКАЯ, 5, city=Г. МОСКВА, phones=(495)6091919, country=4e127564-d74f-4dd9-bced-0327f0f4e061, countryCode=643, activityDiscontinued=false}, {guid=78ddac25-ca67-11e5-826c-605718cb5baa, archive=, dateOutputArchive=, thisGroup=true, parent=00000000-0000-0000-0000-000000000000, bic=00       , swift=, name=ТЕРРИТОРИЯ НЕ ОПРЕДЕЛЕНА, corrAccount=, address=, city=, phones=, country=, countryCode=, activityDiscontinued=}, {guid=78ddac26-ca67-11e5-826c-605718cb5baa, archive=false, dateOutputArchive=0001-01-01T00:00:00Z, thisGroup=false, parent=78ddac25-ca67-11e5-826c-605718cb5baa, bic=040004002, swift=, name=ПУ БАНКА РОССИИ N 67903, corrAccount=, address=П/П 67903, city=, phones=, country=4e127564-d74f-4dd9-bced-0327f0f4e061, countryCode=643, activityDiscontinued=false}, {guid=78ddac27-ca67-11e5-826c-605718cb5baa, archive=false, dateOutputArchive=0001-01-01T00:00:00Z, thisGroup=false, parent=78ddac00-ca67-11e5-826c-605718cb5baa, bic=048209788, swift=, name=ФАКБ &quot;ИНВЕСТТОРГБАНК&quot; (ПАО) &quot;МАХАЧКАЛИНСКИЙ&quot;, corrAccount=30101810400000000788, address=, city=Г. МАХАЧКАЛА, phones=, country=00000000-0000-0000-0000-000000000000, countryCode=, activityDiscontinued=true}, {guid=78ddac28-ca67-11e5-826c-605718cb5baa, archive=, dateOutputArchive=, thisGroup=true, parent=00000000-0000-0000-0000-000000000000, bic=94       , swift=, name=УДМУРТСКАЯ РЕСПУБЛИКА, corrAccount=, address=, city=, phones=, country=, countryCode=, activityDiscontinued=}, {guid=78ddac29-ca67-11e5-826c-605718cb5baa, archive=false, dateOutputArchive=0001-01-01T00:00:00Z, thisGroup=false, parent=78ddac28-ca67-11e5-826c-605718cb5baa, bic=049401825, swift=, name=КОНКУРСНЫЙ УПРАВЛЯЮЩИЙ ОАО &quot;МОБИЛБАНК&quot;, corrAccount=30101810600000000825, address=УЛ ПУШКИНСКАЯ, 268, city=Г. ИЖЕВСК, phones=(3412)908911,655104, country=4e127564-d74f-4dd9-bced-0327f0f4e061, countryCode=643, activityDiscontinued=false}]
" type="java.lang.AssertionError">
      <![CDATA[java.lang.AssertionError: 1 expectation failed.
Response body doesn't match expectation.
Expected: The content to match the given JSON schema.
error: instance type (string) does not match any allowed primitive type (allowed: ["boolean"])
    level: "error"
    schema: {"loadingURI":"file:/C:/Users/Sasha/Api/target/test-classes/getBankList.json#","pointer":"/items/properties/activityDiscontinued"}
    instance: {"pointer":"/13/activityDiscontinued"}
    domain: "validation"
    keyword: "type"
    found: "string"
    expected: ["boolean"]
error: string "" is too short (length: 0, required minimum: 1)
    level: "error"
    schema: {"loadingURI":"file:/C:/Users/Sasha/Api/target/test-classes/getBankList.json#","pointer":"/items/properties/address"}
    instance: {"pointer":"/13/address"}
    domain: "validation"
    keyword: "minLength"
    value: ""
    found: 0
    minLength: 1
error: instance type (string) does not match any allowed primitive type (allowed: ["boolean"])
    level: "error"
    schema: {"loadingURI":"file:/C:/Users/Sasha/Api/target/test-classes/getBankList.json#","pointer":"/items/properties/archive"}
    instance: {"pointer":"/13/archive"}
    domain: "validation"
    keyword: "type"
    found: "string"
    expected: ["boolean"]
error: string "" is too short (length: 0, required minimum: 1)
    level: "error"
    schema: {"loadingURI":"file:/C:/Users/Sasha/Api/target/test-classes/getBankList.json#","pointer":"/items/properties/city"}
    instance: {"pointer":"/13/city"}
    domain: "validation"
    keyword: "minLength"
    value: ""
    found: 0
    minLength: 1
error: string "" is too short (length: 0, required minimum: 20)
    level: "error"
    schema: {"loadingURI":"file:/C:/Users/Sasha/Api/target/test-classes/getBankList.json#","pointer":"/items/properties/corrAccount"}
    instance: {"pointer":"/13/corrAccount"}
    domain: "validation"
    keyword: "minLength"
    value: ""
    found: 0
    minLength: 20
error: string "" is too short (length: 0, required minimum: 36)
    level: "error"
    schema: {"loadingURI":"file:/C:/Users/Sasha/Api/target/test-classes/getBankList.json#","pointer":"/items/properties/country"}
    instance: {"pointer":"/13/country"}
    domain: "validation"
    keyword: "minLength"
    value: ""
    found: 0
    minLength: 36
error: string "" is too short (length: 0, required minimum: 3)
    level: "error"
    schema: {"loadingURI":"file:/C:/Users/Sasha/Api/target/test-classes/getBankList.json#","pointer":"/items/properties/countryCode"}
    instance: {"pointer":"/13/countryCode"}
    domain: "validation"
    keyword: "minLength"
    value: ""
    found: 0
    minLength: 3
error: string "" is too short (length: 0, required minimum: 10)
    level: "error"
    schema: {"loadingURI":"file:/C:/Users/Sasha/Api/target/test-classes/getBankList.json#","pointer":"/items/properties/dateOutputArchive"}
    instance: {"pointer":"/13/dateOutputArchive"}
    domain: "validation"
    keyword: "minLength"
    value: ""
    found: 0
    minLength: 10

  Actual: [{guid=979300ab-d82b-11e8-80bb-08002789bf51, archive=false, dateOutputArchive=0001-01-01T00:00:00Z, thisGroup=false, parent=78ddabf2-ca67-11e5-826c-605718cb5baa, bic=043601707, swift=, name=ФИЛИАЛ "САМАРСКИЙ" АО "ОТП БАНК", corrAccount=30101810722023601707, address=УЛ АВРОРЫ, 150, city=Г. САМАРА, phones=(846)3425312,3425313, country=4e127564-d74f-4dd9-bced-0327f0f4e061, countryCode=643, activityDiscontinued=false}, {guid=979300ac-d82b-11e8-80bb-08002789bf51, archive=false, dateOutputArchive=0001-01-01T00:00:00Z, thisGroup=false, parent=78ddabe1-ca67-11e5-826c-605718cb5baa, bic=044030792, swift=, name=ФИЛИАЛ "СЕВЕРО-ЗАПАДНЫЙ" "УМ-БАНК" ООО, corrAccount=30101810640300000792, address=КАМЕННООСТРОВСКИЙ ПР-Т, 61 ПОМ, city=Г. САНКТ-ПЕТЕРБУРГ, phones=(812)4560720, country=4e127564-d74f-4dd9-bced-0327f0f4e061, countryCode=643, activityDiscontinued=false}, {guid=979300ad-d82b-11e8-80bb-08002789bf51, archive=false, dateOutputArchive=0001-01-01T00:00:00Z, thisGroup=false, parent=78ddac07-ca67-11e5-826c-605718cb5baa, bic=045004711, swift=, name=Куйбышевский филиал АКБ "Ланта-Банк" (АО), corrAccount=30101810750045004711, address=КВАРТАЛ 1, ДОМ 29 "ВСТАВКА", city=Г. КУЙБЫШЕВ, phones=, country=4e127564-d74f-4dd9-bced-0327f0f4e061, countryCode=643, activityDiscontinued=false}, {guid=979300ae-d82b-11e8-80bb-08002789bf51, archive=false, dateOutputArchive=0001-01-01T00:00:00Z, thisGroup=false, parent=78ddac07-ca67-11e5-826c-605718cb5baa, bic=045004719, swift=, name=ФИЛИАЛ № 5440 БАНКА ВТБ (ПАО), corrAccount=30101810450040000719, address=УЛ ФРУНЗЕ, 232, 234, 234/1, city=Г. НОВОСИБИРСК, phones=(383)2492424,2492425, country=4e127564-d74f-4dd9-bced-0327f0f4e061, countryCode=643, activityDiscontinued=false}, {guid=979300af-d82b-11e8-80bb-08002789bf51, archive=false, dateOutputArchive=0001-01-01T00:00:00Z, thisGroup=false, parent=78ddac07-ca67-11e5-826c-605718cb5baa, bic=045004701, swift=, name=НОВОСИБИРСКИЙ ФИЛИАЛ АБ "РОССИЯ", corrAccount=30101810950040000701, address=УЛ СЕМЬИ ШАМШИНЫХ, 26, 26/1, city=Г. НОВОСИБИРСК, phones=(383)3670691,3670692, country=4e127564-d74f-4dd9-bced-0327f0f4e061, countryCode=643, activityDiscontinued=false}, {guid=979300b0-d82b-11e8-80bb-08002789bf51, archive=false, dateOutputArchive=0001-01-01T00:00:00Z, thisGroup=false, parent=78ddac09-ca67-11e5-826c-605718cb5baa, bic=046577459, swift=, name=ФИЛИАЛ "УРАЛЬСКИЙ" "УМ-БАНК" ООО, corrAccount=30101810165770000459, address=УЛ БЕЛИНСКОГО, 86, city=Г. ЕКАТЕРИНБУРГ, phones=(343)2871010,3452644, country=4e127564-d74f-4dd9-bced-0327f0f4e061, countryCode=643, activityDiscontinued=false}, {guid=979300b1-d82b-11e8-80bb-08002789bf51, archive=false, dateOutputArchive=0001-01-01T00:00:00Z, thisGroup=false, parent=78ddabe5-ca67-11e5-826c-605718cb5baa, bic=044525745, swift=VTBRRUM2MS3, name=ФИЛИАЛ № 7701 БАНКА ВТБ (ПАО), corrAccount=30101810345250000745, address=УЛ КУЗНЕЦКИЙ МОСТ, 17, СТР 1, city=Г. МОСКВА, phones=(495)9258000, country=4e127564-d74f-4dd9-bced-0327f0f4e061, countryCode=643, activityDiscontinued=false}, {guid=979300b2-d82b-11e8-80bb-08002789bf51, archive=false, dateOutputArchive=0001-01-01T00:00:00Z, thisGroup=false, parent=78ddabe9-ca67-11e5-826c-605718cb5baa, bic=042520842, swift=, name="Братский АНКБ" ПАО, corrAccount=30101810850042520842, address=УЛ. КОМСОМОЛЬСКАЯ, Д. 43, city=Г. БРАТСК, phones=, country=4e127564-d74f-4dd9-bced-0327f0f4e061, countryCode=643, activityDiscontinued=false}, {guid=979300b3-d82b-11e8-80bb-08002789bf51, archive=false, dateOutputArchive=0001-01-01T00:00:00Z, thisGroup=false, parent=78ddabe9-ca67-11e5-826c-605718cb5baa, bic=042520811, swift=, name=АО "ГРИНКОМБАНК", corrAccount=30101810950040000811, address=УЛ ФРАНК-КАМЕНЕЦКОГО, 8, city=Г. ИРКУТСК, phones=(3952)255196,240197, country=4e127564-d74f-4dd9-bced-0327f0f4e061, countryCode=643, activityDiscontinued=false}, {guid=979300b4-d82b-11e8-80bb-08002789bf51, archive=false, dateOutputArchive=0001-01-01T00:00:00Z, thisGroup=false, parent=78ddac9c-ca67-11e5-826c-605718cb5baa, bic=040407523, swift=, name=АО АИКБ "ЕНИСЕЙСКИЙ ОБЪЕДИНЕННЫЙ БАНК", corrAccount=30101810650040000523, address=УЛ КАРЛА МАРКСА, 62, city=Г. КРАСНОЯРСК, phones=(391)2770000, country=4e127564-d74f-4dd9-bced-0327f0f4e061, countryCode=643, activityDiscontinued=false}, {guid=979300b5-d82b-11e8-80bb-08002789bf51, archive=false, dateOutputArchive=0001-01-01T00:00:00Z, thisGroup=false, parent=e8b01830-ca8b-11e5-826c-605718cb5baa, bic=041403725, swift=, name=ООО "Осколбанк", corrAccount=30101810745250000725, address=Г. СТАРЫЙ ОСКОЛ, М-Н ОЛИМПИЙСК, city=Г. СТАРЫЙ ОСКОЛ, phones=, country=4e127564-d74f-4dd9-bced-0327f0f4e061, countryCode=643, activityDiscontinued=false}, {guid=979300b6-d82b-11e8-80bb-08002789bf51, archive=false, dateOutputArchive=0001-01-01T00:00:00Z, thisGroup=false, parent=78ddabe1-ca67-11e5-826c-605718cb5baa, bic=044030707, swift=VTBRRUM2SP3, name=ФИЛИАЛ № 7806 БАНКА ВТБ (ПАО), corrAccount=30101810240300000707, address=УЛ Б. МОРСКАЯ, 29 ЛИТ А, city=Г. САНКТ-ПЕТЕРБУРГ, phones=(812)3241214, country=4e127564-d74f-4dd9-bced-0327f0f4e061, countryCode=643, activityDiscontinued=false}, {guid=979300b7-d82b-11e8-80bb-08002789bf51, archive=false, dateOutputArchive=0001-01-01T00:00:00Z, thisGroup=false, parent=78ddac09-ca67-11e5-826c-605718cb5baa, bic=046577916, swift=, name=ФИЛИАЛ "НОВОУРАЛЬСКИЙ" ПАО КБ "УБРИР", corrAccount=30101810365770000916, address=УЛ ДЗЕРЖИНСКОГО, 16, city=Г. НОВОУРАЛЬСК, phones=(34370)25591, country=4e127564-d74f-4dd9-bced-0327f0f4e061, countryCode=643, activityDiscontinued=false}, {guid=78ddabd9-ca67-11e5-826c-605718cb5baa, archive=, dateOutputArchive=, thisGroup=true, parent=00000000-0000-0000-0000-000000000000, bic=90       , swift=, name=РЕСПУБЛИКА СЕВЕРНАЯ ОСЕТИЯ-АЛАНИЯ, corrAccount=, address=, city=, phones=, country=, countryCode=, activityDiscontinued=}, {guid=979300b8-d82b-11e8-80bb-08002789bf51, archive=false, dateOutputArchive=0001-01-01T00:00:00Z, thisGroup=false, parent=78ddabdf-ca67-11e5-826c-605718cb5baa, bic=049246691, swift=, name=АБ "ДЕВОН-КРЕДИТ" (ПАО), corrAccount=30101810722029246691, address=УЛ ЛЕНИНА, 77, city=Г. АЛЬМЕТЬЕВСК, phones=(8553)456777, country=4e127564-d74f-4dd9-bced-0327f0f4e061, countryCode=643, activityDiscontinued=false}, {guid=979300b9-d82b-11e8-80bb-08002789bf51, archive=false, dateOutputArchive=0001-01-01T00:00:00Z, thisGroup=false, parent=78ddabe5-ca67-11e5-826c-605718cb5baa, bic=044525806, swift=, name=ФИЛИАЛ "МОСКОВСКИЙ" КБ "СПУТНИК" (ПАО), corrAccount=30101810145250000806, address=ЛЯЛИН ПЕР, 19-1, city=Г. МОСКВА, phones=(495)5891084, country=4e127564-d74f-4dd9-bced-0327f0f4e061, countryCode=643, activityDiscontinued=false}, {guid=979300ba-d82b-11e8-80bb-08002789bf51, archive=false, dateOutputArchive=0001-01-01T00:00:00Z, thisGroup=false, parent=78ddaccd-ca67-11e5-826c-605718cb5baa, bic=045209702, swift=, name=АО "ИТ Банк", corrAccount=30101810750045209702, address=УЛ. ДУМСКАЯ, 7, city=Г. ОМСК, phones=, country=4e127564-d74f-4dd9-bced-0327f0f4e061, countryCode=643, activityDiscontinued=false}, {guid=979300bb-d82b-11e8-80bb-08002789bf51, archive=false, dateOutputArchive=0001-01-01T00:00:00Z, thisGroup=false, parent=78ddaccd-ca67-11e5-826c-605718cb5baa, bic=045209701, swift=, name=АО "Эксперт Банк", corrAccount=30101810450045209701, address=УЛ. МАРШАЛА ЖУКОВА, ДОМ 107, city=Г. ОМСК, phones=, country=4e127564-d74f-4dd9-bced-0327f0f4e061, countryCode=643, activityDiscontinued=false}, {guid=979300bc-d82b-11e8-80bb-08002789bf51, archive=false, dateOutputArchive=0001-01-01T00:00:00Z, thisGroup=false, parent=78ddac09-ca67-11e5-826c-605718cb5baa, bic=046577743, swift=, name=ФИЛИАЛ "ДЕЛО" ПАО "СКБ-БАНК", corrAccount=30101810965770000743, address=УЛ КУЙБЫШЕВА, 58, city=Г. ЕКАТЕРИНБУРГ, phones=(343)3557000, country=4e127564-d74f-4dd9-bced-0327f0f4e061, countryCode=643, activityDiscontinued=false}, {guid=979300bd-d82b-11e8-80bb-08002789bf51, archive=false, dateOutputArchive=0001-01-01T00:00:00Z, thisGroup=false, parent=78ddaccd-ca67-11e5-826c-605718cb5baa, bic=045209703, swift=, name=КУ АО "Мираф-Банк" - ГК "АСВ", corrAccount=30101810050045209703, address=УЛ. ФРУНЗЕ, Д.54, city=Г. ОМСК, phones=, country=4e127564-d74f-4dd9-bced-0327f0f4e061, countryCode=643, activityDiscontinued=false}, {guid=9d8e68cb-d82b-11e8-80bb-08002789bf51, archive=false, dateOutputArchive=0001-01-01T00:00:00Z, thisGroup=false, parent=78ddac21-ca67-11e5-826c-605718cb5baa, bic=042202761, swift=, name=Ф. АКБ "ФОРА-БАНК" (АО) В Г. НИЖНИЙ НОВГОРОД, corrAccount=30101810822020000761, address=УЛ КОВАЛИХИНСКАЯ, 8, city=Г. НИЖНИЙ НОВГОРОД, phones=(831)2161801,2161802, country=4e127564-d74f-4dd9-bced-0327f0f4e061, countryCode=643, activityDiscontinued=false}, {guid=9d8e68cc-d82b-11e8-80bb-08002789bf51, archive=false, dateOutputArchive=0001-01-01T00:00:00Z, thisGroup=false, parent=78ddac67-ca67-11e5-826c-605718cb5baa, bic=045773804, swift=, name=ФИЛИАЛ "ЛЫСЬВА" АО АКБ "АЛЕФ-БАНК", corrAccount=30101810965775700804, address=ПОЖАРСКОГО, Д.8, city=Г. ЛЫСЬВА, phones=, country=4e127564-d74f-4dd9-bced-0327f0f4e061, countryCode=643, activityDiscontinued=false}, {guid=9d8e68cd-d82b-11e8-80bb-08002789bf51, archive=false, dateOutputArchive=0001-01-01T00:00:00Z, thisGroup=false, parent=78ddac21-ca67-11e5-826c-605718cb5baa, bic=042202717, swift=, name=ФИЛИАЛ №10 ПАО КБ "ЦЕНТР-ИНВЕСТ", corrAccount=30101810122020000717, address=УЛ КОМИНТЕРНА, 139, city=Г. НИЖНИЙ НОВГОРОД, phones=(831)4391708, country=4e127564-d74f-4dd9-bced-0327f0f4e061, countryCode=643, activityDiscontinued=false}, {guid=9d8e68ce-d82b-11e8-80bb-08002789bf51, archive=false, dateOutputArchive=0001-01-01T00:00:00Z, thisGroup=false, parent=78ddac21-ca67-11e5-826c-605718cb5baa, bic=042202716, swift=, name=НИЖЕГОРОДСКИЙ Ф БАНКА"ВОЗРОЖДЕНИЕ"(ПАО), corrAccount=30101810822020000716, address=УЛ БЕЛИНСКОГО, 106 А, city=Г. НИЖНИЙ НОВГОРОД, phones=(831)2787662,2783935, country=4e127564-d74f-4dd9-bced-0327f0f4e061, countryCode=643, activityDiscontinued=false}, {guid=9d8e68cf-d82b-11e8-80bb-08002789bf51, archive=false, dateOutputArchive=0001-01-01T00:00:00Z, thisGroup=false, parent=78ddac21-ca67-11e5-826c-605718cb5baa, bic=042202712, swift=, name=НИЖЕГОРОДСКИЙ ФИЛИАЛ АКБ "ЛАНТА-БАНК" (АО), corrAccount=30101810622020000712, address=МЕЩЕРСКИЙ Б-Р, 3, К 1, city=Г. НИЖНИЙ НОВГОРОД, phones=(831)2208322,2208320, country=4e127564-d74f-4dd9-bced-0327f0f4e061, countryCode=643, activityDiscontinued=false}, {guid=9d8e68d0-d82b-11e8-80bb-08002789bf51, archive=false, dateOutputArchive=0001-01-01T00:00:00Z, thisGroup=false, parent=78ddac17-ca67-11e5-826c-605718cb5baa, bic=046015707, swift=, name=ВОЛГОДОНСКИЙ ф Банка "Возрождение" (ПАО), corrAccount=30101810060150000707, address=БУЛ. ВЕЛИКОЙ ПОБЕДЫ, ДОМ №38А, city=Г. ВОЛГОДОНСК, phones=, country=4e127564-d74f-4dd9-bced-0327f0f4e061, countryCode=643, activityDiscontinued=false}, {guid=9d8e68d1-d82b-11e8-80bb-08002789bf51, archive=false, dateOutputArchive=0001-01-01T00:00:00Z, thisGroup=false, parent=78ddac21-ca67-11e5-826c-605718cb5baa, bic=042202718, swift=, name=ПАО "САРОВБИЗНЕСБАНК", corrAccount=30101810422020000718, address=УЛ СИЛКИНА, 13, city=Г. САРОВ, phones=(831)4307478,(83130)33640, country=4e127564-d74f-4dd9-bced-0327f0f4e061, countryCode=643, activityDiscontinued=false}, {guid=9d8e68d2-d82b-11e8-80bb-08002789bf51, archive=false, dateOutputArchive=0001-01-01T00:00:00Z, thisGroup=false, parent=78ddac21-ca67-11e5-826c-605718cb5baa, bic=042202727, swift=, name=ПАО КОМБАНК "ХИМИК", corrAccount=30101810222020000727, address=УЛ УРИЦКОГО, 10 Б, city=Г. ДЗЕРЖИНСК, phones=(8313)261608,251126, country=4e127564-d74f-4dd9-bced-0327f0f4e061, countryCode=643, activityDiscontinued=false}, {guid=9d8e68d3-d82b-11e8-80bb-08002789bf51, archive=false, dateOutputArchive=0001-01-01T00:00:00Z, thisGroup=false, parent=78ddabe5-ca67-11e5-826c-605718cb5baa, bic=044525420, swift=, name=Ф РОКЕТБАНК КИВИ БАНК (АО), corrAccount=30101810945250000420, address=УЛ ПАЛИХА, 10, СТР 5, city=Г. МОСКВА, phones=(495)2313645, country=4e127564-d74f-4dd9-bced-0327f0f4e061, countryCode=643, activityDiscontinued=false}, {guid=78ddabda-ca67-11e5-826c-605718cb5baa, archive=false, dateOutputArchive=0001-01-01T00:00:00Z, thisGroup=false, parent=78ddabd9-ca67-11e5-826c-605718cb5baa, bic=049033736, swift=, name=СКФ ПАО АКБ "ИРОНБАНК", corrAccount=30101810800000000736, address=, city=Г. ВЛАДИКАВКАЗ, phones=, country=00000000-0000-0000-0000-000000000000, countryCode=, activityDiscontinued=true}, {guid=9d8e68d4-d82b-11e8-80bb-08002789bf51, archive=false, dateOutputArchive=0001-01-01T00:00:00Z, thisGroup=false, parent=78ddac21-ca67-11e5-826c-605718cb5baa, bic=042202731, swift=, name=АО КОМБАНК "АРЗАМАС", corrAccount=30101810522020000731, address=УЛ КИРОВА, 33, city=Г. АРЗАМАС, phones=(83147)70224,70177, country=4e127564-d74f-4dd9-bced-0327f0f4e061, countryCode=643, activityDiscontinued=false}, {guid=9d8e68d5-d82b-11e8-80bb-08002789bf51, archive=false, dateOutputArchive=0001-01-01T00:00:00Z, thisGroup=false, parent=78ddabe5-ca67-11e5-826c-605718cb5baa, bic=044525864, swift=, name=МОСКОВСКИЙ ФИЛИАЛ АО АКБ "ГАЗБАНК", corrAccount=30101810145250000864, address=УЛ БРЯНСКАЯ, 5, city=Г. МОСКВА, phones=(495)3639438, country=4e127564-d74f-4dd9-bced-0327f0f4e061, countryCode=643, activityDiscontinued=true}, {guid=9d8e68d6-d82b-11e8-80bb-08002789bf51, archive=false, dateOutputArchive=0001-01-01T00:00:00Z, thisGroup=false, parent=78ddabe5-ca67-11e5-826c-605718cb5baa, bic=044525797, swift=, name=Ф ТОЧКА БАНК КИВИ БАНК (АО), corrAccount=30101810445250000797, address=УЛ СПИРИДОНОВКА, 4, СТР 2, city=Г. МОСКВА, phones=(495)2313645, country=4e127564-d74f-4dd9-bced-0327f0f4e061, countryCode=643, activityDiscontinued=false}, {guid=9d8e68d7-d82b-11e8-80bb-08002789bf51, archive=false, dateOutputArchive=0001-01-01T00:00:00Z, thisGroup=false, parent=78ddac9c-ca67-11e5-826c-605718cb5baa, bic=040407404, swift=, name=ФПАО "ДАЛЬНЕВОСТОЧНЫЙ БАНК" "КРАСНОЯРСКИЙ", corrAccount=30101810850040000404, address=УЛ МОЛОКОВА, 1, К 4, city=Г. КРАСНОЯРСК, phones=(391)2773071, country=4e127564-d74f-4dd9-bced-0327f0f4e061, countryCode=643, activityDiscontinued=false}, {guid=9d8e68d8-d82b-11e8-80bb-08002789bf51, archive=false, dateOutputArchive=0001-01-01T00:00:00Z, thisGroup=false, parent=78ddad0a-ca67-11e5-826c-605718cb5baa, bic=047144778, swift=, name=СФ АО БАНК "СНГБ", corrAccount=30101810165777100778, address=УЛ ГУБКИНА, 15 А, city=Г. СУРГУТ, phones=(3462)398700, country=4e127564-d74f-4dd9-bced-0327f0f4e061, countryCode=643, activityDiscontinued=false}, {guid=9d8e68d9-d82b-11e8-80bb-08002789bf51, archive=false, dateOutputArchive=0001-01-01T00:00:00Z, thisGroup=false, parent=78ddabf2-ca67-11e5-826c-605718cb5baa, bic=043601968, swift=VTBRRUM2SA3, name=ФИЛИАЛ № 6318 БАНКА ВТБ (ПАО), corrAccount=30101810422023601968, address=УЛ МОЛОДОГВАРДЕЙСКАЯ, 204, city=Г. САМАРА, phones=(846)2696824,2696834, country=4e127564-d74f-4dd9-bced-0327f0f4e061, countryCode=643, activityDiscontinued=false}, {guid=9d8e68da-d82b-11e8-80bb-08002789bf51, archive=false, dateOutputArchive=0001-01-01T00:00:00Z, thisGroup=false, parent=78ddabf2-ca67-11e5-826c-605718cb5baa, bic=043601975, swift=, name=ООО "РУСФИНАНС БАНК", corrAccount=30101810622023601975, address=УЛ ЧЕРНОРЕЧЕНСКАЯ, 42 А, city=Г. САМАРА, phones=(846)2696911,2694411, country=4e127564-d74f-4dd9-bced-0327f0f4e061, countryCode=643, activityDiscontinued=false}, {guid=9d8e68db-d82b-11e8-80bb-08002789bf51, archive=false, dateOutputArchive=0001-01-01T00:00:00Z, thisGroup=false, parent=78ddabf7-ca67-11e5-826c-605718cb5baa, bic=045354880, swift=, name=ГК "АСВ" - КУ АО "НСТ-БАНК", corrAccount=30101810265775300880, address=ВИЛОНОВСКАЯ УЛ, 138, city=Г. САМАРА, phones=, country=4e127564-d74f-4dd9-bced-0327f0f4e061, countryCode=643, activityDiscontinued=false}, {guid=9d8e68dc-d82b-11e8-80bb-08002789bf51, archive=false, dateOutputArchive=0001-01-01T00:00:00Z, thisGroup=false, parent=78ddabe7-ca67-11e5-826c-605718cb5baa, bic=040507595, swift=, name=АО "СОЛИД БАНК", corrAccount=30101810205070000595, address=УЛ АДМИРАЛА ФОКИНА, 25, city=Г. ВЛАДИВОСТОК, phones=(423)2265722,(423)2469293, country=4e127564-d74f-4dd9-bced-0327f0f4e061, countryCode=643, activityDiscontinued=false}, {guid=9d8e68dd-d82b-11e8-80bb-08002789bf51, archive=false, dateOutputArchive=0001-01-01T00:00:00Z, thisGroup=false, parent=78ddabe1-ca67-11e5-826c-605718cb5baa, bic=044030830, swift=, name=СПБ. Ф. АО БАНК "НАЦИОНАЛЬНЫЙ СТАНДАРТ", corrAccount=30101810340300000830, address=УЛ. ЧАЙКОВСКОГО, Д. 39, ЛИТ А, city=Г. САНКТ-ПЕТЕРБУРГ, phones=(812)4493155, country=4e127564-d74f-4dd9-bced-0327f0f4e061, countryCode=643, activityDiscontinued=false}, {guid=9d8e68de-d82b-11e8-80bb-08002789bf51, archive=false, dateOutputArchive=0001-01-01T00:00:00Z, thisGroup=false, parent=78ddabeb-ca67-11e5-826c-605718cb5baa, bic=040708735, swift=, name=ФИЛИАЛ В Г. ЕССЕНТУКИ АКБ "ЛАНТА-БАНК" (АО), corrAccount=30101810007080000735, address=УЛ СОВЕТСКАЯ, 20 Б, city=Г. ЕССЕНТУКИ, phones=(87934)54547,54371, country=4e127564-d74f-4dd9-bced-0327f0f4e061, countryCode=643, activityDiscontinued=false}, {guid=9d8e68df-d82b-11e8-80bb-08002789bf51, archive=false, dateOutputArchive=0001-01-01T00:00:00Z, thisGroup=false, parent=78ddac72-ca67-11e5-826c-605718cb5baa, bic=041806745, swift=, name=Урюпинский филиал ПАО КБ "Сельмашбанк", corrAccount=30101810518060000745, address=УЛ. ШТЕМЕНКО, 47/3, city=Г. УРЮПИНСК, phones=, country=4e127564-d74f-4dd9-bced-0327f0f4e061, countryCode=643, activityDiscontinued=false}, {guid=9d8e68e0-d82b-11e8-80bb-08002789bf51, archive=false, dateOutputArchive=0001-01-01T00:00:00Z, thisGroup=false, parent=78ddac72-ca67-11e5-826c-605718cb5baa, bic=041806730, swift=, name=Ликвидатор АО КБ "Михайловский ПЖСБ", corrAccount=30101810918060000730, address=УЛИЦА ОБОРОНЫ, 44 "А", city=Г. МИХАЙЛОВКА, phones=, country=4e127564-d74f-4dd9-bced-0327f0f4e061, countryCode=643, activityDiscontinued=false}, {guid=9d8e68e1-d82b-11e8-80bb-08002789bf51, archive=false, dateOutputArchive=0001-01-01T00:00:00Z, thisGroup=false, parent=78ddabe5-ca67-11e5-826c-605718cb5baa, bic=044525941, swift=, name="УМ-БАНК" ООО, corrAccount=30101810945250000941, address=УЛ Б. ОРДЫНКА, 59, СТР 2, city=Г. МОСКВА, phones=(495)2123020, country=4e127564-d74f-4dd9-bced-0327f0f4e061, countryCode=643, activityDiscontinued=false}, {guid=9d8e68e2-d82b-11e8-80bb-08002789bf51, archive=false, dateOutputArchive=0001-01-01T00:00:00Z, thisGroup=false, parent=78ddac72-ca67-11e5-826c-605718cb5baa, bic=041806717, swift=, name=ЮЖНЫЙ ФИЛИАЛ АО БАНК "НАЦИОНАЛЬНЫЙ СТАНДАРТ", corrAccount=30101810818060000717, address=УЛ ИМ. ГАГАРИНА, 7, city=Г. ВОЛГОГРАД, phones=(8442)995000, country=4e127564-d74f-4dd9-bced-0327f0f4e061, countryCode=643, activityDiscontinued=true}, {guid=78ddabdb-ca67-11e5-826c-605718cb5baa, archive=, dateOutputArchive=, thisGroup=true, parent=00000000-0000-0000-0000-000000000000, bic=32       , swift=, name=КЕМЕРОВСКАЯ ОБЛАСТЬ, corrAccount=, address=, city=, phones=, country=, countryCode=, activityDiscontinued=}, {guid=a38a1a95-d82b-11e8-80bb-08002789bf51, archive=false, dateOutputArchive=0001-01-01T00:00:00Z, thisGroup=false, parent=78ddac17-ca67-11e5-826c-605718cb5baa, bic=046015846, swift=, name=КУ ОАО КБ "МАКСИМУМ" - ГК "АСВ", corrAccount=30101810060150000846, address=УЛ. ВЫСОЦКОГО, Д.4, city=Г. МОСКВА, phones=, country=4e127564-d74f-4dd9-bced-0327f0f4e061, countryCode=643, activityDiscontinued=false}, {guid=a38a1a96-d82b-11e8-80bb-08002789bf51, archive=false, dateOutputArchive=0001-01-01T00:00:00Z, thisGroup=false, parent=78ddac14-ca67-11e5-826c-605718cb5baa, bic=047601205, swift=, name=ООО КБ "ЦЕНТРАЛЬНО-ЕВРОПЕЙСКИЙ БАНК", corrAccount=30101810950040000205, address=УЛ БАБУШКИНА, 108, city=Г. ЧИТА, phones=(3022)211502, country=4e127564-d74f-4dd9-bced-0327f0f4e061, countryCode=643, activityDiscontinued=false}, {guid=78ddabf7-ca67-11e5-826c-605718cb5baa, archive=, dateOutputArchive=, thisGroup=true, parent=00000000-0000-0000-0000-000000000000, bic=53       , swift=, name=ОРЕНБУРГСКАЯ ОБЛАСТЬ, corrAccount=, address=, city=, phones=, country=, countryCode=, activityDiscontinued=}, {guid=a38a1a97-d82b-11e8-80bb-08002789bf51, archive=false, dateOutputArchive=0001-01-01T00:00:00Z, thisGroup=false, parent=78ddac17-ca67-11e5-826c-605718cb5baa, bic=046015835, swift=, name=КУ ООО "РУССКИЙ НАЦИОНАЛЬНЫЙ БАНК" - ГК "АСВ", corrAccount=30101810660150000835, address=УЛ ВЫСОЦКОГО, 4 ТЕЛ.(495)96125, city=Г. МОСКВА, phones=(863)2999413,2999418, country=4e127564-d74f-4dd9-bced-0327f0f4e061, countryCode=643, activityDiscontinued=false}, {guid=a38a1a98-d82b-11e8-80bb-08002789bf51, archive=false, dateOutputArchive=0001-01-01T00:00:00Z, thisGroup=false, parent=78ddabe5-ca67-11e5-826c-605718cb5baa, bic=044525535, swift=, name=КУ АБ "АЛДАНЗОЛОТОБАНК" АО - ГК "АСВ", corrAccount=30101810445250000535, address=УЛ. ВЫСОЦКОГО, Д. 4, city=Г. МОСКВА, phones=, country=4e127564-d74f-4dd9-bced-0327f0f4e061, countryCode=643, activityDiscontinued=false}, {guid=a38a1a99-d82b-11e8-80bb-08002789bf51, archive=false, dateOutputArchive=0001-01-01T00:00:00Z, thisGroup=false, parent=78ddac21-ca67-11e5-826c-605718cb5baa, bic=042202812, swift=, name=ВЫКСУНСКИЙ Ф-Л ПАО АКБ "МЕТАЛЛИНВЕСТБАНК", corrAccount=30101810522020000812, address=ПЛ ОКТЯБРЬСКОЙ РЕВОЛЮЦИИ, 48, city=Г. ВЫКСА, phones=(83177)35825,31157, country=4e127564-d74f-4dd9-bced-0327f0f4e061, countryCode=643, activityDiscontinued=false}, {guid=a38a1a9a-d82b-11e8-80bb-08002789bf51, archive=false, dateOutputArchive=0001-01-01T00:00:00Z, thisGroup=false, parent=78ddac07-ca67-11e5-826c-605718cb5baa, bic=045004893, swift=, name=НОВОСИБИРСКИЙ Ф-Л НКО "ИНКАХРАН"(АО), corrAccount=30103810950040000893, address=УЛ 2-Я СОЮЗА МОЛОДЕЖИ, 31, city=Г. НОВОСИБИРСК, phones=(383)2260797,2269768, country=4e127564-d74f-4dd9-bced-0327f0f4e061, countryCode=643, activityDiscontinued=false}, {guid=a38a1a9b-d82b-11e8-80bb-08002789bf51, archive=false, dateOutputArchive=0001-01-01T00:00:00Z, thisGroup=false, parent=78ddac07-ca67-11e5-826c-605718cb5baa, bic=045004883, swift=, name=СИБИРСКИЙ ФИЛИАЛ АО "БАНК ИНТЕЗА", corrAccount=30101810250040000883, address=УЛ ОКТЯБРЬСКАЯ, 49, city=Г. НОВОСИБИРСК, phones=(383)2278193, country=4e127564-d74f-4dd9-bced-0327f0f4e061, countryCode=643, activityDiscontinued=false}, {guid=a38a1a9c-d82b-11e8-80bb-08002789bf51, archive=false, dateOutputArchive=0001-01-01T00:00:00Z, thisGroup=false, parent=78ddac07-ca67-11e5-826c-605718cb5baa, bic=045004876, swift=, name=НОВОСИБИРСКИЙ ФИЛИАЛ ПАО "МТС-БАНК", corrAccount=30101810050040000876, address=УЛ. НИЖЕГОРОДСКАЯ, 4, city=Г. НОВОСИБИРСК, phones=(383)3251781, country=4e127564-d74f-4dd9-bced-0327f0f4e061, countryCode=643, activityDiscontinued=false}, {guid=a38a1a9d-d82b-11e8-80bb-08002789bf51, archive=false, dateOutputArchive=0001-01-01T00:00:00Z, thisGroup=false, parent=78ddac07-ca67-11e5-826c-605718cb5baa, bic=045004861, swift=, name=ФИЛИАЛ ООО "ЭКСПОБАНК" В Г.НОВОСИБИРСКЕ, corrAccount=30101810450040000861, address=КРАСНЫЙ ПР-Т, 25, city=Г. НОВОСИБИРСК, phones=(383)2105207, country=4e127564-d74f-4dd9-bced-0327f0f4e061, countryCode=643, activityDiscontinued=false}, {guid=a38a1a9e-d82b-11e8-80bb-08002789bf51, archive=false, dateOutputArchive=0001-01-01T00:00:00Z, thisGroup=false, parent=78ddac07-ca67-11e5-826c-605718cb5baa, bic=045004864, swift=, name=СИБИРСКИЙ ФИЛИАЛ АО КБ "МОДУЛЬБАНК", corrAccount=30101810350040000864, address=УЛ ПЛАНЕТНАЯ, 30, city=Г. НОВОСИБИРСК, phones=(383)3250606,3251575, country=4e127564-d74f-4dd9-bced-0327f0f4e061, countryCode=643, activityDiscontinued=false}, {guid=a38a1a9f-d82b-11e8-80bb-08002789bf51, archive=false, dateOutputArchive=0001-01-01T00:00:00Z, thisGroup=false, parent=78ddabf2-ca67-11e5-826c-605718cb5baa, bic=043601875, swift=, name=САМАРСКИЙ ФИЛИАЛ ТКБ БАНК ПАО, corrAccount=30101810722023601875, address=УЛ СТАРА ЗАГОРА, 52, city=Г. САМАРА, phones=(846)9338233,2280135, country=4e127564-d74f-4dd9-bced-0327f0f4e061, countryCode=643, activityDiscontinued=false}, {guid=a38a1aa0-d82b-11e8-80bb-08002789bf51, archive=false, dateOutputArchive=0001-01-01T00:00:00Z, thisGroup=false, parent=78ddabf2-ca67-11e5-826c-605718cb5baa, bic=043601845, swift=, name=САМАРСКИЙ ФИЛИАЛ БАНКА СОЮЗ (АО), corrAccount=30101810422023601845, address=УЛ КРАСНОАРМЕЙСКАЯ, 75, city=Г. САМАРА, phones=(846)2311251,2311259, country=4e127564-d74f-4dd9-bced-0327f0f4e061, countryCode=643, activityDiscontinued=false}, {guid=a38a1aa1-d82b-11e8-80bb-08002789bf51, archive=false, dateOutputArchive=0001-01-01T00:00:00Z, thisGroup=false, parent=78ddabf2-ca67-11e5-826c-605718cb5baa, bic=043601842, swift=, name=АО КБ "НИБ", corrAccount=30101810522023601842, address=УЛ ФРУНЗЕ, 102, city=Г. САМАРА, phones=(846)3425750,3425751, country=4e127564-d74f-4dd9-bced-0327f0f4e061, countryCode=643, activityDiscontinued=false}, {guid=a38a1aa2-d82b-11e8-80bb-08002789bf51, archive=false, dateOutputArchive=0001-01-01T00:00:00Z, thisGroup=false, parent=78ddac2f-ca67-11e5-826c-605718cb5baa, bic=040813708, swift=, name=ХАБАРОВСКИЙ ФИЛИАЛ ТКБ БАНК ПАО, corrAccount=30101810108130000708, address=УЛ КОМСОМОЛЬСКАЯ, 102, city=Г. ХАБАРОВСК, phones=(4212)910702, country=4e127564-d74f-4dd9-bced-0327f0f4e061, countryCode=643, activityDiscontinued=false}, {guid=78ddac1c-ca67-11e5-826c-605718cb5baa, archive=false, dateOutputArchive=0001-01-01T00:00:00Z, thisGroup=false, parent=78ddabe5-ca67-11e5-826c-605718cb5baa, bic=044525150, swift=, name=ФИЛИАЛ "МОСКОВСКИЙ" АО "ФИА-БАНК", corrAccount=30101810545250000150, address=, city=Г. МОСКВА, phones=, country=00000000-0000-0000-0000-000000000000, countryCode=, activityDiscontinued=true}, {guid=a38a1aa3-d82b-11e8-80bb-08002789bf51, archive=false, dateOutputArchive=0001-01-01T00:00:00Z, thisGroup=false, parent=78ddac2f-ca67-11e5-826c-605718cb5baa, bic=040813713, swift=VTBRRUM2KH3, name=ФИЛИАЛ № 2754 БАНКА ВТБ (ПАО), corrAccount=30101810708130000713, address=УЛ МУРАВЬЁВА-АМУРСКОГО, 18, city=Г. ХАБАРОВСК, phones=(4212)455455, country=4e127564-d74f-4dd9-bced-0327f0f4e061, countryCode=643, activityDiscontinued=false}, {guid=a38a1aa4-d82b-11e8-80bb-08002789bf51, archive=false, dateOutputArchive=0001-01-01T00:00:00Z, thisGroup=false, parent=78ddac09-ca67-11e5-826c-605718cb5baa, bic=046577501, swift=VTBRRUM2EK3, name=ФИЛИАЛ № 6602 БАНКА ВТБ (ПАО), corrAccount=30101810165770000501, address=ПР-Т ЛЕНИНА, 27, city=Г. ЕКАТЕРИНБУРГ, phones=(343)3862400, country=4e127564-d74f-4dd9-bced-0327f0f4e061, countryCode=643, activityDiscontinued=false}, {guid=a38a1aa5-d82b-11e8-80bb-08002789bf51, archive=false, dateOutputArchive=0001-01-01T00:00:00Z, thisGroup=false, parent=78ddac09-ca67-11e5-826c-605718cb5baa, bic=046577507, swift=, name=ЕКАТЕРИНБУРГСКИЙ ФИЛИАЛ АБ "РОССИЯ", corrAccount=30101810965770000507, address=УЛ МАМИНА-СИБИРЯКА, 145, city=Г. ЕКАТЕРИНБУРГ, phones=(343)2863760, country=4e127564-d74f-4dd9-bced-0327f0f4e061, countryCode=643, activityDiscontinued=false}, {guid=a38a1aa6-d82b-11e8-80bb-08002789bf51, archive=false, dateOutputArchive=0001-01-01T00:00:00Z, thisGroup=false, parent=78ddabf2-ca67-11e5-826c-605718cb5baa, bic=043601811, swift=, name=ООО "ЗЕМСКИЙ БАНК", corrAccount=30101810922023601811, address=УЛ УЛЬЯНОВСКАЯ, 79, city=Г. СЫЗРАНЬ, phones=(8464)985454, country=4e127564-d74f-4dd9-bced-0327f0f4e061, countryCode=643, activityDiscontinued=false}, {guid=a38a1aa7-d82b-11e8-80bb-08002789bf51, archive=false, dateOutputArchive=0001-01-01T00:00:00Z, thisGroup=false, parent=78ddabfd-ca67-11e5-826c-605718cb5baa, bic=046311890, swift=, name=АО "БАЛАКОВО-БАНК", corrAccount=30101810022026311890, address=УЛ ФАКЕЛ СОЦИАЛИЗМА, 21, city=Г. БАЛАКОВО, phones=(8453)444166,447007, country=4e127564-d74f-4dd9-bced-0327f0f4e061, countryCode=643, activityDiscontinued=false}, {guid=a38a1aa8-d82b-11e8-80bb-08002789bf51, archive=false, dateOutputArchive=0001-01-01T00:00:00Z, thisGroup=false, parent=78ddabe5-ca67-11e5-826c-605718cb5baa, bic=044525641, swift=, name=ФИЛИАЛ 1 ООО КБ "ЦЕНТРАЛЬНО-ЕВРОПЕЙСКИЙ БАНК", corrAccount=30101810245250000641, address=ПРОЕКТ-Й 4062Й ПР-Д, 6, СТР 16, city=Г. МОСКВА, phones=(495)6625665, country=4e127564-d74f-4dd9-bced-0327f0f4e061, countryCode=643, activityDiscontinued=false}, {guid=a38a1aa9-d82b-11e8-80bb-08002789bf51, archive=false, dateOutputArchive=0001-01-01T00:00:00Z, thisGroup=false, parent=78ddac17-ca67-11e5-826c-605718cb5baa, bic=046015946, swift=, name=ПАО "ТАГАНРОГБАНК", corrAccount=30101810960150000946, address=УЛ. ГРЕЧЕСКАЯ, 71 ТЕЛ.(8634)31, city=Г. ТАГАНРОГ, phones=, country=4e127564-d74f-4dd9-bced-0327f0f4e061, countryCode=643, activityDiscontinued=false}, {guid=a38a1aaa-d82b-11e8-80bb-08002789bf51, archive=false, dateOutputArchive=0001-01-01T00:00:00Z, thisGroup=false, parent=78ddabe5-ca67-11e5-826c-605718cb5baa, bic=044525646, swift=, name=НКО НКЦ (АО), corrAccount=30103810345250000646, address=Б. КИСЛОВСКИЙ ПЕР, 13, city=Г. МОСКВА, phones=(495)7829794, country=4e127564-d74f-4dd9-bced-0327f0f4e061, countryCode=643, activityDiscontinued=false}, {guid=a38a1aab-d82b-11e8-80bb-08002789bf51, archive=false, dateOutputArchive=0001-01-01T00:00:00Z, thisGroup=false, parent=78ddac07-ca67-11e5-826c-605718cb5baa, bic=045004841, swift=, name=НОВОСИБИРСКИЙ ФИЛИАЛ ТКБ БАНК ПАО, corrAccount=30101810250040000841, address=УЛ КОММУНИСТИЧЕСКАЯ, 35, city=Г. НОВОСИБИРСК, phones=(383)3252500,3252660, country=4e127564-d74f-4dd9-bced-0327f0f4e061, countryCode=643, activityDiscontinued=false}, {guid=a38a1aac-d82b-11e8-80bb-08002789bf51, archive=false, dateOutputArchive=0001-01-01T00:00:00Z, thisGroup=false, parent=78ddac07-ca67-11e5-826c-605718cb5baa, bic=045004846, swift=, name=Ф-Л "НОВОСИБИРСК" АКБ "РОСЕВРОБАНК" (АО), corrAccount=30101810750040000846, address=УЛ ФРУНЗЕ, 5, city=Г. НОВОСИБИРСК, phones=(383)2020750, country=4e127564-d74f-4dd9-bced-0327f0f4e061, countryCode=643, activityDiscontinued=false}, {guid=a38a1aad-d82b-11e8-80bb-08002789bf51, archive=false, dateOutputArchive=0001-01-01T00:00:00Z, thisGroup=false, parent=78ddac07-ca67-11e5-826c-605718cb5baa, bic=045004845, swift=, name=ФИЛИАЛ "НОВОСИБИРСКИЙ" ПАО КБ "УБРИР", corrAccount=30101810450040000845, address=УЛ ВОКЗАЛЬНАЯ МАГИСТРАЛЬ, 1, city=Г. НОВОСИБИРСК, phones=(383)2201141,2201181, country=4e127564-d74f-4dd9-bced-0327f0f4e061, countryCode=643, activityDiscontinued=false}, {guid=a38a1aae-d82b-11e8-80bb-08002789bf51, archive=false, dateOutputArchive=0001-01-01T00:00:00Z, thisGroup=false, parent=78ddac07-ca67-11e5-826c-605718cb5baa, bic=045004833, swift=, name=НОВОСИБИРСКИЙ ФИЛИАЛ ООО "БАНК БКФ", corrAccount=30101810750040000833, address=ПР-Т ДИМИТРОВА, 4/1, city=Г. НОВОСИБИРСК, phones=(383)3191118,3191116, country=4e127564-d74f-4dd9-bced-0327f0f4e061, countryCode=643, activityDiscontinued=false}, {guid=aaaf21b4-d82b-11e8-80bb-08002789bf51, archive=false, dateOutputArchive=0001-01-01T00:00:00Z, thisGroup=false, parent=78ddac07-ca67-11e5-826c-605718cb5baa, bic=045004818, swift=, name=НОВОСИБИРСКИЙ ФИЛИАЛ АО ЮНИКРЕДИТ БАНКА, corrAccount=30101810050040000818, address=УЛ МАКСИМА ГОРЬКОГО, 53, city=Г. НОВОСИБИРСК, phones=(383)2300163, country=4e127564-d74f-4dd9-bced-0327f0f4e061, countryCode=643, activityDiscontinued=false}, {guid=aaaf21b5-d82b-11e8-80bb-08002789bf51, archive=false, dateOutputArchive=0001-01-01T00:00:00Z, thisGroup=false, parent=78ddabeb-ca67-11e5-826c-605718cb5baa, bic=040715725, swift=, name=ООО "РУСБС", corrAccount=30101810107150000725, address=УЛ ГАГАРИНА, 148, city=СТ-ЦА ЕССЕНТУКСКАЯ, phones=(87961)51171,24177,50987, country=4e127564-d74f-4dd9-bced-0327f0f4e061, countryCode=643, activityDiscontinued=false}, {guid=aaaf21b6-d82b-11e8-80bb-08002789bf51, archive=false, dateOutputArchive=0001-01-01T00:00:00Z, thisGroup=false, parent=78ddac0f-ca67-11e5-826c-605718cb5baa, bic=040349789, swift=, name=ООО КБ "ГТ БАНК", corrAccount=30101810303490000789, address=УЛ СЕВЕРНАЯ, 321, city=Г. КРАСНОДАР, phones=(861)2790305,2791744, country=4e127564-d74f-4dd9-bced-0327f0f4e061, countryCode=643, activityDiscontinued=false}, {guid=aaaf21b7-d82b-11e8-80bb-08002789bf51, archive=false, dateOutputArchive=0001-01-01T00:00:00Z, thisGroup=false, parent=78ddac00-ca67-11e5-826c-605718cb5baa, bic=048209848, swift=, name=КУ ООО КБ "ПРЕСТИЖКРЕДИТБАНК" ГК "АСВ", corrAccount=30101810282090000848, address=УЛ КАММАЕВА, 19, К "Ж", city=Г. МАХАЧКАЛА, phones=(8722)561920,561921, country=4e127564-d74f-4dd9-bced-0327f0f4e061, countryCode=643, activityDiscontinued=false}, {guid=aaaf21b8-d82b-11e8-80bb-08002789bf51, archive=false, dateOutputArchive=0001-01-01T00:00:00Z, thisGroup=false, parent=78ddac98-ca67-11e5-826c-605718cb5baa, bic=041117785, swift=, name=Ф-л "Космодром-Плесецк" АО "ФОНДСЕРВИСБАНК", corrAccount=30101810540300011785, address=УЛ. ПУШКИНА, Д. 3, city=Г. МИРНЫЙ, phones=, country=4e127564-d74f-4dd9-bced-0327f0f4e061, countryCode=643, activityDiscontinued=false}, {guid=aaaf21b9-d82b-11e8-80bb-08002789bf51, archive=false, dateOutputArchive=0001-01-01T00:00:00Z, thisGroup=false, parent=78ddac34-ca67-11e5-826c-605718cb5baa, bic=046489002, swift=, name=ПУ БАНКА РОССИИ ОХОТСКОЕ, corrAccount=, address=УЛ ГНЕЧКО, 1, city=ПГТ ЮЖНО-КУРИЛЬСК, phones=, country=4e127564-d74f-4dd9-bced-0327f0f4e061, countryCode=643, activityDiscontinued=false}, {guid=78ddac57-ca67-11e5-826c-605718cb5baa, archive=, dateOutputArchive=, thisGroup=true, parent=00000000-0000-0000-0000-000000000000, bic=27       , swift=, name=КАЛИНИНГРАДСКАЯ ОБЛАСТЬ, corrAccount=, address=, city=, phones=, country=, countryCode=, activityDiscontinued=}, {guid=aaaf21ba-d82b-11e8-80bb-08002789bf51, archive=false, dateOutputArchive=0001-01-01T00:00:00Z, thisGroup=false, parent=78ddabfd-ca67-11e5-826c-605718cb5baa, bic=046311926, swift=, name=АО РНКО "СИНЕРГИЯ", corrAccount=30103810622026311926, address=Г. САРАТОВ, УЛ. РАБОЧАЯ, 27, city=Г. САРАТОВ, phones=, country=4e127564-d74f-4dd9-bced-0327f0f4e061, countryCode=643, activityDiscontinued=false}, {guid=aaaf21bb-d82b-11e8-80bb-08002789bf51, archive=false, dateOutputArchive=0001-01-01T00:00:00Z, thisGroup=false, parent=78ddac0f-ca67-11e5-826c-605718cb5baa, bic=040349744, swift=, name=КРАСНОДАРСКИЙ ФИЛИАЛ ПАО РОСБАНК, corrAccount=30101810403490000744, address=УЛ ОЛИМПИЙСКАЯ, 8, city=Г. КРАСНОДАР, phones=(861)2739730,2739731, country=4e127564-d74f-4dd9-bced-0327f0f4e061, countryCode=643, activityDiscontinued=false}, {guid=aaaf21bc-d82b-11e8-80bb-08002789bf51, archive=false, dateOutputArchive=0001-01-01T00:00:00Z, thisGroup=false, parent=78ddac07-ca67-11e5-826c-605718cb5baa, bic=045004796, swift=, name=ФИЛИАЛ "НОВОСИБИРСК" КБ "ЛОКО-БАНК" (АО), corrAccount=30101810350040000796, address=УЛ ЛЕНИНА, 52, city=Г. НОВОСИБИРСК, phones=(383)2380740,2380750, country=4e127564-d74f-4dd9-bced-0327f0f4e061, countryCode=643, activityDiscontinued=false}, {guid=aaaf21bd-d82b-11e8-80bb-08002789bf51, archive=false, dateOutputArchive=0001-01-01T00:00:00Z, thisGroup=false, parent=78ddac17-ca67-11e5-826c-605718cb5baa, bic=046015080, swift=, name=РОСТОВСКИЙ ФИЛИАЛ ПАО "РГС БАНК", corrAccount=30101810460150000080, address=УЛ ГОРОДА ВОЛОС, 11/81-83/34, city=Г. РОСТОВ-НА-ДОНУ, phones=(863)2370660, country=4e127564-d74f-4dd9-bced-0327f0f4e061, countryCode=643, activityDiscontinued=false}, {guid=aaaf21be-d82b-11e8-80bb-08002789bf51, archive=false, dateOutputArchive=0001-01-01T00:00:00Z, thisGroup=false, parent=78ddac07-ca67-11e5-826c-605718cb5baa, bic=045004785, swift=, name=НОВОСИБИРСКИЙ Ф-Л ПАО АКБ "МЕТАЛЛИНВЕСТБАНК", corrAccount=30101810950040000785, address=УЛ СОВЕТСКАЯ, 8, city=Г. НОВОСИБИРСК, phones=(383)2091447,2091446, country=4e127564-d74f-4dd9-bced-0327f0f4e061, countryCode=643, activityDiscontinued=false}, {guid=aaaf21bf-d82b-11e8-80bb-08002789bf51, archive=false, dateOutputArchive=0001-01-01T00:00:00Z, thisGroup=false, parent=78ddac17-ca67-11e5-826c-605718cb5baa, bic=046015081, swift=, name=РОСТОВСКИЙ ФИЛИАЛ АО ЮНИКРЕДИТ БАНКА, corrAccount=30101810760150000081, address=УЛ СОЦИАЛИСТИЧЕСКАЯ, 58/51, city=Г. РОСТОВ-НА-ДОНУ, phones=(863)2630900,2630906, country=4e127564-d74f-4dd9-bced-0327f0f4e061, countryCode=643, activityDiscontinued=false}, {guid=aaaf21c0-d82b-11e8-80bb-08002789bf51, archive=false, dateOutputArchive=0001-01-01T00:00:00Z, thisGroup=false, parent=78ddac07-ca67-11e5-826c-605718cb5baa, bic=045004789, swift=, name=ФИЛИАЛ БАНКА МБСП (АО) В НОВОСИБИРСКЕ, corrAccount=30101810150040000789, address=ПР-Т ДИМИТРОВА, 12, city=Г. НОВОСИБИРСК, phones=(383)3734340,3734341, country=4e127564-d74f-4dd9-bced-0327f0f4e061, countryCode=643, activityDiscontinued=false}, {guid=aaaf21c1-d82b-11e8-80bb-08002789bf51, archive=false, dateOutputArchive=0001-01-01T00:00:00Z, thisGroup=false, parent=78ddac17-ca67-11e5-826c-605718cb5baa, bic=046015088, swift=SJSCRUMMRND, name=ФИЛИАЛ "СДМ-БАНК" (ПАО) В Г. РОСТОВ-НА-ДОНУ, corrAccount=30101810860150000088, address=УЛ КАТАЕВА, 293, city=Г. РОСТОВ-НА-ДОНУ, phones=(863)2197712,2197714, country=4e127564-d74f-4dd9-bced-0327f0f4e061, countryCode=643, activityDiscontinued=false}, {guid=aaaf21c2-d82b-11e8-80bb-08002789bf51, archive=false, dateOutputArchive=0001-01-01T00:00:00Z, thisGroup=false, parent=78ddac07-ca67-11e5-826c-605718cb5baa, bic=045004778, swift=, name=ФИЛИАЛ БАНКА "ВБРР" (АО) В Г.НОВОСИБИРСКЕ, corrAccount=30101810750040000778, address=УЛ СИБРЕВКОМА, 2, city=Г. НОВОСИБИРСК, phones=(383)2302201, country=4e127564-d74f-4dd9-bced-0327f0f4e061, countryCode=643, activityDiscontinued=false}, {guid=aaaf21c3-d82b-11e8-80bb-08002789bf51, archive=false, dateOutputArchive=0001-01-01T00:00:00Z, thisGroup=false, parent=78ddac0f-ca67-11e5-826c-605718cb5baa, bic=040349758, swift=VTBRRUM2KD3, name=ФИЛИАЛ № 2351 БАНКА ВТБ (ПАО), corrAccount=30101810703490000758, address=УЛ ИМ. ГОГОЛЯ, 68, city=Г. КРАСНОДАР, phones=(861)2126424,2125627, country=4e127564-d74f-4dd9-bced-0327f0f4e061, countryCode=643, activityDiscontinued=false}, {guid=aaaf21c4-d82b-11e8-80bb-08002789bf51, archive=false, dateOutputArchive=0001-01-01T00:00:00Z, thisGroup=false, parent=78ddac17-ca67-11e5-826c-605718cb5baa, bic=046015094, swift=, name=НОВОЧЕРКАССКИЙ ФИЛИАЛ АО "ФОНДСЕРВИСБАНК", corrAccount=30101810760150000094, address=ПЛАТОВСКИЙ ПР-Т, 59 Б, city=Г. НОВОЧЕРКАССК, phones=(8635)240550, country=4e127564-d74f-4dd9-bced-0327f0f4e061, countryCode=643, activityDiscontinued=false}, {guid=aaaf21c5-d82b-11e8-80bb-08002789bf51, archive=false, dateOutputArchive=0001-01-01T00:00:00Z, thisGroup=false, parent=78ddac17-ca67-11e5-826c-605718cb5baa, bic=046015068, swift=, name=ДОНСКОЙ ФИЛИАЛ АО КБ "СИТИБАНК", corrAccount=30101810660150000068, address=УЛ Б. САДОВАЯ, 124, city=Г. РОСТОВ-НА-ДОНУ, phones=(863)2040043,2040002, country=4e127564-d74f-4dd9-bced-0327f0f4e061, countryCode=643, activityDiscontinued=false}, {guid=aaaf21c6-d82b-11e8-80bb-08002789bf51, archive=false, dateOutputArchive=0001-01-01T00:00:00Z, thisGroup=false, parent=78ddac07-ca67-11e5-826c-605718cb5baa, bic=045004763, swift=, name=ФИЛИАЛ "ЦЕНТРАЛЬНЫЙ" ПАО "СОВКОМБАНК", corrAccount=30101810150040000763, address=УЛ ПОПОВА, 11, city=Г. БЕРДСК, phones=(383)3340606, country=4e127564-d74f-4dd9-bced-0327f0f4e061, countryCode=643, activityDiscontinued=false}, {guid=aaaf21c7-d82b-11e8-80bb-08002789bf51, archive=false, dateOutputArchive=0001-01-01T00:00:00Z, thisGroup=false, parent=78ddac17-ca67-11e5-826c-605718cb5baa, bic=046015066, swift=, name=Ф-Л АО АКБ "НОВИКОМБАНК" В Г.РОСТОВЕ-НА-ДОНУ, corrAccount=30101810060150000066, address=УЛ КРАСНОАРМЕЙСКАЯ, 170/84, city=Г. РОСТОВ-НА-ДОНУ, phones=(863)2017777, country=4e127564-d74f-4dd9-bced-0327f0f4e061, countryCode=643, activityDiscontinued=false}, {guid=78ddabe0-ca67-11e5-826c-605718cb5baa, archive=false, dateOutputArchive=0001-01-01T00:00:00Z, thisGroup=false, parent=78ddabdf-ca67-11e5-826c-605718cb5baa, bic=049246920, swift=, name=НИЖНЕКАМСКИЙ ФАБ "ДЕВОН-КРЕДИТ" (ПАО), corrAccount=30101810700000000920, address=, city=Г. НИЖНЕКАМСК, phones=, country=00000000-0000-0000-0000-000000000000, countryCode=, activityDiscontinued=true}, {guid=aaaf21c8-d82b-11e8-80bb-08002789bf51, archive=false, dateOutputArchive=0001-01-01T00:00:00Z, thisGroup=false, parent=78ddac17-ca67-11e5-826c-605718cb5baa, bic=046015064, swift=, name=ЮЖНЫЙ ФИЛИАЛ АО "БАНК ИНТЕЗА", corrAccount=30101810460150000064, address=ВОРОШИЛОВСКИЙ ПР-Т, 48, city=Г. РОСТОВ-НА-ДОНУ, phones=(863)2318377,2318388, country=4e127564-d74f-4dd9-bced-0327f0f4e061, countryCode=643, activityDiscontinued=false}, {guid=aaaf21c9-d82b-11e8-80bb-08002789bf51, archive=false, dateOutputArchive=0001-01-01T00:00:00Z, thisGroup=false, parent=78ddac17-ca67-11e5-826c-605718cb5baa, bic=046015065, swift=JSNMRUMMRND, name=РОСТОВСКИЙ ФИЛИАЛ ПАО БАНКА "ФК ОТКРЫТИЕ", corrAccount=30101810760150000065, address=УЛ ТЕКУЧЕВА, 234, city=Г. РОСТОВ-НА-ДОНУ, phones=(863)2009099, country=4e127564-d74f-4dd9-bced-0327f0f4e061, countryCode=643, activityDiscontinued=true}, {guid=aaaf21ca-d82b-11e8-80bb-08002789bf51, archive=false, dateOutputArchive=0001-01-01T00:00:00Z, thisGroup=false, parent=78ddac17-ca67-11e5-826c-605718cb5baa, bic=046015060, swift=, name=ФИЛИАЛ АО "ГЕНБАНК" В Г.РОСТОВ-НА-ДОНУ, corrAccount=30101810260150000060, address=УЛ ПУШКИНСКАЯ, 94, city=Г. РОСТОВ-НА-ДОНУ, phones=(863)2999333, country=4e127564-d74f-4dd9-bced-0327f0f4e061, countryCode=643, activityDiscontinued=false}, {guid=aaaf21cb-d82b-11e8-80bb-08002789bf51, archive=false, dateOutputArchive=0001-01-01T00:00:00Z, thisGroup=false, parent=78ddac17-ca67-11e5-826c-605718cb5baa, bic=046015061, swift=, name=ФИЛИАЛ ЮЖНЫЙ ПАО БАНКА "ФК ОТКРЫТИЕ", corrAccount=30101810560150000061, address=УЛ ГОРОДА ВОЛОС, 112/130, city=Г. РОСТОВ-НА-ДОНУ, phones=(863)2688901, country=4e127564-d74f-4dd9-bced-0327f0f4e061, countryCode=643, activityDiscontinued=false}, {guid=aaaf21cc-d82b-11e8-80bb-08002789bf51, archive=false, dateOutputArchive=0001-01-01T00:00:00Z, thisGroup=false, parent=78ddabe7-ca67-11e5-826c-605718cb5baa, bic=040507750, swift=, name=АО "РОЯЛ КРЕДИТ БАНК", corrAccount=30101810105070000750, address=ПР-Т 100ЛЕТ ВЛАДИ-КА, 155 - 1Б, city=Г. ВЛАДИВОСТОК, phones=(423)2308871,2308870, country=4e127564-d74f-4dd9-bced-0327f0f4e061, countryCode=643, activityDiscontinued=false}, {guid=aaaf21cd-d82b-11e8-80bb-08002789bf51, archive=false, dateOutputArchive=0001-01-01T00:00:00Z, thisGroup=false, parent=78ddac17-ca67-11e5-826c-605718cb5baa, bic=046015078, swift=ZEMCRU22XXX, name=ООО "ЗЕМКОМБАНК", corrAccount=30101810760150000078, address=УЛ МАЛЮГИНОЙ, 233, city=Г. РОСТОВ-НА-ДОНУ, phones=(863)2800064, country=4e127564-d74f-4dd9-bced-0327f0f4e061, countryCode=643, activityDiscontinued=false}, {guid=aaaf21ce-d82b-11e8-80bb-08002789bf51, archive=false, dateOutputArchive=0001-01-01T00:00:00Z, thisGroup=false, parent=78ddac17-ca67-11e5-826c-605718cb5baa, bic=046015075, swift=, name=РОСТОВСКИЙ ФИЛИАЛ ЦМРБАНК (ООО), corrAccount=30101810860150000075, address=УЛ ПУШКИНСКАЯ, 105/79, city=Г. РОСТОВ-НА-ДОНУ, phones=(863)2695710, country=4e127564-d74f-4dd9-bced-0327f0f4e061, countryCode=643, activityDiscontinued=false}, {guid=aaaf21cf-d82b-11e8-80bb-08002789bf51, archive=false, dateOutputArchive=0001-01-01T00:00:00Z, thisGroup=false, parent=78ddac17-ca67-11e5-826c-605718cb5baa, bic=046015074, swift=, name=ФИЛИАЛ "РОСТОВ-НА-ДОНУ" КБ "ЛОКО-БАНК" (АО), corrAccount=30101810560150000074, address=УЛ МАКСИМА ГОРЬКОГО, 123/67, city=Г. РОСТОВ-НА-ДОНУ, phones=(863)2192772, country=4e127564-d74f-4dd9-bced-0327f0f4e061, countryCode=643, activityDiscontinued=false}, {guid=aaaf21d0-d82b-11e8-80bb-08002789bf51, archive=false, dateOutputArchive=0001-01-01T00:00:00Z, thisGroup=false, parent=78ddac17-ca67-11e5-826c-605718cb5baa, bic=046015051, swift=, name=Ф-Л АКБ "ФОРА-БАНК" (АО) В Г.РОСТОВ-НА-ДОНУ, corrAccount=30101810460150000051, address=УЛ ПУШКИНСКАЯ, 117, city=Г. РОСТОВ-НА-ДОНУ, phones=(863)2403640, country=4e127564-d74f-4dd9-bced-0327f0f4e061, countryCode=643, activityDiscontinued=false}, {guid=aaaf21d1-d82b-11e8-80bb-08002789bf51, archive=false, dateOutputArchive=0001-01-01T00:00:00Z, thisGroup=false, parent=78ddac17-ca67-11e5-826c-605718cb5baa, bic=046015052, swift=, name=ООО КБ "РОСТФИНАНС", corrAccount=30101810760150000052, address=УЛ КРАСНОАРМЕЙСКАЯ, 166 А, city=Г. РОСТОВ-НА-ДОНУ, phones=(863)2870058, country=4e127564-d74f-4dd9-bced-0327f0f4e061, countryCode=643, activityDiscontinued=false}, {guid=78ddac7b-ca67-11e5-826c-605718cb5baa, archive=false, dateOutputArchive=0001-01-01T00:00:00Z, thisGroup=false, parent=78ddac02-ca67-11e5-826c-605718cb5baa, bic=042809974, swift=, name=ТВЕФ ПАО "БИНБАНК", corrAccount=30101810900000000974, address=, city=Г. ТВЕРЬ, phones=, country=00000000-0000-0000-0000-000000000000, countryCode=, activityDiscontinued=true}, {guid=aaaf21d2-d82b-11e8-80bb-08002789bf51, archive=false, dateOutputArchive=0001-01-01T00:00:00Z, thisGroup=false, parent=78ddac17-ca67-11e5-826c-605718cb5baa, bic=046015050, swift=, name=ФИЛИАЛ № 1 ПАО МОСОБЛБАНК, corrAccount=30101810160150000050, address=КОММУНИСТИЧЕСКИЙ ПР-Т, 51, city=Г. РОСТОВ-НА-ДОНУ, phones=(863)3009637, country=4e127564-d74f-4dd9-bced-0327f0f4e061, countryCode=643, activityDiscontinued=false}, {guid=aaaf21d3-d82b-11e8-80bb-08002789bf51, archive=false, dateOutputArchive=0001-01-01T00:00:00Z, thisGroup=false, parent=78ddabf2-ca67-11e5-826c-605718cb5baa, bic=043601728, swift=, name=САМАРСКИЙ ФИЛИАЛ ПАО "НЕВСКИЙ БАНК", corrAccount=30101810222023601728, address=6 ПРОСЕКА, 125, city=Г. САМАРА, phones=(846)2011100, country=4e127564-d74f-4dd9-bced-0327f0f4e061, countryCode=643, activityDiscontinued=false}, {guid=aaaf21d4-d82b-11e8-80bb-08002789bf51, archive=false, dateOutputArchive=0001-01-01T00:00:00Z, thisGroup=false, parent=78ddabe9-ca67-11e5-826c-605718cb5baa, bic=042520764, swift=, name=КОНКУРСНЫЙ УПРАВЛЯЮЩИЙ "ВЛБАНК" (АО)-ГК "АСВ", corrAccount=30101810450040000764, address=УЛ КИРОВА, 85 А, city=Г. УСТЬ-КУТ, phones=(3952)289500, country=4e127564-d74f-4dd9-bced-0327f0f4e061, countryCode=643, activityDiscontinued=false}, {guid=aaaf21d5-d82b-11e8-80bb-08002789bf51, archive=false, dateOutputArchive=0001-01-01T00:00:00Z, thisGroup=false, parent=78ddabe9-ca67-11e5-826c-605718cb5baa, bic=042520767, swift=, name=АНГАРСКИЙ ФИЛИАЛ АО "ИТ БАНК", corrAccount=30101810350040000767, address=29-ЫЙ МКР, 15 А, city=Г. АНГАРСК, phones=(3955)671921,564004, country=4e127564-d74f-4dd9-bced-0327f0f4e061, countryCode=643, activityDiscontinued=false}, {guid=78ddabe1-ca67-11e5-826c-605718cb5baa, archive=, dateOutputArchive=, thisGroup=true, parent=00000000-0000-0000-0000-000000000000, bic=40       , swift=, name=Г САНКТ-ПЕТЕРБУРГ, corrAccount=, address=, city=, phones=, country=, countryCode=, activityDiscontinued=}, {guid=aaaf21d6-d82b-11e8-80bb-08002789bf51, archive=false, dateOutputArchive=0001-01-01T00:00:00Z, thisGroup=false, parent=78ddac34-ca67-11e5-826c-605718cb5baa, bic=046401888, swift=KHZARU99XXX, name=АО "БАНК ХОЛМСК", corrAccount=30101810064010000888, address=УЛ ЛЕНИНА, 304 Г, city=Г. ЮЖНО-САХАЛИНСК, phones=(4242)245858, country=4e127564-d74f-4dd9-bced-0327f0f4e061, countryCode=643, activityDiscontinued=false}, {guid=bbea4eb4-fc53-11e8-80c5-08002789bf51, archive=false, dateOutputArchive=0001-01-01T00:00:00Z, thisGroup=false, parent=78ddabe5-ca67-11e5-826c-605718cb5baa, bic=044525360, swift=, name=Филиал "Корпоративный" ПАО "Совкомбанк", corrAccount=30101810445250000360, address=УЛ. ВАВИЛОВА, Д. 24, city=Г. МОСКВА, phones=, country=4e127564-d74f-4dd9-bced-0327f0f4e061, countryCode=643, activityDiscontinued=false}, {guid=bbea4eb5-fc53-11e8-80c5-08002789bf51, archive=false, dateOutputArchive=0001-01-01T00:00:00Z, thisGroup=false, parent=78ddabe1-ca67-11e5-826c-605718cb5baa, bic=044030800, swift=, name=Ф-Л СПБ № 2 ПАО БАНК "ФК ОТКРЫТИЕ", corrAccount=30101810040300000800, address=НАБ. ОБВОДНОГО КАНАЛА, Д. 90,, city=Г. САНКТ-ПЕТЕРБУРГ, phones=, country=4e127564-d74f-4dd9-bced-0327f0f4e061, countryCode=643, activityDiscontinued=false}, {guid=bbea4eb6-fc53-11e8-80c5-08002789bf51, archive=false, dateOutputArchive=0001-01-01T00:00:00Z, thisGroup=false, parent=78ddac49-ca67-11e5-826c-605718cb5baa, bic=047308988, swift=, name=Ф-л Ульяновский № 2 ПАО Банк "ФК Открытие", corrAccount=30101810122027300988, address=УЛ. АЛЕКСАНДРА МАТРОСОВА, Д 33, city=Г. УЛЬЯНОВСК, phones=, country=4e127564-d74f-4dd9-bced-0327f0f4e061, countryCode=643, activityDiscontinued=false}, {guid=bbea4eb7-fc53-11e8-80c5-08002789bf51, archive=false, dateOutputArchive=0001-01-01T00:00:00Z, thisGroup=false, parent=78ddac07-ca67-11e5-826c-605718cb5baa, bic=045004051, swift=, name=Новосибирский филиал РНКО "Р-ИНКАС" (ООО), corrAccount=30103810450045004051, address=УЛ. ДМИТРИЯ ДОНСКОГО, 11, city=Г. НОВОСИБИРСК, phones=, country=4e127564-d74f-4dd9-bced-0327f0f4e061, countryCode=643, activityDiscontinued=false}, {guid=bbea4eb8-fc53-11e8-80c5-08002789bf51, archive=false, dateOutputArchive=0001-01-01T00:00:00Z, thisGroup=false, parent=78ddabe5-ca67-11e5-826c-605718cb5baa, bic=044525980, swift=, name=Ф-л Мск (Диджитал) ПАО Банк "ФК Открытие", corrAccount=30101810045250000980, address=УЛ. ПЕТРОВКА, Д. 24, СТР. 1, city=Г. МОСКВА, phones=, country=4e127564-d74f-4dd9-bced-0327f0f4e061, countryCode=643, activityDiscontinued=false}, {guid=bbea4eb9-fc53-11e8-80c5-08002789bf51, archive=false, dateOutputArchive=0001-01-01T00:00:00Z, thisGroup=false, parent=78ddabeb-ca67-11e5-826c-605718cb5baa, bic=040702751, swift=, name=Ф-Л СТАВРОПОЛЬСКИЙ №2 ПАО БАНК "ФК ОТКРЫТИЕ", corrAccount=30101810007020000751, address=УЛ. ЛЕНИНА, 221, city=Г. СТАВРОПОЛЬ, phones=, country=4e127564-d74f-4dd9-bced-0327f0f4e061, countryCode=643, activityDiscontinued=false}, {guid=bbea4eba-fc53-11e8-80c5-08002789bf51, archive=false, dateOutputArchive=0001-01-01T00:00:00Z, thisGroup=false, parent=78ddac09-ca67-11e5-826c-605718cb5baa, bic=046577520, swift=, name=Ф-л Екб №2 ПАО Банк "ФК Открытие", corrAccount=30101810065770000520, address=УЛ.ГОРЬКОГО, Д.45, city=Г. ЕКАТЕРИНБУРГ, phones=, country=4e127564-d74f-4dd9-bced-0327f0f4e061, countryCode=643, activityDiscontinued=false}, {guid=bbea4ebb-fc53-11e8-80c5-08002789bf51, archive=false, dateOutputArchive=0001-01-01T00:00:00Z, thisGroup=false, parent=78ddabe7-ca67-11e5-826c-605718cb5baa, bic=040507830, swift=, name=Ф-л Владивостокский №2 ПАО Банк "ФК Открытие", corrAccount=30101810805070000830, address=ПР-КТ ОКЕАНСКИЙ, Д.123 Б, city=Г. ВЛАДИВОСТОК, phones=, country=4e127564-d74f-4dd9-bced-0327f0f4e061, countryCode=643, activityDiscontinued=false}, {guid=bbea4ebc-fc53-11e8-80c5-08002789bf51, archive=false, dateOutputArchive=0001-01-01T00:00:00Z, thisGroup=false, parent=78ddac17-ca67-11e5-826c-605718cb5baa, bic=046015084, swift=, name=Ф-л Ростовский №2 ПАО Банк "ФК Открытие", corrAccount=30101810660150000084, address=ПР. ШОЛОХОВА, 32/65, city=Г. РОСТОВ-НА-ДОНУ, phones=, country=4e127564-d74f-4dd9-bced-0327f0f4e061, countryCode=643, activityDiscontinued=false}, {guid=bbea4ebd-fc53-11e8-80c5-08002789bf51, archive=false, dateOutputArchive=0001-01-01T00:00:00Z, thisGroup=false, parent=78ddac07-ca67-11e5-826c-605718cb5baa, bic=045004741, swift=, name=Ф-л Новосибирский №2 ПАО Банк "ФК Открытие", corrAccount=30101810350040000741, address=УЛ. ЛЕНИНА, Д. 18, city=Г. НОВОСИБИРСК, phones=, country=4e127564-d74f-4dd9-bced-0327f0f4e061, countryCode=643, activityDiscontinued=false}, {guid=78ddabdc-ca67-11e5-826c-605718cb5baa, archive=false, dateOutputArchive=0001-01-01T00:00:00Z, thisGroup=false, parent=78ddabdb-ca67-11e5-826c-605718cb5baa, bic=043207757, swift=, name=ФИЛИАЛ N 11 ПАО МОСОБЛБАНК, corrAccount=30101810000000000757, address=УЛ ВЕСЕННЯЯ, 24, city=Г. КЕМЕРОВО, phones=(3842)363892, country=4e127564-d74f-4dd9-bced-0327f0f4e061, countryCode=643, activityDiscontinued=false}, {guid=78ddabdd-ca67-11e5-826c-605718cb5baa, archive=, dateOutputArchive=, thisGroup=true, parent=00000000-0000-0000-0000-000000000000, bic=66       , swift=, name=СМОЛЕНСКАЯ ОБЛАСТЬ, corrAccount=, address=, city=, phones=, country=, countryCode=, activityDiscontinued=}, {guid=78ddabde-ca67-11e5-826c-605718cb5baa, archive=false, dateOutputArchive=0001-01-01T00:00:00Z, thisGroup=false, parent=78ddabdd-ca67-11e5-826c-605718cb5baa, bic=046610000, swift=, name=РКЦ ВЯЗЬМА, corrAccount=, address=, city=Г. ВЯЗЬМА, phones=, country=00000000-0000-0000-0000-000000000000, countryCode=, activityDiscontinued=true}, {guid=78ddabdf-ca67-11e5-826c-605718cb5baa, archive=, dateOutputArchive=, thisGroup=true, parent=00000000-0000-0000-0000-000000000000, bic=92       , swift=, name=РЕСПУБЛИКА ТАТАРСТАН, corrAccount=, address=, city=, phones=, country=, countryCode=, activityDiscontinued=}, {guid=78ddabe2-ca67-11e5-826c-605718cb5baa, archive=false, dateOutputArchive=0001-01-01T00:00:00Z, thisGroup=false, parent=78ddabe1-ca67-11e5-826c-605718cb5baa, bic=044030743, swift=, name=САНКТ-ПЕТЕРБУРГСКИЙ ФИЛИАЛ ПАО "АК БАНК", corrAccount=30101810300000000743, address=, city=Г. САНКТ-ПЕТЕРБУРГ, phones=, country=00000000-0000-0000-0000-000000000000, countryCode=, activityDiscontinued=true}, {guid=78ddabe3-ca67-11e5-826c-605718cb5baa, archive=false, dateOutputArchive=0001-01-01T00:00:00Z, thisGroup=false, parent=78ddabe1-ca67-11e5-826c-605718cb5baa, bic=044030708, swift=, name=САНКТ-ПЕТЕРБУРГСКИЙ ФИЛИАЛ АКБ "НЗБАНК",ОАО, corrAccount=30101810400000000708, address=, city=Г. САНКТ-ПЕТЕРБУРГ, phones=, country=00000000-0000-0000-0000-000000000000, countryCode=, activityDiscontinued=true}, {guid=78ddabe4-ca67-11e5-826c-605718cb5baa, archive=false, dateOutputArchive=0001-01-01T00:00:00Z, thisGroup=false, parent=78ddabe1-ca67-11e5-826c-605718cb5baa, bic=044030821, swift=, name=ФСКБ ПРИМОРЬЯ "ПРИМСОЦБАНК" В Г С-ПЕТЕРБУРГЕ, corrAccount=30101810400000000821, address=УЛ САДОВАЯ, 40 ЛИТ Б, city=Г. САНКТ-ПЕТЕРБУРГ, phones=(812)4934900, country=4e127564-d74f-4dd9-bced-0327f0f4e061, countryCode=643, activityDiscontinued=false}, {guid=78ddabe5-ca67-11e5-826c-605718cb5baa, archive=, dateOutputArchive=, thisGroup=true, parent=00000000-0000-0000-0000-000000000000, bic=45       , swift=, name=Г МОСКВА, corrAccount=, address=, city=, phones=, country=, countryCode=, activityDiscontinued=}, {guid=78ddabe6-ca67-11e5-826c-605718cb5baa, archive=false, dateOutputArchive=0001-01-01T00:00:00Z, thisGroup=false, parent=78ddabe5-ca67-11e5-826c-605718cb5baa, bic=044525461, swift=, name=КУ АКБ "БЕНИФИТ-БАНК" (ЗАО) - ГК "АСВ", corrAccount=30101810645250000461, address=УЛ ВЫСОЦКОГО, 4, city=Г. МОСКВА, phones=(495)9612526, country=4e127564-d74f-4dd9-bced-0327f0f4e061, countryCode=643, activityDiscontinued=false}, {guid=78ddabe7-ca67-11e5-826c-605718cb5baa, archive=, dateOutputArchive=, thisGroup=true, parent=00000000-0000-0000-0000-000000000000, bic=05       , swift=, name=ПРИМОРСКИЙ КРАЙ, corrAccount=, address=, city=, phones=, country=, countryCode=, activityDiscontinued=}, {guid=78ddabe8-ca67-11e5-826c-605718cb5baa, archive=false, dateOutputArchive=0001-01-01T00:00:00Z, thisGroup=false, parent=78ddabe7-ca67-11e5-826c-605718cb5baa, bic=040507001, swift=, name=ДАЛЬНЕВОСТОЧНОЕ ГУ БАНКА РОССИИ, corrAccount=, address=УЛ СВЕТЛАНСКАЯ, 71, city=Г. ВЛАДИВОСТОК, phones=(423)2406514,2406507, country=4e127564-d74f-4dd9-bced-0327f0f4e061, countryCode=643, activityDiscontinued=false}, {guid=78ddabe9-ca67-11e5-826c-605718cb5baa, archive=, dateOutputArchive=, thisGroup=true, parent=00000000-0000-0000-0000-000000000000, bic=25       , swift=, name=ИРКУТСКАЯ ОБЛАСТЬ, corrAccount=, address=, city=, phones=, country=, countryCode=, activityDiscontinued=}, {guid=78ddabea-ca67-11e5-826c-605718cb5baa, archive=false, dateOutputArchive=0001-01-01T00:00:00Z, thisGroup=false, parent=78ddabe9-ca67-11e5-826c-605718cb5baa, bic=042510000, swift=, name=РКЦ ЧУНСКИЙ, corrAccount=, address=, city=РП ЧУНСКИЙ, phones=, country=00000000-0000-0000-0000-000000000000, countryCode=, activityDiscontinued=true}, {guid=78ddabeb-ca67-11e5-826c-605718cb5baa, archive=, dateOutputArchive=, thisGroup=true, parent=00000000-0000-0000-0000-000000000000, bic=07       , swift=, name=СТАВРОПОЛЬСКИЙ КРАЙ, corrAccount=, address=, city=, phones=, country=, countryCode=, activityDiscontinued=}, {guid=78ddabec-ca67-11e5-826c-605718cb5baa, archive=false, dateOutputArchive=0001-01-01T00:00:00Z, thisGroup=false, parent=78ddabeb-ca67-11e5-826c-605718cb5baa, bic=040702001, swift=, name=ОТДЕЛЕНИЕ СТАВРОПОЛЬ, corrAccount=, address=УЛ ЛЕНИНА, 286, city=Г. СТАВРОПОЛЬ, phones=(8652)224803,224804, country=4e127564-d74f-4dd9-bced-0327f0f4e061, countryCode=643, activityDiscontinued=false}, {guid=78ddabed-ca67-11e5-826c-605718cb5baa, archive=false, dateOutputArchive=0001-01-01T00:00:00Z, thisGroup=false, parent=78ddabe5-ca67-11e5-826c-605718cb5baa, bic=044525212, swift=, name=КУ КБ "ТРАНСИНВЕСТБАНК" (ООО) - ГК "АСВ", corrAccount=30101810645250000212, address=УЛ ВЫСОЦКОГО, 4, city=Г. МОСКВА, phones=(495)9612526, country=4e127564-d74f-4dd9-bced-0327f0f4e061, countryCode=643, activityDiscontinued=false}, {guid=78ddabee-ca67-11e5-826c-605718cb5baa, archive=, dateOutputArchive=, thisGroup=true, parent=00000000-0000-0000-0000-000000000000, bic=54       , swift=, name=ОРЛОВСКАЯ ОБЛАСТЬ, corrAccount=, address=, city=, phones=, country=, countryCode=, activityDiscontinued=}, {guid=78ddabef-ca67-11e5-826c-605718cb5baa, archive=false, dateOutputArchive=0001-01-01T00:00:00Z, thisGroup=false, parent=78ddabee-ca67-11e5-826c-605718cb5baa, bic=045402751, swift=, name=ОРЛОВСКИЙ РФ АО "РОССЕЛЬХОЗБАНК", corrAccount=30101810700000000751, address=УЛ МОСКОВСКАЯ, 31 ЛИТ А, city=Г. ОРЁЛ, phones=(4862)541054,735788, country=4e127564-d74f-4dd9-bced-0327f0f4e061, countryCode=643, activityDiscontinued=false}, {guid=78ddabf0-ca67-11e5-826c-605718cb5baa, archive=, dateOutputArchive=, thisGroup=true, parent=00000000-0000-0000-0000-000000000000, bic=17       , swift=, name=ВЛАДИМИРСКАЯ ОБЛАСТЬ, corrAccount=, address=, city=, phones=, country=, countryCode=, activityDiscontinued=}, {guid=78ddabf1-ca67-11e5-826c-605718cb5baa, archive=false, dateOutputArchive=0001-01-01T00:00:00Z, thisGroup=false, parent=78ddabf0-ca67-11e5-826c-605718cb5baa, bic=041708717, swift=, name=ФИЛИАЛ АО "РОСТ БАНК" В Г.ВЛАДИМИРЕ, corrAccount=30101810517080000717, address=, city=Г. ВЛАДИМИР, phones=, country=00000000-0000-0000-0000-000000000000, countryCode=, activityDiscontinued=true}, {guid=78ddabf2-ca67-11e5-826c-605718cb5baa, archive=, dateOutputArchive=, thisGroup=true, parent=00000000-0000-0000-0000-000000000000, bic=36       , swift=, name=САМАРСКАЯ ОБЛАСТЬ, corrAccount=, address=, city=, phones=, country=, countryCode=, activityDiscontinued=}, {guid=78ddac7c-ca67-11e5-826c-605718cb5baa, archive=false, dateOutputArchive=0001-01-01T00:00:00Z, thisGroup=false, parent=78ddac17-ca67-11e5-826c-605718cb5baa, bic=046027835, swift=, name=ООО "РУССКИЙ НАЦИОНАЛЬНЫЙ БАНК", corrAccount=30101810700000000835, address=, city=Г. РОСТОВ-НА-ДОНУ, phones=, country=00000000-0000-0000-0000-000000000000, countryCode=, activityDiscontinued=true}, {guid=78ddabf3-ca67-11e5-826c-605718cb5baa, archive=false, dateOutputArchive=0001-01-01T00:00:00Z, thisGroup=false, parent=78ddabf2-ca67-11e5-826c-605718cb5baa, bic=043601917, swift=GAZPRUMM037, name=Ф-Л БАНКА ГПБ (АО) "ПОВОЛЖСКИЙ", corrAccount=30101810000000000917, address=УЛ НОВО-САДОВАЯ, 106 А, СТР 1, city=Г. САМАРА, phones=(846)3396945,3396946, country=4e127564-d74f-4dd9-bced-0327f0f4e061, countryCode=643, activityDiscontinued=false}, {guid=78ddabf4-ca67-11e5-826c-605718cb5baa, archive=false, dateOutputArchive=0001-01-01T00:00:00Z, thisGroup=false, parent=78ddabe5-ca67-11e5-826c-605718cb5baa, bic=044525225, swift=SABRRUMMXXX, name=ПАО СБЕРБАНК, corrAccount=30101810400000000225, address=УЛ ВАВИЛОВА, 19, city=Г. МОСКВА, phones=(495)5005550,88005555550, country=4e127564-d74f-4dd9-bced-0327f0f4e061, countryCode=643, activityDiscontinued=false}, {guid=78ddabf5-ca67-11e5-826c-605718cb5baa, archive=, dateOutputArchive=, thisGroup=true, parent=00000000-0000-0000-0000-000000000000, bic=87       , swift=, name=РЕСПУБЛИКА КОМИ, corrAccount=, address=, city=, phones=, country=, countryCode=, activityDiscontinued=}, {guid=78ddabf6-ca67-11e5-826c-605718cb5baa, archive=false, dateOutputArchive=0001-01-01T00:00:00Z, thisGroup=false, parent=78ddabf5-ca67-11e5-826c-605718cb5baa, bic=048723000, swift=, name=РКЦ УСИНСК, corrAccount=, address=УЛ НЕФТЯНИКОВ, 30, city=Г. УСИНСК, phones=(82144)41735,41445, country=4e127564-d74f-4dd9-bced-0327f0f4e061, countryCode=643, activityDiscontinued=false}, {guid=78ddabf8-ca67-11e5-826c-605718cb5baa, archive=false, dateOutputArchive=0001-01-01T00:00:00Z, thisGroup=false, parent=78ddabf7-ca67-11e5-826c-605718cb5baa, bic=045354860, swift=FORHRU33XXX, name=АКБ "ФОРШТАДТ" (АО), corrAccount=30101810700000000860, address=УЛ ЧКАЛОВА, 35/1, city=Г. ОРЕНБУРГ, phones=(3532)980486,980412, country=4e127564-d74f-4dd9-bced-0327f0f4e061, countryCode=643, activityDiscontinued=false}, {guid=78ddabf9-ca67-11e5-826c-605718cb5baa, archive=, dateOutputArchive=, thisGroup=true, parent=00000000-0000-0000-0000-000000000000, bic=69       , swift=, name=ТОМСКАЯ ОБЛАСТЬ, corrAccount=, address=, city=, phones=, country=, countryCode=, activityDiscontinued=}, {guid=78ddabfa-ca67-11e5-826c-605718cb5baa, archive=false, dateOutputArchive=0001-01-01T00:00:00Z, thisGroup=false, parent=78ddabf9-ca67-11e5-826c-605718cb5baa, bic=046900000, swift=, name=РКЦ КОЛПАШЕВО, corrAccount=, address=, city=Г. КОЛПАШЕВО, phones=, country=00000000-0000-0000-0000-000000000000, countryCode=, activityDiscontinued=true}, {guid=78ddabfb-ca67-11e5-826c-605718cb5baa, archive=false, dateOutputArchive=0001-01-01T00:00:00Z, thisGroup=false, parent=78ddabe1-ca67-11e5-826c-605718cb5baa, bic=044030752, swift=, name=САНКТ-ПЕТЕРБУРГСКИЙ ФИЛИАЛ "БАНК СГБ", corrAccount=30101810100000000752, address=УЛ. МАРШАЛА ГОВОРОВА, 35 ЛИТ А, city=Г. САНКТ-ПЕТЕРБУРГ, phones=(812)3365900, country=4e127564-d74f-4dd9-bced-0327f0f4e061, countryCode=643, activityDiscontinued=false}, {guid=78ddabfc-ca67-11e5-826c-605718cb5baa, archive=false, dateOutputArchive=0001-01-01T00:00:00Z, thisGroup=false, parent=78ddabe5-ca67-11e5-826c-605718cb5baa, bic=044525102, swift=IKBARUMMXXX, name=АО "ДЕНИЗБАНК МОСКВА", corrAccount=30101810400000000102, address=2-Я ЗВЕНИГОРОД УЛ, 13, СТР 42, city=Г. МОСКВА, phones=(495)7251020, country=4e127564-d74f-4dd9-bced-0327f0f4e061, countryCode=643, activityDiscontinued=false}, {guid=78ddabfd-ca67-11e5-826c-605718cb5baa, archive=, dateOutputArchive=, thisGroup=true, parent=00000000-0000-0000-0000-000000000000, bic=63       , swift=, name=САРАТОВСКАЯ ОБЛАСТЬ, corrAccount=, address=, city=, phones=, country=, countryCode=, activityDiscontinued=}, {guid=78ddabfe-ca67-11e5-826c-605718cb5baa, archive=false, dateOutputArchive=0001-01-01T00:00:00Z, thisGroup=false, parent=78ddabfd-ca67-11e5-826c-605718cb5baa, bic=046380002, swift=, name=ПУ БАНКА РОССИИ ВОЛЖСКОЕ, corrAccount=, address=, city=П. СВЕТЛЫЙ, phones=(84558)33215, country=4e127564-d74f-4dd9-bced-0327f0f4e061, countryCode=643, activityDiscontinued=false}, {guid=78ddabff-ca67-11e5-826c-605718cb5baa, archive=false, dateOutputArchive=0001-01-01T00:00:00Z, thisGroup=false, parent=78ddabe5-ca67-11e5-826c-605718cb5baa, bic=044583695, swift=, name=КУ ОАО БАНК "СОДРУЖЕСТВО"-ГК "АСВ", corrAccount=30101810700000000695, address=, city=Г. МОСКВА, phones=, country=00000000-0000-0000-0000-000000000000, countryCode=, activityDiscontinued=true}, {guid=78ddac00-ca67-11e5-826c-605718cb5baa, archive=, dateOutputArchive=, thisGroup=true, parent=00000000-0000-0000-0000-000000000000, bic=82       , swift=, name=РЕСПУБЛИКА ДАГЕСТАН, corrAccount=, address=, city=, phones=, country=, countryCode=, activityDiscontinued=}, {guid=78ddac01-ca67-11e5-826c-605718cb5baa, archive=false, dateOutputArchive=0001-01-01T00:00:00Z, thisGroup=false, parent=78ddac00-ca67-11e5-826c-605718cb5baa, bic=048209870, swift=, name=ЛИКВ ООО РНКО "УМУТ", corrAccount=30103810400000000870, address=УЛ КАЛИНИНА, 4, city=Г. ХАСАВЮРТ, phones=(87231)51268,51667, country=4e127564-d74f-4dd9-bced-0327f0f4e061, countryCode=643, activityDiscontinued=false}, {guid=78ddac02-ca67-11e5-826c-605718cb5baa, archive=, dateOutputArchive=, thisGroup=true, parent=00000000-0000-0000-0000-000000000000, bic=28       , swift=, name=ТВЕРСКАЯ ОБЛАСТЬ, corrAccount=, address=, city=, phones=, country=, countryCode=, activityDiscontinued=}, {guid=78ddac03-ca67-11e5-826c-605718cb5baa, archive=false, dateOutputArchive=0001-01-01T00:00:00Z, thisGroup=false, parent=78ddac02-ca67-11e5-826c-605718cb5baa, bic=042809909, swift=, name=ТВЕРСКОЙ ФИЛИАЛ АБ "РОССИЯ", corrAccount=30101810700000000909, address=УЛ КРЫЛОВА, 40/29, city=Г. ТВЕРЬ, phones=(4822)347569, country=4e127564-d74f-4dd9-bced-0327f0f4e061, countryCode=643, activityDiscontinued=false}, {guid=78ddac04-ca67-11e5-826c-605718cb5baa, archive=false, dateOutputArchive=0001-01-01T00:00:00Z, thisGroup=false, parent=78ddac00-ca67-11e5-826c-605718cb5baa, bic=048209989, swift=, name=ФИЛИАЛ ИКБ "ЭНТУЗИАСТБАНК" ООО-КИЗЛЯР, corrAccount=30101810882090000989, address=, city=Г. КИЗЛЯР, phones=, country=00000000-0000-0000-0000-000000000000, countryCode=, activityDiscontinued=true}, {guid=78ddac05-ca67-11e5-826c-605718cb5baa, archive=false, dateOutputArchive=0001-01-01T00:00:00Z, thisGroup=false, parent=78ddabe5-ca67-11e5-826c-605718cb5baa, bic=044583844, swift=, name=КУ КОММЕРЧЕСКИЙ БАНК "СДБ" (ООО) ГК "АСВ", corrAccount=30101810700000000844, address=, city=Г. МОСКВА, phones=, country=00000000-0000-0000-0000-000000000000, countryCode=, activityDiscontinued=true}, {guid=78ddac06-ca67-11e5-826c-605718cb5baa, archive=false, dateOutputArchive=0001-01-01T00:00:00Z, thisGroup=false, parent=78ddabe5-ca67-11e5-826c-605718cb5baa, bic=044525938, swift=, name=МОСКОВСКИЙ ФИЛИАЛ АО АКБ "ТЕКСБАНК", corrAccount=30101810945250000938, address=ОЛИМПИЙСКИЙ ПР-Т, 26, СТР 1, city=Г. МОСКВА, phones=(495)6480048, country=4e127564-d74f-4dd9-bced-0327f0f4e061, countryCode=643, activityDiscontinued=false}, {guid=78ddac07-ca67-11e5-826c-605718cb5baa, archive=, dateOutputArchive=, thisGroup=true, parent=00000000-0000-0000-0000-000000000000, bic=50       , swift=, name=НОВОСИБИРСКАЯ ОБЛАСТЬ, corrAccount=, address=, city=, phones=, country=, countryCode=, activityDiscontinued=}, {guid=78ddac08-ca67-11e5-826c-605718cb5baa, archive=false, dateOutputArchive=0001-01-01T00:00:00Z, thisGroup=false, parent=78ddac07-ca67-11e5-826c-605718cb5baa, bic=045004747, swift=, name=ФИЛИАЛ "НОВОСИБИРСКИЙ" АО "ГЛОБЭКСБАНК", corrAccount=30101810150040000747, address=УЛ ВОКЗАЛЬНАЯ МАГИСТРАЛЬ, 8 А, city=Г. НОВОСИБИРСК, phones=(383)2181508, country=4e127564-d74f-4dd9-bced-0327f0f4e061, countryCode=643, activityDiscontinued=false}, {guid=78ddac09-ca67-11e5-826c-605718cb5baa, archive=, dateOutputArchive=, thisGroup=true, parent=00000000-0000-0000-0000-000000000000, bic=65       , swift=, name=СВЕРДЛОВСКАЯ ОБЛАСТЬ, corrAccount=, address=, city=, phones=, country=, countryCode=, activityDiscontinued=}, {guid=78ddac0a-ca67-11e5-826c-605718cb5baa, archive=false, dateOutputArchive=0001-01-01T00:00:00Z, thisGroup=false, parent=78ddac09-ca67-11e5-826c-605718cb5baa, bic=046577907, swift=, name=ЕКАТЕРИНБУРГСКИЙ ФИЛИАЛ ПАО "АК БАРС" БАНК, corrAccount=30101810400000000907, address=ПР-Т ЛЕНИНА, 20, city=Г. ЕКАТЕРИНБУРГ, phones=(343)3556015, country=4e127564-d74f-4dd9-bced-0327f0f4e061, countryCode=643, activityDiscontinued=false}, {guid=78ddac0b-ca67-11e5-826c-605718cb5baa, archive=, dateOutputArchive=, thisGroup=true, parent=00000000-0000-0000-0000-000000000000, bic=47       , swift=, name=МУРМАНСКАЯ ОБЛАСТЬ, corrAccount=, address=, city=, phones=, country=, countryCode=, activityDiscontinued=}, {guid=78ddac0c-ca67-11e5-826c-605718cb5baa, archive=false, dateOutputArchive=0001-01-01T00:00:00Z, thisGroup=false, parent=78ddac0b-ca67-11e5-826c-605718cb5baa, bic=044705824, swift=, name=ФИЛИАЛ ПАО "ОФК БАНК" В МУРМАНСКЕ, corrAccount=30101810900000000824, address=, city=Г. МУРМАНСК, phones=, country=00000000-0000-0000-0000-000000000000, countryCode=, activityDiscontinued=true}, {guid=78ddac0d-ca67-11e5-826c-605718cb5baa, archive=, dateOutputArchive=, thisGroup=true, parent=00000000-0000-0000-0000-000000000000, bic=19       , swift=, name=ВОЛОГОДСКАЯ ОБЛАСТЬ, corrAccount=, address=, city=, phones=, country=, countryCode=, activityDiscontinued=}, {guid=78ddac0e-ca67-11e5-826c-605718cb5baa, archive=false, dateOutputArchive=0001-01-01T00:00:00Z, thisGroup=false, parent=78ddac0d-ca67-11e5-826c-605718cb5baa, bic=041909708, swift=, name=КУ НКО "КРЕДИТАЛЬЯНС" (ООО), corrAccount=30103810200000000708, address=, city=Г. ВОЛОГДА, phones=, country=00000000-0000-0000-0000-000000000000, countryCode=, activityDiscontinued=true}, {guid=78ddac0f-ca67-11e5-826c-605718cb5baa, archive=, dateOutputArchive=, thisGroup=true, parent=00000000-0000-0000-0000-000000000000, bic=03       , swift=, name=КРАСНОДАРСКИЙ КРАЙ, corrAccount=, address=, city=, phones=, country=, countryCode=, activityDiscontinued=}, {guid=78ddac10-ca67-11e5-826c-605718cb5baa, archive=false, dateOutputArchive=0001-01-01T00:00:00Z, thisGroup=false, parent=78ddac0f-ca67-11e5-826c-605718cb5baa, bic=040349749, swift=, name=КРАСНОДАРСКИЙ ФИЛИАЛ ТКБ БАНК ПАО, corrAccount=30101810500000000749, address=УЛ ФРУНЗЕ, 169, city=Г. КРАСНОДАР, phones=(861)2104542,2104546, country=4e127564-d74f-4dd9-bced-0327f0f4e061, countryCode=643, activityDiscontinued=false}, {guid=78ddac11-ca67-11e5-826c-605718cb5baa, archive=false, dateOutputArchive=0001-01-01T00:00:00Z, thisGroup=false, parent=78ddabf5-ca67-11e5-826c-605718cb5baa, bic=048702731, swift=, name=ФИЛИАЛ КБ "РОСПРОМБАНК" (ООО) В Г. СЫКТЫВКАРЕ, corrAccount=30101810500000000731, address=, city=Г. СЫКТЫВКАР, phones=, country=00000000-0000-0000-0000-000000000000, countryCode=, activityDiscontinued=true}, {guid=78ddac12-ca67-11e5-826c-605718cb5baa, archive=, dateOutputArchive=, thisGroup=true, parent=00000000-0000-0000-0000-000000000000, bic=20       , swift=, name=ВОРОНЕЖСКАЯ ОБЛАСТЬ, corrAccount=, address=, city=, phones=, country=, countryCode=, activityDiscontinued=}, {guid=78ddac13-ca67-11e5-826c-605718cb5baa, archive=false, dateOutputArchive=0001-01-01T00:00:00Z, thisGroup=false, parent=78ddac12-ca67-11e5-826c-605718cb5baa, bic=042007001, swift=, name=ОТДЕЛЕНИЕ ВОРОНЕЖ, corrAccount=, address=УЛ ТЕАТРАЛЬНАЯ, 36, city=Г. ВОРОНЕЖ, phones=(473)2555820,2699990, country=4e127564-d74f-4dd9-bced-0327f0f4e061, countryCode=643, activityDiscontinued=false}, {guid=78ddac14-ca67-11e5-826c-605718cb5baa, archive=, dateOutputArchive=, thisGroup=true, parent=00000000-0000-0000-0000-000000000000, bic=76       , swift=, name=ЗАБАЙКАЛЬСКИЙ КРАЙ, corrAccount=, address=, city=, phones=, country=, countryCode=, activityDiscontinued=}, {guid=78ddac15-ca67-11e5-826c-605718cb5baa, archive=false, dateOutputArchive=0001-01-01T00:00:00Z, thisGroup=false, parent=78ddac14-ca67-11e5-826c-605718cb5baa, bic=047601637, swift=SABRRU66CHT, name=ЧИТИНСКОЕ ОТДЕЛЕНИЕ  N8600 ПАО СБЕРБАНК, corrAccount=30101810500000000637, address=УЛ ПОЛИНЫ ОСИПЕНКО, 40, city=Г. ЧИТА, phones=(3022)336111, country=4e127564-d74f-4dd9-bced-0327f0f4e061, countryCode=643, activityDiscontinued=false}, {guid=78ddac16-ca67-11e5-826c-605718cb5baa, archive=false, dateOutputArchive=0001-01-01T00:00:00Z, thisGroup=false, parent=78ddabdb-ca67-11e5-826c-605718cb5baa, bic=043209770, swift=NOOBRU55XXX, name=ООО "НОВОКИБ", corrAccount=30101810900000000770, address=УЛ КИРОВА, 69, city=Г. НОВОКУЗНЕЦК, phones=(3843)539698,459267, country=4e127564-d74f-4dd9-bced-0327f0f4e061, countryCode=643, activityDiscontinued=false}, {guid=78ddac17-ca67-11e5-826c-605718cb5baa, archive=, dateOutputArchive=, thisGroup=true, parent=00000000-0000-0000-0000-000000000000, bic=60       , swift=, name=РОСТОВСКАЯ ОБЛАСТЬ, corrAccount=, address=, city=, phones=, country=, countryCode=, activityDiscontinued=}, {guid=78ddac18-ca67-11e5-826c-605718cb5baa, archive=false, dateOutputArchive=0001-01-01T00:00:00Z, thisGroup=false, parent=78ddac17-ca67-11e5-826c-605718cb5baa, bic=046015293, swift=, name=РОСТОВСКИЙ ФИЛИАЛ НКО "ИНКАХРАН" (АО), corrAccount=30103810860150000293, address=, city=Г. РОСТОВ-НА-ДОНУ, phones=, country=00000000-0000-0000-0000-000000000000, countryCode=, activityDiscontinued=true}, {guid=78ddac19-ca67-11e5-826c-605718cb5baa, archive=false, dateOutputArchive=0001-01-01T00:00:00Z, thisGroup=false, parent=78ddac07-ca67-11e5-826c-605718cb5baa, bic=045004775, swift=, name=НОВОСИБИРСКИЙ ФИЛИАЛ ПАО "БИНБАНК", corrAccount=30101810850040000775, address=, city=Г. НОВОСИБИРСК, phones=, country=00000000-0000-0000-0000-000000000000, countryCode=, activityDiscontinued=true}, {guid=78ddac1a-ca67-11e5-826c-605718cb5baa, archive=false, dateOutputArchive=0001-01-01T00:00:00Z, thisGroup=false, parent=78ddabe5-ca67-11e5-826c-605718cb5baa, bic=044583138, swift=, name=ООО КБ "РАСЧЕТНЫЙ ДОМ", corrAccount=30101810500000000138, address=, city=Г. МОСКВА, phones=, country=00000000-0000-0000-0000-000000000000, countryCode=, activityDiscontinued=true}, {guid=78ddac1b-ca67-11e5-826c-605718cb5baa, archive=false, dateOutputArchive=0001-01-01T00:00:00Z, thisGroup=false, parent=78ddabe5-ca67-11e5-826c-605718cb5baa, bic=044525762, swift=, name=КУ КБ "ЕВРОТРАСТ" (ЗАО) ГК "АСВ", corrAccount=30101810400000000762, address=УЛ ВЫСОЦКОГО, 4, city=Г. МОСКВА, phones=(495)9612526, country=4e127564-d74f-4dd9-bced-0327f0f4e061, countryCode=643, activityDiscontinued=false}, {guid=78ddaca1-ca67-11e5-826c-605718cb5baa, archive=, dateOutputArchive=, thisGroup=true, parent=00000000-0000-0000-0000-000000000000, bic=37       , swift=, name=КУРГАНСКАЯ ОБЛАСТЬ, corrAccount=, address=, city=, phones=, country=, countryCode=, activityDiscontinued=}, {guid=78ddac1d-ca67-11e5-826c-605718cb5baa, archive=false, dateOutputArchive=0001-01-01T00:00:00Z, thisGroup=false, parent=78ddabe5-ca67-11e5-826c-605718cb5baa, bic=044525235, swift=, name=КУ ООО "М ПЛЮС" ГК "АСВ", corrAccount=30101810745250000235, address=УЛ ВЫСОЦКОГО, 4, city=Г. МОСКВА, phones=(495)9612526, country=4e127564-d74f-4dd9-bced-0327f0f4e061, countryCode=643, activityDiscontinued=false}, {guid=78ddac1e-ca67-11e5-826c-605718cb5baa, archive=false, dateOutputArchive=0001-01-01T00:00:00Z, thisGroup=false, parent=78ddabe5-ca67-11e5-826c-605718cb5baa, bic=044583701, swift=, name=ООО НКО "ДЕНЬГИ.МЭЙЛ.РУ", corrAccount=30103810100000000701, address=, city=Г. МОСКВА, phones=, country=00000000-0000-0000-0000-000000000000, countryCode=, activityDiscontinued=true}, {guid=78ddac1f-ca67-11e5-826c-605718cb5baa, archive=false, dateOutputArchive=0001-01-01T00:00:00Z, thisGroup=false, parent=78ddabe1-ca67-11e5-826c-605718cb5baa, bic=044030769, swift=, name=КУ ОАО КБ "ПЕТРО-АЭРО-БАНК"-ГК "АСВ", corrAccount=30101810300000000769, address=, city=Г. САНКТ-ПЕТЕРБУРГ, phones=, country=00000000-0000-0000-0000-000000000000, countryCode=, activityDiscontinued=true}, {guid=e8b018e6-ca8b-11e5-826c-605718cb5baa, archive=false, dateOutputArchive=0001-01-01T00:00:00Z, thisGroup=false, parent=78ddac9c-ca67-11e5-826c-605718cb5baa, bic=040481000, swift=, name=РКЦ АЧИНСК, corrAccount=, address=, city=Г. АЧИНСК, phones=, country=00000000-0000-0000-0000-000000000000, countryCode=, activityDiscontinued=true}, {guid=78ddac20-ca67-11e5-826c-605718cb5baa, archive=false, dateOutputArchive=0001-01-01T00:00:00Z, thisGroup=false, parent=78ddac0f-ca67-11e5-826c-605718cb5baa, bic=040396844, swift=, name=КОНКУРСНЫЙ УПРАВЛЯЮЩИЙ ООО КИИБ"СОЧИ"-ГК"АСВ", corrAccount=30101810700000000844, address=УЛ ВЫСОЦКОГО, 4, city=Г. МОСКВА, phones=(495)7253117, country=4e127564-d74f-4dd9-bced-0327f0f4e061, countryCode=643, activityDiscontinued=false}, {guid=78ddac21-ca67-11e5-826c-605718cb5baa, archive=, dateOutputArchive=, thisGroup=true, parent=00000000-0000-0000-0000-000000000000, bic=22       , swift=, name=НИЖЕГОРОДСКАЯ ОБЛАСТЬ, corrAccount=, address=, city=, phones=, country=, countryCode=, activityDiscontinued=}, {guid=78ddac22-ca67-11e5-826c-605718cb5baa, archive=false, dateOutputArchive=0001-01-01T00:00:00Z, thisGroup=false, parent=78ddac21-ca67-11e5-826c-605718cb5baa, bic=042202821, swift=, name=ФАКБ "РОССИЙСКИЙ КАПИТАЛ" (АО) НИЖЕГОРОДСКИЙ, corrAccount=30101810300000000821, address=УЛ ОШАРСКАЯ, 52, city=Г. НИЖНИЙ НОВГОРОД, phones=(831)2816345, country=4e127564-d74f-4dd9-bced-0327f0f4e061, countryCode=643, activityDiscontinued=false}, {guid=78ddac23-ca67-11e5-826c-605718cb5baa, archive=false, dateOutputArchive=0001-01-01T00:00:00Z, thisGroup=false, parent=78ddabe5-ca67-11e5-826c-605718cb5baa, bic=044525551, swift=ICBKRUMMXXX, name=АЙСИБИСИ БАНК (АО), corrAccount=30101810200000000551, address=СЕРЕБРЯНИЧЕСКАЯ НАБ, 29, city=Г. МОСКВА, phones=(495)2873099, country=4e127564-d74f-4dd9-bced-0327f0f4e061, countryCode=643, activityDiscontinued=false}, {guid=78ddac24-ca67-11e5-826c-605718cb5baa, archive=false, dateOutputArchive=0001-01-01T00:00:00Z, thisGroup=false, parent=78ddabe5-ca67-11e5-826c-605718cb5baa, bic=044525476, swift=CBMWRUMMXXX, name=АО "МОСКОМБАНК", corrAccount=30101810245250000476, address=УЛ 1-Я ФРУНЗЕНСКАЯ, 5, city=Г. МОСКВА, phones=(495)6091919, country=4e127564-d74f-4dd9-bced-0327f0f4e061, countryCode=643, activityDiscontinued=false}, {guid=78ddac25-ca67-11e5-826c-605718cb5baa, archive=, dateOutputArchive=, thisGroup=true, parent=00000000-0000-0000-0000-000000000000, bic=00       , swift=, name=ТЕРРИТОРИЯ НЕ ОПРЕДЕЛЕНА, corrAccount=, address=, city=, phones=, country=, countryCode=, activityDiscontinued=}, {guid=78ddac26-ca67-11e5-826c-605718cb5baa, archive=false, dateOutputArchive=0001-01-01T00:00:00Z, thisGroup=false, parent=78ddac25-ca67-11e5-826c-605718cb5baa, bic=040004002, swift=, name=ПУ БАНКА РОССИИ N 67903, corrAccount=, address=П/П 67903, city=, phones=, country=4e127564-d74f-4dd9-bced-0327f0f4e061, countryCode=643, activityDiscontinued=false}, {guid=78ddac27-ca67-11e5-826c-605718cb5baa, archive=false, dateOutputArchive=0001-01-01T00:00:00Z, thisGroup=false, parent=78ddac00-ca67-11e5-826c-605718cb5baa, bic=048209788, swift=, name=ФАКБ "ИНВЕСТТОРГБАНК" (ПАО) "МАХАЧКАЛИНСКИЙ", corrAccount=30101810400000000788, address=, city=Г. МАХАЧКАЛА, phones=, country=00000000-0000-0000-0000-000000000000, countryCode=, activityDiscontinued=true}, {guid=78ddac28-ca67-11e5-826c-605718cb5baa, archive=, dateOutputArchive=, thisGroup=true, parent=00000000-0000-0000-0000-000000000000, bic=94       , swift=, name=УДМУРТСКАЯ РЕСПУБЛИКА, corrAccount=, address=, city=, phones=, country=, countryCode=, activityDiscontinued=}, {guid=78ddac29-ca67-11e5-826c-605718cb5baa, archive=false, dateOutputArchive=0001-01-01T00:00:00Z, thisGroup=false, parent=78ddac28-ca67-11e5-826c-605718cb5baa, bic=049401825, swift=, name=КОНКУРСНЫЙ УПРАВЛЯЮЩИЙ ОАО "МОБИЛБАНК", corrAccount=30101810600000000825, address=УЛ ПУШКИНСКАЯ, 268, city=Г. ИЖЕВСК, phones=(3412)908911,655104, country=4e127564-d74f-4dd9-bced-0327f0f4e061, countryCode=643, activityDiscontinued=false}]

at java.base/jdk.internal.reflect.DirectConstructorHandleAccessor.newInstance(DirectConstructorHandleAccessor.java:67)
at java.base/java.lang.reflect.Constructor.newInstanceWithCaller(Constructor.java:500)
at java.base/java.lang.reflect.Constructor.newInstance(Constructor.java:484)
at org.codehaus.groovy.reflection.CachedConstructor.invoke(CachedConstructor.java:73)
at org.codehaus.groovy.runtime.callsite.ConstructorSite$ConstructorSiteNoUnwrapNoCoerce.callConstructor(ConstructorSite.java:108)
at org.codehaus.groovy.runtime.callsite.AbstractCallSite.callConstructor(AbstractCallSite.java:277)
at io.restassured.internal.ResponseSpecificationImpl$HamcrestAssertionClosure.validate(ResponseSpecificationImpl.groovy:512)
at io.restassured.internal.ResponseSpecificationImpl$HamcrestAssertionClosure$validate$1.call(Unknown Source)
at io.restassured.internal.ResponseSpecificationImpl.validateResponseIfRequired(ResponseSpecificationImpl.groovy:696)
at io.restassured.internal.ResponseSpecificationImpl.this$2$validateResponseIfRequired(ResponseSpecificationImpl.groovy)
at java.base/jdk.internal.reflect.DirectMethodHandleAccessor.invoke(DirectMethodHandleAccessor.java:104)
at java.base/java.lang.reflect.Method.invoke(Method.java:578)
at org.codehaus.groovy.runtime.callsite.PlainObjectMetaMethodSite.doInvoke(PlainObjectMetaMethodSite.java:43)
at org.codehaus.groovy.runtime.callsite.PogoMetaMethodSite$PogoCachedMethodSiteNoUnwrapNoCoerce.invoke(PogoMetaMethodSite.java:198)
at org.codehaus.groovy.runtime.callsite.PogoMetaMethodSite.callCurrent(PogoMetaMethodSite.java:62)
at org.codehaus.groovy.runtime.callsite.AbstractCallSite.callCurrent(AbstractCallSite.java:185)
at io.restassured.internal.ResponseSpecificationImpl.body(ResponseSpecificationImpl.groovy:107)
at io.restassured.internal.ValidatableResponseOptionsImpl.body(ValidatableResponseOptionsImpl.java:238)
at AutoTest.ClassifireIsAllRussianTest.getBankListStepIsEmpty(ClassifireIsAllRussianTest.java:551)
at java.base/jdk.internal.reflect.DirectMethodHandleAccessor.invoke(DirectMethodHandleAccessor.java:104)
at java.base/java.lang.reflect.Method.invoke(Method.java:578)
at org.testng.internal.invokers.MethodInvocationHelper.invokeMethod(MethodInvocationHelper.java:139)
at org.testng.internal.invokers.TestInvoker.invokeMethod(TestInvoker.java:677)
at org.testng.internal.invokers.TestInvoker.invokeTestMethod(TestInvoker.java:221)
at org.testng.internal.invokers.MethodRunner.runInSequence(MethodRunner.java:50)
at org.testng.internal.invokers.TestInvoker$MethodInvocationAgent.invoke(TestInvoker.java:969)
at org.testng.internal.invokers.TestInvoker.invokeTestMethods(TestInvoker.java:194)
at org.testng.internal.invokers.TestMethodWorker.invokeTestMethods(TestMethodWorker.java:148)
at org.testng.internal.invokers.TestMethodWorker.run(TestMethodWorker.java:128)
at java.base/java.util.ArrayList.forEach(ArrayList.java:1511)
at org.testng.TestRunner.privateRun(TestRunner.java:829)
at org.testng.TestRunner.run(TestRunner.java:602)
at org.testng.SuiteRunner.runTest(SuiteRunner.java:437)
at org.testng.SuiteRunner.runSequentially(SuiteRunner.java:431)
at org.testng.SuiteRunner.privateRun(SuiteRunner.java:391)
at org.testng.SuiteRunner.run(SuiteRunner.java:330)
at org.testng.SuiteRunnerWorker.runSuite(SuiteRunnerWorker.java:52)
at org.testng.SuiteRunnerWorker.run(SuiteRunnerWorker.java:95)
at org.testng.TestNG.runSuitesSequentially(TestNG.java:1256)
at org.testng.TestNG.runSuitesLocally(TestNG.java:1176)
at org.testng.TestNG.runSuites(TestNG.java:1099)
at org.testng.TestNG.run(TestNG.java:1067)
at org.apache.maven.surefire.testng.TestNGExecutor.run(TestNGExecutor.java:132)
at org.apache.maven.surefire.testng.TestNGDirectoryTestSuite.executeMulti(TestNGDirectoryTestSuite.java:193)
at org.apache.maven.surefire.testng.TestNGDirectoryTestSuite.execute(TestNGDirectoryTestSuite.java:94)
at org.apache.maven.surefire.testng.TestNGProvider.invoke(TestNGProvider.java:147)
at org.apache.maven.surefire.booter.ForkedBooter.invokeProviderInSameClassLoader(ForkedBooter.java:290)
at org.apache.maven.surefire.booter.ForkedBooter.runSuitesInProcess(ForkedBooter.java:242)
at org.apache.maven.surefire.booter.ForkedBooter.main(ForkedBooter.java:121)
]]>
    </failure>
  </testcase> <!-- getBankListStepIsEmpty -->
  <system-out/>
  <testcase classname="AutoTest.ClassifireIsAllRussianTest" name="getBankListStepMaxPlus" time="0.855"/>
  <system-out/>
  <testcase classname="AutoTest.ClassifireIsAllRussianTest" name="getCurrencyList" time="0.995"/>
  <system-out/>
  <testcase classname="AutoTest.ClassifireIsAllRussianTest" name="getBankListStepMaxPlus" time="0.998"/>
  <system-out/>
  <testcase classname="AutoTest.ClassifireIsAllRussianTest" name="getBankGuidNotExist" time="1.016"/>
  <system-out/>
  <testcase classname="AutoTest.ClassifireIsAllRussianTest" name="getTnvedGuidNotExist" time="0.937"/>
  <system-out/>
  <testcase classname="AutoTest.ClassifireIsAllRussianTest" name="getOkopfGuidNotExist" time="0.821"/>
  <system-out/>
  <testcase classname="AutoTest.ClassifireIsAllRussianTest" name="getOkvedListStepMaxPlus" time="0.984"/>
  <system-out/>
  <testcase classname="AutoTest.ClassifireIsAllRussianTest" name="getBankListStepMaxPlus" time="1.015"/>
  <system-out/>
  <testcase classname="AutoTest.ClassifireIsAllRussianTest" name="getCurrencyList" time="1.022"/>
  <system-out/>
  <testcase classname="AutoTest.ClassifireIsAllRussianTest" name="getRegionGuidNotExist" time="1.017"/>
  <system-out/>
  <testcase classname="AutoTest.ClassifireIsAllRussianTest" name="getTnvedListStepMaxPlus" time="1.025"/>
  <system-out/>
  <testcase classname="AutoTest.ClassifireIsAllRussianTest" name="getOkpdListStepMaxPlus" time="0.997"/>
  <system-out/>
  <testcase classname="AutoTest.ClassifireIsAllRussianTest" name="getOkpdListStepMaxPlus" time="0.974"/>
  <system-out/>
  <testcase classname="AutoTest.ClassifireIsAllRussianTest" name="getOkopfGuidNotExist" time="1.010"/>
  <system-out/>
  <testcase classname="AutoTest.ClassifireIsAllRussianTest" name="getCurrencyList" time="1.019"/>
  <system-out/>
  <testcase classname="AutoTest.ClassifireIsAllRussianTest" name="getRegionList" time="0.996"/>
  <system-out/>
  <testcase classname="AutoTest.ClassifireIsAllRussianTest" name="getRegionGuid" time="0.988"/>
  <system-out/>
  <testcase classname="AutoTest.ClassifireIsAllRussianTest" name="getOkopfListStepMaxPlus" time="1.004"/>
  <system-out/>
  <testcase classname="AutoTest.ClassifireIsAllRussianTest" name="getOkpdGuidNotExist" time="1.001"/>
  <system-out/>
  <testcase classname="AutoTest.ClassifireIsAllRussianTest" name="getCountryListStepMaxPlus" time="0.987"/>
  <system-out/>
  <testcase classname="AutoTest.ClassifireIsAllRussianTest" name="getOkpdList" time="0.997"/>
  <system-out/>
  <testcase classname="AutoTest.ClassifireIsAllRussianTest" name="getOkopfListStepMaxPlus" time="0.965"/>
  <system-out/>
  <testcase classname="AutoTest.ClassifireIsAllRussianTest" name="getOkvedListStepMaxPlus" time="0.983"/>
  <system-out/>
  <testcase classname="AutoTest.ClassifireIsAllRussianTest" name="getCountryGuidNotExist" time="1.001"/>
  <system-out/>
  <testcase classname="AutoTest.ClassifireIsAllRussianTest" name="getCountryListStepMaxPlus" time="1.193"/>
  <system-out/>
  <testcase classname="AutoTest.ClassifireIsAllRussianTest" name="getCurrencyGuidNotExist" time="0.984"/>
  <system-out/>
  <testcase classname="AutoTest.ClassifireIsAllRussianTest" name="getOkvedGuidNotExist" time="1.205"/>
  <system-out/>
  <testcase classname="AutoTest.ClassifireIsAllRussianTest" name="getOkpdListStepMaxPlus" time="0.969"/>
  <system-out/>
  <testcase classname="AutoTest.ClassifireIsAllRussianTest" name="getCurrencyListStepMaxPlus" time="1.068"/>
  <system-out/>
  <testcase classname="AutoTest.ClassifireIsAllRussianTest" name="getTnvedListStepMaxPlus" time="0.991"/>
  <system-out/>
  <testcase classname="AutoTest.ClassifireIsAllRussianTest" name="getOkopfListStepMaxPlus" time="0.966"/>
  <system-out/>
  <testcase classname="AutoTest.ClassifireIsAllRussianTest" name="getCurrencyList" time="0.969"/>
  <system-out/>
  <testcase classname="AutoTest.ClassifireIsAllRussianTest" name="getCurrencyListStepMaxPlus" time="1.019"/>
  <system-out/>
  <testcase classname="AutoTest.ClassifireIsAllRussianTest" name="getOkpdGuidNotExist" time="0.935"/>
  <system-out/>
  <testcase classname="AutoTest.ClassifireIsAllRussianTest" name="getOkpdGuidNotExist" time="1.010"/>
  <system-out/>
  <testcase classname="AutoTest.ClassifireIsAllRussianTest" name="getTnvedGuidNotExist" time="1.004"/>
  <system-out/>
  <testcase classname="AutoTest.ClassifireIsAllRussianTest" name="getOkpdGuidNotExist" time="1.033"/>
  <system-out/>
  <testcase classname="AutoTest.ClassifireIsAllRussianTest" name="getTnvedListStepMaxPlus" time="1.001"/>
  <system-out/>
  <testcase classname="AutoTest.ClassifireIsAllRussianTest" name="getOkpdList" time="1.224"/>
  <system-out/>
  <testcase classname="AutoTest.ClassifireIsAllRussianTest" name="getRegionList" time="1.013"/>
  <system-out/>
  <testcase classname="AutoTest.ClassifireIsAllRussianTest" name="getOkvedListStepMaxPlus" time="1.052"/>
  <system-out/>
  <testcase classname="AutoTest.ClassifireIsAllRussianTest" name="getOkopfListStepMaxPlus" time="0.844"/>
  <system-out/>
  <testcase classname="AutoTest.ClassifireIsAllRussianTest" name="getOkpdListStepMaxPlus" time="1.283"/>
  <system-out/>
  <testcase classname="AutoTest.ClassifireIsAllRussianTest" name="getRegionListStepIsEmpty" time="0.989"/>
  <system-out/>
  <testcase classname="AutoTest.ClassifireIsAllRussianTest" name="getRegionListStepMaxPlus" time="1.022"/>
  <system-out/>
  <testcase classname="AutoTest.ClassifireIsAllRussianTest" name="getOkpdListStepMaxPlus" time="0.958"/>
  <system-out/>
  <testcase classname="AutoTest.ClassifireIsAllRussianTest" name="getOkvedGuidNotExist" time="0.809"/>
  <system-out/>
  <testcase classname="AutoTest.ClassifireIsAllRussianTest" name="getRegionList" time="1.018"/>
  <system-out/>
  <testcase classname="AutoTest.ClassifireIsAllRussianTest" name="getOkvedGuidNotExist" time="0.995"/>
  <system-out/>
  <testcase classname="AutoTest.ClassifireIsAllRussianTest" name="getBankGuidNotExist" time="0.997"/>
  <system-out/>
  <testcase classname="AutoTest.ClassifireIsAllRussianTest" name="getOkopfGuidNotExist" time="0.970"/>
  <system-out/>
  <testcase classname="AutoTest.ClassifireIsAllRussianTest" name="getRegionListStepMaxPlus" time="1.045"/>
  <system-out/>
  <testcase classname="AutoTest.ClassifireIsAllRussianTest" name="getRegionListStepMaxPlus" time="0.934"/>
  <system-out/>
  <testcase classname="AutoTest.ClassifireIsAllRussianTest" name="getRegionGuidNotExist" time="0.808"/>
  <system-out/>
  <testcase classname="AutoTest.ClassifireIsAllRussianTest" name="getOkvedListStepMaxPlus" time="0.993"/>
  <system-out/>
  <testcase classname="AutoTest.ClassifireIsAllRussianTest" name="getOkvedGuidNotExist" time="1.047"/>
  <system-out/>
  <testcase classname="AutoTest.ClassifireIsAllRussianTest" name="getOkpdGuidNotExist" time="1.022"/>
  <system-out/>
  <testcase classname="AutoTest.ClassifireIsAllRussianTest" name="getOkvedListStepMaxPlus" time="0.992"/>
  <system-out/>
  <testcase classname="AutoTest.ClassifireIsAllRussianTest" name="getCurrencyGuid" time="1.020"/>
  <system-out/>
  <testcase classname="AutoTest.ClassifireIsAllRussianTest" name="getTnvedListStepMaxPlus" time="1.020"/>
  <system-out/>
  <testcase classname="AutoTest.ClassifireIsAllRussianTest" name="getOkpdListStepMaxPlus" time="0.997"/>
  <system-out/>
  <testcase classname="AutoTest.ClassifireIsAllRussianTest" name="getCountryGuidNotExist" time="0.947"/>
  <system-out/>
  <testcase classname="AutoTest.ClassifireIsAllRussianTest" name="getOkopfGuidNotExist" time="0.974"/>
  <system-out/>
  <testcase classname="AutoTest.ClassifireIsAllRussianTest" name="getCountryListStepMaxPlus" time="0.992"/>
  <system-out/>
  <testcase classname="AutoTest.ClassifireIsAllRussianTest" name="getBankListStepMaxPlus" time="0.998"/>
  <system-out/>
  <testcase classname="AutoTest.ClassifireIsAllRussianTest" name="getCountryListStepMaxPlus" time="1.021"/>
  <system-out/>
  <testcase classname="AutoTest.ClassifireIsAllRussianTest" name="getOkvedGuidNotExist" time="1.009"/>
  <system-out/>
  <testcase classname="AutoTest.ClassifireIsAllRussianTest" name="getBankList" time="1.220">
    <failure message="1 expectation failed.
Response body doesn&#039;t match expectation.
Expected: The content to match the given JSON schema.
error: instance type (string) does not match any allowed primitive type (allowed: [&quot;boolean&quot;])
    level: &quot;error&quot;
    schema: {&quot;loadingURI&quot;:&quot;file:/C:/Users/Sasha/Api/target/test-classes/getBankList.json#&quot;,&quot;pointer&quot;:&quot;/items/properties/activityDiscontinued&quot;}
    instance: {&quot;pointer&quot;:&quot;/13/activityDiscontinued&quot;}
    domain: &quot;validation&quot;
    keyword: &quot;type&quot;
    found: &quot;string&quot;
    expected: [&quot;boolean&quot;]
error: string &quot;&quot; is too short (length: 0, required minimum: 1)
    level: &quot;error&quot;
    schema: {&quot;loadingURI&quot;:&quot;file:/C:/Users/Sasha/Api/target/test-classes/getBankList.json#&quot;,&quot;pointer&quot;:&quot;/items/properties/address&quot;}
    instance: {&quot;pointer&quot;:&quot;/13/address&quot;}
    domain: &quot;validation&quot;
    keyword: &quot;minLength&quot;
    value: &quot;&quot;
    found: 0
    minLength: 1
error: instance type (string) does not match any allowed primitive type (allowed: [&quot;boolean&quot;])
    level: &quot;error&quot;
    schema: {&quot;loadingURI&quot;:&quot;file:/C:/Users/Sasha/Api/target/test-classes/getBankList.json#&quot;,&quot;pointer&quot;:&quot;/items/properties/archive&quot;}
    instance: {&quot;pointer&quot;:&quot;/13/archive&quot;}
    domain: &quot;validation&quot;
    keyword: &quot;type&quot;
    found: &quot;string&quot;
    expected: [&quot;boolean&quot;]
error: string &quot;&quot; is too short (length: 0, required minimum: 1)
    level: &quot;error&quot;
    schema: {&quot;loadingURI&quot;:&quot;file:/C:/Users/Sasha/Api/target/test-classes/getBankList.json#&quot;,&quot;pointer&quot;:&quot;/items/properties/city&quot;}
    instance: {&quot;pointer&quot;:&quot;/13/city&quot;}
    domain: &quot;validation&quot;
    keyword: &quot;minLength&quot;
    value: &quot;&quot;
    found: 0
    minLength: 1
error: string &quot;&quot; is too short (length: 0, required minimum: 20)
    level: &quot;error&quot;
    schema: {&quot;loadingURI&quot;:&quot;file:/C:/Users/Sasha/Api/target/test-classes/getBankList.json#&quot;,&quot;pointer&quot;:&quot;/items/properties/corrAccount&quot;}
    instance: {&quot;pointer&quot;:&quot;/13/corrAccount&quot;}
    domain: &quot;validation&quot;
    keyword: &quot;minLength&quot;
    value: &quot;&quot;
    found: 0
    minLength: 20
error: string &quot;&quot; is too short (length: 0, required minimum: 36)
    level: &quot;error&quot;
    schema: {&quot;loadingURI&quot;:&quot;file:/C:/Users/Sasha/Api/target/test-classes/getBankList.json#&quot;,&quot;pointer&quot;:&quot;/items/properties/country&quot;}
    instance: {&quot;pointer&quot;:&quot;/13/country&quot;}
    domain: &quot;validation&quot;
    keyword: &quot;minLength&quot;
    value: &quot;&quot;
    found: 0
    minLength: 36
error: string &quot;&quot; is too short (length: 0, required minimum: 3)
    level: &quot;error&quot;
    schema: {&quot;loadingURI&quot;:&quot;file:/C:/Users/Sasha/Api/target/test-classes/getBankList.json#&quot;,&quot;pointer&quot;:&quot;/items/properties/countryCode&quot;}
    instance: {&quot;pointer&quot;:&quot;/13/countryCode&quot;}
    domain: &quot;validation&quot;
    keyword: &quot;minLength&quot;
    value: &quot;&quot;
    found: 0
    minLength: 3
error: string &quot;&quot; is too short (length: 0, required minimum: 10)
    level: &quot;error&quot;
    schema: {&quot;loadingURI&quot;:&quot;file:/C:/Users/Sasha/Api/target/test-classes/getBankList.json#&quot;,&quot;pointer&quot;:&quot;/items/properties/dateOutputArchive&quot;}
    instance: {&quot;pointer&quot;:&quot;/13/dateOutputArchive&quot;}
    domain: &quot;validation&quot;
    keyword: &quot;minLength&quot;
    value: &quot;&quot;
    found: 0
    minLength: 10

  Actual: [{guid=979300ab-d82b-11e8-80bb-08002789bf51, archive=false, dateOutputArchive=0001-01-01T00:00:00Z, thisGroup=false, parent=78ddabf2-ca67-11e5-826c-605718cb5baa, bic=043601707, swift=, name=ФИЛИАЛ &quot;САМАРСКИЙ&quot; АО &quot;ОТП БАНК&quot;, corrAccount=30101810722023601707, address=УЛ АВРОРЫ, 150, city=Г. САМАРА, phones=(846)3425312,3425313, country=4e127564-d74f-4dd9-bced-0327f0f4e061, countryCode=643, activityDiscontinued=false}, {guid=979300ac-d82b-11e8-80bb-08002789bf51, archive=false, dateOutputArchive=0001-01-01T00:00:00Z, thisGroup=false, parent=78ddabe1-ca67-11e5-826c-605718cb5baa, bic=044030792, swift=, name=ФИЛИАЛ &quot;СЕВЕРО-ЗАПАДНЫЙ&quot; &quot;УМ-БАНК&quot; ООО, corrAccount=30101810640300000792, address=КАМЕННООСТРОВСКИЙ ПР-Т, 61 ПОМ, city=Г. САНКТ-ПЕТЕРБУРГ, phones=(812)4560720, country=4e127564-d74f-4dd9-bced-0327f0f4e061, countryCode=643, activityDiscontinued=false}, {guid=979300ad-d82b-11e8-80bb-08002789bf51, archive=false, dateOutputArchive=0001-01-01T00:00:00Z, thisGroup=false, parent=78ddac07-ca67-11e5-826c-605718cb5baa, bic=045004711, swift=, name=Куйбышевский филиал АКБ &quot;Ланта-Банк&quot; (АО), corrAccount=30101810750045004711, address=КВАРТАЛ 1, ДОМ 29 &quot;ВСТАВКА&quot;, city=Г. КУЙБЫШЕВ, phones=, country=4e127564-d74f-4dd9-bced-0327f0f4e061, countryCode=643, activityDiscontinued=false}, {guid=979300ae-d82b-11e8-80bb-08002789bf51, archive=false, dateOutputArchive=0001-01-01T00:00:00Z, thisGroup=false, parent=78ddac07-ca67-11e5-826c-605718cb5baa, bic=045004719, swift=, name=ФИЛИАЛ № 5440 БАНКА ВТБ (ПАО), corrAccount=30101810450040000719, address=УЛ ФРУНЗЕ, 232, 234, 234/1, city=Г. НОВОСИБИРСК, phones=(383)2492424,2492425, country=4e127564-d74f-4dd9-bced-0327f0f4e061, countryCode=643, activityDiscontinued=false}, {guid=979300af-d82b-11e8-80bb-08002789bf51, archive=false, dateOutputArchive=0001-01-01T00:00:00Z, thisGroup=false, parent=78ddac07-ca67-11e5-826c-605718cb5baa, bic=045004701, swift=, name=НОВОСИБИРСКИЙ ФИЛИАЛ АБ &quot;РОССИЯ&quot;, corrAccount=30101810950040000701, address=УЛ СЕМЬИ ШАМШИНЫХ, 26, 26/1, city=Г. НОВОСИБИРСК, phones=(383)3670691,3670692, country=4e127564-d74f-4dd9-bced-0327f0f4e061, countryCode=643, activityDiscontinued=false}, {guid=979300b0-d82b-11e8-80bb-08002789bf51, archive=false, dateOutputArchive=0001-01-01T00:00:00Z, thisGroup=false, parent=78ddac09-ca67-11e5-826c-605718cb5baa, bic=046577459, swift=, name=ФИЛИАЛ &quot;УРАЛЬСКИЙ&quot; &quot;УМ-БАНК&quot; ООО, corrAccount=30101810165770000459, address=УЛ БЕЛИНСКОГО, 86, city=Г. ЕКАТЕРИНБУРГ, phones=(343)2871010,3452644, country=4e127564-d74f-4dd9-bced-0327f0f4e061, countryCode=643, activityDiscontinued=false}, {guid=979300b1-d82b-11e8-80bb-08002789bf51, archive=false, dateOutputArchive=0001-01-01T00:00:00Z, thisGroup=false, parent=78ddabe5-ca67-11e5-826c-605718cb5baa, bic=044525745, swift=VTBRRUM2MS3, name=ФИЛИАЛ № 7701 БАНКА ВТБ (ПАО), corrAccount=30101810345250000745, address=УЛ КУЗНЕЦКИЙ МОСТ, 17, СТР 1, city=Г. МОСКВА, phones=(495)9258000, country=4e127564-d74f-4dd9-bced-0327f0f4e061, countryCode=643, activityDiscontinued=false}, {guid=979300b2-d82b-11e8-80bb-08002789bf51, archive=false, dateOutputArchive=0001-01-01T00:00:00Z, thisGroup=false, parent=78ddabe9-ca67-11e5-826c-605718cb5baa, bic=042520842, swift=, name=&quot;Братский АНКБ&quot; ПАО, corrAccount=30101810850042520842, address=УЛ. КОМСОМОЛЬСКАЯ, Д. 43, city=Г. БРАТСК, phones=, country=4e127564-d74f-4dd9-bced-0327f0f4e061, countryCode=643, activityDiscontinued=false}, {guid=979300b3-d82b-11e8-80bb-08002789bf51, archive=false, dateOutputArchive=0001-01-01T00:00:00Z, thisGroup=false, parent=78ddabe9-ca67-11e5-826c-605718cb5baa, bic=042520811, swift=, name=АО &quot;ГРИНКОМБАНК&quot;, corrAccount=30101810950040000811, address=УЛ ФРАНК-КАМЕНЕЦКОГО, 8, city=Г. ИРКУТСК, phones=(3952)255196,240197, country=4e127564-d74f-4dd9-bced-0327f0f4e061, countryCode=643, activityDiscontinued=false}, {guid=979300b4-d82b-11e8-80bb-08002789bf51, archive=false, dateOutputArchive=0001-01-01T00:00:00Z, thisGroup=false, parent=78ddac9c-ca67-11e5-826c-605718cb5baa, bic=040407523, swift=, name=АО АИКБ &quot;ЕНИСЕЙСКИЙ ОБЪЕДИНЕННЫЙ БАНК&quot;, corrAccount=30101810650040000523, address=УЛ КАРЛА МАРКСА, 62, city=Г. КРАСНОЯРСК, phones=(391)2770000, country=4e127564-d74f-4dd9-bced-0327f0f4e061, countryCode=643, activityDiscontinued=false}, {guid=979300b5-d82b-11e8-80bb-08002789bf51, archive=false, dateOutputArchive=0001-01-01T00:00:00Z, thisGroup=false, parent=e8b01830-ca8b-11e5-826c-605718cb5baa, bic=041403725, swift=, name=ООО &quot;Осколбанк&quot;, corrAccount=30101810745250000725, address=Г. СТАРЫЙ ОСКОЛ, М-Н ОЛИМПИЙСК, city=Г. СТАРЫЙ ОСКОЛ, phones=, country=4e127564-d74f-4dd9-bced-0327f0f4e061, countryCode=643, activityDiscontinued=false}, {guid=979300b6-d82b-11e8-80bb-08002789bf51, archive=false, dateOutputArchive=0001-01-01T00:00:00Z, thisGroup=false, parent=78ddabe1-ca67-11e5-826c-605718cb5baa, bic=044030707, swift=VTBRRUM2SP3, name=ФИЛИАЛ № 7806 БАНКА ВТБ (ПАО), corrAccount=30101810240300000707, address=УЛ Б. МОРСКАЯ, 29 ЛИТ А, city=Г. САНКТ-ПЕТЕРБУРГ, phones=(812)3241214, country=4e127564-d74f-4dd9-bced-0327f0f4e061, countryCode=643, activityDiscontinued=false}, {guid=979300b7-d82b-11e8-80bb-08002789bf51, archive=false, dateOutputArchive=0001-01-01T00:00:00Z, thisGroup=false, parent=78ddac09-ca67-11e5-826c-605718cb5baa, bic=046577916, swift=, name=ФИЛИАЛ &quot;НОВОУРАЛЬСКИЙ&quot; ПАО КБ &quot;УБРИР&quot;, corrAccount=30101810365770000916, address=УЛ ДЗЕРЖИНСКОГО, 16, city=Г. НОВОУРАЛЬСК, phones=(34370)25591, country=4e127564-d74f-4dd9-bced-0327f0f4e061, countryCode=643, activityDiscontinued=false}, {guid=78ddabd9-ca67-11e5-826c-605718cb5baa, archive=, dateOutputArchive=, thisGroup=true, parent=00000000-0000-0000-0000-000000000000, bic=90       , swift=, name=РЕСПУБЛИКА СЕВЕРНАЯ ОСЕТИЯ-АЛАНИЯ, corrAccount=, address=, city=, phones=, country=, countryCode=, activityDiscontinued=}, {guid=979300b8-d82b-11e8-80bb-08002789bf51, archive=false, dateOutputArchive=0001-01-01T00:00:00Z, thisGroup=false, parent=78ddabdf-ca67-11e5-826c-605718cb5baa, bic=049246691, swift=, name=АБ &quot;ДЕВОН-КРЕДИТ&quot; (ПАО), corrAccount=30101810722029246691, address=УЛ ЛЕНИНА, 77, city=Г. АЛЬМЕТЬЕВСК, phones=(8553)456777, country=4e127564-d74f-4dd9-bced-0327f0f4e061, countryCode=643, activityDiscontinued=false}, {guid=979300b9-d82b-11e8-80bb-08002789bf51, archive=false, dateOutputArchive=0001-01-01T00:00:00Z, thisGroup=false, parent=78ddabe5-ca67-11e5-826c-605718cb5baa, bic=044525806, swift=, name=ФИЛИАЛ &quot;МОСКОВСКИЙ&quot; КБ &quot;СПУТНИК&quot; (ПАО), corrAccount=30101810145250000806, address=ЛЯЛИН ПЕР, 19-1, city=Г. МОСКВА, phones=(495)5891084, country=4e127564-d74f-4dd9-bced-0327f0f4e061, countryCode=643, activityDiscontinued=false}, {guid=979300ba-d82b-11e8-80bb-08002789bf51, archive=false, dateOutputArchive=0001-01-01T00:00:00Z, thisGroup=false, parent=78ddaccd-ca67-11e5-826c-605718cb5baa, bic=045209702, swift=, name=АО &quot;ИТ Банк&quot;, corrAccount=30101810750045209702, address=УЛ. ДУМСКАЯ, 7, city=Г. ОМСК, phones=, country=4e127564-d74f-4dd9-bced-0327f0f4e061, countryCode=643, activityDiscontinued=false}, {guid=979300bb-d82b-11e8-80bb-08002789bf51, archive=false, dateOutputArchive=0001-01-01T00:00:00Z, thisGroup=false, parent=78ddaccd-ca67-11e5-826c-605718cb5baa, bic=045209701, swift=, name=АО &quot;Эксперт Банк&quot;, corrAccount=30101810450045209701, address=УЛ. МАРШАЛА ЖУКОВА, ДОМ 107, city=Г. ОМСК, phones=, country=4e127564-d74f-4dd9-bced-0327f0f4e061, countryCode=643, activityDiscontinued=false}, {guid=979300bc-d82b-11e8-80bb-08002789bf51, archive=false, dateOutputArchive=0001-01-01T00:00:00Z, thisGroup=false, parent=78ddac09-ca67-11e5-826c-605718cb5baa, bic=046577743, swift=, name=ФИЛИАЛ &quot;ДЕЛО&quot; ПАО &quot;СКБ-БАНК&quot;, corrAccount=30101810965770000743, address=УЛ КУЙБЫШЕВА, 58, city=Г. ЕКАТЕРИНБУРГ, phones=(343)3557000, country=4e127564-d74f-4dd9-bced-0327f0f4e061, countryCode=643, activityDiscontinued=false}, {guid=979300bd-d82b-11e8-80bb-08002789bf51, archive=false, dateOutputArchive=0001-01-01T00:00:00Z, thisGroup=false, parent=78ddaccd-ca67-11e5-826c-605718cb5baa, bic=045209703, swift=, name=КУ АО &quot;Мираф-Банк&quot; - ГК &quot;АСВ&quot;, corrAccount=30101810050045209703, address=УЛ. ФРУНЗЕ, Д.54, city=Г. ОМСК, phones=, country=4e127564-d74f-4dd9-bced-0327f0f4e061, countryCode=643, activityDiscontinued=false}, {guid=9d8e68cb-d82b-11e8-80bb-08002789bf51, archive=false, dateOutputArchive=0001-01-01T00:00:00Z, thisGroup=false, parent=78ddac21-ca67-11e5-826c-605718cb5baa, bic=042202761, swift=, name=Ф. АКБ &quot;ФОРА-БАНК&quot; (АО) В Г. НИЖНИЙ НОВГОРОД, corrAccount=30101810822020000761, address=УЛ КОВАЛИХИНСКАЯ, 8, city=Г. НИЖНИЙ НОВГОРОД, phones=(831)2161801,2161802, country=4e127564-d74f-4dd9-bced-0327f0f4e061, countryCode=643, activityDiscontinued=false}, {guid=9d8e68cc-d82b-11e8-80bb-08002789bf51, archive=false, dateOutputArchive=0001-01-01T00:00:00Z, thisGroup=false, parent=78ddac67-ca67-11e5-826c-605718cb5baa, bic=045773804, swift=, name=ФИЛИАЛ &quot;ЛЫСЬВА&quot; АО АКБ &quot;АЛЕФ-БАНК&quot;, corrAccount=30101810965775700804, address=ПОЖАРСКОГО, Д.8, city=Г. ЛЫСЬВА, phones=, country=4e127564-d74f-4dd9-bced-0327f0f4e061, countryCode=643, activityDiscontinued=false}, {guid=9d8e68cd-d82b-11e8-80bb-08002789bf51, archive=false, dateOutputArchive=0001-01-01T00:00:00Z, thisGroup=false, parent=78ddac21-ca67-11e5-826c-605718cb5baa, bic=042202717, swift=, name=ФИЛИАЛ №10 ПАО КБ &quot;ЦЕНТР-ИНВЕСТ&quot;, corrAccount=30101810122020000717, address=УЛ КОМИНТЕРНА, 139, city=Г. НИЖНИЙ НОВГОРОД, phones=(831)4391708, country=4e127564-d74f-4dd9-bced-0327f0f4e061, countryCode=643, activityDiscontinued=false}, {guid=9d8e68ce-d82b-11e8-80bb-08002789bf51, archive=false, dateOutputArchive=0001-01-01T00:00:00Z, thisGroup=false, parent=78ddac21-ca67-11e5-826c-605718cb5baa, bic=042202716, swift=, name=НИЖЕГОРОДСКИЙ Ф БАНКА&quot;ВОЗРОЖДЕНИЕ&quot;(ПАО), corrAccount=30101810822020000716, address=УЛ БЕЛИНСКОГО, 106 А, city=Г. НИЖНИЙ НОВГОРОД, phones=(831)2787662,2783935, country=4e127564-d74f-4dd9-bced-0327f0f4e061, countryCode=643, activityDiscontinued=false}, {guid=9d8e68cf-d82b-11e8-80bb-08002789bf51, archive=false, dateOutputArchive=0001-01-01T00:00:00Z, thisGroup=false, parent=78ddac21-ca67-11e5-826c-605718cb5baa, bic=042202712, swift=, name=НИЖЕГОРОДСКИЙ ФИЛИАЛ АКБ &quot;ЛАНТА-БАНК&quot; (АО), corrAccount=30101810622020000712, address=МЕЩЕРСКИЙ Б-Р, 3, К 1, city=Г. НИЖНИЙ НОВГОРОД, phones=(831)2208322,2208320, country=4e127564-d74f-4dd9-bced-0327f0f4e061, countryCode=643, activityDiscontinued=false}, {guid=9d8e68d0-d82b-11e8-80bb-08002789bf51, archive=false, dateOutputArchive=0001-01-01T00:00:00Z, thisGroup=false, parent=78ddac17-ca67-11e5-826c-605718cb5baa, bic=046015707, swift=, name=ВОЛГОДОНСКИЙ ф Банка &quot;Возрождение&quot; (ПАО), corrAccount=30101810060150000707, address=БУЛ. ВЕЛИКОЙ ПОБЕДЫ, ДОМ №38А, city=Г. ВОЛГОДОНСК, phones=, country=4e127564-d74f-4dd9-bced-0327f0f4e061, countryCode=643, activityDiscontinued=false}, {guid=9d8e68d1-d82b-11e8-80bb-08002789bf51, archive=false, dateOutputArchive=0001-01-01T00:00:00Z, thisGroup=false, parent=78ddac21-ca67-11e5-826c-605718cb5baa, bic=042202718, swift=, name=ПАО &quot;САРОВБИЗНЕСБАНК&quot;, corrAccount=30101810422020000718, address=УЛ СИЛКИНА, 13, city=Г. САРОВ, phones=(831)4307478,(83130)33640, country=4e127564-d74f-4dd9-bced-0327f0f4e061, countryCode=643, activityDiscontinued=false}, {guid=9d8e68d2-d82b-11e8-80bb-08002789bf51, archive=false, dateOutputArchive=0001-01-01T00:00:00Z, thisGroup=false, parent=78ddac21-ca67-11e5-826c-605718cb5baa, bic=042202727, swift=, name=ПАО КОМБАНК &quot;ХИМИК&quot;, corrAccount=30101810222020000727, address=УЛ УРИЦКОГО, 10 Б, city=Г. ДЗЕРЖИНСК, phones=(8313)261608,251126, country=4e127564-d74f-4dd9-bced-0327f0f4e061, countryCode=643, activityDiscontinued=false}, {guid=9d8e68d3-d82b-11e8-80bb-08002789bf51, archive=false, dateOutputArchive=0001-01-01T00:00:00Z, thisGroup=false, parent=78ddabe5-ca67-11e5-826c-605718cb5baa, bic=044525420, swift=, name=Ф РОКЕТБАНК КИВИ БАНК (АО), corrAccount=30101810945250000420, address=УЛ ПАЛИХА, 10, СТР 5, city=Г. МОСКВА, phones=(495)2313645, country=4e127564-d74f-4dd9-bced-0327f0f4e061, countryCode=643, activityDiscontinued=false}, {guid=78ddabda-ca67-11e5-826c-605718cb5baa, archive=false, dateOutputArchive=0001-01-01T00:00:00Z, thisGroup=false, parent=78ddabd9-ca67-11e5-826c-605718cb5baa, bic=049033736, swift=, name=СКФ ПАО АКБ &quot;ИРОНБАНК&quot;, corrAccount=30101810800000000736, address=, city=Г. ВЛАДИКАВКАЗ, phones=, country=00000000-0000-0000-0000-000000000000, countryCode=, activityDiscontinued=true}, {guid=9d8e68d4-d82b-11e8-80bb-08002789bf51, archive=false, dateOutputArchive=0001-01-01T00:00:00Z, thisGroup=false, parent=78ddac21-ca67-11e5-826c-605718cb5baa, bic=042202731, swift=, name=АО КОМБАНК &quot;АРЗАМАС&quot;, corrAccount=30101810522020000731, address=УЛ КИРОВА, 33, city=Г. АРЗАМАС, phones=(83147)70224,70177, country=4e127564-d74f-4dd9-bced-0327f0f4e061, countryCode=643, activityDiscontinued=false}, {guid=9d8e68d5-d82b-11e8-80bb-08002789bf51, archive=false, dateOutputArchive=0001-01-01T00:00:00Z, thisGroup=false, parent=78ddabe5-ca67-11e5-826c-605718cb5baa, bic=044525864, swift=, name=МОСКОВСКИЙ ФИЛИАЛ АО АКБ &quot;ГАЗБАНК&quot;, corrAccount=30101810145250000864, address=УЛ БРЯНСКАЯ, 5, city=Г. МОСКВА, phones=(495)3639438, country=4e127564-d74f-4dd9-bced-0327f0f4e061, countryCode=643, activityDiscontinued=true}, {guid=9d8e68d6-d82b-11e8-80bb-08002789bf51, archive=false, dateOutputArchive=0001-01-01T00:00:00Z, thisGroup=false, parent=78ddabe5-ca67-11e5-826c-605718cb5baa, bic=044525797, swift=, name=Ф ТОЧКА БАНК КИВИ БАНК (АО), corrAccount=30101810445250000797, address=УЛ СПИРИДОНОВКА, 4, СТР 2, city=Г. МОСКВА, phones=(495)2313645, country=4e127564-d74f-4dd9-bced-0327f0f4e061, countryCode=643, activityDiscontinued=false}, {guid=9d8e68d7-d82b-11e8-80bb-08002789bf51, archive=false, dateOutputArchive=0001-01-01T00:00:00Z, thisGroup=false, parent=78ddac9c-ca67-11e5-826c-605718cb5baa, bic=040407404, swift=, name=ФПАО &quot;ДАЛЬНЕВОСТОЧНЫЙ БАНК&quot; &quot;КРАСНОЯРСКИЙ&quot;, corrAccount=30101810850040000404, address=УЛ МОЛОКОВА, 1, К 4, city=Г. КРАСНОЯРСК, phones=(391)2773071, country=4e127564-d74f-4dd9-bced-0327f0f4e061, countryCode=643, activityDiscontinued=false}, {guid=9d8e68d8-d82b-11e8-80bb-08002789bf51, archive=false, dateOutputArchive=0001-01-01T00:00:00Z, thisGroup=false, parent=78ddad0a-ca67-11e5-826c-605718cb5baa, bic=047144778, swift=, name=СФ АО БАНК &quot;СНГБ&quot;, corrAccount=30101810165777100778, address=УЛ ГУБКИНА, 15 А, city=Г. СУРГУТ, phones=(3462)398700, country=4e127564-d74f-4dd9-bced-0327f0f4e061, countryCode=643, activityDiscontinued=false}, {guid=9d8e68d9-d82b-11e8-80bb-08002789bf51, archive=false, dateOutputArchive=0001-01-01T00:00:00Z, thisGroup=false, parent=78ddabf2-ca67-11e5-826c-605718cb5baa, bic=043601968, swift=VTBRRUM2SA3, name=ФИЛИАЛ № 6318 БАНКА ВТБ (ПАО), corrAccount=30101810422023601968, address=УЛ МОЛОДОГВАРДЕЙСКАЯ, 204, city=Г. САМАРА, phones=(846)2696824,2696834, country=4e127564-d74f-4dd9-bced-0327f0f4e061, countryCode=643, activityDiscontinued=false}, {guid=9d8e68da-d82b-11e8-80bb-08002789bf51, archive=false, dateOutputArchive=0001-01-01T00:00:00Z, thisGroup=false, parent=78ddabf2-ca67-11e5-826c-605718cb5baa, bic=043601975, swift=, name=ООО &quot;РУСФИНАНС БАНК&quot;, corrAccount=30101810622023601975, address=УЛ ЧЕРНОРЕЧЕНСКАЯ, 42 А, city=Г. САМАРА, phones=(846)2696911,2694411, country=4e127564-d74f-4dd9-bced-0327f0f4e061, countryCode=643, activityDiscontinued=false}, {guid=9d8e68db-d82b-11e8-80bb-08002789bf51, archive=false, dateOutputArchive=0001-01-01T00:00:00Z, thisGroup=false, parent=78ddabf7-ca67-11e5-826c-605718cb5baa, bic=045354880, swift=, name=ГК &quot;АСВ&quot; - КУ АО &quot;НСТ-БАНК&quot;, corrAccount=30101810265775300880, address=ВИЛОНОВСКАЯ УЛ, 138, city=Г. САМАРА, phones=, country=4e127564-d74f-4dd9-bced-0327f0f4e061, countryCode=643, activityDiscontinued=false}, {guid=9d8e68dc-d82b-11e8-80bb-08002789bf51, archive=false, dateOutputArchive=0001-01-01T00:00:00Z, thisGroup=false, parent=78ddabe7-ca67-11e5-826c-605718cb5baa, bic=040507595, swift=, name=АО &quot;СОЛИД БАНК&quot;, corrAccount=30101810205070000595, address=УЛ АДМИРАЛА ФОКИНА, 25, city=Г. ВЛАДИВОСТОК, phones=(423)2265722,(423)2469293, country=4e127564-d74f-4dd9-bced-0327f0f4e061, countryCode=643, activityDiscontinued=false}, {guid=9d8e68dd-d82b-11e8-80bb-08002789bf51, archive=false, dateOutputArchive=0001-01-01T00:00:00Z, thisGroup=false, parent=78ddabe1-ca67-11e5-826c-605718cb5baa, bic=044030830, swift=, name=СПБ. Ф. АО БАНК &quot;НАЦИОНАЛЬНЫЙ СТАНДАРТ&quot;, corrAccount=30101810340300000830, address=УЛ. ЧАЙКОВСКОГО, Д. 39, ЛИТ А, city=Г. САНКТ-ПЕТЕРБУРГ, phones=(812)4493155, country=4e127564-d74f-4dd9-bced-0327f0f4e061, countryCode=643, activityDiscontinued=false}, {guid=9d8e68de-d82b-11e8-80bb-08002789bf51, archive=false, dateOutputArchive=0001-01-01T00:00:00Z, thisGroup=false, parent=78ddabeb-ca67-11e5-826c-605718cb5baa, bic=040708735, swift=, name=ФИЛИАЛ В Г. ЕССЕНТУКИ АКБ &quot;ЛАНТА-БАНК&quot; (АО), corrAccount=30101810007080000735, address=УЛ СОВЕТСКАЯ, 20 Б, city=Г. ЕССЕНТУКИ, phones=(87934)54547,54371, country=4e127564-d74f-4dd9-bced-0327f0f4e061, countryCode=643, activityDiscontinued=false}, {guid=9d8e68df-d82b-11e8-80bb-08002789bf51, archive=false, dateOutputArchive=0001-01-01T00:00:00Z, thisGroup=false, parent=78ddac72-ca67-11e5-826c-605718cb5baa, bic=041806745, swift=, name=Урюпинский филиал ПАО КБ &quot;Сельмашбанк&quot;, corrAccount=30101810518060000745, address=УЛ. ШТЕМЕНКО, 47/3, city=Г. УРЮПИНСК, phones=, country=4e127564-d74f-4dd9-bced-0327f0f4e061, countryCode=643, activityDiscontinued=false}, {guid=9d8e68e0-d82b-11e8-80bb-08002789bf51, archive=false, dateOutputArchive=0001-01-01T00:00:00Z, thisGroup=false, parent=78ddac72-ca67-11e5-826c-605718cb5baa, bic=041806730, swift=, name=Ликвидатор АО КБ &quot;Михайловский ПЖСБ&quot;, corrAccount=30101810918060000730, address=УЛИЦА ОБОРОНЫ, 44 &quot;А&quot;, city=Г. МИХАЙЛОВКА, phones=, country=4e127564-d74f-4dd9-bced-0327f0f4e061, countryCode=643, activityDiscontinued=false}, {guid=9d8e68e1-d82b-11e8-80bb-08002789bf51, archive=false, dateOutputArchive=0001-01-01T00:00:00Z, thisGroup=false, parent=78ddabe5-ca67-11e5-826c-605718cb5baa, bic=044525941, swift=, name=&quot;УМ-БАНК&quot; ООО, corrAccount=30101810945250000941, address=УЛ Б. ОРДЫНКА, 59, СТР 2, city=Г. МОСКВА, phones=(495)2123020, country=4e127564-d74f-4dd9-bced-0327f0f4e061, countryCode=643, activityDiscontinued=false}, {guid=9d8e68e2-d82b-11e8-80bb-08002789bf51, archive=false, dateOutputArchive=0001-01-01T00:00:00Z, thisGroup=false, parent=78ddac72-ca67-11e5-826c-605718cb5baa, bic=041806717, swift=, name=ЮЖНЫЙ ФИЛИАЛ АО БАНК &quot;НАЦИОНАЛЬНЫЙ СТАНДАРТ&quot;, corrAccount=30101810818060000717, address=УЛ ИМ. ГАГАРИНА, 7, city=Г. ВОЛГОГРАД, phones=(8442)995000, country=4e127564-d74f-4dd9-bced-0327f0f4e061, countryCode=643, activityDiscontinued=true}, {guid=78ddabdb-ca67-11e5-826c-605718cb5baa, archive=, dateOutputArchive=, thisGroup=true, parent=00000000-0000-0000-0000-000000000000, bic=32       , swift=, name=КЕМЕРОВСКАЯ ОБЛАСТЬ, corrAccount=, address=, city=, phones=, country=, countryCode=, activityDiscontinued=}, {guid=a38a1a95-d82b-11e8-80bb-08002789bf51, archive=false, dateOutputArchive=0001-01-01T00:00:00Z, thisGroup=false, parent=78ddac17-ca67-11e5-826c-605718cb5baa, bic=046015846, swift=, name=КУ ОАО КБ &quot;МАКСИМУМ&quot; - ГК &quot;АСВ&quot;, corrAccount=30101810060150000846, address=УЛ. ВЫСОЦКОГО, Д.4, city=Г. МОСКВА, phones=, country=4e127564-d74f-4dd9-bced-0327f0f4e061, countryCode=643, activityDiscontinued=false}, {guid=a38a1a96-d82b-11e8-80bb-08002789bf51, archive=false, dateOutputArchive=0001-01-01T00:00:00Z, thisGroup=false, parent=78ddac14-ca67-11e5-826c-605718cb5baa, bic=047601205, swift=, name=ООО КБ &quot;ЦЕНТРАЛЬНО-ЕВРОПЕЙСКИЙ БАНК&quot;, corrAccount=30101810950040000205, address=УЛ БАБУШКИНА, 108, city=Г. ЧИТА, phones=(3022)211502, country=4e127564-d74f-4dd9-bced-0327f0f4e061, countryCode=643, activityDiscontinued=false}, {guid=78ddabf7-ca67-11e5-826c-605718cb5baa, archive=, dateOutputArchive=, thisGroup=true, parent=00000000-0000-0000-0000-000000000000, bic=53       , swift=, name=ОРЕНБУРГСКАЯ ОБЛАСТЬ, corrAccount=, address=, city=, phones=, country=, countryCode=, activityDiscontinued=}, {guid=a38a1a97-d82b-11e8-80bb-08002789bf51, archive=false, dateOutputArchive=0001-01-01T00:00:00Z, thisGroup=false, parent=78ddac17-ca67-11e5-826c-605718cb5baa, bic=046015835, swift=, name=КУ ООО &quot;РУССКИЙ НАЦИОНАЛЬНЫЙ БАНК&quot; - ГК &quot;АСВ&quot;, corrAccount=30101810660150000835, address=УЛ ВЫСОЦКОГО, 4 ТЕЛ.(495)96125, city=Г. МОСКВА, phones=(863)2999413,2999418, country=4e127564-d74f-4dd9-bced-0327f0f4e061, countryCode=643, activityDiscontinued=false}, {guid=a38a1a98-d82b-11e8-80bb-08002789bf51, archive=false, dateOutputArchive=0001-01-01T00:00:00Z, thisGroup=false, parent=78ddabe5-ca67-11e5-826c-605718cb5baa, bic=044525535, swift=, name=КУ АБ &quot;АЛДАНЗОЛОТОБАНК&quot; АО - ГК &quot;АСВ&quot;, corrAccount=30101810445250000535, address=УЛ. ВЫСОЦКОГО, Д. 4, city=Г. МОСКВА, phones=, country=4e127564-d74f-4dd9-bced-0327f0f4e061, countryCode=643, activityDiscontinued=false}, {guid=a38a1a99-d82b-11e8-80bb-08002789bf51, archive=false, dateOutputArchive=0001-01-01T00:00:00Z, thisGroup=false, parent=78ddac21-ca67-11e5-826c-605718cb5baa, bic=042202812, swift=, name=ВЫКСУНСКИЙ Ф-Л ПАО АКБ &quot;МЕТАЛЛИНВЕСТБАНК&quot;, corrAccount=30101810522020000812, address=ПЛ ОКТЯБРЬСКОЙ РЕВОЛЮЦИИ, 48, city=Г. ВЫКСА, phones=(83177)35825,31157, country=4e127564-d74f-4dd9-bced-0327f0f4e061, countryCode=643, activityDiscontinued=false}, {guid=a38a1a9a-d82b-11e8-80bb-08002789bf51, archive=false, dateOutputArchive=0001-01-01T00:00:00Z, thisGroup=false, parent=78ddac07-ca67-11e5-826c-605718cb5baa, bic=045004893, swift=, name=НОВОСИБИРСКИЙ Ф-Л НКО &quot;ИНКАХРАН&quot;(АО), corrAccount=30103810950040000893, address=УЛ 2-Я СОЮЗА МОЛОДЕЖИ, 31, city=Г. НОВОСИБИРСК, phones=(383)2260797,2269768, country=4e127564-d74f-4dd9-bced-0327f0f4e061, countryCode=643, activityDiscontinued=false}, {guid=a38a1a9b-d82b-11e8-80bb-08002789bf51, archive=false, dateOutputArchive=0001-01-01T00:00:00Z, thisGroup=false, parent=78ddac07-ca67-11e5-826c-605718cb5baa, bic=045004883, swift=, name=СИБИРСКИЙ ФИЛИАЛ АО &quot;БАНК ИНТЕЗА&quot;, corrAccount=30101810250040000883, address=УЛ ОКТЯБРЬСКАЯ, 49, city=Г. НОВОСИБИРСК, phones=(383)2278193, country=4e127564-d74f-4dd9-bced-0327f0f4e061, countryCode=643, activityDiscontinued=false}, {guid=a38a1a9c-d82b-11e8-80bb-08002789bf51, archive=false, dateOutputArchive=0001-01-01T00:00:00Z, thisGroup=false, parent=78ddac07-ca67-11e5-826c-605718cb5baa, bic=045004876, swift=, name=НОВОСИБИРСКИЙ ФИЛИАЛ ПАО &quot;МТС-БАНК&quot;, corrAccount=30101810050040000876, address=УЛ. НИЖЕГОРОДСКАЯ, 4, city=Г. НОВОСИБИРСК, phones=(383)3251781, country=4e127564-d74f-4dd9-bced-0327f0f4e061, countryCode=643, activityDiscontinued=false}, {guid=a38a1a9d-d82b-11e8-80bb-08002789bf51, archive=false, dateOutputArchive=0001-01-01T00:00:00Z, thisGroup=false, parent=78ddac07-ca67-11e5-826c-605718cb5baa, bic=045004861, swift=, name=ФИЛИАЛ ООО &quot;ЭКСПОБАНК&quot; В Г.НОВОСИБИРСКЕ, corrAccount=30101810450040000861, address=КРАСНЫЙ ПР-Т, 25, city=Г. НОВОСИБИРСК, phones=(383)2105207, country=4e127564-d74f-4dd9-bced-0327f0f4e061, countryCode=643, activityDiscontinued=false}, {guid=a38a1a9e-d82b-11e8-80bb-08002789bf51, archive=false, dateOutputArchive=0001-01-01T00:00:00Z, thisGroup=false, parent=78ddac07-ca67-11e5-826c-605718cb5baa, bic=045004864, swift=, name=СИБИРСКИЙ ФИЛИАЛ АО КБ &quot;МОДУЛЬБАНК&quot;, corrAccount=30101810350040000864, address=УЛ ПЛАНЕТНАЯ, 30, city=Г. НОВОСИБИРСК, phones=(383)3250606,3251575, country=4e127564-d74f-4dd9-bced-0327f0f4e061, countryCode=643, activityDiscontinued=false}, {guid=a38a1a9f-d82b-11e8-80bb-08002789bf51, archive=false, dateOutputArchive=0001-01-01T00:00:00Z, thisGroup=false, parent=78ddabf2-ca67-11e5-826c-605718cb5baa, bic=043601875, swift=, name=САМАРСКИЙ ФИЛИАЛ ТКБ БАНК ПАО, corrAccount=30101810722023601875, address=УЛ СТАРА ЗАГОРА, 52, city=Г. САМАРА, phones=(846)9338233,2280135, country=4e127564-d74f-4dd9-bced-0327f0f4e061, countryCode=643, activityDiscontinued=false}, {guid=a38a1aa0-d82b-11e8-80bb-08002789bf51, archive=false, dateOutputArchive=0001-01-01T00:00:00Z, thisGroup=false, parent=78ddabf2-ca67-11e5-826c-605718cb5baa, bic=043601845, swift=, name=САМАРСКИЙ ФИЛИАЛ БАНКА СОЮЗ (АО), corrAccount=30101810422023601845, address=УЛ КРАСНОАРМЕЙСКАЯ, 75, city=Г. САМАРА, phones=(846)2311251,2311259, country=4e127564-d74f-4dd9-bced-0327f0f4e061, countryCode=643, activityDiscontinued=false}, {guid=a38a1aa1-d82b-11e8-80bb-08002789bf51, archive=false, dateOutputArchive=0001-01-01T00:00:00Z, thisGroup=false, parent=78ddabf2-ca67-11e5-826c-605718cb5baa, bic=043601842, swift=, name=АО КБ &quot;НИБ&quot;, corrAccount=30101810522023601842, address=УЛ ФРУНЗЕ, 102, city=Г. САМАРА, phones=(846)3425750,3425751, country=4e127564-d74f-4dd9-bced-0327f0f4e061, countryCode=643, activityDiscontinued=false}, {guid=a38a1aa2-d82b-11e8-80bb-08002789bf51, archive=false, dateOutputArchive=0001-01-01T00:00:00Z, thisGroup=false, parent=78ddac2f-ca67-11e5-826c-605718cb5baa, bic=040813708, swift=, name=ХАБАРОВСКИЙ ФИЛИАЛ ТКБ БАНК ПАО, corrAccount=30101810108130000708, address=УЛ КОМСОМОЛЬСКАЯ, 102, city=Г. ХАБАРОВСК, phones=(4212)910702, country=4e127564-d74f-4dd9-bced-0327f0f4e061, countryCode=643, activityDiscontinued=false}, {guid=78ddac1c-ca67-11e5-826c-605718cb5baa, archive=false, dateOutputArchive=0001-01-01T00:00:00Z, thisGroup=false, parent=78ddabe5-ca67-11e5-826c-605718cb5baa, bic=044525150, swift=, name=ФИЛИАЛ &quot;МОСКОВСКИЙ&quot; АО &quot;ФИА-БАНК&quot;, corrAccount=30101810545250000150, address=, city=Г. МОСКВА, phones=, country=00000000-0000-0000-0000-000000000000, countryCode=, activityDiscontinued=true}, {guid=a38a1aa3-d82b-11e8-80bb-08002789bf51, archive=false, dateOutputArchive=0001-01-01T00:00:00Z, thisGroup=false, parent=78ddac2f-ca67-11e5-826c-605718cb5baa, bic=040813713, swift=VTBRRUM2KH3, name=ФИЛИАЛ № 2754 БАНКА ВТБ (ПАО), corrAccount=30101810708130000713, address=УЛ МУРАВЬЁВА-АМУРСКОГО, 18, city=Г. ХАБАРОВСК, phones=(4212)455455, country=4e127564-d74f-4dd9-bced-0327f0f4e061, countryCode=643, activityDiscontinued=false}, {guid=a38a1aa4-d82b-11e8-80bb-08002789bf51, archive=false, dateOutputArchive=0001-01-01T00:00:00Z, thisGroup=false, parent=78ddac09-ca67-11e5-826c-605718cb5baa, bic=046577501, swift=VTBRRUM2EK3, name=ФИЛИАЛ № 6602 БАНКА ВТБ (ПАО), corrAccount=30101810165770000501, address=ПР-Т ЛЕНИНА, 27, city=Г. ЕКАТЕРИНБУРГ, phones=(343)3862400, country=4e127564-d74f-4dd9-bced-0327f0f4e061, countryCode=643, activityDiscontinued=false}, {guid=a38a1aa5-d82b-11e8-80bb-08002789bf51, archive=false, dateOutputArchive=0001-01-01T00:00:00Z, thisGroup=false, parent=78ddac09-ca67-11e5-826c-605718cb5baa, bic=046577507, swift=, name=ЕКАТЕРИНБУРГСКИЙ ФИЛИАЛ АБ &quot;РОССИЯ&quot;, corrAccount=30101810965770000507, address=УЛ МАМИНА-СИБИРЯКА, 145, city=Г. ЕКАТЕРИНБУРГ, phones=(343)2863760, country=4e127564-d74f-4dd9-bced-0327f0f4e061, countryCode=643, activityDiscontinued=false}, {guid=a38a1aa6-d82b-11e8-80bb-08002789bf51, archive=false, dateOutputArchive=0001-01-01T00:00:00Z, thisGroup=false, parent=78ddabf2-ca67-11e5-826c-605718cb5baa, bic=043601811, swift=, name=ООО &quot;ЗЕМСКИЙ БАНК&quot;, corrAccount=30101810922023601811, address=УЛ УЛЬЯНОВСКАЯ, 79, city=Г. СЫЗРАНЬ, phones=(8464)985454, country=4e127564-d74f-4dd9-bced-0327f0f4e061, countryCode=643, activityDiscontinued=false}, {guid=a38a1aa7-d82b-11e8-80bb-08002789bf51, archive=false, dateOutputArchive=0001-01-01T00:00:00Z, thisGroup=false, parent=78ddabfd-ca67-11e5-826c-605718cb5baa, bic=046311890, swift=, name=АО &quot;БАЛАКОВО-БАНК&quot;, corrAccount=30101810022026311890, address=УЛ ФАКЕЛ СОЦИАЛИЗМА, 21, city=Г. БАЛАКОВО, phones=(8453)444166,447007, country=4e127564-d74f-4dd9-bced-0327f0f4e061, countryCode=643, activityDiscontinued=false}, {guid=a38a1aa8-d82b-11e8-80bb-08002789bf51, archive=false, dateOutputArchive=0001-01-01T00:00:00Z, thisGroup=false, parent=78ddabe5-ca67-11e5-826c-605718cb5baa, bic=044525641, swift=, name=ФИЛИАЛ 1 ООО КБ &quot;ЦЕНТРАЛЬНО-ЕВРОПЕЙСКИЙ БАНК&quot;, corrAccount=30101810245250000641, address=ПРОЕКТ-Й 4062Й ПР-Д, 6, СТР 16, city=Г. МОСКВА, phones=(495)6625665, country=4e127564-d74f-4dd9-bced-0327f0f4e061, countryCode=643, activityDiscontinued=false}, {guid=a38a1aa9-d82b-11e8-80bb-08002789bf51, archive=false, dateOutputArchive=0001-01-01T00:00:00Z, thisGroup=false, parent=78ddac17-ca67-11e5-826c-605718cb5baa, bic=046015946, swift=, name=ПАО &quot;ТАГАНРОГБАНК&quot;, corrAccount=30101810960150000946, address=УЛ. ГРЕЧЕСКАЯ, 71 ТЕЛ.(8634)31, city=Г. ТАГАНРОГ, phones=, country=4e127564-d74f-4dd9-bced-0327f0f4e061, countryCode=643, activityDiscontinued=false}, {guid=a38a1aaa-d82b-11e8-80bb-08002789bf51, archive=false, dateOutputArchive=0001-01-01T00:00:00Z, thisGroup=false, parent=78ddabe5-ca67-11e5-826c-605718cb5baa, bic=044525646, swift=, name=НКО НКЦ (АО), corrAccount=30103810345250000646, address=Б. КИСЛОВСКИЙ ПЕР, 13, city=Г. МОСКВА, phones=(495)7829794, country=4e127564-d74f-4dd9-bced-0327f0f4e061, countryCode=643, activityDiscontinued=false}, {guid=a38a1aab-d82b-11e8-80bb-08002789bf51, archive=false, dateOutputArchive=0001-01-01T00:00:00Z, thisGroup=false, parent=78ddac07-ca67-11e5-826c-605718cb5baa, bic=045004841, swift=, name=НОВОСИБИРСКИЙ ФИЛИАЛ ТКБ БАНК ПАО, corrAccount=30101810250040000841, address=УЛ КОММУНИСТИЧЕСКАЯ, 35, city=Г. НОВОСИБИРСК, phones=(383)3252500,3252660, country=4e127564-d74f-4dd9-bced-0327f0f4e061, countryCode=643, activityDiscontinued=false}, {guid=a38a1aac-d82b-11e8-80bb-08002789bf51, archive=false, dateOutputArchive=0001-01-01T00:00:00Z, thisGroup=false, parent=78ddac07-ca67-11e5-826c-605718cb5baa, bic=045004846, swift=, name=Ф-Л &quot;НОВОСИБИРСК&quot; АКБ &quot;РОСЕВРОБАНК&quot; (АО), corrAccount=30101810750040000846, address=УЛ ФРУНЗЕ, 5, city=Г. НОВОСИБИРСК, phones=(383)2020750, country=4e127564-d74f-4dd9-bced-0327f0f4e061, countryCode=643, activityDiscontinued=false}, {guid=a38a1aad-d82b-11e8-80bb-08002789bf51, archive=false, dateOutputArchive=0001-01-01T00:00:00Z, thisGroup=false, parent=78ddac07-ca67-11e5-826c-605718cb5baa, bic=045004845, swift=, name=ФИЛИАЛ &quot;НОВОСИБИРСКИЙ&quot; ПАО КБ &quot;УБРИР&quot;, corrAccount=30101810450040000845, address=УЛ ВОКЗАЛЬНАЯ МАГИСТРАЛЬ, 1, city=Г. НОВОСИБИРСК, phones=(383)2201141,2201181, country=4e127564-d74f-4dd9-bced-0327f0f4e061, countryCode=643, activityDiscontinued=false}, {guid=a38a1aae-d82b-11e8-80bb-08002789bf51, archive=false, dateOutputArchive=0001-01-01T00:00:00Z, thisGroup=false, parent=78ddac07-ca67-11e5-826c-605718cb5baa, bic=045004833, swift=, name=НОВОСИБИРСКИЙ ФИЛИАЛ ООО &quot;БАНК БКФ&quot;, corrAccount=30101810750040000833, address=ПР-Т ДИМИТРОВА, 4/1, city=Г. НОВОСИБИРСК, phones=(383)3191118,3191116, country=4e127564-d74f-4dd9-bced-0327f0f4e061, countryCode=643, activityDiscontinued=false}, {guid=aaaf21b4-d82b-11e8-80bb-08002789bf51, archive=false, dateOutputArchive=0001-01-01T00:00:00Z, thisGroup=false, parent=78ddac07-ca67-11e5-826c-605718cb5baa, bic=045004818, swift=, name=НОВОСИБИРСКИЙ ФИЛИАЛ АО ЮНИКРЕДИТ БАНКА, corrAccount=30101810050040000818, address=УЛ МАКСИМА ГОРЬКОГО, 53, city=Г. НОВОСИБИРСК, phones=(383)2300163, country=4e127564-d74f-4dd9-bced-0327f0f4e061, countryCode=643, activityDiscontinued=false}, {guid=aaaf21b5-d82b-11e8-80bb-08002789bf51, archive=false, dateOutputArchive=0001-01-01T00:00:00Z, thisGroup=false, parent=78ddabeb-ca67-11e5-826c-605718cb5baa, bic=040715725, swift=, name=ООО &quot;РУСБС&quot;, corrAccount=30101810107150000725, address=УЛ ГАГАРИНА, 148, city=СТ-ЦА ЕССЕНТУКСКАЯ, phones=(87961)51171,24177,50987, country=4e127564-d74f-4dd9-bced-0327f0f4e061, countryCode=643, activityDiscontinued=false}, {guid=aaaf21b6-d82b-11e8-80bb-08002789bf51, archive=false, dateOutputArchive=0001-01-01T00:00:00Z, thisGroup=false, parent=78ddac0f-ca67-11e5-826c-605718cb5baa, bic=040349789, swift=, name=ООО КБ &quot;ГТ БАНК&quot;, corrAccount=30101810303490000789, address=УЛ СЕВЕРНАЯ, 321, city=Г. КРАСНОДАР, phones=(861)2790305,2791744, country=4e127564-d74f-4dd9-bced-0327f0f4e061, countryCode=643, activityDiscontinued=false}, {guid=aaaf21b7-d82b-11e8-80bb-08002789bf51, archive=false, dateOutputArchive=0001-01-01T00:00:00Z, thisGroup=false, parent=78ddac00-ca67-11e5-826c-605718cb5baa, bic=048209848, swift=, name=КУ ООО КБ &quot;ПРЕСТИЖКРЕДИТБАНК&quot; ГК &quot;АСВ&quot;, corrAccount=30101810282090000848, address=УЛ КАММАЕВА, 19, К &quot;Ж&quot;, city=Г. МАХАЧКАЛА, phones=(8722)561920,561921, country=4e127564-d74f-4dd9-bced-0327f0f4e061, countryCode=643, activityDiscontinued=false}, {guid=aaaf21b8-d82b-11e8-80bb-08002789bf51, archive=false, dateOutputArchive=0001-01-01T00:00:00Z, thisGroup=false, parent=78ddac98-ca67-11e5-826c-605718cb5baa, bic=041117785, swift=, name=Ф-л &quot;Космодром-Плесецк&quot; АО &quot;ФОНДСЕРВИСБАНК&quot;, corrAccount=30101810540300011785, address=УЛ. ПУШКИНА, Д. 3, city=Г. МИРНЫЙ, phones=, country=4e127564-d74f-4dd9-bced-0327f0f4e061, countryCode=643, activityDiscontinued=false}, {guid=aaaf21b9-d82b-11e8-80bb-08002789bf51, archive=false, dateOutputArchive=0001-01-01T00:00:00Z, thisGroup=false, parent=78ddac34-ca67-11e5-826c-605718cb5baa, bic=046489002, swift=, name=ПУ БАНКА РОССИИ ОХОТСКОЕ, corrAccount=, address=УЛ ГНЕЧКО, 1, city=ПГТ ЮЖНО-КУРИЛЬСК, phones=, country=4e127564-d74f-4dd9-bced-0327f0f4e061, countryCode=643, activityDiscontinued=false}, {guid=78ddac57-ca67-11e5-826c-605718cb5baa, archive=, dateOutputArchive=, thisGroup=true, parent=00000000-0000-0000-0000-000000000000, bic=27       , swift=, name=КАЛИНИНГРАДСКАЯ ОБЛАСТЬ, corrAccount=, address=, city=, phones=, country=, countryCode=, activityDiscontinued=}, {guid=aaaf21ba-d82b-11e8-80bb-08002789bf51, archive=false, dateOutputArchive=0001-01-01T00:00:00Z, thisGroup=false, parent=78ddabfd-ca67-11e5-826c-605718cb5baa, bic=046311926, swift=, name=АО РНКО &quot;СИНЕРГИЯ&quot;, corrAccount=30103810622026311926, address=Г. САРАТОВ, УЛ. РАБОЧАЯ, 27, city=Г. САРАТОВ, phones=, country=4e127564-d74f-4dd9-bced-0327f0f4e061, countryCode=643, activityDiscontinued=false}, {guid=aaaf21bb-d82b-11e8-80bb-08002789bf51, archive=false, dateOutputArchive=0001-01-01T00:00:00Z, thisGroup=false, parent=78ddac0f-ca67-11e5-826c-605718cb5baa, bic=040349744, swift=, name=КРАСНОДАРСКИЙ ФИЛИАЛ ПАО РОСБАНК, corrAccount=30101810403490000744, address=УЛ ОЛИМПИЙСКАЯ, 8, city=Г. КРАСНОДАР, phones=(861)2739730,2739731, country=4e127564-d74f-4dd9-bced-0327f0f4e061, countryCode=643, activityDiscontinued=false}, {guid=aaaf21bc-d82b-11e8-80bb-08002789bf51, archive=false, dateOutputArchive=0001-01-01T00:00:00Z, thisGroup=false, parent=78ddac07-ca67-11e5-826c-605718cb5baa, bic=045004796, swift=, name=ФИЛИАЛ &quot;НОВОСИБИРСК&quot; КБ &quot;ЛОКО-БАНК&quot; (АО), corrAccount=30101810350040000796, address=УЛ ЛЕНИНА, 52, city=Г. НОВОСИБИРСК, phones=(383)2380740,2380750, country=4e127564-d74f-4dd9-bced-0327f0f4e061, countryCode=643, activityDiscontinued=false}, {guid=aaaf21bd-d82b-11e8-80bb-08002789bf51, archive=false, dateOutputArchive=0001-01-01T00:00:00Z, thisGroup=false, parent=78ddac17-ca67-11e5-826c-605718cb5baa, bic=046015080, swift=, name=РОСТОВСКИЙ ФИЛИАЛ ПАО &quot;РГС БАНК&quot;, corrAccount=30101810460150000080, address=УЛ ГОРОДА ВОЛОС, 11/81-83/34, city=Г. РОСТОВ-НА-ДОНУ, phones=(863)2370660, country=4e127564-d74f-4dd9-bced-0327f0f4e061, countryCode=643, activityDiscontinued=false}, {guid=aaaf21be-d82b-11e8-80bb-08002789bf51, archive=false, dateOutputArchive=0001-01-01T00:00:00Z, thisGroup=false, parent=78ddac07-ca67-11e5-826c-605718cb5baa, bic=045004785, swift=, name=НОВОСИБИРСКИЙ Ф-Л ПАО АКБ &quot;МЕТАЛЛИНВЕСТБАНК&quot;, corrAccount=30101810950040000785, address=УЛ СОВЕТСКАЯ, 8, city=Г. НОВОСИБИРСК, phones=(383)2091447,2091446, country=4e127564-d74f-4dd9-bced-0327f0f4e061, countryCode=643, activityDiscontinued=false}, {guid=aaaf21bf-d82b-11e8-80bb-08002789bf51, archive=false, dateOutputArchive=0001-01-01T00:00:00Z, thisGroup=false, parent=78ddac17-ca67-11e5-826c-605718cb5baa, bic=046015081, swift=, name=РОСТОВСКИЙ ФИЛИАЛ АО ЮНИКРЕДИТ БАНКА, corrAccount=30101810760150000081, address=УЛ СОЦИАЛИСТИЧЕСКАЯ, 58/51, city=Г. РОСТОВ-НА-ДОНУ, phones=(863)2630900,2630906, country=4e127564-d74f-4dd9-bced-0327f0f4e061, countryCode=643, activityDiscontinued=false}, {guid=aaaf21c0-d82b-11e8-80bb-08002789bf51, archive=false, dateOutputArchive=0001-01-01T00:00:00Z, thisGroup=false, parent=78ddac07-ca67-11e5-826c-605718cb5baa, bic=045004789, swift=, name=ФИЛИАЛ БАНКА МБСП (АО) В НОВОСИБИРСКЕ, corrAccount=30101810150040000789, address=ПР-Т ДИМИТРОВА, 12, city=Г. НОВОСИБИРСК, phones=(383)3734340,3734341, country=4e127564-d74f-4dd9-bced-0327f0f4e061, countryCode=643, activityDiscontinued=false}, {guid=aaaf21c1-d82b-11e8-80bb-08002789bf51, archive=false, dateOutputArchive=0001-01-01T00:00:00Z, thisGroup=false, parent=78ddac17-ca67-11e5-826c-605718cb5baa, bic=046015088, swift=SJSCRUMMRND, name=ФИЛИАЛ &quot;СДМ-БАНК&quot; (ПАО) В Г. РОСТОВ-НА-ДОНУ, corrAccount=30101810860150000088, address=УЛ КАТАЕВА, 293, city=Г. РОСТОВ-НА-ДОНУ, phones=(863)2197712,2197714, country=4e127564-d74f-4dd9-bced-0327f0f4e061, countryCode=643, activityDiscontinued=false}, {guid=aaaf21c2-d82b-11e8-80bb-08002789bf51, archive=false, dateOutputArchive=0001-01-01T00:00:00Z, thisGroup=false, parent=78ddac07-ca67-11e5-826c-605718cb5baa, bic=045004778, swift=, name=ФИЛИАЛ БАНКА &quot;ВБРР&quot; (АО) В Г.НОВОСИБИРСКЕ, corrAccount=30101810750040000778, address=УЛ СИБРЕВКОМА, 2, city=Г. НОВОСИБИРСК, phones=(383)2302201, country=4e127564-d74f-4dd9-bced-0327f0f4e061, countryCode=643, activityDiscontinued=false}, {guid=aaaf21c3-d82b-11e8-80bb-08002789bf51, archive=false, dateOutputArchive=0001-01-01T00:00:00Z, thisGroup=false, parent=78ddac0f-ca67-11e5-826c-605718cb5baa, bic=040349758, swift=VTBRRUM2KD3, name=ФИЛИАЛ № 2351 БАНКА ВТБ (ПАО), corrAccount=30101810703490000758, address=УЛ ИМ. ГОГОЛЯ, 68, city=Г. КРАСНОДАР, phones=(861)2126424,2125627, country=4e127564-d74f-4dd9-bced-0327f0f4e061, countryCode=643, activityDiscontinued=false}, {guid=aaaf21c4-d82b-11e8-80bb-08002789bf51, archive=false, dateOutputArchive=0001-01-01T00:00:00Z, thisGroup=false, parent=78ddac17-ca67-11e5-826c-605718cb5baa, bic=046015094, swift=, name=НОВОЧЕРКАССКИЙ ФИЛИАЛ АО &quot;ФОНДСЕРВИСБАНК&quot;, corrAccount=30101810760150000094, address=ПЛАТОВСКИЙ ПР-Т, 59 Б, city=Г. НОВОЧЕРКАССК, phones=(8635)240550, country=4e127564-d74f-4dd9-bced-0327f0f4e061, countryCode=643, activityDiscontinued=false}, {guid=aaaf21c5-d82b-11e8-80bb-08002789bf51, archive=false, dateOutputArchive=0001-01-01T00:00:00Z, thisGroup=false, parent=78ddac17-ca67-11e5-826c-605718cb5baa, bic=046015068, swift=, name=ДОНСКОЙ ФИЛИАЛ АО КБ &quot;СИТИБАНК&quot;, corrAccount=30101810660150000068, address=УЛ Б. САДОВАЯ, 124, city=Г. РОСТОВ-НА-ДОНУ, phones=(863)2040043,2040002, country=4e127564-d74f-4dd9-bced-0327f0f4e061, countryCode=643, activityDiscontinued=false}, {guid=aaaf21c6-d82b-11e8-80bb-08002789bf51, archive=false, dateOutputArchive=0001-01-01T00:00:00Z, thisGroup=false, parent=78ddac07-ca67-11e5-826c-605718cb5baa, bic=045004763, swift=, name=ФИЛИАЛ &quot;ЦЕНТРАЛЬНЫЙ&quot; ПАО &quot;СОВКОМБАНК&quot;, corrAccount=30101810150040000763, address=УЛ ПОПОВА, 11, city=Г. БЕРДСК, phones=(383)3340606, country=4e127564-d74f-4dd9-bced-0327f0f4e061, countryCode=643, activityDiscontinued=false}, {guid=aaaf21c7-d82b-11e8-80bb-08002789bf51, archive=false, dateOutputArchive=0001-01-01T00:00:00Z, thisGroup=false, parent=78ddac17-ca67-11e5-826c-605718cb5baa, bic=046015066, swift=, name=Ф-Л АО АКБ &quot;НОВИКОМБАНК&quot; В Г.РОСТОВЕ-НА-ДОНУ, corrAccount=30101810060150000066, address=УЛ КРАСНОАРМЕЙСКАЯ, 170/84, city=Г. РОСТОВ-НА-ДОНУ, phones=(863)2017777, country=4e127564-d74f-4dd9-bced-0327f0f4e061, countryCode=643, activityDiscontinued=false}, {guid=78ddabe0-ca67-11e5-826c-605718cb5baa, archive=false, dateOutputArchive=0001-01-01T00:00:00Z, thisGroup=false, parent=78ddabdf-ca67-11e5-826c-605718cb5baa, bic=049246920, swift=, name=НИЖНЕКАМСКИЙ ФАБ &quot;ДЕВОН-КРЕДИТ&quot; (ПАО), corrAccount=30101810700000000920, address=, city=Г. НИЖНЕКАМСК, phones=, country=00000000-0000-0000-0000-000000000000, countryCode=, activityDiscontinued=true}, {guid=aaaf21c8-d82b-11e8-80bb-08002789bf51, archive=false, dateOutputArchive=0001-01-01T00:00:00Z, thisGroup=false, parent=78ddac17-ca67-11e5-826c-605718cb5baa, bic=046015064, swift=, name=ЮЖНЫЙ ФИЛИАЛ АО &quot;БАНК ИНТЕЗА&quot;, corrAccount=30101810460150000064, address=ВОРОШИЛОВСКИЙ ПР-Т, 48, city=Г. РОСТОВ-НА-ДОНУ, phones=(863)2318377,2318388, country=4e127564-d74f-4dd9-bced-0327f0f4e061, countryCode=643, activityDiscontinued=false}, {guid=aaaf21c9-d82b-11e8-80bb-08002789bf51, archive=false, dateOutputArchive=0001-01-01T00:00:00Z, thisGroup=false, parent=78ddac17-ca67-11e5-826c-605718cb5baa, bic=046015065, swift=JSNMRUMMRND, name=РОСТОВСКИЙ ФИЛИАЛ ПАО БАНКА &quot;ФК ОТКРЫТИЕ&quot;, corrAccount=30101810760150000065, address=УЛ ТЕКУЧЕВА, 234, city=Г. РОСТОВ-НА-ДОНУ, phones=(863)2009099, country=4e127564-d74f-4dd9-bced-0327f0f4e061, countryCode=643, activityDiscontinued=true}, {guid=aaaf21ca-d82b-11e8-80bb-08002789bf51, archive=false, dateOutputArchive=0001-01-01T00:00:00Z, thisGroup=false, parent=78ddac17-ca67-11e5-826c-605718cb5baa, bic=046015060, swift=, name=ФИЛИАЛ АО &quot;ГЕНБАНК&quot; В Г.РОСТОВ-НА-ДОНУ, corrAccount=30101810260150000060, address=УЛ ПУШКИНСКАЯ, 94, city=Г. РОСТОВ-НА-ДОНУ, phones=(863)2999333, country=4e127564-d74f-4dd9-bced-0327f0f4e061, countryCode=643, activityDiscontinued=false}, {guid=aaaf21cb-d82b-11e8-80bb-08002789bf51, archive=false, dateOutputArchive=0001-01-01T00:00:00Z, thisGroup=false, parent=78ddac17-ca67-11e5-826c-605718cb5baa, bic=046015061, swift=, name=ФИЛИАЛ ЮЖНЫЙ ПАО БАНКА &quot;ФК ОТКРЫТИЕ&quot;, corrAccount=30101810560150000061, address=УЛ ГОРОДА ВОЛОС, 112/130, city=Г. РОСТОВ-НА-ДОНУ, phones=(863)2688901, country=4e127564-d74f-4dd9-bced-0327f0f4e061, countryCode=643, activityDiscontinued=false}, {guid=aaaf21cc-d82b-11e8-80bb-08002789bf51, archive=false, dateOutputArchive=0001-01-01T00:00:00Z, thisGroup=false, parent=78ddabe7-ca67-11e5-826c-605718cb5baa, bic=040507750, swift=, name=АО &quot;РОЯЛ КРЕДИТ БАНК&quot;, corrAccount=30101810105070000750, address=ПР-Т 100ЛЕТ ВЛАДИ-КА, 155 - 1Б, city=Г. ВЛАДИВОСТОК, phones=(423)2308871,2308870, country=4e127564-d74f-4dd9-bced-0327f0f4e061, countryCode=643, activityDiscontinued=false}, {guid=aaaf21cd-d82b-11e8-80bb-08002789bf51, archive=false, dateOutputArchive=0001-01-01T00:00:00Z, thisGroup=false, parent=78ddac17-ca67-11e5-826c-605718cb5baa, bic=046015078, swift=ZEMCRU22XXX, name=ООО &quot;ЗЕМКОМБАНК&quot;, corrAccount=30101810760150000078, address=УЛ МАЛЮГИНОЙ, 233, city=Г. РОСТОВ-НА-ДОНУ, phones=(863)2800064, country=4e127564-d74f-4dd9-bced-0327f0f4e061, countryCode=643, activityDiscontinued=false}, {guid=aaaf21ce-d82b-11e8-80bb-08002789bf51, archive=false, dateOutputArchive=0001-01-01T00:00:00Z, thisGroup=false, parent=78ddac17-ca67-11e5-826c-605718cb5baa, bic=046015075, swift=, name=РОСТОВСКИЙ ФИЛИАЛ ЦМРБАНК (ООО), corrAccount=30101810860150000075, address=УЛ ПУШКИНСКАЯ, 105/79, city=Г. РОСТОВ-НА-ДОНУ, phones=(863)2695710, country=4e127564-d74f-4dd9-bced-0327f0f4e061, countryCode=643, activityDiscontinued=false}, {guid=aaaf21cf-d82b-11e8-80bb-08002789bf51, archive=false, dateOutputArchive=0001-01-01T00:00:00Z, thisGroup=false, parent=78ddac17-ca67-11e5-826c-605718cb5baa, bic=046015074, swift=, name=ФИЛИАЛ &quot;РОСТОВ-НА-ДОНУ&quot; КБ &quot;ЛОКО-БАНК&quot; (АО), corrAccount=30101810560150000074, address=УЛ МАКСИМА ГОРЬКОГО, 123/67, city=Г. РОСТОВ-НА-ДОНУ, phones=(863)2192772, country=4e127564-d74f-4dd9-bced-0327f0f4e061, countryCode=643, activityDiscontinued=false}, {guid=aaaf21d0-d82b-11e8-80bb-08002789bf51, archive=false, dateOutputArchive=0001-01-01T00:00:00Z, thisGroup=false, parent=78ddac17-ca67-11e5-826c-605718cb5baa, bic=046015051, swift=, name=Ф-Л АКБ &quot;ФОРА-БАНК&quot; (АО) В Г.РОСТОВ-НА-ДОНУ, corrAccount=30101810460150000051, address=УЛ ПУШКИНСКАЯ, 117, city=Г. РОСТОВ-НА-ДОНУ, phones=(863)2403640, country=4e127564-d74f-4dd9-bced-0327f0f4e061, countryCode=643, activityDiscontinued=false}, {guid=aaaf21d1-d82b-11e8-80bb-08002789bf51, archive=false, dateOutputArchive=0001-01-01T00:00:00Z, thisGroup=false, parent=78ddac17-ca67-11e5-826c-605718cb5baa, bic=046015052, swift=, name=ООО КБ &quot;РОСТФИНАНС&quot;, corrAccount=30101810760150000052, address=УЛ КРАСНОАРМЕЙСКАЯ, 166 А, city=Г. РОСТОВ-НА-ДОНУ, phones=(863)2870058, country=4e127564-d74f-4dd9-bced-0327f0f4e061, countryCode=643, activityDiscontinued=false}, {guid=78ddac7b-ca67-11e5-826c-605718cb5baa, archive=false, dateOutputArchive=0001-01-01T00:00:00Z, thisGroup=false, parent=78ddac02-ca67-11e5-826c-605718cb5baa, bic=042809974, swift=, name=ТВЕФ ПАО &quot;БИНБАНК&quot;, corrAccount=30101810900000000974, address=, city=Г. ТВЕРЬ, phones=, country=00000000-0000-0000-0000-000000000000, countryCode=, activityDiscontinued=true}, {guid=aaaf21d2-d82b-11e8-80bb-08002789bf51, archive=false, dateOutputArchive=0001-01-01T00:00:00Z, thisGroup=false, parent=78ddac17-ca67-11e5-826c-605718cb5baa, bic=046015050, swift=, name=ФИЛИАЛ № 1 ПАО МОСОБЛБАНК, corrAccount=30101810160150000050, address=КОММУНИСТИЧЕСКИЙ ПР-Т, 51, city=Г. РОСТОВ-НА-ДОНУ, phones=(863)3009637, country=4e127564-d74f-4dd9-bced-0327f0f4e061, countryCode=643, activityDiscontinued=false}, {guid=aaaf21d3-d82b-11e8-80bb-08002789bf51, archive=false, dateOutputArchive=0001-01-01T00:00:00Z, thisGroup=false, parent=78ddabf2-ca67-11e5-826c-605718cb5baa, bic=043601728, swift=, name=САМАРСКИЙ ФИЛИАЛ ПАО &quot;НЕВСКИЙ БАНК&quot;, corrAccount=30101810222023601728, address=6 ПРОСЕКА, 125, city=Г. САМАРА, phones=(846)2011100, country=4e127564-d74f-4dd9-bced-0327f0f4e061, countryCode=643, activityDiscontinued=false}, {guid=aaaf21d4-d82b-11e8-80bb-08002789bf51, archive=false, dateOutputArchive=0001-01-01T00:00:00Z, thisGroup=false, parent=78ddabe9-ca67-11e5-826c-605718cb5baa, bic=042520764, swift=, name=КОНКУРСНЫЙ УПРАВЛЯЮЩИЙ &quot;ВЛБАНК&quot; (АО)-ГК &quot;АСВ&quot;, corrAccount=30101810450040000764, address=УЛ КИРОВА, 85 А, city=Г. УСТЬ-КУТ, phones=(3952)289500, country=4e127564-d74f-4dd9-bced-0327f0f4e061, countryCode=643, activityDiscontinued=false}, {guid=aaaf21d5-d82b-11e8-80bb-08002789bf51, archive=false, dateOutputArchive=0001-01-01T00:00:00Z, thisGroup=false, parent=78ddabe9-ca67-11e5-826c-605718cb5baa, bic=042520767, swift=, name=АНГАРСКИЙ ФИЛИАЛ АО &quot;ИТ БАНК&quot;, corrAccount=30101810350040000767, address=29-ЫЙ МКР, 15 А, city=Г. АНГАРСК, phones=(3955)671921,564004, country=4e127564-d74f-4dd9-bced-0327f0f4e061, countryCode=643, activityDiscontinued=false}, {guid=78ddabe1-ca67-11e5-826c-605718cb5baa, archive=, dateOutputArchive=, thisGroup=true, parent=00000000-0000-0000-0000-000000000000, bic=40       , swift=, name=Г САНКТ-ПЕТЕРБУРГ, corrAccount=, address=, city=, phones=, country=, countryCode=, activityDiscontinued=}, {guid=aaaf21d6-d82b-11e8-80bb-08002789bf51, archive=false, dateOutputArchive=0001-01-01T00:00:00Z, thisGroup=false, parent=78ddac34-ca67-11e5-826c-605718cb5baa, bic=046401888, swift=KHZARU99XXX, name=АО &quot;БАНК ХОЛМСК&quot;, corrAccount=30101810064010000888, address=УЛ ЛЕНИНА, 304 Г, city=Г. ЮЖНО-САХАЛИНСК, phones=(4242)245858, country=4e127564-d74f-4dd9-bced-0327f0f4e061, countryCode=643, activityDiscontinued=false}, {guid=bbea4eb4-fc53-11e8-80c5-08002789bf51, archive=false, dateOutputArchive=0001-01-01T00:00:00Z, thisGroup=false, parent=78ddabe5-ca67-11e5-826c-605718cb5baa, bic=044525360, swift=, name=Филиал &quot;Корпоративный&quot; ПАО &quot;Совкомбанк&quot;, corrAccount=30101810445250000360, address=УЛ. ВАВИЛОВА, Д. 24, city=Г. МОСКВА, phones=, country=4e127564-d74f-4dd9-bced-0327f0f4e061, countryCode=643, activityDiscontinued=false}, {guid=bbea4eb5-fc53-11e8-80c5-08002789bf51, archive=false, dateOutputArchive=0001-01-01T00:00:00Z, thisGroup=false, parent=78ddabe1-ca67-11e5-826c-605718cb5baa, bic=044030800, swift=, name=Ф-Л СПБ № 2 ПАО БАНК &quot;ФК ОТКРЫТИЕ&quot;, corrAccount=30101810040300000800, address=НАБ. ОБВОДНОГО КАНАЛА, Д. 90,, city=Г. САНКТ-ПЕТЕРБУРГ, phones=, country=4e127564-d74f-4dd9-bced-0327f0f4e061, countryCode=643, activityDiscontinued=false}, {guid=bbea4eb6-fc53-11e8-80c5-08002789bf51, archive=false, dateOutputArchive=0001-01-01T00:00:00Z, thisGroup=false, parent=78ddac49-ca67-11e5-826c-605718cb5baa, bic=047308988, swift=, name=Ф-л Ульяновский № 2 ПАО Банк &quot;ФК Открытие&quot;, corrAccount=30101810122027300988, address=УЛ. АЛЕКСАНДРА МАТРОСОВА, Д 33, city=Г. УЛЬЯНОВСК, phones=, country=4e127564-d74f-4dd9-bced-0327f0f4e061, countryCode=643, activityDiscontinued=false}, {guid=bbea4eb7-fc53-11e8-80c5-08002789bf51, archive=false, dateOutputArchive=0001-01-01T00:00:00Z, thisGroup=false, parent=78ddac07-ca67-11e5-826c-605718cb5baa, bic=045004051, swift=, name=Новосибирский филиал РНКО &quot;Р-ИНКАС&quot; (ООО), corrAccount=30103810450045004051, address=УЛ. ДМИТРИЯ ДОНСКОГО, 11, city=Г. НОВОСИБИРСК, phones=, country=4e127564-d74f-4dd9-bced-0327f0f4e061, countryCode=643, activityDiscontinued=false}, {guid=bbea4eb8-fc53-11e8-80c5-08002789bf51, archive=false, dateOutputArchive=0001-01-01T00:00:00Z, thisGroup=false, parent=78ddabe5-ca67-11e5-826c-605718cb5baa, bic=044525980, swift=, name=Ф-л Мск (Диджитал) ПАО Банк &quot;ФК Открытие&quot;, corrAccount=30101810045250000980, address=УЛ. ПЕТРОВКА, Д. 24, СТР. 1, city=Г. МОСКВА, phones=, country=4e127564-d74f-4dd9-bced-0327f0f4e061, countryCode=643, activityDiscontinued=false}, {guid=bbea4eb9-fc53-11e8-80c5-08002789bf51, archive=false, dateOutputArchive=0001-01-01T00:00:00Z, thisGroup=false, parent=78ddabeb-ca67-11e5-826c-605718cb5baa, bic=040702751, swift=, name=Ф-Л СТАВРОПОЛЬСКИЙ №2 ПАО БАНК &quot;ФК ОТКРЫТИЕ&quot;, corrAccount=30101810007020000751, address=УЛ. ЛЕНИНА, 221, city=Г. СТАВРОПОЛЬ, phones=, country=4e127564-d74f-4dd9-bced-0327f0f4e061, countryCode=643, activityDiscontinued=false}, {guid=bbea4eba-fc53-11e8-80c5-08002789bf51, archive=false, dateOutputArchive=0001-01-01T00:00:00Z, thisGroup=false, parent=78ddac09-ca67-11e5-826c-605718cb5baa, bic=046577520, swift=, name=Ф-л Екб №2 ПАО Банк &quot;ФК Открытие&quot;, corrAccount=30101810065770000520, address=УЛ.ГОРЬКОГО, Д.45, city=Г. ЕКАТЕРИНБУРГ, phones=, country=4e127564-d74f-4dd9-bced-0327f0f4e061, countryCode=643, activityDiscontinued=false}, {guid=bbea4ebb-fc53-11e8-80c5-08002789bf51, archive=false, dateOutputArchive=0001-01-01T00:00:00Z, thisGroup=false, parent=78ddabe7-ca67-11e5-826c-605718cb5baa, bic=040507830, swift=, name=Ф-л Владивостокский №2 ПАО Банк &quot;ФК Открытие&quot;, corrAccount=30101810805070000830, address=ПР-КТ ОКЕАНСКИЙ, Д.123 Б, city=Г. ВЛАДИВОСТОК, phones=, country=4e127564-d74f-4dd9-bced-0327f0f4e061, countryCode=643, activityDiscontinued=false}, {guid=bbea4ebc-fc53-11e8-80c5-08002789bf51, archive=false, dateOutputArchive=0001-01-01T00:00:00Z, thisGroup=false, parent=78ddac17-ca67-11e5-826c-605718cb5baa, bic=046015084, swift=, name=Ф-л Ростовский №2 ПАО Банк &quot;ФК Открытие&quot;, corrAccount=30101810660150000084, address=ПР. ШОЛОХОВА, 32/65, city=Г. РОСТОВ-НА-ДОНУ, phones=, country=4e127564-d74f-4dd9-bced-0327f0f4e061, countryCode=643, activityDiscontinued=false}, {guid=bbea4ebd-fc53-11e8-80c5-08002789bf51, archive=false, dateOutputArchive=0001-01-01T00:00:00Z, thisGroup=false, parent=78ddac07-ca67-11e5-826c-605718cb5baa, bic=045004741, swift=, name=Ф-л Новосибирский №2 ПАО Банк &quot;ФК Открытие&quot;, corrAccount=30101810350040000741, address=УЛ. ЛЕНИНА, Д. 18, city=Г. НОВОСИБИРСК, phones=, country=4e127564-d74f-4dd9-bced-0327f0f4e061, countryCode=643, activityDiscontinued=false}, {guid=78ddabdc-ca67-11e5-826c-605718cb5baa, archive=false, dateOutputArchive=0001-01-01T00:00:00Z, thisGroup=false, parent=78ddabdb-ca67-11e5-826c-605718cb5baa, bic=043207757, swift=, name=ФИЛИАЛ N 11 ПАО МОСОБЛБАНК, corrAccount=30101810000000000757, address=УЛ ВЕСЕННЯЯ, 24, city=Г. КЕМЕРОВО, phones=(3842)363892, country=4e127564-d74f-4dd9-bced-0327f0f4e061, countryCode=643, activityDiscontinued=false}, {guid=78ddabdd-ca67-11e5-826c-605718cb5baa, archive=, dateOutputArchive=, thisGroup=true, parent=00000000-0000-0000-0000-000000000000, bic=66       , swift=, name=СМОЛЕНСКАЯ ОБЛАСТЬ, corrAccount=, address=, city=, phones=, country=, countryCode=, activityDiscontinued=}, {guid=78ddabde-ca67-11e5-826c-605718cb5baa, archive=false, dateOutputArchive=0001-01-01T00:00:00Z, thisGroup=false, parent=78ddabdd-ca67-11e5-826c-605718cb5baa, bic=046610000, swift=, name=РКЦ ВЯЗЬМА, corrAccount=, address=, city=Г. ВЯЗЬМА, phones=, country=00000000-0000-0000-0000-000000000000, countryCode=, activityDiscontinued=true}, {guid=78ddabdf-ca67-11e5-826c-605718cb5baa, archive=, dateOutputArchive=, thisGroup=true, parent=00000000-0000-0000-0000-000000000000, bic=92       , swift=, name=РЕСПУБЛИКА ТАТАРСТАН, corrAccount=, address=, city=, phones=, country=, countryCode=, activityDiscontinued=}, {guid=78ddabe2-ca67-11e5-826c-605718cb5baa, archive=false, dateOutputArchive=0001-01-01T00:00:00Z, thisGroup=false, parent=78ddabe1-ca67-11e5-826c-605718cb5baa, bic=044030743, swift=, name=САНКТ-ПЕТЕРБУРГСКИЙ ФИЛИАЛ ПАО &quot;АК БАНК&quot;, corrAccount=30101810300000000743, address=, city=Г. САНКТ-ПЕТЕРБУРГ, phones=, country=00000000-0000-0000-0000-000000000000, countryCode=, activityDiscontinued=true}, {guid=78ddabe3-ca67-11e5-826c-605718cb5baa, archive=false, dateOutputArchive=0001-01-01T00:00:00Z, thisGroup=false, parent=78ddabe1-ca67-11e5-826c-605718cb5baa, bic=044030708, swift=, name=САНКТ-ПЕТЕРБУРГСКИЙ ФИЛИАЛ АКБ &quot;НЗБАНК&quot;,ОАО, corrAccount=30101810400000000708, address=, city=Г. САНКТ-ПЕТЕРБУРГ, phones=, country=00000000-0000-0000-0000-000000000000, countryCode=, activityDiscontinued=true}, {guid=78ddabe4-ca67-11e5-826c-605718cb5baa, archive=false, dateOutputArchive=0001-01-01T00:00:00Z, thisGroup=false, parent=78ddabe1-ca67-11e5-826c-605718cb5baa, bic=044030821, swift=, name=ФСКБ ПРИМОРЬЯ &quot;ПРИМСОЦБАНК&quot; В Г С-ПЕТЕРБУРГЕ, corrAccount=30101810400000000821, address=УЛ САДОВАЯ, 40 ЛИТ Б, city=Г. САНКТ-ПЕТЕРБУРГ, phones=(812)4934900, country=4e127564-d74f-4dd9-bced-0327f0f4e061, countryCode=643, activityDiscontinued=false}, {guid=78ddabe5-ca67-11e5-826c-605718cb5baa, archive=, dateOutputArchive=, thisGroup=true, parent=00000000-0000-0000-0000-000000000000, bic=45       , swift=, name=Г МОСКВА, corrAccount=, address=, city=, phones=, country=, countryCode=, activityDiscontinued=}, {guid=78ddabe6-ca67-11e5-826c-605718cb5baa, archive=false, dateOutputArchive=0001-01-01T00:00:00Z, thisGroup=false, parent=78ddabe5-ca67-11e5-826c-605718cb5baa, bic=044525461, swift=, name=КУ АКБ &quot;БЕНИФИТ-БАНК&quot; (ЗАО) - ГК &quot;АСВ&quot;, corrAccount=30101810645250000461, address=УЛ ВЫСОЦКОГО, 4, city=Г. МОСКВА, phones=(495)9612526, country=4e127564-d74f-4dd9-bced-0327f0f4e061, countryCode=643, activityDiscontinued=false}, {guid=78ddabe7-ca67-11e5-826c-605718cb5baa, archive=, dateOutputArchive=, thisGroup=true, parent=00000000-0000-0000-0000-000000000000, bic=05       , swift=, name=ПРИМОРСКИЙ КРАЙ, corrAccount=, address=, city=, phones=, country=, countryCode=, activityDiscontinued=}, {guid=78ddabe8-ca67-11e5-826c-605718cb5baa, archive=false, dateOutputArchive=0001-01-01T00:00:00Z, thisGroup=false, parent=78ddabe7-ca67-11e5-826c-605718cb5baa, bic=040507001, swift=, name=ДАЛЬНЕВОСТОЧНОЕ ГУ БАНКА РОССИИ, corrAccount=, address=УЛ СВЕТЛАНСКАЯ, 71, city=Г. ВЛАДИВОСТОК, phones=(423)2406514,2406507, country=4e127564-d74f-4dd9-bced-0327f0f4e061, countryCode=643, activityDiscontinued=false}, {guid=78ddabe9-ca67-11e5-826c-605718cb5baa, archive=, dateOutputArchive=, thisGroup=true, parent=00000000-0000-0000-0000-000000000000, bic=25       , swift=, name=ИРКУТСКАЯ ОБЛАСТЬ, corrAccount=, address=, city=, phones=, country=, countryCode=, activityDiscontinued=}, {guid=78ddabea-ca67-11e5-826c-605718cb5baa, archive=false, dateOutputArchive=0001-01-01T00:00:00Z, thisGroup=false, parent=78ddabe9-ca67-11e5-826c-605718cb5baa, bic=042510000, swift=, name=РКЦ ЧУНСКИЙ, corrAccount=, address=, city=РП ЧУНСКИЙ, phones=, country=00000000-0000-0000-0000-000000000000, countryCode=, activityDiscontinued=true}, {guid=78ddabeb-ca67-11e5-826c-605718cb5baa, archive=, dateOutputArchive=, thisGroup=true, parent=00000000-0000-0000-0000-000000000000, bic=07       , swift=, name=СТАВРОПОЛЬСКИЙ КРАЙ, corrAccount=, address=, city=, phones=, country=, countryCode=, activityDiscontinued=}, {guid=78ddabec-ca67-11e5-826c-605718cb5baa, archive=false, dateOutputArchive=0001-01-01T00:00:00Z, thisGroup=false, parent=78ddabeb-ca67-11e5-826c-605718cb5baa, bic=040702001, swift=, name=ОТДЕЛЕНИЕ СТАВРОПОЛЬ, corrAccount=, address=УЛ ЛЕНИНА, 286, city=Г. СТАВРОПОЛЬ, phones=(8652)224803,224804, country=4e127564-d74f-4dd9-bced-0327f0f4e061, countryCode=643, activityDiscontinued=false}, {guid=78ddabed-ca67-11e5-826c-605718cb5baa, archive=false, dateOutputArchive=0001-01-01T00:00:00Z, thisGroup=false, parent=78ddabe5-ca67-11e5-826c-605718cb5baa, bic=044525212, swift=, name=КУ КБ &quot;ТРАНСИНВЕСТБАНК&quot; (ООО) - ГК &quot;АСВ&quot;, corrAccount=30101810645250000212, address=УЛ ВЫСОЦКОГО, 4, city=Г. МОСКВА, phones=(495)9612526, country=4e127564-d74f-4dd9-bced-0327f0f4e061, countryCode=643, activityDiscontinued=false}, {guid=78ddabee-ca67-11e5-826c-605718cb5baa, archive=, dateOutputArchive=, thisGroup=true, parent=00000000-0000-0000-0000-000000000000, bic=54       , swift=, name=ОРЛОВСКАЯ ОБЛАСТЬ, corrAccount=, address=, city=, phones=, country=, countryCode=, activityDiscontinued=}, {guid=78ddabef-ca67-11e5-826c-605718cb5baa, archive=false, dateOutputArchive=0001-01-01T00:00:00Z, thisGroup=false, parent=78ddabee-ca67-11e5-826c-605718cb5baa, bic=045402751, swift=, name=ОРЛОВСКИЙ РФ АО &quot;РОССЕЛЬХОЗБАНК&quot;, corrAccount=30101810700000000751, address=УЛ МОСКОВСКАЯ, 31 ЛИТ А, city=Г. ОРЁЛ, phones=(4862)541054,735788, country=4e127564-d74f-4dd9-bced-0327f0f4e061, countryCode=643, activityDiscontinued=false}, {guid=78ddabf0-ca67-11e5-826c-605718cb5baa, archive=, dateOutputArchive=, thisGroup=true, parent=00000000-0000-0000-0000-000000000000, bic=17       , swift=, name=ВЛАДИМИРСКАЯ ОБЛАСТЬ, corrAccount=, address=, city=, phones=, country=, countryCode=, activityDiscontinued=}, {guid=78ddabf1-ca67-11e5-826c-605718cb5baa, archive=false, dateOutputArchive=0001-01-01T00:00:00Z, thisGroup=false, parent=78ddabf0-ca67-11e5-826c-605718cb5baa, bic=041708717, swift=, name=ФИЛИАЛ АО &quot;РОСТ БАНК&quot; В Г.ВЛАДИМИРЕ, corrAccount=30101810517080000717, address=, city=Г. ВЛАДИМИР, phones=, country=00000000-0000-0000-0000-000000000000, countryCode=, activityDiscontinued=true}, {guid=78ddabf2-ca67-11e5-826c-605718cb5baa, archive=, dateOutputArchive=, thisGroup=true, parent=00000000-0000-0000-0000-000000000000, bic=36       , swift=, name=САМАРСКАЯ ОБЛАСТЬ, corrAccount=, address=, city=, phones=, country=, countryCode=, activityDiscontinued=}, {guid=78ddac7c-ca67-11e5-826c-605718cb5baa, archive=false, dateOutputArchive=0001-01-01T00:00:00Z, thisGroup=false, parent=78ddac17-ca67-11e5-826c-605718cb5baa, bic=046027835, swift=, name=ООО &quot;РУССКИЙ НАЦИОНАЛЬНЫЙ БАНК&quot;, corrAccount=30101810700000000835, address=, city=Г. РОСТОВ-НА-ДОНУ, phones=, country=00000000-0000-0000-0000-000000000000, countryCode=, activityDiscontinued=true}, {guid=78ddabf3-ca67-11e5-826c-605718cb5baa, archive=false, dateOutputArchive=0001-01-01T00:00:00Z, thisGroup=false, parent=78ddabf2-ca67-11e5-826c-605718cb5baa, bic=043601917, swift=GAZPRUMM037, name=Ф-Л БАНКА ГПБ (АО) &quot;ПОВОЛЖСКИЙ&quot;, corrAccount=30101810000000000917, address=УЛ НОВО-САДОВАЯ, 106 А, СТР 1, city=Г. САМАРА, phones=(846)3396945,3396946, country=4e127564-d74f-4dd9-bced-0327f0f4e061, countryCode=643, activityDiscontinued=false}, {guid=78ddabf4-ca67-11e5-826c-605718cb5baa, archive=false, dateOutputArchive=0001-01-01T00:00:00Z, thisGroup=false, parent=78ddabe5-ca67-11e5-826c-605718cb5baa, bic=044525225, swift=SABRRUMMXXX, name=ПАО СБЕРБАНК, corrAccount=30101810400000000225, address=УЛ ВАВИЛОВА, 19, city=Г. МОСКВА, phones=(495)5005550,88005555550, country=4e127564-d74f-4dd9-bced-0327f0f4e061, countryCode=643, activityDiscontinued=false}, {guid=78ddabf5-ca67-11e5-826c-605718cb5baa, archive=, dateOutputArchive=, thisGroup=true, parent=00000000-0000-0000-0000-000000000000, bic=87       , swift=, name=РЕСПУБЛИКА КОМИ, corrAccount=, address=, city=, phones=, country=, countryCode=, activityDiscontinued=}, {guid=78ddabf6-ca67-11e5-826c-605718cb5baa, archive=false, dateOutputArchive=0001-01-01T00:00:00Z, thisGroup=false, parent=78ddabf5-ca67-11e5-826c-605718cb5baa, bic=048723000, swift=, name=РКЦ УСИНСК, corrAccount=, address=УЛ НЕФТЯНИКОВ, 30, city=Г. УСИНСК, phones=(82144)41735,41445, country=4e127564-d74f-4dd9-bced-0327f0f4e061, countryCode=643, activityDiscontinued=false}, {guid=78ddabf8-ca67-11e5-826c-605718cb5baa, archive=false, dateOutputArchive=0001-01-01T00:00:00Z, thisGroup=false, parent=78ddabf7-ca67-11e5-826c-605718cb5baa, bic=045354860, swift=FORHRU33XXX, name=АКБ &quot;ФОРШТАДТ&quot; (АО), corrAccount=30101810700000000860, address=УЛ ЧКАЛОВА, 35/1, city=Г. ОРЕНБУРГ, phones=(3532)980486,980412, country=4e127564-d74f-4dd9-bced-0327f0f4e061, countryCode=643, activityDiscontinued=false}, {guid=78ddabf9-ca67-11e5-826c-605718cb5baa, archive=, dateOutputArchive=, thisGroup=true, parent=00000000-0000-0000-0000-000000000000, bic=69       , swift=, name=ТОМСКАЯ ОБЛАСТЬ, corrAccount=, address=, city=, phones=, country=, countryCode=, activityDiscontinued=}, {guid=78ddabfa-ca67-11e5-826c-605718cb5baa, archive=false, dateOutputArchive=0001-01-01T00:00:00Z, thisGroup=false, parent=78ddabf9-ca67-11e5-826c-605718cb5baa, bic=046900000, swift=, name=РКЦ КОЛПАШЕВО, corrAccount=, address=, city=Г. КОЛПАШЕВО, phones=, country=00000000-0000-0000-0000-000000000000, countryCode=, activityDiscontinued=true}, {guid=78ddabfb-ca67-11e5-826c-605718cb5baa, archive=false, dateOutputArchive=0001-01-01T00:00:00Z, thisGroup=false, parent=78ddabe1-ca67-11e5-826c-605718cb5baa, bic=044030752, swift=, name=САНКТ-ПЕТЕРБУРГСКИЙ ФИЛИАЛ &quot;БАНК СГБ&quot;, corrAccount=30101810100000000752, address=УЛ. МАРШАЛА ГОВОРОВА, 35 ЛИТ А, city=Г. САНКТ-ПЕТЕРБУРГ, phones=(812)3365900, country=4e127564-d74f-4dd9-bced-0327f0f4e061, countryCode=643, activityDiscontinued=false}, {guid=78ddabfc-ca67-11e5-826c-605718cb5baa, archive=false, dateOutputArchive=0001-01-01T00:00:00Z, thisGroup=false, parent=78ddabe5-ca67-11e5-826c-605718cb5baa, bic=044525102, swift=IKBARUMMXXX, name=АО &quot;ДЕНИЗБАНК МОСКВА&quot;, corrAccount=30101810400000000102, address=2-Я ЗВЕНИГОРОД УЛ, 13, СТР 42, city=Г. МОСКВА, phones=(495)7251020, country=4e127564-d74f-4dd9-bced-0327f0f4e061, countryCode=643, activityDiscontinued=false}, {guid=78ddabfd-ca67-11e5-826c-605718cb5baa, archive=, dateOutputArchive=, thisGroup=true, parent=00000000-0000-0000-0000-000000000000, bic=63       , swift=, name=САРАТОВСКАЯ ОБЛАСТЬ, corrAccount=, address=, city=, phones=, country=, countryCode=, activityDiscontinued=}, {guid=78ddabfe-ca67-11e5-826c-605718cb5baa, archive=false, dateOutputArchive=0001-01-01T00:00:00Z, thisGroup=false, parent=78ddabfd-ca67-11e5-826c-605718cb5baa, bic=046380002, swift=, name=ПУ БАНКА РОССИИ ВОЛЖСКОЕ, corrAccount=, address=, city=П. СВЕТЛЫЙ, phones=(84558)33215, country=4e127564-d74f-4dd9-bced-0327f0f4e061, countryCode=643, activityDiscontinued=false}, {guid=78ddabff-ca67-11e5-826c-605718cb5baa, archive=false, dateOutputArchive=0001-01-01T00:00:00Z, thisGroup=false, parent=78ddabe5-ca67-11e5-826c-605718cb5baa, bic=044583695, swift=, name=КУ ОАО БАНК &quot;СОДРУЖЕСТВО&quot;-ГК &quot;АСВ&quot;, corrAccount=30101810700000000695, address=, city=Г. МОСКВА, phones=, country=00000000-0000-0000-0000-000000000000, countryCode=, activityDiscontinued=true}, {guid=78ddac00-ca67-11e5-826c-605718cb5baa, archive=, dateOutputArchive=, thisGroup=true, parent=00000000-0000-0000-0000-000000000000, bic=82       , swift=, name=РЕСПУБЛИКА ДАГЕСТАН, corrAccount=, address=, city=, phones=, country=, countryCode=, activityDiscontinued=}, {guid=78ddac01-ca67-11e5-826c-605718cb5baa, archive=false, dateOutputArchive=0001-01-01T00:00:00Z, thisGroup=false, parent=78ddac00-ca67-11e5-826c-605718cb5baa, bic=048209870, swift=, name=ЛИКВ ООО РНКО &quot;УМУТ&quot;, corrAccount=30103810400000000870, address=УЛ КАЛИНИНА, 4, city=Г. ХАСАВЮРТ, phones=(87231)51268,51667, country=4e127564-d74f-4dd9-bced-0327f0f4e061, countryCode=643, activityDiscontinued=false}, {guid=78ddac02-ca67-11e5-826c-605718cb5baa, archive=, dateOutputArchive=, thisGroup=true, parent=00000000-0000-0000-0000-000000000000, bic=28       , swift=, name=ТВЕРСКАЯ ОБЛАСТЬ, corrAccount=, address=, city=, phones=, country=, countryCode=, activityDiscontinued=}, {guid=78ddac03-ca67-11e5-826c-605718cb5baa, archive=false, dateOutputArchive=0001-01-01T00:00:00Z, thisGroup=false, parent=78ddac02-ca67-11e5-826c-605718cb5baa, bic=042809909, swift=, name=ТВЕРСКОЙ ФИЛИАЛ АБ &quot;РОССИЯ&quot;, corrAccount=30101810700000000909, address=УЛ КРЫЛОВА, 40/29, city=Г. ТВЕРЬ, phones=(4822)347569, country=4e127564-d74f-4dd9-bced-0327f0f4e061, countryCode=643, activityDiscontinued=false}, {guid=78ddac04-ca67-11e5-826c-605718cb5baa, archive=false, dateOutputArchive=0001-01-01T00:00:00Z, thisGroup=false, parent=78ddac00-ca67-11e5-826c-605718cb5baa, bic=048209989, swift=, name=ФИЛИАЛ ИКБ &quot;ЭНТУЗИАСТБАНК&quot; ООО-КИЗЛЯР, corrAccount=30101810882090000989, address=, city=Г. КИЗЛЯР, phones=, country=00000000-0000-0000-0000-000000000000, countryCode=, activityDiscontinued=true}, {guid=78ddac05-ca67-11e5-826c-605718cb5baa, archive=false, dateOutputArchive=0001-01-01T00:00:00Z, thisGroup=false, parent=78ddabe5-ca67-11e5-826c-605718cb5baa, bic=044583844, swift=, name=КУ КОММЕРЧЕСКИЙ БАНК &quot;СДБ&quot; (ООО) ГК &quot;АСВ&quot;, corrAccount=30101810700000000844, address=, city=Г. МОСКВА, phones=, country=00000000-0000-0000-0000-000000000000, countryCode=, activityDiscontinued=true}, {guid=78ddac06-ca67-11e5-826c-605718cb5baa, archive=false, dateOutputArchive=0001-01-01T00:00:00Z, thisGroup=false, parent=78ddabe5-ca67-11e5-826c-605718cb5baa, bic=044525938, swift=, name=МОСКОВСКИЙ ФИЛИАЛ АО АКБ &quot;ТЕКСБАНК&quot;, corrAccount=30101810945250000938, address=ОЛИМПИЙСКИЙ ПР-Т, 26, СТР 1, city=Г. МОСКВА, phones=(495)6480048, country=4e127564-d74f-4dd9-bced-0327f0f4e061, countryCode=643, activityDiscontinued=false}, {guid=78ddac07-ca67-11e5-826c-605718cb5baa, archive=, dateOutputArchive=, thisGroup=true, parent=00000000-0000-0000-0000-000000000000, bic=50       , swift=, name=НОВОСИБИРСКАЯ ОБЛАСТЬ, corrAccount=, address=, city=, phones=, country=, countryCode=, activityDiscontinued=}, {guid=78ddac08-ca67-11e5-826c-605718cb5baa, archive=false, dateOutputArchive=0001-01-01T00:00:00Z, thisGroup=false, parent=78ddac07-ca67-11e5-826c-605718cb5baa, bic=045004747, swift=, name=ФИЛИАЛ &quot;НОВОСИБИРСКИЙ&quot; АО &quot;ГЛОБЭКСБАНК&quot;, corrAccount=30101810150040000747, address=УЛ ВОКЗАЛЬНАЯ МАГИСТРАЛЬ, 8 А, city=Г. НОВОСИБИРСК, phones=(383)2181508, country=4e127564-d74f-4dd9-bced-0327f0f4e061, countryCode=643, activityDiscontinued=false}, {guid=78ddac09-ca67-11e5-826c-605718cb5baa, archive=, dateOutputArchive=, thisGroup=true, parent=00000000-0000-0000-0000-000000000000, bic=65       , swift=, name=СВЕРДЛОВСКАЯ ОБЛАСТЬ, corrAccount=, address=, city=, phones=, country=, countryCode=, activityDiscontinued=}, {guid=78ddac0a-ca67-11e5-826c-605718cb5baa, archive=false, dateOutputArchive=0001-01-01T00:00:00Z, thisGroup=false, parent=78ddac09-ca67-11e5-826c-605718cb5baa, bic=046577907, swift=, name=ЕКАТЕРИНБУРГСКИЙ ФИЛИАЛ ПАО &quot;АК БАРС&quot; БАНК, corrAccount=30101810400000000907, address=ПР-Т ЛЕНИНА, 20, city=Г. ЕКАТЕРИНБУРГ, phones=(343)3556015, country=4e127564-d74f-4dd9-bced-0327f0f4e061, countryCode=643, activityDiscontinued=false}, {guid=78ddac0b-ca67-11e5-826c-605718cb5baa, archive=, dateOutputArchive=, thisGroup=true, parent=00000000-0000-0000-0000-000000000000, bic=47       , swift=, name=МУРМАНСКАЯ ОБЛАСТЬ, corrAccount=, address=, city=, phones=, country=, countryCode=, activityDiscontinued=}, {guid=78ddac0c-ca67-11e5-826c-605718cb5baa, archive=false, dateOutputArchive=0001-01-01T00:00:00Z, thisGroup=false, parent=78ddac0b-ca67-11e5-826c-605718cb5baa, bic=044705824, swift=, name=ФИЛИАЛ ПАО &quot;ОФК БАНК&quot; В МУРМАНСКЕ, corrAccount=30101810900000000824, address=, city=Г. МУРМАНСК, phones=, country=00000000-0000-0000-0000-000000000000, countryCode=, activityDiscontinued=true}, {guid=78ddac0d-ca67-11e5-826c-605718cb5baa, archive=, dateOutputArchive=, thisGroup=true, parent=00000000-0000-0000-0000-000000000000, bic=19       , swift=, name=ВОЛОГОДСКАЯ ОБЛАСТЬ, corrAccount=, address=, city=, phones=, country=, countryCode=, activityDiscontinued=}, {guid=78ddac0e-ca67-11e5-826c-605718cb5baa, archive=false, dateOutputArchive=0001-01-01T00:00:00Z, thisGroup=false, parent=78ddac0d-ca67-11e5-826c-605718cb5baa, bic=041909708, swift=, name=КУ НКО &quot;КРЕДИТАЛЬЯНС&quot; (ООО), corrAccount=30103810200000000708, address=, city=Г. ВОЛОГДА, phones=, country=00000000-0000-0000-0000-000000000000, countryCode=, activityDiscontinued=true}, {guid=78ddac0f-ca67-11e5-826c-605718cb5baa, archive=, dateOutputArchive=, thisGroup=true, parent=00000000-0000-0000-0000-000000000000, bic=03       , swift=, name=КРАСНОДАРСКИЙ КРАЙ, corrAccount=, address=, city=, phones=, country=, countryCode=, activityDiscontinued=}, {guid=78ddac10-ca67-11e5-826c-605718cb5baa, archive=false, dateOutputArchive=0001-01-01T00:00:00Z, thisGroup=false, parent=78ddac0f-ca67-11e5-826c-605718cb5baa, bic=040349749, swift=, name=КРАСНОДАРСКИЙ ФИЛИАЛ ТКБ БАНК ПАО, corrAccount=30101810500000000749, address=УЛ ФРУНЗЕ, 169, city=Г. КРАСНОДАР, phones=(861)2104542,2104546, country=4e127564-d74f-4dd9-bced-0327f0f4e061, countryCode=643, activityDiscontinued=false}, {guid=78ddac11-ca67-11e5-826c-605718cb5baa, archive=false, dateOutputArchive=0001-01-01T00:00:00Z, thisGroup=false, parent=78ddabf5-ca67-11e5-826c-605718cb5baa, bic=048702731, swift=, name=ФИЛИАЛ КБ &quot;РОСПРОМБАНК&quot; (ООО) В Г. СЫКТЫВКАРЕ, corrAccount=30101810500000000731, address=, city=Г. СЫКТЫВКАР, phones=, country=00000000-0000-0000-0000-000000000000, countryCode=, activityDiscontinued=true}, {guid=78ddac12-ca67-11e5-826c-605718cb5baa, archive=, dateOutputArchive=, thisGroup=true, parent=00000000-0000-0000-0000-000000000000, bic=20       , swift=, name=ВОРОНЕЖСКАЯ ОБЛАСТЬ, corrAccount=, address=, city=, phones=, country=, countryCode=, activityDiscontinued=}, {guid=78ddac13-ca67-11e5-826c-605718cb5baa, archive=false, dateOutputArchive=0001-01-01T00:00:00Z, thisGroup=false, parent=78ddac12-ca67-11e5-826c-605718cb5baa, bic=042007001, swift=, name=ОТДЕЛЕНИЕ ВОРОНЕЖ, corrAccount=, address=УЛ ТЕАТРАЛЬНАЯ, 36, city=Г. ВОРОНЕЖ, phones=(473)2555820,2699990, country=4e127564-d74f-4dd9-bced-0327f0f4e061, countryCode=643, activityDiscontinued=false}, {guid=78ddac14-ca67-11e5-826c-605718cb5baa, archive=, dateOutputArchive=, thisGroup=true, parent=00000000-0000-0000-0000-000000000000, bic=76       , swift=, name=ЗАБАЙКАЛЬСКИЙ КРАЙ, corrAccount=, address=, city=, phones=, country=, countryCode=, activityDiscontinued=}, {guid=78ddac15-ca67-11e5-826c-605718cb5baa, archive=false, dateOutputArchive=0001-01-01T00:00:00Z, thisGroup=false, parent=78ddac14-ca67-11e5-826c-605718cb5baa, bic=047601637, swift=SABRRU66CHT, name=ЧИТИНСКОЕ ОТДЕЛЕНИЕ  N8600 ПАО СБЕРБАНК, corrAccount=30101810500000000637, address=УЛ ПОЛИНЫ ОСИПЕНКО, 40, city=Г. ЧИТА, phones=(3022)336111, country=4e127564-d74f-4dd9-bced-0327f0f4e061, countryCode=643, activityDiscontinued=false}, {guid=78ddac16-ca67-11e5-826c-605718cb5baa, archive=false, dateOutputArchive=0001-01-01T00:00:00Z, thisGroup=false, parent=78ddabdb-ca67-11e5-826c-605718cb5baa, bic=043209770, swift=NOOBRU55XXX, name=ООО &quot;НОВОКИБ&quot;, corrAccount=30101810900000000770, address=УЛ КИРОВА, 69, city=Г. НОВОКУЗНЕЦК, phones=(3843)539698,459267, country=4e127564-d74f-4dd9-bced-0327f0f4e061, countryCode=643, activityDiscontinued=false}, {guid=78ddac17-ca67-11e5-826c-605718cb5baa, archive=, dateOutputArchive=, thisGroup=true, parent=00000000-0000-0000-0000-000000000000, bic=60       , swift=, name=РОСТОВСКАЯ ОБЛАСТЬ, corrAccount=, address=, city=, phones=, country=, countryCode=, activityDiscontinued=}, {guid=78ddac18-ca67-11e5-826c-605718cb5baa, archive=false, dateOutputArchive=0001-01-01T00:00:00Z, thisGroup=false, parent=78ddac17-ca67-11e5-826c-605718cb5baa, bic=046015293, swift=, name=РОСТОВСКИЙ ФИЛИАЛ НКО &quot;ИНКАХРАН&quot; (АО), corrAccount=30103810860150000293, address=, city=Г. РОСТОВ-НА-ДОНУ, phones=, country=00000000-0000-0000-0000-000000000000, countryCode=, activityDiscontinued=true}, {guid=78ddac19-ca67-11e5-826c-605718cb5baa, archive=false, dateOutputArchive=0001-01-01T00:00:00Z, thisGroup=false, parent=78ddac07-ca67-11e5-826c-605718cb5baa, bic=045004775, swift=, name=НОВОСИБИРСКИЙ ФИЛИАЛ ПАО &quot;БИНБАНК&quot;, corrAccount=30101810850040000775, address=, city=Г. НОВОСИБИРСК, phones=, country=00000000-0000-0000-0000-000000000000, countryCode=, activityDiscontinued=true}, {guid=78ddac1a-ca67-11e5-826c-605718cb5baa, archive=false, dateOutputArchive=0001-01-01T00:00:00Z, thisGroup=false, parent=78ddabe5-ca67-11e5-826c-605718cb5baa, bic=044583138, swift=, name=ООО КБ &quot;РАСЧЕТНЫЙ ДОМ&quot;, corrAccount=30101810500000000138, address=, city=Г. МОСКВА, phones=, country=00000000-0000-0000-0000-000000000000, countryCode=, activityDiscontinued=true}, {guid=78ddac1b-ca67-11e5-826c-605718cb5baa, archive=false, dateOutputArchive=0001-01-01T00:00:00Z, thisGroup=false, parent=78ddabe5-ca67-11e5-826c-605718cb5baa, bic=044525762, swift=, name=КУ КБ &quot;ЕВРОТРАСТ&quot; (ЗАО) ГК &quot;АСВ&quot;, corrAccount=30101810400000000762, address=УЛ ВЫСОЦКОГО, 4, city=Г. МОСКВА, phones=(495)9612526, country=4e127564-d74f-4dd9-bced-0327f0f4e061, countryCode=643, activityDiscontinued=false}, {guid=78ddaca1-ca67-11e5-826c-605718cb5baa, archive=, dateOutputArchive=, thisGroup=true, parent=00000000-0000-0000-0000-000000000000, bic=37       , swift=, name=КУРГАНСКАЯ ОБЛАСТЬ, corrAccount=, address=, city=, phones=, country=, countryCode=, activityDiscontinued=}, {guid=78ddac1d-ca67-11e5-826c-605718cb5baa, archive=false, dateOutputArchive=0001-01-01T00:00:00Z, thisGroup=false, parent=78ddabe5-ca67-11e5-826c-605718cb5baa, bic=044525235, swift=, name=КУ ООО &quot;М ПЛЮС&quot; ГК &quot;АСВ&quot;, corrAccount=30101810745250000235, address=УЛ ВЫСОЦКОГО, 4, city=Г. МОСКВА, phones=(495)9612526, country=4e127564-d74f-4dd9-bced-0327f0f4e061, countryCode=643, activityDiscontinued=false}, {guid=78ddac1e-ca67-11e5-826c-605718cb5baa, archive=false, dateOutputArchive=0001-01-01T00:00:00Z, thisGroup=false, parent=78ddabe5-ca67-11e5-826c-605718cb5baa, bic=044583701, swift=, name=ООО НКО &quot;ДЕНЬГИ.МЭЙЛ.РУ&quot;, corrAccount=30103810100000000701, address=, city=Г. МОСКВА, phones=, country=00000000-0000-0000-0000-000000000000, countryCode=, activityDiscontinued=true}, {guid=78ddac1f-ca67-11e5-826c-605718cb5baa, archive=false, dateOutputArchive=0001-01-01T00:00:00Z, thisGroup=false, parent=78ddabe1-ca67-11e5-826c-605718cb5baa, bic=044030769, swift=, name=КУ ОАО КБ &quot;ПЕТРО-АЭРО-БАНК&quot;-ГК &quot;АСВ&quot;, corrAccount=30101810300000000769, address=, city=Г. САНКТ-ПЕТЕРБУРГ, phones=, country=00000000-0000-0000-0000-000000000000, countryCode=, activityDiscontinued=true}, {guid=e8b018e6-ca8b-11e5-826c-605718cb5baa, archive=false, dateOutputArchive=0001-01-01T00:00:00Z, thisGroup=false, parent=78ddac9c-ca67-11e5-826c-605718cb5baa, bic=040481000, swift=, name=РКЦ АЧИНСК, corrAccount=, address=, city=Г. АЧИНСК, phones=, country=00000000-0000-0000-0000-000000000000, countryCode=, activityDiscontinued=true}, {guid=78ddac20-ca67-11e5-826c-605718cb5baa, archive=false, dateOutputArchive=0001-01-01T00:00:00Z, thisGroup=false, parent=78ddac0f-ca67-11e5-826c-605718cb5baa, bic=040396844, swift=, name=КОНКУРСНЫЙ УПРАВЛЯЮЩИЙ ООО КИИБ&quot;СОЧИ&quot;-ГК&quot;АСВ&quot;, corrAccount=30101810700000000844, address=УЛ ВЫСОЦКОГО, 4, city=Г. МОСКВА, phones=(495)7253117, country=4e127564-d74f-4dd9-bced-0327f0f4e061, countryCode=643, activityDiscontinued=false}, {guid=78ddac21-ca67-11e5-826c-605718cb5baa, archive=, dateOutputArchive=, thisGroup=true, parent=00000000-0000-0000-0000-000000000000, bic=22       , swift=, name=НИЖЕГОРОДСКАЯ ОБЛАСТЬ, corrAccount=, address=, city=, phones=, country=, countryCode=, activityDiscontinued=}, {guid=78ddac22-ca67-11e5-826c-605718cb5baa, archive=false, dateOutputArchive=0001-01-01T00:00:00Z, thisGroup=false, parent=78ddac21-ca67-11e5-826c-605718cb5baa, bic=042202821, swift=, name=ФАКБ &quot;РОССИЙСКИЙ КАПИТАЛ&quot; (АО) НИЖЕГОРОДСКИЙ, corrAccount=30101810300000000821, address=УЛ ОШАРСКАЯ, 52, city=Г. НИЖНИЙ НОВГОРОД, phones=(831)2816345, country=4e127564-d74f-4dd9-bced-0327f0f4e061, countryCode=643, activityDiscontinued=false}, {guid=78ddac23-ca67-11e5-826c-605718cb5baa, archive=false, dateOutputArchive=0001-01-01T00:00:00Z, thisGroup=false, parent=78ddabe5-ca67-11e5-826c-605718cb5baa, bic=044525551, swift=ICBKRUMMXXX, name=АЙСИБИСИ БАНК (АО), corrAccount=30101810200000000551, address=СЕРЕБРЯНИЧЕСКАЯ НАБ, 29, city=Г. МОСКВА, phones=(495)2873099, country=4e127564-d74f-4dd9-bced-0327f0f4e061, countryCode=643, activityDiscontinued=false}, {guid=78ddac24-ca67-11e5-826c-605718cb5baa, archive=false, dateOutputArchive=0001-01-01T00:00:00Z, thisGroup=false, parent=78ddabe5-ca67-11e5-826c-605718cb5baa, bic=044525476, swift=CBMWRUMMXXX, name=АО &quot;МОСКОМБАНК&quot;, corrAccount=30101810245250000476, address=УЛ 1-Я ФРУНЗЕНСКАЯ, 5, city=Г. МОСКВА, phones=(495)6091919, country=4e127564-d74f-4dd9-bced-0327f0f4e061, countryCode=643, activityDiscontinued=false}, {guid=78ddac25-ca67-11e5-826c-605718cb5baa, archive=, dateOutputArchive=, thisGroup=true, parent=00000000-0000-0000-0000-000000000000, bic=00       , swift=, name=ТЕРРИТОРИЯ НЕ ОПРЕДЕЛЕНА, corrAccount=, address=, city=, phones=, country=, countryCode=, activityDiscontinued=}, {guid=78ddac26-ca67-11e5-826c-605718cb5baa, archive=false, dateOutputArchive=0001-01-01T00:00:00Z, thisGroup=false, parent=78ddac25-ca67-11e5-826c-605718cb5baa, bic=040004002, swift=, name=ПУ БАНКА РОССИИ N 67903, corrAccount=, address=П/П 67903, city=, phones=, country=4e127564-d74f-4dd9-bced-0327f0f4e061, countryCode=643, activityDiscontinued=false}, {guid=78ddac27-ca67-11e5-826c-605718cb5baa, archive=false, dateOutputArchive=0001-01-01T00:00:00Z, thisGroup=false, parent=78ddac00-ca67-11e5-826c-605718cb5baa, bic=048209788, swift=, name=ФАКБ &quot;ИНВЕСТТОРГБАНК&quot; (ПАО) &quot;МАХАЧКАЛИНСКИЙ&quot;, corrAccount=30101810400000000788, address=, city=Г. МАХАЧКАЛА, phones=, country=00000000-0000-0000-0000-000000000000, countryCode=, activityDiscontinued=true}, {guid=78ddac28-ca67-11e5-826c-605718cb5baa, archive=, dateOutputArchive=, thisGroup=true, parent=00000000-0000-0000-0000-000000000000, bic=94       , swift=, name=УДМУРТСКАЯ РЕСПУБЛИКА, corrAccount=, address=, city=, phones=, country=, countryCode=, activityDiscontinued=}, {guid=78ddac29-ca67-11e5-826c-605718cb5baa, archive=false, dateOutputArchive=0001-01-01T00:00:00Z, thisGroup=false, parent=78ddac28-ca67-11e5-826c-605718cb5baa, bic=049401825, swift=, name=КОНКУРСНЫЙ УПРАВЛЯЮЩИЙ ОАО &quot;МОБИЛБАНК&quot;, corrAccount=30101810600000000825, address=УЛ ПУШКИНСКАЯ, 268, city=Г. ИЖЕВСК, phones=(3412)908911,655104, country=4e127564-d74f-4dd9-bced-0327f0f4e061, countryCode=643, activityDiscontinued=false}]
" type="java.lang.AssertionError">
      <![CDATA[java.lang.AssertionError: 1 expectation failed.
Response body doesn't match expectation.
Expected: The content to match the given JSON schema.
error: instance type (string) does not match any allowed primitive type (allowed: ["boolean"])
    level: "error"
    schema: {"loadingURI":"file:/C:/Users/Sasha/Api/target/test-classes/getBankList.json#","pointer":"/items/properties/activityDiscontinued"}
    instance: {"pointer":"/13/activityDiscontinued"}
    domain: "validation"
    keyword: "type"
    found: "string"
    expected: ["boolean"]
error: string "" is too short (length: 0, required minimum: 1)
    level: "error"
    schema: {"loadingURI":"file:/C:/Users/Sasha/Api/target/test-classes/getBankList.json#","pointer":"/items/properties/address"}
    instance: {"pointer":"/13/address"}
    domain: "validation"
    keyword: "minLength"
    value: ""
    found: 0
    minLength: 1
error: instance type (string) does not match any allowed primitive type (allowed: ["boolean"])
    level: "error"
    schema: {"loadingURI":"file:/C:/Users/Sasha/Api/target/test-classes/getBankList.json#","pointer":"/items/properties/archive"}
    instance: {"pointer":"/13/archive"}
    domain: "validation"
    keyword: "type"
    found: "string"
    expected: ["boolean"]
error: string "" is too short (length: 0, required minimum: 1)
    level: "error"
    schema: {"loadingURI":"file:/C:/Users/Sasha/Api/target/test-classes/getBankList.json#","pointer":"/items/properties/city"}
    instance: {"pointer":"/13/city"}
    domain: "validation"
    keyword: "minLength"
    value: ""
    found: 0
    minLength: 1
error: string "" is too short (length: 0, required minimum: 20)
    level: "error"
    schema: {"loadingURI":"file:/C:/Users/Sasha/Api/target/test-classes/getBankList.json#","pointer":"/items/properties/corrAccount"}
    instance: {"pointer":"/13/corrAccount"}
    domain: "validation"
    keyword: "minLength"
    value: ""
    found: 0
    minLength: 20
error: string "" is too short (length: 0, required minimum: 36)
    level: "error"
    schema: {"loadingURI":"file:/C:/Users/Sasha/Api/target/test-classes/getBankList.json#","pointer":"/items/properties/country"}
    instance: {"pointer":"/13/country"}
    domain: "validation"
    keyword: "minLength"
    value: ""
    found: 0
    minLength: 36
error: string "" is too short (length: 0, required minimum: 3)
    level: "error"
    schema: {"loadingURI":"file:/C:/Users/Sasha/Api/target/test-classes/getBankList.json#","pointer":"/items/properties/countryCode"}
    instance: {"pointer":"/13/countryCode"}
    domain: "validation"
    keyword: "minLength"
    value: ""
    found: 0
    minLength: 3
error: string "" is too short (length: 0, required minimum: 10)
    level: "error"
    schema: {"loadingURI":"file:/C:/Users/Sasha/Api/target/test-classes/getBankList.json#","pointer":"/items/properties/dateOutputArchive"}
    instance: {"pointer":"/13/dateOutputArchive"}
    domain: "validation"
    keyword: "minLength"
    value: ""
    found: 0
    minLength: 10

  Actual: [{guid=979300ab-d82b-11e8-80bb-08002789bf51, archive=false, dateOutputArchive=0001-01-01T00:00:00Z, thisGroup=false, parent=78ddabf2-ca67-11e5-826c-605718cb5baa, bic=043601707, swift=, name=ФИЛИАЛ "САМАРСКИЙ" АО "ОТП БАНК", corrAccount=30101810722023601707, address=УЛ АВРОРЫ, 150, city=Г. САМАРА, phones=(846)3425312,3425313, country=4e127564-d74f-4dd9-bced-0327f0f4e061, countryCode=643, activityDiscontinued=false}, {guid=979300ac-d82b-11e8-80bb-08002789bf51, archive=false, dateOutputArchive=0001-01-01T00:00:00Z, thisGroup=false, parent=78ddabe1-ca67-11e5-826c-605718cb5baa, bic=044030792, swift=, name=ФИЛИАЛ "СЕВЕРО-ЗАПАДНЫЙ" "УМ-БАНК" ООО, corrAccount=30101810640300000792, address=КАМЕННООСТРОВСКИЙ ПР-Т, 61 ПОМ, city=Г. САНКТ-ПЕТЕРБУРГ, phones=(812)4560720, country=4e127564-d74f-4dd9-bced-0327f0f4e061, countryCode=643, activityDiscontinued=false}, {guid=979300ad-d82b-11e8-80bb-08002789bf51, archive=false, dateOutputArchive=0001-01-01T00:00:00Z, thisGroup=false, parent=78ddac07-ca67-11e5-826c-605718cb5baa, bic=045004711, swift=, name=Куйбышевский филиал АКБ "Ланта-Банк" (АО), corrAccount=30101810750045004711, address=КВАРТАЛ 1, ДОМ 29 "ВСТАВКА", city=Г. КУЙБЫШЕВ, phones=, country=4e127564-d74f-4dd9-bced-0327f0f4e061, countryCode=643, activityDiscontinued=false}, {guid=979300ae-d82b-11e8-80bb-08002789bf51, archive=false, dateOutputArchive=0001-01-01T00:00:00Z, thisGroup=false, parent=78ddac07-ca67-11e5-826c-605718cb5baa, bic=045004719, swift=, name=ФИЛИАЛ № 5440 БАНКА ВТБ (ПАО), corrAccount=30101810450040000719, address=УЛ ФРУНЗЕ, 232, 234, 234/1, city=Г. НОВОСИБИРСК, phones=(383)2492424,2492425, country=4e127564-d74f-4dd9-bced-0327f0f4e061, countryCode=643, activityDiscontinued=false}, {guid=979300af-d82b-11e8-80bb-08002789bf51, archive=false, dateOutputArchive=0001-01-01T00:00:00Z, thisGroup=false, parent=78ddac07-ca67-11e5-826c-605718cb5baa, bic=045004701, swift=, name=НОВОСИБИРСКИЙ ФИЛИАЛ АБ "РОССИЯ", corrAccount=30101810950040000701, address=УЛ СЕМЬИ ШАМШИНЫХ, 26, 26/1, city=Г. НОВОСИБИРСК, phones=(383)3670691,3670692, country=4e127564-d74f-4dd9-bced-0327f0f4e061, countryCode=643, activityDiscontinued=false}, {guid=979300b0-d82b-11e8-80bb-08002789bf51, archive=false, dateOutputArchive=0001-01-01T00:00:00Z, thisGroup=false, parent=78ddac09-ca67-11e5-826c-605718cb5baa, bic=046577459, swift=, name=ФИЛИАЛ "УРАЛЬСКИЙ" "УМ-БАНК" ООО, corrAccount=30101810165770000459, address=УЛ БЕЛИНСКОГО, 86, city=Г. ЕКАТЕРИНБУРГ, phones=(343)2871010,3452644, country=4e127564-d74f-4dd9-bced-0327f0f4e061, countryCode=643, activityDiscontinued=false}, {guid=979300b1-d82b-11e8-80bb-08002789bf51, archive=false, dateOutputArchive=0001-01-01T00:00:00Z, thisGroup=false, parent=78ddabe5-ca67-11e5-826c-605718cb5baa, bic=044525745, swift=VTBRRUM2MS3, name=ФИЛИАЛ № 7701 БАНКА ВТБ (ПАО), corrAccount=30101810345250000745, address=УЛ КУЗНЕЦКИЙ МОСТ, 17, СТР 1, city=Г. МОСКВА, phones=(495)9258000, country=4e127564-d74f-4dd9-bced-0327f0f4e061, countryCode=643, activityDiscontinued=false}, {guid=979300b2-d82b-11e8-80bb-08002789bf51, archive=false, dateOutputArchive=0001-01-01T00:00:00Z, thisGroup=false, parent=78ddabe9-ca67-11e5-826c-605718cb5baa, bic=042520842, swift=, name="Братский АНКБ" ПАО, corrAccount=30101810850042520842, address=УЛ. КОМСОМОЛЬСКАЯ, Д. 43, city=Г. БРАТСК, phones=, country=4e127564-d74f-4dd9-bced-0327f0f4e061, countryCode=643, activityDiscontinued=false}, {guid=979300b3-d82b-11e8-80bb-08002789bf51, archive=false, dateOutputArchive=0001-01-01T00:00:00Z, thisGroup=false, parent=78ddabe9-ca67-11e5-826c-605718cb5baa, bic=042520811, swift=, name=АО "ГРИНКОМБАНК", corrAccount=30101810950040000811, address=УЛ ФРАНК-КАМЕНЕЦКОГО, 8, city=Г. ИРКУТСК, phones=(3952)255196,240197, country=4e127564-d74f-4dd9-bced-0327f0f4e061, countryCode=643, activityDiscontinued=false}, {guid=979300b4-d82b-11e8-80bb-08002789bf51, archive=false, dateOutputArchive=0001-01-01T00:00:00Z, thisGroup=false, parent=78ddac9c-ca67-11e5-826c-605718cb5baa, bic=040407523, swift=, name=АО АИКБ "ЕНИСЕЙСКИЙ ОБЪЕДИНЕННЫЙ БАНК", corrAccount=30101810650040000523, address=УЛ КАРЛА МАРКСА, 62, city=Г. КРАСНОЯРСК, phones=(391)2770000, country=4e127564-d74f-4dd9-bced-0327f0f4e061, countryCode=643, activityDiscontinued=false}, {guid=979300b5-d82b-11e8-80bb-08002789bf51, archive=false, dateOutputArchive=0001-01-01T00:00:00Z, thisGroup=false, parent=e8b01830-ca8b-11e5-826c-605718cb5baa, bic=041403725, swift=, name=ООО "Осколбанк", corrAccount=30101810745250000725, address=Г. СТАРЫЙ ОСКОЛ, М-Н ОЛИМПИЙСК, city=Г. СТАРЫЙ ОСКОЛ, phones=, country=4e127564-d74f-4dd9-bced-0327f0f4e061, countryCode=643, activityDiscontinued=false}, {guid=979300b6-d82b-11e8-80bb-08002789bf51, archive=false, dateOutputArchive=0001-01-01T00:00:00Z, thisGroup=false, parent=78ddabe1-ca67-11e5-826c-605718cb5baa, bic=044030707, swift=VTBRRUM2SP3, name=ФИЛИАЛ № 7806 БАНКА ВТБ (ПАО), corrAccount=30101810240300000707, address=УЛ Б. МОРСКАЯ, 29 ЛИТ А, city=Г. САНКТ-ПЕТЕРБУРГ, phones=(812)3241214, country=4e127564-d74f-4dd9-bced-0327f0f4e061, countryCode=643, activityDiscontinued=false}, {guid=979300b7-d82b-11e8-80bb-08002789bf51, archive=false, dateOutputArchive=0001-01-01T00:00:00Z, thisGroup=false, parent=78ddac09-ca67-11e5-826c-605718cb5baa, bic=046577916, swift=, name=ФИЛИАЛ "НОВОУРАЛЬСКИЙ" ПАО КБ "УБРИР", corrAccount=30101810365770000916, address=УЛ ДЗЕРЖИНСКОГО, 16, city=Г. НОВОУРАЛЬСК, phones=(34370)25591, country=4e127564-d74f-4dd9-bced-0327f0f4e061, countryCode=643, activityDiscontinued=false}, {guid=78ddabd9-ca67-11e5-826c-605718cb5baa, archive=, dateOutputArchive=, thisGroup=true, parent=00000000-0000-0000-0000-000000000000, bic=90       , swift=, name=РЕСПУБЛИКА СЕВЕРНАЯ ОСЕТИЯ-АЛАНИЯ, corrAccount=, address=, city=, phones=, country=, countryCode=, activityDiscontinued=}, {guid=979300b8-d82b-11e8-80bb-08002789bf51, archive=false, dateOutputArchive=0001-01-01T00:00:00Z, thisGroup=false, parent=78ddabdf-ca67-11e5-826c-605718cb5baa, bic=049246691, swift=, name=АБ "ДЕВОН-КРЕДИТ" (ПАО), corrAccount=30101810722029246691, address=УЛ ЛЕНИНА, 77, city=Г. АЛЬМЕТЬЕВСК, phones=(8553)456777, country=4e127564-d74f-4dd9-bced-0327f0f4e061, countryCode=643, activityDiscontinued=false}, {guid=979300b9-d82b-11e8-80bb-08002789bf51, archive=false, dateOutputArchive=0001-01-01T00:00:00Z, thisGroup=false, parent=78ddabe5-ca67-11e5-826c-605718cb5baa, bic=044525806, swift=, name=ФИЛИАЛ "МОСКОВСКИЙ" КБ "СПУТНИК" (ПАО), corrAccount=30101810145250000806, address=ЛЯЛИН ПЕР, 19-1, city=Г. МОСКВА, phones=(495)5891084, country=4e127564-d74f-4dd9-bced-0327f0f4e061, countryCode=643, activityDiscontinued=false}, {guid=979300ba-d82b-11e8-80bb-08002789bf51, archive=false, dateOutputArchive=0001-01-01T00:00:00Z, thisGroup=false, parent=78ddaccd-ca67-11e5-826c-605718cb5baa, bic=045209702, swift=, name=АО "ИТ Банк", corrAccount=30101810750045209702, address=УЛ. ДУМСКАЯ, 7, city=Г. ОМСК, phones=, country=4e127564-d74f-4dd9-bced-0327f0f4e061, countryCode=643, activityDiscontinued=false}, {guid=979300bb-d82b-11e8-80bb-08002789bf51, archive=false, dateOutputArchive=0001-01-01T00:00:00Z, thisGroup=false, parent=78ddaccd-ca67-11e5-826c-605718cb5baa, bic=045209701, swift=, name=АО "Эксперт Банк", corrAccount=30101810450045209701, address=УЛ. МАРШАЛА ЖУКОВА, ДОМ 107, city=Г. ОМСК, phones=, country=4e127564-d74f-4dd9-bced-0327f0f4e061, countryCode=643, activityDiscontinued=false}, {guid=979300bc-d82b-11e8-80bb-08002789bf51, archive=false, dateOutputArchive=0001-01-01T00:00:00Z, thisGroup=false, parent=78ddac09-ca67-11e5-826c-605718cb5baa, bic=046577743, swift=, name=ФИЛИАЛ "ДЕЛО" ПАО "СКБ-БАНК", corrAccount=30101810965770000743, address=УЛ КУЙБЫШЕВА, 58, city=Г. ЕКАТЕРИНБУРГ, phones=(343)3557000, country=4e127564-d74f-4dd9-bced-0327f0f4e061, countryCode=643, activityDiscontinued=false}, {guid=979300bd-d82b-11e8-80bb-08002789bf51, archive=false, dateOutputArchive=0001-01-01T00:00:00Z, thisGroup=false, parent=78ddaccd-ca67-11e5-826c-605718cb5baa, bic=045209703, swift=, name=КУ АО "Мираф-Банк" - ГК "АСВ", corrAccount=30101810050045209703, address=УЛ. ФРУНЗЕ, Д.54, city=Г. ОМСК, phones=, country=4e127564-d74f-4dd9-bced-0327f0f4e061, countryCode=643, activityDiscontinued=false}, {guid=9d8e68cb-d82b-11e8-80bb-08002789bf51, archive=false, dateOutputArchive=0001-01-01T00:00:00Z, thisGroup=false, parent=78ddac21-ca67-11e5-826c-605718cb5baa, bic=042202761, swift=, name=Ф. АКБ "ФОРА-БАНК" (АО) В Г. НИЖНИЙ НОВГОРОД, corrAccount=30101810822020000761, address=УЛ КОВАЛИХИНСКАЯ, 8, city=Г. НИЖНИЙ НОВГОРОД, phones=(831)2161801,2161802, country=4e127564-d74f-4dd9-bced-0327f0f4e061, countryCode=643, activityDiscontinued=false}, {guid=9d8e68cc-d82b-11e8-80bb-08002789bf51, archive=false, dateOutputArchive=0001-01-01T00:00:00Z, thisGroup=false, parent=78ddac67-ca67-11e5-826c-605718cb5baa, bic=045773804, swift=, name=ФИЛИАЛ "ЛЫСЬВА" АО АКБ "АЛЕФ-БАНК", corrAccount=30101810965775700804, address=ПОЖАРСКОГО, Д.8, city=Г. ЛЫСЬВА, phones=, country=4e127564-d74f-4dd9-bced-0327f0f4e061, countryCode=643, activityDiscontinued=false}, {guid=9d8e68cd-d82b-11e8-80bb-08002789bf51, archive=false, dateOutputArchive=0001-01-01T00:00:00Z, thisGroup=false, parent=78ddac21-ca67-11e5-826c-605718cb5baa, bic=042202717, swift=, name=ФИЛИАЛ №10 ПАО КБ "ЦЕНТР-ИНВЕСТ", corrAccount=30101810122020000717, address=УЛ КОМИНТЕРНА, 139, city=Г. НИЖНИЙ НОВГОРОД, phones=(831)4391708, country=4e127564-d74f-4dd9-bced-0327f0f4e061, countryCode=643, activityDiscontinued=false}, {guid=9d8e68ce-d82b-11e8-80bb-08002789bf51, archive=false, dateOutputArchive=0001-01-01T00:00:00Z, thisGroup=false, parent=78ddac21-ca67-11e5-826c-605718cb5baa, bic=042202716, swift=, name=НИЖЕГОРОДСКИЙ Ф БАНКА"ВОЗРОЖДЕНИЕ"(ПАО), corrAccount=30101810822020000716, address=УЛ БЕЛИНСКОГО, 106 А, city=Г. НИЖНИЙ НОВГОРОД, phones=(831)2787662,2783935, country=4e127564-d74f-4dd9-bced-0327f0f4e061, countryCode=643, activityDiscontinued=false}, {guid=9d8e68cf-d82b-11e8-80bb-08002789bf51, archive=false, dateOutputArchive=0001-01-01T00:00:00Z, thisGroup=false, parent=78ddac21-ca67-11e5-826c-605718cb5baa, bic=042202712, swift=, name=НИЖЕГОРОДСКИЙ ФИЛИАЛ АКБ "ЛАНТА-БАНК" (АО), corrAccount=30101810622020000712, address=МЕЩЕРСКИЙ Б-Р, 3, К 1, city=Г. НИЖНИЙ НОВГОРОД, phones=(831)2208322,2208320, country=4e127564-d74f-4dd9-bced-0327f0f4e061, countryCode=643, activityDiscontinued=false}, {guid=9d8e68d0-d82b-11e8-80bb-08002789bf51, archive=false, dateOutputArchive=0001-01-01T00:00:00Z, thisGroup=false, parent=78ddac17-ca67-11e5-826c-605718cb5baa, bic=046015707, swift=, name=ВОЛГОДОНСКИЙ ф Банка "Возрождение" (ПАО), corrAccount=30101810060150000707, address=БУЛ. ВЕЛИКОЙ ПОБЕДЫ, ДОМ №38А, city=Г. ВОЛГОДОНСК, phones=, country=4e127564-d74f-4dd9-bced-0327f0f4e061, countryCode=643, activityDiscontinued=false}, {guid=9d8e68d1-d82b-11e8-80bb-08002789bf51, archive=false, dateOutputArchive=0001-01-01T00:00:00Z, thisGroup=false, parent=78ddac21-ca67-11e5-826c-605718cb5baa, bic=042202718, swift=, name=ПАО "САРОВБИЗНЕСБАНК", corrAccount=30101810422020000718, address=УЛ СИЛКИНА, 13, city=Г. САРОВ, phones=(831)4307478,(83130)33640, country=4e127564-d74f-4dd9-bced-0327f0f4e061, countryCode=643, activityDiscontinued=false}, {guid=9d8e68d2-d82b-11e8-80bb-08002789bf51, archive=false, dateOutputArchive=0001-01-01T00:00:00Z, thisGroup=false, parent=78ddac21-ca67-11e5-826c-605718cb5baa, bic=042202727, swift=, name=ПАО КОМБАНК "ХИМИК", corrAccount=30101810222020000727, address=УЛ УРИЦКОГО, 10 Б, city=Г. ДЗЕРЖИНСК, phones=(8313)261608,251126, country=4e127564-d74f-4dd9-bced-0327f0f4e061, countryCode=643, activityDiscontinued=false}, {guid=9d8e68d3-d82b-11e8-80bb-08002789bf51, archive=false, dateOutputArchive=0001-01-01T00:00:00Z, thisGroup=false, parent=78ddabe5-ca67-11e5-826c-605718cb5baa, bic=044525420, swift=, name=Ф РОКЕТБАНК КИВИ БАНК (АО), corrAccount=30101810945250000420, address=УЛ ПАЛИХА, 10, СТР 5, city=Г. МОСКВА, phones=(495)2313645, country=4e127564-d74f-4dd9-bced-0327f0f4e061, countryCode=643, activityDiscontinued=false}, {guid=78ddabda-ca67-11e5-826c-605718cb5baa, archive=false, dateOutputArchive=0001-01-01T00:00:00Z, thisGroup=false, parent=78ddabd9-ca67-11e5-826c-605718cb5baa, bic=049033736, swift=, name=СКФ ПАО АКБ "ИРОНБАНК", corrAccount=30101810800000000736, address=, city=Г. ВЛАДИКАВКАЗ, phones=, country=00000000-0000-0000-0000-000000000000, countryCode=, activityDiscontinued=true}, {guid=9d8e68d4-d82b-11e8-80bb-08002789bf51, archive=false, dateOutputArchive=0001-01-01T00:00:00Z, thisGroup=false, parent=78ddac21-ca67-11e5-826c-605718cb5baa, bic=042202731, swift=, name=АО КОМБАНК "АРЗАМАС", corrAccount=30101810522020000731, address=УЛ КИРОВА, 33, city=Г. АРЗАМАС, phones=(83147)70224,70177, country=4e127564-d74f-4dd9-bced-0327f0f4e061, countryCode=643, activityDiscontinued=false}, {guid=9d8e68d5-d82b-11e8-80bb-08002789bf51, archive=false, dateOutputArchive=0001-01-01T00:00:00Z, thisGroup=false, parent=78ddabe5-ca67-11e5-826c-605718cb5baa, bic=044525864, swift=, name=МОСКОВСКИЙ ФИЛИАЛ АО АКБ "ГАЗБАНК", corrAccount=30101810145250000864, address=УЛ БРЯНСКАЯ, 5, city=Г. МОСКВА, phones=(495)3639438, country=4e127564-d74f-4dd9-bced-0327f0f4e061, countryCode=643, activityDiscontinued=true}, {guid=9d8e68d6-d82b-11e8-80bb-08002789bf51, archive=false, dateOutputArchive=0001-01-01T00:00:00Z, thisGroup=false, parent=78ddabe5-ca67-11e5-826c-605718cb5baa, bic=044525797, swift=, name=Ф ТОЧКА БАНК КИВИ БАНК (АО), corrAccount=30101810445250000797, address=УЛ СПИРИДОНОВКА, 4, СТР 2, city=Г. МОСКВА, phones=(495)2313645, country=4e127564-d74f-4dd9-bced-0327f0f4e061, countryCode=643, activityDiscontinued=false}, {guid=9d8e68d7-d82b-11e8-80bb-08002789bf51, archive=false, dateOutputArchive=0001-01-01T00:00:00Z, thisGroup=false, parent=78ddac9c-ca67-11e5-826c-605718cb5baa, bic=040407404, swift=, name=ФПАО "ДАЛЬНЕВОСТОЧНЫЙ БАНК" "КРАСНОЯРСКИЙ", corrAccount=30101810850040000404, address=УЛ МОЛОКОВА, 1, К 4, city=Г. КРАСНОЯРСК, phones=(391)2773071, country=4e127564-d74f-4dd9-bced-0327f0f4e061, countryCode=643, activityDiscontinued=false}, {guid=9d8e68d8-d82b-11e8-80bb-08002789bf51, archive=false, dateOutputArchive=0001-01-01T00:00:00Z, thisGroup=false, parent=78ddad0a-ca67-11e5-826c-605718cb5baa, bic=047144778, swift=, name=СФ АО БАНК "СНГБ", corrAccount=30101810165777100778, address=УЛ ГУБКИНА, 15 А, city=Г. СУРГУТ, phones=(3462)398700, country=4e127564-d74f-4dd9-bced-0327f0f4e061, countryCode=643, activityDiscontinued=false}, {guid=9d8e68d9-d82b-11e8-80bb-08002789bf51, archive=false, dateOutputArchive=0001-01-01T00:00:00Z, thisGroup=false, parent=78ddabf2-ca67-11e5-826c-605718cb5baa, bic=043601968, swift=VTBRRUM2SA3, name=ФИЛИАЛ № 6318 БАНКА ВТБ (ПАО), corrAccount=30101810422023601968, address=УЛ МОЛОДОГВАРДЕЙСКАЯ, 204, city=Г. САМАРА, phones=(846)2696824,2696834, country=4e127564-d74f-4dd9-bced-0327f0f4e061, countryCode=643, activityDiscontinued=false}, {guid=9d8e68da-d82b-11e8-80bb-08002789bf51, archive=false, dateOutputArchive=0001-01-01T00:00:00Z, thisGroup=false, parent=78ddabf2-ca67-11e5-826c-605718cb5baa, bic=043601975, swift=, name=ООО "РУСФИНАНС БАНК", corrAccount=30101810622023601975, address=УЛ ЧЕРНОРЕЧЕНСКАЯ, 42 А, city=Г. САМАРА, phones=(846)2696911,2694411, country=4e127564-d74f-4dd9-bced-0327f0f4e061, countryCode=643, activityDiscontinued=false}, {guid=9d8e68db-d82b-11e8-80bb-08002789bf51, archive=false, dateOutputArchive=0001-01-01T00:00:00Z, thisGroup=false, parent=78ddabf7-ca67-11e5-826c-605718cb5baa, bic=045354880, swift=, name=ГК "АСВ" - КУ АО "НСТ-БАНК", corrAccount=30101810265775300880, address=ВИЛОНОВСКАЯ УЛ, 138, city=Г. САМАРА, phones=, country=4e127564-d74f-4dd9-bced-0327f0f4e061, countryCode=643, activityDiscontinued=false}, {guid=9d8e68dc-d82b-11e8-80bb-08002789bf51, archive=false, dateOutputArchive=0001-01-01T00:00:00Z, thisGroup=false, parent=78ddabe7-ca67-11e5-826c-605718cb5baa, bic=040507595, swift=, name=АО "СОЛИД БАНК", corrAccount=30101810205070000595, address=УЛ АДМИРАЛА ФОКИНА, 25, city=Г. ВЛАДИВОСТОК, phones=(423)2265722,(423)2469293, country=4e127564-d74f-4dd9-bced-0327f0f4e061, countryCode=643, activityDiscontinued=false}, {guid=9d8e68dd-d82b-11e8-80bb-08002789bf51, archive=false, dateOutputArchive=0001-01-01T00:00:00Z, thisGroup=false, parent=78ddabe1-ca67-11e5-826c-605718cb5baa, bic=044030830, swift=, name=СПБ. Ф. АО БАНК "НАЦИОНАЛЬНЫЙ СТАНДАРТ", corrAccount=30101810340300000830, address=УЛ. ЧАЙКОВСКОГО, Д. 39, ЛИТ А, city=Г. САНКТ-ПЕТЕРБУРГ, phones=(812)4493155, country=4e127564-d74f-4dd9-bced-0327f0f4e061, countryCode=643, activityDiscontinued=false}, {guid=9d8e68de-d82b-11e8-80bb-08002789bf51, archive=false, dateOutputArchive=0001-01-01T00:00:00Z, thisGroup=false, parent=78ddabeb-ca67-11e5-826c-605718cb5baa, bic=040708735, swift=, name=ФИЛИАЛ В Г. ЕССЕНТУКИ АКБ "ЛАНТА-БАНК" (АО), corrAccount=30101810007080000735, address=УЛ СОВЕТСКАЯ, 20 Б, city=Г. ЕССЕНТУКИ, phones=(87934)54547,54371, country=4e127564-d74f-4dd9-bced-0327f0f4e061, countryCode=643, activityDiscontinued=false}, {guid=9d8e68df-d82b-11e8-80bb-08002789bf51, archive=false, dateOutputArchive=0001-01-01T00:00:00Z, thisGroup=false, parent=78ddac72-ca67-11e5-826c-605718cb5baa, bic=041806745, swift=, name=Урюпинский филиал ПАО КБ "Сельмашбанк", corrAccount=30101810518060000745, address=УЛ. ШТЕМЕНКО, 47/3, city=Г. УРЮПИНСК, phones=, country=4e127564-d74f-4dd9-bced-0327f0f4e061, countryCode=643, activityDiscontinued=false}, {guid=9d8e68e0-d82b-11e8-80bb-08002789bf51, archive=false, dateOutputArchive=0001-01-01T00:00:00Z, thisGroup=false, parent=78ddac72-ca67-11e5-826c-605718cb5baa, bic=041806730, swift=, name=Ликвидатор АО КБ "Михайловский ПЖСБ", corrAccount=30101810918060000730, address=УЛИЦА ОБОРОНЫ, 44 "А", city=Г. МИХАЙЛОВКА, phones=, country=4e127564-d74f-4dd9-bced-0327f0f4e061, countryCode=643, activityDiscontinued=false}, {guid=9d8e68e1-d82b-11e8-80bb-08002789bf51, archive=false, dateOutputArchive=0001-01-01T00:00:00Z, thisGroup=false, parent=78ddabe5-ca67-11e5-826c-605718cb5baa, bic=044525941, swift=, name="УМ-БАНК" ООО, corrAccount=30101810945250000941, address=УЛ Б. ОРДЫНКА, 59, СТР 2, city=Г. МОСКВА, phones=(495)2123020, country=4e127564-d74f-4dd9-bced-0327f0f4e061, countryCode=643, activityDiscontinued=false}, {guid=9d8e68e2-d82b-11e8-80bb-08002789bf51, archive=false, dateOutputArchive=0001-01-01T00:00:00Z, thisGroup=false, parent=78ddac72-ca67-11e5-826c-605718cb5baa, bic=041806717, swift=, name=ЮЖНЫЙ ФИЛИАЛ АО БАНК "НАЦИОНАЛЬНЫЙ СТАНДАРТ", corrAccount=30101810818060000717, address=УЛ ИМ. ГАГАРИНА, 7, city=Г. ВОЛГОГРАД, phones=(8442)995000, country=4e127564-d74f-4dd9-bced-0327f0f4e061, countryCode=643, activityDiscontinued=true}, {guid=78ddabdb-ca67-11e5-826c-605718cb5baa, archive=, dateOutputArchive=, thisGroup=true, parent=00000000-0000-0000-0000-000000000000, bic=32       , swift=, name=КЕМЕРОВСКАЯ ОБЛАСТЬ, corrAccount=, address=, city=, phones=, country=, countryCode=, activityDiscontinued=}, {guid=a38a1a95-d82b-11e8-80bb-08002789bf51, archive=false, dateOutputArchive=0001-01-01T00:00:00Z, thisGroup=false, parent=78ddac17-ca67-11e5-826c-605718cb5baa, bic=046015846, swift=, name=КУ ОАО КБ "МАКСИМУМ" - ГК "АСВ", corrAccount=30101810060150000846, address=УЛ. ВЫСОЦКОГО, Д.4, city=Г. МОСКВА, phones=, country=4e127564-d74f-4dd9-bced-0327f0f4e061, countryCode=643, activityDiscontinued=false}, {guid=a38a1a96-d82b-11e8-80bb-08002789bf51, archive=false, dateOutputArchive=0001-01-01T00:00:00Z, thisGroup=false, parent=78ddac14-ca67-11e5-826c-605718cb5baa, bic=047601205, swift=, name=ООО КБ "ЦЕНТРАЛЬНО-ЕВРОПЕЙСКИЙ БАНК", corrAccount=30101810950040000205, address=УЛ БАБУШКИНА, 108, city=Г. ЧИТА, phones=(3022)211502, country=4e127564-d74f-4dd9-bced-0327f0f4e061, countryCode=643, activityDiscontinued=false}, {guid=78ddabf7-ca67-11e5-826c-605718cb5baa, archive=, dateOutputArchive=, thisGroup=true, parent=00000000-0000-0000-0000-000000000000, bic=53       , swift=, name=ОРЕНБУРГСКАЯ ОБЛАСТЬ, corrAccount=, address=, city=, phones=, country=, countryCode=, activityDiscontinued=}, {guid=a38a1a97-d82b-11e8-80bb-08002789bf51, archive=false, dateOutputArchive=0001-01-01T00:00:00Z, thisGroup=false, parent=78ddac17-ca67-11e5-826c-605718cb5baa, bic=046015835, swift=, name=КУ ООО "РУССКИЙ НАЦИОНАЛЬНЫЙ БАНК" - ГК "АСВ", corrAccount=30101810660150000835, address=УЛ ВЫСОЦКОГО, 4 ТЕЛ.(495)96125, city=Г. МОСКВА, phones=(863)2999413,2999418, country=4e127564-d74f-4dd9-bced-0327f0f4e061, countryCode=643, activityDiscontinued=false}, {guid=a38a1a98-d82b-11e8-80bb-08002789bf51, archive=false, dateOutputArchive=0001-01-01T00:00:00Z, thisGroup=false, parent=78ddabe5-ca67-11e5-826c-605718cb5baa, bic=044525535, swift=, name=КУ АБ "АЛДАНЗОЛОТОБАНК" АО - ГК "АСВ", corrAccount=30101810445250000535, address=УЛ. ВЫСОЦКОГО, Д. 4, city=Г. МОСКВА, phones=, country=4e127564-d74f-4dd9-bced-0327f0f4e061, countryCode=643, activityDiscontinued=false}, {guid=a38a1a99-d82b-11e8-80bb-08002789bf51, archive=false, dateOutputArchive=0001-01-01T00:00:00Z, thisGroup=false, parent=78ddac21-ca67-11e5-826c-605718cb5baa, bic=042202812, swift=, name=ВЫКСУНСКИЙ Ф-Л ПАО АКБ "МЕТАЛЛИНВЕСТБАНК", corrAccount=30101810522020000812, address=ПЛ ОКТЯБРЬСКОЙ РЕВОЛЮЦИИ, 48, city=Г. ВЫКСА, phones=(83177)35825,31157, country=4e127564-d74f-4dd9-bced-0327f0f4e061, countryCode=643, activityDiscontinued=false}, {guid=a38a1a9a-d82b-11e8-80bb-08002789bf51, archive=false, dateOutputArchive=0001-01-01T00:00:00Z, thisGroup=false, parent=78ddac07-ca67-11e5-826c-605718cb5baa, bic=045004893, swift=, name=НОВОСИБИРСКИЙ Ф-Л НКО "ИНКАХРАН"(АО), corrAccount=30103810950040000893, address=УЛ 2-Я СОЮЗА МОЛОДЕЖИ, 31, city=Г. НОВОСИБИРСК, phones=(383)2260797,2269768, country=4e127564-d74f-4dd9-bced-0327f0f4e061, countryCode=643, activityDiscontinued=false}, {guid=a38a1a9b-d82b-11e8-80bb-08002789bf51, archive=false, dateOutputArchive=0001-01-01T00:00:00Z, thisGroup=false, parent=78ddac07-ca67-11e5-826c-605718cb5baa, bic=045004883, swift=, name=СИБИРСКИЙ ФИЛИАЛ АО "БАНК ИНТЕЗА", corrAccount=30101810250040000883, address=УЛ ОКТЯБРЬСКАЯ, 49, city=Г. НОВОСИБИРСК, phones=(383)2278193, country=4e127564-d74f-4dd9-bced-0327f0f4e061, countryCode=643, activityDiscontinued=false}, {guid=a38a1a9c-d82b-11e8-80bb-08002789bf51, archive=false, dateOutputArchive=0001-01-01T00:00:00Z, thisGroup=false, parent=78ddac07-ca67-11e5-826c-605718cb5baa, bic=045004876, swift=, name=НОВОСИБИРСКИЙ ФИЛИАЛ ПАО "МТС-БАНК", corrAccount=30101810050040000876, address=УЛ. НИЖЕГОРОДСКАЯ, 4, city=Г. НОВОСИБИРСК, phones=(383)3251781, country=4e127564-d74f-4dd9-bced-0327f0f4e061, countryCode=643, activityDiscontinued=false}, {guid=a38a1a9d-d82b-11e8-80bb-08002789bf51, archive=false, dateOutputArchive=0001-01-01T00:00:00Z, thisGroup=false, parent=78ddac07-ca67-11e5-826c-605718cb5baa, bic=045004861, swift=, name=ФИЛИАЛ ООО "ЭКСПОБАНК" В Г.НОВОСИБИРСКЕ, corrAccount=30101810450040000861, address=КРАСНЫЙ ПР-Т, 25, city=Г. НОВОСИБИРСК, phones=(383)2105207, country=4e127564-d74f-4dd9-bced-0327f0f4e061, countryCode=643, activityDiscontinued=false}, {guid=a38a1a9e-d82b-11e8-80bb-08002789bf51, archive=false, dateOutputArchive=0001-01-01T00:00:00Z, thisGroup=false, parent=78ddac07-ca67-11e5-826c-605718cb5baa, bic=045004864, swift=, name=СИБИРСКИЙ ФИЛИАЛ АО КБ "МОДУЛЬБАНК", corrAccount=30101810350040000864, address=УЛ ПЛАНЕТНАЯ, 30, city=Г. НОВОСИБИРСК, phones=(383)3250606,3251575, country=4e127564-d74f-4dd9-bced-0327f0f4e061, countryCode=643, activityDiscontinued=false}, {guid=a38a1a9f-d82b-11e8-80bb-08002789bf51, archive=false, dateOutputArchive=0001-01-01T00:00:00Z, thisGroup=false, parent=78ddabf2-ca67-11e5-826c-605718cb5baa, bic=043601875, swift=, name=САМАРСКИЙ ФИЛИАЛ ТКБ БАНК ПАО, corrAccount=30101810722023601875, address=УЛ СТАРА ЗАГОРА, 52, city=Г. САМАРА, phones=(846)9338233,2280135, country=4e127564-d74f-4dd9-bced-0327f0f4e061, countryCode=643, activityDiscontinued=false}, {guid=a38a1aa0-d82b-11e8-80bb-08002789bf51, archive=false, dateOutputArchive=0001-01-01T00:00:00Z, thisGroup=false, parent=78ddabf2-ca67-11e5-826c-605718cb5baa, bic=043601845, swift=, name=САМАРСКИЙ ФИЛИАЛ БАНКА СОЮЗ (АО), corrAccount=30101810422023601845, address=УЛ КРАСНОАРМЕЙСКАЯ, 75, city=Г. САМАРА, phones=(846)2311251,2311259, country=4e127564-d74f-4dd9-bced-0327f0f4e061, countryCode=643, activityDiscontinued=false}, {guid=a38a1aa1-d82b-11e8-80bb-08002789bf51, archive=false, dateOutputArchive=0001-01-01T00:00:00Z, thisGroup=false, parent=78ddabf2-ca67-11e5-826c-605718cb5baa, bic=043601842, swift=, name=АО КБ "НИБ", corrAccount=30101810522023601842, address=УЛ ФРУНЗЕ, 102, city=Г. САМАРА, phones=(846)3425750,3425751, country=4e127564-d74f-4dd9-bced-0327f0f4e061, countryCode=643, activityDiscontinued=false}, {guid=a38a1aa2-d82b-11e8-80bb-08002789bf51, archive=false, dateOutputArchive=0001-01-01T00:00:00Z, thisGroup=false, parent=78ddac2f-ca67-11e5-826c-605718cb5baa, bic=040813708, swift=, name=ХАБАРОВСКИЙ ФИЛИАЛ ТКБ БАНК ПАО, corrAccount=30101810108130000708, address=УЛ КОМСОМОЛЬСКАЯ, 102, city=Г. ХАБАРОВСК, phones=(4212)910702, country=4e127564-d74f-4dd9-bced-0327f0f4e061, countryCode=643, activityDiscontinued=false}, {guid=78ddac1c-ca67-11e5-826c-605718cb5baa, archive=false, dateOutputArchive=0001-01-01T00:00:00Z, thisGroup=false, parent=78ddabe5-ca67-11e5-826c-605718cb5baa, bic=044525150, swift=, name=ФИЛИАЛ "МОСКОВСКИЙ" АО "ФИА-БАНК", corrAccount=30101810545250000150, address=, city=Г. МОСКВА, phones=, country=00000000-0000-0000-0000-000000000000, countryCode=, activityDiscontinued=true}, {guid=a38a1aa3-d82b-11e8-80bb-08002789bf51, archive=false, dateOutputArchive=0001-01-01T00:00:00Z, thisGroup=false, parent=78ddac2f-ca67-11e5-826c-605718cb5baa, bic=040813713, swift=VTBRRUM2KH3, name=ФИЛИАЛ № 2754 БАНКА ВТБ (ПАО), corrAccount=30101810708130000713, address=УЛ МУРАВЬЁВА-АМУРСКОГО, 18, city=Г. ХАБАРОВСК, phones=(4212)455455, country=4e127564-d74f-4dd9-bced-0327f0f4e061, countryCode=643, activityDiscontinued=false}, {guid=a38a1aa4-d82b-11e8-80bb-08002789bf51, archive=false, dateOutputArchive=0001-01-01T00:00:00Z, thisGroup=false, parent=78ddac09-ca67-11e5-826c-605718cb5baa, bic=046577501, swift=VTBRRUM2EK3, name=ФИЛИАЛ № 6602 БАНКА ВТБ (ПАО), corrAccount=30101810165770000501, address=ПР-Т ЛЕНИНА, 27, city=Г. ЕКАТЕРИНБУРГ, phones=(343)3862400, country=4e127564-d74f-4dd9-bced-0327f0f4e061, countryCode=643, activityDiscontinued=false}, {guid=a38a1aa5-d82b-11e8-80bb-08002789bf51, archive=false, dateOutputArchive=0001-01-01T00:00:00Z, thisGroup=false, parent=78ddac09-ca67-11e5-826c-605718cb5baa, bic=046577507, swift=, name=ЕКАТЕРИНБУРГСКИЙ ФИЛИАЛ АБ "РОССИЯ", corrAccount=30101810965770000507, address=УЛ МАМИНА-СИБИРЯКА, 145, city=Г. ЕКАТЕРИНБУРГ, phones=(343)2863760, country=4e127564-d74f-4dd9-bced-0327f0f4e061, countryCode=643, activityDiscontinued=false}, {guid=a38a1aa6-d82b-11e8-80bb-08002789bf51, archive=false, dateOutputArchive=0001-01-01T00:00:00Z, thisGroup=false, parent=78ddabf2-ca67-11e5-826c-605718cb5baa, bic=043601811, swift=, name=ООО "ЗЕМСКИЙ БАНК", corrAccount=30101810922023601811, address=УЛ УЛЬЯНОВСКАЯ, 79, city=Г. СЫЗРАНЬ, phones=(8464)985454, country=4e127564-d74f-4dd9-bced-0327f0f4e061, countryCode=643, activityDiscontinued=false}, {guid=a38a1aa7-d82b-11e8-80bb-08002789bf51, archive=false, dateOutputArchive=0001-01-01T00:00:00Z, thisGroup=false, parent=78ddabfd-ca67-11e5-826c-605718cb5baa, bic=046311890, swift=, name=АО "БАЛАКОВО-БАНК", corrAccount=30101810022026311890, address=УЛ ФАКЕЛ СОЦИАЛИЗМА, 21, city=Г. БАЛАКОВО, phones=(8453)444166,447007, country=4e127564-d74f-4dd9-bced-0327f0f4e061, countryCode=643, activityDiscontinued=false}, {guid=a38a1aa8-d82b-11e8-80bb-08002789bf51, archive=false, dateOutputArchive=0001-01-01T00:00:00Z, thisGroup=false, parent=78ddabe5-ca67-11e5-826c-605718cb5baa, bic=044525641, swift=, name=ФИЛИАЛ 1 ООО КБ "ЦЕНТРАЛЬНО-ЕВРОПЕЙСКИЙ БАНК", corrAccount=30101810245250000641, address=ПРОЕКТ-Й 4062Й ПР-Д, 6, СТР 16, city=Г. МОСКВА, phones=(495)6625665, country=4e127564-d74f-4dd9-bced-0327f0f4e061, countryCode=643, activityDiscontinued=false}, {guid=a38a1aa9-d82b-11e8-80bb-08002789bf51, archive=false, dateOutputArchive=0001-01-01T00:00:00Z, thisGroup=false, parent=78ddac17-ca67-11e5-826c-605718cb5baa, bic=046015946, swift=, name=ПАО "ТАГАНРОГБАНК", corrAccount=30101810960150000946, address=УЛ. ГРЕЧЕСКАЯ, 71 ТЕЛ.(8634)31, city=Г. ТАГАНРОГ, phones=, country=4e127564-d74f-4dd9-bced-0327f0f4e061, countryCode=643, activityDiscontinued=false}, {guid=a38a1aaa-d82b-11e8-80bb-08002789bf51, archive=false, dateOutputArchive=0001-01-01T00:00:00Z, thisGroup=false, parent=78ddabe5-ca67-11e5-826c-605718cb5baa, bic=044525646, swift=, name=НКО НКЦ (АО), corrAccount=30103810345250000646, address=Б. КИСЛОВСКИЙ ПЕР, 13, city=Г. МОСКВА, phones=(495)7829794, country=4e127564-d74f-4dd9-bced-0327f0f4e061, countryCode=643, activityDiscontinued=false}, {guid=a38a1aab-d82b-11e8-80bb-08002789bf51, archive=false, dateOutputArchive=0001-01-01T00:00:00Z, thisGroup=false, parent=78ddac07-ca67-11e5-826c-605718cb5baa, bic=045004841, swift=, name=НОВОСИБИРСКИЙ ФИЛИАЛ ТКБ БАНК ПАО, corrAccount=30101810250040000841, address=УЛ КОММУНИСТИЧЕСКАЯ, 35, city=Г. НОВОСИБИРСК, phones=(383)3252500,3252660, country=4e127564-d74f-4dd9-bced-0327f0f4e061, countryCode=643, activityDiscontinued=false}, {guid=a38a1aac-d82b-11e8-80bb-08002789bf51, archive=false, dateOutputArchive=0001-01-01T00:00:00Z, thisGroup=false, parent=78ddac07-ca67-11e5-826c-605718cb5baa, bic=045004846, swift=, name=Ф-Л "НОВОСИБИРСК" АКБ "РОСЕВРОБАНК" (АО), corrAccount=30101810750040000846, address=УЛ ФРУНЗЕ, 5, city=Г. НОВОСИБИРСК, phones=(383)2020750, country=4e127564-d74f-4dd9-bced-0327f0f4e061, countryCode=643, activityDiscontinued=false}, {guid=a38a1aad-d82b-11e8-80bb-08002789bf51, archive=false, dateOutputArchive=0001-01-01T00:00:00Z, thisGroup=false, parent=78ddac07-ca67-11e5-826c-605718cb5baa, bic=045004845, swift=, name=ФИЛИАЛ "НОВОСИБИРСКИЙ" ПАО КБ "УБРИР", corrAccount=30101810450040000845, address=УЛ ВОКЗАЛЬНАЯ МАГИСТРАЛЬ, 1, city=Г. НОВОСИБИРСК, phones=(383)2201141,2201181, country=4e127564-d74f-4dd9-bced-0327f0f4e061, countryCode=643, activityDiscontinued=false}, {guid=a38a1aae-d82b-11e8-80bb-08002789bf51, archive=false, dateOutputArchive=0001-01-01T00:00:00Z, thisGroup=false, parent=78ddac07-ca67-11e5-826c-605718cb5baa, bic=045004833, swift=, name=НОВОСИБИРСКИЙ ФИЛИАЛ ООО "БАНК БКФ", corrAccount=30101810750040000833, address=ПР-Т ДИМИТРОВА, 4/1, city=Г. НОВОСИБИРСК, phones=(383)3191118,3191116, country=4e127564-d74f-4dd9-bced-0327f0f4e061, countryCode=643, activityDiscontinued=false}, {guid=aaaf21b4-d82b-11e8-80bb-08002789bf51, archive=false, dateOutputArchive=0001-01-01T00:00:00Z, thisGroup=false, parent=78ddac07-ca67-11e5-826c-605718cb5baa, bic=045004818, swift=, name=НОВОСИБИРСКИЙ ФИЛИАЛ АО ЮНИКРЕДИТ БАНКА, corrAccount=30101810050040000818, address=УЛ МАКСИМА ГОРЬКОГО, 53, city=Г. НОВОСИБИРСК, phones=(383)2300163, country=4e127564-d74f-4dd9-bced-0327f0f4e061, countryCode=643, activityDiscontinued=false}, {guid=aaaf21b5-d82b-11e8-80bb-08002789bf51, archive=false, dateOutputArchive=0001-01-01T00:00:00Z, thisGroup=false, parent=78ddabeb-ca67-11e5-826c-605718cb5baa, bic=040715725, swift=, name=ООО "РУСБС", corrAccount=30101810107150000725, address=УЛ ГАГАРИНА, 148, city=СТ-ЦА ЕССЕНТУКСКАЯ, phones=(87961)51171,24177,50987, country=4e127564-d74f-4dd9-bced-0327f0f4e061, countryCode=643, activityDiscontinued=false}, {guid=aaaf21b6-d82b-11e8-80bb-08002789bf51, archive=false, dateOutputArchive=0001-01-01T00:00:00Z, thisGroup=false, parent=78ddac0f-ca67-11e5-826c-605718cb5baa, bic=040349789, swift=, name=ООО КБ "ГТ БАНК", corrAccount=30101810303490000789, address=УЛ СЕВЕРНАЯ, 321, city=Г. КРАСНОДАР, phones=(861)2790305,2791744, country=4e127564-d74f-4dd9-bced-0327f0f4e061, countryCode=643, activityDiscontinued=false}, {guid=aaaf21b7-d82b-11e8-80bb-08002789bf51, archive=false, dateOutputArchive=0001-01-01T00:00:00Z, thisGroup=false, parent=78ddac00-ca67-11e5-826c-605718cb5baa, bic=048209848, swift=, name=КУ ООО КБ "ПРЕСТИЖКРЕДИТБАНК" ГК "АСВ", corrAccount=30101810282090000848, address=УЛ КАММАЕВА, 19, К "Ж", city=Г. МАХАЧКАЛА, phones=(8722)561920,561921, country=4e127564-d74f-4dd9-bced-0327f0f4e061, countryCode=643, activityDiscontinued=false}, {guid=aaaf21b8-d82b-11e8-80bb-08002789bf51, archive=false, dateOutputArchive=0001-01-01T00:00:00Z, thisGroup=false, parent=78ddac98-ca67-11e5-826c-605718cb5baa, bic=041117785, swift=, name=Ф-л "Космодром-Плесецк" АО "ФОНДСЕРВИСБАНК", corrAccount=30101810540300011785, address=УЛ. ПУШКИНА, Д. 3, city=Г. МИРНЫЙ, phones=, country=4e127564-d74f-4dd9-bced-0327f0f4e061, countryCode=643, activityDiscontinued=false}, {guid=aaaf21b9-d82b-11e8-80bb-08002789bf51, archive=false, dateOutputArchive=0001-01-01T00:00:00Z, thisGroup=false, parent=78ddac34-ca67-11e5-826c-605718cb5baa, bic=046489002, swift=, name=ПУ БАНКА РОССИИ ОХОТСКОЕ, corrAccount=, address=УЛ ГНЕЧКО, 1, city=ПГТ ЮЖНО-КУРИЛЬСК, phones=, country=4e127564-d74f-4dd9-bced-0327f0f4e061, countryCode=643, activityDiscontinued=false}, {guid=78ddac57-ca67-11e5-826c-605718cb5baa, archive=, dateOutputArchive=, thisGroup=true, parent=00000000-0000-0000-0000-000000000000, bic=27       , swift=, name=КАЛИНИНГРАДСКАЯ ОБЛАСТЬ, corrAccount=, address=, city=, phones=, country=, countryCode=, activityDiscontinued=}, {guid=aaaf21ba-d82b-11e8-80bb-08002789bf51, archive=false, dateOutputArchive=0001-01-01T00:00:00Z, thisGroup=false, parent=78ddabfd-ca67-11e5-826c-605718cb5baa, bic=046311926, swift=, name=АО РНКО "СИНЕРГИЯ", corrAccount=30103810622026311926, address=Г. САРАТОВ, УЛ. РАБОЧАЯ, 27, city=Г. САРАТОВ, phones=, country=4e127564-d74f-4dd9-bced-0327f0f4e061, countryCode=643, activityDiscontinued=false}, {guid=aaaf21bb-d82b-11e8-80bb-08002789bf51, archive=false, dateOutputArchive=0001-01-01T00:00:00Z, thisGroup=false, parent=78ddac0f-ca67-11e5-826c-605718cb5baa, bic=040349744, swift=, name=КРАСНОДАРСКИЙ ФИЛИАЛ ПАО РОСБАНК, corrAccount=30101810403490000744, address=УЛ ОЛИМПИЙСКАЯ, 8, city=Г. КРАСНОДАР, phones=(861)2739730,2739731, country=4e127564-d74f-4dd9-bced-0327f0f4e061, countryCode=643, activityDiscontinued=false}, {guid=aaaf21bc-d82b-11e8-80bb-08002789bf51, archive=false, dateOutputArchive=0001-01-01T00:00:00Z, thisGroup=false, parent=78ddac07-ca67-11e5-826c-605718cb5baa, bic=045004796, swift=, name=ФИЛИАЛ "НОВОСИБИРСК" КБ "ЛОКО-БАНК" (АО), corrAccount=30101810350040000796, address=УЛ ЛЕНИНА, 52, city=Г. НОВОСИБИРСК, phones=(383)2380740,2380750, country=4e127564-d74f-4dd9-bced-0327f0f4e061, countryCode=643, activityDiscontinued=false}, {guid=aaaf21bd-d82b-11e8-80bb-08002789bf51, archive=false, dateOutputArchive=0001-01-01T00:00:00Z, thisGroup=false, parent=78ddac17-ca67-11e5-826c-605718cb5baa, bic=046015080, swift=, name=РОСТОВСКИЙ ФИЛИАЛ ПАО "РГС БАНК", corrAccount=30101810460150000080, address=УЛ ГОРОДА ВОЛОС, 11/81-83/34, city=Г. РОСТОВ-НА-ДОНУ, phones=(863)2370660, country=4e127564-d74f-4dd9-bced-0327f0f4e061, countryCode=643, activityDiscontinued=false}, {guid=aaaf21be-d82b-11e8-80bb-08002789bf51, archive=false, dateOutputArchive=0001-01-01T00:00:00Z, thisGroup=false, parent=78ddac07-ca67-11e5-826c-605718cb5baa, bic=045004785, swift=, name=НОВОСИБИРСКИЙ Ф-Л ПАО АКБ "МЕТАЛЛИНВЕСТБАНК", corrAccount=30101810950040000785, address=УЛ СОВЕТСКАЯ, 8, city=Г. НОВОСИБИРСК, phones=(383)2091447,2091446, country=4e127564-d74f-4dd9-bced-0327f0f4e061, countryCode=643, activityDiscontinued=false}, {guid=aaaf21bf-d82b-11e8-80bb-08002789bf51, archive=false, dateOutputArchive=0001-01-01T00:00:00Z, thisGroup=false, parent=78ddac17-ca67-11e5-826c-605718cb5baa, bic=046015081, swift=, name=РОСТОВСКИЙ ФИЛИАЛ АО ЮНИКРЕДИТ БАНКА, corrAccount=30101810760150000081, address=УЛ СОЦИАЛИСТИЧЕСКАЯ, 58/51, city=Г. РОСТОВ-НА-ДОНУ, phones=(863)2630900,2630906, country=4e127564-d74f-4dd9-bced-0327f0f4e061, countryCode=643, activityDiscontinued=false}, {guid=aaaf21c0-d82b-11e8-80bb-08002789bf51, archive=false, dateOutputArchive=0001-01-01T00:00:00Z, thisGroup=false, parent=78ddac07-ca67-11e5-826c-605718cb5baa, bic=045004789, swift=, name=ФИЛИАЛ БАНКА МБСП (АО) В НОВОСИБИРСКЕ, corrAccount=30101810150040000789, address=ПР-Т ДИМИТРОВА, 12, city=Г. НОВОСИБИРСК, phones=(383)3734340,3734341, country=4e127564-d74f-4dd9-bced-0327f0f4e061, countryCode=643, activityDiscontinued=false}, {guid=aaaf21c1-d82b-11e8-80bb-08002789bf51, archive=false, dateOutputArchive=0001-01-01T00:00:00Z, thisGroup=false, parent=78ddac17-ca67-11e5-826c-605718cb5baa, bic=046015088, swift=SJSCRUMMRND, name=ФИЛИАЛ "СДМ-БАНК" (ПАО) В Г. РОСТОВ-НА-ДОНУ, corrAccount=30101810860150000088, address=УЛ КАТАЕВА, 293, city=Г. РОСТОВ-НА-ДОНУ, phones=(863)2197712,2197714, country=4e127564-d74f-4dd9-bced-0327f0f4e061, countryCode=643, activityDiscontinued=false}, {guid=aaaf21c2-d82b-11e8-80bb-08002789bf51, archive=false, dateOutputArchive=0001-01-01T00:00:00Z, thisGroup=false, parent=78ddac07-ca67-11e5-826c-605718cb5baa, bic=045004778, swift=, name=ФИЛИАЛ БАНКА "ВБРР" (АО) В Г.НОВОСИБИРСКЕ, corrAccount=30101810750040000778, address=УЛ СИБРЕВКОМА, 2, city=Г. НОВОСИБИРСК, phones=(383)2302201, country=4e127564-d74f-4dd9-bced-0327f0f4e061, countryCode=643, activityDiscontinued=false}, {guid=aaaf21c3-d82b-11e8-80bb-08002789bf51, archive=false, dateOutputArchive=0001-01-01T00:00:00Z, thisGroup=false, parent=78ddac0f-ca67-11e5-826c-605718cb5baa, bic=040349758, swift=VTBRRUM2KD3, name=ФИЛИАЛ № 2351 БАНКА ВТБ (ПАО), corrAccount=30101810703490000758, address=УЛ ИМ. ГОГОЛЯ, 68, city=Г. КРАСНОДАР, phones=(861)2126424,2125627, country=4e127564-d74f-4dd9-bced-0327f0f4e061, countryCode=643, activityDiscontinued=false}, {guid=aaaf21c4-d82b-11e8-80bb-08002789bf51, archive=false, dateOutputArchive=0001-01-01T00:00:00Z, thisGroup=false, parent=78ddac17-ca67-11e5-826c-605718cb5baa, bic=046015094, swift=, name=НОВОЧЕРКАССКИЙ ФИЛИАЛ АО "ФОНДСЕРВИСБАНК", corrAccount=30101810760150000094, address=ПЛАТОВСКИЙ ПР-Т, 59 Б, city=Г. НОВОЧЕРКАССК, phones=(8635)240550, country=4e127564-d74f-4dd9-bced-0327f0f4e061, countryCode=643, activityDiscontinued=false}, {guid=aaaf21c5-d82b-11e8-80bb-08002789bf51, archive=false, dateOutputArchive=0001-01-01T00:00:00Z, thisGroup=false, parent=78ddac17-ca67-11e5-826c-605718cb5baa, bic=046015068, swift=, name=ДОНСКОЙ ФИЛИАЛ АО КБ "СИТИБАНК", corrAccount=30101810660150000068, address=УЛ Б. САДОВАЯ, 124, city=Г. РОСТОВ-НА-ДОНУ, phones=(863)2040043,2040002, country=4e127564-d74f-4dd9-bced-0327f0f4e061, countryCode=643, activityDiscontinued=false}, {guid=aaaf21c6-d82b-11e8-80bb-08002789bf51, archive=false, dateOutputArchive=0001-01-01T00:00:00Z, thisGroup=false, parent=78ddac07-ca67-11e5-826c-605718cb5baa, bic=045004763, swift=, name=ФИЛИАЛ "ЦЕНТРАЛЬНЫЙ" ПАО "СОВКОМБАНК", corrAccount=30101810150040000763, address=УЛ ПОПОВА, 11, city=Г. БЕРДСК, phones=(383)3340606, country=4e127564-d74f-4dd9-bced-0327f0f4e061, countryCode=643, activityDiscontinued=false}, {guid=aaaf21c7-d82b-11e8-80bb-08002789bf51, archive=false, dateOutputArchive=0001-01-01T00:00:00Z, thisGroup=false, parent=78ddac17-ca67-11e5-826c-605718cb5baa, bic=046015066, swift=, name=Ф-Л АО АКБ "НОВИКОМБАНК" В Г.РОСТОВЕ-НА-ДОНУ, corrAccount=30101810060150000066, address=УЛ КРАСНОАРМЕЙСКАЯ, 170/84, city=Г. РОСТОВ-НА-ДОНУ, phones=(863)2017777, country=4e127564-d74f-4dd9-bced-0327f0f4e061, countryCode=643, activityDiscontinued=false}, {guid=78ddabe0-ca67-11e5-826c-605718cb5baa, archive=false, dateOutputArchive=0001-01-01T00:00:00Z, thisGroup=false, parent=78ddabdf-ca67-11e5-826c-605718cb5baa, bic=049246920, swift=, name=НИЖНЕКАМСКИЙ ФАБ "ДЕВОН-КРЕДИТ" (ПАО), corrAccount=30101810700000000920, address=, city=Г. НИЖНЕКАМСК, phones=, country=00000000-0000-0000-0000-000000000000, countryCode=, activityDiscontinued=true}, {guid=aaaf21c8-d82b-11e8-80bb-08002789bf51, archive=false, dateOutputArchive=0001-01-01T00:00:00Z, thisGroup=false, parent=78ddac17-ca67-11e5-826c-605718cb5baa, bic=046015064, swift=, name=ЮЖНЫЙ ФИЛИАЛ АО "БАНК ИНТЕЗА", corrAccount=30101810460150000064, address=ВОРОШИЛОВСКИЙ ПР-Т, 48, city=Г. РОСТОВ-НА-ДОНУ, phones=(863)2318377,2318388, country=4e127564-d74f-4dd9-bced-0327f0f4e061, countryCode=643, activityDiscontinued=false}, {guid=aaaf21c9-d82b-11e8-80bb-08002789bf51, archive=false, dateOutputArchive=0001-01-01T00:00:00Z, thisGroup=false, parent=78ddac17-ca67-11e5-826c-605718cb5baa, bic=046015065, swift=JSNMRUMMRND, name=РОСТОВСКИЙ ФИЛИАЛ ПАО БАНКА "ФК ОТКРЫТИЕ", corrAccount=30101810760150000065, address=УЛ ТЕКУЧЕВА, 234, city=Г. РОСТОВ-НА-ДОНУ, phones=(863)2009099, country=4e127564-d74f-4dd9-bced-0327f0f4e061, countryCode=643, activityDiscontinued=true}, {guid=aaaf21ca-d82b-11e8-80bb-08002789bf51, archive=false, dateOutputArchive=0001-01-01T00:00:00Z, thisGroup=false, parent=78ddac17-ca67-11e5-826c-605718cb5baa, bic=046015060, swift=, name=ФИЛИАЛ АО "ГЕНБАНК" В Г.РОСТОВ-НА-ДОНУ, corrAccount=30101810260150000060, address=УЛ ПУШКИНСКАЯ, 94, city=Г. РОСТОВ-НА-ДОНУ, phones=(863)2999333, country=4e127564-d74f-4dd9-bced-0327f0f4e061, countryCode=643, activityDiscontinued=false}, {guid=aaaf21cb-d82b-11e8-80bb-08002789bf51, archive=false, dateOutputArchive=0001-01-01T00:00:00Z, thisGroup=false, parent=78ddac17-ca67-11e5-826c-605718cb5baa, bic=046015061, swift=, name=ФИЛИАЛ ЮЖНЫЙ ПАО БАНКА "ФК ОТКРЫТИЕ", corrAccount=30101810560150000061, address=УЛ ГОРОДА ВОЛОС, 112/130, city=Г. РОСТОВ-НА-ДОНУ, phones=(863)2688901, country=4e127564-d74f-4dd9-bced-0327f0f4e061, countryCode=643, activityDiscontinued=false}, {guid=aaaf21cc-d82b-11e8-80bb-08002789bf51, archive=false, dateOutputArchive=0001-01-01T00:00:00Z, thisGroup=false, parent=78ddabe7-ca67-11e5-826c-605718cb5baa, bic=040507750, swift=, name=АО "РОЯЛ КРЕДИТ БАНК", corrAccount=30101810105070000750, address=ПР-Т 100ЛЕТ ВЛАДИ-КА, 155 - 1Б, city=Г. ВЛАДИВОСТОК, phones=(423)2308871,2308870, country=4e127564-d74f-4dd9-bced-0327f0f4e061, countryCode=643, activityDiscontinued=false}, {guid=aaaf21cd-d82b-11e8-80bb-08002789bf51, archive=false, dateOutputArchive=0001-01-01T00:00:00Z, thisGroup=false, parent=78ddac17-ca67-11e5-826c-605718cb5baa, bic=046015078, swift=ZEMCRU22XXX, name=ООО "ЗЕМКОМБАНК", corrAccount=30101810760150000078, address=УЛ МАЛЮГИНОЙ, 233, city=Г. РОСТОВ-НА-ДОНУ, phones=(863)2800064, country=4e127564-d74f-4dd9-bced-0327f0f4e061, countryCode=643, activityDiscontinued=false}, {guid=aaaf21ce-d82b-11e8-80bb-08002789bf51, archive=false, dateOutputArchive=0001-01-01T00:00:00Z, thisGroup=false, parent=78ddac17-ca67-11e5-826c-605718cb5baa, bic=046015075, swift=, name=РОСТОВСКИЙ ФИЛИАЛ ЦМРБАНК (ООО), corrAccount=30101810860150000075, address=УЛ ПУШКИНСКАЯ, 105/79, city=Г. РОСТОВ-НА-ДОНУ, phones=(863)2695710, country=4e127564-d74f-4dd9-bced-0327f0f4e061, countryCode=643, activityDiscontinued=false}, {guid=aaaf21cf-d82b-11e8-80bb-08002789bf51, archive=false, dateOutputArchive=0001-01-01T00:00:00Z, thisGroup=false, parent=78ddac17-ca67-11e5-826c-605718cb5baa, bic=046015074, swift=, name=ФИЛИАЛ "РОСТОВ-НА-ДОНУ" КБ "ЛОКО-БАНК" (АО), corrAccount=30101810560150000074, address=УЛ МАКСИМА ГОРЬКОГО, 123/67, city=Г. РОСТОВ-НА-ДОНУ, phones=(863)2192772, country=4e127564-d74f-4dd9-bced-0327f0f4e061, countryCode=643, activityDiscontinued=false}, {guid=aaaf21d0-d82b-11e8-80bb-08002789bf51, archive=false, dateOutputArchive=0001-01-01T00:00:00Z, thisGroup=false, parent=78ddac17-ca67-11e5-826c-605718cb5baa, bic=046015051, swift=, name=Ф-Л АКБ "ФОРА-БАНК" (АО) В Г.РОСТОВ-НА-ДОНУ, corrAccount=30101810460150000051, address=УЛ ПУШКИНСКАЯ, 117, city=Г. РОСТОВ-НА-ДОНУ, phones=(863)2403640, country=4e127564-d74f-4dd9-bced-0327f0f4e061, countryCode=643, activityDiscontinued=false}, {guid=aaaf21d1-d82b-11e8-80bb-08002789bf51, archive=false, dateOutputArchive=0001-01-01T00:00:00Z, thisGroup=false, parent=78ddac17-ca67-11e5-826c-605718cb5baa, bic=046015052, swift=, name=ООО КБ "РОСТФИНАНС", corrAccount=30101810760150000052, address=УЛ КРАСНОАРМЕЙСКАЯ, 166 А, city=Г. РОСТОВ-НА-ДОНУ, phones=(863)2870058, country=4e127564-d74f-4dd9-bced-0327f0f4e061, countryCode=643, activityDiscontinued=false}, {guid=78ddac7b-ca67-11e5-826c-605718cb5baa, archive=false, dateOutputArchive=0001-01-01T00:00:00Z, thisGroup=false, parent=78ddac02-ca67-11e5-826c-605718cb5baa, bic=042809974, swift=, name=ТВЕФ ПАО "БИНБАНК", corrAccount=30101810900000000974, address=, city=Г. ТВЕРЬ, phones=, country=00000000-0000-0000-0000-000000000000, countryCode=, activityDiscontinued=true}, {guid=aaaf21d2-d82b-11e8-80bb-08002789bf51, archive=false, dateOutputArchive=0001-01-01T00:00:00Z, thisGroup=false, parent=78ddac17-ca67-11e5-826c-605718cb5baa, bic=046015050, swift=, name=ФИЛИАЛ № 1 ПАО МОСОБЛБАНК, corrAccount=30101810160150000050, address=КОММУНИСТИЧЕСКИЙ ПР-Т, 51, city=Г. РОСТОВ-НА-ДОНУ, phones=(863)3009637, country=4e127564-d74f-4dd9-bced-0327f0f4e061, countryCode=643, activityDiscontinued=false}, {guid=aaaf21d3-d82b-11e8-80bb-08002789bf51, archive=false, dateOutputArchive=0001-01-01T00:00:00Z, thisGroup=false, parent=78ddabf2-ca67-11e5-826c-605718cb5baa, bic=043601728, swift=, name=САМАРСКИЙ ФИЛИАЛ ПАО "НЕВСКИЙ БАНК", corrAccount=30101810222023601728, address=6 ПРОСЕКА, 125, city=Г. САМАРА, phones=(846)2011100, country=4e127564-d74f-4dd9-bced-0327f0f4e061, countryCode=643, activityDiscontinued=false}, {guid=aaaf21d4-d82b-11e8-80bb-08002789bf51, archive=false, dateOutputArchive=0001-01-01T00:00:00Z, thisGroup=false, parent=78ddabe9-ca67-11e5-826c-605718cb5baa, bic=042520764, swift=, name=КОНКУРСНЫЙ УПРАВЛЯЮЩИЙ "ВЛБАНК" (АО)-ГК "АСВ", corrAccount=30101810450040000764, address=УЛ КИРОВА, 85 А, city=Г. УСТЬ-КУТ, phones=(3952)289500, country=4e127564-d74f-4dd9-bced-0327f0f4e061, countryCode=643, activityDiscontinued=false}, {guid=aaaf21d5-d82b-11e8-80bb-08002789bf51, archive=false, dateOutputArchive=0001-01-01T00:00:00Z, thisGroup=false, parent=78ddabe9-ca67-11e5-826c-605718cb5baa, bic=042520767, swift=, name=АНГАРСКИЙ ФИЛИАЛ АО "ИТ БАНК", corrAccount=30101810350040000767, address=29-ЫЙ МКР, 15 А, city=Г. АНГАРСК, phones=(3955)671921,564004, country=4e127564-d74f-4dd9-bced-0327f0f4e061, countryCode=643, activityDiscontinued=false}, {guid=78ddabe1-ca67-11e5-826c-605718cb5baa, archive=, dateOutputArchive=, thisGroup=true, parent=00000000-0000-0000-0000-000000000000, bic=40       , swift=, name=Г САНКТ-ПЕТЕРБУРГ, corrAccount=, address=, city=, phones=, country=, countryCode=, activityDiscontinued=}, {guid=aaaf21d6-d82b-11e8-80bb-08002789bf51, archive=false, dateOutputArchive=0001-01-01T00:00:00Z, thisGroup=false, parent=78ddac34-ca67-11e5-826c-605718cb5baa, bic=046401888, swift=KHZARU99XXX, name=АО "БАНК ХОЛМСК", corrAccount=30101810064010000888, address=УЛ ЛЕНИНА, 304 Г, city=Г. ЮЖНО-САХАЛИНСК, phones=(4242)245858, country=4e127564-d74f-4dd9-bced-0327f0f4e061, countryCode=643, activityDiscontinued=false}, {guid=bbea4eb4-fc53-11e8-80c5-08002789bf51, archive=false, dateOutputArchive=0001-01-01T00:00:00Z, thisGroup=false, parent=78ddabe5-ca67-11e5-826c-605718cb5baa, bic=044525360, swift=, name=Филиал "Корпоративный" ПАО "Совкомбанк", corrAccount=30101810445250000360, address=УЛ. ВАВИЛОВА, Д. 24, city=Г. МОСКВА, phones=, country=4e127564-d74f-4dd9-bced-0327f0f4e061, countryCode=643, activityDiscontinued=false}, {guid=bbea4eb5-fc53-11e8-80c5-08002789bf51, archive=false, dateOutputArchive=0001-01-01T00:00:00Z, thisGroup=false, parent=78ddabe1-ca67-11e5-826c-605718cb5baa, bic=044030800, swift=, name=Ф-Л СПБ № 2 ПАО БАНК "ФК ОТКРЫТИЕ", corrAccount=30101810040300000800, address=НАБ. ОБВОДНОГО КАНАЛА, Д. 90,, city=Г. САНКТ-ПЕТЕРБУРГ, phones=, country=4e127564-d74f-4dd9-bced-0327f0f4e061, countryCode=643, activityDiscontinued=false}, {guid=bbea4eb6-fc53-11e8-80c5-08002789bf51, archive=false, dateOutputArchive=0001-01-01T00:00:00Z, thisGroup=false, parent=78ddac49-ca67-11e5-826c-605718cb5baa, bic=047308988, swift=, name=Ф-л Ульяновский № 2 ПАО Банк "ФК Открытие", corrAccount=30101810122027300988, address=УЛ. АЛЕКСАНДРА МАТРОСОВА, Д 33, city=Г. УЛЬЯНОВСК, phones=, country=4e127564-d74f-4dd9-bced-0327f0f4e061, countryCode=643, activityDiscontinued=false}, {guid=bbea4eb7-fc53-11e8-80c5-08002789bf51, archive=false, dateOutputArchive=0001-01-01T00:00:00Z, thisGroup=false, parent=78ddac07-ca67-11e5-826c-605718cb5baa, bic=045004051, swift=, name=Новосибирский филиал РНКО "Р-ИНКАС" (ООО), corrAccount=30103810450045004051, address=УЛ. ДМИТРИЯ ДОНСКОГО, 11, city=Г. НОВОСИБИРСК, phones=, country=4e127564-d74f-4dd9-bced-0327f0f4e061, countryCode=643, activityDiscontinued=false}, {guid=bbea4eb8-fc53-11e8-80c5-08002789bf51, archive=false, dateOutputArchive=0001-01-01T00:00:00Z, thisGroup=false, parent=78ddabe5-ca67-11e5-826c-605718cb5baa, bic=044525980, swift=, name=Ф-л Мск (Диджитал) ПАО Банк "ФК Открытие", corrAccount=30101810045250000980, address=УЛ. ПЕТРОВКА, Д. 24, СТР. 1, city=Г. МОСКВА, phones=, country=4e127564-d74f-4dd9-bced-0327f0f4e061, countryCode=643, activityDiscontinued=false}, {guid=bbea4eb9-fc53-11e8-80c5-08002789bf51, archive=false, dateOutputArchive=0001-01-01T00:00:00Z, thisGroup=false, parent=78ddabeb-ca67-11e5-826c-605718cb5baa, bic=040702751, swift=, name=Ф-Л СТАВРОПОЛЬСКИЙ №2 ПАО БАНК "ФК ОТКРЫТИЕ", corrAccount=30101810007020000751, address=УЛ. ЛЕНИНА, 221, city=Г. СТАВРОПОЛЬ, phones=, country=4e127564-d74f-4dd9-bced-0327f0f4e061, countryCode=643, activityDiscontinued=false}, {guid=bbea4eba-fc53-11e8-80c5-08002789bf51, archive=false, dateOutputArchive=0001-01-01T00:00:00Z, thisGroup=false, parent=78ddac09-ca67-11e5-826c-605718cb5baa, bic=046577520, swift=, name=Ф-л Екб №2 ПАО Банк "ФК Открытие", corrAccount=30101810065770000520, address=УЛ.ГОРЬКОГО, Д.45, city=Г. ЕКАТЕРИНБУРГ, phones=, country=4e127564-d74f-4dd9-bced-0327f0f4e061, countryCode=643, activityDiscontinued=false}, {guid=bbea4ebb-fc53-11e8-80c5-08002789bf51, archive=false, dateOutputArchive=0001-01-01T00:00:00Z, thisGroup=false, parent=78ddabe7-ca67-11e5-826c-605718cb5baa, bic=040507830, swift=, name=Ф-л Владивостокский №2 ПАО Банк "ФК Открытие", corrAccount=30101810805070000830, address=ПР-КТ ОКЕАНСКИЙ, Д.123 Б, city=Г. ВЛАДИВОСТОК, phones=, country=4e127564-d74f-4dd9-bced-0327f0f4e061, countryCode=643, activityDiscontinued=false}, {guid=bbea4ebc-fc53-11e8-80c5-08002789bf51, archive=false, dateOutputArchive=0001-01-01T00:00:00Z, thisGroup=false, parent=78ddac17-ca67-11e5-826c-605718cb5baa, bic=046015084, swift=, name=Ф-л Ростовский №2 ПАО Банк "ФК Открытие", corrAccount=30101810660150000084, address=ПР. ШОЛОХОВА, 32/65, city=Г. РОСТОВ-НА-ДОНУ, phones=, country=4e127564-d74f-4dd9-bced-0327f0f4e061, countryCode=643, activityDiscontinued=false}, {guid=bbea4ebd-fc53-11e8-80c5-08002789bf51, archive=false, dateOutputArchive=0001-01-01T00:00:00Z, thisGroup=false, parent=78ddac07-ca67-11e5-826c-605718cb5baa, bic=045004741, swift=, name=Ф-л Новосибирский №2 ПАО Банк "ФК Открытие", corrAccount=30101810350040000741, address=УЛ. ЛЕНИНА, Д. 18, city=Г. НОВОСИБИРСК, phones=, country=4e127564-d74f-4dd9-bced-0327f0f4e061, countryCode=643, activityDiscontinued=false}, {guid=78ddabdc-ca67-11e5-826c-605718cb5baa, archive=false, dateOutputArchive=0001-01-01T00:00:00Z, thisGroup=false, parent=78ddabdb-ca67-11e5-826c-605718cb5baa, bic=043207757, swift=, name=ФИЛИАЛ N 11 ПАО МОСОБЛБАНК, corrAccount=30101810000000000757, address=УЛ ВЕСЕННЯЯ, 24, city=Г. КЕМЕРОВО, phones=(3842)363892, country=4e127564-d74f-4dd9-bced-0327f0f4e061, countryCode=643, activityDiscontinued=false}, {guid=78ddabdd-ca67-11e5-826c-605718cb5baa, archive=, dateOutputArchive=, thisGroup=true, parent=00000000-0000-0000-0000-000000000000, bic=66       , swift=, name=СМОЛЕНСКАЯ ОБЛАСТЬ, corrAccount=, address=, city=, phones=, country=, countryCode=, activityDiscontinued=}, {guid=78ddabde-ca67-11e5-826c-605718cb5baa, archive=false, dateOutputArchive=0001-01-01T00:00:00Z, thisGroup=false, parent=78ddabdd-ca67-11e5-826c-605718cb5baa, bic=046610000, swift=, name=РКЦ ВЯЗЬМА, corrAccount=, address=, city=Г. ВЯЗЬМА, phones=, country=00000000-0000-0000-0000-000000000000, countryCode=, activityDiscontinued=true}, {guid=78ddabdf-ca67-11e5-826c-605718cb5baa, archive=, dateOutputArchive=, thisGroup=true, parent=00000000-0000-0000-0000-000000000000, bic=92       , swift=, name=РЕСПУБЛИКА ТАТАРСТАН, corrAccount=, address=, city=, phones=, country=, countryCode=, activityDiscontinued=}, {guid=78ddabe2-ca67-11e5-826c-605718cb5baa, archive=false, dateOutputArchive=0001-01-01T00:00:00Z, thisGroup=false, parent=78ddabe1-ca67-11e5-826c-605718cb5baa, bic=044030743, swift=, name=САНКТ-ПЕТЕРБУРГСКИЙ ФИЛИАЛ ПАО "АК БАНК", corrAccount=30101810300000000743, address=, city=Г. САНКТ-ПЕТЕРБУРГ, phones=, country=00000000-0000-0000-0000-000000000000, countryCode=, activityDiscontinued=true}, {guid=78ddabe3-ca67-11e5-826c-605718cb5baa, archive=false, dateOutputArchive=0001-01-01T00:00:00Z, thisGroup=false, parent=78ddabe1-ca67-11e5-826c-605718cb5baa, bic=044030708, swift=, name=САНКТ-ПЕТЕРБУРГСКИЙ ФИЛИАЛ АКБ "НЗБАНК",ОАО, corrAccount=30101810400000000708, address=, city=Г. САНКТ-ПЕТЕРБУРГ, phones=, country=00000000-0000-0000-0000-000000000000, countryCode=, activityDiscontinued=true}, {guid=78ddabe4-ca67-11e5-826c-605718cb5baa, archive=false, dateOutputArchive=0001-01-01T00:00:00Z, thisGroup=false, parent=78ddabe1-ca67-11e5-826c-605718cb5baa, bic=044030821, swift=, name=ФСКБ ПРИМОРЬЯ "ПРИМСОЦБАНК" В Г С-ПЕТЕРБУРГЕ, corrAccount=30101810400000000821, address=УЛ САДОВАЯ, 40 ЛИТ Б, city=Г. САНКТ-ПЕТЕРБУРГ, phones=(812)4934900, country=4e127564-d74f-4dd9-bced-0327f0f4e061, countryCode=643, activityDiscontinued=false}, {guid=78ddabe5-ca67-11e5-826c-605718cb5baa, archive=, dateOutputArchive=, thisGroup=true, parent=00000000-0000-0000-0000-000000000000, bic=45       , swift=, name=Г МОСКВА, corrAccount=, address=, city=, phones=, country=, countryCode=, activityDiscontinued=}, {guid=78ddabe6-ca67-11e5-826c-605718cb5baa, archive=false, dateOutputArchive=0001-01-01T00:00:00Z, thisGroup=false, parent=78ddabe5-ca67-11e5-826c-605718cb5baa, bic=044525461, swift=, name=КУ АКБ "БЕНИФИТ-БАНК" (ЗАО) - ГК "АСВ", corrAccount=30101810645250000461, address=УЛ ВЫСОЦКОГО, 4, city=Г. МОСКВА, phones=(495)9612526, country=4e127564-d74f-4dd9-bced-0327f0f4e061, countryCode=643, activityDiscontinued=false}, {guid=78ddabe7-ca67-11e5-826c-605718cb5baa, archive=, dateOutputArchive=, thisGroup=true, parent=00000000-0000-0000-0000-000000000000, bic=05       , swift=, name=ПРИМОРСКИЙ КРАЙ, corrAccount=, address=, city=, phones=, country=, countryCode=, activityDiscontinued=}, {guid=78ddabe8-ca67-11e5-826c-605718cb5baa, archive=false, dateOutputArchive=0001-01-01T00:00:00Z, thisGroup=false, parent=78ddabe7-ca67-11e5-826c-605718cb5baa, bic=040507001, swift=, name=ДАЛЬНЕВОСТОЧНОЕ ГУ БАНКА РОССИИ, corrAccount=, address=УЛ СВЕТЛАНСКАЯ, 71, city=Г. ВЛАДИВОСТОК, phones=(423)2406514,2406507, country=4e127564-d74f-4dd9-bced-0327f0f4e061, countryCode=643, activityDiscontinued=false}, {guid=78ddabe9-ca67-11e5-826c-605718cb5baa, archive=, dateOutputArchive=, thisGroup=true, parent=00000000-0000-0000-0000-000000000000, bic=25       , swift=, name=ИРКУТСКАЯ ОБЛАСТЬ, corrAccount=, address=, city=, phones=, country=, countryCode=, activityDiscontinued=}, {guid=78ddabea-ca67-11e5-826c-605718cb5baa, archive=false, dateOutputArchive=0001-01-01T00:00:00Z, thisGroup=false, parent=78ddabe9-ca67-11e5-826c-605718cb5baa, bic=042510000, swift=, name=РКЦ ЧУНСКИЙ, corrAccount=, address=, city=РП ЧУНСКИЙ, phones=, country=00000000-0000-0000-0000-000000000000, countryCode=, activityDiscontinued=true}, {guid=78ddabeb-ca67-11e5-826c-605718cb5baa, archive=, dateOutputArchive=, thisGroup=true, parent=00000000-0000-0000-0000-000000000000, bic=07       , swift=, name=СТАВРОПОЛЬСКИЙ КРАЙ, corrAccount=, address=, city=, phones=, country=, countryCode=, activityDiscontinued=}, {guid=78ddabec-ca67-11e5-826c-605718cb5baa, archive=false, dateOutputArchive=0001-01-01T00:00:00Z, thisGroup=false, parent=78ddabeb-ca67-11e5-826c-605718cb5baa, bic=040702001, swift=, name=ОТДЕЛЕНИЕ СТАВРОПОЛЬ, corrAccount=, address=УЛ ЛЕНИНА, 286, city=Г. СТАВРОПОЛЬ, phones=(8652)224803,224804, country=4e127564-d74f-4dd9-bced-0327f0f4e061, countryCode=643, activityDiscontinued=false}, {guid=78ddabed-ca67-11e5-826c-605718cb5baa, archive=false, dateOutputArchive=0001-01-01T00:00:00Z, thisGroup=false, parent=78ddabe5-ca67-11e5-826c-605718cb5baa, bic=044525212, swift=, name=КУ КБ "ТРАНСИНВЕСТБАНК" (ООО) - ГК "АСВ", corrAccount=30101810645250000212, address=УЛ ВЫСОЦКОГО, 4, city=Г. МОСКВА, phones=(495)9612526, country=4e127564-d74f-4dd9-bced-0327f0f4e061, countryCode=643, activityDiscontinued=false}, {guid=78ddabee-ca67-11e5-826c-605718cb5baa, archive=, dateOutputArchive=, thisGroup=true, parent=00000000-0000-0000-0000-000000000000, bic=54       , swift=, name=ОРЛОВСКАЯ ОБЛАСТЬ, corrAccount=, address=, city=, phones=, country=, countryCode=, activityDiscontinued=}, {guid=78ddabef-ca67-11e5-826c-605718cb5baa, archive=false, dateOutputArchive=0001-01-01T00:00:00Z, thisGroup=false, parent=78ddabee-ca67-11e5-826c-605718cb5baa, bic=045402751, swift=, name=ОРЛОВСКИЙ РФ АО "РОССЕЛЬХОЗБАНК", corrAccount=30101810700000000751, address=УЛ МОСКОВСКАЯ, 31 ЛИТ А, city=Г. ОРЁЛ, phones=(4862)541054,735788, country=4e127564-d74f-4dd9-bced-0327f0f4e061, countryCode=643, activityDiscontinued=false}, {guid=78ddabf0-ca67-11e5-826c-605718cb5baa, archive=, dateOutputArchive=, thisGroup=true, parent=00000000-0000-0000-0000-000000000000, bic=17       , swift=, name=ВЛАДИМИРСКАЯ ОБЛАСТЬ, corrAccount=, address=, city=, phones=, country=, countryCode=, activityDiscontinued=}, {guid=78ddabf1-ca67-11e5-826c-605718cb5baa, archive=false, dateOutputArchive=0001-01-01T00:00:00Z, thisGroup=false, parent=78ddabf0-ca67-11e5-826c-605718cb5baa, bic=041708717, swift=, name=ФИЛИАЛ АО "РОСТ БАНК" В Г.ВЛАДИМИРЕ, corrAccount=30101810517080000717, address=, city=Г. ВЛАДИМИР, phones=, country=00000000-0000-0000-0000-000000000000, countryCode=, activityDiscontinued=true}, {guid=78ddabf2-ca67-11e5-826c-605718cb5baa, archive=, dateOutputArchive=, thisGroup=true, parent=00000000-0000-0000-0000-000000000000, bic=36       , swift=, name=САМАРСКАЯ ОБЛАСТЬ, corrAccount=, address=, city=, phones=, country=, countryCode=, activityDiscontinued=}, {guid=78ddac7c-ca67-11e5-826c-605718cb5baa, archive=false, dateOutputArchive=0001-01-01T00:00:00Z, thisGroup=false, parent=78ddac17-ca67-11e5-826c-605718cb5baa, bic=046027835, swift=, name=ООО "РУССКИЙ НАЦИОНАЛЬНЫЙ БАНК", corrAccount=30101810700000000835, address=, city=Г. РОСТОВ-НА-ДОНУ, phones=, country=00000000-0000-0000-0000-000000000000, countryCode=, activityDiscontinued=true}, {guid=78ddabf3-ca67-11e5-826c-605718cb5baa, archive=false, dateOutputArchive=0001-01-01T00:00:00Z, thisGroup=false, parent=78ddabf2-ca67-11e5-826c-605718cb5baa, bic=043601917, swift=GAZPRUMM037, name=Ф-Л БАНКА ГПБ (АО) "ПОВОЛЖСКИЙ", corrAccount=30101810000000000917, address=УЛ НОВО-САДОВАЯ, 106 А, СТР 1, city=Г. САМАРА, phones=(846)3396945,3396946, country=4e127564-d74f-4dd9-bced-0327f0f4e061, countryCode=643, activityDiscontinued=false}, {guid=78ddabf4-ca67-11e5-826c-605718cb5baa, archive=false, dateOutputArchive=0001-01-01T00:00:00Z, thisGroup=false, parent=78ddabe5-ca67-11e5-826c-605718cb5baa, bic=044525225, swift=SABRRUMMXXX, name=ПАО СБЕРБАНК, corrAccount=30101810400000000225, address=УЛ ВАВИЛОВА, 19, city=Г. МОСКВА, phones=(495)5005550,88005555550, country=4e127564-d74f-4dd9-bced-0327f0f4e061, countryCode=643, activityDiscontinued=false}, {guid=78ddabf5-ca67-11e5-826c-605718cb5baa, archive=, dateOutputArchive=, thisGroup=true, parent=00000000-0000-0000-0000-000000000000, bic=87       , swift=, name=РЕСПУБЛИКА КОМИ, corrAccount=, address=, city=, phones=, country=, countryCode=, activityDiscontinued=}, {guid=78ddabf6-ca67-11e5-826c-605718cb5baa, archive=false, dateOutputArchive=0001-01-01T00:00:00Z, thisGroup=false, parent=78ddabf5-ca67-11e5-826c-605718cb5baa, bic=048723000, swift=, name=РКЦ УСИНСК, corrAccount=, address=УЛ НЕФТЯНИКОВ, 30, city=Г. УСИНСК, phones=(82144)41735,41445, country=4e127564-d74f-4dd9-bced-0327f0f4e061, countryCode=643, activityDiscontinued=false}, {guid=78ddabf8-ca67-11e5-826c-605718cb5baa, archive=false, dateOutputArchive=0001-01-01T00:00:00Z, thisGroup=false, parent=78ddabf7-ca67-11e5-826c-605718cb5baa, bic=045354860, swift=FORHRU33XXX, name=АКБ "ФОРШТАДТ" (АО), corrAccount=30101810700000000860, address=УЛ ЧКАЛОВА, 35/1, city=Г. ОРЕНБУРГ, phones=(3532)980486,980412, country=4e127564-d74f-4dd9-bced-0327f0f4e061, countryCode=643, activityDiscontinued=false}, {guid=78ddabf9-ca67-11e5-826c-605718cb5baa, archive=, dateOutputArchive=, thisGroup=true, parent=00000000-0000-0000-0000-000000000000, bic=69       , swift=, name=ТОМСКАЯ ОБЛАСТЬ, corrAccount=, address=, city=, phones=, country=, countryCode=, activityDiscontinued=}, {guid=78ddabfa-ca67-11e5-826c-605718cb5baa, archive=false, dateOutputArchive=0001-01-01T00:00:00Z, thisGroup=false, parent=78ddabf9-ca67-11e5-826c-605718cb5baa, bic=046900000, swift=, name=РКЦ КОЛПАШЕВО, corrAccount=, address=, city=Г. КОЛПАШЕВО, phones=, country=00000000-0000-0000-0000-000000000000, countryCode=, activityDiscontinued=true}, {guid=78ddabfb-ca67-11e5-826c-605718cb5baa, archive=false, dateOutputArchive=0001-01-01T00:00:00Z, thisGroup=false, parent=78ddabe1-ca67-11e5-826c-605718cb5baa, bic=044030752, swift=, name=САНКТ-ПЕТЕРБУРГСКИЙ ФИЛИАЛ "БАНК СГБ", corrAccount=30101810100000000752, address=УЛ. МАРШАЛА ГОВОРОВА, 35 ЛИТ А, city=Г. САНКТ-ПЕТЕРБУРГ, phones=(812)3365900, country=4e127564-d74f-4dd9-bced-0327f0f4e061, countryCode=643, activityDiscontinued=false}, {guid=78ddabfc-ca67-11e5-826c-605718cb5baa, archive=false, dateOutputArchive=0001-01-01T00:00:00Z, thisGroup=false, parent=78ddabe5-ca67-11e5-826c-605718cb5baa, bic=044525102, swift=IKBARUMMXXX, name=АО "ДЕНИЗБАНК МОСКВА", corrAccount=30101810400000000102, address=2-Я ЗВЕНИГОРОД УЛ, 13, СТР 42, city=Г. МОСКВА, phones=(495)7251020, country=4e127564-d74f-4dd9-bced-0327f0f4e061, countryCode=643, activityDiscontinued=false}, {guid=78ddabfd-ca67-11e5-826c-605718cb5baa, archive=, dateOutputArchive=, thisGroup=true, parent=00000000-0000-0000-0000-000000000000, bic=63       , swift=, name=САРАТОВСКАЯ ОБЛАСТЬ, corrAccount=, address=, city=, phones=, country=, countryCode=, activityDiscontinued=}, {guid=78ddabfe-ca67-11e5-826c-605718cb5baa, archive=false, dateOutputArchive=0001-01-01T00:00:00Z, thisGroup=false, parent=78ddabfd-ca67-11e5-826c-605718cb5baa, bic=046380002, swift=, name=ПУ БАНКА РОССИИ ВОЛЖСКОЕ, corrAccount=, address=, city=П. СВЕТЛЫЙ, phones=(84558)33215, country=4e127564-d74f-4dd9-bced-0327f0f4e061, countryCode=643, activityDiscontinued=false}, {guid=78ddabff-ca67-11e5-826c-605718cb5baa, archive=false, dateOutputArchive=0001-01-01T00:00:00Z, thisGroup=false, parent=78ddabe5-ca67-11e5-826c-605718cb5baa, bic=044583695, swift=, name=КУ ОАО БАНК "СОДРУЖЕСТВО"-ГК "АСВ", corrAccount=30101810700000000695, address=, city=Г. МОСКВА, phones=, country=00000000-0000-0000-0000-000000000000, countryCode=, activityDiscontinued=true}, {guid=78ddac00-ca67-11e5-826c-605718cb5baa, archive=, dateOutputArchive=, thisGroup=true, parent=00000000-0000-0000-0000-000000000000, bic=82       , swift=, name=РЕСПУБЛИКА ДАГЕСТАН, corrAccount=, address=, city=, phones=, country=, countryCode=, activityDiscontinued=}, {guid=78ddac01-ca67-11e5-826c-605718cb5baa, archive=false, dateOutputArchive=0001-01-01T00:00:00Z, thisGroup=false, parent=78ddac00-ca67-11e5-826c-605718cb5baa, bic=048209870, swift=, name=ЛИКВ ООО РНКО "УМУТ", corrAccount=30103810400000000870, address=УЛ КАЛИНИНА, 4, city=Г. ХАСАВЮРТ, phones=(87231)51268,51667, country=4e127564-d74f-4dd9-bced-0327f0f4e061, countryCode=643, activityDiscontinued=false}, {guid=78ddac02-ca67-11e5-826c-605718cb5baa, archive=, dateOutputArchive=, thisGroup=true, parent=00000000-0000-0000-0000-000000000000, bic=28       , swift=, name=ТВЕРСКАЯ ОБЛАСТЬ, corrAccount=, address=, city=, phones=, country=, countryCode=, activityDiscontinued=}, {guid=78ddac03-ca67-11e5-826c-605718cb5baa, archive=false, dateOutputArchive=0001-01-01T00:00:00Z, thisGroup=false, parent=78ddac02-ca67-11e5-826c-605718cb5baa, bic=042809909, swift=, name=ТВЕРСКОЙ ФИЛИАЛ АБ "РОССИЯ", corrAccount=30101810700000000909, address=УЛ КРЫЛОВА, 40/29, city=Г. ТВЕРЬ, phones=(4822)347569, country=4e127564-d74f-4dd9-bced-0327f0f4e061, countryCode=643, activityDiscontinued=false}, {guid=78ddac04-ca67-11e5-826c-605718cb5baa, archive=false, dateOutputArchive=0001-01-01T00:00:00Z, thisGroup=false, parent=78ddac00-ca67-11e5-826c-605718cb5baa, bic=048209989, swift=, name=ФИЛИАЛ ИКБ "ЭНТУЗИАСТБАНК" ООО-КИЗЛЯР, corrAccount=30101810882090000989, address=, city=Г. КИЗЛЯР, phones=, country=00000000-0000-0000-0000-000000000000, countryCode=, activityDiscontinued=true}, {guid=78ddac05-ca67-11e5-826c-605718cb5baa, archive=false, dateOutputArchive=0001-01-01T00:00:00Z, thisGroup=false, parent=78ddabe5-ca67-11e5-826c-605718cb5baa, bic=044583844, swift=, name=КУ КОММЕРЧЕСКИЙ БАНК "СДБ" (ООО) ГК "АСВ", corrAccount=30101810700000000844, address=, city=Г. МОСКВА, phones=, country=00000000-0000-0000-0000-000000000000, countryCode=, activityDiscontinued=true}, {guid=78ddac06-ca67-11e5-826c-605718cb5baa, archive=false, dateOutputArchive=0001-01-01T00:00:00Z, thisGroup=false, parent=78ddabe5-ca67-11e5-826c-605718cb5baa, bic=044525938, swift=, name=МОСКОВСКИЙ ФИЛИАЛ АО АКБ "ТЕКСБАНК", corrAccount=30101810945250000938, address=ОЛИМПИЙСКИЙ ПР-Т, 26, СТР 1, city=Г. МОСКВА, phones=(495)6480048, country=4e127564-d74f-4dd9-bced-0327f0f4e061, countryCode=643, activityDiscontinued=false}, {guid=78ddac07-ca67-11e5-826c-605718cb5baa, archive=, dateOutputArchive=, thisGroup=true, parent=00000000-0000-0000-0000-000000000000, bic=50       , swift=, name=НОВОСИБИРСКАЯ ОБЛАСТЬ, corrAccount=, address=, city=, phones=, country=, countryCode=, activityDiscontinued=}, {guid=78ddac08-ca67-11e5-826c-605718cb5baa, archive=false, dateOutputArchive=0001-01-01T00:00:00Z, thisGroup=false, parent=78ddac07-ca67-11e5-826c-605718cb5baa, bic=045004747, swift=, name=ФИЛИАЛ "НОВОСИБИРСКИЙ" АО "ГЛОБЭКСБАНК", corrAccount=30101810150040000747, address=УЛ ВОКЗАЛЬНАЯ МАГИСТРАЛЬ, 8 А, city=Г. НОВОСИБИРСК, phones=(383)2181508, country=4e127564-d74f-4dd9-bced-0327f0f4e061, countryCode=643, activityDiscontinued=false}, {guid=78ddac09-ca67-11e5-826c-605718cb5baa, archive=, dateOutputArchive=, thisGroup=true, parent=00000000-0000-0000-0000-000000000000, bic=65       , swift=, name=СВЕРДЛОВСКАЯ ОБЛАСТЬ, corrAccount=, address=, city=, phones=, country=, countryCode=, activityDiscontinued=}, {guid=78ddac0a-ca67-11e5-826c-605718cb5baa, archive=false, dateOutputArchive=0001-01-01T00:00:00Z, thisGroup=false, parent=78ddac09-ca67-11e5-826c-605718cb5baa, bic=046577907, swift=, name=ЕКАТЕРИНБУРГСКИЙ ФИЛИАЛ ПАО "АК БАРС" БАНК, corrAccount=30101810400000000907, address=ПР-Т ЛЕНИНА, 20, city=Г. ЕКАТЕРИНБУРГ, phones=(343)3556015, country=4e127564-d74f-4dd9-bced-0327f0f4e061, countryCode=643, activityDiscontinued=false}, {guid=78ddac0b-ca67-11e5-826c-605718cb5baa, archive=, dateOutputArchive=, thisGroup=true, parent=00000000-0000-0000-0000-000000000000, bic=47       , swift=, name=МУРМАНСКАЯ ОБЛАСТЬ, corrAccount=, address=, city=, phones=, country=, countryCode=, activityDiscontinued=}, {guid=78ddac0c-ca67-11e5-826c-605718cb5baa, archive=false, dateOutputArchive=0001-01-01T00:00:00Z, thisGroup=false, parent=78ddac0b-ca67-11e5-826c-605718cb5baa, bic=044705824, swift=, name=ФИЛИАЛ ПАО "ОФК БАНК" В МУРМАНСКЕ, corrAccount=30101810900000000824, address=, city=Г. МУРМАНСК, phones=, country=00000000-0000-0000-0000-000000000000, countryCode=, activityDiscontinued=true}, {guid=78ddac0d-ca67-11e5-826c-605718cb5baa, archive=, dateOutputArchive=, thisGroup=true, parent=00000000-0000-0000-0000-000000000000, bic=19       , swift=, name=ВОЛОГОДСКАЯ ОБЛАСТЬ, corrAccount=, address=, city=, phones=, country=, countryCode=, activityDiscontinued=}, {guid=78ddac0e-ca67-11e5-826c-605718cb5baa, archive=false, dateOutputArchive=0001-01-01T00:00:00Z, thisGroup=false, parent=78ddac0d-ca67-11e5-826c-605718cb5baa, bic=041909708, swift=, name=КУ НКО "КРЕДИТАЛЬЯНС" (ООО), corrAccount=30103810200000000708, address=, city=Г. ВОЛОГДА, phones=, country=00000000-0000-0000-0000-000000000000, countryCode=, activityDiscontinued=true}, {guid=78ddac0f-ca67-11e5-826c-605718cb5baa, archive=, dateOutputArchive=, thisGroup=true, parent=00000000-0000-0000-0000-000000000000, bic=03       , swift=, name=КРАСНОДАРСКИЙ КРАЙ, corrAccount=, address=, city=, phones=, country=, countryCode=, activityDiscontinued=}, {guid=78ddac10-ca67-11e5-826c-605718cb5baa, archive=false, dateOutputArchive=0001-01-01T00:00:00Z, thisGroup=false, parent=78ddac0f-ca67-11e5-826c-605718cb5baa, bic=040349749, swift=, name=КРАСНОДАРСКИЙ ФИЛИАЛ ТКБ БАНК ПАО, corrAccount=30101810500000000749, address=УЛ ФРУНЗЕ, 169, city=Г. КРАСНОДАР, phones=(861)2104542,2104546, country=4e127564-d74f-4dd9-bced-0327f0f4e061, countryCode=643, activityDiscontinued=false}, {guid=78ddac11-ca67-11e5-826c-605718cb5baa, archive=false, dateOutputArchive=0001-01-01T00:00:00Z, thisGroup=false, parent=78ddabf5-ca67-11e5-826c-605718cb5baa, bic=048702731, swift=, name=ФИЛИАЛ КБ "РОСПРОМБАНК" (ООО) В Г. СЫКТЫВКАРЕ, corrAccount=30101810500000000731, address=, city=Г. СЫКТЫВКАР, phones=, country=00000000-0000-0000-0000-000000000000, countryCode=, activityDiscontinued=true}, {guid=78ddac12-ca67-11e5-826c-605718cb5baa, archive=, dateOutputArchive=, thisGroup=true, parent=00000000-0000-0000-0000-000000000000, bic=20       , swift=, name=ВОРОНЕЖСКАЯ ОБЛАСТЬ, corrAccount=, address=, city=, phones=, country=, countryCode=, activityDiscontinued=}, {guid=78ddac13-ca67-11e5-826c-605718cb5baa, archive=false, dateOutputArchive=0001-01-01T00:00:00Z, thisGroup=false, parent=78ddac12-ca67-11e5-826c-605718cb5baa, bic=042007001, swift=, name=ОТДЕЛЕНИЕ ВОРОНЕЖ, corrAccount=, address=УЛ ТЕАТРАЛЬНАЯ, 36, city=Г. ВОРОНЕЖ, phones=(473)2555820,2699990, country=4e127564-d74f-4dd9-bced-0327f0f4e061, countryCode=643, activityDiscontinued=false}, {guid=78ddac14-ca67-11e5-826c-605718cb5baa, archive=, dateOutputArchive=, thisGroup=true, parent=00000000-0000-0000-0000-000000000000, bic=76       , swift=, name=ЗАБАЙКАЛЬСКИЙ КРАЙ, corrAccount=, address=, city=, phones=, country=, countryCode=, activityDiscontinued=}, {guid=78ddac15-ca67-11e5-826c-605718cb5baa, archive=false, dateOutputArchive=0001-01-01T00:00:00Z, thisGroup=false, parent=78ddac14-ca67-11e5-826c-605718cb5baa, bic=047601637, swift=SABRRU66CHT, name=ЧИТИНСКОЕ ОТДЕЛЕНИЕ  N8600 ПАО СБЕРБАНК, corrAccount=30101810500000000637, address=УЛ ПОЛИНЫ ОСИПЕНКО, 40, city=Г. ЧИТА, phones=(3022)336111, country=4e127564-d74f-4dd9-bced-0327f0f4e061, countryCode=643, activityDiscontinued=false}, {guid=78ddac16-ca67-11e5-826c-605718cb5baa, archive=false, dateOutputArchive=0001-01-01T00:00:00Z, thisGroup=false, parent=78ddabdb-ca67-11e5-826c-605718cb5baa, bic=043209770, swift=NOOBRU55XXX, name=ООО "НОВОКИБ", corrAccount=30101810900000000770, address=УЛ КИРОВА, 69, city=Г. НОВОКУЗНЕЦК, phones=(3843)539698,459267, country=4e127564-d74f-4dd9-bced-0327f0f4e061, countryCode=643, activityDiscontinued=false}, {guid=78ddac17-ca67-11e5-826c-605718cb5baa, archive=, dateOutputArchive=, thisGroup=true, parent=00000000-0000-0000-0000-000000000000, bic=60       , swift=, name=РОСТОВСКАЯ ОБЛАСТЬ, corrAccount=, address=, city=, phones=, country=, countryCode=, activityDiscontinued=}, {guid=78ddac18-ca67-11e5-826c-605718cb5baa, archive=false, dateOutputArchive=0001-01-01T00:00:00Z, thisGroup=false, parent=78ddac17-ca67-11e5-826c-605718cb5baa, bic=046015293, swift=, name=РОСТОВСКИЙ ФИЛИАЛ НКО "ИНКАХРАН" (АО), corrAccount=30103810860150000293, address=, city=Г. РОСТОВ-НА-ДОНУ, phones=, country=00000000-0000-0000-0000-000000000000, countryCode=, activityDiscontinued=true}, {guid=78ddac19-ca67-11e5-826c-605718cb5baa, archive=false, dateOutputArchive=0001-01-01T00:00:00Z, thisGroup=false, parent=78ddac07-ca67-11e5-826c-605718cb5baa, bic=045004775, swift=, name=НОВОСИБИРСКИЙ ФИЛИАЛ ПАО "БИНБАНК", corrAccount=30101810850040000775, address=, city=Г. НОВОСИБИРСК, phones=, country=00000000-0000-0000-0000-000000000000, countryCode=, activityDiscontinued=true}, {guid=78ddac1a-ca67-11e5-826c-605718cb5baa, archive=false, dateOutputArchive=0001-01-01T00:00:00Z, thisGroup=false, parent=78ddabe5-ca67-11e5-826c-605718cb5baa, bic=044583138, swift=, name=ООО КБ "РАСЧЕТНЫЙ ДОМ", corrAccount=30101810500000000138, address=, city=Г. МОСКВА, phones=, country=00000000-0000-0000-0000-000000000000, countryCode=, activityDiscontinued=true}, {guid=78ddac1b-ca67-11e5-826c-605718cb5baa, archive=false, dateOutputArchive=0001-01-01T00:00:00Z, thisGroup=false, parent=78ddabe5-ca67-11e5-826c-605718cb5baa, bic=044525762, swift=, name=КУ КБ "ЕВРОТРАСТ" (ЗАО) ГК "АСВ", corrAccount=30101810400000000762, address=УЛ ВЫСОЦКОГО, 4, city=Г. МОСКВА, phones=(495)9612526, country=4e127564-d74f-4dd9-bced-0327f0f4e061, countryCode=643, activityDiscontinued=false}, {guid=78ddaca1-ca67-11e5-826c-605718cb5baa, archive=, dateOutputArchive=, thisGroup=true, parent=00000000-0000-0000-0000-000000000000, bic=37       , swift=, name=КУРГАНСКАЯ ОБЛАСТЬ, corrAccount=, address=, city=, phones=, country=, countryCode=, activityDiscontinued=}, {guid=78ddac1d-ca67-11e5-826c-605718cb5baa, archive=false, dateOutputArchive=0001-01-01T00:00:00Z, thisGroup=false, parent=78ddabe5-ca67-11e5-826c-605718cb5baa, bic=044525235, swift=, name=КУ ООО "М ПЛЮС" ГК "АСВ", corrAccount=30101810745250000235, address=УЛ ВЫСОЦКОГО, 4, city=Г. МОСКВА, phones=(495)9612526, country=4e127564-d74f-4dd9-bced-0327f0f4e061, countryCode=643, activityDiscontinued=false}, {guid=78ddac1e-ca67-11e5-826c-605718cb5baa, archive=false, dateOutputArchive=0001-01-01T00:00:00Z, thisGroup=false, parent=78ddabe5-ca67-11e5-826c-605718cb5baa, bic=044583701, swift=, name=ООО НКО "ДЕНЬГИ.МЭЙЛ.РУ", corrAccount=30103810100000000701, address=, city=Г. МОСКВА, phones=, country=00000000-0000-0000-0000-000000000000, countryCode=, activityDiscontinued=true}, {guid=78ddac1f-ca67-11e5-826c-605718cb5baa, archive=false, dateOutputArchive=0001-01-01T00:00:00Z, thisGroup=false, parent=78ddabe1-ca67-11e5-826c-605718cb5baa, bic=044030769, swift=, name=КУ ОАО КБ "ПЕТРО-АЭРО-БАНК"-ГК "АСВ", corrAccount=30101810300000000769, address=, city=Г. САНКТ-ПЕТЕРБУРГ, phones=, country=00000000-0000-0000-0000-000000000000, countryCode=, activityDiscontinued=true}, {guid=e8b018e6-ca8b-11e5-826c-605718cb5baa, archive=false, dateOutputArchive=0001-01-01T00:00:00Z, thisGroup=false, parent=78ddac9c-ca67-11e5-826c-605718cb5baa, bic=040481000, swift=, name=РКЦ АЧИНСК, corrAccount=, address=, city=Г. АЧИНСК, phones=, country=00000000-0000-0000-0000-000000000000, countryCode=, activityDiscontinued=true}, {guid=78ddac20-ca67-11e5-826c-605718cb5baa, archive=false, dateOutputArchive=0001-01-01T00:00:00Z, thisGroup=false, parent=78ddac0f-ca67-11e5-826c-605718cb5baa, bic=040396844, swift=, name=КОНКУРСНЫЙ УПРАВЛЯЮЩИЙ ООО КИИБ"СОЧИ"-ГК"АСВ", corrAccount=30101810700000000844, address=УЛ ВЫСОЦКОГО, 4, city=Г. МОСКВА, phones=(495)7253117, country=4e127564-d74f-4dd9-bced-0327f0f4e061, countryCode=643, activityDiscontinued=false}, {guid=78ddac21-ca67-11e5-826c-605718cb5baa, archive=, dateOutputArchive=, thisGroup=true, parent=00000000-0000-0000-0000-000000000000, bic=22       , swift=, name=НИЖЕГОРОДСКАЯ ОБЛАСТЬ, corrAccount=, address=, city=, phones=, country=, countryCode=, activityDiscontinued=}, {guid=78ddac22-ca67-11e5-826c-605718cb5baa, archive=false, dateOutputArchive=0001-01-01T00:00:00Z, thisGroup=false, parent=78ddac21-ca67-11e5-826c-605718cb5baa, bic=042202821, swift=, name=ФАКБ "РОССИЙСКИЙ КАПИТАЛ" (АО) НИЖЕГОРОДСКИЙ, corrAccount=30101810300000000821, address=УЛ ОШАРСКАЯ, 52, city=Г. НИЖНИЙ НОВГОРОД, phones=(831)2816345, country=4e127564-d74f-4dd9-bced-0327f0f4e061, countryCode=643, activityDiscontinued=false}, {guid=78ddac23-ca67-11e5-826c-605718cb5baa, archive=false, dateOutputArchive=0001-01-01T00:00:00Z, thisGroup=false, parent=78ddabe5-ca67-11e5-826c-605718cb5baa, bic=044525551, swift=ICBKRUMMXXX, name=АЙСИБИСИ БАНК (АО), corrAccount=30101810200000000551, address=СЕРЕБРЯНИЧЕСКАЯ НАБ, 29, city=Г. МОСКВА, phones=(495)2873099, country=4e127564-d74f-4dd9-bced-0327f0f4e061, countryCode=643, activityDiscontinued=false}, {guid=78ddac24-ca67-11e5-826c-605718cb5baa, archive=false, dateOutputArchive=0001-01-01T00:00:00Z, thisGroup=false, parent=78ddabe5-ca67-11e5-826c-605718cb5baa, bic=044525476, swift=CBMWRUMMXXX, name=АО "МОСКОМБАНК", corrAccount=30101810245250000476, address=УЛ 1-Я ФРУНЗЕНСКАЯ, 5, city=Г. МОСКВА, phones=(495)6091919, country=4e127564-d74f-4dd9-bced-0327f0f4e061, countryCode=643, activityDiscontinued=false}, {guid=78ddac25-ca67-11e5-826c-605718cb5baa, archive=, dateOutputArchive=, thisGroup=true, parent=00000000-0000-0000-0000-000000000000, bic=00       , swift=, name=ТЕРРИТОРИЯ НЕ ОПРЕДЕЛЕНА, corrAccount=, address=, city=, phones=, country=, countryCode=, activityDiscontinued=}, {guid=78ddac26-ca67-11e5-826c-605718cb5baa, archive=false, dateOutputArchive=0001-01-01T00:00:00Z, thisGroup=false, parent=78ddac25-ca67-11e5-826c-605718cb5baa, bic=040004002, swift=, name=ПУ БАНКА РОССИИ N 67903, corrAccount=, address=П/П 67903, city=, phones=, country=4e127564-d74f-4dd9-bced-0327f0f4e061, countryCode=643, activityDiscontinued=false}, {guid=78ddac27-ca67-11e5-826c-605718cb5baa, archive=false, dateOutputArchive=0001-01-01T00:00:00Z, thisGroup=false, parent=78ddac00-ca67-11e5-826c-605718cb5baa, bic=048209788, swift=, name=ФАКБ "ИНВЕСТТОРГБАНК" (ПАО) "МАХАЧКАЛИНСКИЙ", corrAccount=30101810400000000788, address=, city=Г. МАХАЧКАЛА, phones=, country=00000000-0000-0000-0000-000000000000, countryCode=, activityDiscontinued=true}, {guid=78ddac28-ca67-11e5-826c-605718cb5baa, archive=, dateOutputArchive=, thisGroup=true, parent=00000000-0000-0000-0000-000000000000, bic=94       , swift=, name=УДМУРТСКАЯ РЕСПУБЛИКА, corrAccount=, address=, city=, phones=, country=, countryCode=, activityDiscontinued=}, {guid=78ddac29-ca67-11e5-826c-605718cb5baa, archive=false, dateOutputArchive=0001-01-01T00:00:00Z, thisGroup=false, parent=78ddac28-ca67-11e5-826c-605718cb5baa, bic=049401825, swift=, name=КОНКУРСНЫЙ УПРАВЛЯЮЩИЙ ОАО "МОБИЛБАНК", corrAccount=30101810600000000825, address=УЛ ПУШКИНСКАЯ, 268, city=Г. ИЖЕВСК, phones=(3412)908911,655104, country=4e127564-d74f-4dd9-bced-0327f0f4e061, countryCode=643, activityDiscontinued=false}]

at java.base/jdk.internal.reflect.DirectConstructorHandleAccessor.newInstance(DirectConstructorHandleAccessor.java:67)
at java.base/java.lang.reflect.Constructor.newInstanceWithCaller(Constructor.java:500)
at java.base/java.lang.reflect.Constructor.newInstance(Constructor.java:484)
at org.codehaus.groovy.reflection.CachedConstructor.invoke(CachedConstructor.java:73)
at org.codehaus.groovy.runtime.callsite.ConstructorSite$ConstructorSiteNoUnwrapNoCoerce.callConstructor(ConstructorSite.java:108)
at org.codehaus.groovy.runtime.callsite.AbstractCallSite.callConstructor(AbstractCallSite.java:277)
at io.restassured.internal.ResponseSpecificationImpl$HamcrestAssertionClosure.validate(ResponseSpecificationImpl.groovy:512)
at io.restassured.internal.ResponseSpecificationImpl$HamcrestAssertionClosure$validate$1.call(Unknown Source)
at io.restassured.internal.ResponseSpecificationImpl.validateResponseIfRequired(ResponseSpecificationImpl.groovy:696)
at io.restassured.internal.ResponseSpecificationImpl.this$2$validateResponseIfRequired(ResponseSpecificationImpl.groovy)
at java.base/jdk.internal.reflect.DirectMethodHandleAccessor.invoke(DirectMethodHandleAccessor.java:104)
at java.base/java.lang.reflect.Method.invoke(Method.java:578)
at org.codehaus.groovy.runtime.callsite.PlainObjectMetaMethodSite.doInvoke(PlainObjectMetaMethodSite.java:43)
at org.codehaus.groovy.runtime.callsite.PogoMetaMethodSite$PogoCachedMethodSiteNoUnwrapNoCoerce.invoke(PogoMetaMethodSite.java:198)
at org.codehaus.groovy.runtime.callsite.PogoMetaMethodSite.callCurrent(PogoMetaMethodSite.java:62)
at org.codehaus.groovy.runtime.callsite.AbstractCallSite.callCurrent(AbstractCallSite.java:185)
at io.restassured.internal.ResponseSpecificationImpl.body(ResponseSpecificationImpl.groovy:107)
at io.restassured.internal.ValidatableResponseOptionsImpl.body(ValidatableResponseOptionsImpl.java:238)
at AutoTest.ClassifireIsAllRussianTest.getBankList(ClassifireIsAllRussianTest.java:536)
at java.base/jdk.internal.reflect.DirectMethodHandleAccessor.invoke(DirectMethodHandleAccessor.java:104)
at java.base/java.lang.reflect.Method.invoke(Method.java:578)
at org.testng.internal.invokers.MethodInvocationHelper.invokeMethod(MethodInvocationHelper.java:139)
at org.testng.internal.invokers.TestInvoker.invokeMethod(TestInvoker.java:677)
at org.testng.internal.invokers.TestInvoker.invokeTestMethod(TestInvoker.java:221)
at org.testng.internal.invokers.MethodRunner.runInSequence(MethodRunner.java:50)
at org.testng.internal.invokers.TestInvoker$MethodInvocationAgent.invoke(TestInvoker.java:969)
at org.testng.internal.invokers.TestInvoker.invokeTestMethods(TestInvoker.java:194)
at org.testng.internal.invokers.TestMethodWorker.invokeTestMethods(TestMethodWorker.java:148)
at org.testng.internal.invokers.TestMethodWorker.run(TestMethodWorker.java:128)
at java.base/java.util.ArrayList.forEach(ArrayList.java:1511)
at org.testng.TestRunner.privateRun(TestRunner.java:829)
at org.testng.TestRunner.run(TestRunner.java:602)
at org.testng.SuiteRunner.runTest(SuiteRunner.java:437)
at org.testng.SuiteRunner.runSequentially(SuiteRunner.java:431)
at org.testng.SuiteRunner.privateRun(SuiteRunner.java:391)
at org.testng.SuiteRunner.run(SuiteRunner.java:330)
at org.testng.SuiteRunnerWorker.runSuite(SuiteRunnerWorker.java:52)
at org.testng.SuiteRunnerWorker.run(SuiteRunnerWorker.java:95)
at org.testng.TestNG.runSuitesSequentially(TestNG.java:1256)
at org.testng.TestNG.runSuitesLocally(TestNG.java:1176)
at org.testng.TestNG.runSuites(TestNG.java:1099)
at org.testng.TestNG.run(TestNG.java:1067)
at org.apache.maven.surefire.testng.TestNGExecutor.run(TestNGExecutor.java:132)
at org.apache.maven.surefire.testng.TestNGDirectoryTestSuite.executeMulti(TestNGDirectoryTestSuite.java:193)
at org.apache.maven.surefire.testng.TestNGDirectoryTestSuite.execute(TestNGDirectoryTestSuite.java:94)
at org.apache.maven.surefire.testng.TestNGProvider.invoke(TestNGProvider.java:147)
at org.apache.maven.surefire.booter.ForkedBooter.invokeProviderInSameClassLoader(ForkedBooter.java:290)
at org.apache.maven.surefire.booter.ForkedBooter.runSuitesInProcess(ForkedBooter.java:242)
at org.apache.maven.surefire.booter.ForkedBooter.main(ForkedBooter.java:121)
]]>
    </failure>
  </testcase> <!-- getBankList -->
  <system-out/>
  <testcase classname="AutoTest.ClassifireIsAllRussianTest" name="getCountryGuidNotExist" time="0.998"/>
  <system-out/>
  <testcase classname="AutoTest.ClassifireIsAllRussianTest" name="getCountryGuidNotExist" time="1.010"/>
  <system-out/>
  <testcase classname="AutoTest.ClassifireIsAllRussianTest" name="getCurrencyListStepMaxPlus" time="0.973"/>
  <system-out/>
  <testcase classname="AutoTest.ClassifireIsAllRussianTest" name="getCurrencyListStepIsEmpty" time="0.981"/>
  <system-out/>
  <testcase classname="AutoTest.ClassifireIsAllRussianTest" name="getOkopfGuidNotExist" time="0.987"/>
  <system-out/>
  <testcase classname="AutoTest.ClassifireIsAllRussianTest" name="getOkvedList" time="1.034"/>
  <system-out/>
  <testcase classname="AutoTest.ClassifireIsAllRussianTest" name="getOkpdListStepMaxPlus" time="0.967"/>
  <system-out/>
  <testcase classname="AutoTest.ClassifireIsAllRussianTest" name="getOkpdGuidNotExist" time="1.047"/>
  <system-out/>
  <testcase classname="AutoTest.ClassifireIsAllRussianTest" name="getTnvedListStepMaxPlus" time="1.013"/>
  <system-out/>
  <testcase classname="AutoTest.ClassifireIsAllRussianTest" name="getOkpdList" time="0.855">
    <failure message="expected: &lt;17&gt; but was: &lt;200&gt;" type="org.opentest4j.AssertionFailedError">
      <![CDATA[org.opentest4j.AssertionFailedError: expected: <17> but was: <200>
at org.junit.jupiter.api.AssertionFailureBuilder.build(AssertionFailureBuilder.java:151)
at org.junit.jupiter.api.AssertionFailureBuilder.buildAndThrow(AssertionFailureBuilder.java:132)
at org.junit.jupiter.api.AssertEquals.failNotEqual(AssertEquals.java:197)
at org.junit.jupiter.api.AssertEquals.assertEquals(AssertEquals.java:150)
at org.junit.jupiter.api.AssertEquals.assertEquals(AssertEquals.java:145)
at org.junit.jupiter.api.Assertions.assertEquals(Assertions.java:528)
at AutoTest.ClassifireIsAllRussianTest.getOkpdList(ClassifireIsAllRussianTest.java:40)
at java.base/jdk.internal.reflect.DirectMethodHandleAccessor.invoke(DirectMethodHandleAccessor.java:104)
at java.base/java.lang.reflect.Method.invoke(Method.java:578)
at org.testng.internal.invokers.MethodInvocationHelper.invokeMethod(MethodInvocationHelper.java:139)
at org.testng.internal.invokers.TestInvoker.invokeMethod(TestInvoker.java:677)
at org.testng.internal.invokers.TestInvoker.invokeTestMethod(TestInvoker.java:221)
at org.testng.internal.invokers.MethodRunner.runInSequence(MethodRunner.java:50)
at org.testng.internal.invokers.TestInvoker$MethodInvocationAgent.invoke(TestInvoker.java:969)
at org.testng.internal.invokers.TestInvoker.invokeTestMethods(TestInvoker.java:194)
at org.testng.internal.invokers.TestMethodWorker.invokeTestMethods(TestMethodWorker.java:148)
at org.testng.internal.invokers.TestMethodWorker.run(TestMethodWorker.java:128)
at java.base/java.util.ArrayList.forEach(ArrayList.java:1511)
at org.testng.TestRunner.privateRun(TestRunner.java:829)
at org.testng.TestRunner.run(TestRunner.java:602)
at org.testng.SuiteRunner.runTest(SuiteRunner.java:437)
at org.testng.SuiteRunner.runSequentially(SuiteRunner.java:431)
at org.testng.SuiteRunner.privateRun(SuiteRunner.java:391)
at org.testng.SuiteRunner.run(SuiteRunner.java:330)
at org.testng.SuiteRunnerWorker.runSuite(SuiteRunnerWorker.java:52)
at org.testng.SuiteRunnerWorker.run(SuiteRunnerWorker.java:95)
at org.testng.TestNG.runSuitesSequentially(TestNG.java:1256)
at org.testng.TestNG.runSuitesLocally(TestNG.java:1176)
at org.testng.TestNG.runSuites(TestNG.java:1099)
at org.testng.TestNG.run(TestNG.java:1067)
at org.apache.maven.surefire.testng.TestNGExecutor.run(TestNGExecutor.java:132)
at org.apache.maven.surefire.testng.TestNGDirectoryTestSuite.executeMulti(TestNGDirectoryTestSuite.java:193)
at org.apache.maven.surefire.testng.TestNGDirectoryTestSuite.execute(TestNGDirectoryTestSuite.java:94)
at org.apache.maven.surefire.testng.TestNGProvider.invoke(TestNGProvider.java:147)
at org.apache.maven.surefire.booter.ForkedBooter.invokeProviderInSameClassLoader(ForkedBooter.java:290)
at org.apache.maven.surefire.booter.ForkedBooter.runSuitesInProcess(ForkedBooter.java:242)
at org.apache.maven.surefire.booter.ForkedBooter.main(ForkedBooter.java:121)
]]>
    </failure>
  </testcase> <!-- getOkpdList -->
  <system-out/>
  <testcase classname="AutoTest.ClassifireIsAllRussianTest" name="getTnvedList" time="1.114">
    <failure message="expected: &lt;18&gt; but was: &lt;200&gt;" type="org.opentest4j.AssertionFailedError">
      <![CDATA[org.opentest4j.AssertionFailedError: expected: <18> but was: <200>
at org.junit.jupiter.api.AssertionFailureBuilder.build(AssertionFailureBuilder.java:151)
at org.junit.jupiter.api.AssertionFailureBuilder.buildAndThrow(AssertionFailureBuilder.java:132)
at org.junit.jupiter.api.AssertEquals.failNotEqual(AssertEquals.java:197)
at org.junit.jupiter.api.AssertEquals.assertEquals(AssertEquals.java:150)
at org.junit.jupiter.api.AssertEquals.assertEquals(AssertEquals.java:145)
at org.junit.jupiter.api.Assertions.assertEquals(Assertions.java:528)
at AutoTest.ClassifireIsAllRussianTest.getTnvedList(ClassifireIsAllRussianTest.java:208)
at java.base/jdk.internal.reflect.DirectMethodHandleAccessor.invoke(DirectMethodHandleAccessor.java:104)
at java.base/java.lang.reflect.Method.invoke(Method.java:578)
at org.testng.internal.invokers.MethodInvocationHelper.invokeMethod(MethodInvocationHelper.java:139)
at org.testng.internal.invokers.TestInvoker.invokeMethod(TestInvoker.java:677)
at org.testng.internal.invokers.TestInvoker.invokeTestMethod(TestInvoker.java:221)
at org.testng.internal.invokers.MethodRunner.runInSequence(MethodRunner.java:50)
at org.testng.internal.invokers.TestInvoker$MethodInvocationAgent.invoke(TestInvoker.java:969)
at org.testng.internal.invokers.TestInvoker.invokeTestMethods(TestInvoker.java:194)
at org.testng.internal.invokers.TestMethodWorker.invokeTestMethods(TestMethodWorker.java:148)
at org.testng.internal.invokers.TestMethodWorker.run(TestMethodWorker.java:128)
at java.base/java.util.ArrayList.forEach(ArrayList.java:1511)
at org.testng.TestRunner.privateRun(TestRunner.java:829)
at org.testng.TestRunner.run(TestRunner.java:602)
at org.testng.SuiteRunner.runTest(SuiteRunner.java:437)
at org.testng.SuiteRunner.runSequentially(SuiteRunner.java:431)
at org.testng.SuiteRunner.privateRun(SuiteRunner.java:391)
at org.testng.SuiteRunner.run(SuiteRunner.java:330)
at org.testng.SuiteRunnerWorker.runSuite(SuiteRunnerWorker.java:52)
at org.testng.SuiteRunnerWorker.run(SuiteRunnerWorker.java:95)
at org.testng.TestNG.runSuitesSequentially(TestNG.java:1256)
at org.testng.TestNG.runSuitesLocally(TestNG.java:1176)
at org.testng.TestNG.runSuites(TestNG.java:1099)
at org.testng.TestNG.run(TestNG.java:1067)
at org.apache.maven.surefire.testng.TestNGExecutor.run(TestNGExecutor.java:132)
at org.apache.maven.surefire.testng.TestNGDirectoryTestSuite.executeMulti(TestNGDirectoryTestSuite.java:193)
at org.apache.maven.surefire.testng.TestNGDirectoryTestSuite.execute(TestNGDirectoryTestSuite.java:94)
at org.apache.maven.surefire.testng.TestNGProvider.invoke(TestNGProvider.java:147)
at org.apache.maven.surefire.booter.ForkedBooter.invokeProviderInSameClassLoader(ForkedBooter.java:290)
at org.apache.maven.surefire.booter.ForkedBooter.runSuitesInProcess(ForkedBooter.java:242)
at org.apache.maven.surefire.booter.ForkedBooter.main(ForkedBooter.java:121)
]]>
    </failure>
  </testcase> <!-- getTnvedList -->
  <system-out/>
  <testcase classname="AutoTest.ClassifireIsAllRussianTest" name="getCurrencyListStepMaxPlus" time="1.110"/>
  <system-out/>
  <testcase classname="AutoTest.ClassifireIsAllRussianTest" name="getOkopfList" time="1.062"/>
  <system-out/>
  <testcase classname="AutoTest.ClassifireIsAllRussianTest" name="getTnvedListStepMaxPlus" time="0.959"/>
  <system-out/>
  <testcase classname="AutoTest.ClassifireIsAllRussianTest" name="getCountryGuidNotExist" time="0.993"/>
  <system-out/>
  <testcase classname="AutoTest.ClassifireIsAllRussianTest" name="getOkopfGuidNotExist" time="1.043"/>
  <system-out/>
  <testcase classname="AutoTest.ClassifireIsAllRussianTest" name="getBankGuidNotExist" time="1.024"/>
  <system-out/>
  <testcase classname="AutoTest.ClassifireIsAllRussianTest" name="getRegionListStepMaxPlus" time="1.005"/>
  <system-out/>
  <testcase classname="AutoTest.ClassifireIsAllRussianTest" name="getBankListStepMaxPlus" time="1.004"/>
  <system-out/>
  <testcase classname="AutoTest.ClassifireIsAllRussianTest" name="getBankListStepMaxPlus" time="1.008"/>
  <system-out/>
  <testcase classname="AutoTest.ClassifireIsAllRussianTest" name="getOkopfListStepMaxPlus" time="0.997"/>
  <system-out/>
  <testcase classname="AutoTest.ClassifireIsAllRussianTest" name="getCountryListStepMaxPlus" time="1.035"/>
  <system-out/>
  <testcase classname="AutoTest.ClassifireIsAllRussianTest" name="getOkvedListStepMaxPlus" time="0.975"/>
  <system-out/>
  <testcase classname="AutoTest.ClassifireIsAllRussianTest" name="getOkvedGuidNotExist" time="0.990"/>
  <system-out/>
  <testcase classname="AutoTest.ClassifireIsAllRussianTest" name="getOkvedList" time="0.997">
    <failure message="1 expectation failed.
JSON path size() doesn&#039;t match.
Expected: is &lt;100&gt;
  Actual: &lt;16&gt;
" type="java.lang.AssertionError">
      <![CDATA[java.lang.AssertionError: 1 expectation failed.
JSON path size() doesn't match.
Expected: is <100>
  Actual: <16>

at java.base/jdk.internal.reflect.DirectConstructorHandleAccessor.newInstance(DirectConstructorHandleAccessor.java:67)
at java.base/java.lang.reflect.Constructor.newInstanceWithCaller(Constructor.java:500)
at java.base/java.lang.reflect.Constructor.newInstance(Constructor.java:484)
at org.codehaus.groovy.reflection.CachedConstructor.invoke(CachedConstructor.java:73)
at org.codehaus.groovy.runtime.callsite.ConstructorSite$ConstructorSiteNoUnwrapNoCoerce.callConstructor(ConstructorSite.java:108)
at org.codehaus.groovy.runtime.callsite.AbstractCallSite.callConstructor(AbstractCallSite.java:277)
at io.restassured.internal.ResponseSpecificationImpl$HamcrestAssertionClosure.validate(ResponseSpecificationImpl.groovy:512)
at io.restassured.internal.ResponseSpecificationImpl$HamcrestAssertionClosure$validate$1.call(Unknown Source)
at io.restassured.internal.ResponseSpecificationImpl.validateResponseIfRequired(ResponseSpecificationImpl.groovy:696)
at io.restassured.internal.ResponseSpecificationImpl.this$2$validateResponseIfRequired(ResponseSpecificationImpl.groovy)
at java.base/jdk.internal.reflect.DirectMethodHandleAccessor.invoke(DirectMethodHandleAccessor.java:104)
at java.base/java.lang.reflect.Method.invoke(Method.java:578)
at org.codehaus.groovy.runtime.callsite.PlainObjectMetaMethodSite.doInvoke(PlainObjectMetaMethodSite.java:43)
at org.codehaus.groovy.runtime.callsite.PogoMetaMethodSite$PogoCachedMethodSiteNoUnwrapNoCoerce.invoke(PogoMetaMethodSite.java:198)
at org.codehaus.groovy.runtime.callsite.PogoMetaMethodSite.callCurrent(PogoMetaMethodSite.java:62)
at org.codehaus.groovy.runtime.callsite.AbstractCallSite.callCurrent(AbstractCallSite.java:185)
at io.restassured.internal.ResponseSpecificationImpl.body(ResponseSpecificationImpl.groovy:270)
at io.restassured.specification.ResponseSpecification$body$2.callCurrent(Unknown Source)
at io.restassured.internal.ResponseSpecificationImpl.body(ResponseSpecificationImpl.groovy:117)
at io.restassured.internal.ValidatableResponseOptionsImpl.body(ValidatableResponseOptionsImpl.java:244)
at AutoTest.ClassifireIsAllRussianTest.getOkvedList(ClassifireIsAllRussianTest.java:124)
at java.base/jdk.internal.reflect.DirectMethodHandleAccessor.invoke(DirectMethodHandleAccessor.java:104)
at java.base/java.lang.reflect.Method.invoke(Method.java:578)
at org.testng.internal.invokers.MethodInvocationHelper.invokeMethod(MethodInvocationHelper.java:139)
at org.testng.internal.invokers.TestInvoker.invokeMethod(TestInvoker.java:677)
at org.testng.internal.invokers.TestInvoker.invokeTestMethod(TestInvoker.java:221)
at org.testng.internal.invokers.MethodRunner.runInSequence(MethodRunner.java:50)
at org.testng.internal.invokers.TestInvoker$MethodInvocationAgent.invoke(TestInvoker.java:969)
at org.testng.internal.invokers.TestInvoker.invokeTestMethods(TestInvoker.java:194)
at org.testng.internal.invokers.TestMethodWorker.invokeTestMethods(TestMethodWorker.java:148)
at org.testng.internal.invokers.TestMethodWorker.run(TestMethodWorker.java:128)
at java.base/java.util.ArrayList.forEach(ArrayList.java:1511)
at org.testng.TestRunner.privateRun(TestRunner.java:829)
at org.testng.TestRunner.run(TestRunner.java:602)
at org.testng.SuiteRunner.runTest(SuiteRunner.java:437)
at org.testng.SuiteRunner.runSequentially(SuiteRunner.java:431)
at org.testng.SuiteRunner.privateRun(SuiteRunner.java:391)
at org.testng.SuiteRunner.run(SuiteRunner.java:330)
at org.testng.SuiteRunnerWorker.runSuite(SuiteRunnerWorker.java:52)
at org.testng.SuiteRunnerWorker.run(SuiteRunnerWorker.java:95)
at org.testng.TestNG.runSuitesSequentially(TestNG.java:1256)
at org.testng.TestNG.runSuitesLocally(TestNG.java:1176)
at org.testng.TestNG.runSuites(TestNG.java:1099)
at org.testng.TestNG.run(TestNG.java:1067)
at org.apache.maven.surefire.testng.TestNGExecutor.run(TestNGExecutor.java:132)
at org.apache.maven.surefire.testng.TestNGDirectoryTestSuite.executeMulti(TestNGDirectoryTestSuite.java:193)
at org.apache.maven.surefire.testng.TestNGDirectoryTestSuite.execute(TestNGDirectoryTestSuite.java:94)
at org.apache.maven.surefire.testng.TestNGProvider.invoke(TestNGProvider.java:147)
at org.apache.maven.surefire.booter.ForkedBooter.invokeProviderInSameClassLoader(ForkedBooter.java:290)
at org.apache.maven.surefire.booter.ForkedBooter.runSuitesInProcess(ForkedBooter.java:242)
at org.apache.maven.surefire.booter.ForkedBooter.main(ForkedBooter.java:121)
]]>
    </failure>
  </testcase> <!-- getOkvedList -->
  <system-out/>
  <testcase classname="AutoTest.ClassifireIsAllRussianTest" name="getTnvedGuidNotExist" time="1.000"/>
  <system-out/>
  <testcase classname="AutoTest.ClassifireIsAllRussianTest" name="getOkpdGuidNotExist" time="0.985"/>
  <system-out/>
  <testcase classname="AutoTest.ClassifireIsAllRussianTest" name="getTnvedListStepIsEmpty" time="0.827"/>
  <system-out/>
  <testcase classname="AutoTest.ClassifireIsAllRussianTest" name="getOkvedListStepMaxPlus" time="1.002"/>
  <system-out/>
  <testcase classname="AutoTest.ClassifireIsAllRussianTest" name="getOkvedListStepMaxPlus" time="0.988"/>
  <system-out/>
  <testcase classname="AutoTest.ClassifireIsAllRussianTest" name="getOkopfListStepMaxPlus" time="0.986"/>
  <system-out/>
  <testcase classname="AutoTest.ClassifireIsAllRussianTest" name="getCurrencyListStepMaxPlus" time="1.000"/>
  <system-out/>
  <testcase classname="AutoTest.ClassifireIsAllRussianTest" name="getBankListStepMaxPlus" time="0.981"/>
  <system-out/>
  <testcase classname="AutoTest.ClassifireIsAllRussianTest" name="getCountryListStepMaxPlus" time="0.962"/>
  <system-out/>
  <testcase classname="AutoTest.ClassifireIsAllRussianTest" name="getBankGuidNotExist" time="0.935"/>
  <system-out/>
  <testcase classname="AutoTest.ClassifireIsAllRussianTest" name="getOkpdListStepMaxPlus" time="1.042"/>
  <system-out/>
  <testcase classname="AutoTest.ClassifireIsAllRussianTest" name="getRegionGuidNotExist" time="0.972"/>
  <system-out/>
  <testcase classname="AutoTest.ClassifireIsAllRussianTest" name="getOkopfListStepMaxPlus" time="0.857"/>
  <system-out/>
  <testcase classname="AutoTest.ClassifireIsAllRussianTest" name="getCurrencyListStepMaxPlus" time="0.982"/>
  <system-out/>
  <testcase classname="AutoTest.ClassifireIsAllRussianTest" name="getCountryListStepMaxPlus" time="1.032"/>
  <system-out/>
  <testcase classname="AutoTest.ClassifireIsAllRussianTest" name="getOkvedGuid" time="1.023"/>
  <system-out/>
  <testcase classname="AutoTest.ClassifireIsAllRussianTest" name="getTnvedListStepMaxPlus" time="0.996"/>
  <system-out/>
  <testcase classname="AutoTest.ClassifireIsAllRussianTest" name="getRegionListStepMaxPlus" time="3.990"/>
  <system-out/>
  <testcase classname="AutoTest.ClassifireIsAllRussianTest" name="getBankListStepMaxPlus" time="1.010"/>
  <system-out/>
  <testcase classname="AutoTest.ClassifireIsAllRussianTest" name="getOkopfListStepMaxPlus" time="1.166"/>
  <system-out/>
  <testcase classname="AutoTest.ClassifireIsAllRussianTest" name="getCurrencyListStepMaxPlus" time="0.998"/>
  <system-out/>
  <testcase classname="AutoTest.ClassifireIsAllRussianTest" name="getOkopfGuidNotExist" time="0.971"/>
  <system-out/>
  <testcase classname="AutoTest.ClassifireIsAllRussianTest" name="getCurrencyGuidNotExist" time="1.017"/>
  <system-out/>
  <testcase classname="AutoTest.ClassifireIsAllRussianTest" name="getOkvedGuidNotExist" time="0.928"/>
  <system-out/>
  <testcase classname="AutoTest.ClassifireIsAllRussianTest" name="getTnvedGuidNotExist" time="0.998"/>
  <system-out/>
  <testcase classname="AutoTest.ClassifireIsAllRussianTest" name="getBankListStepMaxPlus" time="0.997"/>
  <system-out/>
  <testcase classname="AutoTest.ClassifireIsAllRussianTest" name="getCountryListStepMaxPlus" time="0.945"/>
  <system-out/>
  <testcase classname="AutoTest.ClassifireIsAllRussianTest" name="getOkopfList" time="0.976"/>
  <system-out/>
  <testcase classname="AutoTest.ClassifireIsAllRussianTest" name="getCountryList" time="1.156"/>
  <system-out/>
  <testcase classname="AutoTest.ClassifireIsAllRussianTest" name="getOkpdList" time="1.120">
    <failure message="expected: &lt;17&gt; but was: &lt;199&gt;" type="org.opentest4j.AssertionFailedError">
      <![CDATA[org.opentest4j.AssertionFailedError: expected: <17> but was: <199>
at org.junit.jupiter.api.AssertionFailureBuilder.build(AssertionFailureBuilder.java:151)
at org.junit.jupiter.api.AssertionFailureBuilder.buildAndThrow(AssertionFailureBuilder.java:132)
at org.junit.jupiter.api.AssertEquals.failNotEqual(AssertEquals.java:197)
at org.junit.jupiter.api.AssertEquals.assertEquals(AssertEquals.java:150)
at org.junit.jupiter.api.AssertEquals.assertEquals(AssertEquals.java:145)
at org.junit.jupiter.api.Assertions.assertEquals(Assertions.java:528)
at AutoTest.ClassifireIsAllRussianTest.getOkpdList(ClassifireIsAllRussianTest.java:40)
at java.base/jdk.internal.reflect.DirectMethodHandleAccessor.invoke(DirectMethodHandleAccessor.java:104)
at java.base/java.lang.reflect.Method.invoke(Method.java:578)
at org.testng.internal.invokers.MethodInvocationHelper.invokeMethod(MethodInvocationHelper.java:139)
at org.testng.internal.invokers.TestInvoker.invokeMethod(TestInvoker.java:677)
at org.testng.internal.invokers.TestInvoker.invokeTestMethod(TestInvoker.java:221)
at org.testng.internal.invokers.MethodRunner.runInSequence(MethodRunner.java:50)
at org.testng.internal.invokers.TestInvoker$MethodInvocationAgent.invoke(TestInvoker.java:969)
at org.testng.internal.invokers.TestInvoker.invokeTestMethods(TestInvoker.java:194)
at org.testng.internal.invokers.TestMethodWorker.invokeTestMethods(TestMethodWorker.java:148)
at org.testng.internal.invokers.TestMethodWorker.run(TestMethodWorker.java:128)
at java.base/java.util.ArrayList.forEach(ArrayList.java:1511)
at org.testng.TestRunner.privateRun(TestRunner.java:829)
at org.testng.TestRunner.run(TestRunner.java:602)
at org.testng.SuiteRunner.runTest(SuiteRunner.java:437)
at org.testng.SuiteRunner.runSequentially(SuiteRunner.java:431)
at org.testng.SuiteRunner.privateRun(SuiteRunner.java:391)
at org.testng.SuiteRunner.run(SuiteRunner.java:330)
at org.testng.SuiteRunnerWorker.runSuite(SuiteRunnerWorker.java:52)
at org.testng.SuiteRunnerWorker.run(SuiteRunnerWorker.java:95)
at org.testng.TestNG.runSuitesSequentially(TestNG.java:1256)
at org.testng.TestNG.runSuitesLocally(TestNG.java:1176)
at org.testng.TestNG.runSuites(TestNG.java:1099)
at org.testng.TestNG.run(TestNG.java:1067)
at org.apache.maven.surefire.testng.TestNGExecutor.run(TestNGExecutor.java:132)
at org.apache.maven.surefire.testng.TestNGDirectoryTestSuite.executeMulti(TestNGDirectoryTestSuite.java:193)
at org.apache.maven.surefire.testng.TestNGDirectoryTestSuite.execute(TestNGDirectoryTestSuite.java:94)
at org.apache.maven.surefire.testng.TestNGProvider.invoke(TestNGProvider.java:147)
at org.apache.maven.surefire.booter.ForkedBooter.invokeProviderInSameClassLoader(ForkedBooter.java:290)
at org.apache.maven.surefire.booter.ForkedBooter.runSuitesInProcess(ForkedBooter.java:242)
at org.apache.maven.surefire.booter.ForkedBooter.main(ForkedBooter.java:121)
]]>
    </failure>
  </testcase> <!-- getOkpdList -->
  <system-out/>
  <testcase classname="AutoTest.ClassifireIsAllRussianTest" name="getCurrencyGuidNotExist" time="1.052"/>
  <system-out/>
  <testcase classname="AutoTest.ClassifireIsAllRussianTest" name="getBankListStepMaxPlus" time="1.000"/>
  <system-out/>
  <testcase classname="AutoTest.ClassifireIsAllRussianTest" name="getTnvedListStepMaxPlus" time="0.994"/>
  <system-out/>
  <testcase classname="AutoTest.ClassifireIsAllRussianTest" name="getRegionGuidNotExist" time="1.020"/>
  <system-out/>
  <testcase classname="AutoTest.ClassifireIsAllRussianTest" name="getTnvedListStepMaxPlus" time="0.994"/>
  <system-out/>
  <testcase classname="AutoTest.ClassifireIsAllRussianTest" name="getOkopfListStepMaxPlus" time="0.990"/>
  <system-out/>
  <testcase classname="AutoTest.ClassifireIsAllRussianTest" name="getRegionGuidNotExist" time="4.034"/>
  <system-out/>
  <testcase classname="AutoTest.ClassifireIsAllRussianTest" name="getOkpdListStepMaxPlus" time="0.997"/>
  <system-out/>
  <testcase classname="AutoTest.ClassifireIsAllRussianTest" name="getCountryListStepMaxPlus" time="1.865"/>
  <system-out/>
  <testcase classname="AutoTest.ClassifireIsAllRussianTest" name="getCurrencyGuidNotExist" time="1.010"/>
  <system-out/>
  <testcase classname="AutoTest.ClassifireIsAllRussianTest" name="getCountryList" time="0.835"/>
  <system-out/>
  <testcase classname="AutoTest.ClassifireIsAllRussianTest" name="getOkvedList" time="0.992">
    <failure message="1 expectation failed.
JSON path size() doesn&#039;t match.
Expected: is &lt;200&gt;
  Actual: &lt;16&gt;
" type="java.lang.AssertionError">
      <![CDATA[java.lang.AssertionError: 1 expectation failed.
JSON path size() doesn't match.
Expected: is <200>
  Actual: <16>

at java.base/jdk.internal.reflect.DirectConstructorHandleAccessor.newInstance(DirectConstructorHandleAccessor.java:67)
at java.base/java.lang.reflect.Constructor.newInstanceWithCaller(Constructor.java:500)
at java.base/java.lang.reflect.Constructor.newInstance(Constructor.java:484)
at org.codehaus.groovy.reflection.CachedConstructor.invoke(CachedConstructor.java:73)
at org.codehaus.groovy.runtime.callsite.ConstructorSite$ConstructorSiteNoUnwrapNoCoerce.callConstructor(ConstructorSite.java:108)
at org.codehaus.groovy.runtime.callsite.AbstractCallSite.callConstructor(AbstractCallSite.java:277)
at io.restassured.internal.ResponseSpecificationImpl$HamcrestAssertionClosure.validate(ResponseSpecificationImpl.groovy:512)
at io.restassured.internal.ResponseSpecificationImpl$HamcrestAssertionClosure$validate$1.call(Unknown Source)
at io.restassured.internal.ResponseSpecificationImpl.validateResponseIfRequired(ResponseSpecificationImpl.groovy:696)
at io.restassured.internal.ResponseSpecificationImpl.this$2$validateResponseIfRequired(ResponseSpecificationImpl.groovy)
at java.base/jdk.internal.reflect.DirectMethodHandleAccessor.invoke(DirectMethodHandleAccessor.java:104)
at java.base/java.lang.reflect.Method.invoke(Method.java:578)
at org.codehaus.groovy.runtime.callsite.PlainObjectMetaMethodSite.doInvoke(PlainObjectMetaMethodSite.java:43)
at org.codehaus.groovy.runtime.callsite.PogoMetaMethodSite$PogoCachedMethodSiteNoUnwrapNoCoerce.invoke(PogoMetaMethodSite.java:198)
at org.codehaus.groovy.runtime.callsite.PogoMetaMethodSite.callCurrent(PogoMetaMethodSite.java:62)
at org.codehaus.groovy.runtime.callsite.AbstractCallSite.callCurrent(AbstractCallSite.java:185)
at io.restassured.internal.ResponseSpecificationImpl.body(ResponseSpecificationImpl.groovy:270)
at io.restassured.specification.ResponseSpecification$body$2.callCurrent(Unknown Source)
at io.restassured.internal.ResponseSpecificationImpl.body(ResponseSpecificationImpl.groovy:117)
at io.restassured.internal.ValidatableResponseOptionsImpl.body(ValidatableResponseOptionsImpl.java:244)
at AutoTest.ClassifireIsAllRussianTest.getOkvedList(ClassifireIsAllRussianTest.java:124)
at java.base/jdk.internal.reflect.DirectMethodHandleAccessor.invoke(DirectMethodHandleAccessor.java:104)
at java.base/java.lang.reflect.Method.invoke(Method.java:578)
at org.testng.internal.invokers.MethodInvocationHelper.invokeMethod(MethodInvocationHelper.java:139)
at org.testng.internal.invokers.TestInvoker.invokeMethod(TestInvoker.java:677)
at org.testng.internal.invokers.TestInvoker.invokeTestMethod(TestInvoker.java:221)
at org.testng.internal.invokers.MethodRunner.runInSequence(MethodRunner.java:50)
at org.testng.internal.invokers.TestInvoker$MethodInvocationAgent.invoke(TestInvoker.java:969)
at org.testng.internal.invokers.TestInvoker.invokeTestMethods(TestInvoker.java:194)
at org.testng.internal.invokers.TestMethodWorker.invokeTestMethods(TestMethodWorker.java:148)
at org.testng.internal.invokers.TestMethodWorker.run(TestMethodWorker.java:128)
at java.base/java.util.ArrayList.forEach(ArrayList.java:1511)
at org.testng.TestRunner.privateRun(TestRunner.java:829)
at org.testng.TestRunner.run(TestRunner.java:602)
at org.testng.SuiteRunner.runTest(SuiteRunner.java:437)
at org.testng.SuiteRunner.runSequentially(SuiteRunner.java:431)
at org.testng.SuiteRunner.privateRun(SuiteRunner.java:391)
at org.testng.SuiteRunner.run(SuiteRunner.java:330)
at org.testng.SuiteRunnerWorker.runSuite(SuiteRunnerWorker.java:52)
at org.testng.SuiteRunnerWorker.run(SuiteRunnerWorker.java:95)
at org.testng.TestNG.runSuitesSequentially(TestNG.java:1256)
at org.testng.TestNG.runSuitesLocally(TestNG.java:1176)
at org.testng.TestNG.runSuites(TestNG.java:1099)
at org.testng.TestNG.run(TestNG.java:1067)
at org.apache.maven.surefire.testng.TestNGExecutor.run(TestNGExecutor.java:132)
at org.apache.maven.surefire.testng.TestNGDirectoryTestSuite.executeMulti(TestNGDirectoryTestSuite.java:193)
at org.apache.maven.surefire.testng.TestNGDirectoryTestSuite.execute(TestNGDirectoryTestSuite.java:94)
at org.apache.maven.surefire.testng.TestNGProvider.invoke(TestNGProvider.java:147)
at org.apache.maven.surefire.booter.ForkedBooter.invokeProviderInSameClassLoader(ForkedBooter.java:290)
at org.apache.maven.surefire.booter.ForkedBooter.runSuitesInProcess(ForkedBooter.java:242)
at org.apache.maven.surefire.booter.ForkedBooter.main(ForkedBooter.java:121)
]]>
    </failure>
  </testcase> <!-- getOkvedList -->
  <system-out/>
  <testcase classname="AutoTest.ClassifireIsAllRussianTest" name="getOkvedGuidNotExist" time="0.958"/>
  <system-out/>
  <testcase classname="AutoTest.ClassifireIsAllRussianTest" name="getBankListStepMaxPlus" time="1.000"/>
  <system-out/>
  <testcase classname="AutoTest.ClassifireIsAllRussianTest" name="getCurrencyGuidNotExist" time="1.043"/>
  <system-out/>
  <testcase classname="AutoTest.ClassifireIsAllRussianTest" name="getRegionListStepMaxPlus" time="0.885"/>
  <system-out/>
  <testcase classname="AutoTest.ClassifireIsAllRussianTest" name="getTnvedListStepMaxPlus" time="0.962"/>
  <system-out/>
  <testcase classname="AutoTest.ClassifireIsAllRussianTest" name="getBankList" time="1.033"/>
  <system-out/>
  <testcase classname="AutoTest.ClassifireIsAllRussianTest" name="getRegionGuidNotExist" time="0.990"/>
  <system-out/>
  <testcase classname="AutoTest.ClassifireIsAllRussianTest" name="getCurrencyListStepMaxPlus" time="0.973"/>
  <system-out/>
  <testcase classname="AutoTest.ClassifireIsAllRussianTest" name="getBankList" time="0.973"/>
  <system-out/>
  <testcase classname="AutoTest.ClassifireIsAllRussianTest" name="getBankGuid" time="0.470"/>
  <system-out/>
  <testcase classname="AutoTest.ClassifireIsAllRussianTest" name="getBankGuidNotExist" time="4.046"/>
  <system-out/>
  <testcase classname="AutoTest.ClassifireIsAllRussianTest" name="getBankListStepMaxPlus" time="0.860"/>
  <system-out/>
  <testcase classname="AutoTest.ClassifireIsAllRussianTest" name="getTnvedGuidNotExist" time="0.981"/>
  <system-out/>
  <testcase classname="AutoTest.ClassifireIsAllRussianTest" name="getTnvedListStepMaxPlus" time="0.978"/>
  <system-out/>
  <testcase classname="AutoTest.ClassifireIsAllRussianTest" name="getBankList" time="0.990"/>
  <system-out/>
  <testcase classname="AutoTest.ClassifireIsAllRussianTest" name="getRegionGuidNotExist" time="1.200"/>
  <system-out/>
  <testcase classname="AutoTest.ClassifireIsAllRussianTest" name="getOkvedListStepMaxPlus" time="1.001"/>
  <system-out/>
  <testcase classname="AutoTest.ClassifireIsAllRussianTest" name="getCountryListStepIsEmpty" time="0.971"/>
  <system-out/>
  <testcase classname="AutoTest.ClassifireIsAllRussianTest" name="getOkvedGuidNotExist" time="1.027"/>
  <system-out/>
  <testcase classname="AutoTest.ClassifireIsAllRussianTest" name="getTnvedList" time="0.951">
    <failure message="expected: &lt;18&gt; but was: &lt;100&gt;" type="org.opentest4j.AssertionFailedError">
      <![CDATA[org.opentest4j.AssertionFailedError: expected: <18> but was: <100>
at org.junit.jupiter.api.AssertionFailureBuilder.build(AssertionFailureBuilder.java:151)
at org.junit.jupiter.api.AssertionFailureBuilder.buildAndThrow(AssertionFailureBuilder.java:132)
at org.junit.jupiter.api.AssertEquals.failNotEqual(AssertEquals.java:197)
at org.junit.jupiter.api.AssertEquals.assertEquals(AssertEquals.java:150)
at org.junit.jupiter.api.AssertEquals.assertEquals(AssertEquals.java:145)
at org.junit.jupiter.api.Assertions.assertEquals(Assertions.java:528)
at AutoTest.ClassifireIsAllRussianTest.getTnvedList(ClassifireIsAllRussianTest.java:208)
at java.base/jdk.internal.reflect.DirectMethodHandleAccessor.invoke(DirectMethodHandleAccessor.java:104)
at java.base/java.lang.reflect.Method.invoke(Method.java:578)
at org.testng.internal.invokers.MethodInvocationHelper.invokeMethod(MethodInvocationHelper.java:139)
at org.testng.internal.invokers.TestInvoker.invokeMethod(TestInvoker.java:677)
at org.testng.internal.invokers.TestInvoker.invokeTestMethod(TestInvoker.java:221)
at org.testng.internal.invokers.MethodRunner.runInSequence(MethodRunner.java:50)
at org.testng.internal.invokers.TestInvoker$MethodInvocationAgent.invoke(TestInvoker.java:969)
at org.testng.internal.invokers.TestInvoker.invokeTestMethods(TestInvoker.java:194)
at org.testng.internal.invokers.TestMethodWorker.invokeTestMethods(TestMethodWorker.java:148)
at org.testng.internal.invokers.TestMethodWorker.run(TestMethodWorker.java:128)
at java.base/java.util.ArrayList.forEach(ArrayList.java:1511)
at org.testng.TestRunner.privateRun(TestRunner.java:829)
at org.testng.TestRunner.run(TestRunner.java:602)
at org.testng.SuiteRunner.runTest(SuiteRunner.java:437)
at org.testng.SuiteRunner.runSequentially(SuiteRunner.java:431)
at org.testng.SuiteRunner.privateRun(SuiteRunner.java:391)
at org.testng.SuiteRunner.run(SuiteRunner.java:330)
at org.testng.SuiteRunnerWorker.runSuite(SuiteRunnerWorker.java:52)
at org.testng.SuiteRunnerWorker.run(SuiteRunnerWorker.java:95)
at org.testng.TestNG.runSuitesSequentially(TestNG.java:1256)
at org.testng.TestNG.runSuitesLocally(TestNG.java:1176)
at org.testng.TestNG.runSuites(TestNG.java:1099)
at org.testng.TestNG.run(TestNG.java:1067)
at org.apache.maven.surefire.testng.TestNGExecutor.run(TestNGExecutor.java:132)
at org.apache.maven.surefire.testng.TestNGDirectoryTestSuite.executeMulti(TestNGDirectoryTestSuite.java:193)
at org.apache.maven.surefire.testng.TestNGDirectoryTestSuite.execute(TestNGDirectoryTestSuite.java:94)
at org.apache.maven.surefire.testng.TestNGProvider.invoke(TestNGProvider.java:147)
at org.apache.maven.surefire.booter.ForkedBooter.invokeProviderInSameClassLoader(ForkedBooter.java:290)
at org.apache.maven.surefire.booter.ForkedBooter.runSuitesInProcess(ForkedBooter.java:242)
at org.apache.maven.surefire.booter.ForkedBooter.main(ForkedBooter.java:121)
]]>
    </failure>
  </testcase> <!-- getTnvedList -->
  <system-out/>
  <testcase classname="AutoTest.ClassifireIsAllRussianTest" name="getOkopfGuidNotExist" time="1.173"/>
  <system-out/>
  <testcase classname="AutoTest.ClassifireIsAllRussianTest" name="getTnvedListStepMaxPlus" time="0.973"/>
  <system-out/>
  <testcase classname="AutoTest.ClassifireIsAllRussianTest" name="getCountryListStepMaxPlus" time="0.973"/>
  <system-out/>
  <testcase classname="AutoTest.ClassifireIsAllRussianTest" name="getRegionListStepMaxPlus" time="1.101"/>
  <system-out/>
  <testcase classname="AutoTest.ClassifireIsAllRussianTest" name="getOkopfGuidNotExist" time="1.005"/>
  <system-out/>
  <testcase classname="AutoTest.ClassifireIsAllRussianTest" name="getRegionList" time="0.964"/>
  <system-out/>
  <testcase classname="AutoTest.ClassifireIsAllRussianTest" name="getCurrencyList" time="0.990"/>
  <system-out/>
  <testcase classname="AutoTest.ClassifireIsAllRussianTest" name="getCountryListStepMaxPlus" time="1.004"/>
  <system-out/>
  <testcase classname="AutoTest.ClassifireIsAllRussianTest" name="getRegionList" time="1.068"/>
  <system-out/>
  <testcase classname="AutoTest.ClassifireIsAllRussianTest" name="getRegionListStepMaxPlus" time="0.886"/>
  <system-out/>
  <testcase classname="AutoTest.ClassifireIsAllRussianTest" name="getCountryGuidNotExist" time="1.006"/>
  <system-out/>
  <testcase classname="AutoTest.ClassifireIsAllRussianTest" name="getCurrencyGuidNotExist" time="0.990"/>
  <system-out/>
  <testcase classname="AutoTest.ClassifireIsAllRussianTest" name="getCountryList" time="1.033"/>
  <system-out/>
  <testcase classname="AutoTest.ClassifireIsAllRussianTest" name="getRegionGuidNotExist" time="1.068"/>
  <system-out/>
  <testcase classname="AutoTest.ClassifireIsAllRussianTest" name="getOkpdListStepMaxPlus" time="1.000"/>
  <system-out/>
  <testcase classname="AutoTest.ClassifireIsAllRussianTest" name="getTnvedList" time="1.020"/>
  <system-out/>
  <testcase classname="AutoTest.ClassifireIsAllRussianTest" name="getBankGuidNotExist" time="0.966"/>
  <system-out/>
  <testcase classname="AutoTest.ClassifireIsAllRussianTest" name="getCurrencyList" time="1.014"/>
  <system-out/>
  <testcase classname="AutoTest.ClassifireIsAllRussianTest" name="getRegionGuidNotExist" time="0.986"/>
  <system-out/>
  <testcase classname="AutoTest.ClassifireIsAllRussianTest" name="getOkvedList" time="1.013">
    <failure message="1 expectation failed.
JSON path size() doesn&#039;t match.
Expected: is &lt;199&gt;
  Actual: &lt;16&gt;
" type="java.lang.AssertionError">
      <![CDATA[java.lang.AssertionError: 1 expectation failed.
JSON path size() doesn't match.
Expected: is <199>
  Actual: <16>

at java.base/jdk.internal.reflect.DirectConstructorHandleAccessor.newInstance(DirectConstructorHandleAccessor.java:67)
at java.base/java.lang.reflect.Constructor.newInstanceWithCaller(Constructor.java:500)
at java.base/java.lang.reflect.Constructor.newInstance(Constructor.java:484)
at org.codehaus.groovy.reflection.CachedConstructor.invoke(CachedConstructor.java:73)
at org.codehaus.groovy.runtime.callsite.ConstructorSite$ConstructorSiteNoUnwrapNoCoerce.callConstructor(ConstructorSite.java:108)
at org.codehaus.groovy.runtime.callsite.AbstractCallSite.callConstructor(AbstractCallSite.java:277)
at io.restassured.internal.ResponseSpecificationImpl$HamcrestAssertionClosure.validate(ResponseSpecificationImpl.groovy:512)
at io.restassured.internal.ResponseSpecificationImpl$HamcrestAssertionClosure$validate$1.call(Unknown Source)
at io.restassured.internal.ResponseSpecificationImpl.validateResponseIfRequired(ResponseSpecificationImpl.groovy:696)
at io.restassured.internal.ResponseSpecificationImpl.this$2$validateResponseIfRequired(ResponseSpecificationImpl.groovy)
at java.base/jdk.internal.reflect.DirectMethodHandleAccessor.invoke(DirectMethodHandleAccessor.java:104)
at java.base/java.lang.reflect.Method.invoke(Method.java:578)
at org.codehaus.groovy.runtime.callsite.PlainObjectMetaMethodSite.doInvoke(PlainObjectMetaMethodSite.java:43)
at org.codehaus.groovy.runtime.callsite.PogoMetaMethodSite$PogoCachedMethodSiteNoUnwrapNoCoerce.invoke(PogoMetaMethodSite.java:198)
at org.codehaus.groovy.runtime.callsite.PogoMetaMethodSite.callCurrent(PogoMetaMethodSite.java:62)
at org.codehaus.groovy.runtime.callsite.AbstractCallSite.callCurrent(AbstractCallSite.java:185)
at io.restassured.internal.ResponseSpecificationImpl.body(ResponseSpecificationImpl.groovy:270)
at io.restassured.specification.ResponseSpecification$body$2.callCurrent(Unknown Source)
at io.restassured.internal.ResponseSpecificationImpl.body(ResponseSpecificationImpl.groovy:117)
at io.restassured.internal.ValidatableResponseOptionsImpl.body(ValidatableResponseOptionsImpl.java:244)
at AutoTest.ClassifireIsAllRussianTest.getOkvedList(ClassifireIsAllRussianTest.java:124)
at java.base/jdk.internal.reflect.DirectMethodHandleAccessor.invoke(DirectMethodHandleAccessor.java:104)
at java.base/java.lang.reflect.Method.invoke(Method.java:578)
at org.testng.internal.invokers.MethodInvocationHelper.invokeMethod(MethodInvocationHelper.java:139)
at org.testng.internal.invokers.TestInvoker.invokeMethod(TestInvoker.java:677)
at org.testng.internal.invokers.TestInvoker.invokeTestMethod(TestInvoker.java:221)
at org.testng.internal.invokers.MethodRunner.runInSequence(MethodRunner.java:50)
at org.testng.internal.invokers.TestInvoker$MethodInvocationAgent.invoke(TestInvoker.java:969)
at org.testng.internal.invokers.TestInvoker.invokeTestMethods(TestInvoker.java:194)
at org.testng.internal.invokers.TestMethodWorker.invokeTestMethods(TestMethodWorker.java:148)
at org.testng.internal.invokers.TestMethodWorker.run(TestMethodWorker.java:128)
at java.base/java.util.ArrayList.forEach(ArrayList.java:1511)
at org.testng.TestRunner.privateRun(TestRunner.java:829)
at org.testng.TestRunner.run(TestRunner.java:602)
at org.testng.SuiteRunner.runTest(SuiteRunner.java:437)
at org.testng.SuiteRunner.runSequentially(SuiteRunner.java:431)
at org.testng.SuiteRunner.privateRun(SuiteRunner.java:391)
at org.testng.SuiteRunner.run(SuiteRunner.java:330)
at org.testng.SuiteRunnerWorker.runSuite(SuiteRunnerWorker.java:52)
at org.testng.SuiteRunnerWorker.run(SuiteRunnerWorker.java:95)
at org.testng.TestNG.runSuitesSequentially(TestNG.java:1256)
at org.testng.TestNG.runSuitesLocally(TestNG.java:1176)
at org.testng.TestNG.runSuites(TestNG.java:1099)
at org.testng.TestNG.run(TestNG.java:1067)
at org.apache.maven.surefire.testng.TestNGExecutor.run(TestNGExecutor.java:132)
at org.apache.maven.surefire.testng.TestNGDirectoryTestSuite.executeMulti(TestNGDirectoryTestSuite.java:193)
at org.apache.maven.surefire.testng.TestNGDirectoryTestSuite.execute(TestNGDirectoryTestSuite.java:94)
at org.apache.maven.surefire.testng.TestNGProvider.invoke(TestNGProvider.java:147)
at org.apache.maven.surefire.booter.ForkedBooter.invokeProviderInSameClassLoader(ForkedBooter.java:290)
at org.apache.maven.surefire.booter.ForkedBooter.runSuitesInProcess(ForkedBooter.java:242)
at org.apache.maven.surefire.booter.ForkedBooter.main(ForkedBooter.java:121)
]]>
    </failure>
  </testcase> <!-- getOkvedList -->
  <system-out/>
  <testcase classname="AutoTest.ClassifireIsAllRussianTest" name="getBankListStepMaxPlus" time="0.975"/>
  <system-out/>
  <testcase classname="AutoTest.ClassifireIsAllRussianTest" name="getCurrencyListStepMaxPlus" time="1.056"/>
  <system-out/>
  <testcase classname="AutoTest.ClassifireIsAllRussianTest" name="getCountryList" time="1.025"/>
  <system-out/>
  <testcase classname="AutoTest.ClassifireIsAllRussianTest" name="getCurrencyGuidNotExist" time="0.982"/>
  <system-out/>
  <testcase classname="AutoTest.ClassifireIsAllRussianTest" name="getOkopfGuidNotExist" time="0.989"/>
  <system-out/>
  <testcase classname="AutoTest.ClassifireIsAllRussianTest" name="getCountryGuid" time="1.084"/>
  <system-out/>
  <testcase classname="AutoTest.ClassifireIsAllRussianTest" name="getOkopfList" time="1.070"/>
  <system-out/>
  <testcase classname="AutoTest.ClassifireIsAllRussianTest" name="getOkvedListStepMaxPlus" time="0.716"/>
  <system-out/>
  <testcase classname="AutoTest.ClassifireIsAllRussianTest" name="getCurrencyGuidNotExist" time="0.967"/>
  <system-out/>
  <testcase classname="AutoTest.ClassifireIsAllRussianTest" name="getRegionGuidNotExist" time="0.952"/>
  <system-out/>
  <testcase classname="AutoTest.ClassifireIsAllRussianTest" name="getOkpdGuidNotExist" time="1.014"/>
  <system-out/>
  <testcase classname="AutoTest.ClassifireIsAllRussianTest" name="getOkpdListStepMaxPlus" time="0.995"/>
  <system-out/>
  <testcase classname="AutoTest.ClassifireIsAllRussianTest" name="getCurrencyListStepMaxPlus" time="0.928"/>
  <system-out/>
  <testcase classname="AutoTest.ClassifireIsAllRussianTest" name="getRegionListStepMaxPlus" time="1.041"/>
  <system-out/>
  <testcase classname="AutoTest.ClassifireIsAllRussianTest" name="getTnvedGuidNotExist" time="1.030"/>
  <system-out/>
  <testcase classname="AutoTest.ClassifireIsAllRussianTest" name="getBankGuidNotExist" time="0.961"/>
  <system-out/>
  <testcase classname="AutoTest.ClassifireIsAllRussianTest" name="getOkpdGuidNotExist" time="0.956"/>
  <system-out/>
  <testcase classname="AutoTest.ClassifireIsAllRussianTest" name="getOkopfListStepMaxPlus" time="1.008"/>
  <system-out/>
  <testcase classname="AutoTest.ClassifireIsAllRussianTest" name="getOkpdListStepMaxPlus" time="0.977"/>
  <system-out/>
  <testcase classname="AutoTest.ClassifireIsAllRussianTest" name="getCurrencyListStepMaxPlus" time="1.025"/>
  <system-out/>
  <testcase classname="AutoTest.ClassifireIsAllRussianTest" name="getOkvedList" time="1.035"/>
  <system-out/>
  <testcase classname="AutoTest.ClassifireIsAllRussianTest" name="getOkopfListStepMaxPlus" time="1.041"/>
  <system-out/>
  <testcase classname="AutoTest.ClassifireIsAllRussianTest" name="getOkpdListStepIsEmpty" time="1.001"/>
  <system-out/>
  <testcase classname="AutoTest.ClassifireIsAllRussianTest" name="getCountryListStepMaxPlus" time="1.019"/>
  <system-out/>
  <testcase classname="AutoTest.ClassifireIsAllRussianTest" name="getCurrencyListStepMaxPlus" time="1.013"/>
  <system-out/>
  <testcase classname="AutoTest.ClassifireIsAllRussianTest" name="getOkvedList" time="0.985"/>
  <system-out/>
  <testcase classname="AutoTest.ClassifireIsAllRussianTest" name="getOkvedGuidNotExist" time="1.018"/>
  <system-out/>
  <testcase classname="AutoTest.ClassifireIsAllRussianTest" name="getOkvedListStepMaxPlus" time="0.986"/>
  <system-out/>
  <testcase classname="AutoTest.ClassifireIsAllRussianTest" name="getOkopfList" time="1.026"/>
  <system-out/>
  <testcase classname="AutoTest.ClassifireIsAllRussianTest" name="getCurrencyGuidNotExist" time="0.963"/>
  <system-out/>
  <testcase classname="AutoTest.ClassifireIsAllRussianTest" name="getTnvedListStepMaxPlus" time="0.979"/>
  <system-out/>
  <testcase classname="AutoTest.ClassifireIsAllRussianTest" name="getBankListStepMaxPlus" time="1.022"/>
  <system-out/>
  <testcase classname="AutoTest.ClassifireIsAllRussianTest" name="getOkvedListStepMaxPlus" time="0.990"/>
  <system-out/>
  <testcase classname="AutoTest.ClassifireIsAllRussianTest" name="getRegionList" time="1.042"/>
  <system-out/>
  <testcase classname="AutoTest.ClassifireIsAllRussianTest" name="getCountryList" time="0.979"/>
  <system-out/>
  <testcase classname="AutoTest.ClassifireIsAllRussianTest" name="getOkopfList" time="0.978"/>
  <system-out/>
  <testcase classname="AutoTest.ClassifireIsAllRussianTest" name="getOkpdGuidNotExist" time="0.996"/>
  <system-out/>
  <testcase classname="AutoTest.ClassifireIsAllRussianTest" name="getRegionListStepMaxPlus" time="1.083"/>
  <system-out/>
  <testcase classname="AutoTest.ClassifireIsAllRussianTest" name="getRegionListStepMaxPlus" time="1.027"/>
  <system-out/>
  <testcase classname="AutoTest.ClassifireIsAllRussianTest" name="getOkpdList" time="1.082"/>
  <system-out/>
  <testcase classname="AutoTest.ClassifireIsAllRussianTest" name="getTnvedList" time="0.987"/>
  <system-out/>
  <testcase classname="AutoTest.ClassifireIsAllRussianTest" name="getBankGuidNotExist" time="0.999"/>
  <system-out/>
</testsuite> <!-- AutoTest.ClassifireIsAllRussianTest -->
