<?xml version="1.0" encoding="UTF-8"?>
<!-- Generated by org.testng.reporters.JUnitReportReporter -->
<testsuite hostname="DESKTOP-EKIHJ54" failures="0" tests="71" name="AutoTest.NomenclatureTest" time="276.754" errors="0" timestamp="2024-02-05T09:00:35 MSK" skipped="0">
  <testcase classname="AutoTest.NomenclatureTest" name="getNomenclatureSearchNegative" time="1.079"/>
  <system-out/>
  <testcase classname="AutoTest.NomenclatureTest" name="getNomenclatureSearchDataProviderServiceIsAbsent" time="2.971"/>
  <system-out/>
  <testcase classname="AutoTest.NomenclatureTest" name="getNomenclatureSearchNegative" time="1.031"/>
  <system-out/>
  <testcase classname="AutoTest.NomenclatureTest" name="getNomenclatureSearchNegative" time="0.842"/>
  <system-out/>
  <testcase classname="AutoTest.NomenclatureTest" name="getNomenclatureSearchBodyIsEmpty" time="4.429"/>
  <system-out/>
  <testcase classname="AutoTest.NomenclatureTest" name="getNomenclatureSearchDataProviderService" time="1.092"/>
  <system-out/>
  <testcase classname="AutoTest.NomenclatureTest" name="getNomenclatureSearchNegativeSte" time="0.906"/>
  <system-out/>
  <testcase classname="AutoTest.NomenclatureTest" name="getNomenclatureSearchDataProviderServiceIsAbsent" time="7.112"/>
  <system-out/>
  <testcase classname="AutoTest.NomenclatureTest" name="getNomenclatureSearchNegative" time="1.010"/>
  <system-out/>
  <testcase classname="AutoTest.NomenclatureTest" name="getNomenclatureSearchNegative" time="0.987"/>
  <system-out/>
  <testcase classname="AutoTest.NomenclatureTest" name="getNomenclatureSearchDataProviderServiceIsAbsent" time="3.615"/>
  <system-out/>
  <testcase classname="AutoTest.NomenclatureTest" name="getNomenclatureSearchDataProviderService" time="3.030"/>
  <system-out/>
  <testcase classname="AutoTest.NomenclatureTest" name="getNomenclatureSearchNegative" time="0.975"/>
  <system-out/>
  <testcase classname="AutoTest.NomenclatureTest" name="getNomenclatureGuidDataProvider" time="0.375"/>
  <system-out/>
  <testcase classname="AutoTest.NomenclatureTest" name="getNomenclatureSearchNegative" time="0.994"/>
  <system-out/>
  <testcase classname="AutoTest.NomenclatureTest" name="getNomenclatureSearchNegativeSte" time="0.979"/>
  <system-out/>
  <testcase classname="AutoTest.NomenclatureTest" name="getNomenclatureSearchBodyIsEmpty" time="1.950"/>
  <system-out/>
  <testcase classname="AutoTest.NomenclatureTest" name="getNomenclatureSearchBodyIsEmpty" time="2.072"/>
  <system-out/>
  <testcase classname="AutoTest.NomenclatureTest" name="getNomenclatureSearchNegative" time="1.049"/>
  <system-out/>
  <testcase classname="AutoTest.NomenclatureTest" name="getNomenclatureSearchBodyIsEmpty" time="0.923"/>
  <system-out/>
  <testcase classname="AutoTest.NomenclatureTest" name="getNomenclatureSearchBodyIsEmpty" time="3.139"/>
  <system-out/>
  <testcase classname="AutoTest.NomenclatureTest" name="getNomenclatureSearchBodyIsEmpty" time="3.604"/>
  <system-out/>
  <testcase classname="AutoTest.NomenclatureTest" name="getNomenclatureSearchNegativeSte" time="1.015"/>
  <system-out/>
  <testcase classname="AutoTest.NomenclatureTest" name="getNomenclatureSearchNegative" time="1.074"/>
  <system-out/>
  <testcase classname="AutoTest.NomenclatureTest" name="getNomenclatureSearchNegativeSte" time="0.967"/>
  <system-out/>
  <testcase classname="AutoTest.NomenclatureTest" name="getNomenclatureSearchDataProviderServiceIsAbsent" time="1.271"/>
  <system-out/>
  <testcase classname="AutoTest.NomenclatureTest" name="getNomenclatureSearchBodyIsEmpty" time="0.891"/>
  <system-out/>
  <testcase classname="AutoTest.NomenclatureTest" name="getNomenclatureSearchDataProviderService" time="8.220"/>
  <system-out/>
  <testcase classname="AutoTest.NomenclatureTest" name="getNomenclatureSearchDataProviderService" time="131.880"/>
  <system-out/>
  <testcase classname="AutoTest.NomenclatureTest" name="getNomenclatureGuidDataProvider" time="0.976"/>
  <system-out/>
  <testcase classname="AutoTest.NomenclatureTest" name="getNomenclatureSearchDataProviderService" time="4.274"/>
  <system-out/>
  <testcase classname="AutoTest.NomenclatureTest" name="getNomenclatureGuidDataProvider" time="0.921"/>
  <system-out/>
  <testcase classname="AutoTest.NomenclatureTest" name="getNomenclatureGuidDataProvider" time="0.982"/>
  <system-out/>
  <testcase classname="AutoTest.NomenclatureTest" name="getNomenclatureSearchDataProviderService" time="8.467"/>
  <system-out/>
  <testcase classname="AutoTest.NomenclatureTest" name="getNomenclatureGuid" time="1.051"/>
  <system-out/>
  <testcase classname="AutoTest.NomenclatureTest" name="getNomenclatureGuidDataProvider" time="0.996"/>
  <system-out/>
  <testcase classname="AutoTest.NomenclatureTest" name="getNomenclatureSearchBodyIsEmpty" time="2.012"/>
  <system-out/>
  <testcase classname="AutoTest.NomenclatureTest" name="getNomenclatureSearchDataProviderServiceIsAbsent" time="6.430"/>
  <system-out/>
  <testcase classname="AutoTest.NomenclatureTest" name="getNomenclatureSearchBodyIsEmpty" time="5.759"/>
  <system-out/>
  <testcase classname="AutoTest.NomenclatureTest" name="getNomenclatureSearchBodyIsEmpty" time="1.878"/>
  <system-out/>
  <testcase classname="AutoTest.NomenclatureTest" name="getNomenclatureSearchNegative" time="0.961"/>
  <system-out/>
  <testcase classname="AutoTest.NomenclatureTest" name="getNomenclatureGuidDataProvider" time="0.975"/>
  <system-out/>
  <testcase classname="AutoTest.NomenclatureTest" name="getNomenclatureSearchNegativeSte" time="1.087"/>
  <system-out/>
  <testcase classname="AutoTest.NomenclatureTest" name="getNomenclatureSearchNegative" time="0.958"/>
  <system-out/>
  <testcase classname="AutoTest.NomenclatureTest" name="getNomenclatureSearchNegative" time="0.613"/>
  <system-out/>
  <testcase classname="AutoTest.NomenclatureTest" name="getNomenclatureSearchNegative" time="1.317"/>
  <system-out/>
  <testcase classname="AutoTest.NomenclatureTest" name="getNomenclatureGuidDataProvider" time="1.146"/>
  <system-out/>
  <testcase classname="AutoTest.NomenclatureTest" name="getNomenclatureGuidDataProvider" time="1.648"/>
  <system-out/>
  <testcase classname="AutoTest.NomenclatureTest" name="getNomenclatureSearchNegativeSte" time="0.986"/>
  <system-out/>
  <testcase classname="AutoTest.NomenclatureTest" name="getNomenclatureSearchNegativeSte" time="1.023"/>
  <system-out/>
  <testcase classname="AutoTest.NomenclatureTest" name="getNomenclatureSearchNegative" time="1.006"/>
  <system-out/>
  <testcase classname="AutoTest.NomenclatureTest" name="getNomenclatureSearchDataProviderService" time="3.858"/>
  <system-out/>
  <testcase classname="AutoTest.NomenclatureTest" name="getNomenclatureSearchNegative" time="0.865"/>
  <system-out/>
  <testcase classname="AutoTest.NomenclatureTest" name="getNomenclatureSearchDataProviderServiceIsAbsent" time="4.269"/>
  <system-out/>
  <testcase classname="AutoTest.NomenclatureTest" name="getNomenclatureSearchBodyIsEmpty" time="2.510"/>
  <system-out/>
  <testcase classname="AutoTest.NomenclatureTest" name="getNomenclatureGuidDataProvider" time="0.961"/>
  <system-out/>
  <testcase classname="AutoTest.NomenclatureTest" name="getNomenclatureSearchNegativeSte" time="0.974"/>
  <system-out/>
  <testcase classname="AutoTest.NomenclatureTest" name="getNomenclatureSearchBodyIsEmpty" time="3.314"/>
  <system-out/>
  <testcase classname="AutoTest.NomenclatureTest" name="getNomenclatureSearchNegative" time="1.051"/>
  <system-out/>
  <testcase classname="AutoTest.NomenclatureTest" name="getNomenclatureSearchNegative" time="0.902"/>
  <system-out/>
  <testcase classname="AutoTest.NomenclatureTest" name="getNomenclatureSearchDataProviderServiceIsAbsent" time="1.114"/>
  <system-out/>
  <testcase classname="AutoTest.NomenclatureTest" name="getNomenclatureSearchNegative" time="1.140"/>
  <system-out/>
  <testcase classname="AutoTest.NomenclatureTest" name="getNomenclatureSearchBodyIsEmpty" time="2.035"/>
  <system-out/>
  <testcase classname="AutoTest.NomenclatureTest" name="getNomenclatureSearchBodyIsEmpty" time="2.015"/>
  <system-out/>
  <testcase classname="AutoTest.NomenclatureTest" name="getNomenclatureSearchBodyIsEmpty" time="4.667"/>
  <system-out/>
  <testcase classname="AutoTest.NomenclatureTest" name="getNomenclatureGuidDataProvider" time="0.961"/>
  <system-out/>
  <testcase classname="AutoTest.NomenclatureTest" name="getNomenclatureSearchType1" time="7.234"/>
  <system-out/>
  <testcase classname="AutoTest.NomenclatureTest" name="getNomenclatureSearchNegative" time="0.955"/>
  <system-out/>
  <testcase classname="AutoTest.NomenclatureTest" name="getNomenclatureSearchNegative" time="1.020"/>
  <system-out/>
  <testcase classname="AutoTest.NomenclatureTest" name="getNomenclatureGuidDataProvider" time="1.115"/>
  <system-out/>
  <testcase classname="AutoTest.NomenclatureTest" name="getNomenclatureSearchNegative" time="0.846"/>
  <system-out/>
</testsuite> <!-- AutoTest.NomenclatureTest -->
