<?xml version="1.0" encoding="UTF-8"?>
<!-- Generated by org.testng.reporters.JUnitReportReporter -->
<testsuite hostname="DESKTOP-EKIHJ54" failures="0" tests="61" name="AutoTest.NomenclatureTest" time="65.934" errors="0" timestamp="2023-10-30T13:00:31 MSK" skipped="0">
  <testcase classname="AutoTest.NomenclatureTest" name="getNomenclatureSearchDataProvider" time="1.447"/>
  <system-out/>
  <testcase classname="AutoTest.NomenclatureTest" name="getBasicServicesGuidDataProvider" time="0.957"/>
  <system-out/>
  <testcase classname="AutoTest.NomenclatureTest" name="getNomenclatureSearchBodyIsEmpty2" time="0.986"/>
  <system-out/>
  <testcase classname="AutoTest.NomenclatureTest" name="getBasicServicesGuidDataProvider" time="0.980"/>
  <system-out/>
  <testcase classname="AutoTest.NomenclatureTest" name="getNomenclatureSearchDataProvider" time="1.015"/>
  <system-out/>
  <testcase classname="AutoTest.NomenclatureTest" name="getNomenclatureSearchBodyIsEmpty1" time="0.978"/>
  <system-out/>
  <testcase classname="AutoTest.NomenclatureTest" name="getNomenclatureGuidDataProvider" time="1.039"/>
  <system-out/>
  <testcase classname="AutoTest.NomenclatureTest" name="getBasicServicesGuidDataProvider" time="1.003"/>
  <system-out/>
  <testcase classname="AutoTest.NomenclatureTest" name="getNomenclatureSearchTypeMaxInteger" time="1.110"/>
  <system-out/>
  <testcase classname="AutoTest.NomenclatureTest" name="getNomenclatureSearchBodyIsEmpty4" time="1.028"/>
  <system-out/>
  <testcase classname="AutoTest.NomenclatureTest" name="getBasicServicesGuidDataProvider" time="0.865"/>
  <system-out/>
  <testcase classname="AutoTest.NomenclatureTest" name="getBasicServicesGuidDataProvider" time="1.001"/>
  <system-out/>
  <testcase classname="AutoTest.NomenclatureTest" name="getBasicServicesGuid" time="1.046"/>
  <system-out/>
  <testcase classname="AutoTest.NomenclatureTest" name="getNomenclatureSearchType3Step4" time="0.989"/>
  <system-out/>
  <testcase classname="AutoTest.NomenclatureTest" name="getNomenclatureSearchTypeIsEmpty" time="1.001"/>
  <system-out/>
  <testcase classname="AutoTest.NomenclatureTest" name="getNomenclatureSearchBodyIsEmpty" time="1.142"/>
  <system-out/>
  <testcase classname="AutoTest.NomenclatureTest" name="getNomenclatureGuidDataProvider" time="0.987"/>
  <system-out/>
  <testcase classname="AutoTest.NomenclatureTest" name="getNomenclatureGuidDataProvider" time="0.924"/>
  <system-out/>
  <testcase classname="AutoTest.NomenclatureTest" name="getNomenclatureSearchType3_TwoObjects" time="1.078"/>
  <system-out/>
  <testcase classname="AutoTest.NomenclatureTest" name="getNomenclatureSearchType4" time="1.089"/>
  <system-out/>
  <testcase classname="AutoTest.NomenclatureTest" name="getNomenclatureSearchBodyIsEmpty5" time="0.955"/>
  <system-out/>
  <testcase classname="AutoTest.NomenclatureTest" name="getNomenclatureSearchDataProvider" time="1.083"/>
  <system-out/>
  <testcase classname="AutoTest.NomenclatureTest" name="getNomenclatureGuidDataProvider" time="1.116"/>
  <system-out/>
  <testcase classname="AutoTest.NomenclatureTest" name="getNomenclatureGuidDataProvider" time="1.022"/>
  <system-out/>
  <testcase classname="AutoTest.NomenclatureTest" name="getNomenclatureSearchDataIsEmpty" time="1.004"/>
  <system-out/>
  <testcase classname="AutoTest.NomenclatureTest" name="getNomenclatureGuidTest" time="0.866"/>
  <system-out/>
  <testcase classname="AutoTest.NomenclatureTest" name="getNomenclatureSearchSpacies" time="0.309"/>
  <system-out/>
  <testcase classname="AutoTest.NomenclatureTest" name="getNomenclatureSearchType5Step4" time="0.659"/>
  <system-out/>
  <testcase classname="AutoTest.NomenclatureTest" name="getNomenclatureGuidDataProvider" time="0.951"/>
  <system-out/>
  <testcase classname="AutoTest.NomenclatureTest" name="getNomenclatureSearchType" time="0.978"/>
  <system-out/>
  <testcase classname="AutoTest.NomenclatureTest" name="getNomenclatureGuidDataProvider" time="0.989"/>
  <system-out/>
  <testcase classname="AutoTest.NomenclatureTest" name="getBasicServicesGuidDataProvider" time="1.012"/>
  <system-out/>
  <testcase classname="AutoTest.NomenclatureTest" name="getNomenclatureSearchStepZero" time="0.998"/>
  <system-out/>
  <testcase classname="AutoTest.NomenclatureTest" name="getNomenclatureSearchSpecialSymbols" time="0.999"/>
  <system-out/>
  <testcase classname="AutoTest.NomenclatureTest" name="getNomenclatureSearchBodyIsEmpty3" time="0.995"/>
  <system-out/>
  <testcase classname="AutoTest.NomenclatureTest" name="getNomenclatureSearchTypeMinMinus" time="0.906"/>
  <system-out/>
  <testcase classname="AutoTest.NomenclatureTest" name="getNomenclatureSearchSpecialSymbolsString" time="1.001"/>
  <system-out/>
  <testcase classname="AutoTest.NomenclatureTest" name="getNomenclatureSearchStep201" time="1.027"/>
  <system-out/>
  <testcase classname="AutoTest.NomenclatureTest" name="getNomenclatureSearchTypePositiveDouble" time="0.989"/>
  <system-out/>
  <testcase classname="AutoTest.NomenclatureTest" name="getBasicServicesGuidDataProvider" time="0.992"/>
  <system-out/>
  <testcase classname="AutoTest.NomenclatureTest" name="getNomenclatureSearch" time="2.908"/>
  <system-out/>
  <testcase classname="AutoTest.NomenclatureTest" name="getNomenclatureGuidDataProvider" time="0.963"/>
  <system-out/>
  <testcase classname="AutoTest.NomenclatureTest" name="getBasicServicesGuidDataProvider" time="1.006"/>
  <system-out/>
  <testcase classname="AutoTest.NomenclatureTest" name="getNomenclatureSearchStep201Double" time="1.057"/>
  <system-out/>
  <testcase classname="AutoTest.NomenclatureTest" name="getNomenclatureSearchType1" time="2.945"/>
  <system-out/>
  <testcase classname="AutoTest.NomenclatureTest" name="getNomenclatureGuidDataProvider" time="1.024"/>
  <system-out/>
  <testcase classname="AutoTest.NomenclatureTest" name="getNomenclatureGuid" time="1.018"/>
  <system-out/>
  <testcase classname="AutoTest.NomenclatureTest" name="getNomenclatureSearchStepNegativeDouble" time="0.999"/>
  <system-out/>
  <testcase classname="AutoTest.NomenclatureTest" name="getBasicServicesGuidDataProvider" time="1.022"/>
  <system-out/>
  <testcase classname="AutoTest.NomenclatureTest" name="getNomenclatureSearchTypeInjection" time="0.967"/>
  <system-out/>
  <testcase classname="AutoTest.NomenclatureTest" name="getNomenclatureSearchTypeNegativeDouble" time="0.978"/>
  <system-out/>
  <testcase classname="AutoTest.NomenclatureTest" name="getNomenclatureSearchDataProvider" time="2.087"/>
  <system-out/>
  <testcase classname="AutoTest.NomenclatureTest" name="getNomenclatureSearchType2Step0" time="0.950"/>
  <system-out/>
  <testcase classname="AutoTest.NomenclatureTest" name="getNomenclatureSearchType5" time="1.392"/>
  <system-out/>
  <testcase classname="AutoTest.NomenclatureTest" name="getNomenclatureGuidDataProvider" time="1.076"/>
  <system-out/>
  <testcase classname="AutoTest.NomenclatureTest" name="getNomenclatureSearchType2" time="1.131"/>
  <system-out/>
  <testcase classname="AutoTest.NomenclatureTest" name="getNomenclatureSearchType4Step4" time="0.817"/>
  <system-out/>
  <testcase classname="AutoTest.NomenclatureTest" name="getNomenclatureSearchDataProvider" time="1.043"/>
  <system-out/>
  <testcase classname="AutoTest.NomenclatureTest" name="getBasicServicesGuidDataProvider" time="1.122"/>
  <system-out/>
  <testcase classname="AutoTest.NomenclatureTest" name="getNomenclatureSearchStepNegative" time="0.912"/>
  <system-out/>
  <testcase classname="AutoTest.NomenclatureTest" name="getNomenclatureSearchTypePositiveMaxPlus1" time="1.001"/>
  <system-out/>
</testsuite> <!-- AutoTest.NomenclatureTest -->
