<?xml version="1.0" encoding="UTF-8"?>
<!-- Generated by org.testng.reporters.JUnitReportReporter -->
<testsuite hostname="DESKTOP-EKIHJ54" failures="0" tests="92" name="AutoTest.ClassifireIsAllRussianTest" time="91.880" errors="0" timestamp="2023-10-30T13:00:31 MSK" skipped="0">
  <testcase classname="AutoTest.ClassifireIsAllRussianTest" name="getOkpdSpaciesIn" time="1.018"/>
  <system-out/>
  <testcase classname="AutoTest.ClassifireIsAllRussianTest" name="getOkpdListStepEqual100" time="1.132"/>
  <system-out/>
  <testcase classname="AutoTest.ClassifireIsAllRussianTest" name="getTnvedList" time="1.704"/>
  <system-out/>
  <testcase classname="AutoTest.ClassifireIsAllRussianTest" name="getOkvedGuidSelect" time="1.008"/>
  <system-out/>
  <testcase classname="AutoTest.ClassifireIsAllRussianTest" name="getOkvedListStepEqual199" time="1.097"/>
  <system-out/>
  <testcase classname="AutoTest.ClassifireIsAllRussianTest" name="getTnvedListStepEqual199" time="1.181"/>
  <system-out/>
  <testcase classname="AutoTest.ClassifireIsAllRussianTest" name="getOkvedListStepMaxInteger" time="0.735"/>
  <system-out/>
  <testcase classname="AutoTest.ClassifireIsAllRussianTest" name="getTnvedListStepSpecialSymbol" time="1.007"/>
  <system-out/>
  <testcase classname="AutoTest.ClassifireIsAllRussianTest" name="getTnvedListStepMin" time="1.050"/>
  <system-out/>
  <testcase classname="AutoTest.ClassifireIsAllRussianTest" name="getOkpdGuid1024letters" time="0.982"/>
  <system-out/>
  <testcase classname="AutoTest.ClassifireIsAllRussianTest" name="getOkpdListStepEqual6" time="0.941"/>
  <system-out/>
  <testcase classname="AutoTest.ClassifireIsAllRussianTest" name="getOkvedListStepMaxPlus" time="0.962"/>
  <system-out/>
  <testcase classname="AutoTest.ClassifireIsAllRussianTest" name="getOkpdListStepNegativeNumber" time="1.042"/>
  <system-out/>
  <testcase classname="AutoTest.ClassifireIsAllRussianTest" name="getOkpdGuidSelect" time="0.948"/>
  <system-out/>
  <testcase classname="AutoTest.ClassifireIsAllRussianTest" name="getOkpdListStepDigitLatin" time="0.992"/>
  <system-out/>
  <testcase classname="AutoTest.ClassifireIsAllRussianTest" name="getOkpdListStepDoubleType" time="1.006"/>
  <system-out/>
  <testcase classname="AutoTest.ClassifireIsAllRussianTest" name="getTnvedListStepIsEmpty" time="1.491"/>
  <system-out/>
  <testcase classname="AutoTest.ClassifireIsAllRussianTest" name="getOkvedListStepSpecialSymbol" time="1.020"/>
  <system-out/>
  <testcase classname="AutoTest.ClassifireIsAllRussianTest" name="getTnvedListStepTwoSpacesAndDigit" time="0.991"/>
  <system-out/>
  <testcase classname="AutoTest.ClassifireIsAllRussianTest" name="getTnvedGuidNegativeNumber" time="0.909"/>
  <system-out/>
  <testcase classname="AutoTest.ClassifireIsAllRussianTest" name="getOkpdGuidTwoSpacies" time="0.962"/>
  <system-out/>
  <testcase classname="AutoTest.ClassifireIsAllRussianTest" name="getOkpdGuidNotExist" time="1.072"/>
  <system-out/>
  <testcase classname="AutoTest.ClassifireIsAllRussianTest" name="getTnvedGuidNotExist" time="1.008"/>
  <system-out/>
  <testcase classname="AutoTest.ClassifireIsAllRussianTest" name="getTnvedListStepSpaces" time="0.980"/>
  <system-out/>
  <testcase classname="AutoTest.ClassifireIsAllRussianTest" name="getOkvedGuidTwoSpacies" time="0.995"/>
  <system-out/>
  <testcase classname="AutoTest.ClassifireIsAllRussianTest" name="getOkvedGuidNegativeNumber" time="1.006"/>
  <system-out/>
  <testcase classname="AutoTest.ClassifireIsAllRussianTest" name="getOkvedGuidInjection" time="1.003"/>
  <system-out/>
  <testcase classname="AutoTest.ClassifireIsAllRussianTest" name="getOkpdGuidCombination" time="0.987"/>
  <system-out/>
  <testcase classname="AutoTest.ClassifireIsAllRussianTest" name="getOkvedGuidMaxPlus" time="0.972"/>
  <system-out/>
  <testcase classname="AutoTest.ClassifireIsAllRussianTest" name="getTnvedGuidTwoSpacies" time="1.015"/>
  <system-out/>
  <testcase classname="AutoTest.ClassifireIsAllRussianTest" name="getOkvedGuidNotExist" time="1.003"/>
  <system-out/>
  <testcase classname="AutoTest.ClassifireIsAllRussianTest" name="getTnvedGuidSelect" time="0.993"/>
  <system-out/>
  <testcase classname="AutoTest.ClassifireIsAllRussianTest" name="getTnvedListStepZero" time="1.030"/>
  <system-out/>
  <testcase classname="AutoTest.ClassifireIsAllRussianTest" name="getOkpdList" time="1.586"/>
  <system-out/>
  <testcase classname="AutoTest.ClassifireIsAllRussianTest" name="getTnvedListStepDigitLatin" time="0.998"/>
  <system-out/>
  <testcase classname="AutoTest.ClassifireIsAllRussianTest" name="getOkpdListStepInjection" time="0.955"/>
  <system-out/>
  <testcase classname="AutoTest.ClassifireIsAllRussianTest" name="getOkpdGuidMaxMinus" time="0.993"/>
  <system-out/>
  <testcase classname="AutoTest.ClassifireIsAllRussianTest" name="getOkvedListStepDigitAndSpace" time="0.973"/>
  <system-out/>
  <testcase classname="AutoTest.ClassifireIsAllRussianTest" name="getTnvedListStepInjection" time="0.948"/>
  <system-out/>
  <testcase classname="AutoTest.ClassifireIsAllRussianTest" name="getOkvedGuid" time="0.996"/>
  <system-out/>
  <testcase classname="AutoTest.ClassifireIsAllRussianTest" name="getTnvedGuid1024letters" time="1.045"/>
  <system-out/>
  <testcase classname="AutoTest.ClassifireIsAllRussianTest" name="getOkvedListStepIsEmpty" time="1.259"/>
  <system-out/>
  <testcase classname="AutoTest.ClassifireIsAllRussianTest" name="getOkvedSpaciesIn" time="1.048"/>
  <system-out/>
  <testcase classname="AutoTest.ClassifireIsAllRussianTest" name="getTnvedGuid" time="0.999"/>
  <system-out/>
  <testcase classname="AutoTest.ClassifireIsAllRussianTest" name="getTnvedListStepEqual5" time="0.635"/>
  <system-out/>
  <testcase classname="AutoTest.ClassifireIsAllRussianTest" name="getOkpdListStepSpaces" time="0.941"/>
  <system-out/>
  <testcase classname="AutoTest.ClassifireIsAllRussianTest" name="getOkvedGuidCombination" time="0.988"/>
  <system-out/>
  <testcase classname="AutoTest.ClassifireIsAllRussianTest" name="getOkpdGuid" time="1.022"/>
  <system-out/>
  <testcase classname="AutoTest.ClassifireIsAllRussianTest" name="getOkvedListStepZero" time="0.947"/>
  <system-out/>
  <testcase classname="AutoTest.ClassifireIsAllRussianTest" name="getOkvedListStepSelect" time="0.967"/>
  <system-out/>
  <testcase classname="AutoTest.ClassifireIsAllRussianTest" name="getOkvedGuidMaxMinus" time="1.004"/>
  <system-out/>
  <testcase classname="AutoTest.ClassifireIsAllRussianTest" name="getOkpdListStepEqual5" time="0.767"/>
  <system-out/>
  <testcase classname="AutoTest.ClassifireIsAllRussianTest" name="getOkpdListStepEqual199" time="1.200"/>
  <system-out/>
  <testcase classname="AutoTest.ClassifireIsAllRussianTest" name="getOkvedListStepDoubleType" time="0.951"/>
  <system-out/>
  <testcase classname="AutoTest.ClassifireIsAllRussianTest" name="getOkvedListStepMinMinus" time="0.995"/>
  <system-out/>
  <testcase classname="AutoTest.ClassifireIsAllRussianTest" name="getOkpdListStepZero" time="0.987"/>
  <system-out/>
  <testcase classname="AutoTest.ClassifireIsAllRussianTest" name="getOkvedList" time="1.513"/>
  <system-out/>
  <testcase classname="AutoTest.ClassifireIsAllRussianTest" name="getOkvedListStepEqual5" time="0.722"/>
  <system-out/>
  <testcase classname="AutoTest.ClassifireIsAllRussianTest" name="getOkpdListStepSpecialSymbol" time="1.028"/>
  <system-out/>
  <testcase classname="AutoTest.ClassifireIsAllRussianTest" name="getOkvedGuid1024letters" time="1.003"/>
  <system-out/>
  <testcase classname="AutoTest.ClassifireIsAllRussianTest" name="getOkpdGuidInjection" time="0.996"/>
  <system-out/>
  <testcase classname="AutoTest.ClassifireIsAllRussianTest" name="getTnvedGuidMaxPlus" time="1.017"/>
  <system-out/>
  <testcase classname="AutoTest.ClassifireIsAllRussianTest" name="getTnvedListStepEqual100" time="1.262"/>
  <system-out/>
  <testcase classname="AutoTest.ClassifireIsAllRussianTest" name="getOkvedListStepSpaces" time="1.002"/>
  <system-out/>
  <testcase classname="AutoTest.ClassifireIsAllRussianTest" name="getTnvedListStepDoubleType" time="0.986"/>
  <system-out/>
  <testcase classname="AutoTest.ClassifireIsAllRussianTest" name="getTnvedGuidCombination" time="0.931"/>
  <system-out/>
  <testcase classname="AutoTest.ClassifireIsAllRussianTest" name="getOkpdListStep1024" time="0.470"/>
  <system-out/>
  <testcase classname="AutoTest.ClassifireIsAllRussianTest" name="getTnvedSpaciesIn" time="0.969"/>
  <system-out/>
  <testcase classname="AutoTest.ClassifireIsAllRussianTest" name="getOkpdListStepSelect" time="1.003"/>
  <system-out/>
  <testcase classname="AutoTest.ClassifireIsAllRussianTest" name="getOkpdListStepTwoSpacesAndDigit" time="1.027"/>
  <system-out/>
  <testcase classname="AutoTest.ClassifireIsAllRussianTest" name="getOkvedListStepInjection" time="0.994"/>
  <system-out/>
  <testcase classname="AutoTest.ClassifireIsAllRussianTest" name="getOkpdListStepDigitAndSpace" time="0.984"/>
  <system-out/>
  <testcase classname="AutoTest.ClassifireIsAllRussianTest" name="getTnvedListStep1024" time="0.261"/>
  <system-out/>
  <testcase classname="AutoTest.ClassifireIsAllRussianTest" name="getTnvedListStepNegativeNumber" time="0.981"/>
  <system-out/>
  <testcase classname="AutoTest.ClassifireIsAllRussianTest" name="getTnvedListStepDigitAndSpace" time="1.028"/>
  <system-out/>
  <testcase classname="AutoTest.ClassifireIsAllRussianTest" name="getOkpdListStepMaxPlus" time="0.954"/>
  <system-out/>
  <testcase classname="AutoTest.ClassifireIsAllRussianTest" name="getOkvedListStepNegativeNumber" time="1.036"/>
  <system-out/>
  <testcase classname="AutoTest.ClassifireIsAllRussianTest" name="getOkvedListStep1024" time="0.485"/>
  <system-out/>
  <testcase classname="AutoTest.ClassifireIsAllRussianTest" name="getOkvedListStepEqual6" time="0.956"/>
  <system-out/>
  <testcase classname="AutoTest.ClassifireIsAllRussianTest" name="getOkpdListStepIsEmpty" time="1.216"/>
  <system-out/>
  <testcase classname="AutoTest.ClassifireIsAllRussianTest" name="getTnvedListStepMaxInteger" time="0.477"/>
  <system-out/>
  <testcase classname="AutoTest.ClassifireIsAllRussianTest" name="getOkpdGuidNegativeNumber" time="0.949"/>
  <system-out/>
  <testcase classname="AutoTest.ClassifireIsAllRussianTest" name="getTnvedGuidInjection" time="1.010"/>
  <system-out/>
  <testcase classname="AutoTest.ClassifireIsAllRussianTest" name="getTnvedListStepEqual6" time="0.983"/>
  <system-out/>
  <testcase classname="AutoTest.ClassifireIsAllRussianTest" name="getOkvedListStepEqual100" time="1.242"/>
  <system-out/>
  <testcase classname="AutoTest.ClassifireIsAllRussianTest" name="getTnvedListStepSelect" time="0.978"/>
  <system-out/>
  <testcase classname="AutoTest.ClassifireIsAllRussianTest" name="getOkpdListStepMaxInteger" time="0.780"/>
  <system-out/>
  <testcase classname="AutoTest.ClassifireIsAllRussianTest" name="getTnvedListStepMaxPlus" time="1.016"/>
  <system-out/>
  <testcase classname="AutoTest.ClassifireIsAllRussianTest" name="getOkvedListStepTwoSpacesAndDigit" time="1.008"/>
  <system-out/>
  <testcase classname="AutoTest.ClassifireIsAllRussianTest" name="getTnvedGuidMaxMinus" time="1.071"/>
  <system-out/>
  <testcase classname="AutoTest.ClassifireIsAllRussianTest" name="getOkvedListStepDigitLatin" time="1.065"/>
  <system-out/>
  <testcase classname="AutoTest.ClassifireIsAllRussianTest" name="getOkpdGuidMaxPlus" time="1.031"/>
  <system-out/>
</testsuite> <!-- AutoTest.ClassifireIsAllRussianTest -->
