<?xml version="1.0" encoding="UTF-8"?>
<!-- Generated by org.testng.reporters.JUnitReportReporter -->
<testsuite hostname="DESKTOP-EKIHJ54" failures="0" tests="93" name="AutoTest.ClassifierTest" time="94.859" errors="0" timestamp="2023-10-30T17:55:06 MSK" skipped="0">
  <testcase classname="AutoTest.ClassifierTest" name="getUnifiedClassifierGuidNotExist" time="0.899"/>
  <system-out/>
  <testcase classname="AutoTest.ClassifierTest" name="getUnifiedClassifierListStepDoubleType" time="1.079"/>
  <system-out/>
  <testcase classname="AutoTest.ClassifierTest" name="getUnitsGuid" time="0.859"/>
  <system-out/>
  <testcase classname="AutoTest.ClassifierTest" name="getUnitsListStepEqual5" time="0.920"/>
  <system-out/>
  <testcase classname="AutoTest.ClassifierTest" name="getEopListStepMinMinus" time="1.026"/>
  <system-out/>
  <testcase classname="AutoTest.ClassifierTest" name="getUnifiedClassifierGuidSelect" time="0.995"/>
  <system-out/>
  <testcase classname="AutoTest.ClassifierTest" name="getUnifiedClassifierListStepEqual6" time="1.060"/>
  <system-out/>
  <testcase classname="AutoTest.ClassifierTest" name="getUnitsListStepSpaces" time="1.039"/>
  <system-out/>
  <testcase classname="AutoTest.ClassifierTest" name="getEopGuidMaxMinus" time="0.869"/>
  <system-out/>
  <testcase classname="AutoTest.ClassifierTest" name="getUnitsListStep1024" time="0.912"/>
  <system-out/>
  <testcase classname="AutoTest.ClassifierTest" name="getEopListStepSpaces" time="1.011"/>
  <system-out/>
  <testcase classname="AutoTest.ClassifierTest" name="getEopListStepDoubleType" time="1.009"/>
  <system-out/>
  <testcase classname="AutoTest.ClassifierTest" name="getUnitsListStepDigitLatin" time="0.998"/>
  <system-out/>
  <testcase classname="AutoTest.ClassifierTest" name="getEopGuid1024letters" time="1.029"/>
  <system-out/>
  <testcase classname="AutoTest.ClassifierTest" name="getUnifiedClassifierListStepMinMinus" time="1.061"/>
  <system-out/>
  <testcase classname="AutoTest.ClassifierTest" name="getUnifiedClassifierList" time="1.774"/>
  <system-out/>
  <testcase classname="AutoTest.ClassifierTest" name="getUnitsGuidMaxMinus" time="1.003"/>
  <system-out/>
  <testcase classname="AutoTest.ClassifierTest" name="getUnifiedClassifierListStepSelect" time="1.022"/>
  <system-out/>
  <testcase classname="AutoTest.ClassifierTest" name="getUnifiedClassifierListStepSpecialSymbol" time="1.083"/>
  <system-out/>
  <testcase classname="AutoTest.ClassifierTest" name="getUnitsGuidNegativeNumber" time="1.012"/>
  <system-out/>
  <testcase classname="AutoTest.ClassifierTest" name="getEopList" time="1.710"/>
  <system-out/>
  <testcase classname="AutoTest.ClassifierTest" name="getEopGuidInjection" time="1.128"/>
  <system-out/>
  <testcase classname="AutoTest.ClassifierTest" name="getUnifiedClassifierGuid1024letters" time="0.894"/>
  <system-out/>
  <testcase classname="AutoTest.ClassifierTest" name="getUnifiedClassifierGuid" time="1.104"/>
  <system-out/>
  <testcase classname="AutoTest.ClassifierTest" name="getUnitsListStepMaxPlus" time="0.945"/>
  <system-out/>
  <testcase classname="AutoTest.ClassifierTest" name="getUnitsGuidNotExist" time="1.065"/>
  <system-out/>
  <testcase classname="AutoTest.ClassifierTest" name="getEopListStep1024" time="1.159"/>
  <system-out/>
  <testcase classname="AutoTest.ClassifierTest" name="getUnifiedClassifierListStepEqual199" time="1.143"/>
  <system-out/>
  <testcase classname="AutoTest.ClassifierTest" name="getEopListStepZero" time="1.025"/>
  <system-out/>
  <testcase classname="AutoTest.ClassifierTest" name="getEopGuidNegativeNumber" time="0.880"/>
  <system-out/>
  <testcase classname="AutoTest.ClassifierTest" name="getEopListStepEqual6" time="1.026"/>
  <system-out/>
  <testcase classname="AutoTest.ClassifierTest" name="getEopListStepMaxInteger" time="0.403"/>
  <system-out/>
  <testcase classname="AutoTest.ClassifierTest" name="getUnifiedClassifierListStepSpaces" time="0.994"/>
  <system-out/>
  <testcase classname="AutoTest.ClassifierTest" name="getUnifiedClassifierListStepDigitAndSpace" time="0.988"/>
  <system-out/>
  <testcase classname="AutoTest.ClassifierTest" name="getEopGuidSpaciesIn" time="0.979"/>
  <system-out/>
  <testcase classname="AutoTest.ClassifierTest" name="getUnitsGuidInjection" time="1.058"/>
  <system-out/>
  <testcase classname="AutoTest.ClassifierTest" name="getUnifiedClassifierListStepEqual100" time="1.216"/>
  <system-out/>
  <testcase classname="AutoTest.ClassifierTest" name="getUnitsListStepInjection" time="0.996"/>
  <system-out/>
  <testcase classname="AutoTest.ClassifierTest" name="getEopGuid" time="0.859"/>
  <system-out/>
  <testcase classname="AutoTest.ClassifierTest" name="getUnifiedClassifierListStepIsEmpty" time="1.421"/>
  <system-out/>
  <testcase classname="AutoTest.ClassifierTest" name="getUnitsGuid1024letters" time="1.035"/>
  <system-out/>
  <testcase classname="AutoTest.ClassifierTest" name="getUnifiedClassifierGuidSpaciesIn" time="0.979"/>
  <system-out/>
  <testcase classname="AutoTest.ClassifierTest" name="getUnifiedClassifierGuidMaxPlus" time="0.733"/>
  <system-out/>
  <testcase classname="AutoTest.ClassifierTest" name="getEopListStepTwoSpacesAndDigit" time="0.988"/>
  <system-out/>
  <testcase classname="AutoTest.ClassifierTest" name="getEopListStepInjection" time="1.094"/>
  <system-out/>
  <testcase classname="AutoTest.ClassifierTest" name="getUnitsListStepEqual100" time="1.088"/>
  <system-out/>
  <testcase classname="AutoTest.ClassifierTest" name="getUnitsGuidMaxPlus" time="0.918"/>
  <system-out/>
  <testcase classname="AutoTest.ClassifierTest" name="getEopListStepSpecialSymbol" time="1.025"/>
  <system-out/>
  <testcase classname="AutoTest.ClassifierTest" name="getUnitsListStepDigitAndSpace" time="0.979"/>
  <system-out/>
  <testcase classname="AutoTest.ClassifierTest" name="getEopGuidNotExist" time="1.010"/>
  <system-out/>
  <testcase classname="AutoTest.ClassifierTest" name="getEopListStepEqual199" time="1.104"/>
  <system-out/>
  <testcase classname="AutoTest.ClassifierTest" name="getEopListStepEqual5" time="0.707"/>
  <system-out/>
  <testcase classname="AutoTest.ClassifierTest" name="getEopListStepDigitAndSpace" time="1.108"/>
  <system-out/>
  <testcase classname="AutoTest.ClassifierTest" name="getUnifiedClassifierListStep1024" time="1.222"/>
  <system-out/>
  <testcase classname="AutoTest.ClassifierTest" name="getUnitsListStepZero" time="0.966"/>
  <system-out/>
  <testcase classname="AutoTest.ClassifierTest" name="getUnifiedClassifierListStepMaxInteger" time="0.555"/>
  <system-out/>
  <testcase classname="AutoTest.ClassifierTest" name="getEopGuidMaxPlus" time="1.115"/>
  <system-out/>
  <testcase classname="AutoTest.ClassifierTest" name="getUnitsListStepTwoSpacesAndDigit" time="0.873"/>
  <system-out/>
  <testcase classname="AutoTest.ClassifierTest" name="getEopGuidCombination" time="0.944"/>
  <system-out/>
  <testcase classname="AutoTest.ClassifierTest" name="getUnitsListStepEqual6" time="0.971"/>
  <system-out/>
  <testcase classname="AutoTest.ClassifierTest" name="getUnitsListStepDoubleType" time="0.999"/>
  <system-out/>
  <testcase classname="AutoTest.ClassifierTest" name="getUnifiedClassifierListStepTwoSpacesAndDigit" time="1.045"/>
  <system-out/>
  <testcase classname="AutoTest.ClassifierTest" name="getUnifiedClassifierGuidMaxMinus" time="1.224"/>
  <system-out/>
  <testcase classname="AutoTest.ClassifierTest" name="getEopGuidTwoSpacies" time="1.113"/>
  <system-out/>
  <testcase classname="AutoTest.ClassifierTest" name="getUnitsListStepIsEmpty" time="1.068"/>
  <system-out/>
  <testcase classname="AutoTest.ClassifierTest" name="getEopListStepSelect" time="0.996"/>
  <system-out/>
  <testcase classname="AutoTest.ClassifierTest" name="getUnifiedClassifierListStepMaxPlus" time="1.002"/>
  <system-out/>
  <testcase classname="AutoTest.ClassifierTest" name="getUnifiedClassifierListStepNegativeNumber" time="0.960"/>
  <system-out/>
  <testcase classname="AutoTest.ClassifierTest" name="getEopListStepDigitLatin" time="0.871"/>
  <system-out/>
  <testcase classname="AutoTest.ClassifierTest" name="getUnitsList" time="1.073"/>
  <system-out/>
  <testcase classname="AutoTest.ClassifierTest" name="getUnifiedClassifierGuidCombination" time="0.989"/>
  <system-out/>
  <testcase classname="AutoTest.ClassifierTest" name="getUnitsListStepSpecialSymbol" time="1.141"/>
  <system-out/>
  <testcase classname="AutoTest.ClassifierTest" name="getEopListStepNegativeNumber" time="0.959"/>
  <system-out/>
  <testcase classname="AutoTest.ClassifierTest" name="geUnitsListStepMaxInteger" time="1.133"/>
  <system-out/>
  <testcase classname="AutoTest.ClassifierTest" name="getUnifiedClassifierListStepDigitLatin" time="0.969"/>
  <system-out/>
  <testcase classname="AutoTest.ClassifierTest" name="getUnifiedClassifierListStepInjection" time="0.905"/>
  <system-out/>
  <testcase classname="AutoTest.ClassifierTest" name="getUnitsGuidTwoSpacies" time="0.999"/>
  <system-out/>
  <testcase classname="AutoTest.ClassifierTest" name="getUnifiedClassifierGuidNegativeNumber" time="1.111"/>
  <system-out/>
  <testcase classname="AutoTest.ClassifierTest" name="getEopListStepMaxPlus" time="1.011"/>
  <system-out/>
  <testcase classname="AutoTest.ClassifierTest" name="getEopListStepEqual100" time="1.231"/>
  <system-out/>
  <testcase classname="AutoTest.ClassifierTest" name="getUnitsListStepNegativeNumber" time="1.103"/>
  <system-out/>
  <testcase classname="AutoTest.ClassifierTest" name="getEopGuidSelect" time="1.035"/>
  <system-out/>
  <testcase classname="AutoTest.ClassifierTest" name="getEopListStepIsEmpty" time="1.423"/>
  <system-out/>
  <testcase classname="AutoTest.ClassifierTest" name="getUnifiedClassifierListStepEqual5" time="0.613"/>
  <system-out/>
  <testcase classname="AutoTest.ClassifierTest" name="getUnifiedClassifierGuidTwoSpacies" time="1.014"/>
  <system-out/>
  <testcase classname="AutoTest.ClassifierTest" name="getUnitsListStepMinMinus" time="0.997"/>
  <system-out/>
  <testcase classname="AutoTest.ClassifierTest" name="getUnifiedClassifierGuidInjection" time="1.019"/>
  <system-out/>
  <testcase classname="AutoTest.ClassifierTest" name="getUnifiedClassifierListStepZero" time="0.989"/>
  <system-out/>
  <testcase classname="AutoTest.ClassifierTest" name="getUnitsGuidSelect" time="1.003"/>
  <system-out/>
  <testcase classname="AutoTest.ClassifierTest" name="getUnitsGuidCombination" time="0.961"/>
  <system-out/>
  <testcase classname="AutoTest.ClassifierTest" name="getUnitsListStepEqual199" time="1.032"/>
  <system-out/>
  <testcase classname="AutoTest.ClassifierTest" name="getUnitsListStepSelect" time="0.864"/>
  <system-out/>
  <testcase classname="AutoTest.ClassifierTest" name="getUnitsGuidSpaciesIn" time="0.940"/>
  <system-out/>
</testsuite> <!-- AutoTest.ClassifierTest -->
