<?xml version="1.0" encoding="UTF-8"?>
<!-- Generated by org.testng.reporters.JUnitReportReporter -->
<testsuite hostname="DESKTOP-EKIHJ54" failures="0" tests="204" name="AutoTest.FinanceTest" time="204.073" errors="0" timestamp="2024-01-24T09:05:30 MSK" skipped="0">
  <testcase classname="AutoTest.FinanceTest" name="getPlanSchetovListStepMaxPlus" time="0.898"/>
  <system-out/>
  <testcase classname="AutoTest.FinanceTest" name="getDdsArticlesList" time="1.223"/>
  <system-out/>
  <testcase classname="AutoTest.FinanceTest" name="getOtherIncomeExpensesListStepMaxPlus" time="1.073"/>
  <system-out/>
  <testcase classname="AutoTest.FinanceTest" name="getExpensesArticlesStepMaxPlus" time="0.994"/>
  <system-out/>
  <testcase classname="AutoTest.FinanceTest" name="getExpensesArticlesGuidNotExist" time="1.039"/>
  <system-out/>
  <testcase classname="AutoTest.FinanceTest" name="getSubcontoListStepMaxPlus" time="1.103"/>
  <system-out/>
  <testcase classname="AutoTest.FinanceTest" name="getOtherIncomeExpensesListStepMaxPlus" time="0.987"/>
  <system-out/>
  <testcase classname="AutoTest.FinanceTest" name="getOtherIncomeExpensesListStepMaxPlus" time="0.972"/>
  <system-out/>
  <testcase classname="AutoTest.FinanceTest" name="getSubcontoListStepMaxPlus" time="1.032"/>
  <system-out/>
  <testcase classname="AutoTest.FinanceTest" name="getOtherSubcontoList" time="1.026"/>
  <system-out/>
  <testcase classname="AutoTest.FinanceTest" name="getExpensesArticlesStepMaxPlus" time="0.998"/>
  <system-out/>
  <testcase classname="AutoTest.FinanceTest" name="getDdsVidGuidNotExist" time="0.983"/>
  <system-out/>
  <testcase classname="AutoTest.FinanceTest" name="getOtherIncomeExpensesGuidNotExist" time="1.003"/>
  <system-out/>
  <testcase classname="AutoTest.FinanceTest" name="getDdsVidListStepMaxPlus" time="0.995"/>
  <system-out/>
  <testcase classname="AutoTest.FinanceTest" name="getPlanSchetovList" time="1.172"/>
  <system-out/>
  <testcase classname="AutoTest.FinanceTest" name="getDdsVidList" time="1.006"/>
  <system-out/>
  <testcase classname="AutoTest.FinanceTest" name="getOtherIncomeExpensesListStepMaxPlus" time="0.989"/>
  <system-out/>
  <testcase classname="AutoTest.FinanceTest" name="getDdsVidListStepMaxPlus" time="1.042"/>
  <system-out/>
  <testcase classname="AutoTest.FinanceTest" name="getDdsVidList" time="0.992"/>
  <system-out/>
  <testcase classname="AutoTest.FinanceTest" name="getDdsVidGuidNotExist" time="1.019"/>
  <system-out/>
  <testcase classname="AutoTest.FinanceTest" name="getOtherIncomeExpensesListStepMaxPlus" time="1.056"/>
  <system-out/>
  <testcase classname="AutoTest.FinanceTest" name="getDdsVidGuidNotExist" time="1.029"/>
  <system-out/>
  <testcase classname="AutoTest.FinanceTest" name="getPlanSchetovGuidNotExist" time="0.995"/>
  <system-out/>
  <testcase classname="AutoTest.FinanceTest" name="getPlanSchetovGuidNotExist" time="1.106"/>
  <system-out/>
  <testcase classname="AutoTest.FinanceTest" name="getPlanSchetovGuidNotExist" time="0.957"/>
  <system-out/>
  <testcase classname="AutoTest.FinanceTest" name="getDdsArticlesListStepMaxPlus" time="1.006"/>
  <system-out/>
  <testcase classname="AutoTest.FinanceTest" name="getDdsVidList" time="1.022"/>
  <system-out/>
  <testcase classname="AutoTest.FinanceTest" name="getDdsVidListStepMaxPlus" time="0.999"/>
  <system-out/>
  <testcase classname="AutoTest.FinanceTest" name="getPlanSchetovListStepMaxPlus" time="1.099"/>
  <system-out/>
  <testcase classname="AutoTest.FinanceTest" name="getExpensesArticlesGuidNotExist" time="0.977"/>
  <system-out/>
  <testcase classname="AutoTest.FinanceTest" name="getDdsVidList" time="1.018"/>
  <system-out/>
  <testcase classname="AutoTest.FinanceTest" name="getDdsVidListStepMaxPlus" time="0.993"/>
  <system-out/>
  <testcase classname="AutoTest.FinanceTest" name="getPlanSchetovGuidNotExist" time="0.825"/>
  <system-out/>
  <testcase classname="AutoTest.FinanceTest" name="getDdsArticlesListStepMaxPlus" time="0.984"/>
  <system-out/>
  <testcase classname="AutoTest.FinanceTest" name="getDdsArticlesGuidNotExist" time="1.451"/>
  <system-out/>
  <testcase classname="AutoTest.FinanceTest" name="getDdsArticlesGuidNotExist" time="0.972"/>
  <system-out/>
  <testcase classname="AutoTest.FinanceTest" name="getDdsArticlesListStepMaxPlus" time="0.487"/>
  <system-out/>
  <testcase classname="AutoTest.FinanceTest" name="getDdsArticlesListStepMaxPlus" time="1.040"/>
  <system-out/>
  <testcase classname="AutoTest.FinanceTest" name="getOtherIncomeExpensesListStepMaxPlus" time="0.782"/>
  <system-out/>
  <testcase classname="AutoTest.FinanceTest" name="getDdsArticlesListStepMaxPlus" time="0.962"/>
  <system-out/>
  <testcase classname="AutoTest.FinanceTest" name="getOtherSubcontoList" time="0.982"/>
  <system-out/>
  <testcase classname="AutoTest.FinanceTest" name="getSubcontoGuidNotExist" time="1.079"/>
  <system-out/>
  <testcase classname="AutoTest.FinanceTest" name="getOtherIncomeExpensesGuidNotExist" time="1.143"/>
  <system-out/>
  <testcase classname="AutoTest.FinanceTest" name="getDdsVidListStepMaxPlus" time="0.913"/>
  <system-out/>
  <testcase classname="AutoTest.FinanceTest" name="getExpensesArticlesList" time="0.948"/>
  <system-out/>
  <testcase classname="AutoTest.FinanceTest" name="getDdsArticlesListStepMaxPlus" time="1.003"/>
  <system-out/>
  <testcase classname="AutoTest.FinanceTest" name="getPlanSchetovListStepMaxPlus" time="1.009"/>
  <system-out/>
  <testcase classname="AutoTest.FinanceTest" name="getDdsArticlesListStepMaxPlus" time="1.021"/>
  <system-out/>
  <testcase classname="AutoTest.FinanceTest" name="getPlanSchetovListStepMaxPlus" time="1.005"/>
  <system-out/>
  <testcase classname="AutoTest.FinanceTest" name="getOtherIncomeExpensesListStepMaxPlus" time="1.005"/>
  <system-out/>
  <testcase classname="AutoTest.FinanceTest" name="getDdsArticlesGuidNotExist" time="1.380"/>
  <system-out/>
  <testcase classname="AutoTest.FinanceTest" name="getOtherIncomeExpensesListStepMaxPlus" time="1.034"/>
  <system-out/>
  <testcase classname="AutoTest.FinanceTest" name="getOtherIncomeExpensesList" time="0.995"/>
  <system-out/>
  <testcase classname="AutoTest.FinanceTest" name="getDdsArticlesGuid" time="1.224"/>
  <system-out/>
  <testcase classname="AutoTest.FinanceTest" name="getPlanSchetovGuidNotExist" time="0.974"/>
  <system-out/>
  <testcase classname="AutoTest.FinanceTest" name="getDdsArticlesList" time="1.070"/>
  <system-out/>
  <testcase classname="AutoTest.FinanceTest" name="getSubcontoGuidNotExist" time="1.004"/>
  <system-out/>
  <testcase classname="AutoTest.FinanceTest" name="getDdsArticlesGuidNotExist" time="1.003"/>
  <system-out/>
  <testcase classname="AutoTest.FinanceTest" name="getOtherIncomeExpensesListStepMaxPlus" time="0.980"/>
  <system-out/>
  <testcase classname="AutoTest.FinanceTest" name="getSubcontoListStepMaxPlus" time="1.041"/>
  <system-out/>
  <testcase classname="AutoTest.FinanceTest" name="getExpensesArticlesGuidNotExist" time="0.917"/>
  <system-out/>
  <testcase classname="AutoTest.FinanceTest" name="getDdsVidGuid" time="0.993"/>
  <system-out/>
  <testcase classname="AutoTest.FinanceTest" name="getOtherIncomeExpensesList" time="0.966"/>
  <system-out/>
  <testcase classname="AutoTest.FinanceTest" name="getPlanSchetovListStepMaxPlus" time="1.033"/>
  <system-out/>
  <testcase classname="AutoTest.FinanceTest" name="getDdsArticlesListStepMaxPlus" time="0.997"/>
  <system-out/>
  <testcase classname="AutoTest.FinanceTest" name="getPlanSchetovListStepMaxPlus" time="0.958"/>
  <system-out/>
  <testcase classname="AutoTest.FinanceTest" name="getExpensesArticlesList" time="1.178"/>
  <system-out/>
  <testcase classname="AutoTest.FinanceTest" name="getSubcontoListStepMaxPlus" time="1.011"/>
  <system-out/>
  <testcase classname="AutoTest.FinanceTest" name="getPlanSchetovListStepMaxPlus" time="1.031"/>
  <system-out/>
  <testcase classname="AutoTest.FinanceTest" name="getSubcontoListStepIsEmpty" time="1.030"/>
  <system-out/>
  <testcase classname="AutoTest.FinanceTest" name="getOtherIncomeExpensesList" time="1.069"/>
  <system-out/>
  <testcase classname="AutoTest.FinanceTest" name="getOtherIncomeExpensesListStepMaxPlus" time="0.945"/>
  <system-out/>
  <testcase classname="AutoTest.FinanceTest" name="getPlanSchetovListStepIsEmpty" time="0.934"/>
  <system-out/>
  <testcase classname="AutoTest.FinanceTest" name="getSubcontoListStepMaxPlus" time="0.969"/>
  <system-out/>
  <testcase classname="AutoTest.FinanceTest" name="getDdsArticlesListStepMaxPlus" time="1.022"/>
  <system-out/>
  <testcase classname="AutoTest.FinanceTest" name="getSubcontoGuidNotExist" time="0.919"/>
  <system-out/>
  <testcase classname="AutoTest.FinanceTest" name="getPlanSchetovList" time="0.998"/>
  <system-out/>
  <testcase classname="AutoTest.FinanceTest" name="getDdsVidGuidNotExist" time="1.018"/>
  <system-out/>
  <testcase classname="AutoTest.FinanceTest" name="getDdsVidListStepMaxPlus" time="1.004"/>
  <system-out/>
  <testcase classname="AutoTest.FinanceTest" name="getOtherIncomeExpensesList" time="1.175"/>
  <system-out/>
  <testcase classname="AutoTest.FinanceTest" name="getSubcontoListStepMaxPlus" time="1.032"/>
  <system-out/>
  <testcase classname="AutoTest.FinanceTest" name="getOtherSubcontoList" time="1.048"/>
  <system-out/>
  <testcase classname="AutoTest.FinanceTest" name="getSubcontoGuidNotExist" time="0.999"/>
  <system-out/>
  <testcase classname="AutoTest.FinanceTest" name="getSubcontoGuidNotExist" time="1.017"/>
  <system-out/>
  <testcase classname="AutoTest.FinanceTest" name="getOtherIncomeExpensesList" time="1.199"/>
  <system-out/>
  <testcase classname="AutoTest.FinanceTest" name="getDdsVidGuidNotExist" time="0.992"/>
  <system-out/>
  <testcase classname="AutoTest.FinanceTest" name="getExpensesArticlesList" time="0.975"/>
  <system-out/>
  <testcase classname="AutoTest.FinanceTest" name="getSubcontoGuidNotExist" time="0.994"/>
  <system-out/>
  <testcase classname="AutoTest.FinanceTest" name="getExpensesArticlesStepMaxPlus" time="1.063"/>
  <system-out/>
  <testcase classname="AutoTest.FinanceTest" name="getOtherSubcontoList" time="1.008"/>
  <system-out/>
  <testcase classname="AutoTest.FinanceTest" name="getPlanSchetovListStepMaxPlus" time="1.041"/>
  <system-out/>
  <testcase classname="AutoTest.FinanceTest" name="getSubcontoListStepMaxPlus" time="0.987"/>
  <system-out/>
  <testcase classname="AutoTest.FinanceTest" name="getDdsArticlesGuidNotExist" time="0.899"/>
  <system-out/>
  <testcase classname="AutoTest.FinanceTest" name="getDdsVidListStepMaxPlus" time="0.993"/>
  <system-out/>
  <testcase classname="AutoTest.FinanceTest" name="getOtherIncomeExpensesGuidNotExist" time="1.005"/>
  <system-out/>
  <testcase classname="AutoTest.FinanceTest" name="getSubcontoListStepMaxPlus" time="0.975"/>
  <system-out/>
  <testcase classname="AutoTest.FinanceTest" name="getDdsVidListStepMaxPlus" time="0.998"/>
  <system-out/>
  <testcase classname="AutoTest.FinanceTest" name="getPlanSchetovGuidNotExist" time="0.962"/>
  <system-out/>
  <testcase classname="AutoTest.FinanceTest" name="getDdsVidList" time="0.989"/>
  <system-out/>
  <testcase classname="AutoTest.FinanceTest" name="getDdsVidGuidNotExist" time="0.986"/>
  <system-out/>
  <testcase classname="AutoTest.FinanceTest" name="getDdsArticlesListStepMaxPlus" time="0.998"/>
  <system-out/>
  <testcase classname="AutoTest.FinanceTest" name="getDdsVidGuidNotExist" time="0.972"/>
  <system-out/>
  <testcase classname="AutoTest.FinanceTest" name="getPlanSchetovListStepMaxPlus" time="1.006"/>
  <system-out/>
  <testcase classname="AutoTest.FinanceTest" name="getSubcontoGuidNotExist" time="0.918"/>
  <system-out/>
  <testcase classname="AutoTest.FinanceTest" name="getExpensesArticlesStepMaxPlus" time="1.046"/>
  <system-out/>
  <testcase classname="AutoTest.FinanceTest" name="getOtherIncomeExpensesGuid" time="1.084"/>
  <system-out/>
  <testcase classname="AutoTest.FinanceTest" name="getExpensesArticlesStepMaxPlus" time="1.045"/>
  <system-out/>
  <testcase classname="AutoTest.FinanceTest" name="getPlanSchetovListStepMaxPlus" time="0.987"/>
  <system-out/>
  <testcase classname="AutoTest.FinanceTest" name="getDdsArticlesListStepMaxPlus" time="1.017"/>
  <system-out/>
  <testcase classname="AutoTest.FinanceTest" name="getDdsVidListStepIsEmpty" time="1.051"/>
  <system-out/>
  <testcase classname="AutoTest.FinanceTest" name="getDdsVidList" time="1.004"/>
  <system-out/>
  <testcase classname="AutoTest.FinanceTest" name="getOtherIncomeExpensesListStepMaxPlus" time="0.972"/>
  <system-out/>
  <testcase classname="AutoTest.FinanceTest" name="getPlanSchetovListStepMaxPlus" time="0.994"/>
  <system-out/>
  <testcase classname="AutoTest.FinanceTest" name="getDdsArticlesList" time="0.919"/>
  <system-out/>
  <testcase classname="AutoTest.FinanceTest" name="getPlanSchetovList" time="1.031"/>
  <system-out/>
  <testcase classname="AutoTest.FinanceTest" name="getDdsVidGuidNotExist" time="1.004"/>
  <system-out/>
  <testcase classname="AutoTest.FinanceTest" name="getDdsVidListStepMaxPlus" time="1.018"/>
  <system-out/>
  <testcase classname="AutoTest.FinanceTest" name="getDdsArticlesListStepIsEmpty" time="1.053"/>
  <system-out/>
  <testcase classname="AutoTest.FinanceTest" name="getExpensesArticlesList" time="1.125"/>
  <system-out/>
  <testcase classname="AutoTest.FinanceTest" name="getExpensesArticlesList" time="1.009"/>
  <system-out/>
  <testcase classname="AutoTest.FinanceTest" name="getSubcontoGuid" time="1.019"/>
  <system-out/>
  <testcase classname="AutoTest.FinanceTest" name="getDdsArticlesGuidNotExist" time="1.029"/>
  <system-out/>
  <testcase classname="AutoTest.FinanceTest" name="getOtherIncomeExpensesGuidNotExist" time="0.997"/>
  <system-out/>
  <testcase classname="AutoTest.FinanceTest" name="getDdsVidGuidNotExist" time="1.023"/>
  <system-out/>
  <testcase classname="AutoTest.FinanceTest" name="getExpensesArticlesList" time="1.067"/>
  <system-out/>
  <testcase classname="AutoTest.FinanceTest" name="getExpensesArticlesGuidNotExist" time="1.006"/>
  <system-out/>
  <testcase classname="AutoTest.FinanceTest" name="getDdsArticlesGuidNotExist" time="1.142"/>
  <system-out/>
  <testcase classname="AutoTest.FinanceTest" name="getDdsVidGuidNotExist" time="0.983"/>
  <system-out/>
  <testcase classname="AutoTest.FinanceTest" name="getExpensesArticlesStepMaxPlus" time="0.987"/>
  <system-out/>
  <testcase classname="AutoTest.FinanceTest" name="getOtherIncomeExpensesListStepMaxPlus" time="1.006"/>
  <system-out/>
  <testcase classname="AutoTest.FinanceTest" name="getSubcontoListStepMaxPlus" time="0.933"/>
  <system-out/>
  <testcase classname="AutoTest.FinanceTest" name="getDdsArticlesGuidNotExist" time="1.035"/>
  <system-out/>
  <testcase classname="AutoTest.FinanceTest" name="getSubcontoListStepMaxPlus" time="1.000"/>
  <system-out/>
  <testcase classname="AutoTest.FinanceTest" name="getExpensesArticlesStepMaxPlus" time="0.968"/>
  <system-out/>
  <testcase classname="AutoTest.FinanceTest" name="getDdsArticlesGuidNotExist" time="0.628"/>
  <system-out/>
  <testcase classname="AutoTest.FinanceTest" name="getDdsArticlesList" time="0.973"/>
  <system-out/>
  <testcase classname="AutoTest.FinanceTest" name="getExpensesArticlesGuidNotExist" time="1.001"/>
  <system-out/>
  <testcase classname="AutoTest.FinanceTest" name="getOtherIncomeExpensesGuidNotExist" time="0.983"/>
  <system-out/>
  <testcase classname="AutoTest.FinanceTest" name="getPlanSchetovList" time="1.028"/>
  <system-out/>
  <testcase classname="AutoTest.FinanceTest" name="getExpensesArticlesStepMaxPlus" time="0.689"/>
  <system-out/>
  <testcase classname="AutoTest.FinanceTest" name="getDdsVidListStepMaxPlus" time="0.975"/>
  <system-out/>
  <testcase classname="AutoTest.FinanceTest" name="getPlanSchetovGuidNotExist" time="0.990"/>
  <system-out/>
  <testcase classname="AutoTest.FinanceTest" name="getDdsVidGuidNotExist" time="1.013"/>
  <system-out/>
  <testcase classname="AutoTest.FinanceTest" name="getDdsArticlesListStepMaxPlus" time="0.981"/>
  <system-out/>
  <testcase classname="AutoTest.FinanceTest" name="getSubcontoGuidNotExist" time="1.023"/>
  <system-out/>
  <testcase classname="AutoTest.FinanceTest" name="getDdsArticlesListStepMaxPlus" time="0.992"/>
  <system-out/>
  <testcase classname="AutoTest.FinanceTest" name="getDdsVidListStepMaxPlus" time="1.004"/>
  <system-out/>
  <testcase classname="AutoTest.FinanceTest" name="getExpensesArticlesStepMaxPlus" time="1.003"/>
  <system-out/>
  <testcase classname="AutoTest.FinanceTest" name="getOtherIncomeExpensesGuidNotExist" time="1.012"/>
  <system-out/>
  <testcase classname="AutoTest.FinanceTest" name="getSubcontoGuidNotExist" time="1.066"/>
  <system-out/>
  <testcase classname="AutoTest.FinanceTest" name="getPlanSchetovListStepMaxPlus" time="0.965"/>
  <system-out/>
  <testcase classname="AutoTest.FinanceTest" name="getSubcontoListStepMaxPlus" time="1.058"/>
  <system-out/>
  <testcase classname="AutoTest.FinanceTest" name="getDdsVidListStepMaxPlus" time="1.004"/>
  <system-out/>
  <testcase classname="AutoTest.FinanceTest" name="getPlanSchetovList" time="1.096"/>
  <system-out/>
  <testcase classname="AutoTest.FinanceTest" name="getOtherIncomeExpensesListStepMaxPlus" time="1.022"/>
  <system-out/>
  <testcase classname="AutoTest.FinanceTest" name="getExpensesArticlesStepMaxPlus" time="0.972"/>
  <system-out/>
  <testcase classname="AutoTest.FinanceTest" name="getExpensesArticlesStepIsEmpty" time="0.977"/>
  <system-out/>
  <testcase classname="AutoTest.FinanceTest" name="getPlanSchetovGuidNotExist" time="1.040"/>
  <system-out/>
  <testcase classname="AutoTest.FinanceTest" name="getOtherSubcontoList" time="1.004"/>
  <system-out/>
  <testcase classname="AutoTest.FinanceTest" name="getDdsVidListStepMaxPlus" time="0.960"/>
  <system-out/>
  <testcase classname="AutoTest.FinanceTest" name="getExpensesArticlesStepMaxPlus" time="0.991"/>
  <system-out/>
  <testcase classname="AutoTest.FinanceTest" name="getOtherIncomeExpensesGuidNotExist" time="0.949"/>
  <system-out/>
  <testcase classname="AutoTest.FinanceTest" name="getDdsArticlesGuidNotExist" time="0.504"/>
  <system-out/>
  <testcase classname="AutoTest.FinanceTest" name="getSubcontoListStepMaxPlus" time="0.953"/>
  <system-out/>
  <testcase classname="AutoTest.FinanceTest" name="getExpensesArticlesStepMaxPlus" time="0.950"/>
  <system-out/>
  <testcase classname="AutoTest.FinanceTest" name="getOtherIncomeExpensesGuidNotExist" time="1.015"/>
  <system-out/>
  <testcase classname="AutoTest.FinanceTest" name="getDdsVidListStepMaxPlus" time="0.979"/>
  <system-out/>
  <testcase classname="AutoTest.FinanceTest" name="getPlanSchetovListStepMaxPlus" time="0.993"/>
  <system-out/>
  <testcase classname="AutoTest.FinanceTest" name="getOtherIncomeExpensesListStepMaxPlus" time="1.005"/>
  <system-out/>
  <testcase classname="AutoTest.FinanceTest" name="getExpensesArticlesGuidNotExist" time="1.006"/>
  <system-out/>
  <testcase classname="AutoTest.FinanceTest" name="getPlanSchetovListStepMaxPlus" time="0.638"/>
  <system-out/>
  <testcase classname="AutoTest.FinanceTest" name="getOtherIncomeExpensesList" time="1.046"/>
  <system-out/>
  <testcase classname="AutoTest.FinanceTest" name="getExpensesArticlesGuid" time="1.056"/>
  <system-out/>
  <testcase classname="AutoTest.FinanceTest" name="getExpensesArticlesStepMaxPlus" time="0.954"/>
  <system-out/>
  <testcase classname="AutoTest.FinanceTest" name="getSubcontoListStepMaxPlus" time="0.917"/>
  <system-out/>
  <testcase classname="AutoTest.FinanceTest" name="getExpensesArticlesStepMaxPlus" time="1.040"/>
  <system-out/>
  <testcase classname="AutoTest.FinanceTest" name="getExpensesArticlesGuidNotExist" time="1.007"/>
  <system-out/>
  <testcase classname="AutoTest.FinanceTest" name="getExpensesArticlesGuidNotExist" time="1.079"/>
  <system-out/>
  <testcase classname="AutoTest.FinanceTest" name="getExpensesArticlesGuidNotExist" time="0.968"/>
  <system-out/>
  <testcase classname="AutoTest.FinanceTest" name="getDdsArticlesList" time="1.243"/>
  <system-out/>
  <testcase classname="AutoTest.FinanceTest" name="getPlanSchetovGuid" time="0.973"/>
  <system-out/>
  <testcase classname="AutoTest.FinanceTest" name="getSubcontoListStepMaxPlus" time="0.994"/>
  <system-out/>
  <testcase classname="AutoTest.FinanceTest" name="getOtherIncomeExpensesGuidNotExist" time="0.984"/>
  <system-out/>
  <testcase classname="AutoTest.FinanceTest" name="getPlanSchetovListStepMaxPlus" time="0.981"/>
  <system-out/>
  <testcase classname="AutoTest.FinanceTest" name="getOtherSubcontoList" time="0.960"/>
  <system-out/>
  <testcase classname="AutoTest.FinanceTest" name="getExpensesArticlesGuidNotExist" time="0.952"/>
  <system-out/>
  <testcase classname="AutoTest.FinanceTest" name="getExpensesArticlesStepMaxPlus" time="0.993"/>
  <system-out/>
  <testcase classname="AutoTest.FinanceTest" name="getDdsArticlesListStepMaxPlus" time="0.952"/>
  <system-out/>
  <testcase classname="AutoTest.FinanceTest" name="getPlanSchetovList" time="1.098"/>
  <system-out/>
  <testcase classname="AutoTest.FinanceTest" name="getPlanSchetovGuidNotExist" time="1.042"/>
  <system-out/>
  <testcase classname="AutoTest.FinanceTest" name="getDdsArticlesGuidNotExist" time="0.762"/>
  <system-out/>
  <testcase classname="AutoTest.FinanceTest" name="getDdsArticlesListStepMaxPlus" time="0.968"/>
  <system-out/>
  <testcase classname="AutoTest.FinanceTest" name="getDdsArticlesList" time="1.068"/>
  <system-out/>
  <testcase classname="AutoTest.FinanceTest" name="getOtherIncomeExpensesGuidNotExist" time="0.853"/>
  <system-out/>
  <testcase classname="AutoTest.FinanceTest" name="getPlanSchetovGuidNotExist" time="1.035"/>
  <system-out/>
  <testcase classname="AutoTest.FinanceTest" name="getPlanSchetovGuidNotExist" time="1.030"/>
  <system-out/>
  <testcase classname="AutoTest.FinanceTest" name="getOtherIncomeExpensesListStepIsEmpty" time="0.805"/>
  <system-out/>
  <testcase classname="AutoTest.FinanceTest" name="getExpensesArticlesGuidNotExist" time="1.024"/>
  <system-out/>
  <testcase classname="AutoTest.FinanceTest" name="getSubcontoGuidNotExist" time="0.999"/>
  <system-out/>
  <testcase classname="AutoTest.FinanceTest" name="getSubcontoListStepMaxPlus" time="0.935"/>
  <system-out/>
  <testcase classname="AutoTest.FinanceTest" name="getDdsVidListStepMaxPlus" time="1.034"/>
  <system-out/>
  <testcase classname="AutoTest.FinanceTest" name="getOtherIncomeExpensesGuidNotExist" time="0.994"/>
  <system-out/>
  <testcase classname="AutoTest.FinanceTest" name="getOtherIncomeExpensesListStepMaxPlus" time="1.000"/>
  <system-out/>
  <testcase classname="AutoTest.FinanceTest" name="getSubcontoGuidNotExist" time="0.989"/>
  <system-out/>
</testsuite> <!-- AutoTest.FinanceTest -->
