<?xml version="1.0" encoding="UTF-8"?>
<!-- Generated by org.testng.reporters.JUnitReportReporter -->
<testsuite hostname="DESKTOP-EKIHJ54" failures="0" tests="12" name="AutoTest.ApplicationTest" time="14.361" errors="0" timestamp="2024-01-09T15:59:06 MSK" skipped="0">
  <testcase classname="AutoTest.ApplicationTest" name="getChangeRequestGuidNegative" time="1.009"/>
  <system-out/>
  <testcase classname="AutoTest.ApplicationTest" name="getChangeRequestGuidNegative" time="0.940"/>
  <system-out/>
  <testcase classname="AutoTest.ApplicationTest" name="getChangeRequestGuidNegative" time="0.959"/>
  <system-out/>
  <testcase classname="AutoTest.ApplicationTest" name="getChangeRequestGuidNegative" time="1.009"/>
  <system-out/>
  <testcase classname="AutoTest.ApplicationTest" name="getChangeRequestGuidNegative" time="0.983"/>
  <system-out/>
  <testcase classname="AutoTest.ApplicationTest" name="getChangeRequestGuidNegative" time="1.013"/>
  <system-out/>
  <testcase classname="AutoTest.ApplicationTest" name="getChangeRequestGuidNegative" time="1.009"/>
  <system-out/>
  <testcase classname="AutoTest.ApplicationTest" name="getChangeRequestGuidNegative" time="1.013"/>
  <system-out/>
  <testcase classname="AutoTest.ApplicationTest" name="getChangeRequestGuidNegative" time="1.006"/>
  <system-out/>
  <testcase classname="AutoTest.ApplicationTest" name="getChangeRequestGuidNegative" time="1.041"/>
  <system-out/>
  <testcase classname="AutoTest.ApplicationTest" name="getChangeRequestGuid" time="3.135"/>
  <system-out/>
  <testcase classname="AutoTest.ApplicationTest" name="getChangeRequestGuidNegative" time="1.244"/>
  <system-out/>
</testsuite> <!-- AutoTest.ApplicationTest -->
