<?xml version="1.0" encoding="UTF-8"?>
<!-- Generated by org.testng.reporters.JUnitReportReporter -->
<testsuite hostname="DESKTOP-EKIHJ54" failures="0" tests="102" name="AutoTest.ClassifierTest" time="106.222" errors="0" timestamp="2024-01-24T09:05:30 MSK" skipped="0">
  <testcase classname="AutoTest.ClassifierTest" name="getEopListNegativeStep" time="1.140"/>
  <system-out/>
  <testcase classname="AutoTest.ClassifierTest" name="getUnitsListNegativeStep" time="1.230"/>
  <system-out/>
  <testcase classname="AutoTest.ClassifierTest" name="getUnitsList" time="0.896"/>
  <system-out/>
  <testcase classname="AutoTest.ClassifierTest" name="getEopGuidNegativeData" time="1.122"/>
  <system-out/>
  <testcase classname="AutoTest.ClassifierTest" name="getUnifiedClassifierListNegativeData" time="0.995"/>
  <system-out/>
  <testcase classname="AutoTest.ClassifierTest" name="getEopGuidNegativeData" time="0.886"/>
  <system-out/>
  <testcase classname="AutoTest.ClassifierTest" name="getUnitsGuidNegativeData" time="0.930"/>
  <system-out/>
  <testcase classname="AutoTest.ClassifierTest" name="getEopList" time="0.933"/>
  <system-out/>
  <testcase classname="AutoTest.ClassifierTest" name="getUnifiedClassifierListNegativeData" time="0.980"/>
  <system-out/>
  <testcase classname="AutoTest.ClassifierTest" name="getEopGuidNegativeData" time="0.988"/>
  <system-out/>
  <testcase classname="AutoTest.ClassifierTest" name="getEopListNegativeStep" time="2.213"/>
  <system-out/>
  <testcase classname="AutoTest.ClassifierTest" name="getUnifiedClassifierListNegativeData" time="1.039"/>
  <system-out/>
  <testcase classname="AutoTest.ClassifierTest" name="getUnifiedClassifierListNegativeData" time="0.981"/>
  <system-out/>
  <testcase classname="AutoTest.ClassifierTest" name="getUnifiedClassifierGuidNegativeData" time="0.983"/>
  <system-out/>
  <testcase classname="AutoTest.ClassifierTest" name="getEopGuidNegativeData" time="1.003"/>
  <system-out/>
  <testcase classname="AutoTest.ClassifierTest" name="getUnitsListNegativeStep" time="1.077"/>
  <system-out/>
  <testcase classname="AutoTest.ClassifierTest" name="getEopGuidNegativeData" time="0.969"/>
  <system-out/>
  <testcase classname="AutoTest.ClassifierTest" name="getUnitsGuidNegativeData" time="1.095"/>
  <system-out/>
  <testcase classname="AutoTest.ClassifierTest" name="getEopListNegativeStep" time="0.997"/>
  <system-out/>
  <testcase classname="AutoTest.ClassifierTest" name="getUnifiedClassifierGuidNegativeData" time="0.947"/>
  <system-out/>
  <testcase classname="AutoTest.ClassifierTest" name="getUnitsListNegativeStep" time="0.885"/>
  <system-out/>
  <testcase classname="AutoTest.ClassifierTest" name="getUnitsGuidNegativeData" time="1.024"/>
  <system-out/>
  <testcase classname="AutoTest.ClassifierTest" name="getUnitsGuid" time="0.667"/>
  <system-out/>
  <testcase classname="AutoTest.ClassifierTest" name="getUnitsListNegativeStep" time="0.907"/>
  <system-out/>
  <testcase classname="AutoTest.ClassifierTest" name="getEopListNegativeStep" time="0.681"/>
  <system-out/>
  <testcase classname="AutoTest.ClassifierTest" name="getEopListNegativeStep" time="0.948"/>
  <system-out/>
  <testcase classname="AutoTest.ClassifierTest" name="getUnitsListNegativeStep" time="0.886"/>
  <system-out/>
  <testcase classname="AutoTest.ClassifierTest" name="getEopListNegativeStep" time="1.004"/>
  <system-out/>
  <testcase classname="AutoTest.ClassifierTest" name="getEopListNegativeStep" time="0.989"/>
  <system-out/>
  <testcase classname="AutoTest.ClassifierTest" name="getUnifiedClassifierGuidNegativeData" time="0.875"/>
  <system-out/>
  <testcase classname="AutoTest.ClassifierTest" name="getEopGuidNegativeData" time="1.010"/>
  <system-out/>
  <testcase classname="AutoTest.ClassifierTest" name="getUnifiedClassifierListPositiveStep" time="1.182"/>
  <system-out/>
  <testcase classname="AutoTest.ClassifierTest" name="getUnifiedClassifierListNegativeData" time="0.873"/>
  <system-out/>
  <testcase classname="AutoTest.ClassifierTest" name="getEopGuidNegativeData" time="1.140"/>
  <system-out/>
  <testcase classname="AutoTest.ClassifierTest" name="getUnitsListNegativeStep" time="0.996"/>
  <system-out/>
  <testcase classname="AutoTest.ClassifierTest" name="getUnifiedClassifierListNegativeData" time="1.154"/>
  <system-out/>
  <testcase classname="AutoTest.ClassifierTest" name="getEopListNegativeStep" time="0.996"/>
  <system-out/>
  <testcase classname="AutoTest.ClassifierTest" name="getUnifiedClassifierListNegativeData" time="1.165"/>
  <system-out/>
  <testcase classname="AutoTest.ClassifierTest" name="getUnifiedClassifierListNegativeData" time="1.003"/>
  <system-out/>
  <testcase classname="AutoTest.ClassifierTest" name="getUnitsListNegativeStep" time="0.910"/>
  <system-out/>
  <testcase classname="AutoTest.ClassifierTest" name="getUnifiedClassifierListPositiveStep" time="1.086"/>
  <system-out/>
  <testcase classname="AutoTest.ClassifierTest" name="getUnitsListNegativeStep" time="0.817"/>
  <system-out/>
  <testcase classname="AutoTest.ClassifierTest" name="getEopGuidNegativeData" time="0.858"/>
  <system-out/>
  <testcase classname="AutoTest.ClassifierTest" name="getEopListNegativeStep" time="3.805"/>
  <system-out/>
  <testcase classname="AutoTest.ClassifierTest" name="getUnifiedClassifierListPositiveStep" time="1.115"/>
  <system-out/>
  <testcase classname="AutoTest.ClassifierTest" name="getUnitsGuidNegativeData" time="0.990"/>
  <system-out/>
  <testcase classname="AutoTest.ClassifierTest" name="getUnitsGuidNegativeData" time="0.981"/>
  <system-out/>
  <testcase classname="AutoTest.ClassifierTest" name="getUnifiedClassifierGuidNegativeData" time="0.985"/>
  <system-out/>
  <testcase classname="AutoTest.ClassifierTest" name="getEopList" time="1.190"/>
  <system-out/>
  <testcase classname="AutoTest.ClassifierTest" name="getEopGuidNegativeData" time="1.018"/>
  <system-out/>
  <testcase classname="AutoTest.ClassifierTest" name="getEopList" time="1.162"/>
  <system-out/>
  <testcase classname="AutoTest.ClassifierTest" name="getUnitsListNegativeStep" time="1.072"/>
  <system-out/>
  <testcase classname="AutoTest.ClassifierTest" name="getUnitsListNegativeStep" time="1.014"/>
  <system-out/>
  <testcase classname="AutoTest.ClassifierTest" name="getUnifiedClassifierGuidNegativeData" time="1.263"/>
  <system-out/>
  <testcase classname="AutoTest.ClassifierTest" name="getUnifiedClassifierListNegativeData" time="0.875"/>
  <system-out/>
  <testcase classname="AutoTest.ClassifierTest" name="getUnifiedClassifierList" time="1.491"/>
  <system-out/>
  <testcase classname="AutoTest.ClassifierTest" name="getUnitsGuidNegativeData" time="0.872"/>
  <system-out/>
  <testcase classname="AutoTest.ClassifierTest" name="getUnifiedClassifierListNegativeData" time="0.447"/>
  <system-out/>
  <testcase classname="AutoTest.ClassifierTest" name="getUnitsListNegativeStep" time="0.818"/>
  <system-out/>
  <testcase classname="AutoTest.ClassifierTest" name="getUnitsGuidNegativeData" time="1.120"/>
  <system-out/>
  <testcase classname="AutoTest.ClassifierTest" name="getUnitsList" time="0.984"/>
  <system-out/>
  <testcase classname="AutoTest.ClassifierTest" name="getUnitsGuidNegativeData" time="0.991"/>
  <system-out/>
  <testcase classname="AutoTest.ClassifierTest" name="getEopListNegativeStep" time="0.979"/>
  <system-out/>
  <testcase classname="AutoTest.ClassifierTest" name="getUnifiedClassifierGuidNegativeData" time="0.799"/>
  <system-out/>
  <testcase classname="AutoTest.ClassifierTest" name="getUnifiedClassifierGuidNegativeData" time="1.156"/>
  <system-out/>
  <testcase classname="AutoTest.ClassifierTest" name="getUnifiedClassifierListNegativeData" time="1.178"/>
  <system-out/>
  <testcase classname="AutoTest.ClassifierTest" name="getUnitsListStepEqual199" time="1.000"/>
  <system-out/>
  <testcase classname="AutoTest.ClassifierTest" name="getUnitsListNegativeStep" time="1.123"/>
  <system-out/>
  <testcase classname="AutoTest.ClassifierTest" name="getUnifiedClassifierGuidNegativeData" time="0.995"/>
  <system-out/>
  <testcase classname="AutoTest.ClassifierTest" name="getEopListNegativeStep" time="1.009"/>
  <system-out/>
  <testcase classname="AutoTest.ClassifierTest" name="getUnifiedClassifierGuidNegativeData" time="0.971"/>
  <system-out/>
  <testcase classname="AutoTest.ClassifierTest" name="getUnifiedClassifierListNegativeData" time="0.864"/>
  <system-out/>
  <testcase classname="AutoTest.ClassifierTest" name="getUnitsListNegativeStep" time="0.941"/>
  <system-out/>
  <testcase classname="AutoTest.ClassifierTest" name="getUnitsListStepEqual100" time="1.291"/>
  <system-out/>
  <testcase classname="AutoTest.ClassifierTest" name="getUnitsList" time="1.038"/>
  <system-out/>
  <testcase classname="AutoTest.ClassifierTest" name="getUnifiedClassifierListPositiveStep" time="0.990"/>
  <system-out/>
  <testcase classname="AutoTest.ClassifierTest" name="getUnitsListNegativeStep" time="1.199"/>
  <system-out/>
  <testcase classname="AutoTest.ClassifierTest" name="getUnifiedClassifierGuid" time="0.812"/>
  <system-out/>
  <testcase classname="AutoTest.ClassifierTest" name="getUnifiedClassifierListNegativeData" time="1.153"/>
  <system-out/>
  <testcase classname="AutoTest.ClassifierTest" name="getUnitsListNegativeStep" time="1.111"/>
  <system-out/>
  <testcase classname="AutoTest.ClassifierTest" name="getUnifiedClassifierListPositiveStep" time="1.121"/>
  <system-out/>
  <testcase classname="AutoTest.ClassifierTest" name="getEopList" time="1.111"/>
  <system-out/>
  <testcase classname="AutoTest.ClassifierTest" name="getUnitsListStepIsEmpty" time="0.881"/>
  <system-out/>
  <testcase classname="AutoTest.ClassifierTest" name="getEopGuid" time="1.009"/>
  <system-out/>
  <testcase classname="AutoTest.ClassifierTest" name="getEopListStepIsEmpty" time="1.240"/>
  <system-out/>
  <testcase classname="AutoTest.ClassifierTest" name="getEopListNegativeStep" time="0.982"/>
  <system-out/>
  <testcase classname="AutoTest.ClassifierTest" name="getEopGuidNegativeData" time="1.130"/>
  <system-out/>
  <testcase classname="AutoTest.ClassifierTest" name="getUnitsGuidNegativeData" time="0.953"/>
  <system-out/>
  <testcase classname="AutoTest.ClassifierTest" name="getEopList" time="1.054"/>
  <system-out/>
  <testcase classname="AutoTest.ClassifierTest" name="getUnitsGuidNegativeData" time="1.110"/>
  <system-out/>
  <testcase classname="AutoTest.ClassifierTest" name="getUnifiedClassifierListPositiveStep" time="0.954"/>
  <system-out/>
  <testcase classname="AutoTest.ClassifierTest" name="getUnifiedClassifierListNegativeData" time="0.957"/>
  <system-out/>
  <testcase classname="AutoTest.ClassifierTest" name="getEopList" time="0.853"/>
  <system-out/>
  <testcase classname="AutoTest.ClassifierTest" name="getEopGuidNegativeData" time="0.872"/>
  <system-out/>
  <testcase classname="AutoTest.ClassifierTest" name="getUnifiedClassifierListNegativeData" time="0.868"/>
  <system-out/>
  <testcase classname="AutoTest.ClassifierTest" name="getUnifiedClassifierGuidNegativeData" time="0.901"/>
  <system-out/>
  <testcase classname="AutoTest.ClassifierTest" name="getEopListNegativeStep" time="1.111"/>
  <system-out/>
  <testcase classname="AutoTest.ClassifierTest" name="getEopListNegativeStep" time="0.882"/>
  <system-out/>
  <testcase classname="AutoTest.ClassifierTest" name="getUnifiedClassifierGuidNegativeData" time="1.146"/>
  <system-out/>
  <testcase classname="AutoTest.ClassifierTest" name="getUnifiedClassifierListStepIsEmpty" time="0.826"/>
  <system-out/>
  <testcase classname="AutoTest.ClassifierTest" name="getUnitsGuidNegativeData" time="1.026"/>
  <system-out/>
  <testcase classname="AutoTest.ClassifierTest" name="getEopListNegativeStep" time="0.973"/>
  <system-out/>
</testsuite> <!-- AutoTest.ClassifierTest -->
