<?xml version="1.0" encoding="UTF-8"?>
<!-- Generated by org.testng.reporters.JUnitReportReporter -->
<testsuite hostname="DESKTOP-EKIHJ54" failures="0" tests="272" name="AutoTest.ClassifireIsAllRussianTest" time="273.106" errors="0" timestamp="2024-02-05T09:00:35 MSK" skipped="0">
  <testcase classname="AutoTest.ClassifireIsAllRussianTest" name="getOkopfListStepMaxPlus" time="1.065"/>
  <system-out/>
  <testcase classname="AutoTest.ClassifireIsAllRussianTest" name="getRegionGuidNotExist" time="0.922"/>
  <system-out/>
  <testcase classname="AutoTest.ClassifireIsAllRussianTest" name="getOkopfGuidNotExist" time="0.987"/>
  <system-out/>
  <testcase classname="AutoTest.ClassifireIsAllRussianTest" name="getOkvedGuidNotExist" time="0.991"/>
  <system-out/>
  <testcase classname="AutoTest.ClassifireIsAllRussianTest" name="getTnvedGuidNotExist" time="0.938"/>
  <system-out/>
  <testcase classname="AutoTest.ClassifireIsAllRussianTest" name="getCountryGuidNotExist" time="0.882"/>
  <system-out/>
  <testcase classname="AutoTest.ClassifireIsAllRussianTest" name="getBankGuidNotExist" time="1.092"/>
  <system-out/>
  <testcase classname="AutoTest.ClassifireIsAllRussianTest" name="getOkopfListStepMaxPlus" time="1.026"/>
  <system-out/>
  <testcase classname="AutoTest.ClassifireIsAllRussianTest" name="getOkpdGuidNotExist" time="1.097"/>
  <system-out/>
  <testcase classname="AutoTest.ClassifireIsAllRussianTest" name="getTnvedGuidNotExist" time="0.935"/>
  <system-out/>
  <testcase classname="AutoTest.ClassifireIsAllRussianTest" name="getBankListStepMaxPlus" time="0.996"/>
  <system-out/>
  <testcase classname="AutoTest.ClassifireIsAllRussianTest" name="getRegionGuidNotExist" time="0.988"/>
  <system-out/>
  <testcase classname="AutoTest.ClassifireIsAllRussianTest" name="getCurrencyList" time="0.971"/>
  <system-out/>
  <testcase classname="AutoTest.ClassifireIsAllRussianTest" name="getOkpdListStepMaxPlus" time="0.983"/>
  <system-out/>
  <testcase classname="AutoTest.ClassifireIsAllRussianTest" name="getCountryListStepMaxPlus" time="0.954"/>
  <system-out/>
  <testcase classname="AutoTest.ClassifireIsAllRussianTest" name="getCountryListStepMaxPlus" time="0.987"/>
  <system-out/>
  <testcase classname="AutoTest.ClassifireIsAllRussianTest" name="getBankList" time="0.864"/>
  <system-out/>
  <testcase classname="AutoTest.ClassifireIsAllRussianTest" name="getBankListStepMaxPlus" time="0.979"/>
  <system-out/>
  <testcase classname="AutoTest.ClassifireIsAllRussianTest" name="getOkpdGuidNotExist" time="1.003"/>
  <system-out/>
  <testcase classname="AutoTest.ClassifireIsAllRussianTest" name="getOkpdListStepMaxPlus" time="1.003"/>
  <system-out/>
  <testcase classname="AutoTest.ClassifireIsAllRussianTest" name="getOkpdListStepMaxPlus" time="0.747"/>
  <system-out/>
  <testcase classname="AutoTest.ClassifireIsAllRussianTest" name="getCountryList" time="1.081"/>
  <system-out/>
  <testcase classname="AutoTest.ClassifireIsAllRussianTest" name="getRegionList" time="1.036"/>
  <system-out/>
  <testcase classname="AutoTest.ClassifireIsAllRussianTest" name="getTnvedGuidNotExist" time="1.118"/>
  <system-out/>
  <testcase classname="AutoTest.ClassifireIsAllRussianTest" name="getRegionList" time="1.000"/>
  <system-out/>
  <testcase classname="AutoTest.ClassifireIsAllRussianTest" name="getCountryGuidNotExist" time="1.040"/>
  <system-out/>
  <testcase classname="AutoTest.ClassifireIsAllRussianTest" name="getBankListStepMaxPlus" time="1.038"/>
  <system-out/>
  <testcase classname="AutoTest.ClassifireIsAllRussianTest" name="getOkpdListStepMaxPlus" time="1.000"/>
  <system-out/>
  <testcase classname="AutoTest.ClassifireIsAllRussianTest" name="getRegionListStepMaxPlus" time="0.955"/>
  <system-out/>
  <testcase classname="AutoTest.ClassifireIsAllRussianTest" name="getCurrencyGuidNotExist" time="0.989"/>
  <system-out/>
  <testcase classname="AutoTest.ClassifireIsAllRussianTest" name="getOkvedList" time="0.929"/>
  <system-out/>
  <testcase classname="AutoTest.ClassifireIsAllRussianTest" name="getOkvedList" time="0.985"/>
  <system-out/>
  <testcase classname="AutoTest.ClassifireIsAllRussianTest" name="getRegionListStepMaxPlus" time="1.065"/>
  <system-out/>
  <testcase classname="AutoTest.ClassifireIsAllRussianTest" name="getOkvedListStepIsEmpty" time="1.173"/>
  <system-out/>
  <testcase classname="AutoTest.ClassifireIsAllRussianTest" name="getOkvedGuidNotExist" time="0.939"/>
  <system-out/>
  <testcase classname="AutoTest.ClassifireIsAllRussianTest" name="getBankList" time="0.997"/>
  <system-out/>
  <testcase classname="AutoTest.ClassifireIsAllRussianTest" name="getTnvedGuidNotExist" time="1.052"/>
  <system-out/>
  <testcase classname="AutoTest.ClassifireIsAllRussianTest" name="getRegionList" time="1.076"/>
  <system-out/>
  <testcase classname="AutoTest.ClassifireIsAllRussianTest" name="getTnvedList" time="1.056"/>
  <system-out/>
  <testcase classname="AutoTest.ClassifireIsAllRussianTest" name="getTnvedListStepMaxPlus" time="1.005"/>
  <system-out/>
  <testcase classname="AutoTest.ClassifireIsAllRussianTest" name="getBankListStepMaxPlus" time="1.070"/>
  <system-out/>
  <testcase classname="AutoTest.ClassifireIsAllRussianTest" name="getCurrencyGuidNotExist" time="1.103"/>
  <system-out/>
  <testcase classname="AutoTest.ClassifireIsAllRussianTest" name="getOkopfGuidNotExist" time="0.838"/>
  <system-out/>
  <testcase classname="AutoTest.ClassifireIsAllRussianTest" name="getOkvedListStepMaxPlus" time="0.943"/>
  <system-out/>
  <testcase classname="AutoTest.ClassifireIsAllRussianTest" name="getRegionListStepMaxPlus" time="1.001"/>
  <system-out/>
  <testcase classname="AutoTest.ClassifireIsAllRussianTest" name="getOkopfGuid" time="1.162"/>
  <system-out/>
  <testcase classname="AutoTest.ClassifireIsAllRussianTest" name="getRegionGuidNotExist" time="0.987"/>
  <system-out/>
  <testcase classname="AutoTest.ClassifireIsAllRussianTest" name="getBankListStepMaxPlus" time="1.055"/>
  <system-out/>
  <testcase classname="AutoTest.ClassifireIsAllRussianTest" name="getTnvedList" time="0.939"/>
  <system-out/>
  <testcase classname="AutoTest.ClassifireIsAllRussianTest" name="getRegionGuidNotExist" time="1.006"/>
  <system-out/>
  <testcase classname="AutoTest.ClassifireIsAllRussianTest" name="getCountryListStepMaxPlus" time="1.017"/>
  <system-out/>
  <testcase classname="AutoTest.ClassifireIsAllRussianTest" name="getOkpdListStepMaxPlus" time="0.979"/>
  <system-out/>
  <testcase classname="AutoTest.ClassifireIsAllRussianTest" name="getTnvedList" time="1.086"/>
  <system-out/>
  <testcase classname="AutoTest.ClassifireIsAllRussianTest" name="getOkvedGuidNotExist" time="1.001"/>
  <system-out/>
  <testcase classname="AutoTest.ClassifireIsAllRussianTest" name="getRegionList" time="1.003"/>
  <system-out/>
  <testcase classname="AutoTest.ClassifireIsAllRussianTest" name="getOkvedList" time="1.160"/>
  <system-out/>
  <testcase classname="AutoTest.ClassifireIsAllRussianTest" name="getCurrencyGuidNotExist" time="0.979"/>
  <system-out/>
  <testcase classname="AutoTest.ClassifireIsAllRussianTest" name="getCurrencyListStepMaxPlus" time="1.014"/>
  <system-out/>
  <testcase classname="AutoTest.ClassifireIsAllRussianTest" name="getTnvedListStepMaxPlus" time="0.489"/>
  <system-out/>
  <testcase classname="AutoTest.ClassifireIsAllRussianTest" name="getCurrencyListStepMaxPlus" time="1.015"/>
  <system-out/>
  <testcase classname="AutoTest.ClassifireIsAllRussianTest" name="getTnvedListStepMaxPlus" time="0.991"/>
  <system-out/>
  <testcase classname="AutoTest.ClassifireIsAllRussianTest" name="getBankListStepMaxPlus" time="0.981"/>
  <system-out/>
  <testcase classname="AutoTest.ClassifireIsAllRussianTest" name="getOkvedGuidNotExist" time="1.019"/>
  <system-out/>
  <testcase classname="AutoTest.ClassifireIsAllRussianTest" name="getTnvedListStepMaxPlus" time="1.007"/>
  <system-out/>
  <testcase classname="AutoTest.ClassifireIsAllRussianTest" name="getCountryGuidNotExist" time="0.956"/>
  <system-out/>
  <testcase classname="AutoTest.ClassifireIsAllRussianTest" name="getCountryGuidNotExist" time="1.018"/>
  <system-out/>
  <testcase classname="AutoTest.ClassifireIsAllRussianTest" name="getTnvedListStepMaxPlus" time="1.011"/>
  <system-out/>
  <testcase classname="AutoTest.ClassifireIsAllRussianTest" name="getTnvedList" time="1.783"/>
  <system-out/>
  <testcase classname="AutoTest.ClassifireIsAllRussianTest" name="getOkpdGuidNotExist" time="1.010"/>
  <system-out/>
  <testcase classname="AutoTest.ClassifireIsAllRussianTest" name="getOkvedListStepMaxPlus" time="0.983"/>
  <system-out/>
  <testcase classname="AutoTest.ClassifireIsAllRussianTest" name="getBankList" time="1.324"/>
  <system-out/>
  <testcase classname="AutoTest.ClassifireIsAllRussianTest" name="getTnvedGuid" time="1.136"/>
  <system-out/>
  <testcase classname="AutoTest.ClassifireIsAllRussianTest" name="getOkvedListStepMaxPlus" time="0.996"/>
  <system-out/>
  <testcase classname="AutoTest.ClassifireIsAllRussianTest" name="getOkvedListStepMaxPlus" time="0.944"/>
  <system-out/>
  <testcase classname="AutoTest.ClassifireIsAllRussianTest" name="getRegionListStepMaxPlus" time="0.877"/>
  <system-out/>
  <testcase classname="AutoTest.ClassifireIsAllRussianTest" name="getOkopfGuidNotExist" time="1.006"/>
  <system-out/>
  <testcase classname="AutoTest.ClassifireIsAllRussianTest" name="getCountryListStepMaxPlus" time="0.946"/>
  <system-out/>
  <testcase classname="AutoTest.ClassifireIsAllRussianTest" name="getRegionListStepMaxPlus" time="0.941"/>
  <system-out/>
  <testcase classname="AutoTest.ClassifireIsAllRussianTest" name="getOkpdList" time="1.106"/>
  <system-out/>
  <testcase classname="AutoTest.ClassifireIsAllRussianTest" name="getCurrencyList" time="1.012"/>
  <system-out/>
  <testcase classname="AutoTest.ClassifireIsAllRussianTest" name="getRegionGuidNotExist" time="1.056"/>
  <system-out/>
  <testcase classname="AutoTest.ClassifireIsAllRussianTest" name="getOkvedGuidNotExist" time="1.070"/>
  <system-out/>
  <testcase classname="AutoTest.ClassifireIsAllRussianTest" name="getCurrencyListStepMaxPlus" time="1.014"/>
  <system-out/>
  <testcase classname="AutoTest.ClassifireIsAllRussianTest" name="getBankListStepMaxPlus" time="0.637"/>
  <system-out/>
  <testcase classname="AutoTest.ClassifireIsAllRussianTest" name="getTnvedListStepMaxPlus" time="0.997"/>
  <system-out/>
  <testcase classname="AutoTest.ClassifireIsAllRussianTest" name="getCountryListStepMaxPlus" time="1.047"/>
  <system-out/>
  <testcase classname="AutoTest.ClassifireIsAllRussianTest" name="getOkvedList" time="0.979"/>
  <system-out/>
  <testcase classname="AutoTest.ClassifireIsAllRussianTest" name="getBankList" time="1.183"/>
  <system-out/>
  <testcase classname="AutoTest.ClassifireIsAllRussianTest" name="getCountryListStepMaxPlus" time="1.012"/>
  <system-out/>
  <testcase classname="AutoTest.ClassifireIsAllRussianTest" name="getTnvedListStepIsEmpty" time="1.022"/>
  <system-out/>
  <testcase classname="AutoTest.ClassifireIsAllRussianTest" name="getCountryListStepMaxPlus" time="0.977"/>
  <system-out/>
  <testcase classname="AutoTest.ClassifireIsAllRussianTest" name="getBankGuidNotExist" time="0.943"/>
  <system-out/>
  <testcase classname="AutoTest.ClassifireIsAllRussianTest" name="getOkopfList" time="0.973"/>
  <system-out/>
  <testcase classname="AutoTest.ClassifireIsAllRussianTest" name="getOkpdGuidNotExist" time="0.908"/>
  <system-out/>
  <testcase classname="AutoTest.ClassifireIsAllRussianTest" name="getCurrencyGuid" time="1.026"/>
  <system-out/>
  <testcase classname="AutoTest.ClassifireIsAllRussianTest" name="getBankListStepMaxPlus" time="1.039"/>
  <system-out/>
  <testcase classname="AutoTest.ClassifireIsAllRussianTest" name="getCountryList" time="0.994"/>
  <system-out/>
  <testcase classname="AutoTest.ClassifireIsAllRussianTest" name="getOkvedGuidNotExist" time="0.978"/>
  <system-out/>
  <testcase classname="AutoTest.ClassifireIsAllRussianTest" name="getOkpdListStepMaxPlus" time="1.034"/>
  <system-out/>
  <testcase classname="AutoTest.ClassifireIsAllRussianTest" name="getRegionListStepMaxPlus" time="0.971"/>
  <system-out/>
  <testcase classname="AutoTest.ClassifireIsAllRussianTest" name="getTnvedListStepMaxPlus" time="1.001"/>
  <system-out/>
  <testcase classname="AutoTest.ClassifireIsAllRussianTest" name="getOkopfListStepMaxPlus" time="1.030"/>
  <system-out/>
  <testcase classname="AutoTest.ClassifireIsAllRussianTest" name="getBankListStepMaxPlus" time="0.936"/>
  <system-out/>
  <testcase classname="AutoTest.ClassifireIsAllRussianTest" name="getOkopfListStepMaxPlus" time="0.989"/>
  <system-out/>
  <testcase classname="AutoTest.ClassifireIsAllRussianTest" name="getOkopfListStepMaxPlus" time="1.033"/>
  <system-out/>
  <testcase classname="AutoTest.ClassifireIsAllRussianTest" name="getOkopfListStepMaxPlus" time="1.001"/>
  <system-out/>
  <testcase classname="AutoTest.ClassifireIsAllRussianTest" name="getOkopfGuidNotExist" time="0.992"/>
  <system-out/>
  <testcase classname="AutoTest.ClassifireIsAllRussianTest" name="getOkpdList" time="0.983"/>
  <system-out/>
  <testcase classname="AutoTest.ClassifireIsAllRussianTest" name="getCurrencyListStepIsEmpty" time="1.010"/>
  <system-out/>
  <testcase classname="AutoTest.ClassifireIsAllRussianTest" name="getTnvedGuidNotExist" time="0.957"/>
  <system-out/>
  <testcase classname="AutoTest.ClassifireIsAllRussianTest" name="getOkopfList" time="0.965"/>
  <system-out/>
  <testcase classname="AutoTest.ClassifireIsAllRussianTest" name="getCurrencyGuidNotExist" time="0.977"/>
  <system-out/>
  <testcase classname="AutoTest.ClassifireIsAllRussianTest" name="getBankListStepIsEmpty" time="0.925"/>
  <system-out/>
  <testcase classname="AutoTest.ClassifireIsAllRussianTest" name="getOkvedListStepMaxPlus" time="1.099"/>
  <system-out/>
  <testcase classname="AutoTest.ClassifireIsAllRussianTest" name="getOkopfGuidNotExist" time="0.978"/>
  <system-out/>
  <testcase classname="AutoTest.ClassifireIsAllRussianTest" name="getOkvedGuidNotExist" time="1.039"/>
  <system-out/>
  <testcase classname="AutoTest.ClassifireIsAllRussianTest" name="getCountryGuidNotExist" time="0.955"/>
  <system-out/>
  <testcase classname="AutoTest.ClassifireIsAllRussianTest" name="getCurrencyGuidNotExist" time="0.968"/>
  <system-out/>
  <testcase classname="AutoTest.ClassifireIsAllRussianTest" name="getBankGuidNotExist" time="1.090"/>
  <system-out/>
  <testcase classname="AutoTest.ClassifireIsAllRussianTest" name="getCountryListStepIsEmpty" time="1.027"/>
  <system-out/>
  <testcase classname="AutoTest.ClassifireIsAllRussianTest" name="getBankGuidNotExist" time="1.046"/>
  <system-out/>
  <testcase classname="AutoTest.ClassifireIsAllRussianTest" name="getRegionGuidNotExist" time="0.967"/>
  <system-out/>
  <testcase classname="AutoTest.ClassifireIsAllRussianTest" name="getRegionGuidNotExist" time="0.973"/>
  <system-out/>
  <testcase classname="AutoTest.ClassifireIsAllRussianTest" name="getCurrencyGuidNotExist" time="0.923"/>
  <system-out/>
  <testcase classname="AutoTest.ClassifireIsAllRussianTest" name="getCurrencyListStepMaxPlus" time="1.019"/>
  <system-out/>
  <testcase classname="AutoTest.ClassifireIsAllRussianTest" name="getOkvedList" time="1.027"/>
  <system-out/>
  <testcase classname="AutoTest.ClassifireIsAllRussianTest" name="getOkopfListStepMaxPlus" time="1.041"/>
  <system-out/>
  <testcase classname="AutoTest.ClassifireIsAllRussianTest" name="getOkvedListStepMaxPlus" time="1.012"/>
  <system-out/>
  <testcase classname="AutoTest.ClassifireIsAllRussianTest" name="getCountryList" time="0.992"/>
  <system-out/>
  <testcase classname="AutoTest.ClassifireIsAllRussianTest" name="getCountryGuidNotExist" time="1.014"/>
  <system-out/>
  <testcase classname="AutoTest.ClassifireIsAllRussianTest" name="getOkpdListStepMaxPlus" time="1.029"/>
  <system-out/>
  <testcase classname="AutoTest.ClassifireIsAllRussianTest" name="getOkvedGuid" time="1.034"/>
  <system-out/>
  <testcase classname="AutoTest.ClassifireIsAllRussianTest" name="getOkpdGuidNotExist" time="1.064"/>
  <system-out/>
  <testcase classname="AutoTest.ClassifireIsAllRussianTest" name="getOkopfListStepMaxPlus" time="0.954"/>
  <system-out/>
  <testcase classname="AutoTest.ClassifireIsAllRussianTest" name="getOkvedListStepMaxPlus" time="1.018"/>
  <system-out/>
  <testcase classname="AutoTest.ClassifireIsAllRussianTest" name="getOkopfListStepMaxPlus" time="0.985"/>
  <system-out/>
  <testcase classname="AutoTest.ClassifireIsAllRussianTest" name="getCountryGuidNotExist" time="0.970"/>
  <system-out/>
  <testcase classname="AutoTest.ClassifireIsAllRussianTest" name="getCurrencyListStepMaxPlus" time="0.971"/>
  <system-out/>
  <testcase classname="AutoTest.ClassifireIsAllRussianTest" name="getOkopfGuidNotExist" time="1.070"/>
  <system-out/>
  <testcase classname="AutoTest.ClassifireIsAllRussianTest" name="getOkpdList" time="1.004"/>
  <system-out/>
  <testcase classname="AutoTest.ClassifireIsAllRussianTest" name="getCountryListStepMaxPlus" time="0.980"/>
  <system-out/>
  <testcase classname="AutoTest.ClassifireIsAllRussianTest" name="getCurrencyListStepMaxPlus" time="0.964"/>
  <system-out/>
  <testcase classname="AutoTest.ClassifireIsAllRussianTest" name="getTnvedGuidNotExist" time="0.910"/>
  <system-out/>
  <testcase classname="AutoTest.ClassifireIsAllRussianTest" name="getBankGuidNotExist" time="0.779"/>
  <system-out/>
  <testcase classname="AutoTest.ClassifireIsAllRussianTest" name="getCurrencyListStepMaxPlus" time="0.920"/>
  <system-out/>
  <testcase classname="AutoTest.ClassifireIsAllRussianTest" name="getBankList" time="1.131"/>
  <system-out/>
  <testcase classname="AutoTest.ClassifireIsAllRussianTest" name="getCountryListStepMaxPlus" time="0.989"/>
  <system-out/>
  <testcase classname="AutoTest.ClassifireIsAllRussianTest" name="getRegionListStepMaxPlus" time="1.053"/>
  <system-out/>
  <testcase classname="AutoTest.ClassifireIsAllRussianTest" name="getTnvedGuidNotExist" time="0.879"/>
  <system-out/>
  <testcase classname="AutoTest.ClassifireIsAllRussianTest" name="getCountryListStepMaxPlus" time="1.056"/>
  <system-out/>
  <testcase classname="AutoTest.ClassifireIsAllRussianTest" name="getTnvedGuidNotExist" time="0.994"/>
  <system-out/>
  <testcase classname="AutoTest.ClassifireIsAllRussianTest" name="getOkpdListStepMaxPlus" time="1.002"/>
  <system-out/>
  <testcase classname="AutoTest.ClassifireIsAllRussianTest" name="getOkvedListStepMaxPlus" time="1.006"/>
  <system-out/>
  <testcase classname="AutoTest.ClassifireIsAllRussianTest" name="getRegionGuid" time="1.066"/>
  <system-out/>
  <testcase classname="AutoTest.ClassifireIsAllRussianTest" name="getCountryList" time="0.994"/>
  <system-out/>
  <testcase classname="AutoTest.ClassifireIsAllRussianTest" name="getTnvedListStepMaxPlus" time="0.968"/>
  <system-out/>
  <testcase classname="AutoTest.ClassifireIsAllRussianTest" name="getRegionGuidNotExist" time="0.991"/>
  <system-out/>
  <testcase classname="AutoTest.ClassifireIsAllRussianTest" name="getOkopfGuidNotExist" time="0.994"/>
  <system-out/>
  <testcase classname="AutoTest.ClassifireIsAllRussianTest" name="getCurrencyListStepMaxPlus" time="0.998"/>
  <system-out/>
  <testcase classname="AutoTest.ClassifireIsAllRussianTest" name="getCountryListStepMaxPlus" time="1.043"/>
  <system-out/>
  <testcase classname="AutoTest.ClassifireIsAllRussianTest" name="getBankGuidNotExist" time="1.008"/>
  <system-out/>
  <testcase classname="AutoTest.ClassifireIsAllRussianTest" name="getOkopfGuidNotExist" time="1.016"/>
  <system-out/>
  <testcase classname="AutoTest.ClassifireIsAllRussianTest" name="getBankGuidNotExist" time="0.984"/>
  <system-out/>
  <testcase classname="AutoTest.ClassifireIsAllRussianTest" name="getOkvedListStepMaxPlus" time="0.990"/>
  <system-out/>
  <testcase classname="AutoTest.ClassifireIsAllRussianTest" name="getTnvedList" time="1.191"/>
  <system-out/>
  <testcase classname="AutoTest.ClassifireIsAllRussianTest" name="getOkpdListStepMaxPlus" time="1.008"/>
  <system-out/>
  <testcase classname="AutoTest.ClassifireIsAllRussianTest" name="getOkpdGuidNotExist" time="0.838"/>
  <system-out/>
  <testcase classname="AutoTest.ClassifireIsAllRussianTest" name="getRegionGuidNotExist" time="1.002"/>
  <system-out/>
  <testcase classname="AutoTest.ClassifireIsAllRussianTest" name="getTnvedListStepMaxPlus" time="1.025"/>
  <system-out/>
  <testcase classname="AutoTest.ClassifireIsAllRussianTest" name="getTnvedListStepMaxPlus" time="1.049"/>
  <system-out/>
  <testcase classname="AutoTest.ClassifireIsAllRussianTest" name="getOkopfList" time="1.042"/>
  <system-out/>
  <testcase classname="AutoTest.ClassifireIsAllRussianTest" name="getTnvedGuidNotExist" time="1.184"/>
  <system-out/>
  <testcase classname="AutoTest.ClassifireIsAllRussianTest" name="getRegionGuidNotExist" time="1.005"/>
  <system-out/>
  <testcase classname="AutoTest.ClassifireIsAllRussianTest" name="getOkopfListStepMaxPlus" time="0.937"/>
  <system-out/>
  <testcase classname="AutoTest.ClassifireIsAllRussianTest" name="getCurrencyListStepMaxPlus" time="1.039"/>
  <system-out/>
  <testcase classname="AutoTest.ClassifireIsAllRussianTest" name="getTnvedListStepMaxPlus" time="1.010"/>
  <system-out/>
  <testcase classname="AutoTest.ClassifireIsAllRussianTest" name="getCurrencyListStepMaxPlus" time="1.031"/>
  <system-out/>
  <testcase classname="AutoTest.ClassifireIsAllRussianTest" name="getOkvedGuidNotExist" time="1.073"/>
  <system-out/>
  <testcase classname="AutoTest.ClassifireIsAllRussianTest" name="getOkvedGuidNotExist" time="1.049"/>
  <system-out/>
  <testcase classname="AutoTest.ClassifireIsAllRussianTest" name="getOkopfGuidNotExist" time="0.989"/>
  <system-out/>
  <testcase classname="AutoTest.ClassifireIsAllRussianTest" name="getCurrencyGuidNotExist" time="0.986"/>
  <system-out/>
  <testcase classname="AutoTest.ClassifireIsAllRussianTest" name="getOkpdListStepMaxPlus" time="1.000"/>
  <system-out/>
  <testcase classname="AutoTest.ClassifireIsAllRussianTest" name="getOkpdGuidNotExist" time="1.007"/>
  <system-out/>
  <testcase classname="AutoTest.ClassifireIsAllRussianTest" name="getOkvedListStepMaxPlus" time="0.673"/>
  <system-out/>
  <testcase classname="AutoTest.ClassifireIsAllRussianTest" name="getRegionListStepMaxPlus" time="1.124"/>
  <system-out/>
  <testcase classname="AutoTest.ClassifireIsAllRussianTest" name="getOkpdGuidNotExist" time="0.992"/>
  <system-out/>
  <testcase classname="AutoTest.ClassifireIsAllRussianTest" name="getOkopfListStepMaxPlus" time="0.970"/>
  <system-out/>
  <testcase classname="AutoTest.ClassifireIsAllRussianTest" name="getBankListStepMaxPlus" time="1.000"/>
  <system-out/>
  <testcase classname="AutoTest.ClassifireIsAllRussianTest" name="getOkopfList" time="1.003"/>
  <system-out/>
  <testcase classname="AutoTest.ClassifireIsAllRussianTest" name="getBankGuid" time="0.932"/>
  <system-out/>
  <testcase classname="AutoTest.ClassifireIsAllRussianTest" name="getCurrencyListStepMaxPlus" time="1.048"/>
  <system-out/>
  <testcase classname="AutoTest.ClassifireIsAllRussianTest" name="getOkpdListStepMaxPlus" time="0.883"/>
  <system-out/>
  <testcase classname="AutoTest.ClassifireIsAllRussianTest" name="getOkvedListStepMaxPlus" time="0.909"/>
  <system-out/>
  <testcase classname="AutoTest.ClassifireIsAllRussianTest" name="getCurrencyGuidNotExist" time="1.073"/>
  <system-out/>
  <testcase classname="AutoTest.ClassifireIsAllRussianTest" name="getOkopfListStepMaxPlus" time="1.030"/>
  <system-out/>
  <testcase classname="AutoTest.ClassifireIsAllRussianTest" name="getCountryListStepMaxPlus" time="1.043"/>
  <system-out/>
  <testcase classname="AutoTest.ClassifireIsAllRussianTest" name="getOkpdGuidNotExist" time="1.011"/>
  <system-out/>
  <testcase classname="AutoTest.ClassifireIsAllRussianTest" name="getOkpdGuid" time="1.068"/>
  <system-out/>
  <testcase classname="AutoTest.ClassifireIsAllRussianTest" name="getRegionListStepMaxPlus" time="1.055"/>
  <system-out/>
  <testcase classname="AutoTest.ClassifireIsAllRussianTest" name="getRegionListStepMaxPlus" time="0.841"/>
  <system-out/>
  <testcase classname="AutoTest.ClassifireIsAllRussianTest" name="getCurrencyList" time="0.998"/>
  <system-out/>
  <testcase classname="AutoTest.ClassifireIsAllRussianTest" name="getTnvedListStepMaxPlus" time="1.002"/>
  <system-out/>
  <testcase classname="AutoTest.ClassifireIsAllRussianTest" name="getOkvedList" time="1.035"/>
  <system-out/>
  <testcase classname="AutoTest.ClassifireIsAllRussianTest" name="getBankListStepMaxPlus" time="0.956"/>
  <system-out/>
  <testcase classname="AutoTest.ClassifireIsAllRussianTest" name="getRegionListStepMaxPlus" time="0.989"/>
  <system-out/>
  <testcase classname="AutoTest.ClassifireIsAllRussianTest" name="getOkopfList" time="1.077"/>
  <system-out/>
  <testcase classname="AutoTest.ClassifireIsAllRussianTest" name="getOkopfListStepMaxPlus" time="0.806"/>
  <system-out/>
  <testcase classname="AutoTest.ClassifireIsAllRussianTest" name="getOkopfGuidNotExist" time="0.992"/>
  <system-out/>
  <testcase classname="AutoTest.ClassifireIsAllRussianTest" name="getOkopfListStepIsEmpty" time="1.072"/>
  <system-out/>
  <testcase classname="AutoTest.ClassifireIsAllRussianTest" name="getCountryList" time="1.057"/>
  <system-out/>
  <testcase classname="AutoTest.ClassifireIsAllRussianTest" name="getOkopfList" time="0.996"/>
  <system-out/>
  <testcase classname="AutoTest.ClassifireIsAllRussianTest" name="getOkpdList" time="1.032"/>
  <system-out/>
  <testcase classname="AutoTest.ClassifireIsAllRussianTest" name="getCountryListStepMaxPlus" time="0.996"/>
  <system-out/>
  <testcase classname="AutoTest.ClassifireIsAllRussianTest" name="getCurrencyListStepMaxPlus" time="0.988"/>
  <system-out/>
  <testcase classname="AutoTest.ClassifireIsAllRussianTest" name="getTnvedListStepMaxPlus" time="1.022"/>
  <system-out/>
  <testcase classname="AutoTest.ClassifireIsAllRussianTest" name="getCountryGuidNotExist" time="0.995"/>
  <system-out/>
  <testcase classname="AutoTest.ClassifireIsAllRussianTest" name="getTnvedGuidNotExist" time="0.999"/>
  <system-out/>
  <testcase classname="AutoTest.ClassifireIsAllRussianTest" name="getBankGuidNotExist" time="1.008"/>
  <system-out/>
  <testcase classname="AutoTest.ClassifireIsAllRussianTest" name="getCurrencyGuidNotExist" time="0.993"/>
  <system-out/>
  <testcase classname="AutoTest.ClassifireIsAllRussianTest" name="getOkpdList" time="1.153"/>
  <system-out/>
  <testcase classname="AutoTest.ClassifireIsAllRussianTest" name="getBankListStepMaxPlus" time="0.969"/>
  <system-out/>
  <testcase classname="AutoTest.ClassifireIsAllRussianTest" name="getOkvedListStepMaxPlus" time="1.060"/>
  <system-out/>
  <testcase classname="AutoTest.ClassifireIsAllRussianTest" name="getOkpdList" time="1.076"/>
  <system-out/>
  <testcase classname="AutoTest.ClassifireIsAllRussianTest" name="getOkopfListStepMaxPlus" time="1.012"/>
  <system-out/>
  <testcase classname="AutoTest.ClassifireIsAllRussianTest" name="getOkpdListStepIsEmpty" time="0.986"/>
  <system-out/>
  <testcase classname="AutoTest.ClassifireIsAllRussianTest" name="getCountryGuidNotExist" time="0.955"/>
  <system-out/>
  <testcase classname="AutoTest.ClassifireIsAllRussianTest" name="getBankGuidNotExist" time="1.043"/>
  <system-out/>
  <testcase classname="AutoTest.ClassifireIsAllRussianTest" name="getOkopfGuidNotExist" time="1.038"/>
  <system-out/>
  <testcase classname="AutoTest.ClassifireIsAllRussianTest" name="getOkvedListStepMaxPlus" time="1.008"/>
  <system-out/>
  <testcase classname="AutoTest.ClassifireIsAllRussianTest" name="getOkvedListStepMaxPlus" time="0.976"/>
  <system-out/>
  <testcase classname="AutoTest.ClassifireIsAllRussianTest" name="getTnvedList" time="1.414"/>
  <system-out/>
  <testcase classname="AutoTest.ClassifireIsAllRussianTest" name="getRegionListStepMaxPlus" time="0.988"/>
  <system-out/>
  <testcase classname="AutoTest.ClassifireIsAllRussianTest" name="getCurrencyList" time="1.024"/>
  <system-out/>
  <testcase classname="AutoTest.ClassifireIsAllRussianTest" name="getOkpdGuidNotExist" time="1.019"/>
  <system-out/>
  <testcase classname="AutoTest.ClassifireIsAllRussianTest" name="getRegionListStepMaxPlus" time="1.082"/>
  <system-out/>
  <testcase classname="AutoTest.ClassifireIsAllRussianTest" name="getTnvedListStepMaxPlus" time="0.983"/>
  <system-out/>
  <testcase classname="AutoTest.ClassifireIsAllRussianTest" name="getRegionList" time="1.021"/>
  <system-out/>
  <testcase classname="AutoTest.ClassifireIsAllRussianTest" name="getOkpdListStepMaxPlus" time="0.978"/>
  <system-out/>
  <testcase classname="AutoTest.ClassifireIsAllRussianTest" name="getBankList" time="0.870"/>
  <system-out/>
  <testcase classname="AutoTest.ClassifireIsAllRussianTest" name="getTnvedGuidNotExist" time="0.912"/>
  <system-out/>
  <testcase classname="AutoTest.ClassifireIsAllRussianTest" name="getBankListStepMaxPlus" time="1.122"/>
  <system-out/>
  <testcase classname="AutoTest.ClassifireIsAllRussianTest" name="getRegionList" time="0.998"/>
  <system-out/>
  <testcase classname="AutoTest.ClassifireIsAllRussianTest" name="getCurrencyGuidNotExist" time="1.017"/>
  <system-out/>
  <testcase classname="AutoTest.ClassifireIsAllRussianTest" name="getCountryGuid" time="1.124"/>
  <system-out/>
  <testcase classname="AutoTest.ClassifireIsAllRussianTest" name="getRegionListStepMaxPlus" time="1.001"/>
  <system-out/>
  <testcase classname="AutoTest.ClassifireIsAllRussianTest" name="getBankListStepMaxPlus" time="0.909"/>
  <system-out/>
  <testcase classname="AutoTest.ClassifireIsAllRussianTest" name="getRegionListStepMaxPlus" time="0.943"/>
  <system-out/>
  <testcase classname="AutoTest.ClassifireIsAllRussianTest" name="getCurrencyListStepMaxPlus" time="0.953"/>
  <system-out/>
  <testcase classname="AutoTest.ClassifireIsAllRussianTest" name="getBankListStepMaxPlus" time="0.991"/>
  <system-out/>
  <testcase classname="AutoTest.ClassifireIsAllRussianTest" name="getOkvedListStepMaxPlus" time="1.017"/>
  <system-out/>
  <testcase classname="AutoTest.ClassifireIsAllRussianTest" name="getRegionListStepIsEmpty" time="1.017"/>
  <system-out/>
  <testcase classname="AutoTest.ClassifireIsAllRussianTest" name="getCurrencyListStepMaxPlus" time="0.993"/>
  <system-out/>
  <testcase classname="AutoTest.ClassifireIsAllRussianTest" name="getCurrencyGuidNotExist" time="0.968"/>
  <system-out/>
  <testcase classname="AutoTest.ClassifireIsAllRussianTest" name="getTnvedListStepMaxPlus" time="0.978"/>
  <system-out/>
  <testcase classname="AutoTest.ClassifireIsAllRussianTest" name="getOkpdGuidNotExist" time="0.974"/>
  <system-out/>
  <testcase classname="AutoTest.ClassifireIsAllRussianTest" name="getCurrencyList" time="0.990"/>
  <system-out/>
  <testcase classname="AutoTest.ClassifireIsAllRussianTest" name="getOkvedGuidNotExist" time="0.987"/>
  <system-out/>
  <testcase classname="AutoTest.ClassifireIsAllRussianTest" name="getOkpdListStepMaxPlus" time="1.047"/>
  <system-out/>
  <testcase classname="AutoTest.ClassifireIsAllRussianTest" name="getCountryGuidNotExist" time="1.046"/>
  <system-out/>
  <testcase classname="AutoTest.ClassifireIsAllRussianTest" name="getRegionGuidNotExist" time="1.048"/>
  <system-out/>
  <testcase classname="AutoTest.ClassifireIsAllRussianTest" name="getCountryGuidNotExist" time="1.063"/>
  <system-out/>
  <testcase classname="AutoTest.ClassifireIsAllRussianTest" name="getCountryListStepMaxPlus" time="0.988"/>
  <system-out/>
  <testcase classname="AutoTest.ClassifireIsAllRussianTest" name="getOkopfListStepMaxPlus" time="1.003"/>
  <system-out/>
  <testcase classname="AutoTest.ClassifireIsAllRussianTest" name="getCurrencyList" time="1.013"/>
  <system-out/>
  <testcase classname="AutoTest.ClassifireIsAllRussianTest" name="getCountryList" time="0.931"/>
  <system-out/>
  <testcase classname="AutoTest.ClassifireIsAllRussianTest" name="getOkvedGuidNotExist" time="0.918"/>
  <system-out/>
  <testcase classname="AutoTest.ClassifireIsAllRussianTest" name="getCountryListStepMaxPlus" time="0.991"/>
  <system-out/>
  <testcase classname="AutoTest.ClassifireIsAllRussianTest" name="getOkpdListStepMaxPlus" time="0.993"/>
  <system-out/>
  <testcase classname="AutoTest.ClassifireIsAllRussianTest" name="getOkpdListStepMaxPlus" time="1.018"/>
  <system-out/>
  <testcase classname="AutoTest.ClassifireIsAllRussianTest" name="getCurrencyListStepMaxPlus" time="1.030"/>
  <system-out/>
  <testcase classname="AutoTest.ClassifireIsAllRussianTest" name="getBankGuidNotExist" time="0.940"/>
  <system-out/>
  <testcase classname="AutoTest.ClassifireIsAllRussianTest" name="getBankGuidNotExist" time="0.914"/>
  <system-out/>
</testsuite> <!-- AutoTest.ClassifireIsAllRussianTest -->
