<?xml version="1.0" encoding="UTF-8"?>
<!-- Generated by org.testng.reporters.JUnitReportReporter -->
<testsuite hostname="DESKTOP-EKIHJ54" failures="0" tests="12" name="AutoTest.ApplicationTest" time="19.429" errors="0" timestamp="2024-02-05T09:00:35 MSK" skipped="0">
  <testcase classname="AutoTest.ApplicationTest" name="getChangeRequestGuidNegative" time="0.963"/>
  <system-out/>
  <testcase classname="AutoTest.ApplicationTest" name="getChangeRequestGuidNegative" time="1.066"/>
  <system-out/>
  <testcase classname="AutoTest.ApplicationTest" name="getChangeRequestGuidNegative" time="0.989"/>
  <system-out/>
  <testcase classname="AutoTest.ApplicationTest" name="getChangeRequestGuidNegative" time="0.974"/>
  <system-out/>
  <testcase classname="AutoTest.ApplicationTest" name="getChangeRequestGuidNegative" time="1.056"/>
  <system-out/>
  <testcase classname="AutoTest.ApplicationTest" name="getChangeRequestGuidNegative" time="0.792"/>
  <system-out/>
  <testcase classname="AutoTest.ApplicationTest" name="getChangeRequestGuidNegative" time="0.978"/>
  <system-out/>
  <testcase classname="AutoTest.ApplicationTest" name="getChangeRequestGuidNegative" time="1.011"/>
  <system-out/>
  <testcase classname="AutoTest.ApplicationTest" name="getChangeRequestGuidNegative" time="1.049"/>
  <system-out/>
  <testcase classname="AutoTest.ApplicationTest" name="getChangeRequestGuidNegative" time="1.064"/>
  <system-out/>
  <testcase classname="AutoTest.ApplicationTest" name="getChangeRequestGuid" time="8.499"/>
  <system-out/>
  <testcase classname="AutoTest.ApplicationTest" name="getChangeRequestGuidNegative" time="0.988"/>
  <system-out/>
</testsuite> <!-- AutoTest.ApplicationTest -->
