<?xml version="1.0" encoding="UTF-8"?>
<!-- Generated by org.testng.reporters.JUnitReportReporter -->
<testsuite hostname="DESKTOP-EKIHJ54" failures="0" tests="71" name="AutoTest.NomenclatureTest" time="196.682" errors="0" timestamp="2024-01-24T09:05:30 MSK" skipped="0">
  <testcase classname="AutoTest.NomenclatureTest" name="getNomenclatureSearchBodyIsEmpty" time="1.187"/>
  <system-out/>
  <testcase classname="AutoTest.NomenclatureTest" name="getNomenclatureSearchBodyIsEmpty" time="2.005"/>
  <system-out/>
  <testcase classname="AutoTest.NomenclatureTest" name="getNomenclatureSearchDataProviderServiceIsAbsent" time="1.128"/>
  <system-out/>
  <testcase classname="AutoTest.NomenclatureTest" name="getNomenclatureGuidDataProvider" time="0.977"/>
  <system-out/>
  <testcase classname="AutoTest.NomenclatureTest" name="getNomenclatureGuidDataProvider" time="0.925"/>
  <system-out/>
  <testcase classname="AutoTest.NomenclatureTest" name="getNomenclatureSearchNegative" time="1.017"/>
  <system-out/>
  <testcase classname="AutoTest.NomenclatureTest" name="getNomenclatureSearchNegative" time="0.984"/>
  <system-out/>
  <testcase classname="AutoTest.NomenclatureTest" name="getNomenclatureSearchNegative" time="1.052"/>
  <system-out/>
  <testcase classname="AutoTest.NomenclatureTest" name="getNomenclatureSearchNegativeSte" time="0.998"/>
  <system-out/>
  <testcase classname="AutoTest.NomenclatureTest" name="getNomenclatureSearchNegative" time="1.012"/>
  <system-out/>
  <testcase classname="AutoTest.NomenclatureTest" name="getNomenclatureSearchNegative" time="0.996"/>
  <system-out/>
  <testcase classname="AutoTest.NomenclatureTest" name="getNomenclatureSearchNegative" time="1.076"/>
  <system-out/>
  <testcase classname="AutoTest.NomenclatureTest" name="getNomenclatureSearchBodyIsEmpty" time="4.072"/>
  <system-out/>
  <testcase classname="AutoTest.NomenclatureTest" name="getNomenclatureGuidDataProvider" time="1.000"/>
  <system-out/>
  <testcase classname="AutoTest.NomenclatureTest" name="getNomenclatureSearchNegative" time="0.989"/>
  <system-out/>
  <testcase classname="AutoTest.NomenclatureTest" name="getNomenclatureSearchBodyIsEmpty" time="1.157"/>
  <system-out/>
  <testcase classname="AutoTest.NomenclatureTest" name="getNomenclatureSearchDataProviderServiceIsAbsent" time="1.783"/>
  <system-out/>
  <testcase classname="AutoTest.NomenclatureTest" name="getNomenclatureSearchDataProviderServiceIsAbsent" time="2.804"/>
  <system-out/>
  <testcase classname="AutoTest.NomenclatureTest" name="getNomenclatureSearchBodyIsEmpty" time="3.987"/>
  <system-out/>
  <testcase classname="AutoTest.NomenclatureTest" name="getNomenclatureSearchNegative" time="0.567"/>
  <system-out/>
  <testcase classname="AutoTest.NomenclatureTest" name="getNomenclatureGuidDataProvider" time="1.032"/>
  <system-out/>
  <testcase classname="AutoTest.NomenclatureTest" name="getNomenclatureGuidDataProvider" time="0.978"/>
  <system-out/>
  <testcase classname="AutoTest.NomenclatureTest" name="getNomenclatureSearchBodyIsEmpty" time="1.737"/>
  <system-out/>
  <testcase classname="AutoTest.NomenclatureTest" name="getNomenclatureSearchNegative" time="0.984"/>
  <system-out/>
  <testcase classname="AutoTest.NomenclatureTest" name="getNomenclatureSearchDataProviderService" time="78.027"/>
  <system-out/>
  <testcase classname="AutoTest.NomenclatureTest" name="getNomenclatureSearchDataProviderService" time="2.695"/>
  <system-out/>
  <testcase classname="AutoTest.NomenclatureTest" name="getNomenclatureSearchDataProviderServiceIsAbsent" time="2.209"/>
  <system-out/>
  <testcase classname="AutoTest.NomenclatureTest" name="getNomenclatureSearchBodyIsEmpty" time="1.791"/>
  <system-out/>
  <testcase classname="AutoTest.NomenclatureTest" name="getNomenclatureSearchDataProviderServiceIsAbsent" time="5.464"/>
  <system-out/>
  <testcase classname="AutoTest.NomenclatureTest" name="getNomenclatureSearchDataProviderService" time="3.365"/>
  <system-out/>
  <testcase classname="AutoTest.NomenclatureTest" name="getNomenclatureSearchNegative" time="0.898"/>
  <system-out/>
  <testcase classname="AutoTest.NomenclatureTest" name="getNomenclatureSearchNegative" time="1.002"/>
  <system-out/>
  <testcase classname="AutoTest.NomenclatureTest" name="getNomenclatureSearchBodyIsEmpty" time="2.025"/>
  <system-out/>
  <testcase classname="AutoTest.NomenclatureTest" name="getNomenclatureGuidDataProvider" time="1.009"/>
  <system-out/>
  <testcase classname="AutoTest.NomenclatureTest" name="getNomenclatureSearchBodyIsEmpty" time="3.016"/>
  <system-out/>
  <testcase classname="AutoTest.NomenclatureTest" name="getNomenclatureSearchNegative" time="0.939"/>
  <system-out/>
  <testcase classname="AutoTest.NomenclatureTest" name="getNomenclatureSearchNegativeSte" time="1.113"/>
  <system-out/>
  <testcase classname="AutoTest.NomenclatureTest" name="getNomenclatureGuidDataProvider" time="0.995"/>
  <system-out/>
  <testcase classname="AutoTest.NomenclatureTest" name="getNomenclatureGuid" time="1.094"/>
  <system-out/>
  <testcase classname="AutoTest.NomenclatureTest" name="getNomenclatureSearchNegative" time="1.061"/>
  <system-out/>
  <testcase classname="AutoTest.NomenclatureTest" name="getNomenclatureSearchNegativeSte" time="0.998"/>
  <system-out/>
  <testcase classname="AutoTest.NomenclatureTest" name="getNomenclatureSearchBodyIsEmpty" time="1.700"/>
  <system-out/>
  <testcase classname="AutoTest.NomenclatureTest" name="getNomenclatureSearchNegative" time="0.990"/>
  <system-out/>
  <testcase classname="AutoTest.NomenclatureTest" name="getNomenclatureSearchNegative" time="0.995"/>
  <system-out/>
  <testcase classname="AutoTest.NomenclatureTest" name="getNomenclatureSearchDataProviderService" time="3.406"/>
  <system-out/>
  <testcase classname="AutoTest.NomenclatureTest" name="getNomenclatureSearchNegativeSte" time="0.889"/>
  <system-out/>
  <testcase classname="AutoTest.NomenclatureTest" name="getNomenclatureSearchNegativeSte" time="0.810"/>
  <system-out/>
  <testcase classname="AutoTest.NomenclatureTest" name="getNomenclatureSearchDataProviderService" time="1.131"/>
  <system-out/>
  <testcase classname="AutoTest.NomenclatureTest" name="getNomenclatureSearchBodyIsEmpty" time="2.039"/>
  <system-out/>
  <testcase classname="AutoTest.NomenclatureTest" name="getNomenclatureSearchDataProviderService" time="1.970"/>
  <system-out/>
  <testcase classname="AutoTest.NomenclatureTest" name="getNomenclatureSearchNegative" time="0.998"/>
  <system-out/>
  <testcase classname="AutoTest.NomenclatureTest" name="getNomenclatureSearchNegative" time="1.001"/>
  <system-out/>
  <testcase classname="AutoTest.NomenclatureTest" name="getNomenclatureSearchDataProviderService" time="4.746"/>
  <system-out/>
  <testcase classname="AutoTest.NomenclatureTest" name="getNomenclatureSearchBodyIsEmpty" time="1.869"/>
  <system-out/>
  <testcase classname="AutoTest.NomenclatureTest" name="getNomenclatureSearchBodyIsEmpty" time="2.798"/>
  <system-out/>
  <testcase classname="AutoTest.NomenclatureTest" name="getNomenclatureSearchNegative" time="0.995"/>
  <system-out/>
  <testcase classname="AutoTest.NomenclatureTest" name="getNomenclatureSearchBodyIsEmpty" time="3.234"/>
  <system-out/>
  <testcase classname="AutoTest.NomenclatureTest" name="getNomenclatureSearchNegativeSte" time="1.305"/>
  <system-out/>
  <testcase classname="AutoTest.NomenclatureTest" name="getNomenclatureGuidDataProvider" time="0.990"/>
  <system-out/>
  <testcase classname="AutoTest.NomenclatureTest" name="getNomenclatureSearchBodyIsEmpty" time="1.181"/>
  <system-out/>
  <testcase classname="AutoTest.NomenclatureTest" name="getNomenclatureGuidDataProvider" time="0.989"/>
  <system-out/>
  <testcase classname="AutoTest.NomenclatureTest" name="getNomenclatureSearchDataProviderServiceIsAbsent" time="2.944"/>
  <system-out/>
  <testcase classname="AutoTest.NomenclatureTest" name="getNomenclatureSearchNegative" time="1.005"/>
  <system-out/>
  <testcase classname="AutoTest.NomenclatureTest" name="getNomenclatureSearchNegativeSte" time="1.044"/>
  <system-out/>
  <testcase classname="AutoTest.NomenclatureTest" name="getNomenclatureGuidDataProvider" time="0.990"/>
  <system-out/>
  <testcase classname="AutoTest.NomenclatureTest" name="getNomenclatureSearchNegative" time="1.024"/>
  <system-out/>
  <testcase classname="AutoTest.NomenclatureTest" name="getNomenclatureSearchNegativeSte" time="0.954"/>
  <system-out/>
  <testcase classname="AutoTest.NomenclatureTest" name="getNomenclatureSearchDataProviderServiceIsAbsent" time="5.167"/>
  <system-out/>
  <testcase classname="AutoTest.NomenclatureTest" name="getNomenclatureGuidDataProvider" time="1.022"/>
  <system-out/>
  <testcase classname="AutoTest.NomenclatureTest" name="getNomenclatureSearchType1" time="5.318"/>
  <system-out/>
  <testcase classname="AutoTest.NomenclatureTest" name="getNomenclatureSearchNegative" time="1.030"/>
  <system-out/>
</testsuite> <!-- AutoTest.NomenclatureTest -->
