<?xml version="1.0" encoding="UTF-8"?>
<!-- Generated by org.testng.reporters.JUnitReportReporter -->
<testsuite hostname="DESKTOP-EKIHJ54" failures="0" tests="92" name="AutoTest.ClassifireIsAllRussianTest" time="95.911" errors="0" timestamp="2023-10-30T17:55:06 MSK" skipped="0">
  <testcase classname="AutoTest.ClassifireIsAllRussianTest" name="getOkpdGuidNotExist" time="1.008"/>
  <system-out/>
  <testcase classname="AutoTest.ClassifireIsAllRussianTest" name="getOkvedListStepInjection" time="0.971"/>
  <system-out/>
  <testcase classname="AutoTest.ClassifireIsAllRussianTest" name="getTnvedGuidNotExist" time="1.008"/>
  <system-out/>
  <testcase classname="AutoTest.ClassifireIsAllRussianTest" name="getTnvedGuidTwoSpacies" time="0.996"/>
  <system-out/>
  <testcase classname="AutoTest.ClassifireIsAllRussianTest" name="getOkvedListStepDoubleType" time="1.072"/>
  <system-out/>
  <testcase classname="AutoTest.ClassifireIsAllRussianTest" name="getOkvedListStepSpaces" time="0.897"/>
  <system-out/>
  <testcase classname="AutoTest.ClassifireIsAllRussianTest" name="getTnvedListStepTwoSpacesAndDigit" time="0.981"/>
  <system-out/>
  <testcase classname="AutoTest.ClassifireIsAllRussianTest" name="getOkpdListStepSelect" time="0.992"/>
  <system-out/>
  <testcase classname="AutoTest.ClassifireIsAllRussianTest" name="getTnvedGuidNegativeNumber" time="1.008"/>
  <system-out/>
  <testcase classname="AutoTest.ClassifireIsAllRussianTest" name="getTnvedListStep1024" time="1.176"/>
  <system-out/>
  <testcase classname="AutoTest.ClassifireIsAllRussianTest" name="getOkpdGuidMaxMinus" time="0.975"/>
  <system-out/>
  <testcase classname="AutoTest.ClassifireIsAllRussianTest" name="getOkpdListStepTwoSpacesAndDigit" time="0.983"/>
  <system-out/>
  <testcase classname="AutoTest.ClassifireIsAllRussianTest" name="getTnvedGuidSelect" time="0.985"/>
  <system-out/>
  <testcase classname="AutoTest.ClassifireIsAllRussianTest" name="getOkpdGuidSelect" time="1.099"/>
  <system-out/>
  <testcase classname="AutoTest.ClassifireIsAllRussianTest" name="getOkpdListStepEqual100" time="1.211"/>
  <system-out/>
  <testcase classname="AutoTest.ClassifireIsAllRussianTest" name="getTnvedGuidMaxMinus" time="1.017"/>
  <system-out/>
  <testcase classname="AutoTest.ClassifireIsAllRussianTest" name="getTnvedListStepEqual6" time="0.900"/>
  <system-out/>
  <testcase classname="AutoTest.ClassifireIsAllRussianTest" name="getTnvedList" time="1.904"/>
  <system-out/>
  <testcase classname="AutoTest.ClassifireIsAllRussianTest" name="getOkvedListStep1024" time="0.642"/>
  <system-out/>
  <testcase classname="AutoTest.ClassifireIsAllRussianTest" name="getOkvedListStepNegativeNumber" time="1.141"/>
  <system-out/>
  <testcase classname="AutoTest.ClassifireIsAllRussianTest" name="getTnvedListStepMaxInteger" time="0.349"/>
  <system-out/>
  <testcase classname="AutoTest.ClassifireIsAllRussianTest" name="getTnvedListStepNegativeNumber" time="0.831"/>
  <system-out/>
  <testcase classname="AutoTest.ClassifireIsAllRussianTest" name="getTnvedGuidCombination" time="1.067"/>
  <system-out/>
  <testcase classname="AutoTest.ClassifireIsAllRussianTest" name="getOkpdListStepEqual199" time="1.064"/>
  <system-out/>
  <testcase classname="AutoTest.ClassifireIsAllRussianTest" name="getTnvedListStepDigitAndSpace" time="0.937"/>
  <system-out/>
  <testcase classname="AutoTest.ClassifireIsAllRussianTest" name="getTnvedListStepZero" time="1.112"/>
  <system-out/>
  <testcase classname="AutoTest.ClassifireIsAllRussianTest" name="getOkvedGuidMaxMinus" time="1.013"/>
  <system-out/>
  <testcase classname="AutoTest.ClassifireIsAllRussianTest" name="getOkpdListStepEqual5" time="0.825"/>
  <system-out/>
  <testcase classname="AutoTest.ClassifireIsAllRussianTest" name="getOkpdListStepIsEmpty" time="1.203"/>
  <system-out/>
  <testcase classname="AutoTest.ClassifireIsAllRussianTest" name="getTnvedGuidInjection" time="0.891"/>
  <system-out/>
  <testcase classname="AutoTest.ClassifireIsAllRussianTest" name="getOkvedListStepMaxInteger" time="0.580"/>
  <system-out/>
  <testcase classname="AutoTest.ClassifireIsAllRussianTest" name="getOkvedListStepSpecialSymbol" time="1.177"/>
  <system-out/>
  <testcase classname="AutoTest.ClassifireIsAllRussianTest" name="getOkpdListStepDoubleType" time="1.001"/>
  <system-out/>
  <testcase classname="AutoTest.ClassifireIsAllRussianTest" name="getOkvedGuidCombination" time="0.766"/>
  <system-out/>
  <testcase classname="AutoTest.ClassifireIsAllRussianTest" name="getOkvedListStepSelect" time="0.977"/>
  <system-out/>
  <testcase classname="AutoTest.ClassifireIsAllRussianTest" name="getOkpdGuid" time="1.073"/>
  <system-out/>
  <testcase classname="AutoTest.ClassifireIsAllRussianTest" name="getOkvedSpaciesIn" time="1.087"/>
  <system-out/>
  <testcase classname="AutoTest.ClassifireIsAllRussianTest" name="getTnvedListStepEqual100" time="1.257"/>
  <system-out/>
  <testcase classname="AutoTest.ClassifireIsAllRussianTest" name="getOkvedGuidSelect" time="0.997"/>
  <system-out/>
  <testcase classname="AutoTest.ClassifireIsAllRussianTest" name="getOkpdListStep1024" time="0.473"/>
  <system-out/>
  <testcase classname="AutoTest.ClassifireIsAllRussianTest" name="getTnvedListStepMaxPlus" time="1.007"/>
  <system-out/>
  <testcase classname="AutoTest.ClassifireIsAllRussianTest" name="getTnvedListStepDoubleType" time="1.000"/>
  <system-out/>
  <testcase classname="AutoTest.ClassifireIsAllRussianTest" name="getTnvedListStepInjection" time="0.958"/>
  <system-out/>
  <testcase classname="AutoTest.ClassifireIsAllRussianTest" name="getTnvedGuidMaxPlus" time="0.991"/>
  <system-out/>
  <testcase classname="AutoTest.ClassifireIsAllRussianTest" name="getOkpdListStepInjection" time="1.067"/>
  <system-out/>
  <testcase classname="AutoTest.ClassifireIsAllRussianTest" name="getOkpdSpaciesIn" time="1.004"/>
  <system-out/>
  <testcase classname="AutoTest.ClassifireIsAllRussianTest" name="getOkpdGuidNegativeNumber" time="1.010"/>
  <system-out/>
  <testcase classname="AutoTest.ClassifireIsAllRussianTest" name="getOkvedGuidNotExist" time="1.085"/>
  <system-out/>
  <testcase classname="AutoTest.ClassifireIsAllRussianTest" name="getOkvedGuidMaxPlus" time="1.109"/>
  <system-out/>
  <testcase classname="AutoTest.ClassifireIsAllRussianTest" name="getTnvedGuid1024letters" time="0.994"/>
  <system-out/>
  <testcase classname="AutoTest.ClassifireIsAllRussianTest" name="getOkvedListStepEqual5" time="2.675"/>
  <system-out/>
  <testcase classname="AutoTest.ClassifireIsAllRussianTest" name="getOkvedListStepMaxPlus" time="0.930"/>
  <system-out/>
  <testcase classname="AutoTest.ClassifireIsAllRussianTest" name="getOkvedListStepDigitAndSpace" time="0.895"/>
  <system-out/>
  <testcase classname="AutoTest.ClassifireIsAllRussianTest" name="getOkpdGuidMaxPlus" time="0.997"/>
  <system-out/>
  <testcase classname="AutoTest.ClassifireIsAllRussianTest" name="getOkvedGuid" time="1.041"/>
  <system-out/>
  <testcase classname="AutoTest.ClassifireIsAllRussianTest" name="getOkvedListStepDigitLatin" time="1.007"/>
  <system-out/>
  <testcase classname="AutoTest.ClassifireIsAllRussianTest" name="getOkvedListStepZero" time="1.014"/>
  <system-out/>
  <testcase classname="AutoTest.ClassifireIsAllRussianTest" name="getOkpdGuidTwoSpacies" time="0.906"/>
  <system-out/>
  <testcase classname="AutoTest.ClassifireIsAllRussianTest" name="getOkpdListStepZero" time="1.007"/>
  <system-out/>
  <testcase classname="AutoTest.ClassifireIsAllRussianTest" name="getOkvedList" time="1.389"/>
  <system-out/>
  <testcase classname="AutoTest.ClassifireIsAllRussianTest" name="getTnvedListStepSelect" time="1.000"/>
  <system-out/>
  <testcase classname="AutoTest.ClassifireIsAllRussianTest" name="getOkpdListStepMaxPlus" time="1.130"/>
  <system-out/>
  <testcase classname="AutoTest.ClassifireIsAllRussianTest" name="getOkvedGuid1024letters" time="1.195"/>
  <system-out/>
  <testcase classname="AutoTest.ClassifireIsAllRussianTest" name="getOkvedListStepEqual199" time="1.048"/>
  <system-out/>
  <testcase classname="AutoTest.ClassifireIsAllRussianTest" name="getTnvedSpaciesIn" time="0.924"/>
  <system-out/>
  <testcase classname="AutoTest.ClassifireIsAllRussianTest" name="getTnvedListStepEqual199" time="1.146"/>
  <system-out/>
  <testcase classname="AutoTest.ClassifireIsAllRussianTest" name="getOkpdGuid1024letters" time="0.947"/>
  <system-out/>
  <testcase classname="AutoTest.ClassifireIsAllRussianTest" name="getOkpdList" time="1.542"/>
  <system-out/>
  <testcase classname="AutoTest.ClassifireIsAllRussianTest" name="getOkpdGuidInjection" time="0.987"/>
  <system-out/>
  <testcase classname="AutoTest.ClassifireIsAllRussianTest" name="getOkvedGuidNegativeNumber" time="0.920"/>
  <system-out/>
  <testcase classname="AutoTest.ClassifireIsAllRussianTest" name="getTnvedListStepEqual5" time="0.770"/>
  <system-out/>
  <testcase classname="AutoTest.ClassifireIsAllRussianTest" name="getOkpdListStepEqual6" time="0.903"/>
  <system-out/>
  <testcase classname="AutoTest.ClassifireIsAllRussianTest" name="getOkvedListStepEqual6" time="2.055"/>
  <system-out/>
  <testcase classname="AutoTest.ClassifireIsAllRussianTest" name="getOkpdListStepSpecialSymbol" time="0.992"/>
  <system-out/>
  <testcase classname="AutoTest.ClassifireIsAllRussianTest" name="getOkvedListStepIsEmpty" time="1.464"/>
  <system-out/>
  <testcase classname="AutoTest.ClassifireIsAllRussianTest" name="getTnvedListStepSpecialSymbol" time="1.027"/>
  <system-out/>
  <testcase classname="AutoTest.ClassifireIsAllRussianTest" name="getOkvedGuidInjection" time="0.986"/>
  <system-out/>
  <testcase classname="AutoTest.ClassifireIsAllRussianTest" name="getOkpdGuidCombination" time="0.982"/>
  <system-out/>
  <testcase classname="AutoTest.ClassifireIsAllRussianTest" name="getOkpdListStepDigitAndSpace" time="0.972"/>
  <system-out/>
  <testcase classname="AutoTest.ClassifireIsAllRussianTest" name="getOkpdListStepDigitLatin" time="1.005"/>
  <system-out/>
  <testcase classname="AutoTest.ClassifireIsAllRussianTest" name="getOkpdListStepNegativeNumber" time="0.900"/>
  <system-out/>
  <testcase classname="AutoTest.ClassifireIsAllRussianTest" name="getTnvedListStepSpaces" time="0.982"/>
  <system-out/>
  <testcase classname="AutoTest.ClassifireIsAllRussianTest" name="getOkvedListStepTwoSpacesAndDigit" time="0.792"/>
  <system-out/>
  <testcase classname="AutoTest.ClassifireIsAllRussianTest" name="getTnvedGuid" time="0.914"/>
  <system-out/>
  <testcase classname="AutoTest.ClassifireIsAllRussianTest" name="getOkpdListStepSpaces" time="0.990"/>
  <system-out/>
  <testcase classname="AutoTest.ClassifireIsAllRussianTest" name="getOkvedListStepEqual100" time="1.178"/>
  <system-out/>
  <testcase classname="AutoTest.ClassifireIsAllRussianTest" name="getOkvedGuidTwoSpacies" time="0.925"/>
  <system-out/>
  <testcase classname="AutoTest.ClassifireIsAllRussianTest" name="getOkvedListStepMinMinus" time="1.041"/>
  <system-out/>
  <testcase classname="AutoTest.ClassifireIsAllRussianTest" name="getTnvedListStepDigitLatin" time="0.992"/>
  <system-out/>
  <testcase classname="AutoTest.ClassifireIsAllRussianTest" name="getTnvedListStepIsEmpty" time="1.589"/>
  <system-out/>
  <testcase classname="AutoTest.ClassifireIsAllRussianTest" name="getTnvedListStepMin" time="1.176"/>
  <system-out/>
  <testcase classname="AutoTest.ClassifireIsAllRussianTest" name="getOkpdListStepMaxInteger" time="0.705"/>
  <system-out/>
</testsuite> <!-- AutoTest.ClassifireIsAllRussianTest -->
