<?xml version="1.0" encoding="UTF-8"?>
<!-- Generated by org.testng.reporters.JUnitReportReporter -->
<testsuite hostname="DESKTOP-EKIHJ54" failures="0" tests="93" name="AutoTest.ClassifierTest" time="94.922" errors="0" timestamp="2023-10-30T13:00:31 MSK" skipped="0">
  <testcase classname="AutoTest.ClassifierTest" name="getUnifiedClassifierListStepEqual6" time="1.104"/>
  <system-out/>
  <testcase classname="AutoTest.ClassifierTest" name="getUnitsGuidMaxPlus" time="0.965"/>
  <system-out/>
  <testcase classname="AutoTest.ClassifierTest" name="getEopListStep1024" time="1.035"/>
  <system-out/>
  <testcase classname="AutoTest.ClassifierTest" name="getUnifiedClassifierListStepMaxPlus" time="1.038"/>
  <system-out/>
  <testcase classname="AutoTest.ClassifierTest" name="getEopGuidInjection" time="1.039"/>
  <system-out/>
  <testcase classname="AutoTest.ClassifierTest" name="getEopGuidNegativeNumber" time="1.028"/>
  <system-out/>
  <testcase classname="AutoTest.ClassifierTest" name="getEopListStepTwoSpacesAndDigit" time="1.046"/>
  <system-out/>
  <testcase classname="AutoTest.ClassifierTest" name="getUnitsListStepZero" time="1.013"/>
  <system-out/>
  <testcase classname="AutoTest.ClassifierTest" name="getUnifiedClassifierListStepTwoSpacesAndDigit" time="0.977"/>
  <system-out/>
  <testcase classname="AutoTest.ClassifierTest" name="getEopGuidCombination" time="0.978"/>
  <system-out/>
  <testcase classname="AutoTest.ClassifierTest" name="getEopListStepEqual6" time="0.947"/>
  <system-out/>
  <testcase classname="AutoTest.ClassifierTest" name="getEopListStepEqual199" time="1.119"/>
  <system-out/>
  <testcase classname="AutoTest.ClassifierTest" name="getUnifiedClassifierListStepEqual100" time="1.216"/>
  <system-out/>
  <testcase classname="AutoTest.ClassifierTest" name="getUnitsGuid" time="1.030"/>
  <system-out/>
  <testcase classname="AutoTest.ClassifierTest" name="getUnitsListStepIsEmpty" time="1.087"/>
  <system-out/>
  <testcase classname="AutoTest.ClassifierTest" name="getUnifiedClassifierGuidInjection" time="0.990"/>
  <system-out/>
  <testcase classname="AutoTest.ClassifierTest" name="getEopList" time="1.964"/>
  <system-out/>
  <testcase classname="AutoTest.ClassifierTest" name="getUnifiedClassifierListStepMaxInteger" time="0.486"/>
  <system-out/>
  <testcase classname="AutoTest.ClassifierTest" name="getUnitsListStepDigitLatin" time="1.022"/>
  <system-out/>
  <testcase classname="AutoTest.ClassifierTest" name="getUnifiedClassifierGuidMaxPlus" time="1.009"/>
  <system-out/>
  <testcase classname="AutoTest.ClassifierTest" name="getUnitsGuidInjection" time="1.042"/>
  <system-out/>
  <testcase classname="AutoTest.ClassifierTest" name="getUnifiedClassifierGuidMaxMinus" time="1.003"/>
  <system-out/>
  <testcase classname="AutoTest.ClassifierTest" name="getUnitsListStepSpecialSymbol" time="0.998"/>
  <system-out/>
  <testcase classname="AutoTest.ClassifierTest" name="getUnifiedClassifierGuidSelect" time="1.113"/>
  <system-out/>
  <testcase classname="AutoTest.ClassifierTest" name="getUnifiedClassifierListStepDigitAndSpace" time="0.962"/>
  <system-out/>
  <testcase classname="AutoTest.ClassifierTest" name="getEopListStepEqual100" time="1.188"/>
  <system-out/>
  <testcase classname="AutoTest.ClassifierTest" name="getUnitsGuidTwoSpacies" time="0.999"/>
  <system-out/>
  <testcase classname="AutoTest.ClassifierTest" name="getEopListStepSpecialSymbol" time="0.995"/>
  <system-out/>
  <testcase classname="AutoTest.ClassifierTest" name="getUnitsListStepEqual5" time="0.943"/>
  <system-out/>
  <testcase classname="AutoTest.ClassifierTest" name="getUnifiedClassifierListStepInjection" time="0.934"/>
  <system-out/>
  <testcase classname="AutoTest.ClassifierTest" name="getEopListStepMinMinus" time="1.052"/>
  <system-out/>
  <testcase classname="AutoTest.ClassifierTest" name="getUnitsGuidMaxMinus" time="0.965"/>
  <system-out/>
  <testcase classname="AutoTest.ClassifierTest" name="getUnifiedClassifierListStep1024" time="1.222"/>
  <system-out/>
  <testcase classname="AutoTest.ClassifierTest" name="getUnifiedClassifierGuidSpaciesIn" time="0.884"/>
  <system-out/>
  <testcase classname="AutoTest.ClassifierTest" name="getUnifiedClassifierListStepEqual5" time="0.556"/>
  <system-out/>
  <testcase classname="AutoTest.ClassifierTest" name="getUnitsGuidCombination" time="0.972"/>
  <system-out/>
  <testcase classname="AutoTest.ClassifierTest" name="getEopListStepIsEmpty" time="1.293"/>
  <system-out/>
  <testcase classname="AutoTest.ClassifierTest" name="getEopListStepNegativeNumber" time="0.952"/>
  <system-out/>
  <testcase classname="AutoTest.ClassifierTest" name="geUnitsListStepMaxInteger" time="1.008"/>
  <system-out/>
  <testcase classname="AutoTest.ClassifierTest" name="getEopListStepDigitAndSpace" time="1.196"/>
  <system-out/>
  <testcase classname="AutoTest.ClassifierTest" name="getUnifiedClassifierListStepEqual199" time="1.212"/>
  <system-out/>
  <testcase classname="AutoTest.ClassifierTest" name="getUnitsListStepDoubleType" time="1.040"/>
  <system-out/>
  <testcase classname="AutoTest.ClassifierTest" name="getUnitsListStepDigitAndSpace" time="1.012"/>
  <system-out/>
  <testcase classname="AutoTest.ClassifierTest" name="getEopGuidTwoSpacies" time="0.984"/>
  <system-out/>
  <testcase classname="AutoTest.ClassifierTest" name="getUnifiedClassifierListStepDigitLatin" time="1.029"/>
  <system-out/>
  <testcase classname="AutoTest.ClassifierTest" name="getUnitsListStepNegativeNumber" time="0.968"/>
  <system-out/>
  <testcase classname="AutoTest.ClassifierTest" name="getEopListStepSpaces" time="1.002"/>
  <system-out/>
  <testcase classname="AutoTest.ClassifierTest" name="getUnifiedClassifierGuidNotExist" time="1.033"/>
  <system-out/>
  <testcase classname="AutoTest.ClassifierTest" name="getUnifiedClassifierList" time="1.784"/>
  <system-out/>
  <testcase classname="AutoTest.ClassifierTest" name="getEopListStepDoubleType" time="1.005"/>
  <system-out/>
  <testcase classname="AutoTest.ClassifierTest" name="getEopGuidNotExist" time="0.977"/>
  <system-out/>
  <testcase classname="AutoTest.ClassifierTest" name="getEopListStepEqual5" time="0.751"/>
  <system-out/>
  <testcase classname="AutoTest.ClassifierTest" name="getUnifiedClassifierListStepZero" time="0.955"/>
  <system-out/>
  <testcase classname="AutoTest.ClassifierTest" name="getEopGuidSelect" time="0.981"/>
  <system-out/>
  <testcase classname="AutoTest.ClassifierTest" name="getUnifiedClassifierGuidCombination" time="1.003"/>
  <system-out/>
  <testcase classname="AutoTest.ClassifierTest" name="getEopGuid" time="1.037"/>
  <system-out/>
  <testcase classname="AutoTest.ClassifierTest" name="getUnitsGuidNotExist" time="0.949"/>
  <system-out/>
  <testcase classname="AutoTest.ClassifierTest" name="getUnitsGuidNegativeNumber" time="1.033"/>
  <system-out/>
  <testcase classname="AutoTest.ClassifierTest" name="getUnifiedClassifierListStepSelect" time="0.991"/>
  <system-out/>
  <testcase classname="AutoTest.ClassifierTest" name="getEopListStepMaxInteger" time="0.702"/>
  <system-out/>
  <testcase classname="AutoTest.ClassifierTest" name="getUnitsListStep1024" time="0.955"/>
  <system-out/>
  <testcase classname="AutoTest.ClassifierTest" name="getUnitsListStepInjection" time="0.977"/>
  <system-out/>
  <testcase classname="AutoTest.ClassifierTest" name="getUnitsGuid1024letters" time="1.025"/>
  <system-out/>
  <testcase classname="AutoTest.ClassifierTest" name="getUnitsListStepMinMinus" time="1.039"/>
  <system-out/>
  <testcase classname="AutoTest.ClassifierTest" name="getEopGuidMaxMinus" time="0.967"/>
  <system-out/>
  <testcase classname="AutoTest.ClassifierTest" name="getUnifiedClassifierGuid" time="1.043"/>
  <system-out/>
  <testcase classname="AutoTest.ClassifierTest" name="getEopGuid1024letters" time="0.971"/>
  <system-out/>
  <testcase classname="AutoTest.ClassifierTest" name="getUnifiedClassifierGuid1024letters" time="0.980"/>
  <system-out/>
  <testcase classname="AutoTest.ClassifierTest" name="getUnifiedClassifierListStepSpecialSymbol" time="1.010"/>
  <system-out/>
  <testcase classname="AutoTest.ClassifierTest" name="getEopListStepDigitLatin" time="0.797"/>
  <system-out/>
  <testcase classname="AutoTest.ClassifierTest" name="getUnitsGuidSpaciesIn" time="0.968"/>
  <system-out/>
  <testcase classname="AutoTest.ClassifierTest" name="getEopListStepSelect" time="0.989"/>
  <system-out/>
  <testcase classname="AutoTest.ClassifierTest" name="getEopListStepMaxPlus" time="0.994"/>
  <system-out/>
  <testcase classname="AutoTest.ClassifierTest" name="getEopListStepInjection" time="0.987"/>
  <system-out/>
  <testcase classname="AutoTest.ClassifierTest" name="getUnitsListStepEqual199" time="1.014"/>
  <system-out/>
  <testcase classname="AutoTest.ClassifierTest" name="getEopListStepZero" time="0.969"/>
  <system-out/>
  <testcase classname="AutoTest.ClassifierTest" name="getUnitsListStepSpaces" time="1.042"/>
  <system-out/>
  <testcase classname="AutoTest.ClassifierTest" name="getUnitsList" time="1.075"/>
  <system-out/>
  <testcase classname="AutoTest.ClassifierTest" name="getUnitsListStepMaxPlus" time="0.917"/>
  <system-out/>
  <testcase classname="AutoTest.ClassifierTest" name="getUnitsListStepTwoSpacesAndDigit" time="0.989"/>
  <system-out/>
  <testcase classname="AutoTest.ClassifierTest" name="getUnifiedClassifierListStepDoubleType" time="1.002"/>
  <system-out/>
  <testcase classname="AutoTest.ClassifierTest" name="getEopGuidMaxPlus" time="1.000"/>
  <system-out/>
  <testcase classname="AutoTest.ClassifierTest" name="getUnifiedClassifierListStepMinMinus" time="0.980"/>
  <system-out/>
  <testcase classname="AutoTest.ClassifierTest" name="getEopGuidSpaciesIn" time="1.015"/>
  <system-out/>
  <testcase classname="AutoTest.ClassifierTest" name="getUnifiedClassifierListStepIsEmpty" time="1.455"/>
  <system-out/>
  <testcase classname="AutoTest.ClassifierTest" name="getUnifiedClassifierGuidTwoSpacies" time="1.005"/>
  <system-out/>
  <testcase classname="AutoTest.ClassifierTest" name="getUnifiedClassifierGuidNegativeNumber" time="0.953"/>
  <system-out/>
  <testcase classname="AutoTest.ClassifierTest" name="getUnitsListStepSelect" time="0.942"/>
  <system-out/>
  <testcase classname="AutoTest.ClassifierTest" name="getUnitsListStepEqual6" time="0.958"/>
  <system-out/>
  <testcase classname="AutoTest.ClassifierTest" name="getUnifiedClassifierListStepSpaces" time="1.058"/>
  <system-out/>
  <testcase classname="AutoTest.ClassifierTest" name="getUnitsListStepEqual100" time="1.023"/>
  <system-out/>
  <testcase classname="AutoTest.ClassifierTest" name="getUnitsGuidSelect" time="1.038"/>
  <system-out/>
  <testcase classname="AutoTest.ClassifierTest" name="getUnifiedClassifierListStepNegativeNumber" time="0.967"/>
  <system-out/>
</testsuite> <!-- AutoTest.ClassifierTest -->
